 ******************************************************************************
                             WELCOME TO PROFESS                   
            (PRinceton Orbital-Free Electronic Structure Software) 
 ******************************************************************************

 ------------------------------------------------------------------------------
                           READ GEOMETRY
 Cell length (Bohr)    5.072E+00   5.072E+00   5.072E+00
 Angle     (Degree)    9.000E+01   9.000E+01   9.000E+01
 Volume    (Bohr^3)    1.305E+02

 ------------------------------------------------------------------------------
                           READ PSEUDOPOTENTIAL
 Total electron number in ReadPseudo is    1.0000000000000000     
 (System) Machine Precision              :    2.2204460492503131E-016

 ------------------------------------------------------------------------------
                           SETUP FFT
 Global FFT Dimension :    14   14   14
 Rank/Size in Global Communicator     :            0 /           1
 Rank/Size in Global FFT Communicator :            0 /           1
 Parallel FFT, totX    =    14
 Parallel FFT, totY    =    14
 Parallel FFT, locZ    =    14
 Parallel FFT, locZoff =     0
 Dimension of rho for this processor : 
 xmin, xmax :            0          13
 ymin, ymax :            0          13
 zmin, zmax :            0          13
 Total electron number =    1.0000000000000000     
 Uniform rhoR =    7.6634159868354691E-003
 (GB INFO) FFT size      :       14      14      14
 (GB INFO) FFT offset    :        0
 (GB INFO) FFT G size    :        8      14      14
 (GB INFO) FFT G offset  :        0

 ------------------------------------------------------------------------------
                           SETUP KEDF
 kinetic energy density functional number is            4
 ( 1=TF, 2=VW, 3=TF+VW, 4=WT,  5=WGC,  
   7=LQ, 8=HQ, 10=CAT,  11=HC, 12=WGCD,
   15=GGA, 16=WGCD+GGA, 17=EVT, 18=EVC )
 qTable dimension:     8   14   14
 Coefficient for TF KEDF is     1.0000
 Coefficient for VW KEDF is     1.0000
 Coefficient for alpha in WT KEDF is     0.8333
 Coefficient for beta  in WT KEDF is     0.8333
 rho0 (Electron/Bohr^3) in WGC KEDF is     0.0077
 hold0 =  F
  dV of each real space grid is now    4.7554705043612651E-002
 Cell length (Bohr)    5.072E+00   5.072E+00   5.072E+00
 Angle     (Degree)    9.000E+01   9.000E+01   9.000E+01
 Volume    (Bohr^3)    1.305E+02

 ------------------------------------------------------------------------------
                           SETUP EWALD 
 (Ewald) eta                             :   0.8296    
 (Ewald) Real Space Cutoff               :    6.000     (Bohr)
 (Ewald) Reciprocal Cutoff               :    8.052     (1/Bohr)

 ------------------------------------------------------------------------------
                           SETUP PLANE WAVE 
 Read in WT kernel.
 kernel file name  : 11PROFESS_KERNEL.dat          
 KEDF type         :     4
 Fermi vector      :   1.182014212099E+00
 Reference density :  -1.000000000000E+00
 Mesh points       :   200002
 Fermi vector in this cell is    1.2198631978705337     
 Fermi vector from kernel file is    1.1820142120987149     
 First qNorm is    0.0000000000000000     
 size of Wang-Teter kernel in this run is            8          14          14
 Max |G| in this calculation is   1.501917240596E+01
 Max eta used from kernel is   1.231217765417E+01

 ------------------------------------------------------------------------------
                           REFRESH ION POSITIONS
  
 Calculating Ion-Ion Energy ...                   complete.     0.000 s
  
 Calculating Ion-Electron Potential (spline) ... 
 complete.     0.000 s

 ------------------------------------------------------------------------------
                           DENSITY OPTIMIZATION
 Electron number for spin            1  is    1.0000000000000262     
 Cell Volume      :            19.336639 Angstrom^3
 Ion number       :                    1
 Electron number  :             1.000000
 Ion density      :             0.051715 Ion/Angstrom^3
 Electron density :             0.051715 Electron/Angstrom^3
##############################################################################
#                               FINAL ENERGIES                       time    #
##############################################################################
# Thomas-Fermi Kin. Energy =   3.069424057559E+00 eV                 0.000 s #
# Von-Weizsacker Kin. Ener =   2.264260613627E-01 eV                 0.000 s #
# Wang-Teter Kinetic Energ =  -5.361949975824E-02 eV                 0.000 s #
#                                                                            #
#     LDA Exch-Corr Energy =  -4.970736729040E+00 eV                 0.000 s #
#         Coulombic Energy =   1.123233626216E-02 eV                 0.000 s #
#      Ion-Electron Energy =   1.879643960679E+00 eV                 0.000 s #
#           Ion-Ion Energy =  -7.610846542722E+00 eV                 0.000 s #
#                                                                            #
#     TOTAL KINETIC ENERGY =   3.242230619164E+00 eV                         #
#   TOTAL POTENTIAL ENERGY =  -1.069070697482E+01 eV                         #
#             TOTAL ENERGY =  -7.448476355657E+00 eV                         #
##############################################################################
  
 ----------------------------- TIME INFORMATION ------------------------------
    PROFESS      :      0.91s WALL    100.00% (       1 calls)     0.91s/call
    InitPROFESS  :      0.53s WALL     58.10% (       1 calls)     0.53s/call
    KEDFRefresh  :      0.50s WALL     54.50% (       1 calls)     0.50s/call
    IonRefresh   :      0.00s WALL      0.08% (       1 calls)     0.00s/call
    EwaldEnergy  :      0.00s WALL      0.04% (       1 calls)     0.00s/call
    Pot_Ion      :      0.00s WALL      0.02% (      64 calls)     0.00s/call
    Pot_Har      :      0.00s WALL      0.45% (      64 calls)     0.00s/call
    Pot_Exc      :      0.02s WALL      2.29% (      64 calls)     0.00s/call
    Pot_KEDF     :      0.09s WALL      9.74% (      64 calls)     0.00s/call
    VWPotSqrPlus :      0.00s WALL      0.43% (      64 calls)     0.00s/call
    NextGradient :      0.00s WALL      0.02% (       6 calls)     0.00s/call
 -----------------------------------------------------------------------------
 ------------------------------- TOTAL ---------------------------------------
    PROFESS      :      0.91s WALL    100.00% (       1 calls)     0.91s/call
 -----------------------------------------------------------------------------

Run completed on: 08/14/2021 at 19:04:00 
  
