
CommandNotFoundError: Your shell has not been properly configured to use 'conda deactivate'.
To initialize your shell, run

    $ conda init <SHELL_NAME>

Currently supported shells are:
  - bash
  - fish
  - tcsh
  - xonsh
  - zsh
  - powershell

See 'conda init --help' for more information and options.

IMPORTANT: You may need to close and restart your shell after running 'conda init'.



CommandNotFoundError: Your shell has not been properly configured to use 'conda deactivate'.
To initialize your shell, run

    $ conda init <SHELL_NAME>

Currently supported shells are:
  - bash
  - fish
  - tcsh
  - xonsh
  - zsh
  - powershell

See 'conda init --help' for more information and options.

IMPORTANT: You may need to close and restart your shell after running 'conda init'.


WARNING: Total thread number on this node mismatches with hardware availability. This may cause poor performance.
Info: Local MPI proc number: 16,OpenMP thread number: 16,Total thread number: 256,Local thread limit: 28
[WARNING] yaksa: 1 leaked handle pool objects
[WARNING] yaksa: 1 leaked handle pool objects
[WARNING] yaksa: 1 leaked handle pool objects
[WARNING] yaksa: 1 leaked handle pool objects
[WARNING] yaksa: 1 leaked handle pool objects
[WARNING] yaksa: 1 leaked handle pool objects
[WARNING] yaksa: 1 leaked handle pool objects
[WARNING] yaksa: 1 leaked handle pool objects
[WARNING] yaksa: 1 leaked handle pool objects
[WARNING] yaksa: 1 leaked handle pool objects
[WARNING] yaksa: 1 leaked handle pool objects
[WARNING] yaksa: 1 leaked handle pool objects
[WARNING] yaksa: 1 leaked handle pool objects
[WARNING] yaksa: 1 leaked handle pool objects
[WARNING] yaksa: 1 leaked handle pool objects
[WARNING] yaksa: 1 leaked handle pool objects
