 ******************************************************************************
                             WELCOME TO PROFESS                   
            (PRinceton Orbital-Free Electronic Structure Software) 
 ******************************************************************************

 ------------------------------------------------------------------------------
                           READ GEOMETRY
 Cell length (Bohr)    5.806E+00   5.806E+00   9.428E+00
 Angle     (Degree)    9.000E+01   9.000E+01   1.200E+02
 Volume    (Bohr^3)    2.752E+02

 ------------------------------------------------------------------------------
                           READ PSEUDOPOTENTIAL
 Total electron number in ReadPseudo is    4.0000000000000000     
 (System) Machine Precision              :    2.2204460492503131E-016

 ------------------------------------------------------------------------------
                           SETUP FFT
 Global FFT Dimension :    15   15   24
 Rank/Size in Global Communicator     :            0 /           1
 Rank/Size in Global FFT Communicator :            0 /           1
 Parallel FFT, totX    =    15
 Parallel FFT, totY    =    15
 Parallel FFT, locZ    =    24
 Parallel FFT, locZoff =     0
 Dimension of rho for this processor : 
 xmin, xmax :            0          14
 ymin, ymax :            0          14
 zmin, zmax :            0          23
 Total electron number =    4.0000000000000000     
 Uniform rhoR =    1.4535579330800011E-002
 (GB INFO) FFT size      :       15      15      24
 (GB INFO) FFT offset    :        0
 (GB INFO) FFT G size    :        8      15      24
 (GB INFO) FFT G offset  :        0

 ------------------------------------------------------------------------------
                           SETUP KEDF
 kinetic energy density functional number is            4
 ( 1=TF, 2=VW, 3=TF+VW, 4=WT,  5=WGC,  
   7=LQ, 8=HQ, 10=CAT,  11=HC, 12=WGCD,
   15=GGA, 16=WGCD+GGA, 17=EVT, 18=EVC )
 qTable dimension:     8   15   24
 Coefficient for TF KEDF is     1.0000
 Coefficient for VW KEDF is     1.0000
 Coefficient for alpha in WT KEDF is     0.8333
 Coefficient for beta  in WT KEDF is     0.8333
 rho0 (Electron/Bohr^3) in WGC KEDF is     0.0145
 hold0 =  F
  dV of each real space grid is now    5.0960524096288068E-002
 Cell length (Bohr)    5.806E+00   5.806E+00   9.428E+00
 Angle     (Degree)    9.000E+01   9.000E+01   1.200E+02
 Volume    (Bohr^3)    2.752E+02

 ------------------------------------------------------------------------------
                           SETUP EWALD 
 (Ewald) eta                             :   0.7396    
 (Ewald) Real Space Cutoff               :    6.497     (Bohr)
 (Ewald) Reciprocal Cutoff               :    7.576     (1/Bohr)

 ------------------------------------------------------------------------------
                           SETUP PLANE WAVE 
 Read in WT kernel.
 kernel file name  : 8PROFESS_KERNEL.dat           
 KEDF type         :     4
 Fermi vector      :   1.182014212099E+00
 Reference density :  -1.000000000000E+00
 Mesh points       :   200002
 Fermi vector in this cell is    1.5100144766612813     
 Fermi vector from kernel file is    1.1820142120987149     
 First qNorm is    0.0000000000000000     
 size of Wang-Teter kernel in this run is            8          15          24
 Max |G| in this calculation is   1.713281798309E+01
 Max eta used from kernel is   1.134612829737E+01

 ------------------------------------------------------------------------------
                           REFRESH ION POSITIONS
  
 Calculating Ion-Ion Energy ...                   complete.     0.001 s
  
 Calculating Ion-Electron Potential (spline) ... 
 complete.     0.001 s

 ------------------------------------------------------------------------------
                           DENSITY OPTIMIZATION
 Electron number for spin            1  is    3.9999999999995715     
 Cell Volume      :            40.778480 Angstrom^3
 Ion number       :                    2
 Electron number  :             4.000000
 Ion density      :             0.049045 Ion/Angstrom^3
 Electron density :             0.098091 Electron/Angstrom^3
##############################################################################
#                               FINAL ENERGIES                       time    #
##############################################################################
# Thomas-Fermi Kin. Energy =   1.906098249991E+01 eV                 0.000 s #
# Von-Weizsacker Kin. Ener =   2.112805352846E+00 eV                 0.000 s #
# Wang-Teter Kinetic Energ =  -9.691376447706E-01 eV                 0.000 s #
#                                                                            #
#     LDA Exch-Corr Energy =  -2.423177615884E+01 eV                 0.000 s #
#         Coulombic Energy =   1.810091799521E-01 eV                 0.000 s #
#      Ion-Electron Energy =   1.537737569533E+01 eV                 0.000 s #
#           Ion-Ion Energy =  -6.089254422248E+01 eV                 0.000 s #
#                                                                            #
#     TOTAL KINETIC ENERGY =   2.020465020799E+01 eV                         #
#   TOTAL POTENTIAL ENERGY =  -6.956593550603E+01 eV                         #
#             TOTAL ENERGY =  -4.936128529804E+01 eV                         #
##############################################################################
  
 ----------------------------- TIME INFORMATION ------------------------------
    PROFESS      :      0.99s WALL    100.00% (       1 calls)     0.99s/call
    InitPROFESS  :      0.42s WALL     42.09% (       1 calls)     0.42s/call
    KEDFRefresh  :      0.39s WALL     39.93% (       1 calls)     0.39s/call
    IonRefresh   :      0.00s WALL      0.17% (       1 calls)     0.00s/call
    EwaldEnergy  :      0.00s WALL      0.08% (       1 calls)     0.00s/call
    Pot_Ion      :      0.00s WALL      0.05% (      80 calls)     0.00s/call
    Pot_Har      :      0.02s WALL      1.70% (      80 calls)     0.00s/call
    Pot_Exc      :      0.06s WALL      5.61% (      80 calls)     0.00s/call
    Pot_KEDF     :      0.26s WALL     26.41% (      80 calls)     0.00s/call
    VWPotSqrPlus :      0.01s WALL      1.50% (      80 calls)     0.00s/call
    NextGradient :      0.00s WALL      0.05% (       6 calls)     0.00s/call
 -----------------------------------------------------------------------------
 ------------------------------- TOTAL ---------------------------------------
    PROFESS      :      0.99s WALL    100.00% (       1 calls)     0.99s/call
 -----------------------------------------------------------------------------

Run completed on: 08/19/2021 at 16:13:10 
  
