 ******************************************************************************
                             WELCOME TO PROFESS                   
            (PRinceton Orbital-Free Electronic Structure Software) 
 ******************************************************************************

 ------------------------------------------------------------------------------
                           READ GEOMETRY
 Cell length (Bohr)    7.328E+00   7.328E+00   1.208E+01
 Angle     (Degree)    9.000E+01   9.000E+01   1.200E+02
 Volume    (Bohr^3)    5.618E+02

 ------------------------------------------------------------------------------
                           READ PSEUDOPOTENTIAL
 Total electron number in ReadPseudo is    16.000000000000000     
 (System) Machine Precision              :    2.2204460492503131E-016

 ------------------------------------------------------------------------------
                           SETUP FFT
 Global FFT Dimension :    36   36   60
 Dimension of rho for this processor : 
 xmin, xmax :            0          35
 ymin, ymax :            0          35
 zmin, zmax :            0          59
 Total electron number =    16.000000000000000     
 Uniform rhoR =    2.8482045511701658E-002
 (GB INFO) FFT size      :       36      36      60
 (GB INFO) FFT offset    :        0
 (GB INFO) FFT G size    :       19      36      60
 (GB INFO) FFT G offset  :        0

 ------------------------------------------------------------------------------
                           SETUP KEDF
 kinetic energy density functional number is           11
 ( 1=TF, 2=VW, 3=TF+VW, 4=WT,  5=WGC,  
   7=LQ, 8=HQ, 10=CAT,  11=HC, 12=WGCD,
   15=GGA, 16=WGCD+GGA, 17=EVT, 18=EVC )
 qTable dimension:    19   36   60
 rhoS=   2.8482045511701658E-002
 rho0=   2.8482045511701658E-002
 coefficients for TF KEDF is     1.000000
 coefficients for VW KEDF is     1.000000
 Lambda in HC10 is set to     0.010000
 ALPHA  in HC10 is set to     1.875667
 BETA   in HC10 is set to     0.791000
 Sum of alpha and beta is     2.666667
  dV of each real space grid is now    7.2242464744286831E-003
 Cell length (Bohr)    7.328E+00   7.328E+00   1.208E+01
 Angle     (Degree)    9.000E+01   9.000E+01   1.200E+02
 Volume    (Bohr^3)    5.618E+02

 ------------------------------------------------------------------------------
                           SETUP EWALD 
 (Ewald) eta                             :    1.200    
 (Ewald) Real Space Cutoff               :    6.000     (Bohr)
 (Ewald) Reciprocal Cutoff               :    15.01     (1/Bohr)

 ------------------------------------------------------------------------------
                           SETUP PLANE WAVE 

 ------------------------------------------------------------------------------
                           REFRESH ION POSITIONS
  
 Calculating Ion-Ion Energy ...                   complete.     0.019 s
  
 Calculating Ion-Electron Potential (spline) ... 
 complete.     0.054 s

 ------------------------------------------------------------------------------
                           DENSITY OPTIMIZATION
 Electron number for spin            1  is    16.000000000014168     
 Cell Volume      :            83.243858 Angstrom^3
 Ion number       :                    4
 Electron number  :            16.000000
 Ion density      :             0.048052 Ion/Angstrom^3
 Electron density :             0.192206 Electron/Angstrom^3
##############################################################################
#                               FINAL ENERGIES                       time    #
##############################################################################
# Thomas-Fermi Kin. Energy =   1.596313442866E+02 eV                 0.000 s #
# Von-Weizsacker Kin. Ener =   5.261208903693E+01 eV                 0.000 s #
#                                                                            #
# GGA(PBE) Exch-Cor Energy =  -1.337466897939E+02 eV                 0.000 s #
#         Coulombic Energy =   4.482857023949E+01 eV                 0.000 s #
#      Ion-Electron Energy =  -9.683023484084E+01 eV                 0.000 s #
#           Ion-Ion Energy =  -4.704320889674E+02 eV                 0.000 s #
#                                                                            #
#     TOTAL KINETIC ENERGY =   1.703645816384E+02 eV                         #
#   TOTAL POTENTIAL ENERGY =  -6.561804433627E+02 eV                         #
#             TOTAL ENERGY =  -4.858158617243E+02 eV                         #
##############################################################################
  
 ----------------------------- TIME INFORMATION ------------------------------
    PROFESS      :   3973.17s WALL    100.00% (       1 calls)  3973.17s/call
    InitPROFESS  :      0.15s WALL      0.00% (       1 calls)     0.15s/call
    KEDFRefresh  :      0.00s WALL      0.00% (       1 calls)     0.00s/call
    IonRefresh   :      0.08s WALL      0.00% (       1 calls)     0.08s/call
    EwaldEnergy  :      0.02s WALL      0.00% (       1 calls)     0.02s/call
    ForwFFT_3D   :    770.87s WALL     19.40% (   65119 calls)     0.01s/call
    BackFFT_3D   :    391.81s WALL      9.86% (   43237 calls)     0.01s/call
    Pot_Ion      :      3.19s WALL      0.08% (    1124 calls)     0.00s/call
    Pot_Har      :     28.65s WALL      0.72% (    1124 calls)     0.03s/call
    Pot_Exc      :    552.65s WALL     13.91% (    1124 calls)     0.49s/call
    PBEPot       :    548.54s WALL     13.81% (    1124 calls)     0.49s/call
    Pot_KEDF     :   3342.19s WALL     84.12% (    1124 calls)     2.97s/call
    intPot       :   3274.25s WALL     82.41% (    1124 calls)     2.91s/call
    MakeXiG      :     24.72s WALL      0.62% (    1124 calls)     0.02s/call
    intPot1      :    911.56s WALL     22.94% (   13188 calls)     0.07s/call
    MakeHC10Kern :    111.35s WALL      2.80% (   14312 calls)     0.01s/call
    intPot2      :    626.81s WALL     15.78% (   13188 calls)     0.05s/call
    intPot3      :   1052.32s WALL     26.49% (   13188 calls)     0.08s/call
    intPot4      :    393.04s WALL      9.89% (   13188 calls)     0.03s/call
    VWPotSqrPlus :     25.28s WALL      0.64% (    1124 calls)     0.02s/call
    NextGradient :      2.23s WALL      0.06% (     100 calls)     0.02s/call
 -----------------------------------------------------------------------------
 ------------------------------- TOTAL ---------------------------------------
    PROFESS      :   3973.17s WALL    100.00% (       1 calls)  3973.17s/call
 -----------------------------------------------------------------------------

Run completed on: 07/31/2024 at 11:19:36 
  
