 ******************************************************************************
                             WELCOME TO PROFESS                   
            (PRinceton Orbital-Free Electronic Structure Software) 
 ******************************************************************************

 ------------------------------------------------------------------------------
                           READ GEOMETRY
 Cell length (Bohr)    8.181E+00   8.181E+00   8.181E+00
 Angle     (Degree)    6.000E+01   6.000E+01   6.000E+01
 Volume    (Bohr^3)    3.872E+02

 ------------------------------------------------------------------------------
                           READ PSEUDOPOTENTIAL
 Total electron number in ReadPseudo is    8.0000000000000000     
 (System) Machine Precision              :    2.2204460492503131E-016

 ------------------------------------------------------------------------------
                           SETUP FFT
 Global FFT Dimension :    40   40   40
 Dimension of rho for this processor : 
 xmin, xmax :            0          39
 ymin, ymax :            0          39
 zmin, zmax :            0          39
 Total electron number =    8.0000000000000000     
 Uniform rhoR =    2.0659632665253922E-002
 (GB INFO) FFT size      :       40      40      40
 (GB INFO) FFT offset    :        0
 (GB INFO) FFT G size    :       21      40      40
 (GB INFO) FFT G offset  :        0

 ------------------------------------------------------------------------------
                           SETUP KEDF
 kinetic energy density functional number is           11
 ( 1=TF, 2=VW, 3=TF+VW, 4=WT,  5=WGC,  
   7=LQ, 8=HQ, 10=CAT,  11=HC, 12=WGCD,
   15=GGA, 16=WGCD+GGA, 17=EVT, 18=EVC )
 qTable dimension:    21   40   40
 rhoS=   2.0659632665253922E-002
 rho0=   2.0659632665253922E-002
 coefficients for TF KEDF is     1.000000
 coefficients for VW KEDF is     1.000000
 Lambda in HC10 is set to     0.010000
 ALPHA  in HC10 is set to     1.946667
 BETA   in HC10 is set to     0.720000
 Sum of alpha and beta is     2.666667
  dV of each real space grid is now    6.0504463958949897E-003
 Cell length (Bohr)    8.181E+00   8.181E+00   8.181E+00
 Angle     (Degree)    6.000E+01   6.000E+01   6.000E+01
 Volume    (Bohr^3)    3.872E+02

 ------------------------------------------------------------------------------
                           SETUP EWALD 
 (Ewald) eta                             :    1.200    
 (Ewald) Real Space Cutoff               :    6.000     (Bohr)
 (Ewald) Reciprocal Cutoff               :    14.98     (1/Bohr)

 ------------------------------------------------------------------------------
                           SETUP PLANE WAVE 

 ------------------------------------------------------------------------------
                           REFRESH ION POSITIONS
  
 Calculating Ion-Ion Energy ...                   complete.     0.030 s
  
 Calculating Ion-Electron Potential (spline) ... 
 complete.     0.034 s

 ------------------------------------------------------------------------------
                           DENSITY OPTIMIZATION
 Electron number for spin            1  is    7.9999999999923910     
 Cell Volume      :            57.381353 Angstrom^3
 Ion number       :                    2
 Electron number  :             8.000000
 Ion density      :             0.034855 Ion/Angstrom^3
 Electron density :             0.139418 Electron/Angstrom^3
##############################################################################
#                               FINAL ENERGIES                       time    #
##############################################################################
# Thomas-Fermi Kin. Energy =   6.045846848568E+01 eV                 0.000 s #
# Von-Weizsacker Kin. Ener =   2.005207838774E+01 eV                 0.000 s #
#                                                                            #
# GGA(PBE) Exch-Cor Energy =  -5.918913228998E+01 eV                 0.000 s #
#         Coulombic Energy =   1.430077606009E+01 eV                 0.000 s #
#      Ion-Electron Energy =  -1.680140738173E+01 eV                 0.000 s #
#           Ion-Ion Energy =  -2.115992199356E+02 eV                 0.000 s #
#                                                                            #
#     TOTAL KINETIC ENERGY =   6.568548274014E+01 eV                         #
#   TOTAL POTENTIAL ENERGY =  -2.732889835472E+02 eV                         #
#             TOTAL ENERGY =  -2.076035008071E+02 eV                         #
##############################################################################
  
 ----------------------------- TIME INFORMATION ------------------------------
    PROFESS      :   2539.65s WALL    100.00% (       1 calls)  2539.65s/call
    InitPROFESS  :      0.16s WALL      0.01% (       1 calls)     0.16s/call
    KEDFRefresh  :      0.00s WALL      0.00% (       1 calls)     0.00s/call
    IonRefresh   :      0.09s WALL      0.00% (       1 calls)     0.09s/call
    EwaldEnergy  :      0.03s WALL      0.00% (       1 calls)     0.03s/call
    ForwFFT_3D   :    450.08s WALL     17.72% (   53371 calls)     0.01s/call
    BackFFT_3D   :    228.98s WALL      9.02% (   34549 calls)     0.01s/call
    Pot_Ion      :      2.14s WALL      0.08% (     828 calls)     0.00s/call
    Pot_Har      :     15.94s WALL      0.63% (     828 calls)     0.02s/call
    Pot_Exc      :    300.65s WALL     11.84% (     828 calls)     0.36s/call
    PBEPot       :    298.06s WALL     11.74% (     828 calls)     0.36s/call
    Pot_KEDF     :   2193.23s WALL     86.36% (     828 calls)     2.65s/call
    intPot       :   2156.12s WALL     84.90% (     828 calls)     2.60s/call
    MakeXiG      :     13.72s WALL      0.54% (     828 calls)     0.02s/call
    VWPotSqrPlus :     13.66s WALL      0.54% (     828 calls)     0.02s/call
    intPot1      :    595.61s WALL     23.45% (   11065 calls)     0.05s/call
    MakeHC10Kern :     58.91s WALL      2.32% (   11892 calls)     0.00s/call
    intPot2      :    443.64s WALL     17.47% (   11065 calls)     0.04s/call
    intPot3      :    673.23s WALL     26.51% (   11065 calls)     0.06s/call
    intPot4      :    275.93s WALL     10.87% (   11065 calls)     0.02s/call
    NextGradient :      1.38s WALL      0.05% (      77 calls)     0.02s/call
 -----------------------------------------------------------------------------
 ------------------------------- TOTAL ---------------------------------------
    PROFESS      :   2539.65s WALL    100.00% (       1 calls)  2539.65s/call
 -----------------------------------------------------------------------------

Run completed on: 07/31/2024 at 10:50:05 
  
