 ******************************************************************************
                             WELCOME TO PROFESS                   
            (PRinceton Orbital-Free Electronic Structure Software) 
 ******************************************************************************

 ------------------------------------------------------------------------------
                           READ GEOMETRY
 Cell length (Bohr)    5.701E+00   5.701E+00   5.701E+00
 Angle     (Degree)    9.000E+01   9.000E+01   9.000E+01
 Volume    (Bohr^3)    1.853E+02

 ------------------------------------------------------------------------------
                           READ PSEUDOPOTENTIAL
 Total electron number in ReadPseudo is    2.0000000000000000     
 (System) Machine Precision              :    2.2204460492503131E-016

 ------------------------------------------------------------------------------
                           SETUP FFT
 Global FFT Dimension :    28   28   28
 Rank/Size in Global Communicator     :            0 /           1
 Rank/Size in Global FFT Communicator :            0 /           1
 Parallel FFT, totX    =    28
 Parallel FFT, totY    =    28
 Parallel FFT, locZ    =    28
 Parallel FFT, locZoff =     0
 Dimension of rho for this processor : 
 xmin, xmax :            0          27
 ymin, ymax :            0          27
 zmin, zmax :            0          27
 Total electron number =    2.0000000000000000     
 Uniform rhoR =    1.0791485833038725E-002
 (GB INFO) FFT size      :       28      28      28
 (GB INFO) FFT offset    :        0
 (GB INFO) FFT G size    :       15      28      28
 (GB INFO) FFT G offset  :        0

 ------------------------------------------------------------------------------
                           SETUP KEDF
 kinetic energy density functional number is            5
 ( 1=TF, 2=VW, 3=TF+VW, 4=WT,  5=WGC,  
   7=LQ, 8=HQ, 10=CAT,  11=HC, 12=WGCD,
   15=GGA, 16=WGCD+GGA, 17=EVT, 18=EVC )
 qTable dimension:    15   28   28
 Coefficient for TF KEDF is     1.0000
 Coefficient for VW KEDF is     1.0000
 Coefficient for alpha in WGC KEDF is     1.2060
 Coefficient for beta  in WGC KEDF is     0.4607
 Coefficient for gamma in WGC KEDF is     2.7000
 rho0 (Electron/Bohr^3) in WGC KEDF is     0.0108
 rhoS (Electron/Bohr^3) in WGC KEDF is     0.0108
 hold0 =  F
 holdS =  F
  dV of each real space grid is now    8.4425697378191309E-003
 Cell length (Bohr)    5.701E+00   5.701E+00   5.701E+00
 Angle     (Degree)    9.000E+01   9.000E+01   9.000E+01
 Volume    (Bohr^3)    1.853E+02

 ------------------------------------------------------------------------------
                           SETUP EWALD 
 (Ewald) eta                             :    1.200    
 (Ewald) Real Space Cutoff               :    6.000     (Bohr)
 (Ewald) Reciprocal Cutoff               :    14.88     (1/Bohr)

 ------------------------------------------------------------------------------
                           SETUP PLANE WAVE 

 ------------------------------------------------------------------------------
                           INITIALIZING WGC KERNEL
 Fermi vector :   0.68365041486015077     
 Reference density :    1.0791485833038725E-002
 Make WGC kernels.
 Dimension of KEDF Kernel :           15          28          28

 ------------------------------------------------------------------------------
                           REFRESH ION POSITIONS
  
 Calculating Ion-Ion Energy ...                   complete.     0.003 s
  
 Calculating Ion-Electron Potential (spline) ... 
 complete.     0.003 s

 ------------------------------------------------------------------------------
                           DENSITY OPTIMIZATION
 Electron number for spin            1  is    2.0000000000000329     
 Cell Volume      :            27.463264 Angstrom^3
 Ion number       :                    1
 Electron number  :             2.000000
 Ion density      :             0.036412 Ion/Angstrom^3
 Electron density :             0.072825 Electron/Angstrom^3
##############################################################################
#                               FINAL ENERGIES                       time    #
##############################################################################
# Thomas-Fermi Kin. Energy =   7.824298203637E+00 eV                 0.000 s #
# Von-Weizsacker Kin. Ener =   1.028213904684E+00 eV                 0.000 s #
#       WGC Kinetic Energy =  -3.348224409348E-01 eV                 0.000 s #
#                                                                            #
# GGA(PBE) Exch-Cor Energy =  -1.107850494676E+01 eV                 0.000 s #
#         Coulombic Energy =   6.956129577425E-02 eV                 0.000 s #
#      Ion-Electron Energy =   5.749016501977E+00 eV                 0.000 s #
#           Ion-Ion Energy =  -2.708336189275E+01 eV                 0.000 s #
#                                                                            #
#     TOTAL KINETIC ENERGY =   8.517689667386E+00 eV                         #
#   TOTAL POTENTIAL ENERGY =  -3.234328904176E+01 eV                         #
#             TOTAL ENERGY =  -2.382559937437E+01 eV                         #
##############################################################################
  
 ----------------------------- TIME INFORMATION ------------------------------
    PROFESS      :      4.09s WALL    100.00% (       1 calls)     4.09s/call
    InitPROFESS  :      0.05s WALL      1.14% (       1 calls)     0.05s/call
    KEDFRefresh  :      0.02s WALL      0.53% (       1 calls)     0.02s/call
    IonRefresh   :      0.01s WALL      0.16% (       1 calls)     0.01s/call
    EwaldEnergy  :      0.00s WALL      0.07% (       1 calls)     0.00s/call
    Pot_Ion      :      0.01s WALL      0.13% (     115 calls)     0.00s/call
    Pot_Har      :      0.12s WALL      2.92% (     115 calls)     0.00s/call
    Pot_Exc      :      1.52s WALL     37.30% (     115 calls)     0.01s/call
    PBEPot       :      1.48s WALL     36.11% (     115 calls)     0.01s/call
    Pot_KEDF     :      2.01s WALL     49.12% (     115 calls)     0.02s/call
    WGCPotPlus   :      1.58s WALL     38.56% (     115 calls)     0.01s/call
    VWPotSqrPlus :      0.10s WALL      2.56% (     115 calls)     0.00s/call
    NextGradient :      0.00s WALL      0.06% (       7 calls)     0.00s/call
 -----------------------------------------------------------------------------
 ------------------------------- TOTAL ---------------------------------------
    PROFESS      :      4.09s WALL    100.00% (       1 calls)     4.09s/call
 -----------------------------------------------------------------------------

Run completed on: 05/02/2023 at 14:06:20 
  
