 ******************************************************************************
                             WELCOME TO PROFESS                   
            (PRinceton Orbital-Free Electronic Structure Software) 
 ******************************************************************************

 ------------------------------------------------------------------------------
                           READ GEOMETRY
 Cell length (Bohr)    7.501E+00   7.501E+00   7.501E+00
 Angle     (Degree)    9.000E+01   9.000E+01   9.000E+01
 Volume    (Bohr^3)    4.221E+02

 ------------------------------------------------------------------------------
                           READ PSEUDOPOTENTIAL
 Total electron number in ReadPseudo is    12.000000000000000     
 (System) Machine Precision              :    2.2204460492503131E-016

 ------------------------------------------------------------------------------
                           SETUP FFT
 Global FFT Dimension :    20   20   20
 Rank/Size in Global Communicator     :            0 /           1
 Rank/Size in Global FFT Communicator :            0 /           1
 Parallel FFT, totX    =    20
 Parallel FFT, totY    =    20
 Parallel FFT, locZ    =    20
 Parallel FFT, locZoff =     0
 Dimension of rho for this processor : 
 xmin, xmax :            0          19
 ymin, ymax :            0          19
 zmin, zmax :            0          19
 Total electron number =    12.000000000000000     
 Uniform rhoR =    2.8430529461437141E-002
 (GB INFO) FFT size      :       20      20      20
 (GB INFO) FFT offset    :        0
 (GB INFO) FFT G size    :       11      20      20
 (GB INFO) FFT G offset  :        0

 ------------------------------------------------------------------------------
                           SETUP KEDF
 kinetic energy density functional number is            4
 ( 1=TF, 2=VW, 3=TF+VW, 4=WT,  5=WGC,  
   7=LQ, 8=HQ, 10=CAT,  11=HC, 12=WGCD,
   15=GGA, 16=WGCD+GGA, 17=EVT, 18=EVC )
 qTable dimension:    11   20   20
 Coefficient for TF KEDF is     1.0000
 Coefficient for VW KEDF is     1.0000
 Coefficient for alpha in WT KEDF is     0.8333
 Coefficient for beta  in WT KEDF is     0.8333
 rho0 (Electron/Bohr^3) in WGC KEDF is     0.0284
 hold0 =  F
  dV of each real space grid is now    5.2760185209866861E-002
 Cell length (Bohr)    7.501E+00   7.501E+00   7.501E+00
 Angle     (Degree)    9.000E+01   9.000E+01   9.000E+01
 Volume    (Bohr^3)    4.221E+02

 ------------------------------------------------------------------------------
                           SETUP EWALD 
 (Ewald) eta                             :   0.7449    
 (Ewald) Real Space Cutoff               :    6.688     (Bohr)
 (Ewald) Reciprocal Cutoff               :    7.957     (1/Bohr)

 ------------------------------------------------------------------------------
                           SETUP PLANE WAVE 
 Read in WT kernel.
 kernel file name  : 5PROFESS_KERNEL.dat           
 KEDF type         :     4
 Fermi vector      :   1.182014212099E+00
 Reference density :  -1.000000000000E+00
 Mesh points       :   200002
 Fermi vector in this cell is    1.8884202329421111     
 Fermi vector from kernel file is    1.1820142120987149     
 First qNorm is    0.0000000000000000     
 size of Wang-Teter kernel in this run is           11          20          20
 Max |G| in this calculation is   1.450802837287E+01
 Max eta used from kernel is   7.682627055030E+00

 ------------------------------------------------------------------------------
                           REFRESH ION POSITIONS
  
 Calculating Ion-Ion Energy ...                   complete.     0.001 s
  
 Calculating Ion-Electron Potential (spline) ... 
 complete.     0.001 s

 ------------------------------------------------------------------------------
                           DENSITY OPTIMIZATION
 Electron number for spin            1  is    12.000000000000966     
 Cell Volume      :            62.546022 Angstrom^3
 Ion number       :                    4
 Electron number  :            12.000000
 Ion density      :             0.063953 Ion/Angstrom^3
 Electron density :             0.191859 Electron/Angstrom^3
##############################################################################
#                               FINAL ENERGIES                       time    #
##############################################################################
# Thomas-Fermi Kin. Energy =   8.884102456668E+01 eV                 0.000 s #
# Von-Weizsacker Kin. Ener =   7.240909528901E+00 eV                 0.000 s #
# Wang-Teter Kinetic Energ =  -2.773191368834E+00 eV                 0.000 s #
#                                                                            #
#     LDA Exch-Corr Energy =  -8.879751109371E+01 eV                 0.000 s #
#         Coulombic Energy =   4.570423157064E-01 eV                 0.000 s #
#      Ion-Electron Energy =   6.268732543435E+01 eV                 0.000 s #
#           Ion-Ion Energy =  -2.993762215985E+02 eV                 0.000 s #
#                                                                            #
#     TOTAL KINETIC ENERGY =   9.330874272674E+01 eV                         #
#   TOTAL POTENTIAL ENERGY =  -3.250293649422E+02 eV                         #
#             TOTAL ENERGY =  -2.317206222154E+02 eV                         #
##############################################################################
  
 ----------------------------- TIME INFORMATION ------------------------------
    PROFESS      :      0.55s WALL    100.00% (       1 calls)     0.55s/call
    InitPROFESS  :      0.20s WALL     36.92% (       1 calls)     0.20s/call
    KEDFRefresh  :      0.18s WALL     32.60% (       1 calls)     0.18s/call
    IonRefresh   :      0.00s WALL      0.24% (       1 calls)     0.00s/call
    EwaldEnergy  :      0.00s WALL      0.11% (       1 calls)     0.00s/call
    Pot_Ion      :      0.00s WALL      0.05% (      54 calls)     0.00s/call
    Pot_Har      :      0.01s WALL      1.06% (      54 calls)     0.00s/call
    Pot_Exc      :      0.04s WALL      7.18% (      54 calls)     0.00s/call
    Pot_KEDF     :      0.16s WALL     29.69% (      54 calls)     0.00s/call
    VWPotSqrPlus :      0.01s WALL      0.99% (      54 calls)     0.00s/call
    NextGradient :      0.00s WALL      0.10% (       7 calls)     0.00s/call
 -----------------------------------------------------------------------------
 ------------------------------- TOTAL ---------------------------------------
    PROFESS      :      0.55s WALL    100.00% (       1 calls)     0.55s/call
 -----------------------------------------------------------------------------

Run completed on: 10/12/2021 at 22:21:41 
  
