 ******************************************************************************
                             WELCOME TO PROFESS                   
            (PRinceton Orbital-Free Electronic Structure Software) 
 ******************************************************************************

 ------------------------------------------------------------------------------
                           READ GEOMETRY
 Cell length (Bohr)    5.136E+00   5.136E+00   5.136E+00
 Angle     (Degree)    9.000E+01   9.000E+01   9.000E+01
 Volume    (Bohr^3)    1.355E+02

 ------------------------------------------------------------------------------
                           READ PSEUDOPOTENTIAL
 Total electron number in ReadPseudo is    1.0000000000000000     
 (System) Machine Precision              :    2.2204460492503131E-016

 ------------------------------------------------------------------------------
                           SETUP FFT
 Global FFT Dimension :    14   14   14
 Rank/Size in Global Communicator     :            0 /           1
 Rank/Size in Global FFT Communicator :            0 /           1
 Parallel FFT, totX    =    14
 Parallel FFT, totY    =    14
 Parallel FFT, locZ    =    14
 Parallel FFT, locZoff =     0
 Dimension of rho for this processor : 
 xmin, xmax :            0          13
 ymin, ymax :            0          13
 zmin, zmax :            0          13
 Total electron number =    1.0000000000000000     
 Uniform rhoR =    7.3811871140389536E-003
 (GB INFO) FFT size      :       14      14      14
 (GB INFO) FFT offset    :        0
 (GB INFO) FFT G size    :        8      14      14
 (GB INFO) FFT G offset  :        0

 ------------------------------------------------------------------------------
                           SETUP KEDF
 kinetic energy density functional number is            4
 ( 1=TF, 2=VW, 3=TF+VW, 4=WT,  5=WGC,  
   7=LQ, 8=HQ, 10=CAT,  11=HC, 12=WGCD,
   15=GGA, 16=WGCD+GGA, 17=EVT, 18=EVC )
 qTable dimension:     8   14   14
 Coefficient for TF KEDF is     1.0000
 Coefficient for VW KEDF is     1.0000
 Coefficient for alpha in WT KEDF is     0.8333
 Coefficient for beta  in WT KEDF is     0.8333
 rho0 (Electron/Bohr^3) in WGC KEDF is     0.0074
 hold0 =  F
  dV of each real space grid is now    4.9373018357348100E-002
 Cell length (Bohr)    5.136E+00   5.136E+00   5.136E+00
 Angle     (Degree)    9.000E+01   9.000E+01   9.000E+01
 Volume    (Bohr^3)    1.355E+02

 ------------------------------------------------------------------------------
                           SETUP EWALD 
 (Ewald) eta                             :   0.8190    
 (Ewald) Real Space Cutoff               :    6.000     (Bohr)
 (Ewald) Reciprocal Cutoff               :    7.952     (1/Bohr)

 ------------------------------------------------------------------------------
                           SETUP PLANE WAVE 
 Read in WT kernel.
 kernel file name  : 4PROFESS_KERNEL.dat           
 KEDF type         :     4
 Fermi vector      :   1.182014212099E+00
 Reference density :  -1.000000000000E+00
 Mesh points       :   200002
 Fermi vector in this cell is    1.2047004354709971     
 Fermi vector from kernel file is    1.1820142120987149     
 First qNorm is    0.0000000000000000     
 size of Wang-Teter kernel in this run is            8          14          14
 Max |G| in this calculation is   1.483248578157E+01
 Max eta used from kernel is   1.231217765417E+01

 ------------------------------------------------------------------------------
                           REFRESH ION POSITIONS
  
 Calculating Ion-Ion Energy ...                   complete.     0.000 s
  
 Calculating Ion-Electron Potential (spline) ... 
 complete.     0.000 s

 ------------------------------------------------------------------------------
                           DENSITY OPTIMIZATION
 Electron number for spin            1  is   0.99999999999995914     
 Cell Volume      :            20.076000 Angstrom^3
 Ion number       :                    1
 Electron number  :             1.000000
 Ion density      :             0.049811 Ion/Angstrom^3
 Electron density :             0.049811 Electron/Angstrom^3
##############################################################################
#                               FINAL ENERGIES                       time    #
##############################################################################
# Thomas-Fermi Kin. Energy =   2.995123409550E+00 eV                 0.000 s #
# Von-Weizsacker Kin. Ener =   2.232223465242E-01 eV                 0.000 s #
# Wang-Teter Kinetic Energ =  -6.080633148935E-02 eV                 0.000 s #
#                                                                            #
#     LDA Exch-Corr Energy =  -4.915955685952E+00 eV                 0.000 s #
#         Coulombic Energy =   1.215132328243E-02 eV                 0.000 s #
#      Ion-Electron Energy =   1.809055710770E+00 eV                 0.000 s #
#           Ion-Ion Energy =  -7.516244575888E+00 eV                 0.000 s #
#                                                                            #
#     TOTAL KINETIC ENERGY =   3.157539424585E+00 eV                         #
#   TOTAL POTENTIAL ENERGY =  -1.061099322779E+01 eV                         #
#             TOTAL ENERGY =  -7.453453803203E+00 eV                         #
##############################################################################
  
 ----------------------------- TIME INFORMATION ------------------------------
    PROFESS      :      0.42s WALL    100.00% (       1 calls)     0.42s/call
    InitPROFESS  :      0.26s WALL     60.58% (       1 calls)     0.26s/call
    KEDFRefresh  :      0.24s WALL     56.81% (       1 calls)     0.24s/call
    IonRefresh   :      0.00s WALL      0.20% (       1 calls)     0.00s/call
    EwaldEnergy  :      0.00s WALL      0.09% (       1 calls)     0.00s/call
    Pot_Ion      :      0.00s WALL      0.03% (      63 calls)     0.00s/call
    Pot_Har      :      0.00s WALL      0.71% (      63 calls)     0.00s/call
    Pot_Exc      :      0.02s WALL      4.27% (      63 calls)     0.00s/call
    Pot_KEDF     :      0.07s WALL     17.43% (      63 calls)     0.00s/call
    VWPotSqrPlus :      0.00s WALL      0.66% (      63 calls)     0.00s/call
    NextGradient :      0.00s WALL      0.04% (       6 calls)     0.00s/call
 -----------------------------------------------------------------------------
 ------------------------------- TOTAL ---------------------------------------
    PROFESS      :      0.42s WALL    100.00% (       1 calls)     0.42s/call
 -----------------------------------------------------------------------------

Run completed on: 08/14/2021 at 19:03:53 
  
