 ******************************************************************************
                             WELCOME TO PROFESS                   
            (PRinceton Orbital-Free Electronic Structure Software) 
 ******************************************************************************

 ------------------------------------------------------------------------------
                           READ GEOMETRY
 Cell length (Bohr)    5.782E+00   5.782E+00   5.782E+00
 Angle     (Degree)    6.000E+01   6.000E+01   6.000E+01
 Volume    (Bohr^3)    1.367E+02

 ------------------------------------------------------------------------------
                           READ PSEUDOPOTENTIAL
 Total electron number in ReadPseudo is    1.0000000000000000     
 (System) Machine Precision              :    2.2204460492503131E-016

 ------------------------------------------------------------------------------
                           SETUP FFT
 Global FFT Dimension :    15   15   15
 Rank/Size in Global Communicator     :            0 /           1
 Rank/Size in Global FFT Communicator :            0 /           1
 Parallel FFT, totX    =    15
 Parallel FFT, totY    =    15
 Parallel FFT, locZ    =    15
 Parallel FFT, locZoff =     0
 Dimension of rho for this processor : 
 xmin, xmax :            0          14
 ymin, ymax :            0          14
 zmin, zmax :            0          14
 Total electron number =    1.0000000000000000     
 Uniform rhoR =    7.3148736076453762E-003
 (GB INFO) FFT size      :       15      15      15
 (GB INFO) FFT offset    :        0
 (GB INFO) FFT G size    :        8      15      15
 (GB INFO) FFT G offset  :        0

 ------------------------------------------------------------------------------
                           SETUP KEDF
 kinetic energy density functional number is            4
 ( 1=TF, 2=VW, 3=TF+VW, 4=WT,  5=WGC,  
   7=LQ, 8=HQ, 10=CAT,  11=HC, 12=WGCD,
   15=GGA, 16=WGCD+GGA, 17=EVT, 18=EVC )
 qTable dimension:     8   15   15
 Coefficient for TF KEDF is     1.0000
 Coefficient for VW KEDF is     1.0000
 Coefficient for alpha in WT KEDF is     0.8333
 Coefficient for beta  in WT KEDF is     0.8333
 rho0 (Electron/Bohr^3) in WGC KEDF is     0.0073
 hold0 =  F
  dV of each real space grid is now    4.0506003546884620E-002
 Cell length (Bohr)    5.782E+00   5.782E+00   5.782E+00
 Angle     (Degree)    6.000E+01   6.000E+01   6.000E+01
 Volume    (Bohr^3)    1.367E+02

 ------------------------------------------------------------------------------
                           SETUP EWALD 
 (Ewald) eta                             :   0.7820    
 (Ewald) Real Space Cutoff               :    6.000     (Bohr)
 (Ewald) Reciprocal Cutoff               :    7.606     (1/Bohr)

 ------------------------------------------------------------------------------
                           SETUP PLANE WAVE 
 Fill the 3D Wang-Teter kernel in G space

 ------------------------------------------------------------------------------
                           REFRESH ION POSITIONS
  
 Calculating Ion-Ion Energy ...                   complete.     0.000 s
  
 Calculating Ion-Electron Potential (spline) ... 
 complete.     0.000 s

 ------------------------------------------------------------------------------
                           DENSITY OPTIMIZATION
 Electron number for spin            1  is   0.99999999999994604     
 Cell Volume      :            20.258000 Angstrom^3
 Ion number       :                    1
 Electron number  :             1.000000
 Ion density      :             0.049363 Ion/Angstrom^3
 Electron density :             0.049363 Electron/Angstrom^3
  
 Calculating Ion-Ion Forces ...                complete.     0.000 s
  
 Calculating Ion-Electron Forces (spline) ...  complete.     0.000 s
  
 Calculating Ion-Electron Stress (spline) ...  complete.     0.000 s
  
 Calculating Ion-Ion Stress ...                complete.     0.000 s
  
 ------------------------------------------------------------------------------
                         LATTICE VECTORS (Angstrom)
 LAT 1           0.000000        2.163659        2.163659
 LAT 2           2.163659        0.000000        2.163659
 LAT 3           2.163659        2.163659        0.000000
 ------------------------------------------------------------------------------
                                STRESS (GPa)
 ST_GPa 1        1.205367       -0.000471       -0.000461
 ST_GPa 2       -0.000471        1.205389       -0.000533
 ST_GPa 3       -0.000461       -0.000533        1.205365
  
 --------------------------------------------------
 STRESS (a.u.)
 --------------------------------------------------
 ST_AU  1   4.0969592151E-05  -1.6010266208E-08  -1.5665701953E-08
 ST_AU  2  -1.6010266208E-08   4.0970349525E-05  -1.8117592166E-08
 ST_AU  3  -1.5665701953E-08  -1.8117592166E-08   4.0969528710E-05
; Cell optimization at step  1, max(stress):  0.4097E-04, total energy: -0.27895675    ;
  dV of each real space grid is now    4.0140478360275095E-002
 Cell length (Bohr)    5.771E+00   5.771E+00   5.771E+00
 Angle     (Degree)    5.987E+01   5.987E+01   5.987E+01
 Volume    (Bohr^3)    1.355E+02
  dV of each real space grid is now    4.0140478360275095E-002
 Cell length (Bohr)    5.771E+00   5.771E+00   5.771E+00
 Angle     (Degree)    5.987E+01   5.987E+01   5.987E+01
 Volume    (Bohr^3)    1.355E+02

 ------------------------------------------------------------------------------
                           SETUP EWALD 
 (Ewald) eta                             :   0.7872    
 (Ewald) Real Space Cutoff               :    6.000     (Bohr)
 (Ewald) Reciprocal Cutoff               :    7.622     (1/Bohr)

 ------------------------------------------------------------------------------
                           SETUP PLANE WAVE 
 Fill the 3D Wang-Teter kernel in G space

 ------------------------------------------------------------------------------
                           REFRESH ION POSITIONS
  
 Calculating Ion-Ion Energy ...                   complete.     0.000 s
  
 Calculating Ion-Electron Potential (spline) ... 
 complete.     0.000 s
 Rescale the total density from   0.039778 to          1

 ------------------------------------------------------------------------------
                           DENSITY OPTIMIZATION
 Electron number for spin            1  is   0.99999999999999378     
 Cell Volume      :            20.075192 Angstrom^3
 Ion number       :                    1
 Electron number  :             1.000000
 Ion density      :             0.049813 Ion/Angstrom^3
 Electron density :             0.049813 Electron/Angstrom^3
  
 Calculating Ion-Ion Forces ...                complete.     0.000 s
  
 Calculating Ion-Electron Forces (spline) ...  complete.     0.000 s
  
 Calculating Ion-Electron Stress (spline) ...  complete.     0.000 s
  
 Calculating Ion-Ion Stress ...                complete.     0.000 s
  
 ------------------------------------------------------------------------------
                         LATTICE VECTORS (Angstrom)
 LAT 1           0.004353        2.159310        2.159310
 LAT 2           2.159310        0.004353        2.159310
 LAT 3           2.159310        2.159310        0.004353
 ------------------------------------------------------------------------------
                                STRESS (GPa)
 ST_GPa 1        1.084168        0.025771        0.025779
 ST_GPa 2        0.025771        1.084189        0.025716
 ST_GPa 3        0.025779        0.025716        1.084167
  
 --------------------------------------------------
 STRESS (a.u.)
 --------------------------------------------------
 ST_AU  1   3.6850134696E-05   8.7593606151E-07   8.7620715039E-07
 ST_AU  2   8.7593606151E-07   3.6850849371E-05   8.7407322097E-07
 ST_AU  3   8.7620715039E-07   8.7407322097E-07   3.6850090899E-05
; Cell optimization at step  2, max(stress):  0.3685E-04, total energy: -0.27900443    ;
  dV of each real space grid is now    3.9756538209233305E-002
 Cell length (Bohr)    5.758E+00   5.758E+00   5.758E+00
 Angle     (Degree)    5.973E+01   5.973E+01   5.973E+01
 Volume    (Bohr^3)    1.342E+02
  dV of each real space grid is now    3.9756538209233305E-002
 Cell length (Bohr)    5.758E+00   5.758E+00   5.758E+00
 Angle     (Degree)    5.973E+01   5.973E+01   5.973E+01
 Volume    (Bohr^3)    1.342E+02

 ------------------------------------------------------------------------------
                           SETUP EWALD 
 (Ewald) eta                             :   0.7872    
 (Ewald) Real Space Cutoff               :    6.000     (Bohr)
 (Ewald) Reciprocal Cutoff               :    7.638     (1/Bohr)

 ------------------------------------------------------------------------------
                           SETUP PLANE WAVE 
 Fill the 3D Wang-Teter kernel in G space

 ------------------------------------------------------------------------------
                           REFRESH ION POSITIONS
  
 Calculating Ion-Ion Energy ...                   complete.     0.000 s
  
 Calculating Ion-Electron Potential (spline) ... 
 complete.     0.000 s
 Rescale the total density from   0.039376 to          1

 ------------------------------------------------------------------------------
                           DENSITY OPTIMIZATION
 Electron number for spin            1  is    1.0000000000000024     
 Cell Volume      :            19.883175 Angstrom^3
 Ion number       :                    1
 Electron number  :             1.000000
 Ion density      :             0.050294 Ion/Angstrom^3
 Electron density :             0.050294 Electron/Angstrom^3
  
 Calculating Ion-Ion Forces ...                complete.     0.000 s
  
 Calculating Ion-Electron Forces (spline) ...  complete.     0.000 s
  
 Calculating Ion-Electron Stress (spline) ...  complete.     0.000 s
  
 Calculating Ion-Ion Stress ...                complete.     0.000 s
  
 ------------------------------------------------------------------------------
                         LATTICE VECTORS (Angstrom)
 LAT 1           0.008806        2.154644        2.154645
 LAT 2           2.154644        0.008807        2.154644
 LAT 3           2.154644        2.154643        0.008807
 ------------------------------------------------------------------------------
                                STRESS (GPa)
 ST_GPa 1        0.950953        0.053899        0.053905
 ST_GPa 2        0.053899        0.950972        0.053851
 ST_GPa 3        0.053905        0.053851        0.950952
  
 --------------------------------------------------
 STRESS (a.u.)
 --------------------------------------------------
 ST_AU  1   3.2322230785E-05   1.8319888643E-06   1.8321871018E-06
 ST_AU  2   1.8319888643E-06   3.2322902976E-05   1.8303613689E-06
 ST_AU  3   1.8321871018E-06   1.8303613689E-06   3.2322208014E-05
; Cell optimization at step  3, max(stress):  0.3232E-04, total energy: -0.27904814    ;
  dV of each real space grid is now    3.9366026613267061E-002
 Cell length (Bohr)    5.745E+00   5.745E+00   5.745E+00
 Angle     (Degree)    5.959E+01   5.960E+01   5.959E+01
 Volume    (Bohr^3)    1.329E+02
  dV of each real space grid is now    3.9366026613267061E-002
 Cell length (Bohr)    5.745E+00   5.745E+00   5.745E+00
 Angle     (Degree)    5.959E+01   5.960E+01   5.959E+01
 Volume    (Bohr^3)    1.329E+02

 ------------------------------------------------------------------------------
                           SETUP EWALD 
 (Ewald) eta                             :   0.7872    
 (Ewald) Real Space Cutoff               :    6.000     (Bohr)
 (Ewald) Reciprocal Cutoff               :    7.655     (1/Bohr)

 ------------------------------------------------------------------------------
                           SETUP PLANE WAVE 
 Fill the 3D Wang-Teter kernel in G space

 ------------------------------------------------------------------------------
                           REFRESH ION POSITIONS
  
 Calculating Ion-Ion Energy ...                   complete.     0.000 s
  
 Calculating Ion-Electron Potential (spline) ... 
 complete.     0.000 s
 Rescale the total density from   0.038979 to          1

 ------------------------------------------------------------------------------
                           DENSITY OPTIMIZATION
 Electron number for spin            1  is   0.99999999999999700     
 Cell Volume      :            19.687871 Angstrom^3
 Ion number       :                    1
 Electron number  :             1.000000
 Ion density      :             0.050793 Ion/Angstrom^3
 Electron density :             0.050793 Electron/Angstrom^3
  
 Calculating Ion-Ion Forces ...                complete.     0.000 s
  
 Calculating Ion-Electron Forces (spline) ...  complete.     0.000 s
  
 Calculating Ion-Electron Stress (spline) ...  complete.     0.000 s
  
 Calculating Ion-Ion Stress ...                complete.     0.000 s
  
 ------------------------------------------------------------------------------
                         LATTICE VECTORS (Angstrom)
 LAT 1           0.013153        2.149766        2.149766
 LAT 2           2.149765        0.013154        2.149764
 LAT 3           2.149765        2.149764        0.013154
 ------------------------------------------------------------------------------
                                STRESS (GPa)
 ST_GPa 1        0.809206        0.082598        0.082602
 ST_GPa 2        0.082598        0.809224        0.082557
 ST_GPa 3        0.082602        0.082557        0.809205
  
 --------------------------------------------------
 STRESS (a.u.)
 --------------------------------------------------
 ST_AU  1   2.7504347593E-05   2.8074413950E-06   2.8075720652E-06
 ST_AU  2   2.8074413950E-06   2.7504971946E-05   2.8060389937E-06
 ST_AU  3   2.8075720652E-06   2.8060389937E-06   2.7504334908E-05
; Cell optimization at step  4, max(stress):  0.2750E-04, total energy: -0.27908571    ;
  dV of each real space grid is now    3.8984477958172239E-002
 Cell length (Bohr)    5.732E+00   5.732E+00   5.732E+00
 Angle     (Degree)    5.947E+01   5.947E+01   5.947E+01
 Volume    (Bohr^3)    1.316E+02
  dV of each real space grid is now    3.8984477958172239E-002
 Cell length (Bohr)    5.732E+00   5.732E+00   5.732E+00
 Angle     (Degree)    5.947E+01   5.947E+01   5.947E+01
 Volume    (Bohr^3)    1.316E+02

 ------------------------------------------------------------------------------
                           SETUP EWALD 
 (Ewald) eta                             :   0.7925    
 (Ewald) Real Space Cutoff               :    6.000     (Bohr)
 (Ewald) Reciprocal Cutoff               :    7.673     (1/Bohr)

 ------------------------------------------------------------------------------
                           SETUP PLANE WAVE 
 Fill the 3D Wang-Teter kernel in G space

 ------------------------------------------------------------------------------
                           REFRESH ION POSITIONS
  
 Calculating Ion-Ion Energy ...                   complete.     0.000 s
  
 Calculating Ion-Electron Potential (spline) ... 
 complete.     0.000 s
 Rescale the total density from   0.038607 to          1

 ------------------------------------------------------------------------------
                           DENSITY OPTIMIZATION
 Electron number for spin            1  is   0.99999999999999867     
 Cell Volume      :            19.497049 Angstrom^3
 Ion number       :                    1
 Electron number  :             1.000000
 Ion density      :             0.051290 Ion/Angstrom^3
 Electron density :             0.051290 Electron/Angstrom^3
  
 Calculating Ion-Ion Forces ...                complete.     0.000 s
  
 Calculating Ion-Electron Forces (spline) ...  complete.     0.000 s
  
 Calculating Ion-Electron Stress (spline) ...  complete.     0.000 s
  
 Calculating Ion-Ion Stress ...                complete.     0.000 s
  
 ------------------------------------------------------------------------------
                         LATTICE VECTORS (Angstrom)
 LAT 1           0.017123        2.144818        2.144819
 LAT 2           2.144818        0.017125        2.144817
 LAT 3           2.144818        2.144817        0.017124
 ------------------------------------------------------------------------------
                                STRESS (GPa)
 ST_GPa 1        0.664435        0.110100        0.110102
 ST_GPa 2        0.110100        0.664452        0.110065
 ST_GPa 3        0.110102        0.110065        0.664434
  
 --------------------------------------------------
 STRESS (a.u.)
 --------------------------------------------------
 ST_AU  1   2.2583689095E-05   3.7422160233E-06   3.7422863001E-06
 ST_AU  2   3.7422160233E-06   2.2584253597E-05   3.7410341054E-06
 ST_AU  3   3.7422863001E-06   3.7410341054E-06   2.2583671401E-05
; Cell optimization at step  5, max(stress):  0.2258E-04, total energy: -0.27911556    ;
  dV of each real space grid is now    3.8630036629487906E-002
 Cell length (Bohr)    5.719E+00   5.719E+00   5.719E+00
 Angle     (Degree)    5.937E+01   5.937E+01   5.937E+01
 Volume    (Bohr^3)    1.304E+02
  dV of each real space grid is now    3.8630036629487906E-002
 Cell length (Bohr)    5.719E+00   5.719E+00   5.719E+00
 Angle     (Degree)    5.937E+01   5.937E+01   5.937E+01
 Volume    (Bohr^3)    1.304E+02

 ------------------------------------------------------------------------------
                           SETUP EWALD 
 (Ewald) eta                             :   0.7925    
 (Ewald) Real Space Cutoff               :    6.000     (Bohr)
 (Ewald) Reciprocal Cutoff               :    7.690     (1/Bohr)

 ------------------------------------------------------------------------------
                           SETUP PLANE WAVE 
 Fill the 3D Wang-Teter kernel in G space

 ------------------------------------------------------------------------------
                           REFRESH ION POSITIONS
  
 Calculating Ion-Ion Energy ...                   complete.     0.000 s
  
 Calculating Ion-Electron Potential (spline) ... 
 complete.     0.000 s
 Rescale the total density from   0.038279 to          1

 ------------------------------------------------------------------------------
                           DENSITY OPTIMIZATION
 Electron number for spin            1  is    1.0000000000000000     
 Cell Volume      :            19.319785 Angstrom^3
 Ion number       :                    1
 Electron number  :             1.000000
 Ion density      :             0.051760 Ion/Angstrom^3
 Electron density :             0.051760 Electron/Angstrom^3
  
 Calculating Ion-Ion Forces ...                complete.     0.000 s
  
 Calculating Ion-Electron Forces (spline) ...  complete.     0.000 s
  
 Calculating Ion-Electron Stress (spline) ...  complete.     0.000 s
  
 Calculating Ion-Ion Stress ...                complete.     0.000 s
  
 ------------------------------------------------------------------------------
                         LATTICE VECTORS (Angstrom)
 LAT 1           0.020402        2.139979        2.139979
 LAT 2           2.139978        0.020404        2.139977
 LAT 3           2.139978        2.139976        0.020403
 ------------------------------------------------------------------------------
                                STRESS (GPa)
 ST_GPa 1        0.524046        0.133942        0.133942
 ST_GPa 2        0.133942        0.524061        0.133913
 ST_GPa 3        0.133942        0.133913        0.524045
  
 --------------------------------------------------
 STRESS (a.u.)
 --------------------------------------------------
 ST_AU  1   1.7811960541E-05   4.5525890185E-06   4.5526117072E-06
 ST_AU  2   4.5525890185E-06   1.7812463628E-05   4.5516183016E-06
 ST_AU  3   4.5526117072E-06   4.5516183016E-06   1.7811925134E-05
; Cell optimization at step  6, max(stress):  0.1781E-04, total energy: -0.27913721    ;
  dV of each real space grid is now    3.8320944782463659E-002
 Cell length (Bohr)    5.707E+00   5.707E+00   5.707E+00
 Angle     (Degree)    5.930E+01   5.930E+01   5.930E+01
 Volume    (Bohr^3)    1.293E+02
  dV of each real space grid is now    3.8320944782463659E-002
 Cell length (Bohr)    5.707E+00   5.707E+00   5.707E+00
 Angle     (Degree)    5.930E+01   5.930E+01   5.930E+01
 Volume    (Bohr^3)    1.293E+02

 ------------------------------------------------------------------------------
                           SETUP EWALD 
 (Ewald) eta                             :   0.7925    
 (Ewald) Real Space Cutoff               :    6.000     (Bohr)
 (Ewald) Reciprocal Cutoff               :    7.707     (1/Bohr)

 ------------------------------------------------------------------------------
                           SETUP PLANE WAVE 
 Fill the 3D Wang-Teter kernel in G space

 ------------------------------------------------------------------------------
                           REFRESH ION POSITIONS
  
 Calculating Ion-Ion Energy ...                   complete.     0.000 s
  
 Calculating Ion-Electron Potential (spline) ... 
 complete.     0.000 s
 Rescale the total density from   0.038014 to          1

 ------------------------------------------------------------------------------
                           DENSITY OPTIMIZATION
 Electron number for spin            1  is   0.99999999999999922     
 Cell Volume      :            19.165201 Angstrom^3
 Ion number       :                    1
 Electron number  :             1.000000
 Ion density      :             0.052178 Ion/Angstrom^3
 Electron density :             0.052178 Electron/Angstrom^3
  
 Calculating Ion-Ion Forces ...                complete.     0.000 s
  
 Calculating Ion-Electron Forces (spline) ...  complete.     0.000 s
  
 Calculating Ion-Electron Stress (spline) ...  complete.     0.000 s
  
 Calculating Ion-Ion Stress ...                complete.     0.000 s
  
 ------------------------------------------------------------------------------
                         LATTICE VECTORS (Angstrom)
 LAT 1           0.022674        2.135431        2.135432
 LAT 2           2.135430        0.022676        2.135429
 LAT 3           2.135431        2.135428        0.022675
 ------------------------------------------------------------------------------
                                STRESS (GPa)
 ST_GPa 1        0.396895        0.151482        0.151482
 ST_GPa 2        0.151482        0.396908        0.151460
 ST_GPa 3        0.151482        0.151460        0.396893
  
 --------------------------------------------------
 STRESS (a.u.)
 --------------------------------------------------
 ST_AU  1   1.3490201241E-05   5.1487729564E-06   5.1487602812E-06
 ST_AU  2   5.1487729564E-06   1.3490641190E-05   5.1480075527E-06
 ST_AU  3   5.1487602812E-06   5.1480075527E-06   1.3490137806E-05
; Cell optimization at step  7, max(stress):  0.1349E-04, total energy: -0.27915149    ;
  dV of each real space grid is now    3.8071440863237535E-002
 Cell length (Bohr)    5.696E+00   5.696E+00   5.696E+00
 Angle     (Degree)    5.926E+01   5.926E+01   5.926E+01
 Volume    (Bohr^3)    1.285E+02
  dV of each real space grid is now    3.8071440863237535E-002
 Cell length (Bohr)    5.696E+00   5.696E+00   5.696E+00
 Angle     (Degree)    5.926E+01   5.926E+01   5.926E+01
 Volume    (Bohr^3)    1.285E+02

 ------------------------------------------------------------------------------
                           SETUP EWALD 
 (Ewald) eta                             :   0.7978    
 (Ewald) Real Space Cutoff               :    6.000     (Bohr)
 (Ewald) Reciprocal Cutoff               :    7.721     (1/Bohr)

 ------------------------------------------------------------------------------
                           SETUP PLANE WAVE 
 Fill the 3D Wang-Teter kernel in G space

 ------------------------------------------------------------------------------
                           REFRESH ION POSITIONS
  
 Calculating Ion-Ion Energy ...                   complete.     0.000 s
  
 Calculating Ion-Electron Potential (spline) ... 
 complete.     0.000 s
 Rescale the total density from   0.037824 to          1

 ------------------------------------------------------------------------------
                           DENSITY OPTIMIZATION
 Electron number for spin            1  is    1.0000000000000016     
 Cell Volume      :            19.040418 Angstrom^3
 Ion number       :                    1
 Electron number  :             1.000000
 Ion density      :             0.052520 Ion/Angstrom^3
 Electron density :             0.052520 Electron/Angstrom^3
  
 Calculating Ion-Ion Forces ...                complete.     0.000 s
  
 Calculating Ion-Electron Forces (spline) ...  complete.     0.000 s
  
 Calculating Ion-Electron Stress (spline) ...  complete.     0.000 s
  
 Calculating Ion-Ion Stress ...                complete.     0.000 s
  
 ------------------------------------------------------------------------------
                         LATTICE VECTORS (Angstrom)
 LAT 1           0.023693        2.131327        2.131328
 LAT 2           2.131326        0.023695        2.131324
 LAT 3           2.131326        2.131323        0.023695
 ------------------------------------------------------------------------------
                                STRESS (GPa)
 ST_GPa 1        0.290921        0.160372        0.160371
 ST_GPa 2        0.160372        0.290933        0.160355
 ST_GPa 3        0.160371        0.160355        0.290919
  
 --------------------------------------------------
 STRESS (a.u.)
 --------------------------------------------------
 ST_AU  1   9.8882145693E-06   5.4509287648E-06   5.4508926436E-06
 ST_AU  2   5.4509287648E-06   9.8885993648E-06   5.4503555343E-06
 ST_AU  3   5.4508926436E-06   5.4503555343E-06   9.8881221068E-06
; Cell optimization at step  8, max(stress):  0.9889E-05, total energy: -0.27916032    ;
  dV of each real space grid is now    3.7887405148741705E-002
 Cell length (Bohr)    5.687E+00   5.687E+00   5.686E+00
 Angle     (Degree)    5.927E+01   5.927E+01   5.927E+01
 Volume    (Bohr^3)    1.279E+02
  dV of each real space grid is now    3.7887405148741705E-002
 Cell length (Bohr)    5.687E+00   5.687E+00   5.686E+00
 Angle     (Degree)    5.927E+01   5.927E+01   5.927E+01
 Volume    (Bohr^3)    1.279E+02

 ------------------------------------------------------------------------------
                           SETUP EWALD 
 (Ewald) eta                             :   0.7978    
 (Ewald) Real Space Cutoff               :    6.000     (Bohr)
 (Ewald) Reciprocal Cutoff               :    7.735     (1/Bohr)

 ------------------------------------------------------------------------------
                           SETUP PLANE WAVE 
 Fill the 3D Wang-Teter kernel in G space

 ------------------------------------------------------------------------------
                           REFRESH ION POSITIONS
  
 Calculating Ion-Ion Energy ...                   complete.     0.000 s
  
 Calculating Ion-Electron Potential (spline) ... 
 complete.     0.000 s
 Rescale the total density from   0.037704 to          1

 ------------------------------------------------------------------------------
                           DENSITY OPTIMIZATION
 Electron number for spin            1  is   0.99999999999999767     
 Cell Volume      :            18.948378 Angstrom^3
 Ion number       :                    1
 Electron number  :             1.000000
 Ion density      :             0.052775 Ion/Angstrom^3
 Electron density :             0.052775 Electron/Angstrom^3
  
 Calculating Ion-Ion Forces ...                complete.     0.000 s
  
 Calculating Ion-Electron Forces (spline) ...  complete.     0.000 s
  
 Calculating Ion-Electron Stress (spline) ...  complete.     0.000 s
  
 Calculating Ion-Ion Stress ...                complete.     0.000 s
  
 ------------------------------------------------------------------------------
                         LATTICE VECTORS (Angstrom)
 LAT 1           0.023363        2.127740        2.127741
 LAT 2           2.127739        0.023366        2.127737
 LAT 3           2.127739        2.127736        0.023365
 ------------------------------------------------------------------------------
                                STRESS (GPa)
 ST_GPa 1        0.210888        0.159452        0.159451
 ST_GPa 2        0.159452        0.210898        0.159440
 ST_GPa 3        0.159451        0.159440        0.210885
  
 --------------------------------------------------
 STRESS (a.u.)
 --------------------------------------------------
 ST_AU  1   7.1679271007E-06   5.4196774400E-06   5.4196324009E-06
 ST_AU  2   5.4196774400E-06   7.1682929628E-06   5.4192679359E-06
 ST_AU  3   5.4196324009E-06   5.4192679359E-06   7.1678300018E-06
; Cell optimization at step  9, max(stress):  0.7168E-05, total energy: -0.27916591    ;
  dV of each real space grid is now    3.7763401313787658E-002
 Cell length (Bohr)    5.678E+00   5.678E+00   5.678E+00
 Angle     (Degree)    5.932E+01   5.932E+01   5.932E+01
 Volume    (Bohr^3)    1.275E+02
  dV of each real space grid is now    3.7763401313787658E-002
 Cell length (Bohr)    5.678E+00   5.678E+00   5.678E+00
 Angle     (Degree)    5.932E+01   5.932E+01   5.932E+01
 Volume    (Bohr^3)    1.275E+02

 ------------------------------------------------------------------------------
                           SETUP EWALD 
 (Ewald) eta                             :   0.7978    
 (Ewald) Real Space Cutoff               :    6.000     (Bohr)
 (Ewald) Reciprocal Cutoff               :    7.746     (1/Bohr)

 ------------------------------------------------------------------------------
                           SETUP PLANE WAVE 
 Fill the 3D Wang-Teter kernel in G space

 ------------------------------------------------------------------------------
                           REFRESH ION POSITIONS
  
 Calculating Ion-Ion Energy ...                   complete.     0.000 s
  
 Calculating Ion-Electron Potential (spline) ... 
 complete.     0.000 s
 Rescale the total density from   0.037640 to          1

 ------------------------------------------------------------------------------
                           DENSITY OPTIMIZATION
 Electron number for spin            1  is   0.99999999999999611     
 Cell Volume      :            18.886360 Angstrom^3
 Ion number       :                    1
 Electron number  :             1.000000
 Ion density      :             0.052948 Ion/Angstrom^3
 Electron density :             0.052948 Electron/Angstrom^3
  
 Calculating Ion-Ion Forces ...                complete.     0.000 s
  
 Calculating Ion-Electron Forces (spline) ...  complete.     0.000 s
  
 Calculating Ion-Electron Stress (spline) ...  complete.     0.000 s
  
 Calculating Ion-Ion Stress ...                complete.     0.000 s
  
 ------------------------------------------------------------------------------
                         LATTICE VECTORS (Angstrom)
 LAT 1           0.021794        2.124636        2.124638
 LAT 2           2.124635        0.021798        2.124633
 LAT 3           2.124635        2.124632        0.021796
 ------------------------------------------------------------------------------
                                STRESS (GPa)
 ST_GPa 1        0.156116        0.149315        0.149314
 ST_GPa 2        0.149315        0.156126        0.149308
 ST_GPa 3        0.149314        0.149308        0.156113
  
 --------------------------------------------------
 STRESS (a.u.)
 --------------------------------------------------
 ST_AU  1   5.3062896536E-06   5.0751307155E-06   5.0750685563E-06
 ST_AU  2   5.0751307155E-06   5.3066082404E-06   5.0748681753E-06
 ST_AU  3   5.0750685563E-06   5.0748681753E-06   5.3061750577E-06
; Cell optimization at step 10, max(stress):  0.5307E-05, total energy: -0.27916998    ;
  dV of each real space grid is now    3.7683978970293103E-002
 Cell length (Bohr)    5.671E+00   5.671E+00   5.671E+00
 Angle     (Degree)    5.940E+01   5.940E+01   5.940E+01
 Volume    (Bohr^3)    1.272E+02
  dV of each real space grid is now    3.7683978970293103E-002
 Cell length (Bohr)    5.671E+00   5.671E+00   5.671E+00
 Angle     (Degree)    5.940E+01   5.940E+01   5.940E+01
 Volume    (Bohr^3)    1.272E+02

 ------------------------------------------------------------------------------
                           SETUP EWALD 
 (Ewald) eta                             :   0.7978    
 (Ewald) Real Space Cutoff               :    6.000     (Bohr)
 (Ewald) Reciprocal Cutoff               :    7.756     (1/Bohr)

 ------------------------------------------------------------------------------
                           SETUP PLANE WAVE 
 Fill the 3D Wang-Teter kernel in G space

 ------------------------------------------------------------------------------
                           REFRESH ION POSITIONS
  
 Calculating Ion-Ion Energy ...                   complete.     0.000 s
  
 Calculating Ion-Electron Potential (spline) ... 
 complete.     0.000 s
 Rescale the total density from   0.037605 to          1

 ------------------------------------------------------------------------------
                           DENSITY OPTIMIZATION
 Electron number for spin            1  is   0.99999999999999933     
 Cell Volume      :            18.846639 Angstrom^3
 Ion number       :                    1
 Electron number  :             1.000000
 Ion density      :             0.053060 Ion/Angstrom^3
 Electron density :             0.053060 Electron/Angstrom^3
  
 Calculating Ion-Ion Forces ...                complete.     0.000 s
  
 Calculating Ion-Electron Forces (spline) ...  complete.     0.000 s
  
 Calculating Ion-Electron Stress (spline) ...  complete.     0.000 s
  
 Calculating Ion-Ion Stress ...                complete.     0.000 s
  
 ------------------------------------------------------------------------------
                         LATTICE VECTORS (Angstrom)
 LAT 1           0.019291        2.121890        2.121891
 LAT 2           2.121889        0.019294        2.121887
 LAT 3           2.121889        2.121885        0.019293
 ------------------------------------------------------------------------------
                                STRESS (GPa)
 ST_GPa 1        0.120753        0.132199        0.132197
 ST_GPa 2        0.132199        0.120762        0.132194
 ST_GPa 3        0.132197        0.132194        0.120750
  
 --------------------------------------------------
 STRESS (a.u.)
 --------------------------------------------------
 ST_AU  1   4.1043158567E-06   4.4933366031E-06   4.4932727414E-06
 ST_AU  2   4.4933366031E-06   4.1046189656E-06   4.4931779094E-06
 ST_AU  3   4.4932727414E-06   4.4931779094E-06   4.1042060195E-06
; Cell optimization at step 11, max(stress):  0.4493E-05, total energy: -0.27917338    ;
  dV of each real space grid is now    3.7629660830098575E-002
 Cell length (Bohr)    5.664E+00   5.664E+00   5.664E+00
 Angle     (Degree)    5.949E+01   5.949E+01   5.949E+01
 Volume    (Bohr^3)    1.270E+02
  dV of each real space grid is now    3.7629660830098575E-002
 Cell length (Bohr)    5.664E+00   5.664E+00   5.664E+00
 Angle     (Degree)    5.949E+01   5.949E+01   5.949E+01
 Volume    (Bohr^3)    1.270E+02

 ------------------------------------------------------------------------------
                           SETUP EWALD 
 (Ewald) eta                             :   0.8031    
 (Ewald) Real Space Cutoff               :    6.000     (Bohr)
 (Ewald) Reciprocal Cutoff               :    7.765     (1/Bohr)

 ------------------------------------------------------------------------------
                           SETUP PLANE WAVE 
 Fill the 3D Wang-Teter kernel in G space

 ------------------------------------------------------------------------------
                           REFRESH ION POSITIONS
  
 Calculating Ion-Ion Energy ...                   complete.     0.000 s
  
 Calculating Ion-Electron Potential (spline) ... 
 complete.     0.000 s
 Rescale the total density from   0.037575 to          1

 ------------------------------------------------------------------------------
                           DENSITY OPTIMIZATION
 Electron number for spin            1  is   0.99999999999999845     
 Cell Volume      :            18.819474 Angstrom^3
 Ion number       :                    1
 Electron number  :             1.000000
 Ion density      :             0.053136 Ion/Angstrom^3
 Electron density :             0.053136 Electron/Angstrom^3
  
 Calculating Ion-Ion Forces ...                complete.     0.000 s
  
 Calculating Ion-Electron Forces (spline) ...  complete.     0.000 s
  
 Calculating Ion-Electron Stress (spline) ...  complete.     0.000 s
  
 Calculating Ion-Ion Stress ...                complete.     0.000 s
  
 ------------------------------------------------------------------------------
                         LATTICE VECTORS (Angstrom)
 LAT 1           0.016256        2.119344        2.119346
 LAT 2           2.119343        0.016260        2.119341
 LAT 3           2.119343        2.119339        0.016258
 ------------------------------------------------------------------------------
                                STRESS (GPa)
 ST_GPa 1        0.096394        0.111192        0.111191
 ST_GPa 2        0.111192        0.096403        0.111190
 ST_GPa 3        0.111191        0.111190        0.096391
  
 --------------------------------------------------
 STRESS (a.u.)
 --------------------------------------------------
 ST_AU  1   3.2763784336E-06   3.7793552956E-06   3.7792933235E-06
 ST_AU  2   3.7793552956E-06   3.2766709706E-06   3.7792696071E-06
 ST_AU  3   3.7792933235E-06   3.7792696071E-06   3.2762800828E-06
; Cell optimization at step 12, max(stress):  0.3779E-05, total energy: -0.27917631    ;
  dV of each real space grid is now    3.7585336589392455E-002
 Cell length (Bohr)    5.657E+00   5.657E+00   5.657E+00
 Angle     (Degree)    5.959E+01   5.959E+01   5.959E+01
 Volume    (Bohr^3)    1.269E+02
  dV of each real space grid is now    3.7585336589392455E-002
 Cell length (Bohr)    5.657E+00   5.657E+00   5.657E+00
 Angle     (Degree)    5.959E+01   5.959E+01   5.959E+01
 Volume    (Bohr^3)    1.269E+02

 ------------------------------------------------------------------------------
                           SETUP EWALD 
 (Ewald) eta                             :   0.8031    
 (Ewald) Real Space Cutoff               :    6.000     (Bohr)
 (Ewald) Reciprocal Cutoff               :    7.774     (1/Bohr)

 ------------------------------------------------------------------------------
                           SETUP PLANE WAVE 
 Fill the 3D Wang-Teter kernel in G space

 ------------------------------------------------------------------------------
                           REFRESH ION POSITIONS
  
 Calculating Ion-Ion Energy ...                   complete.     0.000 s
  
 Calculating Ion-Electron Potential (spline) ... 
 complete.     0.000 s
 Rescale the total density from   0.037541 to          1

 ------------------------------------------------------------------------------
                           DENSITY OPTIMIZATION
 Electron number for spin            1  is   0.99999999999999700     
 Cell Volume      :            18.797306 Angstrom^3
 Ion number       :                    1
 Electron number  :             1.000000
 Ion density      :             0.053199 Ion/Angstrom^3
 Electron density :             0.053199 Electron/Angstrom^3
  
 Calculating Ion-Ion Forces ...                complete.     0.000 s
  
 Calculating Ion-Electron Forces (spline) ...  complete.     0.000 s
  
 Calculating Ion-Electron Stress (spline) ...  complete.     0.000 s
  
 Calculating Ion-Ion Stress ...                complete.     0.000 s
  
 ------------------------------------------------------------------------------
                         LATTICE VECTORS (Angstrom)
 LAT 1           0.013059        2.116905        2.116907
 LAT 2           2.116904        0.013063        2.116902
 LAT 3           2.116904        2.116900        0.013061
 ------------------------------------------------------------------------------
                                STRESS (GPa)
 ST_GPa 1        0.076490        0.089064        0.089062
 ST_GPa 2        0.089064        0.076499        0.089063
 ST_GPa 3        0.089062        0.089063        0.076488
  
 --------------------------------------------------
 STRESS (a.u.)
 --------------------------------------------------
 ST_AU  1   2.5998516646E-06   3.0272258359E-06   3.0271685806E-06
 ST_AU  2   3.0272258359E-06   2.6001380424E-06   3.0271827814E-06
 ST_AU  3   3.0271685806E-06   3.0271827814E-06   2.5997725189E-06
; Cell optimization at step 13, max(stress):  0.3027E-05, total energy: -0.27917870    ;
  dV of each real space grid is now    3.7544327123850349E-002
 Cell length (Bohr)    5.651E+00   5.651E+00   5.651E+00
 Angle     (Degree)    5.969E+01   5.969E+01   5.969E+01
 Volume    (Bohr^3)    1.267E+02
  dV of each real space grid is now    3.7544327123850349E-002
 Cell length (Bohr)    5.651E+00   5.651E+00   5.651E+00
 Angle     (Degree)    5.969E+01   5.969E+01   5.969E+01
 Volume    (Bohr^3)    1.267E+02

 ------------------------------------------------------------------------------
                           SETUP EWALD 
 (Ewald) eta                             :   0.8031    
 (Ewald) Real Space Cutoff               :    6.000     (Bohr)
 (Ewald) Reciprocal Cutoff               :    7.783     (1/Bohr)

 ------------------------------------------------------------------------------
                           SETUP PLANE WAVE 
 Fill the 3D Wang-Teter kernel in G space

 ------------------------------------------------------------------------------
                           REFRESH ION POSITIONS
  
 Calculating Ion-Ion Energy ...                   complete.     0.000 s
  
 Calculating Ion-Electron Potential (spline) ... 
 complete.     0.000 s
 Rescale the total density from   0.037503 to          1

 ------------------------------------------------------------------------------
                           DENSITY OPTIMIZATION
 Electron number for spin            1  is    1.0000000000000027     
 Cell Volume      :            18.776796 Angstrom^3
 Ion number       :                    1
 Electron number  :             1.000000
 Ion density      :             0.053257 Ion/Angstrom^3
 Electron density :             0.053257 Electron/Angstrom^3
  
 Calculating Ion-Ion Forces ...                complete.     0.000 s
  
 Calculating Ion-Electron Forces (spline) ...  complete.     0.000 s
  
 Calculating Ion-Electron Stress (spline) ...  complete.     0.000 s
  
 Calculating Ion-Ion Stress ...                complete.     0.000 s
  
 ------------------------------------------------------------------------------
                         LATTICE VECTORS (Angstrom)
 LAT 1           0.009962        2.114581        2.114583
 LAT 2           2.114580        0.009967        2.114578
 LAT 3           2.114580        2.114576        0.009964
 ------------------------------------------------------------------------------
                                STRESS (GPa)
 ST_GPa 1        0.057914        0.067714        0.067712
 ST_GPa 2        0.067714        0.057922        0.067713
 ST_GPa 3        0.067712        0.067713        0.057912
  
 --------------------------------------------------
 STRESS (a.u.)
 --------------------------------------------------
 ST_AU  1   1.9684635204E-06   2.3015410915E-06   2.3014901755E-06
 ST_AU  2   2.3015410915E-06   1.9687398737E-06   2.3015227402E-06
 ST_AU  3   2.3014901755E-06   2.3015227402E-06   1.9684021351E-06
; Cell optimization at step 14, max(stress):  0.2302E-05, total energy: -0.27918050    ;
  dV of each real space grid is now    3.7507456160684981E-002
 Cell length (Bohr)    5.646E+00   5.646E+00   5.646E+00
 Angle     (Degree)    5.978E+01   5.978E+01   5.978E+01
 Volume    (Bohr^3)    1.266E+02
  dV of each real space grid is now    3.7507456160684981E-002
 Cell length (Bohr)    5.646E+00   5.646E+00   5.646E+00
 Angle     (Degree)    5.978E+01   5.978E+01   5.978E+01
 Volume    (Bohr^3)    1.266E+02

 ------------------------------------------------------------------------------
                           SETUP EWALD 
 (Ewald) eta                             :   0.8031    
 (Ewald) Real Space Cutoff               :    6.000     (Bohr)
 (Ewald) Reciprocal Cutoff               :    7.791     (1/Bohr)

 ------------------------------------------------------------------------------
                           SETUP PLANE WAVE 
 Fill the 3D Wang-Teter kernel in G space

 ------------------------------------------------------------------------------
                           REFRESH ION POSITIONS
  
 Calculating Ion-Ion Energy ...                   complete.     0.000 s
  
 Calculating Ion-Electron Potential (spline) ... 
 complete.     0.000 s
 Rescale the total density from   0.037471 to          1

 ------------------------------------------------------------------------------
                           DENSITY OPTIMIZATION
 Electron number for spin            1  is    1.0000000000000029     
 Cell Volume      :            18.758356 Angstrom^3
 Ion number       :                    1
 Electron number  :             1.000000
 Ion density      :             0.053310 Ion/Angstrom^3
 Electron density :             0.053310 Electron/Angstrom^3
  
 Calculating Ion-Ion Forces ...                complete.     0.000 s
  
 Calculating Ion-Electron Forces (spline) ...  complete.     0.000 s
  
 Calculating Ion-Electron Stress (spline) ...  complete.     0.000 s
  
 Calculating Ion-Ion Stress ...                complete.     0.000 s
  
 ------------------------------------------------------------------------------
                         LATTICE VECTORS (Angstrom)
 LAT 1           0.007128        2.112467        2.112469
 LAT 2           2.112467        0.007132        2.112465
 LAT 3           2.112466        2.112462        0.007130
 ------------------------------------------------------------------------------
                                STRESS (GPa)
 ST_GPa 1        0.041103        0.048238        0.048236
 ST_GPa 2        0.048238        0.041109        0.048238
 ST_GPa 3        0.048236        0.048238        0.041101
  
 --------------------------------------------------
 STRESS (a.u.)
 --------------------------------------------------
 ST_AU  1   1.3970515730E-06   1.6395700136E-06   1.6395128972E-06
 ST_AU  2   1.6395700136E-06   1.3972782608E-06   1.6395720587E-06
 ST_AU  3   1.6395128972E-06   1.6395720587E-06   1.3969923158E-06
; Cell optimization at step 15, max(stress):  0.1640E-05, total energy: -0.27918171    ;
  dV of each real space grid is now    3.7476353356787527E-002
 Cell length (Bohr)    5.641E+00   5.641E+00   5.641E+00
 Angle     (Degree)    5.985E+01   5.985E+01   5.985E+01
 Volume    (Bohr^3)    1.265E+02
  dV of each real space grid is now    3.7476353356787527E-002
 Cell length (Bohr)    5.641E+00   5.641E+00   5.641E+00
 Angle     (Degree)    5.985E+01   5.985E+01   5.985E+01
 Volume    (Bohr^3)    1.265E+02

 ------------------------------------------------------------------------------
                           SETUP EWALD 
 (Ewald) eta                             :   0.8031    
 (Ewald) Real Space Cutoff               :    6.000     (Bohr)
 (Ewald) Reciprocal Cutoff               :    7.797     (1/Bohr)

 ------------------------------------------------------------------------------
                           SETUP PLANE WAVE 
 Fill the 3D Wang-Teter kernel in G space

 ------------------------------------------------------------------------------
                           REFRESH ION POSITIONS
  
 Calculating Ion-Ion Energy ...                   complete.     0.000 s
  
 Calculating Ion-Electron Potential (spline) ... 
 complete.     0.000 s
 Rescale the total density from   0.037445 to          1

 ------------------------------------------------------------------------------
                           DENSITY OPTIMIZATION
 Electron number for spin            1  is   0.99999999999999989     
 Cell Volume      :            18.742801 Angstrom^3
 Ion number       :                    1
 Electron number  :             1.000000
 Ion density      :             0.053354 Ion/Angstrom^3
 Electron density :             0.053354 Electron/Angstrom^3
  
 Calculating Ion-Ion Forces ...                complete.     0.000 s
  
 Calculating Ion-Electron Forces (spline) ...  complete.     0.000 s
  
 Calculating Ion-Electron Stress (spline) ...  complete.     0.000 s
  
 Calculating Ion-Ion Stress ...                complete.     0.000 s
  
 ------------------------------------------------------------------------------
                         LATTICE VECTORS (Angstrom)
 LAT 1           0.004697        2.110665        2.110667
 LAT 2           2.110665        0.004702        2.110663
 LAT 3           2.110664        2.110660        0.004699
 ------------------------------------------------------------------------------
                                STRESS (GPa)
 ST_GPa 1        0.026839        0.031591        0.031590
 ST_GPa 2        0.031591        0.026846        0.031590
 ST_GPa 3        0.031590        0.031590        0.026838
  
 --------------------------------------------------
 STRESS (a.u.)
 --------------------------------------------------
 ST_AU  1   9.1223185987E-07   1.0737495365E-06   1.0737269753E-06
 ST_AU  2   1.0737495365E-06   9.1248533957E-07   1.0737291039E-06
 ST_AU  3   1.0737269753E-06   1.0737291039E-06   9.1221158025E-07
; Cell optimization at step 16, max(stress):  0.1074E-05, total energy: -0.27918243    ;
  dV of each real space grid is now    3.7452154747999351E-002
 Cell length (Bohr)    5.637E+00   5.637E+00   5.637E+00
 Angle     (Degree)    5.991E+01   5.991E+01   5.991E+01
 Volume    (Bohr^3)    1.264E+02
  dV of each real space grid is now    3.7452154747999351E-002
 Cell length (Bohr)    5.637E+00   5.637E+00   5.637E+00
 Angle     (Degree)    5.991E+01   5.991E+01   5.991E+01
 Volume    (Bohr^3)    1.264E+02

 ------------------------------------------------------------------------------
                           SETUP EWALD 
 (Ewald) eta                             :   0.8031    
 (Ewald) Real Space Cutoff               :    6.000     (Bohr)
 (Ewald) Reciprocal Cutoff               :    7.803     (1/Bohr)

 ------------------------------------------------------------------------------
                           SETUP PLANE WAVE 
 Fill the 3D Wang-Teter kernel in G space

 ------------------------------------------------------------------------------
                           REFRESH ION POSITIONS
  
 Calculating Ion-Ion Energy ...                   complete.     0.000 s
  
 Calculating Ion-Electron Potential (spline) ... 
 complete.     0.000 s
 Rescale the total density from   0.037428 to          1

 ------------------------------------------------------------------------------
                           DENSITY OPTIMIZATION
 Electron number for spin            1  is   0.99999999999999811     
 Cell Volume      :            18.730699 Angstrom^3
 Ion number       :                    1
 Electron number  :             1.000000
 Ion density      :             0.053388 Ion/Angstrom^3
 Electron density :             0.053388 Electron/Angstrom^3
  
 Calculating Ion-Ion Forces ...                complete.     0.000 s
  
 Calculating Ion-Electron Forces (spline) ...  complete.     0.000 s
  
 Calculating Ion-Electron Stress (spline) ...  complete.     0.000 s
  
 Calculating Ion-Ion Stress ...                complete.     0.000 s
  
 ------------------------------------------------------------------------------
                         LATTICE VECTORS (Angstrom)
 LAT 1           0.002782        2.109251        2.109254
 LAT 2           2.109252        0.002787        2.109250
 LAT 3           2.109251        2.109246        0.002784
 ------------------------------------------------------------------------------
                                STRESS (GPa)
 ST_GPa 1        0.015696        0.018509        0.018507
 ST_GPa 2        0.018509        0.015702        0.018509
 ST_GPa 3        0.018507        0.018509        0.015695
  
 --------------------------------------------------
 STRESS (a.u.)
 --------------------------------------------------
 ST_AU  1   5.3347973648E-07   6.2909198014E-07   6.2905004883E-07
 ST_AU  2   6.2909198014E-07   5.3369362979E-07   6.2909820933E-07
 ST_AU  3   6.2905004883E-07   6.2909820933E-07   5.3346563062E-07
; Cell optimization at step 17, max(stress):  0.6291E-06, total energy: -0.27918278    ;
  dV of each real space grid is now    3.7435237814840643E-002
 Cell length (Bohr)    5.634E+00   5.634E+00   5.634E+00
 Angle     (Degree)    5.995E+01   5.996E+01   5.995E+01
 Volume    (Bohr^3)    1.263E+02
  dV of each real space grid is now    3.7435237814840643E-002
 Cell length (Bohr)    5.634E+00   5.634E+00   5.634E+00
 Angle     (Degree)    5.995E+01   5.996E+01   5.995E+01
 Volume    (Bohr^3)    1.263E+02

 ------------------------------------------------------------------------------
                           SETUP EWALD 
 (Ewald) eta                             :   0.8031    
 (Ewald) Real Space Cutoff               :    6.000     (Bohr)
 (Ewald) Reciprocal Cutoff               :    7.806     (1/Bohr)

 ------------------------------------------------------------------------------
                           SETUP PLANE WAVE 
 Fill the 3D Wang-Teter kernel in G space

 ------------------------------------------------------------------------------
                           REFRESH ION POSITIONS
  
 Calculating Ion-Ion Energy ...                   complete.     0.000 s
  
 Calculating Ion-Electron Potential (spline) ... 
 complete.     0.000 s
 Rescale the total density from   0.037418 to          1

 ------------------------------------------------------------------------------
                           DENSITY OPTIMIZATION
 Electron number for spin            1  is    1.0000000000000004     
 Cell Volume      :            18.722238 Angstrom^3
 Ion number       :                    1
 Electron number  :             1.000000
 Ion density      :             0.053412 Ion/Angstrom^3
 Electron density :             0.053412 Electron/Angstrom^3
  
 Calculating Ion-Ion Forces ...                complete.     0.000 s
  
 Calculating Ion-Electron Forces (spline) ...  complete.     0.000 s
  
 Calculating Ion-Electron Stress (spline) ...  complete.     0.000 s
  
 Calculating Ion-Ion Stress ...                complete.     0.000 s
  
 ------------------------------------------------------------------------------
                         LATTICE VECTORS (Angstrom)
 LAT 1           0.001433        2.108259        2.108262
 LAT 2           2.108260        0.001439        2.108258
 LAT 3           2.108259        2.108254        0.001435
 ------------------------------------------------------------------------------
                                STRESS (GPa)
 ST_GPa 1        0.007865        0.009325        0.009324
 ST_GPa 2        0.009325        0.007871        0.009324
 ST_GPa 3        0.009324        0.009324        0.007865
  
 --------------------------------------------------
 STRESS (a.u.)
 --------------------------------------------------
 ST_AU  1   2.6733883613E-07   3.1693613509E-07   3.1691214102E-07
 ST_AU  2   3.1693613509E-07   2.6752343286E-07   3.1693071341E-07
 ST_AU  3   3.1691214102E-07   3.1693071341E-07   2.6733519015E-07
; Cell optimization at step 18, max(stress):  0.3169E-06, total energy: -0.27918292    ;
##############################################################################
#                               FINAL ENERGIES                       time    #
##############################################################################
# Thomas-Fermi Kin. Energy =   3.143368549656E+00 eV                 0.000 s #
# Von-Weizsacker Kin. Ener =   2.500687473457E-01 eV                 0.000 s #
# Wang-Teter Kinetic Energ =  -7.347560580715E-02 eV                 0.000 s #
#                                                                            #
#     LDA Exch-Corr Energy =  -5.023482815577E+00 eV                 0.000 s #
#         Coulombic Energy =   1.420906566688E-02 eV                 0.000 s #
#      Ion-Electron Energy =   1.923806374259E+00 eV                 0.000 s #
#           Ion-Ion Energy =  -7.831447677650E+00 eV                 0.000 s #
#                                                                            #
#     TOTAL KINETIC ENERGY =   3.319961691194E+00 eV                         #
#   TOTAL POTENTIAL ENERGY =  -1.091691505330E+01 eV                         #
#             TOTAL ENERGY =  -7.596953362107E+00 eV                         #
##############################################################################
  
 ----------------------------- TIME INFORMATION ------------------------------
    PROFESS      :      1.45s WALL    100.00% (       1 calls)     1.45s/call
    InitPROFESS  :      0.02s WALL      1.17% (       1 calls)     0.02s/call
    KEDFRefresh  :      0.00s WALL      0.12% (      18 calls)     0.00s/call
    IonRefresh   :      0.01s WALL      0.57% (      18 calls)     0.00s/call
    EwaldEnergy  :      0.00s WALL      0.25% (      18 calls)     0.00s/call
    Pot_Ion      :      0.00s WALL      0.14% (     751 calls)     0.00s/call
    Pot_Har      :      0.04s WALL      2.52% (     751 calls)     0.00s/call
    Pot_Exc      :      0.23s WALL     15.73% (     751 calls)     0.00s/call
    Pot_KEDF     :      0.95s WALL     65.37% (     751 calls)     0.00s/call
    VWPotSqrPlus :      0.03s WALL      2.35% (     751 calls)     0.00s/call
    NextGradient :      0.00s WALL      0.12% (      57 calls)     0.00s/call
    CalForce     :      0.01s WALL      0.49% (      18 calls)     0.00s/call
    EwaldForces  :      0.00s WALL      0.28% (      18 calls)     0.00s/call
    CalStress    :      0.04s WALL      2.91% (      18 calls)     0.00s/call
    EwaldStress  :      0.00s WALL      0.15% (      18 calls)     0.00s/call
 -----------------------------------------------------------------------------
 ------------------------------- TOTAL ---------------------------------------
    PROFESS      :      1.45s WALL    100.00% (       1 calls)     1.45s/call
 -----------------------------------------------------------------------------

Run completed on: 08/14/2021 at 18:41:55 
  
