 ******************************************************************************
                             WELCOME TO PROFESS                   
            (PRinceton Orbital-Free Electronic Structure Software) 
 ******************************************************************************

 ------------------------------------------------------------------------------
                           READ GEOMETRY
 Cell length (Bohr)    8.230E+00   8.230E+00   8.230E+00
 Angle     (Degree)    6.000E+01   6.000E+01   6.000E+01
 Volume    (Bohr^3)    3.942E+02

 ------------------------------------------------------------------------------
                           READ PSEUDOPOTENTIAL
 Total electron number in ReadPseudo is    8.0000000000000000     
 (System) Machine Precision              :    2.2204460492503131E-016

 ------------------------------------------------------------------------------
                           SETUP FFT
 Global FFT Dimension :    42   42   42
 Dimension of rho for this processor : 
 xmin, xmax :            0          41
 ymin, ymax :            0          41
 zmin, zmax :            0          41
 Total electron number =    8.0000000000000000     
 Uniform rhoR =    2.0293624136858982E-002
 (GB INFO) FFT size      :       42      42      42
 (GB INFO) FFT offset    :        0
 (GB INFO) FFT G size    :       22      42      42
 (GB INFO) FFT G offset  :        0

 ------------------------------------------------------------------------------
                           SETUP KEDF
 kinetic energy density functional number is           11
 ( 1=TF, 2=VW, 3=TF+VW, 4=WT,  5=WGC,  
   7=LQ, 8=HQ, 10=CAT,  11=HC, 12=WGCD,
   15=GGA, 16=WGCD+GGA, 17=EVT, 18=EVC )
 qTable dimension:    22   42   42
 rhoS=   2.0293624136858982E-002
 rho0=   2.0293624136858982E-002
 coefficients for TF KEDF is     1.000000
 coefficients for VW KEDF is     1.000000
 Lambda in HC10 is set to     0.010000
 ALPHA  in HC10 is set to     1.946667
 BETA   in HC10 is set to     0.720000
 Sum of alpha and beta is     2.666667
  dV of each real space grid is now    5.3208682238434050E-003
 Cell length (Bohr)    8.230E+00   8.230E+00   8.230E+00
 Angle     (Degree)    6.000E+01   6.000E+01   6.000E+01
 Volume    (Bohr^3)    3.942E+02

 ------------------------------------------------------------------------------
                           SETUP EWALD 
 (Ewald) eta                             :    1.200    
 (Ewald) Real Space Cutoff               :    6.000     (Bohr)
 (Ewald) Reciprocal Cutoff               :    15.65     (1/Bohr)

 ------------------------------------------------------------------------------
                           SETUP PLANE WAVE 

 ------------------------------------------------------------------------------
                           REFRESH ION POSITIONS
  
 Calculating Ion-Ion Energy ...                   complete.     0.019 s
  
 Calculating Ion-Electron Potential (spline) ... 
 complete.     0.039 s

 ------------------------------------------------------------------------------
                           DENSITY OPTIMIZATION
 Electron number for spin            1  is    8.0000000000132037     
 Cell Volume      :            58.416263 Angstrom^3
 Ion number       :                    2
 Electron number  :             8.000000
 Ion density      :             0.034237 Ion/Angstrom^3
 Electron density :             0.136948 Electron/Angstrom^3
##############################################################################
#                               FINAL ENERGIES                       time    #
##############################################################################
# Thomas-Fermi Kin. Energy =   5.998764101099E+01 eV                 0.000 s #
# Von-Weizsacker Kin. Ener =   2.004714536136E+01 eV                 0.000 s #
#                                                                            #
# GGA(PBE) Exch-Cor Energy =  -5.896830592058E+01 eV                 0.000 s #
#         Coulombic Energy =   1.452682160649E+01 eV                 0.000 s #
#      Ion-Electron Energy =  -1.805557276387E+01 eV                 0.000 s #
#           Ion-Ion Energy =  -2.103421953932E+02 eV                 0.000 s #
#                                                                            #
#     TOTAL KINETIC ENERGY =   6.524113676960E+01 eV                         #
#   TOTAL POTENTIAL ENERGY =  -2.728392524711E+02 eV                         #
#             TOTAL ENERGY =  -2.075981157015E+02 eV                         #
##############################################################################
  
 ----------------------------- TIME INFORMATION ------------------------------
    PROFESS      :   3345.68s WALL    100.00% (       1 calls)  3345.68s/call
    InitPROFESS  :      0.14s WALL      0.00% (       1 calls)     0.14s/call
    KEDFRefresh  :      0.01s WALL      0.00% (       1 calls)     0.01s/call
    IonRefresh   :      0.07s WALL      0.00% (       1 calls)     0.07s/call
    EwaldEnergy  :      0.02s WALL      0.00% (       1 calls)     0.02s/call
    ForwFFT_3D   :    594.80s WALL     17.78% (   61350 calls)     0.01s/call
    BackFFT_3D   :    327.31s WALL      9.78% (   41248 calls)     0.01s/call
    Pot_Ion      :      3.06s WALL      0.09% (    1113 calls)     0.00s/call
    Pot_Har      :     23.95s WALL      0.72% (    1113 calls)     0.02s/call
    Pot_Exc      :    472.66s WALL     14.13% (    1113 calls)     0.42s/call
    PBEPot       :    468.98s WALL     14.02% (    1113 calls)     0.42s/call
    Pot_KEDF     :   2803.90s WALL     83.81% (    1113 calls)     2.52s/call
    intPot       :   2742.36s WALL     81.97% (    1113 calls)     2.46s/call
    MakeXiG      :     22.58s WALL      0.68% (    1113 calls)     0.02s/call
    intPot1      :    756.08s WALL     22.60% (   12276 calls)     0.06s/call
    MakeHC10Kern :     76.63s WALL      2.29% (   13389 calls)     0.01s/call
    intPot2      :    542.57s WALL     16.22% (   12276 calls)     0.04s/call
    intPot3      :    845.21s WALL     25.26% (   12276 calls)     0.07s/call
    intPot4      :    340.53s WALL     10.18% (   12276 calls)     0.03s/call
    VWPotSqrPlus :     21.89s WALL      0.65% (    1113 calls)     0.02s/call
    NextGradient :      1.89s WALL      0.06% (      93 calls)     0.02s/call
 -----------------------------------------------------------------------------
 ------------------------------- TOTAL ---------------------------------------
    PROFESS      :   3345.68s WALL    100.00% (       1 calls)  3345.68s/call
 -----------------------------------------------------------------------------

Run completed on: 07/31/2024 at 11:06:23 
  
