 ******************************************************************************
                             WELCOME TO PROFESS                   
            (PRinceton Orbital-Free Electronic Structure Software) 
 ******************************************************************************

 ------------------------------------------------------------------------------
                           READ GEOMETRY
 Cell length (Bohr)    6.863E+00   6.863E+00   1.126E+01
 Angle     (Degree)    9.000E+01   9.000E+01   1.200E+02
 Volume    (Bohr^3)    4.595E+02

 ------------------------------------------------------------------------------
                           READ PSEUDOPOTENTIAL
 Total electron number in ReadPseudo is    16.000000000000000     
 (System) Machine Precision              :    2.2204460492503131E-016

 ------------------------------------------------------------------------------
                           SETUP FFT
 Global FFT Dimension :    35   35   56
 Dimension of rho for this processor : 
 xmin, xmax :            0          34
 ymin, ymax :            0          34
 zmin, zmax :            0          55
 Total electron number =    16.000000000000000     
 Uniform rhoR =    3.4822754107769291E-002
 (GB INFO) FFT size      :       35      35      56
 (GB INFO) FFT offset    :        0
 (GB INFO) FFT G size    :       18      35      56
 (GB INFO) FFT G offset  :        0

 ------------------------------------------------------------------------------
                           SETUP KEDF
 kinetic energy density functional number is           11
 ( 1=TF, 2=VW, 3=TF+VW, 4=WT,  5=WGC,  
   7=LQ, 8=HQ, 10=CAT,  11=HC, 12=WGCD,
   15=GGA, 16=WGCD+GGA, 17=EVT, 18=EVC )
 qTable dimension:    18   35   56
 rhoS=   3.4822754107769291E-002
 rho0=   3.4822754107769291E-002
 coefficients for TF KEDF is     1.000000
 coefficients for VW KEDF is     1.000000
 Lambda in HC10 is set to     0.012000
 ALPHA  in HC10 is set to     1.821667
 BETA   in HC10 is set to     0.845000
 Sum of alpha and beta is     2.666667
  dV of each real space grid is now    6.6978088775425521E-003
 Cell length (Bohr)    6.863E+00   6.863E+00   1.126E+01
 Angle     (Degree)    9.000E+01   9.000E+01   1.200E+02
 Volume    (Bohr^3)    4.595E+02

 ------------------------------------------------------------------------------
                           SETUP EWALD 
 (Ewald) eta                             :    1.200    
 (Ewald) Real Space Cutoff               :    6.000     (Bohr)
 (Ewald) Reciprocal Cutoff               :    15.34     (1/Bohr)

 ------------------------------------------------------------------------------
                           SETUP PLANE WAVE 

 ------------------------------------------------------------------------------
                           REFRESH ION POSITIONS
  
 Calculating Ion-Ion Energy ...                   complete.     0.004 s
  
 Calculating Ion-Electron Potential (spline) ... 
 complete.     0.008 s

 ------------------------------------------------------------------------------
                           DENSITY OPTIMIZATION
 Electron number for spin            1  is    15.999999999998609     
 Cell Volume      :            68.086382 Angstrom^3
 Ion number       :                    4
 Electron number  :            16.000000
 Ion density      :             0.058749 Ion/Angstrom^3
 Electron density :             0.234996 Electron/Angstrom^3
##############################################################################
#                               FINAL ENERGIES                       time    #
##############################################################################
# Thomas-Fermi Kin. Energy =   1.736633662021E+02 eV                 0.000 s #
# Von-Weizsacker Kin. Ener =   5.263535903953E+01 eV                 0.000 s #
#                                                                            #
# GGA(PBE) Exch-Cor Energy =  -1.392965744483E+02 eV                 0.000 s #
#         Coulombic Energy =   3.829549436275E+01 eV                 0.000 s #
#      Ion-Electron Energy =  -5.953077934379E+01 eV                 0.000 s #
#           Ion-Ion Energy =  -5.030014268852E+02 eV                 0.000 s #
#                                                                            #
#     TOTAL KINETIC ENERGY =   1.823291128270E+02 eV                         #
#   TOTAL POTENTIAL ENERGY =  -6.635332863146E+02 eV                         #
#             TOTAL ENERGY =  -4.812041734876E+02 eV                         #
##############################################################################
  
 ----------------------------- TIME INFORMATION ------------------------------
    PROFESS      :   1369.40s WALL    100.00% (       1 calls)  1369.40s/call
    InitPROFESS  :      0.05s WALL      0.00% (       1 calls)     0.05s/call
    KEDFRefresh  :      0.00s WALL      0.00% (       1 calls)     0.00s/call
    IonRefresh   :      0.01s WALL      0.00% (       1 calls)     0.01s/call
    EwaldEnergy  :      0.00s WALL      0.00% (       1 calls)     0.00s/call
    ForwFFT_3D   :    224.02s WALL     16.36% (   56910 calls)     0.00s/call
    BackFFT_3D   :    138.15s WALL     10.09% (   36518 calls)     0.00s/call
    Pot_Ion      :      1.11s WALL      0.08% (     849 calls)     0.00s/call
    Pot_Har      :      8.11s WALL      0.59% (     849 calls)     0.01s/call
    Pot_Exc      :    156.65s WALL     11.44% (     849 calls)     0.18s/call
    PBEPot       :    155.42s WALL     11.35% (     849 calls)     0.18s/call
    Pot_KEDF     :   1188.95s WALL     86.82% (     849 calls)     1.40s/call
    intPot       :   1169.85s WALL     85.43% (     849 calls)     1.38s/call
    MakeXiG      :      8.01s WALL      0.58% (     849 calls)     0.01s/call
    VWPotSqrPlus :      6.91s WALL      0.50% (     849 calls)     0.01s/call
    intPot1      :    339.51s WALL     24.79% (   11892 calls)     0.03s/call
    MakeHC10Kern :     35.89s WALL      2.62% (   12740 calls)     0.00s/call
    intPot2      :    240.23s WALL     17.54% (   11892 calls)     0.02s/call
    intPot3      :    343.35s WALL     25.07% (   11892 calls)     0.03s/call
    intPot4      :    154.57s WALL     11.29% (   11892 calls)     0.01s/call
    NextGradient :      0.77s WALL      0.06% (      88 calls)     0.01s/call
 -----------------------------------------------------------------------------
 ------------------------------- TOTAL ---------------------------------------
    PROFESS      :   1369.40s WALL    100.00% (       1 calls)  1369.40s/call
 -----------------------------------------------------------------------------

Run completed on: 07/31/2024 at 00:06:36 
  
