 ******************************************************************************
                             WELCOME TO PROFESS                   
            (PRinceton Orbital-Free Electronic Structure Software) 
 ******************************************************************************

 ------------------------------------------------------------------------------
                           READ GEOMETRY
 Cell length (Bohr)    7.834E+00   7.834E+00   1.286E+01
 Angle     (Degree)    9.000E+01   9.000E+01   1.200E+02
 Volume    (Bohr^3)    6.832E+02

 ------------------------------------------------------------------------------
                           READ PSEUDOPOTENTIAL
 Total electron number in ReadPseudo is    16.000000000000000     
 (System) Machine Precision              :    2.2204460492503131E-016

 ------------------------------------------------------------------------------
                           SETUP FFT
 Global FFT Dimension :    40   40   63
 Dimension of rho for this processor : 
 xmin, xmax :            0          39
 ymin, ymax :            0          39
 zmin, zmax :            0          62
 Total electron number =    16.000000000000000     
 Uniform rhoR =    2.3419153356816502E-002
 (GB INFO) FFT size      :       40      40      63
 (GB INFO) FFT offset    :        0
 (GB INFO) FFT G size    :       21      40      63
 (GB INFO) FFT G offset  :        0

 ------------------------------------------------------------------------------
                           SETUP KEDF
 kinetic energy density functional number is           11
 ( 1=TF, 2=VW, 3=TF+VW, 4=WT,  5=WGC,  
   7=LQ, 8=HQ, 10=CAT,  11=HC, 12=WGCD,
   15=GGA, 16=WGCD+GGA, 17=EVT, 18=EVC )
 qTable dimension:    21   40   63
 rhoS=   2.3419153356816502E-002
 rho0=   2.3419153356816502E-002
 coefficients for TF KEDF is     1.000000
 coefficients for VW KEDF is     1.000000
 Lambda in HC10 is set to     0.012000
 ALPHA  in HC10 is set to     1.781667
 BETA   in HC10 is set to     0.885000
 Sum of alpha and beta is     2.666667
  dV of each real space grid is now    6.7777923613091626E-003
 Cell length (Bohr)    7.834E+00   7.834E+00   1.286E+01
 Angle     (Degree)    9.000E+01   9.000E+01   1.200E+02
 Volume    (Bohr^3)    6.832E+02

 ------------------------------------------------------------------------------
                           SETUP EWALD 
 (Ewald) eta                             :    1.200    
 (Ewald) Real Space Cutoff               :    6.000     (Bohr)
 (Ewald) Reciprocal Cutoff               :    15.15     (1/Bohr)

 ------------------------------------------------------------------------------
                           SETUP PLANE WAVE 

 ------------------------------------------------------------------------------
                           REFRESH ION POSITIONS
  
 Calculating Ion-Ion Energy ...                   complete.     0.110 s
  
 Calculating Ion-Electron Potential (spline) ... 
 complete.     0.202 s

 ------------------------------------------------------------------------------
                           DENSITY OPTIMIZATION
 Electron number for spin            1  is    16.000000000006352     
 Cell Volume      :           101.240011 Angstrom^3
 Ion number       :                    4
 Electron number  :            16.000000
 Ion density      :             0.039510 Ion/Angstrom^3
 Electron density :             0.158040 Electron/Angstrom^3
##############################################################################
#                               FINAL ENERGIES                       time    #
##############################################################################
# Thomas-Fermi Kin. Energy =   1.493898085301E+02 eV                 0.000 s #
# Von-Weizsacker Kin. Ener =   5.417499579207E+01 eV                 0.000 s #
#                                                                            #
# GGA(PBE) Exch-Cor Energy =  -1.292216771821E+02 eV                 0.000 s #
#         Coulombic Energy =   5.308887487202E+01 eV                 0.000 s #
#      Ion-Electron Energy =  -1.150224937032E+02 eV                 0.000 s #
#           Ion-Ion Energy =  -4.406975622819E+02 eV                 0.000 s #
#                                                                            #
#     TOTAL KINETIC ENERGY =   1.593169717544E+02 eV                         #
#   TOTAL POTENTIAL ENERGY =  -6.318528582952E+02 eV                         #
#             TOTAL ENERGY =  -4.725358865408E+02 eV                         #
##############################################################################
  
 ----------------------------- TIME INFORMATION ------------------------------
    PROFESS      :   5271.72s WALL    100.00% (       1 calls)  5271.72s/call
    InitPROFESS  :      0.47s WALL      0.01% (       1 calls)     0.47s/call
    KEDFRefresh  :      0.02s WALL      0.00% (       1 calls)     0.02s/call
    IonRefresh   :      0.34s WALL      0.01% (       1 calls)     0.34s/call
    EwaldEnergy  :      0.11s WALL      0.00% (       1 calls)     0.11s/call
    ForwFFT_3D   :   1064.84s WALL     20.20% (  148804 calls)     0.01s/call
    BackFFT_3D   :    479.91s WALL      9.10% (   94606 calls)     0.01s/call
    Pot_Ion      :      3.62s WALL      0.07% (    2127 calls)     0.00s/call
    Pot_Har      :     29.63s WALL      0.56% (    2127 calls)     0.01s/call
    Pot_Exc      :    574.86s WALL     10.90% (    2127 calls)     0.27s/call
    PBEPot       :    570.59s WALL     10.82% (    2127 calls)     0.27s/call
    Pot_KEDF     :   4613.28s WALL     87.51% (    2127 calls)     2.17s/call
    intPot       :   4545.41s WALL     86.22% (    2127 calls)     2.14s/call
    MakeXiG      :     24.19s WALL      0.46% (    2127 calls)     0.01s/call
    VWPotSqrPlus :     25.82s WALL      0.49% (    2127 calls)     0.01s/call
    intPot1      :   1255.00s WALL     23.81% (   31351 calls)     0.04s/call
    MakeHC10Kern :    127.00s WALL      2.41% (   33477 calls)     0.00s/call
    intPot2      :    907.32s WALL     17.21% (   31351 calls)     0.03s/call
    intPot3      :   1509.13s WALL     28.63% (   31351 calls)     0.05s/call
    intPot4      :    569.72s WALL     10.81% (   31351 calls)     0.02s/call
    NextGradient :      2.87s WALL      0.05% (     202 calls)     0.01s/call
 -----------------------------------------------------------------------------
 ------------------------------- TOTAL ---------------------------------------
    PROFESS      :   5271.72s WALL    100.00% (       1 calls)  5271.72s/call
 -----------------------------------------------------------------------------

Run completed on: 07/31/2024 at 12:54:42 
  
