 ******************************************************************************
                             WELCOME TO PROFESS                   
            (PRinceton Orbital-Free Electronic Structure Software) 
 ******************************************************************************

 ------------------------------------------------------------------------------
                           READ GEOMETRY
 Cell length (Bohr)    4.947E+00   4.947E+00   4.947E+00
 Angle     (Degree)    9.000E+01   9.000E+01   9.000E+01
 Volume    (Bohr^3)    1.210E+02

 ------------------------------------------------------------------------------
                           READ PSEUDOPOTENTIAL
 Total electron number in ReadPseudo is    3.0000000000000000     
 (System) Machine Precision              :    2.2204460492503131E-016

 ------------------------------------------------------------------------------
                           SETUP FFT
 Global FFT Dimension :    14   14   14
 Rank/Size in Global Communicator     :            0 /           1
 Rank/Size in Global FFT Communicator :            0 /           1
 Parallel FFT, totX    =    14
 Parallel FFT, totY    =    14
 Parallel FFT, locZ    =    14
 Parallel FFT, locZoff =     0
 Dimension of rho for this processor : 
 xmin, xmax :            0          13
 ymin, ymax :            0          13
 zmin, zmax :            0          13
 Total electron number =    3.0000000000000000     
 Uniform rhoR =    2.4784843748525669E-002
 (GB INFO) FFT size      :       14      14      14
 (GB INFO) FFT offset    :        0
 (GB INFO) FFT G size    :        8      14      14
 (GB INFO) FFT G offset  :        0

 ------------------------------------------------------------------------------
                           SETUP KEDF
 kinetic energy density functional number is            4
 ( 1=TF, 2=VW, 3=TF+VW, 4=WT,  5=WGC,  
   7=LQ, 8=HQ, 10=CAT,  11=HC, 12=WGCD,
   15=GGA, 16=WGCD+GGA, 17=EVT, 18=EVC )
 qTable dimension:     8   14   14
 Coefficient for TF KEDF is     1.0000
 Coefficient for VW KEDF is     1.0000
 Coefficient for alpha in WT KEDF is     0.8333
 Coefficient for beta  in WT KEDF is     0.8333
 rho0 (Electron/Bohr^3) in WGC KEDF is     0.0248
 hold0 =  F
  dV of each real space grid is now    4.4111412270106981E-002
 Cell length (Bohr)    4.947E+00   4.947E+00   4.947E+00
 Angle     (Degree)    9.000E+01   9.000E+01   9.000E+01
 Volume    (Bohr^3)    1.210E+02

 ------------------------------------------------------------------------------
                           SETUP EWALD 
 (Ewald) eta                             :   0.8137    
 (Ewald) Real Space Cutoff               :    6.000     (Bohr)
 (Ewald) Reciprocal Cutoff               :    8.256     (1/Bohr)

 ------------------------------------------------------------------------------
                           SETUP PLANE WAVE 
 Read in WT kernel.
 kernel file name  : 7PROFESS_KERNEL.dat           
 KEDF type         :     4
 Fermi vector      :   1.182014212099E+00
 Reference density :  -1.000000000000E+00
 Mesh points       :   200002
 Fermi vector in this cell is    1.8039827931212955     
 Fermi vector from kernel file is    1.1820142120987149     
 First qNorm is    0.0000000000000000     
 size of Wang-Teter kernel in this run is            8          14          14
 Max |G| in this calculation is   1.540021719627E+01
 Max eta used from kernel is   8.536787188323E+00

 ------------------------------------------------------------------------------
                           REFRESH ION POSITIONS
  
 Calculating Ion-Ion Energy ...                   complete.     0.000 s
  
 Calculating Ion-Electron Potential (spline) ... 
 complete.     0.000 s

 ------------------------------------------------------------------------------
                           DENSITY OPTIMIZATION
 Electron number for spin            1  is    3.0000000000001097     
 Cell Volume      :            17.936531 Angstrom^3
 Ion number       :                    1
 Electron number  :             3.000000
 Ion density      :             0.055752 Ion/Angstrom^3
 Electron density :             0.167256 Electron/Angstrom^3
##############################################################################
#                               FINAL ENERGIES                       time    #
##############################################################################
# Thomas-Fermi Kin. Energy =   2.088601816735E+01 eV                 0.000 s #
# Von-Weizsacker Kin. Ener =   3.285939420166E+00 eV                 0.000 s #
# Wang-Teter Kinetic Energ =  -1.809430387876E+00 eV                 0.000 s #
#                                                                            #
#     LDA Exch-Corr Energy =  -2.153035030881E+01 eV                 0.000 s #
#         Coulombic Energy =   4.094863857846E-01 eV                 0.000 s #
#      Ion-Electron Energy =   1.126091317393E+01 eV                 0.000 s #
#           Ion-Ion Energy =  -7.023544172269E+01 eV                 0.000 s #
#                                                                            #
#     TOTAL KINETIC ENERGY =   2.236252719964E+01 eV                         #
#   TOTAL POTENTIAL ENERGY =  -8.009539247178E+01 eV                         #
#             TOTAL ENERGY =  -5.773286527215E+01 eV                         #
##############################################################################
  
 ----------------------------- TIME INFORMATION ------------------------------
    PROFESS      :      0.66s WALL    100.00% (       1 calls)     0.66s/call
    InitPROFESS  :      0.40s WALL     60.01% (       1 calls)     0.40s/call
    KEDFRefresh  :      0.37s WALL     55.05% (       1 calls)     0.37s/call
    IonRefresh   :      0.00s WALL      0.09% (       1 calls)     0.00s/call
    EwaldEnergy  :      0.00s WALL      0.04% (       1 calls)     0.00s/call
    Pot_Ion      :      0.00s WALL      0.02% (      52 calls)     0.00s/call
    Pot_Har      :      0.00s WALL      0.38% (      52 calls)     0.00s/call
    Pot_Exc      :      0.02s WALL      2.36% (      52 calls)     0.00s/call
    Pot_KEDF     :      0.06s WALL      9.59% (      52 calls)     0.00s/call
    VWPotSqrPlus :      0.00s WALL      0.37% (      52 calls)     0.00s/call
    NextGradient :      0.00s WALL      0.03% (       6 calls)     0.00s/call
 -----------------------------------------------------------------------------
 ------------------------------- TOTAL ---------------------------------------
    PROFESS      :      0.66s WALL    100.00% (       1 calls)     0.66s/call
 -----------------------------------------------------------------------------

Run completed on: 09/27/2021 at 11:16:04 
  
