 ******************************************************************************
                             WELCOME TO PROFESS                   
            (PRinceton Orbital-Free Electronic Structure Software) 
 ******************************************************************************

 ------------------------------------------------------------------------------
                           READ GEOMETRY
 Cell length (Bohr)    5.143E+00   5.143E+00   5.143E+00
 Angle     (Degree)    9.000E+01   9.000E+01   9.000E+01
 Volume    (Bohr^3)    1.360E+02

 ------------------------------------------------------------------------------
                           READ PSEUDOPOTENTIAL
 Total electron number in ReadPseudo is    1.0000000000000000     
 (System) Machine Precision              :    2.2204460492503131E-016

 ------------------------------------------------------------------------------
                           SETUP FFT
 Global FFT Dimension :    14   14   14
 Rank/Size in Global Communicator     :            0 /           1
 Rank/Size in Global FFT Communicator :            0 /           1
 Parallel FFT, totX    =    14
 Parallel FFT, totY    =    14
 Parallel FFT, locZ    =    14
 Parallel FFT, locZoff =     0
 Dimension of rho for this processor : 
 xmin, xmax :            0          13
 ymin, ymax :            0          13
 zmin, zmax :            0          13
 Total electron number =    1.0000000000000000     
 Uniform rhoR =    7.3511776712401463E-003
 (GB INFO) FFT size      :       14      14      14
 (GB INFO) FFT offset    :        0
 (GB INFO) FFT G size    :        8      14      14
 (GB INFO) FFT G offset  :        0

 ------------------------------------------------------------------------------
                           SETUP KEDF
 kinetic energy density functional number is            4
 ( 1=TF, 2=VW, 3=TF+VW, 4=WT,  5=WGC,  
   7=LQ, 8=HQ, 10=CAT,  11=HC, 12=WGCD,
   15=GGA, 16=WGCD+GGA, 17=EVT, 18=EVC )
 qTable dimension:     8   14   14
 Coefficient for TF KEDF is     1.0000
 Coefficient for VW KEDF is     1.0000
 Coefficient for alpha in WT KEDF is     0.8333
 Coefficient for beta  in WT KEDF is     0.8333
 rho0 (Electron/Bohr^3) in WGC KEDF is     0.0074
 hold0 =  F
  dV of each real space grid is now    4.9574572018062341E-002
 Cell length (Bohr)    5.143E+00   5.143E+00   5.143E+00
 Angle     (Degree)    9.000E+01   9.000E+01   9.000E+01
 Volume    (Bohr^3)    1.360E+02

 ------------------------------------------------------------------------------
                           SETUP EWALD 
 (Ewald) eta                             :   0.8190    
 (Ewald) Real Space Cutoff               :    6.000     (Bohr)
 (Ewald) Reciprocal Cutoff               :    7.941     (1/Bohr)

 ------------------------------------------------------------------------------
                           SETUP PLANE WAVE 
 Read in WT kernel.
 kernel file name  : PROFESS_KERNEL.dat            
 KEDF type         :     4
 Fermi vector      :   1.182014212099E+00
 Reference density :  -1.000000000000E+00
 Mesh points       :    20001
 Fermi vector in this cell is    1.2030655812698872     
 Fermi vector from kernel file is    1.1820142120987149     
 First qNorm is    0.0000000000000000     
 size of Wang-Teter kernel in this run is            8          14          14
 Max |G| in this calculation is   1.481235716621E+01
 Max eta used from kernel is   1.231217765417E+01

 ------------------------------------------------------------------------------
                           REFRESH ION POSITIONS
  
 Calculating Ion-Ion Energy ...                   complete.     0.000 s
  
 Calculating Ion-Electron Potential (spline) ... 
 complete.     0.000 s

 ------------------------------------------------------------------------------
                           DENSITY OPTIMIZATION
 Electron number for spin            1  is   0.99999999999994182     
 Cell Volume      :            20.157955 Angstrom^3
 Ion number       :                    1
 Electron number  :             1.000000
 Ion density      :             0.049608 Ion/Angstrom^3
 Electron density :             0.049608 Electron/Angstrom^3
##############################################################################
#                               FINAL ENERGIES                       time    #
##############################################################################
# Thomas-Fermi Kin. Energy =   2.985697064806E+00 eV                 0.000 s #
# Von-Weizsacker Kin. Ener =   2.217496354467E-01 eV                 0.000 s #
# Wang-Teter Kinetic Energ =  -5.742462208770E-02 eV                 0.000 s #
#                                                                            #
#     LDA Exch-Corr Energy =  -4.909142265927E+00 eV                 0.000 s #
#         Coulombic Energy =   1.119885656107E-02 eV                 0.000 s #
#      Ion-Electron Energy =   1.801100699948E+00 eV                 0.000 s #
#           Ion-Ion Energy =  -7.506044559639E+00 eV                 0.000 s #
#                                                                            #
#     TOTAL KINETIC ENERGY =   3.150022078165E+00 eV                         #
#   TOTAL POTENTIAL ENERGY =  -1.060288726906E+01 eV                         #
#             TOTAL ENERGY =  -7.452865190891E+00 eV                         #
##############################################################################
  
 ----------------------------- TIME INFORMATION ------------------------------
    PROFESS      :      0.25s WALL    100.00% (       1 calls)     0.25s/call
    InitPROFESS  :      0.06s WALL     23.55% (       1 calls)     0.06s/call
    KEDFRefresh  :      0.04s WALL     17.30% (       1 calls)     0.04s/call
    IonRefresh   :      0.00s WALL      0.29% (       1 calls)     0.00s/call
    EwaldEnergy  :      0.00s WALL      0.13% (       1 calls)     0.00s/call
    Pot_Ion      :      0.00s WALL      0.07% (      64 calls)     0.00s/call
    Pot_Har      :      0.00s WALL      1.46% (      64 calls)     0.00s/call
    Pot_Exc      :      0.02s WALL      7.89% (      64 calls)     0.00s/call
    Pot_KEDF     :      0.08s WALL     33.52% (      64 calls)     0.00s/call
    VWPotSqrPlus :      0.00s WALL      1.35% (      64 calls)     0.00s/call
    NextGradient :      0.00s WALL      0.08% (       6 calls)     0.00s/call
 -----------------------------------------------------------------------------
 ------------------------------- TOTAL ---------------------------------------
    PROFESS      :      0.25s WALL    100.00% (       1 calls)     0.25s/call
 -----------------------------------------------------------------------------

Run completed on: 08/14/2021 at 19:03:46 
  
