 ******************************************************************************
                             WELCOME TO PROFESS                   
            (PRinceton Orbital-Free Electronic Structure Software) 
 ******************************************************************************

 ------------------------------------------------------------------------------
                           READ GEOMETRY
 Cell length (Bohr)    5.574E+00   5.574E+00   5.574E+00
 Angle     (Degree)    6.000E+01   6.000E+01   6.000E+01
 Volume    (Bohr^3)    1.225E+02

 ------------------------------------------------------------------------------
                           READ PSEUDOPOTENTIAL
 Total electron number in ReadPseudo is    1.0000000000000000     
 (System) Machine Precision              :    2.2204460492503131E-016

 ------------------------------------------------------------------------------
                           SETUP FFT
 Global FFT Dimension :    15   15   15
 Rank/Size in Global Communicator     :            0 /           1
 Rank/Size in Global FFT Communicator :            0 /           1
 Parallel FFT, totX    =    15
 Parallel FFT, totY    =    15
 Parallel FFT, locZ    =    15
 Parallel FFT, locZoff =     0
 Dimension of rho for this processor : 
 xmin, xmax :            0          14
 ymin, ymax :            0          14
 zmin, zmax :            0          14
 Total electron number =    1.0000000000000000     
 Uniform rhoR =    8.1649894370398827E-003
 (GB INFO) FFT size      :       15      15      15
 (GB INFO) FFT offset    :        0
 (GB INFO) FFT G size    :        8      15      15
 (GB INFO) FFT G offset  :        0

 ------------------------------------------------------------------------------
                           SETUP KEDF
 kinetic energy density functional number is            4
 ( 1=TF, 2=VW, 3=TF+VW, 4=WT,  5=WGC,  
   7=LQ, 8=HQ, 10=CAT,  11=HC, 12=WGCD,
   15=GGA, 16=WGCD+GGA, 17=EVT, 18=EVC )
 qTable dimension:     8   15   15
 Coefficient for TF KEDF is     1.0000
 Coefficient for VW KEDF is     1.0000
 Coefficient for alpha in WT KEDF is     0.8333
 Coefficient for beta  in WT KEDF is     0.8333
 rho0 (Electron/Bohr^3) in WGC KEDF is     0.0082
 hold0 =  F
  dV of each real space grid is now    3.6288631918146720E-002
 Cell length (Bohr)    5.574E+00   5.574E+00   5.574E+00
 Angle     (Degree)    6.000E+01   6.000E+01   6.000E+01
 Volume    (Bohr^3)    1.225E+02

 ------------------------------------------------------------------------------
                           SETUP EWALD 
 (Ewald) eta                             :   0.8137    
 (Ewald) Real Space Cutoff               :    6.000     (Bohr)
 (Ewald) Reciprocal Cutoff               :    7.890     (1/Bohr)

 ------------------------------------------------------------------------------
                           SETUP PLANE WAVE 
 Read in WT kernel.
 kernel file name  : PROFESS_KERNEL.dat            
 KEDF type         :     4
 Fermi vector      :   1.182014212099E+00
 Reference density :  -1.000000000000E+00
 Mesh points       :    20001
 Fermi vector in this cell is    1.2459163109438554     
 Fermi vector from kernel file is    1.1820142120987149     
 First qNorm is    0.0000000000000000     
 size of Wang-Teter kernel in this run is            8          15          15
 Max |G| in this calculation is   1.850430577148E+01
 Max eta used from kernel is   1.485196526359E+01

 ------------------------------------------------------------------------------
                           REFRESH ION POSITIONS
  
 Calculating Ion-Ion Energy ...                   complete.     0.000 s
  
 Calculating Ion-Electron Potential (spline) ... 
 complete.     0.000 s

 ------------------------------------------------------------------------------
                           DENSITY OPTIMIZATION
 Electron number for spin            1  is    1.0000000000000699     
 Cell Volume      :            18.148794 Angstrom^3
 Ion number       :                    1
 Electron number  :             1.000000
 Ion density      :             0.055100 Ion/Angstrom^3
 Electron density :             0.055100 Electron/Angstrom^3
##############################################################################
#                               FINAL ENERGIES                       time    #
##############################################################################
# Thomas-Fermi Kin. Energy =   3.211433504102E+00 eV                 0.000 s #
# Von-Weizsacker Kin. Ener =   2.640750053866E-01 eV                 0.000 s #
# Wang-Teter Kinetic Energ =  -8.127062156146E-02 eV                 0.000 s #
#                                                                            #
#     LDA Exch-Corr Energy =  -5.071978194320E+00 eV                 0.000 s #
#         Coulombic Energy =   1.523044418439E-02 eV                 0.000 s #
#      Ion-Electron Energy =   1.977429344386E+00 eV                 0.000 s #
#           Ion-Ion Energy =  -7.913078004997E+00 eV                 0.000 s #
#                                                                            #
#     TOTAL KINETIC ENERGY =   3.394237887927E+00 eV                         #
#   TOTAL POTENTIAL ENERGY =  -1.099239641075E+01 eV                         #
#             TOTAL ENERGY =  -7.598158522820E+00 eV                         #
##############################################################################
  
 ----------------------------- TIME INFORMATION ------------------------------
    PROFESS      :      0.46s WALL    100.00% (       1 calls)     0.46s/call
    InitPROFESS  :      0.05s WALL     11.00% (       1 calls)     0.05s/call
    KEDFRefresh  :      0.04s WALL      7.65% (       1 calls)     0.04s/call
    IonRefresh   :      0.00s WALL      0.20% (       1 calls)     0.00s/call
    EwaldEnergy  :      0.00s WALL      0.09% (       1 calls)     0.00s/call
    Pot_Ion      :      0.00s WALL      0.06% (      72 calls)     0.00s/call
    Pot_Har      :      0.01s WALL      1.53% (      72 calls)     0.00s/call
    Pot_Exc      :      0.03s WALL      6.91% (      72 calls)     0.00s/call
    Pot_KEDF     :      0.14s WALL     30.43% (      72 calls)     0.00s/call
    VWPotSqrPlus :      0.01s WALL      1.45% (      72 calls)     0.00s/call
    NextGradient :      0.00s WALL      0.07% (       6 calls)     0.00s/call
 -----------------------------------------------------------------------------
 ------------------------------- TOTAL ---------------------------------------
    PROFESS      :      0.46s WALL    100.00% (       1 calls)     0.46s/call
 -----------------------------------------------------------------------------

Run completed on: 08/14/2021 at 19:03:46 
  
