 ******************************************************************************
                             WELCOME TO PROFESS                   
            (PRinceton Orbital-Free Electronic Structure Software) 
 ******************************************************************************

 ------------------------------------------------------------------------------
                           READ GEOMETRY
 Cell length (Bohr)    7.412E+00   7.412E+00   1.218E+01
 Angle     (Degree)    9.000E+01   9.000E+01   1.200E+02
 Volume    (Bohr^3)    5.796E+02

 ------------------------------------------------------------------------------
                           READ PSEUDOPOTENTIAL
 Total electron number in ReadPseudo is    16.000000000000000     
 (System) Machine Precision              :    2.2204460492503131E-016

 ------------------------------------------------------------------------------
                           SETUP FFT
 Global FFT Dimension :    40   40   60
 Dimension of rho for this processor : 
 xmin, xmax :            0          39
 ymin, ymax :            0          39
 zmin, zmax :            0          59
 Total electron number =    16.000000000000000     
 Uniform rhoR =    2.7605386597974128E-002
 (GB INFO) FFT size      :       40      40      60
 (GB INFO) FFT offset    :        0
 (GB INFO) FFT G size    :       21      40      60
 (GB INFO) FFT G offset  :        0

 ------------------------------------------------------------------------------
                           SETUP KEDF
 kinetic energy density functional number is            5
 ( 1=TF, 2=VW, 3=TF+VW, 4=WT,  5=WGC,  
   7=LQ, 8=HQ, 10=CAT,  11=HC, 12=WGCD,
   15=GGA, 16=WGCD+GGA, 17=EVT, 18=EVC )
 qTable dimension:    21   40   60
 Coefficient for TF KEDF is     1.0000
 Coefficient for VW KEDF is     1.0000
 Coefficient for alpha in WGC KEDF is     1.2060
 Coefficient for beta  in WGC KEDF is     0.4607
 Coefficient for gamma in WGC KEDF is     4.2000
 rho0 (Electron/Bohr^3) in WGC KEDF is     0.0276
 rhoS (Electron/Bohr^3) in WGC KEDF is     0.0276
 hold0 =  F
 holdS =  F
  dV of each real space grid is now    6.0374690307324957E-003
 Cell length (Bohr)    7.412E+00   7.412E+00   1.218E+01
 Angle     (Degree)    9.000E+01   9.000E+01   1.200E+02
 Volume    (Bohr^3)    5.796E+02

 ------------------------------------------------------------------------------
                           SETUP EWALD 
 (Ewald) eta                             :    1.200    
 (Ewald) Real Space Cutoff               :    6.000     (Bohr)
 (Ewald) Reciprocal Cutoff               :    15.22     (1/Bohr)

 ------------------------------------------------------------------------------
                           SETUP PLANE WAVE 

 ------------------------------------------------------------------------------
                           INITIALIZING WGC KERNEL
 Fermi vector :   0.93498564809046203     
 Reference density :    2.7605386597974128E-002
 Make WGC kernels.
 Dimension of KEDF Kernel :           21          40          60

 ------------------------------------------------------------------------------
                           REFRESH ION POSITIONS
  
 Calculating Ion-Ion Energy ...                   complete.     0.011 s
  
 Calculating Ion-Electron Potential (spline) ... 
 complete.     0.021 s

 ------------------------------------------------------------------------------
                           DENSITY OPTIMIZATION
 Electron number for spin            1  is    15.999999999982093     
 Cell Volume      :            85.887417 Angstrom^3
 Ion number       :                    4
 Electron number  :            16.000000
 Ion density      :             0.046573 Ion/Angstrom^3
 Electron density :             0.186290 Electron/Angstrom^3
  
 ----------------------------- TIME INFORMATION ------------------------------
    PROFESS      :     29.26s WALL    100.00% (       1 calls)    29.26s/call
    InitPROFESS  :      0.10s WALL      0.36% (       1 calls)     0.10s/call
    KEDFRefresh  :      0.04s WALL      0.13% (       1 calls)     0.04s/call
    IonRefresh   :      0.04s WALL      0.12% (       1 calls)     0.04s/call
    EwaldEnergy  :      0.01s WALL      0.04% (       1 calls)     0.01s/call
    ForwFFT_3D   :      5.35s WALL     18.29% (    1191 calls)     0.00s/call
    BackFFT_3D   :      3.72s WALL     12.72% (    1189 calls)     0.00s/call
    Pot_Ion      :      0.08s WALL      0.28% (      99 calls)     0.00s/call
    Pot_Har      :      0.88s WALL      2.99% (      99 calls)     0.01s/call
    Pot_Exc      :     16.74s WALL     57.21% (      99 calls)     0.17s/call
    PBEPot       :     16.08s WALL     54.95% (      99 calls)     0.16s/call
    Pot_KEDF     :     10.18s WALL     34.78% (      99 calls)     0.10s/call
    WGCPotPlus   :      8.17s WALL     27.91% (      99 calls)     0.08s/call
    VWPotSqrPlus :      0.68s WALL      2.32% (      99 calls)     0.01s/call
    NextGradient :      0.03s WALL      0.10% (       6 calls)     0.00s/call
 -----------------------------------------------------------------------------
