 ******************************************************************************
                             WELCOME TO PROFESS                   
            (PRinceton Orbital-Free Electronic Structure Software) 
 ******************************************************************************

 ------------------------------------------------------------------------------
                           READ GEOMETRY
 Cell length (Bohr)    5.470E+00   5.470E+00   5.470E+00
 Angle     (Degree)    9.000E+01   9.000E+01   9.000E+01
 Volume    (Bohr^3)    1.637E+02

 ------------------------------------------------------------------------------
                           READ PSEUDOPOTENTIAL
 Total electron number in ReadPseudo is    2.0000000000000000     
 (System) Machine Precision              :    2.2204460492503131E-016

 ------------------------------------------------------------------------------
                           SETUP FFT
 Global FFT Dimension :    14   14   14
 Rank/Size in Global Communicator     :            0 /           1
 Rank/Size in Global FFT Communicator :            0 /           1
 Parallel FFT, totX    =    14
 Parallel FFT, totY    =    14
 Parallel FFT, locZ    =    14
 Parallel FFT, locZoff =     0
 Dimension of rho for this processor : 
 xmin, xmax :            0          13
 ymin, ymax :            0          13
 zmin, zmax :            0          13
 Total electron number =    2.0000000000000000     
 Uniform rhoR =    1.2218109239891516E-002
 (GB INFO) FFT size      :       14      14      14
 (GB INFO) FFT offset    :        0
 (GB INFO) FFT G size    :        8      14      14
 (GB INFO) FFT G offset  :        0

 ------------------------------------------------------------------------------
                           SETUP KEDF
 kinetic energy density functional number is            5
 ( 1=TF, 2=VW, 3=TF+VW, 4=WT,  5=WGC,  
   7=LQ, 8=HQ, 10=CAT,  11=HC, 12=WGCD,
   15=GGA, 16=WGCD+GGA, 17=EVT, 18=EVC )
 qTable dimension:     8   14   14
 Coefficient for TF KEDF is     1.0000
 Coefficient for VW KEDF is     1.0000
 Coefficient for alpha in WGC KEDF is     1.2060
 Coefficient for beta  in WGC KEDF is     0.4607
 Coefficient for gamma in WGC KEDF is     2.7000
 rho0 (Electron/Bohr^3) in WGC KEDF is     0.0122
 rhoS (Electron/Bohr^3) in WGC KEDF is     0.0122
 hold0 =  F
 holdS =  F
  dV of each real space grid is now    5.9654317984097878E-002
 Cell length (Bohr)    5.470E+00   5.470E+00   5.470E+00
 Angle     (Degree)    9.000E+01   9.000E+01   9.000E+01
 Volume    (Bohr^3)    1.637E+02

 ------------------------------------------------------------------------------
                           SETUP EWALD 
 (Ewald) eta                             :   0.7502    
 (Ewald) Real Space Cutoff               :    6.280     (Bohr)
 (Ewald) Reciprocal Cutoff               :    7.466     (1/Bohr)

 ------------------------------------------------------------------------------
                           SETUP PLANE WAVE 

 ------------------------------------------------------------------------------
                           INITIALIZING WGC KERNEL
 Fermi vector :   0.71253849907482170     
 Reference density :    1.2218109239891516E-002
 Make WGC kernels.
 Dimension of KEDF Kernel :            8          14          14

 ------------------------------------------------------------------------------
                           REFRESH ION POSITIONS
  
 Calculating Ion-Ion Energy ...                   complete.     0.000 s
  
 Calculating Ion-Electron Potential (spline) ... 
 complete.     0.000 s

 ------------------------------------------------------------------------------
                           DENSITY OPTIMIZATION
 Electron number for spin            1  is    2.0000000000000333     
 Cell Volume      :            24.256570 Angstrom^3
 Ion number       :                    1
 Electron number  :             2.000000
 Ion density      :             0.041226 Ion/Angstrom^3
 Electron density :             0.082452 Electron/Angstrom^3
##############################################################################
#                               FINAL ENERGIES                       time    #
##############################################################################
# Thomas-Fermi Kin. Energy =   8.497292000506E+00 eV                 0.000 s #
# Von-Weizsacker Kin. Ener =   1.142535001661E+00 eV                 0.000 s #
#       WGC Kinetic Energy =  -3.631602781286E-01 eV                 0.000 s #
#                                                                            #
#     LDA Exch-Corr Energy =  -1.149848833632E+01 eV                 0.000 s #
#         Coulombic Energy =   6.729037376233E-02 eV                 0.000 s #
#      Ion-Electron Energy =   6.088526398688E+00 eV                 0.000 s #
#           Ion-Ion Energy =  -2.822778661949E+01 eV                 0.000 s #
#                                                                            #
#     TOTAL KINETIC ENERGY =   9.276666724039E+00 eV                         #
#   TOTAL POTENTIAL ENERGY =  -3.357045818336E+01 eV                         #
#             TOTAL ENERGY =  -2.429379145932E+01 eV                         #
##############################################################################
  
 ----------------------------- TIME INFORMATION ------------------------------
    PROFESS      :      0.23s WALL    100.00% (       1 calls)     0.23s/call
    InitPROFESS  :      0.03s WALL     13.72% (       1 calls)     0.03s/call
    KEDFRefresh  :      0.01s WALL      5.49% (       1 calls)     0.01s/call
    IonRefresh   :      0.00s WALL      0.35% (       1 calls)     0.00s/call
    EwaldEnergy  :      0.00s WALL      0.18% (       1 calls)     0.00s/call
    Pot_Ion      :      0.00s WALL      0.06% (      58 calls)     0.00s/call
    Pot_Har      :      0.00s WALL      1.29% (      58 calls)     0.00s/call
    Pot_Exc      :      0.02s WALL      7.71% (      58 calls)     0.00s/call
    Pot_KEDF     :      0.08s WALL     36.63% (      58 calls)     0.00s/call
    WGCPotPlus   :      0.06s WALL     28.12% (      58 calls)     0.00s/call
    VWPotSqrPlus :      0.00s WALL      1.21% (      58 calls)     0.00s/call
    NextGradient :      0.00s WALL      0.08% (       6 calls)     0.00s/call
 -----------------------------------------------------------------------------
 ------------------------------- TOTAL ---------------------------------------
    PROFESS      :      0.23s WALL    100.00% (       1 calls)     0.23s/call
 -----------------------------------------------------------------------------

Run completed on: 08/19/2021 at 15:44:00 
  
