 ******************************************************************************
                             WELCOME TO PROFESS                   
            (PRinceton Orbital-Free Electronic Structure Software) 
 ******************************************************************************

 ------------------------------------------------------------------------------
                           READ GEOMETRY
 Cell length (Bohr)    8.031E+00   8.031E+00   1.318E+01
 Angle     (Degree)    9.000E+01   9.000E+01   1.200E+02
 Volume    (Bohr^3)    7.363E+02

 ------------------------------------------------------------------------------
                           READ PSEUDOPOTENTIAL
 Total electron number in ReadPseudo is    16.000000000000000     
 (System) Machine Precision              :    2.2204460492503131E-016

 ------------------------------------------------------------------------------
                           SETUP FFT
 Global FFT Dimension :    40   40   70
 Dimension of rho for this processor : 
 xmin, xmax :            0          39
 ymin, ymax :            0          39
 zmin, zmax :            0          69
 Total electron number =    16.000000000000000     
 Uniform rhoR =    2.1730445077265164E-002
 (GB INFO) FFT size      :       40      40      70
 (GB INFO) FFT offset    :        0
 (GB INFO) FFT G size    :       21      40      70
 (GB INFO) FFT G offset  :        0

 ------------------------------------------------------------------------------
                           SETUP KEDF
 kinetic energy density functional number is           11
 ( 1=TF, 2=VW, 3=TF+VW, 4=WT,  5=WGC,  
   7=LQ, 8=HQ, 10=CAT,  11=HC, 12=WGCD,
   15=GGA, 16=WGCD+GGA, 17=EVT, 18=EVC )
 qTable dimension:    21   40   70
 rhoS=   2.1730445077265164E-002
 rho0=   2.1730445077265164E-002
 coefficients for TF KEDF is     1.000000
 coefficients for VW KEDF is     1.000000
 Lambda in HC10 is set to     0.012000
 ALPHA  in HC10 is set to     1.821667
 BETA   in HC10 is set to     0.845000
 Sum of alpha and beta is     2.666667
  dV of each real space grid is now    6.5740550802893096E-003
 Cell length (Bohr)    8.031E+00   8.031E+00   1.318E+01
 Angle     (Degree)    9.000E+01   9.000E+01   1.200E+02
 Volume    (Bohr^3)    7.363E+02

 ------------------------------------------------------------------------------
                           SETUP EWALD 
 (Ewald) eta                             :    1.200    
 (Ewald) Real Space Cutoff               :    6.000     (Bohr)
 (Ewald) Reciprocal Cutoff               :    15.26     (1/Bohr)

 ------------------------------------------------------------------------------
                           SETUP PLANE WAVE 

 ------------------------------------------------------------------------------
                           REFRESH ION POSITIONS
  
 Calculating Ion-Ion Energy ...                   complete.     0.010 s
  
 Calculating Ion-Electron Potential (spline) ... 
 complete.     0.023 s

 ------------------------------------------------------------------------------
                           DENSITY OPTIMIZATION
 Electron number for spin            1  is    15.999999999998138     
 Cell Volume      :           109.107538 Angstrom^3
 Ion number       :                    4
 Electron number  :            16.000000
 Ion density      :             0.036661 Ion/Angstrom^3
 Electron density :             0.146644 Electron/Angstrom^3
##############################################################################
#                               FINAL ENERGIES                       time    #
##############################################################################
# Thomas-Fermi Kin. Energy =   1.442620343841E+02 eV                 0.000 s #
# Von-Weizsacker Kin. Ener =   5.194796086031E+01 eV                 0.000 s #
#                                                                            #
# GGA(PBE) Exch-Cor Energy =  -1.270379764758E+02 eV                 0.000 s #
#         Coulombic Energy =   5.456154719241E+01 eV                 0.000 s #
#      Ion-Electron Energy =  -1.332355044553E+02 eV                 0.000 s #
#           Ion-Ion Energy =  -4.298375834235E+02 eV                 0.000 s #
#                                                                            #
#     TOTAL KINETIC ENERGY =   1.546422313071E+02 eV                         #
#   TOTAL POTENTIAL ENERGY =  -6.355495171622E+02 eV                         #
#             TOTAL ENERGY =  -4.809072858550E+02 eV                         #
##############################################################################
  
 ----------------------------- TIME INFORMATION ------------------------------
    PROFESS      :   4191.51s WALL    100.00% (       1 calls)  4191.51s/call
    InitPROFESS  :      0.07s WALL      0.00% (       1 calls)     0.07s/call
    KEDFRefresh  :      0.00s WALL      0.00% (       1 calls)     0.00s/call
    IonRefresh   :      0.04s WALL      0.00% (       1 calls)     0.04s/call
    EwaldEnergy  :      0.01s WALL      0.00% (       1 calls)     0.01s/call
    ForwFFT_3D   :    913.46s WALL     21.79% (   96027 calls)     0.01s/call
    BackFFT_3D   :    410.51s WALL      9.79% (   59981 calls)     0.01s/call
    Pot_Ion      :      2.69s WALL      0.06% (    1260 calls)     0.00s/call
    Pot_Har      :     24.32s WALL      0.58% (    1260 calls)     0.02s/call
    Pot_Exc      :    461.84s WALL     11.02% (    1260 calls)     0.37s/call
    PBEPot       :    458.67s WALL     10.94% (    1260 calls)     0.36s/call
    Pot_KEDF     :   3664.12s WALL     87.42% (    1260 calls)     2.91s/call
    intPot       :   3610.35s WALL     86.13% (    1260 calls)     2.87s/call
    MakeXiG      :     18.98s WALL      0.45% (    1260 calls)     0.02s/call
    VWPotSqrPlus :     21.98s WALL      0.52% (    1260 calls)     0.02s/call
    intPot1      :    999.62s WALL     23.85% (   20541 calls)     0.05s/call
    MakeHC10Kern :    102.10s WALL      2.44% (   21800 calls)     0.00s/call
    intPot2      :    692.34s WALL     16.52% (   20541 calls)     0.03s/call
    intPot3      :   1240.22s WALL     29.59% (   20541 calls)     0.06s/call
    intPot4      :    434.78s WALL     10.37% (   20541 calls)     0.02s/call
    NextGradient :      2.15s WALL      0.05% (     128 calls)     0.02s/call
 -----------------------------------------------------------------------------
 ------------------------------- TOTAL ---------------------------------------
    PROFESS      :   4191.51s WALL    100.00% (       1 calls)  4191.51s/call
 -----------------------------------------------------------------------------

Run completed on: 07/31/2024 at 00:53:38 
  
