 ******************************************************************************
                             WELCOME TO PROFESS                   
            (PRinceton Orbital-Free Electronic Structure Software) 
 ******************************************************************************

 ------------------------------------------------------------------------------
                           READ GEOMETRY
 Cell length (Bohr)    7.372E+00   7.372E+00   7.372E+00
 Angle     (Degree)    6.000E+01   6.000E+01   6.000E+01
 Volume    (Bohr^3)    2.833E+02

 ------------------------------------------------------------------------------
                           READ PSEUDOPOTENTIAL
 Total electron number in ReadPseudo is    8.0000000000000000     
 (System) Machine Precision              :    2.2204460492503131E-016

 ------------------------------------------------------------------------------
                           SETUP FFT
 Global FFT Dimension :    36   36   36
 Dimension of rho for this processor : 
 xmin, xmax :            0          35
 ymin, ymax :            0          35
 zmin, zmax :            0          35
 Total electron number =    8.0000000000000000     
 Uniform rhoR =    2.8243073506802146E-002
 (GB INFO) FFT size      :       36      36      36
 (GB INFO) FFT offset    :        0
 (GB INFO) FFT G size    :       19      36      36
 (GB INFO) FFT G offset  :        0

 ------------------------------------------------------------------------------
                           SETUP KEDF
 kinetic energy density functional number is           11
 ( 1=TF, 2=VW, 3=TF+VW, 4=WT,  5=WGC,  
   7=LQ, 8=HQ, 10=CAT,  11=HC, 12=WGCD,
   15=GGA, 16=WGCD+GGA, 17=EVT, 18=EVC )
 qTable dimension:    19   36   36
 rhoS=   2.8243073506802146E-002
 rho0=   2.8243073506802146E-002
 coefficients for TF KEDF is     1.000000
 coefficients for VW KEDF is     1.000000
 Lambda in HC10 is set to     0.010000
 ALPHA  in HC10 is set to     2.016667
 BETA   in HC10 is set to     0.650000
 Sum of alpha and beta is     2.666667
  dV of each real space grid is now    6.0711439220331254E-003
 Cell length (Bohr)    7.372E+00   7.372E+00   7.372E+00
 Angle     (Degree)    6.000E+01   6.000E+01   6.000E+01
 Volume    (Bohr^3)    2.833E+02

 ------------------------------------------------------------------------------
                           SETUP EWALD 
 (Ewald) eta                             :    1.200    
 (Ewald) Real Space Cutoff               :    6.000     (Bohr)
 (Ewald) Reciprocal Cutoff               :    14.92     (1/Bohr)

 ------------------------------------------------------------------------------
                           SETUP PLANE WAVE 

 ------------------------------------------------------------------------------
                           REFRESH ION POSITIONS
  
 Calculating Ion-Ion Energy ...                   complete.     0.003 s
  
 Calculating Ion-Electron Potential (spline) ... 
 complete.     0.004 s

 ------------------------------------------------------------------------------
                           DENSITY OPTIMIZATION
 Electron number for spin            1  is    7.9999999999959783     
 Cell Volume      :            41.974103 Angstrom^3
 Ion number       :                    2
 Electron number  :             8.000000
 Ion density      :             0.047648 Ion/Angstrom^3
 Electron density :             0.190594 Electron/Angstrom^3
##############################################################################
#                               FINAL ENERGIES                       time    #
##############################################################################
# Thomas-Fermi Kin. Energy =   7.210871075342E+01 eV                 0.000 s #
# Von-Weizsacker Kin. Ener =   2.080296720019E+01 eV                 0.000 s #
#                                                                            #
# GGA(PBE) Exch-Cor Energy =  -6.423889651034E+01 eV                 0.000 s #
#         Coulombic Energy =   1.378437054098E+01 eV                 0.000 s #
#      Ion-Electron Energy =  -1.882263476899E+01 eV                 0.000 s #
#           Ion-Ion Energy =  -2.249686269257E+02 eV                 0.000 s #
#                                                                            #
#     TOTAL KINETIC ENERGY =   7.710987734331E+01 eV                         #
#   TOTAL POTENTIAL ENERGY =  -2.942457876641E+02 eV                         #
#             TOTAL ENERGY =  -2.171359103208E+02 eV                         #
##############################################################################
  
 ----------------------------- TIME INFORMATION ------------------------------
    PROFESS      :    415.65s WALL    100.00% (       1 calls)   415.65s/call
    InitPROFESS  :      0.03s WALL      0.01% (       1 calls)     0.03s/call
    KEDFRefresh  :      0.00s WALL      0.00% (       1 calls)     0.00s/call
    IonRefresh   :      0.01s WALL      0.00% (       1 calls)     0.01s/call
    EwaldEnergy  :      0.00s WALL      0.00% (       1 calls)     0.00s/call
    ForwFFT_3D   :     62.79s WALL     15.11% (   35166 calls)     0.00s/call
    BackFFT_3D   :     33.18s WALL      7.98% (   23283 calls)     0.00s/call
    Pot_Ion      :      0.41s WALL      0.10% (     600 calls)     0.00s/call
    Pot_Har      :      2.44s WALL      0.59% (     600 calls)     0.00s/call
    Pot_Exc      :     40.93s WALL      9.85% (     600 calls)     0.07s/call
    PBEPot       :     40.47s WALL      9.74% (     600 calls)     0.07s/call
    Pot_KEDF     :    367.22s WALL     88.35% (     600 calls)     0.61s/call
    intPot       :    360.47s WALL     86.72% (     600 calls)     0.60s/call
    MakeXiG      :      2.61s WALL      0.63% (     600 calls)     0.00s/call
    intPot1      :    103.67s WALL     24.94% (    7141 calls)     0.01s/call
    MakeHC10Kern :     10.65s WALL      2.56% (    7741 calls)     0.00s/call
    intPot2      :     76.67s WALL     18.45% (    7141 calls)     0.01s/call
    intPot3      :    102.44s WALL     24.65% (    7141 calls)     0.01s/call
    intPot4      :     49.65s WALL     11.94% (    7141 calls)     0.01s/call
    VWPotSqrPlus :      2.01s WALL      0.48% (     600 calls)     0.00s/call
    NextGradient :      0.19s WALL      0.05% (      48 calls)     0.00s/call
 -----------------------------------------------------------------------------
 ------------------------------- TOTAL ---------------------------------------
    PROFESS      :    415.65s WALL    100.00% (       1 calls)   415.65s/call
 -----------------------------------------------------------------------------

Run completed on: 07/30/2024 at 17:13:02 
  
