 ******************************************************************************
                             WELCOME TO PROFESS                   
            (PRinceton Orbital-Free Electronic Structure Software) 
 ******************************************************************************

 ------------------------------------------------------------------------------
                           READ GEOMETRY
 Cell length (Bohr)    7.284E+00   7.284E+00   1.201E+01
 Angle     (Degree)    9.000E+01   9.000E+01   1.200E+02
 Volume    (Bohr^3)    5.518E+02

 ------------------------------------------------------------------------------
                           READ PSEUDOPOTENTIAL
 Total electron number in ReadPseudo is    16.000000000000000     
 (System) Machine Precision              :    2.2204460492503131E-016

 ------------------------------------------------------------------------------
                           SETUP FFT
 Global FFT Dimension :    36   36   60
 Dimension of rho for this processor : 
 xmin, xmax :            0          35
 ymin, ymax :            0          35
 zmin, zmax :            0          59
 Total electron number =    16.000000000000000     
 Uniform rhoR =    2.8997804543940433E-002
 (GB INFO) FFT size      :       36      36      60
 (GB INFO) FFT offset    :        0
 (GB INFO) FFT G size    :       19      36      60
 (GB INFO) FFT G offset  :        0

 ------------------------------------------------------------------------------
                           SETUP KEDF
 kinetic energy density functional number is           11
 ( 1=TF, 2=VW, 3=TF+VW, 4=WT,  5=WGC,  
   7=LQ, 8=HQ, 10=CAT,  11=HC, 12=WGCD,
   15=GGA, 16=WGCD+GGA, 17=EVT, 18=EVC )
 qTable dimension:    19   36   60
 rhoS=   2.8997804543940433E-002
 rho0=   2.8997804543940433E-002
 coefficients for TF KEDF is     1.000000
 coefficients for VW KEDF is     1.000000
 Lambda in HC10 is set to     0.010000
 ALPHA  in HC10 is set to     1.875667
 BETA   in HC10 is set to     0.791000
 Sum of alpha and beta is     2.666667
  dV of each real space grid is now    7.0957550100262745E-003
 Cell length (Bohr)    7.284E+00   7.284E+00   1.201E+01
 Angle     (Degree)    9.000E+01   9.000E+01   1.200E+02
 Volume    (Bohr^3)    5.518E+02

 ------------------------------------------------------------------------------
                           SETUP EWALD 
 (Ewald) eta                             :    1.200    
 (Ewald) Real Space Cutoff               :    6.000     (Bohr)
 (Ewald) Reciprocal Cutoff               :    15.10     (1/Bohr)

 ------------------------------------------------------------------------------
                           SETUP PLANE WAVE 

 ------------------------------------------------------------------------------
                           REFRESH ION POSITIONS
  
 Calculating Ion-Ion Energy ...                   complete.     0.011 s
  
 Calculating Ion-Electron Potential (spline) ... 
 complete.     0.026 s

 ------------------------------------------------------------------------------
                           DENSITY OPTIMIZATION
 Electron number for spin            1  is    15.999999999986267     
 Cell Volume      :            81.763271 Angstrom^3
 Ion number       :                    4
 Electron number  :            16.000000
 Ion density      :             0.048922 Ion/Angstrom^3
 Electron density :             0.195687 Electron/Angstrom^3
##############################################################################
#                               FINAL ENERGIES                       time    #
##############################################################################
# Thomas-Fermi Kin. Energy =   1.607720973376E+02 eV                 0.000 s #
# Von-Weizsacker Kin. Ener =   5.262454220408E+01 eV                 0.000 s #
#                                                                            #
# GGA(PBE) Exch-Cor Energy =  -1.342200924291E+02 eV                 0.000 s #
#         Coulombic Energy =   4.421410857046E+01 eV                 0.000 s #
#      Ion-Electron Energy =  -9.400452934865E+01 eV                 0.000 s #
#           Ion-Ion Energy =  -4.732546814657E+02 eV                 0.000 s #
#                                                                            #
#     TOTAL KINETIC ENERGY =   1.714466503676E+02 eV                         #
#   TOTAL POTENTIAL ENERGY =  -6.572651946731E+02 eV                         #
#             TOTAL ENERGY =  -4.858185443055E+02 eV                         #
##############################################################################
  
 ----------------------------- TIME INFORMATION ------------------------------
    PROFESS      :   4881.51s WALL    100.00% (       1 calls)  4881.51s/call
    InitPROFESS  :      0.08s WALL      0.00% (       1 calls)     0.08s/call
    KEDFRefresh  :      0.00s WALL      0.00% (       1 calls)     0.00s/call
    IonRefresh   :      0.04s WALL      0.00% (       1 calls)     0.04s/call
    EwaldEnergy  :      0.01s WALL      0.00% (       1 calls)     0.01s/call
    ForwFFT_3D   :    960.91s WALL     19.68% (   79783 calls)     0.01s/call
    BackFFT_3D   :    477.32s WALL      9.78% (   51747 calls)     0.01s/call
    Pot_Ion      :      3.67s WALL      0.08% (    1248 calls)     0.00s/call
    Pot_Har      :     33.34s WALL      0.68% (    1248 calls)     0.03s/call
    Pot_Exc      :    625.58s WALL     12.82% (    1248 calls)     0.50s/call
    PBEPot       :    621.25s WALL     12.73% (    1248 calls)     0.50s/call
    Pot_KEDF     :   4166.63s WALL     85.36% (    1248 calls)     3.34s/call
    intPot       :   4089.89s WALL     83.78% (    1248 calls)     3.28s/call
    MakeXiG      :     27.33s WALL      0.56% (    1248 calls)     0.02s/call
    intPot1      :   1143.25s WALL     23.42% (   16513 calls)     0.07s/call
    MakeHC10Kern :    133.63s WALL      2.74% (   17761 calls)     0.01s/call
    intPot2      :    790.61s WALL     16.20% (   16513 calls)     0.05s/call
    intPot3      :   1335.21s WALL     27.35% (   16513 calls)     0.08s/call
    intPot4      :    493.25s WALL     10.10% (   16513 calls)     0.03s/call
    VWPotSqrPlus :     29.08s WALL      0.60% (    1248 calls)     0.02s/call
    NextGradient :      2.68s WALL      0.05% (     113 calls)     0.02s/call
 -----------------------------------------------------------------------------
 ------------------------------- TOTAL ---------------------------------------
    PROFESS      :   4881.51s WALL    100.00% (       1 calls)  4881.51s/call
 -----------------------------------------------------------------------------

Run completed on: 07/31/2024 at 10:35:00 
  
