 ******************************************************************************
                             WELCOME TO PROFESS                   
            (PRinceton Orbital-Free Electronic Structure Software) 
 ******************************************************************************

 ------------------------------------------------------------------------------
                           READ GEOMETRY
 Cell length (Bohr)    4.048E+01   4.048E+01   4.048E+01
 Angle     (Degree)    9.000E+01   9.000E+01   9.000E+01
 Volume    (Bohr^3)    6.633E+04

 ------------------------------------------------------------------------------
                           READ PSEUDOPOTENTIAL
 Total electron number in ReadPseudo is    2044.0000000000000     
 (System) Machine Precision              :    2.2204460492503131E-016

 ------------------------------------------------------------------------------
                           SETUP FFT
 Global FFT Dimension :   112  112  112
 Rank/Size in Global Communicator     :            0 /           1
 Rank/Size in Global FFT Communicator :            0 /           1
 Parallel FFT, totX    =   112
 Parallel FFT, totY    =   112
 Parallel FFT, locZ    =   112
 Parallel FFT, locZoff =     0
 Dimension of rho for this processor : 
 xmin, xmax :            0         111
 ymin, ymax :            0         111
 zmin, zmax :            0         111
 Total electron number =    2044.0000000000000     
 Uniform rhoR =    3.0816251984802218E-002
 (GB INFO) FFT size      :      112     112     112
 (GB INFO) FFT offset    :        0
 (GB INFO) FFT G size    :       57     112     112
 (GB INFO) FFT G offset  :        0

 ------------------------------------------------------------------------------
                           SETUP KEDF
 kinetic energy density functional number is            4
 ( 1=TF, 2=VW, 3=TF+VW, 4=WT,  5=WGC,  
   7=LQ, 8=HQ, 10=CAT,  11=HC, 12=WGCD,
   15=GGA, 16=WGCD+GGA, 17=EVT, 18=EVC )
 qTable dimension:    57  112  112
 Coefficient for TF KEDF is     1.0000
 Coefficient for VW KEDF is     1.0000
 Coefficient for alpha in WT KEDF is     0.8333
 Coefficient for beta  in WT KEDF is     0.8333
 rho0 (Electron/Bohr^3) in WGC KEDF is     0.0308
 hold0 =  F
  dV of each real space grid is now    4.7211413874994307E-002
 Cell length (Bohr)    4.048E+01   4.048E+01   4.048E+01
 Angle     (Degree)    9.000E+01   9.000E+01   9.000E+01
 Volume    (Bohr^3)    6.633E+04

 ------------------------------------------------------------------------------
                           SETUP EWALD 
 (Ewald) eta                             :   0.6920    
 (Ewald) Real Space Cutoff               :    7.926     (Bohr)
 (Ewald) Reciprocal Cutoff               :    8.615     (1/Bohr)

 ------------------------------------------------------------------------------
                           SETUP PLANE WAVE 
 Read in WT kernel.
 kernel file name  : 10PROFESS_KERNEL.dat          
 KEDF type         :     4
 Fermi vector      :   1.182014212099E+00
 Reference density :  -1.000000000000E+00
 Mesh points       :   200002
 Fermi vector in this cell is    1.9398296861451885     
 Fermi vector from kernel file is    1.1820142120987149     
 First qNorm is    0.0000000000000000     
 size of Wang-Teter kernel in this run is           57         112         112
 Max |G| in this calculation is   1.505548779486E+01
 Max eta used from kernel is   7.761242083463E+00

 ------------------------------------------------------------------------------
                           REFRESH ION POSITIONS
  
 Calculating Ion-Ion Energy ...                   complete.     0.171 s
  
 Calculating Ion-Electron Potential (spline) ... 
 complete.     0.122 s

 ------------------------------------------------------------------------------
                           DENSITY OPTIMIZATION
 Electron number for spin            1  is    2043.9999999971260     
 Cell Volume      :          9828.889849 Angstrom^3
 Ion number       :                  511
 Electron number  :          2044.000000
 Ion density      :             0.051990 Ion/Angstrom^3
 Electron density :             0.207958 Electron/Angstrom^3
##############################################################################
#                               FINAL ENERGIES                       time    #
##############################################################################
# Thomas-Fermi Kin. Energy =   1.976581770372E+04 eV                 0.000 s #
# Von-Weizsacker Kin. Ener =   6.019291582254E+03 eV                 0.000 s #
# Wang-Teter Kinetic Energ =  -4.752010749673E+03 eV                 0.000 s #
#                                                                            #
#     LDA Exch-Corr Energy =  -1.680135423257E+04 eV                 0.000 s #
#         Coulombic Energy =   3.652859269319E+03 eV                 0.000 s #
#      Ion-Electron Energy =  -4.794615328880E+03 eV                 0.000 s #
#           Ion-Ion Energy =  -5.911257740175E+04 eV                 0.000 s #
#                                                                            #
#     TOTAL KINETIC ENERGY =   2.103309853630E+04 eV                         #
#   TOTAL POTENTIAL ENERGY =  -7.705568769388E+04 eV                         #
#             TOTAL ENERGY =  -5.602258915758E+04 eV                         #
##############################################################################
  
 ----------------------------- TIME INFORMATION ------------------------------
    PROFESS      :    109.75s WALL    100.00% (       1 calls)   109.75s/call
    InitPROFESS  :      0.69s WALL      0.63% (       1 calls)     0.69s/call
    KEDFRefresh  :      0.33s WALL      0.30% (       1 calls)     0.33s/call
    IonRefresh   :      0.33s WALL      0.30% (       1 calls)     0.33s/call
    EwaldEnergy  :      0.17s WALL      0.16% (       1 calls)     0.17s/call
    Pot_Ion      :      0.32s WALL      0.29% (     118 calls)     0.00s/call
    Pot_Har      :      7.19s WALL      6.55% (     118 calls)     0.06s/call
    Pot_Exc      :     15.35s WALL     13.99% (     118 calls)     0.13s/call
    Pot_KEDF     :     80.34s WALL     73.20% (     118 calls)     0.68s/call
    VWPotSqrPlus :      6.82s WALL      6.22% (     118 calls)     0.06s/call
    NextGradient :      0.26s WALL      0.23% (      10 calls)     0.03s/call
 -----------------------------------------------------------------------------
 ------------------------------- TOTAL ---------------------------------------
    PROFESS      :    109.75s WALL    100.00% (       1 calls)   109.75s/call
 -----------------------------------------------------------------------------

Run completed on: 11/28/2022 at 20:07:32 
  
