 ******************************************************************************
                             WELCOME TO PROFESS                   
            (PRinceton Orbital-Free Electronic Structure Software) 
 ******************************************************************************

 ------------------------------------------------------------------------------
                           READ GEOMETRY
 Cell length (Bohr)    9.427E+00   9.427E+00   1.040E+01
 Angle     (Degree)    9.000E+01   9.000E+01   1.200E+02
 Volume    (Bohr^3)    8.001E+02

 ------------------------------------------------------------------------------
                           READ PSEUDOPOTENTIAL
 Total electron number in ReadPseudo is    10.000000000000000     
 (System) Machine Precision              :    2.2204460492503131E-016

 ------------------------------------------------------------------------------
                           SETUP FFT
 Global FFT Dimension :    48   48   54
 Rank/Size in Global Communicator     :            0 /           1
 Rank/Size in Global FFT Communicator :            0 /           1
 Parallel FFT, totX    =    48
 Parallel FFT, totY    =    48
 Parallel FFT, locZ    =    54
 Parallel FFT, locZoff =     0
 Dimension of rho for this processor : 
 xmin, xmax :            0          47
 ymin, ymax :            0          47
 zmin, zmax :            0          53
 Total electron number =    10.000000000000000     
 Uniform rhoR =    1.2499195926813995E-002
 (GB INFO) FFT size      :       48      48      54
 (GB INFO) FFT offset    :        0
 (GB INFO) FFT G size    :       25      48      54
 (GB INFO) FFT G offset  :        0

 ------------------------------------------------------------------------------
                           SETUP KEDF
 kinetic energy density functional number is            5
 ( 1=TF, 2=VW, 3=TF+VW, 4=WT,  5=WGC,  
   7=LQ, 8=HQ, 10=CAT,  11=HC, 12=WGCD,
   15=GGA, 16=WGCD+GGA, 17=EVT, 18=EVC )
 qTable dimension:    25   48   54
 Coefficient for TF KEDF is     1.0000
 Coefficient for VW KEDF is     1.0000
 Coefficient for alpha in WGC KEDF is     1.2060
 Coefficient for beta  in WGC KEDF is     0.4607
 Coefficient for gamma in WGC KEDF is     2.7000
 rho0 (Electron/Bohr^3) in WGC KEDF is     0.0125
 rhoS (Electron/Bohr^3) in WGC KEDF is     0.0125
 hold0 =  F
 holdS =  F
  dV of each real space grid is now    6.4304547967654465E-003
 Cell length (Bohr)    9.427E+00   9.427E+00   1.040E+01
 Angle     (Degree)    9.000E+01   9.000E+01   1.200E+02
 Volume    (Bohr^3)    8.001E+02

 ------------------------------------------------------------------------------
                           SETUP EWALD 
 (Ewald) eta                             :    1.200    
 (Ewald) Real Space Cutoff               :    6.000     (Bohr)
 (Ewald) Reciprocal Cutoff               :    15.66     (1/Bohr)

 ------------------------------------------------------------------------------
                           SETUP PLANE WAVE 

 ------------------------------------------------------------------------------
                           INITIALIZING WGC KERNEL
 Fermi vector :   0.71796128350918587     
 Reference density :    1.2499195926813995E-002
 Make WGC kernels.
 Dimension of KEDF Kernel :           25          48          54

 ------------------------------------------------------------------------------
                           REFRESH ION POSITIONS
  
 Calculating Ion-Ion Energy ...                   complete.     0.016 s
  
 Calculating Ion-Electron Potential (spline) ... 
 complete.     0.029 s

 ------------------------------------------------------------------------------
                           DENSITY OPTIMIZATION
 Electron number for spin            1  is    10.000000000025910     
 Cell Volume      :           118.555394 Angstrom^3
 Ion number       :                    4
 Electron number  :            10.000000
 Ion density      :             0.033740 Ion/Angstrom^3
 Electron density :             0.084349 Electron/Angstrom^3
 Print density file to mp-1094664/mp-1094664.den                         
##############################################################################
#                               FINAL ENERGIES                       time    #
##############################################################################
# Thomas-Fermi Kin. Energy =   5.103530208579E+01 eV                 0.000 s #
# Von-Weizsacker Kin. Ener =   1.485001184019E+01 eV                 0.000 s #
#       WGC Kinetic Energy =  -9.268273997254E+00 eV                 0.000 s #
#                                                                            #
# GGA(PBE) Exch-Cor Energy =  -6.196414213328E+01 eV                 0.000 s #
#         Coulombic Energy =   1.104016834460E+01 eV                 0.000 s #
#      Ion-Electron Energy =  -6.643019075921E+00 eV                 0.000 s #
#           Ion-Ion Energy =  -1.593183544293E+02 eV                 0.000 s #
#                                                                            #
#     TOTAL KINETIC ENERGY =   5.661703992873E+01 eV                         #
#   TOTAL POTENTIAL ENERGY =  -2.168853472939E+02 eV                         #
#             TOTAL ENERGY =  -1.602683073652E+02 eV                         #
##############################################################################
  
 ----------------------------- TIME INFORMATION ------------------------------
    PROFESS      :     46.96s WALL    100.00% (       1 calls)    46.96s/call
    InitPROFESS  :      0.13s WALL      0.29% (       1 calls)     0.13s/call
    KEDFRefresh  :      0.05s WALL      0.10% (       1 calls)     0.05s/call
    IonRefresh   :      0.05s WALL      0.11% (       1 calls)     0.05s/call
    EwaldEnergy  :      0.02s WALL      0.03% (       1 calls)     0.02s/call
    Pot_Ion      :      0.07s WALL      0.15% (     230 calls)     0.00s/call
    Pot_Har      :      1.37s WALL      2.93% (     230 calls)     0.01s/call
    Pot_Exc      :     20.93s WALL     44.57% (     230 calls)     0.09s/call
    PBEPot       :     20.46s WALL     43.56% (     230 calls)     0.09s/call
    Pot_KEDF     :     22.80s WALL     48.56% (     230 calls)     0.10s/call
    WGCPotPlus   :     17.91s WALL     38.14% (     230 calls)     0.08s/call
    VWPotSqrPlus :      1.21s WALL      2.57% (     230 calls)     0.01s/call
    NextGradient :      0.02s WALL      0.05% (      12 calls)     0.00s/call
 -----------------------------------------------------------------------------
 ------------------------------- TOTAL ---------------------------------------
    PROFESS      :     46.96s WALL    100.00% (       1 calls)    46.96s/call
 -----------------------------------------------------------------------------

Run completed on: 05/15/2023 at 18:59:29 
  
