 ******************************************************************************
                             WELCOME TO PROFESS                   
            (PRinceton Orbital-Free Electronic Structure Software) 
 ******************************************************************************

 ------------------------------------------------------------------------------
                           READ GEOMETRY
 Cell length (Bohr)    5.274E+00   5.274E+00   8.857E+00
 Angle     (Degree)    9.000E+01   9.000E+01   1.200E+02
 Volume    (Bohr^3)    2.133E+02

 ------------------------------------------------------------------------------
                           READ PSEUDOPOTENTIAL
 Total electron number in ReadPseudo is    6.0000000000000000     
 (System) Machine Precision              :    2.2204460492503131E-016

 ------------------------------------------------------------------------------
                           SETUP FFT
 Global FFT Dimension :    14   14   24
 Rank/Size in Global Communicator     :            0 /           1
 Rank/Size in Global FFT Communicator :            0 /           1
 Parallel FFT, totX    =    14
 Parallel FFT, totY    =    14
 Parallel FFT, locZ    =    24
 Parallel FFT, locZoff =     0
 Dimension of rho for this processor : 
 xmin, xmax :            0          13
 ymin, ymax :            0          13
 zmin, zmax :            0          23
 Total electron number =    6.0000000000000000     
 Uniform rhoR =    2.8125676402861472E-002
 (GB INFO) FFT size      :       14      14      24
 (GB INFO) FFT offset    :        0
 (GB INFO) FFT G size    :        8      14      24
 (GB INFO) FFT G offset  :        0

 ------------------------------------------------------------------------------
                           SETUP KEDF
 kinetic energy density functional number is            4
 ( 1=TF, 2=VW, 3=TF+VW, 4=WT,  5=WGC,  
   7=LQ, 8=HQ, 10=CAT,  11=HC, 12=WGCD,
   15=GGA, 16=WGCD+GGA, 17=EVT, 18=EVC )
 qTable dimension:     8   14   24
 Coefficient for TF KEDF is     1.0000
 Coefficient for VW KEDF is     1.0000
 Coefficient for alpha in WT KEDF is     0.8333
 Coefficient for beta  in WT KEDF is     0.8333
 rho0 (Electron/Bohr^3) in WGC KEDF is     0.0281
 hold0 =  F
  dV of each real space grid is now    4.5350383251649154E-002
 Cell length (Bohr)    5.274E+00   5.274E+00   8.857E+00
 Angle     (Degree)    9.000E+01   9.000E+01   1.200E+02
 Volume    (Bohr^3)    2.133E+02

 ------------------------------------------------------------------------------
                           SETUP EWALD 
 (Ewald) eta                             :   0.7449    
 (Ewald) Real Space Cutoff               :    6.593     (Bohr)
 (Ewald) Reciprocal Cutoff               :    7.744     (1/Bohr)

 ------------------------------------------------------------------------------
                           SETUP PLANE WAVE 
 Read in WT kernel.
 kernel file name  : 4PROFESS_KERNEL.dat           
 KEDF type         :     4
 Fermi vector      :   1.182014212099E+00
 Reference density :  -1.000000000000E+00
 Mesh points       :   200002
 Fermi vector in this cell is    1.8816462860558507     
 Fermi vector from kernel file is    1.1820142120987149     
 First qNorm is    0.0000000000000000     
 size of Wang-Teter kernel in this run is            8          14          24
 Max |G| in this calculation is   1.872670004153E+01
 Max eta used from kernel is   9.952295593655E+00

 ------------------------------------------------------------------------------
                           REFRESH ION POSITIONS
  
 Calculating Ion-Ion Energy ...                   complete.     0.001 s
  
 Calculating Ion-Electron Potential (spline) ... 
 complete.     0.001 s

 ------------------------------------------------------------------------------
                           DENSITY OPTIMIZATION
 Electron number for spin            1  is    6.0000000000001981     
 Cell Volume      :            31.611978 Angstrom^3
 Ion number       :                    2
 Electron number  :             6.000000
 Ion density      :             0.063267 Ion/Angstrom^3
 Electron density :             0.189801 Electron/Angstrom^3
##############################################################################
#                               FINAL ENERGIES                       time    #
##############################################################################
# Thomas-Fermi Kin. Energy =   4.408086906057E+01 eV                 0.000 s #
# Von-Weizsacker Kin. Ener =   3.592020621423E+00 eV                 0.000 s #
# Wang-Teter Kinetic Energ =  -1.312139409513E+00 eV                 0.000 s #
#                                                                            #
#     LDA Exch-Corr Energy =  -4.424538867088E+01 eV                 0.000 s #
#         Coulombic Energy =   2.203442909137E-01 eV                 0.000 s #
#      Ion-Electron Energy =   3.093838064262E+01 eV                 0.000 s #
#           Ion-Ion Energy =  -1.491300925651E+02 eV                 0.000 s #
#                                                                            #
#     TOTAL KINETIC ENERGY =   4.636075027248E+01 eV                         #
#   TOTAL POTENTIAL ENERGY =  -1.622167563025E+02 eV                         #
#             TOTAL ENERGY =  -1.158560060300E+02 eV                         #
##############################################################################
  
 ----------------------------- TIME INFORMATION ------------------------------
    PROFESS      :      0.97s WALL    100.00% (       1 calls)     0.97s/call
    InitPROFESS  :      0.45s WALL     46.52% (       1 calls)     0.45s/call
    KEDFRefresh  :      0.42s WALL     43.12% (       1 calls)     0.42s/call
    IonRefresh   :      0.00s WALL      0.15% (       1 calls)     0.00s/call
    EwaldEnergy  :      0.00s WALL      0.07% (       1 calls)     0.00s/call
    Pot_Ion      :      0.00s WALL      0.04% (      74 calls)     0.00s/call
    Pot_Har      :      0.01s WALL      1.29% (      74 calls)     0.00s/call
    Pot_Exc      :      0.05s WALL      4.69% (      74 calls)     0.00s/call
    Pot_KEDF     :      0.21s WALL     21.78% (      74 calls)     0.00s/call
    VWPotSqrPlus :      0.01s WALL      1.29% (      74 calls)     0.00s/call
    NextGradient :      0.00s WALL      0.05% (       7 calls)     0.00s/call
 -----------------------------------------------------------------------------
 ------------------------------- TOTAL ---------------------------------------
    PROFESS      :      0.97s WALL    100.00% (       1 calls)     0.97s/call
 -----------------------------------------------------------------------------

Run completed on: 08/13/2021 at 19:21:20 
  
