 ******************************************************************************
                             WELCOME TO PROFESS                   
            (PRinceton Orbital-Free Electronic Structure Software) 
 ******************************************************************************

 ------------------------------------------------------------------------------
                           READ GEOMETRY
 Cell length (Bohr)    5.087E+00   5.087E+00   5.087E+00
 Angle     (Degree)    9.000E+01   9.000E+01   9.000E+01
 Volume    (Bohr^3)    1.316E+02

 ------------------------------------------------------------------------------
                           READ PSEUDOPOTENTIAL
 Total electron number in ReadPseudo is    1.0000000000000000     
 (System) Machine Precision              :    2.2204460492503131E-016

 ------------------------------------------------------------------------------
                           SETUP FFT
 Global FFT Dimension :    25   25   25
 Rank/Size in Global Communicator     :            0 /           1
 Rank/Size in Global FFT Communicator :            0 /           1
 Parallel FFT, totX    =    25
 Parallel FFT, totY    =    25
 Parallel FFT, locZ    =    25
 Parallel FFT, locZoff =     0
 Dimension of rho for this processor : 
 xmin, xmax :            0          24
 ymin, ymax :            0          24
 zmin, zmax :            0          24
 Total electron number =    1.0000000000000000     
 Uniform rhoR =    7.5969492246902087E-003
 (GB INFO) FFT size      :       25      25      25
 (GB INFO) FFT offset    :        0
 (GB INFO) FFT G size    :       13      25      25
 (GB INFO) FFT G offset  :        0

 ------------------------------------------------------------------------------
                           SETUP KEDF
 kinetic energy density functional number is            5
 ( 1=TF, 2=VW, 3=TF+VW, 4=WT,  5=WGC,  
   7=LQ, 8=HQ, 10=CAT,  11=HC, 12=WGCD,
   15=GGA, 16=WGCD+GGA, 17=EVT, 18=EVC )
 qTable dimension:    13   25   25
 Coefficient for TF KEDF is     1.0000
 Coefficient for VW KEDF is     1.0000
 Coefficient for alpha in WGC KEDF is     1.2060
 Coefficient for beta  in WGC KEDF is     0.4607
 Coefficient for gamma in WGC KEDF is     2.7000
 rho0 (Electron/Bohr^3) in WGC KEDF is     0.0076
 rhoS (Electron/Bohr^3) in WGC KEDF is     0.0076
 hold0 =  F
 holdS =  F
  dV of each real space grid is now    8.4244343495147971E-003
 Cell length (Bohr)    5.087E+00   5.087E+00   5.087E+00
 Angle     (Degree)    9.000E+01   9.000E+01   9.000E+01
 Volume    (Bohr^3)    1.316E+02

 ------------------------------------------------------------------------------
                           SETUP EWALD 
 (Ewald) eta                             :    1.200    
 (Ewald) Real Space Cutoff               :    6.000     (Bohr)
 (Ewald) Reciprocal Cutoff               :    14.82     (1/Bohr)

 ------------------------------------------------------------------------------
                           SETUP PLANE WAVE 

 ------------------------------------------------------------------------------
                           INITIALIZING WGC KERNEL
 Fermi vector :   0.60816311206546958     
 Reference density :    7.5969492246902087E-003
 Make WGC kernels.
 Dimension of KEDF Kernel :           13          25          25

 ------------------------------------------------------------------------------
                           REFRESH ION POSITIONS
  
 Calculating Ion-Ion Energy ...                   complete.     0.002 s
  
 Calculating Ion-Electron Potential (spline) ... 
 complete.     0.002 s

 ------------------------------------------------------------------------------
                           DENSITY OPTIMIZATION
 Electron number for spin            1  is    1.0000000000001104     
 Cell Volume      :            19.505818 Angstrom^3
 Ion number       :                    1
 Electron number  :             1.000000
 Ion density      :             0.051267 Ion/Angstrom^3
 Electron density :             0.051267 Electron/Angstrom^3
##############################################################################
#                               FINAL ENERGIES                       time    #
##############################################################################
# Thomas-Fermi Kin. Energy =   3.049848595809E+00 eV                 0.000 s #
# Von-Weizsacker Kin. Ener =   2.047975035303E-01 eV                 0.000 s #
#       WGC Kinetic Energy =  -5.574176641097E-02 eV                 0.000 s #
#                                                                            #
# GGA(PBE) Exch-Cor Energy =  -4.953037319608E+00 eV                 0.000 s #
#         Coulombic Energy =   1.104193013696E-02 eV                 0.000 s #
#      Ion-Electron Energy =   1.926535607993E+00 eV                 0.000 s #
#           Ion-Ion Energy =  -7.588779015418E+00 eV                 0.000 s #
#                                                                            #
#     TOTAL KINETIC ENERGY =   3.198904332929E+00 eV                         #
#   TOTAL POTENTIAL ENERGY =  -1.060423879690E+01 eV                         #
#             TOTAL ENERGY =  -7.405334463968E+00 eV                         #
##############################################################################
  
 ----------------------------- TIME INFORMATION ------------------------------
    PROFESS      :      2.90s WALL    100.00% (       1 calls)     2.90s/call
    InitPROFESS  :      0.04s WALL      1.32% (       1 calls)     0.04s/call
    KEDFRefresh  :      0.02s WALL      0.69% (       1 calls)     0.02s/call
    IonRefresh   :      0.00s WALL      0.15% (       1 calls)     0.00s/call
    EwaldEnergy  :      0.00s WALL      0.06% (       1 calls)     0.00s/call
    Pot_Ion      :      0.00s WALL      0.14% (     107 calls)     0.00s/call
    Pot_Har      :      0.08s WALL      2.64% (     107 calls)     0.00s/call
    Pot_Exc      :      1.03s WALL     35.53% (     107 calls)     0.01s/call
    PBEPot       :      0.99s WALL     34.30% (     107 calls)     0.01s/call
    Pot_KEDF     :      1.40s WALL     48.36% (     107 calls)     0.01s/call
    WGCPotPlus   :      1.10s WALL     38.07% (     107 calls)     0.01s/call
    VWPotSqrPlus :      0.06s WALL      2.14% (     107 calls)     0.00s/call
    NextGradient :      0.00s WALL      0.05% (       6 calls)     0.00s/call
 -----------------------------------------------------------------------------
 ------------------------------- TOTAL ---------------------------------------
    PROFESS      :      2.90s WALL    100.00% (       1 calls)     2.90s/call
 -----------------------------------------------------------------------------

Run completed on: 05/02/2023 at 13:42:24 
  
