 ******************************************************************************
                             WELCOME TO PROFESS                   
            (PRinceton Orbital-Free Electronic Structure Software) 
 ******************************************************************************

 ------------------------------------------------------------------------------
                           READ GEOMETRY
 Cell length (Bohr)    5.174E+00   5.174E+00   5.174E+00
 Angle     (Degree)    6.000E+01   6.000E+01   6.000E+01
 Volume    (Bohr^3)    9.793E+01

 ------------------------------------------------------------------------------
                           READ PSEUDOPOTENTIAL
 Total electron number in ReadPseudo is    4.0000000000000000     
 (System) Machine Precision              :    2.2204460492503131E-016

 ------------------------------------------------------------------------------
                           SETUP FFT
 Global FFT Dimension :    27   27   27
 Dimension of rho for this processor : 
 xmin, xmax :            0          26
 ymin, ymax :            0          26
 zmin, zmax :            0          26
 Total electron number =    4.0000000000000000     
 Uniform rhoR =    4.0844491574312580E-002
 (GB INFO) FFT size      :       27      27      27
 (GB INFO) FFT offset    :        0
 (GB INFO) FFT G size    :       14      27      27
 (GB INFO) FFT G offset  :        0

 ------------------------------------------------------------------------------
                           SETUP KEDF
 kinetic energy density functional number is            5
 ( 1=TF, 2=VW, 3=TF+VW, 4=WT,  5=WGC,  
   7=LQ, 8=HQ, 10=CAT,  11=HC, 12=WGCD,
   15=GGA, 16=WGCD+GGA, 17=EVT, 18=EVC )
 qTable dimension:    14   27   27
 Coefficient for TF KEDF is     1.0000
 Coefficient for VW KEDF is     1.0000
 Coefficient for alpha in WGC KEDF is     1.2060
 Coefficient for beta  in WGC KEDF is     0.4607
 Coefficient for gamma in WGC KEDF is     4.2000
 rho0 (Electron/Bohr^3) in WGC KEDF is     0.0408
 rhoS (Electron/Bohr^3) in WGC KEDF is     0.0408
 hold0 =  F
 holdS =  F
  dV of each real space grid is now    4.9754825159574450E-003
 Cell length (Bohr)    5.174E+00   5.174E+00   5.174E+00
 Angle     (Degree)    6.000E+01   6.000E+01   6.000E+01
 Volume    (Bohr^3)    9.793E+01

 ------------------------------------------------------------------------------
                           SETUP EWALD 
 (Ewald) eta                             :    1.200    
 (Ewald) Real Space Cutoff               :    6.000     (Bohr)
 (Ewald) Reciprocal Cutoff               :    15.79     (1/Bohr)

 ------------------------------------------------------------------------------
                           SETUP PLANE WAVE 

 ------------------------------------------------------------------------------
                           INITIALIZING WGC KERNEL
 Fermi vector :    1.0654134248043070     
 Reference density :    4.0844491574312580E-002
 Make WGC kernels.
 Dimension of KEDF Kernel :           14          27          27

 ------------------------------------------------------------------------------
                           REFRESH ION POSITIONS
  
 Calculating Ion-Ion Energy ...                   complete.     0.002 s
  
 Calculating Ion-Electron Potential (spline) ... 
 complete.     0.004 s

 ------------------------------------------------------------------------------
                           DENSITY OPTIMIZATION
 Electron number for spin            1  is    3.9999999999985429     
 Cell Volume      :            14.512088 Angstrom^3
 Ion number       :                    1
 Electron number  :             4.000000
 Ion density      :             0.068908 Ion/Angstrom^3
 Electron density :             0.275632 Electron/Angstrom^3
##############################################################################
#                               FINAL ENERGIES                       time    #
##############################################################################
# Thomas-Fermi Kin. Energy =   3.825070926862E+01 eV                 0.000 s #
# Von-Weizsacker Kin. Ener =   4.304124322717E+00 eV                 0.000 s #
#       WGC Kinetic Energy =  -1.862891981387E+00 eV                 0.000 s #
#                                                                            #
# GGA(PBE) Exch-Cor Energy =  -3.321960581062E+01 eV                 0.000 s #
#         Coulombic Energy =   4.278101788535E-01 eV                 0.000 s #
#      Ion-Electron Energy =   2.028559032540E+01 eV                 0.000 s #
#           Ion-Ion Energy =  -1.364074388603E+02 eV                 0.000 s #
#                                                                            #
#     TOTAL KINETIC ENERGY =   4.069194160994E+01 eV                         #
#   TOTAL POTENTIAL ENERGY =  -1.489136441667E+02 eV                         #
#             TOTAL ENERGY =  -1.082217025568E+02 eV                         #
##############################################################################
  
 ----------------------------- TIME INFORMATION ------------------------------
    PROFESS      :      4.02s WALL    100.00% (       1 calls)     4.02s/call
    InitPROFESS  :      0.07s WALL      1.80% (       1 calls)     0.07s/call
    KEDFRefresh  :      0.03s WALL      0.68% (       1 calls)     0.03s/call
    IonRefresh   :      0.01s WALL      0.20% (       1 calls)     0.01s/call
    EwaldEnergy  :      0.00s WALL      0.07% (       1 calls)     0.00s/call
    ForwFFT_3D   :      0.75s WALL     18.74% (    1238 calls)     0.00s/call
    BackFFT_3D   :      0.66s WALL     16.36% (    1237 calls)     0.00s/call
    Pot_Ion      :      0.02s WALL      0.38% (     103 calls)     0.00s/call
    Pot_Har      :      0.14s WALL      3.45% (     103 calls)     0.00s/call
    Pot_Exc      :      2.00s WALL     49.74% (     103 calls)     0.02s/call
    PBEPot       :      1.90s WALL     47.34% (     103 calls)     0.02s/call
    Pot_KEDF     :      1.60s WALL     39.86% (     103 calls)     0.02s/call
    WGCPotPlus   :      1.26s WALL     31.31% (     103 calls)     0.01s/call
    VWPotSqrPlus :      0.12s WALL      2.88% (     103 calls)     0.00s/call
    NextGradient :      0.00s WALL      0.09% (       6 calls)     0.00s/call
 -----------------------------------------------------------------------------
 ------------------------------- TOTAL ---------------------------------------
    PROFESS      :      4.02s WALL    100.00% (       1 calls)     4.02s/call
 -----------------------------------------------------------------------------

Run completed on: 07/30/2024 at 16:53:57 
  
