 ******************************************************************************
                             WELCOME TO PROFESS                   
            (PRinceton Orbital-Free Electronic Structure Software) 
 ******************************************************************************

 ------------------------------------------------------------------------------
                           READ GEOMETRY
 Cell length (Bohr)    5.770E+00   5.770E+00   5.770E+00
 Angle     (Degree)    1.095E+02   1.095E+02   1.095E+02
 Volume    (Bohr^3)    1.479E+02

 ------------------------------------------------------------------------------
                           READ PSEUDOPOTENTIAL
 Total electron number in ReadPseudo is    2.0000000000000000     
 (System) Machine Precision              :    2.2204460492503131E-016

 ------------------------------------------------------------------------------
                           SETUP FFT
 Global FFT Dimension :    15   15   15
 Rank/Size in Global Communicator     :            0 /           1
 Rank/Size in Global FFT Communicator :            0 /           1
 Parallel FFT, totX    =    15
 Parallel FFT, totY    =    15
 Parallel FFT, locZ    =    15
 Parallel FFT, locZoff =     0
 Dimension of rho for this processor : 
 xmin, xmax :            0          14
 ymin, ymax :            0          14
 zmin, zmax :            0          14
 Total electron number =    2.0000000000000000     
 Uniform rhoR =    1.3522844463519356E-002
 (GB INFO) FFT size      :       15      15      15
 (GB INFO) FFT offset    :        0
 (GB INFO) FFT G size    :        8      15      15
 (GB INFO) FFT G offset  :        0

 ------------------------------------------------------------------------------
                           SETUP KEDF
 kinetic energy density functional number is            4
 ( 1=TF, 2=VW, 3=TF+VW, 4=WT,  5=WGC,  
   7=LQ, 8=HQ, 10=CAT,  11=HC, 12=WGCD,
   15=GGA, 16=WGCD+GGA, 17=EVT, 18=EVC )
 qTable dimension:     8   15   15
 Coefficient for TF KEDF is     1.0000
 Coefficient for VW KEDF is     1.0000
 Coefficient for alpha in WT KEDF is     0.8333
 Coefficient for beta  in WT KEDF is     0.8333
 rho0 (Electron/Bohr^3) in WGC KEDF is     0.0135
 hold0 =  F
  dV of each real space grid is now    4.3821593466613663E-002
 Cell length (Bohr)    5.770E+00   5.770E+00   5.770E+00
 Angle     (Degree)    1.095E+02   1.095E+02   1.095E+02
 Volume    (Bohr^3)    1.479E+02

 ------------------------------------------------------------------------------
                           SETUP EWALD 
 (Ewald) eta                             :   0.7661    
 (Ewald) Real Space Cutoff               :    6.159     (Bohr)
 (Ewald) Reciprocal Cutoff               :    7.622     (1/Bohr)

 ------------------------------------------------------------------------------
                           SETUP PLANE WAVE 
 Read in WT kernel.
 kernel file name  : 11PROFESS_KERNEL.dat          
 KEDF type         :     4
 Fermi vector      :   1.182014212099E+00
 Reference density :  -1.000000000000E+00
 Mesh points       :   200002
 Fermi vector in this cell is    1.4740979650805384     
 Fermi vector from kernel file is    1.1820142120987149     
 First qNorm is    0.0000000000000000     
 size of Wang-Teter kernel in this run is            8          15          15
 Max |G| in this calculation is   2.286675569883E+01
 Max eta used from kernel is   1.551237179653E+01

 ------------------------------------------------------------------------------
                           REFRESH ION POSITIONS
  
 Calculating Ion-Ion Energy ...                   complete.     0.000 s
  
 Calculating Ion-Electron Potential (spline) ... 
 complete.     0.000 s

 ------------------------------------------------------------------------------
                           DENSITY OPTIMIZATION
 Electron number for spin            1  is    1.9999999999998730     
 Cell Volume      :            21.916204 Angstrom^3
 Ion number       :                    1
 Electron number  :             2.000000
 Ion density      :             0.045628 Ion/Angstrom^3
 Electron density :             0.091257 Electron/Angstrom^3
##############################################################################
#                               FINAL ENERGIES                       time    #
##############################################################################
# Thomas-Fermi Kin. Energy =   9.007511620659E+00 eV                 0.000 s #
# Von-Weizsacker Kin. Ener =   8.441543428564E-01 eV                 0.000 s #
# Wang-Teter Kinetic Energ =  -2.314040419060E-01 eV                 0.000 s #
#                                                                            #
#     LDA Exch-Corr Energy =  -1.181762900126E+01 eV                 0.000 s #
#         Coulombic Energy =   4.733592839312E-02 eV                 0.000 s #
#      Ion-Electron Energy =   7.284701309854E+00 eV                 0.000 s #
#           Ion-Ion Energy =  -2.972532103261E+01 eV                 0.000 s #
#                                                                            #
#     TOTAL KINETIC ENERGY =   9.620261921610E+00 eV                         #
#   TOTAL POTENTIAL ENERGY =  -3.421091279562E+01 eV                         #
#             TOTAL ENERGY =  -2.459065087401E+01 eV                         #
##############################################################################
  
 ----------------------------- TIME INFORMATION ------------------------------
    PROFESS      :      0.85s WALL    100.00% (       1 calls)     0.85s/call
    InitPROFESS  :      0.44s WALL     51.46% (       1 calls)     0.44s/call
    KEDFRefresh  :      0.41s WALL     47.72% (       1 calls)     0.41s/call
    IonRefresh   :      0.00s WALL      0.11% (       1 calls)     0.00s/call
    EwaldEnergy  :      0.00s WALL      0.05% (       1 calls)     0.00s/call
    Pot_Ion      :      0.00s WALL      0.03% (      71 calls)     0.00s/call
    Pot_Har      :      0.01s WALL      0.80% (      71 calls)     0.00s/call
    Pot_Exc      :      0.03s WALL      3.57% (      71 calls)     0.00s/call
    Pot_KEDF     :      0.14s WALL     16.28% (      71 calls)     0.00s/call
    VWPotSqrPlus :      0.01s WALL      0.75% (      71 calls)     0.00s/call
    NextGradient :      0.00s WALL      0.04% (       6 calls)     0.00s/call
 -----------------------------------------------------------------------------
 ------------------------------- TOTAL ---------------------------------------
    PROFESS      :      0.85s WALL    100.00% (       1 calls)     0.85s/call
 -----------------------------------------------------------------------------

Run completed on: 08/19/2021 at 16:13:12 
  
