 ******************************************************************************
                             WELCOME TO PROFESS                   
            (PRinceton Orbital-Free Electronic Structure Software) 
 ******************************************************************************

 ------------------------------------------------------------------------------
                           READ GEOMETRY
 Cell length (Bohr)    5.593E+00   5.593E+00   5.593E+00
 Angle     (Degree)    6.000E+01   6.000E+01   6.000E+01
 Volume    (Bohr^3)    1.237E+02

 ------------------------------------------------------------------------------
                           READ PSEUDOPOTENTIAL
 Total electron number in ReadPseudo is    1.0000000000000000     
 (System) Machine Precision              :    2.2204460492503131E-016

 ------------------------------------------------------------------------------
                           SETUP FFT
 Global FFT Dimension :    15   15   15
 Rank/Size in Global Communicator     :            0 /           1
 Rank/Size in Global FFT Communicator :            0 /           1
 Parallel FFT, totX    =    15
 Parallel FFT, totY    =    15
 Parallel FFT, locZ    =    15
 Parallel FFT, locZoff =     0
 Dimension of rho for this processor : 
 xmin, xmax :            0          14
 ymin, ymax :            0          14
 zmin, zmax :            0          14
 Total electron number =    1.0000000000000000     
 Uniform rhoR =    8.0848437142329258E-003
 (GB INFO) FFT size      :       15      15      15
 (GB INFO) FFT offset    :        0
 (GB INFO) FFT G size    :        8      15      15
 (GB INFO) FFT G offset  :        0

 ------------------------------------------------------------------------------
                           SETUP KEDF
 kinetic energy density functional number is            4
 ( 1=TF, 2=VW, 3=TF+VW, 4=WT,  5=WGC,  
   7=LQ, 8=HQ, 10=CAT,  11=HC, 12=WGCD,
   15=GGA, 16=WGCD+GGA, 17=EVT, 18=EVC )
 qTable dimension:     8   15   15
 Coefficient for TF KEDF is     1.0000
 Coefficient for VW KEDF is     1.0000
 Coefficient for alpha in WT KEDF is     0.8333
 Coefficient for beta  in WT KEDF is     0.8333
 rho0 (Electron/Bohr^3) in WGC KEDF is     0.0081
 hold0 =  F
  dV of each real space grid is now    3.6648364120469373E-002
 Cell length (Bohr)    5.593E+00   5.593E+00   5.593E+00
 Angle     (Degree)    6.000E+01   6.000E+01   6.000E+01
 Volume    (Bohr^3)    1.237E+02

 ------------------------------------------------------------------------------
                           SETUP EWALD 
 (Ewald) eta                             :   0.8084    
 (Ewald) Real Space Cutoff               :    6.000     (Bohr)
 (Ewald) Reciprocal Cutoff               :    7.864     (1/Bohr)

 ------------------------------------------------------------------------------
                           SETUP PLANE WAVE 
 Read in WT kernel.
 kernel file name  : 8PROFESS_KERNEL.dat           
 KEDF type         :     4
 Fermi vector      :   1.182014212099E+00
 Reference density :  -1.000000000000E+00
 Mesh points       :   200002
 Fermi vector in this cell is    1.2418263536453285     
 Fermi vector from kernel file is    1.1820142120987149     
 First qNorm is    0.0000000000000000     
 size of Wang-Teter kernel in this run is            8          15          15
 Max |G| in this calculation is   1.844356186775E+01
 Max eta used from kernel is   1.485196526359E+01

 ------------------------------------------------------------------------------
                           REFRESH ION POSITIONS
  
 Calculating Ion-Ion Energy ...                   complete.     0.000 s
  
 Calculating Ion-Electron Potential (spline) ... 
 complete.     0.000 s

 ------------------------------------------------------------------------------
                           DENSITY OPTIMIZATION
 Electron number for spin            1  is   0.99999999999999734     
 Cell Volume      :            18.328704 Angstrom^3
 Ion number       :                    1
 Electron number  :             1.000000
 Ion density      :             0.054559 Ion/Angstrom^3
 Electron density :             0.054559 Electron/Angstrom^3
##############################################################################
#                               FINAL ENERGIES                       time    #
##############################################################################
# Thomas-Fermi Kin. Energy =   3.186299710030E+00 eV                 0.000 s #
# Von-Weizsacker Kin. Ener =   2.457597723243E-01 eV                 0.000 s #
# Wang-Teter Kinetic Energ =  -6.330636701537E-02 eV                 0.000 s #
#                                                                            #
#     LDA Exch-Corr Energy =  -5.054516646051E+00 eV                 0.000 s #
#         Coulombic Energy =   1.349614559691E-02 eV                 0.000 s #
#      Ion-Electron Energy =   1.970895026090E+00 eV                 0.000 s #
#           Ion-Ion Energy =  -7.887101821138E+00 eV                 0.000 s #
#                                                                            #
#     TOTAL KINETIC ENERGY =   3.368753115339E+00 eV                         #
#   TOTAL POTENTIAL ENERGY =  -1.095722729550E+01 eV                         #
#             TOTAL ENERGY =  -7.588474180164E+00 eV                         #
##############################################################################
  
 ----------------------------- TIME INFORMATION ------------------------------
    PROFESS      :      0.85s WALL    100.00% (       1 calls)     0.85s/call
    InitPROFESS  :      0.42s WALL     49.92% (       1 calls)     0.42s/call
    KEDFRefresh  :      0.41s WALL     47.89% (       1 calls)     0.41s/call
    IonRefresh   :      0.00s WALL      0.10% (       1 calls)     0.00s/call
    EwaldEnergy  :      0.00s WALL      0.05% (       1 calls)     0.00s/call
    Pot_Ion      :      0.00s WALL      0.03% (      68 calls)     0.00s/call
    Pot_Har      :      0.01s WALL      0.78% (      68 calls)     0.00s/call
    Pot_Exc      :      0.03s WALL      3.54% (      68 calls)     0.00s/call
    Pot_KEDF     :      0.13s WALL     15.69% (      68 calls)     0.00s/call
    VWPotSqrPlus :      0.01s WALL      0.73% (      68 calls)     0.00s/call
    NextGradient :      0.00s WALL      0.03% (       6 calls)     0.00s/call
 -----------------------------------------------------------------------------
 ------------------------------- TOTAL ---------------------------------------
    PROFESS      :      0.85s WALL    100.00% (       1 calls)     0.85s/call
 -----------------------------------------------------------------------------

Run completed on: 08/14/2021 at 19:03:58 
  
