 ******************************************************************************
                             WELCOME TO PROFESS                   
            (PRinceton Orbital-Free Electronic Structure Software) 
 ******************************************************************************

 ------------------------------------------------------------------------------
                           READ GEOMETRY
 Cell length (Bohr)    7.325E+00   7.325E+00   1.213E+01
 Angle     (Degree)    9.000E+01   9.000E+01   1.200E+02
 Volume    (Bohr^3)    5.635E+02

 ------------------------------------------------------------------------------
                           READ PSEUDOPOTENTIAL
 Total electron number in ReadPseudo is    16.000000000000000     
 (System) Machine Precision              :    2.2204460492503131E-016

 ------------------------------------------------------------------------------
                           SETUP FFT
 Global FFT Dimension :    36   36   60
 Dimension of rho for this processor : 
 xmin, xmax :            0          35
 ymin, ymax :            0          35
 zmin, zmax :            0          59
 Total electron number =    16.000000000000000     
 Uniform rhoR =    2.8391757523785945E-002
 (GB INFO) FFT size      :       36      36      60
 (GB INFO) FFT offset    :        0
 (GB INFO) FFT G size    :       19      36      60
 (GB INFO) FFT G offset  :        0

 ------------------------------------------------------------------------------
                           SETUP KEDF
 kinetic energy density functional number is           11
 ( 1=TF, 2=VW, 3=TF+VW, 4=WT,  5=WGC,  
   7=LQ, 8=HQ, 10=CAT,  11=HC, 12=WGCD,
   15=GGA, 16=WGCD+GGA, 17=EVT, 18=EVC )
 qTable dimension:    19   36   60
 rhoS=   2.8391757523785945E-002
 rho0=   2.8391757523785945E-002
 coefficients for TF KEDF is     1.000000
 coefficients for VW KEDF is     1.000000
 Lambda in HC10 is set to     0.010000
 ALPHA  in HC10 is set to     2.016667
 BETA   in HC10 is set to     0.650000
 Sum of alpha and beta is     2.666667
  dV of each real space grid is now    7.2472201377475837E-003
 Cell length (Bohr)    7.325E+00   7.325E+00   1.213E+01
 Angle     (Degree)    9.000E+01   9.000E+01   1.200E+02
 Volume    (Bohr^3)    5.635E+02

 ------------------------------------------------------------------------------
                           SETUP EWALD 
 (Ewald) eta                             :    1.200    
 (Ewald) Real Space Cutoff               :    6.000     (Bohr)
 (Ewald) Reciprocal Cutoff               :    15.01     (1/Bohr)

 ------------------------------------------------------------------------------
                           SETUP PLANE WAVE 

 ------------------------------------------------------------------------------
                           REFRESH ION POSITIONS
  
 Calculating Ion-Ion Energy ...                   complete.     0.009 s
  
 Calculating Ion-Electron Potential (spline) ... 
 complete.     0.014 s

 ------------------------------------------------------------------------------
                           DENSITY OPTIMIZATION
 Electron number for spin            1  is    16.000000000023597     
 Cell Volume      :            83.508580 Angstrom^3
 Ion number       :                    4
 Electron number  :            16.000000
 Ion density      :             0.047899 Ion/Angstrom^3
 Electron density :             0.191597 Electron/Angstrom^3
##############################################################################
#                               FINAL ENERGIES                       time    #
##############################################################################
# Thomas-Fermi Kin. Energy =   1.446976983117E+02 eV                 0.000 s #
# Von-Weizsacker Kin. Ener =   4.155674500092E+01 eV                 0.000 s #
#                                                                            #
# GGA(PBE) Exch-Cor Energy =  -1.286765125710E+02 eV                 0.000 s #
#         Coulombic Energy =   2.811714365465E+01 eV                 0.000 s #
#      Ion-Electron Energy =  -3.828073916474E+01 eV                 0.000 s #
#           Ion-Ion Energy =  -4.501312452759E+02 eV                 0.000 s #
#                                                                            #
#     TOTAL KINETIC ENERGY =   1.547097544760E+02 eV                         #
#   TOTAL POTENTIAL ENERGY =  -5.889713533570E+02 eV                         #
#             TOTAL ENERGY =  -4.342615988810E+02 eV                         #
##############################################################################
  
 ----------------------------- TIME INFORMATION ------------------------------
    PROFESS      :    940.27s WALL    100.00% (       1 calls)   940.27s/call
    InitPROFESS  :      0.05s WALL      0.01% (       1 calls)     0.05s/call
    KEDFRefresh  :      0.00s WALL      0.00% (       1 calls)     0.00s/call
    IonRefresh   :      0.03s WALL      0.00% (       1 calls)     0.03s/call
    EwaldEnergy  :      0.01s WALL      0.00% (       1 calls)     0.01s/call
    ForwFFT_3D   :    167.70s WALL     17.84% (   54125 calls)     0.00s/call
    BackFFT_3D   :     81.41s WALL      8.66% (   35354 calls)     0.00s/call
    Pot_Ion      :      0.72s WALL      0.08% (     873 calls)     0.00s/call
    Pot_Har      :      5.06s WALL      0.54% (     873 calls)     0.01s/call
    Pot_Exc      :     95.93s WALL     10.20% (     873 calls)     0.11s/call
    PBEPot       :     95.09s WALL     10.11% (     873 calls)     0.11s/call
    Pot_KEDF     :    829.52s WALL     88.22% (     873 calls)     0.95s/call
    intPot       :    816.93s WALL     86.88% (     873 calls)     0.94s/call
    MakeXiG      :      4.82s WALL      0.51% (     873 calls)     0.01s/call
    VWPotSqrPlus :      4.32s WALL      0.46% (     873 calls)     0.00s/call
    intPot1      :    233.81s WALL     24.87% (   11130 calls)     0.02s/call
    MakeHC10Kern :     26.13s WALL      2.78% (   12002 calls)     0.00s/call
    intPot2      :    165.90s WALL     17.64% (   11130 calls)     0.01s/call
    intPot3      :    253.60s WALL     26.97% (   11130 calls)     0.02s/call
    intPot4      :    106.18s WALL     11.29% (   11130 calls)     0.01s/call
    NextGradient :      0.40s WALL      0.04% (      72 calls)     0.01s/call
 -----------------------------------------------------------------------------
 ------------------------------- TOTAL ---------------------------------------
    PROFESS      :    940.27s WALL    100.00% (       1 calls)   940.27s/call
 -----------------------------------------------------------------------------

Run completed on: 07/30/2024 at 17:21:46 
  
