 AUTO_SET ks_solver to cg
 In SCAN_BEGIN, can't find: LATTICE_PARAMETERS block.
 functional  warning : file /home/dell/1_work/abacus-develop/source/src_pw/xc_type.cpp line 297 may error 
                            startmag_type = 1
                       charge from rho_at = 3
                         charge should be = 3

 SETUP ATOMIC RHO FOR SPIN 1
                 Electron number from rho = 62.9869
           total electron number from rho = 62.9869
                                should be = 63
                 charge before normalized = 63
                  charge after normalized = 63
                            startmag_type = 1
                       charge from rho_at = 2.99999999999999
                         charge should be = 3

 SETUP ATOMIC RHO FOR SPIN 1
                 Electron number from rho = 62.986875
           total electron number from rho = 62.986875
                                should be = 63
                            startmag_type = 1
                       charge from rho_at = 2.99999999999999
                         charge should be = 3

 SETUP ATOMIC RHO FOR SPIN 1
                 Electron number from rho = 62.986875
           total electron number from rho = 62.986875
                                should be = 63
                 charge before normalized = 62.9999999958846
                  charge after normalized = 63
                            startmag_type = 1
                       charge from rho_at = 2.99999999999999
                         charge should be = 3

 SETUP ATOMIC RHO FOR SPIN 1
                 Electron number from rho = 62.986875
           total electron number from rho = 62.986875
                                should be = 63
                            startmag_type = 1
                       charge from rho_at = 2.99999999999999
                         charge should be = 3

 SETUP ATOMIC RHO FOR SPIN 1
                 Electron number from rho = 62.986875
           total electron number from rho = 62.986875
                                should be = 63
                 charge before normalized = 62.9999999979252
                  charge after normalized = 63
                            startmag_type = 1
                       charge from rho_at = 2.99999999999999
                         charge should be = 3

 SETUP ATOMIC RHO FOR SPIN 1
                 Electron number from rho = 62.986875
           total electron number from rho = 62.986875
                                should be = 63
                            startmag_type = 1
                       charge from rho_at = 2.99999999999999
                         charge should be = 3

 SETUP ATOMIC RHO FOR SPIN 1
                 Electron number from rho = 62.986875
           total electron number from rho = 62.986875
                                should be = 63
                 charge before normalized = 62.9999999968124
                  charge after normalized = 63
                            startmag_type = 1
                       charge from rho_at = 2.99999999999999
                         charge should be = 3

 SETUP ATOMIC RHO FOR SPIN 1
                 Electron number from rho = 62.986875
           total electron number from rho = 62.986875
                                should be = 63
                            startmag_type = 1
                       charge from rho_at = 2.99999999999999
                         charge should be = 3

 SETUP ATOMIC RHO FOR SPIN 1
                 Electron number from rho = 62.986875
           total electron number from rho = 62.986875
                                should be = 63
                 charge before normalized = 62.9999999959331
                  charge after normalized = 63
                            startmag_type = 1
                       charge from rho_at = 2.99999999999999
                         charge should be = 3

 SETUP ATOMIC RHO FOR SPIN 1
                 Electron number from rho = 62.986875
           total electron number from rho = 62.986875
                                should be = 63
                            startmag_type = 1
                       charge from rho_at = 2.99999999999999
                         charge should be = 3

 SETUP ATOMIC RHO FOR SPIN 1
                 Electron number from rho = 62.986875
           total electron number from rho = 62.986875
                                should be = 63
                 charge before normalized = 62.9999999959386
                  charge after normalized = 63
                            startmag_type = 1
                       charge from rho_at = 2.99999999999999
                         charge should be = 3

 SETUP ATOMIC RHO FOR SPIN 1
                 Electron number from rho = 62.986875
           total electron number from rho = 62.986875
                                should be = 63
                            startmag_type = 1
                       charge from rho_at = 2.99999999999999
                         charge should be = 3

 SETUP ATOMIC RHO FOR SPIN 1
                 Electron number from rho = 62.986875
           total electron number from rho = 62.986875
                                should be = 63
                 charge before normalized = 62.9999999959709
                  charge after normalized = 63
                            startmag_type = 1
                       charge from rho_at = 2.99999999999999
                         charge should be = 3

 SETUP ATOMIC RHO FOR SPIN 1
                 Electron number from rho = 62.9868750000001
           total electron number from rho = 62.9868750000001
                                should be = 63
                            startmag_type = 1
                       charge from rho_at = 2.99999999999999
                         charge should be = 3

 SETUP ATOMIC RHO FOR SPIN 1
                 Electron number from rho = 62.9868750000001
           total electron number from rho = 62.9868750000001
                                should be = 63
                 charge before normalized = 62.9999999959555
                  charge after normalized = 63
                            startmag_type = 1
                       charge from rho_at = 2.99999999999999
                         charge should be = 3

 SETUP ATOMIC RHO FOR SPIN 1
                 Electron number from rho = 62.986875
           total electron number from rho = 62.986875
                                should be = 63
                            startmag_type = 1
                       charge from rho_at = 2.99999999999999
                         charge should be = 3

 SETUP ATOMIC RHO FOR SPIN 1
                 Electron number from rho = 62.986875
           total electron number from rho = 62.986875
                                should be = 63
                 charge before normalized = 62.999999995948
                  charge after normalized = 63
                            startmag_type = 1
                       charge from rho_at = 2.99999999999999
                         charge should be = 3

 SETUP ATOMIC RHO FOR SPIN 1
                 Electron number from rho = 62.986875
           total electron number from rho = 62.986875
                                should be = 63
                            startmag_type = 1
                       charge from rho_at = 2.99999999999999
                         charge should be = 3

 SETUP ATOMIC RHO FOR SPIN 1
                 Electron number from rho = 62.986875
           total electron number from rho = 62.986875
                                should be = 63
                 charge before normalized = 62.999999995918
                  charge after normalized = 63
                            startmag_type = 1
                       charge from rho_at = 2.99999999999999
                         charge should be = 3

 SETUP ATOMIC RHO FOR SPIN 1
                 Electron number from rho = 62.986875
           total electron number from rho = 62.986875
                                should be = 63
                            startmag_type = 1
                       charge from rho_at = 2.99999999999999
                         charge should be = 3

 SETUP ATOMIC RHO FOR SPIN 1
                 Electron number from rho = 62.986875
           total electron number from rho = 62.986875
                                should be = 63
                 charge before normalized = 62.9999999958748
                  charge after normalized = 63
                            startmag_type = 1
                       charge from rho_at = 2.99999999999999
                         charge should be = 3

 SETUP ATOMIC RHO FOR SPIN 1
                 Electron number from rho = 62.986875
           total electron number from rho = 62.986875
                                should be = 63
                            startmag_type = 1
                       charge from rho_at = 2.99999999999999
                         charge should be = 3

 SETUP ATOMIC RHO FOR SPIN 1
                 Electron number from rho = 62.986875
           total electron number from rho = 62.986875
                                should be = 63
                 charge before normalized = 62.999999995846
                  charge after normalized = 63
                            startmag_type = 1
                       charge from rho_at = 2.99999999999999
                         charge should be = 3

 SETUP ATOMIC RHO FOR SPIN 1
                 Electron number from rho = 62.986875
           total electron number from rho = 62.986875
                                should be = 63
                            startmag_type = 1
                       charge from rho_at = 2.99999999999999
                         charge should be = 3

 SETUP ATOMIC RHO FOR SPIN 1
                 Electron number from rho = 62.986875
           total electron number from rho = 62.986875
                                should be = 63
                 charge before normalized = 62.999999995837
                  charge after normalized = 63
                            startmag_type = 1
                       charge from rho_at = 2.99999999999999
                         charge should be = 3

 SETUP ATOMIC RHO FOR SPIN 1
                 Electron number from rho = 62.986875
           total electron number from rho = 62.986875
                                should be = 63
                            startmag_type = 1
                       charge from rho_at = 2.99999999999999
                         charge should be = 3

 SETUP ATOMIC RHO FOR SPIN 1
                 Electron number from rho = 62.986875
           total electron number from rho = 62.986875
                                should be = 63
                 charge before normalized = 62.9999999959665
                  charge after normalized = 63
                            startmag_type = 1
                       charge from rho_at = 2.99999999999999
                         charge should be = 3

 SETUP ATOMIC RHO FOR SPIN 1
                 Electron number from rho = 62.986875
           total electron number from rho = 62.986875
                                should be = 63
                            startmag_type = 1
                       charge from rho_at = 2.99999999999999
                         charge should be = 3

 SETUP ATOMIC RHO FOR SPIN 1
                 Electron number from rho = 62.986875
           total electron number from rho = 62.986875
                                should be = 63
                 charge before normalized = 62.9999999958755
                  charge after normalized = 63
                            startmag_type = 1
                       charge from rho_at = 2.99999999999999
                         charge should be = 3

 SETUP ATOMIC RHO FOR SPIN 1
                 Electron number from rho = 62.986875
           total electron number from rho = 62.986875
                                should be = 63
                            startmag_type = 1
                       charge from rho_at = 2.99999999999999
                         charge should be = 3

 SETUP ATOMIC RHO FOR SPIN 1
                 Electron number from rho = 62.986875
           total electron number from rho = 62.986875
                                should be = 63
                 charge before normalized = 62.9999999958852
                  charge after normalized = 63
                            startmag_type = 1
                       charge from rho_at = 2.99999999999999
                         charge should be = 3

 SETUP ATOMIC RHO FOR SPIN 1
                 Electron number from rho = 62.986875
           total electron number from rho = 62.986875
                                should be = 63
                            startmag_type = 1
                       charge from rho_at = 2.99999999999999
                         charge should be = 3

 SETUP ATOMIC RHO FOR SPIN 1
                 Electron number from rho = 62.986875
           total electron number from rho = 62.986875
                                should be = 63
                 charge before normalized = 62.9999999959499
                  charge after normalized = 63
                            startmag_type = 1
                       charge from rho_at = 2.99999999999999
                         charge should be = 3

 SETUP ATOMIC RHO FOR SPIN 1
                 Electron number from rho = 62.986875
           total electron number from rho = 62.986875
                                should be = 63
                            startmag_type = 1
                       charge from rho_at = 2.99999999999999
                         charge should be = 3

 SETUP ATOMIC RHO FOR SPIN 1
                 Electron number from rho = 62.986875
           total electron number from rho = 62.986875
                                should be = 63
                 charge before normalized = 62.9999999958595
                  charge after normalized = 63
                            startmag_type = 1
                       charge from rho_at = 2.99999999999999
                         charge should be = 3

 SETUP ATOMIC RHO FOR SPIN 1
                 Electron number from rho = 62.986875
           total electron number from rho = 62.986875
                                should be = 63
                            startmag_type = 1
                       charge from rho_at = 2.99999999999999
                         charge should be = 3

 SETUP ATOMIC RHO FOR SPIN 1
                 Electron number from rho = 62.986875
           total electron number from rho = 62.986875
                                should be = 63
                 charge before normalized = 62.9999999959368
                  charge after normalized = 63
                            startmag_type = 1
                       charge from rho_at = 2.99999999999999
                         charge should be = 3

 SETUP ATOMIC RHO FOR SPIN 1
                 Electron number from rho = 62.986875
           total electron number from rho = 62.986875
                                should be = 63
                            startmag_type = 1
                       charge from rho_at = 2.99999999999999
                         charge should be = 3

 SETUP ATOMIC RHO FOR SPIN 1
                 Electron number from rho = 62.986875
           total electron number from rho = 62.986875
                                should be = 63
                 charge before normalized = 62.9999999958267
                  charge after normalized = 63
                            startmag_type = 1
                       charge from rho_at = 2.99999999999999
                         charge should be = 3

 SETUP ATOMIC RHO FOR SPIN 1
                 Electron number from rho = 62.986875
           total electron number from rho = 62.986875
                                should be = 63
                            startmag_type = 1
                       charge from rho_at = 2.99999999999999
                         charge should be = 3

 SETUP ATOMIC RHO FOR SPIN 1
                 Electron number from rho = 62.986875
           total electron number from rho = 62.986875
                                should be = 63
                 charge before normalized = 62.9999999958062
                  charge after normalized = 63
                            startmag_type = 1
                       charge from rho_at = 2.99999999999999
                         charge should be = 3

 SETUP ATOMIC RHO FOR SPIN 1
                 Electron number from rho = 62.986875
           total electron number from rho = 62.986875
                                should be = 63
                            startmag_type = 1
                       charge from rho_at = 2.99999999999999
                         charge should be = 3

 SETUP ATOMIC RHO FOR SPIN 1
                 Electron number from rho = 62.986875
           total electron number from rho = 62.986875
                                should be = 63
                 charge before normalized = 62.9999999958972
                  charge after normalized = 63
                            startmag_type = 1
                       charge from rho_at = 2.99999999999999
                         charge should be = 3

 SETUP ATOMIC RHO FOR SPIN 1
                 Electron number from rho = 62.986875
           total electron number from rho = 62.986875
                                should be = 63
                            startmag_type = 1
                       charge from rho_at = 2.99999999999999
                         charge should be = 3

 SETUP ATOMIC RHO FOR SPIN 1
                 Electron number from rho = 62.986875
           total electron number from rho = 62.986875
                                should be = 63
                 charge before normalized = 62.9999999958617
                  charge after normalized = 63
                            startmag_type = 1
                       charge from rho_at = 2.99999999999999
                         charge should be = 3

 SETUP ATOMIC RHO FOR SPIN 1
                 Electron number from rho = 62.986875
           total electron number from rho = 62.986875
                                should be = 63
                            startmag_type = 1
                       charge from rho_at = 2.99999999999999
                         charge should be = 3

 SETUP ATOMIC RHO FOR SPIN 1
                 Electron number from rho = 62.986875
           total electron number from rho = 62.986875
                                should be = 63
                 charge before normalized = 62.9999999958723
                  charge after normalized = 63
                            startmag_type = 1
                       charge from rho_at = 2.99999999999999
                         charge should be = 3

 SETUP ATOMIC RHO FOR SPIN 1
                 Electron number from rho = 62.986875
           total electron number from rho = 62.986875
                                should be = 63
                            startmag_type = 1
                       charge from rho_at = 2.99999999999999
                         charge should be = 3

 SETUP ATOMIC RHO FOR SPIN 1
                 Electron number from rho = 62.986875
           total electron number from rho = 62.986875
                                should be = 63
                 charge before normalized = 62.9999999958524
                  charge after normalized = 63
                            startmag_type = 1
                       charge from rho_at = 2.99999999999999
                         charge should be = 3

 SETUP ATOMIC RHO FOR SPIN 1
                 Electron number from rho = 62.986875
           total electron number from rho = 62.986875
                                should be = 63
                            startmag_type = 1
                       charge from rho_at = 2.99999999999999
                         charge should be = 3

 SETUP ATOMIC RHO FOR SPIN 1
                 Electron number from rho = 62.986875
           total electron number from rho = 62.986875
                                should be = 63
                 charge before normalized = 62.9999999958381
                  charge after normalized = 63
                            startmag_type = 1
                       charge from rho_at = 2.99999999999999
                         charge should be = 3

 SETUP ATOMIC RHO FOR SPIN 1
                 Electron number from rho = 62.986875
           total electron number from rho = 62.986875
                                should be = 63
                            startmag_type = 1
                       charge from rho_at = 2.99999999999999
                         charge should be = 3

 SETUP ATOMIC RHO FOR SPIN 1
                 Electron number from rho = 62.986875
           total electron number from rho = 62.986875
                                should be = 63
                 charge before normalized = 62.9999999958243
                  charge after normalized = 63
                            startmag_type = 1
                       charge from rho_at = 2.99999999999999
                         charge should be = 3

 SETUP ATOMIC RHO FOR SPIN 1
                 Electron number from rho = 62.986875
           total electron number from rho = 62.986875
                                should be = 63
                            startmag_type = 1
                       charge from rho_at = 2.99999999999999
                         charge should be = 3

 SETUP ATOMIC RHO FOR SPIN 1
                 Electron number from rho = 62.986875
           total electron number from rho = 62.986875
                                should be = 63
                 charge before normalized = 62.9999999958211
                  charge after normalized = 63
                            startmag_type = 1
                       charge from rho_at = 2.99999999999999
                         charge should be = 3

 SETUP ATOMIC RHO FOR SPIN 1
                 Electron number from rho = 62.986875
           total electron number from rho = 62.986875
                                should be = 63
                            startmag_type = 1
                       charge from rho_at = 2.99999999999999
                         charge should be = 3

 SETUP ATOMIC RHO FOR SPIN 1
                 Electron number from rho = 62.986875
           total electron number from rho = 62.986875
                                should be = 63
                 charge before normalized = 62.9999999958436
                  charge after normalized = 63
                            startmag_type = 1
                       charge from rho_at = 2.99999999999999
                         charge should be = 3

 SETUP ATOMIC RHO FOR SPIN 1
                 Electron number from rho = 62.986875
           total electron number from rho = 62.986875
                                should be = 63
                            startmag_type = 1
                       charge from rho_at = 2.99999999999999
                         charge should be = 3

 SETUP ATOMIC RHO FOR SPIN 1
                 Electron number from rho = 62.986875
           total electron number from rho = 62.986875
                                should be = 63
                 charge before normalized = 62.9999999959535
                  charge after normalized = 63
                            startmag_type = 1
                       charge from rho_at = 2.99999999999999
                         charge should be = 3

 SETUP ATOMIC RHO FOR SPIN 1
                 Electron number from rho = 62.986875
           total electron number from rho = 62.986875
                                should be = 63
                            startmag_type = 1
                       charge from rho_at = 2.99999999999999
                         charge should be = 3

 SETUP ATOMIC RHO FOR SPIN 1
                 Electron number from rho = 62.986875
           total electron number from rho = 62.986875
                                should be = 63
                 charge before normalized = 62.9999999958898
                  charge after normalized = 63
