 ******************************************************************************
                             WELCOME TO PROFESS                   
            (PRinceton Orbital-Free Electronic Structure Software) 
 ******************************************************************************

 ------------------------------------------------------------------------------
                           READ GEOMETRY
 Cell length (Bohr)    7.270E+00   7.270E+00   1.198E+01
 Angle     (Degree)    9.000E+01   9.000E+01   1.200E+02
 Volume    (Bohr^3)    5.485E+02

 ------------------------------------------------------------------------------
                           READ PSEUDOPOTENTIAL
 Total electron number in ReadPseudo is    16.000000000000000     
 (System) Machine Precision              :    2.2204460492503131E-016

 ------------------------------------------------------------------------------
                           SETUP FFT
 Global FFT Dimension :    36   36   60
 Dimension of rho for this processor : 
 xmin, xmax :            0          35
 ymin, ymax :            0          35
 zmin, zmax :            0          59
 Total electron number =    16.000000000000000     
 Uniform rhoR =    2.9172489645322212E-002
 (GB INFO) FFT size      :       36      36      60
 (GB INFO) FFT offset    :        0
 (GB INFO) FFT G size    :       19      36      60
 (GB INFO) FFT G offset  :        0

 ------------------------------------------------------------------------------
                           SETUP KEDF
 kinetic energy density functional number is           11
 ( 1=TF, 2=VW, 3=TF+VW, 4=WT,  5=WGC,  
   7=LQ, 8=HQ, 10=CAT,  11=HC, 12=WGCD,
   15=GGA, 16=WGCD+GGA, 17=EVT, 18=EVC )
 qTable dimension:    19   36   60
 rhoS=   2.9172489645322212E-002
 rho0=   2.9172489645322212E-002
 coefficients for TF KEDF is     1.000000
 coefficients for VW KEDF is     1.000000
 Lambda in HC10 is set to     0.010000
 ALPHA  in HC10 is set to     1.875667
 BETA   in HC10 is set to     0.791000
 Sum of alpha and beta is     2.666667
  dV of each real space grid is now    7.0532655722588171E-003
 Cell length (Bohr)    7.270E+00   7.270E+00   1.198E+01
 Angle     (Degree)    9.000E+01   9.000E+01   1.200E+02
 Volume    (Bohr^3)    5.485E+02

 ------------------------------------------------------------------------------
                           SETUP EWALD 
 (Ewald) eta                             :    1.200    
 (Ewald) Real Space Cutoff               :    6.000     (Bohr)
 (Ewald) Reciprocal Cutoff               :    15.13     (1/Bohr)

 ------------------------------------------------------------------------------
                           SETUP PLANE WAVE 

 ------------------------------------------------------------------------------
                           REFRESH ION POSITIONS
  
 Calculating Ion-Ion Energy ...                   complete.     0.033 s
  
 Calculating Ion-Electron Potential (spline) ... 
 complete.     0.060 s

 ------------------------------------------------------------------------------
                           DENSITY OPTIMIZATION
 Electron number for spin            1  is    16.000000000003777     
 Cell Volume      :            81.273672 Angstrom^3
 Ion number       :                    4
 Electron number  :            16.000000
 Ion density      :             0.049216 Ion/Angstrom^3
 Electron density :             0.196866 Electron/Angstrom^3
##############################################################################
#                               FINAL ENERGIES                       time    #
##############################################################################
# Thomas-Fermi Kin. Energy =   1.611483833042E+02 eV                 0.000 s #
# Von-Weizsacker Kin. Ener =   5.261659373964E+01 eV                 0.000 s #
#                                                                            #
# GGA(PBE) Exch-Cor Energy =  -1.343750084351E+02 eV                 0.000 s #
#         Coulombic Energy =   4.399916455467E+01 eV                 0.000 s #
#      Ion-Electron Energy =  -9.303763163368E+01 eV                 0.000 s #
#           Ion-Ion Energy =  -4.742030876298E+02 eV                 0.000 s #
#                                                                            #
#     TOTAL KINETIC ENERGY =   1.717965080200E+02 eV                         #
#   TOTAL POTENTIAL ENERGY =  -6.576165631439E+02 eV                         #
#             TOTAL ENERGY =  -4.858200551239E+02 eV                         #
##############################################################################
  
 ----------------------------- TIME INFORMATION ------------------------------
    PROFESS      :   3436.20s WALL    100.00% (       1 calls)  3436.20s/call
    InitPROFESS  :      0.16s WALL      0.00% (       1 calls)     0.16s/call
    KEDFRefresh  :      0.00s WALL      0.00% (       1 calls)     0.00s/call
    IonRefresh   :      0.10s WALL      0.00% (       1 calls)     0.10s/call
    EwaldEnergy  :      0.03s WALL      0.00% (       1 calls)     0.03s/call
    ForwFFT_3D   :    677.99s WALL     19.73% (   55371 calls)     0.01s/call
    BackFFT_3D   :    343.78s WALL     10.00% (   35739 calls)     0.01s/call
    Pot_Ion      :      2.59s WALL      0.08% (     848 calls)     0.00s/call
    Pot_Har      :     22.57s WALL      0.66% (     848 calls)     0.03s/call
    Pot_Exc      :    435.31s WALL     12.67% (     848 calls)     0.51s/call
    PBEPot       :    431.93s WALL     12.57% (     848 calls)     0.51s/call
    Pot_KEDF     :   2939.27s WALL     85.54% (     848 calls)     3.47s/call
    intPot       :   2888.27s WALL     84.05% (     848 calls)     3.41s/call
    MakeXiG      :     17.59s WALL      0.51% (     848 calls)     0.02s/call
    VWPotSqrPlus :     21.17s WALL      0.62% (     848 calls)     0.02s/call
    intPot1      :    815.94s WALL     23.75% (   11510 calls)     0.07s/call
    MakeHC10Kern :     95.10s WALL      2.77% (   12357 calls)     0.01s/call
    intPot2      :    557.52s WALL     16.22% (   11510 calls)     0.05s/call
    intPot3      :    940.25s WALL     27.36% (   11510 calls)     0.08s/call
    intPot4      :    348.08s WALL     10.13% (   11510 calls)     0.03s/call
    NextGradient :      1.77s WALL      0.05% (      78 calls)     0.02s/call
 -----------------------------------------------------------------------------
 ------------------------------- TOTAL ---------------------------------------
    PROFESS      :   3436.20s WALL    100.00% (       1 calls)  3436.20s/call
 -----------------------------------------------------------------------------

Run completed on: 07/31/2024 at 10:10:55 
  
