 ******************************************************************************
                             WELCOME TO PROFESS                   
            (PRinceton Orbital-Free Electronic Structure Software) 
 ******************************************************************************

 ------------------------------------------------------------------------------
                           READ GEOMETRY
 Cell length (Bohr)    7.503E+00   7.503E+00   7.503E+00
 Angle     (Degree)    6.000E+01   6.000E+01   6.000E+01
 Volume    (Bohr^3)    2.987E+02

 ------------------------------------------------------------------------------
                           READ PSEUDOPOTENTIAL
 Total electron number in ReadPseudo is    8.0000000000000000     
 (System) Machine Precision              :    2.2204460492503131E-016

 ------------------------------------------------------------------------------
                           SETUP FFT
 Global FFT Dimension :    40   40   40
 Dimension of rho for this processor : 
 xmin, xmax :            0          39
 ymin, ymax :            0          39
 zmin, zmax :            0          39
 Total electron number =    8.0000000000000000     
 Uniform rhoR =    2.6785870608906387E-002
 (GB INFO) FFT size      :       40      40      40
 (GB INFO) FFT offset    :        0
 (GB INFO) FFT G size    :       21      40      40
 (GB INFO) FFT G offset  :        0

 ------------------------------------------------------------------------------
                           SETUP KEDF
 kinetic energy density functional number is           11
 ( 1=TF, 2=VW, 3=TF+VW, 4=WT,  5=WGC,  
   7=LQ, 8=HQ, 10=CAT,  11=HC, 12=WGCD,
   15=GGA, 16=WGCD+GGA, 17=EVT, 18=EVC )
 qTable dimension:    21   40   40
 rhoS=   2.6785870608906387E-002
 rho0=   2.6785870608906387E-002
 coefficients for TF KEDF is     1.000000
 coefficients for VW KEDF is     1.000000
 Lambda in HC10 is set to     0.013000
 ALPHA  in HC10 is set to     1.883667
 BETA   in HC10 is set to     0.783000
 Sum of alpha and beta is     2.666667
  dV of each real space grid is now    4.6666394318516987E-003
 Cell length (Bohr)    7.503E+00   7.503E+00   7.503E+00
 Angle     (Degree)    6.000E+01   6.000E+01   6.000E+01
 Volume    (Bohr^3)    2.987E+02

 ------------------------------------------------------------------------------
                           SETUP EWALD 
 (Ewald) eta                             :    1.200    
 (Ewald) Real Space Cutoff               :    6.000     (Bohr)
 (Ewald) Reciprocal Cutoff               :    16.33     (1/Bohr)

 ------------------------------------------------------------------------------
                           SETUP PLANE WAVE 

 ------------------------------------------------------------------------------
                           REFRESH ION POSITIONS
  
 Calculating Ion-Ion Energy ...                   complete.     0.035 s
  
 Calculating Ion-Electron Potential (spline) ... 
 complete.     0.044 s

 ------------------------------------------------------------------------------
                           DENSITY OPTIMIZATION
 Electron number for spin            1  is    7.9999999999929594     
 Cell Volume      :            44.257575 Angstrom^3
 Ion number       :                    2
 Electron number  :             8.000000
 Ion density      :             0.045190 Ion/Angstrom^3
 Electron density :             0.180760 Electron/Angstrom^3
##############################################################################
#                               FINAL ENERGIES                       time    #
##############################################################################
# Thomas-Fermi Kin. Energy =   7.395600536467E+01 eV                 0.000 s #
# Von-Weizsacker Kin. Ener =   2.279432056544E+01 eV                 0.000 s #
#                                                                            #
# GGA(PBE) Exch-Cor Energy =  -6.468028443579E+01 eV                 0.000 s #
#         Coulombic Energy =   1.869954672662E+01 eV                 0.000 s #
#      Ion-Electron Energy =  -3.346221818041E+01 eV                 0.000 s #
#           Ion-Ion Energy =  -2.307323305443E+02 eV                 0.000 s #
#                                                                            #
#     TOTAL KINETIC ENERGY =   7.842901557041E+01 eV                         #
#   TOTAL POTENTIAL ENERGY =  -3.101752864339E+02 eV                         #
#             TOTAL ENERGY =  -2.317462708635E+02 eV                         #
##############################################################################
  
 ----------------------------- TIME INFORMATION ------------------------------
    PROFESS      :   3323.86s WALL    100.00% (       1 calls)  3323.86s/call
    InitPROFESS  :      0.19s WALL      0.01% (       1 calls)     0.19s/call
    KEDFRefresh  :      0.00s WALL      0.00% (       1 calls)     0.00s/call
    IonRefresh   :      0.10s WALL      0.00% (       1 calls)     0.10s/call
    EwaldEnergy  :      0.04s WALL      0.00% (       1 calls)     0.04s/call
    ForwFFT_3D   :    588.88s WALL     17.72% (   71329 calls)     0.01s/call
    BackFFT_3D   :    298.43s WALL      8.98% (   46093 calls)     0.01s/call
    Pot_Ion      :      2.83s WALL      0.09% (    1098 calls)     0.00s/call
    Pot_Har      :     20.52s WALL      0.62% (    1098 calls)     0.02s/call
    Pot_Exc      :    390.16s WALL     11.74% (    1098 calls)     0.36s/call
    PBEPot       :    387.07s WALL     11.65% (    1098 calls)     0.35s/call
    Pot_KEDF     :   2874.07s WALL     86.47% (    1098 calls)     2.62s/call
    intPot       :   2824.73s WALL     84.98% (    1098 calls)     2.57s/call
    MakeXiG      :     18.00s WALL      0.54% (    1098 calls)     0.02s/call
    VWPotSqrPlus :     18.11s WALL      0.54% (    1098 calls)     0.02s/call
    intPot1      :    781.91s WALL     23.52% (   14812 calls)     0.05s/call
    MakeHC10Kern :     76.13s WALL      2.29% (   15909 calls)     0.00s/call
    intPot2      :    577.14s WALL     17.36% (   14812 calls)     0.04s/call
    intPot3      :    883.80s WALL     26.59% (   14812 calls)     0.06s/call
    intPot4      :    362.07s WALL     10.89% (   14812 calls)     0.02s/call
    NextGradient :      2.04s WALL      0.06% (     114 calls)     0.02s/call
 -----------------------------------------------------------------------------
 ------------------------------- TOTAL ---------------------------------------
    PROFESS      :   3323.86s WALL    100.00% (       1 calls)  3323.86s/call
 -----------------------------------------------------------------------------

Run completed on: 07/31/2024 at 10:46:06 
  
