 ******************************************************************************
                             WELCOME TO PROFESS                   
            (PRinceton Orbital-Free Electronic Structure Software) 
 ******************************************************************************

 ------------------------------------------------------------------------------
                           READ GEOMETRY
 Cell length (Bohr)    5.180E+00   5.180E+00   8.251E+00
 Angle     (Degree)    9.000E+01   9.000E+01   1.200E+02
 Volume    (Bohr^3)    1.918E+02

 ------------------------------------------------------------------------------
                           READ PSEUDOPOTENTIAL
 Total electron number in ReadPseudo is    8.0000000000000000     
 (System) Machine Precision              :    2.2204460492503131E-016

 ------------------------------------------------------------------------------
                           SETUP FFT
 Global FFT Dimension :    27   27   42
 Dimension of rho for this processor : 
 xmin, xmax :            0          26
 ymin, ymax :            0          26
 zmin, zmax :            0          41
 Total electron number =    8.0000000000000000     
 Uniform rhoR =    4.1719248223880373E-002
 (GB INFO) FFT size      :       27      27      42
 (GB INFO) FFT offset    :        0
 (GB INFO) FFT G size    :       14      27      42
 (GB INFO) FFT G offset  :        0

 ------------------------------------------------------------------------------
                           SETUP KEDF
 kinetic energy density functional number is            5
 ( 1=TF, 2=VW, 3=TF+VW, 4=WT,  5=WGC,  
   7=LQ, 8=HQ, 10=CAT,  11=HC, 12=WGCD,
   15=GGA, 16=WGCD+GGA, 17=EVT, 18=EVC )
 qTable dimension:    14   27   42
 Coefficient for TF KEDF is     1.0000
 Coefficient for VW KEDF is     1.0000
 Coefficient for alpha in WGC KEDF is     1.2060
 Coefficient for beta  in WGC KEDF is     0.4607
 Coefficient for gamma in WGC KEDF is     4.2000
 rho0 (Electron/Bohr^3) in WGC KEDF is     0.0417
 rhoS (Electron/Bohr^3) in WGC KEDF is     0.0417
 hold0 =  F
 holdS =  F
  dV of each real space grid is now    6.2629175506555522E-003
 Cell length (Bohr)    5.180E+00   5.180E+00   8.251E+00
 Angle     (Degree)    9.000E+01   9.000E+01   1.200E+02
 Volume    (Bohr^3)    1.918E+02

 ------------------------------------------------------------------------------
                           SETUP EWALD 
 (Ewald) eta                             :    1.200    
 (Ewald) Real Space Cutoff               :    6.000     (Bohr)
 (Ewald) Reciprocal Cutoff               :    15.61     (1/Bohr)

 ------------------------------------------------------------------------------
                           SETUP PLANE WAVE 

 ------------------------------------------------------------------------------
                           INITIALIZING WGC KERNEL
 Fermi vector :    1.0729656648524737     
 Reference density :    4.1719248223880373E-002
 Make WGC kernels.
 Dimension of KEDF Kernel :           14          27          42

 ------------------------------------------------------------------------------
                           REFRESH ION POSITIONS
  
 Calculating Ion-Ion Energy ...                   complete.     0.004 s
  
 Calculating Ion-Electron Potential (spline) ... 
 complete.     0.007 s

 ------------------------------------------------------------------------------
                           DENSITY OPTIMIZATION
 Electron number for spin            1  is    8.0000000000026681     
 Cell Volume      :            28.415605 Angstrom^3
 Ion number       :                    2
 Electron number  :             8.000000
 Ion density      :             0.070384 Ion/Angstrom^3
 Electron density :             0.281535 Electron/Angstrom^3
##############################################################################
#                               FINAL ENERGIES                       time    #
##############################################################################
# Thomas-Fermi Kin. Energy =   7.741228403758E+01 eV                 0.000 s #
# Von-Weizsacker Kin. Ener =   8.350881895130E+00 eV                 0.000 s #
#       WGC Kinetic Energy =  -3.517994888270E+00 eV                 0.000 s #
#                                                                            #
# GGA(PBE) Exch-Cor Energy =  -6.681097947109E+01 eV                 0.000 s #
#         Coulombic Energy =   7.846058865707E-01 eV                 0.000 s #
#      Ion-Electron Energy =   4.206845412369E+01 eV                 0.000 s #
#           Ion-Ion Energy =  -2.747113920300E+02 eV                 0.000 s #
#                                                                            #
#     TOTAL KINETIC ENERGY =   8.224517104444E+01 eV                         #
#   TOTAL POTENTIAL ENERGY =  -2.986693114908E+02 eV                         #
#             TOTAL ENERGY =  -2.164241404464E+02 eV                         #
##############################################################################
  
 ----------------------------- TIME INFORMATION ------------------------------
    PROFESS      :      8.04s WALL    100.00% (       1 calls)     8.04s/call
    InitPROFESS  :      0.06s WALL      0.69% (       1 calls)     0.06s/call
    KEDFRefresh  :      0.02s WALL      0.29% (       1 calls)     0.02s/call
    IonRefresh   :      0.01s WALL      0.16% (       1 calls)     0.01s/call
    EwaldEnergy  :      0.00s WALL      0.05% (       1 calls)     0.00s/call
    ForwFFT_3D   :      1.39s WALL     17.30% (    1418 calls)     0.00s/call
    BackFFT_3D   :      1.25s WALL     15.48% (    1417 calls)     0.00s/call
    Pot_Ion      :      0.03s WALL      0.35% (     118 calls)     0.00s/call
    Pot_Har      :      0.26s WALL      3.23% (     118 calls)     0.00s/call
    Pot_Exc      :      4.38s WALL     54.41% (     118 calls)     0.04s/call
    PBEPot       :      4.16s WALL     51.74% (     118 calls)     0.04s/call
    Pot_KEDF     :      2.95s WALL     36.69% (     118 calls)     0.03s/call
    WGCPotPlus   :      2.32s WALL     28.89% (     118 calls)     0.02s/call
    VWPotSqrPlus :      0.21s WALL      2.66% (     118 calls)     0.00s/call
    NextGradient :      0.01s WALL      0.10% (       8 calls)     0.00s/call
 -----------------------------------------------------------------------------
 ------------------------------- TOTAL ---------------------------------------
    PROFESS      :      8.04s WALL    100.00% (       1 calls)     8.04s/call
 -----------------------------------------------------------------------------

Run completed on: 07/30/2024 at 16:54:10 
  
