 ******************************************************************************
                             WELCOME TO PROFESS                   
            (PRinceton Orbital-Free Electronic Structure Software) 
 ******************************************************************************

 ------------------------------------------------------------------------------
                           READ GEOMETRY
 Cell length (Bohr)    4.759E+00   4.759E+00   4.759E+00
 Angle     (Degree)    9.000E+01   9.000E+01   9.000E+01
 Volume    (Bohr^3)    1.078E+02

 ------------------------------------------------------------------------------
                           READ PSEUDOPOTENTIAL
 Total electron number in ReadPseudo is    4.0000000000000000     
 (System) Machine Precision              :    2.2204460492503131E-016

 ------------------------------------------------------------------------------
                           SETUP FFT
 Global FFT Dimension :    24   24   24
 Dimension of rho for this processor : 
 xmin, xmax :            0          23
 ymin, ymax :            0          23
 zmin, zmax :            0          23
 Total electron number =    4.0000000000000000     
 Uniform rhoR =    3.7110662133101276E-002
 (GB INFO) FFT size      :       24      24      24
 (GB INFO) FFT offset    :        0
 (GB INFO) FFT G size    :       13      24      24
 (GB INFO) FFT G offset  :        0

 ------------------------------------------------------------------------------
                           SETUP KEDF
 kinetic energy density functional number is            5
 ( 1=TF, 2=VW, 3=TF+VW, 4=WT,  5=WGC,  
   7=LQ, 8=HQ, 10=CAT,  11=HC, 12=WGCD,
   15=GGA, 16=WGCD+GGA, 17=EVT, 18=EVC )
 qTable dimension:    13   24   24
 Coefficient for TF KEDF is     1.0000
 Coefficient for VW KEDF is     1.0000
 Coefficient for alpha in WGC KEDF is     1.2060
 Coefficient for beta  in WGC KEDF is     0.4607
 Coefficient for gamma in WGC KEDF is     4.2000
 rho0 (Electron/Bohr^3) in WGC KEDF is     0.0371
 rhoS (Electron/Bohr^3) in WGC KEDF is     0.0371
 hold0 =  F
 holdS =  F
  dV of each real space grid is now    7.7970005173731774E-003
 Cell length (Bohr)    4.759E+00   4.759E+00   4.759E+00
 Angle     (Degree)    9.000E+01   9.000E+01   9.000E+01
 Volume    (Bohr^3)    1.078E+02

 ------------------------------------------------------------------------------
                           SETUP EWALD 
 (Ewald) eta                             :    1.200    
 (Ewald) Real Space Cutoff               :    6.000     (Bohr)
 (Ewald) Reciprocal Cutoff               :    15.18     (1/Bohr)

 ------------------------------------------------------------------------------
                           SETUP PLANE WAVE 

 ------------------------------------------------------------------------------
                           INITIALIZING WGC KERNEL
 Fermi vector :    1.0319054378946793     
 Reference density :    3.7110662133101276E-002
 Make WGC kernels.
 Dimension of KEDF Kernel :           13          24          24

 ------------------------------------------------------------------------------
                           REFRESH ION POSITIONS
  
 Calculating Ion-Ion Energy ...                   complete.     0.002 s
  
 Calculating Ion-Electron Potential (spline) ... 
 complete.     0.002 s

 ------------------------------------------------------------------------------
                           DENSITY OPTIMIZATION
 Electron number for spin            1  is    4.0000000000000959     
 Cell Volume      :            15.972198 Angstrom^3
 Ion number       :                    1
 Electron number  :             4.000000
 Ion density      :             0.062609 Ion/Angstrom^3
 Electron density :             0.250435 Electron/Angstrom^3
##############################################################################
#                               FINAL ENERGIES                       time    #
##############################################################################
# Thomas-Fermi Kin. Energy =   3.766028171932E+01 eV                 0.000 s #
# Von-Weizsacker Kin. Ener =   6.714378072000E+00 eV                 0.000 s #
#       WGC Kinetic Energy =  -3.971562799265E+00 eV                 0.000 s #
#                                                                            #
# GGA(PBE) Exch-Cor Energy =  -3.289247183695E+01 eV                 0.000 s #
#         Coulombic Energy =   1.652024897458E+00 eV                 0.000 s #
#      Ion-Electron Energy =   1.241784964424E+01 eV                 0.000 s #
#           Ion-Ion Energy =  -1.297851644503E+02 eV                 0.000 s #
#                                                                            #
#     TOTAL KINETIC ENERGY =   4.040309699206E+01 eV                         #
#   TOTAL POTENTIAL ENERGY =  -1.486077617456E+02 eV                         #
#             TOTAL ENERGY =  -1.082046647535E+02 eV                         #
##############################################################################
  
 ----------------------------- TIME INFORMATION ------------------------------
    PROFESS      :      2.03s WALL    100.00% (       1 calls)     2.03s/call
    InitPROFESS  :      0.05s WALL      2.27% (       1 calls)     0.05s/call
    KEDFRefresh  :      0.02s WALL      1.09% (       1 calls)     0.02s/call
    IonRefresh   :      0.00s WALL      0.22% (       1 calls)     0.00s/call
    EwaldEnergy  :      0.00s WALL      0.09% (       1 calls)     0.00s/call
    ForwFFT_3D   :      0.45s WALL     22.06% (    1238 calls)     0.00s/call
    BackFFT_3D   :      0.37s WALL     18.25% (    1237 calls)     0.00s/call
    Pot_Ion      :      0.01s WALL      0.51% (     103 calls)     0.00s/call
    Pot_Har      :      0.08s WALL      3.93% (     103 calls)     0.00s/call
    Pot_Exc      :      0.87s WALL     42.97% (     103 calls)     0.01s/call
    PBEPot       :      0.81s WALL     40.02% (     103 calls)     0.01s/call
    Pot_KEDF     :      0.91s WALL     44.98% (     103 calls)     0.01s/call
    WGCPotPlus   :      0.71s WALL     35.01% (     103 calls)     0.01s/call
    VWPotSqrPlus :      0.06s WALL      3.18% (     103 calls)     0.00s/call
    NextGradient :      0.00s WALL      0.13% (       7 calls)     0.00s/call
 -----------------------------------------------------------------------------
 ------------------------------- TOTAL ---------------------------------------
    PROFESS      :      2.03s WALL    100.00% (       1 calls)     2.03s/call
 -----------------------------------------------------------------------------

Run completed on: 07/30/2024 at 16:54:11 
  
