 ******************************************************************************
                             WELCOME TO PROFESS                   
            (PRinceton Orbital-Free Electronic Structure Software) 
 ******************************************************************************

 ------------------------------------------------------------------------------
                           READ GEOMETRY
 Cell length (Bohr)    1.167E+01   1.167E+01   1.167E+01
 Angle     (Degree)    9.000E+01   9.000E+01   9.000E+01
 Volume    (Bohr^3)    1.590E+03

 ------------------------------------------------------------------------------
                           READ PSEUDOPOTENTIAL
 Total electron number in ReadPseudo is    64.000000000000000     
 (System) Machine Precision              :    2.2204460492503131E-016

 ------------------------------------------------------------------------------
                           SETUP FFT
 Global FFT Dimension :    60   60   60
 Dimension of rho for this processor : 
 xmin, xmax :            0          59
 ymin, ymax :            0          59
 zmin, zmax :            0          59
 Total electron number =    64.000000000000000     
 Uniform rhoR =    4.0262774407463786E-002
 (GB INFO) FFT size      :       60      60      60
 (GB INFO) FFT offset    :        0
 (GB INFO) FFT G size    :       31      60      60
 (GB INFO) FFT G offset  :        0

 ------------------------------------------------------------------------------
                           SETUP KEDF
 kinetic energy density functional number is            5
 ( 1=TF, 2=VW, 3=TF+VW, 4=WT,  5=WGC,  
   7=LQ, 8=HQ, 10=CAT,  11=HC, 12=WGCD,
   15=GGA, 16=WGCD+GGA, 17=EVT, 18=EVC )
 qTable dimension:    31   60   60
 Coefficient for TF KEDF is     1.0000
 Coefficient for VW KEDF is     1.0000
 Coefficient for alpha in WGC KEDF is     1.2060
 Coefficient for beta  in WGC KEDF is     0.4607
 Coefficient for gamma in WGC KEDF is     4.2000
 rho0 (Electron/Bohr^3) in WGC KEDF is     0.0403
 rhoS (Electron/Bohr^3) in WGC KEDF is     0.0403
 hold0 =  F
 holdS =  F
  dV of each real space grid is now    7.3590630714551507E-003
 Cell length (Bohr)    1.167E+01   1.167E+01   1.167E+01
 Angle     (Degree)    9.000E+01   9.000E+01   9.000E+01
 Volume    (Bohr^3)    1.590E+03

 ------------------------------------------------------------------------------
                           SETUP EWALD 
 (Ewald) eta                             :    1.200    
 (Ewald) Real Space Cutoff               :    6.000     (Bohr)
 (Ewald) Reciprocal Cutoff               :    15.88     (1/Bohr)

 ------------------------------------------------------------------------------
                           SETUP PLANE WAVE 

 ------------------------------------------------------------------------------
                           INITIALIZING WGC KERNEL
 Fermi vector :    1.0603312618619045     
 Reference density :    4.0262774407463786E-002
 Make WGC kernels.
 Dimension of KEDF Kernel :           31          60          60

 ------------------------------------------------------------------------------
                           REFRESH ION POSITIONS
  
 Calculating Ion-Ion Energy ...                   complete.     0.045 s
  
 Calculating Ion-Electron Potential (spline) ... 
 complete.     0.049 s

 ------------------------------------------------------------------------------
                           DENSITY OPTIMIZATION
 Electron number for spin            1  is    64.000000000342681     
 Cell Volume      :           235.548135 Angstrom^3
 Ion number       :                   16
 Electron number  :            64.000000
 Ion density      :             0.067927 Ion/Angstrom^3
 Electron density :             0.271707 Electron/Angstrom^3
##############################################################################
#                               FINAL ENERGIES                       time    #
##############################################################################
# Thomas-Fermi Kin. Energy =   6.678544595416E+02 eV                 0.000 s #
# Von-Weizsacker Kin. Ener =   1.486380927020E+02 eV                 0.000 s #
#       WGC Kinetic Energy =  -1.055677294563E+02 eV                 0.000 s #
#                                                                            #
# GGA(PBE) Exch-Cor Energy =  -5.496080058574E+02 eV                 0.000 s #
#         Coulombic Energy =   5.556102740126E+01 eV                 0.000 s #
#      Ion-Electron Energy =   1.365617191735E+02 eV                 0.000 s #
#           Ion-Ion Energy =  -2.078553136637E+03 eV                 0.000 s #
#                                                                            #
#     TOTAL KINETIC ENERGY =   7.109248227873E+02 eV                         #
#   TOTAL POTENTIAL ENERGY =  -2.436038395920E+03 eV                         #
#             TOTAL ENERGY =  -1.725113573132E+03 eV                         #
##############################################################################
  
 ----------------------------- TIME INFORMATION ------------------------------
    PROFESS      :     48.90s WALL    100.00% (       1 calls)    48.90s/call
    InitPROFESS  :      0.21s WALL      0.42% (       1 calls)     0.21s/call
    KEDFRefresh  :      0.08s WALL      0.15% (       1 calls)     0.08s/call
    IonRefresh   :      0.11s WALL      0.23% (       1 calls)     0.11s/call
    EwaldEnergy  :      0.04s WALL      0.09% (       1 calls)     0.04s/call
    ForwFFT_3D   :      9.92s WALL     20.28% (    1742 calls)     0.01s/call
    BackFFT_3D   :      8.10s WALL     16.57% (    1741 calls)     0.00s/call
    Pot_Ion      :      0.13s WALL      0.27% (     145 calls)     0.00s/call
    Pot_Har      :      1.73s WALL      3.54% (     145 calls)     0.01s/call
    Pot_Exc      :     26.46s WALL     54.10% (     145 calls)     0.18s/call
    PBEPot       :     25.48s WALL     52.11% (     145 calls)     0.18s/call
    Pot_KEDF     :     18.20s WALL     37.21% (     145 calls)     0.13s/call
    WGCPotPlus   :     14.34s WALL     29.32% (     145 calls)     0.10s/call
    VWPotSqrPlus :      1.46s WALL      2.98% (     145 calls)     0.01s/call
    NextGradient :      0.04s WALL      0.08% (       8 calls)     0.01s/call
 -----------------------------------------------------------------------------
 ------------------------------- TOTAL ---------------------------------------
    PROFESS      :     48.90s WALL    100.00% (       1 calls)    48.90s/call
 -----------------------------------------------------------------------------

Run completed on: 07/30/2024 at 16:52:56 
  
