 ******************************************************************************
                             WELCOME TO PROFESS                   
            (PRinceton Orbital-Free Electronic Structure Software) 
 ******************************************************************************

 ------------------------------------------------------------------------------
                           READ GEOMETRY
 Cell length (Bohr)    5.474E+00   9.862E+00   2.231E+01
 Angle     (Degree)    9.000E+01   9.000E+01   9.000E+01
 Volume    (Bohr^3)    1.204E+03

 ------------------------------------------------------------------------------
                           READ PSEUDOPOTENTIAL
 Total electron number in ReadPseudo is    16.000000000000000     
 (System) Machine Precision              :    2.2204460492503131E-016

 ------------------------------------------------------------------------------
                           SETUP FFT
 Global FFT Dimension :    27   49  112
 Rank/Size in Global Communicator     :            0 /           1
 Rank/Size in Global FFT Communicator :            0 /           1
 Parallel FFT, totX    =    27
 Parallel FFT, totY    =    49
 Parallel FFT, locZ    =   112
 Parallel FFT, locZoff =     0
 Dimension of rho for this processor : 
 xmin, xmax :            0          26
 ymin, ymax :            0          48
 zmin, zmax :            0         111
 Total electron number =    16.000000000000000     
 Uniform rhoR =    1.3285647579936241E-002
 (GB INFO) FFT size      :       27      49     112
 (GB INFO) FFT offset    :        0
 (GB INFO) FFT G size    :       14      49     112
 (GB INFO) FFT G offset  :        0

 ------------------------------------------------------------------------------
                           SETUP KEDF
 kinetic energy density functional number is            5
 ( 1=TF, 2=VW, 3=TF+VW, 4=WT,  5=WGC,  
   7=LQ, 8=HQ, 10=CAT,  11=HC, 12=WGCD,
   15=GGA, 16=WGCD+GGA, 17=EVT, 18=EVC )
 qTable dimension:    14   49  112
 Coefficient for TF KEDF is     1.0000
 Coefficient for VW KEDF is     1.0000
 Coefficient for alpha in WGC KEDF is     1.2060
 Coefficient for beta  in WGC KEDF is     0.4607
 Coefficient for gamma in WGC KEDF is     2.7000
 rho0 (Electron/Bohr^3) in WGC KEDF is     0.0133
 rhoS (Electron/Bohr^3) in WGC KEDF is     0.0133
 hold0 =  F
 holdS =  F
  dV of each real space grid is now    8.1275450945653277E-003
 Cell length (Bohr)    5.474E+00   9.862E+00   2.231E+01
 Angle     (Degree)    9.000E+01   9.000E+01   9.000E+01
 Volume    (Bohr^3)    1.204E+03

 ------------------------------------------------------------------------------
                           SETUP EWALD 
 (Ewald) eta                             :    1.200    
 (Ewald) Real Space Cutoff               :    6.000     (Bohr)
 (Ewald) Reciprocal Cutoff               :    14.92     (1/Bohr)

 ------------------------------------------------------------------------------
                           SETUP PLANE WAVE 

 ------------------------------------------------------------------------------
                           INITIALIZING WGC KERNEL
 Fermi vector :   0.73271414565587611     
 Reference density :    1.3285647579936241E-002
 Make WGC kernels.
 Dimension of KEDF Kernel :           14          49         112

 ------------------------------------------------------------------------------
                           REFRESH ION POSITIONS
  
 Calculating Ion-Ion Energy ...                   complete.     0.012 s
  
 Calculating Ion-Electron Potential (spline) ... 
 complete.     0.032 s

 ------------------------------------------------------------------------------
                           DENSITY OPTIMIZATION
 Electron number for spin            1  is    16.000000000028802     
 Cell Volume      :           178.459901 Angstrom^3
 Ion number       :                    8
 Electron number  :            16.000000
 Ion density      :             0.044828 Ion/Angstrom^3
 Electron density :             0.089656 Electron/Angstrom^3
 Print density file to mp-1015814/mp-1015814.den                         
##############################################################################
#                               FINAL ENERGIES                       time    #
##############################################################################
# Thomas-Fermi Kin. Energy =   7.907936437754E+01 eV                 0.000 s #
# Von-Weizsacker Kin. Ener =   1.561134972860E+01 eV                 0.000 s #
#       WGC Kinetic Energy =  -9.655729840076E+00 eV                 0.000 s #
#                                                                            #
# GGA(PBE) Exch-Cor Energy =  -9.765930225237E+01 eV                 0.000 s #
#         Coulombic Energy =   1.262609777017E+01 eV                 0.000 s #
#      Ion-Electron Energy =   1.948328466538E+01 eV                 0.000 s #
#           Ion-Ion Energy =  -2.466688373496E+02 eV                 0.000 s #
#                                                                            #
#     TOTAL KINETIC ENERGY =   8.503498426607E+01 eV                         #
#   TOTAL POTENTIAL ENERGY =  -3.122187571664E+02 eV                         #
#             TOTAL ENERGY =  -2.271837729003E+02 eV                         #
##############################################################################
  
 ----------------------------- TIME INFORMATION ------------------------------
    PROFESS      :     41.21s WALL    100.00% (       1 calls)    41.21s/call
    InitPROFESS  :      0.13s WALL      0.32% (       1 calls)     0.13s/call
    KEDFRefresh  :      0.04s WALL      0.10% (       1 calls)     0.04s/call
    IonRefresh   :      0.05s WALL      0.12% (       1 calls)     0.05s/call
    EwaldEnergy  :      0.01s WALL      0.03% (       1 calls)     0.01s/call
    Pot_Ion      :      0.06s WALL      0.14% (     170 calls)     0.00s/call
    Pot_Har      :      1.20s WALL      2.90% (     170 calls)     0.01s/call
    Pot_Exc      :     19.48s WALL     47.27% (     170 calls)     0.11s/call
    PBEPot       :     19.13s WALL     46.41% (     170 calls)     0.11s/call
    Pot_KEDF     :     18.85s WALL     45.74% (     170 calls)     0.11s/call
    WGCPotPlus   :     14.80s WALL     35.90% (     170 calls)     0.09s/call
    VWPotSqrPlus :      1.06s WALL      2.57% (     170 calls)     0.01s/call
    NextGradient :      0.02s WALL      0.06% (       9 calls)     0.00s/call
 -----------------------------------------------------------------------------
 ------------------------------- TOTAL ---------------------------------------
    PROFESS      :     41.21s WALL    100.00% (       1 calls)    41.21s/call
 -----------------------------------------------------------------------------

Run completed on: 05/15/2023 at 19:05:50 
  
