 ******************************************************************************
                             WELCOME TO PROFESS                   
            (PRinceton Orbital-Free Electronic Structure Software) 
 ******************************************************************************

 ------------------------------------------------------------------------------
                           READ GEOMETRY
 Cell length (Bohr)    7.369E+00   7.369E+00   1.220E+01
 Angle     (Degree)    9.000E+01   9.000E+01   1.200E+02
 Volume    (Bohr^3)    5.739E+02

 ------------------------------------------------------------------------------
                           READ PSEUDOPOTENTIAL
 Total electron number in ReadPseudo is    16.000000000000000     
 (System) Machine Precision              :    2.2204460492503131E-016

 ------------------------------------------------------------------------------
                           SETUP FFT
 Global FFT Dimension :    36   36   60
 Dimension of rho for this processor : 
 xmin, xmax :            0          35
 ymin, ymax :            0          35
 zmin, zmax :            0          59
 Total electron number =    16.000000000000000     
 Uniform rhoR =    2.7881603161101033E-002
 (GB INFO) FFT size      :       36      36      60
 (GB INFO) FFT offset    :        0
 (GB INFO) FFT G size    :       19      36      60
 (GB INFO) FFT G offset  :        0

 ------------------------------------------------------------------------------
                           SETUP KEDF
 kinetic energy density functional number is           11
 ( 1=TF, 2=VW, 3=TF+VW, 4=WT,  5=WGC,  
   7=LQ, 8=HQ, 10=CAT,  11=HC, 12=WGCD,
   15=GGA, 16=WGCD+GGA, 17=EVT, 18=EVC )
 qTable dimension:    19   36   60
 rhoS=   2.7881603161101033E-002
 rho0=   2.7881603161101033E-002
 coefficients for TF KEDF is     1.000000
 coefficients for VW KEDF is     1.000000
 Lambda in HC10 is set to     0.010000
 ALPHA  in HC10 is set to     2.016667
 BETA   in HC10 is set to     0.650000
 Sum of alpha and beta is     2.666667
  dV of each real space grid is now    7.3798237383815683E-003
 Cell length (Bohr)    7.369E+00   7.369E+00   1.220E+01
 Angle     (Degree)    9.000E+01   9.000E+01   1.200E+02
 Volume    (Bohr^3)    5.739E+02

 ------------------------------------------------------------------------------
                           SETUP EWALD 
 (Ewald) eta                             :    1.200    
 (Ewald) Real Space Cutoff               :    6.000     (Bohr)
 (Ewald) Reciprocal Cutoff               :    14.92     (1/Bohr)

 ------------------------------------------------------------------------------
                           SETUP PLANE WAVE 

 ------------------------------------------------------------------------------
                           REFRESH ION POSITIONS
  
 Calculating Ion-Ion Energy ...                   complete.     0.010 s
  
 Calculating Ion-Electron Potential (spline) ... 
 complete.     0.014 s

 ------------------------------------------------------------------------------
                           DENSITY OPTIMIZATION
 Electron number for spin            1  is    16.000000000011617     
 Cell Volume      :            85.036550 Angstrom^3
 Ion number       :                    4
 Electron number  :            16.000000
 Ion density      :             0.047039 Ion/Angstrom^3
 Electron density :             0.188154 Electron/Angstrom^3
##############################################################################
#                               FINAL ENERGIES                       time    #
##############################################################################
# Thomas-Fermi Kin. Energy =   1.434736362853E+02 eV                 0.000 s #
# Von-Weizsacker Kin. Ener =   4.153978049881E+01 eV                 0.000 s #
#                                                                            #
# GGA(PBE) Exch-Cor Energy =  -1.281609796637E+02 eV                 0.000 s #
#         Coulombic Energy =   2.854452258201E+01 eV                 0.000 s #
#      Ion-Electron Energy =  -4.073167735685E+01 eV                 0.000 s #
#           Ion-Ion Energy =  -4.474188886759E+02 eV                 0.000 s #
#                                                                            #
#     TOTAL KINETIC ENERGY =   1.535230318555E+02 eV                         #
#   TOTAL POTENTIAL ENERGY =  -5.877670231145E+02 eV                         #
#             TOTAL ENERGY =  -4.342439912590E+02 eV                         #
##############################################################################
  
 ----------------------------- TIME INFORMATION ------------------------------
    PROFESS      :    845.01s WALL    100.00% (       1 calls)   845.01s/call
    InitPROFESS  :      0.05s WALL      0.01% (       1 calls)     0.05s/call
    KEDFRefresh  :      0.00s WALL      0.00% (       1 calls)     0.00s/call
    IonRefresh   :      0.03s WALL      0.00% (       1 calls)     0.03s/call
    EwaldEnergy  :      0.01s WALL      0.00% (       1 calls)     0.01s/call
    ForwFFT_3D   :    153.05s WALL     18.11% (   35638 calls)     0.00s/call
    BackFFT_3D   :     76.36s WALL      9.04% (   23821 calls)     0.00s/call
    Pot_Ion      :      0.75s WALL      0.09% (     632 calls)     0.00s/call
    Pot_Har      :      5.57s WALL      0.66% (     632 calls)     0.01s/call
    Pot_Exc      :    109.15s WALL     12.92% (     632 calls)     0.17s/call
    PBEPot       :    108.24s WALL     12.81% (     632 calls)     0.17s/call
    Pot_KEDF     :    719.58s WALL     85.16% (     632 calls)     1.14s/call
    intPot       :    706.25s WALL     83.58% (     632 calls)     1.12s/call
    MakeXiG      :      5.34s WALL      0.63% (     632 calls)     0.01s/call
    VWPotSqrPlus :      4.77s WALL      0.56% (     632 calls)     0.01s/call
    intPot1      :    197.03s WALL     23.32% (    7171 calls)     0.03s/call
    MakeHC10Kern :     25.01s WALL      2.96% (    7802 calls)     0.00s/call
    intPot2      :    140.22s WALL     16.59% (    7171 calls)     0.02s/call
    intPot3      :    217.89s WALL     25.79% (    7171 calls)     0.03s/call
    intPot4      :     89.78s WALL     10.62% (    7171 calls)     0.01s/call
    NextGradient :      0.49s WALL      0.06% (      55 calls)     0.01s/call
 -----------------------------------------------------------------------------
 ------------------------------- TOTAL ---------------------------------------
    PROFESS      :    845.01s WALL    100.00% (       1 calls)   845.01s/call
 -----------------------------------------------------------------------------

Run completed on: 07/30/2024 at 18:14:07 
  
