 ******************************************************************************
                             WELCOME TO PROFESS                   
            (PRinceton Orbital-Free Electronic Structure Software) 
 ******************************************************************************

 ------------------------------------------------------------------------------
                           READ GEOMETRY
 Cell length (Bohr)    7.749E+00   7.749E+00   7.749E+00
 Angle     (Degree)    9.000E+01   9.000E+01   9.000E+01
 Volume    (Bohr^3)    4.653E+02

 ------------------------------------------------------------------------------
                           READ PSEUDOPOTENTIAL
 Total electron number in ReadPseudo is    11.000000000000000     
 (System) Machine Precision              :    2.2204460492503131E-016

 ------------------------------------------------------------------------------
                           SETUP FFT
 Global FFT Dimension :    18   18   18
 Rank/Size in Global Communicator     :            0 /           1
 Rank/Size in Global FFT Communicator :            0 /           1
 Parallel FFT, totX    =    18
 Parallel FFT, totY    =    18
 Parallel FFT, locZ    =    18
 Parallel FFT, locZoff =     0
 Dimension of rho for this processor : 
 xmin, xmax :            0          17
 ymin, ymax :            0          17
 zmin, zmax :            0          17
 Total electron number =    11.000000000000000     
 Uniform rhoR =    2.3639145647460145E-002
 (GB INFO) FFT size      :       18      18      18
 (GB INFO) FFT offset    :        0
 (GB INFO) FFT G size    :       10      18      18
 (GB INFO) FFT G offset  :        0

 ------------------------------------------------------------------------------
                           SETUP KEDF
 kinetic energy density functional number is            4
 ( 1=TF, 2=VW, 3=TF+VW, 4=WT,  5=WGC,  
   7=LQ, 8=HQ, 10=CAT,  11=HC, 12=WGCD,
   15=GGA, 16=WGCD+GGA, 17=EVT, 18=EVC )
 qTable dimension:    10   18   18
 Coefficient for TF KEDF is     1.0000
 Coefficient for VW KEDF is     1.0000
 Coefficient for alpha in WT KEDF is     0.8333
 Coefficient for beta  in WT KEDF is     0.8333
 rho0 (Electron/Bohr^3) in WGC KEDF is     0.0236
 hold0 =  F
  dV of each real space grid is now    7.9789068217301501E-002
 Cell length (Bohr)    7.749E+00   7.749E+00   7.749E+00
 Angle     (Degree)    9.000E+01   9.000E+01   9.000E+01
 Volume    (Bohr^3)    4.653E+02

 ------------------------------------------------------------------------------
                           SETUP EWALD 
 (Ewald) eta                             :   0.6497    
 (Ewald) Real Space Cutoff               :    7.672     (Bohr)
 (Ewald) Reciprocal Cutoff               :    6.892     (1/Bohr)

 ------------------------------------------------------------------------------
                           SETUP PLANE WAVE 
 Read in WT kernel.
 kernel file name  : 11PROFESS_KERNEL.dat          
 KEDF type         :     4
 Fermi vector      :   1.182014212099E+00
 Reference density :  -1.000000000000E+00
 Mesh points       :   200002
 Fermi vector in this cell is    1.7757463112606893     
 Fermi vector from kernel file is    1.1820142120987149     
 First qNorm is    0.0000000000000000     
 size of Wang-Teter kernel in this run is           10          18          18
 Max |G| in this calculation is   1.263948471167E+01
 Max eta used from kernel is   7.117843709725E+00

 ------------------------------------------------------------------------------
                           REFRESH ION POSITIONS
  
 Calculating Ion-Ion Energy ...                   complete.     0.000 s
  
 Calculating Ion-Electron Potential (spline) ... 
 complete.     0.001 s

 ------------------------------------------------------------------------------
                           DENSITY OPTIMIZATION
 Electron number for spin            1  is    11.000000000000531     
 Cell Volume      :            68.954768 Angstrom^3
 Ion number       :                    4
 Electron number  :            11.000000
 Ion density      :             0.058009 Ion/Angstrom^3
 Electron density :             0.159525 Electron/Angstrom^3
##############################################################################
#                               FINAL ENERGIES                       time    #
##############################################################################
# Thomas-Fermi Kin. Energy =   7.306825978801E+01 eV                 0.000 s #
# Von-Weizsacker Kin. Ener =   7.181897013920E+00 eV                 0.000 s #
# Wang-Teter Kinetic Energ =  -2.681261384572E+00 eV                 0.000 s #
#                                                                            #
#     LDA Exch-Corr Energy =  -7.739198079731E+01 eV                 0.000 s #
#         Coulombic Energy =   1.913524484953E+00 eV                 0.000 s #
#      Ion-Electron Energy =   4.629518692216E+01 eV                 0.000 s #
#           Ion-Ion Energy =  -2.464801803919E+02 eV                 0.000 s #
#                                                                            #
#     TOTAL KINETIC ENERGY =   7.756889541736E+01 eV                         #
#   TOTAL POTENTIAL ENERGY =  -2.756634497821E+02 eV                         #
#             TOTAL ENERGY =  -1.980945543648E+02 eV                         #
##############################################################################
  
 ----------------------------- TIME INFORMATION ------------------------------
    PROFESS      :      0.56s WALL    100.00% (       1 calls)     0.56s/call
    InitPROFESS  :      0.25s WALL     44.29% (       1 calls)     0.25s/call
    KEDFRefresh  :      0.20s WALL     36.69% (       1 calls)     0.20s/call
    IonRefresh   :      0.00s WALL      0.27% (       1 calls)     0.00s/call
    EwaldEnergy  :      0.00s WALL      0.08% (       1 calls)     0.00s/call
    Pot_Ion      :      0.00s WALL      0.04% (      53 calls)     0.00s/call
    Pot_Har      :      0.01s WALL      1.97% (      53 calls)     0.00s/call
    Pot_Exc      :      0.03s WALL      5.87% (      53 calls)     0.00s/call
    Pot_KEDF     :      0.15s WALL     26.59% (      53 calls)     0.00s/call
    VWPotSqrPlus :      0.01s WALL      2.02% (      53 calls)     0.00s/call
    NextGradient :      0.00s WALL      0.07% (       7 calls)     0.00s/call
 -----------------------------------------------------------------------------
 ------------------------------- TOTAL ---------------------------------------
    PROFESS      :      0.56s WALL    100.00% (       1 calls)     0.56s/call
 -----------------------------------------------------------------------------

Run completed on: 11/10/2021 at 11:18:01 
  
