 ******************************************************************************
                             WELCOME TO PROFESS                   
            (PRinceton Orbital-Free Electronic Structure Software) 
 ******************************************************************************

 ------------------------------------------------------------------------------
                           READ GEOMETRY
 Cell length (Bohr)    1.266E+01   1.266E+01   1.266E+01
 Angle     (Degree)    9.000E+01   9.000E+01   9.000E+01
 Volume    (Bohr^3)    2.031E+03

 ------------------------------------------------------------------------------
                           READ PSEUDOPOTENTIAL
 Total electron number in ReadPseudo is    64.000000000000000     
 (System) Machine Precision              :    2.2204460492503131E-016

 ------------------------------------------------------------------------------
                           SETUP FFT
 Global FFT Dimension :    63   63   63
 Dimension of rho for this processor : 
 xmin, xmax :            0          62
 ymin, ymax :            0          62
 zmin, zmax :            0          62
 Total electron number =    64.000000000000000     
 Uniform rhoR =    3.1512781865995078E-002
 (GB INFO) FFT size      :       63      63      63
 (GB INFO) FFT offset    :        0
 (GB INFO) FFT G size    :       32      63      63
 (GB INFO) FFT G offset  :        0

 ------------------------------------------------------------------------------
                           SETUP KEDF
 kinetic energy density functional number is            5
 ( 1=TF, 2=VW, 3=TF+VW, 4=WT,  5=WGC,  
   7=LQ, 8=HQ, 10=CAT,  11=HC, 12=WGCD,
   15=GGA, 16=WGCD+GGA, 17=EVT, 18=EVC )
 qTable dimension:    32   63   63
 Coefficient for TF KEDF is     1.0000
 Coefficient for VW KEDF is     1.0000
 Coefficient for alpha in WGC KEDF is     1.2060
 Coefficient for beta  in WGC KEDF is     0.4607
 Coefficient for gamma in WGC KEDF is     4.2000
 rho0 (Electron/Bohr^3) in WGC KEDF is     0.0315
 rhoS (Electron/Bohr^3) in WGC KEDF is     0.0315
 hold0 =  F
 holdS =  F
  dV of each real space grid is now    8.1221607833536508E-003
 Cell length (Bohr)    1.266E+01   1.266E+01   1.266E+01
 Angle     (Degree)    9.000E+01   9.000E+01   9.000E+01
 Volume    (Bohr^3)    2.031E+03

 ------------------------------------------------------------------------------
                           SETUP EWALD 
 (Ewald) eta                             :    1.200    
 (Ewald) Real Space Cutoff               :    6.000     (Bohr)
 (Ewald) Reciprocal Cutoff               :    15.38     (1/Bohr)

 ------------------------------------------------------------------------------
                           SETUP PLANE WAVE 

 ------------------------------------------------------------------------------
                           INITIALIZING WGC KERNEL
 Fermi vector :   0.97716802563744143     
 Reference density :    3.1512781865995078E-002
 Make WGC kernels.
 Dimension of KEDF Kernel :           32          63          63

 ------------------------------------------------------------------------------
                           REFRESH ION POSITIONS
  
 Calculating Ion-Ion Energy ...                   complete.     0.064 s
  
 Calculating Ion-Electron Potential (spline) ... 
 complete.     0.076 s

 ------------------------------------------------------------------------------
                           DENSITY OPTIMIZATION
 Electron number for spin            1  is    63.999999999693209     
 Cell Volume      :           300.951577 Angstrom^3
 Ion number       :                   16
 Electron number  :            64.000000
 Ion density      :             0.053165 Ion/Angstrom^3
 Electron density :             0.212659 Electron/Angstrom^3
##############################################################################
#                               FINAL ENERGIES                       time    #
##############################################################################
# Thomas-Fermi Kin. Energy =   5.860021807854E+02 eV                 0.000 s #
# Von-Weizsacker Kin. Ener =   1.462626439844E+02 eV                 0.000 s #
#       WGC Kinetic Energy =  -9.963149494490E+01 eV                 0.000 s #
#                                                                            #
# GGA(PBE) Exch-Cor Energy =  -5.169646842104E+02 eV                 0.000 s #
#         Coulombic Energy =   7.124503134830E+01 eV                 0.000 s #
#      Ion-Electron Energy =   4.135337601416E-02 eV                 0.000 s #
#           Ion-Ion Energy =  -1.915529364499E+03 eV                 0.000 s #
#                                                                            #
#     TOTAL KINETIC ENERGY =   6.326333298249E+02 eV                         #
#   TOTAL POTENTIAL ENERGY =  -2.361207663986E+03 eV                         #
#             TOTAL ENERGY =  -1.728574334161E+03 eV                         #
##############################################################################
  
 ----------------------------- TIME INFORMATION ------------------------------
    PROFESS      :     55.36s WALL    100.00% (       1 calls)    55.36s/call
    InitPROFESS  :      0.27s WALL      0.49% (       1 calls)     0.27s/call
    KEDFRefresh  :      0.09s WALL      0.16% (       1 calls)     0.09s/call
    IonRefresh   :      0.16s WALL      0.28% (       1 calls)     0.16s/call
    EwaldEnergy  :      0.06s WALL      0.12% (       1 calls)     0.06s/call
    ForwFFT_3D   :     10.96s WALL     19.79% (    1850 calls)     0.01s/call
    BackFFT_3D   :      9.86s WALL     17.81% (    1849 calls)     0.01s/call
    Pot_Ion      :      0.14s WALL      0.25% (     154 calls)     0.00s/call
    Pot_Har      :      1.99s WALL      3.59% (     154 calls)     0.01s/call
    Pot_Exc      :     29.50s WALL     53.30% (     154 calls)     0.19s/call
    PBEPot       :     28.44s WALL     51.37% (     154 calls)     0.18s/call
    Pot_KEDF     :     21.09s WALL     38.10% (     154 calls)     0.14s/call
    WGCPotPlus   :     16.76s WALL     30.29% (     154 calls)     0.11s/call
    VWPotSqrPlus :      1.70s WALL      3.07% (     154 calls)     0.01s/call
    NextGradient :      0.04s WALL      0.07% (       8 calls)     0.01s/call
 -----------------------------------------------------------------------------
 ------------------------------- TOTAL ---------------------------------------
    PROFESS      :     55.36s WALL    100.00% (       1 calls)    55.36s/call
 -----------------------------------------------------------------------------

Run completed on: 07/30/2024 at 16:53:02 
  
