 ******************************************************************************
                             WELCOME TO PROFESS                   
            (PRinceton Orbital-Free Electronic Structure Software) 
 ******************************************************************************

 ------------------------------------------------------------------------------
                           READ GEOMETRY
 Cell length (Bohr)    5.003E+00   5.003E+00   5.003E+00
 Angle     (Degree)    9.000E+01   9.000E+01   9.000E+01
 Volume    (Bohr^3)    1.252E+02

 ------------------------------------------------------------------------------
                           READ PSEUDOPOTENTIAL
 Total electron number in ReadPseudo is    3.0000000000000000     
 (System) Machine Precision              :    2.2204460492503131E-016

 ------------------------------------------------------------------------------
                           SETUP FFT
 Global FFT Dimension :    14   14   14
 Rank/Size in Global Communicator     :            0 /           1
 Rank/Size in Global FFT Communicator :            0 /           1
 Parallel FFT, totX    =    14
 Parallel FFT, totY    =    14
 Parallel FFT, locZ    =    14
 Parallel FFT, locZoff =     0
 Dimension of rho for this processor : 
 xmin, xmax :            0          13
 ymin, ymax :            0          13
 zmin, zmax :            0          13
 Total electron number =    3.0000000000000000     
 Uniform rhoR =    2.3958362961963919E-002
 (GB INFO) FFT size      :       14      14      14
 (GB INFO) FFT offset    :        0
 (GB INFO) FFT G size    :        8      14      14
 (GB INFO) FFT G offset  :        0

 ------------------------------------------------------------------------------
                           SETUP KEDF
 kinetic energy density functional number is            4
 ( 1=TF, 2=VW, 3=TF+VW, 4=WT,  5=WGC,  
   7=LQ, 8=HQ, 10=CAT,  11=HC, 12=WGCD,
   15=GGA, 16=WGCD+GGA, 17=EVT, 18=EVC )
 qTable dimension:     8   14   14
 Coefficient for TF KEDF is     1.0000
 Coefficient for VW KEDF is     1.0000
 Coefficient for alpha in WT KEDF is     0.8333
 Coefficient for beta  in WT KEDF is     0.8333
 rho0 (Electron/Bohr^3) in WGC KEDF is     0.0240
 hold0 =  F
  dV of each real space grid is now    4.5633103663096843E-002
 Cell length (Bohr)    5.003E+00   5.003E+00   5.003E+00
 Angle     (Degree)    9.000E+01   9.000E+01   9.000E+01
 Volume    (Bohr^3)    1.252E+02

 ------------------------------------------------------------------------------
                           SETUP EWALD 
 (Ewald) eta                             :   0.8031    
 (Ewald) Real Space Cutoff               :    6.000     (Bohr)
 (Ewald) Reciprocal Cutoff               :    8.163     (1/Bohr)

 ------------------------------------------------------------------------------
                           SETUP PLANE WAVE 
 Read in WT kernel.
 kernel file name  : 4PROFESS_KERNEL.dat           
 KEDF type         :     4
 Fermi vector      :   1.182014212099E+00
 Reference density :  -1.000000000000E+00
 Mesh points       :   200002
 Fermi vector in this cell is    1.7837036830114423     
 Fermi vector from kernel file is    1.1820142120987149     
 First qNorm is    0.0000000000000000     
 size of Wang-Teter kernel in this run is            8          14          14
 Max |G| in this calculation is   1.522709874890E+01
 Max eta used from kernel is   8.536787188323E+00

 ------------------------------------------------------------------------------
                           REFRESH ION POSITIONS
  
 Calculating Ion-Ion Energy ...                   complete.     0.000 s
  
 Calculating Ion-Electron Potential (spline) ... 
 complete.     0.000 s

 ------------------------------------------------------------------------------
                           DENSITY OPTIMIZATION
 Electron number for spin            1  is    2.9999999999999081     
 Cell Volume      :            18.555280 Angstrom^3
 Ion number       :                    1
 Electron number  :             3.000000
 Ion density      :             0.053893 Ion/Angstrom^3
 Electron density :             0.161679 Electron/Angstrom^3
##############################################################################
#                               FINAL ENERGIES                       time    #
##############################################################################
# Thomas-Fermi Kin. Energy =   2.051328681851E+01 eV                 0.000 s #
# Von-Weizsacker Kin. Ener =   3.435951034206E+00 eV                 0.000 s #
# Wang-Teter Kinetic Energ =  -1.943123736209E+00 eV                 0.000 s #
#                                                                            #
#     LDA Exch-Corr Energy =  -2.134603041249E+01 eV                 0.000 s #
#         Coulombic Energy =   4.645592734230E-01 eV                 0.000 s #
#      Ion-Electron Energy =   1.052722131362E+01 eV                 0.000 s #
#           Ion-Ion Energy =  -6.944590411638E+01 eV                 0.000 s #
#                                                                            #
#     TOTAL KINETIC ENERGY =   2.200611411651E+01 eV                         #
#   TOTAL POTENTIAL ENERGY =  -7.980015394183E+01 eV                         #
#             TOTAL ENERGY =  -5.779403982532E+01 eV                         #
##############################################################################
  
 ----------------------------- TIME INFORMATION ------------------------------
    PROFESS      :      0.79s WALL    100.00% (       1 calls)     0.79s/call
    InitPROFESS  :      0.52s WALL     66.59% (       1 calls)     0.52s/call
    KEDFRefresh  :      0.47s WALL     59.90% (       1 calls)     0.47s/call
    IonRefresh   :      0.00s WALL      0.10% (       1 calls)     0.00s/call
    EwaldEnergy  :      0.00s WALL      0.05% (       1 calls)     0.00s/call
    Pot_Ion      :      0.00s WALL      0.02% (      54 calls)     0.00s/call
    Pot_Har      :      0.00s WALL      0.45% (      54 calls)     0.00s/call
    Pot_Exc      :      0.02s WALL      2.45% (      54 calls)     0.00s/call
    Pot_KEDF     :      0.08s WALL     10.03% (      54 calls)     0.00s/call
    VWPotSqrPlus :      0.00s WALL      0.41% (      54 calls)     0.00s/call
    NextGradient :      0.00s WALL      0.03% (       6 calls)     0.00s/call
 -----------------------------------------------------------------------------
 ------------------------------- TOTAL ---------------------------------------
    PROFESS      :      0.79s WALL    100.00% (       1 calls)     0.79s/call
 -----------------------------------------------------------------------------

Run completed on: 09/27/2021 at 11:16:01 
  
