 ******************************************************************************
                             WELCOME TO PROFESS                   
            (PRinceton Orbital-Free Electronic Structure Software) 
 ******************************************************************************

 ------------------------------------------------------------------------------
                           READ GEOMETRY
 Cell length (Bohr)    9.067E+00   9.067E+00   1.492E+01
 Angle     (Degree)    9.000E+01   9.000E+01   1.200E+02
 Volume    (Bohr^3)    1.062E+03

 ------------------------------------------------------------------------------
                           READ PSEUDOPOTENTIAL
 Total electron number in ReadPseudo is    16.000000000000000     
 (System) Machine Precision              :    2.2204460492503131E-016

 ------------------------------------------------------------------------------
                           SETUP FFT
 Global FFT Dimension :    45   45   75
 Dimension of rho for this processor : 
 xmin, xmax :            0          44
 ymin, ymax :            0          44
 zmin, zmax :            0          74
 Total electron number =    16.000000000000000     
 Uniform rhoR =    1.5066602530687161E-002
 (GB INFO) FFT size      :       45      45      75
 (GB INFO) FFT offset    :        0
 (GB INFO) FFT G size    :       23      45      75
 (GB INFO) FFT G offset  :        0

 ------------------------------------------------------------------------------
                           SETUP KEDF
 kinetic energy density functional number is            5
 ( 1=TF, 2=VW, 3=TF+VW, 4=WT,  5=WGC,  
   7=LQ, 8=HQ, 10=CAT,  11=HC, 12=WGCD,
   15=GGA, 16=WGCD+GGA, 17=EVT, 18=EVC )
 qTable dimension:    23   45   75
 Coefficient for TF KEDF is     1.0000
 Coefficient for VW KEDF is     1.0000
 Coefficient for alpha in WGC KEDF is     1.2060
 Coefficient for beta  in WGC KEDF is     0.4607
 Coefficient for gamma in WGC KEDF is     4.2000
 rho0 (Electron/Bohr^3) in WGC KEDF is     0.0151
 rhoS (Electron/Bohr^3) in WGC KEDF is     0.0151
 hold0 =  F
 holdS =  F
  dV of each real space grid is now    6.9922727452396876E-003
 Cell length (Bohr)    9.067E+00   9.067E+00   1.492E+01
 Angle     (Degree)    9.000E+01   9.000E+01   1.200E+02
 Volume    (Bohr^3)    1.062E+03

 ------------------------------------------------------------------------------
                           SETUP EWALD 
 (Ewald) eta                             :    1.200    
 (Ewald) Real Space Cutoff               :    6.000     (Bohr)
 (Ewald) Reciprocal Cutoff               :    15.25     (1/Bohr)

 ------------------------------------------------------------------------------
                           SETUP PLANE WAVE 

 ------------------------------------------------------------------------------
                           INITIALIZING WGC KERNEL
 Fermi vector :   0.76409163256980284     
 Reference density :    1.5066602530687161E-002
 Make WGC kernels.
 Dimension of KEDF Kernel :           23          45          75

 ------------------------------------------------------------------------------
                           REFRESH ION POSITIONS
  
 Calculating Ion-Ion Energy ...                   complete.     0.033 s
  
 Calculating Ion-Electron Potential (spline) ... 
 complete.     0.064 s

 ------------------------------------------------------------------------------
                           DENSITY OPTIMIZATION
 Electron number for spin            1  is    15.999999999973278     
 Cell Volume      :           157.364963 Angstrom^3
 Ion number       :                    4
 Electron number  :            16.000000
 Ion density      :             0.025419 Ion/Angstrom^3
 Electron density :             0.101674 Electron/Angstrom^3
  
 ----------------------------- TIME INFORMATION ------------------------------
    PROFESS      :     68.19s WALL    100.00% (       1 calls)    68.19s/call
    InitPROFESS  :      0.20s WALL      0.30% (       1 calls)     0.20s/call
    KEDFRefresh  :      0.06s WALL      0.09% (       1 calls)     0.06s/call
    IonRefresh   :      0.11s WALL      0.16% (       1 calls)     0.11s/call
    EwaldEnergy  :      0.03s WALL      0.05% (       1 calls)     0.03s/call
    ForwFFT_3D   :     14.86s WALL     21.79% (    1395 calls)     0.01s/call
    BackFFT_3D   :     13.12s WALL     19.24% (    1393 calls)     0.01s/call
    Pot_Ion      :      0.14s WALL      0.21% (     116 calls)     0.00s/call
    Pot_Har      :      2.42s WALL      3.55% (     116 calls)     0.02s/call
    Pot_Exc      :     37.85s WALL     55.50% (     116 calls)     0.33s/call
    PBEPot       :     36.74s WALL     53.88% (     116 calls)     0.32s/call
    Pot_KEDF     :     25.28s WALL     37.07% (     116 calls)     0.22s/call
    WGCPotPlus   :     20.60s WALL     30.21% (     116 calls)     0.18s/call
    VWPotSqrPlus :      2.24s WALL      3.28% (     116 calls)     0.02s/call
    NextGradient :      0.07s WALL      0.10% (       8 calls)     0.01s/call
 -----------------------------------------------------------------------------
