 ******************************************************************************
                             WELCOME TO PROFESS                   
            (PRinceton Orbital-Free Electronic Structure Software) 
 ******************************************************************************

 ------------------------------------------------------------------------------
                           READ GEOMETRY
 Cell length (Bohr)    5.265E+00   5.265E+00   4.299E+01
 Angle     (Degree)    9.000E+01   9.000E+01   6.000E+01
 Volume    (Bohr^3)    1.032E+03

 ------------------------------------------------------------------------------
                           READ PSEUDOPOTENTIAL
 Total electron number in ReadPseudo is    15.000000000000000     
 (System) Machine Precision              :    2.2204460492503131E-016

 ------------------------------------------------------------------------------
                           SETUP FFT
 Global FFT Dimension :    14   14  105
 Rank/Size in Global Communicator     :            0 /           1
 Rank/Size in Global FFT Communicator :            0 /           1
 Parallel FFT, totX    =    14
 Parallel FFT, totY    =    14
 Parallel FFT, locZ    =   105
 Parallel FFT, locZoff =     0
 Dimension of rho for this processor : 
 xmin, xmax :            0          13
 ymin, ymax :            0          13
 zmin, zmax :            0         104
 Total electron number =    15.000000000000000     
 Uniform rhoR =    1.4533952412950978E-002
 (GB INFO) FFT size      :       14      14     105
 (GB INFO) FFT offset    :        0
 (GB INFO) FFT G size    :        8      14     105
 (GB INFO) FFT G offset  :        0

 ------------------------------------------------------------------------------
                           SETUP KEDF
 kinetic energy density functional number is            4
 ( 1=TF, 2=VW, 3=TF+VW, 4=WT,  5=WGC,  
   7=LQ, 8=HQ, 10=CAT,  11=HC, 12=WGCD,
   15=GGA, 16=WGCD+GGA, 17=EVT, 18=EVC )
 qTable dimension:     8   14  105
 Coefficient for TF KEDF is     1.0000
 Coefficient for VW KEDF is     1.0000
 Coefficient for alpha in WT KEDF is     0.8333
 Coefficient for beta  in WT KEDF is     0.8333
 rho0 (Electron/Bohr^3) in WGC KEDF is     0.0145
 hold0 =  F
  dV of each real space grid is now    5.0148985840317913E-002
 Cell length (Bohr)    5.265E+00   5.265E+00   4.299E+01
 Angle     (Degree)    9.000E+01   9.000E+01   6.000E+01
 Volume    (Bohr^3)    1.032E+03

 ------------------------------------------------------------------------------
                           SETUP EWALD 
 (Ewald) eta                             :   0.7079    
 (Ewald) Real Space Cutoff               :    6.990     (Bohr)
 (Ewald) Reciprocal Cutoff               :    7.600     (1/Bohr)

 ------------------------------------------------------------------------------
                           SETUP PLANE WAVE 
 Read in WT kernel.
 kernel file name  : 8PROFESS_KERNEL.dat           
 KEDF type         :     4
 Fermi vector      :   1.182014212099E+00
 Reference density :  -1.000000000000E+00
 Mesh points       :   200002
 Fermi vector in this cell is    1.5099581376348206     
 Fermi vector from kernel file is    1.1820142120987149     
 First qNorm is    0.0000000000000000     
 size of Wang-Teter kernel in this run is            8          14         105
 Max |G| in this calculation is   1.728907200446E+01
 Max eta used from kernel is   1.145003399335E+01

 ------------------------------------------------------------------------------
                           REFRESH ION POSITIONS
  
 Calculating Ion-Ion Energy ...                   complete.     0.002 s
  
 Calculating Ion-Electron Potential (spline) ... 
 complete.     0.002 s

 ------------------------------------------------------------------------------
                           DENSITY OPTIMIZATION
 Electron number for spin            1  is    15.000000000001110     
 Cell Volume      :           152.936419 Angstrom^3
 Ion number       :                    5
 Electron number  :            15.000000
 Ion density      :             0.032693 Ion/Angstrom^3
 Electron density :             0.098080 Electron/Angstrom^3
##############################################################################
#                               FINAL ENERGIES                       time    #
##############################################################################
# Thomas-Fermi Kin. Energy =   1.080595784895E+02 eV                 0.000 s #
# Von-Weizsacker Kin. Ener =   1.254106932127E+01 eV                 0.000 s #
# Wang-Teter Kinetic Energ =  -9.517795285081E+00 eV                 0.000 s #
#                                                                            #
#     LDA Exch-Corr Energy =  -1.091271961214E+02 eV                 0.000 s #
#         Coulombic Energy =   1.399621902156E+03 eV                 0.000 s #
#      Ion-Electron Energy =  -2.809250640839E+03 eV                 0.000 s #
#           Ion-Ion Energy =   1.115898033132E+03 eV                 0.000 s #
#                                                                            #
#     TOTAL KINETIC ENERGY =   1.110828525257E+02 eV                         #
#   TOTAL POTENTIAL ENERGY =  -4.028579016722E+02 eV                         #
#             TOTAL ENERGY =  -2.917750491466E+02 eV                         #
##############################################################################
  
 ----------------------------- TIME INFORMATION ------------------------------
    PROFESS      :      2.97s WALL    100.00% (       1 calls)     2.97s/call
    InitPROFESS  :      0.21s WALL      7.21% (       1 calls)     0.21s/call
    KEDFRefresh  :      0.19s WALL      6.29% (       1 calls)     0.19s/call
    IonRefresh   :      0.00s WALL      0.12% (       1 calls)     0.00s/call
    EwaldEnergy  :      0.00s WALL      0.05% (       1 calls)     0.00s/call
    Pot_Ion      :      0.00s WALL      0.13% (     254 calls)     0.00s/call
    Pot_Har      :      0.12s WALL      3.99% (     254 calls)     0.00s/call
    Pot_Exc      :      0.45s WALL     15.01% (     254 calls)     0.00s/call
    Pot_KEDF     :      2.00s WALL     67.28% (     254 calls)     0.01s/call
    VWPotSqrPlus :      0.11s WALL      3.86% (     254 calls)     0.00s/call
    NextGradient :      0.00s WALL      0.09% (      15 calls)     0.00s/call
 -----------------------------------------------------------------------------
 ------------------------------- TOTAL ---------------------------------------
    PROFESS      :      2.97s WALL    100.00% (       1 calls)     2.97s/call
 -----------------------------------------------------------------------------

Run completed on: 08/13/2021 at 19:57:16 
  
