 ******************************************************************************
                             WELCOME TO PROFESS                   
            (PRinceton Orbital-Free Electronic Structure Software) 
 ******************************************************************************

 ------------------------------------------------------------------------------
                           READ GEOMETRY
 Cell length (Bohr)    7.292E+00   7.292E+00   7.292E+00
 Angle     (Degree)    6.000E+01   6.000E+01   6.000E+01
 Volume    (Bohr^3)    2.742E+02

 ------------------------------------------------------------------------------
                           READ PSEUDOPOTENTIAL
 Total electron number in ReadPseudo is    8.0000000000000000     
 (System) Machine Precision              :    2.2204460492503131E-016

 ------------------------------------------------------------------------------
                           SETUP FFT
 Global FFT Dimension :    36   36   36
 Dimension of rho for this processor : 
 xmin, xmax :            0          35
 ymin, ymax :            0          35
 zmin, zmax :            0          35
 Total electron number =    8.0000000000000000     
 Uniform rhoR =    2.9174525676765494E-002
 (GB INFO) FFT size      :       36      36      36
 (GB INFO) FFT offset    :        0
 (GB INFO) FFT G size    :       19      36      36
 (GB INFO) FFT G offset  :        0

 ------------------------------------------------------------------------------
                           SETUP KEDF
 kinetic energy density functional number is           11
 ( 1=TF, 2=VW, 3=TF+VW, 4=WT,  5=WGC,  
   7=LQ, 8=HQ, 10=CAT,  11=HC, 12=WGCD,
   15=GGA, 16=WGCD+GGA, 17=EVT, 18=EVC )
 qTable dimension:    19   36   36
 rhoS=   2.9174525676765494E-002
 rho0=   2.9174525676765494E-002
 coefficients for TF KEDF is     1.000000
 coefficients for VW KEDF is     1.000000
 Lambda in HC10 is set to     0.013000
 ALPHA  in HC10 is set to     1.883667
 BETA   in HC10 is set to     0.783000
 Sum of alpha and beta is     2.666667
  dV of each real space grid is now    5.8773111158723339E-003
 Cell length (Bohr)    7.292E+00   7.292E+00   7.292E+00
 Angle     (Degree)    6.000E+01   6.000E+01   6.000E+01
 Volume    (Bohr^3)    2.742E+02

 ------------------------------------------------------------------------------
                           SETUP EWALD 
 (Ewald) eta                             :    1.200    
 (Ewald) Real Space Cutoff               :    6.000     (Bohr)
 (Ewald) Reciprocal Cutoff               :    15.08     (1/Bohr)

 ------------------------------------------------------------------------------
                           SETUP PLANE WAVE 

 ------------------------------------------------------------------------------
                           REFRESH ION POSITIONS
  
 Calculating Ion-Ion Energy ...                   complete.     0.011 s
  
 Calculating Ion-Electron Potential (spline) ... 
 complete.     0.018 s

 ------------------------------------------------------------------------------
                           DENSITY OPTIMIZATION
 Electron number for spin            1  is    8.0000000000069242     
 Cell Volume      :            40.634000 Angstrom^3
 Ion number       :                    2
 Electron number  :             8.000000
 Ion density      :             0.049220 Ion/Angstrom^3
 Electron density :             0.196879 Electron/Angstrom^3
##############################################################################
#                               FINAL ENERGIES                       time    #
##############################################################################
# Thomas-Fermi Kin. Energy =   7.665869214096E+01 eV                 0.000 s #
# Von-Weizsacker Kin. Ener =   2.285545553040E+01 eV                 0.000 s #
#                                                                            #
# GGA(PBE) Exch-Cor Energy =  -6.582496300429E+01 eV                 0.000 s #
#         Coulombic Energy =   1.736475157195E+01 eV                 0.000 s #
#      Ion-Electron Energy =  -2.679326138001E+01 eV                 0.000 s #
#           Ion-Ion Energy =  -2.373965838805E+02 eV                 0.000 s #
#                                                                            #
#     TOTAL KINETIC ENERGY =   8.099381706435E+01 eV                         #
#   TOTAL POTENTIAL ENERGY =  -3.126500566928E+02 eV                         #
#             TOTAL ENERGY =  -2.316562396285E+02 eV                         #
##############################################################################
  
 ----------------------------- TIME INFORMATION ------------------------------
    PROFESS      :   2093.40s WALL    100.00% (       1 calls)  2093.40s/call
    InitPROFESS  :      0.09s WALL      0.00% (       1 calls)     0.09s/call
    KEDFRefresh  :      0.00s WALL      0.00% (       1 calls)     0.00s/call
    IonRefresh   :      0.04s WALL      0.00% (       1 calls)     0.04s/call
    EwaldEnergy  :      0.01s WALL      0.00% (       1 calls)     0.01s/call
    ForwFFT_3D   :    311.45s WALL     14.88% (   51733 calls)     0.01s/call
    BackFFT_3D   :    174.40s WALL      8.33% (   34395 calls)     0.01s/call
    Pot_Ion      :      2.26s WALL      0.11% (     898 calls)     0.00s/call
    Pot_Har      :     13.32s WALL      0.64% (     898 calls)     0.01s/call
    Pot_Exc      :    249.73s WALL     11.93% (     898 calls)     0.28s/call
    PBEPot       :    247.22s WALL     11.81% (     898 calls)     0.28s/call
    Pot_KEDF     :   1803.57s WALL     86.15% (     898 calls)     2.01s/call
    intPot       :   1770.57s WALL     84.58% (     898 calls)     1.97s/call
    MakeXiG      :     12.86s WALL      0.61% (     898 calls)     0.01s/call
    VWPotSqrPlus :     10.81s WALL      0.52% (     898 calls)     0.01s/call
    intPot1      :    498.37s WALL     23.81% (   10463 calls)     0.05s/call
    MakeHC10Kern :     52.13s WALL      2.49% (   11360 calls)     0.00s/call
    intPot2      :    365.69s WALL     17.47% (   10463 calls)     0.03s/call
    intPot3      :    516.97s WALL     24.69% (   10463 calls)     0.05s/call
    intPot4      :    238.59s WALL     11.40% (   10463 calls)     0.02s/call
    NextGradient :      1.06s WALL      0.05% (      83 calls)     0.01s/call
 -----------------------------------------------------------------------------
 ------------------------------- TOTAL ---------------------------------------
    PROFESS      :   2093.40s WALL    100.00% (       1 calls)  2093.40s/call
 -----------------------------------------------------------------------------

Run completed on: 07/31/2024 at 03:33:04 
  
