 ******************************************************************************
                             WELCOME TO PROFESS                   
            (PRinceton Orbital-Free Electronic Structure Software) 
 ******************************************************************************

 ------------------------------------------------------------------------------
                           READ GEOMETRY
 Cell length (Bohr)    5.665E+00   5.665E+00   5.665E+00
 Angle     (Degree)    1.095E+02   1.095E+02   1.095E+02
 Volume    (Bohr^3)    1.399E+02

 ------------------------------------------------------------------------------
                           READ PSEUDOPOTENTIAL
 Total electron number in ReadPseudo is    2.0000000000000000     
 (System) Machine Precision              :    2.2204460492503131E-016

 ------------------------------------------------------------------------------
                           SETUP FFT
 Global FFT Dimension :    14   14   14
 Rank/Size in Global Communicator     :            0 /           1
 Rank/Size in Global FFT Communicator :            0 /           1
 Parallel FFT, totX    =    14
 Parallel FFT, totY    =    14
 Parallel FFT, locZ    =    14
 Parallel FFT, locZoff =     0
 Dimension of rho for this processor : 
 xmin, xmax :            0          13
 ymin, ymax :            0          13
 zmin, zmax :            0          13
 Total electron number =    2.0000000000000000     
 Uniform rhoR =    1.4292219273227014E-002
 (GB INFO) FFT size      :       14      14      14
 (GB INFO) FFT offset    :        0
 (GB INFO) FFT G size    :        8      14      14
 (GB INFO) FFT G offset  :        0

 ------------------------------------------------------------------------------
                           SETUP KEDF
 kinetic energy density functional number is            4
 ( 1=TF, 2=VW, 3=TF+VW, 4=WT,  5=WGC,  
   7=LQ, 8=HQ, 10=CAT,  11=HC, 12=WGCD,
   15=GGA, 16=WGCD+GGA, 17=EVT, 18=EVC )
 qTable dimension:     8   14   14
 Coefficient for TF KEDF is     1.0000
 Coefficient for VW KEDF is     1.0000
 Coefficient for alpha in WT KEDF is     0.8333
 Coefficient for beta  in WT KEDF is     0.8333
 rho0 (Electron/Bohr^3) in WGC KEDF is     0.0143
 hold0 =  F
  dV of each real space grid is now    5.0997186638906386E-002
 Cell length (Bohr)    5.665E+00   5.665E+00   5.665E+00
 Angle     (Degree)    1.095E+02   1.095E+02   1.095E+02
 Volume    (Bohr^3)    1.399E+02

 ------------------------------------------------------------------------------
                           SETUP EWALD 
 (Ewald) eta                             :   0.7237    
 (Ewald) Real Space Cutoff               :    6.545     (Bohr)
 (Ewald) Reciprocal Cutoff               :    7.210     (1/Bohr)

 ------------------------------------------------------------------------------
                           SETUP PLANE WAVE 
 Read in WT kernel.
 kernel file name  : 5PROFESS_KERNEL.dat           
 KEDF type         :     4
 Fermi vector      :   1.182014212099E+00
 Reference density :  -1.000000000000E+00
 Mesh points       :   200002
 Fermi vector in this cell is    1.5015399305008117     
 Fermi vector from kernel file is    1.1820142120987149     
 First qNorm is    0.0000000000000000     
 size of Wang-Teter kernel in this run is            8          14          14
 Max |G| in this calculation is   2.329244566926E+01
 Max eta used from kernel is   1.551237179653E+01

 ------------------------------------------------------------------------------
                           REFRESH ION POSITIONS
  
 Calculating Ion-Ion Energy ...                   complete.     0.000 s
  
 Calculating Ion-Electron Potential (spline) ... 
 complete.     0.000 s

 ------------------------------------------------------------------------------
                           DENSITY OPTIMIZATION
 Electron number for spin            1  is    2.0000000000000315     
 Cell Volume      :            20.736417 Angstrom^3
 Ion number       :                    1
 Electron number  :             2.000000
 Ion density      :             0.048224 Ion/Angstrom^3
 Electron density :             0.096449 Electron/Angstrom^3
##############################################################################
#                               FINAL ENERGIES                       time    #
##############################################################################
# Thomas-Fermi Kin. Energy =   9.376833260301E+00 eV                 0.000 s #
# Von-Weizsacker Kin. Ener =   9.273309250354E-01 eV                 0.000 s #
# Wang-Teter Kinetic Energ =  -3.391407886841E-01 eV                 0.000 s #
#                                                                            #
#     LDA Exch-Corr Energy =  -1.203220203916E+01 eV                 0.000 s #
#         Coulombic Energy =   6.741833670403E-02 eV                 0.000 s #
#      Ion-Electron Energy =   7.658148774674E+00 eV                 0.000 s #
#           Ion-Ion Energy =  -3.027869078888E+01 eV                 0.000 s #
#                                                                            #
#     TOTAL KINETIC ENERGY =   9.965023396653E+00 eV                         #
#   TOTAL POTENTIAL ENERGY =  -3.458532571667E+01 eV                         #
#             TOTAL ENERGY =  -2.462030232001E+01 eV                         #
##############################################################################
  
 ----------------------------- TIME INFORMATION ------------------------------
    PROFESS      :      0.87s WALL    100.00% (       1 calls)     0.87s/call
    InitPROFESS  :      0.43s WALL     49.70% (       1 calls)     0.43s/call
    KEDFRefresh  :      0.40s WALL     46.47% (       1 calls)     0.40s/call
    IonRefresh   :      0.00s WALL      0.09% (       1 calls)     0.00s/call
    EwaldEnergy  :      0.00s WALL      0.04% (       1 calls)     0.00s/call
    Pot_Ion      :      0.00s WALL      0.03% (      89 calls)     0.00s/call
    Pot_Har      :      0.01s WALL      0.98% (      89 calls)     0.00s/call
    Pot_Exc      :      0.03s WALL      3.70% (      89 calls)     0.00s/call
    Pot_KEDF     :      0.15s WALL     17.23% (      89 calls)     0.00s/call
    VWPotSqrPlus :      0.01s WALL      0.87% (      89 calls)     0.00s/call
    NextGradient :      0.00s WALL      0.03% (       7 calls)     0.00s/call
 -----------------------------------------------------------------------------
 ------------------------------- TOTAL ---------------------------------------
    PROFESS      :      0.87s WALL    100.00% (       1 calls)     0.87s/call
 -----------------------------------------------------------------------------

Run completed on: 08/19/2021 at 16:13:07 
  
