 ******************************************************************************
                             WELCOME TO PROFESS                   
            (PRinceton Orbital-Free Electronic Structure Software) 
 ******************************************************************************

 ------------------------------------------------------------------------------
                           READ GEOMETRY
 Cell length (Bohr)    5.046E+00   5.046E+00   5.046E+00
 Angle     (Degree)    1.095E+02   1.095E+02   1.095E+02
 Volume    (Bohr^3)    9.891E+01

 ------------------------------------------------------------------------------
                           READ PSEUDOPOTENTIAL
 Total electron number in ReadPseudo is    1.0000000000000000     
 (System) Machine Precision              :    2.2204460492503131E-016

 ------------------------------------------------------------------------------
                           SETUP FFT
 Global FFT Dimension :    25   25   25
 Rank/Size in Global Communicator     :            0 /           1
 Rank/Size in Global FFT Communicator :            0 /           1
 Parallel FFT, totX    =    25
 Parallel FFT, totY    =    25
 Parallel FFT, locZ    =    25
 Parallel FFT, locZoff =     0
 Dimension of rho for this processor : 
 xmin, xmax :            0          24
 ymin, ymax :            0          24
 zmin, zmax :            0          24
 Total electron number =    1.0000000000000000     
 Uniform rhoR =    1.0110040526496908E-002
 (GB INFO) FFT size      :       25      25      25
 (GB INFO) FFT offset    :        0
 (GB INFO) FFT G size    :       13      25      25
 (GB INFO) FFT G offset  :        0

 ------------------------------------------------------------------------------
                           SETUP KEDF
 kinetic energy density functional number is            5
 ( 1=TF, 2=VW, 3=TF+VW, 4=WT,  5=WGC,  
   7=LQ, 8=HQ, 10=CAT,  11=HC, 12=WGCD,
   15=GGA, 16=WGCD+GGA, 17=EVT, 18=EVC )
 qTable dimension:    13   25   25
 Coefficient for TF KEDF is     1.0000
 Coefficient for VW KEDF is     1.0000
 Coefficient for alpha in WGC KEDF is     1.2060
 Coefficient for beta  in WGC KEDF is     0.4607
 Coefficient for gamma in WGC KEDF is     2.7000
 rho0 (Electron/Bohr^3) in WGC KEDF is     0.0101
 rhoS (Electron/Bohr^3) in WGC KEDF is     0.0101
 hold0 =  F
 holdS =  F
  dV of each real space grid is now    6.3303405987607617E-003
 Cell length (Bohr)    5.046E+00   5.046E+00   5.046E+00
 Angle     (Degree)    1.095E+02   1.095E+02   1.095E+02
 Volume    (Bohr^3)    9.891E+01

 ------------------------------------------------------------------------------
                           SETUP EWALD 
 (Ewald) eta                             :    1.200    
 (Ewald) Real Space Cutoff               :    6.000     (Bohr)
 (Ewald) Reciprocal Cutoff               :    14.94     (1/Bohr)

 ------------------------------------------------------------------------------
                           SETUP PLANE WAVE 

 ------------------------------------------------------------------------------
                           INITIALIZING WGC KERNEL
 Fermi vector :   0.66894636608443048     
 Reference density :    1.0110040526496908E-002
 Make WGC kernels.
 Dimension of KEDF Kernel :           13          25          25

 ------------------------------------------------------------------------------
                           REFRESH ION POSITIONS
  
 Calculating Ion-Ion Energy ...                   complete.     0.002 s
  
 Calculating Ion-Electron Potential (spline) ... 
 complete.     0.002 s

 ------------------------------------------------------------------------------
                           DENSITY OPTIMIZATION
 Electron number for spin            1  is   0.99999999999988931     
 Cell Volume      :            14.657183 Angstrom^3
 Ion number       :                    1
 Electron number  :             1.000000
 Ion density      :             0.068226 Ion/Angstrom^3
 Electron density :             0.068226 Electron/Angstrom^3
##############################################################################
#                               FINAL ENERGIES                       time    #
##############################################################################
# Thomas-Fermi Kin. Energy =   3.707228580316E+00 eV                 0.000 s #
# Von-Weizsacker Kin. Ener =   3.035003038662E-01 eV                 0.000 s #
#       WGC Kinetic Energy =  -9.775373514273E-02 eV                 0.000 s #
#                                                                            #
# GGA(PBE) Exch-Cor Energy =  -5.407693874255E+00 eV                 0.000 s #
#         Coulombic Energy =   1.842281692630E-02 eV                 0.000 s #
#      Ion-Electron Energy =   2.519158976670E+00 eV                 0.000 s #
#           Ion-Ion Energy =  -8.497767451739E+00 eV                 0.000 s #
#                                                                            #
#     TOTAL KINETIC ENERGY =   3.912975149040E+00 eV                         #
#   TOTAL POTENTIAL ENERGY =  -1.136787953240E+01 eV                         #
#             TOTAL ENERGY =  -7.454904383359E+00 eV                         #
##############################################################################
  
 ----------------------------- TIME INFORMATION ------------------------------
    PROFESS      :      3.45s WALL    100.00% (       1 calls)     3.45s/call
    InitPROFESS  :      0.04s WALL      1.29% (       1 calls)     0.04s/call
    KEDFRefresh  :      0.02s WALL      0.63% (       1 calls)     0.02s/call
    IonRefresh   :      0.00s WALL      0.11% (       1 calls)     0.00s/call
    EwaldEnergy  :      0.00s WALL      0.05% (       1 calls)     0.00s/call
    Pot_Ion      :      0.01s WALL      0.15% (     130 calls)     0.00s/call
    Pot_Har      :      0.09s WALL      2.57% (     130 calls)     0.00s/call
    Pot_Exc      :      1.23s WALL     35.79% (     130 calls)     0.01s/call
    PBEPot       :      1.19s WALL     34.55% (     130 calls)     0.01s/call
    Pot_KEDF     :      1.71s WALL     49.62% (     130 calls)     0.01s/call
    WGCPotPlus   :      1.35s WALL     39.12% (     130 calls)     0.01s/call
    VWPotSqrPlus :      0.07s WALL      2.16% (     130 calls)     0.00s/call
    NextGradient :      0.00s WALL      0.05% (       6 calls)     0.00s/call
 -----------------------------------------------------------------------------
 ------------------------------- TOTAL ---------------------------------------
    PROFESS      :      3.45s WALL    100.00% (       1 calls)     3.45s/call
 -----------------------------------------------------------------------------

Run completed on: 05/02/2023 at 13:42:25 
  
