 ******************************************************************************
                             WELCOME TO PROFESS                   
            (PRinceton Orbital-Free Electronic Structure Software) 
 ******************************************************************************

 ------------------------------------------------------------------------------
                           READ GEOMETRY
 Cell length (Bohr)    5.060E+01   5.060E+01   5.060E+01
 Angle     (Degree)    9.000E+01   9.000E+01   9.000E+01
 Volume    (Bohr^3)    1.295E+05

 ------------------------------------------------------------------------------
                           READ PSEUDOPOTENTIAL
 Total electron number in ReadPseudo is    4000.0000000000000     
 (System) Machine Precision              :    2.2204460492503131E-016

 ------------------------------------------------------------------------------
                           SETUP FFT
 Global FFT Dimension :   140  140  140
 Rank/Size in Global Communicator     :            0 /           1
 Rank/Size in Global FFT Communicator :            0 /           1
 Parallel FFT, totX    =   140
 Parallel FFT, totY    =   140
 Parallel FFT, locZ    =   140
 Parallel FFT, locZoff =     0
 Dimension of rho for this processor : 
 xmin, xmax :            0         139
 ymin, ymax :            0         139
 zmin, zmax :            0         139
 Total electron number =    4000.0000000000000     
 Uniform rhoR =    3.0876557761677904E-002
 (GB INFO) FFT size      :      140     140     140
 (GB INFO) FFT offset    :        0
 (GB INFO) FFT G size    :       71     140     140
 (GB INFO) FFT G offset  :        0

 ------------------------------------------------------------------------------
                           SETUP KEDF
 kinetic energy density functional number is            4
 ( 1=TF, 2=VW, 3=TF+VW, 4=WT,  5=WGC,  
   7=LQ, 8=HQ, 10=CAT,  11=HC, 12=WGCD,
   15=GGA, 16=WGCD+GGA, 17=EVT, 18=EVC )
 qTable dimension:    71  140  140
 Coefficient for TF KEDF is     1.0000
 Coefficient for VW KEDF is     1.0000
 Coefficient for alpha in WT KEDF is     0.8333
 Coefficient for beta  in WT KEDF is     0.8333
 rho0 (Electron/Bohr^3) in WGC KEDF is     0.0309
 hold0 =  F
  dV of each real space grid is now    4.7211413874998276E-002
 Cell length (Bohr)    5.060E+01   5.060E+01   5.060E+01
 Angle     (Degree)    9.000E+01   9.000E+01   9.000E+01
 Volume    (Bohr^3)    1.295E+05

 ------------------------------------------------------------------------------
                           SETUP EWALD 
 (Ewald) eta                             :   0.6814    
 (Ewald) Real Space Cutoff               :    8.143     (Bohr)
 (Ewald) Reciprocal Cutoff               :    8.630     (1/Bohr)

 ------------------------------------------------------------------------------
                           SETUP PLANE WAVE 
 Read in WT kernel.
 kernel file name  : 10PROFESS_KERNEL.dat          
 KEDF type         :     4
 Fermi vector      :   1.182014212099E+00
 Reference density :  -1.000000000000E+00
 Mesh points       :   200002
 Fermi vector in this cell is    1.9410942430131488     
 Fermi vector from kernel file is    1.1820142120987149     
 First qNorm is    0.0000000000000000     
 size of Wang-Teter kernel in this run is           71         140         140
 Max |G| in this calculation is   1.505548779486E+01
 Max eta used from kernel is   7.756185898264E+00

 ------------------------------------------------------------------------------
                           REFRESH ION POSITIONS
  
 Calculating Ion-Ion Energy ...                   complete.     0.427 s
  
 Calculating Ion-Electron Potential (spline) ... 
 complete.     0.248 s

 ------------------------------------------------------------------------------
                           DENSITY OPTIMIZATION
 Electron number for spin            1  is    4000.0000002201123     
 Cell Volume      :         19197.050486 Angstrom^3
 Ion number       :                 1000
 Electron number  :          4000.000000
 Ion density      :             0.052091 Ion/Angstrom^3
 Electron density :             0.208365 Electron/Angstrom^3
##############################################################################
#                               FINAL ENERGIES                       time    #
##############################################################################
# Thomas-Fermi Kin. Energy =   3.870751382322E+04 eV                 0.000 s #
# Von-Weizsacker Kin. Ener =   1.178245171001E+04 eV                 0.000 s #
# Wang-Teter Kinetic Energ =  -9.311866311431E+03 eV                 0.000 s #
#                                                                            #
#     LDA Exch-Corr Energy =  -3.289077525091E+04 eV                 0.000 s #
#         Coulombic Energy =   7.034086755810E+03 eV                 0.000 s #
#      Ion-Electron Energy =  -9.082591439958E+03 eV                 0.000 s #
#           Ion-Ion Energy =  -1.158770958894E+05 eV                 0.000 s #
#                                                                            #
#     TOTAL KINETIC ENERGY =   4.117809922180E+04 eV                         #
#   TOTAL POTENTIAL ENERGY =  -1.508163758244E+05 eV                         #
#             TOTAL ENERGY =  -1.096382766026E+05 eV                         #
##############################################################################
  
 ----------------------------- TIME INFORMATION ------------------------------
    PROFESS      :    174.19s WALL    100.00% (       1 calls)   174.19s/call
    InitPROFESS  :      1.25s WALL      0.72% (       1 calls)     1.25s/call
    KEDFRefresh  :      0.45s WALL      0.26% (       1 calls)     0.45s/call
    IonRefresh   :      0.76s WALL      0.44% (       1 calls)     0.76s/call
    EwaldEnergy  :      0.43s WALL      0.25% (       1 calls)     0.43s/call
    Pot_Ion      :      0.47s WALL      0.27% (      95 calls)     0.00s/call
    Pot_Har      :     12.27s WALL      7.04% (      95 calls)     0.13s/call
    Pot_Exc      :     23.91s WALL     13.73% (      95 calls)     0.25s/call
    Pot_KEDF     :    127.06s WALL     72.95% (      95 calls)     1.34s/call
    VWPotSqrPlus :     11.97s WALL      6.87% (      95 calls)     0.13s/call
    NextGradient :      0.42s WALL      0.24% (       9 calls)     0.05s/call
 -----------------------------------------------------------------------------
 ------------------------------- TOTAL ---------------------------------------
    PROFESS      :    174.19s WALL    100.00% (       1 calls)   174.19s/call
 -----------------------------------------------------------------------------

Run completed on: 11/28/2022 at 20:08:37 
  
