 ******************************************************************************
                             WELCOME TO PROFESS                   
            (PRinceton Orbital-Free Electronic Structure Software) 
 ******************************************************************************

 ------------------------------------------------------------------------------
                           READ GEOMETRY
 Cell length (Bohr)    5.158E+00   5.158E+00   5.158E+00
 Angle     (Degree)    6.000E+01   6.000E+01   6.000E+01
 Volume    (Bohr^3)    9.701E+01

 ------------------------------------------------------------------------------
                           READ PSEUDOPOTENTIAL
 Total electron number in ReadPseudo is    4.0000000000000000     
 (System) Machine Precision              :    2.2204460492503131E-016

 ------------------------------------------------------------------------------
                           SETUP FFT
 Global FFT Dimension :    27   27   27
 Dimension of rho for this processor : 
 xmin, xmax :            0          26
 ymin, ymax :            0          26
 zmin, zmax :            0          26
 Total electron number =    4.0000000000000000     
 Uniform rhoR =    4.1231883491335143E-002
 (GB INFO) FFT size      :       27      27      27
 (GB INFO) FFT offset    :        0
 (GB INFO) FFT G size    :       14      27      27
 (GB INFO) FFT G offset  :        0

 ------------------------------------------------------------------------------
                           SETUP KEDF
 kinetic energy density functional number is           11
 ( 1=TF, 2=VW, 3=TF+VW, 4=WT,  5=WGC,  
   7=LQ, 8=HQ, 10=CAT,  11=HC, 12=WGCD,
   15=GGA, 16=WGCD+GGA, 17=EVT, 18=EVC )
 qTable dimension:    14   27   27
 rhoS=   4.1231883491335143E-002
 rho0=   4.1231883491335143E-002
 coefficients for TF KEDF is     1.000000
 coefficients for VW KEDF is     1.000000
 Lambda in HC10 is set to     0.000000
 ALPHA  in HC10 is set to     2.016667
 BETA   in HC10 is set to     0.650000
 Sum of alpha and beta is     2.666667
  dV of each real space grid is now    4.9287356408025899E-003
 Cell length (Bohr)    5.158E+00   5.158E+00   5.158E+00
 Angle     (Degree)    6.000E+01   6.000E+01   6.000E+01
 Volume    (Bohr^3)    9.701E+01

 ------------------------------------------------------------------------------
                           SETUP EWALD 
 (Ewald) eta                             :    1.200    
 (Ewald) Real Space Cutoff               :    6.000     (Bohr)
 (Ewald) Reciprocal Cutoff               :    15.84     (1/Bohr)

 ------------------------------------------------------------------------------
                           SETUP PLANE WAVE 

 ------------------------------------------------------------------------------
                           REFRESH ION POSITIONS
  
 Calculating Ion-Ion Energy ...                   complete.     0.005 s
  
 Calculating Ion-Electron Potential (spline) ... 
 complete.     0.004 s

 ------------------------------------------------------------------------------
                           DENSITY OPTIMIZATION
 Electron number for spin            1  is    4.0000000000012950     
 Cell Volume      :            14.375740 Angstrom^3
 Ion number       :                    1
 Electron number  :             4.000000
 Ion density      :             0.069562 Ion/Angstrom^3
 Electron density :             0.278247 Electron/Angstrom^3
##############################################################################
#                               FINAL ENERGIES                       time    #
##############################################################################
# Thomas-Fermi Kin. Energy =   3.847718810080E+01 eV                 0.000 s #
# Von-Weizsacker Kin. Ener =   4.337600234070E+00 eV                 0.000 s #
#                                                                            #
# GGA(PBE) Exch-Cor Energy =  -3.331065682086E+01 eV                 0.000 s #
#         Coulombic Energy =   4.174540071113E-01 eV                 0.000 s #
#      Ion-Electron Energy =   2.054537316618E+01 eV                 0.000 s #
#           Ion-Ion Energy =  -1.368373372985E+02 eV                 0.000 s #
#                                                                            #
#     TOTAL KINETIC ENERGY =   4.095179145386E+01 eV                         #
#   TOTAL POTENTIAL ENERGY =  -1.491851669461E+02 eV                         #
#             TOTAL ENERGY =  -1.082333754923E+02 eV                         #
##############################################################################
  
 ----------------------------- TIME INFORMATION ------------------------------
    PROFESS      :     23.70s WALL    100.00% (       1 calls)    23.70s/call
    InitPROFESS  :      0.07s WALL      0.29% (       1 calls)     0.07s/call
    KEDFRefresh  :      0.00s WALL      0.01% (       1 calls)     0.00s/call
    IonRefresh   :      0.01s WALL      0.05% (       1 calls)     0.01s/call
    EwaldEnergy  :      0.01s WALL      0.02% (       1 calls)     0.01s/call
    ForwFFT_3D   :      2.93s WALL     12.38% (    4126 calls)     0.00s/call
    BackFFT_3D   :      2.24s WALL      9.46% (    3239 calls)     0.00s/call
    Pot_Ion      :      0.05s WALL      0.19% (     124 calls)     0.00s/call
    Pot_Har      :      0.22s WALL      0.93% (     124 calls)     0.00s/call
    Pot_Exc      :      4.30s WALL     18.12% (     124 calls)     0.03s/call
    PBEPot       :      4.24s WALL     17.90% (     124 calls)     0.03s/call
    Pot_KEDF     :     18.63s WALL     78.57% (     124 calls)     0.15s/call
    intPot       :     18.04s WALL     76.09% (     124 calls)     0.15s/call
    MakeXiG      :      0.27s WALL      1.13% (     124 calls)     0.00s/call
    VWPotSqrPlus :      0.18s WALL      0.78% (     124 calls)     0.00s/call
    intPot1      :      5.10s WALL     21.50% (     690 calls)     0.01s/call
    MakeHC10Kern :      0.71s WALL      3.01% (     813 calls)     0.00s/call
    intPot2      :      3.43s WALL     14.46% (     690 calls)     0.00s/call
    intPot3      :      4.29s WALL     18.09% (     690 calls)     0.01s/call
    intPot4      :      2.17s WALL      9.14% (     690 calls)     0.00s/call
    NextGradient :      0.01s WALL      0.04% (       7 calls)     0.00s/call
 -----------------------------------------------------------------------------
 ------------------------------- TOTAL ---------------------------------------
    PROFESS      :     23.70s WALL    100.00% (       1 calls)    23.70s/call
 -----------------------------------------------------------------------------

Run completed on: 07/30/2024 at 18:02:46 
  
