 ******************************************************************************
                             WELCOME TO PROFESS                   
            (PRinceton Orbital-Free Electronic Structure Software) 
 ******************************************************************************

 ------------------------------------------------------------------------------
                           READ GEOMETRY
 Cell length (Bohr)    1.501E+01   1.501E+01   1.501E+01
 Angle     (Degree)    9.000E+01   9.000E+01   9.000E+01
 Volume    (Bohr^3)    3.379E+03

 ------------------------------------------------------------------------------
                           READ PSEUDOPOTENTIAL
 Total electron number in ReadPseudo is    93.000000000000000     
 (System) Machine Precision              :    2.2204460492503131E-016

 ------------------------------------------------------------------------------
                           SETUP FFT
 Global FFT Dimension :    40   40   40
 Rank/Size in Global Communicator     :            0 /           1
 Rank/Size in Global FFT Communicator :            0 /           1
 Parallel FFT, totX    =    40
 Parallel FFT, totY    =    40
 Parallel FFT, locZ    =    40
 Parallel FFT, locZoff =     0
 Dimension of rho for this processor : 
 xmin, xmax :            0          39
 ymin, ymax :            0          39
 zmin, zmax :            0          39
 Total electron number =    93.000000000000000     
 Uniform rhoR =    2.7525527028741847E-002
 (GB INFO) FFT size      :       40      40      40
 (GB INFO) FFT offset    :        0
 (GB INFO) FFT G size    :       21      40      40
 (GB INFO) FFT G offset  :        0

 ------------------------------------------------------------------------------
                           SETUP KEDF
 kinetic energy density functional number is            4
 ( 1=TF, 2=VW, 3=TF+VW, 4=WT,  5=WGC,  
   7=LQ, 8=HQ, 10=CAT,  11=HC, 12=WGCD,
   15=GGA, 16=WGCD+GGA, 17=EVT, 18=EVC )
 qTable dimension:    21   40   40
 Coefficient for TF KEDF is     1.0000
 Coefficient for VW KEDF is     1.0000
 Coefficient for alpha in WT KEDF is     0.8333
 Coefficient for beta  in WT KEDF is     0.8333
 rho0 (Electron/Bohr^3) in WGC KEDF is     0.0275
 hold0 =  F
  dV of each real space grid is now    5.2791904710222735E-002
 Cell length (Bohr)    1.501E+01   1.501E+01   1.501E+01
 Angle     (Degree)    9.000E+01   9.000E+01   9.000E+01
 Volume    (Bohr^3)    3.379E+03

 ------------------------------------------------------------------------------
                           SETUP EWALD 
 (Ewald) eta                             :   0.7184    
 (Ewald) Real Space Cutoff               :    7.212     (Bohr)
 (Ewald) Reciprocal Cutoff               :    8.165     (1/Bohr)

 ------------------------------------------------------------------------------
                           SETUP PLANE WAVE 
 Read in WT kernel.
 kernel file name  : 4PROFESS_KERNEL.dat           
 KEDF type         :     4
 Fermi vector      :   1.182014212099E+00
 Reference density :  -1.000000000000E+00
 Mesh points       :   200002
 Fermi vector in this cell is    1.8681663424353128     
 Fermi vector from kernel file is    1.1820142120987149     
 First qNorm is    0.0000000000000000     
 size of Wang-Teter kernel in this run is           21          40          40
 Max |G| in this calculation is   1.450512212167E+01
 Max eta used from kernel is   7.764363264764E+00

 ------------------------------------------------------------------------------
                           REFRESH ION POSITIONS
  
 Calculating Ion-Ion Energy ...                   complete.     0.005 s
  
 Calculating Ion-Electron Potential (spline) ... 
 complete.     0.005 s

 ------------------------------------------------------------------------------
                           DENSITY OPTIMIZATION
 Electron number for spin            1  is    92.999999999959698     
 Cell Volume      :           500.668996 Angstrom^3
 Ion number       :                   31
 Electron number  :            93.000000
 Ion density      :             0.061917 Ion/Angstrom^3
 Electron density :             0.185751 Electron/Angstrom^3
##############################################################################
#                               FINAL ENERGIES                       time    #
##############################################################################
# Thomas-Fermi Kin. Energy =   6.803532980977E+02 eV                 0.000 s #
# Von-Weizsacker Kin. Ener =   6.093390883303E+01 eV                 0.000 s #
# Wang-Teter Kinetic Energ =  -2.565126695270E+01 eV                 0.000 s #
#                                                                            #
#     LDA Exch-Corr Energy =  -6.840368709299E+02 eV                 0.000 s #
#         Coulombic Energy =   2.398719292977E+01 eV                 0.000 s #
#      Ion-Electron Energy =   4.166013558764E+02 eV                 0.000 s #
#           Ion-Ion Energy =  -2.268025498952E+03 eV                 0.000 s #
#                                                                            #
#     TOTAL KINETIC ENERGY =   7.156359399780E+02 eV                         #
#   TOTAL POTENTIAL ENERGY =  -2.511473821076E+03 eV                         #
#             TOTAL ENERGY =  -1.795837881098E+03 eV                         #
##############################################################################
  
 ----------------------------- TIME INFORMATION ------------------------------
    PROFESS      :      3.09s WALL    100.00% (       1 calls)     3.09s/call
    InitPROFESS  :      0.29s WALL      9.26% (       1 calls)     0.29s/call
    KEDFRefresh  :      0.24s WALL      7.92% (       1 calls)     0.24s/call
    IonRefresh   :      0.01s WALL      0.37% (       1 calls)     0.01s/call
    EwaldEnergy  :      0.01s WALL      0.17% (       1 calls)     0.01s/call
    Pot_Ion      :      0.01s WALL      0.18% (      72 calls)     0.00s/call
    Pot_Har      :      0.13s WALL      4.11% (      72 calls)     0.00s/call
    Pot_Exc      :      0.44s WALL     14.32% (      72 calls)     0.01s/call
    Pot_KEDF     :      1.99s WALL     64.33% (      72 calls)     0.03s/call
    VWPotSqrPlus :      0.11s WALL      3.53% (      72 calls)     0.00s/call
    NextGradient :      0.01s WALL      0.20% (       8 calls)     0.00s/call
 -----------------------------------------------------------------------------
 ------------------------------- TOTAL ---------------------------------------
    PROFESS      :      3.09s WALL    100.00% (       1 calls)     3.09s/call
 -----------------------------------------------------------------------------

Run completed on: 08/13/2021 at 20:03:36 
  
