 ******************************************************************************
                             WELCOME TO PROFESS                   
            (PRinceton Orbital-Free Electronic Structure Software) 
 ******************************************************************************

 ------------------------------------------------------------------------------
                           READ GEOMETRY
 Cell length (Bohr)    8.418E+00   8.418E+00   8.418E+00
 Angle     (Degree)    6.000E+01   6.000E+01   6.000E+01
 Volume    (Bohr^3)    4.219E+02

 ------------------------------------------------------------------------------
                           READ PSEUDOPOTENTIAL
 Total electron number in ReadPseudo is    8.0000000000000000     
 (System) Machine Precision              :    2.2204460492503131E-016

 ------------------------------------------------------------------------------
                           SETUP FFT
 Global FFT Dimension :    42   42   42
 Dimension of rho for this processor : 
 xmin, xmax :            0          41
 ymin, ymax :            0          41
 zmin, zmax :            0          41
 Total electron number =    8.0000000000000000     
 Uniform rhoR =    1.8963380518739137E-002
 (GB INFO) FFT size      :       42      42      42
 (GB INFO) FFT offset    :        0
 (GB INFO) FFT G size    :       22      42      42
 (GB INFO) FFT G offset  :        0

 ------------------------------------------------------------------------------
                           SETUP KEDF
 kinetic energy density functional number is            5
 ( 1=TF, 2=VW, 3=TF+VW, 4=WT,  5=WGC,  
   7=LQ, 8=HQ, 10=CAT,  11=HC, 12=WGCD,
   15=GGA, 16=WGCD+GGA, 17=EVT, 18=EVC )
 qTable dimension:    22   42   42
 Coefficient for TF KEDF is     1.0000
 Coefficient for VW KEDF is     1.0000
 Coefficient for alpha in WGC KEDF is     1.2060
 Coefficient for beta  in WGC KEDF is     0.4607
 Coefficient for gamma in WGC KEDF is     4.2000
 rho0 (Electron/Bohr^3) in WGC KEDF is     0.0190
 rhoS (Electron/Bohr^3) in WGC KEDF is     0.0190
 hold0 =  F
 holdS =  F
  dV of each real space grid is now    5.6941166006626125E-003
 Cell length (Bohr)    8.418E+00   8.418E+00   8.418E+00
 Angle     (Degree)    6.000E+01   6.000E+01   6.000E+01
 Volume    (Bohr^3)    4.219E+02

 ------------------------------------------------------------------------------
                           SETUP EWALD 
 (Ewald) eta                             :    1.200    
 (Ewald) Real Space Cutoff               :    6.000     (Bohr)
 (Ewald) Reciprocal Cutoff               :    15.30     (1/Bohr)

 ------------------------------------------------------------------------------
                           SETUP PLANE WAVE 

 ------------------------------------------------------------------------------
                           INITIALIZING WGC KERNEL
 Fermi vector :   0.82498411551018513     
 Reference density :    1.8963380518739137E-002
 Make WGC kernels.
 Dimension of KEDF Kernel :           22          42          42

 ------------------------------------------------------------------------------
                           REFRESH ION POSITIONS
  
 Calculating Ion-Ion Energy ...                   complete.     0.013 s
  
 Calculating Ion-Electron Potential (spline) ... 
 complete.     0.025 s

 ------------------------------------------------------------------------------
                           DENSITY OPTIMIZATION
 Electron number for spin            1  is    7.9999999999899787     
 Cell Volume      :            62.514048 Angstrom^3
 Ion number       :                    2
 Electron number  :             8.000000
 Ion density      :             0.031993 Ion/Angstrom^3
 Electron density :             0.127971 Electron/Angstrom^3
##############################################################################
#                               FINAL ENERGIES                       time    #
##############################################################################
# Thomas-Fermi Kin. Energy =   6.594393942625E+01 eV                 0.000 s #
# Von-Weizsacker Kin. Ener =   2.635486870292E+01 eV                 0.000 s #
#       WGC Kinetic Energy =  -1.748785159683E+01 eV                 0.000 s #
#                                                                            #
# GGA(PBE) Exch-Cor Energy =  -6.074244533298E+01 eV                 0.000 s #
#         Coulombic Energy =   2.454266037854E+01 eV                 0.000 s #
#      Ion-Electron Energy =  -5.551882680212E+01 eV                 0.000 s #
#           Ion-Ion Energy =  -2.056419840064E+02 eV                 0.000 s #
#                                                                            #
#     TOTAL KINETIC ENERGY =   7.481095653233E+01 eV                         #
#   TOTAL POTENTIAL ENERGY =  -2.973605957630E+02 eV                         #
#             TOTAL ENERGY =  -2.225496392307E+02 eV                         #
##############################################################################
  
 ----------------------------- TIME INFORMATION ------------------------------
    PROFESS      :     34.32s WALL    100.00% (       1 calls)    34.32s/call
    InitPROFESS  :      0.11s WALL      0.33% (       1 calls)     0.11s/call
    KEDFRefresh  :      0.04s WALL      0.12% (       1 calls)     0.04s/call
    IonRefresh   :      0.04s WALL      0.13% (       1 calls)     0.04s/call
    EwaldEnergy  :      0.01s WALL      0.04% (       1 calls)     0.01s/call
    ForwFFT_3D   :      6.45s WALL     18.78% (    2943 calls)     0.00s/call
    BackFFT_3D   :      5.55s WALL     16.17% (    2941 calls)     0.00s/call
    Pot_Ion      :      0.11s WALL      0.31% (     245 calls)     0.00s/call
    Pot_Har      :      1.15s WALL      3.35% (     245 calls)     0.00s/call
    Pot_Exc      :     18.01s WALL     52.47% (     245 calls)     0.07s/call
    PBEPot       :     17.13s WALL     49.92% (     245 calls)     0.07s/call
    Pot_KEDF     :     13.23s WALL     38.53% (     245 calls)     0.05s/call
    WGCPotPlus   :     10.53s WALL     30.67% (     245 calls)     0.04s/call
    VWPotSqrPlus :      0.92s WALL      2.68% (     245 calls)     0.00s/call
    NextGradient :      0.03s WALL      0.07% (      10 calls)     0.00s/call
 -----------------------------------------------------------------------------
 ------------------------------- TOTAL ---------------------------------------
    PROFESS      :     34.32s WALL    100.00% (       1 calls)    34.32s/call
 -----------------------------------------------------------------------------

Run completed on: 07/30/2024 at 20:43:04 
  
