 ******************************************************************************
                             WELCOME TO PROFESS                   
            (PRinceton Orbital-Free Electronic Structure Software) 
 ******************************************************************************

 ------------------------------------------------------------------------------
                           READ GEOMETRY
 Cell length (Bohr)    7.037E+00   7.037E+00   1.165E+01
 Angle     (Degree)    9.000E+01   9.000E+01   1.200E+02
 Volume    (Bohr^3)    4.998E+02

 ------------------------------------------------------------------------------
                           READ PSEUDOPOTENTIAL
 Total electron number in ReadPseudo is    16.000000000000000     
 (System) Machine Precision              :    2.2204460492503131E-016

 ------------------------------------------------------------------------------
                           SETUP FFT
 Global FFT Dimension :    35   35   60
 Dimension of rho for this processor : 
 xmin, xmax :            0          34
 ymin, ymax :            0          34
 zmin, zmax :            0          59
 Total electron number =    16.000000000000000     
 Uniform rhoR =    3.2012129531807820E-002
 (GB INFO) FFT size      :       35      35      60
 (GB INFO) FFT offset    :        0
 (GB INFO) FFT G size    :       18      35      60
 (GB INFO) FFT G offset  :        0

 ------------------------------------------------------------------------------
                           SETUP KEDF
 kinetic energy density functional number is            5
 ( 1=TF, 2=VW, 3=TF+VW, 4=WT,  5=WGC,  
   7=LQ, 8=HQ, 10=CAT,  11=HC, 12=WGCD,
   15=GGA, 16=WGCD+GGA, 17=EVT, 18=EVC )
 qTable dimension:    18   35   60
 Coefficient for TF KEDF is     1.0000
 Coefficient for VW KEDF is     1.0000
 Coefficient for alpha in WGC KEDF is     1.2060
 Coefficient for beta  in WGC KEDF is     0.4607
 Coefficient for gamma in WGC KEDF is     4.2000
 rho0 (Electron/Bohr^3) in WGC KEDF is     0.0320
 rhoS (Electron/Bohr^3) in WGC KEDF is     0.0320
 hold0 =  F
 holdS =  F
  dV of each real space grid is now    6.8001435085296106E-003
 Cell length (Bohr)    7.037E+00   7.037E+00   1.165E+01
 Angle     (Degree)    9.000E+01   9.000E+01   1.200E+02
 Volume    (Bohr^3)    4.998E+02

 ------------------------------------------------------------------------------
                           SETUP EWALD 
 (Ewald) eta                             :    1.200    
 (Ewald) Real Space Cutoff               :    6.000     (Bohr)
 (Ewald) Reciprocal Cutoff               :    15.18     (1/Bohr)

 ------------------------------------------------------------------------------
                           SETUP PLANE WAVE 

 ------------------------------------------------------------------------------
                           INITIALIZING WGC KERNEL
 Fermi vector :   0.98230236247917901     
 Reference density :    3.2012129531807820E-002
 Make WGC kernels.
 Dimension of KEDF Kernel :           18          35          60

 ------------------------------------------------------------------------------
                           REFRESH ION POSITIONS
  
 Calculating Ion-Ion Energy ...                   complete.     0.008 s
  
 Calculating Ion-Electron Potential (spline) ... 
 complete.     0.015 s

 ------------------------------------------------------------------------------
                           DENSITY OPTIMIZATION
 Electron number for spin            1  is    15.999999999980375     
 Cell Volume      :            74.064281 Angstrom^3
 Ion number       :                    4
 Electron number  :            16.000000
 Ion density      :             0.054007 Ion/Angstrom^3
 Electron density :             0.216029 Electron/Angstrom^3
  
 ----------------------------- TIME INFORMATION ------------------------------
    PROFESS      :     20.66s WALL    100.00% (       1 calls)    20.66s/call
    InitPROFESS  :      0.08s WALL      0.38% (       1 calls)     0.08s/call
    KEDFRefresh  :      0.04s WALL      0.18% (       1 calls)     0.04s/call
    IonRefresh   :      0.03s WALL      0.13% (       1 calls)     0.03s/call
    EwaldEnergy  :      0.01s WALL      0.04% (       1 calls)     0.01s/call
    ForwFFT_3D   :      3.49s WALL     16.87% (    1142 calls)     0.00s/call
    BackFFT_3D   :      3.14s WALL     15.22% (    1141 calls)     0.00s/call
    Pot_Ion      :      0.06s WALL      0.31% (      95 calls)     0.00s/call
    Pot_Har      :      0.61s WALL      2.95% (      95 calls)     0.01s/call
    Pot_Exc      :     11.96s WALL     57.89% (      95 calls)     0.13s/call
    PBEPot       :     11.43s WALL     55.33% (      95 calls)     0.12s/call
    Pot_KEDF     :      7.02s WALL     33.96% (      95 calls)     0.07s/call
    WGCPotPlus   :      5.61s WALL     27.15% (      95 calls)     0.06s/call
    VWPotSqrPlus :      0.46s WALL      2.23% (      95 calls)     0.00s/call
    NextGradient :      0.01s WALL      0.07% (       5 calls)     0.00s/call
 -----------------------------------------------------------------------------
