 ******************************************************************************
                             WELCOME TO PROFESS                   
            (PRinceton Orbital-Free Electronic Structure Software) 
 ******************************************************************************

 ------------------------------------------------------------------------------
                           READ GEOMETRY
 Cell length (Bohr)    5.946E+00   5.946E+00   5.946E+00
 Angle     (Degree)    6.000E+01   6.000E+01   6.000E+01
 Volume    (Bohr^3)    1.487E+02

 ------------------------------------------------------------------------------
                           READ PSEUDOPOTENTIAL
 Total electron number in ReadPseudo is    2.0000000000000000     
 (System) Machine Precision              :    2.2204460492503131E-016

 ------------------------------------------------------------------------------
                           SETUP FFT
 Global FFT Dimension :    15   15   15
 Rank/Size in Global Communicator     :            0 /           1
 Rank/Size in Global FFT Communicator :            0 /           1
 Parallel FFT, totX    =    15
 Parallel FFT, totY    =    15
 Parallel FFT, locZ    =    15
 Parallel FFT, locZoff =     0
 Dimension of rho for this processor : 
 xmin, xmax :            0          14
 ymin, ymax :            0          14
 zmin, zmax :            0          14
 Total electron number =    2.0000000000000000     
 Uniform rhoR =    1.3451904228024076E-002
 (GB INFO) FFT size      :       15      15      15
 (GB INFO) FFT offset    :        0
 (GB INFO) FFT G size    :        8      15      15
 (GB INFO) FFT G offset  :        0

 ------------------------------------------------------------------------------
                           SETUP KEDF
 kinetic energy density functional number is            4
 ( 1=TF, 2=VW, 3=TF+VW, 4=WT,  5=WGC,  
   7=LQ, 8=HQ, 10=CAT,  11=HC, 12=WGCD,
   15=GGA, 16=WGCD+GGA, 17=EVT, 18=EVC )
 qTable dimension:     8   15   15
 Coefficient for TF KEDF is     1.0000
 Coefficient for VW KEDF is     1.0000
 Coefficient for alpha in WT KEDF is     0.8333
 Coefficient for beta  in WT KEDF is     0.8333
 rho0 (Electron/Bohr^3) in WGC KEDF is     0.0135
 hold0 =  F
  dV of each real space grid is now    4.4052691912425057E-002
 Cell length (Bohr)    5.946E+00   5.946E+00   5.946E+00
 Angle     (Degree)    6.000E+01   6.000E+01   6.000E+01
 Volume    (Bohr^3)    1.487E+02

 ------------------------------------------------------------------------------
                           SETUP EWALD 
 (Ewald) eta                             :   0.7396    
 (Ewald) Real Space Cutoff               :    6.392     (Bohr)
 (Ewald) Reciprocal Cutoff               :    7.396     (1/Bohr)

 ------------------------------------------------------------------------------
                           SETUP PLANE WAVE 
 Fill the 3D Wang-Teter kernel in G space

 ------------------------------------------------------------------------------
                           REFRESH ION POSITIONS
  
 Calculating Ion-Ion Energy ...                   complete.     0.000 s
  
 Calculating Ion-Electron Potential (spline) ... 
 complete.     0.000 s

 ------------------------------------------------------------------------------
                           DENSITY OPTIMIZATION
 Electron number for spin            1  is    2.0000000000001301     
 Cell Volume      :            22.031782 Angstrom^3
 Ion number       :                    1
 Electron number  :             2.000000
 Ion density      :             0.045389 Ion/Angstrom^3
 Electron density :             0.090778 Electron/Angstrom^3
##############################################################################
#                               FINAL ENERGIES                       time    #
##############################################################################
# Thomas-Fermi Kin. Energy =   8.997484997238E+00 eV                 0.000 s #
# Von-Weizsacker Kin. Ener =   9.039076331221E-01 eV                 0.000 s #
# Wang-Teter Kinetic Energ =  -3.058862635999E-01 eV                 0.000 s #
#                                                                            #
#     LDA Exch-Corr Energy =  -1.180943813100E+01 eV                 0.000 s #
#         Coulombic Energy =   5.633156876731E-02 eV                 0.000 s #
#      Ion-Electron Energy =   7.187014809536E+00 eV                 0.000 s #
#           Ion-Ion Energy =  -2.967140782203E+01 eV                 0.000 s #
#                                                                            #
#     TOTAL KINETIC ENERGY =   9.595506366760E+00 eV                         #
#   TOTAL POTENTIAL ENERGY =  -3.423749957473E+01 eV                         #
#             TOTAL ENERGY =  -2.464199320797E+01 eV                         #
##############################################################################
  
 ----------------------------- TIME INFORMATION ------------------------------
    PROFESS      :      0.47s WALL    100.00% (       1 calls)     0.47s/call
    InitPROFESS  :      0.03s WALL      6.42% (       1 calls)     0.03s/call
    KEDFRefresh  :      0.00s WALL      0.05% (       1 calls)     0.00s/call
    IonRefresh   :      0.00s WALL      0.21% (       1 calls)     0.00s/call
    EwaldEnergy  :      0.00s WALL      0.10% (       1 calls)     0.00s/call
    Pot_Ion      :      0.00s WALL      0.06% (      62 calls)     0.00s/call
    Pot_Har      :      0.01s WALL      1.65% (      62 calls)     0.00s/call
    Pot_Exc      :      0.03s WALL      6.74% (      62 calls)     0.00s/call
    Pot_KEDF     :      0.14s WALL     29.23% (      62 calls)     0.00s/call
    VWPotSqrPlus :      0.01s WALL      1.44% (      62 calls)     0.00s/call
    NextGradient :      0.00s WALL      0.07% (       6 calls)     0.00s/call
 -----------------------------------------------------------------------------
 ------------------------------- TOTAL ---------------------------------------
    PROFESS      :      0.47s WALL    100.00% (       1 calls)     0.47s/call
 -----------------------------------------------------------------------------

Run completed on: 08/19/2021 at 15:41:40 
  
