 ******************************************************************************
                             WELCOME TO PROFESS                   
            (PRinceton Orbital-Free Electronic Structure Software) 
 ******************************************************************************

 ------------------------------------------------------------------------------
                           READ GEOMETRY
 Cell length (Bohr)    5.882E+00   5.882E+00   9.620E+00
 Angle     (Degree)    9.000E+01   9.000E+01   1.200E+02
 Volume    (Bohr^3)    2.882E+02

 ------------------------------------------------------------------------------
                           READ PSEUDOPOTENTIAL
 Total electron number in ReadPseudo is    4.0000000000000000     
 (System) Machine Precision              :    2.2204460492503131E-016

 ------------------------------------------------------------------------------
                           SETUP FFT
 Global FFT Dimension :    15   15   24
 Rank/Size in Global Communicator     :            0 /           1
 Rank/Size in Global FFT Communicator :            0 /           1
 Parallel FFT, totX    =    15
 Parallel FFT, totY    =    15
 Parallel FFT, locZ    =    24
 Parallel FFT, locZoff =     0
 Dimension of rho for this processor : 
 xmin, xmax :            0          14
 ymin, ymax :            0          14
 zmin, zmax :            0          23
 Total electron number =    4.0000000000000000     
 Uniform rhoR =    1.3877528423460791E-002
 (GB INFO) FFT size      :       15      15      24
 (GB INFO) FFT offset    :        0
 (GB INFO) FFT G size    :        8      15      24
 (GB INFO) FFT G offset  :        0

 ------------------------------------------------------------------------------
                           SETUP KEDF
 kinetic energy density functional number is            5
 ( 1=TF, 2=VW, 3=TF+VW, 4=WT,  5=WGC,  
   7=LQ, 8=HQ, 10=CAT,  11=HC, 12=WGCD,
   15=GGA, 16=WGCD+GGA, 17=EVT, 18=EVC )
 qTable dimension:     8   15   24
 Coefficient for TF KEDF is     1.0000
 Coefficient for VW KEDF is     1.0000
 Coefficient for alpha in WGC KEDF is     1.2060
 Coefficient for beta  in WGC KEDF is     0.4607
 Coefficient for gamma in WGC KEDF is     2.7000
 rho0 (Electron/Bohr^3) in WGC KEDF is     0.0139
 rhoS (Electron/Bohr^3) in WGC KEDF is     0.0139
 hold0 =  F
 holdS =  F
  dV of each real space grid is now    5.3376993232344905E-002
 Cell length (Bohr)    5.882E+00   5.882E+00   9.620E+00
 Angle     (Degree)    9.000E+01   9.000E+01   1.200E+02
 Volume    (Bohr^3)    2.882E+02

 ------------------------------------------------------------------------------
                           SETUP EWALD 
 (Ewald) eta                             :   0.7290    
 (Ewald) Real Space Cutoff               :    6.587     (Bohr)
 (Ewald) Reciprocal Cutoff               :    7.477     (1/Bohr)

 ------------------------------------------------------------------------------
                           SETUP PLANE WAVE 

 ------------------------------------------------------------------------------
                           INITIALIZING WGC KERNEL
 Fermi vector :   0.74343734848450660     
 Reference density :    1.3877528423460791E-002
 Make WGC kernels.
 Dimension of KEDF Kernel :            8          15          24

 ------------------------------------------------------------------------------
                           REFRESH ION POSITIONS
  
 Calculating Ion-Ion Energy ...                   complete.     0.001 s
  
 Calculating Ion-Electron Potential (spline) ... 
 complete.     0.001 s

 ------------------------------------------------------------------------------
                           DENSITY OPTIMIZATION
 Electron number for spin            1  is    4.0000000000004974     
 Cell Volume      :            42.712133 Angstrom^3
 Ion number       :                    2
 Electron number  :             4.000000
 Ion density      :             0.046825 Ion/Angstrom^3
 Electron density :             0.093650 Electron/Angstrom^3
##############################################################################
#                               FINAL ENERGIES                       time    #
##############################################################################
# Thomas-Fermi Kin. Energy =   1.840132447968E+01 eV                 0.000 s #
# Von-Weizsacker Kin. Ener =   1.879053848431E+00 eV                 0.000 s #
#       WGC Kinetic Energy =  -6.859083354765E-01 eV                 0.000 s #
#                                                                            #
#     LDA Exch-Corr Energy =  -2.385607332637E+01 eV                 0.000 s #
#         Coulombic Energy =   1.337889909567E-01 eV                 0.000 s #
#      Ion-Electron Energy =   1.479284359121E+01 eV                 0.000 s #
#           Ion-Ion Energy =  -5.995985217781E+01 eV                 0.000 s #
#                                                                            #
#     TOTAL KINETIC ENERGY =   1.959446999263E+01 eV                         #
#   TOTAL POTENTIAL ENERGY =  -6.888929292201E+01 eV                         #
#             TOTAL ENERGY =  -4.929482292938E+01 eV                         #
##############################################################################
  
 ----------------------------- TIME INFORMATION ------------------------------
    PROFESS      :      0.63s WALL    100.00% (       1 calls)     0.63s/call
    InitPROFESS  :      0.04s WALL      6.02% (       1 calls)     0.04s/call
    KEDFRefresh  :      0.01s WALL      2.24% (       1 calls)     0.01s/call
    IonRefresh   :      0.00s WALL      0.24% (       1 calls)     0.00s/call
    EwaldEnergy  :      0.00s WALL      0.10% (       1 calls)     0.00s/call
    Pot_Ion      :      0.00s WALL      0.08% (      77 calls)     0.00s/call
    Pot_Har      :      0.01s WALL      2.24% (      77 calls)     0.00s/call
    Pot_Exc      :      0.05s WALL      8.72% (      77 calls)     0.00s/call
    Pot_KEDF     :      0.31s WALL     49.89% (      77 calls)     0.00s/call
    WGCPotPlus   :      0.24s WALL     38.29% (      77 calls)     0.00s/call
    VWPotSqrPlus :      0.01s WALL      2.22% (      77 calls)     0.00s/call
    NextGradient :      0.00s WALL      0.09% (       7 calls)     0.00s/call
 -----------------------------------------------------------------------------
 ------------------------------- TOTAL ---------------------------------------
    PROFESS      :      0.63s WALL    100.00% (       1 calls)     0.63s/call
 -----------------------------------------------------------------------------

Run completed on: 08/19/2021 at 15:44:00 
  
