 ******************************************************************************
                             WELCOME TO PROFESS                   
            (PRinceton Orbital-Free Electronic Structure Software) 
 ******************************************************************************

 ------------------------------------------------------------------------------
                           READ GEOMETRY
 Cell length (Bohr)    7.344E+00   7.344E+00   7.344E+00
 Angle     (Degree)    6.000E+01   6.000E+01   6.000E+01
 Volume    (Bohr^3)    2.800E+02

 ------------------------------------------------------------------------------
                           READ PSEUDOPOTENTIAL
 Total electron number in ReadPseudo is    8.0000000000000000     
 (System) Machine Precision              :    2.2204460492503131E-016

 ------------------------------------------------------------------------------
                           SETUP FFT
 Global FFT Dimension :    36   36   36
 Dimension of rho for this processor : 
 xmin, xmax :            0          35
 ymin, ymax :            0          35
 zmin, zmax :            0          35
 Total electron number =    8.0000000000000000     
 Uniform rhoR =    2.8568050205893251E-002
 (GB INFO) FFT size      :       36      36      36
 (GB INFO) FFT offset    :        0
 (GB INFO) FFT G size    :       19      36      36
 (GB INFO) FFT G offset  :        0

 ------------------------------------------------------------------------------
                           SETUP KEDF
 kinetic energy density functional number is           11
 ( 1=TF, 2=VW, 3=TF+VW, 4=WT,  5=WGC,  
   7=LQ, 8=HQ, 10=CAT,  11=HC, 12=WGCD,
   15=GGA, 16=WGCD+GGA, 17=EVT, 18=EVC )
 qTable dimension:    19   36   36
 rhoS=   2.8568050205893251E-002
 rho0=   2.8568050205893251E-002
 coefficients for TF KEDF is     1.000000
 coefficients for VW KEDF is     1.000000
 Lambda in HC10 is set to     0.010000
 ALPHA  in HC10 is set to     1.875667
 BETA   in HC10 is set to     0.791000
 Sum of alpha and beta is     2.666667
  dV of each real space grid is now    6.0020814449907702E-003
 Cell length (Bohr)    7.344E+00   7.344E+00   7.344E+00
 Angle     (Degree)    6.000E+01   6.000E+01   6.000E+01
 Volume    (Bohr^3)    2.800E+02

 ------------------------------------------------------------------------------
                           SETUP EWALD 
 (Ewald) eta                             :    1.200    
 (Ewald) Real Space Cutoff               :    6.000     (Bohr)
 (Ewald) Reciprocal Cutoff               :    14.97     (1/Bohr)

 ------------------------------------------------------------------------------
                           SETUP PLANE WAVE 

 ------------------------------------------------------------------------------
                           REFRESH ION POSITIONS
  
 Calculating Ion-Ion Energy ...                   complete.     0.011 s
  
 Calculating Ion-Electron Potential (spline) ... 
 complete.     0.034 s

 ------------------------------------------------------------------------------
                           DENSITY OPTIMIZATION
 Electron number for spin            1  is    7.9999999999965352     
 Cell Volume      :            41.496625 Angstrom^3
 Ion number       :                    2
 Electron number  :             8.000000
 Ion density      :             0.048197 Ion/Angstrom^3
 Electron density :             0.192787 Electron/Angstrom^3
##############################################################################
#                               FINAL ENERGIES                       time    #
##############################################################################
# Thomas-Fermi Kin. Energy =   7.987390450143E+01 eV                 0.000 s #
# Von-Weizsacker Kin. Ener =   2.630562070673E+01 eV                 0.000 s #
#                                                                            #
# GGA(PBE) Exch-Cor Energy =  -6.689265277841E+01 eV                 0.000 s #
#         Coulombic Energy =   2.206781984743E+01 eV                 0.000 s #
#      Ion-Electron Energy =  -4.757658188992E+01 eV                 0.000 s #
#           Ion-Ion Energy =  -2.357400641365E+02 eV                 0.000 s #
#                                                                            #
#     TOTAL KINETIC ENERGY =   8.522094253497E+01 eV                         #
#   TOTAL POTENTIAL ENERGY =  -3.281414789574E+02 eV                         #
#             TOTAL ENERGY =  -2.429205364225E+02 eV                         #
##############################################################################
  
 ----------------------------- TIME INFORMATION ------------------------------
    PROFESS      :   1538.57s WALL    100.00% (       1 calls)  1538.57s/call
    InitPROFESS  :      0.14s WALL      0.01% (       1 calls)     0.14s/call
    KEDFRefresh  :      0.00s WALL      0.00% (       1 calls)     0.00s/call
    IonRefresh   :      0.07s WALL      0.00% (       1 calls)     0.07s/call
    EwaldEnergy  :      0.01s WALL      0.00% (       1 calls)     0.01s/call
    ForwFFT_3D   :    242.23s WALL     15.74% (   47834 calls)     0.01s/call
    BackFFT_3D   :    128.47s WALL      8.35% (   31486 calls)     0.00s/call
    Pot_Ion      :      1.43s WALL      0.09% (     797 calls)     0.00s/call
    Pot_Har      :      9.36s WALL      0.61% (     797 calls)     0.01s/call
    Pot_Exc      :    178.80s WALL     11.62% (     797 calls)     0.22s/call
    PBEPot       :    177.23s WALL     11.52% (     797 calls)     0.22s/call
    Pot_KEDF     :   1331.22s WALL     86.52% (     797 calls)     1.67s/call
    intPot       :   1306.95s WALL     84.95% (     797 calls)     1.64s/call
    MakeXiG      :      9.37s WALL      0.61% (     797 calls)     0.01s/call
    VWPotSqrPlus :      8.27s WALL      0.54% (     797 calls)     0.01s/call
    intPot1      :    364.55s WALL     23.69% (    9766 calls)     0.04s/call
    MakeHC10Kern :     38.21s WALL      2.48% (   10562 calls)     0.00s/call
    intPot2      :    271.34s WALL     17.64% (    9766 calls)     0.03s/call
    intPot3      :    388.38s WALL     25.24% (    9766 calls)     0.04s/call
    intPot4      :    175.67s WALL     11.42% (    9766 calls)     0.02s/call
    NextGradient :      0.80s WALL      0.05% (      68 calls)     0.01s/call
 -----------------------------------------------------------------------------
 ------------------------------- TOTAL ---------------------------------------
    PROFESS      :   1538.57s WALL    100.00% (       1 calls)  1538.57s/call
 -----------------------------------------------------------------------------

Run completed on: 07/31/2024 at 10:07:01 
  
