 ******************************************************************************
                             WELCOME TO PROFESS                   
            (PRinceton Orbital-Free Electronic Structure Software) 
 ******************************************************************************

 ------------------------------------------------------------------------------
                           READ GEOMETRY
 Cell length (Bohr)    5.452E+00   5.452E+00   5.452E+00
 Angle     (Degree)    1.095E+02   1.095E+02   1.095E+02
 Volume    (Bohr^3)    1.247E+02

 ------------------------------------------------------------------------------
                           READ PSEUDOPOTENTIAL
 Total electron number in ReadPseudo is    1.0000000000000000     
 (System) Machine Precision              :    2.2204460492503131E-016

 ------------------------------------------------------------------------------
                           SETUP FFT
 Global FFT Dimension :    15   15   15
 Rank/Size in Global Communicator     :            0 /           1
 Rank/Size in Global FFT Communicator :            0 /           1
 Parallel FFT, totX    =    15
 Parallel FFT, totY    =    15
 Parallel FFT, locZ    =    15
 Parallel FFT, locZoff =     0
 Dimension of rho for this processor : 
 xmin, xmax :            0          14
 ymin, ymax :            0          14
 zmin, zmax :            0          14
 Total electron number =    1.0000000000000000     
 Uniform rhoR =    8.0161292701682353E-003
 (GB INFO) FFT size      :       15      15      15
 (GB INFO) FFT offset    :        0
 (GB INFO) FFT G size    :        8      15      15
 (GB INFO) FFT G offset  :        0

 ------------------------------------------------------------------------------
                           SETUP KEDF
 kinetic energy density functional number is            4
 ( 1=TF, 2=VW, 3=TF+VW, 4=WT,  5=WGC,  
   7=LQ, 8=HQ, 10=CAT,  11=HC, 12=WGCD,
   15=GGA, 16=WGCD+GGA, 17=EVT, 18=EVC )
 qTable dimension:     8   15   15
 Coefficient for TF KEDF is     1.0000
 Coefficient for VW KEDF is     1.0000
 Coefficient for alpha in WT KEDF is     0.8333
 Coefficient for beta  in WT KEDF is     0.8333
 rho0 (Electron/Bohr^3) in WGC KEDF is     0.0080
 hold0 =  F
  dV of each real space grid is now    3.6962514738747211E-002
 Cell length (Bohr)    5.452E+00   5.452E+00   5.452E+00
 Angle     (Degree)    1.095E+02   1.095E+02   1.095E+02
 Volume    (Bohr^3)    1.247E+02

 ------------------------------------------------------------------------------
                           SETUP EWALD 
 (Ewald) eta                             :   0.8296    
 (Ewald) Real Space Cutoff               :    6.000     (Bohr)
 (Ewald) Reciprocal Cutoff               :    8.067     (1/Bohr)

 ------------------------------------------------------------------------------
                           SETUP PLANE WAVE 
 Read in WT kernel.
 kernel file name  : 4PROFESS_KERNEL.dat           
 KEDF type         :     4
 Fermi vector      :   1.182014212099E+00
 Reference density :  -1.000000000000E+00
 Mesh points       :   200002
 Fermi vector in this cell is    1.2382981756050104     
 Fermi vector from kernel file is    1.1820142120987149     
 First qNorm is    0.0000000000000000     
 size of Wang-Teter kernel in this run is            8          15          15
 Max |G| in this calculation is   2.420174998767E+01
 Max eta used from kernel is   1.954436376024E+01

 ------------------------------------------------------------------------------
                           REFRESH ION POSITIONS
  
 Calculating Ion-Ion Energy ...                   complete.     0.000 s
  
 Calculating Ion-Electron Potential (spline) ... 
 complete.     0.000 s

 ------------------------------------------------------------------------------
                           DENSITY OPTIMIZATION
 Electron number for spin            1  is   0.99999999999993738     
 Cell Volume      :            18.485818 Angstrom^3
 Ion number       :                    1
 Electron number  :             1.000000
 Ion density      :             0.054096 Ion/Angstrom^3
 Electron density :             0.054096 Electron/Angstrom^3
##############################################################################
#                               FINAL ENERGIES                       time    #
##############################################################################
# Thomas-Fermi Kin. Energy =   3.172526426082E+00 eV                 0.000 s #
# Von-Weizsacker Kin. Ener =   2.590446111123E-01 eV                 0.000 s #
# Wang-Teter Kinetic Energ =  -8.252547026546E-02 eV                 0.000 s #
#                                                                            #
#     LDA Exch-Corr Energy =  -5.044139039203E+00 eV                 0.000 s #
#         Coulombic Energy =   1.540445732094E-02 eV                 0.000 s #
#      Ion-Electron Energy =   1.946045513516E+00 eV                 0.000 s #
#           Ion-Ion Energy =  -7.865182072792E+00 eV                 0.000 s #
#                                                                            #
#     TOTAL KINETIC ENERGY =   3.349045566929E+00 eV                         #
#   TOTAL POTENTIAL ENERGY =  -1.094787114116E+01 eV                         #
#             TOTAL ENERGY =  -7.598825574229E+00 eV                         #
##############################################################################
  
 ----------------------------- TIME INFORMATION ------------------------------
    PROFESS      :      0.81s WALL    100.00% (       1 calls)     0.81s/call
    InitPROFESS  :      0.43s WALL     53.34% (       1 calls)     0.43s/call
    KEDFRefresh  :      0.41s WALL     51.20% (       1 calls)     0.41s/call
    IonRefresh   :      0.00s WALL      0.12% (       1 calls)     0.00s/call
    EwaldEnergy  :      0.00s WALL      0.05% (       1 calls)     0.00s/call
    Pot_Ion      :      0.00s WALL      0.04% (      80 calls)     0.00s/call
    Pot_Har      :      0.01s WALL      0.99% (      80 calls)     0.00s/call
    Pot_Exc      :      0.04s WALL      4.48% (      80 calls)     0.00s/call
    Pot_KEDF     :      0.17s WALL     21.02% (      80 calls)     0.00s/call
    VWPotSqrPlus :      0.01s WALL      0.93% (      80 calls)     0.00s/call
    NextGradient :      0.00s WALL      0.07% (       6 calls)     0.00s/call
 -----------------------------------------------------------------------------
 ------------------------------- TOTAL ---------------------------------------
    PROFESS      :      0.81s WALL    100.00% (       1 calls)     0.81s/call
 -----------------------------------------------------------------------------

Run completed on: 08/14/2021 at 19:03:53 
  
