 ******************************************************************************
                             WELCOME TO PROFESS                   
            (PRinceton Orbital-Free Electronic Structure Software) 
 ******************************************************************************

 ------------------------------------------------------------------------------
                           READ GEOMETRY
 Cell length (Bohr)    4.807E+00   4.807E+00   4.807E+00
 Angle     (Degree)    9.000E+01   9.000E+01   9.000E+01
 Volume    (Bohr^3)    1.111E+02

 ------------------------------------------------------------------------------
                           READ PSEUDOPOTENTIAL
 Total electron number in ReadPseudo is    4.0000000000000000     
 (System) Machine Precision              :    2.2204460492503131E-016

 ------------------------------------------------------------------------------
                           SETUP FFT
 Global FFT Dimension :    24   24   24
 Dimension of rho for this processor : 
 xmin, xmax :            0          23
 ymin, ymax :            0          23
 zmin, zmax :            0          23
 Total electron number =    4.0000000000000000     
 Uniform rhoR =    3.6017470402905136E-002
 (GB INFO) FFT size      :       24      24      24
 (GB INFO) FFT offset    :        0
 (GB INFO) FFT G size    :       13      24      24
 (GB INFO) FFT G offset  :        0

 ------------------------------------------------------------------------------
                           SETUP KEDF
 kinetic energy density functional number is           11
 ( 1=TF, 2=VW, 3=TF+VW, 4=WT,  5=WGC,  
   7=LQ, 8=HQ, 10=CAT,  11=HC, 12=WGCD,
   15=GGA, 16=WGCD+GGA, 17=EVT, 18=EVC )
 qTable dimension:    13   24   24
 rhoS=   3.6017470402905136E-002
 rho0=   3.6017470402905136E-002
 coefficients for TF KEDF is     1.000000
 coefficients for VW KEDF is     1.000000
 Lambda in HC10 is set to     0.003000
 ALPHA  in HC10 is set to     2.016667
 BETA   in HC10 is set to     0.650000
 Sum of alpha and beta is     2.666667
  dV of each real space grid is now    8.0336527972412232E-003
 Cell length (Bohr)    4.807E+00   4.807E+00   4.807E+00
 Angle     (Degree)    9.000E+01   9.000E+01   9.000E+01
 Volume    (Bohr^3)    1.111E+02

 ------------------------------------------------------------------------------
                           SETUP EWALD 
 (Ewald) eta                             :    1.200    
 (Ewald) Real Space Cutoff               :    6.000     (Bohr)
 (Ewald) Reciprocal Cutoff               :    15.03     (1/Bohr)

 ------------------------------------------------------------------------------
                           SETUP PLANE WAVE 

 ------------------------------------------------------------------------------
                           REFRESH ION POSITIONS
  
 Calculating Ion-Ion Energy ...                   complete.     0.003 s
  
 Calculating Ion-Electron Potential (spline) ... 
 complete.     0.003 s

 ------------------------------------------------------------------------------
                           DENSITY OPTIMIZATION
 Electron number for spin            1  is    3.9999999999993374     
 Cell Volume      :            16.456981 Angstrom^3
 Ion number       :                    1
 Electron number  :             4.000000
 Ion density      :             0.060764 Ion/Angstrom^3
 Electron density :             0.243058 Electron/Angstrom^3
##############################################################################
#                               FINAL ENERGIES                       time    #
##############################################################################
# Thomas-Fermi Kin. Energy =   3.738345209114E+01 eV                 0.000 s #
# Von-Weizsacker Kin. Ener =   7.488545190324E+00 eV                 0.000 s #
#                                                                            #
# GGA(PBE) Exch-Cor Energy =  -3.277913341406E+01 eV                 0.000 s #
#         Coulombic Energy =   1.955440298318E+00 eV                 0.000 s #
#      Ion-Electron Energy =   1.078778995116E+01 eV                 0.000 s #
#           Ion-Ion Energy =  -1.284980547905E+02 eV                 0.000 s #
#                                                                            #
#     TOTAL KINETIC ENERGY =   4.017327617674E+01 eV                         #
#   TOTAL POTENTIAL ENERGY =  -1.485339579551E+02 eV                         #
#             TOTAL ENERGY =  -1.083606817784E+02 eV                         #
##############################################################################
  
 ----------------------------- TIME INFORMATION ------------------------------
    PROFESS      :     15.23s WALL    100.00% (       1 calls)    15.23s/call
    InitPROFESS  :      0.05s WALL      0.33% (       1 calls)     0.05s/call
    KEDFRefresh  :      0.00s WALL      0.01% (       1 calls)     0.00s/call
    IonRefresh   :      0.01s WALL      0.05% (       1 calls)     0.01s/call
    EwaldEnergy  :      0.00s WALL      0.02% (       1 calls)     0.00s/call
    ForwFFT_3D   :      2.11s WALL     13.88% (    4368 calls)     0.00s/call
    BackFFT_3D   :      1.37s WALL      9.01% (    3381 calls)     0.00s/call
    Pot_Ion      :      0.03s WALL      0.19% (     126 calls)     0.00s/call
    Pot_Har      :      0.15s WALL      1.00% (     126 calls)     0.00s/call
    Pot_Exc      :      2.18s WALL     14.30% (     126 calls)     0.02s/call
    PBEPot       :      1.99s WALL     13.04% (     126 calls)     0.02s/call
    Pot_KEDF     :     12.43s WALL     81.65% (     126 calls)     0.10s/call
    intPot       :     11.66s WALL     76.59% (     126 calls)     0.09s/call
    MakeXiG      :      0.19s WALL      1.25% (     126 calls)     0.00s/call
    intPot1      :      3.36s WALL     22.06% (     745 calls)     0.00s/call
    MakeHC10Kern :      0.56s WALL      3.69% (     871 calls)     0.00s/call
    intPot2      :      2.14s WALL     14.07% (     745 calls)     0.00s/call
    intPot3      :      2.94s WALL     19.29% (     745 calls)     0.00s/call
    intPot4      :      1.23s WALL      8.07% (     745 calls)     0.00s/call
    VWPotSqrPlus :      0.13s WALL      0.82% (     126 calls)     0.00s/call
    NextGradient :      0.01s WALL      0.04% (       7 calls)     0.00s/call
 -----------------------------------------------------------------------------
 ------------------------------- TOTAL ---------------------------------------
    PROFESS      :     15.23s WALL    100.00% (       1 calls)    15.23s/call
 -----------------------------------------------------------------------------

Run completed on: 07/30/2024 at 18:04:45 
  
