 ******************************************************************************
                             WELCOME TO PROFESS                   
            (PRinceton Orbital-Free Electronic Structure Software) 
 ******************************************************************************

 ------------------------------------------------------------------------------
                           READ GEOMETRY
 Cell length (Bohr)    8.099E+00   8.099E+00   8.099E+00
 Angle     (Degree)    9.000E+01   9.000E+01   9.000E+01
 Volume    (Bohr^3)    5.312E+02

 ------------------------------------------------------------------------------
                           READ PSEUDOPOTENTIAL
 Total electron number in ReadPseudo is    9.0000000000000000     
 (System) Machine Precision              :    2.2204460492503131E-016

 ------------------------------------------------------------------------------
                           SETUP FFT
 Global FFT Dimension :    18   18   18
 Rank/Size in Global Communicator     :            0 /           1
 Rank/Size in Global FFT Communicator :            0 /           1
 Parallel FFT, totX    =    18
 Parallel FFT, totY    =    18
 Parallel FFT, locZ    =    18
 Parallel FFT, locZoff =     0
 Dimension of rho for this processor : 
 xmin, xmax :            0          17
 ymin, ymax :            0          17
 zmin, zmax :            0          17
 Total electron number =    9.0000000000000000     
 Uniform rhoR =    1.6943073218924201E-002
 (GB INFO) FFT size      :       18      18      18
 (GB INFO) FFT offset    :        0
 (GB INFO) FFT G size    :       10      18      18
 (GB INFO) FFT G offset  :        0

 ------------------------------------------------------------------------------
                           SETUP KEDF
 kinetic energy density functional number is            4
 ( 1=TF, 2=VW, 3=TF+VW, 4=WT,  5=WGC,  
   7=LQ, 8=HQ, 10=CAT,  11=HC, 12=WGCD,
   15=GGA, 16=WGCD+GGA, 17=EVT, 18=EVC )
 qTable dimension:    10   18   18
 Coefficient for TF KEDF is     1.0000
 Coefficient for VW KEDF is     1.0000
 Coefficient for alpha in WT KEDF is     0.8333
 Coefficient for beta  in WT KEDF is     0.8333
 rho0 (Electron/Bohr^3) in WGC KEDF is     0.0169
 hold0 =  F
  dV of each real space grid is now    9.1082052034075781E-002
 Cell length (Bohr)    8.099E+00   8.099E+00   8.099E+00
 Angle     (Degree)    9.000E+01   9.000E+01   9.000E+01
 Volume    (Bohr^3)    5.312E+02

 ------------------------------------------------------------------------------
                           SETUP EWALD 
 (Ewald) eta                             :   0.6285    
 (Ewald) Real Space Cutoff               :    7.857     (Bohr)
 (Ewald) Reciprocal Cutoff               :    6.595     (1/Bohr)

 ------------------------------------------------------------------------------
                           SETUP PLANE WAVE 
 Read in WT kernel.
 kernel file name  : 8PROFESS_KERNEL.dat           
 KEDF type         :     4
 Fermi vector      :   1.182014212099E+00
 Reference density :  -1.000000000000E+00
 Mesh points       :   200002
 Fermi vector in this cell is    1.5891603652325841     
 Fermi vector from kernel file is    1.1820142120987149     
 First qNorm is    0.0000000000000000     
 size of Wang-Teter kernel in this run is           10          18          18
 Max |G| in this calculation is   1.209389604453E+01
 Max eta used from kernel is   7.610242684829E+00

 ------------------------------------------------------------------------------
                           REFRESH ION POSITIONS
  
 Calculating Ion-Ion Energy ...                   complete.     0.000 s
  
 Calculating Ion-Electron Potential (spline) ... 
 complete.     0.001 s

 ------------------------------------------------------------------------------
                           DENSITY OPTIMIZATION
 Electron number for spin            1  is    9.0000000000005755     
 Cell Volume      :            78.714314 Angstrom^3
 Ion number       :                    4
 Electron number  :             9.000000
 Ion density      :             0.050817 Ion/Angstrom^3
 Electron density :             0.114338 Electron/Angstrom^3
##############################################################################
#                               FINAL ENERGIES                       time    #
##############################################################################
# Thomas-Fermi Kin. Energy =   4.894526099176E+01 eV                 0.000 s #
# Von-Weizsacker Kin. Ener =   6.235051503249E+00 eV                 0.000 s #
# Wang-Teter Kinetic Energ =  -3.273453892712E+00 eV                 0.000 s #
#                                                                            #
#     LDA Exch-Corr Energy =  -5.769215450911E+01 eV                 0.000 s #
#         Coulombic Energy =   2.641670635604E+00 eV                 0.000 s #
#      Ion-Electron Energy =   2.979950027168E+01 eV                 0.000 s #
#           Ion-Ion Energy =  -1.588160399677E+02 eV                 0.000 s #
#                                                                            #
#     TOTAL KINETIC ENERGY =   5.190685860229E+01 eV                         #
#   TOTAL POTENTIAL ENERGY =  -1.840670235696E+02 eV                         #
#             TOTAL ENERGY =  -1.321601649673E+02 eV                         #
##############################################################################
  
 ----------------------------- TIME INFORMATION ------------------------------
    PROFESS      :      0.65s WALL    100.00% (       1 calls)     0.65s/call
    InitPROFESS  :      0.25s WALL     39.38% (       1 calls)     0.25s/call
    KEDFRefresh  :      0.21s WALL     32.06% (       1 calls)     0.21s/call
    IonRefresh   :      0.00s WALL      0.25% (       1 calls)     0.00s/call
    EwaldEnergy  :      0.00s WALL      0.08% (       1 calls)     0.00s/call
    Pot_Ion      :      0.00s WALL      0.04% (      66 calls)     0.00s/call
    Pot_Har      :      0.01s WALL      2.22% (      66 calls)     0.00s/call
    Pot_Exc      :      0.04s WALL      6.20% (      66 calls)     0.00s/call
    Pot_KEDF     :      0.19s WALL     29.93% (      66 calls)     0.00s/call
    VWPotSqrPlus :      0.01s WALL      2.28% (      66 calls)     0.00s/call
    NextGradient :      0.00s WALL      0.07% (       7 calls)     0.00s/call
 -----------------------------------------------------------------------------
 ------------------------------- TOTAL ---------------------------------------
    PROFESS      :      0.65s WALL    100.00% (       1 calls)     0.65s/call
 -----------------------------------------------------------------------------

Run completed on: 11/17/2021 at 21:12:16 
  
