 ******************************************************************************
                             WELCOME TO PROFESS                   
            (PRinceton Orbital-Free Electronic Structure Software) 
 ******************************************************************************

 ------------------------------------------------------------------------------
                           READ GEOMETRY
 Cell length (Bohr)    7.810E+00   7.810E+00   7.810E+00
 Angle     (Degree)    9.000E+01   9.000E+01   9.000E+01
 Volume    (Bohr^3)    4.764E+02

 ------------------------------------------------------------------------------
                           READ PSEUDOPOTENTIAL
 Total electron number in ReadPseudo is    11.000000000000000     
 (System) Machine Precision              :    2.2204460492503131E-016

 ------------------------------------------------------------------------------
                           SETUP FFT
 Global FFT Dimension :    18   18   18
 Rank/Size in Global Communicator     :            0 /           1
 Rank/Size in Global FFT Communicator :            0 /           1
 Parallel FFT, totX    =    18
 Parallel FFT, totY    =    18
 Parallel FFT, locZ    =    18
 Parallel FFT, locZoff =     0
 Dimension of rho for this processor : 
 xmin, xmax :            0          17
 ymin, ymax :            0          17
 zmin, zmax :            0          17
 Total electron number =    11.000000000000000     
 Uniform rhoR =    2.3092072476462173E-002
 (GB INFO) FFT size      :       18      18      18
 (GB INFO) FFT offset    :        0
 (GB INFO) FFT G size    :       10      18      18
 (GB INFO) FFT G offset  :        0

 ------------------------------------------------------------------------------
                           SETUP KEDF
 kinetic energy density functional number is            4
 ( 1=TF, 2=VW, 3=TF+VW, 4=WT,  5=WGC,  
   7=LQ, 8=HQ, 10=CAT,  11=HC, 12=WGCD,
   15=GGA, 16=WGCD+GGA, 17=EVT, 18=EVC )
 qTable dimension:    10   18   18
 Coefficient for TF KEDF is     1.0000
 Coefficient for VW KEDF is     1.0000
 Coefficient for alpha in WT KEDF is     0.8333
 Coefficient for beta  in WT KEDF is     0.8333
 rho0 (Electron/Bohr^3) in WGC KEDF is     0.0231
 hold0 =  F
  dV of each real space grid is now    8.1679347169314381E-002
 Cell length (Bohr)    7.810E+00   7.810E+00   7.810E+00
 Angle     (Degree)    9.000E+01   9.000E+01   9.000E+01
 Volume    (Bohr^3)    4.764E+02

 ------------------------------------------------------------------------------
                           SETUP EWALD 
 (Ewald) eta                             :   0.6444    
 (Ewald) Real Space Cutoff               :    7.730     (Bohr)
 (Ewald) Reciprocal Cutoff               :    6.838     (1/Bohr)

 ------------------------------------------------------------------------------
                           SETUP PLANE WAVE 
 Fill the 3D Wang-Teter kernel in G space

 ------------------------------------------------------------------------------
                           REFRESH ION POSITIONS
  
 Calculating Ion-Ion Energy ...                   complete.     0.000 s
  
 Calculating Ion-Electron Potential (spline) ... 
 complete.     0.001 s

 ------------------------------------------------------------------------------
                           DENSITY OPTIMIZATION
 Electron number for spin            1  is    10.999999999998758     
 Cell Volume      :            70.588372 Angstrom^3
 Ion number       :                    4
 Electron number  :            11.000000
 Ion density      :             0.056667 Ion/Angstrom^3
 Electron density :             0.155833 Electron/Angstrom^3
##############################################################################
#                               FINAL ENERGIES                       time    #
##############################################################################
# Thomas-Fermi Kin. Energy =   7.209006392783E+01 eV                 0.000 s #
# Von-Weizsacker Kin. Ener =   7.523517490502E+00 eV                 0.000 s #
# Wang-Teter Kinetic Energ =  -3.095418376018E+00 eV                 0.000 s #
#                                                                            #
#     LDA Exch-Corr Energy =  -7.690552024030E+01 eV                 0.000 s #
#         Coulombic Energy =   1.988924169045E+00 eV                 0.000 s #
#      Ion-Electron Energy =   4.464751775713E+01 eV                 0.000 s #
#           Ion-Ion Energy =  -2.445639170481E+02 eV                 0.000 s #
#                                                                            #
#     TOTAL KINETIC ENERGY =   7.651816304231E+01 eV                         #
#   TOTAL POTENTIAL ENERGY =  -2.748329953622E+02 eV                         #
#             TOTAL ENERGY =  -1.983148323199E+02 eV                         #
##############################################################################
  
 ----------------------------- TIME INFORMATION ------------------------------
    PROFESS      :      0.39s WALL    100.00% (       1 calls)     0.39s/call
    InitPROFESS  :      0.04s WALL     11.43% (       1 calls)     0.04s/call
    KEDFRefresh  :      0.00s WALL      0.05% (       1 calls)     0.00s/call
    IonRefresh   :      0.00s WALL      0.39% (       1 calls)     0.00s/call
    EwaldEnergy  :      0.00s WALL      0.13% (       1 calls)     0.00s/call
    Pot_Ion      :      0.00s WALL      0.07% (      58 calls)     0.00s/call
    Pot_Har      :      0.01s WALL      2.97% (      58 calls)     0.00s/call
    Pot_Exc      :      0.03s WALL      8.63% (      58 calls)     0.00s/call
    Pot_KEDF     :      0.16s WALL     40.43% (      58 calls)     0.00s/call
    VWPotSqrPlus :      0.01s WALL      3.04% (      58 calls)     0.00s/call
    NextGradient :      0.00s WALL      0.10% (       7 calls)     0.00s/call
 -----------------------------------------------------------------------------
 ------------------------------- TOTAL ---------------------------------------
    PROFESS      :      0.39s WALL    100.00% (       1 calls)     0.39s/call
 -----------------------------------------------------------------------------

Run completed on: 11/10/2021 at 11:00:28 
  
