 ******************************************************************************
                             WELCOME TO PROFESS                   
            (PRinceton Orbital-Free Electronic Structure Software) 
 ******************************************************************************

 ------------------------------------------------------------------------------
                           READ GEOMETRY
 Cell length (Bohr)    7.329E+00   7.329E+00   7.329E+00
 Angle     (Degree)    6.000E+01   6.000E+01   6.000E+01
 Volume    (Bohr^3)    2.784E+02

 ------------------------------------------------------------------------------
                           READ PSEUDOPOTENTIAL
 Total electron number in ReadPseudo is    8.0000000000000000     
 (System) Machine Precision              :    2.2204460492503131E-016

 ------------------------------------------------------------------------------
                           SETUP FFT
 Global FFT Dimension :    36   36   36
 Dimension of rho for this processor : 
 xmin, xmax :            0          35
 ymin, ymax :            0          35
 zmin, zmax :            0          35
 Total electron number =    8.0000000000000000     
 Uniform rhoR =    2.8739458051390616E-002
 (GB INFO) FFT size      :       36      36      36
 (GB INFO) FFT offset    :        0
 (GB INFO) FFT G size    :       19      36      36
 (GB INFO) FFT G offset  :        0

 ------------------------------------------------------------------------------
                           SETUP KEDF
 kinetic energy density functional number is           11
 ( 1=TF, 2=VW, 3=TF+VW, 4=WT,  5=WGC,  
   7=LQ, 8=HQ, 10=CAT,  11=HC, 12=WGCD,
   15=GGA, 16=WGCD+GGA, 17=EVT, 18=EVC )
 qTable dimension:    19   36   36
 rhoS=   2.8739458051390616E-002
 rho0=   2.8739458051390616E-002
 coefficients for TF KEDF is     1.000000
 coefficients for VW KEDF is     1.000000
 Lambda in HC10 is set to     0.010000
 ALPHA  in HC10 is set to     1.875667
 BETA   in HC10 is set to     0.791000
 Sum of alpha and beta is     2.666667
  dV of each real space grid is now    5.9662838371463255E-003
 Cell length (Bohr)    7.329E+00   7.329E+00   7.329E+00
 Angle     (Degree)    6.000E+01   6.000E+01   6.000E+01
 Volume    (Bohr^3)    2.784E+02

 ------------------------------------------------------------------------------
                           SETUP EWALD 
 (Ewald) eta                             :    1.200    
 (Ewald) Real Space Cutoff               :    6.000     (Bohr)
 (Ewald) Reciprocal Cutoff               :    15.00     (1/Bohr)

 ------------------------------------------------------------------------------
                           SETUP PLANE WAVE 

 ------------------------------------------------------------------------------
                           REFRESH ION POSITIONS
  
 Calculating Ion-Ion Energy ...                   complete.     0.011 s
  
 Calculating Ion-Electron Potential (spline) ... 
 complete.     0.022 s

 ------------------------------------------------------------------------------
                           DENSITY OPTIMIZATION
 Electron number for spin            1  is    8.0000000000035296     
 Cell Volume      :            41.249131 Angstrom^3
 Ion number       :                    2
 Electron number  :             8.000000
 Ion density      :             0.048486 Ion/Angstrom^3
 Electron density :             0.193943 Electron/Angstrom^3
##############################################################################
#                               FINAL ENERGIES                       time    #
##############################################################################
# Thomas-Fermi Kin. Energy =   8.006200222265E+01 eV                 0.000 s #
# Von-Weizsacker Kin. Ener =   2.631605405723E+01 eV                 0.000 s #
#                                                                            #
# GGA(PBE) Exch-Cor Energy =  -6.697248325722E+01 eV                 0.000 s #
#         Coulombic Energy =   2.196171676128E+01 eV                 0.000 s #
#      Ion-Electron Energy =  -4.710402870542E+01 eV                 0.000 s #
#           Ion-Ion Energy =  -2.362106031867E+02 eV                 0.000 s #
#                                                                            #
#     TOTAL KINETIC ENERGY =   8.539924303287E+01 eV                         #
#   TOTAL POTENTIAL ENERGY =  -3.283253983880E+02 eV                         #
#             TOTAL ENERGY =  -2.429261553551E+02 eV                         #
##############################################################################
  
 ----------------------------- TIME INFORMATION ------------------------------
    PROFESS      :   2390.44s WALL    100.00% (       1 calls)  2390.44s/call
    InitPROFESS  :      0.10s WALL      0.00% (       1 calls)     0.10s/call
    KEDFRefresh  :      0.00s WALL      0.00% (       1 calls)     0.00s/call
    IonRefresh   :      0.04s WALL      0.00% (       1 calls)     0.04s/call
    EwaldEnergy  :      0.01s WALL      0.00% (       1 calls)     0.01s/call
    ForwFFT_3D   :    372.97s WALL     15.60% (   72744 calls)     0.01s/call
    BackFFT_3D   :    205.13s WALL      8.58% (   48978 calls)     0.00s/call
    Pot_Ion      :      2.52s WALL      0.11% (    1327 calls)     0.00s/call
    Pot_Har      :     16.13s WALL      0.67% (    1327 calls)     0.01s/call
    Pot_Exc      :    303.37s WALL     12.69% (    1327 calls)     0.23s/call
    PBEPot       :    300.49s WALL     12.57% (    1327 calls)     0.23s/call
    Pot_KEDF     :   2038.27s WALL     85.27% (    1327 calls)     1.54s/call
    intPot       :   1994.72s WALL     83.45% (    1327 calls)     1.50s/call
    MakeXiG      :     17.48s WALL      0.73% (    1327 calls)     0.01s/call
    intPot1      :    556.51s WALL     23.28% (   14536 calls)     0.04s/call
    MakeHC10Kern :     59.33s WALL      2.48% (   15863 calls)     0.00s/call
    intPot2      :    405.37s WALL     16.96% (   14536 calls)     0.03s/call
    intPot3      :    584.85s WALL     24.47% (   14536 calls)     0.04s/call
    intPot4      :    263.00s WALL     11.00% (   14536 calls)     0.02s/call
    VWPotSqrPlus :     13.83s WALL      0.58% (    1327 calls)     0.01s/call
    NextGradient :      1.13s WALL      0.05% (     103 calls)     0.01s/call
 -----------------------------------------------------------------------------
 ------------------------------- TOTAL ---------------------------------------
    PROFESS      :   2390.44s WALL    100.00% (       1 calls)  2390.44s/call
 -----------------------------------------------------------------------------

Run completed on: 07/31/2024 at 09:54:28 
  
