 ******************************************************************************
                             WELCOME TO PROFESS                   
            (PRinceton Orbital-Free Electronic Structure Software) 
 ******************************************************************************

 ------------------------------------------------------------------------------
                           READ GEOMETRY
 Cell length (Bohr)    5.581E+00   5.581E+00   5.581E+00
 Angle     (Degree)    9.000E+01   9.000E+01   9.000E+01
 Volume    (Bohr^3)    1.738E+02

 ------------------------------------------------------------------------------
                           READ PSEUDOPOTENTIAL
 Total electron number in ReadPseudo is    2.0000000000000000     
 (System) Machine Precision              :    2.2204460492503131E-016

 ------------------------------------------------------------------------------
                           SETUP FFT
 Global FFT Dimension :    14   14   14
 Rank/Size in Global Communicator     :            0 /           1
 Rank/Size in Global FFT Communicator :            0 /           1
 Parallel FFT, totX    =    14
 Parallel FFT, totY    =    14
 Parallel FFT, locZ    =    14
 Parallel FFT, locZoff =     0
 Dimension of rho for this processor : 
 xmin, xmax :            0          13
 ymin, ymax :            0          13
 zmin, zmax :            0          13
 Total electron number =    2.0000000000000000     
 Uniform rhoR =    1.1506558935069250E-002
 (GB INFO) FFT size      :       14      14      14
 (GB INFO) FFT offset    :        0
 (GB INFO) FFT G size    :        8      14      14
 (GB INFO) FFT G offset  :        0

 ------------------------------------------------------------------------------
                           SETUP KEDF
 kinetic energy density functional number is            5
 ( 1=TF, 2=VW, 3=TF+VW, 4=WT,  5=WGC,  
   7=LQ, 8=HQ, 10=CAT,  11=HC, 12=WGCD,
   15=GGA, 16=WGCD+GGA, 17=EVT, 18=EVC )
 qTable dimension:     8   14   14
 Coefficient for TF KEDF is     1.0000
 Coefficient for VW KEDF is     1.0000
 Coefficient for alpha in WGC KEDF is     1.2060
 Coefficient for beta  in WGC KEDF is     0.4607
 Coefficient for gamma in WGC KEDF is     2.7000
 rho0 (Electron/Bohr^3) in WGC KEDF is     0.0115
 rhoS (Electron/Bohr^3) in WGC KEDF is     0.0115
 hold0 =  F
 holdS =  F
  dV of each real space grid is now    6.3343261688734095E-002
 Cell length (Bohr)    5.581E+00   5.581E+00   5.581E+00
 Angle     (Degree)    9.000E+01   9.000E+01   9.000E+01
 Volume    (Bohr^3)    1.738E+02

 ------------------------------------------------------------------------------
                           SETUP EWALD 
 (Ewald) eta                             :   0.7343    
 (Ewald) Real Space Cutoff               :    6.418     (Bohr)
 (Ewald) Reciprocal Cutoff               :    7.318     (1/Bohr)

 ------------------------------------------------------------------------------
                           SETUP PLANE WAVE 

 ------------------------------------------------------------------------------
                           INITIALIZING WGC KERNEL
 Fermi vector :   0.69842882582587984     
 Reference density :    1.1506558935069250E-002
 Make WGC kernels.
 Dimension of KEDF Kernel :            8          14          14

 ------------------------------------------------------------------------------
                           REFRESH ION POSITIONS
  
 Calculating Ion-Ion Energy ...                   complete.     0.000 s
  
 Calculating Ion-Electron Potential (spline) ... 
 complete.     0.000 s

 ------------------------------------------------------------------------------
                           DENSITY OPTIMIZATION
 Electron number for spin            1  is    1.9999999999998970     
 Cell Volume      :            25.756564 Angstrom^3
 Ion number       :                    1
 Electron number  :             2.000000
 Ion density      :             0.038825 Ion/Angstrom^3
 Electron density :             0.077650 Electron/Angstrom^3
##############################################################################
#                               FINAL ENERGIES                       time    #
##############################################################################
# Thomas-Fermi Kin. Energy =   8.178310004568E+00 eV                 0.000 s #
# Von-Weizsacker Kin. Ener =   1.139734827120E+00 eV                 0.000 s #
#       WGC Kinetic Energy =  -3.704187013046E-01 eV                 0.000 s #
#                                                                            #
#     LDA Exch-Corr Energy =  -1.129927976393E+01 eV                 0.000 s #
#         Coulombic Energy =   7.522901576093E-02 eV                 0.000 s #
#      Ion-Electron Energy =   5.650778193118E+00 eV                 0.000 s #
#           Ion-Ion Energy =  -2.766882054781E+01 eV                 0.000 s #
#                                                                            #
#     TOTAL KINETIC ENERGY =   8.947626130384E+00 eV                         #
#   TOTAL POTENTIAL ENERGY =  -3.324209310286E+01 eV                         #
#             TOTAL ENERGY =  -2.429446697248E+01 eV                         #
##############################################################################
  
 ----------------------------- TIME INFORMATION ------------------------------
    PROFESS      :      0.23s WALL    100.00% (       1 calls)     0.23s/call
    InitPROFESS  :      0.03s WALL     12.43% (       1 calls)     0.03s/call
    KEDFRefresh  :      0.01s WALL      4.47% (       1 calls)     0.01s/call
    IonRefresh   :      0.00s WALL      0.36% (       1 calls)     0.00s/call
    EwaldEnergy  :      0.00s WALL      0.17% (       1 calls)     0.00s/call
    Pot_Ion      :      0.00s WALL      0.07% (      60 calls)     0.00s/call
    Pot_Har      :      0.00s WALL      1.69% (      60 calls)     0.00s/call
    Pot_Exc      :      0.02s WALL      8.73% (      60 calls)     0.00s/call
    Pot_KEDF     :      0.10s WALL     42.92% (      60 calls)     0.00s/call
    WGCPotPlus   :      0.08s WALL     32.79% (      60 calls)     0.00s/call
    VWPotSqrPlus :      0.00s WALL      1.46% (      60 calls)     0.00s/call
    NextGradient :      0.00s WALL      0.09% (       6 calls)     0.00s/call
 -----------------------------------------------------------------------------
 ------------------------------- TOTAL ---------------------------------------
    PROFESS      :      0.23s WALL    100.00% (       1 calls)     0.23s/call
 -----------------------------------------------------------------------------

Run completed on: 08/19/2021 at 15:44:00 
  
