 ******************************************************************************
                             WELCOME TO PROFESS                   
            (PRinceton Orbital-Free Electronic Structure Software) 
 ******************************************************************************

 ------------------------------------------------------------------------------
                           READ GEOMETRY
 Cell length (Bohr)    5.170E+00   5.170E+00   8.234E+00
 Angle     (Degree)    9.000E+01   9.000E+01   1.200E+02
 Volume    (Bohr^3)    1.906E+02

 ------------------------------------------------------------------------------
                           READ PSEUDOPOTENTIAL
 Total electron number in ReadPseudo is    8.0000000000000000     
 (System) Machine Precision              :    2.2204460492503131E-016

 ------------------------------------------------------------------------------
                           SETUP FFT
 Global FFT Dimension :    27   27   42
 Dimension of rho for this processor : 
 xmin, xmax :            0          26
 ymin, ymax :            0          26
 zmin, zmax :            0          41
 Total electron number =    8.0000000000000000     
 Uniform rhoR =    4.1971073994280093E-002
 (GB INFO) FFT size      :       27      27      42
 (GB INFO) FFT offset    :        0
 (GB INFO) FFT G size    :       14      27      42
 (GB INFO) FFT G offset  :        0

 ------------------------------------------------------------------------------
                           SETUP KEDF
 kinetic energy density functional number is            5
 ( 1=TF, 2=VW, 3=TF+VW, 4=WT,  5=WGC,  
   7=LQ, 8=HQ, 10=CAT,  11=HC, 12=WGCD,
   15=GGA, 16=WGCD+GGA, 17=EVT, 18=EVC )
 qTable dimension:    14   27   42
 Coefficient for TF KEDF is     1.0000
 Coefficient for VW KEDF is     1.0000
 Coefficient for alpha in WGC KEDF is     1.2060
 Coefficient for beta  in WGC KEDF is     0.4607
 Coefficient for gamma in WGC KEDF is     4.2000
 rho0 (Electron/Bohr^3) in WGC KEDF is     0.0420
 rhoS (Electron/Bohr^3) in WGC KEDF is     0.0420
 hold0 =  F
 holdS =  F
  dV of each real space grid is now    6.2253401458610327E-003
 Cell length (Bohr)    5.170E+00   5.170E+00   8.234E+00
 Angle     (Degree)    9.000E+01   9.000E+01   1.200E+02
 Volume    (Bohr^3)    1.906E+02

 ------------------------------------------------------------------------------
                           SETUP EWALD 
 (Ewald) eta                             :    1.200    
 (Ewald) Real Space Cutoff               :    6.000     (Bohr)
 (Ewald) Reciprocal Cutoff               :    15.64     (1/Bohr)

 ------------------------------------------------------------------------------
                           SETUP PLANE WAVE 

 ------------------------------------------------------------------------------
                           INITIALIZING WGC KERNEL
 Fermi vector :    1.0751202143802030     
 Reference density :    4.1971073994280093E-002
 Make WGC kernels.
 Dimension of KEDF Kernel :           14          27          42

 ------------------------------------------------------------------------------
                           REFRESH ION POSITIONS
  
 Calculating Ion-Ion Energy ...                   complete.     0.004 s
  
 Calculating Ion-Electron Potential (spline) ... 
 complete.     0.008 s

 ------------------------------------------------------------------------------
                           DENSITY OPTIMIZATION
 Electron number for spin            1  is    8.0000000000038494     
 Cell Volume      :            28.245112 Angstrom^3
 Ion number       :                    2
 Electron number  :             8.000000
 Ion density      :             0.070809 Ion/Angstrom^3
 Electron density :             0.283235 Electron/Angstrom^3
##############################################################################
#                               FINAL ENERGIES                       time    #
##############################################################################
# Thomas-Fermi Kin. Energy =   7.768689679356E+01 eV                 0.000 s #
# Von-Weizsacker Kin. Ener =   8.301392193303E+00 eV                 0.000 s #
#       WGC Kinetic Energy =  -3.486701886104E+00 eV                 0.000 s #
#                                                                            #
# GGA(PBE) Exch-Cor Energy =  -6.692206352285E+01 eV                 0.000 s #
#         Coulombic Energy =   7.677490293791E-01 eV                 0.000 s #
#      Ion-Electron Energy =   4.249256143527E+01 eV                 0.000 s #
#           Ion-Ion Energy =  -2.752630213312E+02 eV                 0.000 s #
#                                                                            #
#     TOTAL KINETIC ENERGY =   8.250158710076E+01 eV                         #
#   TOTAL POTENTIAL ENERGY =  -2.989247743894E+02 eV                         #
#             TOTAL ENERGY =  -2.164231872887E+02 eV                         #
##############################################################################
  
 ----------------------------- TIME INFORMATION ------------------------------
    PROFESS      :      8.34s WALL    100.00% (       1 calls)     8.34s/call
    InitPROFESS  :      0.06s WALL      0.71% (       1 calls)     0.06s/call
    KEDFRefresh  :      0.03s WALL      0.32% (       1 calls)     0.03s/call
    IonRefresh   :      0.01s WALL      0.17% (       1 calls)     0.01s/call
    EwaldEnergy  :      0.00s WALL      0.06% (       1 calls)     0.00s/call
    ForwFFT_3D   :      1.44s WALL     17.23% (    1418 calls)     0.00s/call
    BackFFT_3D   :      1.26s WALL     15.15% (    1417 calls)     0.00s/call
    Pot_Ion      :      0.03s WALL      0.34% (     118 calls)     0.00s/call
    Pot_Har      :      0.27s WALL      3.22% (     118 calls)     0.00s/call
    Pot_Exc      :      4.53s WALL     54.29% (     118 calls)     0.04s/call
    PBEPot       :      4.31s WALL     51.74% (     118 calls)     0.04s/call
    Pot_KEDF     :      3.08s WALL     36.95% (     118 calls)     0.03s/call
    WGCPotPlus   :      2.45s WALL     29.42% (     118 calls)     0.02s/call
    VWPotSqrPlus :      0.21s WALL      2.53% (     118 calls)     0.00s/call
    NextGradient :      0.01s WALL      0.09% (       7 calls)     0.00s/call
 -----------------------------------------------------------------------------
 ------------------------------- TOTAL ---------------------------------------
    PROFESS      :      8.34s WALL    100.00% (       1 calls)     8.34s/call
 -----------------------------------------------------------------------------

Run completed on: 07/30/2024 at 16:54:09 
  
