 ******************************************************************************
                             WELCOME TO PROFESS                   
            (PRinceton Orbital-Free Electronic Structure Software) 
 ******************************************************************************

 ------------------------------------------------------------------------------
                           READ GEOMETRY
 Cell length (Bohr)    7.858E+00   7.858E+00   7.858E+00
 Angle     (Degree)    6.000E+01   6.000E+01   6.000E+01
 Volume    (Bohr^3)    3.431E+02

 ------------------------------------------------------------------------------
                           READ PSEUDOPOTENTIAL
 Total electron number in ReadPseudo is    8.0000000000000000     
 (System) Machine Precision              :    2.2204460492503131E-016

 ------------------------------------------------------------------------------
                           SETUP FFT
 Global FFT Dimension :    40   40   40
 Dimension of rho for this processor : 
 xmin, xmax :            0          39
 ymin, ymax :            0          39
 zmin, zmax :            0          39
 Total electron number =    8.0000000000000000     
 Uniform rhoR =    2.3318730665733124E-002
 (GB INFO) FFT size      :       40      40      40
 (GB INFO) FFT offset    :        0
 (GB INFO) FFT G size    :       21      40      40
 (GB INFO) FFT G offset  :        0

 ------------------------------------------------------------------------------
                           SETUP KEDF
 kinetic energy density functional number is           11
 ( 1=TF, 2=VW, 3=TF+VW, 4=WT,  5=WGC,  
   7=LQ, 8=HQ, 10=CAT,  11=HC, 12=WGCD,
   15=GGA, 16=WGCD+GGA, 17=EVT, 18=EVC )
 qTable dimension:    21   40   40
 rhoS=   2.3318730665733124E-002
 rho0=   2.3318730665733124E-002
 coefficients for TF KEDF is     1.000000
 coefficients for VW KEDF is     1.000000
 Lambda in HC10 is set to     0.012000
 ALPHA  in HC10 is set to     1.781667
 BETA   in HC10 is set to     0.885000
 Sum of alpha and beta is     2.666667
  dV of each real space grid is now    5.3604976099186864E-003
 Cell length (Bohr)    7.858E+00   7.858E+00   7.858E+00
 Angle     (Degree)    6.000E+01   6.000E+01   6.000E+01
 Volume    (Bohr^3)    3.431E+02

 ------------------------------------------------------------------------------
                           SETUP EWALD 
 (Ewald) eta                             :    1.200    
 (Ewald) Real Space Cutoff               :    6.000     (Bohr)
 (Ewald) Reciprocal Cutoff               :    15.59     (1/Bohr)

 ------------------------------------------------------------------------------
                           SETUP PLANE WAVE 

 ------------------------------------------------------------------------------
                           REFRESH ION POSITIONS
  
 Calculating Ion-Ion Energy ...                   complete.     0.050 s
  
 Calculating Ion-Electron Potential (spline) ... 
 complete.     0.074 s

 ------------------------------------------------------------------------------
                           DENSITY OPTIMIZATION
 Electron number for spin            1  is    8.0000000000091962     
 Cell Volume      :            50.838002 Angstrom^3
 Ion number       :                    2
 Electron number  :             8.000000
 Ion density      :             0.039341 Ion/Angstrom^3
 Electron density :             0.157363 Electron/Angstrom^3
##############################################################################
#                               FINAL ENERGIES                       time    #
##############################################################################
# Thomas-Fermi Kin. Energy =   7.450518844734E+01 eV                 0.000 s #
# Von-Weizsacker Kin. Ener =   2.703832891953E+01 eV                 0.000 s #
#                                                                            #
# GGA(PBE) Exch-Cor Energy =  -6.452595501779E+01 eV                 0.000 s #
#         Coulombic Energy =   2.629686881891E+01 eV                 0.000 s #
#      Ion-Electron Energy =  -5.718114148902E+01 eV                 0.000 s #
#           Ion-Ion Energy =  -2.203136975279E+02 eV                 0.000 s #
#                                                                            #
#     TOTAL KINETIC ENERGY =   7.944500642480E+01 eV                         #
#   TOTAL POTENTIAL ENERGY =  -3.157239252158E+02 eV                         #
#             TOTAL ENERGY =  -2.362789187910E+02 eV                         #
##############################################################################
  
 ----------------------------- TIME INFORMATION ------------------------------
    PROFESS      :   4361.53s WALL    100.00% (       1 calls)  4361.53s/call
    InitPROFESS  :      0.26s WALL      0.01% (       1 calls)     0.26s/call
    KEDFRefresh  :      0.01s WALL      0.00% (       1 calls)     0.01s/call
    IonRefresh   :      0.16s WALL      0.00% (       1 calls)     0.16s/call
    EwaldEnergy  :      0.05s WALL      0.00% (       1 calls)     0.05s/call
    ForwFFT_3D   :    781.41s WALL     17.92% (  105145 calls)     0.01s/call
    BackFFT_3D   :    383.39s WALL      8.79% (   65891 calls)     0.01s/call
    Pot_Ion      :      3.17s WALL      0.07% (    1402 calls)     0.00s/call
    Pot_Har      :     22.83s WALL      0.52% (    1402 calls)     0.02s/call
    Pot_Exc      :    416.07s WALL      9.54% (    1402 calls)     0.30s/call
    PBEPot       :    412.74s WALL      9.46% (    1402 calls)     0.29s/call
    Pot_KEDF     :   3879.24s WALL     88.94% (    1402 calls)     2.77s/call
    intPot       :   3821.64s WALL     87.62% (    1402 calls)     2.73s/call
    MakeXiG      :     21.94s WALL      0.50% (    1402 calls)     0.02s/call
    intPot1      :   1067.61s WALL     24.48% (   22430 calls)     0.05s/call
    MakeHC10Kern :     98.26s WALL      2.25% (   23832 calls)     0.00s/call
    intPot2      :    795.66s WALL     18.24% (   22430 calls)     0.04s/call
    intPot3      :   1215.03s WALL     27.86% (   22430 calls)     0.05s/call
    intPot4      :    498.26s WALL     11.42% (   22430 calls)     0.02s/call
    VWPotSqrPlus :     19.78s WALL      0.45% (    1402 calls)     0.01s/call
    NextGradient :      2.20s WALL      0.05% (     137 calls)     0.02s/call
 -----------------------------------------------------------------------------
 ------------------------------- TOTAL ---------------------------------------
    PROFESS      :   4361.53s WALL    100.00% (       1 calls)  4361.53s/call
 -----------------------------------------------------------------------------

Run completed on: 07/31/2024 at 11:28:35 
  
