 ******************************************************************************
                             WELCOME TO PROFESS                   
            (PRinceton Orbital-Free Electronic Structure Software) 
 ******************************************************************************

 ------------------------------------------------------------------------------
                           READ GEOMETRY
 Cell length (Bohr)    8.147E+00   8.147E+00   1.340E+01
 Angle     (Degree)    9.000E+01   9.000E+01   1.200E+02
 Volume    (Bohr^3)    7.701E+02

 ------------------------------------------------------------------------------
                           READ PSEUDOPOTENTIAL
 Total electron number in ReadPseudo is    16.000000000000000     
 (System) Machine Precision              :    2.2204460492503131E-016

 ------------------------------------------------------------------------------
                           SETUP FFT
 Global FFT Dimension :    40   40   70
 Dimension of rho for this processor : 
 xmin, xmax :            0          39
 ymin, ymax :            0          39
 zmin, zmax :            0          69
 Total electron number =    16.000000000000000     
 Uniform rhoR =    2.0777071276260974E-002
 (GB INFO) FFT size      :       40      40      70
 (GB INFO) FFT offset    :        0
 (GB INFO) FFT G size    :       21      40      70
 (GB INFO) FFT G offset  :        0

 ------------------------------------------------------------------------------
                           SETUP KEDF
 kinetic energy density functional number is            5
 ( 1=TF, 2=VW, 3=TF+VW, 4=WT,  5=WGC,  
   7=LQ, 8=HQ, 10=CAT,  11=HC, 12=WGCD,
   15=GGA, 16=WGCD+GGA, 17=EVT, 18=EVC )
 qTable dimension:    21   40   70
 Coefficient for TF KEDF is     1.0000
 Coefficient for VW KEDF is     1.0000
 Coefficient for alpha in WGC KEDF is     1.2060
 Coefficient for beta  in WGC KEDF is     0.4607
 Coefficient for gamma in WGC KEDF is     4.2000
 rho0 (Electron/Bohr^3) in WGC KEDF is     0.0208
 rhoS (Electron/Bohr^3) in WGC KEDF is     0.0208
 hold0 =  F
 holdS =  F
  dV of each real space grid is now    6.8757112567816789E-003
 Cell length (Bohr)    8.147E+00   8.147E+00   1.340E+01
 Angle     (Degree)    9.000E+01   9.000E+01   1.200E+02
 Volume    (Bohr^3)    7.701E+02

 ------------------------------------------------------------------------------
                           SETUP EWALD 
 (Ewald) eta                             :    1.200    
 (Ewald) Real Space Cutoff               :    6.000     (Bohr)
 (Ewald) Reciprocal Cutoff               :    15.04     (1/Bohr)

 ------------------------------------------------------------------------------
                           SETUP PLANE WAVE 

 ------------------------------------------------------------------------------
                           INITIALIZING WGC KERNEL
 Fermi vector :   0.85048849536910209     
 Reference density :    2.0777071276260974E-002
 Make WGC kernels.
 Dimension of KEDF Kernel :           21          40          70

 ------------------------------------------------------------------------------
                           REFRESH ION POSITIONS
  
 Calculating Ion-Ion Energy ...                   complete.     0.034 s
  
 Calculating Ion-Electron Potential (spline) ... 
 complete.     0.048 s

 ------------------------------------------------------------------------------
                           DENSITY OPTIMIZATION
 Electron number for spin            1  is    16.000000000045862     
 Cell Volume      :           114.114031 Angstrom^3
 Ion number       :                    4
 Electron number  :            16.000000
 Ion density      :             0.035053 Ion/Angstrom^3
 Electron density :             0.140211 Electron/Angstrom^3
  
 ----------------------------- TIME INFORMATION ------------------------------
    PROFESS      :     24.13s WALL    100.00% (       1 calls)    24.13s/call
    InitPROFESS  :      0.19s WALL      0.77% (       1 calls)     0.19s/call
    KEDFRefresh  :      0.06s WALL      0.24% (       1 calls)     0.06s/call
    IonRefresh   :      0.09s WALL      0.39% (       1 calls)     0.09s/call
    EwaldEnergy  :      0.04s WALL      0.15% (       1 calls)     0.04s/call
    ForwFFT_3D   :      4.60s WALL     19.07% (     987 calls)     0.00s/call
    BackFFT_3D   :      3.30s WALL     13.67% (     985 calls)     0.00s/call
    Pot_Ion      :      0.07s WALL      0.28% (      82 calls)     0.00s/call
    Pot_Har      :      0.76s WALL      3.14% (      82 calls)     0.01s/call
    Pot_Exc      :     13.51s WALL     55.98% (      82 calls)     0.16s/call
    PBEPot       :     12.96s WALL     53.72% (      82 calls)     0.16s/call
    Pot_KEDF     :      8.58s WALL     35.55% (      82 calls)     0.10s/call
    WGCPotPlus   :      6.81s WALL     28.21% (      82 calls)     0.08s/call
    VWPotSqrPlus :      0.61s WALL      2.53% (      82 calls)     0.01s/call
    NextGradient :      0.02s WALL      0.10% (       8 calls)     0.00s/call
 -----------------------------------------------------------------------------
