 ******************************************************************************
                             WELCOME TO PROFESS                   
            (PRinceton Orbital-Free Electronic Structure Software) 
 ******************************************************************************

 ------------------------------------------------------------------------------
                           READ GEOMETRY
 Cell length (Bohr)    7.317E+00   7.317E+00   7.317E+00
 Angle     (Degree)    6.000E+01   6.000E+01   6.000E+01
 Volume    (Bohr^3)    2.770E+02

 ------------------------------------------------------------------------------
                           READ PSEUDOPOTENTIAL
 Total electron number in ReadPseudo is    8.0000000000000000     
 (System) Machine Precision              :    2.2204460492503131E-016

 ------------------------------------------------------------------------------
                           SETUP FFT
 Global FFT Dimension :    36   36   36
 Dimension of rho for this processor : 
 xmin, xmax :            0          35
 ymin, ymax :            0          35
 zmin, zmax :            0          35
 Total electron number =    8.0000000000000000     
 Uniform rhoR =    2.8878146747935984E-002
 (GB INFO) FFT size      :       36      36      36
 (GB INFO) FFT offset    :        0
 (GB INFO) FFT G size    :       19      36      36
 (GB INFO) FFT G offset  :        0

 ------------------------------------------------------------------------------
                           SETUP KEDF
 kinetic energy density functional number is            5
 ( 1=TF, 2=VW, 3=TF+VW, 4=WT,  5=WGC,  
   7=LQ, 8=HQ, 10=CAT,  11=HC, 12=WGCD,
   15=GGA, 16=WGCD+GGA, 17=EVT, 18=EVC )
 qTable dimension:    19   36   36
 Coefficient for TF KEDF is     1.0000
 Coefficient for VW KEDF is     1.0000
 Coefficient for alpha in WGC KEDF is     1.2060
 Coefficient for beta  in WGC KEDF is     0.4607
 Coefficient for gamma in WGC KEDF is     4.2000
 rho0 (Electron/Bohr^3) in WGC KEDF is     0.0289
 rhoS (Electron/Bohr^3) in WGC KEDF is     0.0289
 hold0 =  F
 holdS =  F
  dV of each real space grid is now    5.9376304704391054E-003
 Cell length (Bohr)    7.317E+00   7.317E+00   7.317E+00
 Angle     (Degree)    6.000E+01   6.000E+01   6.000E+01
 Volume    (Bohr^3)    2.770E+02

 ------------------------------------------------------------------------------
                           SETUP EWALD 
 (Ewald) eta                             :    1.200    
 (Ewald) Real Space Cutoff               :    6.000     (Bohr)
 (Ewald) Reciprocal Cutoff               :    15.03     (1/Bohr)

 ------------------------------------------------------------------------------
                           SETUP PLANE WAVE 

 ------------------------------------------------------------------------------
                           INITIALIZING WGC KERNEL
 Fermi vector :   0.94913962831789533     
 Reference density :    2.8878146747935984E-002
 Make WGC kernels.
 Dimension of KEDF Kernel :           19          36          36

 ------------------------------------------------------------------------------
                           REFRESH ION POSITIONS
  
 Calculating Ion-Ion Energy ...                   complete.     0.005 s
  
 Calculating Ion-Electron Potential (spline) ... 
 complete.     0.010 s

 ------------------------------------------------------------------------------
                           DENSITY OPTIMIZATION
 Electron number for spin            1  is    8.0000000000045066     
 Cell Volume      :            41.051030 Angstrom^3
 Ion number       :                    2
 Electron number  :             8.000000
 Ion density      :             0.048720 Ion/Angstrom^3
 Electron density :             0.194879 Electron/Angstrom^3
##############################################################################
#                               FINAL ENERGIES                       time    #
##############################################################################
# Thomas-Fermi Kin. Energy =   7.734387724534E+01 eV                 0.000 s #
# Von-Weizsacker Kin. Ener =   2.419679886267E+01 eV                 0.000 s #
#       WGC Kinetic Energy =  -1.725320372822E+01 eV                 0.000 s #
#                                                                            #
# GGA(PBE) Exch-Cor Energy =  -6.573782769618E+01 eV                 0.000 s #
#         Coulombic Energy =   1.768404388378E+01 eV                 0.000 s #
#      Ion-Electron Energy =  -2.697500652504E+01 eV                 0.000 s #
#           Ion-Ion Energy =  -2.365899560255E+02 eV                 0.000 s #
#                                                                            #
#     TOTAL KINETIC ENERGY =   8.428747237978E+01 eV                         #
#   TOTAL POTENTIAL ENERGY =  -3.116187463630E+02 eV                         #
#             TOTAL ENERGY =  -2.273312739832E+02 eV                         #
##############################################################################
  
 ----------------------------- TIME INFORMATION ------------------------------
    PROFESS      :     25.08s WALL    100.00% (       1 calls)    25.08s/call
    InitPROFESS  :      0.08s WALL      0.34% (       1 calls)     0.08s/call
    KEDFRefresh  :      0.03s WALL      0.12% (       1 calls)     0.03s/call
    IonRefresh   :      0.02s WALL      0.07% (       1 calls)     0.02s/call
    EwaldEnergy  :      0.01s WALL      0.02% (       1 calls)     0.01s/call
    ForwFFT_3D   :      4.48s WALL     17.86% (    2955 calls)     0.00s/call
    BackFFT_3D   :      3.67s WALL     14.62% (    2953 calls)     0.00s/call
    Pot_Ion      :      0.09s WALL      0.34% (     246 calls)     0.00s/call
    Pot_Har      :      0.80s WALL      3.21% (     246 calls)     0.00s/call
    Pot_Exc      :     13.08s WALL     52.13% (     246 calls)     0.05s/call
    PBEPot       :     12.21s WALL     48.68% (     246 calls)     0.05s/call
    Pot_KEDF     :      9.76s WALL     38.91% (     246 calls)     0.04s/call
    WGCPotPlus   :      7.80s WALL     31.11% (     246 calls)     0.03s/call
    VWPotSqrPlus :      0.62s WALL      2.46% (     246 calls)     0.00s/call
    NextGradient :      0.02s WALL      0.07% (       9 calls)     0.00s/call
 -----------------------------------------------------------------------------
 ------------------------------- TOTAL ---------------------------------------
    PROFESS      :     25.08s WALL    100.00% (       1 calls)    25.08s/call
 -----------------------------------------------------------------------------

Run completed on: 07/30/2024 at 20:42:04 
  
