 ******************************************************************************
                             WELCOME TO PROFESS                   
            (PRinceton Orbital-Free Electronic Structure Software) 
 ******************************************************************************

 ------------------------------------------------------------------------------
                           READ GEOMETRY
 Cell length (Bohr)    8.565E+00   1.483E+01   1.410E+01
 Angle     (Degree)    9.000E+01   9.000E+01   9.000E+01
 Volume    (Bohr^3)    1.791E+03

 ------------------------------------------------------------------------------
                           READ PSEUDOPOTENTIAL
 Total electron number in ReadPseudo is    32.000000000000000     
 (System) Machine Precision              :    2.2204460492503131E-016

 ------------------------------------------------------------------------------
                           SETUP FFT
 Global FFT Dimension :    42   75   70
 Dimension of rho for this processor : 
 xmin, xmax :            0          41
 ymin, ymax :            0          74
 zmin, zmax :            0          69
 Total electron number =    32.000000000000000     
 Uniform rhoR =    1.7866352495674108E-002
 (GB INFO) FFT size      :       42      75      70
 (GB INFO) FFT offset    :        0
 (GB INFO) FFT G size    :       22      75      70
 (GB INFO) FFT G offset  :        0

 ------------------------------------------------------------------------------
                           SETUP KEDF
 kinetic energy density functional number is           11
 ( 1=TF, 2=VW, 3=TF+VW, 4=WT,  5=WGC,  
   7=LQ, 8=HQ, 10=CAT,  11=HC, 12=WGCD,
   15=GGA, 16=WGCD+GGA, 17=EVT, 18=EVC )
 qTable dimension:    22   75   70
 rhoS=   1.7866352495674108E-002
 rho0=   1.7866352495674108E-002
 coefficients for TF KEDF is     1.000000
 coefficients for VW KEDF is     1.000000
 Lambda in HC10 is set to     0.012000
 ALPHA  in HC10 is set to     1.856667
 BETA   in HC10 is set to     0.810000
 Sum of alpha and beta is     2.666667
  dV of each real space grid is now    8.1227948787211228E-003
 Cell length (Bohr)    8.565E+00   1.483E+01   1.410E+01
 Angle     (Degree)    9.000E+01   9.000E+01   9.000E+01
 Volume    (Bohr^3)    1.791E+03

 ------------------------------------------------------------------------------
                           SETUP EWALD 
 (Ewald) eta                             :    1.200    
 (Ewald) Real Space Cutoff               :    6.000     (Bohr)
 (Ewald) Reciprocal Cutoff               :    15.04     (1/Bohr)

 ------------------------------------------------------------------------------
                           SETUP PLANE WAVE 

 ------------------------------------------------------------------------------
                           REFRESH ION POSITIONS
  
 Calculating Ion-Ion Energy ...                   complete.     0.097 s
  
 Calculating Ion-Electron Potential (spline) ... 
 complete.     0.204 s

 ------------------------------------------------------------------------------
                           DENSITY OPTIMIZATION
 Electron number for spin            1  is    32.000000000087056     
 Cell Volume      :           265.410117 Angstrom^3
 Ion number       :                    8
 Electron number  :            32.000000
 Ion density      :             0.030142 Ion/Angstrom^3
 Electron density :             0.120568 Electron/Angstrom^3
##############################################################################
#                               FINAL ENERGIES                       time    #
##############################################################################
# Thomas-Fermi Kin. Energy =   2.259668946641E+02 eV                 0.000 s #
# Von-Weizsacker Kin. Ener =   8.122201061285E+01 eV                 0.000 s #
#                                                                            #
# GGA(PBE) Exch-Cor Energy =  -2.291891127177E+02 eV                 0.000 s #
#         Coulombic Energy =   6.291722559232E+01 eV                 0.000 s #
#      Ion-Electron Energy =  -7.884724883964E+01 eV                 0.000 s #
#           Ion-Ion Energy =  -8.054103571762E+02 eV                 0.000 s #
#                                                                            #
#     TOTAL KINETIC ENERGY =   2.463117202529E+02 eV                         #
#   TOTAL POTENTIAL ENERGY =  -1.050529493141E+03 eV                         #
#             TOTAL ENERGY =  -8.042177728884E+02 eV                         #
##############################################################################
  
 ----------------------------- TIME INFORMATION ------------------------------
    PROFESS      :   9419.61s WALL    100.00% (       1 calls)  9419.61s/call
    InitPROFESS  :      0.45s WALL      0.00% (       1 calls)     0.45s/call
    KEDFRefresh  :      0.01s WALL      0.00% (       1 calls)     0.01s/call
    IonRefresh   :      0.36s WALL      0.00% (       1 calls)     0.36s/call
    EwaldEnergy  :      0.10s WALL      0.00% (       1 calls)     0.10s/call
    ForwFFT_3D   :   2232.42s WALL     23.70% (   71589 calls)     0.03s/call
    BackFFT_3D   :   1186.62s WALL     12.60% (   44361 calls)     0.03s/call
    Pot_Ion      :      5.21s WALL      0.06% (     902 calls)     0.01s/call
    Pot_Har      :     62.41s WALL      0.66% (     902 calls)     0.07s/call
    Pot_Exc      :   1117.34s WALL     11.86% (     902 calls)     1.24s/call
    PBEPot       :   1111.16s WALL     11.80% (     902 calls)     1.23s/call
    Pot_KEDF     :   8154.19s WALL     86.57% (     902 calls)     9.04s/call
    intPot       :   8031.90s WALL     85.27% (     902 calls)     8.90s/call
    MakeXiG      :     36.43s WALL      0.39% (     902 calls)     0.04s/call
    VWPotSqrPlus :     59.27s WALL      0.63% (     902 calls)     0.07s/call
    intPot1      :   2248.45s WALL     23.87% (   15416 calls)     0.15s/call
    MakeHC10Kern :    161.90s WALL      1.72% (   16317 calls)     0.01s/call
    intPot2      :   1464.19s WALL     15.54% (   15416 calls)     0.09s/call
    intPot3      :   2868.56s WALL     30.45% (   15416 calls)     0.19s/call
    intPot4      :    899.62s WALL      9.55% (   15416 calls)     0.06s/call
    NextGradient :      4.21s WALL      0.04% (      85 calls)     0.05s/call
 -----------------------------------------------------------------------------
 ------------------------------- TOTAL ---------------------------------------
    PROFESS      :   9419.61s WALL    100.00% (       1 calls)  9419.61s/call
 -----------------------------------------------------------------------------

Run completed on: 07/31/2024 at 04:00:53 
  
