 ******************************************************************************
                             WELCOME TO PROFESS                   
            (PRinceton Orbital-Free Electronic Structure Software) 
 ******************************************************************************

 ------------------------------------------------------------------------------
                           READ GEOMETRY
 Cell length (Bohr)    7.447E+00   7.447E+00   1.222E+01
 Angle     (Degree)    9.000E+01   9.000E+01   1.200E+02
 Volume    (Bohr^3)    5.870E+02

 ------------------------------------------------------------------------------
                           READ PSEUDOPOTENTIAL
 Total electron number in ReadPseudo is    16.000000000000000     
 (System) Machine Precision              :    2.2204460492503131E-016

 ------------------------------------------------------------------------------
                           SETUP FFT
 Global FFT Dimension :    40   40   60
 Dimension of rho for this processor : 
 xmin, xmax :            0          39
 ymin, ymax :            0          39
 zmin, zmax :            0          59
 Total electron number =    16.000000000000000     
 Uniform rhoR =    2.7254998452570064E-002
 (GB INFO) FFT size      :       40      40      60
 (GB INFO) FFT offset    :        0
 (GB INFO) FFT G size    :       21      40      60
 (GB INFO) FFT G offset  :        0

 ------------------------------------------------------------------------------
                           SETUP KEDF
 kinetic energy density functional number is           11
 ( 1=TF, 2=VW, 3=TF+VW, 4=WT,  5=WGC,  
   7=LQ, 8=HQ, 10=CAT,  11=HC, 12=WGCD,
   15=GGA, 16=WGCD+GGA, 17=EVT, 18=EVC )
 qTable dimension:    21   40   60
 rhoS=   2.7254998452570064E-002
 rho0=   2.7254998452570064E-002
 coefficients for TF KEDF is     1.000000
 coefficients for VW KEDF is     1.000000
 Lambda in HC10 is set to     0.012000
 ALPHA  in HC10 is set to     1.821667
 BETA   in HC10 is set to     0.845000
 Sum of alpha and beta is     2.666667
  dV of each real space grid is now    6.1150862641472835E-003
 Cell length (Bohr)    7.447E+00   7.447E+00   1.222E+01
 Angle     (Degree)    9.000E+01   9.000E+01   1.200E+02
 Volume    (Bohr^3)    5.870E+02

 ------------------------------------------------------------------------------
                           SETUP EWALD 
 (Ewald) eta                             :    1.200    
 (Ewald) Real Space Cutoff               :    6.000     (Bohr)
 (Ewald) Reciprocal Cutoff               :    15.16     (1/Bohr)

 ------------------------------------------------------------------------------
                           SETUP PLANE WAVE 

 ------------------------------------------------------------------------------
                           REFRESH ION POSITIONS
  
 Calculating Ion-Ion Energy ...                   complete.     0.006 s
  
 Calculating Ion-Electron Potential (spline) ... 
 complete.     0.017 s

 ------------------------------------------------------------------------------
                           DENSITY OPTIMIZATION
 Electron number for spin            1  is    15.999999999963190     
 Cell Volume      :            86.991579 Angstrom^3
 Ion number       :                    4
 Electron number  :            16.000000
 Ion density      :             0.045981 Ion/Angstrom^3
 Electron density :             0.183926 Electron/Angstrom^3
##############################################################################
#                               FINAL ENERGIES                       time    #
##############################################################################
# Thomas-Fermi Kin. Energy =   1.568815423948E+02 eV                 0.000 s #
# Von-Weizsacker Kin. Ener =   5.179501645549E+01 eV                 0.000 s #
#                                                                            #
# GGA(PBE) Exch-Cor Energy =  -1.325016031615E+02 eV                 0.000 s #
#         Coulombic Energy =   4.647485479448E+01 eV                 0.000 s #
#      Ion-Electron Energy =  -9.875765282843E+01 eV                 0.000 s #
#           Ion-Ion Energy =  -4.635503348651E+02 eV                 0.000 s #
#                                                                            #
#     TOTAL KINETIC ENERGY =   1.661581364577E+02 eV                         #
#   TOTAL POTENTIAL ENERGY =  -6.483347360606E+02 eV                         #
#             TOTAL ENERGY =  -4.821765996029E+02 eV                         #
##############################################################################
  
 ----------------------------- TIME INFORMATION ------------------------------
    PROFESS      :   4345.35s WALL    100.00% (       1 calls)  4345.35s/call
    InitPROFESS  :      0.06s WALL      0.00% (       1 calls)     0.06s/call
    KEDFRefresh  :      0.00s WALL      0.00% (       1 calls)     0.00s/call
    IonRefresh   :      0.03s WALL      0.00% (       1 calls)     0.03s/call
    EwaldEnergy  :      0.01s WALL      0.00% (       1 calls)     0.01s/call
    ForwFFT_3D   :    882.88s WALL     20.32% (  118075 calls)     0.01s/call
    BackFFT_3D   :    398.02s WALL      9.16% (   75757 calls)     0.01s/call
    Pot_Ion      :      3.21s WALL      0.07% (    1760 calls)     0.00s/call
    Pot_Har      :     26.83s WALL      0.62% (    1760 calls)     0.02s/call
    Pot_Exc      :    519.27s WALL     11.95% (    1760 calls)     0.30s/call
    PBEPot       :    515.51s WALL     11.86% (    1760 calls)     0.29s/call
    Pot_KEDF     :   3750.96s WALL     86.32% (    1760 calls)     2.13s/call
    intPot       :   3684.25s WALL     84.79% (    1760 calls)     2.09s/call
    MakeXiG      :     24.54s WALL      0.56% (    1760 calls)     0.01s/call
    intPot1      :    999.24s WALL     23.00% (   24678 calls)     0.04s/call
    MakeHC10Kern :    107.81s WALL      2.48% (   26438 calls)     0.00s/call
    intPot2      :    721.36s WALL     16.60% (   24678 calls)     0.03s/call
    intPot3      :   1224.58s WALL     28.18% (   24678 calls)     0.05s/call
    intPot4      :    455.09s WALL     10.47% (   24678 calls)     0.02s/call
    VWPotSqrPlus :     24.15s WALL      0.56% (    1760 calls)     0.01s/call
    NextGradient :      2.36s WALL      0.05% (     167 calls)     0.01s/call
 -----------------------------------------------------------------------------
 ------------------------------- TOTAL ---------------------------------------
    PROFESS      :   4345.35s WALL    100.00% (       1 calls)  4345.35s/call
 -----------------------------------------------------------------------------

Run completed on: 07/31/2024 at 00:56:12 
  
