 ******************************************************************************
                             WELCOME TO PROFESS                   
            (PRinceton Orbital-Free Electronic Structure Software) 
 ******************************************************************************

 ------------------------------------------------------------------------------
                           READ GEOMETRY
 Cell length (Bohr)    5.196E+00   5.196E+00   5.196E+00
 Angle     (Degree)    1.095E+02   1.095E+02   1.095E+02
 Volume    (Bohr^3)    1.080E+02

 ------------------------------------------------------------------------------
                           READ PSEUDOPOTENTIAL
 Total electron number in ReadPseudo is    3.0000000000000000     
 (System) Machine Precision              :    2.2204460492503131E-016

 ------------------------------------------------------------------------------
                           SETUP FFT
 Global FFT Dimension :    14   14   14
 Rank/Size in Global Communicator     :            0 /           1
 Rank/Size in Global FFT Communicator :            0 /           1
 Parallel FFT, totX    =    14
 Parallel FFT, totY    =    14
 Parallel FFT, locZ    =    14
 Parallel FFT, locZoff =     0
 Dimension of rho for this processor : 
 xmin, xmax :            0          13
 ymin, ymax :            0          13
 zmin, zmax :            0          13
 Total electron number =    3.0000000000000000     
 Uniform rhoR =    2.7774700634658062E-002
 (GB INFO) FFT size      :       14      14      14
 (GB INFO) FFT offset    :        0
 (GB INFO) FFT G size    :        8      14      14
 (GB INFO) FFT G offset  :        0

 ------------------------------------------------------------------------------
                           SETUP KEDF
 kinetic energy density functional number is            4
 ( 1=TF, 2=VW, 3=TF+VW, 4=WT,  5=WGC,  
   7=LQ, 8=HQ, 10=CAT,  11=HC, 12=WGCD,
   15=GGA, 16=WGCD+GGA, 17=EVT, 18=EVC )
 qTable dimension:     8   14   14
 Coefficient for TF KEDF is     1.0000
 Coefficient for VW KEDF is     1.0000
 Coefficient for alpha in WT KEDF is     0.8333
 Coefficient for beta  in WT KEDF is     0.8333
 rho0 (Electron/Bohr^3) in WGC KEDF is     0.0278
 hold0 =  F
  dV of each real space grid is now    3.9362961099827502E-002
 Cell length (Bohr)    5.196E+00   5.196E+00   5.196E+00
 Angle     (Degree)    1.095E+02   1.095E+02   1.095E+02
 Volume    (Bohr^3)    1.080E+02

 ------------------------------------------------------------------------------
                           SETUP EWALD 
 (Ewald) eta                             :   0.7767    
 (Ewald) Real Space Cutoff               :    6.222     (Bohr)
 (Ewald) Reciprocal Cutoff               :    7.860     (1/Bohr)

 ------------------------------------------------------------------------------
                           SETUP PLANE WAVE 
 Read in WT kernel.
 kernel file name  : 3PROFESS_KERNEL.dat           
 KEDF type         :     4
 Fermi vector      :   1.182014212099E+00
 Reference density :  -1.000000000000E+00
 Mesh points       :   200002
 Fermi vector in this cell is    1.8737865815771364     
 Fermi vector from kernel file is    1.1820142120987149     
 First qNorm is    0.0000000000000000     
 size of Wang-Teter kernel in this run is            8          14          14
 Max |G| in this calculation is   2.539225340285E+01
 Max eta used from kernel is   1.355130496317E+01

 ------------------------------------------------------------------------------
                           REFRESH ION POSITIONS
  
 Calculating Ion-Ion Energy ...                   complete.     0.000 s
  
 Calculating Ion-Electron Potential (spline) ... 
 complete.     0.000 s

 ------------------------------------------------------------------------------
                           DENSITY OPTIMIZATION
 Electron number for spin            1  is    2.9999999999999378     
 Cell Volume      :            16.005722 Angstrom^3
 Ion number       :                    1
 Electron number  :             3.000000
 Ion density      :             0.062478 Ion/Angstrom^3
 Electron density :             0.187433 Electron/Angstrom^3
##############################################################################
#                               FINAL ENERGIES                       time    #
##############################################################################
# Thomas-Fermi Kin. Energy =   2.181148826923E+01 eV                 0.000 s #
# Von-Weizsacker Kin. Ener =   1.751196275017E+00 eV                 0.000 s #
# Wang-Teter Kinetic Energ =  -5.731659371154E-01 eV                 0.000 s #
#                                                                            #
#     LDA Exch-Corr Energy =  -2.202088587269E+01 eV                 0.000 s #
#         Coulombic Energy =   7.370361729313E-02 eV                 0.000 s #
#      Ion-Electron Energy =   1.536933715326E+01 eV                 0.000 s #
#           Ion-Ion Energy =  -7.426868995652E+01 eV                 0.000 s #
#                                                                            #
#     TOTAL KINETIC ENERGY =   2.298951860714E+01 eV                         #
#   TOTAL POTENTIAL ENERGY =  -8.084653505866E+01 eV                         #
#             TOTAL ENERGY =  -5.785701645152E+01 eV                         #
##############################################################################
  
 ----------------------------- TIME INFORMATION ------------------------------
    PROFESS      :      0.84s WALL    100.00% (       1 calls)     0.84s/call
    InitPROFESS  :      0.43s WALL     50.86% (       1 calls)     0.43s/call
    KEDFRefresh  :      0.40s WALL     47.26% (       1 calls)     0.40s/call
    IonRefresh   :      0.00s WALL      0.09% (       1 calls)     0.00s/call
    EwaldEnergy  :      0.00s WALL      0.04% (       1 calls)     0.00s/call
    Pot_Ion      :      0.00s WALL      0.03% (      68 calls)     0.00s/call
    Pot_Har      :      0.01s WALL      0.70% (      68 calls)     0.00s/call
    Pot_Exc      :      0.02s WALL      2.93% (      68 calls)     0.00s/call
    Pot_KEDF     :      0.12s WALL     13.73% (      68 calls)     0.00s/call
    VWPotSqrPlus :      0.01s WALL      0.68% (      68 calls)     0.00s/call
    NextGradient :      0.00s WALL      0.03% (       6 calls)     0.00s/call
 -----------------------------------------------------------------------------
 ------------------------------- TOTAL ---------------------------------------
    PROFESS      :      0.84s WALL    100.00% (       1 calls)     0.84s/call
 -----------------------------------------------------------------------------

Run completed on: 08/13/2021 at 19:21:18 
  
