 ******************************************************************************
                             WELCOME TO PROFESS                   
            (PRinceton Orbital-Free Electronic Structure Software) 
 ******************************************************************************

 ------------------------------------------------------------------------------
                           READ GEOMETRY
 Cell length (Bohr)    5.346E+00   5.346E+00   9.166E+01
 Angle     (Degree)    9.000E+01   9.000E+01   6.000E+01
 Volume    (Bohr^3)    2.268E+03

 ------------------------------------------------------------------------------
                           READ PSEUDOPOTENTIAL
 Total electron number in ReadPseudo is    63.000000000000000     
 (System) Machine Precision              :    2.2204460492503131E-016

 ------------------------------------------------------------------------------
                           SETUP FFT
 Global FFT Dimension :    14   14  224
 Rank/Size in Global Communicator     :            0 /           1
 Rank/Size in Global FFT Communicator :            0 /           1
 Parallel FFT, totX    =    14
 Parallel FFT, totY    =    14
 Parallel FFT, locZ    =   224
 Parallel FFT, locZoff =     0
 Dimension of rho for this processor : 
 xmin, xmax :            0          13
 ymin, ymax :            0          13
 zmin, zmax :            0         223
 Total electron number =    63.000000000000000     
 Uniform rhoR =    2.7775426967567265E-002
 (GB INFO) FFT size      :       14      14     224
 (GB INFO) FFT offset    :        0
 (GB INFO) FFT G size    :        8      14     224
 (GB INFO) FFT G offset  :        0

 ------------------------------------------------------------------------------
                           SETUP KEDF
 kinetic energy density functional number is            4
 ( 1=TF, 2=VW, 3=TF+VW, 4=WT,  5=WGC,  
   7=LQ, 8=HQ, 10=CAT,  11=HC, 12=WGCD,
   15=GGA, 16=WGCD+GGA, 17=EVT, 18=EVC )
 qTable dimension:     8   14  224
 Coefficient for TF KEDF is     1.0000
 Coefficient for VW KEDF is     1.0000
 Coefficient for alpha in WT KEDF is     0.8333
 Coefficient for beta  in WT KEDF is     0.8333
 rho0 (Electron/Bohr^3) in WGC KEDF is     0.0278
 hold0 =  F
  dV of each real space grid is now    5.1662535422673933E-002
 Cell length (Bohr)    5.346E+00   5.346E+00   9.166E+01
 Angle     (Degree)    9.000E+01   9.000E+01   6.000E+01
 Volume    (Bohr^3)    2.268E+03

 ------------------------------------------------------------------------------
                           SETUP EWALD 
 (Ewald) eta                             :   0.6814    
 (Ewald) Real Space Cutoff               :    7.566     (Bohr)
 (Ewald) Reciprocal Cutoff               :    7.640     (1/Bohr)

 ------------------------------------------------------------------------------
                           SETUP PLANE WAVE 
 Read in WT kernel.
 kernel file name  : 1PROFESS_KERNEL.dat           
 KEDF type         :     4
 Fermi vector      :   1.182014212099E+00
 Reference density :  -1.000000000000E+00
 Mesh points       :   200002
 Fermi vector in this cell is    1.8738029151584696     
 Fermi vector from kernel file is    1.1820142120987149     
 First qNorm is    0.0000000000000000     
 size of Wang-Teter kernel in this run is            8          14         224
 Max |G| in this calculation is   1.711417476393E+01
 Max eta used from kernel is   9.133391044216E+00

 ------------------------------------------------------------------------------
                           REFRESH ION POSITIONS
  
 Calculating Ion-Ion Energy ...                   complete.     0.004 s
  
 Calculating Ion-Electron Potential (spline) ... 
 complete.     0.004 s

 ------------------------------------------------------------------------------
                           DENSITY OPTIMIZATION
 Electron number for spin            1  is    62.999999999972083     
 Cell Volume      :           336.111366 Angstrom^3
 Ion number       :                   21
 Electron number  :            63.000000
 Ion density      :             0.062479 Ion/Angstrom^3
 Electron density :             0.187438 Electron/Angstrom^3
  
 Calculating Ion-Ion Forces ...                complete.     0.004 s
  
 Calculating Ion-Electron Forces (spline) ...  complete.     0.003 s
  ------ ION (GRADIENT METHOD) STEP            1  ------
  
 Calculating Ion-Electron Stress (spline) ...  complete.     0.006 s
  
 Calculating Ion-Ion Stress ...                complete.     0.002 s
  
 ------------------------------------------------------------------------------
                         LATTICE VECTORS (Angstrom)
 LAT 1           2.828740        0.000000        0.000000
 LAT 2           1.414370        2.449760        0.000000
 LAT 3           0.000000        0.000000       48.502780
 ------------------------------------------------------------------------------
                                STRESS (GPa)
 ST_GPa 1        0.000031       -0.000007       -0.000000
 ST_GPa 2       -0.000007        0.000039       -0.000001
 ST_GPa 3       -0.000000       -0.000001        0.000042
  
 --------------------------------------------------
 STRESS (a.u.)
 --------------------------------------------------
 ST_AU  1   1.0482930270E-09  -2.2576785332E-10  -8.1516710631E-12
 ST_AU  2  -2.2576785332E-10   1.3239629046E-09  -3.4991951739E-11
 ST_AU  3  -8.1516710631E-12  -3.4991951739E-11   1.4105887187E-09
; Cell optimization at step  1, max(stress):  0.1411E-08, total energy:  -44.694567    ;
##############################################################################
#                               FINAL ENERGIES                       time    #
##############################################################################
# Thomas-Fermi Kin. Energy =   4.586441617218E+02 eV                 0.000 s #
# Von-Weizsacker Kin. Ener =   3.729556277320E+01 eV                 0.000 s #
# Wang-Teter Kinetic Energ =  -1.277009538481E+01 eV                 0.000 s #
#                                                                            #
#     LDA Exch-Corr Energy =  -4.626768383560E+02 eV                 0.000 s #
#         Coulombic Energy =   2.012979547341E+00 eV                 0.000 s #
#      Ion-Electron Energy =   3.208524727122E+02 eV                 0.000 s #
#           Ion-Ion Energy =  -1.559559229616E+03 eV                 0.000 s #
#                                                                            #
#     TOTAL KINETIC ENERGY =   4.831696291102E+02 eV                         #
#   TOTAL POTENTIAL ENERGY =  -1.699370615712E+03 eV                         #
#             TOTAL ENERGY =  -1.216200986602E+03 eV                         #
##############################################################################
  
 ----------------------------- TIME INFORMATION ------------------------------
    PROFESS      :      2.67s WALL    100.00% (       1 calls)     2.67s/call
    InitPROFESS  :      0.27s WALL     10.30% (       1 calls)     0.27s/call
    KEDFRefresh  :      0.24s WALL      9.19% (       1 calls)     0.24s/call
    IonRefresh   :      0.01s WALL      0.31% (       1 calls)     0.01s/call
    EwaldEnergy  :      0.00s WALL      0.14% (       1 calls)     0.00s/call
    Pot_Ion      :      0.01s WALL      0.21% (      74 calls)     0.00s/call
    Pot_Har      :      0.11s WALL      4.17% (      74 calls)     0.00s/call
    Pot_Exc      :      0.36s WALL     13.39% (      74 calls)     0.00s/call
    Pot_KEDF     :      1.60s WALL     60.03% (      74 calls)     0.02s/call
    VWPotSqrPlus :      0.09s WALL      3.26% (      74 calls)     0.00s/call
    NextGradient :      0.00s WALL      0.17% (       8 calls)     0.00s/call
    CalForce     :      0.01s WALL      0.32% (       1 calls)     0.01s/call
    EwaldForces  :      0.00s WALL      0.17% (       1 calls)     0.00s/call
    CalStress    :      0.04s WALL      1.46% (       1 calls)     0.04s/call
    EwaldStress  :      0.00s WALL      0.08% (       1 calls)     0.00s/call
 -----------------------------------------------------------------------------
 ------------------------------- TOTAL ---------------------------------------
    PROFESS      :      2.67s WALL    100.00% (       1 calls)     2.67s/call
 -----------------------------------------------------------------------------

Run completed on: 08/13/2021 at 21:45:15 
  
