 ******************************************************************************
                             WELCOME TO PROFESS                   
            (PRinceton Orbital-Free Electronic Structure Software) 
 ******************************************************************************

 ------------------------------------------------------------------------------
                           READ GEOMETRY
 Cell length (Bohr)    5.304E+00   5.304E+00   8.662E+01
 Angle     (Degree)    9.000E+01   9.000E+01   6.000E+01
 Volume    (Bohr^3)    2.110E+03

 ------------------------------------------------------------------------------
                           READ PSEUDOPOTENTIAL
 Total electron number in ReadPseudo is    60.000000000000000     
 (System) Machine Precision              :    2.2204460492503131E-016

 ------------------------------------------------------------------------------
                           SETUP FFT
 Global FFT Dimension :    14   14  216
 Rank/Size in Global Communicator     :            0 /           1
 Rank/Size in Global FFT Communicator :            0 /           1
 Parallel FFT, totX    =    14
 Parallel FFT, totY    =    14
 Parallel FFT, locZ    =   216
 Parallel FFT, locZoff =     0
 Dimension of rho for this processor : 
 xmin, xmax :            0          13
 ymin, ymax :            0          13
 zmin, zmax :            0         215
 Total electron number =    60.000000000000000     
 Uniform rhoR =    2.8430529462104222E-002
 (GB INFO) FFT size      :       14      14     216
 (GB INFO) FFT offset    :        0
 (GB INFO) FFT G size    :        8      14     216
 (GB INFO) FFT G offset  :        0

 ------------------------------------------------------------------------------
                           SETUP KEDF
 kinetic energy density functional number is            4
 ( 1=TF, 2=VW, 3=TF+VW, 4=WT,  5=WGC,  
   7=LQ, 8=HQ, 10=CAT,  11=HC, 12=WGCD,
   15=GGA, 16=WGCD+GGA, 17=EVT, 18=EVC )
 qTable dimension:     8   14  216
 Coefficient for TF KEDF is     1.0000
 Coefficient for VW KEDF is     1.0000
 Coefficient for alpha in WT KEDF is     0.8333
 Coefficient for beta  in WT KEDF is     0.8333
 rho0 (Electron/Bohr^3) in WGC KEDF is     0.0284
 hold0 =  F
  dV of each real space grid is now    4.9849003409513343E-002
 Cell length (Bohr)    5.304E+00   5.304E+00   8.662E+01
 Angle     (Degree)    9.000E+01   9.000E+01   6.000E+01
 Volume    (Bohr^3)    2.110E+03

 ------------------------------------------------------------------------------
                           SETUP EWALD 
 (Ewald) eta                             :   0.6867    
 (Ewald) Real Space Cutoff               :    7.503     (Bohr)
 (Ewald) Reciprocal Cutoff               :    7.700     (1/Bohr)

 ------------------------------------------------------------------------------
                           SETUP PLANE WAVE 
 Read in WT kernel.
 kernel file name  : 5PROFESS_KERNEL.dat           
 KEDF type         :     4
 Fermi vector      :   1.182014212099E+00
 Reference density :  -1.000000000000E+00
 Mesh points       :   200002
 Fermi vector in this cell is    1.8884202329568809     
 Fermi vector from kernel file is    1.1820142120987149     
 First qNorm is    0.0000000000000000     
 size of Wang-Teter kernel in this run is            8          14         216
 Max |G| in this calculation is   1.729128690037E+01
 Max eta used from kernel is   9.156482544828E+00

 ------------------------------------------------------------------------------
                           REFRESH ION POSITIONS
  
 Calculating Ion-Ion Energy ...                   complete.     0.006 s
  
 Calculating Ion-Electron Potential (spline) ... 
 complete.     0.006 s

 ------------------------------------------------------------------------------
                           DENSITY OPTIMIZATION
 Electron number for spin            1  is    60.000000000004206     
 Cell Volume      :           312.730109 Angstrom^3
 Ion number       :                   20
 Electron number  :            60.000000
 Ion density      :             0.063953 Ion/Angstrom^3
 Electron density :             0.191859 Electron/Angstrom^3
  
 Calculating Ion-Ion Forces ...                complete.     0.007 s
  
 Calculating Ion-Electron Forces (spline) ...  complete.     0.004 s
  ------ ION (GRADIENT METHOD) STEP            1  ------

 ------------------------------------------------------------------------------
                           REFRESH ION POSITIONS
  
 Calculating Ion-Ion Energy ...                   complete.     0.005 s
  
 Calculating Ion-Electron Potential (spline) ... 
 complete.     0.005 s

 ------------------------------------------------------------------------------
                           DENSITY OPTIMIZATION
 Electron number for spin            1  is    59.999999999999666     
 Cell Volume      :           312.730109 Angstrom^3
 Ion number       :                   20
 Electron number  :            60.000000
 Ion density      :             0.063953 Ion/Angstrom^3
 Electron density :             0.191859 Electron/Angstrom^3
  
 Calculating Ion-Ion Forces ...                complete.     0.006 s
  
 Calculating Ion-Electron Forces (spline) ...  complete.     0.004 s

 ------------------------------------------------------------------------------
                           REFRESH ION POSITIONS
  
 Calculating Ion-Ion Energy ...                   complete.     0.005 s
  
 Calculating Ion-Electron Potential (spline) ... 
 complete.     0.005 s

 ------------------------------------------------------------------------------
                           DENSITY OPTIMIZATION
 Electron number for spin            1  is    60.000000000000206     
 Cell Volume      :           312.730109 Angstrom^3
 Ion number       :                   20
 Electron number  :            60.000000
 Ion density      :             0.063953 Ion/Angstrom^3
 Electron density :             0.191859 Electron/Angstrom^3
  
 Calculating Ion-Ion Forces ...                complete.     0.007 s
  
 Calculating Ion-Electron Forces (spline) ...  complete.     0.004 s
  ------ ION (GRADIENT METHOD) STEP            2  ------

 ------------------------------------------------------------------------------
                           REFRESH ION POSITIONS
  
 Calculating Ion-Ion Energy ...                   complete.     0.005 s
  
 Calculating Ion-Electron Potential (spline) ... 
 complete.     0.006 s

 ------------------------------------------------------------------------------
                           DENSITY OPTIMIZATION
 Electron number for spin            1  is    59.999999999999652     
 Cell Volume      :           312.730109 Angstrom^3
 Ion number       :                   20
 Electron number  :            60.000000
 Ion density      :             0.063953 Ion/Angstrom^3
 Electron density :             0.191859 Electron/Angstrom^3
  
 Calculating Ion-Ion Forces ...                complete.     0.006 s
  
 Calculating Ion-Electron Forces (spline) ...  complete.     0.004 s

 ------------------------------------------------------------------------------
                           REFRESH ION POSITIONS
  
 Calculating Ion-Ion Energy ...                   complete.     0.005 s
  
 Calculating Ion-Electron Potential (spline) ... 
 complete.     0.005 s

 ------------------------------------------------------------------------------
                           DENSITY OPTIMIZATION
 Electron number for spin            1  is    59.999999999999901     
 Cell Volume      :           312.730109 Angstrom^3
 Ion number       :                   20
 Electron number  :            60.000000
 Ion density      :             0.063953 Ion/Angstrom^3
 Electron density :             0.191859 Electron/Angstrom^3
  
 Calculating Ion-Ion Forces ...                complete.     0.006 s
  
 Calculating Ion-Electron Forces (spline) ...  complete.     0.004 s
  ------ ION (GRADIENT METHOD) STEP            3  ------

 ------------------------------------------------------------------------------
                           REFRESH ION POSITIONS
  
 Calculating Ion-Ion Energy ...                   complete.     0.005 s
  
 Calculating Ion-Electron Potential (spline) ... 
 complete.     0.005 s

 ------------------------------------------------------------------------------
                           DENSITY OPTIMIZATION
 Electron number for spin            1  is    60.000000000000050     
 Cell Volume      :           312.730109 Angstrom^3
 Ion number       :                   20
 Electron number  :            60.000000
 Ion density      :             0.063953 Ion/Angstrom^3
 Electron density :             0.191859 Electron/Angstrom^3
  
 Calculating Ion-Ion Forces ...                complete.     0.006 s
  
 Calculating Ion-Electron Forces (spline) ...  complete.     0.004 s

 ------------------------------------------------------------------------------
                           REFRESH ION POSITIONS
  
 Calculating Ion-Ion Energy ...                   complete.     0.005 s
  
 Calculating Ion-Electron Potential (spline) ... 
 complete.     0.006 s

 ------------------------------------------------------------------------------
                           DENSITY OPTIMIZATION
 Electron number for spin            1  is    60.000000000000071     
 Cell Volume      :           312.730109 Angstrom^3
 Ion number       :                   20
 Electron number  :            60.000000
 Ion density      :             0.063953 Ion/Angstrom^3
 Electron density :             0.191859 Electron/Angstrom^3
  
 Calculating Ion-Ion Forces ...                complete.     0.007 s
  
 Calculating Ion-Electron Forces (spline) ...  complete.     0.004 s
  ------ ION (GRADIENT METHOD) STEP            4  ------

 ------------------------------------------------------------------------------
                           REFRESH ION POSITIONS
  
 Calculating Ion-Ion Energy ...                   complete.     0.005 s
  
 Calculating Ion-Electron Potential (spline) ... 
 complete.     0.005 s

 ------------------------------------------------------------------------------
                           DENSITY OPTIMIZATION
 Electron number for spin            1  is    60.000000000000263     
 Cell Volume      :           312.730109 Angstrom^3
 Ion number       :                   20
 Electron number  :            60.000000
 Ion density      :             0.063953 Ion/Angstrom^3
 Electron density :             0.191859 Electron/Angstrom^3
  
 Calculating Ion-Ion Forces ...                complete.     0.007 s
  
 Calculating Ion-Electron Forces (spline) ...  complete.     0.004 s

 ------------------------------------------------------------------------------
                           REFRESH ION POSITIONS
  
 Calculating Ion-Ion Energy ...                   complete.     0.005 s
  
 Calculating Ion-Electron Potential (spline) ... 
 complete.     0.006 s

 ------------------------------------------------------------------------------
                           DENSITY OPTIMIZATION
 Electron number for spin            1  is    59.999999999999822     
 Cell Volume      :           312.730109 Angstrom^3
 Ion number       :                   20
 Electron number  :            60.000000
 Ion density      :             0.063953 Ion/Angstrom^3
 Electron density :             0.191859 Electron/Angstrom^3
  
 Calculating Ion-Ion Forces ...                complete.     0.007 s
  
 Calculating Ion-Electron Forces (spline) ...  complete.     0.004 s

 ------------------------------------------------------------------------------
                           REFRESH ION POSITIONS
  
 Calculating Ion-Ion Energy ...                   complete.     0.005 s
  
 Calculating Ion-Electron Potential (spline) ... 
 complete.     0.005 s

 ------------------------------------------------------------------------------
                           DENSITY OPTIMIZATION
 Electron number for spin            1  is    59.999999999999417     
 Cell Volume      :           312.730109 Angstrom^3
 Ion number       :                   20
 Electron number  :            60.000000
 Ion density      :             0.063953 Ion/Angstrom^3
 Electron density :             0.191859 Electron/Angstrom^3
  
 Calculating Ion-Ion Forces ...                complete.     0.007 s
  
 Calculating Ion-Electron Forces (spline) ...  complete.     0.004 s

 ------------------------------------------------------------------------------
                           REFRESH ION POSITIONS
  
 Calculating Ion-Ion Energy ...                   complete.     0.005 s
  
 Calculating Ion-Electron Potential (spline) ... 
 complete.     0.005 s

 ------------------------------------------------------------------------------
                           DENSITY OPTIMIZATION
 Electron number for spin            1  is    60.000000000000298     
 Cell Volume      :           312.730109 Angstrom^3
 Ion number       :                   20
 Electron number  :            60.000000
 Ion density      :             0.063953 Ion/Angstrom^3
 Electron density :             0.191859 Electron/Angstrom^3
  
 Calculating Ion-Ion Forces ...                complete.     0.006 s
  
 Calculating Ion-Electron Forces (spline) ...  complete.     0.004 s
  ------ ION (GRADIENT METHOD) STEP            5  ------

 ------------------------------------------------------------------------------
                           REFRESH ION POSITIONS
  
 Calculating Ion-Ion Energy ...                   complete.     0.005 s
  
 Calculating Ion-Electron Potential (spline) ... 
 complete.     0.005 s

 ------------------------------------------------------------------------------
                           DENSITY OPTIMIZATION
 Electron number for spin            1  is    59.999999999999893     
 Cell Volume      :           312.730109 Angstrom^3
 Ion number       :                   20
 Electron number  :            60.000000
 Ion density      :             0.063953 Ion/Angstrom^3
 Electron density :             0.191859 Electron/Angstrom^3
  
 Calculating Ion-Ion Forces ...                complete.     0.006 s
  
 Calculating Ion-Electron Forces (spline) ...  complete.     0.004 s

 ------------------------------------------------------------------------------
                           REFRESH ION POSITIONS
  
 Calculating Ion-Ion Energy ...                   complete.     0.005 s
  
 Calculating Ion-Electron Potential (spline) ... 
 complete.     0.005 s

 ------------------------------------------------------------------------------
                           DENSITY OPTIMIZATION
 Electron number for spin            1  is    60.000000000000398     
 Cell Volume      :           312.730109 Angstrom^3
 Ion number       :                   20
 Electron number  :            60.000000
 Ion density      :             0.063953 Ion/Angstrom^3
 Electron density :             0.191859 Electron/Angstrom^3
  
 Calculating Ion-Ion Forces ...                complete.     0.007 s
  
 Calculating Ion-Electron Forces (spline) ...  complete.     0.004 s
  ------ ION (GRADIENT METHOD) STEP            6  ------
  
 Calculating Ion-Electron Stress (spline) ...  complete.     0.008 s
  
 Calculating Ion-Ion Stress ...                complete.     0.004 s
  
 ------------------------------------------------------------------------------
                         LATTICE VECTORS (Angstrom)
 LAT 1           2.806844        0.000000        0.000000
 LAT 2           1.403422        2.430798        0.000000
 LAT 3           0.000000        0.000000       45.835566
 ------------------------------------------------------------------------------
                                STRESS (GPa)
 ST_GPa 1       -0.004519        0.030795       -0.000000
 ST_GPa 2        0.030795       -0.040077       -0.000001
 ST_GPa 3       -0.000000       -0.000001       -0.354249
  
 --------------------------------------------------
 STRESS (a.u.)
 --------------------------------------------------
 ST_AU  1  -1.5358352490E-07   1.0467130908E-06  -1.3130949466E-11
 ST_AU  2   1.0467130908E-06  -1.3621881200E-06  -2.3566749935E-11
 ST_AU  3  -1.3130949466E-11  -2.3566749935E-11  -1.2040667275E-05
; Cell optimization at step  1, max(stress):  0.1204E-04, total energy:  -42.575599    ;
  dV of each real space grid is now    4.9851029466464809E-002
 Cell length (Bohr)    5.304E+00   5.304E+00   8.662E+01
 Angle     (Degree)    9.000E+01   9.000E+01   6.000E+01
 Volume    (Bohr^3)    2.110E+03
  dV of each real space grid is now    4.9851029466464809E-002
 Cell length (Bohr)    5.304E+00   5.304E+00   8.662E+01
 Angle     (Degree)    9.000E+01   9.000E+01   6.000E+01
 Volume    (Bohr^3)    2.110E+03

 ------------------------------------------------------------------------------
                           SETUP EWALD 
 (Ewald) eta                             :   0.6867    
 (Ewald) Real Space Cutoff               :    7.503     (Bohr)
 (Ewald) Reciprocal Cutoff               :    7.700     (1/Bohr)

 ------------------------------------------------------------------------------
                           SETUP PLANE WAVE 
 Read in WT kernel.
 kernel file name  : 5PROFESS_KERNEL.dat           
 KEDF type         :     4
 Fermi vector      :   1.182014212099E+00
 Reference density :  -1.000000000000E+00
 Mesh points       :   200002
 Fermi vector in this cell is    1.8883946494078188     
 Fermi vector from kernel file is    1.1820142120987149     
 First qNorm is    0.0000000000000000     
 size of Wang-Teter kernel in this run is            8          14         216
 Max |G| in this calculation is   1.729114263985E+01
 Max eta used from kernel is   9.156530201602E+00

 ------------------------------------------------------------------------------
                           REFRESH ION POSITIONS
  
 Calculating Ion-Ion Energy ...                   complete.     0.006 s
  
 Calculating Ion-Electron Potential (spline) ... 
 complete.     0.006 s
 Rescale the total density from   2.991183 to         60

 ------------------------------------------------------------------------------
                           DENSITY OPTIMIZATION
 Electron number for spin            1  is    59.999999999999538     
 Cell Volume      :           312.742819 Angstrom^3
 Ion number       :                   20
 Electron number  :            60.000000
 Ion density      :             0.063950 Ion/Angstrom^3
 Electron density :             0.191851 Electron/Angstrom^3
  
 Calculating Ion-Ion Forces ...                complete.     0.007 s
  
 Calculating Ion-Electron Forces (spline) ...  complete.     0.005 s
  ------ ION (GRADIENT METHOD) STEP            1  ------
  
 Calculating Ion-Electron Stress (spline) ...  complete.     0.009 s
  
 Calculating Ion-Ion Stress ...                complete.     0.004 s
  
 ------------------------------------------------------------------------------
                         LATTICE VECTORS (Angstrom)
 LAT 1           2.806844        0.000000        0.000000
 LAT 2           1.403422        2.430798        0.000000
 LAT 3           0.000000        0.000000       45.837429
 ------------------------------------------------------------------------------
                                STRESS (GPa)
 ST_GPa 1       -0.001874        0.030782       -0.000000
 ST_GPa 2        0.030782       -0.037417       -0.000001
 ST_GPa 3       -0.000000       -0.000001       -0.348899
  
 --------------------------------------------------
 STRESS (a.u.)
 --------------------------------------------------
 ST_AU  1  -6.3689606908E-08   1.0462670535E-06  -1.3204300206E-11
 ST_AU  2   1.0462670535E-06  -1.2717793171E-06  -2.3646332819E-11
 ST_AU  3  -1.3204300206E-11  -2.3646332819E-11  -1.1858852655E-05
; Cell optimization at step  2, max(stress):  0.1186E-04, total energy:  -42.575600    ;
  dV of each real space grid is now    4.9853424022544578E-002
 Cell length (Bohr)    5.304E+00   5.304E+00   8.662E+01
 Angle     (Degree)    9.000E+01   9.000E+01   6.000E+01
 Volume    (Bohr^3)    2.111E+03
  dV of each real space grid is now    4.9853424022544578E-002
 Cell length (Bohr)    5.304E+00   5.304E+00   8.662E+01
 Angle     (Degree)    9.000E+01   9.000E+01   6.000E+01
 Volume    (Bohr^3)    2.111E+03

 ------------------------------------------------------------------------------
                           SETUP EWALD 
 (Ewald) eta                             :   0.6867    
 (Ewald) Real Space Cutoff               :    7.503     (Bohr)
 (Ewald) Reciprocal Cutoff               :    7.700     (1/Bohr)

 ------------------------------------------------------------------------------
                           SETUP PLANE WAVE 
 Read in WT kernel.
 kernel file name  : 5PROFESS_KERNEL.dat           
 KEDF type         :     4
 Fermi vector      :   1.182014212099E+00
 Reference density :  -1.000000000000E+00
 Mesh points       :   200002
 Fermi vector in this cell is    1.8883644145117053     
 Fermi vector from kernel file is    1.1820142120987149     
 First qNorm is    0.0000000000000000     
 size of Wang-Teter kernel in this run is            8          14         216
 Max |G| in this calculation is   1.729097216235E+01
 Max eta used from kernel is   9.156586530374E+00

 ------------------------------------------------------------------------------
                           REFRESH ION POSITIONS
  
 Calculating Ion-Ion Energy ...                   complete.     0.006 s
  
 Calculating Ion-Electron Potential (spline) ... 
 complete.     0.005 s
 Rescale the total density from   2.991349 to         60

 ------------------------------------------------------------------------------
                           DENSITY OPTIMIZATION
 Electron number for spin            1  is    59.999999999999197     
 Cell Volume      :           312.757842 Angstrom^3
 Ion number       :                   20
 Electron number  :            60.000000
 Ion density      :             0.063947 Ion/Angstrom^3
 Electron density :             0.191842 Electron/Angstrom^3
  
 Calculating Ion-Ion Forces ...                complete.     0.006 s
  
 Calculating Ion-Electron Forces (spline) ...  complete.     0.004 s
  ------ ION (GRADIENT METHOD) STEP            1  ------
  
 Calculating Ion-Electron Stress (spline) ...  complete.     0.008 s
  
 Calculating Ion-Ion Stress ...                complete.     0.004 s
  
 ------------------------------------------------------------------------------
                         LATTICE VECTORS (Angstrom)
 LAT 1           2.806844        0.000000        0.000000
 LAT 2           1.403422        2.430798        0.000000
 LAT 3           0.000000        0.000000       45.839631
 ------------------------------------------------------------------------------
                                STRESS (GPa)
 ST_GPa 1        0.001264        0.030722       -0.000000
 ST_GPa 2        0.030722       -0.034209       -0.000001
 ST_GPa 3       -0.000000       -0.000001       -0.342659
  
 --------------------------------------------------
 STRESS (a.u.)
 --------------------------------------------------
 ST_AU  1   4.2968138844E-08   1.0442095604E-06  -1.3236586000E-11
 ST_AU  2   1.0442095604E-06  -1.1627458287E-06  -2.3665052039E-11
 ST_AU  3  -1.3236586000E-11  -2.3665052039E-11  -1.1646761879E-05
; Cell optimization at step  3, max(stress):  0.1165E-04, total energy:  -42.575602    ;
  dV of each real space grid is now    4.9856246099041893E-002
 Cell length (Bohr)    5.304E+00   5.304E+00   8.663E+01
 Angle     (Degree)    9.000E+01   9.000E+01   6.000E+01
 Volume    (Bohr^3)    2.111E+03
  dV of each real space grid is now    4.9856246099041893E-002
 Cell length (Bohr)    5.304E+00   5.304E+00   8.663E+01
 Angle     (Degree)    9.000E+01   9.000E+01   6.000E+01
 Volume    (Bohr^3)    2.111E+03

 ------------------------------------------------------------------------------
                           SETUP EWALD 
 (Ewald) eta                             :   0.6867    
 (Ewald) Real Space Cutoff               :    7.503     (Bohr)
 (Ewald) Reciprocal Cutoff               :    7.700     (1/Bohr)

 ------------------------------------------------------------------------------
                           SETUP PLANE WAVE 
 Read in WT kernel.
 kernel file name  : 5PROFESS_KERNEL.dat           
 KEDF type         :     4
 Fermi vector      :   1.182014212099E+00
 Reference density :  -1.000000000000E+00
 Mesh points       :   200002
 Fermi vector in this cell is    1.8883287840086569     
 Fermi vector from kernel file is    1.1820142120987149     
 First qNorm is    0.0000000000000000     
 size of Wang-Teter kernel in this run is            8          14         216
 Max |G| in this calculation is   1.729077127744E+01
 Max eta used from kernel is   9.156652921817E+00

 ------------------------------------------------------------------------------
                           REFRESH ION POSITIONS
  
 Calculating Ion-Ion Energy ...                   complete.     0.006 s
  
 Calculating Ion-Electron Potential (spline) ... 
 complete.     0.007 s
 Rescale the total density from   2.991544 to         60

 ------------------------------------------------------------------------------
                           DENSITY OPTIMIZATION
 Electron number for spin            1  is    59.999999999999744     
 Cell Volume      :           312.775546 Angstrom^3
 Ion number       :                   20
 Electron number  :            60.000000
 Ion density      :             0.063944 Ion/Angstrom^3
 Electron density :             0.191831 Electron/Angstrom^3
  
 Calculating Ion-Ion Forces ...                complete.     0.007 s
  
 Calculating Ion-Electron Forces (spline) ...  complete.     0.004 s
  ------ ION (GRADIENT METHOD) STEP            1  ------
  
 Calculating Ion-Electron Stress (spline) ...  complete.     0.009 s
  
 Calculating Ion-Ion Stress ...                complete.     0.004 s
  
 ------------------------------------------------------------------------------
                         LATTICE VECTORS (Angstrom)
 LAT 1           2.806844        0.000000        0.000000
 LAT 2           1.403422        2.430798        0.000000
 LAT 3           0.000000        0.000000       45.842226
 ------------------------------------------------------------------------------
                                STRESS (GPa)
 ST_GPa 1        0.004949        0.030650       -0.000000
 ST_GPa 2        0.030650       -0.030441       -0.000001
 ST_GPa 3       -0.000000       -0.000001       -0.335297
  
 --------------------------------------------------
 STRESS (a.u.)
 --------------------------------------------------
 ST_AU  1   1.6821926879E-07   1.0417607221E-06  -1.3282438368E-11
 ST_AU  2   1.0417607221E-06  -1.0346670137E-06  -2.3687950431E-11
 ST_AU  3  -1.3282438368E-11  -2.3687950431E-11  -1.1396512581E-05
; Cell optimization at step  4, max(stress):  0.1140E-04, total energy:  -42.575603    ;
  dV of each real space grid is now    4.9859559826648456E-002
 Cell length (Bohr)    5.304E+00   5.304E+00   8.664E+01
 Angle     (Degree)    9.000E+01   9.000E+01   6.000E+01
 Volume    (Bohr^3)    2.111E+03
  dV of each real space grid is now    4.9859559826648456E-002
 Cell length (Bohr)    5.304E+00   5.304E+00   8.664E+01
 Angle     (Degree)    9.000E+01   9.000E+01   6.000E+01
 Volume    (Bohr^3)    2.111E+03

 ------------------------------------------------------------------------------
                           SETUP EWALD 
 (Ewald) eta                             :   0.6867    
 (Ewald) Real Space Cutoff               :    7.503     (Bohr)
 (Ewald) Reciprocal Cutoff               :    7.700     (1/Bohr)

 ------------------------------------------------------------------------------
                           SETUP PLANE WAVE 
 Read in WT kernel.
 kernel file name  : 5PROFESS_KERNEL.dat           
 KEDF type         :     4
 Fermi vector      :   1.182014212099E+00
 Reference density :  -1.000000000000E+00
 Mesh points       :   200002
 Fermi vector in this cell is    1.8882869495314860     
 Fermi vector from kernel file is    1.1820142120987149     
 First qNorm is    0.0000000000000000     
 size of Wang-Teter kernel in this run is            8          14         216
 Max |G| in this calculation is   1.729053543572E+01
 Max eta used from kernel is   9.156730887753E+00

 ------------------------------------------------------------------------------
                           REFRESH ION POSITIONS
  
 Calculating Ion-Ion Energy ...                   complete.     0.006 s
  
 Calculating Ion-Electron Potential (spline) ... 
 complete.     0.006 s
 Rescale the total density from   2.991772 to         60

 ------------------------------------------------------------------------------
                           DENSITY OPTIMIZATION
 Electron number for spin            1  is    60.000000000000448     
 Cell Volume      :           312.796335 Angstrom^3
 Ion number       :                   20
 Electron number  :            60.000000
 Ion density      :             0.063939 Ion/Angstrom^3
 Electron density :             0.191818 Electron/Angstrom^3
  
 Calculating Ion-Ion Forces ...                complete.     0.007 s
  
 Calculating Ion-Electron Forces (spline) ...  complete.     0.004 s
  ------ ION (GRADIENT METHOD) STEP            1  ------
  
 Calculating Ion-Electron Stress (spline) ...  complete.     0.008 s
  
 Calculating Ion-Ion Stress ...                complete.     0.004 s
  
 ------------------------------------------------------------------------------
                         LATTICE VECTORS (Angstrom)
 LAT 1           2.806844        0.000000        0.000000
 LAT 2           1.403422        2.430798        0.000000
 LAT 3           0.000000        0.000000       45.845273
 ------------------------------------------------------------------------------
                                STRESS (GPa)
 ST_GPa 1        0.009343        0.030566       -0.000000
 ST_GPa 2        0.030566       -0.025950       -0.000001
 ST_GPa 3       -0.000000       -0.000001       -0.326751
  
 --------------------------------------------------
 STRESS (a.u.)
 --------------------------------------------------
 ST_AU  1   3.1757822100E-07   1.0389126364E-06  -1.3338159636E-11
 ST_AU  2   1.0389126364E-06  -8.8201942313E-07  -2.3719304229E-11
 ST_AU  3  -1.3338159636E-11  -2.3719304229E-11  -1.1106055631E-05
; Cell optimization at step  5, max(stress):  0.1111E-04, total energy:  -42.575605    ;
  dV of each real space grid is now    4.9863434953487565E-002
 Cell length (Bohr)    5.304E+00   5.304E+00   8.664E+01
 Angle     (Degree)    9.000E+01   9.000E+01   6.000E+01
 Volume    (Bohr^3)    2.111E+03
  dV of each real space grid is now    4.9863434953487565E-002
 Cell length (Bohr)    5.304E+00   5.304E+00   8.664E+01
 Angle     (Degree)    9.000E+01   9.000E+01   6.000E+01
 Volume    (Bohr^3)    2.111E+03

 ------------------------------------------------------------------------------
                           SETUP EWALD 
 (Ewald) eta                             :   0.6867    
 (Ewald) Real Space Cutoff               :    7.503     (Bohr)
 (Ewald) Reciprocal Cutoff               :    7.700     (1/Bohr)

 ------------------------------------------------------------------------------
                           SETUP PLANE WAVE 
 Read in WT kernel.
 kernel file name  : 5PROFESS_KERNEL.dat           
 KEDF type         :     4
 Fermi vector      :   1.182014212099E+00
 Reference density :  -1.000000000000E+00
 Mesh points       :   200002
 Fermi vector in this cell is    1.8882380323171748     
 Fermi vector from kernel file is    1.1820142120987149     
 First qNorm is    0.0000000000000000     
 size of Wang-Teter kernel in this run is            8          14         216
 Max |G| in this calculation is   1.729025969413E+01
 Max eta used from kernel is   9.156822073387E+00

 ------------------------------------------------------------------------------
                           REFRESH ION POSITIONS
  
 Calculating Ion-Ion Energy ...                   complete.     0.006 s
  
 Calculating Ion-Electron Potential (spline) ... 
 complete.     0.005 s
 Rescale the total density from   2.992039 to         60

 ------------------------------------------------------------------------------
                           DENSITY OPTIMIZATION
 Electron number for spin            1  is    60.000000000000199     
 Cell Volume      :           312.820646 Angstrom^3
 Ion number       :                   20
 Electron number  :            60.000000
 Ion density      :             0.063934 Ion/Angstrom^3
 Electron density :             0.191803 Electron/Angstrom^3
  
 Calculating Ion-Ion Forces ...                complete.     0.007 s
  
 Calculating Ion-Electron Forces (spline) ...  complete.     0.004 s
  ------ ION (GRADIENT METHOD) STEP            1  ------
  
 Calculating Ion-Electron Stress (spline) ...  complete.     0.008 s
  
 Calculating Ion-Ion Stress ...                complete.     0.003 s
  
 ------------------------------------------------------------------------------
                         LATTICE VECTORS (Angstrom)
 LAT 1           2.806844        0.000000        0.000000
 LAT 2           1.403422        2.430798        0.000000
 LAT 3           0.000000        0.000000       45.848836
 ------------------------------------------------------------------------------
                                STRESS (GPa)
 ST_GPa 1        0.014353        0.030466       -0.000000
 ST_GPa 2        0.030466       -0.020826       -0.000001
 ST_GPa 3       -0.000000       -0.000001       -0.316588
  
 --------------------------------------------------
 STRESS (a.u.)
 --------------------------------------------------
 ST_AU  1   4.8783547957E-07   1.0355238537E-06  -1.3461543350E-11
 ST_AU  2   1.0355238537E-06  -7.0784915746E-07  -2.3785840334E-11
 ST_AU  3  -1.3461543350E-11  -2.3785840334E-11  -1.0760594679E-05
; Cell optimization at step  6, max(stress):  0.1076E-04, total energy:  -42.575606    ;
  dV of each real space grid is now    4.9867940459740717E-002
 Cell length (Bohr)    5.304E+00   5.304E+00   8.665E+01
 Angle     (Degree)    9.000E+01   9.000E+01   6.000E+01
 Volume    (Bohr^3)    2.111E+03
  dV of each real space grid is now    4.9867940459740717E-002
 Cell length (Bohr)    5.304E+00   5.304E+00   8.665E+01
 Angle     (Degree)    9.000E+01   9.000E+01   6.000E+01
 Volume    (Bohr^3)    2.111E+03

 ------------------------------------------------------------------------------
                           SETUP EWALD 
 (Ewald) eta                             :   0.6867    
 (Ewald) Real Space Cutoff               :    7.503     (Bohr)
 (Ewald) Reciprocal Cutoff               :    7.700     (1/Bohr)

 ------------------------------------------------------------------------------
                           SETUP PLANE WAVE 
 Read in WT kernel.
 kernel file name  : 5PROFESS_KERNEL.dat           
 KEDF type         :     4
 Fermi vector      :   1.182014212099E+00
 Reference density :  -1.000000000000E+00
 Mesh points       :   200002
 Fermi vector in this cell is    1.8881811639537232     
 Fermi vector from kernel file is    1.1820142120987149     
 First qNorm is    0.0000000000000000     
 size of Wang-Teter kernel in this run is            8          14         216
 Max |G| in this calculation is   1.728993917206E+01
 Max eta used from kernel is   9.156928107393E+00

 ------------------------------------------------------------------------------
                           REFRESH ION POSITIONS
  
 Calculating Ion-Ion Energy ...                   complete.     0.005 s
  
 Calculating Ion-Electron Potential (spline) ... 
 complete.     0.006 s
 Rescale the total density from   2.992347 to         60

 ------------------------------------------------------------------------------
                           DENSITY OPTIMIZATION
 Electron number for spin            1  is    60.000000000000831     
 Cell Volume      :           312.848911 Angstrom^3
 Ion number       :                   20
 Electron number  :            60.000000
 Ion density      :             0.063929 Ion/Angstrom^3
 Electron density :             0.191786 Electron/Angstrom^3
  
 Calculating Ion-Ion Forces ...                complete.     0.006 s
  
 Calculating Ion-Electron Forces (spline) ...  complete.     0.004 s
  ------ ION (GRADIENT METHOD) STEP            1  ------
  
 Calculating Ion-Electron Stress (spline) ...  complete.     0.008 s
  
 Calculating Ion-Ion Stress ...                complete.     0.003 s
  
 ------------------------------------------------------------------------------
                         LATTICE VECTORS (Angstrom)
 LAT 1           2.806844        0.000000        0.000000
 LAT 2           1.403422        2.430798        0.000000
 LAT 3           0.000000        0.000000       45.852978
 ------------------------------------------------------------------------------
                                STRESS (GPa)
 ST_GPa 1        0.020251        0.030351       -0.000000
 ST_GPa 2        0.030351       -0.014795       -0.000001
 ST_GPa 3       -0.000000       -0.000001       -0.304898
  
 --------------------------------------------------
 STRESS (a.u.)
 --------------------------------------------------
 ST_AU  1   6.8830065429E-07   1.0316178042E-06  -1.3513736904E-11
 ST_AU  2   1.0316178042E-06  -5.0287361263E-07  -2.3805908085E-11
 ST_AU  3  -1.3513736904E-11  -2.3805908085E-11  -1.0363264404E-05
; Cell optimization at step  7, max(stress):  0.1036E-04, total energy:  -42.575609    ;
  dV of each real space grid is now    4.9873147430615668E-002
 Cell length (Bohr)    5.304E+00   5.304E+00   8.666E+01
 Angle     (Degree)    9.000E+01   9.000E+01   6.000E+01
 Volume    (Bohr^3)    2.111E+03
  dV of each real space grid is now    4.9873147430615668E-002
 Cell length (Bohr)    5.304E+00   5.304E+00   8.666E+01
 Angle     (Degree)    9.000E+01   9.000E+01   6.000E+01
 Volume    (Bohr^3)    2.111E+03

 ------------------------------------------------------------------------------
                           SETUP EWALD 
 (Ewald) eta                             :   0.6867    
 (Ewald) Real Space Cutoff               :    7.503     (Bohr)
 (Ewald) Reciprocal Cutoff               :    7.700     (1/Bohr)

 ------------------------------------------------------------------------------
                           SETUP PLANE WAVE 
 Read in WT kernel.
 kernel file name  : 5PROFESS_KERNEL.dat           
 KEDF type         :     4
 Fermi vector      :   1.182014212099E+00
 Reference density :  -1.000000000000E+00
 Mesh points       :   200002
 Fermi vector in this cell is    1.8881154502580029     
 Fermi vector from kernel file is    1.1820142120987149     
 First qNorm is    0.0000000000000000     
 size of Wang-Teter kernel in this run is            8          14         216
 Max |G| in this calculation is   1.728956884854E+01
 Max eta used from kernel is   9.157050669851E+00

 ------------------------------------------------------------------------------
                           REFRESH ION POSITIONS
  
 Calculating Ion-Ion Energy ...                   complete.     0.006 s
  
 Calculating Ion-Electron Potential (spline) ... 
 complete.     0.006 s
 Rescale the total density from   2.992701 to         60

 ------------------------------------------------------------------------------
                           DENSITY OPTIMIZATION
 Electron number for spin            1  is    60.000000000000576     
 Cell Volume      :           312.881577 Angstrom^3
 Ion number       :                   20
 Electron number  :            60.000000
 Ion density      :             0.063922 Ion/Angstrom^3
 Electron density :             0.191766 Electron/Angstrom^3
  
 Calculating Ion-Ion Forces ...                complete.     0.006 s
  
 Calculating Ion-Electron Forces (spline) ...  complete.     0.004 s
  ------ ION (GRADIENT METHOD) STEP            1  ------
  
 Calculating Ion-Electron Stress (spline) ...  complete.     0.008 s
  
 Calculating Ion-Ion Stress ...                complete.     0.003 s
  
 ------------------------------------------------------------------------------
                         LATTICE VECTORS (Angstrom)
 LAT 1           2.806844        0.000000        0.000000
 LAT 2           1.403422        2.430798        0.000000
 LAT 3           0.000000        0.000000       45.857766
 ------------------------------------------------------------------------------
                                STRESS (GPa)
 ST_GPa 1        0.027094        0.030219       -0.000000
 ST_GPa 2        0.030219       -0.007798       -0.000001
 ST_GPa 3       -0.000000       -0.000001       -0.291436
  
 --------------------------------------------------
 STRESS (a.u.)
 --------------------------------------------------
 ST_AU  1   9.2090975959E-07   1.0271143792E-06  -1.3626974300E-11
 ST_AU  2   1.0271143792E-06  -2.6506448538E-07  -2.3862471464E-11
 ST_AU  3  -1.3626974300E-11  -2.3862471464E-11  -9.9057182352E-06
; Cell optimization at step  8, max(stress):  0.9906E-05, total energy:  -42.575611    ;
  dV of each real space grid is now    4.9879119925497789E-002
 Cell length (Bohr)    5.304E+00   5.304E+00   8.667E+01
 Angle     (Degree)    9.000E+01   9.000E+01   6.000E+01
 Volume    (Bohr^3)    2.112E+03
  dV of each real space grid is now    4.9879119925497789E-002
 Cell length (Bohr)    5.304E+00   5.304E+00   8.667E+01
 Angle     (Degree)    9.000E+01   9.000E+01   6.000E+01
 Volume    (Bohr^3)    2.112E+03

 ------------------------------------------------------------------------------
                           SETUP EWALD 
 (Ewald) eta                             :   0.6867    
 (Ewald) Real Space Cutoff               :    7.503     (Bohr)
 (Ewald) Reciprocal Cutoff               :    7.700     (1/Bohr)

 ------------------------------------------------------------------------------
                           SETUP PLANE WAVE 
 Read in WT kernel.
 kernel file name  : 5PROFESS_KERNEL.dat           
 KEDF type         :     4
 Fermi vector      :   1.182014212099E+00
 Reference density :  -1.000000000000E+00
 Mesh points       :   200002
 Fermi vector in this cell is    1.8880400866589591     
 Fermi vector from kernel file is    1.1820142120987149     
 First qNorm is    0.0000000000000000     
 size of Wang-Teter kernel in this run is            8          14         216
 Max |G| in this calculation is   1.728914421344E+01
 Max eta used from kernel is   9.157191277667E+00

 ------------------------------------------------------------------------------
                           REFRESH ION POSITIONS
  
 Calculating Ion-Ion Energy ...                   complete.     0.006 s
  
 Calculating Ion-Electron Potential (spline) ... 
 complete.     0.006 s
 Rescale the total density from   2.993106 to         60

 ------------------------------------------------------------------------------
                           DENSITY OPTIMIZATION
 Electron number for spin            1  is    60.000000000000561     
 Cell Volume      :           312.919046 Angstrom^3
 Ion number       :                   20
 Electron number  :            60.000000
 Ion density      :             0.063914 Ion/Angstrom^3
 Electron density :             0.191743 Electron/Angstrom^3
  
 Calculating Ion-Ion Forces ...                complete.     0.006 s
  
 Calculating Ion-Electron Forces (spline) ...  complete.     0.004 s
  ------ ION (GRADIENT METHOD) STEP            1  ------
  
 Calculating Ion-Electron Stress (spline) ...  complete.     0.008 s
  
 Calculating Ion-Ion Stress ...                complete.     0.004 s
  
 ------------------------------------------------------------------------------
                         LATTICE VECTORS (Angstrom)
 LAT 1           2.806844        0.000000        0.000000
 LAT 2           1.403422        2.430798        0.000000
 LAT 3           0.000000        0.000000       45.863258
 ------------------------------------------------------------------------------
                                STRESS (GPa)
 ST_GPa 1        0.034787        0.030064       -0.000000
 ST_GPa 2        0.030064        0.000072       -0.000001
 ST_GPa 3       -0.000000       -0.000001       -0.275802
  
 --------------------------------------------------
 STRESS (a.u.)
 --------------------------------------------------
 ST_AU  1   1.1823803064E-06   1.0218694473E-06  -1.3673101789E-11
 ST_AU  2   1.0218694473E-06   2.4622937161E-09  -2.3893399264E-11
 ST_AU  3  -1.3673101789E-11  -2.3893399264E-11  -9.3743082812E-06
; Cell optimization at step  9, max(stress):  0.9374E-05, total energy:  -42.575613    ;
  dV of each real space grid is now    4.9885902433165055E-002
 Cell length (Bohr)    5.304E+00   5.304E+00   8.668E+01
 Angle     (Degree)    9.000E+01   9.000E+01   6.000E+01
 Volume    (Bohr^3)    2.112E+03
  dV of each real space grid is now    4.9885902433165055E-002
 Cell length (Bohr)    5.304E+00   5.304E+00   8.668E+01
 Angle     (Degree)    9.000E+01   9.000E+01   6.000E+01
 Volume    (Bohr^3)    2.112E+03

 ------------------------------------------------------------------------------
                           SETUP EWALD 
 (Ewald) eta                             :   0.6867    
 (Ewald) Real Space Cutoff               :    7.503     (Bohr)
 (Ewald) Reciprocal Cutoff               :    7.700     (1/Bohr)

 ------------------------------------------------------------------------------
                           SETUP PLANE WAVE 
 Read in WT kernel.
 kernel file name  : 5PROFESS_KERNEL.dat           
 KEDF type         :     4
 Fermi vector      :   1.182014212099E+00
 Reference density :  -1.000000000000E+00
 Mesh points       :   200002
 Fermi vector in this cell is    1.8879545165470519     
 Fermi vector from kernel file is    1.1820142120987149     
 First qNorm is    0.0000000000000000     
 size of Wang-Teter kernel in this run is            8          14         216
 Max |G| in this calculation is   1.728866215998E+01
 Max eta used from kernel is   9.157350989367E+00

 ------------------------------------------------------------------------------
                           REFRESH ION POSITIONS
  
 Calculating Ion-Ion Energy ...                   complete.     0.006 s
  
 Calculating Ion-Electron Potential (spline) ... 
 complete.     0.006 s
 Rescale the total density from   2.993561 to         60

 ------------------------------------------------------------------------------
                           DENSITY OPTIMIZATION
 Electron number for spin            1  is    59.999999999999694     
 Cell Volume      :           312.961597 Angstrom^3
 Ion number       :                   20
 Electron number  :            60.000000
 Ion density      :             0.063906 Ion/Angstrom^3
 Electron density :             0.191717 Electron/Angstrom^3
  
 Calculating Ion-Ion Forces ...                complete.     0.006 s
  
 Calculating Ion-Electron Forces (spline) ...  complete.     0.004 s
  ------ ION (GRADIENT METHOD) STEP            1  ------
  
 Calculating Ion-Electron Stress (spline) ...  complete.     0.008 s
  
 Calculating Ion-Ion Stress ...                complete.     0.003 s
  
 ------------------------------------------------------------------------------
                         LATTICE VECTORS (Angstrom)
 LAT 1           2.806844        0.000000        0.000000
 LAT 2           1.403422        2.430798        0.000000
 LAT 3           0.000000        0.000000       45.869494
 ------------------------------------------------------------------------------
                                STRESS (GPa)
 ST_GPa 1        0.043666        0.029891       -0.000000
 ST_GPa 2        0.029891        0.009152       -0.000001
 ST_GPa 3       -0.000000       -0.000001       -0.258298
  
 --------------------------------------------------
 STRESS (a.u.)
 --------------------------------------------------
 ST_AU  1   1.4841927942E-06   1.0159880570E-06  -1.3842078347E-11
 ST_AU  2   1.0159880570E-06   3.1106602151E-07  -2.4006115781E-11
 ST_AU  3  -1.3842078347E-11  -2.4006115781E-11  -8.7793606706E-06
; Cell optimization at step 10, max(stress):  0.8779E-05, total energy:  -42.575616    ;
  dV of each real space grid is now    4.9893524893951581E-002
 Cell length (Bohr)    5.304E+00   5.304E+00   8.669E+01
 Angle     (Degree)    9.000E+01   9.000E+01   6.000E+01
 Volume    (Bohr^3)    2.112E+03
  dV of each real space grid is now    4.9893524893951581E-002
 Cell length (Bohr)    5.304E+00   5.304E+00   8.669E+01
 Angle     (Degree)    9.000E+01   9.000E+01   6.000E+01
 Volume    (Bohr^3)    2.112E+03

 ------------------------------------------------------------------------------
                           SETUP EWALD 
 (Ewald) eta                             :   0.6867    
 (Ewald) Real Space Cutoff               :    7.503     (Bohr)
 (Ewald) Reciprocal Cutoff               :    7.700     (1/Bohr)

 ------------------------------------------------------------------------------
                           SETUP PLANE WAVE 
 Read in WT kernel.
 kernel file name  : 5PROFESS_KERNEL.dat           
 KEDF type         :     4
 Fermi vector      :   1.182014212099E+00
 Reference density :  -1.000000000000E+00
 Mesh points       :   200002
 Fermi vector in this cell is    1.8878583678503071     
 Fermi vector from kernel file is    1.1820142120987149     
 First qNorm is    0.0000000000000000     
 size of Wang-Teter kernel in this run is            8          14         216
 Max |G| in this calculation is   1.728812062707E+01
 Max eta used from kernel is   9.157530523201E+00

 ------------------------------------------------------------------------------
                           REFRESH ION POSITIONS
  
 Calculating Ion-Ion Energy ...                   complete.     0.006 s
  
 Calculating Ion-Electron Potential (spline) ... 
 complete.     0.006 s
 Rescale the total density from   2.994069 to         60

 ------------------------------------------------------------------------------
                           DENSITY OPTIMIZATION
 Electron number for spin            1  is    60.000000000000931     
 Cell Volume      :           313.009416 Angstrom^3
 Ion number       :                   20
 Electron number  :            60.000000
 Ion density      :             0.063896 Ion/Angstrom^3
 Electron density :             0.191688 Electron/Angstrom^3
  
 Calculating Ion-Ion Forces ...                complete.     0.007 s
  
 Calculating Ion-Electron Forces (spline) ...  complete.     0.004 s
  ------ ION (GRADIENT METHOD) STEP            1  ------
  
 Calculating Ion-Electron Stress (spline) ...  complete.     0.008 s
  
 Calculating Ion-Ion Stress ...                complete.     0.003 s
  
 ------------------------------------------------------------------------------
                         LATTICE VECTORS (Angstrom)
 LAT 1           2.806844        0.000000        0.000000
 LAT 2           1.403422        2.430798        0.000000
 LAT 3           0.000000        0.000000       45.876503
 ------------------------------------------------------------------------------
                                STRESS (GPa)
 ST_GPa 1        0.053533        0.029695       -0.000000
 ST_GPa 2        0.029695        0.019245       -0.000001
 ST_GPa 3       -0.000000       -0.000001       -0.238497
  
 --------------------------------------------------
 STRESS (a.u.)
 --------------------------------------------------
 ST_AU  1   1.8195404923E-06   1.0093110320E-06  -1.4124091176E-11
 ST_AU  2   1.0093110320E-06   6.5412353781E-07  -2.4152673423E-11
 ST_AU  3  -1.4124091176E-11  -2.4152673423E-11  -8.1063425688E-06
; Cell optimization at step 11, max(stress):  0.8106E-05, total energy:  -42.575619    ;
  dV of each real space grid is now    4.9901970649491784E-002
 Cell length (Bohr)    5.304E+00   5.304E+00   8.671E+01
 Angle     (Degree)    9.000E+01   9.000E+01   6.000E+01
 Volume    (Bohr^3)    2.113E+03
  dV of each real space grid is now    4.9901970649491784E-002
 Cell length (Bohr)    5.304E+00   5.304E+00   8.671E+01
 Angle     (Degree)    9.000E+01   9.000E+01   6.000E+01
 Volume    (Bohr^3)    2.113E+03

 ------------------------------------------------------------------------------
                           SETUP EWALD 
 (Ewald) eta                             :   0.6867    
 (Ewald) Real Space Cutoff               :    7.503     (Bohr)
 (Ewald) Reciprocal Cutoff               :    7.700     (1/Bohr)

 ------------------------------------------------------------------------------
                           SETUP PLANE WAVE 
 Read in WT kernel.
 kernel file name  : 5PROFESS_KERNEL.dat           
 KEDF type         :     4
 Fermi vector      :   1.182014212099E+00
 Reference density :  -1.000000000000E+00
 Mesh points       :   200002
 Fermi vector in this cell is    1.8877518570942555     
 Fermi vector from kernel file is    1.1820142120987149     
 First qNorm is    0.0000000000000000     
 size of Wang-Teter kernel in this run is            8          14         216
 Max |G| in this calculation is   1.728752087369E+01
 Max eta used from kernel is   9.157729501747E+00

 ------------------------------------------------------------------------------
                           REFRESH ION POSITIONS
  
 Calculating Ion-Ion Energy ...                   complete.     0.005 s
  
 Calculating Ion-Electron Potential (spline) ... 
 complete.     0.006 s
 Rescale the total density from   2.994625 to         60

 ------------------------------------------------------------------------------
                           DENSITY OPTIMIZATION
 Electron number for spin            1  is    59.999999999999872     
 Cell Volume      :           313.062401 Angstrom^3
 Ion number       :                   20
 Electron number  :            60.000000
 Ion density      :             0.063885 Ion/Angstrom^3
 Electron density :             0.191655 Electron/Angstrom^3
  
 Calculating Ion-Ion Forces ...                complete.     0.007 s
  
 Calculating Ion-Electron Forces (spline) ...  complete.     0.004 s
  ------ ION (GRADIENT METHOD) STEP            1  ------
  
 Calculating Ion-Electron Stress (spline) ...  complete.     0.008 s
  
 Calculating Ion-Ion Stress ...                complete.     0.003 s
  
 ------------------------------------------------------------------------------
                         LATTICE VECTORS (Angstrom)
 LAT 1           2.806844        0.000000        0.000000
 LAT 2           1.403422        2.430798        0.000000
 LAT 3           0.000000        0.000000       45.884269
 ------------------------------------------------------------------------------
                                STRESS (GPa)
 ST_GPa 1        0.064568        0.029478       -0.000000
 ST_GPa 2        0.029478        0.030531       -0.000001
 ST_GPa 3       -0.000000       -0.000001       -0.216773
  
 --------------------------------------------------
 STRESS (a.u.)
 --------------------------------------------------
 ST_AU  1   2.1946273849E-06   1.0019486707E-06  -1.4188215376E-11
 ST_AU  2   1.0019486707E-06   1.0377118027E-06  -2.4173266364E-11
 ST_AU  3  -1.4188215376E-11  -2.4173266364E-11  -7.3679638103E-06
; Cell optimization at step 12, max(stress):  0.7368E-05, total energy:  -42.575622    ;
  dV of each real space grid is now    4.9911182402482913E-002
 Cell length (Bohr)    5.304E+00   5.304E+00   8.672E+01
 Angle     (Degree)    9.000E+01   9.000E+01   6.000E+01
 Volume    (Bohr^3)    2.113E+03
  dV of each real space grid is now    4.9911182402482913E-002
 Cell length (Bohr)    5.304E+00   5.304E+00   8.672E+01
 Angle     (Degree)    9.000E+01   9.000E+01   6.000E+01
 Volume    (Bohr^3)    2.113E+03

 ------------------------------------------------------------------------------
                           SETUP EWALD 
 (Ewald) eta                             :   0.6867    
 (Ewald) Real Space Cutoff               :    7.503     (Bohr)
 (Ewald) Reciprocal Cutoff               :    7.700     (1/Bohr)

 ------------------------------------------------------------------------------
                           SETUP PLANE WAVE 
 Read in WT kernel.
 kernel file name  : 5PROFESS_KERNEL.dat           
 KEDF type         :     4
 Fermi vector      :   1.182014212099E+00
 Reference density :  -1.000000000000E+00
 Mesh points       :   200002
 Fermi vector in this cell is    1.8876357136242767     
 Fermi vector from kernel file is    1.1820142120987149     
 First qNorm is    0.0000000000000000     
 size of Wang-Teter kernel in this run is            8          14         216
 Max |G| in this calculation is   1.728686704839E+01
 Max eta used from kernel is   9.157946590870E+00

 ------------------------------------------------------------------------------
                           REFRESH ION POSITIONS
  
 Calculating Ion-Ion Energy ...                   complete.     0.006 s
  
 Calculating Ion-Electron Potential (spline) ... 
 complete.     0.006 s
 Rescale the total density from   2.995224 to         60

 ------------------------------------------------------------------------------
                           DENSITY OPTIMIZATION
 Electron number for spin            1  is    59.999999999999829     
 Cell Volume      :           313.120192 Angstrom^3
 Ion number       :                   20
 Electron number  :            60.000000
 Ion density      :             0.063873 Ion/Angstrom^3
 Electron density :             0.191620 Electron/Angstrom^3
  
 Calculating Ion-Ion Forces ...                complete.     0.007 s
  
 Calculating Ion-Electron Forces (spline) ...  complete.     0.004 s
  ------ ION (GRADIENT METHOD) STEP            1  ------
  
 Calculating Ion-Electron Stress (spline) ...  complete.     0.008 s
  
 Calculating Ion-Ion Stress ...                complete.     0.004 s
  
 ------------------------------------------------------------------------------
                         LATTICE VECTORS (Angstrom)
 LAT 1           2.806844        0.000000        0.000000
 LAT 2           1.403422        2.430798        0.000000
 LAT 3           0.000000        0.000000       45.892739
 ------------------------------------------------------------------------------
                                STRESS (GPa)
 ST_GPa 1        0.076459        0.029240       -0.000000
 ST_GPa 2        0.029240        0.042697       -0.000001
 ST_GPa 3       -0.000000       -0.000001       -0.192900
  
 --------------------------------------------------
 STRESS (a.u.)
 --------------------------------------------------
 ST_AU  1   2.5987733198E-06   9.9383079953E-07  -1.4237494426E-11
 ST_AU  2   9.9383079953E-07   1.4512313519E-06  -2.4223199932E-11
 ST_AU  3  -1.4237494426E-11  -2.4223199932E-11  -6.5565451219E-06
; Cell optimization at step 13, max(stress):  0.6557E-05, total energy:  -42.575625    ;
  dV of each real space grid is now    4.9921019140397455E-002
 Cell length (Bohr)    5.304E+00   5.304E+00   8.674E+01
 Angle     (Degree)    9.000E+01   9.000E+01   6.000E+01
 Volume    (Bohr^3)    2.113E+03
  dV of each real space grid is now    4.9921019140397455E-002
 Cell length (Bohr)    5.304E+00   5.304E+00   8.674E+01
 Angle     (Degree)    9.000E+01   9.000E+01   6.000E+01
 Volume    (Bohr^3)    2.113E+03

 ------------------------------------------------------------------------------
                           SETUP EWALD 
 (Ewald) eta                             :   0.6867    
 (Ewald) Real Space Cutoff               :    7.503     (Bohr)
 (Ewald) Reciprocal Cutoff               :    7.700     (1/Bohr)

 ------------------------------------------------------------------------------
                           SETUP PLANE WAVE 
 Read in WT kernel.
 kernel file name  : 5PROFESS_KERNEL.dat           
 KEDF type         :     4
 Fermi vector      :   1.182014212099E+00
 Reference density :  -1.000000000000E+00
 Mesh points       :   200002
 Fermi vector in this cell is    1.8875117217811512     
 Fermi vector from kernel file is    1.1820142120987149     
 First qNorm is    0.0000000000000000     
 size of Wang-Teter kernel in this run is            8          14         216
 Max |G| in this calculation is   1.728616923565E+01
 Max eta used from kernel is   9.158178482374E+00

 ------------------------------------------------------------------------------
                           REFRESH ION POSITIONS
  
 Calculating Ion-Ion Energy ...                   complete.     0.006 s
  
 Calculating Ion-Electron Potential (spline) ... 
 complete.     0.006 s
 Rescale the total density from   2.995851 to         60

 ------------------------------------------------------------------------------
                           DENSITY OPTIMIZATION
 Electron number for spin            1  is    60.000000000000938     
 Cell Volume      :           313.181903 Angstrom^3
 Ion number       :                   20
 Electron number  :            60.000000
 Ion density      :             0.063861 Ion/Angstrom^3
 Electron density :             0.191582 Electron/Angstrom^3
  
 Calculating Ion-Ion Forces ...                complete.     0.006 s
  
 Calculating Ion-Electron Forces (spline) ...  complete.     0.004 s
  ------ ION (GRADIENT METHOD) STEP            1  ------
  
 Calculating Ion-Electron Stress (spline) ...  complete.     0.008 s
  
 Calculating Ion-Ion Stress ...                complete.     0.004 s
  
 ------------------------------------------------------------------------------
                         LATTICE VECTORS (Angstrom)
 LAT 1           2.806844        0.000000        0.000000
 LAT 2           1.403422        2.430798        0.000000
 LAT 3           0.000000        0.000000       45.901784
 ------------------------------------------------------------------------------
                                STRESS (GPa)
 ST_GPa 1        0.089309        0.028986       -0.000000
 ST_GPa 2        0.028986        0.055840       -0.000001
 ST_GPa 3       -0.000000       -0.000001       -0.167686
  
 --------------------------------------------------
 STRESS (a.u.)
 --------------------------------------------------
 ST_AU  1   3.0355618119E-06   9.8522404527E-07  -1.4537731708E-11
 ST_AU  2   9.8522404527E-07   1.8979581222E-06  -2.4368224153E-11
 ST_AU  3  -1.4537731708E-11  -2.4368224153E-11  -5.6995485019E-06
; Cell optimization at step 14, max(stress):  0.5700E-05, total energy:  -42.575627    ;
  dV of each real space grid is now    4.9931280330790050E-002
 Cell length (Bohr)    5.304E+00   5.304E+00   8.676E+01
 Angle     (Degree)    9.000E+01   9.000E+01   6.000E+01
 Volume    (Bohr^3)    2.114E+03
  dV of each real space grid is now    4.9931280330790050E-002
 Cell length (Bohr)    5.304E+00   5.304E+00   8.676E+01
 Angle     (Degree)    9.000E+01   9.000E+01   6.000E+01
 Volume    (Bohr^3)    2.114E+03

 ------------------------------------------------------------------------------
                           SETUP EWALD 
 (Ewald) eta                             :   0.6867    
 (Ewald) Real Space Cutoff               :    7.503     (Bohr)
 (Ewald) Reciprocal Cutoff               :    7.700     (1/Bohr)

 ------------------------------------------------------------------------------
                           SETUP PLANE WAVE 
 Read in WT kernel.
 kernel file name  : 5PROFESS_KERNEL.dat           
 KEDF type         :     4
 Fermi vector      :   1.182014212099E+00
 Reference density :  -1.000000000000E+00
 Mesh points       :   200002
 Fermi vector in this cell is    1.8873824144349678     
 Fermi vector from kernel file is    1.1820142120987149     
 First qNorm is    0.0000000000000000     
 size of Wang-Teter kernel in this run is            8          14         216
 Max |G| in this calculation is   1.728544172194E+01
 Max eta used from kernel is   9.158420460917E+00

 ------------------------------------------------------------------------------
                           REFRESH ION POSITIONS
  
 Calculating Ion-Ion Energy ...                   complete.     0.004 s
  
 Calculating Ion-Electron Potential (spline) ... 
 complete.     0.004 s
 Rescale the total density from   2.996493 to         60

 ------------------------------------------------------------------------------
                           DENSITY OPTIMIZATION
 Electron number for spin            1  is    60.000000000000448     
 Cell Volume      :           313.246277 Angstrom^3
 Ion number       :                   20
 Electron number  :            60.000000
 Ion density      :             0.063848 Ion/Angstrom^3
 Electron density :             0.191543 Electron/Angstrom^3
  
 Calculating Ion-Ion Forces ...                complete.     0.004 s
  
 Calculating Ion-Electron Forces (spline) ...  complete.     0.003 s
  ------ ION (GRADIENT METHOD) STEP            1  ------
  
 Calculating Ion-Electron Stress (spline) ...  complete.     0.006 s
  
 Calculating Ion-Ion Stress ...                complete.     0.002 s
  
 ------------------------------------------------------------------------------
                         LATTICE VECTORS (Angstrom)
 LAT 1           2.806844        0.000000        0.000000
 LAT 2           1.403422        2.430798        0.000000
 LAT 3           0.000000        0.000000       45.911219
 ------------------------------------------------------------------------------
                                STRESS (GPa)
 ST_GPa 1        0.102515        0.028719       -0.000000
 ST_GPa 2        0.028719        0.069354       -0.000001
 ST_GPa 3       -0.000000       -0.000001       -0.141140
  
 --------------------------------------------------
 STRESS (a.u.)
 --------------------------------------------------
 ST_AU  1   3.4844146017E-06   9.7614013423E-07  -1.4578247619E-11
 ST_AU  2   9.7614013423E-07   2.3572999414E-06  -2.4405992635E-11
 ST_AU  3  -1.4578247619E-11  -2.4405992635E-11  -4.7972644986E-06
; Cell optimization at step 15, max(stress):  0.4797E-05, total energy:  -42.575630    ;
  dV of each real space grid is now    4.9941644445287918E-002
 Cell length (Bohr)    5.304E+00   5.304E+00   8.678E+01
 Angle     (Degree)    9.000E+01   9.000E+01   6.000E+01
 Volume    (Bohr^3)    2.114E+03
  dV of each real space grid is now    4.9941644445287918E-002
 Cell length (Bohr)    5.304E+00   5.304E+00   8.678E+01
 Angle     (Degree)    9.000E+01   9.000E+01   6.000E+01
 Volume    (Bohr^3)    2.114E+03

 ------------------------------------------------------------------------------
                           SETUP EWALD 
 (Ewald) eta                             :   0.6867    
 (Ewald) Real Space Cutoff               :    7.503     (Bohr)
 (Ewald) Reciprocal Cutoff               :    7.700     (1/Bohr)

 ------------------------------------------------------------------------------
                           SETUP PLANE WAVE 
 Read in WT kernel.
 kernel file name  : 5PROFESS_KERNEL.dat           
 KEDF type         :     4
 Fermi vector      :   1.182014212099E+00
 Reference density :  -1.000000000000E+00
 Mesh points       :   200002
 Fermi vector in this cell is    1.8872518460422638     
 Fermi vector from kernel file is    1.1820142120987149     
 First qNorm is    0.0000000000000000     
 size of Wang-Teter kernel in this run is            8          14         216
 Max |G| in this calculation is   1.728470733506E+01
 Max eta used from kernel is   9.158664950469E+00

 ------------------------------------------------------------------------------
                           REFRESH ION POSITIONS
  
 Calculating Ion-Ion Energy ...                   complete.     0.004 s
  
 Calculating Ion-Electron Potential (spline) ... 
 complete.     0.004 s
 Rescale the total density from   2.997121 to         60

 ------------------------------------------------------------------------------
                           DENSITY OPTIMIZATION
 Electron number for spin            1  is    60.000000000000085     
 Cell Volume      :           313.311297 Angstrom^3
 Ion number       :                   20
 Electron number  :            60.000000
 Ion density      :             0.063834 Ion/Angstrom^3
 Electron density :             0.191503 Electron/Angstrom^3
  
 Calculating Ion-Ion Forces ...                complete.     0.004 s
  
 Calculating Ion-Electron Forces (spline) ...  complete.     0.003 s
  ------ ION (GRADIENT METHOD) STEP            1  ------
  
 Calculating Ion-Electron Stress (spline) ...  complete.     0.006 s
  
 Calculating Ion-Ion Stress ...                complete.     0.002 s
  
 ------------------------------------------------------------------------------
                         LATTICE VECTORS (Angstrom)
 LAT 1           2.806844        0.000000        0.000000
 LAT 2           1.403422        2.430798        0.000000
 LAT 3           0.000000        0.000000       45.920748
 ------------------------------------------------------------------------------
                                STRESS (GPa)
 ST_GPa 1        0.116005        0.028450       -0.000000
 ST_GPa 2        0.028450        0.083155       -0.000001
 ST_GPa 3       -0.000000       -0.000001       -0.114612
  
 --------------------------------------------------
 STRESS (a.u.)
 --------------------------------------------------
 ST_AU  1   3.9429320631E-06   9.6700012115E-07  -1.5019414844E-11
 ST_AU  2   9.6700012115E-07   2.8263714539E-06  -2.4646131412E-11
 ST_AU  3  -1.5019414844E-11  -2.4646131412E-11  -3.8955927205E-06
; Cell optimization at step 16, max(stress):  0.3943E-05, total energy:  -42.575632    ;
  dV of each real space grid is now    4.9951743793115261E-002
 Cell length (Bohr)    5.304E+00   5.304E+00   8.680E+01
 Angle     (Degree)    9.000E+01   9.000E+01   6.000E+01
 Volume    (Bohr^3)    2.115E+03
  dV of each real space grid is now    4.9951743793115261E-002
 Cell length (Bohr)    5.304E+00   5.304E+00   8.680E+01
 Angle     (Degree)    9.000E+01   9.000E+01   6.000E+01
 Volume    (Bohr^3)    2.115E+03

 ------------------------------------------------------------------------------
                           SETUP EWALD 
 (Ewald) eta                             :   0.6867    
 (Ewald) Real Space Cutoff               :    7.503     (Bohr)
 (Ewald) Reciprocal Cutoff               :    7.700     (1/Bohr)

 ------------------------------------------------------------------------------
                           SETUP PLANE WAVE 
 Read in WT kernel.
 kernel file name  : 5PROFESS_KERNEL.dat           
 KEDF type         :     4
 Fermi vector      :   1.182014212099E+00
 Reference density :  -1.000000000000E+00
 Mesh points       :   200002
 Fermi vector in this cell is    1.8871246479636190     
 Fermi vector from kernel file is    1.1820142120987149     
 First qNorm is    0.0000000000000000     
 size of Wang-Teter kernel in this run is            8          14         216
 Max |G| in this calculation is   1.728399211889E+01
 Max eta used from kernel is   9.158903275172E+00

 ------------------------------------------------------------------------------
                           REFRESH ION POSITIONS
  
 Calculating Ion-Ion Energy ...                   complete.     0.004 s
  
 Calculating Ion-Electron Potential (spline) ... 
 complete.     0.004 s
 Rescale the total density from   2.997711 to         60

 ------------------------------------------------------------------------------
                           DENSITY OPTIMIZATION
 Electron number for spin            1  is    59.999999999999687     
 Cell Volume      :           313.374656 Angstrom^3
 Ion number       :                   20
 Electron number  :            60.000000
 Ion density      :             0.063821 Ion/Angstrom^3
 Electron density :             0.191464 Electron/Angstrom^3
  
 Calculating Ion-Ion Forces ...                complete.     0.004 s
  
 Calculating Ion-Electron Forces (spline) ...  complete.     0.003 s
  ------ ION (GRADIENT METHOD) STEP            1  ------
  
 Calculating Ion-Electron Stress (spline) ...  complete.     0.006 s
  
 Calculating Ion-Ion Stress ...                complete.     0.002 s
  
 ------------------------------------------------------------------------------
                         LATTICE VECTORS (Angstrom)
 LAT 1           2.806844        0.000000        0.000000
 LAT 2           1.403422        2.430798        0.000000
 LAT 3           0.000000        0.000000       45.930035
 ------------------------------------------------------------------------------
                                STRESS (GPa)
 ST_GPa 1        0.129077        0.028187       -0.000000
 ST_GPa 2        0.028187        0.096530       -0.000001
 ST_GPa 3       -0.000000       -0.000001       -0.088710
  
 --------------------------------------------------
 STRESS (a.u.)
 --------------------------------------------------
 ST_AU  1   4.3872488037E-06   9.5807253836E-07  -1.5218022514E-11
 ST_AU  2   9.5807253836E-07   3.2809968466E-06  -2.4763933300E-11
 ST_AU  3  -1.5218022514E-11  -2.4763933300E-11  -3.0152082259E-06
; Cell optimization at step 17, max(stress):  0.4387E-05, total energy:  -42.575634    ;
  dV of each real space grid is now    4.9961124127918366E-002
 Cell length (Bohr)    5.304E+00   5.304E+00   8.681E+01
 Angle     (Degree)    9.000E+01   9.000E+01   6.000E+01
 Volume    (Bohr^3)    2.115E+03
  dV of each real space grid is now    4.9961124127918366E-002
 Cell length (Bohr)    5.304E+00   5.304E+00   8.681E+01
 Angle     (Degree)    9.000E+01   9.000E+01   6.000E+01
 Volume    (Bohr^3)    2.115E+03

 ------------------------------------------------------------------------------
                           SETUP EWALD 
 (Ewald) eta                             :   0.6867    
 (Ewald) Real Space Cutoff               :    7.503     (Bohr)
 (Ewald) Reciprocal Cutoff               :    7.700     (1/Bohr)

 ------------------------------------------------------------------------------
                           SETUP PLANE WAVE 
 Read in WT kernel.
 kernel file name  : 5PROFESS_KERNEL.dat           
 KEDF type         :     4
 Fermi vector      :   1.182014212099E+00
 Reference density :  -1.000000000000E+00
 Mesh points       :   200002
 Fermi vector in this cell is    1.8870065363365294     
 Fermi vector from kernel file is    1.1820142120987149     
 First qNorm is    0.0000000000000000     
 size of Wang-Teter kernel in this run is            8          14         216
 Max |G| in this calculation is   1.728332818382E+01
 Max eta used from kernel is   9.159124704131E+00

 ------------------------------------------------------------------------------
                           REFRESH ION POSITIONS
  
 Calculating Ion-Ion Energy ...                   complete.     0.004 s
  
 Calculating Ion-Electron Potential (spline) ... 
 complete.     0.004 s
 Rescale the total density from   2.998230 to         60

 ------------------------------------------------------------------------------
                           DENSITY OPTIMIZATION
 Electron number for spin            1  is    60.000000000000021     
 Cell Volume      :           313.433504 Angstrom^3
 Ion number       :                   20
 Electron number  :            60.000000
 Ion density      :             0.063809 Ion/Angstrom^3
 Electron density :             0.191428 Electron/Angstrom^3
  
 Calculating Ion-Ion Forces ...                complete.     0.004 s
  
 Calculating Ion-Electron Forces (spline) ...  complete.     0.003 s
  ------ ION (GRADIENT METHOD) STEP            1  ------
  
 Calculating Ion-Electron Stress (spline) ...  complete.     0.005 s
  
 Calculating Ion-Ion Stress ...                complete.     0.002 s
  
 ------------------------------------------------------------------------------
                         LATTICE VECTORS (Angstrom)
 LAT 1           2.806844        0.000000        0.000000
 LAT 2           1.403422        2.430798        0.000000
 LAT 3           0.000000        0.000000       45.938660
 ------------------------------------------------------------------------------
                                STRESS (GPa)
 ST_GPa 1        0.141194        0.027942       -0.000000
 ST_GPa 2        0.027942        0.108930       -0.000001
 ST_GPa 3       -0.000000       -0.000001       -0.064691
  
 --------------------------------------------------
 STRESS (a.u.)
 --------------------------------------------------
 ST_AU  1   4.7990883812E-06   9.4972708466E-07  -1.5428596228E-11
 ST_AU  2   9.4972708466E-07   3.7024727907E-06  -2.4909932625E-11
 ST_AU  3  -1.5428596228E-11  -2.4909932625E-11  -2.1988042025E-06
; Cell optimization at step 18, max(stress):  0.4799E-05, total energy:  -42.575635    ;
  dV of each real space grid is now    4.9969332723029697E-002
 Cell length (Bohr)    5.304E+00   5.304E+00   8.683E+01
 Angle     (Degree)    9.000E+01   9.000E+01   6.000E+01
 Volume    (Bohr^3)    2.116E+03
  dV of each real space grid is now    4.9969332723029697E-002
 Cell length (Bohr)    5.304E+00   5.304E+00   8.683E+01
 Angle     (Degree)    9.000E+01   9.000E+01   6.000E+01
 Volume    (Bohr^3)    2.116E+03

 ------------------------------------------------------------------------------
                           SETUP EWALD 
 (Ewald) eta                             :   0.6867    
 (Ewald) Real Space Cutoff               :    7.503     (Bohr)
 (Ewald) Reciprocal Cutoff               :    7.700     (1/Bohr)

 ------------------------------------------------------------------------------
                           SETUP PLANE WAVE 
 Read in WT kernel.
 kernel file name  : 5PROFESS_KERNEL.dat           
 KEDF type         :     4
 Fermi vector      :   1.182014212099E+00
 Reference density :  -1.000000000000E+00
 Mesh points       :   200002
 Fermi vector in this cell is    1.8869032028181554     
 Fermi vector from kernel file is    1.1820142120987149     
 First qNorm is    0.0000000000000000     
 size of Wang-Teter kernel in this run is            8          14         216
 Max |G| in this calculation is   1.728274746968E+01
 Max eta used from kernel is   9.159318529888E+00

 ------------------------------------------------------------------------------
                           REFRESH ION POSITIONS
  
 Calculating Ion-Ion Energy ...                   complete.     0.004 s
  
 Calculating Ion-Electron Potential (spline) ... 
 complete.     0.004 s
 Rescale the total density from   2.998653 to         60

 ------------------------------------------------------------------------------
                           DENSITY OPTIMIZATION
 Electron number for spin            1  is    60.000000000000085     
 Cell Volume      :           313.485001 Angstrom^3
 Ion number       :                   20
 Electron number  :            60.000000
 Ion density      :             0.063799 Ion/Angstrom^3
 Electron density :             0.191397 Electron/Angstrom^3
  
 Calculating Ion-Ion Forces ...                complete.     0.004 s
  
 Calculating Ion-Electron Forces (spline) ...  complete.     0.003 s
  ------ ION (GRADIENT METHOD) STEP            1  ------
  
 Calculating Ion-Electron Stress (spline) ...  complete.     0.005 s
  
 Calculating Ion-Ion Stress ...                complete.     0.002 s
  
 ------------------------------------------------------------------------------
                         LATTICE VECTORS (Angstrom)
 LAT 1           2.806844        0.000000        0.000000
 LAT 2           1.403422        2.430798        0.000000
 LAT 3           0.000000        0.000000       45.946207
 ------------------------------------------------------------------------------
                                STRESS (GPa)
 ST_GPa 1        0.151761        0.027726       -0.000000
 ST_GPa 2        0.027726        0.119748       -0.000001
 ST_GPa 3       -0.000000       -0.000001       -0.043680
  
 --------------------------------------------------
 STRESS (a.u.)
 --------------------------------------------------
 ST_AU  1   5.1582659242E-06   9.4237734689E-07  -1.5757524520E-11
 ST_AU  2   9.4237734689E-07   4.0701369248E-06  -2.5054639023E-11
 ST_AU  3  -1.5757524520E-11  -2.5054639023E-11  -1.4846541579E-06
; Cell optimization at step 19, max(stress):  0.5158E-05, total energy:  -42.575636    ;
  dV of each real space grid is now    4.9975983751719841E-002
 Cell length (Bohr)    5.304E+00   5.304E+00   8.684E+01
 Angle     (Degree)    9.000E+01   9.000E+01   6.000E+01
 Volume    (Bohr^3)    2.116E+03
  dV of each real space grid is now    4.9975983751719841E-002
 Cell length (Bohr)    5.304E+00   5.304E+00   8.684E+01
 Angle     (Degree)    9.000E+01   9.000E+01   6.000E+01
 Volume    (Bohr^3)    2.116E+03

 ------------------------------------------------------------------------------
                           SETUP EWALD 
 (Ewald) eta                             :   0.6867    
 (Ewald) Real Space Cutoff               :    7.503     (Bohr)
 (Ewald) Reciprocal Cutoff               :    7.700     (1/Bohr)

 ------------------------------------------------------------------------------
                           SETUP PLANE WAVE 
 Read in WT kernel.
 kernel file name  : 5PROFESS_KERNEL.dat           
 KEDF type         :     4
 Fermi vector      :   1.182014212099E+00
 Reference density :  -1.000000000000E+00
 Mesh points       :   200002
 Fermi vector in this cell is    1.8868194932496354     
 Fermi vector from kernel file is    1.1820142120987149     
 First qNorm is    0.0000000000000000     
 size of Wang-Teter kernel in this run is            8          14         216
 Max |G| in this calculation is   1.728227714056E+01
 Max eta used from kernel is   9.159475616182E+00

 ------------------------------------------------------------------------------
                           REFRESH ION POSITIONS
  
 Calculating Ion-Ion Energy ...                   complete.     0.004 s
  
 Calculating Ion-Electron Potential (spline) ... 
 complete.     0.004 s
 Rescale the total density from   2.998958 to         60

 ------------------------------------------------------------------------------
                           DENSITY OPTIMIZATION
 Electron number for spin            1  is    59.999999999999382     
 Cell Volume      :           313.526726 Angstrom^3
 Ion number       :                   20
 Electron number  :            60.000000
 Ion density      :             0.063790 Ion/Angstrom^3
 Electron density :             0.191371 Electron/Angstrom^3
  
 Calculating Ion-Ion Forces ...                complete.     0.004 s
  
 Calculating Ion-Electron Forces (spline) ...  complete.     0.003 s
  ------ ION (GRADIENT METHOD) STEP            1  ------
  
 Calculating Ion-Electron Stress (spline) ...  complete.     0.005 s
  
 Calculating Ion-Ion Stress ...                complete.     0.002 s
  
 ------------------------------------------------------------------------------
                         LATTICE VECTORS (Angstrom)
 LAT 1           2.806844        0.000000        0.000000
 LAT 2           1.403422        2.430798        0.000000
 LAT 3           0.000000        0.000000       45.952323
 ------------------------------------------------------------------------------
                                STRESS (GPa)
 ST_GPa 1        0.160377        0.027550       -0.000000
 ST_GPa 2        0.027550        0.128566       -0.000001
 ST_GPa 3       -0.000000       -0.000001       -0.026778
  
 --------------------------------------------------
 STRESS (a.u.)
 --------------------------------------------------
 ST_AU  1   5.4511133554E-06   9.3641843884E-07  -1.5820868311E-11
 ST_AU  2   9.3641843884E-07   4.3698651862E-06  -2.5108783564E-11
 ST_AU  3  -1.5820868311E-11  -2.5108783564E-11  -9.1017725645E-07
; Cell optimization at step 20, max(stress):  0.5451E-05, total energy:  -42.575636    ;
  dV of each real space grid is now    4.9980876701378435E-002
 Cell length (Bohr)    5.304E+00   5.304E+00   8.685E+01
 Angle     (Degree)    9.000E+01   9.000E+01   6.000E+01
 Volume    (Bohr^3)    2.116E+03
  dV of each real space grid is now    4.9980876701378435E-002
 Cell length (Bohr)    5.304E+00   5.304E+00   8.685E+01
 Angle     (Degree)    9.000E+01   9.000E+01   6.000E+01
 Volume    (Bohr^3)    2.116E+03

 ------------------------------------------------------------------------------
                           SETUP EWALD 
 (Ewald) eta                             :   0.6867    
 (Ewald) Real Space Cutoff               :    7.503     (Bohr)
 (Ewald) Reciprocal Cutoff               :    7.700     (1/Bohr)

 ------------------------------------------------------------------------------
                           SETUP PLANE WAVE 
 Read in WT kernel.
 kernel file name  : 5PROFESS_KERNEL.dat           
 KEDF type         :     4
 Fermi vector      :   1.182014212099E+00
 Reference density :  -1.000000000000E+00
 Mesh points       :   200002
 Fermi vector in this cell is    1.8867579202728977     
 Fermi vector from kernel file is    1.1820142120987149     
 First qNorm is    0.0000000000000000     
 size of Wang-Teter kernel in this run is            8          14         216
 Max |G| in this calculation is   1.728193124613E+01
 Max eta used from kernel is   9.159591201625E+00

 ------------------------------------------------------------------------------
                           REFRESH ION POSITIONS
  
 Calculating Ion-Ion Energy ...                   complete.     0.004 s
  
 Calculating Ion-Electron Potential (spline) ... 
 complete.     0.004 s
 Rescale the total density from   2.999146 to         60

 ------------------------------------------------------------------------------
                           DENSITY OPTIMIZATION
 Electron number for spin            1  is    60.000000000000590     
 Cell Volume      :           313.557422 Angstrom^3
 Ion number       :                   20
 Electron number  :            60.000000
 Ion density      :             0.063784 Ion/Angstrom^3
 Electron density :             0.191353 Electron/Angstrom^3
  
 Calculating Ion-Ion Forces ...                complete.     0.005 s
  
 Calculating Ion-Electron Forces (spline) ...  complete.     0.003 s
  ------ ION (GRADIENT METHOD) STEP            1  ------
  
 Calculating Ion-Electron Stress (spline) ...  complete.     0.006 s
  
 Calculating Ion-Ion Stress ...                complete.     0.003 s
  
 ------------------------------------------------------------------------------
                         LATTICE VECTORS (Angstrom)
 LAT 1           2.806844        0.000000        0.000000
 LAT 2           1.403422        2.430798        0.000000
 LAT 3           0.000000        0.000000       45.956822
 ------------------------------------------------------------------------------
                                STRESS (GPa)
 ST_GPa 1        0.166697        0.027422       -0.000000
 ST_GPa 2        0.027422        0.135035       -0.000001
 ST_GPa 3       -0.000000       -0.000001       -0.014343
  
 --------------------------------------------------
 STRESS (a.u.)
 --------------------------------------------------
 ST_AU  1   5.6659246471E-06   9.3203917818E-07  -1.5897652267E-11
 ST_AU  2   9.3203917818E-07   4.5897331368E-06  -2.5168294025E-11
 ST_AU  3  -1.5897652267E-11  -2.5168294025E-11  -4.8751557443E-07
; Cell optimization at step 21, max(stress):  0.5666E-05, total energy:  -42.575636    ;
##############################################################################
#                               FINAL ENERGIES                       time    #
##############################################################################
# Thomas-Fermi Kin. Energy =   4.434346213231E+02 eV                 0.000 s #
# Von-Weizsacker Kin. Ener =   3.620726214209E+01 eV                 0.000 s #
# Wang-Teter Kinetic Energ =  -1.378642620956E+01 eV                 0.000 s #
#                                                                            #
#     LDA Exch-Corr Energy =  -4.436343988063E+02 eV                 0.000 s #
#         Coulombic Energy =   2.400880753132E+00 eV                 0.000 s #
#      Ion-Electron Energy =   3.121668632797E+02 eV                 0.000 s #
#           Ion-Ion Energy =  -1.495330771963E+03 eV                 0.000 s #
#                                                                            #
#     TOTAL KINETIC ENERGY =   4.658554572556E+02 eV                         #
#   TOTAL POTENTIAL ENERGY =  -1.624397426736E+03 eV                         #
#             TOTAL ENERGY =  -1.158541969481E+03 eV                         #
##############################################################################
  
 ----------------------------- TIME INFORMATION ------------------------------
    PROFESS      :     55.47s WALL    100.00% (       1 calls)    55.47s/call
    InitPROFESS  :      0.44s WALL      0.80% (       1 calls)     0.44s/call
    KEDFRefresh  :      6.95s WALL     12.53% (      21 calls)     0.33s/call
    IonRefresh   :      0.38s WALL      0.69% (      33 calls)     0.01s/call
    EwaldEnergy  :      0.17s WALL      0.31% (      33 calls)     0.01s/call
    Pot_Ion      :      0.09s WALL      0.15% (    1257 calls)     0.00s/call
    Pot_Har      :      3.03s WALL      5.46% (    1257 calls)     0.00s/call
    Pot_Exc      :      7.05s WALL     12.72% (    1257 calls)     0.01s/call
    Pot_KEDF     :     34.27s WALL     61.79% (    1257 calls)     0.03s/call
    VWPotSqrPlus :      2.39s WALL      4.32% (    1257 calls)     0.00s/call
    NextGradient :      0.08s WALL      0.14% (     118 calls)     0.00s/call
    CalForce     :      0.37s WALL      0.66% (      33 calls)     0.01s/call
    EwaldForces  :      0.20s WALL      0.37% (      33 calls)     0.01s/call
    CalStress    :      1.05s WALL      1.89% (      21 calls)     0.05s/call
    EwaldStress  :      0.07s WALL      0.12% (      21 calls)     0.00s/call
 -----------------------------------------------------------------------------
 ------------------------------- TOTAL ---------------------------------------
    PROFESS      :     55.47s WALL    100.00% (       1 calls)    55.47s/call
 -----------------------------------------------------------------------------

Run completed on: 08/13/2021 at 22:06:04 
  
