 ******************************************************************************
                             WELCOME TO PROFESS                   
            (PRinceton Orbital-Free Electronic Structure Software) 
 ******************************************************************************

 ------------------------------------------------------------------------------
                           READ GEOMETRY
 Cell length (Bohr)    1.366E+01   1.366E+01   1.366E+01
 Angle     (Degree)    9.000E+01   9.000E+01   9.000E+01
 Volume    (Bohr^3)    2.547E+03

 ------------------------------------------------------------------------------
                           READ PSEUDOPOTENTIAL
 Total electron number in ReadPseudo is    64.000000000000000     
 (System) Machine Precision              :    2.2204460492503131E-016

 ------------------------------------------------------------------------------
                           SETUP FFT
 Global FFT Dimension :    70   70   70
 Dimension of rho for this processor : 
 xmin, xmax :            0          69
 ymin, ymax :            0          69
 zmin, zmax :            0          69
 Total electron number =    64.000000000000000     
 Uniform rhoR =    2.5125181230990900E-002
 (GB INFO) FFT size      :       70      70      70
 (GB INFO) FFT offset    :        0
 (GB INFO) FFT G size    :       36      70      70
 (GB INFO) FFT G offset  :        0

 ------------------------------------------------------------------------------
                           SETUP KEDF
 kinetic energy density functional number is           11
 ( 1=TF, 2=VW, 3=TF+VW, 4=WT,  5=WGC,  
   7=LQ, 8=HQ, 10=CAT,  11=HC, 12=WGCD,
   15=GGA, 16=WGCD+GGA, 17=EVT, 18=EVC )
 qTable dimension:    36   70   70
 rhoS=   2.5125181230990900E-002
 rho0=   2.5125181230990900E-002
 coefficients for TF KEDF is     1.000000
 coefficients for VW KEDF is     1.000000
 Lambda in HC10 is set to     0.010000
 ALPHA  in HC10 is set to     2.016667
 BETA   in HC10 is set to     0.650000
 Sum of alpha and beta is     2.666667
  dV of each real space grid is now    7.4263711599679488E-003
 Cell length (Bohr)    1.366E+01   1.366E+01   1.366E+01
 Angle     (Degree)    9.000E+01   9.000E+01   9.000E+01
 Volume    (Bohr^3)    2.547E+03

 ------------------------------------------------------------------------------
                           SETUP EWALD 
 (Ewald) eta                             :    1.200    
 (Ewald) Real Space Cutoff               :    6.000     (Bohr)
 (Ewald) Reciprocal Cutoff               :    15.87     (1/Bohr)

 ------------------------------------------------------------------------------
                           SETUP PLANE WAVE 

 ------------------------------------------------------------------------------
                           REFRESH ION POSITIONS
  
 Calculating Ion-Ion Energy ...                   complete.     0.134 s
  
 Calculating Ion-Electron Potential (spline) ... 
 complete.     0.121 s

 ------------------------------------------------------------------------------
                           DENSITY OPTIMIZATION
 Electron number for spin            1  is    63.999999999606722     
 Cell Volume      :           377.462806 Angstrom^3
 Ion number       :                   16
 Electron number  :            64.000000
 Ion density      :             0.042388 Ion/Angstrom^3
 Electron density :             0.169553 Electron/Angstrom^3
##############################################################################
#                               FINAL ENERGIES                       time    #
##############################################################################
# Thomas-Fermi Kin. Energy =   5.295749179910E+02 eV                 0.000 s #
# Von-Weizsacker Kin. Ener =   1.628857535524E+02 eV                 0.000 s #
#                                                                            #
# GGA(PBE) Exch-Cor Energy =  -4.942192502939E+02 eV                 0.000 s #
#         Coulombic Energy =   9.243730891174E+01 eV                 0.000 s #
#      Ion-Electron Energy =  -1.290745872430E+02 eV                 0.000 s #
#           Ion-Ion Energy =  -1.776218139130E+03 eV                 0.000 s #
#                                                                            #
#     TOTAL KINETIC ENERGY =   5.745172193744E+02 eV                         #
#   TOTAL POTENTIAL ENERGY =  -2.307074667755E+03 eV                         #
#             TOTAL ENERGY =  -1.732557448381E+03 eV                         #
##############################################################################
  
 ----------------------------- TIME INFORMATION ------------------------------
    PROFESS      :   1199.16s WALL    100.00% (       1 calls)  1199.16s/call
    InitPROFESS  :      0.35s WALL      0.03% (       1 calls)     0.35s/call
    KEDFRefresh  :      0.03s WALL      0.00% (       1 calls)     0.03s/call
    IonRefresh   :      0.29s WALL      0.02% (       1 calls)     0.29s/call
    EwaldEnergy  :      0.13s WALL      0.01% (       1 calls)     0.13s/call
    ForwFFT_3D   :    273.58s WALL     22.81% (   31132 calls)     0.01s/call
    BackFFT_3D   :    149.12s WALL     12.44% (   21131 calls)     0.01s/call
    Pot_Ion      :      0.78s WALL      0.07% (     586 calls)     0.00s/call
    Pot_Har      :      8.94s WALL      0.75% (     586 calls)     0.02s/call
    Pot_Exc      :    134.93s WALL     11.25% (     586 calls)     0.23s/call
    PBEPot       :    134.02s WALL     11.18% (     586 calls)     0.23s/call
    Pot_KEDF     :   1042.85s WALL     86.96% (     586 calls)     1.78s/call
    intPot       :   1022.52s WALL     85.27% (     586 calls)     1.74s/call
    MakeXiG      :      6.55s WALL      0.55% (     586 calls)     0.01s/call
    VWPotSqrPlus :      8.37s WALL      0.70% (     586 calls)     0.01s/call
    intPot1      :    284.26s WALL     23.70% (    6171 calls)     0.05s/call
    MakeHC10Kern :     20.47s WALL      1.71% (    6756 calls)     0.00s/call
    intPot2      :    188.79s WALL     15.74% (    6171 calls)     0.03s/call
    intPot3      :    344.91s WALL     28.76% (    6171 calls)     0.06s/call
    intPot4      :    114.85s WALL      9.58% (    6171 calls)     0.02s/call
    NextGradient :      0.71s WALL      0.06% (      62 calls)     0.01s/call
 -----------------------------------------------------------------------------
 ------------------------------- TOTAL ---------------------------------------
    PROFESS      :   1199.16s WALL    100.00% (       1 calls)  1199.16s/call
 -----------------------------------------------------------------------------

Run completed on: 07/30/2024 at 17:28:03 
  
