 ******************************************************************************
                             WELCOME TO PROFESS                   
            (PRinceton Orbital-Free Electronic Structure Software) 
 ******************************************************************************

 ------------------------------------------------------------------------------
                           READ GEOMETRY
 Cell length (Bohr)    7.503E+00   7.503E+00   7.503E+00
 Angle     (Degree)    9.000E+01   9.000E+01   9.000E+01
 Volume    (Bohr^3)    4.223E+02

 ------------------------------------------------------------------------------
                           READ PSEUDOPOTENTIAL
 Total electron number in ReadPseudo is    9.0000000000000000     
 (System) Machine Precision              :    2.2204460492503131E-016

 ------------------------------------------------------------------------------
                           SETUP FFT
 Global FFT Dimension :    20   20   20
 Rank/Size in Global Communicator     :            0 /           1
 Rank/Size in Global FFT Communicator :            0 /           1
 Parallel FFT, totX    =    20
 Parallel FFT, totY    =    20
 Parallel FFT, locZ    =    20
 Parallel FFT, locZoff =     0
 Dimension of rho for this processor : 
 xmin, xmax :            0          19
 ymin, ymax :            0          19
 zmin, zmax :            0          19
 Total electron number =    9.0000000000000000     
 Uniform rhoR =    2.1310085441606591E-002
 (GB INFO) FFT size      :       20      20      20
 (GB INFO) FFT offset    :        0
 (GB INFO) FFT G size    :       11      20      20
 (GB INFO) FFT G offset  :        0

 ------------------------------------------------------------------------------
                           SETUP KEDF
 kinetic energy density functional number is            4
 ( 1=TF, 2=VW, 3=TF+VW, 4=WT,  5=WGC,  
   7=LQ, 8=HQ, 10=CAT,  11=HC, 12=WGCD,
   15=GGA, 16=WGCD+GGA, 17=EVT, 18=EVC )
 qTable dimension:    11   20   20
 Coefficient for TF KEDF is     1.0000
 Coefficient for VW KEDF is     1.0000
 Coefficient for alpha in WT KEDF is     0.8333
 Coefficient for beta  in WT KEDF is     0.8333
 rho0 (Electron/Bohr^3) in WGC KEDF is     0.0213
 hold0 =  F
  dV of each real space grid is now    5.2791904710222735E-002
 Cell length (Bohr)    7.503E+00   7.503E+00   7.503E+00
 Angle     (Degree)    9.000E+01   9.000E+01   9.000E+01
 Volume    (Bohr^3)    4.223E+02

 ------------------------------------------------------------------------------
                           SETUP EWALD 
 (Ewald) eta                             :   0.7555    
 (Ewald) Real Space Cutoff               :    6.513     (Bohr)
 (Ewald) Reciprocal Cutoff               :    7.956     (1/Bohr)

 ------------------------------------------------------------------------------
                           SETUP PLANE WAVE 
 Read in WT kernel.
 kernel file name  : 4PROFESS_KERNEL.dat           
 KEDF type         :     4
 Fermi vector      :   1.182014212099E+00
 Reference density :  -1.000000000000E+00
 Mesh points       :   200002
 Fermi vector in this cell is    1.7153999484837947     
 Fermi vector from kernel file is    1.1820142120987149     
 First qNorm is    0.0000000000000000     
 size of Wang-Teter kernel in this run is           11          20          20
 Max |G| in this calculation is   1.450512212167E+01
 Max eta used from kernel is   8.455825205366E+00

 ------------------------------------------------------------------------------
                           REFRESH ION POSITIONS
  
 Calculating Ion-Ion Energy ...                   complete.     0.001 s
  
 Calculating Ion-Electron Potential (spline) ... 
 complete.     0.001 s

 ------------------------------------------------------------------------------
                           DENSITY OPTIMIZATION
 Electron number for spin            1  is    8.9999999999999751     
 Cell Volume      :            62.583625 Angstrom^3
 Ion number       :                    3
 Electron number  :             9.000000
 Ion density      :             0.047936 Ion/Angstrom^3
 Electron density :             0.143808 Electron/Angstrom^3
##############################################################################
#                               FINAL ENERGIES                       time    #
##############################################################################
# Thomas-Fermi Kin. Energy =   5.864598197365E+01 eV                 0.000 s #
# Von-Weizsacker Kin. Ener =   9.140684166708E+00 eV                 0.000 s #
# Wang-Teter Kinetic Energ =  -4.928434443602E+00 eV                 0.000 s #
#                                                                            #
#     LDA Exch-Corr Energy =  -6.254636845742E+01 eV                 0.000 s #
#         Coulombic Energy =   5.223116338586E+00 eV                 0.000 s #
#      Ion-Electron Energy =   1.751317349279E+01 eV                 0.000 s #
#           Ion-Ion Energy =  -1.959653657568E+02 eV                 0.000 s #
#                                                                            #
#     TOTAL KINETIC ENERGY =   6.285823169676E+01 eV                         #
#   TOTAL POTENTIAL ENERGY =  -2.357754443829E+02 eV                         #
#             TOTAL ENERGY =  -1.729172126861E+02 eV                         #
##############################################################################
  
 ----------------------------- TIME INFORMATION ------------------------------
    PROFESS      :      0.64s WALL    100.00% (       1 calls)     0.64s/call
    InitPROFESS  :      0.22s WALL     35.15% (       1 calls)     0.22s/call
    KEDFRefresh  :      0.20s WALL     31.39% (       1 calls)     0.20s/call
    IonRefresh   :      0.00s WALL      0.22% (       1 calls)     0.00s/call
    EwaldEnergy  :      0.00s WALL      0.10% (       1 calls)     0.00s/call
    Pot_Ion      :      0.00s WALL      0.07% (      76 calls)     0.00s/call
    Pot_Har      :      0.01s WALL      1.41% (      76 calls)     0.00s/call
    Pot_Exc      :      0.06s WALL      9.31% (      76 calls)     0.00s/call
    Pot_KEDF     :      0.24s WALL     38.35% (      76 calls)     0.00s/call
    VWPotSqrPlus :      0.01s WALL      1.41% (      76 calls)     0.00s/call
    NextGradient :      0.00s WALL      0.09% (       7 calls)     0.00s/call
 -----------------------------------------------------------------------------
 ------------------------------- TOTAL ---------------------------------------
    PROFESS      :      0.64s WALL    100.00% (       1 calls)     0.64s/call
 -----------------------------------------------------------------------------

Run completed on: 08/13/2021 at 20:03:34 
  
