 ******************************************************************************
                             WELCOME TO PROFESS                   
            (PRinceton Orbital-Free Electronic Structure Software) 
 ******************************************************************************

 ------------------------------------------------------------------------------
                           READ GEOMETRY
 Cell length (Bohr)    2.019E+01   2.019E+01   2.019E+01
 Angle     (Degree)    9.000E+01   9.000E+01   9.000E+01
 Volume    (Bohr^3)    8.234E+03

 ------------------------------------------------------------------------------
                           READ PSEUDOPOTENTIAL
 Total electron number in ReadPseudo is    252.00000000000000     
 (System) Machine Precision              :    2.2204460492503131E-016

 ------------------------------------------------------------------------------
                           SETUP FFT
 Global FFT Dimension :    56   56   56
 Rank/Size in Global Communicator     :            0 /           1
 Rank/Size in Global FFT Communicator :            0 /           1
 Parallel FFT, totX    =    56
 Parallel FFT, totY    =    56
 Parallel FFT, locZ    =    56
 Parallel FFT, locZoff =     0
 Dimension of rho for this processor : 
 xmin, xmax :            0          55
 ymin, ymax :            0          55
 zmin, zmax :            0          55
 Total electron number =    252.00000000000000     
 Uniform rhoR =    3.0605178911534171E-002
 (GB INFO) FFT size      :       56      56      56
 (GB INFO) FFT offset    :        0
 (GB INFO) FFT G size    :       29      56      56
 (GB INFO) FFT G offset  :        0

 ------------------------------------------------------------------------------
                           SETUP KEDF
 kinetic energy density functional number is            4
 ( 1=TF, 2=VW, 3=TF+VW, 4=WT,  5=WGC,  
   7=LQ, 8=HQ, 10=CAT,  11=HC, 12=WGCD,
   15=GGA, 16=WGCD+GGA, 17=EVT, 18=EVC )
 qTable dimension:    29   56   56
 Coefficient for TF KEDF is     1.0000
 Coefficient for VW KEDF is     1.0000
 Coefficient for alpha in WT KEDF is     0.8333
 Coefficient for beta  in WT KEDF is     0.8333
 rho0 (Electron/Bohr^3) in WGC KEDF is     0.0306
 hold0 =  F
  dV of each real space grid is now    4.6885822289738276E-002
 Cell length (Bohr)    2.019E+01   2.019E+01   2.019E+01
 Angle     (Degree)    9.000E+01   9.000E+01   9.000E+01
 Volume    (Bohr^3)    8.234E+03

 ------------------------------------------------------------------------------
                           SETUP EWALD 
 (Ewald) eta                             :   0.7290    
 (Ewald) Real Space Cutoff               :    7.249     (Bohr)
 (Ewald) Reciprocal Cutoff               :    8.557     (1/Bohr)

 ------------------------------------------------------------------------------
                           SETUP PLANE WAVE 
 Read in WT kernel.
 kernel file name  : 1PROFESS_KERNEL.dat           
 KEDF type         :     4
 Fermi vector      :   1.182014212099E+00
 Reference density :  -1.000000000000E+00
 Mesh points       :   200002
 Fermi vector in this cell is    1.9353906409336279     
 Fermi vector from kernel file is    1.1820142120987149     
 First qNorm is    0.0000000000000000     
 size of Wang-Teter kernel in this run is           29          56          56
 Max |G| in this calculation is   1.509025762892E+01
 Max eta used from kernel is   7.797008681224E+00

 ------------------------------------------------------------------------------
                           REFRESH ION POSITIONS
  
 Calculating Ion-Ion Energy ...                   complete.     0.013 s
  
 Calculating Ion-Electron Potential (spline) ... 
 complete.     0.013 s

 ------------------------------------------------------------------------------
                           DENSITY OPTIMIZATION
 Electron number for spin            1  is    251.99999999971382     
 Cell Volume      :          1220.138164 Angstrom^3
 Ion number       :                   63
 Electron number  :           252.000000
 Ion density      :             0.051633 Ion/Angstrom^3
 Electron density :             0.206534 Electron/Angstrom^3
##############################################################################
#                               FINAL ENERGIES                       time    #
##############################################################################
# Thomas-Fermi Kin. Energy =   2.438331688300E+03 eV                 0.000 s #
# Von-Weizsacker Kin. Ener =   7.427130699589E+02 eV                 0.000 s #
# Wang-Teter Kinetic Energ =  -5.885911058140E+02 eV                 0.000 s #
#                                                                            #
#     LDA Exch-Corr Energy =  -2.070971403420E+03 eV                 0.000 s #
#         Coulombic Energy =   4.911910287460E+02 eV                 0.000 s #
#      Ion-Electron Energy =  -6.830358545528E+02 eV                 0.000 s #
#           Ion-Ion Energy =  -7.231559355375E+03 eV                 0.000 s #
#                                                                            #
#     TOTAL KINETIC ENERGY =   2.592453652445E+03 eV                         #
#   TOTAL POTENTIAL ENERGY =  -9.494375584602E+03 eV                         #
#             TOTAL ENERGY =  -6.901921932157E+03 eV                         #
##############################################################################
  
 ----------------------------- TIME INFORMATION ------------------------------
    PROFESS      :      9.65s WALL    100.00% (       1 calls)     9.65s/call
    InitPROFESS  :      0.24s WALL      2.53% (       1 calls)     0.24s/call
    KEDFRefresh  :      0.20s WALL      2.07% (       1 calls)     0.20s/call
    IonRefresh   :      0.03s WALL      0.31% (       1 calls)     0.03s/call
    EwaldEnergy  :      0.01s WALL      0.14% (       1 calls)     0.01s/call
    Pot_Ion      :      0.02s WALL      0.18% (      92 calls)     0.00s/call
    Pot_Har      :      0.50s WALL      5.17% (      92 calls)     0.01s/call
    Pot_Exc      :      1.45s WALL     14.99% (      92 calls)     0.02s/call
    Pot_KEDF     :      6.95s WALL     72.05% (      92 calls)     0.08s/call
    VWPotSqrPlus :      0.48s WALL      5.01% (      92 calls)     0.01s/call
    NextGradient :      0.02s WALL      0.21% (       9 calls)     0.00s/call
 -----------------------------------------------------------------------------
 ------------------------------- TOTAL ---------------------------------------
    PROFESS      :      9.65s WALL    100.00% (       1 calls)     9.65s/call
 -----------------------------------------------------------------------------

Run completed on: 11/17/2021 at 17:12:24 
  
