 ******************************************************************************
                             WELCOME TO PROFESS                   
            (PRinceton Orbital-Free Electronic Structure Software) 
 ******************************************************************************

 ------------------------------------------------------------------------------
                           READ GEOMETRY
 Cell length (Bohr)    8.213E+00   8.213E+00   1.351E+01
 Angle     (Degree)    9.000E+01   9.000E+01   1.200E+02
 Volume    (Bohr^3)    7.894E+02

 ------------------------------------------------------------------------------
                           READ PSEUDOPOTENTIAL
 Total electron number in ReadPseudo is    16.000000000000000     
 (System) Machine Precision              :    2.2204460492503131E-016

 ------------------------------------------------------------------------------
                           SETUP FFT
 Global FFT Dimension :    42   42   70
 Dimension of rho for this processor : 
 xmin, xmax :            0          41
 ymin, ymax :            0          41
 zmin, zmax :            0          69
 Total electron number =    16.000000000000000     
 Uniform rhoR =    2.0268793268833744E-002
 (GB INFO) FFT size      :       42      42      70
 (GB INFO) FFT offset    :        0
 (GB INFO) FFT G size    :       22      42      70
 (GB INFO) FFT G offset  :        0

 ------------------------------------------------------------------------------
                           SETUP KEDF
 kinetic energy density functional number is           11
 ( 1=TF, 2=VW, 3=TF+VW, 4=WT,  5=WGC,  
   7=LQ, 8=HQ, 10=CAT,  11=HC, 12=WGCD,
   15=GGA, 16=WGCD+GGA, 17=EVT, 18=EVC )
 qTable dimension:    22   42   70
 rhoS=   2.0268793268833744E-002
 rho0=   2.0268793268833744E-002
 coefficients for TF KEDF is     1.000000
 coefficients for VW KEDF is     1.000000
 Lambda in HC10 is set to     0.012000
 ALPHA  in HC10 is set to     1.916667
 BETA   in HC10 is set to     0.750000
 Sum of alpha and beta is     2.666667
  dV of each real space grid is now    6.3928640477557714E-003
 Cell length (Bohr)    8.213E+00   8.213E+00   1.351E+01
 Angle     (Degree)    9.000E+01   9.000E+01   1.200E+02
 Volume    (Bohr^3)    7.894E+02

 ------------------------------------------------------------------------------
                           SETUP EWALD 
 (Ewald) eta                             :    1.200    
 (Ewald) Real Space Cutoff               :    6.000     (Bohr)
 (Ewald) Reciprocal Cutoff               :    15.68     (1/Bohr)

 ------------------------------------------------------------------------------
                           SETUP PLANE WAVE 

 ------------------------------------------------------------------------------
                           REFRESH ION POSITIONS
  
 Calculating Ion-Ion Energy ...                   complete.     0.018 s
  
 Calculating Ion-Electron Potential (spline) ... 
 complete.     0.062 s

 ------------------------------------------------------------------------------
                           DENSITY OPTIMIZATION
 Electron number for spin            1  is    15.999999999977268     
 Cell Volume      :           116.975654 Angstrom^3
 Ion number       :                    4
 Electron number  :            16.000000
 Ion density      :             0.034195 Ion/Angstrom^3
 Electron density :             0.136781 Electron/Angstrom^3
##############################################################################
#                               FINAL ENERGIES                       time    #
##############################################################################
# Thomas-Fermi Kin. Energy =   1.187855567398E+02 eV                 0.000 s #
# Von-Weizsacker Kin. Ener =   3.860550284341E+01 eV                 0.000 s #
#                                                                            #
# GGA(PBE) Exch-Cor Energy =  -1.173899315319E+02 eV                 0.000 s #
#         Coulombic Energy =   2.811858997278E+01 eV                 0.000 s #
#      Ion-Electron Energy =  -2.970052166047E+01 eV                 0.000 s #
#           Ion-Ion Energy =  -4.199882938552E+02 eV                 0.000 s #
#                                                                            #
#     TOTAL KINETIC ENERGY =   1.283182011756E+02 eV                         #
#   TOTAL POTENTIAL ENERGY =  -5.389601570748E+02 eV                         #
#             TOTAL ENERGY =  -4.106419558992E+02 eV                         #
##############################################################################
  
 ----------------------------- TIME INFORMATION ------------------------------
    PROFESS      :   6272.38s WALL    100.00% (       1 calls)  6272.38s/call
    InitPROFESS  :      0.13s WALL      0.00% (       1 calls)     0.13s/call
    KEDFRefresh  :      0.01s WALL      0.00% (       1 calls)     0.01s/call
    IonRefresh   :      0.09s WALL      0.00% (       1 calls)     0.09s/call
    EwaldEnergy  :      0.02s WALL      0.00% (       1 calls)     0.02s/call
    ForwFFT_3D   :   1324.39s WALL     21.11% (   61873 calls)     0.02s/call
    BackFFT_3D   :    673.61s WALL     10.74% (   38667 calls)     0.02s/call
    Pot_Ion      :      3.82s WALL      0.06% (     814 calls)     0.00s/call
    Pot_Har      :     39.38s WALL      0.63% (     814 calls)     0.05s/call
    Pot_Exc      :    731.05s WALL     11.66% (     814 calls)     0.90s/call
    PBEPot       :    726.24s WALL     11.58% (     814 calls)     0.89s/call
    Pot_KEDF     :   5438.07s WALL     86.70% (     814 calls)     6.68s/call
    intPot       :   5353.80s WALL     85.36% (     814 calls)     6.58s/call
    MakeXiG      :     26.70s WALL      0.43% (     814 calls)     0.03s/call
    VWPotSqrPlus :     36.82s WALL      0.59% (     814 calls)     0.05s/call
    intPot1      :   1518.40s WALL     24.21% (   13229 calls)     0.11s/call
    MakeHC10Kern :    158.94s WALL      2.53% (   14042 calls)     0.01s/call
    intPot2      :   1033.63s WALL     16.48% (   13229 calls)     0.08s/call
    intPot3      :   1802.66s WALL     28.74% (   13229 calls)     0.14s/call
    intPot4      :    633.23s WALL     10.10% (   13229 calls)     0.05s/call
    NextGradient :      3.90s WALL      0.06% (      92 calls)     0.04s/call
 -----------------------------------------------------------------------------
 ------------------------------- TOTAL ---------------------------------------
    PROFESS      :   6272.38s WALL    100.00% (       1 calls)  6272.38s/call
 -----------------------------------------------------------------------------

Run completed on: 07/31/2024 at 10:58:11 
  
