 ******************************************************************************
                             WELCOME TO PROFESS                   
            (PRinceton Orbital-Free Electronic Structure Software) 
 ******************************************************************************

 ------------------------------------------------------------------------------
                           READ GEOMETRY
 Cell length (Bohr)    8.230E+00   8.230E+00   8.230E+00
 Angle     (Degree)    9.000E+01   9.000E+01   9.000E+01
 Volume    (Bohr^3)    5.574E+02

 ------------------------------------------------------------------------------
                           READ PSEUDOPOTENTIAL
 Total electron number in ReadPseudo is    9.0000000000000000     
 (System) Machine Precision              :    2.2204460492503131E-016

 ------------------------------------------------------------------------------
                           SETUP FFT
 Global FFT Dimension :    18   18   18
 Rank/Size in Global Communicator     :            0 /           1
 Rank/Size in Global FFT Communicator :            0 /           1
 Parallel FFT, totX    =    18
 Parallel FFT, totY    =    18
 Parallel FFT, locZ    =    18
 Parallel FFT, locZoff =     0
 Dimension of rho for this processor : 
 xmin, xmax :            0          17
 ymin, ymax :            0          17
 zmin, zmax :            0          17
 Total electron number =    9.0000000000000000     
 Uniform rhoR =    1.6147445569027710E-002
 (GB INFO) FFT size      :       18      18      18
 (GB INFO) FFT offset    :        0
 (GB INFO) FFT G size    :       10      18      18
 (GB INFO) FFT G offset  :        0

 ------------------------------------------------------------------------------
                           SETUP KEDF
 kinetic energy density functional number is            4
 ( 1=TF, 2=VW, 3=TF+VW, 4=WT,  5=WGC,  
   7=LQ, 8=HQ, 10=CAT,  11=HC, 12=WGCD,
   15=GGA, 16=WGCD+GGA, 17=EVT, 18=EVC )
 qTable dimension:    10   18   18
 Coefficient for TF KEDF is     1.0000
 Coefficient for VW KEDF is     1.0000
 Coefficient for alpha in WT KEDF is     0.8333
 Coefficient for beta  in WT KEDF is     0.8333
 rho0 (Electron/Bohr^3) in WGC KEDF is     0.0161
 hold0 =  F
  dV of each real space grid is now    9.5569907323498196E-002
 Cell length (Bohr)    8.230E+00   8.230E+00   8.230E+00
 Angle     (Degree)    9.000E+01   9.000E+01   9.000E+01
 Volume    (Bohr^3)    5.574E+02

 ------------------------------------------------------------------------------
                           SETUP EWALD 
 (Ewald) eta                             :   0.6179    
 (Ewald) Real Space Cutoff               :    7.990     (Bohr)
 (Ewald) Reciprocal Cutoff               :    6.490     (1/Bohr)

 ------------------------------------------------------------------------------
                           SETUP PLANE WAVE 
 Read in WT kernel.
 kernel file name  : 8PROFESS_KERNEL.dat           
 KEDF type         :     4
 Fermi vector      :   1.182014212099E+00
 Reference density :  -1.000000000000E+00
 Mesh points       :   200002
 Fermi vector in this cell is    1.5638854488866505     
 Fermi vector from kernel file is    1.1820142120987149     
 First qNorm is    0.0000000000000000     
 size of Wang-Teter kernel in this run is           10          18          18
 Max |G| in this calculation is   1.190154779730E+01
 Max eta used from kernel is   7.610242684829E+00

 ------------------------------------------------------------------------------
                           REFRESH ION POSITIONS
  
 Calculating Ion-Ion Energy ...                   complete.     0.000 s
  
 Calculating Ion-Electron Potential (spline) ... 
 complete.     0.001 s

 ------------------------------------------------------------------------------
                           DENSITY OPTIMIZATION
 Electron number for spin            1  is    9.0000000000005009     
 Cell Volume      :            82.592778 Angstrom^3
 Ion number       :                    4
 Electron number  :             9.000000
 Ion density      :             0.048430 Ion/Angstrom^3
 Electron density :             0.108968 Electron/Angstrom^3
##############################################################################
#                               FINAL ENERGIES                       time    #
##############################################################################
# Thomas-Fermi Kin. Energy =   4.748900337649E+01 eV                 0.000 s #
# Von-Weizsacker Kin. Ener =   6.124830807910E+00 eV                 0.000 s #
# Wang-Teter Kinetic Energ =  -3.206751533500E+00 eV                 0.000 s #
#                                                                            #
#     LDA Exch-Corr Energy =  -5.688923637774E+01 eV                 0.000 s #
#         Coulombic Energy =   2.735538653824E+00 eV                 0.000 s #
#      Ion-Electron Energy =   2.787093095433E+01 eV                 0.000 s #
#           Ion-Ion Energy =  -1.562901387356E+02 eV                 0.000 s #
#                                                                            #
#     TOTAL KINETIC ENERGY =   5.040708265090E+01 eV                         #
#   TOTAL POTENTIAL ENERGY =  -1.825729055052E+02 eV                         #
#             TOTAL ENERGY =  -1.321658228543E+02 eV                         #
##############################################################################
  
 ----------------------------- TIME INFORMATION ------------------------------
    PROFESS      :      0.63s WALL    100.00% (       1 calls)     0.63s/call
    InitPROFESS  :      0.25s WALL     39.12% (       1 calls)     0.25s/call
    KEDFRefresh  :      0.21s WALL     32.85% (       1 calls)     0.21s/call
    IonRefresh   :      0.00s WALL      0.26% (       1 calls)     0.00s/call
    EwaldEnergy  :      0.00s WALL      0.08% (       1 calls)     0.00s/call
    Pot_Ion      :      0.00s WALL      0.05% (      71 calls)     0.00s/call
    Pot_Har      :      0.02s WALL      2.47% (      71 calls)     0.00s/call
    Pot_Exc      :      0.04s WALL      6.68% (      71 calls)     0.00s/call
    Pot_KEDF     :      0.21s WALL     32.70% (      71 calls)     0.00s/call
    VWPotSqrPlus :      0.02s WALL      2.41% (      71 calls)     0.00s/call
    NextGradient :      0.00s WALL      0.07% (       7 calls)     0.00s/call
 -----------------------------------------------------------------------------
 ------------------------------- TOTAL ---------------------------------------
    PROFESS      :      0.63s WALL    100.00% (       1 calls)     0.63s/call
 -----------------------------------------------------------------------------

Run completed on: 11/17/2021 at 21:12:16 
  
