 ******************************************************************************
                             WELCOME TO PROFESS                   
            (PRinceton Orbital-Free Electronic Structure Software) 
 ******************************************************************************

 ------------------------------------------------------------------------------
                           READ GEOMETRY
 Cell length (Bohr)    7.702E+00   7.702E+00   7.702E+00
 Angle     (Degree)    9.000E+01   9.000E+01   9.000E+01
 Volume    (Bohr^3)    4.568E+02

 ------------------------------------------------------------------------------
                           READ PSEUDOPOTENTIAL
 Total electron number in ReadPseudo is    11.000000000000000     
 (System) Machine Precision              :    2.2204460492503131E-016

 ------------------------------------------------------------------------------
                           SETUP FFT
 Global FFT Dimension :    18   18   18
 Rank/Size in Global Communicator     :            0 /           1
 Rank/Size in Global FFT Communicator :            0 /           1
 Parallel FFT, totX    =    18
 Parallel FFT, totY    =    18
 Parallel FFT, locZ    =    18
 Parallel FFT, locZoff =     0
 Dimension of rho for this processor : 
 xmin, xmax :            0          17
 ymin, ymax :            0          17
 zmin, zmax :            0          17
 Total electron number =    11.000000000000000     
 Uniform rhoR =    2.4079332898552006E-002
 (GB INFO) FFT size      :       18      18      18
 (GB INFO) FFT offset    :        0
 (GB INFO) FFT G size    :       10      18      18
 (GB INFO) FFT G offset  :        0

 ------------------------------------------------------------------------------
                           SETUP KEDF
 kinetic energy density functional number is            4
 ( 1=TF, 2=VW, 3=TF+VW, 4=WT,  5=WGC,  
   7=LQ, 8=HQ, 10=CAT,  11=HC, 12=WGCD,
   15=GGA, 16=WGCD+GGA, 17=EVT, 18=EVC )
 qTable dimension:    10   18   18
 Coefficient for TF KEDF is     1.0000
 Coefficient for VW KEDF is     1.0000
 Coefficient for alpha in WT KEDF is     0.8333
 Coefficient for beta  in WT KEDF is     0.8333
 rho0 (Electron/Bohr^3) in WGC KEDF is     0.0241
 hold0 =  F
  dV of each real space grid is now    7.8330467567784876E-002
 Cell length (Bohr)    7.702E+00   7.702E+00   7.702E+00
 Angle     (Degree)    9.000E+01   9.000E+01   9.000E+01
 Volume    (Bohr^3)    4.568E+02

 ------------------------------------------------------------------------------
                           SETUP EWALD 
 (Ewald) eta                             :   0.6549    
 (Ewald) Real Space Cutoff               :    7.609     (Bohr)
 (Ewald) Reciprocal Cutoff               :    6.935     (1/Bohr)

 ------------------------------------------------------------------------------
                           SETUP PLANE WAVE 
 Read in WT kernel.
 kernel file name  : 8PROFESS_KERNEL.dat           
 KEDF type         :     4
 Fermi vector      :   1.182014212099E+00
 Reference density :  -1.000000000000E+00
 Mesh points       :   200002
 Fermi vector in this cell is    1.7867007210539123     
 Fermi vector from kernel file is    1.1820142120987149     
 First qNorm is    0.0000000000000000     
 size of Wang-Teter kernel in this run is           10          18          18
 Max |G| in this calculation is   1.271745648851E+01
 Max eta used from kernel is   7.117843709725E+00

 ------------------------------------------------------------------------------
                           REFRESH ION POSITIONS
  
 Calculating Ion-Ion Energy ...                   complete.     0.000 s
  
 Calculating Ion-Electron Potential (spline) ... 
 complete.     0.001 s

 ------------------------------------------------------------------------------
                           DENSITY OPTIMIZATION
 Electron number for spin            1  is    11.000000000000481     
 Cell Volume      :            67.694226 Angstrom^3
 Ion number       :                    4
 Electron number  :            11.000000
 Ion density      :             0.059089 Ion/Angstrom^3
 Electron density :             0.162495 Electron/Angstrom^3
##############################################################################
#                               FINAL ENERGIES                       time    #
##############################################################################
# Thomas-Fermi Kin. Energy =   7.432721795734E+01 eV                 0.000 s #
# Von-Weizsacker Kin. Ener =   8.190336304429E+00 eV                 0.000 s #
# Wang-Teter Kinetic Energ =  -4.055210578966E+00 eV                 0.000 s #
#                                                                            #
#     LDA Exch-Corr Energy =  -7.797190044775E+01 eV                 0.000 s #
#         Coulombic Energy =   1.955330087132E+00 eV                 0.000 s #
#      Ion-Electron Energy =   4.699895326118E+01 eV                 0.000 s #
#           Ion-Ion Energy =  -2.480006931390E+02 eV                 0.000 s #
#                                                                            #
#     TOTAL KINETIC ENERGY =   7.846234368280E+01 eV                         #
#   TOTAL POTENTIAL ENERGY =  -2.770183102385E+02 eV                         #
#             TOTAL ENERGY =  -1.985559665557E+02 eV                         #
##############################################################################
  
 ----------------------------- TIME INFORMATION ------------------------------
    PROFESS      :      0.64s WALL    100.00% (       1 calls)     0.64s/call
    InitPROFESS  :      0.27s WALL     41.75% (       1 calls)     0.27s/call
    KEDFRefresh  :      0.22s WALL     34.71% (       1 calls)     0.22s/call
    IonRefresh   :      0.00s WALL      0.25% (       1 calls)     0.00s/call
    EwaldEnergy  :      0.00s WALL      0.08% (       1 calls)     0.00s/call
    Pot_Ion      :      0.00s WALL      0.04% (      61 calls)     0.00s/call
    Pot_Har      :      0.01s WALL      1.93% (      61 calls)     0.00s/call
    Pot_Exc      :      0.04s WALL      5.57% (      61 calls)     0.00s/call
    Pot_KEDF     :      0.16s WALL     25.19% (      61 calls)     0.00s/call
    VWPotSqrPlus :      0.01s WALL      1.97% (      61 calls)     0.00s/call
    NextGradient :      0.00s WALL      0.07% (       7 calls)     0.00s/call
 -----------------------------------------------------------------------------
 ------------------------------- TOTAL ---------------------------------------
    PROFESS      :      0.64s WALL    100.00% (       1 calls)     0.64s/call
 -----------------------------------------------------------------------------

Run completed on: 11/10/2021 at 11:18:00 
  
