 ******************************************************************************
                             WELCOME TO PROFESS                   
            (PRinceton Orbital-Free Electronic Structure Software) 
 ******************************************************************************

 ------------------------------------------------------------------------------
                           READ GEOMETRY
 Cell length (Bohr)    5.314E+00   5.314E+00   8.728E+00
 Angle     (Degree)    9.000E+01   9.000E+01   1.200E+02
 Volume    (Bohr^3)    2.134E+02

 ------------------------------------------------------------------------------
                           READ PSEUDOPOTENTIAL
 Total electron number in ReadPseudo is    6.0000000000000000     
 (System) Machine Precision              :    2.2204460492503131E-016

 ------------------------------------------------------------------------------
                           SETUP FFT
 Global FFT Dimension :    14   14   24
 Rank/Size in Global Communicator     :            0 /           1
 Rank/Size in Global FFT Communicator :            0 /           1
 Parallel FFT, totX    =    14
 Parallel FFT, totY    =    14
 Parallel FFT, locZ    =    24
 Parallel FFT, locZoff =     0
 Dimension of rho for this processor : 
 xmin, xmax :            0          13
 ymin, ymax :            0          13
 zmin, zmax :            0          23
 Total electron number =    6.0000000000000000     
 Uniform rhoR =    2.8113565678809439E-002
 (GB INFO) FFT size      :       14      14      24
 (GB INFO) FFT offset    :        0
 (GB INFO) FFT G size    :        8      14      24
 (GB INFO) FFT G offset  :        0

 ------------------------------------------------------------------------------
                           SETUP KEDF
 kinetic energy density functional number is            4
 ( 1=TF, 2=VW, 3=TF+VW, 4=WT,  5=WGC,  
   7=LQ, 8=HQ, 10=CAT,  11=HC, 12=WGCD,
   15=GGA, 16=WGCD+GGA, 17=EVT, 18=EVC )
 qTable dimension:     8   14   24
 Coefficient for TF KEDF is     1.0000
 Coefficient for VW KEDF is     1.0000
 Coefficient for alpha in WT KEDF is     0.8333
 Coefficient for beta  in WT KEDF is     0.8333
 rho0 (Electron/Bohr^3) in WGC KEDF is     0.0281
 hold0 =  F
  dV of each real space grid is now    4.5369919228817238E-002
 Cell length (Bohr)    5.314E+00   5.314E+00   8.728E+00
 Angle     (Degree)    9.000E+01   9.000E+01   1.200E+02
 Volume    (Bohr^3)    2.134E+02

 ------------------------------------------------------------------------------
                           SETUP EWALD 
 (Ewald) eta                             :   0.7396    
 (Ewald) Real Space Cutoff               :    6.640     (Bohr)
 (Ewald) Reciprocal Cutoff               :    7.686     (1/Bohr)

 ------------------------------------------------------------------------------
                           SETUP PLANE WAVE 
 Read in WT kernel.
 kernel file name  : 4PROFESS_KERNEL.dat           
 KEDF type         :     4
 Fermi vector      :   1.182014212099E+00
 Reference density :  -1.000000000000E+00
 Mesh points       :   200002
 Fermi vector in this cell is    1.8813761726051843     
 Fermi vector from kernel file is    1.1820142120987149     
 First qNorm is    0.0000000000000000     
 size of Wang-Teter kernel in this run is            8          14          24
 Max |G| in this calculation is   1.867275741413E+01
 Max eta used from kernel is   9.925052568449E+00

 ------------------------------------------------------------------------------
                           REFRESH ION POSITIONS
  
 Calculating Ion-Ion Energy ...                   complete.     0.001 s
  
 Calculating Ion-Electron Potential (spline) ... 
 complete.     0.001 s

 ------------------------------------------------------------------------------
                           DENSITY OPTIMIZATION
 Electron number for spin            1  is    5.9999999999997522     
 Cell Volume      :            31.625596 Angstrom^3
 Ion number       :                    2
 Electron number  :             6.000000
 Ion density      :             0.063240 Ion/Angstrom^3
 Electron density :             0.189720 Electron/Angstrom^3
##############################################################################
#                               FINAL ENERGIES                       time    #
##############################################################################
# Thomas-Fermi Kin. Energy =   4.409802477882E+01 eV                 0.000 s #
# Von-Weizsacker Kin. Ener =   3.799529267704E+00 eV                 0.000 s #
# Wang-Teter Kinetic Energ =  -1.503253506567E+00 eV                 0.000 s #
#                                                                            #
#     LDA Exch-Corr Energy =  -4.425107331367E+01 eV                 0.000 s #
#         Coulombic Energy =   2.143976466035E-01 eV                 0.000 s #
#      Ion-Electron Energy =   3.084265184449E+01 eV                 0.000 s #
#           Ion-Ion Energy =  -1.491235292288E+02 eV                 0.000 s #
#                                                                            #
#     TOTAL KINETIC ENERGY =   4.639430053996E+01 eV                         #
#   TOTAL POTENTIAL ENERGY =  -1.623175530514E+02 eV                         #
#             TOTAL ENERGY =  -1.159232525114E+02 eV                         #
##############################################################################
  
 ----------------------------- TIME INFORMATION ------------------------------
    PROFESS      :      1.37s WALL    100.00% (       1 calls)     1.37s/call
    InitPROFESS  :      0.60s WALL     44.01% (       1 calls)     0.60s/call
    KEDFRefresh  :      0.54s WALL     39.80% (       1 calls)     0.54s/call
    IonRefresh   :      0.01s WALL      0.81% (       1 calls)     0.01s/call
    EwaldEnergy  :      0.00s WALL      0.05% (       1 calls)     0.00s/call
    Pot_Ion      :      0.00s WALL      0.05% (      72 calls)     0.00s/call
    Pot_Har      :      0.02s WALL      1.25% (      72 calls)     0.00s/call
    Pot_Exc      :      0.10s WALL      7.66% (      72 calls)     0.00s/call
    Pot_KEDF     :      0.30s WALL     21.58% (      72 calls)     0.00s/call
    VWPotSqrPlus :      0.01s WALL      0.91% (      72 calls)     0.00s/call
    NextGradient :      0.00s WALL      0.04% (       7 calls)     0.00s/call
 -----------------------------------------------------------------------------
 ------------------------------- TOTAL ---------------------------------------
    PROFESS      :      1.37s WALL    100.00% (       1 calls)     1.37s/call
 -----------------------------------------------------------------------------

Run completed on: 09/27/2021 at 11:16:00 
  
