 ******************************************************************************
                             WELCOME TO PROFESS                   
            (PRinceton Orbital-Free Electronic Structure Software) 
 ******************************************************************************

 ------------------------------------------------------------------------------
                           READ GEOMETRY
 Cell length (Bohr)    3.751E+01   3.751E+01   3.751E+01
 Angle     (Degree)    9.000E+01   9.000E+01   9.000E+01
 Volume    (Bohr^3)    5.276E+04

 ------------------------------------------------------------------------------
                           READ PSEUDOPOTENTIAL
 Total electron number in ReadPseudo is    1500.0000000000000     
 (System) Machine Precision              :    2.2204460492503131E-016

 ------------------------------------------------------------------------------
                           SETUP FFT
 Global FFT Dimension :    96   96   96
 Rank/Size in Global Communicator     :            0 /           1
 Rank/Size in Global FFT Communicator :            0 /           1
 Parallel FFT, totX    =    96
 Parallel FFT, totY    =    96
 Parallel FFT, locZ    =    96
 Parallel FFT, locZoff =     0
 Dimension of rho for this processor : 
 xmin, xmax :            0          95
 ymin, ymax :            0          95
 zmin, zmax :            0          95
 Total electron number =    1500.0000000000000     
 Uniform rhoR =    2.8430529461428548E-002
 (GB INFO) FFT size      :       96      96      96
 (GB INFO) FFT offset    :        0
 (GB INFO) FFT G size    :       49      96      96
 (GB INFO) FFT G offset  :        0

 ------------------------------------------------------------------------------
                           SETUP KEDF
 kinetic energy density functional number is            4
 ( 1=TF, 2=VW, 3=TF+VW, 4=WT,  5=WGC,  
   7=LQ, 8=HQ, 10=CAT,  11=HC, 12=WGCD,
   15=GGA, 16=WGCD+GGA, 17=EVT, 18=EVC )
 qTable dimension:    49   96   96
 Coefficient for TF KEDF is     1.0000
 Coefficient for VW KEDF is     1.0000
 Coefficient for alpha in WT KEDF is     0.8333
 Coefficient for beta  in WT KEDF is     0.8333
 rho0 (Electron/Bohr^3) in WGC KEDF is     0.0284
 hold0 =  F
  dV of each real space grid is now    5.9633817556743268E-002
 Cell length (Bohr)    3.751E+01   3.751E+01   3.751E+01
 Angle     (Degree)    9.000E+01   9.000E+01   9.000E+01
 Volume    (Bohr^3)    5.276E+04

 ------------------------------------------------------------------------------
                           SETUP EWALD 
 (Ewald) eta                             :   0.6444    
 (Ewald) Real Space Cutoff               :    8.477     (Bohr)
 (Ewald) Reciprocal Cutoff               :    7.957     (1/Bohr)

 ------------------------------------------------------------------------------
                           SETUP PLANE WAVE 
 Read in WT kernel.
 kernel file name  : 5PROFESS_KERNEL.dat           
 KEDF type         :     4
 Fermi vector      :   1.182014212099E+00
 Reference density :  -1.000000000000E+00
 Mesh points       :   200002
 Fermi vector in this cell is    1.8884202329419211     
 Fermi vector from kernel file is    1.1820142120987149     
 First qNorm is    0.0000000000000000     
 size of Wang-Teter kernel in this run is           49          96          96
 Max |G| in this calculation is   1.392770723795E+01
 Max eta used from kernel is   7.375321972829E+00

 ------------------------------------------------------------------------------
                           REFRESH ION POSITIONS
  
 Calculating Ion-Ion Energy ...                   complete.     0.109 s
  
 Calculating Ion-Electron Potential (spline) ... 
 complete.     0.071 s

 ------------------------------------------------------------------------------
                           DENSITY OPTIMIZATION
 Electron number for spin            1  is    1500.0000000138682     
 Cell Volume      :          7818.252721 Angstrom^3
 Ion number       :                  500
 Electron number  :          1500.000000
 Ion density      :             0.063953 Ion/Angstrom^3
 Electron density :             0.191859 Electron/Angstrom^3
##############################################################################
#                               FINAL ENERGIES                       time    #
##############################################################################
# Thomas-Fermi Kin. Energy =   1.110515868992E+04 eV                 0.000 s #
# Von-Weizsacker Kin. Ener =   9.052303935539E+02 eV                 0.000 s #
# Wang-Teter Kinetic Energ =  -3.467078519007E+02 eV                 0.000 s #
#                                                                            #
#     LDA Exch-Corr Energy =  -1.109970040758E+04 eV                 0.000 s #
#         Coulombic Energy =   5.714130691039E+01 eV                 0.000 s #
#      Ion-Electron Energy =   7.835827898501E+03 eV                 0.000 s #
#           Ion-Ion Energy =  -3.742202775794E+04 eV                 0.000 s #
#                                                                            #
#     TOTAL KINETIC ENERGY =   1.166368123158E+04 eV                         #
#   TOTAL POTENTIAL ENERGY =  -4.062875896011E+04 eV                         #
#             TOTAL ENERGY =  -2.896507772854E+04 eV                         #
##############################################################################
  
 ----------------------------- TIME INFORMATION ------------------------------
    PROFESS      :     37.37s WALL    100.00% (       1 calls)    37.37s/call
    InitPROFESS  :      0.52s WALL      1.38% (       1 calls)     0.52s/call
    KEDFRefresh  :      0.27s WALL      0.72% (       1 calls)     0.27s/call
    IonRefresh   :      0.20s WALL      0.55% (       1 calls)     0.20s/call
    EwaldEnergy  :      0.11s WALL      0.29% (       1 calls)     0.11s/call
    Pot_Ion      :      0.08s WALL      0.22% (      69 calls)     0.00s/call
    Pot_Har      :      2.28s WALL      6.10% (      69 calls)     0.03s/call
    Pot_Exc      :      5.49s WALL     14.70% (      69 calls)     0.08s/call
    Pot_KEDF     :     27.10s WALL     72.52% (      69 calls)     0.39s/call
    VWPotSqrPlus :      2.18s WALL      5.82% (      69 calls)     0.03s/call
    NextGradient :      0.11s WALL      0.30% (       9 calls)     0.01s/call
 -----------------------------------------------------------------------------
 ------------------------------- TOTAL ---------------------------------------
    PROFESS      :     37.37s WALL    100.00% (       1 calls)    37.37s/call
 -----------------------------------------------------------------------------

Run completed on: 11/28/2022 at 18:05:49 
  
