 ******************************************************************************
                             WELCOME TO PROFESS                   
            (PRinceton Orbital-Free Electronic Structure Software) 
 ******************************************************************************

 ------------------------------------------------------------------------------
                           READ GEOMETRY
 Cell length (Bohr)    6.086E+00   6.086E+00   9.953E+00
 Angle     (Degree)    9.000E+01   9.000E+01   1.200E+02
 Volume    (Bohr^3)    3.193E+02

 ------------------------------------------------------------------------------
                           READ PSEUDOPOTENTIAL
 Total electron number in ReadPseudo is    4.0000000000000000     
 (System) Machine Precision              :    2.2204460492503131E-016

 ------------------------------------------------------------------------------
                           SETUP FFT
 Global FFT Dimension :    30   30   49
 Rank/Size in Global Communicator     :            0 /           1
 Rank/Size in Global FFT Communicator :            0 /           1
 Parallel FFT, totX    =    30
 Parallel FFT, totY    =    30
 Parallel FFT, locZ    =    49
 Parallel FFT, locZoff =     0
 Dimension of rho for this processor : 
 xmin, xmax :            0          29
 ymin, ymax :            0          29
 zmin, zmax :            0          48
 Total electron number =    4.0000000000000000     
 Uniform rhoR =    1.2527589836623288E-002
 (GB INFO) FFT size      :       30      30      49
 (GB INFO) FFT offset    :        0
 (GB INFO) FFT G size    :       16      30      49
 (GB INFO) FFT G offset  :        0

 ------------------------------------------------------------------------------
                           SETUP KEDF
 kinetic energy density functional number is            5
 ( 1=TF, 2=VW, 3=TF+VW, 4=WT,  5=WGC,  
   7=LQ, 8=HQ, 10=CAT,  11=HC, 12=WGCD,
   15=GGA, 16=WGCD+GGA, 17=EVT, 18=EVC )
 qTable dimension:    16   30   49
 Coefficient for TF KEDF is     1.0000
 Coefficient for VW KEDF is     1.0000
 Coefficient for alpha in WGC KEDF is     1.2060
 Coefficient for beta  in WGC KEDF is     0.4607
 Coefficient for gamma in WGC KEDF is     2.7000
 rho0 (Electron/Bohr^3) in WGC KEDF is     0.0125
 rhoS (Electron/Bohr^3) in WGC KEDF is     0.0125
 hold0 =  F
 holdS =  F
  dV of each real space grid is now    7.2402552309497742E-003
 Cell length (Bohr)    6.086E+00   6.086E+00   9.953E+00
 Angle     (Degree)    9.000E+01   9.000E+01   1.200E+02
 Volume    (Bohr^3)    3.193E+02

 ------------------------------------------------------------------------------
                           SETUP EWALD 
 (Ewald) eta                             :    1.200    
 (Ewald) Real Space Cutoff               :    6.000     (Bohr)
 (Ewald) Reciprocal Cutoff               :    14.97     (1/Bohr)

 ------------------------------------------------------------------------------
                           SETUP PLANE WAVE 

 ------------------------------------------------------------------------------
                           INITIALIZING WGC KERNEL
 Fermi vector :   0.71850452674467546     
 Reference density :    1.2527589836623288E-002
 Make WGC kernels.
 Dimension of KEDF Kernel :           16          30          49

 ------------------------------------------------------------------------------
                           REFRESH ION POSITIONS
  
 Calculating Ion-Ion Energy ...                   complete.     0.006 s
  
 Calculating Ion-Electron Potential (spline) ... 
 complete.     0.007 s

 ------------------------------------------------------------------------------
                           DENSITY OPTIMIZATION
 Electron number for spin            1  is    3.9999999999997877     
 Cell Volume      :            47.314675 Angstrom^3
 Ion number       :                    2
 Electron number  :             4.000000
 Ion density      :             0.042270 Ion/Angstrom^3
 Electron density :             0.084540 Electron/Angstrom^3
##############################################################################
#                               FINAL ENERGIES                       time    #
##############################################################################
# Thomas-Fermi Kin. Energy =   1.716205345179E+01 eV                 0.000 s #
# Von-Weizsacker Kin. Ener =   1.671252453805E+00 eV                 0.000 s #
#       WGC Kinetic Energy =  -5.868369992687E-01 eV                 0.000 s #
#                                                                            #
# GGA(PBE) Exch-Cor Energy =  -2.312427557138E+01 eV                 0.000 s #
#         Coulombic Energy =   1.161544795903E-01 eV                 0.000 s #
#      Ion-Electron Energy =   1.428048723192E+01 eV                 0.000 s #
#           Ion-Ion Energy =  -5.794896548135E+01 eV                 0.000 s #
#                                                                            #
#     TOTAL KINETIC ENERGY =   1.824646890632E+01 eV                         #
#   TOTAL POTENTIAL ENERGY =  -6.667659934122E+01 eV                         #
#             TOTAL ENERGY =  -4.843013043490E+01 eV                         #
##############################################################################
  
 ----------------------------- TIME INFORMATION ------------------------------
    PROFESS      :     10.63s WALL    100.00% (       1 calls)    10.63s/call
    InitPROFESS  :      0.06s WALL      0.55% (       1 calls)     0.06s/call
    KEDFRefresh  :      0.03s WALL      0.25% (       1 calls)     0.03s/call
    IonRefresh   :      0.01s WALL      0.13% (       1 calls)     0.01s/call
    EwaldEnergy  :      0.01s WALL      0.05% (       1 calls)     0.01s/call
    Pot_Ion      :      0.01s WALL      0.12% (     120 calls)     0.00s/call
    Pot_Har      :      0.32s WALL      3.06% (     120 calls)     0.00s/call
    Pot_Exc      :      4.38s WALL     41.24% (     120 calls)     0.04s/call
    PBEPot       :      4.26s WALL     40.07% (     120 calls)     0.04s/call
    Pot_KEDF     :      5.31s WALL     49.92% (     120 calls)     0.04s/call
    WGCPotPlus   :      4.22s WALL     39.73% (     120 calls)     0.04s/call
    VWPotSqrPlus :      0.28s WALL      2.66% (     120 calls)     0.00s/call
    NextGradient :      0.01s WALL      0.06% (       7 calls)     0.00s/call
 -----------------------------------------------------------------------------
 ------------------------------- TOTAL ---------------------------------------
    PROFESS      :     10.63s WALL    100.00% (       1 calls)    10.63s/call
 -----------------------------------------------------------------------------

Run completed on: 05/02/2023 at 14:06:20 
  
