 ******************************************************************************
                             WELCOME TO PROFESS                   
            (PRinceton Orbital-Free Electronic Structure Software) 
 ******************************************************************************

 ------------------------------------------------------------------------------
                           READ GEOMETRY
 Cell length (Bohr)    5.281E+00   5.281E+00   8.848E+00
 Angle     (Degree)    9.000E+01   9.000E+01   1.200E+02
 Volume    (Bohr^3)    2.137E+02

 ------------------------------------------------------------------------------
                           READ PSEUDOPOTENTIAL
 Total electron number in ReadPseudo is    6.0000000000000000     
 (System) Machine Precision              :    2.2204460492503131E-016

 ------------------------------------------------------------------------------
                           SETUP FFT
 Global FFT Dimension :    14   14   24
 Rank/Size in Global Communicator     :            0 /           1
 Rank/Size in Global FFT Communicator :            0 /           1
 Parallel FFT, totX    =    14
 Parallel FFT, totY    =    14
 Parallel FFT, locZ    =    24
 Parallel FFT, locZoff =     0
 Dimension of rho for this processor : 
 xmin, xmax :            0          13
 ymin, ymax :            0          13
 zmin, zmax :            0          23
 Total electron number =    6.0000000000000000     
 Uniform rhoR =    2.8083111122084888E-002
 (GB INFO) FFT size      :       14      14      24
 (GB INFO) FFT offset    :        0
 (GB INFO) FFT G size    :        8      14      24
 (GB INFO) FFT G offset  :        0

 ------------------------------------------------------------------------------
                           SETUP KEDF
 kinetic energy density functional number is            4
 ( 1=TF, 2=VW, 3=TF+VW, 4=WT,  5=WGC,  
   7=LQ, 8=HQ, 10=CAT,  11=HC, 12=WGCD,
   15=GGA, 16=WGCD+GGA, 17=EVT, 18=EVC )
 qTable dimension:     8   14   24
 Coefficient for TF KEDF is     1.0000
 Coefficient for VW KEDF is     1.0000
 Coefficient for alpha in WT KEDF is     0.8333
 Coefficient for beta  in WT KEDF is     0.8333
 rho0 (Electron/Bohr^3) in WGC KEDF is     0.0281
 hold0 =  F
  dV of each real space grid is now    4.5419120358020322E-002
 Cell length (Bohr)    5.281E+00   5.281E+00   8.848E+00
 Angle     (Degree)    9.000E+01   9.000E+01   1.200E+02
 Volume    (Bohr^3)    2.137E+02

 ------------------------------------------------------------------------------
                           SETUP EWALD 
 (Ewald) eta                             :   0.7449    
 (Ewald) Real Space Cutoff               :    6.593     (Bohr)
 (Ewald) Reciprocal Cutoff               :    7.734     (1/Bohr)

 ------------------------------------------------------------------------------
                           SETUP PLANE WAVE 
 Read in WT kernel.
 kernel file name  : 5PROFESS_KERNEL.dat           
 KEDF type         :     4
 Fermi vector      :   1.182014212099E+00
 Reference density :  -1.000000000000E+00
 Mesh points       :   200002
 Fermi vector in this cell is    1.8806965816009531     
 Fermi vector from kernel file is    1.1820142120987149     
 First qNorm is    0.0000000000000000     
 size of Wang-Teter kernel in this run is            8          14          24
 Max |G| in this calculation is   1.871158944990E+01
 Max eta used from kernel is   9.949286680775E+00

 ------------------------------------------------------------------------------
                           REFRESH ION POSITIONS
  
 Calculating Ion-Ion Energy ...                   complete.     0.001 s
  
 Calculating Ion-Electron Potential (spline) ... 
 complete.     0.001 s

 ------------------------------------------------------------------------------
                           DENSITY OPTIMIZATION
 Electron number for spin            1  is    6.0000000000001590     
 Cell Volume      :            31.659892 Angstrom^3
 Ion number       :                    2
 Electron number  :             6.000000
 Ion density      :             0.063171 Ion/Angstrom^3
 Electron density :             0.189514 Electron/Angstrom^3
##############################################################################
#                               FINAL ENERGIES                       time    #
##############################################################################
# Thomas-Fermi Kin. Energy =   4.402725992809E+01 eV                 0.000 s #
# Von-Weizsacker Kin. Ener =   3.549121822022E+00 eV                 0.000 s #
# Wang-Teter Kinetic Energ =  -1.272540999534E+00 eV                 0.000 s #
#                                                                            #
#     LDA Exch-Corr Energy =  -4.422163880596E+01 eV                 0.000 s #
#         Coulombic Energy =   2.174743227191E-01 eV                 0.000 s #
#      Ion-Electron Energy =   3.092506017358E+01 eV                 0.000 s #
#           Ion-Ion Energy =  -1.490574850955E+02 eV                 0.000 s #
#                                                                            #
#     TOTAL KINETIC ENERGY =   4.630384075058E+01 eV                         #
#   TOTAL POTENTIAL ENERGY =  -1.621365894052E+02 eV                         #
#             TOTAL ENERGY =  -1.158327486546E+02 eV                         #
##############################################################################
  
 ----------------------------- TIME INFORMATION ------------------------------
    PROFESS      :      1.12s WALL    100.00% (       1 calls)     1.12s/call
    InitPROFESS  :      0.58s WALL     51.73% (       1 calls)     0.58s/call
    KEDFRefresh  :      0.55s WALL     49.28% (       1 calls)     0.55s/call
    IonRefresh   :      0.00s WALL      0.15% (       1 calls)     0.00s/call
    EwaldEnergy  :      0.00s WALL      0.06% (       1 calls)     0.00s/call
    Pot_Ion      :      0.00s WALL      0.06% (      74 calls)     0.00s/call
    Pot_Har      :      0.01s WALL      1.08% (      74 calls)     0.00s/call
    Pot_Exc      :      0.04s WALL      3.99% (      74 calls)     0.00s/call
    Pot_KEDF     :      0.20s WALL     18.16% (      74 calls)     0.00s/call
    VWPotSqrPlus :      0.01s WALL      1.06% (      74 calls)     0.00s/call
    NextGradient :      0.00s WALL      0.04% (       7 calls)     0.00s/call
 -----------------------------------------------------------------------------
 ------------------------------- TOTAL ---------------------------------------
    PROFESS      :      1.12s WALL    100.00% (       1 calls)     1.12s/call
 -----------------------------------------------------------------------------

Run completed on: 08/13/2021 at 19:21:23 
  
