 ******************************************************************************
                             WELCOME TO PROFESS                   
            (PRinceton Orbital-Free Electronic Structure Software) 
 ******************************************************************************

 ------------------------------------------------------------------------------
                           READ GEOMETRY
 Cell length (Bohr)    8.100E+00   8.100E+00   1.332E+01
 Angle     (Degree)    9.000E+01   9.000E+01   1.200E+02
 Volume    (Bohr^3)    7.567E+02

 ------------------------------------------------------------------------------
                           READ PSEUDOPOTENTIAL
 Total electron number in ReadPseudo is    16.000000000000000     
 (System) Machine Precision              :    2.2204460492503131E-016

 ------------------------------------------------------------------------------
                           SETUP FFT
 Global FFT Dimension :    40   40   70
 Dimension of rho for this processor : 
 xmin, xmax :            0          39
 ymin, ymax :            0          39
 zmin, zmax :            0          69
 Total electron number =    16.000000000000000     
 Uniform rhoR =    2.1143816895743833E-002
 (GB INFO) FFT size      :       40      40      70
 (GB INFO) FFT offset    :        0
 (GB INFO) FFT G size    :       21      40      70
 (GB INFO) FFT G offset  :        0

 ------------------------------------------------------------------------------
                           SETUP KEDF
 kinetic energy density functional number is           11
 ( 1=TF, 2=VW, 3=TF+VW, 4=WT,  5=WGC,  
   7=LQ, 8=HQ, 10=CAT,  11=HC, 12=WGCD,
   15=GGA, 16=WGCD+GGA, 17=EVT, 18=EVC )
 qTable dimension:    21   40   70
 rhoS=   2.1143816895743833E-002
 rho0=   2.1143816895743833E-002
 coefficients for TF KEDF is     1.000000
 coefficients for VW KEDF is     1.000000
 Lambda in HC10 is set to     0.014200
 ALPHA  in HC10 is set to     1.791667
 BETA   in HC10 is set to     0.875000
 Sum of alpha and beta is     2.666667
  dV of each real space grid is now    6.7564500563708271E-003
 Cell length (Bohr)    8.100E+00   8.100E+00   1.332E+01
 Angle     (Degree)    9.000E+01   9.000E+01   1.200E+02
 Volume    (Bohr^3)    7.567E+02

 ------------------------------------------------------------------------------
                           SETUP EWALD 
 (Ewald) eta                             :    1.200    
 (Ewald) Real Space Cutoff               :    6.000     (Bohr)
 (Ewald) Reciprocal Cutoff               :    15.13     (1/Bohr)

 ------------------------------------------------------------------------------
                           SETUP PLANE WAVE 

 ------------------------------------------------------------------------------
                           REFRESH ION POSITIONS
  
 Calculating Ion-Ion Energy ...                   complete.     0.071 s
  
 Calculating Ion-Electron Potential (spline) ... 
 complete.     0.133 s

 ------------------------------------------------------------------------------
                           DENSITY OPTIMIZATION
 Electron number for spin            1  is    16.000000000015461     
 Cell Volume      :           112.134690 Angstrom^3
 Ion number       :                    4
 Electron number  :            16.000000
 Ion density      :             0.035671 Ion/Angstrom^3
 Electron density :             0.142686 Electron/Angstrom^3
##############################################################################
#                               FINAL ENERGIES                       time    #
##############################################################################
# Thomas-Fermi Kin. Energy =   1.357789102352E+02 eV                 0.000 s #
# Von-Weizsacker Kin. Ener =   4.714544831055E+01 eV                 0.000 s #
#                                                                            #
# GGA(PBE) Exch-Cor Energy =  -1.238575989971E+02 eV                 0.000 s #
#         Coulombic Energy =   4.665662762638E+01 eV                 0.000 s #
#      Ion-Electron Energy =  -9.157369707729E+01 eV                 0.000 s #
#           Ion-Ion Energy =  -4.259456578167E+02 eV                 0.000 s #
#                                                                            #
#     TOTAL KINETIC ENERGY =   1.442872666849E+02 eV                         #
#   TOTAL POTENTIAL ENERGY =  -5.947203262647E+02 eV                         #
#             TOTAL ENERGY =  -4.504330595798E+02 eV                         #
##############################################################################
  
 ----------------------------- TIME INFORMATION ------------------------------
    PROFESS      :   4138.42s WALL    100.00% (       1 calls)  4138.42s/call
    InitPROFESS  :      0.33s WALL      0.01% (       1 calls)     0.33s/call
    KEDFRefresh  :      0.01s WALL      0.00% (       1 calls)     0.01s/call
    IonRefresh   :      0.23s WALL      0.01% (       1 calls)     0.23s/call
    EwaldEnergy  :      0.07s WALL      0.00% (       1 calls)     0.07s/call
    ForwFFT_3D   :    780.44s WALL     18.86% (  156919 calls)     0.00s/call
    BackFFT_3D   :    369.99s WALL      8.94% (  100383 calls)     0.00s/call
    Pot_Ion      :      3.00s WALL      0.07% (    2308 calls)     0.00s/call
    Pot_Har      :     22.49s WALL      0.54% (    2308 calls)     0.01s/call
    Pot_Exc      :    413.93s WALL     10.00% (    2308 calls)     0.18s/call
    PBEPot       :    410.61s WALL      9.92% (    2308 calls)     0.18s/call
    Pot_KEDF     :   3659.17s WALL     88.42% (    2308 calls)     1.59s/call
    intPot       :   3605.58s WALL     87.12% (    2308 calls)     1.56s/call
    MakeXiG      :     18.90s WALL      0.46% (    2308 calls)     0.01s/call
    VWPotSqrPlus :     19.60s WALL      0.47% (    2308 calls)     0.01s/call
    intPot1      :   1018.80s WALL     24.62% (   32882 calls)     0.03s/call
    MakeHC10Kern :     98.32s WALL      2.38% (   35189 calls)     0.00s/call
    intPot2      :    741.27s WALL     17.91% (   32882 calls)     0.02s/call
    intPot3      :   1147.23s WALL     27.72% (   32882 calls)     0.03s/call
    intPot4      :    465.31s WALL     11.24% (   32882 calls)     0.01s/call
    NextGradient :      2.13s WALL      0.05% (     210 calls)     0.01s/call
 -----------------------------------------------------------------------------
 ------------------------------- TOTAL ---------------------------------------
    PROFESS      :   4138.42s WALL    100.00% (       1 calls)  4138.42s/call
 -----------------------------------------------------------------------------

Run completed on: 07/31/2024 at 13:05:21 
  
