 ******************************************************************************
                             WELCOME TO PROFESS                   
            (PRinceton Orbital-Free Electronic Structure Software) 
 ******************************************************************************

 ------------------------------------------------------------------------------
                           READ GEOMETRY
 Cell length (Bohr)    8.455E+00   8.455E+00   8.455E+00
 Angle     (Degree)    6.000E+01   6.000E+01   6.000E+01
 Volume    (Bohr^3)    4.274E+02

 ------------------------------------------------------------------------------
                           READ PSEUDOPOTENTIAL
 Total electron number in ReadPseudo is    8.0000000000000000     
 (System) Machine Precision              :    2.2204460492503131E-016

 ------------------------------------------------------------------------------
                           SETUP FFT
 Global FFT Dimension :    42   42   42
 Dimension of rho for this processor : 
 xmin, xmax :            0          41
 ymin, ymax :            0          41
 zmin, zmax :            0          41
 Total electron number =    8.0000000000000000     
 Uniform rhoR =    1.8715968022100328E-002
 (GB INFO) FFT size      :       42      42      42
 (GB INFO) FFT offset    :        0
 (GB INFO) FFT G size    :       22      42      42
 (GB INFO) FFT G offset  :        0

 ------------------------------------------------------------------------------
                           SETUP KEDF
 kinetic energy density functional number is            5
 ( 1=TF, 2=VW, 3=TF+VW, 4=WT,  5=WGC,  
   7=LQ, 8=HQ, 10=CAT,  11=HC, 12=WGCD,
   15=GGA, 16=WGCD+GGA, 17=EVT, 18=EVC )
 qTable dimension:    22   42   42
 Coefficient for TF KEDF is     1.0000
 Coefficient for VW KEDF is     1.0000
 Coefficient for alpha in WGC KEDF is     1.2060
 Coefficient for beta  in WGC KEDF is     0.4607
 Coefficient for gamma in WGC KEDF is     4.2000
 rho0 (Electron/Bohr^3) in WGC KEDF is     0.0187
 rhoS (Electron/Bohr^3) in WGC KEDF is     0.0187
 hold0 =  F
 holdS =  F
  dV of each real space grid is now    5.7693889885326328E-003
 Cell length (Bohr)    8.455E+00   8.455E+00   8.455E+00
 Angle     (Degree)    6.000E+01   6.000E+01   6.000E+01
 Volume    (Bohr^3)    4.274E+02

 ------------------------------------------------------------------------------
                           SETUP EWALD 
 (Ewald) eta                             :    1.200    
 (Ewald) Real Space Cutoff               :    6.000     (Bohr)
 (Ewald) Reciprocal Cutoff               :    15.23     (1/Bohr)

 ------------------------------------------------------------------------------
                           SETUP PLANE WAVE 

 ------------------------------------------------------------------------------
                           INITIALIZING WGC KERNEL
 Fermi vector :   0.82138058183524110     
 Reference density :    1.8715968022100328E-002
 Make WGC kernels.
 Dimension of KEDF Kernel :           22          42          42

 ------------------------------------------------------------------------------
                           REFRESH ION POSITIONS
  
 Calculating Ion-Ion Energy ...                   complete.     0.009 s
  
 Calculating Ion-Electron Potential (spline) ... 
 complete.     0.022 s

 ------------------------------------------------------------------------------
                           DENSITY OPTIMIZATION
 Electron number for spin            1  is    8.0000000000099831     
 Cell Volume      :            63.340441 Angstrom^3
 Ion number       :                    2
 Electron number  :             8.000000
 Ion density      :             0.031575 Ion/Angstrom^3
 Electron density :             0.126302 Electron/Angstrom^3
##############################################################################
#                               FINAL ENERGIES                       time    #
##############################################################################
# Thomas-Fermi Kin. Energy =   6.043992405614E+01 eV                 0.000 s #
# Von-Weizsacker Kin. Ener =   2.358468097879E+01 eV                 0.000 s #
#       WGC Kinetic Energy =  -1.729753631469E+01 eV                 0.000 s #
#                                                                            #
# GGA(PBE) Exch-Cor Energy =  -5.881187253695E+01 eV                 0.000 s #
#         Coulombic Energy =   1.742706924391E+01 eV                 0.000 s #
#      Ion-Electron Energy =  -2.531559578674E+01 eV                 0.000 s #
#           Ion-Ion Energy =  -2.047437390985E+02 eV                 0.000 s #
#                                                                            #
#     TOTAL KINETIC ENERGY =   6.672706872024E+01 eV                         #
#   TOTAL POTENTIAL ENERGY =  -2.714441381783E+02 eV                         #
#             TOTAL ENERGY =  -2.047170694581E+02 eV                         #
##############################################################################
  
 ----------------------------- TIME INFORMATION ------------------------------
    PROFESS      :     60.36s WALL    100.00% (       1 calls)    60.36s/call
    InitPROFESS  :      0.10s WALL      0.17% (       1 calls)     0.10s/call
    KEDFRefresh  :      0.04s WALL      0.06% (       1 calls)     0.04s/call
    IonRefresh   :      0.03s WALL      0.06% (       1 calls)     0.03s/call
    EwaldEnergy  :      0.01s WALL      0.01% (       1 calls)     0.01s/call
    ForwFFT_3D   :     11.31s WALL     18.73% (    3927 calls)     0.00s/call
    BackFFT_3D   :      9.37s WALL     15.52% (    3925 calls)     0.00s/call
    Pot_Ion      :      0.20s WALL      0.32% (     327 calls)     0.00s/call
    Pot_Har      :      1.94s WALL      3.22% (     327 calls)     0.01s/call
    Pot_Exc      :     31.69s WALL     52.51% (     327 calls)     0.10s/call
    PBEPot       :     29.92s WALL     49.57% (     327 calls)     0.09s/call
    Pot_KEDF     :     23.28s WALL     38.57% (     327 calls)     0.07s/call
    WGCPotPlus   :     18.62s WALL     30.86% (     327 calls)     0.06s/call
    VWPotSqrPlus :      1.56s WALL      2.59% (     327 calls)     0.00s/call
    NextGradient :      0.04s WALL      0.06% (      11 calls)     0.00s/call
 -----------------------------------------------------------------------------
 ------------------------------- TOTAL ---------------------------------------
    PROFESS      :     60.36s WALL    100.00% (       1 calls)    60.36s/call
 -----------------------------------------------------------------------------

Run completed on: 07/30/2024 at 20:55:27 
  
