 ******************************************************************************
                             WELCOME TO PROFESS                   
            (PRinceton Orbital-Free Electronic Structure Software) 
 ******************************************************************************

 ------------------------------------------------------------------------------
                           READ GEOMETRY
 Cell length (Bohr)    8.328E+00   8.328E+00   1.375E+01
 Angle     (Degree)    9.000E+01   9.000E+01   1.200E+02
 Volume    (Bohr^3)    8.258E+02

 ------------------------------------------------------------------------------
                           READ PSEUDOPOTENTIAL
 Total electron number in ReadPseudo is    16.000000000000000     
 (System) Machine Precision              :    2.2204460492503131E-016

 ------------------------------------------------------------------------------
                           SETUP FFT
 Global FFT Dimension :    42   42   70
 Dimension of rho for this processor : 
 xmin, xmax :            0          41
 ymin, ymax :            0          41
 zmin, zmax :            0          69
 Total electron number =    16.000000000000000     
 Uniform rhoR =    1.9375381559307445E-002
 (GB INFO) FFT size      :       42      42      70
 (GB INFO) FFT offset    :        0
 (GB INFO) FFT G size    :       22      42      70
 (GB INFO) FFT G offset  :        0

 ------------------------------------------------------------------------------
                           SETUP KEDF
 kinetic energy density functional number is            5
 ( 1=TF, 2=VW, 3=TF+VW, 4=WT,  5=WGC,  
   7=LQ, 8=HQ, 10=CAT,  11=HC, 12=WGCD,
   15=GGA, 16=WGCD+GGA, 17=EVT, 18=EVC )
 qTable dimension:    22   42   70
 Coefficient for TF KEDF is     1.0000
 Coefficient for VW KEDF is     1.0000
 Coefficient for alpha in WGC KEDF is     1.2060
 Coefficient for beta  in WGC KEDF is     0.4607
 Coefficient for gamma in WGC KEDF is     4.2000
 rho0 (Electron/Bohr^3) in WGC KEDF is     0.0194
 rhoS (Electron/Bohr^3) in WGC KEDF is     0.0194
 hold0 =  F
 holdS =  F
  dV of each real space grid is now    6.6876432540486693E-003
 Cell length (Bohr)    8.328E+00   8.328E+00   1.375E+01
 Angle     (Degree)    9.000E+01   9.000E+01   1.200E+02
 Volume    (Bohr^3)    8.258E+02

 ------------------------------------------------------------------------------
                           SETUP EWALD 
 (Ewald) eta                             :    1.200    
 (Ewald) Real Space Cutoff               :    6.000     (Bohr)
 (Ewald) Reciprocal Cutoff               :    15.47     (1/Bohr)

 ------------------------------------------------------------------------------
                           SETUP PLANE WAVE 

 ------------------------------------------------------------------------------
                           INITIALIZING WGC KERNEL
 Fermi vector :   0.83091593536003427     
 Reference density :    1.9375381559307445E-002
 Make WGC kernels.
 Dimension of KEDF Kernel :           22          42          70

 ------------------------------------------------------------------------------
                           REFRESH ION POSITIONS
  
 Calculating Ion-Ion Energy ...                   complete.     0.022 s
  
 Calculating Ion-Electron Potential (spline) ... 
 complete.     0.071 s

 ------------------------------------------------------------------------------
                           DENSITY OPTIMIZATION
 Electron number for spin            1  is    15.999999999968420     
 Cell Volume      :           122.369479 Angstrom^3
 Ion number       :                    4
 Electron number  :            16.000000
 Ion density      :             0.032688 Ion/Angstrom^3
 Electron density :             0.130752 Electron/Angstrom^3
  
 ----------------------------- TIME INFORMATION ------------------------------
    PROFESS      :     42.67s WALL    100.00% (       1 calls)    42.67s/call
    InitPROFESS  :      0.19s WALL      0.44% (       1 calls)     0.19s/call
    KEDFRefresh  :      0.05s WALL      0.12% (       1 calls)     0.05s/call
    IonRefresh   :      0.10s WALL      0.24% (       1 calls)     0.10s/call
    EwaldEnergy  :      0.02s WALL      0.05% (       1 calls)     0.02s/call
    ForwFFT_3D   :      7.77s WALL     18.21% (    1287 calls)     0.01s/call
    BackFFT_3D   :      6.07s WALL     14.23% (    1285 calls)     0.00s/call
    Pot_Ion      :      0.11s WALL      0.27% (     107 calls)     0.00s/call
    Pot_Har      :      1.35s WALL      3.17% (     107 calls)     0.01s/call
    Pot_Exc      :     24.68s WALL     57.85% (     107 calls)     0.23s/call
    PBEPot       :     23.76s WALL     55.69% (     107 calls)     0.22s/call
    Pot_KEDF     :     14.51s WALL     34.01% (     107 calls)     0.14s/call
    WGCPotPlus   :     11.51s WALL     26.97% (     107 calls)     0.11s/call
    VWPotSqrPlus :      1.11s WALL      2.59% (     107 calls)     0.01s/call
    NextGradient :      0.05s WALL      0.11% (       7 calls)     0.01s/call
 -----------------------------------------------------------------------------
