 ******************************************************************************
                             WELCOME TO PROFESS                   
            (PRinceton Orbital-Free Electronic Structure Software) 
 ******************************************************************************

 ------------------------------------------------------------------------------
                           READ GEOMETRY
 Cell length (Bohr)    5.302E+00   5.302E+00   8.658E+01
 Angle     (Degree)    9.000E+01   9.000E+01   6.000E+01
 Volume    (Bohr^3)    2.108E+03

 ------------------------------------------------------------------------------
                           READ PSEUDOPOTENTIAL
 Total electron number in ReadPseudo is    60.000000000000000     
 (System) Machine Precision              :    2.2204460492503131E-016

 ------------------------------------------------------------------------------
                           SETUP FFT
 Global FFT Dimension :    14   14  216
 Rank/Size in Global Communicator     :            0 /           1
 Rank/Size in Global FFT Communicator :            0 /           1
 Parallel FFT, totX    =    14
 Parallel FFT, totY    =    14
 Parallel FFT, locZ    =   216
 Parallel FFT, locZoff =     0
 Dimension of rho for this processor : 
 xmin, xmax :            0          13
 ymin, ymax :            0          13
 zmin, zmax :            0         215
 Total electron number =    60.000000000000000     
 Uniform rhoR =    2.8462277516174146E-002
 (GB INFO) FFT size      :       14      14     216
 (GB INFO) FFT offset    :        0
 (GB INFO) FFT G size    :        8      14     216
 (GB INFO) FFT G offset  :        0

 ------------------------------------------------------------------------------
                           SETUP KEDF
 kinetic energy density functional number is            4
 ( 1=TF, 2=VW, 3=TF+VW, 4=WT,  5=WGC,  
   7=LQ, 8=HQ, 10=CAT,  11=HC, 12=WGCD,
   15=GGA, 16=WGCD+GGA, 17=EVT, 18=EVC )
 qTable dimension:     8   14  216
 Coefficient for TF KEDF is     1.0000
 Coefficient for VW KEDF is     1.0000
 Coefficient for alpha in WT KEDF is     0.8333
 Coefficient for beta  in WT KEDF is     0.8333
 rho0 (Electron/Bohr^3) in WGC KEDF is     0.0285
 hold0 =  F
  dV of each real space grid is now    4.9793399677356708E-002
 Cell length (Bohr)    5.302E+00   5.302E+00   8.658E+01
 Angle     (Degree)    9.000E+01   9.000E+01   6.000E+01
 Volume    (Bohr^3)    2.108E+03

 ------------------------------------------------------------------------------
                           SETUP EWALD 
 (Ewald) eta                             :   0.6867    
 (Ewald) Real Space Cutoff               :    7.503     (Bohr)
 (Ewald) Reciprocal Cutoff               :    7.703     (1/Bohr)

 ------------------------------------------------------------------------------
                           SETUP PLANE WAVE 
 Read in WT kernel.
 kernel file name  : PROFESS_KERNEL.dat            
 KEDF type         :     4
 Fermi vector      :   1.182014212099E+00
 Reference density :  -1.000000000000E+00
 Mesh points       :    20001
 Fermi vector in this cell is    1.8891228973825427     
 Fermi vector from kernel file is    1.1820142120987149     
 First qNorm is    0.0000000000000000     
 size of Wang-Teter kernel in this run is            8          14         216
 Max |G| in this calculation is   1.729772083493E+01
 Max eta used from kernel is   9.156482544834E+00

 ------------------------------------------------------------------------------
                           REFRESH ION POSITIONS
  
 Calculating Ion-Ion Energy ...                   complete.     0.006 s
  
 Calculating Ion-Electron Potential (spline) ... 
 complete.     0.006 s

 ------------------------------------------------------------------------------
                           DENSITY OPTIMIZATION
 Electron number for spin            1  is    59.999999999970150     
 Cell Volume      :           312.381276 Angstrom^3
 Ion number       :                   20
 Electron number  :            60.000000
 Ion density      :             0.064024 Ion/Angstrom^3
 Electron density :             0.192073 Electron/Angstrom^3
  
 Calculating Ion-Ion Forces ...                complete.     0.007 s
  
 Calculating Ion-Electron Forces (spline) ...  complete.     0.004 s
  ------ ION (GRADIENT METHOD) STEP            1  ------

 ------------------------------------------------------------------------------
                           REFRESH ION POSITIONS
  
 Calculating Ion-Ion Energy ...                   complete.     0.006 s
  
 Calculating Ion-Electron Potential (spline) ... 
 complete.     0.006 s

 ------------------------------------------------------------------------------
                           DENSITY OPTIMIZATION
 Electron number for spin            1  is    59.999999999999289     
 Cell Volume      :           312.381276 Angstrom^3
 Ion number       :                   20
 Electron number  :            60.000000
 Ion density      :             0.064024 Ion/Angstrom^3
 Electron density :             0.192073 Electron/Angstrom^3
  
 Calculating Ion-Ion Forces ...                complete.     0.008 s
  
 Calculating Ion-Electron Forces (spline) ...  complete.     0.004 s

 ------------------------------------------------------------------------------
                           REFRESH ION POSITIONS
  
 Calculating Ion-Ion Energy ...                   complete.     0.005 s
  
 Calculating Ion-Electron Potential (spline) ... 
 complete.     0.007 s

 ------------------------------------------------------------------------------
                           DENSITY OPTIMIZATION
 Electron number for spin            1  is    59.999999999998849     
 Cell Volume      :           312.381276 Angstrom^3
 Ion number       :                   20
 Electron number  :            60.000000
 Ion density      :             0.064024 Ion/Angstrom^3
 Electron density :             0.192073 Electron/Angstrom^3
  
 Calculating Ion-Ion Forces ...                complete.     0.007 s
  
 Calculating Ion-Electron Forces (spline) ...  complete.     0.004 s
  ------ ION (GRADIENT METHOD) STEP            2  ------

 ------------------------------------------------------------------------------
                           REFRESH ION POSITIONS
  
 Calculating Ion-Ion Energy ...                   complete.     0.006 s
  
 Calculating Ion-Electron Potential (spline) ... 
 complete.     0.007 s

 ------------------------------------------------------------------------------
                           DENSITY OPTIMIZATION
 Electron number for spin            1  is    60.000000000000639     
 Cell Volume      :           312.381276 Angstrom^3
 Ion number       :                   20
 Electron number  :            60.000000
 Ion density      :             0.064024 Ion/Angstrom^3
 Electron density :             0.192073 Electron/Angstrom^3
  
 Calculating Ion-Ion Forces ...                complete.     0.007 s
  
 Calculating Ion-Electron Forces (spline) ...  complete.     0.004 s
  ------ ION (GRADIENT METHOD) STEP            3  ------

 ------------------------------------------------------------------------------
                           REFRESH ION POSITIONS
  
 Calculating Ion-Ion Energy ...                   complete.     0.006 s
  
 Calculating Ion-Electron Potential (spline) ... 
 complete.     0.006 s

 ------------------------------------------------------------------------------
                           DENSITY OPTIMIZATION
 Electron number for spin            1  is    59.999999999999865     
 Cell Volume      :           312.381276 Angstrom^3
 Ion number       :                   20
 Electron number  :            60.000000
 Ion density      :             0.064024 Ion/Angstrom^3
 Electron density :             0.192073 Electron/Angstrom^3
  
 Calculating Ion-Ion Forces ...                complete.     0.007 s
  
 Calculating Ion-Electron Forces (spline) ...  complete.     0.005 s

 ------------------------------------------------------------------------------
                           REFRESH ION POSITIONS
  
 Calculating Ion-Ion Energy ...                   complete.     0.005 s
  
 Calculating Ion-Electron Potential (spline) ... 
 complete.     0.006 s

 ------------------------------------------------------------------------------
                           DENSITY OPTIMIZATION
 Electron number for spin            1  is    59.999999999999517     
 Cell Volume      :           312.381276 Angstrom^3
 Ion number       :                   20
 Electron number  :            60.000000
 Ion density      :             0.064024 Ion/Angstrom^3
 Electron density :             0.192073 Electron/Angstrom^3
  
 Calculating Ion-Ion Forces ...                complete.     0.007 s
  
 Calculating Ion-Electron Forces (spline) ...  complete.     0.004 s
  ------ ION (GRADIENT METHOD) STEP            4  ------

 ------------------------------------------------------------------------------
                           REFRESH ION POSITIONS
  
 Calculating Ion-Ion Energy ...                   complete.     0.006 s
  
 Calculating Ion-Electron Potential (spline) ... 
 complete.     0.006 s

 ------------------------------------------------------------------------------
                           DENSITY OPTIMIZATION
 Electron number for spin            1  is    59.999999999999901     
 Cell Volume      :           312.381276 Angstrom^3
 Ion number       :                   20
 Electron number  :            60.000000
 Ion density      :             0.064024 Ion/Angstrom^3
 Electron density :             0.192073 Electron/Angstrom^3
  
 Calculating Ion-Ion Forces ...                complete.     0.005 s
  
 Calculating Ion-Electron Forces (spline) ...  complete.     0.003 s

 ------------------------------------------------------------------------------
                           REFRESH ION POSITIONS
  
 Calculating Ion-Ion Energy ...                   complete.     0.004 s
  
 Calculating Ion-Electron Potential (spline) ... 
 complete.     0.004 s

 ------------------------------------------------------------------------------
                           DENSITY OPTIMIZATION
 Electron number for spin            1  is    59.999999999999247     
 Cell Volume      :           312.381276 Angstrom^3
 Ion number       :                   20
 Electron number  :            60.000000
 Ion density      :             0.064024 Ion/Angstrom^3
 Electron density :             0.192073 Electron/Angstrom^3
  
 Calculating Ion-Ion Forces ...                complete.     0.007 s
  
 Calculating Ion-Electron Forces (spline) ...  complete.     0.004 s
  ------ ION (GRADIENT METHOD) STEP            5  ------

 ------------------------------------------------------------------------------
                           REFRESH ION POSITIONS
  
 Calculating Ion-Ion Energy ...                   complete.     0.006 s
  
 Calculating Ion-Electron Potential (spline) ... 
 complete.     0.006 s

 ------------------------------------------------------------------------------
                           DENSITY OPTIMIZATION
 Electron number for spin            1  is    59.999999999999446     
 Cell Volume      :           312.381276 Angstrom^3
 Ion number       :                   20
 Electron number  :            60.000000
 Ion density      :             0.064024 Ion/Angstrom^3
 Electron density :             0.192073 Electron/Angstrom^3
  
 Calculating Ion-Ion Forces ...                complete.     0.007 s
  
 Calculating Ion-Electron Forces (spline) ...  complete.     0.004 s

 ------------------------------------------------------------------------------
                           REFRESH ION POSITIONS
  
 Calculating Ion-Ion Energy ...                   complete.     0.006 s
  
 Calculating Ion-Electron Potential (spline) ... 
 complete.     0.006 s

 ------------------------------------------------------------------------------
                           DENSITY OPTIMIZATION
 Electron number for spin            1  is    59.999999999999424     
 Cell Volume      :           312.381276 Angstrom^3
 Ion number       :                   20
 Electron number  :            60.000000
 Ion density      :             0.064024 Ion/Angstrom^3
 Electron density :             0.192073 Electron/Angstrom^3
  
 Calculating Ion-Ion Forces ...                complete.     0.008 s
  
 Calculating Ion-Electron Forces (spline) ...  complete.     0.004 s
  ------ ION (GRADIENT METHOD) STEP            6  ------

 ------------------------------------------------------------------------------
                           REFRESH ION POSITIONS
  
 Calculating Ion-Ion Energy ...                   complete.     0.005 s
  
 Calculating Ion-Electron Potential (spline) ... 
 complete.     0.006 s

 ------------------------------------------------------------------------------
                           DENSITY OPTIMIZATION
 Electron number for spin            1  is    59.999999999999780     
 Cell Volume      :           312.381276 Angstrom^3
 Ion number       :                   20
 Electron number  :            60.000000
 Ion density      :             0.064024 Ion/Angstrom^3
 Electron density :             0.192073 Electron/Angstrom^3
  
 Calculating Ion-Ion Forces ...                complete.     0.007 s
  
 Calculating Ion-Electron Forces (spline) ...  complete.     0.005 s

 ------------------------------------------------------------------------------
                           REFRESH ION POSITIONS
  
 Calculating Ion-Ion Energy ...                   complete.     0.006 s
  
 Calculating Ion-Electron Potential (spline) ... 
 complete.     0.006 s

 ------------------------------------------------------------------------------
                           DENSITY OPTIMIZATION
 Electron number for spin            1  is    60.000000000000128     
 Cell Volume      :           312.381276 Angstrom^3
 Ion number       :                   20
 Electron number  :            60.000000
 Ion density      :             0.064024 Ion/Angstrom^3
 Electron density :             0.192073 Electron/Angstrom^3
  
 Calculating Ion-Ion Forces ...                complete.     0.008 s
  
 Calculating Ion-Electron Forces (spline) ...  complete.     0.004 s
  ------ ION (GRADIENT METHOD) STEP            7  ------
  
 Calculating Ion-Electron Stress (spline) ...  complete.     0.010 s
  
 Calculating Ion-Ion Stress ...                complete.     0.004 s
  
 ------------------------------------------------------------------------------
                         LATTICE VECTORS (Angstrom)
 LAT 1           2.805800        0.000000        0.000000
 LAT 2           1.402900        2.429894        0.000000
 LAT 3           0.000000        0.000000       45.818517
 ------------------------------------------------------------------------------
                                STRESS (GPa)
 ST_GPa 1       -2.393566        0.086723        0.000000
 ST_GPa 2        0.086723       -2.493704       -0.000000
 ST_GPa 3        0.000000       -0.000000       -2.691040
  
 --------------------------------------------------
 STRESS (a.u.)
 --------------------------------------------------
 ST_AU  1  -8.1355680547E-05   2.9476518044E-06   4.9400233049E-12
 ST_AU  2   2.9476518044E-06  -8.4759298909E-05  -1.3916538527E-11
 ST_AU  3   4.9400233049E-12  -1.3916538527E-11  -9.1466601356E-05
; Cell optimization at step  1, max(stress):  0.9147E-04, total energy:  -42.561335    ;
  dV of each real space grid is now    4.9808767677907186E-002
 Cell length (Bohr)    5.302E+00   5.302E+00   8.661E+01
 Angle     (Degree)    9.000E+01   9.000E+01   6.000E+01
 Volume    (Bohr^3)    2.109E+03
  dV of each real space grid is now    4.9808767677907186E-002
 Cell length (Bohr)    5.302E+00   5.302E+00   8.661E+01
 Angle     (Degree)    9.000E+01   9.000E+01   6.000E+01
 Volume    (Bohr^3)    2.109E+03

 ------------------------------------------------------------------------------
                           SETUP EWALD 
 (Ewald) eta                             :   0.6867    
 (Ewald) Real Space Cutoff               :    7.503     (Bohr)
 (Ewald) Reciprocal Cutoff               :    7.703     (1/Bohr)

 ------------------------------------------------------------------------------
                           SETUP PLANE WAVE 
 Read in WT kernel.
 kernel file name  : PROFESS_KERNEL.dat            
 KEDF type         :     4
 Fermi vector      :   1.182014212099E+00
 Reference density :  -1.000000000000E+00
 Mesh points       :    20001
 Fermi vector in this cell is    1.8889285873614909     
 Fermi vector from kernel file is    1.1820142120987149     
 First qNorm is    0.0000000000000000     
 size of Wang-Teter kernel in this run is            8          14         216
 Max |G| in this calculation is   1.729662537403E+01
 Max eta used from kernel is   9.156844514800E+00

 ------------------------------------------------------------------------------
                           REFRESH ION POSITIONS
  
 Calculating Ion-Ion Energy ...                   complete.     0.006 s
  
 Calculating Ion-Electron Potential (spline) ... 
 complete.     0.007 s
 Rescale the total density from   2.989448 to         60

 ------------------------------------------------------------------------------
                           DENSITY OPTIMIZATION
 Electron number for spin            1  is    60.000000000000547     
 Cell Volume      :           312.477688 Angstrom^3
 Ion number       :                   20
 Electron number  :            60.000000
 Ion density      :             0.064005 Ion/Angstrom^3
 Electron density :             0.192014 Electron/Angstrom^3
  
 Calculating Ion-Ion Forces ...                complete.     0.008 s
  
 Calculating Ion-Electron Forces (spline) ...  complete.     0.004 s
  ------ ION (GRADIENT METHOD) STEP            1  ------
  
 Calculating Ion-Electron Stress (spline) ...  complete.     0.009 s
  
 Calculating Ion-Ion Stress ...                complete.     0.004 s
  
 ------------------------------------------------------------------------------
                         LATTICE VECTORS (Angstrom)
 LAT 1           2.805800        0.000000        0.000000
 LAT 2           1.402900        2.429894        0.000000
 LAT 3           0.000000        0.000000       45.832659
 ------------------------------------------------------------------------------
                                STRESS (GPa)
 ST_GPa 1       -2.372903        0.086228        0.000000
 ST_GPa 2        0.086228       -2.472470       -0.000000
 ST_GPa 3        0.000000       -0.000000       -2.644594
  
 --------------------------------------------------
 STRESS (a.u.)
 --------------------------------------------------
 ST_AU  1  -8.0653358977E-05   2.9308373637E-06   4.9304840903E-12
 ST_AU  2   2.9308373637E-06  -8.4037561838E-05  -1.3906907883E-11
 ST_AU  3   4.9304840903E-12  -1.3906907883E-11  -8.9887928001E-05
; Cell optimization at step  2, max(stress):  0.8989E-04, total energy:  -42.561393    ;
  dV of each real space grid is now    4.9826890984642339E-002
 Cell length (Bohr)    5.302E+00   5.302E+00   8.664E+01
 Angle     (Degree)    9.000E+01   9.000E+01   6.000E+01
 Volume    (Bohr^3)    2.109E+03
  dV of each real space grid is now    4.9826890984642339E-002
 Cell length (Bohr)    5.302E+00   5.302E+00   8.664E+01
 Angle     (Degree)    9.000E+01   9.000E+01   6.000E+01
 Volume    (Bohr^3)    2.109E+03

 ------------------------------------------------------------------------------
                           SETUP EWALD 
 (Ewald) eta                             :   0.6867    
 (Ewald) Real Space Cutoff               :    7.503     (Bohr)
 (Ewald) Reciprocal Cutoff               :    7.703     (1/Bohr)

 ------------------------------------------------------------------------------
                           SETUP PLANE WAVE 
 Read in WT kernel.
 kernel file name  : PROFESS_KERNEL.dat            
 KEDF type         :     4
 Fermi vector      :   1.182014212099E+00
 Reference density :  -1.000000000000E+00
 Mesh points       :    20001
 Fermi vector in this cell is    1.8886995424762942     
 Fermi vector from kernel file is    1.1820142120987149     
 First qNorm is    0.0000000000000000     
 size of Wang-Teter kernel in this run is            8          14         216
 Max |G| in this calculation is   1.729533472281E+01
 Max eta used from kernel is   9.157271622003E+00

 ------------------------------------------------------------------------------
                           REFRESH ION POSITIONS
  
 Calculating Ion-Ion Energy ...                   complete.     0.006 s
  
 Calculating Ion-Electron Potential (spline) ... 
 complete.     0.006 s
 Rescale the total density from   2.990701 to         60

 ------------------------------------------------------------------------------
                           DENSITY OPTIMIZATION
 Electron number for spin            1  is    60.000000000000867     
 Cell Volume      :           312.591385 Angstrom^3
 Ion number       :                   20
 Electron number  :            60.000000
 Ion density      :             0.063981 Ion/Angstrom^3
 Electron density :             0.191944 Electron/Angstrom^3
  
 Calculating Ion-Ion Forces ...                complete.     0.007 s
  
 Calculating Ion-Electron Forces (spline) ...  complete.     0.005 s
  ------ ION (GRADIENT METHOD) STEP            1  ------
  
 Calculating Ion-Electron Stress (spline) ...  complete.     0.009 s
  
 Calculating Ion-Ion Stress ...                complete.     0.004 s
  
 ------------------------------------------------------------------------------
                         LATTICE VECTORS (Angstrom)
 LAT 1           2.805800        0.000000        0.000000
 LAT 2           1.402900        2.429894        0.000000
 LAT 3           0.000000        0.000000       45.849335
 ------------------------------------------------------------------------------
                                STRESS (GPa)
 ST_GPa 1       -2.348337        0.085651        0.000000
 ST_GPa 2        0.085651       -2.447237       -0.000000
 ST_GPa 3        0.000000       -0.000000       -2.590385
  
 --------------------------------------------------
 STRESS (a.u.)
 --------------------------------------------------
 ST_AU  1  -7.9818365547E-05   2.9112050373E-06   4.4972726726E-12
 ST_AU  2   2.9112050373E-06  -8.3179898976E-05  -1.4135596592E-11
 ST_AU  3   4.4972726726E-12  -1.4135596592E-11  -8.8045397271E-05
; Cell optimization at step  3, max(stress):  0.8805E-04, total energy:  -42.561461    ;
  dV of each real space grid is now    4.9848193160943688E-002
 Cell length (Bohr)    5.302E+00   5.302E+00   8.668E+01
 Angle     (Degree)    9.000E+01   9.000E+01   6.000E+01
 Volume    (Bohr^3)    2.110E+03
  dV of each real space grid is now    4.9848193160943688E-002
 Cell length (Bohr)    5.302E+00   5.302E+00   8.668E+01
 Angle     (Degree)    9.000E+01   9.000E+01   6.000E+01
 Volume    (Bohr^3)    2.110E+03

 ------------------------------------------------------------------------------
                           SETUP EWALD 
 (Ewald) eta                             :   0.6867    
 (Ewald) Real Space Cutoff               :    7.503     (Bohr)
 (Ewald) Reciprocal Cutoff               :    7.703     (1/Bohr)

 ------------------------------------------------------------------------------
                           SETUP PLANE WAVE 
 Read in WT kernel.
 kernel file name  : PROFESS_KERNEL.dat            
 KEDF type         :     4
 Fermi vector      :   1.182014212099E+00
 Reference density :  -1.000000000000E+00
 Mesh points       :    20001
 Fermi vector in this cell is    1.8884304645647922     
 Fermi vector from kernel file is    1.1820142120987149     
 First qNorm is    0.0000000000000000     
 size of Wang-Teter kernel in this run is            8          14         216
 Max |G| in this calculation is   1.729381936487E+01
 Max eta used from kernel is   9.157773976527E+00

 ------------------------------------------------------------------------------
                           REFRESH ION POSITIONS
  
 Calculating Ion-Ion Energy ...                   complete.     0.006 s
  
 Calculating Ion-Electron Potential (spline) ... 
 complete.     0.007 s
 Rescale the total density from   2.992170 to         60

 ------------------------------------------------------------------------------
                           DENSITY OPTIMIZATION
 Electron number for spin            1  is    60.000000000000675     
 Cell Volume      :           312.725026 Angstrom^3
 Ion number       :                   20
 Electron number  :            60.000000
 Ion density      :             0.063954 Ion/Angstrom^3
 Electron density :             0.191862 Electron/Angstrom^3
  
 Calculating Ion-Ion Forces ...                complete.     0.007 s
  
 Calculating Ion-Electron Forces (spline) ...  complete.     0.004 s
  ------ ION (GRADIENT METHOD) STEP            1  ------
  
 Calculating Ion-Electron Stress (spline) ...  complete.     0.009 s
  
 Calculating Ion-Ion Stress ...                complete.     0.004 s
  
 ------------------------------------------------------------------------------
                         LATTICE VECTORS (Angstrom)
 LAT 1           2.805800        0.000000        0.000000
 LAT 2           1.402900        2.429894        0.000000
 LAT 3           0.000000        0.000000       45.868937
 ------------------------------------------------------------------------------
                                STRESS (GPa)
 ST_GPa 1       -2.319562        0.084971        0.000000
 ST_GPa 2        0.084971       -2.417677       -0.000000
 ST_GPa 3        0.000000       -0.000000       -2.526856
  
 --------------------------------------------------
 STRESS (a.u.)
 --------------------------------------------------
 ST_AU  1  -7.8840321514E-05   2.8881014879E-06   4.1519029026E-12
 ST_AU  2   2.8881014879E-06  -8.2175177567E-05  -1.4325416663E-11
 ST_AU  3   4.1519029026E-12  -1.4325416663E-11  -8.5886104339E-05
; Cell optimization at step  4, max(stress):  0.8589E-04, total energy:  -42.561538    ;
  dV of each real space grid is now    4.9873128855390067E-002
 Cell length (Bohr)    5.302E+00   5.302E+00   8.672E+01
 Angle     (Degree)    9.000E+01   9.000E+01   6.000E+01
 Volume    (Bohr^3)    2.111E+03
  dV of each real space grid is now    4.9873128855390067E-002
 Cell length (Bohr)    5.302E+00   5.302E+00   8.672E+01
 Angle     (Degree)    9.000E+01   9.000E+01   6.000E+01
 Volume    (Bohr^3)    2.111E+03

 ------------------------------------------------------------------------------
                           SETUP EWALD 
 (Ewald) eta                             :   0.6867    
 (Ewald) Real Space Cutoff               :    7.503     (Bohr)
 (Ewald) Reciprocal Cutoff               :    7.703     (1/Bohr)

 ------------------------------------------------------------------------------
                           SETUP PLANE WAVE 
 Read in WT kernel.
 kernel file name  : PROFESS_KERNEL.dat            
 KEDF type         :     4
 Fermi vector      :   1.182014212099E+00
 Reference density :  -1.000000000000E+00
 Mesh points       :    20001
 Fermi vector in this cell is    1.8881156846672391     
 Fermi vector from kernel file is    1.1820142120987149     
 First qNorm is    0.0000000000000000     
 size of Wang-Teter kernel in this run is            8          14         216
 Max |G| in this calculation is   1.729204782979E+01
 Max eta used from kernel is   9.158362472286E+00

 ------------------------------------------------------------------------------
                           REFRESH ION POSITIONS
  
 Calculating Ion-Ion Energy ...                   complete.     0.006 s
  
 Calculating Ion-Electron Potential (spline) ... 
 complete.     0.007 s
 Rescale the total density from   2.993885 to         60

 ------------------------------------------------------------------------------
                           DENSITY OPTIMIZATION
 Electron number for spin            1  is    59.999999999999993     
 Cell Volume      :           312.881461 Angstrom^3
 Ion number       :                   20
 Electron number  :            60.000000
 Ion density      :             0.063922 Ion/Angstrom^3
 Electron density :             0.191766 Electron/Angstrom^3
  
 Calculating Ion-Ion Forces ...                complete.     0.007 s
  
 Calculating Ion-Electron Forces (spline) ...  complete.     0.005 s
  ------ ION (GRADIENT METHOD) STEP            1  ------
  
 Calculating Ion-Electron Stress (spline) ...  complete.     0.009 s
  
 Calculating Ion-Ion Stress ...                complete.     0.005 s
  
 ------------------------------------------------------------------------------
                         LATTICE VECTORS (Angstrom)
 LAT 1           2.805800        0.000000        0.000000
 LAT 2           1.402900        2.429894        0.000000
 LAT 3           0.000000        0.000000       45.891882
 ------------------------------------------------------------------------------
                                STRESS (GPa)
 ST_GPa 1       -2.285791        0.084177        0.000000
 ST_GPa 2        0.084177       -2.382990       -0.000000
 ST_GPa 3        0.000000       -0.000000       -2.453155
  
 --------------------------------------------------
 STRESS (a.u.)
 --------------------------------------------------
 ST_AU  1  -7.7692482606E-05   2.8611329204E-06   3.8317941390E-12
 ST_AU  2   2.8611329204E-06  -8.0996197924E-05  -1.4517033036E-11
 ST_AU  3   3.8317941390E-12  -1.4517033036E-11  -8.3381047376E-05
; Cell optimization at step  5, max(stress):  0.8338E-04, total energy:  -42.561625    ;
  dV of each real space grid is now    4.9902178923537550E-002
 Cell length (Bohr)    5.302E+00   5.302E+00   8.677E+01
 Angle     (Degree)    9.000E+01   9.000E+01   6.000E+01
 Volume    (Bohr^3)    2.113E+03
  dV of each real space grid is now    4.9902178923537550E-002
 Cell length (Bohr)    5.302E+00   5.302E+00   8.677E+01
 Angle     (Degree)    9.000E+01   9.000E+01   6.000E+01
 Volume    (Bohr^3)    2.113E+03

 ------------------------------------------------------------------------------
                           SETUP EWALD 
 (Ewald) eta                             :   0.6867    
 (Ewald) Real Space Cutoff               :    7.503     (Bohr)
 (Ewald) Reciprocal Cutoff               :    7.703     (1/Bohr)

 ------------------------------------------------------------------------------
                           SETUP PLANE WAVE 
 Read in WT kernel.
 kernel file name  : PROFESS_KERNEL.dat            
 KEDF type         :     4
 Fermi vector      :   1.182014212099E+00
 Reference density :  -1.000000000000E+00
 Mesh points       :    20001
 Fermi vector in this cell is    1.8877492308210670     
 Fermi vector from kernel file is    1.1820142120987149     
 First qNorm is    0.0000000000000000     
 size of Wang-Teter kernel in this run is            8          14         216
 Max |G| in this calculation is   1.728998711237E+01
 Max eta used from kernel is   9.159048686170E+00

 ------------------------------------------------------------------------------
                           REFRESH ION POSITIONS
  
 Calculating Ion-Ion Energy ...                   complete.     0.007 s
  
 Calculating Ion-Electron Potential (spline) ... 
 complete.     0.006 s
 Rescale the total density from   2.995875 to         60

 ------------------------------------------------------------------------------
                           DENSITY OPTIMIZATION
 Electron number for spin            1  is    59.999999999999879     
 Cell Volume      :           313.063708 Angstrom^3
 Ion number       :                   20
 Electron number  :            60.000000
 Ion density      :             0.063885 Ion/Angstrom^3
 Electron density :             0.191654 Electron/Angstrom^3
  
 Calculating Ion-Ion Forces ...                complete.     0.007 s
  
 Calculating Ion-Electron Forces (spline) ...  complete.     0.004 s
  ------ ION (GRADIENT METHOD) STEP            1  ------
  
 Calculating Ion-Electron Stress (spline) ...  complete.     0.009 s
  
 Calculating Ion-Ion Stress ...                complete.     0.005 s
  
 ------------------------------------------------------------------------------
                         LATTICE VECTORS (Angstrom)
 LAT 1           2.805800        0.000000        0.000000
 LAT 2           1.402900        2.429894        0.000000
 LAT 3           0.000000        0.000000       45.918613
 ------------------------------------------------------------------------------
                                STRESS (GPa)
 ST_GPa 1       -2.246965        0.083246        0.000000
 ST_GPa 2        0.083246       -2.343087       -0.000000
 ST_GPa 3        0.000000       -0.000000       -2.367024
  
 --------------------------------------------------
 STRESS (a.u.)
 --------------------------------------------------
 ST_AU  1  -7.6372790751E-05   2.8294645161E-06   3.3428394467E-12
 ST_AU  2   2.8294645161E-06  -7.9639939084E-05  -1.4784354011E-11
 ST_AU  3   3.3428394467E-12  -1.4784354011E-11  -8.0453538559E-05
; Cell optimization at step  6, max(stress):  0.8045E-04, total energy:  -42.561724    ;
  dV of each real space grid is now    4.9935815067741737E-002
 Cell length (Bohr)    5.302E+00   5.302E+00   8.683E+01
 Angle     (Degree)    9.000E+01   9.000E+01   6.000E+01
 Volume    (Bohr^3)    2.114E+03
  dV of each real space grid is now    4.9935815067741737E-002
 Cell length (Bohr)    5.302E+00   5.302E+00   8.683E+01
 Angle     (Degree)    9.000E+01   9.000E+01   6.000E+01
 Volume    (Bohr^3)    2.114E+03

 ------------------------------------------------------------------------------
                           SETUP EWALD 
 (Ewald) eta                             :   0.6867    
 (Ewald) Real Space Cutoff               :    7.503     (Bohr)
 (Ewald) Reciprocal Cutoff               :    7.703     (1/Bohr)

 ------------------------------------------------------------------------------
                           SETUP PLANE WAVE 
 Read in WT kernel.
 kernel file name  : PROFESS_KERNEL.dat            
 KEDF type         :     4
 Fermi vector      :   1.182014212099E+00
 Reference density :  -1.000000000000E+00
 Mesh points       :    20001
 Fermi vector in this cell is    1.8873252808134962     
 Fermi vector from kernel file is    1.1820142120987149     
 First qNorm is    0.0000000000000000     
 size of Wang-Teter kernel in this run is            8          14         216
 Max |G| in this calculation is   1.728760525911E+01
 Max eta used from kernel is   9.159844058073E+00

 ------------------------------------------------------------------------------
                           REFRESH ION POSITIONS
  
 Calculating Ion-Ion Energy ...                   complete.     0.006 s
  
 Calculating Ion-Electron Potential (spline) ... 
 complete.     0.007 s
 Rescale the total density from   2.998168 to         60

 ------------------------------------------------------------------------------
                           DENSITY OPTIMIZATION
 Electron number for spin            1  is    60.000000000000639     
 Cell Volume      :           313.274726 Angstrom^3
 Ion number       :                   20
 Electron number  :            60.000000
 Ion density      :             0.063842 Ion/Angstrom^3
 Electron density :             0.191525 Electron/Angstrom^3
  
 Calculating Ion-Ion Forces ...                complete.     0.008 s
  
 Calculating Ion-Electron Forces (spline) ...  complete.     0.005 s
  ------ ION (GRADIENT METHOD) STEP            1  ------
  
 Calculating Ion-Electron Stress (spline) ...  complete.     0.009 s
  
 Calculating Ion-Ion Stress ...                complete.     0.004 s
  
 ------------------------------------------------------------------------------
                         LATTICE VECTORS (Angstrom)
 LAT 1           2.805800        0.000000        0.000000
 LAT 2           1.402900        2.429894        0.000000
 LAT 3           0.000000        0.000000       45.949564
 ------------------------------------------------------------------------------
                                STRESS (GPa)
 ST_GPa 1       -2.201705        0.082169        0.000000
 ST_GPa 2        0.082169       -2.296585       -0.000000
 ST_GPa 3        0.000000       -0.000000       -2.268466
  
 --------------------------------------------------
 STRESS (a.u.)
 --------------------------------------------------
 ST_AU  1  -7.4834460468E-05   2.7928701338E-06   2.9166878896E-12
 ST_AU  2   2.7928701338E-06  -7.8059352950E-05  -1.5027313927E-11
 ST_AU  3   2.9166878896E-12  -1.5027313927E-11  -7.7103623141E-05
; Cell optimization at step  7, max(stress):  0.7806E-04, total energy:  -42.561834    ;
  dV of each real space grid is now    4.9974497795185174E-002
 Cell length (Bohr)    5.302E+00   5.302E+00   8.690E+01
 Angle     (Degree)    9.000E+01   9.000E+01   6.000E+01
 Volume    (Bohr^3)    2.116E+03
  dV of each real space grid is now    4.9974497795185174E-002
 Cell length (Bohr)    5.302E+00   5.302E+00   8.690E+01
 Angle     (Degree)    9.000E+01   9.000E+01   6.000E+01
 Volume    (Bohr^3)    2.116E+03

 ------------------------------------------------------------------------------
                           SETUP EWALD 
 (Ewald) eta                             :   0.6867    
 (Ewald) Real Space Cutoff               :    7.503     (Bohr)
 (Ewald) Reciprocal Cutoff               :    7.703     (1/Bohr)

 ------------------------------------------------------------------------------
                           SETUP PLANE WAVE 
 Read in WT kernel.
 kernel file name  : PROFESS_KERNEL.dat            
 KEDF type         :     4
 Fermi vector      :   1.182014212099E+00
 Reference density :  -1.000000000000E+00
 Mesh points       :    20001
 Fermi vector in this cell is    1.8868381941476993     
 Fermi vector from kernel file is    1.1820142120987149     
 First qNorm is    0.0000000000000000     
 size of Wang-Teter kernel in this run is            8          14         216
 Max |G| in this calculation is   1.728487158491E+01
 Max eta used from kernel is   9.160759856634E+00

 ------------------------------------------------------------------------------
                           REFRESH ION POSITIONS
  
 Calculating Ion-Ion Energy ...                   complete.     0.006 s
  
 Calculating Ion-Electron Potential (spline) ... 
 complete.     0.006 s
 Rescale the total density from   3.000793 to         60

 ------------------------------------------------------------------------------
                           DENSITY OPTIMIZATION
 Electron number for spin            1  is    59.999999999999723     
 Cell Volume      :           313.517404 Angstrom^3
 Ion number       :                   20
 Electron number  :            60.000000
 Ion density      :             0.063792 Ion/Angstrom^3
 Electron density :             0.191377 Electron/Angstrom^3
  
 Calculating Ion-Ion Forces ...                complete.     0.005 s
  
 Calculating Ion-Electron Forces (spline) ...  complete.     0.003 s
  ------ ION (GRADIENT METHOD) STEP            1  ------
  
 Calculating Ion-Electron Stress (spline) ...  complete.     0.006 s
  
 Calculating Ion-Ion Stress ...                complete.     0.003 s
  
 ------------------------------------------------------------------------------
                         LATTICE VECTORS (Angstrom)
 LAT 1           2.805800        0.000000        0.000000
 LAT 2           1.402900        2.429894        0.000000
 LAT 3           0.000000        0.000000       45.985159
 ------------------------------------------------------------------------------
                                STRESS (GPa)
 ST_GPa 1       -2.149967        0.080912        0.000000
 ST_GPa 2        0.080912       -2.243394       -0.000000
 ST_GPa 3        0.000000       -0.000000       -2.155970
  
 --------------------------------------------------
 STRESS (a.u.)
 --------------------------------------------------
 ST_AU  1  -7.3075891717E-05   2.7501347562E-06   2.0439850819E-12
 ST_AU  2   2.7501347562E-06  -7.6251438097E-05  -1.5470418682E-11
 ST_AU  3   2.0439850819E-12  -1.5470418682E-11  -7.3279934215E-05
; Cell optimization at step  8, max(stress):  0.7625E-04, total energy:  -42.561955    ;
  dV of each real space grid is now    5.0018615063974842E-002
 Cell length (Bohr)    5.302E+00   5.302E+00   8.698E+01
 Angle     (Degree)    9.000E+01   9.000E+01   6.000E+01
 Volume    (Bohr^3)    2.118E+03
  dV of each real space grid is now    5.0018615063974842E-002
 Cell length (Bohr)    5.302E+00   5.302E+00   8.698E+01
 Angle     (Degree)    9.000E+01   9.000E+01   6.000E+01
 Volume    (Bohr^3)    2.118E+03

 ------------------------------------------------------------------------------
                           SETUP EWALD 
 (Ewald) eta                             :   0.6867    
 (Ewald) Real Space Cutoff               :    7.503     (Bohr)
 (Ewald) Reciprocal Cutoff               :    7.703     (1/Bohr)

 ------------------------------------------------------------------------------
                           SETUP PLANE WAVE 
 Read in WT kernel.
 kernel file name  : PROFESS_KERNEL.dat            
 KEDF type         :     4
 Fermi vector      :   1.182014212099E+00
 Reference density :  -1.000000000000E+00
 Mesh points       :    20001
 Fermi vector in this cell is    1.8862832898497037     
 Fermi vector from kernel file is    1.1820142120987149     
 First qNorm is    0.0000000000000000     
 size of Wang-Teter kernel in this run is            8          14         216
 Max |G| in this calculation is   1.728176106895E+01
 Max eta used from kernel is   9.161805738270E+00

 ------------------------------------------------------------------------------
                           REFRESH ION POSITIONS
  
 Calculating Ion-Ion Energy ...                   complete.     0.005 s
  
 Calculating Ion-Electron Potential (spline) ... 
 complete.     0.004 s
 Rescale the total density from   3.003766 to         60

 ------------------------------------------------------------------------------
                           DENSITY OPTIMIZATION
 Electron number for spin            1  is    60.000000000000824     
 Cell Volume      :           313.794176 Angstrom^3
 Ion number       :                   20
 Electron number  :            60.000000
 Ion density      :             0.063736 Ion/Angstrom^3
 Electron density :             0.191208 Electron/Angstrom^3
  
 Calculating Ion-Ion Forces ...                complete.     0.005 s
  
 Calculating Ion-Electron Forces (spline) ...  complete.     0.003 s
  ------ ION (GRADIENT METHOD) STEP            1  ------
  
 Calculating Ion-Electron Stress (spline) ...  complete.     0.006 s
  
 Calculating Ion-Ion Stress ...                complete.     0.003 s
  
 ------------------------------------------------------------------------------
                         LATTICE VECTORS (Angstrom)
 LAT 1           2.805800        0.000000        0.000000
 LAT 2           1.402900        2.429894        0.000000
 LAT 3           0.000000        0.000000       46.025754
 ------------------------------------------------------------------------------
                                STRESS (GPa)
 ST_GPa 1       -2.091843        0.079437        0.000000
 ST_GPa 2        0.079437       -2.183569       -0.000000
 ST_GPa 3        0.000000       -0.000000       -2.027800
  
 --------------------------------------------------
 STRESS (a.u.)
 --------------------------------------------------
 ST_AU  1  -7.1100327650E-05   2.7000158393E-06   7.2818075970E-13
 ST_AU  2   2.7000158393E-06  -7.4218001972E-05  -1.5952309284E-11
 ST_AU  3   7.2818075970E-13  -1.5952309284E-11  -6.8923532796E-05
; Cell optimization at step  9, max(stress):  0.7422E-04, total energy:  -42.562085    ;
  dV of each real space grid is now    5.0068408526071265E-002
 Cell length (Bohr)    5.302E+00   5.302E+00   8.706E+01
 Angle     (Degree)    9.000E+01   9.000E+01   6.000E+01
 Volume    (Bohr^3)    2.120E+03
  dV of each real space grid is now    5.0068408526071265E-002
 Cell length (Bohr)    5.302E+00   5.302E+00   8.706E+01
 Angle     (Degree)    9.000E+01   9.000E+01   6.000E+01
 Volume    (Bohr^3)    2.120E+03

 ------------------------------------------------------------------------------
                           SETUP EWALD 
 (Ewald) eta                             :   0.6867    
 (Ewald) Real Space Cutoff               :    7.503     (Bohr)
 (Ewald) Reciprocal Cutoff               :    7.703     (1/Bohr)

 ------------------------------------------------------------------------------
                           SETUP PLANE WAVE 
 Read in WT kernel.
 kernel file name  : PROFESS_KERNEL.dat            
 KEDF type         :     4
 Fermi vector      :   1.182014212099E+00
 Reference density :  -1.000000000000E+00
 Mesh points       :    20001
 Fermi vector in this cell is    1.8856577741353571     
 Fermi vector from kernel file is    1.1820142120987149     
 First qNorm is    0.0000000000000000     
 size of Wang-Teter kernel in this run is            8          14         216
 Max |G| in this calculation is   1.727825955219E+01
 Max eta used from kernel is   9.162987997708E+00

 ------------------------------------------------------------------------------
                           REFRESH ION POSITIONS
  
 Calculating Ion-Ion Energy ...                   complete.     0.004 s
  
 Calculating Ion-Electron Potential (spline) ... 
 complete.     0.004 s
 Rescale the total density from   3.007095 to         60

 ------------------------------------------------------------------------------
                           DENSITY OPTIMIZATION
 Electron number for spin            1  is    60.000000000000249     
 Cell Volume      :           314.106557 Angstrom^3
 Ion number       :                   20
 Electron number  :            60.000000
 Ion density      :             0.063673 Ion/Angstrom^3
 Electron density :             0.191018 Electron/Angstrom^3
  
 Calculating Ion-Ion Forces ...                complete.     0.005 s
  
 Calculating Ion-Electron Forces (spline) ...  complete.     0.003 s
  ------ ION (GRADIENT METHOD) STEP            1  ------
  
 Calculating Ion-Electron Stress (spline) ...  complete.     0.006 s
  
 Calculating Ion-Ion Stress ...                complete.     0.003 s
  
 ------------------------------------------------------------------------------
                         LATTICE VECTORS (Angstrom)
 LAT 1           2.805800        0.000000        0.000000
 LAT 2           1.402900        2.429894        0.000000
 LAT 3           0.000000        0.000000       46.071573
 ------------------------------------------------------------------------------
                                STRESS (GPa)
 ST_GPa 1       -2.026351        0.077723       -0.000000
 ST_GPa 2        0.077723       -2.116096       -0.000000
 ST_GPa 3       -0.000000       -0.000000       -1.884904
  
 --------------------------------------------------
 STRESS (a.u.)
 --------------------------------------------------
 ST_AU  1  -6.8874271470E-05   2.6417356724E-06  -2.2820074250E-13
 ST_AU  2   2.6417356724E-06  -7.1924650303E-05  -1.6711383512E-11
 ST_AU  3  -2.2820074250E-13  -1.6711383512E-11  -6.4066588769E-05
; Cell optimization at step 10, max(stress):  0.7192E-04, total energy:  -42.562221    ;
  dV of each real space grid is now    5.0123950030636771E-002
 Cell length (Bohr)    5.302E+00   5.302E+00   8.716E+01
 Angle     (Degree)    9.000E+01   9.000E+01   6.000E+01
 Volume    (Bohr^3)    2.122E+03
  dV of each real space grid is now    5.0123950030636771E-002
 Cell length (Bohr)    5.302E+00   5.302E+00   8.716E+01
 Angle     (Degree)    9.000E+01   9.000E+01   6.000E+01
 Volume    (Bohr^3)    2.122E+03

 ------------------------------------------------------------------------------
                           SETUP EWALD 
 (Ewald) eta                             :   0.6867    
 (Ewald) Real Space Cutoff               :    7.503     (Bohr)
 (Ewald) Reciprocal Cutoff               :    7.703     (1/Bohr)

 ------------------------------------------------------------------------------
                           SETUP PLANE WAVE 
 Read in WT kernel.
 kernel file name  : PROFESS_KERNEL.dat            
 KEDF type         :     4
 Fermi vector      :   1.182014212099E+00
 Reference density :  -1.000000000000E+00
 Mesh points       :    20001
 Fermi vector in this cell is    1.8849610281841709     
 Fermi vector from kernel file is    1.1820142120987149     
 First qNorm is    0.0000000000000000     
 size of Wang-Teter kernel in this run is            8          14         216
 Max |G| in this calculation is   1.727436530021E+01
 Max eta used from kernel is   9.164308992029E+00

 ------------------------------------------------------------------------------
                           REFRESH ION POSITIONS
  
 Calculating Ion-Ion Energy ...                   complete.     0.004 s
  
 Calculating Ion-Electron Potential (spline) ... 
 complete.     0.004 s
 Rescale the total density from   3.010773 to         60

 ------------------------------------------------------------------------------
                           DENSITY OPTIMIZATION
 Electron number for spin            1  is    59.999999999999815     
 Cell Volume      :           314.455000 Angstrom^3
 Ion number       :                   20
 Electron number  :            60.000000
 Ion density      :             0.063602 Ion/Angstrom^3
 Electron density :             0.190806 Electron/Angstrom^3
  
 Calculating Ion-Ion Forces ...                complete.     0.005 s
  
 Calculating Ion-Electron Forces (spline) ...  complete.     0.003 s
  ------ ION (GRADIENT METHOD) STEP            1  ------
  
 Calculating Ion-Electron Stress (spline) ...  complete.     0.006 s
  
 Calculating Ion-Ion Stress ...                complete.     0.003 s
  
 ------------------------------------------------------------------------------
                         LATTICE VECTORS (Angstrom)
 LAT 1           2.805800        0.000000        0.000000
 LAT 2           1.402900        2.429894        0.000000
 LAT 3           0.000000        0.000000       46.122681
 ------------------------------------------------------------------------------
                                STRESS (GPa)
 ST_GPa 1       -1.953388        0.075697       -0.000000
 ST_GPa 2        0.075697       -2.040794       -0.000001
 ST_GPa 3       -0.000000       -0.000001       -1.727780
  
 --------------------------------------------------
 STRESS (a.u.)
 --------------------------------------------------
 ST_AU  1  -6.6394326069E-05   2.5728738457E-06  -1.7899914431E-12
 ST_AU  2   2.5728738457E-06  -6.9365190565E-05  -1.7588438990E-11
 ST_AU  3  -1.7899914431E-12  -1.7588438990E-11  -5.8726067746E-05
; Cell optimization at step 11, max(stress):  0.6937E-04, total energy:  -42.562362    ;
  dV of each real space grid is now    5.0185043980962331E-002
 Cell length (Bohr)    5.302E+00   5.302E+00   8.727E+01
 Angle     (Degree)    9.000E+01   9.000E+01   6.000E+01
 Volume    (Bohr^3)    2.125E+03
  dV of each real space grid is now    5.0185043980962331E-002
 Cell length (Bohr)    5.302E+00   5.302E+00   8.727E+01
 Angle     (Degree)    9.000E+01   9.000E+01   6.000E+01
 Volume    (Bohr^3)    2.125E+03

 ------------------------------------------------------------------------------
                           SETUP EWALD 
 (Ewald) eta                             :   0.6867    
 (Ewald) Real Space Cutoff               :    7.503     (Bohr)
 (Ewald) Reciprocal Cutoff               :    7.703     (1/Bohr)

 ------------------------------------------------------------------------------
                           SETUP PLANE WAVE 
 Read in WT kernel.
 kernel file name  : PROFESS_KERNEL.dat            
 KEDF type         :     4
 Fermi vector      :   1.182014212099E+00
 Reference density :  -1.000000000000E+00
 Mesh points       :    20001
 Fermi vector in this cell is    1.8841958169531319     
 Fermi vector from kernel file is    1.1820142120987149     
 First qNorm is    0.0000000000000000     
 size of Wang-Teter kernel in this run is            8          14         216
 Max |G| in this calculation is   1.727009565812E+01
 Max eta used from kernel is   9.165764780247E+00

 ------------------------------------------------------------------------------
                           REFRESH ION POSITIONS
  
 Calculating Ion-Ion Energy ...                   complete.     0.004 s
  
 Calculating Ion-Electron Potential (spline) ... 
 complete.     0.004 s
 Rescale the total density from   3.014773 to         60

 ------------------------------------------------------------------------------
                           DENSITY OPTIMIZATION
 Electron number for spin            1  is    60.000000000000156     
 Cell Volume      :           314.838275 Angstrom^3
 Ion number       :                   20
 Electron number  :            60.000000
 Ion density      :             0.063525 Ion/Angstrom^3
 Electron density :             0.190574 Electron/Angstrom^3
  
 Calculating Ion-Ion Forces ...                complete.     0.005 s
  
 Calculating Ion-Electron Forces (spline) ...  complete.     0.003 s
  ------ ION (GRADIENT METHOD) STEP            1  ------
  
 Calculating Ion-Electron Stress (spline) ...  complete.     0.006 s
  
 Calculating Ion-Ion Stress ...                complete.     0.003 s
  
 ------------------------------------------------------------------------------
                         LATTICE VECTORS (Angstrom)
 LAT 1           2.805800        0.000000        0.000000
 LAT 2           1.402900        2.429894        0.000000
 LAT 3           0.000000        0.000000       46.178898
 ------------------------------------------------------------------------------
                                STRESS (GPa)
 ST_GPa 1       -1.874201        0.073154       -0.000000
 ST_GPa 2        0.073154       -1.958671       -0.000001
 ST_GPa 3       -0.000000       -0.000001       -1.556519
  
 --------------------------------------------------
 STRESS (a.u.)
 --------------------------------------------------
 ST_AU  1  -6.3702816146E-05   2.4864464027E-06  -3.5816825946E-12
 ST_AU  2   2.4864464027E-06  -6.6573882929E-05  -1.8579346580E-11
 ST_AU  3  -3.5816825946E-12  -1.8579346580E-11  -5.2905008988E-05
; Cell optimization at step 12, max(stress):  0.6657E-04, total energy:  -42.562501    ;
  dV of each real space grid is now    5.0251089799082764E-002
 Cell length (Bohr)    5.302E+00   5.302E+00   8.738E+01
 Angle     (Degree)    9.000E+01   9.000E+01   6.000E+01
 Volume    (Bohr^3)    2.127E+03
  dV of each real space grid is now    5.0251089799082764E-002
 Cell length (Bohr)    5.302E+00   5.302E+00   8.738E+01
 Angle     (Degree)    9.000E+01   9.000E+01   6.000E+01
 Volume    (Bohr^3)    2.127E+03

 ------------------------------------------------------------------------------
                           SETUP EWALD 
 (Ewald) eta                             :   0.6867    
 (Ewald) Real Space Cutoff               :    7.503     (Bohr)
 (Ewald) Reciprocal Cutoff               :    7.703     (1/Bohr)

 ------------------------------------------------------------------------------
                           SETUP PLANE WAVE 
 Read in WT kernel.
 kernel file name  : PROFESS_KERNEL.dat            
 KEDF type         :     4
 Fermi vector      :   1.182014212099E+00
 Reference density :  -1.000000000000E+00
 Mesh points       :    20001
 Fermi vector in this cell is    1.8833699787220270     
 Fermi vector from kernel file is    1.1820142120987149     
 First qNorm is    0.0000000000000000     
 size of Wang-Teter kernel in this run is            8          14         216
 Max |G| in this calculation is   1.726549627250E+01
 Max eta used from kernel is   9.167341769041E+00

 ------------------------------------------------------------------------------
                           REFRESH ION POSITIONS
  
 Calculating Ion-Ion Energy ...                   complete.     0.004 s
  
 Calculating Ion-Electron Potential (spline) ... 
 complete.     0.004 s
 Rescale the total density from   3.019033 to         60

 ------------------------------------------------------------------------------
                           DENSITY OPTIMIZATION
 Electron number for spin            1  is    59.999999999999964     
 Cell Volume      :           315.252617 Angstrom^3
 Ion number       :                   20
 Electron number  :            60.000000
 Ion density      :             0.063441 Ion/Angstrom^3
 Electron density :             0.190324 Electron/Angstrom^3
  
 Calculating Ion-Ion Forces ...                complete.     0.005 s
  
 Calculating Ion-Electron Forces (spline) ...  complete.     0.003 s
  ------ ION (GRADIENT METHOD) STEP            1  ------
  
 Calculating Ion-Electron Stress (spline) ...  complete.     0.006 s
  
 Calculating Ion-Ion Stress ...                complete.     0.003 s
  
 ------------------------------------------------------------------------------
                         LATTICE VECTORS (Angstrom)
 LAT 1           2.805800        0.000000        0.000000
 LAT 2           1.402900        2.429894        0.000000
 LAT 3           0.000000        0.000000       46.239671
 ------------------------------------------------------------------------------
                                STRESS (GPa)
 ST_GPa 1       -1.788770        0.069032       -0.000000
 ST_GPa 2        0.069032       -1.868480       -0.000001
 ST_GPa 3       -0.000000       -0.000001       -1.376115
  
 --------------------------------------------------
 STRESS (a.u.)
 --------------------------------------------------
 ST_AU  1  -6.0799055171E-05   2.3463651874E-06  -7.1239120073E-12
 ST_AU  2   2.3463651874E-06  -6.3508370049E-05  -2.0790319191E-11
 ST_AU  3  -7.1239120073E-12  -2.0790319191E-11  -4.6773212488E-05
; Cell optimization at step 13, max(stress):  0.6351E-04, total energy:  -42.562635    ;
  dV of each real space grid is now    5.0321158969711316E-002
 Cell length (Bohr)    5.302E+00   5.302E+00   8.750E+01
 Angle     (Degree)    9.000E+01   9.000E+01   6.000E+01
 Volume    (Bohr^3)    2.130E+03
  dV of each real space grid is now    5.0321158969711316E-002
 Cell length (Bohr)    5.302E+00   5.302E+00   8.750E+01
 Angle     (Degree)    9.000E+01   9.000E+01   6.000E+01
 Volume    (Bohr^3)    2.130E+03

 ------------------------------------------------------------------------------
                           SETUP EWALD 
 (Ewald) eta                             :   0.6867    
 (Ewald) Real Space Cutoff               :    7.503     (Bohr)
 (Ewald) Reciprocal Cutoff               :    7.703     (1/Bohr)

 ------------------------------------------------------------------------------
                           SETUP PLANE WAVE 
 Read in WT kernel.
 kernel file name  : PROFESS_KERNEL.dat            
 KEDF type         :     4
 Fermi vector      :   1.182014212099E+00
 Reference density :  -1.000000000000E+00
 Mesh points       :    20001
 Fermi vector in this cell is    1.8824954130710236     
 Fermi vector from kernel file is    1.1820142120987149     
 First qNorm is    0.0000000000000000     
 size of Wang-Teter kernel in this run is            8          14         216
 Max |G| in this calculation is   1.726063515651E+01
 Max eta used from kernel is   9.169018440450E+00

 ------------------------------------------------------------------------------
                           REFRESH ION POSITIONS
  
 Calculating Ion-Ion Energy ...                   complete.     0.004 s
  
 Calculating Ion-Electron Potential (spline) ... 
 complete.     0.004 s
 Rescale the total density from   3.023480 to         60

 ------------------------------------------------------------------------------
                           DENSITY OPTIMIZATION
 Electron number for spin            1  is    59.999999999999581     
 Cell Volume      :           315.692199 Angstrom^3
 Ion number       :                   20
 Electron number  :            60.000000
 Ion density      :             0.063353 Ion/Angstrom^3
 Electron density :             0.190059 Electron/Angstrom^3
  
 Calculating Ion-Ion Forces ...                complete.     0.005 s
  
 Calculating Ion-Electron Forces (spline) ...  complete.     0.003 s
  ------ ION (GRADIENT METHOD) STEP            1  ------
  
 Calculating Ion-Electron Stress (spline) ...  complete.     0.006 s
  
 Calculating Ion-Ion Stress ...                complete.     0.003 s
  
 ------------------------------------------------------------------------------
                         LATTICE VECTORS (Angstrom)
 LAT 1           2.805800        0.000000        0.000000
 LAT 2           1.402900        2.429894        0.000000
 LAT 3           0.000000        0.000000       46.304147
 ------------------------------------------------------------------------------
                                STRESS (GPa)
 ST_GPa 1       -1.700505        0.068404       -0.000000
 ST_GPa 2        0.068404       -1.779491       -0.000001
 ST_GPa 3       -0.000000       -0.000001       -1.179796
  
 --------------------------------------------------
 STRESS (a.u.)
 --------------------------------------------------
 ST_AU  1  -5.7799012273E-05   2.3250185465E-06  -7.7704222902E-12
 ST_AU  2   2.3250185465E-06  -6.0483679405E-05  -2.0796331736E-11
 ST_AU  3  -7.7704222902E-12  -2.0796331736E-11  -4.0100452284E-05
; Cell optimization at step 14, max(stress):  0.6048E-04, total energy:  -42.562759    ;
  dV of each real space grid is now    5.0393246524546007E-002
 Cell length (Bohr)    5.302E+00   5.302E+00   8.763E+01
 Angle     (Degree)    9.000E+01   9.000E+01   6.000E+01
 Volume    (Bohr^3)    2.133E+03
  dV of each real space grid is now    5.0393246524546007E-002
 Cell length (Bohr)    5.302E+00   5.302E+00   8.763E+01
 Angle     (Degree)    9.000E+01   9.000E+01   6.000E+01
 Volume    (Bohr^3)    2.133E+03

 ------------------------------------------------------------------------------
                           SETUP EWALD 
 (Ewald) eta                             :   0.6867    
 (Ewald) Real Space Cutoff               :    7.503     (Bohr)
 (Ewald) Reciprocal Cutoff               :    7.703     (1/Bohr)

 ------------------------------------------------------------------------------
                           SETUP PLANE WAVE 
 Read in WT kernel.
 kernel file name  : PROFESS_KERNEL.dat            
 KEDF type         :     4
 Fermi vector      :   1.182014212099E+00
 Reference density :  -1.000000000000E+00
 Mesh points       :    20001
 Fermi vector in this cell is    1.8815973479492552     
 Fermi vector from kernel file is    1.1820142120987149     
 First qNorm is    0.0000000000000000     
 size of Wang-Teter kernel in this run is            8          14         216
 Max |G| in this calculation is   1.725565374006E+01
 Max eta used from kernel is   9.170747268996E+00

 ------------------------------------------------------------------------------
                           REFRESH ION POSITIONS
  
 Calculating Ion-Ion Energy ...                   complete.     0.004 s
  
 Calculating Ion-Electron Potential (spline) ... 
 complete.     0.004 s
 Rescale the total density from   3.027926 to         60

 ------------------------------------------------------------------------------
                           DENSITY OPTIMIZATION
 Electron number for spin            1  is    59.999999999999545     
 Cell Volume      :           316.144444 Angstrom^3
 Ion number       :                   20
 Electron number  :            60.000000
 Ion density      :             0.063262 Ion/Angstrom^3
 Electron density :             0.189787 Electron/Angstrom^3
  
 Calculating Ion-Ion Forces ...                complete.     0.005 s
  
 Calculating Ion-Electron Forces (spline) ...  complete.     0.003 s
  ------ ION (GRADIENT METHOD) STEP            1  ------
  
 Calculating Ion-Electron Stress (spline) ...  complete.     0.006 s
  
 Calculating Ion-Ion Stress ...                complete.     0.003 s
  
 ------------------------------------------------------------------------------
                         LATTICE VECTORS (Angstrom)
 LAT 1           2.805800        0.000000        0.000000
 LAT 2           1.402900        2.429894        0.000000
 LAT 3           0.000000        0.000000       46.370480
 ------------------------------------------------------------------------------
                                STRESS (GPa)
 ST_GPa 1       -1.610247        0.068627       -0.000000
 ST_GPa 2        0.068627       -1.689489       -0.000001
 ST_GPa 3       -0.000000       -0.000001       -0.979590
  
 --------------------------------------------------
 STRESS (a.u.)
 --------------------------------------------------
 ST_AU  1  -5.4731191619E-05   2.3325718738E-06  -6.0081031746E-12
 ST_AU  2   2.3325718738E-06  -5.7424580605E-05  -2.0264178090E-11
 ST_AU  3  -6.0081031746E-12  -2.0264178090E-11  -3.3295604527E-05
; Cell optimization at step 15, max(stress):  0.5742E-04, total energy:  -42.562865    ;
  dV of each real space grid is now    5.0465072109955614E-002
 Cell length (Bohr)    5.302E+00   5.302E+00   8.775E+01
 Angle     (Degree)    9.000E+01   9.000E+01   6.000E+01
 Volume    (Bohr^3)    2.136E+03
  dV of each real space grid is now    5.0465072109955614E-002
 Cell length (Bohr)    5.302E+00   5.302E+00   8.775E+01
 Angle     (Degree)    9.000E+01   9.000E+01   6.000E+01
 Volume    (Bohr^3)    2.136E+03

 ------------------------------------------------------------------------------
                           SETUP EWALD 
 (Ewald) eta                             :   0.6867    
 (Ewald) Real Space Cutoff               :    7.503     (Bohr)
 (Ewald) Reciprocal Cutoff               :    7.697     (1/Bohr)

 ------------------------------------------------------------------------------
                           SETUP PLANE WAVE 
 Read in WT kernel.
 kernel file name  : PROFESS_KERNEL.dat            
 KEDF type         :     4
 Fermi vector      :   1.182014212099E+00
 Reference density :  -1.000000000000E+00
 Mesh points       :    20001
 Fermi vector in this cell is    1.8807042484048955     
 Fermi vector from kernel file is    1.1820142120987149     
 First qNorm is    0.0000000000000000     
 size of Wang-Teter kernel in this run is            8          14         216
 Max |G| in this calculation is   1.725071022079E+01
 Max eta used from kernel is   9.172473681292E+00

 ------------------------------------------------------------------------------
                           REFRESH ION POSITIONS
  
 Calculating Ion-Ion Energy ...                   complete.     0.005 s
  
 Calculating Ion-Electron Potential (spline) ... 
 complete.     0.004 s
 Rescale the total density from   3.032220 to         60

 ------------------------------------------------------------------------------
                           DENSITY OPTIMIZATION
 Electron number for spin            1  is    60.000000000000078     
 Cell Volume      :           316.595045 Angstrom^3
 Ion number       :                   20
 Electron number  :            60.000000
 Ion density      :             0.063172 Ion/Angstrom^3
 Electron density :             0.189517 Electron/Angstrom^3
  
 Calculating Ion-Ion Forces ...                complete.     0.005 s
  
 Calculating Ion-Electron Forces (spline) ...  complete.     0.003 s
  ------ ION (GRADIENT METHOD) STEP            1  ------
  
 Calculating Ion-Electron Stress (spline) ...  complete.     0.006 s
  
 Calculating Ion-Ion Stress ...                complete.     0.003 s
  
 ------------------------------------------------------------------------------
                         LATTICE VECTORS (Angstrom)
 LAT 1           2.805800        0.000000        0.000000
 LAT 2           1.402900        2.429894        0.000000
 LAT 3           0.000000        0.000000       46.436572
 ------------------------------------------------------------------------------
                                STRESS (GPa)
 ST_GPa 1       -1.521434        0.067893       -0.000000
 ST_GPa 2        0.067893       -1.599829       -0.000001
 ST_GPa 3       -0.000000       -0.000001       -0.783604
  
 --------------------------------------------------
 STRESS (a.u.)
 --------------------------------------------------
 ST_AU  1  -5.1712488471E-05   2.3076371493E-06  -6.1585518600E-12
 ST_AU  2   2.3076371493E-06  -5.4377086719E-05  -2.0123656232E-11
 ST_AU  3  -6.1585518600E-12  -2.0123656232E-11  -2.6634151124E-05
; Cell optimization at step 16, max(stress):  0.5438E-04, total energy:  -42.562951    ;
  dV of each real space grid is now    5.0534018633926037E-002
 Cell length (Bohr)    5.302E+00   5.302E+00   8.787E+01
 Angle     (Degree)    9.000E+01   9.000E+01   6.000E+01
 Volume    (Bohr^3)    2.139E+03
  dV of each real space grid is now    5.0534018633926037E-002
 Cell length (Bohr)    5.302E+00   5.302E+00   8.787E+01
 Angle     (Degree)    9.000E+01   9.000E+01   6.000E+01
 Volume    (Bohr^3)    2.139E+03

 ------------------------------------------------------------------------------
                           SETUP EWALD 
 (Ewald) eta                             :   0.6867    
 (Ewald) Real Space Cutoff               :    7.503     (Bohr)
 (Ewald) Reciprocal Cutoff               :    7.687     (1/Bohr)

 ------------------------------------------------------------------------------
                           SETUP PLANE WAVE 
 Read in WT kernel.
 kernel file name  : PROFESS_KERNEL.dat            
 KEDF type         :     4
 Fermi vector      :   1.182014212099E+00
 Reference density :  -1.000000000000E+00
 Mesh points       :    20001
 Fermi vector in this cell is    1.8798485407712555     
 Fermi vector from kernel file is    1.1820142120987149     
 First qNorm is    0.0000000000000000     
 size of Wang-Teter kernel in this run is            8          14         216
 Max |G| in this calculation is   1.724598334811E+01
 Max eta used from kernel is   9.174134497577E+00

 ------------------------------------------------------------------------------
                           REFRESH ION POSITIONS
  
 Calculating Ion-Ion Energy ...                   complete.     0.004 s
  
 Calculating Ion-Electron Potential (spline) ... 
 complete.     0.004 s
 Rescale the total density from   3.036184 to         60

 ------------------------------------------------------------------------------
                           DENSITY OPTIMIZATION
 Electron number for spin            1  is    60.000000000000256     
 Cell Volume      :           317.027585 Angstrom^3
 Ion number       :                   20
 Electron number  :            60.000000
 Ion density      :             0.063086 Ion/Angstrom^3
 Electron density :             0.189258 Electron/Angstrom^3
  
 Calculating Ion-Ion Forces ...                complete.     0.005 s
  
 Calculating Ion-Electron Forces (spline) ...  complete.     0.003 s
  ------ ION (GRADIENT METHOD) STEP            1  ------
  
 Calculating Ion-Electron Stress (spline) ...  complete.     0.006 s
  
 Calculating Ion-Ion Stress ...                complete.     0.003 s
  
 ------------------------------------------------------------------------------
                         LATTICE VECTORS (Angstrom)
 LAT 1           2.805800        0.000000        0.000000
 LAT 2           1.402900        2.429894        0.000000
 LAT 3           0.000000        0.000000       46.500015
 ------------------------------------------------------------------------------
                                STRESS (GPa)
 ST_GPa 1       -1.436701        0.066914       -0.000000
 ST_GPa 2        0.066914       -1.513965       -0.000001
 ST_GPa 3       -0.000000       -0.000001       -0.598619
  
 --------------------------------------------------
 STRESS (a.u.)
 --------------------------------------------------
 ST_AU  1  -4.8832467500E-05   2.2743603973E-06  -5.8637739712E-12
 ST_AU  2   2.2743603973E-06  -5.1458639633E-05  -2.0267551246E-11
 ST_AU  3  -5.8637739712E-12  -2.0267551246E-11  -2.0346664176E-05
; Cell optimization at step 17, max(stress):  0.5146E-04, total energy:  -42.563014    ;
  dV of each real space grid is now    5.0597223130865517E-002
 Cell length (Bohr)    5.302E+00   5.302E+00   8.798E+01
 Angle     (Degree)    9.000E+01   9.000E+01   6.000E+01
 Volume    (Bohr^3)    2.142E+03
  dV of each real space grid is now    5.0597223130865517E-002
 Cell length (Bohr)    5.302E+00   5.302E+00   8.798E+01
 Angle     (Degree)    9.000E+01   9.000E+01   6.000E+01
 Volume    (Bohr^3)    2.142E+03

 ------------------------------------------------------------------------------
                           SETUP EWALD 
 (Ewald) eta                             :   0.6814    
 (Ewald) Real Space Cutoff               :    7.561     (Bohr)
 (Ewald) Reciprocal Cutoff               :    7.677     (1/Bohr)

 ------------------------------------------------------------------------------
                           SETUP PLANE WAVE 
 Read in WT kernel.
 kernel file name  : PROFESS_KERNEL.dat            
 KEDF type         :     4
 Fermi vector      :   1.182014212099E+00
 Reference density :  -1.000000000000E+00
 Mesh points       :    20001
 Fermi vector in this cell is    1.8790654649313243     
 Fermi vector from kernel file is    1.1820142120987149     
 First qNorm is    0.0000000000000000     
 size of Wang-Teter kernel in this run is            8          14         216
 Max |G| in this calculation is   1.724166597391E+01
 Max eta used from kernel is   9.175660079805E+00

 ------------------------------------------------------------------------------
                           REFRESH ION POSITIONS
  
 Calculating Ion-Ion Energy ...                   complete.     0.004 s
  
 Calculating Ion-Electron Potential (spline) ... 
 complete.     0.004 s
 Rescale the total density from   3.039630 to         60

 ------------------------------------------------------------------------------
                           DENSITY OPTIMIZATION
 Electron number for spin            1  is    59.999999999999410     
 Cell Volume      :           317.424101 Angstrom^3
 Ion number       :                   20
 Electron number  :            60.000000
 Ion density      :             0.063007 Ion/Angstrom^3
 Electron density :             0.189022 Electron/Angstrom^3
  
 Calculating Ion-Ion Forces ...                complete.     0.005 s
  
 Calculating Ion-Electron Forces (spline) ...  complete.     0.003 s
  ------ ION (GRADIENT METHOD) STEP            1  ------
  
 Calculating Ion-Electron Stress (spline) ...  complete.     0.006 s
  
 Calculating Ion-Ion Stress ...                complete.     0.003 s
  
 ------------------------------------------------------------------------------
                         LATTICE VECTORS (Angstrom)
 LAT 1           2.805800        0.000000        0.000000
 LAT 2           1.402900        2.429894        0.000000
 LAT 3           0.000000        0.000000       46.558174
 ------------------------------------------------------------------------------
                                STRESS (GPa)
 ST_GPa 1       -1.359617        0.065905       -0.000000
 ST_GPa 2        0.065905       -1.435716       -0.000001
 ST_GPa 3       -0.000000       -0.000001       -0.431365
  
 --------------------------------------------------
 STRESS (a.u.)
 --------------------------------------------------
 ST_AU  1  -4.6212440756E-05   2.2400649564E-06  -6.7336009766E-12
 ST_AU  2   2.2400649564E-06  -4.8799013611E-05  -2.0760680697E-11
 ST_AU  3  -6.7336009766E-12  -2.0760680697E-11  -1.4661800875E-05
; Cell optimization at step 18, max(stress):  0.4880E-04, total energy:  -42.563057    ;
  dV of each real space grid is now    5.0651877303591684E-002
 Cell length (Bohr)    5.302E+00   5.302E+00   8.808E+01
 Angle     (Degree)    9.000E+01   9.000E+01   6.000E+01
 Volume    (Bohr^3)    2.144E+03
  dV of each real space grid is now    5.0651877303591684E-002
 Cell length (Bohr)    5.302E+00   5.302E+00   8.808E+01
 Angle     (Degree)    9.000E+01   9.000E+01   6.000E+01
 Volume    (Bohr^3)    2.144E+03

 ------------------------------------------------------------------------------
                           SETUP EWALD 
 (Ewald) eta                             :   0.6814    
 (Ewald) Real Space Cutoff               :    7.561     (Bohr)
 (Ewald) Reciprocal Cutoff               :    7.669     (1/Bohr)

 ------------------------------------------------------------------------------
                           SETUP PLANE WAVE 
 Read in WT kernel.
 kernel file name  : PROFESS_KERNEL.dat            
 KEDF type         :     4
 Fermi vector      :   1.182014212099E+00
 Reference density :  -1.000000000000E+00
 Mesh points       :    20001
 Fermi vector in this cell is    1.8783893746330367     
 Fermi vector from kernel file is    1.1820142120987149     
 First qNorm is    0.0000000000000000     
 size of Wang-Teter kernel in this run is            8          14         216
 Max |G| in this calculation is   1.723794481094E+01
 Max eta used from kernel is   9.176981643814E+00

 ------------------------------------------------------------------------------
                           REFRESH ION POSITIONS
  
 Calculating Ion-Ion Energy ...                   complete.     0.004 s
  
 Calculating Ion-Electron Potential (spline) ... 
 complete.     0.004 s
 Rescale the total density from   3.042395 to         60

 ------------------------------------------------------------------------------
                           DENSITY OPTIMIZATION
 Electron number for spin            1  is    59.999999999999702     
 Cell Volume      :           317.766977 Angstrom^3
 Ion number       :                   20
 Electron number  :            60.000000
 Ion density      :             0.062939 Ion/Angstrom^3
 Electron density :             0.188818 Electron/Angstrom^3
  
 Calculating Ion-Ion Forces ...                complete.     0.005 s
  
 Calculating Ion-Electron Forces (spline) ...  complete.     0.003 s
  ------ ION (GRADIENT METHOD) STEP            1  ------
  
 Calculating Ion-Electron Stress (spline) ...  complete.     0.006 s
  
 Calculating Ion-Ion Stress ...                complete.     0.003 s
  
 ------------------------------------------------------------------------------
                         LATTICE VECTORS (Angstrom)
 LAT 1           2.805800        0.000000        0.000000
 LAT 2           1.402900        2.429894        0.000000
 LAT 3           0.000000        0.000000       46.608465
 ------------------------------------------------------------------------------
                                STRESS (GPa)
 ST_GPa 1       -1.293354        0.064984       -0.000000
 ST_GPa 2        0.064984       -1.368390       -0.000001
 ST_GPa 3       -0.000000       -0.000001       -0.288551
  
 --------------------------------------------------
 STRESS (a.u.)
 --------------------------------------------------
 ST_AU  1  -4.3960218188E-05   2.2087469131E-06  -7.4292964056E-12
 ST_AU  2   2.2087469131E-06  -4.6510628171E-05  -2.0995785487E-11
 ST_AU  3  -7.4292964056E-12  -2.0995785487E-11  -9.8076433262E-06
; Cell optimization at step 19, max(stress):  0.4651E-04, total energy:  -42.563081    ;
  dV of each real space grid is now    5.0695748746420140E-002
 Cell length (Bohr)    5.302E+00   5.302E+00   8.815E+01
 Angle     (Degree)    9.000E+01   9.000E+01   6.000E+01
 Volume    (Bohr^3)    2.146E+03
  dV of each real space grid is now    5.0695748746420140E-002
 Cell length (Bohr)    5.302E+00   5.302E+00   8.815E+01
 Angle     (Degree)    9.000E+01   9.000E+01   6.000E+01
 Volume    (Bohr^3)    2.146E+03

 ------------------------------------------------------------------------------
                           SETUP EWALD 
 (Ewald) eta                             :   0.6814    
 (Ewald) Real Space Cutoff               :    7.561     (Bohr)
 (Ewald) Reciprocal Cutoff               :    7.662     (1/Bohr)

 ------------------------------------------------------------------------------
                           SETUP PLANE WAVE 
 Read in WT kernel.
 kernel file name  : PROFESS_KERNEL.dat            
 KEDF type         :     4
 Fermi vector      :   1.182014212099E+00
 Reference density :  -1.000000000000E+00
 Mesh points       :    20001
 Fermi vector in this cell is    1.8778473736629591     
 Fermi vector from kernel file is    1.1820142120987149     
 First qNorm is    0.0000000000000000     
 size of Wang-Teter kernel in this run is            8          14         216
 Max |G| in this calculation is   1.723496592159E+01
 Max eta used from kernel is   9.178044053695E+00

 ------------------------------------------------------------------------------
                           REFRESH ION POSITIONS
  
 Calculating Ion-Ion Energy ...                   complete.     0.004 s
  
 Calculating Ion-Electron Potential (spline) ... 
 complete.     0.004 s
 Rescale the total density from   3.044379 to         60

 ------------------------------------------------------------------------------
                           DENSITY OPTIMIZATION
 Electron number for spin            1  is    59.999999999999197     
 Cell Volume      :           318.042206 Angstrom^3
 Ion number       :                   20
 Electron number  :            60.000000
 Ion density      :             0.062885 Ion/Angstrom^3
 Electron density :             0.188654 Electron/Angstrom^3
  
 Calculating Ion-Ion Forces ...                complete.     0.005 s
  
 Calculating Ion-Electron Forces (spline) ...  complete.     0.003 s
  ------ ION (GRADIENT METHOD) STEP            1  ------
  
 Calculating Ion-Electron Stress (spline) ...  complete.     0.006 s
  
 Calculating Ion-Ion Stress ...                complete.     0.003 s
  
 ------------------------------------------------------------------------------
                         LATTICE VECTORS (Angstrom)
 LAT 1           2.805800        0.000000        0.000000
 LAT 2           1.402900        2.429894        0.000000
 LAT 3           0.000000        0.000000       46.648834
 ------------------------------------------------------------------------------
                                STRESS (GPa)
 ST_GPa 1       -1.240582        0.064225       -0.000000
 ST_GPa 2        0.064225       -1.314742       -0.000001
 ST_GPa 3       -0.000000       -0.000001       -0.174856
  
 --------------------------------------------------
 STRESS (a.u.)
 --------------------------------------------------
 ST_AU  1  -4.2166527119E-05   2.1829709784E-06  -7.9799108603E-12
 ST_AU  2   2.1829709784E-06  -4.4687174345E-05  -2.1381751276E-11
 ST_AU  3  -7.9799108603E-12  -2.1381751276E-11  -5.9432496919E-06
; Cell optimization at step 20, max(stress):  0.4469E-04, total energy:  -42.563093    ;
  dV of each real space grid is now    5.0727651081821402E-002
 Cell length (Bohr)    5.302E+00   5.302E+00   8.821E+01
 Angle     (Degree)    9.000E+01   9.000E+01   6.000E+01
 Volume    (Bohr^3)    2.148E+03
  dV of each real space grid is now    5.0727651081821402E-002
 Cell length (Bohr)    5.302E+00   5.302E+00   8.821E+01
 Angle     (Degree)    9.000E+01   9.000E+01   6.000E+01
 Volume    (Bohr^3)    2.148E+03

 ------------------------------------------------------------------------------
                           SETUP EWALD 
 (Ewald) eta                             :   0.6814    
 (Ewald) Real Space Cutoff               :    7.561     (Bohr)
 (Ewald) Reciprocal Cutoff               :    7.657     (1/Bohr)

 ------------------------------------------------------------------------------
                           SETUP PLANE WAVE 
 Read in WT kernel.
 kernel file name  : PROFESS_KERNEL.dat            
 KEDF type         :     4
 Fermi vector      :   1.182014212099E+00
 Reference density :  -1.000000000000E+00
 Mesh points       :    20001
 Fermi vector in this cell is    1.8774536352159046     
 Fermi vector from kernel file is    1.1820142120987149     
 First qNorm is    0.0000000000000000     
 size of Wang-Teter kernel in this run is            8          14         216
 Max |G| in this calculation is   1.723280426915E+01
 Max eta used from kernel is   9.178817492967E+00

 ------------------------------------------------------------------------------
                           REFRESH ION POSITIONS
  
 Calculating Ion-Ion Energy ...                   complete.     0.005 s
  
 Calculating Ion-Electron Potential (spline) ... 
 complete.     0.004 s
 Rescale the total density from   3.045574 to         60

 ------------------------------------------------------------------------------
                           DENSITY OPTIMIZATION
 Electron number for spin            1  is    59.999999999999631     
 Cell Volume      :           318.242347 Angstrom^3
 Ion number       :                   20
 Electron number  :            60.000000
 Ion density      :             0.062845 Ion/Angstrom^3
 Electron density :             0.188536 Electron/Angstrom^3
  
 Calculating Ion-Ion Forces ...                complete.     0.005 s
  
 Calculating Ion-Electron Forces (spline) ...  complete.     0.003 s
  ------ ION (GRADIENT METHOD) STEP            1  ------
  
 Calculating Ion-Electron Stress (spline) ...  complete.     0.006 s
  
 Calculating Ion-Ion Stress ...                complete.     0.003 s
  
 ------------------------------------------------------------------------------
                         LATTICE VECTORS (Angstrom)
 LAT 1           2.805800        0.000000        0.000000
 LAT 2           1.402900        2.429894        0.000000
 LAT 3           0.000000        0.000000       46.678190
 ------------------------------------------------------------------------------
                                STRESS (GPa)
 ST_GPa 1       -1.202256        0.063671       -0.000000
 ST_GPa 2        0.063671       -1.275776       -0.000001
 ST_GPa 3       -0.000000       -0.000001       -0.092975
  
 --------------------------------------------------
 STRESS (a.u.)
 --------------------------------------------------
 ST_AU  1  -4.0863849128E-05   2.1641287328E-06  -8.3632506911E-12
 ST_AU  2   2.1641287328E-06  -4.3362738669E-05  -2.1568966663E-11
 ST_AU  3  -8.3632506911E-12  -2.1568966663E-11  -3.1601726008E-06
; Cell optimization at step 21, max(stress):  0.4336E-04, total energy:  -42.563097    ;
  dV of each real space grid is now    5.0748006993107934E-002
 Cell length (Bohr)    5.302E+00   5.302E+00   8.824E+01
 Angle     (Degree)    9.000E+01   9.000E+01   6.000E+01
 Volume    (Bohr^3)    2.148E+03
  dV of each real space grid is now    5.0748006993107934E-002
 Cell length (Bohr)    5.302E+00   5.302E+00   8.824E+01
 Angle     (Degree)    9.000E+01   9.000E+01   6.000E+01
 Volume    (Bohr^3)    2.148E+03

 ------------------------------------------------------------------------------
                           SETUP EWALD 
 (Ewald) eta                             :   0.6814    
 (Ewald) Real Space Cutoff               :    7.561     (Bohr)
 (Ewald) Reciprocal Cutoff               :    7.654     (1/Bohr)

 ------------------------------------------------------------------------------
                           SETUP PLANE WAVE 
 Read in WT kernel.
 kernel file name  : PROFESS_KERNEL.dat            
 KEDF type         :     4
 Fermi vector      :   1.182014212099E+00
 Reference density :  -1.000000000000E+00
 Mesh points       :    20001
 Fermi vector in this cell is    1.8772025751715840     
 Fermi vector from kernel file is    1.1820142120987149     
 First qNorm is    0.0000000000000000     
 size of Wang-Teter kernel in this run is            8          14         216
 Max |G| in this calculation is   1.723142697296E+01
 Max eta used from kernel is   9.179311386459E+00

 ------------------------------------------------------------------------------
                           REFRESH ION POSITIONS
  
 Calculating Ion-Ion Energy ...                   complete.     0.005 s
  
 Calculating Ion-Electron Potential (spline) ... 
 complete.     0.004 s
 Rescale the total density from   3.046102 to         60

 ------------------------------------------------------------------------------
                           DENSITY OPTIMIZATION
 Electron number for spin            1  is    59.999999999999865     
 Cell Volume      :           318.370051 Angstrom^3
 Ion number       :                   20
 Electron number  :            60.000000
 Ion density      :             0.062820 Ion/Angstrom^3
 Electron density :             0.188460 Electron/Angstrom^3
  
 Calculating Ion-Ion Forces ...                complete.     0.005 s
  
 Calculating Ion-Electron Forces (spline) ...  complete.     0.003 s
  ------ ION (GRADIENT METHOD) STEP            1  ------
  
 Calculating Ion-Electron Stress (spline) ...  complete.     0.006 s
  
 Calculating Ion-Ion Stress ...                complete.     0.003 s
  
 ------------------------------------------------------------------------------
                         LATTICE VECTORS (Angstrom)
 LAT 1           2.805800        0.000000        0.000000
 LAT 2           1.402900        2.429894        0.000000
 LAT 3           0.000000        0.000000       46.696921
 ------------------------------------------------------------------------------
                                STRESS (GPa)
 ST_GPa 1       -1.177914        0.063315       -0.000000
 ST_GPa 2        0.063315       -1.251023       -0.000001
 ST_GPa 3       -0.000000       -0.000001       -0.040920
  
 --------------------------------------------------
 STRESS (a.u.)
 --------------------------------------------------
 ST_AU  1  -4.0036486737E-05   2.1520392821E-06  -8.9193561037E-12
 ST_AU  2   2.1520392821E-06  -4.2521417181E-05  -2.1732586477E-11
 ST_AU  3  -8.9193561037E-12  -2.1732586477E-11  -1.3908438142E-06
; Cell optimization at step 22, max(stress):  0.4252E-04, total energy:  -42.563098    ;
  dV of each real space grid is now    5.0758757757780056E-002
 Cell length (Bohr)    5.302E+00   5.302E+00   8.826E+01
 Angle     (Degree)    9.000E+01   9.000E+01   6.000E+01
 Volume    (Bohr^3)    2.149E+03
  dV of each real space grid is now    5.0758757757780056E-002
 Cell length (Bohr)    5.302E+00   5.302E+00   8.826E+01
 Angle     (Degree)    9.000E+01   9.000E+01   6.000E+01
 Volume    (Bohr^3)    2.149E+03

 ------------------------------------------------------------------------------
                           SETUP EWALD 
 (Ewald) eta                             :   0.6814    
 (Ewald) Real Space Cutoff               :    7.561     (Bohr)
 (Ewald) Reciprocal Cutoff               :    7.653     (1/Bohr)

 ------------------------------------------------------------------------------
                           SETUP PLANE WAVE 
 Read in WT kernel.
 kernel file name  : PROFESS_KERNEL.dat            
 KEDF type         :     4
 Fermi vector      :   1.182014212099E+00
 Reference density :  -1.000000000000E+00
 Mesh points       :    20001
 Fermi vector in this cell is    1.8770700345749856     
 Fermi vector from kernel file is    1.1820142120987149     
 First qNorm is    0.0000000000000000     
 size of Wang-Teter kernel in this run is            8          14         216
 Max |G| in this calculation is   1.723070019238E+01
 Max eta used from kernel is   9.179572352124E+00

 ------------------------------------------------------------------------------
                           REFRESH ION POSITIONS
  
 Calculating Ion-Ion Energy ...                   complete.     0.004 s
  
 Calculating Ion-Electron Potential (spline) ... 
 complete.     0.004 s
 Rescale the total density from   3.046171 to         60

 ------------------------------------------------------------------------------
                           DENSITY OPTIMIZATION
 Electron number for spin            1  is    59.999999999999858     
 Cell Volume      :           318.437496 Angstrom^3
 Ion number       :                   20
 Electron number  :            60.000000
 Ion density      :             0.062807 Ion/Angstrom^3
 Electron density :             0.188420 Electron/Angstrom^3
  
 Calculating Ion-Ion Forces ...                complete.     0.005 s
  
 Calculating Ion-Electron Forces (spline) ...  complete.     0.003 s
  ------ ION (GRADIENT METHOD) STEP            1  ------
  
 Calculating Ion-Electron Stress (spline) ...  complete.     0.006 s
  
 Calculating Ion-Ion Stress ...                complete.     0.003 s
  
 ------------------------------------------------------------------------------
                         LATTICE VECTORS (Angstrom)
 LAT 1           2.805800        0.000000        0.000000
 LAT 2           1.402900        2.429894        0.000000
 LAT 3           0.000000        0.000000       46.706813
 ------------------------------------------------------------------------------
                                STRESS (GPa)
 ST_GPa 1       -1.164995        0.063129       -0.000000
 ST_GPa 2        0.063129       -1.237888       -0.000001
 ST_GPa 3       -0.000000       -0.000001       -0.013634
  
 --------------------------------------------------
 STRESS (a.u.)
 --------------------------------------------------
 ST_AU  1  -3.9597370133E-05   2.1456971444E-06  -8.9629138365E-12
 ST_AU  2   2.1456971444E-06  -4.2074977077E-05  -2.1808849529E-11
 ST_AU  3  -8.9629138365E-12  -2.1808849529E-11  -4.6340222759E-07
; Cell optimization at step 23, max(stress):  0.4207E-04, total energy:  -42.563097    ;
##############################################################################
#                               FINAL ENERGIES                       time    #
##############################################################################
# Thomas-Fermi Kin. Energy =   4.383363187315E+02 eV                 0.000 s #
# Von-Weizsacker Kin. Ener =   3.566200221790E+01 eV                 0.000 s #
# Wang-Teter Kinetic Energ =  -1.216942859205E+01 eV                 0.000 s #
#                                                                            #
#     LDA Exch-Corr Energy =  -4.413454843886E+02 eV                 0.000 s #
#         Coulombic Energy =   1.975969260075E+00 eV                 0.000 s #
#      Ion-Electron Energy =   3.070112152709E+02 eV                 0.000 s #
#           Ion-Ion Energy =  -1.487671355510E+03 eV                 0.000 s #
#                                                                            #
#     TOTAL KINETIC ENERGY =   4.618288923574E+02 eV                         #
#   TOTAL POTENTIAL ENERGY =  -1.620029655368E+03 eV                         #
#             TOTAL ENERGY =  -1.158200763010E+03 eV                         #
##############################################################################
  
 ----------------------------- TIME INFORMATION ------------------------------
    PROFESS      :     50.48s WALL    100.00% (       1 calls)    50.48s/call
    InitPROFESS  :      0.08s WALL      0.16% (       1 calls)     0.08s/call
    KEDFRefresh  :      0.81s WALL      1.60% (      23 calls)     0.04s/call
    IonRefresh   :      0.40s WALL      0.79% (      34 calls)     0.01s/call
    EwaldEnergy  :      0.18s WALL      0.35% (      34 calls)     0.01s/call
    Pot_Ion      :      0.09s WALL      0.18% (    1331 calls)     0.00s/call
    Pot_Har      :      2.91s WALL      5.76% (    1331 calls)     0.00s/call
    Pot_Exc      :      7.05s WALL     13.97% (    1331 calls)     0.01s/call
    Pot_KEDF     :     35.49s WALL     70.32% (    1331 calls)     0.03s/call
    VWPotSqrPlus :      2.64s WALL      5.23% (    1331 calls)     0.00s/call
    NextGradient :      0.10s WALL      0.21% (     124 calls)     0.00s/call
    CalForce     :      0.38s WALL      0.76% (      34 calls)     0.01s/call
    EwaldForces  :      0.21s WALL      0.42% (      34 calls)     0.01s/call
    CalStress    :      1.13s WALL      2.24% (      23 calls)     0.05s/call
    EwaldStress  :      0.08s WALL      0.15% (      23 calls)     0.00s/call
 -----------------------------------------------------------------------------
 ------------------------------- TOTAL ---------------------------------------
    PROFESS      :     50.48s WALL    100.00% (       1 calls)    50.48s/call
 -----------------------------------------------------------------------------

Run completed on: 05/02/2022 at 14:15:53 
  
