 ******************************************************************************
                             WELCOME TO PROFESS                   
            (PRinceton Orbital-Free Electronic Structure Software) 
 ******************************************************************************

 ------------------------------------------------------------------------------
                           READ GEOMETRY
 Cell length (Bohr)    5.058E+00   5.058E+00   5.058E+00
 Angle     (Degree)    9.000E+01   9.000E+01   9.000E+01
 Volume    (Bohr^3)    1.294E+02

 ------------------------------------------------------------------------------
                           READ PSEUDOPOTENTIAL
 Total electron number in ReadPseudo is    3.0000000000000000     
 (System) Machine Precision              :    2.2204460492503131E-016

 ------------------------------------------------------------------------------
                           SETUP FFT
 Global FFT Dimension :    14   14   14
 Rank/Size in Global Communicator     :            0 /           1
 Rank/Size in Global FFT Communicator :            0 /           1
 Parallel FFT, totX    =    14
 Parallel FFT, totY    =    14
 Parallel FFT, locZ    =    14
 Parallel FFT, locZoff =     0
 Dimension of rho for this processor : 
 xmin, xmax :            0          13
 ymin, ymax :            0          13
 zmin, zmax :            0          13
 Total electron number =    3.0000000000000000     
 Uniform rhoR =    2.3181692772004235E-002
 (GB INFO) FFT size      :       14      14      14
 (GB INFO) FFT offset    :        0
 (GB INFO) FFT G size    :        8      14      14
 (GB INFO) FFT G offset  :        0

 ------------------------------------------------------------------------------
                           SETUP KEDF
 kinetic energy density functional number is            4
 ( 1=TF, 2=VW, 3=TF+VW, 4=WT,  5=WGC,  
   7=LQ, 8=HQ, 10=CAT,  11=HC, 12=WGCD,
   15=GGA, 16=WGCD+GGA, 17=EVT, 18=EVC )
 qTable dimension:     8   14   14
 Coefficient for TF KEDF is     1.0000
 Coefficient for VW KEDF is     1.0000
 Coefficient for alpha in WT KEDF is     0.8333
 Coefficient for beta  in WT KEDF is     0.8333
 rho0 (Electron/Bohr^3) in WGC KEDF is     0.0232
 hold0 =  F
  dV of each real space grid is now    4.7161976970108717E-002
 Cell length (Bohr)    5.058E+00   5.058E+00   5.058E+00
 Angle     (Degree)    9.000E+01   9.000E+01   9.000E+01
 Volume    (Bohr^3)    1.294E+02

 ------------------------------------------------------------------------------
                           SETUP EWALD 
 (Ewald) eta                             :   0.7978    
 (Ewald) Real Space Cutoff               :    6.026     (Bohr)
 (Ewald) Reciprocal Cutoff               :    8.074     (1/Bohr)

 ------------------------------------------------------------------------------
                           SETUP PLANE WAVE 
 Read in WT kernel.
 kernel file name  : 5PROFESS_KERNEL.dat           
 KEDF type         :     4
 Fermi vector      :   1.182014212099E+00
 Reference density :  -1.000000000000E+00
 Mesh points       :   200002
 Fermi vector in this cell is    1.7642171693057798     
 Fermi vector from kernel file is    1.1820142120987149     
 First qNorm is    0.0000000000000000     
 size of Wang-Teter kernel in this run is            8          14          14
 Max |G| in this calculation is   1.506074652835E+01
 Max eta used from kernel is   8.536787188323E+00

 ------------------------------------------------------------------------------
                           REFRESH ION POSITIONS
  
 Calculating Ion-Ion Energy ...                   complete.     0.000 s
  
 Calculating Ion-Electron Potential (spline) ... 
 complete.     0.000 s

 ------------------------------------------------------------------------------
                           DENSITY OPTIMIZATION
 Electron number for spin            1  is    3.0000000000000679     
 Cell Volume      :            19.176949 Angstrom^3
 Ion number       :                    1
 Electron number  :             3.000000
 Ion density      :             0.052146 Ion/Angstrom^3
 Electron density :             0.156438 Electron/Angstrom^3
##############################################################################
#                               FINAL ENERGIES                       time    #
##############################################################################
# Thomas-Fermi Kin. Energy =   1.997373914629E+01 eV                 0.000 s #
# Von-Weizsacker Kin. Ener =   3.012095787687E+00 eV                 0.000 s #
# Wang-Teter Kinetic Energ =  -1.488563742654E+00 eV                 0.000 s #
#                                                                            #
#     LDA Exch-Corr Energy =  -2.109812316526E+01 eV                 0.000 s #
#         Coulombic Energy =   4.335403893936E-01 eV                 0.000 s #
#      Ion-Electron Energy =   1.026631674980E+01 eV                 0.000 s #
#           Ion-Ion Energy =  -6.868722509629E+01 eV                 0.000 s #
#                                                                            #
#     TOTAL KINETIC ENERGY =   2.149727119132E+01 eV                         #
#   TOTAL POTENTIAL ENERGY =  -7.908549112236E+01 eV                         #
#             TOTAL ENERGY =  -5.758821993104E+01 eV                         #
##############################################################################
  
 ----------------------------- TIME INFORMATION ------------------------------
    PROFESS      :      0.43s WALL    100.00% (       1 calls)     0.43s/call
    InitPROFESS  :      0.27s WALL     62.33% (       1 calls)     0.27s/call
    KEDFRefresh  :      0.25s WALL     58.01% (       1 calls)     0.25s/call
    IonRefresh   :      0.00s WALL      0.11% (       1 calls)     0.00s/call
    EwaldEnergy  :      0.00s WALL      0.05% (       1 calls)     0.00s/call
    Pot_Ion      :      0.00s WALL      0.03% (      59 calls)     0.00s/call
    Pot_Har      :      0.00s WALL      0.63% (      59 calls)     0.00s/call
    Pot_Exc      :      0.02s WALL      3.89% (      59 calls)     0.00s/call
    Pot_KEDF     :      0.07s WALL     15.79% (      59 calls)     0.00s/call
    VWPotSqrPlus :      0.00s WALL      0.57% (      59 calls)     0.00s/call
    NextGradient :      0.00s WALL      0.05% (       7 calls)     0.00s/call
 -----------------------------------------------------------------------------
 ------------------------------- TOTAL ---------------------------------------
    PROFESS      :      0.43s WALL    100.00% (       1 calls)     0.43s/call
 -----------------------------------------------------------------------------

Run completed on: 08/13/2021 at 19:21:23 
  
