 ******************************************************************************
                             WELCOME TO PROFESS                   
            (PRinceton Orbital-Free Electronic Structure Software) 
 ******************************************************************************

 ------------------------------------------------------------------------------
                           READ GEOMETRY
 Cell length (Bohr)    5.379E+00   5.379E+00   5.379E+00
 Angle     (Degree)    6.000E+01   6.000E+01   6.000E+01
 Volume    (Bohr^3)    1.100E+02

 ------------------------------------------------------------------------------
                           READ PSEUDOPOTENTIAL
 Total electron number in ReadPseudo is    3.0000000000000000     
 (System) Machine Precision              :    2.2204460492503131E-016

 ------------------------------------------------------------------------------
                           SETUP FFT
 Global FFT Dimension :    27   27   27
 Rank/Size in Global Communicator     :            0 /           1
 Rank/Size in Global FFT Communicator :            0 /           1
 Parallel FFT, totX    =    27
 Parallel FFT, totY    =    27
 Parallel FFT, locZ    =    27
 Parallel FFT, locZoff =     0
 Dimension of rho for this processor : 
 xmin, xmax :            0          26
 ymin, ymax :            0          26
 zmin, zmax :            0          26
 Total electron number =    3.0000000000000000     
 Uniform rhoR =    2.7266760723023524E-002
 (GB INFO) FFT size      :       27      27      27
 (GB INFO) FFT offset    :        0
 (GB INFO) FFT G size    :       14      27      27
 (GB INFO) FFT G offset  :        0

 ------------------------------------------------------------------------------
                           SETUP KEDF
 kinetic energy density functional number is            5
 ( 1=TF, 2=VW, 3=TF+VW, 4=WT,  5=WGC,  
   7=LQ, 8=HQ, 10=CAT,  11=HC, 12=WGCD,
   15=GGA, 16=WGCD+GGA, 17=EVT, 18=EVC )
 qTable dimension:    14   27   27
 Coefficient for TF KEDF is     1.0000
 Coefficient for VW KEDF is     1.0000
 Coefficient for alpha in WGC KEDF is     1.2060
 Coefficient for beta  in WGC KEDF is     0.4607
 Coefficient for gamma in WGC KEDF is     2.7000
 rho0 (Electron/Bohr^3) in WGC KEDF is     0.0273
 rhoS (Electron/Bohr^3) in WGC KEDF is     0.0273
 hold0 =  F
 holdS =  F
  dV of each real space grid is now    5.5898018772422660E-003
 Cell length (Bohr)    5.379E+00   5.379E+00   5.379E+00
 Angle     (Degree)    6.000E+01   6.000E+01   6.000E+01
 Volume    (Bohr^3)    1.100E+02

 ------------------------------------------------------------------------------
                           SETUP EWALD 
 (Ewald) eta                             :    1.200    
 (Ewald) Real Space Cutoff               :    6.000     (Bohr)
 (Ewald) Reciprocal Cutoff               :    15.19     (1/Bohr)

 ------------------------------------------------------------------------------
                           SETUP PLANE WAVE 

 ------------------------------------------------------------------------------
                           INITIALIZING WGC KERNEL
 Fermi vector :   0.93114685850164780     
 Reference density :    2.7266760723023524E-002
 Make WGC kernels.
 Dimension of KEDF Kernel :           14          27          27

 ------------------------------------------------------------------------------
                           REFRESH ION POSITIONS
  
 Calculating Ion-Ion Energy ...                   complete.     0.003 s
  
 Calculating Ion-Electron Potential (spline) ... 
 complete.     0.003 s

 ------------------------------------------------------------------------------
                           DENSITY OPTIMIZATION
 Electron number for spin            1  is    2.9999999999999707     
 Cell Volume      :            16.303885 Angstrom^3
 Ion number       :                    1
 Electron number  :             3.000000
 Ion density      :             0.061335 Ion/Angstrom^3
 Electron density :             0.184005 Electron/Angstrom^3
##############################################################################
#                               FINAL ENERGIES                       time    #
##############################################################################
# Thomas-Fermi Kin. Energy =   2.160217416382E+01 eV                 0.000 s #
# Von-Weizsacker Kin. Ener =   1.859929155996E+00 eV                 0.000 s #
#       WGC Kinetic Energy =  -6.848584908796E-01 eV                 0.000 s #
#                                                                            #
# GGA(PBE) Exch-Cor Energy =  -2.192867076346E+01 eV                 0.000 s #
#         Coulombic Energy =   1.085605958100E-01 eV                 0.000 s #
#      Ion-Electron Energy =   1.566503037207E+01 eV                 0.000 s #
#           Ion-Ion Energy =  -7.380857909398E+01 eV                 0.000 s #
#                                                                            #
#     TOTAL KINETIC ENERGY =   2.277724482893E+01 eV                         #
#   TOTAL POTENTIAL ENERGY =  -7.996365888956E+01 eV                         #
#             TOTAL ENERGY =  -5.718641406063E+01 eV                         #
##############################################################################
  
 ----------------------------- TIME INFORMATION ------------------------------
    PROFESS      :      3.89s WALL    100.00% (       1 calls)     3.89s/call
    InitPROFESS  :      0.05s WALL      1.22% (       1 calls)     0.05s/call
    KEDFRefresh  :      0.02s WALL      0.52% (       1 calls)     0.02s/call
    IonRefresh   :      0.01s WALL      0.16% (       1 calls)     0.01s/call
    EwaldEnergy  :      0.00s WALL      0.07% (       1 calls)     0.00s/call
    Pot_Ion      :      0.00s WALL      0.10% (      94 calls)     0.00s/call
    Pot_Har      :      0.13s WALL      3.38% (      94 calls)     0.00s/call
    Pot_Exc      :      1.39s WALL     35.72% (      94 calls)     0.01s/call
    PBEPot       :      1.35s WALL     34.59% (      94 calls)     0.01s/call
    Pot_KEDF     :      1.95s WALL     50.04% (      94 calls)     0.02s/call
    WGCPotPlus   :      1.55s WALL     39.98% (      94 calls)     0.02s/call
    VWPotSqrPlus :      0.12s WALL      3.04% (      94 calls)     0.00s/call
    NextGradient :      0.00s WALL      0.05% (       6 calls)     0.00s/call
 -----------------------------------------------------------------------------
 ------------------------------- TOTAL ---------------------------------------
    PROFESS      :      3.89s WALL    100.00% (       1 calls)     3.89s/call
 -----------------------------------------------------------------------------

Run completed on: 05/02/2023 at 14:02:20 
  
