 ******************************************************************************
                             WELCOME TO PROFESS                   
            (PRinceton Orbital-Free Electronic Structure Software) 
 ******************************************************************************

 ------------------------------------------------------------------------------
                           READ GEOMETRY
 Cell length (Bohr)    5.526E+00   5.526E+00   5.526E+00
 Angle     (Degree)    9.000E+01   9.000E+01   9.000E+01
 Volume    (Bohr^3)    1.687E+02

 ------------------------------------------------------------------------------
                           READ PSEUDOPOTENTIAL
 Total electron number in ReadPseudo is    2.0000000000000000     
 (System) Machine Precision              :    2.2204460492503131E-016

 ------------------------------------------------------------------------------
                           SETUP FFT
 Global FFT Dimension :    14   14   14
 Rank/Size in Global Communicator     :            0 /           1
 Rank/Size in Global FFT Communicator :            0 /           1
 Parallel FFT, totX    =    14
 Parallel FFT, totY    =    14
 Parallel FFT, locZ    =    14
 Parallel FFT, locZoff =     0
 Dimension of rho for this processor : 
 xmin, xmax :            0          13
 ymin, ymax :            0          13
 zmin, zmax :            0          13
 Total electron number =    2.0000000000000000     
 Uniform rhoR =    1.1855219177365234E-002
 (GB INFO) FFT size      :       14      14      14
 (GB INFO) FFT offset    :        0
 (GB INFO) FFT G size    :        8      14      14
 (GB INFO) FFT G offset  :        0

 ------------------------------------------------------------------------------
                           SETUP KEDF
 kinetic energy density functional number is            4
 ( 1=TF, 2=VW, 3=TF+VW, 4=WT,  5=WGC,  
   7=LQ, 8=HQ, 10=CAT,  11=HC, 12=WGCD,
   15=GGA, 16=WGCD+GGA, 17=EVT, 18=EVC )
 qTable dimension:     8   14   14
 Coefficient for TF KEDF is     1.0000
 Coefficient for VW KEDF is     1.0000
 Coefficient for alpha in WT KEDF is     0.8333
 Coefficient for beta  in WT KEDF is     0.8333
 rho0 (Electron/Bohr^3) in WGC KEDF is     0.0119
 hold0 =  F
  dV of each real space grid is now    6.1480345732664830E-002
 Cell length (Bohr)    5.526E+00   5.526E+00   5.526E+00
 Angle     (Degree)    9.000E+01   9.000E+01   9.000E+01
 Volume    (Bohr^3)    1.687E+02

 ------------------------------------------------------------------------------
                           SETUP EWALD 
 (Ewald) eta                             :   0.7396    
 (Ewald) Real Space Cutoff               :    6.370     (Bohr)
 (Ewald) Reciprocal Cutoff               :    7.391     (1/Bohr)

 ------------------------------------------------------------------------------
                           SETUP PLANE WAVE 
 Read in WT kernel.
 kernel file name  : PROFESS_KERNEL.dat            
 KEDF type         :     4
 Fermi vector      :   1.182014212099E+00
 Reference density :  -1.000000000000E+00
 Mesh points       :    20001
 Fermi vector in this cell is    1.4108262281684538     
 Fermi vector from kernel file is    1.1820142120987149     
 First qNorm is    0.0000000000000000     
 size of Wang-Teter kernel in this run is            8          14          14
 Max |G| in this calculation is   1.378685050291E+01
 Max eta used from kernel is   9.772181880121E+00

 ------------------------------------------------------------------------------
                           REFRESH ION POSITIONS
  
 Calculating Ion-Ion Energy ...                   complete.     0.000 s
  
 Calculating Ion-Electron Potential (spline) ... 
 complete.     0.000 s

 ------------------------------------------------------------------------------
                           DENSITY OPTIMIZATION
 Electron number for spin            1  is    2.0000000000000902     
 Cell Volume      :            24.999067 Angstrom^3
 Ion number       :                    1
 Electron number  :             2.000000
 Ion density      :             0.040001 Ion/Angstrom^3
 Electron density :             0.080003 Electron/Angstrom^3
  
 Calculating Ion-Ion Forces ...                complete.     0.000 s
  
 Calculating Ion-Electron Forces (spline) ...  complete.     0.000 s
  
 Calculating Ion-Electron Stress (spline) ...  complete.     0.000 s
  
 Calculating Ion-Ion Stress ...                complete.     0.000 s
  
 ------------------------------------------------------------------------------
                         LATTICE VECTORS (Angstrom)
 LAT 1           2.923981        0.000000        0.000000
 LAT 2           0.000000        2.923981        0.000000
 LAT 3           0.000000        0.000000        2.923981
 ------------------------------------------------------------------------------
                                STRESS (GPa)
 ST_GPa 1        0.212849       -0.000000       -0.000000
 ST_GPa 2       -0.000000        0.212849        0.000000
 ST_GPa 3       -0.000000        0.000000        0.212849
  
 --------------------------------------------------
 STRESS (a.u.)
 --------------------------------------------------
 ST_AU  1   7.2345979464E-06  -6.0540533085E-12  -1.3430000024E-11
 ST_AU  2  -6.0540533085E-12   7.2345969668E-06   1.6491651709E-12
 ST_AU  3  -1.3430000024E-11   1.6491651709E-12   7.2345969516E-06
; Cell optimization at step  1, max(stress):  0.7235E-05, total energy: -0.89334666    ;
  dV of each real space grid is now    6.1391911933070961E-002
 Cell length (Bohr)    5.523E+00   5.523E+00   5.523E+00
 Angle     (Degree)    9.000E+01   9.000E+01   9.000E+01
 Volume    (Bohr^3)    1.685E+02
  dV of each real space grid is now    6.1391911933070961E-002
 Cell length (Bohr)    5.523E+00   5.523E+00   5.523E+00
 Angle     (Degree)    9.000E+01   9.000E+01   9.000E+01
 Volume    (Bohr^3)    1.685E+02

 ------------------------------------------------------------------------------
                           SETUP EWALD 
 (Ewald) eta                             :   0.7396    
 (Ewald) Real Space Cutoff               :    6.370     (Bohr)
 (Ewald) Reciprocal Cutoff               :    7.395     (1/Bohr)

 ------------------------------------------------------------------------------
                           SETUP PLANE WAVE 
 Read in WT kernel.
 kernel file name  : PROFESS_KERNEL.dat            
 KEDF type         :     4
 Fermi vector      :   1.182014212099E+00
 Reference density :  -1.000000000000E+00
 Mesh points       :    20001
 Fermi vector in this cell is    1.4115033253129987     
 Fermi vector from kernel file is    1.1820142120987149     
 First qNorm is    0.0000000000000000     
 size of Wang-Teter kernel in this run is            8          14          14
 Max |G| in this calculation is   1.379346720847E+01
 Max eta used from kernel is   9.772181872413E+00

 ------------------------------------------------------------------------------
                           REFRESH ION POSITIONS
  
 Calculating Ion-Ion Energy ...                   complete.     0.000 s
  
 Calculating Ion-Electron Potential (spline) ... 
 complete.     0.000 s
 Rescale the total density from   0.122607 to          2

 ------------------------------------------------------------------------------
                           DENSITY OPTIMIZATION
 Electron number for spin            1  is    1.9999999999999991     
 Cell Volume      :            24.963108 Angstrom^3
 Ion number       :                    1
 Electron number  :             2.000000
 Ion density      :             0.040059 Ion/Angstrom^3
 Electron density :             0.080118 Electron/Angstrom^3
  
 Calculating Ion-Ion Forces ...                complete.     0.000 s
  
 Calculating Ion-Electron Forces (spline) ...  complete.     0.000 s
  
 Calculating Ion-Electron Stress (spline) ...  complete.     0.000 s
  
 Calculating Ion-Ion Stress ...                complete.     0.000 s
  
 ------------------------------------------------------------------------------
                         LATTICE VECTORS (Angstrom)
 LAT 1           2.922579        0.000000        0.000000
 LAT 2           0.000000        2.922579       -0.000000
 LAT 3           0.000000       -0.000000        2.922579
 ------------------------------------------------------------------------------
                                STRESS (GPa)
 ST_GPa 1        0.164157       -0.000000       -0.000000
 ST_GPa 2       -0.000000        0.164157        0.000000
 ST_GPa 3       -0.000000        0.000000        0.164157
  
 --------------------------------------------------
 STRESS (a.u.)
 --------------------------------------------------
 ST_AU  1   5.5795830599E-06  -3.6456066696E-12  -1.0119336509E-11
 ST_AU  2  -3.6456066696E-12   5.5795824571E-06   3.1583504394E-12
 ST_AU  3  -1.0119336509E-11   3.1583504394E-12   5.5795824597E-06
; Cell optimization at step  2, max(stress):  0.5580E-05, total energy: -0.89334820    ;
  dV of each real space grid is now    6.1310221916955877E-002
 Cell length (Bohr)    5.520E+00   5.520E+00   5.520E+00
 Angle     (Degree)    9.000E+01   9.000E+01   9.000E+01
 Volume    (Bohr^3)    1.682E+02
  dV of each real space grid is now    6.1310221916955877E-002
 Cell length (Bohr)    5.520E+00   5.520E+00   5.520E+00
 Angle     (Degree)    9.000E+01   9.000E+01   9.000E+01
 Volume    (Bohr^3)    1.682E+02

 ------------------------------------------------------------------------------
                           SETUP EWALD 
 (Ewald) eta                             :   0.7449    
 (Ewald) Real Space Cutoff               :    6.323     (Bohr)
 (Ewald) Reciprocal Cutoff               :    7.398     (1/Bohr)

 ------------------------------------------------------------------------------
                           SETUP PLANE WAVE 
 Read in WT kernel.
 kernel file name  : PROFESS_KERNEL.dat            
 KEDF type         :     4
 Fermi vector      :   1.182014212099E+00
 Reference density :  -1.000000000000E+00
 Mesh points       :    20001
 Fermi vector in this cell is    1.4121299448900213     
 Fermi vector from kernel file is    1.1820142120987149     
 First qNorm is    0.0000000000000000     
 size of Wang-Teter kernel in this run is            8          14          14
 Max |G| in this calculation is   1.379959064117E+01
 Max eta used from kernel is   9.772181866908E+00

 ------------------------------------------------------------------------------
                           REFRESH ION POSITIONS
  
 Calculating Ion-Ion Energy ...                   complete.     0.000 s
  
 Calculating Ion-Electron Potential (spline) ... 
 complete.     0.001 s
 Rescale the total density from   0.122457 to          2

 ------------------------------------------------------------------------------
                           DENSITY OPTIMIZATION
 Electron number for spin            1  is    2.0000000000000009     
 Cell Volume      :            24.929891 Angstrom^3
 Ion number       :                    1
 Electron number  :             2.000000
 Ion density      :             0.040112 Ion/Angstrom^3
 Electron density :             0.080225 Electron/Angstrom^3
  
 Calculating Ion-Ion Forces ...                complete.     0.000 s
  
 Calculating Ion-Electron Forces (spline) ...  complete.     0.000 s
  
 Calculating Ion-Electron Stress (spline) ...  complete.     0.000 s
  
 Calculating Ion-Ion Stress ...                complete.     0.000 s
  
 ------------------------------------------------------------------------------
                         LATTICE VECTORS (Angstrom)
 LAT 1           2.921282        0.000000        0.000000
 LAT 2           0.000000        2.921282       -0.000000
 LAT 3           0.000000       -0.000000        2.921282
 ------------------------------------------------------------------------------
                                STRESS (GPa)
 ST_GPa 1        0.124427       -0.000000       -0.000000
 ST_GPa 2       -0.000000        0.124427        0.000000
 ST_GPa 3       -0.000000        0.000000        0.124427
  
 --------------------------------------------------
 STRESS (a.u.)
 --------------------------------------------------
 ST_AU  1   4.2291958944E-06  -3.8862119006E-12  -1.0829609015E-11
 ST_AU  2  -3.8862119006E-12   4.2291954231E-06   3.4081998031E-12
 ST_AU  3  -1.0829609015E-11   3.4081998031E-12   4.2291954253E-06
; Cell optimization at step  3, max(stress):  0.4229E-05, total energy: -0.89334930    ;
  dV of each real space grid is now    6.1236047735750199E-002
 Cell length (Bohr)    5.518E+00   5.518E+00   5.518E+00
 Angle     (Degree)    9.000E+01   9.000E+01   9.000E+01
 Volume    (Bohr^3)    1.680E+02
  dV of each real space grid is now    6.1236047735750199E-002
 Cell length (Bohr)    5.518E+00   5.518E+00   5.518E+00
 Angle     (Degree)    9.000E+01   9.000E+01   9.000E+01
 Volume    (Bohr^3)    1.680E+02

 ------------------------------------------------------------------------------
                           SETUP EWALD 
 (Ewald) eta                             :   0.7449    
 (Ewald) Real Space Cutoff               :    6.323     (Bohr)
 (Ewald) Reciprocal Cutoff               :    7.401     (1/Bohr)

 ------------------------------------------------------------------------------
                           SETUP PLANE WAVE 
 Read in WT kernel.
 kernel file name  : PROFESS_KERNEL.dat            
 KEDF type         :     4
 Fermi vector      :   1.182014212099E+00
 Reference density :  -1.000000000000E+00
 Mesh points       :    20001
 Fermi vector in this cell is    1.4126998778154458     
 Fermi vector from kernel file is    1.1820142120987149     
 First qNorm is    0.0000000000000000     
 size of Wang-Teter kernel in this run is            8          14          14
 Max |G| in this calculation is   1.380516011942E+01
 Max eta used from kernel is   9.772181859867E+00

 ------------------------------------------------------------------------------
                           REFRESH ION POSITIONS
  
 Calculating Ion-Ion Energy ...                   complete.     0.000 s
  
 Calculating Ion-Electron Potential (spline) ... 
 complete.     0.000 s
 Rescale the total density from   0.122324 to          2

 ------------------------------------------------------------------------------
                           DENSITY OPTIMIZATION
 Electron number for spin            1  is    1.9999999999999969     
 Cell Volume      :            24.899731 Angstrom^3
 Ion number       :                    1
 Electron number  :             2.000000
 Ion density      :             0.040161 Ion/Angstrom^3
 Electron density :             0.080322 Electron/Angstrom^3
  
 Calculating Ion-Ion Forces ...                complete.     0.000 s
  
 Calculating Ion-Electron Forces (spline) ...  complete.     0.000 s
  
 Calculating Ion-Electron Stress (spline) ...  complete.     0.000 s
  
 Calculating Ion-Ion Stress ...                complete.     0.000 s
  
 ------------------------------------------------------------------------------
                         LATTICE VECTORS (Angstrom)
 LAT 1           2.920103        0.000000        0.000000
 LAT 2           0.000000        2.920103       -0.000000
 LAT 3           0.000000       -0.000000        2.920103
 ------------------------------------------------------------------------------
                                STRESS (GPa)
 ST_GPa 1        0.088356       -0.000000       -0.000000
 ST_GPa 2       -0.000000        0.088356        0.000000
 ST_GPa 3       -0.000000        0.000000        0.088356
  
 --------------------------------------------------
 STRESS (a.u.)
 --------------------------------------------------
 ST_AU  1   3.0031727477E-06  -4.7449283652E-12  -1.2597282318E-11
 ST_AU  2  -4.7449283652E-12   3.0031723871E-06   3.4824429140E-12
 ST_AU  3  -1.2597282318E-11   3.4824429140E-12   3.0031723887E-06
; Cell optimization at step  4, max(stress):  0.3003E-05, total energy: -0.89335004    ;
  dV of each real space grid is now    6.1172940158286226E-002
 Cell length (Bohr)    5.516E+00   5.516E+00   5.516E+00
 Angle     (Degree)    9.000E+01   9.000E+01   9.000E+01
 Volume    (Bohr^3)    1.679E+02
  dV of each real space grid is now    6.1172940158286226E-002
 Cell length (Bohr)    5.516E+00   5.516E+00   5.516E+00
 Angle     (Degree)    9.000E+01   9.000E+01   9.000E+01
 Volume    (Bohr^3)    1.679E+02

 ------------------------------------------------------------------------------
                           SETUP EWALD 
 (Ewald) eta                             :   0.7449    
 (Ewald) Real Space Cutoff               :    6.323     (Bohr)
 (Ewald) Reciprocal Cutoff               :    7.404     (1/Bohr)

 ------------------------------------------------------------------------------
                           SETUP PLANE WAVE 
 Read in WT kernel.
 kernel file name  : PROFESS_KERNEL.dat            
 KEDF type         :     4
 Fermi vector      :   1.182014212099E+00
 Reference density :  -1.000000000000E+00
 Mesh points       :    20001
 Fermi vector in this cell is    1.4131855033611656     
 Fermi vector from kernel file is    1.1820142120987149     
 First qNorm is    0.0000000000000000     
 size of Wang-Teter kernel in this run is            8          14          14
 Max |G| in this calculation is   1.380990572595E+01
 Max eta used from kernel is   9.772181849518E+00

 ------------------------------------------------------------------------------
                           REFRESH ION POSITIONS
  
 Calculating Ion-Ion Energy ...                   complete.     0.000 s
  
 Calculating Ion-Electron Potential (spline) ... 
 complete.     0.000 s
 Rescale the total density from   0.122220 to          2

 ------------------------------------------------------------------------------
                           DENSITY OPTIMIZATION
 Electron number for spin            1  is    1.9999999999999940     
 Cell Volume      :            24.874070 Angstrom^3
 Ion number       :                    1
 Electron number  :             2.000000
 Ion density      :             0.040203 Ion/Angstrom^3
 Electron density :             0.080405 Electron/Angstrom^3
  
 Calculating Ion-Ion Forces ...                complete.     0.000 s
  
 Calculating Ion-Electron Forces (spline) ...  complete.     0.000 s
  
 Calculating Ion-Electron Stress (spline) ...  complete.     0.000 s
  
 Calculating Ion-Ion Stress ...                complete.     0.000 s
  
 ------------------------------------------------------------------------------
                         LATTICE VECTORS (Angstrom)
 LAT 1           2.919100        0.000000        0.000000
 LAT 2           0.000000        2.919100       -0.000000
 LAT 3           0.000000       -0.000000        2.919100
 ------------------------------------------------------------------------------
                                STRESS (GPa)
 ST_GPa 1        0.057472       -0.000000       -0.000000
 ST_GPa 2       -0.000000        0.057472        0.000000
 ST_GPa 3       -0.000000        0.000000        0.057472
  
 --------------------------------------------------
 STRESS (a.u.)
 --------------------------------------------------
 ST_AU  1   1.9534422620E-06  -5.6503194552E-12  -1.4706913156E-11
 ST_AU  2  -5.6503194552E-12   1.9534420064E-06   3.8213859850E-12
 ST_AU  3  -1.4706913156E-11   3.8213859850E-12   1.9534420066E-06
; Cell optimization at step  5, max(stress):  0.1953E-05, total energy: -0.89335047    ;
  dV of each real space grid is now    6.1123745409593366E-002
 Cell length (Bohr)    5.515E+00   5.515E+00   5.515E+00
 Angle     (Degree)    9.000E+01   9.000E+01   9.000E+01
 Volume    (Bohr^3)    1.677E+02
  dV of each real space grid is now    6.1123745409593366E-002
 Cell length (Bohr)    5.515E+00   5.515E+00   5.515E+00
 Angle     (Degree)    9.000E+01   9.000E+01   9.000E+01
 Volume    (Bohr^3)    1.677E+02

 ------------------------------------------------------------------------------
                           SETUP EWALD 
 (Ewald) eta                             :   0.7449    
 (Ewald) Real Space Cutoff               :    6.328     (Bohr)
 (Ewald) Reciprocal Cutoff               :    7.406     (1/Bohr)

 ------------------------------------------------------------------------------
                           SETUP PLANE WAVE 
 Read in WT kernel.
 kernel file name  : PROFESS_KERNEL.dat            
 KEDF type         :     4
 Fermi vector      :   1.182014212099E+00
 Reference density :  -1.000000000000E+00
 Mesh points       :    20001
 Fermi vector in this cell is    1.4135645304338713     
 Fermi vector from kernel file is    1.1820142120987149     
 First qNorm is    0.0000000000000000     
 size of Wang-Teter kernel in this run is            8          14          14
 Max |G| in this calculation is   1.381360962650E+01
 Max eta used from kernel is   9.772181834711E+00

 ------------------------------------------------------------------------------
                           REFRESH ION POSITIONS
  
 Calculating Ion-Ion Energy ...                   complete.     0.000 s
  
 Calculating Ion-Electron Potential (spline) ... 
 complete.     0.000 s
 Rescale the total density from   0.122149 to          2

 ------------------------------------------------------------------------------
                           DENSITY OPTIMIZATION
 Electron number for spin            1  is    1.9999999999999931     
 Cell Volume      :            24.854067 Angstrom^3
 Ion number       :                    1
 Electron number  :             2.000000
 Ion density      :             0.040235 Ion/Angstrom^3
 Electron density :             0.080470 Electron/Angstrom^3
  
 Calculating Ion-Ion Forces ...                complete.     0.000 s
  
 Calculating Ion-Electron Forces (spline) ...  complete.     0.000 s
  
 Calculating Ion-Electron Stress (spline) ...  complete.     0.000 s
  
 Calculating Ion-Ion Stress ...                complete.     0.000 s
  
 ------------------------------------------------------------------------------
                         LATTICE VECTORS (Angstrom)
 LAT 1           2.918317        0.000000        0.000000
 LAT 2           0.000000        2.918317       -0.000000
 LAT 3           0.000000       -0.000000        2.918317
 ------------------------------------------------------------------------------
                                STRESS (GPa)
 ST_GPa 1        0.033318       -0.000000       -0.000000
 ST_GPa 2       -0.000000        0.033318        0.000000
 ST_GPa 3       -0.000000        0.000000        0.033318
  
 --------------------------------------------------
 STRESS (a.u.)
 --------------------------------------------------
 ST_AU  1   1.1324702410E-06  -6.5398584833E-12  -1.6884782166E-11
 ST_AU  2  -6.5398584833E-12   1.1324700861E-06   4.2747890920E-12
 ST_AU  3  -1.6884782166E-11   4.2747890920E-12   1.1324700872E-06
; Cell optimization at step  6, max(stress):  0.1132E-05, total energy: -0.89335068    ;
  dV of each real space grid is now    6.1089555668584872E-002
 Cell length (Bohr)    5.514E+00   5.514E+00   5.514E+00
 Angle     (Degree)    9.000E+01   9.000E+01   9.000E+01
 Volume    (Bohr^3)    1.676E+02
  dV of each real space grid is now    6.1089555668584872E-002
 Cell length (Bohr)    5.514E+00   5.514E+00   5.514E+00
 Angle     (Degree)    9.000E+01   9.000E+01   9.000E+01
 Volume    (Bohr^3)    1.676E+02

 ------------------------------------------------------------------------------
                           SETUP EWALD 
 (Ewald) eta                             :   0.7449    
 (Ewald) Real Space Cutoff               :    6.328     (Bohr)
 (Ewald) Reciprocal Cutoff               :    7.407     (1/Bohr)

 ------------------------------------------------------------------------------
                           SETUP PLANE WAVE 
 Read in WT kernel.
 kernel file name  : PROFESS_KERNEL.dat            
 KEDF type         :     4
 Fermi vector      :   1.182014212099E+00
 Reference density :  -1.000000000000E+00
 Mesh points       :    20001
 Fermi vector in this cell is    1.4138281892069691     
 Fermi vector from kernel file is    1.1820142120987149     
 First qNorm is    0.0000000000000000     
 size of Wang-Teter kernel in this run is            8          14          14
 Max |G| in this calculation is   1.381618611890E+01
 Max eta used from kernel is   9.772181814146E+00

 ------------------------------------------------------------------------------
                           REFRESH ION POSITIONS
  
 Calculating Ion-Ion Energy ...                   complete.     0.000 s
  
 Calculating Ion-Electron Potential (spline) ... 
 complete.     0.000 s
 Rescale the total density from   0.122111 to          2

 ------------------------------------------------------------------------------
                           DENSITY OPTIMIZATION
 Electron number for spin            1  is    2.0000000000000040     
 Cell Volume      :            24.840164 Angstrom^3
 Ion number       :                    1
 Electron number  :             2.000000
 Ion density      :             0.040257 Ion/Angstrom^3
 Electron density :             0.080515 Electron/Angstrom^3
  
 Calculating Ion-Ion Forces ...                complete.     0.000 s
  
 Calculating Ion-Electron Forces (spline) ...  complete.     0.000 s
  
 Calculating Ion-Electron Stress (spline) ...  complete.     0.000 s
  
 Calculating Ion-Ion Stress ...                complete.     0.000 s
  
 ------------------------------------------------------------------------------
                         LATTICE VECTORS (Angstrom)
 LAT 1           2.917773        0.000000        0.000000
 LAT 2           0.000000        2.917773       -0.000000
 LAT 3           0.000000       -0.000000        2.917773
 ------------------------------------------------------------------------------
                                STRESS (GPa)
 ST_GPa 1        0.016496       -0.000000       -0.000001
 ST_GPa 2       -0.000000        0.016496        0.000000
 ST_GPa 3       -0.000001        0.000000        0.016496
  
 --------------------------------------------------
 STRESS (a.u.)
 --------------------------------------------------
 ST_AU  1   5.6069734704E-07  -7.2383959377E-12  -1.9040615390E-11
 ST_AU  2  -7.2383959377E-12   5.6069726332E-07   5.1030171551E-12
 ST_AU  3  -1.9040615390E-11   5.1030171551E-12   5.6069726389E-07
; Cell optimization at step  7, max(stress):  0.5607E-06, total energy: -0.89335076    ;
  dV of each real space grid is now    6.1069256060708628E-002
 Cell length (Bohr)    5.513E+00   5.513E+00   5.513E+00
 Angle     (Degree)    9.000E+01   9.000E+01   9.000E+01
 Volume    (Bohr^3)    1.676E+02
  dV of each real space grid is now    6.1069256060708628E-002
 Cell length (Bohr)    5.513E+00   5.513E+00   5.513E+00
 Angle     (Degree)    9.000E+01   9.000E+01   9.000E+01
 Volume    (Bohr^3)    1.676E+02

 ------------------------------------------------------------------------------
                           SETUP EWALD 
 (Ewald) eta                             :   0.7449    
 (Ewald) Real Space Cutoff               :    6.328     (Bohr)
 (Ewald) Reciprocal Cutoff               :    7.408     (1/Bohr)

 ------------------------------------------------------------------------------
                           SETUP PLANE WAVE 
 Read in WT kernel.
 kernel file name  : PROFESS_KERNEL.dat            
 KEDF type         :     4
 Fermi vector      :   1.182014212099E+00
 Reference density :  -1.000000000000E+00
 Mesh points       :    20001
 Fermi vector in this cell is    1.4139848254604988     
 Fermi vector from kernel file is    1.1820142120987149     
 First qNorm is    0.0000000000000000     
 size of Wang-Teter kernel in this run is            8          14          14
 Max |G| in this calculation is   1.381771675828E+01
 Max eta used from kernel is   9.772181786872E+00

 ------------------------------------------------------------------------------
                           REFRESH ION POSITIONS
  
 Calculating Ion-Ion Energy ...                   complete.     0.000 s
  
 Calculating Ion-Electron Potential (spline) ... 
 complete.     0.000 s
 Rescale the total density from   0.122098 to          2

 ------------------------------------------------------------------------------
                           DENSITY OPTIMIZATION
 Electron number for spin            1  is    1.9999999999999940     
 Cell Volume      :            24.831910 Angstrom^3
 Ion number       :                    1
 Electron number  :             2.000000
 Ion density      :             0.040271 Ion/Angstrom^3
 Electron density :             0.080542 Electron/Angstrom^3
  
 Calculating Ion-Ion Forces ...                complete.     0.000 s
  
 Calculating Ion-Electron Forces (spline) ...  complete.     0.000 s
  
 Calculating Ion-Electron Stress (spline) ...  complete.     0.000 s
  
 Calculating Ion-Ion Stress ...                complete.     0.000 s
  
 ------------------------------------------------------------------------------
                         LATTICE VECTORS (Angstrom)
 LAT 1           2.917450        0.000000        0.000000
 LAT 2           0.000000        2.917450       -0.000000
 LAT 3           0.000000       -0.000000        2.917450
 ------------------------------------------------------------------------------
                                STRESS (GPa)
 ST_GPa 1        0.006512       -0.000000       -0.000001
 ST_GPa 2       -0.000000        0.006512        0.000000
 ST_GPa 3       -0.000001        0.000000        0.006512
  
 --------------------------------------------------
 STRESS (a.u.)
 --------------------------------------------------
 ST_AU  1   2.2133353874E-07  -8.9334615741E-12  -2.3079823747E-11
 ST_AU  2  -8.9334615741E-12   2.2133352161E-07   5.8488698033E-12
 ST_AU  3  -2.3079823747E-11   5.8488698033E-12   2.2133352191E-07
; Cell optimization at step  8, max(stress):  0.2213E-06, total energy: -0.89335078    ;
##############################################################################
#                               FINAL ENERGIES                       time    #
##############################################################################
# Thomas-Fermi Kin. Energy =   8.373323301893E+00 eV                 0.000 s #
# Von-Weizsacker Kin. Ener =   1.156900855876E+00 eV                 0.000 s #
# Wang-Teter Kinetic Energ =  -3.838208795093E-01 eV                 0.000 s #
#                                                                            #
#     LDA Exch-Corr Energy =  -1.142137314044E+01 eV                 0.000 s #
#         Coulombic Energy =   7.058102243628E-02 eV                 0.000 s #
#      Ion-Electron Energy =   5.903152199344E+00 eV                 0.000 s #
#           Ion-Ion Energy =  -2.800807394135E+01 eV                 0.000 s #
#                                                                            #
#     TOTAL KINETIC ENERGY =   9.146403278260E+00 eV                         #
#   TOTAL POTENTIAL ENERGY =  -3.345571386001E+01 eV                         #
#             TOTAL ENERGY =  -2.430931058175E+01 eV                         #
##############################################################################
  
 ----------------------------- TIME INFORMATION ------------------------------
    PROFESS      :      0.74s WALL    100.00% (       1 calls)     0.74s/call
    InitPROFESS  :      0.04s WALL      5.98% (       1 calls)     0.04s/call
    KEDFRefresh  :      0.18s WALL     23.91% (       8 calls)     0.02s/call
    IonRefresh   :      0.00s WALL      0.56% (       8 calls)     0.00s/call
    EwaldEnergy  :      0.00s WALL      0.27% (       8 calls)     0.00s/call
    Pot_Ion      :      0.00s WALL      0.08% (     286 calls)     0.00s/call
    Pot_Har      :      0.01s WALL      1.65% (     286 calls)     0.00s/call
    Pot_Exc      :      0.08s WALL     10.46% (     286 calls)     0.00s/call
    Pot_KEDF     :      0.31s WALL     41.77% (     286 calls)     0.00s/call
    VWPotSqrPlus :      0.01s WALL      1.52% (     286 calls)     0.00s/call
    NextGradient :      0.00s WALL      0.09% (      27 calls)     0.00s/call
    CalForce     :      0.00s WALL      0.38% (       8 calls)     0.00s/call
    EwaldForces  :      0.00s WALL      0.22% (       8 calls)     0.00s/call
    CalStress    :      0.02s WALL      2.12% (       8 calls)     0.00s/call
    EwaldStress  :      0.00s WALL      0.12% (       8 calls)     0.00s/call
 -----------------------------------------------------------------------------
 ------------------------------- TOTAL ---------------------------------------
    PROFESS      :      0.74s WALL    100.00% (       1 calls)     0.74s/call
 -----------------------------------------------------------------------------

Run completed on: 08/19/2021 at 15:54:44 
  
