 ******************************************************************************
                             WELCOME TO PROFESS                   
            (PRinceton Orbital-Free Electronic Structure Software) 
 ******************************************************************************

 ------------------------------------------------------------------------------
                           READ GEOMETRY
 Cell length (Bohr)    5.529E+00   5.529E+00   5.529E+00
 Angle     (Degree)    9.000E+01   9.000E+01   9.000E+01
 Volume    (Bohr^3)    1.690E+02

 ------------------------------------------------------------------------------
                           READ PSEUDOPOTENTIAL
 Total electron number in ReadPseudo is    3.0000000000000000     
 (System) Machine Precision              :    2.2204460492503131E-016

 ------------------------------------------------------------------------------
                           SETUP FFT
 Global FFT Dimension :    27   27   27
 Rank/Size in Global Communicator     :            0 /           1
 Rank/Size in Global FFT Communicator :            0 /           1
 Parallel FFT, totX    =    27
 Parallel FFT, totY    =    27
 Parallel FFT, locZ    =    27
 Parallel FFT, locZoff =     0
 Dimension of rho for this processor : 
 xmin, xmax :            0          26
 ymin, ymax :            0          26
 zmin, zmax :            0          26
 Total electron number =    3.0000000000000000     
 Uniform rhoR =    1.7752354464657161E-002
 (GB INFO) FFT size      :       27      27      27
 (GB INFO) FFT offset    :        0
 (GB INFO) FFT G size    :       14      27      27
 (GB INFO) FFT G offset  :        0

 ------------------------------------------------------------------------------
                           SETUP KEDF
 kinetic energy density functional number is            5
 ( 1=TF, 2=VW, 3=TF+VW, 4=WT,  5=WGC,  
   7=LQ, 8=HQ, 10=CAT,  11=HC, 12=WGCD,
   15=GGA, 16=WGCD+GGA, 17=EVT, 18=EVC )
 qTable dimension:    14   27   27
 Coefficient for TF KEDF is     1.0000
 Coefficient for VW KEDF is     1.0000
 Coefficient for alpha in WGC KEDF is     1.2060
 Coefficient for beta  in WGC KEDF is     0.4607
 Coefficient for gamma in WGC KEDF is     2.7000
 rho0 (Electron/Bohr^3) in WGC KEDF is     0.0178
 rhoS (Electron/Bohr^3) in WGC KEDF is     0.0178
 hold0 =  F
 holdS =  F
  dV of each real space grid is now    8.5856662325729458E-003
 Cell length (Bohr)    5.529E+00   5.529E+00   5.529E+00
 Angle     (Degree)    9.000E+01   9.000E+01   9.000E+01
 Volume    (Bohr^3)    1.690E+02

 ------------------------------------------------------------------------------
                           SETUP EWALD 
 (Ewald) eta                             :    1.200    
 (Ewald) Real Space Cutoff               :    6.000     (Bohr)
 (Ewald) Reciprocal Cutoff               :    14.77     (1/Bohr)

 ------------------------------------------------------------------------------
                           SETUP PLANE WAVE 

 ------------------------------------------------------------------------------
                           INITIALIZING WGC KERNEL
 Fermi vector :   0.80703490795484101     
 Reference density :    1.7752354464657161E-002
 Make WGC kernels.
 Dimension of KEDF Kernel :           14          27          27

 ------------------------------------------------------------------------------
                           REFRESH ION POSITIONS
  
 Calculating Ion-Ion Energy ...                   complete.     0.002 s
  
 Calculating Ion-Electron Potential (spline) ... 
 complete.     0.003 s

 ------------------------------------------------------------------------------
                           DENSITY OPTIMIZATION
 Electron number for spin            1  is    3.0000000000003761     
 Cell Volume      :            25.041981 Angstrom^3
 Ion number       :                    1
 Electron number  :             3.000000
 Ion density      :             0.039933 Ion/Angstrom^3
 Electron density :             0.119799 Electron/Angstrom^3
##############################################################################
#                               FINAL ENERGIES                       time    #
##############################################################################
# Thomas-Fermi Kin. Energy =   1.722141574107E+01 eV                 0.000 s #
# Von-Weizsacker Kin. Ener =   3.503594898779E+00 eV                 0.000 s #
#       WGC Kinetic Energy =  -1.849763208203E+00 eV                 0.000 s #
#                                                                            #
# GGA(PBE) Exch-Cor Energy =  -1.969567855549E+01 eV                 0.000 s #
#         Coulombic Energy =   7.850930114704E-01 eV                 0.000 s #
#      Ion-Electron Energy =   6.146502796856E+00 eV                 0.000 s #
#           Ion-Ion Energy =  -6.284145665018E+01 eV                 0.000 s #
#                                                                            #
#     TOTAL KINETIC ENERGY =   1.887524743165E+01 eV                         #
#   TOTAL POTENTIAL ENERGY =  -7.560553939734E+01 eV                         #
#             TOTAL ENERGY =  -5.673029196569E+01 eV                         #
##############################################################################
  
 ----------------------------- TIME INFORMATION ------------------------------
    PROFESS      :      2.54s WALL    100.00% (       1 calls)     2.54s/call
    InitPROFESS  :      0.04s WALL      1.69% (       1 calls)     0.04s/call
    KEDFRefresh  :      0.02s WALL      0.79% (       1 calls)     0.02s/call
    IonRefresh   :      0.01s WALL      0.25% (       1 calls)     0.01s/call
    EwaldEnergy  :      0.00s WALL      0.10% (       1 calls)     0.00s/call
    Pot_Ion      :      0.00s WALL      0.08% (      88 calls)     0.00s/call
    Pot_Har      :      0.08s WALL      3.14% (      88 calls)     0.00s/call
    Pot_Exc      :      0.85s WALL     33.54% (      88 calls)     0.01s/call
    PBEPot       :      0.83s WALL     32.69% (      88 calls)     0.01s/call
    Pot_KEDF     :      1.23s WALL     48.56% (      88 calls)     0.01s/call
    WGCPotPlus   :      0.97s WALL     38.21% (      88 calls)     0.01s/call
    VWPotSqrPlus :      0.07s WALL      2.62% (      88 calls)     0.00s/call
    NextGradient :      0.00s WALL      0.06% (       7 calls)     0.00s/call
 -----------------------------------------------------------------------------
 ------------------------------- TOTAL ---------------------------------------
    PROFESS      :      2.54s WALL    100.00% (       1 calls)     2.54s/call
 -----------------------------------------------------------------------------

Run completed on: 05/02/2023 at 13:34:09 
  
