 ******************************************************************************
                             WELCOME TO PROFESS                   
            (PRinceton Orbital-Free Electronic Structure Software) 
 ******************************************************************************

 ------------------------------------------------------------------------------
                           READ GEOMETRY
 Cell length (Bohr)    5.314E+00   5.314E+00   5.314E+00
 Angle     (Degree)    6.000E+01   6.000E+01   6.000E+01
 Volume    (Bohr^3)    1.061E+02

 ------------------------------------------------------------------------------
                           READ PSEUDOPOTENTIAL
 Total electron number in ReadPseudo is    3.0000000000000000     
 (System) Machine Precision              :    2.2204460492503131E-016

 ------------------------------------------------------------------------------
                           SETUP FFT
 Global FFT Dimension :    14   14   14
 Rank/Size in Global Communicator     :            0 /           1
 Rank/Size in Global FFT Communicator :            0 /           1
 Parallel FFT, totX    =    14
 Parallel FFT, totY    =    14
 Parallel FFT, locZ    =    14
 Parallel FFT, locZoff =     0
 Dimension of rho for this processor : 
 xmin, xmax :            0          13
 ymin, ymax :            0          13
 zmin, zmax :            0          13
 Total electron number =    3.0000000000000000     
 Uniform rhoR =    2.8277482805553301E-002
 (GB INFO) FFT size      :       14      14      14
 (GB INFO) FFT offset    :        0
 (GB INFO) FFT G size    :        8      14      14
 (GB INFO) FFT G offset  :        0

 ------------------------------------------------------------------------------
                           SETUP KEDF
 kinetic energy density functional number is            4
 ( 1=TF, 2=VW, 3=TF+VW, 4=WT,  5=WGC,  
   7=LQ, 8=HQ, 10=CAT,  11=HC, 12=WGCD,
   15=GGA, 16=WGCD+GGA, 17=EVT, 18=EVC )
 qTable dimension:     8   14   14
 Coefficient for TF KEDF is     1.0000
 Coefficient for VW KEDF is     1.0000
 Coefficient for alpha in WT KEDF is     0.8333
 Coefficient for beta  in WT KEDF is     0.8333
 rho0 (Electron/Bohr^3) in WGC KEDF is     0.0283
 hold0 =  F
  dV of each real space grid is now    3.8663075782215374E-002
 Cell length (Bohr)    5.314E+00   5.314E+00   5.314E+00
 Angle     (Degree)    6.000E+01   6.000E+01   6.000E+01
 Volume    (Bohr^3)    1.061E+02

 ------------------------------------------------------------------------------
                           SETUP EWALD 
 (Ewald) eta                             :   0.7608    
 (Ewald) Real Space Cutoff               :    6.360     (Bohr)
 (Ewald) Reciprocal Cutoff               :    7.686     (1/Bohr)

 ------------------------------------------------------------------------------
                           SETUP PLANE WAVE 
 Read in WT kernel.
 kernel file name  : 10PROFESS_KERNEL.dat          
 KEDF type         :     4
 Fermi vector      :   1.182014212099E+00
 Reference density :  -1.000000000000E+00
 Mesh points       :   200002
 Fermi vector in this cell is    1.8850255656283974     
 Fermi vector from kernel file is    1.1820142120987149     
 First qNorm is    0.0000000000000000     
 size of Wang-Teter kernel in this run is            8          14          14
 Max |G| in this calculation is   1.816508222211E+01
 Max eta used from kernel is   9.636517696808E+00

 ------------------------------------------------------------------------------
                           REFRESH ION POSITIONS
  
 Calculating Ion-Ion Energy ...                   complete.     0.000 s
  
 Calculating Ion-Electron Potential (spline) ... 
 complete.     0.000 s

 ------------------------------------------------------------------------------
                           DENSITY OPTIMIZATION
 Electron number for spin            1  is    3.0000000000000577     
 Cell Volume      :            15.721135 Angstrom^3
 Ion number       :                    1
 Electron number  :             3.000000
 Ion density      :             0.063609 Ion/Angstrom^3
 Electron density :             0.190826 Electron/Angstrom^3
##############################################################################
#                               FINAL ENERGIES                       time    #
##############################################################################
# Thomas-Fermi Kin. Energy =   2.207173644186E+01 eV                 0.000 s #
# Von-Weizsacker Kin. Ener =   1.640892656468E+00 eV                 0.000 s #
# Wang-Teter Kinetic Energ =  -4.785264022817E-01 eV                 0.000 s #
#                                                                            #
#     LDA Exch-Corr Energy =  -2.214063285452E+01 eV                 0.000 s #
#         Coulombic Energy =   8.911088870633E-02 eV                 0.000 s #
#      Ion-Electron Energy =   1.570361580876E+01 eV                 0.000 s #
#           Ion-Ion Energy =  -7.470951401737E+01 eV                 0.000 s #
#                                                                            #
#     TOTAL KINETIC ENERGY =   2.323410269605E+01 eV                         #
#   TOTAL POTENTIAL ENERGY =  -8.105742017442E+01 eV                         #
#             TOTAL ENERGY =  -5.782331747837E+01 eV                         #
##############################################################################
  
 ----------------------------- TIME INFORMATION ------------------------------
    PROFESS      :      0.64s WALL    100.00% (       1 calls)     0.64s/call
    InitPROFESS  :      0.36s WALL     55.29% (       1 calls)     0.36s/call
    KEDFRefresh  :      0.33s WALL     51.95% (       1 calls)     0.33s/call
    IonRefresh   :      0.00s WALL      0.16% (       1 calls)     0.00s/call
    EwaldEnergy  :      0.00s WALL      0.08% (       1 calls)     0.00s/call
    Pot_Ion      :      0.00s WALL      0.04% (      53 calls)     0.00s/call
    Pot_Har      :      0.00s WALL      0.77% (      53 calls)     0.00s/call
    Pot_Exc      :      0.02s WALL      3.21% (      53 calls)     0.00s/call
    Pot_KEDF     :      0.09s WALL     14.41% (      53 calls)     0.00s/call
    VWPotSqrPlus :      0.00s WALL      0.75% (      53 calls)     0.00s/call
    NextGradient :      0.00s WALL      0.04% (       6 calls)     0.00s/call
 -----------------------------------------------------------------------------
 ------------------------------- TOTAL ---------------------------------------
    PROFESS      :      0.64s WALL    100.00% (       1 calls)     0.64s/call
 -----------------------------------------------------------------------------

Run completed on: 09/27/2021 at 11:16:06 
  
