 ******************************************************************************
                             WELCOME TO PROFESS                   
            (PRinceton Orbital-Free Electronic Structure Software) 
 ******************************************************************************

 ------------------------------------------------------------------------------
                           READ GEOMETRY
 Cell length (Bohr)    4.523E+00   4.523E+00   4.523E+00
 Angle     (Degree)    9.000E+01   9.000E+01   9.000E+01
 Volume    (Bohr^3)    9.256E+01

 ------------------------------------------------------------------------------
                           READ PSEUDOPOTENTIAL
 Total electron number in ReadPseudo is    3.0000000000000000     
 (System) Machine Precision              :    2.2204460492503131E-016

 ------------------------------------------------------------------------------
                           SETUP FFT
 Global FFT Dimension :    24   24   24
 Rank/Size in Global Communicator     :            0 /           1
 Rank/Size in Global FFT Communicator :            0 /           1
 Parallel FFT, totX    =    24
 Parallel FFT, totY    =    24
 Parallel FFT, locZ    =    24
 Parallel FFT, locZoff =     0
 Dimension of rho for this processor : 
 xmin, xmax :            0          23
 ymin, ymax :            0          23
 zmin, zmax :            0          23
 Total electron number =    3.0000000000000000     
 Uniform rhoR =    3.2412049098022887E-002
 (GB INFO) FFT size      :       24      24      24
 (GB INFO) FFT offset    :        0
 (GB INFO) FFT G size    :       13      24      24
 (GB INFO) FFT G offset  :        0

 ------------------------------------------------------------------------------
                           SETUP KEDF
 kinetic energy density functional number is            5
 ( 1=TF, 2=VW, 3=TF+VW, 4=WT,  5=WGC,  
   7=LQ, 8=HQ, 10=CAT,  11=HC, 12=WGCD,
   15=GGA, 16=WGCD+GGA, 17=EVT, 18=EVC )
 qTable dimension:    13   24   24
 Coefficient for TF KEDF is     1.0000
 Coefficient for VW KEDF is     1.0000
 Coefficient for alpha in WGC KEDF is     1.2060
 Coefficient for beta  in WGC KEDF is     0.4607
 Coefficient for gamma in WGC KEDF is     2.7000
 rho0 (Electron/Bohr^3) in WGC KEDF is     0.0324
 rhoS (Electron/Bohr^3) in WGC KEDF is     0.0324
 hold0 =  F
 holdS =  F
  dV of each real space grid is now    6.6954695839371225E-003
 Cell length (Bohr)    4.523E+00   4.523E+00   4.523E+00
 Angle     (Degree)    9.000E+01   9.000E+01   9.000E+01
 Volume    (Bohr^3)    9.256E+01

 ------------------------------------------------------------------------------
                           SETUP EWALD 
 (Ewald) eta                             :    1.200    
 (Ewald) Real Space Cutoff               :    6.000     (Bohr)
 (Ewald) Reciprocal Cutoff               :    15.97     (1/Bohr)

 ------------------------------------------------------------------------------
                           SETUP PLANE WAVE 

 ------------------------------------------------------------------------------
                           INITIALIZING WGC KERNEL
 Fermi vector :   0.98637599861147240     
 Reference density :    3.2412049098022887E-002
 Make WGC kernels.
 Dimension of KEDF Kernel :           13          24          24

 ------------------------------------------------------------------------------
                           REFRESH ION POSITIONS
  
 Calculating Ion-Ion Energy ...                   complete.     0.002 s
  
 Calculating Ion-Electron Potential (spline) ... 
 complete.     0.005 s

 ------------------------------------------------------------------------------
                           DENSITY OPTIMIZATION
 Electron number for spin            1  is    2.9999999999994356     
 Cell Volume      :            13.715706 Angstrom^3
 Ion number       :                    1
 Electron number  :             3.000000
 Ion density      :             0.072909 Ion/Angstrom^3
 Electron density :             0.218727 Electron/Angstrom^3
##############################################################################
#                               FINAL ENERGIES                       time    #
##############################################################################
# Thomas-Fermi Kin. Energy =   2.459653128096E+01 eV                 0.000 s #
# Von-Weizsacker Kin. Ener =   3.040308309398E+00 eV                 0.000 s #
#       WGC Kinetic Energy =  -1.450597737975E+00 eV                 0.000 s #
#                                                                            #
# GGA(PBE) Exch-Cor Energy =  -2.324427405597E+01 eV                 0.000 s #
#         Coulombic Energy =   2.338007114386E-01 eV                 0.000 s #
#      Ion-Electron Energy =   1.749444221255E+01 eV                 0.000 s #
#           Ion-Ion Energy =  -7.680622479466E+01 eV                 0.000 s #
#                                                                            #
#     TOTAL KINETIC ENERGY =   2.618624185238E+01 eV                         #
#   TOTAL POTENTIAL ENERGY =  -8.232225592664E+01 eV                         #
#             TOTAL ENERGY =  -5.613601407426E+01 eV                         #
##############################################################################
  
 ----------------------------- TIME INFORMATION ------------------------------
    PROFESS      :      2.50s WALL    100.00% (       1 calls)     2.50s/call
    InitPROFESS  :      0.05s WALL      2.12% (       1 calls)     0.05s/call
    KEDFRefresh  :      0.02s WALL      0.86% (       1 calls)     0.02s/call
    IonRefresh   :      0.01s WALL      0.35% (       1 calls)     0.01s/call
    EwaldEnergy  :      0.00s WALL      0.10% (       1 calls)     0.00s/call
    Pot_Ion      :      0.00s WALL      0.12% (      94 calls)     0.00s/call
    Pot_Har      :      0.07s WALL      2.83% (      94 calls)     0.00s/call
    Pot_Exc      :      0.84s WALL     33.57% (      94 calls)     0.01s/call
    PBEPot       :      0.81s WALL     32.44% (      94 calls)     0.01s/call
    Pot_KEDF     :      1.20s WALL     47.98% (      94 calls)     0.01s/call
    WGCPotPlus   :      0.95s WALL     37.97% (      94 calls)     0.01s/call
    VWPotSqrPlus :      0.06s WALL      2.46% (      94 calls)     0.00s/call
    NextGradient :      0.00s WALL      0.07% (       7 calls)     0.00s/call
 -----------------------------------------------------------------------------
 ------------------------------- TOTAL ---------------------------------------
    PROFESS      :      2.50s WALL    100.00% (       1 calls)     2.50s/call
 -----------------------------------------------------------------------------

Run completed on: 05/02/2023 at 13:34:07 
  
