 ******************************************************************************
                             WELCOME TO PROFESS                   
            (PRinceton Orbital-Free Electronic Structure Software) 
 ******************************************************************************

 ------------------------------------------------------------------------------
                           READ GEOMETRY
 Cell length (Bohr)    7.897E+00   7.897E+00   7.897E+00
 Angle     (Degree)    6.000E+01   6.000E+01   6.000E+01
 Volume    (Bohr^3)    3.482E+02

 ------------------------------------------------------------------------------
                           READ PSEUDOPOTENTIAL
 Total electron number in ReadPseudo is    2.0000000000000000     
 (System) Machine Precision              :    2.2204460492503131E-016

 ------------------------------------------------------------------------------
                           SETUP FFT
 Global FFT Dimension :    21   21   21
 Rank/Size in Global Communicator     :            0 /           1
 Rank/Size in Global FFT Communicator :            0 /           1
 Parallel FFT, totX    =    21
 Parallel FFT, totY    =    21
 Parallel FFT, locZ    =    21
 Parallel FFT, locZoff =     0
 Dimension of rho for this processor : 
 xmin, xmax :            0          20
 ymin, ymax :            0          20
 zmin, zmax :            0          20
 Total electron number =    2.0000000000000000     
 Uniform rhoR =    5.7440386674809463E-003
 (GB INFO) FFT size      :       21      21      21
 (GB INFO) FFT offset    :        0
 (GB INFO) FFT G size    :       11      21      21
 (GB INFO) FFT G offset  :        0

 ------------------------------------------------------------------------------
                           SETUP KEDF
 kinetic energy density functional number is            4
 ( 1=TF, 2=VW, 3=TF+VW, 4=WT,  5=WGC,  
   7=LQ, 8=HQ, 10=CAT,  11=HC, 12=WGCD,
   15=GGA, 16=WGCD+GGA, 17=EVT, 18=EVC )
 qTable dimension:    11   21   21
 Coefficient for TF KEDF is     1.0000
 Coefficient for VW KEDF is     1.0000
 Coefficient for alpha in WT KEDF is     0.8333
 Coefficient for beta  in WT KEDF is     0.8333
 rho0 (Electron/Bohr^3) in WGC KEDF is     0.0057
 hold0 =  F
  dV of each real space grid is now    3.7597135418933073E-002
 Cell length (Bohr)    7.897E+00   7.897E+00   7.897E+00
 Angle     (Degree)    6.000E+01   6.000E+01   6.000E+01
 Volume    (Bohr^3)    3.482E+02

 ------------------------------------------------------------------------------
                           SETUP EWALD 
 (Ewald) eta                             :   0.7978    
 (Ewald) Real Space Cutoff               :    6.000     (Bohr)
 (Ewald) Reciprocal Cutoff               :    7.957     (1/Bohr)

 ------------------------------------------------------------------------------
                           SETUP PLANE WAVE 
 Fill the 3D Wang-Teter kernel in G space

 ------------------------------------------------------------------------------
                           REFRESH ION POSITIONS
  
 Calculating Ion-Ion Energy ...                   complete.     0.001 s
  
 Calculating Ion-Electron Potential (spline) ... 
 complete.     0.001 s

 ------------------------------------------------------------------------------
                           DENSITY OPTIMIZATION
 Electron number for spin            1  is    1.9999999999997626     
 Cell Volume      :            51.596000 Angstrom^3
 Ion number       :                    2
 Electron number  :             2.000000
 Ion density      :             0.038763 Ion/Angstrom^3
 Electron density :             0.038763 Electron/Angstrom^3
  
 Calculating Ion-Ion Forces ...                complete.     0.001 s
  
 Calculating Ion-Electron Forces (spline) ...  complete.     0.000 s
  
 Calculating Ion-Electron Stress (spline) ...  complete.     0.001 s
  
 Calculating Ion-Ion Stress ...                complete.     0.000 s
  
 ------------------------------------------------------------------------------
                         LATTICE VECTORS (Angstrom)
 LAT 1           0.000000        2.954804        2.954804
 LAT 2           2.954804        0.000000        2.954804
 LAT 3           2.954804        2.954804        0.000000
 ------------------------------------------------------------------------------
                                STRESS (GPa)
 ST_GPa 1        1.398726       -0.000296       -0.000293
 ST_GPa 2       -0.000296        1.398732       -0.000314
 ST_GPa 3       -0.000293       -0.000314        1.398723
  
 --------------------------------------------------
 STRESS (a.u.)
 --------------------------------------------------
 ST_AU  1   4.7541738350E-05  -1.0077520401E-08  -9.9540749883E-09
 ST_AU  2  -1.0077520401E-08   4.7541945081E-05  -1.0669050531E-08
 ST_AU  3  -9.9540749883E-09  -1.0669050531E-08   4.7541650018E-05
; Cell optimization at step  1, max(stress):  0.4754E-04, total energy: -0.51746066    ;
  dV of each real space grid is now    3.7060391559439292E-002
 Cell length (Bohr)    7.872E+00   7.872E+00   7.872E+00
 Angle     (Degree)    5.979E+01   5.979E+01   5.979E+01
 Volume    (Bohr^3)    3.432E+02
  dV of each real space grid is now    3.7060391559439292E-002
 Cell length (Bohr)    7.872E+00   7.872E+00   7.872E+00
 Angle     (Degree)    5.979E+01   5.979E+01   5.979E+01
 Volume    (Bohr^3)    3.432E+02

 ------------------------------------------------------------------------------
                           SETUP EWALD 
 (Ewald) eta                             :   0.7978    
 (Ewald) Real Space Cutoff               :    6.000     (Bohr)
 (Ewald) Reciprocal Cutoff               :    7.982     (1/Bohr)

 ------------------------------------------------------------------------------
                           SETUP PLANE WAVE 
 Fill the 3D Wang-Teter kernel in G space

 ------------------------------------------------------------------------------
                           REFRESH ION POSITIONS
  
 Calculating Ion-Ion Energy ...                   complete.     0.001 s
  
 Calculating Ion-Electron Potential (spline) ... 
 complete.     0.001 s
 Rescale the total density from   0.073063 to          2

 ------------------------------------------------------------------------------
                           DENSITY OPTIMIZATION
 Electron number for spin            1  is    2.0000000000000115     
 Cell Volume      :            50.859406 Angstrom^3
 Ion number       :                    2
 Electron number  :             2.000000
 Ion density      :             0.039324 Ion/Angstrom^3
 Electron density :             0.039324 Electron/Angstrom^3
  
 Calculating Ion-Ion Forces ...                complete.     0.001 s
  
 Calculating Ion-Electron Forces (spline) ...  complete.     0.000 s
  
 Calculating Ion-Electron Stress (spline) ...  complete.     0.001 s
  
 Calculating Ion-Ion Stress ...                complete.     0.000 s
  
 ------------------------------------------------------------------------------
                         LATTICE VECTORS (Angstrom)
 LAT 1           0.009417        2.945391        2.945392
 LAT 2           2.945391        0.009417        2.945391
 LAT 3           2.945391        2.945391        0.009417
 ------------------------------------------------------------------------------
                                STRESS (GPa)
 ST_GPa 1        1.309703        0.034932        0.034935
 ST_GPa 2        0.034932        1.309709        0.034918
 ST_GPa 3        0.034935        0.034918        1.309701
  
 --------------------------------------------------
 STRESS (a.u.)
 --------------------------------------------------
 ST_AU  1   4.4515909880E-05   1.1873224467E-06   1.1874286881E-06
 ST_AU  2   1.1873224467E-06   4.4516127569E-05   1.1868362200E-06
 ST_AU  3   1.1874286881E-06   1.1868362200E-06   4.4515825559E-05
; Cell optimization at step  2, max(stress):  0.4452E-04, total energy: -0.51768762    ;
  dV of each real space grid is now    3.6478419330271260E-002
 Cell length (Bohr)    7.844E+00   7.844E+00   7.844E+00
 Angle     (Degree)    5.956E+01   5.956E+01   5.956E+01
 Volume    (Bohr^3)    3.378E+02
  dV of each real space grid is now    3.6478419330271260E-002
 Cell length (Bohr)    7.844E+00   7.844E+00   7.844E+00
 Angle     (Degree)    5.956E+01   5.956E+01   5.956E+01
 Volume    (Bohr^3)    3.378E+02

 ------------------------------------------------------------------------------
                           SETUP EWALD 
 (Ewald) eta                             :   0.8031    
 (Ewald) Real Space Cutoff               :    6.000     (Bohr)
 (Ewald) Reciprocal Cutoff               :    8.011     (1/Bohr)

 ------------------------------------------------------------------------------
                           SETUP PLANE WAVE 
 Fill the 3D Wang-Teter kernel in G space

 ------------------------------------------------------------------------------
                           REFRESH ION POSITIONS
  
 Calculating Ion-Ion Energy ...                   complete.     0.001 s
  
 Calculating Ion-Electron Potential (spline) ... 
 complete.     0.001 s
 Rescale the total density from   0.071811 to          2

 ------------------------------------------------------------------------------
                           DENSITY OPTIMIZATION
 Electron number for spin            1  is    2.0000000000000169     
 Cell Volume      :            50.060743 Angstrom^3
 Ion number       :                    2
 Electron number  :             2.000000
 Ion density      :             0.039951 Ion/Angstrom^3
 Electron density :             0.039951 Electron/Angstrom^3
  
 Calculating Ion-Ion Forces ...                complete.     0.001 s
  
 Calculating Ion-Electron Forces (spline) ...  complete.     0.000 s
  
 Calculating Ion-Electron Stress (spline) ...  complete.     0.001 s
  
 Calculating Ion-Ion Stress ...                complete.     0.000 s
  
 ------------------------------------------------------------------------------
                         LATTICE VECTORS (Angstrom)
 LAT 1           0.019367        2.934917        2.934917
 LAT 2           2.934917        0.019367        2.934917
 LAT 3           2.934917        2.934916        0.019367
 ------------------------------------------------------------------------------
                                STRESS (GPa)
 ST_GPa 1        1.204422        0.074958        0.074960
 ST_GPa 2        0.074958        1.204429        0.074947
 ST_GPa 3        0.074960        0.074947        1.204420
  
 --------------------------------------------------
 STRESS (a.u.)
 --------------------------------------------------
 ST_AU  1   4.0937496491E-05   2.5477738064E-06   2.5478549566E-06
 ST_AU  2   2.5477738064E-06   4.0937725903E-05   2.5473909575E-06
 ST_AU  3   2.5478549566E-06   2.5473909575E-06   4.0937414040E-05
; Cell optimization at step  3, max(stress):  0.4094E-04, total energy: -0.51791163    ;
  dV of each real space grid is now    3.5863806481006830E-002
 Cell length (Bohr)    7.813E+00   7.813E+00   7.813E+00
 Angle     (Degree)    5.933E+01   5.933E+01   5.933E+01
 Volume    (Bohr^3)    3.321E+02
  dV of each real space grid is now    3.5863806481006830E-002
 Cell length (Bohr)    7.813E+00   7.813E+00   7.813E+00
 Angle     (Degree)    5.933E+01   5.933E+01   5.933E+01
 Volume    (Bohr^3)    3.321E+02

 ------------------------------------------------------------------------------
                           SETUP EWALD 
 (Ewald) eta                             :   0.8084    
 (Ewald) Real Space Cutoff               :    6.000     (Bohr)
 (Ewald) Reciprocal Cutoff               :    8.042     (1/Bohr)

 ------------------------------------------------------------------------------
                           SETUP PLANE WAVE 
 Fill the 3D Wang-Teter kernel in G space

 ------------------------------------------------------------------------------
                           REFRESH ION POSITIONS
  
 Calculating Ion-Ion Energy ...                   complete.     0.001 s
  
 Calculating Ion-Electron Potential (spline) ... 
 complete.     0.001 s
 Rescale the total density from   0.070519 to          2

 ------------------------------------------------------------------------------
                           DENSITY OPTIMIZATION
 Electron number for spin            1  is    2.0000000000000115     
 Cell Volume      :            49.217286 Angstrom^3
 Ion number       :                    2
 Electron number  :             2.000000
 Ion density      :             0.040636 Ion/Angstrom^3
 Electron density :             0.040636 Electron/Angstrom^3
  
 Calculating Ion-Ion Forces ...                complete.     0.001 s
  
 Calculating Ion-Electron Forces (spline) ...  complete.     0.000 s
  
 Calculating Ion-Electron Stress (spline) ...  complete.     0.001 s
  
 Calculating Ion-Ion Stress ...                complete.     0.000 s
  
 ------------------------------------------------------------------------------
                         LATTICE VECTORS (Angstrom)
 LAT 1           0.029457        2.923483        2.923483
 LAT 2           2.923483        0.029458        2.923482
 LAT 3           2.923483        2.923482        0.029457
 ------------------------------------------------------------------------------
                                STRESS (GPa)
 ST_GPa 1        1.081624        0.119139        0.119140
 ST_GPa 2        0.119139        1.081631        0.119130
 ST_GPa 3        0.119140        0.119130        1.081622
  
 --------------------------------------------------
 STRESS (a.u.)
 --------------------------------------------------
 ST_AU  1   3.6763671914E-05   4.0494366956E-06   4.0494837996E-06
 ST_AU  2   4.0494366956E-06   3.6763914660E-05   4.0491518382E-06
 ST_AU  3   4.0494837996E-06   4.0491518382E-06   3.6763593113E-05
; Cell optimization at step  4, max(stress):  0.3676E-04, total energy: -0.51812148    ;
  dV of each real space grid is now    3.5236999413905783E-002
 Cell length (Bohr)    7.781E+00   7.781E+00   7.781E+00
 Angle     (Degree)    5.911E+01   5.911E+01   5.911E+01
 Volume    (Bohr^3)    3.263E+02
  dV of each real space grid is now    3.5236999413905783E-002
 Cell length (Bohr)    7.781E+00   7.781E+00   7.781E+00
 Angle     (Degree)    5.911E+01   5.911E+01   5.911E+01
 Volume    (Bohr^3)    3.263E+02

 ------------------------------------------------------------------------------
                           SETUP EWALD 
 (Ewald) eta                             :   0.8084    
 (Ewald) Real Space Cutoff               :    6.000     (Bohr)
 (Ewald) Reciprocal Cutoff               :    8.075     (1/Bohr)

 ------------------------------------------------------------------------------
                           SETUP PLANE WAVE 
 Fill the 3D Wang-Teter kernel in G space

 ------------------------------------------------------------------------------
                           REFRESH ION POSITIONS
  
 Calculating Ion-Ion Energy ...                   complete.     0.001 s
  
 Calculating Ion-Electron Potential (spline) ... 
 complete.     0.001 s
 Rescale the total density from   0.069242 to          2

 ------------------------------------------------------------------------------
                           DENSITY OPTIMIZATION
 Electron number for spin            1  is    2.0000000000000009     
 Cell Volume      :            48.357094 Angstrom^3
 Ion number       :                    2
 Electron number  :             2.000000
 Ion density      :             0.041359 Ion/Angstrom^3
 Electron density :             0.041359 Electron/Angstrom^3
  
 Calculating Ion-Ion Forces ...                complete.     0.001 s
  
 Calculating Ion-Electron Forces (spline) ...  complete.     0.000 s
  
 Calculating Ion-Electron Stress (spline) ...  complete.     0.001 s
  
 Calculating Ion-Ion Stress ...                complete.     0.000 s
  
 ------------------------------------------------------------------------------
                         LATTICE VECTORS (Angstrom)
 LAT 1           0.039083        2.911308        2.911308
 LAT 2           2.911308        0.039084        2.911307
 LAT 3           2.911308        2.911307        0.039084
 ------------------------------------------------------------------------------
                                STRESS (GPa)
 ST_GPa 1        0.942900        0.165611        0.165612
 ST_GPa 2        0.165611        0.942908        0.165605
 ST_GPa 3        0.165612        0.165605        0.942898
  
 --------------------------------------------------
 STRESS (a.u.)
 --------------------------------------------------
 ST_AU  1   3.2048530976E-05   5.6290113813E-06   5.6290221152E-06
 ST_AU  2   5.6290113813E-06   3.2048797011E-05   5.6288125230E-06
 ST_AU  3   5.6290221152E-06   5.6288125230E-06   3.2048457780E-05
; Cell optimization at step  5, max(stress):  0.3205E-04, total energy: -0.51830544    ;
  dV of each real space grid is now    3.4626147824477690E-002
 Cell length (Bohr)    7.747E+00   7.747E+00   7.747E+00
 Angle     (Degree)    5.892E+01   5.892E+01   5.892E+01
 Volume    (Bohr^3)    3.207E+02
  dV of each real space grid is now    3.4626147824477690E-002
 Cell length (Bohr)    7.747E+00   7.747E+00   7.747E+00
 Angle     (Degree)    5.892E+01   5.892E+01   5.892E+01
 Volume    (Bohr^3)    3.207E+02

 ------------------------------------------------------------------------------
                           SETUP EWALD 
 (Ewald) eta                             :   0.8137    
 (Ewald) Real Space Cutoff               :    6.000     (Bohr)
 (Ewald) Reciprocal Cutoff               :    8.110     (1/Bohr)

 ------------------------------------------------------------------------------
                           SETUP PLANE WAVE 
 Fill the 3D Wang-Teter kernel in G space

 ------------------------------------------------------------------------------
                           REFRESH ION POSITIONS
  
 Calculating Ion-Ion Energy ...                   complete.     0.001 s
  
 Calculating Ion-Electron Potential (spline) ... 
 complete.     0.001 s
 Rescale the total density from   0.068052 to          2

 ------------------------------------------------------------------------------
                           DENSITY OPTIMIZATION
 Electron number for spin            1  is    2.0000000000000089     
 Cell Volume      :            47.518799 Angstrom^3
 Ion number       :                    2
 Electron number  :             2.000000
 Ion density      :             0.042089 Ion/Angstrom^3
 Electron density :             0.042089 Electron/Angstrom^3
  
 Calculating Ion-Ion Forces ...                complete.     0.001 s
  
 Calculating Ion-Electron Forces (spline) ...  complete.     0.000 s
  
 Calculating Ion-Electron Stress (spline) ...  complete.     0.001 s
  
 Calculating Ion-Ion Stress ...                complete.     0.000 s
  
 ------------------------------------------------------------------------------
                         LATTICE VECTORS (Angstrom)
 LAT 1           0.047427        2.898736        2.898737
 LAT 2           2.898736        0.047428        2.898736
 LAT 3           2.898736        2.898735        0.047428
 ------------------------------------------------------------------------------
                                STRESS (GPa)
 ST_GPa 1        0.794031        0.209662        0.209662
 ST_GPa 2        0.209662        0.794040        0.209658
 ST_GPa 3        0.209662        0.209658        0.794029
  
 --------------------------------------------------
 STRESS (a.u.)
 --------------------------------------------------
 ST_AU  1   2.6988580591E-05   7.1262677670E-06   7.1262530654E-06
 ST_AU  2   7.1262677670E-06   2.6988890662E-05   7.1261400180E-06
 ST_AU  3   7.1262530654E-06   7.1261400180E-06   2.6988506387E-05
; Cell optimization at step  6, max(stress):  0.2699E-04, total energy: -0.51845444    ;
  dV of each real space grid is now    3.4063356697937669E-002
 Cell length (Bohr)    7.714E+00   7.714E+00   7.714E+00
 Angle     (Degree)    5.877E+01   5.877E+01   5.877E+01
 Volume    (Bohr^3)    3.155E+02
  dV of each real space grid is now    3.4063356697937669E-002
 Cell length (Bohr)    7.714E+00   7.714E+00   7.714E+00
 Angle     (Degree)    5.877E+01   5.877E+01   5.877E+01
 Volume    (Bohr^3)    3.155E+02

 ------------------------------------------------------------------------------
                           SETUP EWALD 
 (Ewald) eta                             :   0.8137    
 (Ewald) Real Space Cutoff               :    6.000     (Bohr)
 (Ewald) Reciprocal Cutoff               :    8.145     (1/Bohr)

 ------------------------------------------------------------------------------
                           SETUP PLANE WAVE 
 Fill the 3D Wang-Teter kernel in G space

 ------------------------------------------------------------------------------
                           REFRESH ION POSITIONS
  
 Calculating Ion-Ion Energy ...                   complete.     0.001 s
  
 Calculating Ion-Electron Potential (spline) ... 
 complete.     0.001 s
 Rescale the total density from   0.067019 to          2

 ------------------------------------------------------------------------------
                           DENSITY OPTIMIZATION
 Electron number for spin            1  is    1.9999999999999802     
 Cell Volume      :            46.746459 Angstrom^3
 Ion number       :                    2
 Electron number  :             2.000000
 Ion density      :             0.042784 Ion/Angstrom^3
 Electron density :             0.042784 Electron/Angstrom^3
  
 Calculating Ion-Ion Forces ...                complete.     0.001 s
  
 Calculating Ion-Electron Forces (spline) ...  complete.     0.000 s
  
 Calculating Ion-Electron Stress (spline) ...  complete.     0.001 s
  
 Calculating Ion-Ion Stress ...                complete.     0.000 s
  
 ------------------------------------------------------------------------------
                         LATTICE VECTORS (Angstrom)
 LAT 1           0.053573        2.886204        2.886204
 LAT 2           2.886204        0.053574        2.886203
 LAT 3           2.886204        2.886203        0.053573
 ------------------------------------------------------------------------------
                                STRESS (GPa)
 ST_GPa 1        0.643761        0.247174        0.247174
 ST_GPa 2        0.247174        0.643773        0.247172
 ST_GPa 3        0.247174        0.247172        0.643759
  
 --------------------------------------------------
 STRESS (a.u.)
 --------------------------------------------------
 ST_AU  1   2.1881007838E-05   8.4012876723E-06   8.4012608976E-06
 ST_AU  2   8.4012876723E-06   2.1881389002E-05   8.4012192591E-06
 ST_AU  3   8.4012608976E-06   8.4012192591E-06   2.1880920048E-05
; Cell optimization at step  7, max(stress):  0.2188E-04, total energy: -0.51856560    ;
  dV of each real space grid is now    3.3580464466241834E-002
 Cell length (Bohr)    7.682E+00   7.682E+00   7.682E+00
 Angle     (Degree)    5.869E+01   5.869E+01   5.869E+01
 Volume    (Bohr^3)    3.110E+02
  dV of each real space grid is now    3.3580464466241834E-002
 Cell length (Bohr)    7.682E+00   7.682E+00   7.682E+00
 Angle     (Degree)    5.869E+01   5.869E+01   5.869E+01
 Volume    (Bohr^3)    3.110E+02

 ------------------------------------------------------------------------------
                           SETUP EWALD 
 (Ewald) eta                             :   0.8190    
 (Ewald) Real Space Cutoff               :    6.000     (Bohr)
 (Ewald) Reciprocal Cutoff               :    8.179     (1/Bohr)

 ------------------------------------------------------------------------------
                           SETUP PLANE WAVE 
 Fill the 3D Wang-Teter kernel in G space

 ------------------------------------------------------------------------------
                           REFRESH ION POSITIONS
  
 Calculating Ion-Ion Energy ...                   complete.     0.001 s
  
 Calculating Ion-Electron Potential (spline) ... 
 complete.     0.001 s
 Rescale the total density from   0.066209 to          2

 ------------------------------------------------------------------------------
                           DENSITY OPTIMIZATION
 Electron number for spin            1  is    1.9999999999999851     
 Cell Volume      :            46.083767 Angstrom^3
 Ion number       :                    2
 Electron number  :             2.000000
 Ion density      :             0.043399 Ion/Angstrom^3
 Electron density :             0.043399 Electron/Angstrom^3
  
 Calculating Ion-Ion Forces ...                complete.     0.001 s
  
 Calculating Ion-Electron Forces (spline) ...  complete.     0.000 s
  
 Calculating Ion-Electron Stress (spline) ...  complete.     0.001 s
  
 Calculating Ion-Ion Stress ...                complete.     0.000 s
  
 ------------------------------------------------------------------------------
                         LATTICE VECTORS (Angstrom)
 LAT 1           0.056609        2.874177        2.874178
 LAT 2           2.874177        0.056611        2.874176
 LAT 3           2.874177        2.874176        0.056610
 ------------------------------------------------------------------------------
                                STRESS (GPa)
 ST_GPa 1        0.504747        0.270886        0.270885
 ST_GPa 2        0.270886        0.504761        0.270886
 ST_GPa 3        0.270885        0.270886        0.504743
  
 --------------------------------------------------
 STRESS (a.u.)
 --------------------------------------------------
 ST_AU  1   1.7155990427E-05   9.2072464250E-06   9.2072087831E-06
 ST_AU  2   9.2072464250E-06   1.7156469279E-05   9.2072226679E-06
 ST_AU  3   9.2072087831E-06   9.2072226679E-06   1.7155874417E-05
; Cell optimization at step  8, max(stress):  0.1716E-04, total energy: -0.51864360    ;
  dV of each real space grid is now    3.3197389077361146E-002
 Cell length (Bohr)    7.652E+00   7.652E+00   7.652E+00
 Angle     (Degree)    5.870E+01   5.870E+01   5.870E+01
 Volume    (Bohr^3)    3.074E+02
  dV of each real space grid is now    3.3197389077361146E-002
 Cell length (Bohr)    7.652E+00   7.652E+00   7.652E+00
 Angle     (Degree)    5.870E+01   5.870E+01   5.870E+01
 Volume    (Bohr^3)    3.074E+02

 ------------------------------------------------------------------------------
                           SETUP EWALD 
 (Ewald) eta                             :   0.8243    
 (Ewald) Real Space Cutoff               :    6.000     (Bohr)
 (Ewald) Reciprocal Cutoff               :    8.211     (1/Bohr)

 ------------------------------------------------------------------------------
                           SETUP PLANE WAVE 
 Fill the 3D Wang-Teter kernel in G space

 ------------------------------------------------------------------------------
                           REFRESH ION POSITIONS
  
 Calculating Ion-Ion Energy ...                   complete.     0.001 s
  
 Calculating Ion-Electron Potential (spline) ... 
 complete.     0.001 s
 Rescale the total density from   0.065637 to          2

 ------------------------------------------------------------------------------
                           DENSITY OPTIMIZATION
 Electron number for spin            1  is    2.0000000000000036     
 Cell Volume      :            45.558058 Angstrom^3
 Ion number       :                    2
 Electron number  :             2.000000
 Ion density      :             0.043900 Ion/Angstrom^3
 Electron density :             0.043900 Electron/Angstrom^3
  
 Calculating Ion-Ion Forces ...                complete.     0.001 s
  
 Calculating Ion-Electron Forces (spline) ...  complete.     0.000 s
  
 Calculating Ion-Electron Stress (spline) ...  complete.     0.001 s
  
 Calculating Ion-Ion Stress ...                complete.     0.000 s
  
 ------------------------------------------------------------------------------
                         LATTICE VECTORS (Angstrom)
 LAT 1           0.056003        2.863007        2.863008
 LAT 2           2.863007        0.056005        2.863007
 LAT 3           2.863007        2.863006        0.056004
 ------------------------------------------------------------------------------
                                STRESS (GPa)
 ST_GPa 1        0.388291        0.276227        0.276225
 ST_GPa 2        0.276227        0.388309        0.276227
 ST_GPa 3        0.276225        0.276227        0.388286
  
 --------------------------------------------------
 STRESS (a.u.)
 --------------------------------------------------
 ST_AU  1   1.3197731134E-05   9.3887561635E-06   9.3887008370E-06
 ST_AU  2   9.3887561635E-06   1.3198350641E-05   9.3887549595E-06
 ST_AU  3   9.3887008370E-06   9.3887549595E-06   1.3197575609E-05
; Cell optimization at step  9, max(stress):  0.1320E-04, total energy: -0.51869871    ;
  dV of each real space grid is now    3.2914518766917110E-002
 Cell length (Bohr)    7.625E+00   7.625E+00   7.625E+00
 Angle     (Degree)    5.880E+01   5.880E+01   5.880E+01
 Volume    (Bohr^3)    3.048E+02
  dV of each real space grid is now    3.2914518766917110E-002
 Cell length (Bohr)    7.625E+00   7.625E+00   7.625E+00
 Angle     (Degree)    5.880E+01   5.880E+01   5.880E+01
 Volume    (Bohr^3)    3.048E+02

 ------------------------------------------------------------------------------
                           SETUP EWALD 
 (Ewald) eta                             :   0.8243    
 (Ewald) Real Space Cutoff               :    6.000     (Bohr)
 (Ewald) Reciprocal Cutoff               :    8.241     (1/Bohr)

 ------------------------------------------------------------------------------
                           SETUP PLANE WAVE 
 Fill the 3D Wang-Teter kernel in G space

 ------------------------------------------------------------------------------
                           REFRESH ION POSITIONS
  
 Calculating Ion-Ion Energy ...                   complete.     0.001 s
  
 Calculating Ion-Electron Potential (spline) ... 
 complete.     0.001 s
 Rescale the total density from   0.065268 to          2

 ------------------------------------------------------------------------------
                           DENSITY OPTIMIZATION
 Electron number for spin            1  is    2.0000000000000067     
 Cell Volume      :            45.169864 Angstrom^3
 Ion number       :                    2
 Electron number  :             2.000000
 Ion density      :             0.044277 Ion/Angstrom^3
 Electron density :             0.044277 Electron/Angstrom^3
  
 Calculating Ion-Ion Forces ...                complete.     0.001 s
  
 Calculating Ion-Electron Forces (spline) ...  complete.     0.000 s
  
 Calculating Ion-Electron Stress (spline) ...  complete.     0.001 s
  
 Calculating Ion-Ion Stress ...                complete.     0.000 s
  
 ------------------------------------------------------------------------------
                         LATTICE VECTORS (Angstrom)
 LAT 1           0.051833        2.852809        2.852811
 LAT 2           2.852810        0.051836        2.852809
 LAT 3           2.852810        2.852807        0.051834
 ------------------------------------------------------------------------------
                                STRESS (GPa)
 ST_GPa 1        0.299321        0.262263        0.262261
 ST_GPa 2        0.262263        0.299345        0.262263
 ST_GPa 3        0.262261        0.262263        0.299314
  
 --------------------------------------------------
 STRESS (a.u.)
 --------------------------------------------------
 ST_AU  1   1.0173704050E-05   8.9141483134E-06   8.9140653989E-06
 ST_AU  2   8.9141483134E-06   1.0174530018E-05   8.9141482264E-06
 ST_AU  3   8.9140653989E-06   8.9141482264E-06   1.0173491561E-05
; Cell optimization at step 10, max(stress):  0.1017E-04, total energy: -0.51874119    ;
  dV of each real space grid is now    3.2711971697030058E-002
 Cell length (Bohr)    7.600E+00   7.600E+00   7.600E+00
 Angle     (Degree)    5.896E+01   5.896E+01   5.896E+01
 Volume    (Bohr^3)    3.029E+02
  dV of each real space grid is now    3.2711971697030058E-002
 Cell length (Bohr)    7.600E+00   7.600E+00   7.600E+00
 Angle     (Degree)    5.896E+01   5.896E+01   5.896E+01
 Volume    (Bohr^3)    3.029E+02

 ------------------------------------------------------------------------------
                           SETUP EWALD 
 (Ewald) eta                             :   0.8296    
 (Ewald) Real Space Cutoff               :    6.000     (Bohr)
 (Ewald) Reciprocal Cutoff               :    8.268     (1/Bohr)

 ------------------------------------------------------------------------------
                           SETUP PLANE WAVE 
 Fill the 3D Wang-Teter kernel in G space

 ------------------------------------------------------------------------------
                           REFRESH ION POSITIONS
  
 Calculating Ion-Ion Energy ...                   complete.     0.001 s
  
 Calculating Ion-Electron Potential (spline) ... 
 complete.     0.001 s
 Rescale the total density from   0.065021 to          2

 ------------------------------------------------------------------------------
                           DENSITY OPTIMIZATION
 Electron number for spin            1  is    1.9999999999999958     
 Cell Volume      :            44.891901 Angstrom^3
 Ion number       :                    2
 Electron number  :             2.000000
 Ion density      :             0.044551 Ion/Angstrom^3
 Electron density :             0.044551 Electron/Angstrom^3
  
 Calculating Ion-Ion Forces ...                complete.     0.001 s
  
 Calculating Ion-Electron Forces (spline) ...  complete.     0.000 s
  
 Calculating Ion-Electron Stress (spline) ...  complete.     0.001 s
  
 Calculating Ion-Ion Stress ...                complete.     0.000 s
  
 ------------------------------------------------------------------------------
                         LATTICE VECTORS (Angstrom)
 LAT 1           0.044850        2.843447        2.843450
 LAT 2           2.843449        0.044853        2.843449
 LAT 3           2.843449        2.843446        0.044850
 ------------------------------------------------------------------------------
                                STRESS (GPa)
 ST_GPa 1        0.234309        0.231696        0.231693
 ST_GPa 2        0.231696        0.234342        0.231696
 ST_GPa 3        0.231693        0.231696        0.234300
  
 --------------------------------------------------
 STRESS (a.u.)
 --------------------------------------------------
 ST_AU  1   7.9639887004E-06   7.8751958199E-06   7.8750705316E-06
 ST_AU  2   7.8751958199E-06   7.9651325951E-06   7.8751800984E-06
 ST_AU  3   7.8750705316E-06   7.8751800984E-06   7.9636903800E-06
; Cell optimization at step 11, max(stress):  0.7965E-05, total energy: -0.51877673    ;
  dV of each real space grid is now    3.2558464607705763E-002
 Cell length (Bohr)    7.576E+00   7.576E+00   7.576E+00
 Angle     (Degree)    5.915E+01   5.915E+01   5.915E+01
 Volume    (Bohr^3)    3.015E+02
  dV of each real space grid is now    3.2558464607705763E-002
 Cell length (Bohr)    7.576E+00   7.576E+00   7.576E+00
 Angle     (Degree)    5.915E+01   5.915E+01   5.915E+01
 Volume    (Bohr^3)    3.015E+02

 ------------------------------------------------------------------------------
                           SETUP EWALD 
 (Ewald) eta                             :   0.8296    
 (Ewald) Real Space Cutoff               :    6.000     (Bohr)
 (Ewald) Reciprocal Cutoff               :    8.294     (1/Bohr)

 ------------------------------------------------------------------------------
                           SETUP PLANE WAVE 
 Fill the 3D Wang-Teter kernel in G space

 ------------------------------------------------------------------------------
                           REFRESH ION POSITIONS
  
 Calculating Ion-Ion Energy ...                   complete.     0.001 s
  
 Calculating Ion-Electron Potential (spline) ... 
 complete.     0.001 s
 Rescale the total density from   0.064811 to          2

 ------------------------------------------------------------------------------
                           DENSITY OPTIMIZATION
 Electron number for spin            1  is    1.9999999999999949     
 Cell Volume      :            44.681238 Angstrom^3
 Ion number       :                    2
 Electron number  :             2.000000
 Ion density      :             0.044762 Ion/Angstrom^3
 Electron density :             0.044762 Electron/Angstrom^3
  
 Calculating Ion-Ion Forces ...                complete.     0.001 s
  
 Calculating Ion-Electron Forces (spline) ...  complete.     0.000 s
  
 Calculating Ion-Electron Stress (spline) ...  complete.     0.001 s
  
 Calculating Ion-Ion Stress ...                complete.     0.000 s
  
 ------------------------------------------------------------------------------
                         LATTICE VECTORS (Angstrom)
 LAT 1           0.036290        2.834686        2.834691
 LAT 2           2.834690        0.036294        2.834690
 LAT 3           2.834689        2.834685        0.036290
 ------------------------------------------------------------------------------
                                STRESS (GPa)
 ST_GPa 1        0.184260        0.190335        0.190329
 ST_GPa 2        0.190335        0.184309        0.190334
 ST_GPa 3        0.190329        0.190334        0.184247
  
 --------------------------------------------------
 STRESS (a.u.)
 --------------------------------------------------
 ST_AU  1   6.2628547341E-06   6.4693487282E-06   6.4691615888E-06
 ST_AU  2   6.4693487282E-06   6.2645224976E-06   6.4693130949E-06
 ST_AU  3   6.4691615888E-06   6.4693130949E-06   6.2624149281E-06
; Cell optimization at step 12, max(stress):  0.6469E-05, total energy: -0.51880635    ;
  dV of each real space grid is now    3.2426730231659512E-002
 Cell length (Bohr)    7.554E+00   7.554E+00   7.554E+00
 Angle     (Degree)    5.936E+01   5.936E+01   5.936E+01
 Volume    (Bohr^3)    3.003E+02
  dV of each real space grid is now    3.2426730231659512E-002
 Cell length (Bohr)    7.554E+00   7.554E+00   7.554E+00
 Angle     (Degree)    5.936E+01   5.936E+01   5.936E+01
 Volume    (Bohr^3)    3.003E+02

 ------------------------------------------------------------------------------
                           SETUP EWALD 
 (Ewald) eta                             :   0.8349    
 (Ewald) Real Space Cutoff               :    6.000     (Bohr)
 (Ewald) Reciprocal Cutoff               :    8.318     (1/Bohr)

 ------------------------------------------------------------------------------
                           SETUP PLANE WAVE 
 Fill the 3D Wang-Teter kernel in G space

 ------------------------------------------------------------------------------
                           REFRESH ION POSITIONS
  
 Calculating Ion-Ion Energy ...                   complete.     0.001 s
  
 Calculating Ion-Electron Potential (spline) ... 
 complete.     0.001 s
 Rescale the total density from   0.064591 to          2

 ------------------------------------------------------------------------------
                           DENSITY OPTIMIZATION
 Electron number for spin            1  is    2.0000000000000107     
 Cell Volume      :            44.500453 Angstrom^3
 Ion number       :                    2
 Electron number  :             2.000000
 Ion density      :             0.044943 Ion/Angstrom^3
 Electron density :             0.044943 Electron/Angstrom^3
  
 Calculating Ion-Ion Forces ...                complete.     0.001 s
  
 Calculating Ion-Electron Forces (spline) ...  complete.     0.000 s
  
 Calculating Ion-Electron Stress (spline) ...  complete.     0.001 s
  
 Calculating Ion-Ion Stress ...                complete.     0.000 s
  
 ------------------------------------------------------------------------------
                         LATTICE VECTORS (Angstrom)
 LAT 1           0.027475        2.826424        2.826431
 LAT 2           2.826430        0.027481        2.826431
 LAT 3           2.826429        2.826423        0.027474
 ------------------------------------------------------------------------------
                                STRESS (GPa)
 ST_GPa 1        0.140333        0.146434        0.146425
 ST_GPa 2        0.146434        0.140409        0.146432
 ST_GPa 3        0.146425        0.146432        0.140313
  
 --------------------------------------------------
 STRESS (a.u.)
 --------------------------------------------------
 ST_AU  1   4.7698339283E-06   4.9771803011E-06   4.9768917619E-06
 ST_AU  2   4.9771803011E-06   4.7724129921E-06   4.9771230817E-06
 ST_AU  3   4.9768917619E-06   4.9771230817E-06   4.7691430592E-06
; Cell optimization at step 13, max(stress):  0.4977E-05, total energy: -0.51882914    ;
  dV of each real space grid is now    3.2308914324726469E-002
 Cell length (Bohr)    7.533E+00   7.533E+00   7.533E+00
 Angle     (Degree)    5.955E+01   5.955E+01   5.955E+01
 Volume    (Bohr^3)    2.992E+02
  dV of each real space grid is now    3.2308914324726469E-002
 Cell length (Bohr)    7.533E+00   7.533E+00   7.533E+00
 Angle     (Degree)    5.955E+01   5.955E+01   5.955E+01
 Volume    (Bohr^3)    2.992E+02

 ------------------------------------------------------------------------------
                           SETUP EWALD 
 (Ewald) eta                             :   0.8349    
 (Ewald) Real Space Cutoff               :    6.000     (Bohr)
 (Ewald) Reciprocal Cutoff               :    8.340     (1/Bohr)

 ------------------------------------------------------------------------------
                           SETUP PLANE WAVE 
 Fill the 3D Wang-Teter kernel in G space

 ------------------------------------------------------------------------------
                           REFRESH ION POSITIONS
  
 Calculating Ion-Ion Energy ...                   complete.     0.001 s
  
 Calculating Ion-Electron Potential (spline) ... 
 complete.     0.001 s
 Rescale the total density from   0.064383 to          2

 ------------------------------------------------------------------------------
                           DENSITY OPTIMIZATION
 Electron number for spin            1  is    2.0000000000000031     
 Cell Volume      :            44.338770 Angstrom^3
 Ion number       :                    2
 Electron number  :             2.000000
 Ion density      :             0.045107 Ion/Angstrom^3
 Electron density :             0.045107 Electron/Angstrom^3
  
 Calculating Ion-Ion Forces ...                complete.     0.001 s
  
 Calculating Ion-Electron Forces (spline) ...  complete.     0.000 s
  
 Calculating Ion-Electron Stress (spline) ...  complete.     0.001 s
  
 Calculating Ion-Ion Stress ...                complete.     0.000 s
  
 ------------------------------------------------------------------------------
                         LATTICE VECTORS (Angstrom)
 LAT 1           0.019257        2.818868        2.818880
 LAT 2           2.818878        0.019267        2.818880
 LAT 3           2.818876        2.818867        0.019255
 ------------------------------------------------------------------------------
                                STRESS (GPa)
 ST_GPa 1        0.099734        0.103981        0.103967
 ST_GPa 2        0.103981        0.099860        0.103978
 ST_GPa 3        0.103967        0.103978        0.099700
  
 --------------------------------------------------
 STRESS (a.u.)
 --------------------------------------------------
 ST_AU  1   3.3898945496E-06   3.5342595851E-06   3.5337806280E-06
 ST_AU  2   3.5342595851E-06   3.3941700104E-06   3.5341569900E-06
 ST_AU  3   3.5337806280E-06   3.5341569900E-06   3.3887444739E-06
; Cell optimization at step 14, max(stress):  0.3534E-05, total energy: -0.51884472    ;
  dV of each real space grid is now    3.2207969511662736E-002
 Cell length (Bohr)    7.516E+00   7.516E+00   7.516E+00
 Angle     (Degree)    5.971E+01   5.971E+01   5.971E+01
 Volume    (Bohr^3)    2.983E+02
  dV of each real space grid is now    3.2207969511662736E-002
 Cell length (Bohr)    7.516E+00   7.516E+00   7.516E+00
 Angle     (Degree)    5.971E+01   5.971E+01   5.971E+01
 Volume    (Bohr^3)    2.983E+02

 ------------------------------------------------------------------------------
                           SETUP EWALD 
 (Ewald) eta                             :   0.8349    
 (Ewald) Real Space Cutoff               :    6.000     (Bohr)
 (Ewald) Reciprocal Cutoff               :    8.360     (1/Bohr)

 ------------------------------------------------------------------------------
                           SETUP PLANE WAVE 
 Fill the 3D Wang-Teter kernel in G space

 ------------------------------------------------------------------------------
                           REFRESH ION POSITIONS
  
 Calculating Ion-Ion Energy ...                   complete.     0.001 s
  
 Calculating Ion-Electron Potential (spline) ... 
 complete.     0.001 s
 Rescale the total density from   0.064215 to          2

 ------------------------------------------------------------------------------
                           DENSITY OPTIMIZATION
 Electron number for spin            1  is    1.9999999999999953     
 Cell Volume      :            44.200240 Angstrom^3
 Ion number       :                    2
 Electron number  :             2.000000
 Ion density      :             0.045249 Ion/Angstrom^3
 Electron density :             0.045249 Electron/Angstrom^3
  
 Calculating Ion-Ion Forces ...                complete.     0.001 s
  
 Calculating Ion-Electron Forces (spline) ...  complete.     0.000 s
  
 Calculating Ion-Electron Stress (spline) ...  complete.     0.001 s
  
 Calculating Ion-Ion Stress ...                complete.     0.000 s
  
 ------------------------------------------------------------------------------
                         LATTICE VECTORS (Angstrom)
 LAT 1           0.012259        2.812416        2.812437
 LAT 2           2.812435        0.012276        2.812439
 LAT 3           2.812431        2.812414        0.012255
 ------------------------------------------------------------------------------
                                STRESS (GPa)
 ST_GPa 1        0.063931        0.066918        0.066892
 ST_GPa 2        0.066918        0.064156        0.066912
 ST_GPa 3        0.066892        0.066912        0.063871
  
 --------------------------------------------------
 STRESS (a.u.)
 --------------------------------------------------
 ST_AU  1   2.1729764138E-06   2.2744813349E-06   2.2736253841E-06
 ST_AU  2   2.2744813349E-06   2.1806206054E-06   2.2742983211E-06
 ST_AU  3   2.2736253841E-06   2.2742983211E-06   2.1709179368E-06
; Cell optimization at step 15, max(stress):  0.2274E-05, total energy: -0.51885379    ;
  dV of each real space grid is now    3.2130747462233614E-002
 Cell length (Bohr)    7.503E+00   7.503E+00   7.503E+00
 Angle     (Degree)    5.984E+01   5.984E+01   5.984E+01
 Volume    (Bohr^3)    2.976E+02
  dV of each real space grid is now    3.2130747462233614E-002
 Cell length (Bohr)    7.503E+00   7.503E+00   7.503E+00
 Angle     (Degree)    5.984E+01   5.984E+01   5.984E+01
 Volume    (Bohr^3)    2.976E+02

 ------------------------------------------------------------------------------
                           SETUP EWALD 
 (Ewald) eta                             :   0.8402    
 (Ewald) Real Space Cutoff               :    6.000     (Bohr)
 (Ewald) Reciprocal Cutoff               :    8.374     (1/Bohr)

 ------------------------------------------------------------------------------
                           SETUP PLANE WAVE 
 Fill the 3D Wang-Teter kernel in G space

 ------------------------------------------------------------------------------
                           REFRESH ION POSITIONS
  
 Calculating Ion-Ion Energy ...                   complete.     0.001 s
  
 Calculating Ion-Electron Potential (spline) ... 
 complete.     0.001 s
 Rescale the total density from   0.064107 to          2

 ------------------------------------------------------------------------------
                           DENSITY OPTIMIZATION
 Electron number for spin            1  is    2.0000000000000018     
 Cell Volume      :            44.094265 Angstrom^3
 Ion number       :                    2
 Electron number  :             2.000000
 Ion density      :             0.045357 Ion/Angstrom^3
 Electron density :             0.045357 Electron/Angstrom^3
  
 Calculating Ion-Ion Forces ...                complete.     0.001 s
  
 Calculating Ion-Electron Forces (spline) ...  complete.     0.000 s
  
 Calculating Ion-Electron Stress (spline) ...  complete.     0.001 s
  
 Calculating Ion-Ion Stress ...                complete.     0.000 s
  
 ------------------------------------------------------------------------------
                         LATTICE VECTORS (Angstrom)
 LAT 1           0.006834        2.807439        2.807480
 LAT 2           2.807477        0.006868        2.807485
 LAT 3           2.807469        2.807436        0.006826
 ------------------------------------------------------------------------------
                                STRESS (GPa)
 ST_GPa 1        0.035952        0.037610        0.037561
 ST_GPa 2        0.037610        0.036392        0.037599
 ST_GPa 3        0.037561        0.037599        0.035834
  
 --------------------------------------------------
 STRESS (a.u.)
 --------------------------------------------------
 ST_AU  1   1.2219919013E-06   1.2783312571E-06   1.2766673325E-06
 ST_AU  2   1.2783312571E-06   1.2369408611E-06   1.2779784338E-06
 ST_AU  3   1.2766673325E-06   1.2779784338E-06   1.2179644715E-06
; Cell optimization at step 16, max(stress):  0.1278E-05, total energy: -0.51885807    ;
  dV of each real space grid is now    3.2078084036291407E-002
 Cell length (Bohr)    7.494E+00   7.494E+00   7.494E+00
 Angle     (Degree)    5.992E+01   5.993E+01   5.992E+01
 Volume    (Bohr^3)    2.971E+02
  dV of each real space grid is now    3.2078084036291407E-002
 Cell length (Bohr)    7.494E+00   7.494E+00   7.494E+00
 Angle     (Degree)    5.992E+01   5.993E+01   5.992E+01
 Volume    (Bohr^3)    2.971E+02

 ------------------------------------------------------------------------------
                           SETUP EWALD 
 (Ewald) eta                             :   0.8402    
 (Ewald) Real Space Cutoff               :    6.000     (Bohr)
 (Ewald) Reciprocal Cutoff               :    8.384     (1/Bohr)

 ------------------------------------------------------------------------------
                           SETUP PLANE WAVE 
 Fill the 3D Wang-Teter kernel in G space

 ------------------------------------------------------------------------------
                           REFRESH ION POSITIONS
  
 Calculating Ion-Ion Energy ...                   complete.     0.001 s
  
 Calculating Ion-Electron Potential (spline) ... 
 complete.     0.001 s
 Rescale the total density from   0.064051 to          2

 ------------------------------------------------------------------------------
                           DENSITY OPTIMIZATION
 Electron number for spin            1  is    1.9999999999999927     
 Cell Volume      :            44.021993 Angstrom^3
 Ion number       :                    2
 Electron number  :             2.000000
 Ion density      :             0.045432 Ion/Angstrom^3
 Electron density :             0.045432 Electron/Angstrom^3
  
 Calculating Ion-Ion Forces ...                complete.     0.001 s
  
 Calculating Ion-Electron Forces (spline) ...  complete.     0.000 s
  
 Calculating Ion-Electron Stress (spline) ...  complete.     0.001 s
  
 Calculating Ion-Ion Stress ...                complete.     0.000 s
  
 ------------------------------------------------------------------------------
                         LATTICE VECTORS (Angstrom)
 LAT 1           0.003181        2.804051        2.804139
 LAT 2           2.804133        0.003252        2.804152
 LAT 3           2.804116        2.804046        0.003162
 ------------------------------------------------------------------------------
                                STRESS (GPa)
 ST_GPa 1        0.016393        0.017527        0.017421
 ST_GPa 2        0.017527        0.017328        0.017504
 ST_GPa 3        0.017421        0.017504        0.016141
  
 --------------------------------------------------
 STRESS (a.u.)
 --------------------------------------------------
 ST_AU  1   5.5718531047E-07   5.9571413652E-07   5.9213061476E-07
 ST_AU  2   5.9571413652E-07   5.8895172803E-07   5.9495221087E-07
 ST_AU  3   5.9213061476E-07   5.9495221087E-07   5.4862668079E-07
; Cell optimization at step 17, max(stress):  0.5957E-06, total energy: -0.51885959    ;
  dV of each real space grid is now    3.2049539431818042E-002
 Cell length (Bohr)    7.489E+00   7.489E+00   7.489E+00
 Angle     (Degree)    5.997E+01   5.998E+01   5.997E+01
 Volume    (Bohr^3)    2.968E+02
  dV of each real space grid is now    3.2049539431818042E-002
 Cell length (Bohr)    7.489E+00   7.489E+00   7.489E+00
 Angle     (Degree)    5.997E+01   5.998E+01   5.997E+01
 Volume    (Bohr^3)    2.968E+02

 ------------------------------------------------------------------------------
                           SETUP EWALD 
 (Ewald) eta                             :   0.8402    
 (Ewald) Real Space Cutoff               :    6.000     (Bohr)
 (Ewald) Reciprocal Cutoff               :    8.390     (1/Bohr)

 ------------------------------------------------------------------------------
                           SETUP PLANE WAVE 
 Fill the 3D Wang-Teter kernel in G space

 ------------------------------------------------------------------------------
                           REFRESH ION POSITIONS
  
 Calculating Ion-Ion Energy ...                   complete.     0.001 s
  
 Calculating Ion-Electron Potential (spline) ... 
 complete.     0.001 s
 Rescale the total density from   0.064042 to          2

 ------------------------------------------------------------------------------
                           DENSITY OPTIMIZATION
 Electron number for spin            1  is    2.0000000000000000     
 Cell Volume      :            43.982820 Angstrom^3
 Ion number       :                    2
 Electron number  :             2.000000
 Ion density      :             0.045472 Ion/Angstrom^3
 Electron density :             0.045472 Electron/Angstrom^3
  
 Calculating Ion-Ion Forces ...                complete.     0.001 s
  
 Calculating Ion-Electron Forces (spline) ...  complete.     0.000 s
  
 Calculating Ion-Electron Stress (spline) ...  complete.     0.001 s
  
 Calculating Ion-Ion Stress ...                complete.     0.000 s
  
 ------------------------------------------------------------------------------
                         LATTICE VECTORS (Angstrom)
 LAT 1           0.001106        2.802116        2.802326
 LAT 2           2.802313        0.001273        2.802357
 LAT 3           2.802272        2.802106        0.001062
 ------------------------------------------------------------------------------
                                STRESS (GPa)
 ST_GPa 1        0.005334        0.005987        0.005738
 ST_GPa 2        0.005987        0.007541        0.005934
 ST_GPa 3        0.005738        0.005934        0.004739
  
 --------------------------------------------------
 STRESS (a.u.)
 --------------------------------------------------
 ST_AU  1   1.8128996387E-07   2.0349703463E-07   1.9504026772E-07
 ST_AU  2   2.0349703463E-07   2.5630398811E-07   2.0170057065E-07
 ST_AU  3   1.9504026772E-07   2.0170057065E-07   1.6108267628E-07
; Cell optimization at step 18, max(stress):  0.2563E-06, total energy: -0.51885996    ;
##############################################################################
#                               FINAL ENERGIES                       time    #
##############################################################################
# Thomas-Fermi Kin. Energy =   5.619773260154E+00 eV                 0.000 s #
# Von-Weizsacker Kin. Ener =   4.142756616606E-01 eV                 0.000 s #
# Wang-Teter Kinetic Energ =  -7.758528193310E-02 eV                 0.000 s #
#                                                                            #
#     LDA Exch-Corr Energy =  -9.554927026528E+00 eV                 0.000 s #
#         Coulombic Energy =   1.040480175844E-02 eV                 0.000 s #
#      Ion-Electron Energy =   3.312304967297E+00 eV                 0.000 s #
#           Ion-Ion Energy =  -1.384314360291E+01 eV                 0.000 s #
#                                                                            #
#     TOTAL KINETIC ENERGY =   5.956463639882E+00 eV                         #
#   TOTAL POTENTIAL ENERGY =  -2.007536086039E+01 eV                         #
#             TOTAL ENERGY =  -1.411889722050E+01 eV                         #
##############################################################################
  
 ----------------------------- TIME INFORMATION ------------------------------
    PROFESS      :      5.53s WALL    100.00% (       1 calls)     5.53s/call
    InitPROFESS  :      0.02s WALL      0.36% (       1 calls)     0.02s/call
    KEDFRefresh  :      0.00s WALL      0.08% (      18 calls)     0.00s/call
    IonRefresh   :      0.03s WALL      0.48% (      18 calls)     0.00s/call
    EwaldEnergy  :      0.01s WALL      0.20% (      18 calls)     0.00s/call
    Pot_Ion      :      0.01s WALL      0.11% (    1046 calls)     0.00s/call
    Pot_Har      :      0.33s WALL      5.94% (    1046 calls)     0.00s/call
    Pot_Exc      :      0.78s WALL     14.03% (    1046 calls)     0.00s/call
    Pot_KEDF     :      3.91s WALL     70.82% (    1046 calls)     0.00s/call
    VWPotSqrPlus :      0.29s WALL      5.30% (    1046 calls)     0.00s/call
    NextGradient :      0.00s WALL      0.08% (      57 calls)     0.00s/call
    CalForce     :      0.02s WALL      0.43% (      18 calls)     0.00s/call
    EwaldForces  :      0.01s WALL      0.24% (      18 calls)     0.00s/call
    CalStress    :      0.14s WALL      2.45% (      18 calls)     0.01s/call
    EwaldStress  :      0.01s WALL      0.12% (      18 calls)     0.00s/call
 -----------------------------------------------------------------------------
 ------------------------------- TOTAL ---------------------------------------
    PROFESS      :      5.53s WALL    100.00% (       1 calls)     5.53s/call
 -----------------------------------------------------------------------------

Run completed on: 08/14/2021 at 18:41:59 
  
