 ******************************************************************************
                             WELCOME TO PROFESS                   
            (PRinceton Orbital-Free Electronic Structure Software) 
 ******************************************************************************

 ------------------------------------------------------------------------------
                           READ GEOMETRY
 Cell length (Bohr)    7.299E+00   7.299E+00   1.198E+01
 Angle     (Degree)    9.000E+01   9.000E+01   1.200E+02
 Volume    (Bohr^3)    5.527E+02

 ------------------------------------------------------------------------------
                           READ PSEUDOPOTENTIAL
 Total electron number in ReadPseudo is    16.000000000000000     
 (System) Machine Precision              :    2.2204460492503131E-016

 ------------------------------------------------------------------------------
                           SETUP FFT
 Global FFT Dimension :    36   36   60
 Dimension of rho for this processor : 
 xmin, xmax :            0          35
 ymin, ymax :            0          35
 zmin, zmax :            0          59
 Total electron number =    16.000000000000000     
 Uniform rhoR =    2.8949995359592494E-002
 (GB INFO) FFT size      :       36      36      60
 (GB INFO) FFT offset    :        0
 (GB INFO) FFT G size    :       19      36      60
 (GB INFO) FFT G offset  :        0

 ------------------------------------------------------------------------------
                           SETUP KEDF
 kinetic energy density functional number is           11
 ( 1=TF, 2=VW, 3=TF+VW, 4=WT,  5=WGC,  
   7=LQ, 8=HQ, 10=CAT,  11=HC, 12=WGCD,
   15=GGA, 16=WGCD+GGA, 17=EVT, 18=EVC )
 qTable dimension:    19   36   60
 rhoS=   2.8949995359592494E-002
 rho0=   2.8949995359592494E-002
 coefficients for TF KEDF is     1.000000
 coefficients for VW KEDF is     1.000000
 Lambda in HC10 is set to     0.012000
 ALPHA  in HC10 is set to     1.821667
 BETA   in HC10 is set to     0.845000
 Sum of alpha and beta is     2.666667
  dV of each real space grid is now    7.1074732246632156E-003
 Cell length (Bohr)    7.299E+00   7.299E+00   1.198E+01
 Angle     (Degree)    9.000E+01   9.000E+01   1.200E+02
 Volume    (Bohr^3)    5.527E+02

 ------------------------------------------------------------------------------
                           SETUP EWALD 
 (Ewald) eta                             :    1.200    
 (Ewald) Real Space Cutoff               :    6.000     (Bohr)
 (Ewald) Reciprocal Cutoff               :    15.07     (1/Bohr)

 ------------------------------------------------------------------------------
                           SETUP PLANE WAVE 

 ------------------------------------------------------------------------------
                           REFRESH ION POSITIONS
  
 Calculating Ion-Ion Energy ...                   complete.     0.005 s
  
 Calculating Ion-Electron Potential (spline) ... 
 complete.     0.009 s

 ------------------------------------------------------------------------------
                           DENSITY OPTIMIZATION
 Electron number for spin            1  is    16.000000000012061     
 Cell Volume      :            81.898298 Angstrom^3
 Ion number       :                    4
 Electron number  :            16.000000
 Ion density      :             0.048841 Ion/Angstrom^3
 Electron density :             0.195364 Electron/Angstrom^3
##############################################################################
#                               FINAL ENERGIES                       time    #
##############################################################################
# Thomas-Fermi Kin. Energy =   1.607166183553E+02 eV                 0.000 s #
# Von-Weizsacker Kin. Ener =   5.190146725887E+01 eV                 0.000 s #
#                                                                            #
# GGA(PBE) Exch-Cor Energy =  -1.340935459163E+02 eV                 0.000 s #
#         Coulombic Energy =   4.443197694976E+01 eV                 0.000 s #
#      Ion-Electron Energy =  -8.935708670184E+01 eV                 0.000 s #
#           Ion-Ion Energy =  -4.729671860524E+02 eV                 0.000 s #
#                                                                            #
#     TOTAL KINETIC ENERGY =   1.697839843891E+02 eV                         #
#   TOTAL POTENTIAL ENERGY =  -6.519858417207E+02 eV                         #
#             TOTAL ENERGY =  -4.822018573317E+02 eV                         #
##############################################################################
  
 ----------------------------- TIME INFORMATION ------------------------------
    PROFESS      :   6629.09s WALL    100.00% (       1 calls)  6629.09s/call
    InitPROFESS  :      0.05s WALL      0.00% (       1 calls)     0.05s/call
    KEDFRefresh  :      0.00s WALL      0.00% (       1 calls)     0.00s/call
    IonRefresh   :      0.01s WALL      0.00% (       1 calls)     0.01s/call
    EwaldEnergy  :      0.00s WALL      0.00% (       1 calls)     0.00s/call
    ForwFFT_3D   :   1297.02s WALL     19.57% (  109288 calls)     0.01s/call
    BackFFT_3D   :    645.87s WALL      9.74% (   70744 calls)     0.01s/call
    Pot_Ion      :      5.19s WALL      0.08% (    1695 calls)     0.00s/call
    Pot_Har      :     44.00s WALL      0.66% (    1695 calls)     0.03s/call
    Pot_Exc      :    849.53s WALL     12.82% (    1695 calls)     0.50s/call
    PBEPot       :    843.28s WALL     12.72% (    1695 calls)     0.50s/call
    Pot_KEDF     :   5658.49s WALL     85.36% (    1695 calls)     3.34s/call
    intPot       :   5559.66s WALL     83.87% (    1695 calls)     3.28s/call
    MakeXiG      :     34.61s WALL      0.52% (    1695 calls)     0.02s/call
    VWPotSqrPlus :     39.74s WALL      0.60% (    1695 calls)     0.02s/call
    intPot1      :   1552.38s WALL     23.42% (   22660 calls)     0.07s/call
    MakeHC10Kern :    174.82s WALL      2.64% (   24354 calls)     0.01s/call
    intPot2      :   1081.12s WALL     16.31% (   22660 calls)     0.05s/call
    intPot3      :   1808.69s WALL     27.28% (   22660 calls)     0.08s/call
    intPot4      :    673.98s WALL     10.17% (   22660 calls)     0.03s/call
    NextGradient :      3.54s WALL      0.05% (     156 calls)     0.02s/call
 -----------------------------------------------------------------------------
 ------------------------------- TOTAL ---------------------------------------
    PROFESS      :   6629.09s WALL    100.00% (       1 calls)  6629.09s/call
 -----------------------------------------------------------------------------

Run completed on: 07/31/2024 at 11:04:08 
  
