 ******************************************************************************
                             WELCOME TO PROFESS                   
            (PRinceton Orbital-Free Electronic Structure Software) 
 ******************************************************************************

 ------------------------------------------------------------------------------
                           READ GEOMETRY
 Cell length (Bohr)    5.667E+00   5.667E+00   5.667E+00
 Angle     (Degree)    9.000E+01   9.000E+01   9.000E+01
 Volume    (Bohr^3)    1.820E+02

 ------------------------------------------------------------------------------
                           READ PSEUDOPOTENTIAL
 Total electron number in ReadPseudo is    2.0000000000000000     
 (System) Machine Precision              :    2.2204460492503131E-016

 ------------------------------------------------------------------------------
                           SETUP FFT
 Global FFT Dimension :    28   28   28
 Rank/Size in Global Communicator     :            0 /           1
 Rank/Size in Global FFT Communicator :            0 /           1
 Parallel FFT, totX    =    28
 Parallel FFT, totY    =    28
 Parallel FFT, locZ    =    28
 Parallel FFT, locZoff =     0
 Dimension of rho for this processor : 
 xmin, xmax :            0          27
 ymin, ymax :            0          27
 zmin, zmax :            0          27
 Total electron number =    2.0000000000000000     
 Uniform rhoR =    1.0987689905153029E-002
 (GB INFO) FFT size      :       28      28      28
 (GB INFO) FFT offset    :        0
 (GB INFO) FFT G size    :       15      28      28
 (GB INFO) FFT G offset  :        0

 ------------------------------------------------------------------------------
                           SETUP KEDF
 kinetic energy density functional number is            5
 ( 1=TF, 2=VW, 3=TF+VW, 4=WT,  5=WGC,  
   7=LQ, 8=HQ, 10=CAT,  11=HC, 12=WGCD,
   15=GGA, 16=WGCD+GGA, 17=EVT, 18=EVC )
 qTable dimension:    15   28   28
 Coefficient for TF KEDF is     1.0000
 Coefficient for VW KEDF is     1.0000
 Coefficient for alpha in WGC KEDF is     1.2060
 Coefficient for beta  in WGC KEDF is     0.4607
 Coefficient for gamma in WGC KEDF is     2.7000
 rho0 (Electron/Bohr^3) in WGC KEDF is     0.0110
 rhoS (Electron/Bohr^3) in WGC KEDF is     0.0110
 hold0 =  F
 holdS =  F
  dV of each real space grid is now    8.2918131569574664E-003
 Cell length (Bohr)    5.667E+00   5.667E+00   5.667E+00
 Angle     (Degree)    9.000E+01   9.000E+01   9.000E+01
 Volume    (Bohr^3)    1.820E+02

 ------------------------------------------------------------------------------
                           SETUP EWALD 
 (Ewald) eta                             :    1.200    
 (Ewald) Real Space Cutoff               :    6.000     (Bohr)
 (Ewald) Reciprocal Cutoff               :    14.97     (1/Bohr)

 ------------------------------------------------------------------------------
                           SETUP PLANE WAVE 

 ------------------------------------------------------------------------------
                           INITIALIZING WGC KERNEL
 Fermi vector :   0.68776879085319220     
 Reference density :    1.0987689905153029E-002
 Make WGC kernels.
 Dimension of KEDF Kernel :           15          28          28

 ------------------------------------------------------------------------------
                           REFRESH ION POSITIONS
  
 Calculating Ion-Ion Energy ...                   complete.     0.003 s
  
 Calculating Ion-Electron Potential (spline) ... 
 complete.     0.003 s

 ------------------------------------------------------------------------------
                           DENSITY OPTIMIZATION
 Electron number for spin            1  is    2.0000000000007403     
 Cell Volume      :            26.972860 Angstrom^3
 Ion number       :                    1
 Electron number  :             2.000000
 Ion density      :             0.037074 Ion/Angstrom^3
 Electron density :             0.074149 Electron/Angstrom^3
##############################################################################
#                               FINAL ENERGIES                       time    #
##############################################################################
# Thomas-Fermi Kin. Energy =   7.913932848417E+00 eV                 0.000 s #
# Von-Weizsacker Kin. Ener =   1.026120544768E+00 eV                 0.000 s #
#       WGC Kinetic Energy =  -3.312164374958E-01 eV                 0.000 s #
#                                                                            #
# GGA(PBE) Exch-Cor Energy =  -1.113650215365E+01 eV                 0.000 s #
#         Coulombic Energy =   6.674966902564E-02 eV                 0.000 s #
#      Ion-Electron Energy =   5.881986552106E+00 eV                 0.000 s #
#           Ion-Ion Energy =  -2.724651467523E+01 eV                 0.000 s #
#                                                                            #
#     TOTAL KINETIC ENERGY =   8.608836955689E+00 eV                         #
#   TOTAL POTENTIAL ENERGY =  -3.243428060774E+01 eV                         #
#             TOTAL ENERGY =  -2.382544365205E+01 eV                         #
##############################################################################
  
 ----------------------------- TIME INFORMATION ------------------------------
    PROFESS      :      4.79s WALL    100.00% (       1 calls)     4.79s/call
    InitPROFESS  :      0.05s WALL      0.99% (       1 calls)     0.05s/call
    KEDFRefresh  :      0.02s WALL      0.47% (       1 calls)     0.02s/call
    IonRefresh   :      0.01s WALL      0.15% (       1 calls)     0.01s/call
    EwaldEnergy  :      0.00s WALL      0.06% (       1 calls)     0.00s/call
    Pot_Ion      :      0.01s WALL      0.12% (     124 calls)     0.00s/call
    Pot_Har      :      0.15s WALL      3.19% (     124 calls)     0.00s/call
    Pot_Exc      :      1.79s WALL     37.32% (     124 calls)     0.01s/call
    PBEPot       :      1.73s WALL     36.05% (     124 calls)     0.01s/call
    Pot_KEDF     :      2.40s WALL     50.09% (     124 calls)     0.02s/call
    WGCPotPlus   :      1.89s WALL     39.56% (     124 calls)     0.02s/call
    VWPotSqrPlus :      0.13s WALL      2.70% (     124 calls)     0.00s/call
    NextGradient :      0.00s WALL      0.06% (       7 calls)     0.00s/call
 -----------------------------------------------------------------------------
 ------------------------------- TOTAL ---------------------------------------
    PROFESS      :      4.79s WALL    100.00% (       1 calls)     4.79s/call
 -----------------------------------------------------------------------------

Run completed on: 05/02/2023 at 14:06:20 
  
