 ******************************************************************************
                             WELCOME TO PROFESS                   
            (PRinceton Orbital-Free Electronic Structure Software) 
 ******************************************************************************

 ------------------------------------------------------------------------------
                           READ GEOMETRY
 Cell length (Bohr)    8.692E+00   1.504E+01   1.431E+01
 Angle     (Degree)    9.000E+01   9.000E+01   9.000E+01
 Volume    (Bohr^3)    1.872E+03

 ------------------------------------------------------------------------------
                           READ PSEUDOPOTENTIAL
 Total electron number in ReadPseudo is    32.000000000000000     
 (System) Machine Precision              :    2.2204460492503131E-016

 ------------------------------------------------------------------------------
                           SETUP FFT
 Global FFT Dimension :    45   75   70
 Dimension of rho for this processor : 
 xmin, xmax :            0          44
 ymin, ymax :            0          74
 zmin, zmax :            0          69
 Total electron number =    32.000000000000000     
 Uniform rhoR =    1.7095010347177891E-002
 (GB INFO) FFT size      :       45      75      70
 (GB INFO) FFT offset    :        0
 (GB INFO) FFT G size    :       23      75      70
 (GB INFO) FFT G offset  :        0

 ------------------------------------------------------------------------------
                           SETUP KEDF
 kinetic energy density functional number is           11
 ( 1=TF, 2=VW, 3=TF+VW, 4=WT,  5=WGC,  
   7=LQ, 8=HQ, 10=CAT,  11=HC, 12=WGCD,
   15=GGA, 16=WGCD+GGA, 17=EVT, 18=EVC )
 qTable dimension:    23   75   70
 rhoS=   1.7095010347177891E-002
 rho0=   1.7095010347177891E-002
 coefficients for TF KEDF is     1.000000
 coefficients for VW KEDF is     1.000000
 Lambda in HC10 is set to     0.012000
 ALPHA  in HC10 is set to     1.856667
 BETA   in HC10 is set to     0.810000
 Sum of alpha and beta is     2.666667
  dV of each real space grid is now    7.9233491351525277E-003
 Cell length (Bohr)    8.692E+00   1.504E+01   1.431E+01
 Angle     (Degree)    9.000E+01   9.000E+01   9.000E+01
 Volume    (Bohr^3)    1.872E+03

 ------------------------------------------------------------------------------
                           SETUP EWALD 
 (Ewald) eta                             :    1.200    
 (Ewald) Real Space Cutoff               :    6.000     (Bohr)
 (Ewald) Reciprocal Cutoff               :    15.14     (1/Bohr)

 ------------------------------------------------------------------------------
                           SETUP PLANE WAVE 

 ------------------------------------------------------------------------------
                           REFRESH ION POSITIONS
  
 Calculating Ion-Ion Energy ...                   complete.     0.107 s
  
 Calculating Ion-Electron Potential (spline) ... 
 complete.     0.161 s

 ------------------------------------------------------------------------------
                           DENSITY OPTIMIZATION
 Electron number for spin            1  is    31.999999999879787     
 Cell Volume      :           277.385659 Angstrom^3
 Ion number       :                    8
 Electron number  :            32.000000
 Ion density      :             0.028841 Ion/Angstrom^3
 Electron density :             0.115363 Electron/Angstrom^3
##############################################################################
#                               FINAL ENERGIES                       time    #
##############################################################################
# Thomas-Fermi Kin. Energy =   2.218835079024E+02 eV                 0.000 s #
# Von-Weizsacker Kin. Ener =   8.115046617286E+01 eV                 0.000 s #
#                                                                            #
# GGA(PBE) Exch-Cor Energy =  -2.271746411183E+02 eV                 0.000 s #
#         Coulombic Energy =   6.533699404324E+01 eV                 0.000 s #
#      Ion-Electron Energy =  -9.132694844227E+01 eV                 0.000 s #
#           Ion-Ion Energy =  -7.936488057821E+02 eV                 0.000 s #
#                                                                            #
#     TOTAL KINETIC ENERGY =   2.425644273316E+02 eV                         #
#   TOTAL POTENTIAL ENERGY =  -1.046813401299E+03 eV                         #
#             TOTAL ENERGY =  -8.042489739678E+02 eV                         #
##############################################################################
  
 ----------------------------- TIME INFORMATION ------------------------------
    PROFESS      :   3935.85s WALL    100.00% (       1 calls)  3935.85s/call
    InitPROFESS  :      0.38s WALL      0.01% (       1 calls)     0.38s/call
    KEDFRefresh  :      0.02s WALL      0.00% (       1 calls)     0.02s/call
    IonRefresh   :      0.31s WALL      0.01% (       1 calls)     0.31s/call
    EwaldEnergy  :      0.11s WALL      0.00% (       1 calls)     0.11s/call
    ForwFFT_3D   :   1057.97s WALL     26.88% (   95415 calls)     0.01s/call
    BackFFT_3D   :    569.33s WALL     14.47% (   60437 calls)     0.01s/call
    Pot_Ion      :      2.03s WALL      0.05% (    1340 calls)     0.00s/call
    Pot_Har      :     27.16s WALL      0.69% (    1340 calls)     0.02s/call
    Pot_Exc      :    406.39s WALL     10.33% (    1340 calls)     0.30s/call
    PBEPot       :    404.01s WALL     10.26% (    1340 calls)     0.30s/call
    Pot_KEDF     :   3470.17s WALL     88.17% (    1340 calls)     2.59s/call
    intPot       :   3414.06s WALL     86.74% (    1340 calls)     2.55s/call
    MakeXiG      :     17.50s WALL      0.44% (    1340 calls)     0.01s/call
    intPot1      :    965.20s WALL     24.52% (   20168 calls)     0.05s/call
    MakeHC10Kern :     62.02s WALL      1.58% (   21508 calls)     0.00s/call
    intPot2      :    564.49s WALL     14.34% (   20168 calls)     0.03s/call
    intPot3      :   1276.61s WALL     32.44% (   20168 calls)     0.06s/call
    intPot4      :    354.24s WALL      9.00% (   20168 calls)     0.02s/call
    VWPotSqrPlus :     25.52s WALL      0.65% (    1340 calls)     0.02s/call
    NextGradient :      1.87s WALL      0.05% (     114 calls)     0.02s/call
 -----------------------------------------------------------------------------
 ------------------------------- TOTAL ---------------------------------------
    PROFESS      :   3935.85s WALL    100.00% (       1 calls)  3935.85s/call
 -----------------------------------------------------------------------------

Run completed on: 07/31/2024 at 13:20:58 
  
