 ******************************************************************************
                             WELCOME TO PROFESS                   
            (PRinceton Orbital-Free Electronic Structure Software) 
 ******************************************************************************

 ------------------------------------------------------------------------------
                           READ GEOMETRY
 Cell length (Bohr)    5.526E+00   5.526E+00   5.526E+00
 Angle     (Degree)    9.000E+01   9.000E+01   9.000E+01
 Volume    (Bohr^3)    1.687E+02

 ------------------------------------------------------------------------------
                           READ PSEUDOPOTENTIAL
 Total electron number in ReadPseudo is    2.0000000000000000     
 (System) Machine Precision              :    2.2204460492503131E-016

 ------------------------------------------------------------------------------
                           SETUP FFT
 Global FFT Dimension :    14   14   14
 Rank/Size in Global Communicator     :            0 /           1
 Rank/Size in Global FFT Communicator :            0 /           1
 Parallel FFT, totX    =    14
 Parallel FFT, totY    =    14
 Parallel FFT, locZ    =    14
 Parallel FFT, locZoff =     0
 Dimension of rho for this processor : 
 xmin, xmax :            0          13
 ymin, ymax :            0          13
 zmin, zmax :            0          13
 Total electron number =    2.0000000000000000     
 Uniform rhoR =    1.1855219177365234E-002
 (GB INFO) FFT size      :       14      14      14
 (GB INFO) FFT offset    :        0
 (GB INFO) FFT G size    :        8      14      14
 (GB INFO) FFT G offset  :        0

 ------------------------------------------------------------------------------
                           SETUP KEDF
 kinetic energy density functional number is            4
 ( 1=TF, 2=VW, 3=TF+VW, 4=WT,  5=WGC,  
   7=LQ, 8=HQ, 10=CAT,  11=HC, 12=WGCD,
   15=GGA, 16=WGCD+GGA, 17=EVT, 18=EVC )
 qTable dimension:     8   14   14
 Coefficient for TF KEDF is     1.0000
 Coefficient for VW KEDF is     1.0000
 Coefficient for alpha in WT KEDF is     0.8333
 Coefficient for beta  in WT KEDF is     0.8333
 rho0 (Electron/Bohr^3) in WGC KEDF is     0.0119
 hold0 =  F
  dV of each real space grid is now    6.1480345732664830E-002
 Cell length (Bohr)    5.526E+00   5.526E+00   5.526E+00
 Angle     (Degree)    9.000E+01   9.000E+01   9.000E+01
 Volume    (Bohr^3)    1.687E+02

 ------------------------------------------------------------------------------
                           SETUP EWALD 
 (Ewald) eta                             :   0.7396    
 (Ewald) Real Space Cutoff               :    6.370     (Bohr)
 (Ewald) Reciprocal Cutoff               :    7.391     (1/Bohr)

 ------------------------------------------------------------------------------
                           SETUP PLANE WAVE 
 Read in WT kernel.
 kernel file name  : 1PROFESS_KERNEL.dat           
 KEDF type         :     4
 Fermi vector      :   1.182014212099E+00
 Reference density :  -1.000000000000E+00
 Mesh points       :   200002
 Fermi vector in this cell is    1.4108262281684538     
 Fermi vector from kernel file is    1.1820142120987149     
 First qNorm is    0.0000000000000000     
 size of Wang-Teter kernel in this run is            8          14          14
 Max |G| in this calculation is   1.378685050291E+01
 Max eta used from kernel is   9.772181880121E+00

 ------------------------------------------------------------------------------
                           REFRESH ION POSITIONS
  
 Calculating Ion-Ion Energy ...                   complete.     0.000 s
  
 Calculating Ion-Electron Potential (spline) ... 
 complete.     0.000 s

 ------------------------------------------------------------------------------
                           DENSITY OPTIMIZATION
 Electron number for spin            1  is    2.0000000000000902     
 Cell Volume      :            24.999067 Angstrom^3
 Ion number       :                    1
 Electron number  :             2.000000
 Ion density      :             0.040001 Ion/Angstrom^3
 Electron density :             0.080003 Electron/Angstrom^3
  
 Calculating Ion-Ion Forces ...                complete.     0.000 s
  
 Calculating Ion-Electron Forces (spline) ...  complete.     0.000 s
  
 Calculating Ion-Electron Stress (spline) ...  complete.     0.000 s
  
 Calculating Ion-Ion Stress ...                complete.     0.000 s
  
 ------------------------------------------------------------------------------
                         LATTICE VECTORS (Angstrom)
 LAT 1           2.923981        0.000000        0.000000
 LAT 2           0.000000        2.923981        0.000000
 LAT 3           0.000000        0.000000        2.923981
 ------------------------------------------------------------------------------
                                STRESS (GPa)
 ST_GPa 1       -0.022775       -0.000000       -0.000000
 ST_GPa 2       -0.000000       -0.022775        0.000000
 ST_GPa 3       -0.000000        0.000000       -0.022775
  
 --------------------------------------------------
 STRESS (a.u.)
 --------------------------------------------------
 ST_AU  1  -7.7412227715E-07  -1.0378605714E-12  -5.3520084076E-12
 ST_AU  2  -1.0378605714E-12  -7.7412321900E-07   3.6085985337E-12
 ST_AU  3  -5.3520084076E-12   3.6085985337E-12  -7.7412322636E-07
; Cell optimization at step  1, max(stress):  0.7741E-06, total energy: -0.89314042    ;
  dV of each real space grid is now    6.1489813432533791E-002
 Cell length (Bohr)    5.526E+00   5.526E+00   5.526E+00
 Angle     (Degree)    9.000E+01   9.000E+01   9.000E+01
 Volume    (Bohr^3)    1.687E+02
  dV of each real space grid is now    6.1489813432533791E-002
 Cell length (Bohr)    5.526E+00   5.526E+00   5.526E+00
 Angle     (Degree)    9.000E+01   9.000E+01   9.000E+01
 Volume    (Bohr^3)    1.687E+02

 ------------------------------------------------------------------------------
                           SETUP EWALD 
 (Ewald) eta                             :   0.7396    
 (Ewald) Real Space Cutoff               :    6.370     (Bohr)
 (Ewald) Reciprocal Cutoff               :    7.391     (1/Bohr)

 ------------------------------------------------------------------------------
                           SETUP PLANE WAVE 
 Read in WT kernel.
 kernel file name  : 1PROFESS_KERNEL.dat           
 KEDF type         :     4
 Fermi vector      :   1.182014212099E+00
 Reference density :  -1.000000000000E+00
 Mesh points       :   200002
 Fermi vector in this cell is    1.4107538152805470     
 Fermi vector from kernel file is    1.1820142120987149     
 First qNorm is    0.0000000000000000     
 size of Wang-Teter kernel in this run is            8          14          14
 Max |G| in this calculation is   1.378614286930E+01
 Max eta used from kernel is   9.772181878919E+00

 ------------------------------------------------------------------------------
                           REFRESH ION POSITIONS
  
 Calculating Ion-Ion Energy ...                   complete.     0.000 s
  
 Calculating Ion-Electron Potential (spline) ... 
 complete.     0.000 s
 Rescale the total density from   0.122999 to          2

 ------------------------------------------------------------------------------
                           DENSITY OPTIMIZATION
 Electron number for spin            1  is    1.9999999999999960     
 Cell Volume      :            25.002917 Angstrom^3
 Ion number       :                    1
 Electron number  :             2.000000
 Ion density      :             0.039995 Ion/Angstrom^3
 Electron density :             0.079991 Electron/Angstrom^3
  
 Calculating Ion-Ion Forces ...                complete.     0.000 s
  
 Calculating Ion-Electron Forces (spline) ...  complete.     0.000 s
  
 Calculating Ion-Electron Stress (spline) ...  complete.     0.000 s
  
 Calculating Ion-Ion Stress ...                complete.     0.000 s
  
 ------------------------------------------------------------------------------
                         LATTICE VECTORS (Angstrom)
 LAT 1           2.924131        0.000000        0.000000
 LAT 2           0.000000        2.924131       -0.000000
 LAT 3           0.000000       -0.000000        2.924131
 ------------------------------------------------------------------------------
                                STRESS (GPa)
 ST_GPa 1       -0.019111       -0.000000       -0.000000
 ST_GPa 2       -0.000000       -0.019111        0.000000
 ST_GPa 3       -0.000000        0.000000       -0.019111
  
 --------------------------------------------------
 STRESS (a.u.)
 --------------------------------------------------
 ST_AU  1  -6.4955477611E-07  -3.1374171949E-12  -8.9931539336E-12
 ST_AU  2  -3.1374171949E-12  -6.4955538665E-07   3.0427898950E-12
 ST_AU  3  -8.9931539336E-12   3.0427898950E-12  -6.4955538579E-07
; Cell optimization at step  2, max(stress):  0.6496E-06, total energy: -0.89314044    ;
  dV of each real space grid is now    6.1499348443177289E-002
 Cell length (Bohr)    5.526E+00   5.526E+00   5.526E+00
 Angle     (Degree)    9.000E+01   9.000E+01   9.000E+01
 Volume    (Bohr^3)    1.688E+02
  dV of each real space grid is now    6.1499348443177289E-002
 Cell length (Bohr)    5.526E+00   5.526E+00   5.526E+00
 Angle     (Degree)    9.000E+01   9.000E+01   9.000E+01
 Volume    (Bohr^3)    1.688E+02

 ------------------------------------------------------------------------------
                           SETUP EWALD 
 (Ewald) eta                             :   0.7396    
 (Ewald) Real Space Cutoff               :    6.370     (Bohr)
 (Ewald) Reciprocal Cutoff               :    7.391     (1/Bohr)

 ------------------------------------------------------------------------------
                           SETUP PLANE WAVE 
 Read in WT kernel.
 kernel file name  : 1PROFESS_KERNEL.dat           
 KEDF type         :     4
 Fermi vector      :   1.182014212099E+00
 Reference density :  -1.000000000000E+00
 Mesh points       :   200002
 Fermi vector in this cell is    1.4106809025953899     
 Fermi vector from kernel file is    1.1820142120987149     
 First qNorm is    0.0000000000000000     
 size of Wang-Teter kernel in this run is            8          14          14
 Max |G| in this calculation is   1.378543034663E+01
 Max eta used from kernel is   9.772181874209E+00

 ------------------------------------------------------------------------------
                           REFRESH ION POSITIONS
  
 Calculating Ion-Ion Energy ...                   complete.     0.000 s
  
 Calculating Ion-Electron Potential (spline) ... 
 complete.     0.000 s
 Rescale the total density from   0.123018 to          2

 ------------------------------------------------------------------------------
                           DENSITY OPTIMIZATION
 Electron number for spin            1  is    1.9999999999999947     
 Cell Volume      :            25.006794 Angstrom^3
 Ion number       :                    1
 Electron number  :             2.000000
 Ion density      :             0.039989 Ion/Angstrom^3
 Electron density :             0.079978 Electron/Angstrom^3
  
 Calculating Ion-Ion Forces ...                complete.     0.000 s
  
 Calculating Ion-Electron Forces (spline) ...  complete.     0.000 s
  
 Calculating Ion-Electron Stress (spline) ...  complete.     0.000 s
  
 Calculating Ion-Ion Stress ...                complete.     0.000 s
  
 ------------------------------------------------------------------------------
                         LATTICE VECTORS (Angstrom)
 LAT 1           2.924283        0.000000        0.000000
 LAT 2           0.000000        2.924283       -0.000000
 LAT 3           0.000000       -0.000000        2.924283
 ------------------------------------------------------------------------------
                                STRESS (GPa)
 ST_GPa 1       -0.014614       -0.000000       -0.000000
 ST_GPa 2       -0.000000       -0.014614        0.000000
 ST_GPa 3       -0.000000        0.000000       -0.014614
  
 --------------------------------------------------
 STRESS (a.u.)
 --------------------------------------------------
 ST_AU  1  -4.9671716626E-07  -3.3653343738E-12  -9.5707814035E-12
 ST_AU  2  -3.3653343738E-12  -4.9671764875E-07   3.1853684117E-12
 ST_AU  3  -9.5707814035E-12   3.1853684117E-12  -4.9671764773E-07
; Cell optimization at step  3, max(stress):  0.4967E-06, total energy: -0.89314045    ;
##############################################################################
#                               FINAL ENERGIES                       time    #
##############################################################################
# Thomas-Fermi Kin. Energy =   8.335405736724E+00 eV                 0.000 s #
# Von-Weizsacker Kin. Ener =   1.152359693336E+00 eV                 0.000 s #
# Wang-Teter Kinetic Energ =  -3.771789084002E-01 eV                 0.000 s #
#                                                                            #
#     LDA Exch-Corr Energy =  -1.139770442651E+01 eV                 0.000 s #
#         Coulombic Energy =   7.166280992855E-02 eV                 0.000 s #
#      Ion-Electron Energy =   5.854497897156E+00 eV                 0.000 s #
#           Ion-Ion Energy =  -2.794263015847E+01 eV                 0.000 s #
#                                                                            #
#     TOTAL KINETIC ENERGY =   9.110586521660E+00 eV                         #
#   TOTAL POTENTIAL ENERGY =  -3.341417387789E+01 eV                         #
#             TOTAL ENERGY =  -2.430358735623E+01 eV                         #
##############################################################################
  
 ----------------------------- TIME INFORMATION ------------------------------
    PROFESS      :      0.90s WALL    100.00% (       1 calls)     0.90s/call
    InitPROFESS  :      0.21s WALL     23.88% (       1 calls)     0.21s/call
    KEDFRefresh  :      0.58s WALL     64.62% (       3 calls)     0.19s/call
    IonRefresh   :      0.00s WALL      0.15% (       3 calls)     0.00s/call
    EwaldEnergy  :      0.00s WALL      0.07% (       3 calls)     0.00s/call
    Pot_Ion      :      0.00s WALL      0.03% (     130 calls)     0.00s/call
    Pot_Har      :      0.01s WALL      0.58% (     130 calls)     0.00s/call
    Pot_Exc      :      0.03s WALL      3.56% (     130 calls)     0.00s/call
    Pot_KEDF     :      0.13s WALL     14.73% (     130 calls)     0.00s/call
    VWPotSqrPlus :      0.00s WALL      0.54% (     130 calls)     0.00s/call
    NextGradient :      0.00s WALL      0.03% (      12 calls)     0.00s/call
    CalForce     :      0.00s WALL      0.12% (       3 calls)     0.00s/call
    EwaldForces  :      0.00s WALL      0.07% (       3 calls)     0.00s/call
    CalStress    :      0.01s WALL      0.66% (       3 calls)     0.00s/call
    EwaldStress  :      0.00s WALL      0.04% (       3 calls)     0.00s/call
 -----------------------------------------------------------------------------
 ------------------------------- TOTAL ---------------------------------------
    PROFESS      :      0.90s WALL    100.00% (       1 calls)     0.90s/call
 -----------------------------------------------------------------------------

Run completed on: 08/19/2021 at 15:54:47 
  
