 ******************************************************************************
                             WELCOME TO PROFESS                   
            (PRinceton Orbital-Free Electronic Structure Software) 
 ******************************************************************************

 ------------------------------------------------------------------------------
                           READ GEOMETRY
 Cell length (Bohr)    8.185E+00   8.185E+00   8.185E+00
 Angle     (Degree)    9.000E+01   9.000E+01   9.000E+01
 Volume    (Bohr^3)    5.484E+02

 ------------------------------------------------------------------------------
                           READ PSEUDOPOTENTIAL
 Total electron number in ReadPseudo is    9.0000000000000000     
 (System) Machine Precision              :    2.2204460492503131E-016

 ------------------------------------------------------------------------------
                           SETUP FFT
 Global FFT Dimension :    18   18   18
 Rank/Size in Global Communicator     :            0 /           1
 Rank/Size in Global FFT Communicator :            0 /           1
 Parallel FFT, totX    =    18
 Parallel FFT, totY    =    18
 Parallel FFT, locZ    =    18
 Parallel FFT, locZoff =     0
 Dimension of rho for this processor : 
 xmin, xmax :            0          17
 ymin, ymax :            0          17
 zmin, zmax :            0          17
 Total electron number =    9.0000000000000000     
 Uniform rhoR =    1.6410614482893122E-002
 (GB INFO) FFT size      :       18      18      18
 (GB INFO) FFT offset    :        0
 (GB INFO) FFT G size    :       10      18      18
 (GB INFO) FFT G offset  :        0

 ------------------------------------------------------------------------------
                           SETUP KEDF
 kinetic energy density functional number is            4
 ( 1=TF, 2=VW, 3=TF+VW, 4=WT,  5=WGC,  
   7=LQ, 8=HQ, 10=CAT,  11=HC, 12=WGCD,
   15=GGA, 16=WGCD+GGA, 17=EVT, 18=EVC )
 qTable dimension:    10   18   18
 Coefficient for TF KEDF is     1.0000
 Coefficient for VW KEDF is     1.0000
 Coefficient for alpha in WT KEDF is     0.8333
 Coefficient for beta  in WT KEDF is     0.8333
 rho0 (Electron/Bohr^3) in WGC KEDF is     0.0164
 hold0 =  F
  dV of each real space grid is now    9.4037299953142792E-002
 Cell length (Bohr)    8.185E+00   8.185E+00   8.185E+00
 Angle     (Degree)    9.000E+01   9.000E+01   9.000E+01
 Volume    (Bohr^3)    5.484E+02

 ------------------------------------------------------------------------------
                           SETUP EWALD 
 (Ewald) eta                             :   0.6179    
 (Ewald) Real Space Cutoff               :    7.990     (Bohr)
 (Ewald) Reciprocal Cutoff               :    6.525     (1/Bohr)

 ------------------------------------------------------------------------------
                           SETUP PLANE WAVE 
 Read in WT kernel.
 kernel file name  : 3PROFESS_KERNEL.dat           
 KEDF type         :     4
 Fermi vector      :   1.182014212099E+00
 Reference density :  -1.000000000000E+00
 Mesh points       :   200002
 Fermi vector in this cell is    1.5723357055667717     
 Fermi vector from kernel file is    1.1820142120987149     
 First qNorm is    0.0000000000000000     
 size of Wang-Teter kernel in this run is           10          18          18
 Max |G| in this calculation is   1.196585630139E+01
 Max eta used from kernel is   7.610242684829E+00

 ------------------------------------------------------------------------------
                           REFRESH ION POSITIONS
  
 Calculating Ion-Ion Energy ...                   complete.     0.000 s
  
 Calculating Ion-Electron Potential (spline) ... 
 complete.     0.001 s

 ------------------------------------------------------------------------------
                           DENSITY OPTIMIZATION
 Electron number for spin            1  is    9.0000000000001918     
 Cell Volume      :            81.268278 Angstrom^3
 Ion number       :                    4
 Electron number  :             9.000000
 Ion density      :             0.049220 Ion/Angstrom^3
 Electron density :             0.110744 Electron/Angstrom^3
##############################################################################
#                               FINAL ENERGIES                       time    #
##############################################################################
# Thomas-Fermi Kin. Energy =   4.785985437063E+01 eV                 0.000 s #
# Von-Weizsacker Kin. Ener =   6.029833064642E+00 eV                 0.000 s #
# Wang-Teter Kinetic Energ =  -3.003983974650E+00 eV                 0.000 s #
#                                                                            #
#     LDA Exch-Corr Energy =  -5.711082560280E+01 eV                 0.000 s #
#         Coulombic Energy =   2.576231702750E+00 eV                 0.000 s #
#      Ion-Electron Energy =   2.873162885723E+01 eV                 0.000 s #
#           Ion-Ion Energy =  -1.571346326785E+02 eV                 0.000 s #
#                                                                            #
#     TOTAL KINETIC ENERGY =   5.088570346062E+01 eV                         #
#   TOTAL POTENTIAL ENERGY =  -1.829375977213E+02 eV                         #
#             TOTAL ENERGY =  -1.320518942607E+02 eV                         #
##############################################################################
  
 ----------------------------- TIME INFORMATION ------------------------------
    PROFESS      :      0.66s WALL    100.00% (       1 calls)     0.66s/call
    InitPROFESS  :      0.29s WALL     43.25% (       1 calls)     0.29s/call
    KEDFRefresh  :      0.22s WALL     33.88% (       1 calls)     0.22s/call
    IonRefresh   :      0.00s WALL      0.24% (       1 calls)     0.00s/call
    EwaldEnergy  :      0.00s WALL      0.08% (       1 calls)     0.00s/call
    Pot_Ion      :      0.00s WALL      0.04% (      66 calls)     0.00s/call
    Pot_Har      :      0.01s WALL      2.01% (      66 calls)     0.00s/call
    Pot_Exc      :      0.04s WALL      5.82% (      66 calls)     0.00s/call
    Pot_KEDF     :      0.18s WALL     27.11% (      66 calls)     0.00s/call
    VWPotSqrPlus :      0.01s WALL      2.00% (      66 calls)     0.00s/call
    NextGradient :      0.00s WALL      0.06% (       7 calls)     0.00s/call
 -----------------------------------------------------------------------------
 ------------------------------- TOTAL ---------------------------------------
    PROFESS      :      0.66s WALL    100.00% (       1 calls)     0.66s/call
 -----------------------------------------------------------------------------

Run completed on: 11/17/2021 at 21:12:13 
  
