 ******************************************************************************
                             WELCOME TO PROFESS                   
            (PRinceton Orbital-Free Electronic Structure Software) 
 ******************************************************************************

 ------------------------------------------------------------------------------
                           READ GEOMETRY
 Cell length (Bohr)    5.304E+00   5.304E+00   3.751E+01
 Angle     (Degree)    9.000E+01   9.000E+01   9.000E+01
 Volume    (Bohr^3)    1.055E+03

 ------------------------------------------------------------------------------
                           READ PSEUDOPOTENTIAL
 Total electron number in ReadPseudo is    15.000000000000000     
 (System) Machine Precision              :    2.2204460492503131E-016

 ------------------------------------------------------------------------------
                           SETUP FFT
 Global FFT Dimension :    14   14   96
 Rank/Size in Global Communicator     :            0 /           1
 Rank/Size in Global FFT Communicator :            0 /           1
 Parallel FFT, totX    =    14
 Parallel FFT, totY    =    14
 Parallel FFT, locZ    =    96
 Parallel FFT, locZoff =     0
 Dimension of rho for this processor : 
 xmin, xmax :            0          13
 ymin, ymax :            0          13
 zmin, zmax :            0          95
 Total electron number =    15.000000000000000     
 Uniform rhoR =    1.4215264730715625E-002
 (GB INFO) FFT size      :       14      14      96
 (GB INFO) FFT offset    :        0
 (GB INFO) FFT G size    :        8      14      96
 (GB INFO) FFT G offset  :        0

 ------------------------------------------------------------------------------
                           SETUP KEDF
 kinetic energy density functional number is            4
 ( 1=TF, 2=VW, 3=TF+VW, 4=WT,  5=WGC,  
   7=LQ, 8=HQ, 10=CAT,  11=HC, 12=WGCD,
   15=GGA, 16=WGCD+GGA, 17=EVT, 18=EVC )
 qTable dimension:     8   14   96
 Coefficient for TF KEDF is     1.0000
 Coefficient for VW KEDF is     1.0000
 Coefficient for alpha in WT KEDF is     0.8333
 Coefficient for beta  in WT KEDF is     0.8333
 rho0 (Electron/Bohr^3) in WGC KEDF is     0.0142
 hold0 =  F
  dV of each real space grid is now    5.6080128837029973E-002
 Cell length (Bohr)    5.304E+00   5.304E+00   3.751E+01
 Angle     (Degree)    9.000E+01   9.000E+01   9.000E+01
 Volume    (Bohr^3)    1.055E+03

 ------------------------------------------------------------------------------
                           SETUP EWALD 
 (Ewald) eta                             :   0.7184    
 (Ewald) Real Space Cutoff               :    6.878     (Bohr)
 (Ewald) Reciprocal Cutoff               :    7.700     (1/Bohr)

 ------------------------------------------------------------------------------
                           SETUP PLANE WAVE 
 Read in WT kernel.
 kernel file name  : 5PROFESS_KERNEL.dat           
 KEDF type         :     4
 Fermi vector      :   1.182014212099E+00
 Reference density :  -1.000000000000E+00
 Mesh points       :   200002
 Fermi vector in this cell is    1.4988401321650664     
 Fermi vector from kernel file is    1.1820142120987149     
 First qNorm is    0.0000000000000000     
 size of Wang-Teter kernel in this run is            8          14          96
 Max |G| in this calculation is   1.421885471186E+01
 Max eta used from kernel is   9.486571920998E+00

 ------------------------------------------------------------------------------
                           REFRESH ION POSITIONS
  
 Calculating Ion-Ion Energy ...                   complete.     0.001 s
  
 Calculating Ion-Electron Potential (spline) ... 
 complete.     0.001 s

 ------------------------------------------------------------------------------
                           DENSITY OPTIMIZATION
 Electron number for spin            1  is    15.000000000000867     
 Cell Volume      :           156.365054 Angstrom^3
 Ion number       :                    5
 Electron number  :            15.000000
 Ion density      :             0.031976 Ion/Angstrom^3
 Electron density :             0.095929 Electron/Angstrom^3
##############################################################################
#                               FINAL ENERGIES                       time    #
##############################################################################
# Thomas-Fermi Kin. Energy =   1.054858803483E+02 eV                 0.000 s #
# Von-Weizsacker Kin. Ener =   1.348827516730E+01 eV                 0.000 s #
# Wang-Teter Kinetic Energ =  -7.122503323117E+00 eV                 0.000 s #
#                                                                            #
#     LDA Exch-Corr Energy =  -1.078542054482E+02 eV                 0.000 s #
#         Coulombic Energy =   1.022561435681E+03 eV                 0.000 s #
#      Ion-Electron Energy =  -2.054008554586E+03 eV                 0.000 s #
#           Ion-Ion Energy =   7.388028407647E+02 eV                 0.000 s #
#                                                                            #
#     TOTAL KINETIC ENERGY =   1.118516521924E+02 eV                         #
#   TOTAL POTENTIAL ENERGY =  -4.004984835886E+02 eV                         #
#             TOTAL ENERGY =  -2.886468313962E+02 eV                         #
##############################################################################
  
 ----------------------------- TIME INFORMATION ------------------------------
    PROFESS      :      2.52s WALL    100.00% (       1 calls)     2.52s/call
    InitPROFESS  :      0.21s WALL      8.17% (       1 calls)     0.21s/call
    KEDFRefresh  :      0.18s WALL      7.12% (       1 calls)     0.18s/call
    IonRefresh   :      0.00s WALL      0.11% (       1 calls)     0.00s/call
    EwaldEnergy  :      0.00s WALL      0.05% (       1 calls)     0.00s/call
    Pot_Ion      :      0.00s WALL      0.14% (     236 calls)     0.00s/call
    Pot_Har      :      0.08s WALL      3.16% (     236 calls)     0.00s/call
    Pot_Exc      :      0.39s WALL     15.60% (     236 calls)     0.00s/call
    Pot_KEDF     :      1.65s WALL     65.44% (     236 calls)     0.01s/call
    VWPotSqrPlus :      0.07s WALL      2.96% (     236 calls)     0.00s/call
    NextGradient :      0.00s WALL      0.11% (      15 calls)     0.00s/call
 -----------------------------------------------------------------------------
 ------------------------------- TOTAL ---------------------------------------
    PROFESS      :      2.52s WALL    100.00% (       1 calls)     2.52s/call
 -----------------------------------------------------------------------------

Run completed on: 08/13/2021 at 19:57:11 
  
