 ******************************************************************************
                             WELCOME TO PROFESS                   
            (PRinceton Orbital-Free Electronic Structure Software) 
 ******************************************************************************

 ------------------------------------------------------------------------------
                           READ GEOMETRY
 Cell length (Bohr)    6.840E+00   6.840E+00   6.840E+00
 Angle     (Degree)    9.744E+01   9.744E+01   1.378E+02
 Volume    (Bohr^3)    2.005E+02

 ------------------------------------------------------------------------------
                           READ PSEUDOPOTENTIAL
 Total electron number in ReadPseudo is    8.0000000000000000     
 (System) Machine Precision              :    2.2204460492503131E-016

 ------------------------------------------------------------------------------
                           SETUP FFT
 Global FFT Dimension :    35   35   35
 Dimension of rho for this processor : 
 xmin, xmax :            0          34
 ymin, ymax :            0          34
 zmin, zmax :            0          34
 Total electron number =    8.0000000000000000     
 Uniform rhoR =    3.9903848457123414E-002
 (GB INFO) FFT size      :       35      35      35
 (GB INFO) FFT offset    :        0
 (GB INFO) FFT G size    :       18      35      35
 (GB INFO) FFT G offset  :        0

 ------------------------------------------------------------------------------
                           SETUP KEDF
 kinetic energy density functional number is            5
 ( 1=TF, 2=VW, 3=TF+VW, 4=WT,  5=WGC,  
   7=LQ, 8=HQ, 10=CAT,  11=HC, 12=WGCD,
   15=GGA, 16=WGCD+GGA, 17=EVT, 18=EVC )
 qTable dimension:    18   35   35
 Coefficient for TF KEDF is     1.0000
 Coefficient for VW KEDF is     1.0000
 Coefficient for alpha in WGC KEDF is     1.2060
 Coefficient for beta  in WGC KEDF is     0.4607
 Coefficient for gamma in WGC KEDF is     4.2000
 rho0 (Electron/Bohr^3) in WGC KEDF is     0.0399
 rhoS (Electron/Bohr^3) in WGC KEDF is     0.0399
 hold0 =  F
 holdS =  F
  dV of each real space grid is now    4.6759630586330073E-003
 Cell length (Bohr)    6.840E+00   6.840E+00   6.840E+00
 Angle     (Degree)    9.744E+01   9.744E+01   1.378E+02
 Volume    (Bohr^3)    2.005E+02

 ------------------------------------------------------------------------------
                           SETUP EWALD 
 (Ewald) eta                             :    1.200    
 (Ewald) Real Space Cutoff               :    6.000     (Bohr)
 (Ewald) Reciprocal Cutoff               :    15.62     (1/Bohr)

 ------------------------------------------------------------------------------
                           SETUP PLANE WAVE 

 ------------------------------------------------------------------------------
                           INITIALIZING WGC KERNEL
 Fermi vector :    1.0571710478978029     
 Reference density :    3.9903848457123414E-002
 Make WGC kernels.
 Dimension of KEDF Kernel :           18          35          35

 ------------------------------------------------------------------------------
                           REFRESH ION POSITIONS
  
 Calculating Ion-Ion Energy ...                   complete.     0.002 s
  
 Calculating Ion-Electron Potential (spline) ... 
 complete.     0.003 s

 ------------------------------------------------------------------------------
                           DENSITY OPTIMIZATION
 Electron number for spin            1  is    7.9999999999919664     
 Cell Volume      :            29.708355 Angstrom^3
 Ion number       :                    2
 Electron number  :             8.000000
 Ion density      :             0.067321 Ion/Angstrom^3
 Electron density :             0.269285 Electron/Angstrom^3
##############################################################################
#                               FINAL ENERGIES                       time    #
##############################################################################
# Thomas-Fermi Kin. Energy =   7.741634103222E+01 eV                 0.000 s #
# Von-Weizsacker Kin. Ener =   1.187639538272E+01 eV                 0.000 s #
#       WGC Kinetic Energy =  -6.792750930552E+00 eV                 0.000 s #
#                                                                            #
# GGA(PBE) Exch-Cor Energy =  -6.668020599674E+01 eV                 0.000 s #
#         Coulombic Energy =   2.064567297184E+00 eV                 0.000 s #
#      Ion-Electron Energy =   3.351209776115E+01 eV                 0.000 s #
#           Ion-Ion Energy =  -2.678900836081E+02 eV                 0.000 s #
#                                                                            #
#     TOTAL KINETIC ENERGY =   8.249998548438E+01 eV                         #
#   TOTAL POTENTIAL ENERGY =  -2.989936245465E+02 eV                         #
#             TOTAL ENERGY =  -2.164936390622E+02 eV                         #
##############################################################################
  
 ----------------------------- TIME INFORMATION ------------------------------
    PROFESS      :     20.01s WALL    100.00% (       1 calls)    20.01s/call
    InitPROFESS  :      0.06s WALL      0.28% (       1 calls)     0.06s/call
    KEDFRefresh  :      0.02s WALL      0.10% (       1 calls)     0.02s/call
    IonRefresh   :      0.01s WALL      0.03% (       1 calls)     0.01s/call
    EwaldEnergy  :      0.00s WALL      0.01% (       1 calls)     0.00s/call
    ForwFFT_3D   :      3.25s WALL     16.24% (    2282 calls)     0.00s/call
    BackFFT_3D   :      3.07s WALL     15.33% (    2281 calls)     0.00s/call
    Pot_Ion      :      0.07s WALL      0.34% (     190 calls)     0.00s/call
    Pot_Har      :      0.60s WALL      2.98% (     190 calls)     0.00s/call
    Pot_Exc      :     10.74s WALL     53.64% (     190 calls)     0.06s/call
    PBEPot       :     10.22s WALL     51.05% (     190 calls)     0.05s/call
    Pot_KEDF     :      7.53s WALL     37.64% (     190 calls)     0.04s/call
    WGCPotPlus   :      6.05s WALL     30.22% (     190 calls)     0.03s/call
    VWPotSqrPlus :      0.49s WALL      2.46% (     190 calls)     0.00s/call
    NextGradient :      0.01s WALL      0.06% (       7 calls)     0.00s/call
 -----------------------------------------------------------------------------
 ------------------------------- TOTAL ---------------------------------------
    PROFESS      :     20.01s WALL    100.00% (       1 calls)    20.01s/call
 -----------------------------------------------------------------------------

Run completed on: 07/30/2024 at 16:54:10 
  
