 ******************************************************************************
                             WELCOME TO PROFESS                   
            (PRinceton Orbital-Free Electronic Structure Software) 
 ******************************************************************************

 ------------------------------------------------------------------------------
                           READ GEOMETRY
 Cell length (Bohr)    5.304E+00   5.304E+00   9.528E+01
 Angle     (Degree)    9.000E+01   9.000E+01   6.000E+01
 Volume    (Bohr^3)    2.321E+03

 ------------------------------------------------------------------------------
                           READ PSEUDOPOTENTIAL
 Total electron number in ReadPseudo is    66.000000000000000     
 (System) Machine Precision              :    2.2204460492503131E-016

 ------------------------------------------------------------------------------
                           SETUP FFT
 Global FFT Dimension :    14   14  240
 Rank/Size in Global Communicator     :            0 /           1
 Rank/Size in Global FFT Communicator :            0 /           1
 Parallel FFT, totX    =    14
 Parallel FFT, totY    =    14
 Parallel FFT, locZ    =   240
 Parallel FFT, locZoff =     0
 Dimension of rho for this processor : 
 xmin, xmax :            0          13
 ymin, ymax :            0          13
 zmin, zmax :            0         239
 Total electron number =    66.000000000000000     
 Uniform rhoR =    2.8430529462092943E-002
 (GB INFO) FFT size      :       14      14     240
 (GB INFO) FFT offset    :        0
 (GB INFO) FFT G size    :        8      14     240
 (GB INFO) FFT G offset  :        0

 ------------------------------------------------------------------------------
                           SETUP KEDF
 kinetic energy density functional number is            4
 ( 1=TF, 2=VW, 3=TF+VW, 4=WT,  5=WGC,  
   7=LQ, 8=HQ, 10=CAT,  11=HC, 12=WGCD,
   15=GGA, 16=WGCD+GGA, 17=EVT, 18=EVC )
 qTable dimension:     8   14  240
 Coefficient for TF KEDF is     1.0000
 Coefficient for VW KEDF is     1.0000
 Coefficient for alpha in WT KEDF is     0.8333
 Coefficient for beta  in WT KEDF is     0.8333
 rho0 (Electron/Bohr^3) in WGC KEDF is     0.0284
 hold0 =  F
  dV of each real space grid is now    4.9350513375437791E-002
 Cell length (Bohr)    5.304E+00   5.304E+00   9.528E+01
 Angle     (Degree)    9.000E+01   9.000E+01   6.000E+01
 Volume    (Bohr^3)    2.321E+03

 ------------------------------------------------------------------------------
                           SETUP EWALD 
 (Ewald) eta                             :   0.6814    
 (Ewald) Real Space Cutoff               :    7.577     (Bohr)
 (Ewald) Reciprocal Cutoff               :    7.700     (1/Bohr)

 ------------------------------------------------------------------------------
                           SETUP PLANE WAVE 
 Read in WT kernel.
 kernel file name  : 5PROFESS_KERNEL.dat           
 KEDF type         :     4
 Fermi vector      :   1.182014212099E+00
 Reference density :  -1.000000000000E+00
 Mesh points       :   200002
 Fermi vector in this cell is    1.8884202329566311     
 Fermi vector from kernel file is    1.1820142120987149     
 First qNorm is    0.0000000000000000     
 size of Wang-Teter kernel in this run is            8          14         240
 Max |G| in this calculation is   1.732728485729E+01
 Max eta used from kernel is   9.175545016356E+00

 ------------------------------------------------------------------------------
                           REFRESH ION POSITIONS
  
 Calculating Ion-Ion Energy ...                   complete.     0.006 s
  
 Calculating Ion-Electron Potential (spline) ... 
 complete.     0.008 s

 ------------------------------------------------------------------------------
                           DENSITY OPTIMIZATION
 Electron number for spin            1  is    66.000000000022311     
 Cell Volume      :           344.003120 Angstrom^3
 Ion number       :                   22
 Electron number  :            66.000000
 Ion density      :             0.063953 Ion/Angstrom^3
 Electron density :             0.191859 Electron/Angstrom^3
  
 Calculating Ion-Ion Forces ...                complete.     0.007 s
  
 Calculating Ion-Electron Forces (spline) ...  complete.     0.004 s
  ------ ION (GRADIENT METHOD) STEP            1  ------

 ------------------------------------------------------------------------------
                           REFRESH ION POSITIONS
  
 Calculating Ion-Ion Energy ...                   complete.     0.005 s
  
 Calculating Ion-Electron Potential (spline) ... 
 complete.     0.007 s

 ------------------------------------------------------------------------------
                           DENSITY OPTIMIZATION
 Electron number for spin            1  is    66.000000000000767     
 Cell Volume      :           344.003120 Angstrom^3
 Ion number       :                   22
 Electron number  :            66.000000
 Ion density      :             0.063953 Ion/Angstrom^3
 Electron density :             0.191859 Electron/Angstrom^3
  
 Calculating Ion-Ion Forces ...                complete.     0.005 s
  
 Calculating Ion-Electron Forces (spline) ...  complete.     0.003 s

 ------------------------------------------------------------------------------
                           REFRESH ION POSITIONS
  
 Calculating Ion-Ion Energy ...                   complete.     0.003 s
  
 Calculating Ion-Electron Potential (spline) ... 
 complete.     0.004 s

 ------------------------------------------------------------------------------
                           DENSITY OPTIMIZATION
 Electron number for spin            1  is    66.000000000000711     
 Cell Volume      :           344.003120 Angstrom^3
 Ion number       :                   22
 Electron number  :            66.000000
 Ion density      :             0.063953 Ion/Angstrom^3
 Electron density :             0.191859 Electron/Angstrom^3
  
 Calculating Ion-Ion Forces ...                complete.     0.005 s
  
 Calculating Ion-Electron Forces (spline) ...  complete.     0.003 s
  ------ ION (GRADIENT METHOD) STEP            2  ------

 ------------------------------------------------------------------------------
                           REFRESH ION POSITIONS
  
 Calculating Ion-Ion Energy ...                   complete.     0.003 s
  
 Calculating Ion-Electron Potential (spline) ... 
 complete.     0.004 s

 ------------------------------------------------------------------------------
                           DENSITY OPTIMIZATION
 Electron number for spin            1  is    66.000000000000313     
 Cell Volume      :           344.003120 Angstrom^3
 Ion number       :                   22
 Electron number  :            66.000000
 Ion density      :             0.063953 Ion/Angstrom^3
 Electron density :             0.191859 Electron/Angstrom^3
  
 Calculating Ion-Ion Forces ...                complete.     0.006 s
  
 Calculating Ion-Electron Forces (spline) ...  complete.     0.003 s

 ------------------------------------------------------------------------------
                           REFRESH ION POSITIONS
  
 Calculating Ion-Ion Energy ...                   complete.     0.004 s
  
 Calculating Ion-Electron Potential (spline) ... 
 complete.     0.004 s

 ------------------------------------------------------------------------------
                           DENSITY OPTIMIZATION
 Electron number for spin            1  is    66.000000000000441     
 Cell Volume      :           344.003120 Angstrom^3
 Ion number       :                   22
 Electron number  :            66.000000
 Ion density      :             0.063953 Ion/Angstrom^3
 Electron density :             0.191859 Electron/Angstrom^3
  
 Calculating Ion-Ion Forces ...                complete.     0.005 s
  
 Calculating Ion-Electron Forces (spline) ...  complete.     0.003 s
  ------ ION (GRADIENT METHOD) STEP            3  ------

 ------------------------------------------------------------------------------
                           REFRESH ION POSITIONS
  
 Calculating Ion-Ion Energy ...                   complete.     0.004 s
  
 Calculating Ion-Electron Potential (spline) ... 
 complete.     0.004 s

 ------------------------------------------------------------------------------
                           DENSITY OPTIMIZATION
 Electron number for spin            1  is    66.000000000000483     
 Cell Volume      :           344.003120 Angstrom^3
 Ion number       :                   22
 Electron number  :            66.000000
 Ion density      :             0.063953 Ion/Angstrom^3
 Electron density :             0.191859 Electron/Angstrom^3
  
 Calculating Ion-Ion Forces ...                complete.     0.005 s
  
 Calculating Ion-Electron Forces (spline) ...  complete.     0.003 s

 ------------------------------------------------------------------------------
                           REFRESH ION POSITIONS
  
 Calculating Ion-Ion Energy ...                   complete.     0.004 s
  
 Calculating Ion-Electron Potential (spline) ... 
 complete.     0.004 s

 ------------------------------------------------------------------------------
                           DENSITY OPTIMIZATION
 Electron number for spin            1  is    65.999999999999886     
 Cell Volume      :           344.003120 Angstrom^3
 Ion number       :                   22
 Electron number  :            66.000000
 Ion density      :             0.063953 Ion/Angstrom^3
 Electron density :             0.191859 Electron/Angstrom^3
  
 Calculating Ion-Ion Forces ...                complete.     0.005 s
  
 Calculating Ion-Electron Forces (spline) ...  complete.     0.003 s
  ------ ION (GRADIENT METHOD) STEP            4  ------

 ------------------------------------------------------------------------------
                           REFRESH ION POSITIONS
  
 Calculating Ion-Ion Energy ...                   complete.     0.003 s
  
 Calculating Ion-Electron Potential (spline) ... 
 complete.     0.004 s

 ------------------------------------------------------------------------------
                           DENSITY OPTIMIZATION
 Electron number for spin            1  is    66.000000000000810     
 Cell Volume      :           344.003120 Angstrom^3
 Ion number       :                   22
 Electron number  :            66.000000
 Ion density      :             0.063953 Ion/Angstrom^3
 Electron density :             0.191859 Electron/Angstrom^3
  
 Calculating Ion-Ion Forces ...                complete.     0.005 s
  
 Calculating Ion-Electron Forces (spline) ...  complete.     0.003 s

 ------------------------------------------------------------------------------
                           REFRESH ION POSITIONS
  
 Calculating Ion-Ion Energy ...                   complete.     0.003 s
  
 Calculating Ion-Electron Potential (spline) ... 
 complete.     0.004 s

 ------------------------------------------------------------------------------
                           DENSITY OPTIMIZATION
 Electron number for spin            1  is    66.000000000000114     
 Cell Volume      :           344.003120 Angstrom^3
 Ion number       :                   22
 Electron number  :            66.000000
 Ion density      :             0.063953 Ion/Angstrom^3
 Electron density :             0.191859 Electron/Angstrom^3
  
 Calculating Ion-Ion Forces ...                complete.     0.005 s
  
 Calculating Ion-Electron Forces (spline) ...  complete.     0.003 s
  ------ ION (GRADIENT METHOD) STEP            5  ------

 ------------------------------------------------------------------------------
                           REFRESH ION POSITIONS
  
 Calculating Ion-Ion Energy ...                   complete.     0.004 s
  
 Calculating Ion-Electron Potential (spline) ... 
 complete.     0.004 s

 ------------------------------------------------------------------------------
                           DENSITY OPTIMIZATION
 Electron number for spin            1  is    66.000000000001165     
 Cell Volume      :           344.003120 Angstrom^3
 Ion number       :                   22
 Electron number  :            66.000000
 Ion density      :             0.063953 Ion/Angstrom^3
 Electron density :             0.191859 Electron/Angstrom^3
  
 Calculating Ion-Ion Forces ...                complete.     0.005 s
  
 Calculating Ion-Electron Forces (spline) ...  complete.     0.003 s

 ------------------------------------------------------------------------------
                           REFRESH ION POSITIONS
  
 Calculating Ion-Ion Energy ...                   complete.     0.004 s
  
 Calculating Ion-Electron Potential (spline) ... 
 complete.     0.004 s

 ------------------------------------------------------------------------------
                           DENSITY OPTIMIZATION
 Electron number for spin            1  is    66.000000000000696     
 Cell Volume      :           344.003120 Angstrom^3
 Ion number       :                   22
 Electron number  :            66.000000
 Ion density      :             0.063953 Ion/Angstrom^3
 Electron density :             0.191859 Electron/Angstrom^3
  
 Calculating Ion-Ion Forces ...                complete.     0.006 s
  
 Calculating Ion-Electron Forces (spline) ...  complete.     0.003 s
  ------ ION (GRADIENT METHOD) STEP            6  ------

 ------------------------------------------------------------------------------
                           REFRESH ION POSITIONS
  
 Calculating Ion-Ion Energy ...                   complete.     0.004 s
  
 Calculating Ion-Electron Potential (spline) ... 
 complete.     0.004 s

 ------------------------------------------------------------------------------
                           DENSITY OPTIMIZATION
 Electron number for spin            1  is    66.000000000000441     
 Cell Volume      :           344.003120 Angstrom^3
 Ion number       :                   22
 Electron number  :            66.000000
 Ion density      :             0.063953 Ion/Angstrom^3
 Electron density :             0.191859 Electron/Angstrom^3
  
 Calculating Ion-Ion Forces ...                complete.     0.005 s
  
 Calculating Ion-Electron Forces (spline) ...  complete.     0.003 s

 ------------------------------------------------------------------------------
                           REFRESH ION POSITIONS
  
 Calculating Ion-Ion Energy ...                   complete.     0.003 s
  
 Calculating Ion-Electron Potential (spline) ... 
 complete.     0.004 s

 ------------------------------------------------------------------------------
                           DENSITY OPTIMIZATION
 Electron number for spin            1  is    65.999999999999915     
 Cell Volume      :           344.003120 Angstrom^3
 Ion number       :                   22
 Electron number  :            66.000000
 Ion density      :             0.063953 Ion/Angstrom^3
 Electron density :             0.191859 Electron/Angstrom^3
  
 Calculating Ion-Ion Forces ...                complete.     0.005 s
  
 Calculating Ion-Electron Forces (spline) ...  complete.     0.003 s

 ------------------------------------------------------------------------------
                           REFRESH ION POSITIONS
  
 Calculating Ion-Ion Energy ...                   complete.     0.003 s
  
 Calculating Ion-Electron Potential (spline) ... 
 complete.     0.004 s

 ------------------------------------------------------------------------------
                           DENSITY OPTIMIZATION
 Electron number for spin            1  is    66.000000000000426     
 Cell Volume      :           344.003120 Angstrom^3
 Ion number       :                   22
 Electron number  :            66.000000
 Ion density      :             0.063953 Ion/Angstrom^3
 Electron density :             0.191859 Electron/Angstrom^3
  
 Calculating Ion-Ion Forces ...                complete.     0.005 s
  
 Calculating Ion-Electron Forces (spline) ...  complete.     0.003 s
  ------ ION (GRADIENT METHOD) STEP            7  ------
  
 Calculating Ion-Electron Stress (spline) ...  complete.     0.006 s
  
 Calculating Ion-Ion Stress ...                complete.     0.004 s
  
 ------------------------------------------------------------------------------
                         LATTICE VECTORS (Angstrom)
 LAT 1           2.806844        0.000000        0.000000
 LAT 2           1.403422        2.430798        0.000000
 LAT 3           0.000000        0.000000       50.419123
 ------------------------------------------------------------------------------
                                STRESS (GPa)
 ST_GPa 1       -0.011515       -0.000007        0.000000
 ST_GPa 2       -0.000007       -0.011506       -0.000000
 ST_GPa 3        0.000000       -0.000000       -0.434238
  
 --------------------------------------------------
 STRESS (a.u.)
 --------------------------------------------------
 ST_AU  1  -3.9137318477E-07  -2.2588428647E-10   1.0364787694E-11
 ST_AU  2  -2.2588428647E-10  -3.9107718049E-07  -6.3371296230E-12
 ST_AU  3   1.0364787694E-11  -6.3371296230E-12  -1.4759449261E-05
; Cell optimization at step  1, max(stress):  0.1476E-04, total energy:  -46.832616    ;
  dV of each real space grid is now    4.9352748561884006E-002
 Cell length (Bohr)    5.304E+00   5.304E+00   9.528E+01
 Angle     (Degree)    9.000E+01   9.000E+01   6.000E+01
 Volume    (Bohr^3)    2.322E+03
  dV of each real space grid is now    4.9352748561884006E-002
 Cell length (Bohr)    5.304E+00   5.304E+00   9.528E+01
 Angle     (Degree)    9.000E+01   9.000E+01   6.000E+01
 Volume    (Bohr^3)    2.322E+03

 ------------------------------------------------------------------------------
                           SETUP EWALD 
 (Ewald) eta                             :   0.6814    
 (Ewald) Real Space Cutoff               :    7.577     (Bohr)
 (Ewald) Reciprocal Cutoff               :    7.700     (1/Bohr)

 ------------------------------------------------------------------------------
                           SETUP PLANE WAVE 
 Read in WT kernel.
 kernel file name  : 5PROFESS_KERNEL.dat           
 KEDF type         :     4
 Fermi vector      :   1.182014212099E+00
 Reference density :  -1.000000000000E+00
 Mesh points       :   200002
 Fermi vector in this cell is    1.8883917236695318     
 Fermi vector from kernel file is    1.1820142120987149     
 First qNorm is    0.0000000000000000     
 size of Wang-Teter kernel in this run is            8          14         240
 Max |G| in this calculation is   1.732712117638E+01
 Max eta used from kernel is   9.175596863297E+00

 ------------------------------------------------------------------------------
                           REFRESH ION POSITIONS
  
 Calculating Ion-Ion Energy ...                   complete.     0.004 s
  
 Calculating Ion-Electron Potential (spline) ... 
 complete.     0.004 s
 Rescale the total density from   3.257429 to         66

 ------------------------------------------------------------------------------
                           DENSITY OPTIMIZATION
 Electron number for spin            1  is    65.999999999998280     
 Cell Volume      :           344.018700 Angstrom^3
 Ion number       :                   22
 Electron number  :            66.000000
 Ion density      :             0.063950 Ion/Angstrom^3
 Electron density :             0.191850 Electron/Angstrom^3
  
 Calculating Ion-Ion Forces ...                complete.     0.005 s
  
 Calculating Ion-Electron Forces (spline) ...  complete.     0.003 s
  ------ ION (GRADIENT METHOD) STEP            1  ------
  
 Calculating Ion-Electron Stress (spline) ...  complete.     0.006 s
  
 Calculating Ion-Ion Stress ...                complete.     0.002 s
  
 ------------------------------------------------------------------------------
                         LATTICE VECTORS (Angstrom)
 LAT 1           2.806844        0.000000        0.000000
 LAT 2           1.403422        2.430798        0.000000
 LAT 3           0.000000        0.000000       50.421406
 ------------------------------------------------------------------------------
                                STRESS (GPa)
 ST_GPa 1       -0.008582       -0.000007        0.000000
 ST_GPa 2       -0.000007       -0.008573       -0.000000
 ST_GPa 3        0.000000       -0.000000       -0.428276
  
 --------------------------------------------------
 STRESS (a.u.)
 --------------------------------------------------
 ST_AU  1  -2.9168403105E-07  -2.2568757324E-10   1.0340868944E-11
 ST_AU  2  -2.2568757324E-10  -2.9138819674E-07  -6.3324114736E-12
 ST_AU  3   1.0340868944E-11  -6.3324114736E-12  -1.4556800835E-05
; Cell optimization at step  2, max(stress):  0.1456E-04, total energy:  -46.832618    ;
  dV of each real space grid is now    4.9355393958471813E-002
 Cell length (Bohr)    5.304E+00   5.304E+00   9.529E+01
 Angle     (Degree)    9.000E+01   9.000E+01   6.000E+01
 Volume    (Bohr^3)    2.322E+03
  dV of each real space grid is now    4.9355393958471813E-002
 Cell length (Bohr)    5.304E+00   5.304E+00   9.529E+01
 Angle     (Degree)    9.000E+01   9.000E+01   6.000E+01
 Volume    (Bohr^3)    2.322E+03

 ------------------------------------------------------------------------------
                           SETUP EWALD 
 (Ewald) eta                             :   0.6814    
 (Ewald) Real Space Cutoff               :    7.577     (Bohr)
 (Ewald) Reciprocal Cutoff               :    7.700     (1/Bohr)

 ------------------------------------------------------------------------------
                           SETUP PLANE WAVE 
 Read in WT kernel.
 kernel file name  : 5PROFESS_KERNEL.dat           
 KEDF type         :     4
 Fermi vector      :   1.182014212099E+00
 Reference density :  -1.000000000000E+00
 Mesh points       :   200002
 Fermi vector in this cell is    1.8883579844711977     
 Fermi vector from kernel file is    1.1820142120987149     
 First qNorm is    0.0000000000000000     
 size of Wang-Teter kernel in this run is            8          14         240
 Max |G| in this calculation is   1.732692748284E+01
 Max eta used from kernel is   9.175658230765E+00

 ------------------------------------------------------------------------------
                           REFRESH ION POSITIONS
  
 Calculating Ion-Ion Energy ...                   complete.     0.004 s
  
 Calculating Ion-Electron Potential (spline) ... 
 complete.     0.004 s
 Rescale the total density from   3.257631 to         66

 ------------------------------------------------------------------------------
                           DENSITY OPTIMIZATION
 Electron number for spin            1  is    66.000000000000711     
 Cell Volume      :           344.037140 Angstrom^3
 Ion number       :                   22
 Electron number  :            66.000000
 Ion density      :             0.063947 Ion/Angstrom^3
 Electron density :             0.191840 Electron/Angstrom^3
  
 Calculating Ion-Ion Forces ...                complete.     0.006 s
  
 Calculating Ion-Electron Forces (spline) ...  complete.     0.003 s
  ------ ION (GRADIENT METHOD) STEP            1  ------
  
 Calculating Ion-Electron Stress (spline) ...  complete.     0.006 s
  
 Calculating Ion-Ion Stress ...                complete.     0.003 s
  
 ------------------------------------------------------------------------------
                         LATTICE VECTORS (Angstrom)
 LAT 1           2.806844        0.000000        0.000000
 LAT 2           1.403422        2.430798        0.000000
 LAT 3           0.000000        0.000000       50.424109
 ------------------------------------------------------------------------------
                                STRESS (GPa)
 ST_GPa 1       -0.005054       -0.000007        0.000000
 ST_GPa 2       -0.000007       -0.005045       -0.000000
 ST_GPa 3        0.000000       -0.000000       -0.421292
  
 --------------------------------------------------
 STRESS (a.u.)
 --------------------------------------------------
 ST_AU  1  -1.7177835636E-07  -2.2564343910E-10   1.0310576435E-11
 ST_AU  2  -2.2564343910E-10  -1.7148253518E-07  -6.3444719023E-12
 ST_AU  3   1.0310576435E-11  -6.3444719023E-12  -1.4319422418E-05
; Cell optimization at step  3, max(stress):  0.1432E-04, total energy:  -46.832620    ;
  dV of each real space grid is now    4.9358516668053409E-002
 Cell length (Bohr)    5.304E+00   5.304E+00   9.529E+01
 Angle     (Degree)    9.000E+01   9.000E+01   6.000E+01
 Volume    (Bohr^3)    2.322E+03
  dV of each real space grid is now    4.9358516668053409E-002
 Cell length (Bohr)    5.304E+00   5.304E+00   9.529E+01
 Angle     (Degree)    9.000E+01   9.000E+01   6.000E+01
 Volume    (Bohr^3)    2.322E+03

 ------------------------------------------------------------------------------
                           SETUP EWALD 
 (Ewald) eta                             :   0.6814    
 (Ewald) Real Space Cutoff               :    7.577     (Bohr)
 (Ewald) Reciprocal Cutoff               :    7.700     (1/Bohr)

 ------------------------------------------------------------------------------
                           SETUP PLANE WAVE 
 Read in WT kernel.
 kernel file name  : 5PROFESS_KERNEL.dat           
 KEDF type         :     4
 Fermi vector      :   1.182014212099E+00
 Reference density :  -1.000000000000E+00
 Mesh points       :   200002
 Fermi vector in this cell is    1.8883181607600512     
 Fermi vector from kernel file is    1.1820142120987149     
 First qNorm is    0.0000000000000000     
 size of Wang-Teter kernel in this run is            8          14         240
 Max |G| in this calculation is   1.732669887818E+01
 Max eta used from kernel is   9.175730678353E+00

 ------------------------------------------------------------------------------
                           REFRESH ION POSITIONS
  
 Calculating Ion-Ion Energy ...                   complete.     0.005 s
  
 Calculating Ion-Electron Potential (spline) ... 
 complete.     0.004 s
 Rescale the total density from   3.257868 to         66

 ------------------------------------------------------------------------------
                           DENSITY OPTIMIZATION
 Electron number for spin            1  is    66.000000000000483     
 Cell Volume      :           344.058908 Angstrom^3
 Ion number       :                   22
 Electron number  :            66.000000
 Ion density      :             0.063943 Ion/Angstrom^3
 Electron density :             0.191828 Electron/Angstrom^3
  
 Calculating Ion-Ion Forces ...                complete.     0.006 s
  
 Calculating Ion-Electron Forces (spline) ...  complete.     0.003 s
  ------ ION (GRADIENT METHOD) STEP            1  ------
  
 Calculating Ion-Electron Stress (spline) ...  complete.     0.007 s
  
 Calculating Ion-Ion Stress ...                complete.     0.002 s
  
 ------------------------------------------------------------------------------
                         LATTICE VECTORS (Angstrom)
 LAT 1           2.806844        0.000000        0.000000
 LAT 2           1.403422        2.430798        0.000000
 LAT 3           0.000000        0.000000       50.427299
 ------------------------------------------------------------------------------
                                STRESS (GPa)
 ST_GPa 1       -0.000915       -0.000007        0.000000
 ST_GPa 2       -0.000007       -0.000906       -0.000000
 ST_GPa 3        0.000000       -0.000000       -0.413021
  
 --------------------------------------------------
 STRESS (a.u.)
 --------------------------------------------------
 ST_AU  1  -3.1104321799E-08  -2.2562772997E-10   1.0284899178E-11
 ST_AU  2  -2.2562772997E-10  -3.0808577401E-08  -6.3601457200E-12
 ST_AU  3   1.0284899178E-11  -6.3601457200E-12  -1.4038308603E-05
; Cell optimization at step  4, max(stress):  0.1404E-04, total energy:  -46.832622    ;
  dV of each real space grid is now    4.9362190354840928E-002
 Cell length (Bohr)    5.304E+00   5.304E+00   9.530E+01
 Angle     (Degree)    9.000E+01   9.000E+01   6.000E+01
 Volume    (Bohr^3)    2.322E+03
  dV of each real space grid is now    4.9362190354840928E-002
 Cell length (Bohr)    5.304E+00   5.304E+00   9.530E+01
 Angle     (Degree)    9.000E+01   9.000E+01   6.000E+01
 Volume    (Bohr^3)    2.322E+03

 ------------------------------------------------------------------------------
                           SETUP EWALD 
 (Ewald) eta                             :   0.6814    
 (Ewald) Real Space Cutoff               :    7.577     (Bohr)
 (Ewald) Reciprocal Cutoff               :    7.700     (1/Bohr)

 ------------------------------------------------------------------------------
                           SETUP PLANE WAVE 
 Read in WT kernel.
 kernel file name  : 5PROFESS_KERNEL.dat           
 KEDF type         :     4
 Fermi vector      :   1.182014212099E+00
 Reference density :  -1.000000000000E+00
 Mesh points       :   200002
 Fermi vector in this cell is    1.8882713147730839     
 Fermi vector from kernel file is    1.1820142120987149     
 First qNorm is    0.0000000000000000     
 size of Wang-Teter kernel in this run is            8          14         240
 Max |G| in this calculation is   1.732642998972E+01
 Max eta used from kernel is   9.175815919124E+00

 ------------------------------------------------------------------------------
                           REFRESH ION POSITIONS
  
 Calculating Ion-Ion Energy ...                   complete.     0.005 s
  
 Calculating Ion-Electron Potential (spline) ... 
 complete.     0.004 s
 Rescale the total density from   3.258147 to         66

 ------------------------------------------------------------------------------
                           DENSITY OPTIMIZATION
 Electron number for spin            1  is    65.999999999999744     
 Cell Volume      :           344.084515 Angstrom^3
 Ion number       :                   22
 Electron number  :            66.000000
 Ion density      :             0.063938 Ion/Angstrom^3
 Electron density :             0.191813 Electron/Angstrom^3
  
 Calculating Ion-Ion Forces ...                complete.     0.008 s
  
 Calculating Ion-Electron Forces (spline) ...  complete.     0.004 s
  ------ ION (GRADIENT METHOD) STEP            1  ------
  
 Calculating Ion-Electron Stress (spline) ...  complete.     0.009 s
  
 Calculating Ion-Ion Stress ...                complete.     0.004 s
  
 ------------------------------------------------------------------------------
                         LATTICE VECTORS (Angstrom)
 LAT 1           2.806844        0.000000        0.000000
 LAT 2           1.403422        2.430798        0.000000
 LAT 3           0.000000        0.000000       50.431052
 ------------------------------------------------------------------------------
                                STRESS (GPa)
 ST_GPa 1        0.003897       -0.000007        0.000000
 ST_GPa 2       -0.000007        0.003906       -0.000000
 ST_GPa 3        0.000000       -0.000000       -0.403218
  
 --------------------------------------------------
 STRESS (a.u.)
 --------------------------------------------------
 ST_AU  1   1.3246877985E-07  -2.2557786412E-10   1.0249649072E-11
 ST_AU  2  -2.2557786412E-10   1.3276446398E-07  -6.3780478710E-12
 ST_AU  3   1.0249649072E-11  -6.3780478710E-12  -1.3705120104E-05
; Cell optimization at step  5, max(stress):  0.1371E-04, total energy:  -46.832624    ;
  dV of each real space grid is now    4.9366494148416422E-002
 Cell length (Bohr)    5.304E+00   5.304E+00   9.531E+01
 Angle     (Degree)    9.000E+01   9.000E+01   6.000E+01
 Volume    (Bohr^3)    2.322E+03
  dV of each real space grid is now    4.9366494148416422E-002
 Cell length (Bohr)    5.304E+00   5.304E+00   9.531E+01
 Angle     (Degree)    9.000E+01   9.000E+01   6.000E+01
 Volume    (Bohr^3)    2.322E+03

 ------------------------------------------------------------------------------
                           SETUP EWALD 
 (Ewald) eta                             :   0.6814    
 (Ewald) Real Space Cutoff               :    7.577     (Bohr)
 (Ewald) Reciprocal Cutoff               :    7.700     (1/Bohr)

 ------------------------------------------------------------------------------
                           SETUP PLANE WAVE 
 Read in WT kernel.
 kernel file name  : 5PROFESS_KERNEL.dat           
 KEDF type         :     4
 Fermi vector      :   1.182014212099E+00
 Reference density :  -1.000000000000E+00
 Mesh points       :   200002
 Fermi vector in this cell is    1.8882164397256185     
 Fermi vector from kernel file is    1.1820142120987149     
 First qNorm is    0.0000000000000000     
 size of Wang-Teter kernel in this run is            8          14         240
 Max |G| in this calculation is   1.732611505285E+01
 Max eta used from kernel is   9.175915794575E+00

 ------------------------------------------------------------------------------
                           REFRESH ION POSITIONS
  
 Calculating Ion-Ion Energy ...                   complete.     0.007 s
  
 Calculating Ion-Electron Potential (spline) ... 
 complete.     0.007 s
 Rescale the total density from   3.258473 to         66

 ------------------------------------------------------------------------------
                           DENSITY OPTIMIZATION
 Electron number for spin            1  is    66.000000000000398     
 Cell Volume      :           344.114515 Angstrom^3
 Ion number       :                   22
 Electron number  :            66.000000
 Ion density      :             0.063932 Ion/Angstrom^3
 Electron density :             0.191797 Electron/Angstrom^3
  
 Calculating Ion-Ion Forces ...                complete.     0.008 s
  
 Calculating Ion-Electron Forces (spline) ...  complete.     0.004 s
  ------ ION (GRADIENT METHOD) STEP            1  ------
  
 Calculating Ion-Electron Stress (spline) ...  complete.     0.009 s
  
 Calculating Ion-Ion Stress ...                complete.     0.004 s
  
 ------------------------------------------------------------------------------
                         LATTICE VECTORS (Angstrom)
 LAT 1           2.806844        0.000000        0.000000
 LAT 2           1.403422        2.430798        0.000000
 LAT 3           0.000000        0.000000       50.435449
 ------------------------------------------------------------------------------
                                STRESS (GPa)
 ST_GPa 1        0.009657       -0.000007        0.000000
 ST_GPa 2       -0.000007        0.009666       -0.000000
 ST_GPa 3        0.000000       -0.000000       -0.391920
  
 --------------------------------------------------
 STRESS (a.u.)
 --------------------------------------------------
 ST_AU  1   3.2823898814E-07  -2.2548803288E-10   1.0191372725E-11
 ST_AU  2  -2.2548803288E-10   3.2853446914E-07  -6.4010335783E-12
 ST_AU  3   1.0191372725E-11  -6.4010335783E-12  -1.3321085462E-05
; Cell optimization at step  6, max(stress):  0.1332E-04, total energy:  -46.832627    ;
  dV of each real space grid is now    4.9371513983478832E-002
 Cell length (Bohr)    5.304E+00   5.304E+00   9.532E+01
 Angle     (Degree)    9.000E+01   9.000E+01   6.000E+01
 Volume    (Bohr^3)    2.322E+03
  dV of each real space grid is now    4.9371513983478832E-002
 Cell length (Bohr)    5.304E+00   5.304E+00   9.532E+01
 Angle     (Degree)    9.000E+01   9.000E+01   6.000E+01
 Volume    (Bohr^3)    2.322E+03

 ------------------------------------------------------------------------------
                           SETUP EWALD 
 (Ewald) eta                             :   0.6814    
 (Ewald) Real Space Cutoff               :    7.577     (Bohr)
 (Ewald) Reciprocal Cutoff               :    7.700     (1/Bohr)

 ------------------------------------------------------------------------------
                           SETUP PLANE WAVE 
 Read in WT kernel.
 kernel file name  : 5PROFESS_KERNEL.dat           
 KEDF type         :     4
 Fermi vector      :   1.182014212099E+00
 Reference density :  -1.000000000000E+00
 Mesh points       :   200002
 Fermi vector in this cell is    1.8881524429281038     
 Fermi vector from kernel file is    1.1820142120987149     
 First qNorm is    0.0000000000000000     
 size of Wang-Teter kernel in this run is            8          14         240
 Max |G| in this calculation is   1.732574781535E+01
 Max eta used from kernel is   9.176032306203E+00

 ------------------------------------------------------------------------------
                           REFRESH ION POSITIONS
  
 Calculating Ion-Ion Energy ...                   complete.     0.006 s
  
 Calculating Ion-Electron Potential (spline) ... 
 complete.     0.007 s
 Rescale the total density from   3.258851 to         66

 ------------------------------------------------------------------------------
                           DENSITY OPTIMIZATION
 Electron number for spin            1  is    66.000000000000156     
 Cell Volume      :           344.149507 Angstrom^3
 Ion number       :                   22
 Electron number  :            66.000000
 Ion density      :             0.063926 Ion/Angstrom^3
 Electron density :             0.191777 Electron/Angstrom^3
  
 Calculating Ion-Ion Forces ...                complete.     0.009 s
  
 Calculating Ion-Electron Forces (spline) ...  complete.     0.004 s
  ------ ION (GRADIENT METHOD) STEP            1  ------
  
 Calculating Ion-Electron Stress (spline) ...  complete.     0.009 s
  
 Calculating Ion-Ion Stress ...                complete.     0.004 s
  
 ------------------------------------------------------------------------------
                         LATTICE VECTORS (Angstrom)
 LAT 1           2.806844        0.000000        0.000000
 LAT 2           1.403422        2.430798        0.000000
 LAT 3           0.000000        0.000000       50.440578
 ------------------------------------------------------------------------------
                                STRESS (GPa)
 ST_GPa 1        0.016275       -0.000007        0.000000
 ST_GPa 2       -0.000007        0.016284       -0.000000
 ST_GPa 3        0.000000       -0.000000       -0.378613
  
 --------------------------------------------------
 STRESS (a.u.)
 --------------------------------------------------
 ST_AU  1   5.5317055690E-07  -2.2558348311E-10   1.0161728758E-11
 ST_AU  2  -2.2558348311E-10   5.5346617745E-07  -6.4284787110E-12
 ST_AU  3   1.0161728758E-11  -6.4284787110E-12  -1.2868804173E-05
; Cell optimization at step  7, max(stress):  0.1287E-04, total energy:  -46.832630    ;
  dV of each real space grid is now    4.9377333263709577E-002
 Cell length (Bohr)    5.304E+00   5.304E+00   9.533E+01
 Angle     (Degree)    9.000E+01   9.000E+01   6.000E+01
 Volume    (Bohr^3)    2.323E+03
  dV of each real space grid is now    4.9377333263709577E-002
 Cell length (Bohr)    5.304E+00   5.304E+00   9.533E+01
 Angle     (Degree)    9.000E+01   9.000E+01   6.000E+01
 Volume    (Bohr^3)    2.323E+03

 ------------------------------------------------------------------------------
                           SETUP EWALD 
 (Ewald) eta                             :   0.6814    
 (Ewald) Real Space Cutoff               :    7.577     (Bohr)
 (Ewald) Reciprocal Cutoff               :    7.700     (1/Bohr)

 ------------------------------------------------------------------------------
                           SETUP PLANE WAVE 
 Read in WT kernel.
 kernel file name  : 5PROFESS_KERNEL.dat           
 KEDF type         :     4
 Fermi vector      :   1.182014212099E+00
 Reference density :  -1.000000000000E+00
 Mesh points       :   200002
 Fermi vector in this cell is    1.8880782650335739     
 Fermi vector from kernel file is    1.1820142120987149     
 First qNorm is    0.0000000000000000     
 size of Wang-Teter kernel in this run is            8          14         240
 Max |G| in this calculation is   1.732532222303E+01
 Max eta used from kernel is   9.176167399355E+00

 ------------------------------------------------------------------------------
                           REFRESH ION POSITIONS
  
 Calculating Ion-Ion Energy ...                   complete.     0.007 s
  
 Calculating Ion-Electron Potential (spline) ... 
 complete.     0.006 s
 Rescale the total density from   3.259288 to         66

 ------------------------------------------------------------------------------
                           DENSITY OPTIMIZATION
 Electron number for spin            1  is    66.000000000000355     
 Cell Volume      :           344.190071 Angstrom^3
 Ion number       :                   22
 Electron number  :            66.000000
 Ion density      :             0.063918 Ion/Angstrom^3
 Electron density :             0.191755 Electron/Angstrom^3
  
 Calculating Ion-Ion Forces ...                complete.     0.008 s
  
 Calculating Ion-Electron Forces (spline) ...  complete.     0.005 s
  ------ ION (GRADIENT METHOD) STEP            1  ------
  
 Calculating Ion-Electron Stress (spline) ...  complete.     0.009 s
  
 Calculating Ion-Ion Stress ...                complete.     0.004 s
  
 ------------------------------------------------------------------------------
                         LATTICE VECTORS (Angstrom)
 LAT 1           2.806844        0.000000        0.000000
 LAT 2           1.403422        2.430798        0.000000
 LAT 3           0.000000        0.000000       50.446523
 ------------------------------------------------------------------------------
                                STRESS (GPa)
 ST_GPa 1        0.024045       -0.000007        0.000000
 ST_GPa 2       -0.000007        0.024054       -0.000000
 ST_GPa 3        0.000000       -0.000000       -0.363355
  
 --------------------------------------------------
 STRESS (a.u.)
 --------------------------------------------------
 ST_AU  1   8.1727216783E-07  -2.2528524674E-10   1.0062516737E-11
 ST_AU  2  -2.2528524674E-10   8.1756741102E-07  -6.4618693681E-12
 ST_AU  3   1.0062516737E-11  -6.4618693681E-12  -1.2350201432E-05
; Cell optimization at step  8, max(stress):  0.1235E-04, total energy:  -46.832634    ;
  dV of each real space grid is now    4.9384034985057577E-002
 Cell length (Bohr)    5.304E+00   5.304E+00   9.534E+01
 Angle     (Degree)    9.000E+01   9.000E+01   6.000E+01
 Volume    (Bohr^3)    2.323E+03
  dV of each real space grid is now    4.9384034985057577E-002
 Cell length (Bohr)    5.304E+00   5.304E+00   9.534E+01
 Angle     (Degree)    9.000E+01   9.000E+01   6.000E+01
 Volume    (Bohr^3)    2.323E+03

 ------------------------------------------------------------------------------
                           SETUP EWALD 
 (Ewald) eta                             :   0.6814    
 (Ewald) Real Space Cutoff               :    7.577     (Bohr)
 (Ewald) Reciprocal Cutoff               :    7.700     (1/Bohr)

 ------------------------------------------------------------------------------
                           SETUP PLANE WAVE 
 Read in WT kernel.
 kernel file name  : 5PROFESS_KERNEL.dat           
 KEDF type         :     4
 Fermi vector      :   1.182014212099E+00
 Reference density :  -1.000000000000E+00
 Mesh points       :   200002
 Fermi vector in this cell is    1.8879928531736272     
 Fermi vector from kernel file is    1.1820142120987149     
 First qNorm is    0.0000000000000000     
 size of Wang-Teter kernel in this run is            8          14         240
 Max |G| in this calculation is   1.732483226695E+01
 Max eta used from kernel is   9.176323012995E+00

 ------------------------------------------------------------------------------
                           REFRESH ION POSITIONS
  
 Calculating Ion-Ion Energy ...                   complete.     0.006 s
  
 Calculating Ion-Electron Potential (spline) ... 
 complete.     0.006 s
 Rescale the total density from   3.259789 to         66

 ------------------------------------------------------------------------------
                           DENSITY OPTIMIZATION
 Electron number for spin            1  is    65.999999999999517     
 Cell Volume      :           344.236786 Angstrom^3
 Ion number       :                   22
 Electron number  :            66.000000
 Ion density      :             0.063909 Ion/Angstrom^3
 Electron density :             0.191728 Electron/Angstrom^3
  
 Calculating Ion-Ion Forces ...                complete.     0.008 s
  
 Calculating Ion-Electron Forces (spline) ...  complete.     0.005 s
  ------ ION (GRADIENT METHOD) STEP            1  ------
  
 Calculating Ion-Electron Stress (spline) ...  complete.     0.009 s
  
 Calculating Ion-Ion Stress ...                complete.     0.004 s
  
 ------------------------------------------------------------------------------
                         LATTICE VECTORS (Angstrom)
 LAT 1           2.806844        0.000000        0.000000
 LAT 2           1.403422        2.430798        0.000000
 LAT 3           0.000000        0.000000       50.453370
 ------------------------------------------------------------------------------
                                STRESS (GPa)
 ST_GPa 1        0.032866       -0.000007        0.000000
 ST_GPa 2       -0.000007        0.032875       -0.000000
 ST_GPa 3        0.000000       -0.000000       -0.345640
  
 --------------------------------------------------
 STRESS (a.u.)
 --------------------------------------------------
 ST_AU  1   1.1170935785E-06  -2.2523878920E-10   9.9875661496E-12
 ST_AU  2  -2.2523878920E-10   1.1173886719E-06  -6.5064112719E-12
 ST_AU  3   9.9875661496E-12  -6.5064112719E-12  -1.1748051091E-05
; Cell optimization at step  9, max(stress):  0.1175E-04, total energy:  -46.832638    ;
  dV of each real space grid is now    4.9391684949170754E-002
 Cell length (Bohr)    5.304E+00   5.304E+00   9.536E+01
 Angle     (Degree)    9.000E+01   9.000E+01   6.000E+01
 Volume    (Bohr^3)    2.323E+03
  dV of each real space grid is now    4.9391684949170754E-002
 Cell length (Bohr)    5.304E+00   5.304E+00   9.536E+01
 Angle     (Degree)    9.000E+01   9.000E+01   6.000E+01
 Volume    (Bohr^3)    2.323E+03

 ------------------------------------------------------------------------------
                           SETUP EWALD 
 (Ewald) eta                             :   0.6814    
 (Ewald) Real Space Cutoff               :    7.577     (Bohr)
 (Ewald) Reciprocal Cutoff               :    7.700     (1/Bohr)

 ------------------------------------------------------------------------------
                           SETUP PLANE WAVE 
 Read in WT kernel.
 kernel file name  : 5PROFESS_KERNEL.dat           
 KEDF type         :     4
 Fermi vector      :   1.182014212099E+00
 Reference density :  -1.000000000000E+00
 Mesh points       :   200002
 Fermi vector in this cell is    1.8878953750703309     
 Fermi vector from kernel file is    1.1820142120987149     
 First qNorm is    0.0000000000000000     
 size of Wang-Teter kernel in this run is            8          14         240
 Max |G| in this calculation is   1.732427321261E+01
 Max eta used from kernel is   9.176500690334E+00

 ------------------------------------------------------------------------------
                           REFRESH ION POSITIONS
  
 Calculating Ion-Ion Energy ...                   complete.     0.006 s
  
 Calculating Ion-Electron Potential (spline) ... 
 complete.     0.006 s
 Rescale the total density from   3.260356 to         66

 ------------------------------------------------------------------------------
                           DENSITY OPTIMIZATION
 Electron number for spin            1  is    66.000000000000369     
 Cell Volume      :           344.290111 Angstrom^3
 Ion number       :                   22
 Electron number  :            66.000000
 Ion density      :             0.063900 Ion/Angstrom^3
 Electron density :             0.191699 Electron/Angstrom^3
  
 Calculating Ion-Ion Forces ...                complete.     0.008 s
  
 Calculating Ion-Electron Forces (spline) ...  complete.     0.004 s
  ------ ION (GRADIENT METHOD) STEP            1  ------
  
 Calculating Ion-Electron Stress (spline) ...  complete.     0.009 s
  
 Calculating Ion-Ion Stress ...                complete.     0.004 s
  
 ------------------------------------------------------------------------------
                         LATTICE VECTORS (Angstrom)
 LAT 1           2.806844        0.000000        0.000000
 LAT 2           1.403422        2.430798        0.000000
 LAT 3           0.000000        0.000000       50.461186
 ------------------------------------------------------------------------------
                                STRESS (GPa)
 ST_GPa 1        0.042988       -0.000007        0.000000
 ST_GPa 2       -0.000007        0.042997       -0.000000
 ST_GPa 3        0.000000       -0.000000       -0.325530
  
 --------------------------------------------------
 STRESS (a.u.)
 --------------------------------------------------
 ST_AU  1   1.4611408008E-06  -2.2495977990E-10   9.8609907199E-12
 ST_AU  2  -2.2495977990E-10   1.4614354766E-06  -6.5518416284E-12
 ST_AU  3   9.8609907199E-12  -6.5518416284E-12  -1.1064541321E-05
; Cell optimization at step 10, max(stress):  0.1106E-04, total energy:  -46.832642    ;
  dV of each real space grid is now    4.9400330809838112E-002
 Cell length (Bohr)    5.304E+00   5.304E+00   9.537E+01
 Angle     (Degree)    9.000E+01   9.000E+01   6.000E+01
 Volume    (Bohr^3)    2.324E+03
  dV of each real space grid is now    4.9400330809838112E-002
 Cell length (Bohr)    5.304E+00   5.304E+00   9.537E+01
 Angle     (Degree)    9.000E+01   9.000E+01   6.000E+01
 Volume    (Bohr^3)    2.324E+03

 ------------------------------------------------------------------------------
                           SETUP EWALD 
 (Ewald) eta                             :   0.6814    
 (Ewald) Real Space Cutoff               :    7.577     (Bohr)
 (Ewald) Reciprocal Cutoff               :    7.700     (1/Bohr)

 ------------------------------------------------------------------------------
                           SETUP PLANE WAVE 
 Read in WT kernel.
 kernel file name  : 5PROFESS_KERNEL.dat           
 KEDF type         :     4
 Fermi vector      :   1.182014212099E+00
 Reference density :  -1.000000000000E+00
 Mesh points       :   200002
 Fermi vector in this cell is    1.8877852311878540     
 Fermi vector from kernel file is    1.1820142120987149     
 First qNorm is    0.0000000000000000     
 size of Wang-Teter kernel in this run is            8          14         240
 Max |G| in this calculation is   1.732364166972E+01
 Max eta used from kernel is   9.176701556681E+00

 ------------------------------------------------------------------------------
                           REFRESH ION POSITIONS
  
 Calculating Ion-Ion Energy ...                   complete.     0.007 s
  
 Calculating Ion-Electron Potential (spline) ... 
 complete.     0.006 s
 Rescale the total density from   3.260993 to         66

 ------------------------------------------------------------------------------
                           DENSITY OPTIMIZATION
 Electron number for spin            1  is    65.999999999999815     
 Cell Volume      :           344.350378 Angstrom^3
 Ion number       :                   22
 Electron number  :            66.000000
 Ion density      :             0.063888 Ion/Angstrom^3
 Electron density :             0.191665 Electron/Angstrom^3
  
 Calculating Ion-Ion Forces ...                complete.     0.008 s
  
 Calculating Ion-Electron Forces (spline) ...  complete.     0.004 s
  ------ ION (GRADIENT METHOD) STEP            1  ------
  
 Calculating Ion-Electron Stress (spline) ...  complete.     0.009 s
  
 Calculating Ion-Ion Stress ...                complete.     0.004 s
  
 ------------------------------------------------------------------------------
                         LATTICE VECTORS (Angstrom)
 LAT 1           2.806844        0.000000        0.000000
 LAT 2           1.403422        2.430798        0.000000
 LAT 3           0.000000        0.000000       50.470019
 ------------------------------------------------------------------------------
                                STRESS (GPa)
 ST_GPa 1        0.054436       -0.000007        0.000000
 ST_GPa 2       -0.000007        0.054445       -0.000000
 ST_GPa 3        0.000000       -0.000000       -0.302872
  
 --------------------------------------------------
 STRESS (a.u.)
 --------------------------------------------------
 ST_AU  1   1.8502370334E-06  -2.2490579915E-10   9.7703452582E-12
 ST_AU  2  -2.2490579915E-10   1.8505317935E-06  -6.6062626459E-12
 ST_AU  3   9.7703452582E-12  -6.6062626459E-12  -1.0294404471E-05
; Cell optimization at step 11, max(stress):  0.1029E-04, total energy:  -46.832647    ;
  dV of each real space grid is now    4.9409983698371650E-002
 Cell length (Bohr)    5.304E+00   5.304E+00   9.539E+01
 Angle     (Degree)    9.000E+01   9.000E+01   6.000E+01
 Volume    (Bohr^3)    2.324E+03
  dV of each real space grid is now    4.9409983698371650E-002
 Cell length (Bohr)    5.304E+00   5.304E+00   9.539E+01
 Angle     (Degree)    9.000E+01   9.000E+01   6.000E+01
 Volume    (Bohr^3)    2.324E+03

 ------------------------------------------------------------------------------
                           SETUP EWALD 
 (Ewald) eta                             :   0.6814    
 (Ewald) Real Space Cutoff               :    7.577     (Bohr)
 (Ewald) Reciprocal Cutoff               :    7.700     (1/Bohr)

 ------------------------------------------------------------------------------
                           SETUP PLANE WAVE 
 Read in WT kernel.
 kernel file name  : 5PROFESS_KERNEL.dat           
 KEDF type         :     4
 Fermi vector      :   1.182014212099E+00
 Reference density :  -1.000000000000E+00
 Mesh points       :   200002
 Fermi vector in this cell is    1.8876622886443297     
 Fermi vector from kernel file is    1.1820142120987149     
 First qNorm is    0.0000000000000000     
 size of Wang-Teter kernel in this run is            8          14         240
 Max |G| in this calculation is   1.732293693226E+01
 Max eta used from kernel is   9.176925892133E+00

 ------------------------------------------------------------------------------
                           REFRESH ION POSITIONS
  
 Calculating Ion-Ion Energy ...                   complete.     0.007 s
  
 Calculating Ion-Electron Potential (spline) ... 
 complete.     0.007 s
 Rescale the total density from   3.261696 to         66

 ------------------------------------------------------------------------------
                           DENSITY OPTIMIZATION
 Electron number for spin            1  is    66.000000000000767     
 Cell Volume      :           344.417664 Angstrom^3
 Ion number       :                   22
 Electron number  :            66.000000
 Ion density      :             0.063876 Ion/Angstrom^3
 Electron density :             0.191628 Electron/Angstrom^3
  
 Calculating Ion-Ion Forces ...                complete.     0.008 s
  
 Calculating Ion-Electron Forces (spline) ...  complete.     0.004 s
  ------ ION (GRADIENT METHOD) STEP            1  ------
  
 Calculating Ion-Electron Stress (spline) ...  complete.     0.009 s
  
 Calculating Ion-Ion Stress ...                complete.     0.004 s
  
 ------------------------------------------------------------------------------
                         LATTICE VECTORS (Angstrom)
 LAT 1           2.806844        0.000000        0.000000
 LAT 2           1.403422        2.430798        0.000000
 LAT 3           0.000000        0.000000       50.479881
 ------------------------------------------------------------------------------
                                STRESS (GPa)
 ST_GPa 1        0.067154       -0.000007        0.000000
 ST_GPa 2       -0.000007        0.067163       -0.000000
 ST_GPa 3        0.000000       -0.000000       -0.277526
  
 --------------------------------------------------
 STRESS (a.u.)
 --------------------------------------------------
 ST_AU  1   2.2825207891E-06  -2.2474615114E-10   9.7051923541E-12
 ST_AU  2  -2.2474615114E-10   2.2828151276E-06  -6.6633982502E-12
 ST_AU  3   9.7051923541E-12  -6.6633982502E-12  -9.4329213848E-06
; Cell optimization at step 12, max(stress):  0.9433E-05, total energy:  -46.832652    ;
  dV of each real space grid is now    4.9420597806911902E-002
 Cell length (Bohr)    5.304E+00   5.304E+00   9.541E+01
 Angle     (Degree)    9.000E+01   9.000E+01   6.000E+01
 Volume    (Bohr^3)    2.325E+03
  dV of each real space grid is now    4.9420597806911902E-002
 Cell length (Bohr)    5.304E+00   5.304E+00   9.541E+01
 Angle     (Degree)    9.000E+01   9.000E+01   6.000E+01
 Volume    (Bohr^3)    2.325E+03

 ------------------------------------------------------------------------------
                           SETUP EWALD 
 (Ewald) eta                             :   0.6814    
 (Ewald) Real Space Cutoff               :    7.577     (Bohr)
 (Ewald) Reciprocal Cutoff               :    7.700     (1/Bohr)

 ------------------------------------------------------------------------------
                           SETUP PLANE WAVE 
 Read in WT kernel.
 kernel file name  : 5PROFESS_KERNEL.dat           
 KEDF type         :     4
 Fermi vector      :   1.182014212099E+00
 Reference density :  -1.000000000000E+00
 Mesh points       :   200002
 Fermi vector in this cell is    1.8875271406301255     
 Fermi vector from kernel file is    1.1820142120987149     
 First qNorm is    0.0000000000000000     
 size of Wang-Teter kernel in this run is            8          14         240
 Max |G| in this calculation is   1.732216246168E+01
 Max eta used from kernel is   9.177172655593E+00

 ------------------------------------------------------------------------------
                           REFRESH ION POSITIONS
  
 Calculating Ion-Ion Energy ...                   complete.     0.007 s
  
 Calculating Ion-Electron Potential (spline) ... 
 complete.     0.007 s
 Rescale the total density from   3.262460 to         66

 ------------------------------------------------------------------------------
                           DENSITY OPTIMIZATION
 Electron number for spin            1  is    65.999999999999091     
 Cell Volume      :           344.491651 Angstrom^3
 Ion number       :                   22
 Electron number  :            66.000000
 Ion density      :             0.063862 Ion/Angstrom^3
 Electron density :             0.191587 Electron/Angstrom^3
  
 Calculating Ion-Ion Forces ...                complete.     0.008 s
  
 Calculating Ion-Electron Forces (spline) ...  complete.     0.004 s
  ------ ION (GRADIENT METHOD) STEP            1  ------
  
 Calculating Ion-Electron Stress (spline) ...  complete.     0.009 s
  
 Calculating Ion-Ion Stress ...                complete.     0.004 s
  
 ------------------------------------------------------------------------------
                         LATTICE VECTORS (Angstrom)
 LAT 1           2.806844        0.000000        0.000000
 LAT 2           1.403422        2.430798        0.000000
 LAT 3           0.000000        0.000000       50.490725
 ------------------------------------------------------------------------------
                                STRESS (GPa)
 ST_GPa 1        0.081140       -0.000007        0.000000
 ST_GPa 2       -0.000007        0.081149       -0.000000
 ST_GPa 3        0.000000       -0.000000       -0.249722
  
 --------------------------------------------------
 STRESS (a.u.)
 --------------------------------------------------
 ST_AU  1   2.7579035332E-06  -2.2470614852E-10   9.6165035964E-12
 ST_AU  2  -2.2470614852E-10   2.7581977751E-06  -6.7057724790E-12
 ST_AU  3   9.6165035964E-12  -6.7057724790E-12  -8.4878637656E-06
; Cell optimization at step 13, max(stress):  0.8488E-05, total energy:  -46.832657    ;
  dV of each real space grid is now    4.9432058660271019E-002
 Cell length (Bohr)    5.304E+00   5.304E+00   9.544E+01
 Angle     (Degree)    9.000E+01   9.000E+01   6.000E+01
 Volume    (Bohr^3)    2.325E+03
  dV of each real space grid is now    4.9432058660271019E-002
 Cell length (Bohr)    5.304E+00   5.304E+00   9.544E+01
 Angle     (Degree)    9.000E+01   9.000E+01   6.000E+01
 Volume    (Bohr^3)    2.325E+03

 ------------------------------------------------------------------------------
                           SETUP EWALD 
 (Ewald) eta                             :   0.6814    
 (Ewald) Real Space Cutoff               :    7.577     (Bohr)
 (Ewald) Reciprocal Cutoff               :    7.700     (1/Bohr)

 ------------------------------------------------------------------------------
                           SETUP PLANE WAVE 
 Read in WT kernel.
 kernel file name  : 5PROFESS_KERNEL.dat           
 KEDF type         :     4
 Fermi vector      :   1.182014212099E+00
 Reference density :  -1.000000000000E+00
 Mesh points       :   200002
 Fermi vector in this cell is    1.8873812545768145     
 Fermi vector from kernel file is    1.1820142120987149     
 First qNorm is    0.0000000000000000     
 size of Wang-Teter kernel in this run is            8          14         240
 Max |G| in this calculation is   1.732132672866E+01
 Max eta used from kernel is   9.177439209304E+00

 ------------------------------------------------------------------------------
                           REFRESH ION POSITIONS
  
 Calculating Ion-Ion Energy ...                   complete.     0.007 s
  
 Calculating Ion-Electron Potential (spline) ... 
 complete.     0.007 s
 Rescale the total density from   3.263272 to         66

 ------------------------------------------------------------------------------
                           DENSITY OPTIMIZATION
 Electron number for spin            1  is    65.999999999999446     
 Cell Volume      :           344.571540 Angstrom^3
 Ion number       :                   22
 Electron number  :            66.000000
 Ion density      :             0.063847 Ion/Angstrom^3
 Electron density :             0.191542 Electron/Angstrom^3
  
 Calculating Ion-Ion Forces ...                complete.     0.008 s
  
 Calculating Ion-Electron Forces (spline) ...  complete.     0.005 s
  ------ ION (GRADIENT METHOD) STEP            1  ------
  
 Calculating Ion-Electron Stress (spline) ...  complete.     0.009 s
  
 Calculating Ion-Ion Stress ...                complete.     0.004 s
  
 ------------------------------------------------------------------------------
                         LATTICE VECTORS (Angstrom)
 LAT 1           2.806844        0.000000        0.000000
 LAT 2           1.403422        2.430798        0.000000
 LAT 3           0.000000        0.000000       50.502434
 ------------------------------------------------------------------------------
                                STRESS (GPa)
 ST_GPa 1        0.096209       -0.000007        0.000000
 ST_GPa 2       -0.000007        0.096218       -0.000000
 ST_GPa 3        0.000000       -0.000000       -0.219727
  
 --------------------------------------------------
 STRESS (a.u.)
 --------------------------------------------------
 ST_AU  1   3.2700742298E-06  -2.2450876426E-10   9.4964020145E-12
 ST_AU  2  -2.2450876426E-10   3.2703681273E-06  -6.7332783228E-12
 ST_AU  3   9.4964020145E-12  -6.7332783228E-12  -7.4683862570E-06
; Cell optimization at step 14, max(stress):  0.7468E-05, total energy:  -46.832661    ;
  dV of each real space grid is now    4.9444159808274997E-002
 Cell length (Bohr)    5.304E+00   5.304E+00   9.546E+01
 Angle     (Degree)    9.000E+01   9.000E+01   6.000E+01
 Volume    (Bohr^3)    2.326E+03
  dV of each real space grid is now    4.9444159808274997E-002
 Cell length (Bohr)    5.304E+00   5.304E+00   9.546E+01
 Angle     (Degree)    9.000E+01   9.000E+01   6.000E+01
 Volume    (Bohr^3)    2.326E+03

 ------------------------------------------------------------------------------
                           SETUP EWALD 
 (Ewald) eta                             :   0.6814    
 (Ewald) Real Space Cutoff               :    7.577     (Bohr)
 (Ewald) Reciprocal Cutoff               :    7.700     (1/Bohr)

 ------------------------------------------------------------------------------
                           SETUP PLANE WAVE 
 Read in WT kernel.
 kernel file name  : 5PROFESS_KERNEL.dat           
 KEDF type         :     4
 Fermi vector      :   1.182014212099E+00
 Reference density :  -1.000000000000E+00
 Mesh points       :   200002
 Fermi vector in this cell is    1.8872272671054484     
 Fermi vector from kernel file is    1.1820142120987149     
 First qNorm is    0.0000000000000000     
 size of Wang-Teter kernel in this run is            8          14         240
 Max |G| in this calculation is   1.732044489189E+01
 Max eta used from kernel is   9.177720772580E+00

 ------------------------------------------------------------------------------
                           REFRESH ION POSITIONS
  
 Calculating Ion-Ion Energy ...                   complete.     0.007 s
  
 Calculating Ion-Electron Potential (spline) ... 
 complete.     0.006 s
 Rescale the total density from   3.264113 to         66

 ------------------------------------------------------------------------------
                           DENSITY OPTIMIZATION
 Electron number for spin            1  is    66.000000000000298     
 Cell Volume      :           344.655892 Angstrom^3
 Ion number       :                   22
 Electron number  :            66.000000
 Ion density      :             0.063832 Ion/Angstrom^3
 Electron density :             0.191495 Electron/Angstrom^3
  
 Calculating Ion-Ion Forces ...                complete.     0.008 s
  
 Calculating Ion-Electron Forces (spline) ...  complete.     0.004 s
  ------ ION (GRADIENT METHOD) STEP            1  ------
  
 Calculating Ion-Electron Stress (spline) ...  complete.     0.009 s
  
 Calculating Ion-Ion Stress ...                complete.     0.004 s
  
 ------------------------------------------------------------------------------
                         LATTICE VECTORS (Angstrom)
 LAT 1           2.806844        0.000000        0.000000
 LAT 2           1.403422        2.430798        0.000000
 LAT 3           0.000000        0.000000       50.514797
 ------------------------------------------------------------------------------
                                STRESS (GPa)
 ST_GPa 1        0.112056       -0.000007        0.000000
 ST_GPa 2       -0.000007        0.112064       -0.000000
 ST_GPa 3        0.000000       -0.000000       -0.188043
  
 --------------------------------------------------
 STRESS (a.u.)
 --------------------------------------------------
 ST_AU  1   3.8086986645E-06  -2.2470190467E-10   9.4072728876E-12
 ST_AU  2  -2.2470190467E-10   3.8089928084E-06  -6.7979241381E-12
 ST_AU  3   9.4072728876E-12  -6.7979241381E-12  -6.3914618108E-06
; Cell optimization at step 15, max(stress):  0.6391E-05, total energy:  -46.832666    ;
  dV of each real space grid is now    4.9456587235996073E-002
 Cell length (Bohr)    5.304E+00   5.304E+00   9.548E+01
 Angle     (Degree)    9.000E+01   9.000E+01   6.000E+01
 Volume    (Bohr^3)    2.326E+03
  dV of each real space grid is now    4.9456587235996073E-002
 Cell length (Bohr)    5.304E+00   5.304E+00   9.548E+01
 Angle     (Degree)    9.000E+01   9.000E+01   6.000E+01
 Volume    (Bohr^3)    2.326E+03

 ------------------------------------------------------------------------------
                           SETUP EWALD 
 (Ewald) eta                             :   0.6814    
 (Ewald) Real Space Cutoff               :    7.577     (Bohr)
 (Ewald) Reciprocal Cutoff               :    7.700     (1/Bohr)

 ------------------------------------------------------------------------------
                           SETUP PLANE WAVE 
 Read in WT kernel.
 kernel file name  : 5PROFESS_KERNEL.dat           
 KEDF type         :     4
 Fermi vector      :   1.182014212099E+00
 Reference density :  -1.000000000000E+00
 Mesh points       :   200002
 Fermi vector in this cell is    1.8870691800066293     
 Fermi vector from kernel file is    1.1820142120987149     
 First qNorm is    0.0000000000000000     
 size of Wang-Teter kernel in this run is            8          14         240
 Max |G| in this calculation is   1.731953990538E+01
 Max eta used from kernel is   9.178010053305E+00

 ------------------------------------------------------------------------------
                           REFRESH ION POSITIONS
  
 Calculating Ion-Ion Energy ...                   complete.     0.007 s
  
 Calculating Ion-Electron Potential (spline) ... 
 complete.     0.007 s
 Rescale the total density from   3.264955 to         66

 ------------------------------------------------------------------------------
                           DENSITY OPTIMIZATION
 Electron number for spin            1  is    65.999999999999119     
 Cell Volume      :           344.742519 Angstrom^3
 Ion number       :                   22
 Electron number  :            66.000000
 Ion density      :             0.063816 Ion/Angstrom^3
 Electron density :             0.191447 Electron/Angstrom^3
  
 Calculating Ion-Ion Forces ...                complete.     0.005 s
  
 Calculating Ion-Electron Forces (spline) ...  complete.     0.003 s
  ------ ION (GRADIENT METHOD) STEP            1  ------
  
 Calculating Ion-Electron Stress (spline) ...  complete.     0.006 s
  
 Calculating Ion-Ion Stress ...                complete.     0.002 s
  
 ------------------------------------------------------------------------------
                         LATTICE VECTORS (Angstrom)
 LAT 1           2.806844        0.000000        0.000000
 LAT 2           1.403422        2.430798        0.000000
 LAT 3           0.000000        0.000000       50.527493
 ------------------------------------------------------------------------------
                                STRESS (GPa)
 ST_GPa 1        0.128504       -0.000007        0.000000
 ST_GPa 2       -0.000007        0.128513       -0.000000
 ST_GPa 3        0.000000       -0.000000       -0.155848
  
 --------------------------------------------------
 STRESS (a.u.)
 --------------------------------------------------
 ST_AU  1   4.3677594227E-06  -2.2452906017E-10   9.3627401336E-12
 ST_AU  2  -2.2452906017E-10   4.3680533555E-06  -6.8170485845E-12
 ST_AU  3   9.3627401336E-12  -6.8170485845E-12  -5.2971596717E-06
; Cell optimization at step 16, max(stress):  0.5297E-05, total energy:  -46.832670    ;
  dV of each real space grid is now    4.9468946862803544E-002
 Cell length (Bohr)    5.304E+00   5.304E+00   9.551E+01
 Angle     (Degree)    9.000E+01   9.000E+01   6.000E+01
 Volume    (Bohr^3)    2.327E+03
  dV of each real space grid is now    4.9468946862803544E-002
 Cell length (Bohr)    5.304E+00   5.304E+00   9.551E+01
 Angle     (Degree)    9.000E+01   9.000E+01   6.000E+01
 Volume    (Bohr^3)    2.327E+03

 ------------------------------------------------------------------------------
                           SETUP EWALD 
 (Ewald) eta                             :   0.6814    
 (Ewald) Real Space Cutoff               :    7.577     (Bohr)
 (Ewald) Reciprocal Cutoff               :    7.700     (1/Bohr)

 ------------------------------------------------------------------------------
                           SETUP PLANE WAVE 
 Read in WT kernel.
 kernel file name  : 5PROFESS_KERNEL.dat           
 KEDF type         :     4
 Fermi vector      :   1.182014212099E+00
 Reference density :  -1.000000000000E+00
 Mesh points       :   200002
 Fermi vector in this cell is    1.8869120079151775     
 Fermi vector from kernel file is    1.1820142120987149     
 First qNorm is    0.0000000000000000     
 size of Wang-Teter kernel in this run is            8          14         240
 Max |G| in this calculation is   1.731864048579E+01
 Max eta used from kernel is   9.178297882009E+00

 ------------------------------------------------------------------------------
                           REFRESH ION POSITIONS
  
 Calculating Ion-Ion Energy ...                   complete.     0.004 s
  
 Calculating Ion-Electron Potential (spline) ... 
 complete.     0.004 s
 Rescale the total density from   3.265766 to         66

 ------------------------------------------------------------------------------
                           DENSITY OPTIMIZATION
 Electron number for spin            1  is    66.000000000000568     
 Cell Volume      :           344.828673 Angstrom^3
 Ion number       :                   22
 Electron number  :            66.000000
 Ion density      :             0.063800 Ion/Angstrom^3
 Electron density :             0.191399 Electron/Angstrom^3
  
 Calculating Ion-Ion Forces ...                complete.     0.005 s
  
 Calculating Ion-Electron Forces (spline) ...  complete.     0.003 s
  ------ ION (GRADIENT METHOD) STEP            1  ------
  
 Calculating Ion-Electron Stress (spline) ...  complete.     0.006 s
  
 Calculating Ion-Ion Stress ...                complete.     0.003 s
  
 ------------------------------------------------------------------------------
                         LATTICE VECTORS (Angstrom)
 LAT 1           2.806844        0.000000        0.000000
 LAT 2           1.403422        2.430798        0.000000
 LAT 3           0.000000        0.000000       50.540121
 ------------------------------------------------------------------------------
                                STRESS (GPa)
 ST_GPa 1        0.144617       -0.000007        0.000000
 ST_GPa 2       -0.000007        0.144625       -0.000000
 ST_GPa 3        0.000000       -0.000000       -0.123627
  
 --------------------------------------------------
 STRESS (a.u.)
 --------------------------------------------------
 ST_AU  1   4.9154179432E-06  -2.2455216134E-10   9.2661019776E-12
 ST_AU  2  -2.2455216134E-10   4.9157118791E-06  -6.8482549930E-12
 ST_AU  3   9.2661019776E-12  -6.8482549930E-12  -4.2020075458E-06
; Cell optimization at step 17, max(stress):  0.4916E-05, total energy:  -46.832673    ;
  dV of each real space grid is now    4.9480712091339731E-002
 Cell length (Bohr)    5.304E+00   5.304E+00   9.553E+01
 Angle     (Degree)    9.000E+01   9.000E+01   6.000E+01
 Volume    (Bohr^3)    2.328E+03
  dV of each real space grid is now    4.9480712091339731E-002
 Cell length (Bohr)    5.304E+00   5.304E+00   9.553E+01
 Angle     (Degree)    9.000E+01   9.000E+01   6.000E+01
 Volume    (Bohr^3)    2.328E+03

 ------------------------------------------------------------------------------
                           SETUP EWALD 
 (Ewald) eta                             :   0.6814    
 (Ewald) Real Space Cutoff               :    7.577     (Bohr)
 (Ewald) Reciprocal Cutoff               :    7.700     (1/Bohr)

 ------------------------------------------------------------------------------
                           SETUP PLANE WAVE 
 Read in WT kernel.
 kernel file name  : 5PROFESS_KERNEL.dat           
 KEDF type         :     4
 Fermi vector      :   1.182014212099E+00
 Reference density :  -1.000000000000E+00
 Mesh points       :   200002
 Fermi vector in this cell is    1.8867624431668217     
 Fermi vector from kernel file is    1.1820142120987149     
 First qNorm is    0.0000000000000000     
 size of Wang-Teter kernel in this run is            8          14         240
 Max |G| in this calculation is   1.731778490373E+01
 Max eta used from kernel is   9.178571985282E+00

 ------------------------------------------------------------------------------
                           REFRESH ION POSITIONS
  
 Calculating Ion-Ion Energy ...                   complete.     0.004 s
  
 Calculating Ion-Electron Potential (spline) ... 
 complete.     0.004 s
 Rescale the total density from   3.266504 to         66

 ------------------------------------------------------------------------------
                           DENSITY OPTIMIZATION
 Electron number for spin            1  is    66.000000000000966     
 Cell Volume      :           344.910684 Angstrom^3
 Ion number       :                   22
 Electron number  :            66.000000
 Ion density      :             0.063785 Ion/Angstrom^3
 Electron density :             0.191354 Electron/Angstrom^3
  
 Calculating Ion-Ion Forces ...                complete.     0.005 s
  
 Calculating Ion-Electron Forces (spline) ...  complete.     0.003 s
  ------ ION (GRADIENT METHOD) STEP            1  ------
  
 Calculating Ion-Electron Stress (spline) ...  complete.     0.006 s
  
 Calculating Ion-Ion Stress ...                complete.     0.002 s
  
 ------------------------------------------------------------------------------
                         LATTICE VECTORS (Angstrom)
 LAT 1           2.806844        0.000000        0.000000
 LAT 2           1.403422        2.430798        0.000000
 LAT 3           0.000000        0.000000       50.552141
 ------------------------------------------------------------------------------
                                STRESS (GPa)
 ST_GPa 1        0.160238       -0.000007        0.000000
 ST_GPa 2       -0.000007        0.160246       -0.000000
 ST_GPa 3        0.000000       -0.000000       -0.093213
  
 --------------------------------------------------
 STRESS (a.u.)
 --------------------------------------------------
 ST_AU  1   5.4463702759E-06  -2.2396134655E-10   9.1473102020E-12
 ST_AU  2  -2.2396134655E-10   5.4466628289E-06  -6.8809472226E-12
 ST_AU  3   9.1473102020E-12  -6.8809472226E-12  -3.1682298407E-06
; Cell optimization at step 18, max(stress):  0.5447E-05, total energy:  -46.832676    ;
  dV of each real space grid is now    4.9491356988396601E-002
 Cell length (Bohr)    5.304E+00   5.304E+00   9.555E+01
 Angle     (Degree)    9.000E+01   9.000E+01   6.000E+01
 Volume    (Bohr^3)    2.328E+03
  dV of each real space grid is now    4.9491356988396601E-002
 Cell length (Bohr)    5.304E+00   5.304E+00   9.555E+01
 Angle     (Degree)    9.000E+01   9.000E+01   6.000E+01
 Volume    (Bohr^3)    2.328E+03

 ------------------------------------------------------------------------------
                           SETUP EWALD 
 (Ewald) eta                             :   0.6814    
 (Ewald) Real Space Cutoff               :    7.577     (Bohr)
 (Ewald) Reciprocal Cutoff               :    7.700     (1/Bohr)

 ------------------------------------------------------------------------------
                           SETUP PLANE WAVE 
 Read in WT kernel.
 kernel file name  : 5PROFESS_KERNEL.dat           
 KEDF type         :     4
 Fermi vector      :   1.182014212099E+00
 Reference density :  -1.000000000000E+00
 Mesh points       :   200002
 Fermi vector in this cell is    1.8866271614171073     
 Fermi vector from kernel file is    1.1820142120987149     
 First qNorm is    0.0000000000000000     
 size of Wang-Teter kernel in this run is            8          14         240
 Max |G| in this calculation is   1.731701128292E+01
 Max eta used from kernel is   9.178820085423E+00

 ------------------------------------------------------------------------------
                           REFRESH ION POSITIONS
  
 Calculating Ion-Ion Energy ...                   complete.     0.004 s
  
 Calculating Ion-Electron Potential (spline) ... 
 complete.     0.004 s
 Rescale the total density from   3.267132 to         66

 ------------------------------------------------------------------------------
                           DENSITY OPTIMIZATION
 Electron number for spin            1  is    66.000000000001236     
 Cell Volume      :           344.984885 Angstrom^3
 Ion number       :                   22
 Electron number  :            66.000000
 Ion density      :             0.063771 Ion/Angstrom^3
 Electron density :             0.191313 Electron/Angstrom^3
  
 Calculating Ion-Ion Forces ...                complete.     0.005 s
  
 Calculating Ion-Electron Forces (spline) ...  complete.     0.003 s
  ------ ION (GRADIENT METHOD) STEP            1  ------
  
 Calculating Ion-Electron Stress (spline) ...  complete.     0.006 s
  
 Calculating Ion-Ion Stress ...                complete.     0.002 s
  
 ------------------------------------------------------------------------------
                         LATTICE VECTORS (Angstrom)
 LAT 1           2.806844        0.000000        0.000000
 LAT 2           1.403422        2.430798        0.000000
 LAT 3           0.000000        0.000000       50.563016
 ------------------------------------------------------------------------------
                                STRESS (GPa)
 ST_GPa 1        0.173957       -0.000007        0.000000
 ST_GPa 2       -0.000007        0.173965       -0.000000
 ST_GPa 3        0.000000       -0.000000       -0.065695
  
 --------------------------------------------------
 STRESS (a.u.)
 --------------------------------------------------
 ST_AU  1   5.9126681370E-06  -2.2437930970E-10   9.1560833216E-12
 ST_AU  2  -2.2437930970E-10   5.9129615482E-06  -6.8955878055E-12
 ST_AU  3   9.1560833216E-12  -6.8955878055E-12  -2.2329374506E-06
; Cell optimization at step 19, max(stress):  0.5913E-05, total energy:  -46.832677    ;
  dV of each real space grid is now    4.9500359891780844E-002
 Cell length (Bohr)    5.304E+00   5.304E+00   9.557E+01
 Angle     (Degree)    9.000E+01   9.000E+01   6.000E+01
 Volume    (Bohr^3)    2.328E+03
  dV of each real space grid is now    4.9500359891780844E-002
 Cell length (Bohr)    5.304E+00   5.304E+00   9.557E+01
 Angle     (Degree)    9.000E+01   9.000E+01   6.000E+01
 Volume    (Bohr^3)    2.328E+03

 ------------------------------------------------------------------------------
                           SETUP EWALD 
 (Ewald) eta                             :   0.6814    
 (Ewald) Real Space Cutoff               :    7.577     (Bohr)
 (Ewald) Reciprocal Cutoff               :    7.700     (1/Bohr)

 ------------------------------------------------------------------------------
                           SETUP PLANE WAVE 
 Read in WT kernel.
 kernel file name  : 5PROFESS_KERNEL.dat           
 KEDF type         :     4
 Fermi vector      :   1.182014212099E+00
 Reference density :  -1.000000000000E+00
 Mesh points       :   200002
 Fermi vector in this cell is    1.8865127773875536     
 Fermi vector from kernel file is    1.1820142120987149     
 First qNorm is    0.0000000000000000     
 size of Wang-Teter kernel in this run is            8          14         240
 Max |G| in this calculation is   1.731635735701E+01
 Max eta used from kernel is   9.179029988330E+00

 ------------------------------------------------------------------------------
                           REFRESH ION POSITIONS
  
 Calculating Ion-Ion Energy ...                   complete.     0.004 s
  
 Calculating Ion-Electron Potential (spline) ... 
 complete.     0.004 s
 Rescale the total density from   3.267618 to         66

 ------------------------------------------------------------------------------
                           DENSITY OPTIMIZATION
 Electron number for spin            1  is    66.000000000000014     
 Cell Volume      :           345.047641 Angstrom^3
 Ion number       :                   22
 Electron number  :            66.000000
 Ion density      :             0.063759 Ion/Angstrom^3
 Electron density :             0.191278 Electron/Angstrom^3
  
 Calculating Ion-Ion Forces ...                complete.     0.006 s
  
 Calculating Ion-Electron Forces (spline) ...  complete.     0.003 s
  ------ ION (GRADIENT METHOD) STEP            1  ------
  
 Calculating Ion-Electron Stress (spline) ...  complete.     0.006 s
  
 Calculating Ion-Ion Stress ...                complete.     0.002 s
  
 ------------------------------------------------------------------------------
                         LATTICE VECTORS (Angstrom)
 LAT 1           2.806844        0.000000        0.000000
 LAT 2           1.403422        2.430798        0.000000
 LAT 3           0.000000        0.000000       50.572214
 ------------------------------------------------------------------------------
                                STRESS (GPa)
 ST_GPa 1        0.185659       -0.000007        0.000000
 ST_GPa 2       -0.000007        0.185667       -0.000000
 ST_GPa 3        0.000000       -0.000000       -0.042417
  
 --------------------------------------------------
 STRESS (a.u.)
 --------------------------------------------------
 ST_AU  1   6.3104111070E-06  -2.2452878557E-10   9.1441199965E-12
 ST_AU  2  -2.2452878557E-10   6.3107046442E-06  -6.9255833299E-12
 ST_AU  3   9.1441199965E-12  -6.9255833299E-12  -1.4417284770E-06
; Cell optimization at step 20, max(stress):  0.6311E-05, total energy:  -46.832678    ;
  dV of each real space grid is now    4.9507335318081817E-002
 Cell length (Bohr)    5.304E+00   5.304E+00   9.558E+01
 Angle     (Degree)    9.000E+01   9.000E+01   6.000E+01
 Volume    (Bohr^3)    2.329E+03
  dV of each real space grid is now    4.9507335318081817E-002
 Cell length (Bohr)    5.304E+00   5.304E+00   9.558E+01
 Angle     (Degree)    9.000E+01   9.000E+01   6.000E+01
 Volume    (Bohr^3)    2.329E+03

 ------------------------------------------------------------------------------
                           SETUP EWALD 
 (Ewald) eta                             :   0.6814    
 (Ewald) Real Space Cutoff               :    7.577     (Bohr)
 (Ewald) Reciprocal Cutoff               :    7.700     (1/Bohr)

 ------------------------------------------------------------------------------
                           SETUP PLANE WAVE 
 Read in WT kernel.
 kernel file name  : 5PROFESS_KERNEL.dat           
 KEDF type         :     4
 Fermi vector      :   1.182014212099E+00
 Reference density :  -1.000000000000E+00
 Mesh points       :   200002
 Fermi vector in this cell is    1.8864241720065555     
 Fermi vector from kernel file is    1.1820142120987149     
 First qNorm is    0.0000000000000000     
 size of Wang-Teter kernel in this run is            8          14         240
 Max |G| in this calculation is   1.731585092520E+01
 Max eta used from kernel is   9.179192666291E+00

 ------------------------------------------------------------------------------
                           REFRESH ION POSITIONS
  
 Calculating Ion-Ion Energy ...                   complete.     0.004 s
  
 Calculating Ion-Electron Potential (spline) ... 
 complete.     0.004 s
 Rescale the total density from   3.267945 to         66

 ------------------------------------------------------------------------------
                           DENSITY OPTIMIZATION
 Electron number for spin            1  is    65.999999999999488     
 Cell Volume      :           345.096264 Angstrom^3
 Ion number       :                   22
 Electron number  :            66.000000
 Ion density      :             0.063750 Ion/Angstrom^3
 Electron density :             0.191251 Electron/Angstrom^3
  
 Calculating Ion-Ion Forces ...                complete.     0.005 s
  
 Calculating Ion-Electron Forces (spline) ...  complete.     0.003 s
  ------ ION (GRADIENT METHOD) STEP            1  ------
  
 Calculating Ion-Electron Stress (spline) ...  complete.     0.006 s
  
 Calculating Ion-Ion Stress ...                complete.     0.002 s
  
 ------------------------------------------------------------------------------
                         LATTICE VECTORS (Angstrom)
 LAT 1           2.806844        0.000000        0.000000
 LAT 2           1.403422        2.430798        0.000000
 LAT 3           0.000000        0.000000       50.579340
 ------------------------------------------------------------------------------
                                STRESS (GPa)
 ST_GPa 1        0.194690       -0.000007        0.000000
 ST_GPa 2       -0.000007        0.194698       -0.000000
 ST_GPa 3        0.000000       -0.000000       -0.024360
  
 --------------------------------------------------
 STRESS (a.u.)
 --------------------------------------------------
 ST_AU  1   6.6173748735E-06  -2.2436935277E-10   9.0567842428E-12
 ST_AU  2  -2.2436935277E-10   6.6176681647E-06  -6.9440375432E-12
 ST_AU  3   9.0567842428E-12  -6.9440375432E-12  -8.2796621409E-07
; Cell optimization at step 21, max(stress):  0.6618E-05, total energy:  -46.832679    ;
  dV of each real space grid is now    4.9512142395751510E-002
 Cell length (Bohr)    5.304E+00   5.304E+00   9.559E+01
 Angle     (Degree)    9.000E+01   9.000E+01   6.000E+01
 Volume    (Bohr^3)    2.329E+03
  dV of each real space grid is now    4.9512142395751510E-002
 Cell length (Bohr)    5.304E+00   5.304E+00   9.559E+01
 Angle     (Degree)    9.000E+01   9.000E+01   6.000E+01
 Volume    (Bohr^3)    2.329E+03

 ------------------------------------------------------------------------------
                           SETUP EWALD 
 (Ewald) eta                             :   0.6814    
 (Ewald) Real Space Cutoff               :    7.577     (Bohr)
 (Ewald) Reciprocal Cutoff               :    7.700     (1/Bohr)

 ------------------------------------------------------------------------------
                           SETUP PLANE WAVE 
 Read in WT kernel.
 kernel file name  : 5PROFESS_KERNEL.dat           
 KEDF type         :     4
 Fermi vector      :   1.182014212099E+00
 Reference density :  -1.000000000000E+00
 Mesh points       :   200002
 Fermi vector in this cell is    1.8863631197705908     
 Fermi vector from kernel file is    1.1820142120987149     
 First qNorm is    0.0000000000000000     
 size of Wang-Teter kernel in this run is            8          14         240
 Max |G| in this calculation is   1.731550203638E+01
 Max eta used from kernel is   9.179304798161E+00

 ------------------------------------------------------------------------------
                           REFRESH ION POSITIONS
  
 Calculating Ion-Ion Energy ...                   complete.     0.004 s
  
 Calculating Ion-Electron Potential (spline) ... 
 complete.     0.004 s
 Rescale the total density from   3.268119 to         66

 ------------------------------------------------------------------------------
                           DENSITY OPTIMIZATION
 Electron number for spin            1  is    66.000000000001066     
 Cell Volume      :           345.129772 Angstrom^3
 Ion number       :                   22
 Electron number  :            66.000000
 Ion density      :             0.063744 Ion/Angstrom^3
 Electron density :             0.191232 Electron/Angstrom^3
  
 Calculating Ion-Ion Forces ...                complete.     0.005 s
  
 Calculating Ion-Electron Forces (spline) ...  complete.     0.003 s
  ------ ION (GRADIENT METHOD) STEP            1  ------
  
 Calculating Ion-Electron Stress (spline) ...  complete.     0.006 s
  
 Calculating Ion-Ion Stress ...                complete.     0.002 s
  
 ------------------------------------------------------------------------------
                         LATTICE VECTORS (Angstrom)
 LAT 1           2.806844        0.000000        0.000000
 LAT 2           1.403422        2.430798        0.000000
 LAT 3           0.000000        0.000000       50.584251
 ------------------------------------------------------------------------------
                                STRESS (GPa)
 ST_GPa 1        0.201010       -0.000007        0.000000
 ST_GPa 2       -0.000007        0.201019       -0.000000
 ST_GPa 3        0.000000       -0.000000       -0.012085
  
 --------------------------------------------------
 STRESS (a.u.)
 --------------------------------------------------
 ST_AU  1   6.8321983686E-06  -2.2441587535E-10   9.0551487532E-12
 ST_AU  2  -2.2441587535E-10   6.8324916388E-06  -6.9579929955E-12
 ST_AU  3   9.0551487532E-12  -6.9579929955E-12  -4.1075506122E-07
; Cell optimization at step 22, max(stress):  0.6832E-05, total energy:  -46.832679    ;
##############################################################################
#                               FINAL ENERGIES                       time    #
##############################################################################
# Thomas-Fermi Kin. Energy =   4.874583761510E+02 eV                 0.000 s #
# Von-Weizsacker Kin. Ener =   3.958347089502E+01 eV                 0.000 s #
# Wang-Teter Kinetic Energ =  -1.487932015903E+01 eV                 0.000 s #
#                                                                            #
#     LDA Exch-Corr Energy =  -4.878626259279E+02 eV                 0.000 s #
#         Coulombic Energy =   2.655806903313E+00 eV                 0.000 s #
#      Ion-Electron Energy =   3.432148322100E+02 eV                 0.000 s #
#           Ion-Ion Energy =  -1.644552537877E+03 eV                 0.000 s #
#                                                                            #
#     TOTAL KINETIC ENERGY =   5.121625268870E+02 eV                         #
#   TOTAL POTENTIAL ENERGY =  -1.786544524691E+03 eV                         #
#             TOTAL ENERGY =  -1.274381997804E+03 eV                         #
##############################################################################
  
 ----------------------------- TIME INFORMATION ------------------------------
    PROFESS      :     59.24s WALL    100.00% (       1 calls)    59.24s/call
    InitPROFESS  :      0.47s WALL      0.79% (       1 calls)     0.47s/call
    KEDFRefresh  :      7.10s WALL     11.98% (      22 calls)     0.32s/call
    IonRefresh   :      0.38s WALL      0.65% (      35 calls)     0.01s/call
    EwaldEnergy  :      0.17s WALL      0.29% (      35 calls)     0.00s/call
    Pot_Ion      :      0.10s WALL      0.17% (    1433 calls)     0.00s/call
    Pot_Har      :      2.89s WALL      4.88% (    1433 calls)     0.00s/call
    Pot_Exc      :      7.90s WALL     13.34% (    1433 calls)     0.01s/call
    Pot_KEDF     :     36.88s WALL     62.25% (    1433 calls)     0.03s/call
    VWPotSqrPlus :      2.28s WALL      3.84% (    1433 calls)     0.00s/call
    NextGradient :      0.08s WALL      0.14% (     130 calls)     0.00s/call
    CalForce     :      0.38s WALL      0.63% (      35 calls)     0.01s/call
    EwaldForces  :      0.22s WALL      0.38% (      35 calls)     0.01s/call
    CalStress    :      1.13s WALL      1.91% (      22 calls)     0.05s/call
    EwaldStress  :      0.07s WALL      0.12% (      22 calls)     0.00s/call
 -----------------------------------------------------------------------------
 ------------------------------- TOTAL ---------------------------------------
    PROFESS      :     59.24s WALL    100.00% (       1 calls)    59.24s/call
 -----------------------------------------------------------------------------

Run completed on: 08/13/2021 at 22:06:08 
  
