 ******************************************************************************
                             WELCOME TO PROFESS                   
            (PRinceton Orbital-Free Electronic Structure Software) 
 ******************************************************************************

 ------------------------------------------------------------------------------
                           READ GEOMETRY
 Cell length (Bohr)    5.958E+00   5.958E+00   9.694E+00
 Angle     (Degree)    9.000E+01   9.000E+01   1.200E+02
 Volume    (Bohr^3)    2.980E+02

 ------------------------------------------------------------------------------
                           READ PSEUDOPOTENTIAL
 Total electron number in ReadPseudo is    4.0000000000000000     
 (System) Machine Precision              :    2.2204460492503131E-016

 ------------------------------------------------------------------------------
                           SETUP FFT
 Global FFT Dimension :    15   15   24
 Rank/Size in Global Communicator     :            0 /           1
 Rank/Size in Global FFT Communicator :            0 /           1
 Parallel FFT, totX    =    15
 Parallel FFT, totY    =    15
 Parallel FFT, locZ    =    24
 Parallel FFT, locZoff =     0
 Dimension of rho for this processor : 
 xmin, xmax :            0          14
 ymin, ymax :            0          14
 zmin, zmax :            0          23
 Total electron number =    4.0000000000000000     
 Uniform rhoR =    1.3422690384556990E-002
 (GB INFO) FFT size      :       15      15      24
 (GB INFO) FFT offset    :        0
 (GB INFO) FFT G size    :        8      15      24
 (GB INFO) FFT G offset  :        0

 ------------------------------------------------------------------------------
                           SETUP KEDF
 kinetic energy density functional number is            4
 ( 1=TF, 2=VW, 3=TF+VW, 4=WT,  5=WGC,  
   7=LQ, 8=HQ, 10=CAT,  11=HC, 12=WGCD,
   15=GGA, 16=WGCD+GGA, 17=EVT, 18=EVC )
 qTable dimension:     8   15   24
 Coefficient for TF KEDF is     1.0000
 Coefficient for VW KEDF is     1.0000
 Coefficient for alpha in WT KEDF is     0.8333
 Coefficient for beta  in WT KEDF is     0.8333
 rho0 (Electron/Bohr^3) in WGC KEDF is     0.0134
 hold0 =  F
  dV of each real space grid is now    5.5185713111059631E-002
 Cell length (Bohr)    5.958E+00   5.958E+00   9.694E+00
 Angle     (Degree)    9.000E+01   9.000E+01   1.200E+02
 Volume    (Bohr^3)    2.980E+02

 ------------------------------------------------------------------------------
                           SETUP EWALD 
 (Ewald) eta                             :   0.7237    
 (Ewald) Real Space Cutoff               :    6.635     (Bohr)
 (Ewald) Reciprocal Cutoff               :    7.382     (1/Bohr)

 ------------------------------------------------------------------------------
                           SETUP PLANE WAVE 
 Read in WT kernel.
 kernel file name  : 11PROFESS_KERNEL.dat          
 KEDF type         :     4
 Fermi vector      :   1.182014212099E+00
 Reference density :  -1.000000000000E+00
 Mesh points       :   200002
 Fermi vector in this cell is    1.4704497456532695     
 Fermi vector from kernel file is    1.1820142120987149     
 First qNorm is    0.0000000000000000     
 size of Wang-Teter kernel in this run is            8          15          24
 Max |G| in this calculation is   1.668783379926E+01
 Max eta used from kernel is   1.134879573314E+01

 ------------------------------------------------------------------------------
                           REFRESH ION POSITIONS
  
 Calculating Ion-Ion Energy ...                   complete.     0.001 s
  
 Calculating Ion-Electron Potential (spline) ... 
 complete.     0.001 s

 ------------------------------------------------------------------------------
                           DENSITY OPTIMIZATION
 Electron number for spin            1  is    4.0000000000003864     
 Cell Volume      :            44.159466 Angstrom^3
 Ion number       :                    2
 Electron number  :             4.000000
 Ion density      :             0.045290 Ion/Angstrom^3
 Electron density :             0.090581 Electron/Angstrom^3
##############################################################################
#                               FINAL ENERGIES                       time    #
##############################################################################
# Thomas-Fermi Kin. Energy =   1.794589551892E+01 eV                 0.000 s #
# Von-Weizsacker Kin. Ener =   1.723470962904E+00 eV                 0.000 s #
# Wang-Teter Kinetic Energ =  -4.920344954700E-01 eV                 0.000 s #
#                                                                            #
#     LDA Exch-Corr Energy =  -2.359155326223E+01 eV                 0.000 s #
#         Coulombic Energy =   1.038720841752E-01 eV                 0.000 s #
#      Ion-Electron Energy =   1.439336127944E+01 eV                 0.000 s #
#           Ion-Ion Energy =  -5.929727347851E+01 eV                 0.000 s #
#                                                                            #
#     TOTAL KINETIC ENERGY =   1.917733198635E+01 eV                         #
#   TOTAL POTENTIAL ENERGY =  -6.839159337712E+01 eV                         #
#             TOTAL ENERGY =  -4.921426139077E+01 eV                         #
##############################################################################
  
 ----------------------------- TIME INFORMATION ------------------------------
    PROFESS      :      0.91s WALL    100.00% (       1 calls)     0.91s/call
    InitPROFESS  :      0.43s WALL     46.91% (       1 calls)     0.43s/call
    KEDFRefresh  :      0.40s WALL     44.27% (       1 calls)     0.40s/call
    IonRefresh   :      0.00s WALL      0.17% (       1 calls)     0.00s/call
    EwaldEnergy  :      0.00s WALL      0.07% (       1 calls)     0.00s/call
    Pot_Ion      :      0.00s WALL      0.05% (      70 calls)     0.00s/call
    Pot_Har      :      0.01s WALL      1.46% (      70 calls)     0.00s/call
    Pot_Exc      :      0.05s WALL      5.38% (      70 calls)     0.00s/call
    Pot_KEDF     :      0.23s WALL     25.13% (      70 calls)     0.00s/call
    VWPotSqrPlus :      0.01s WALL      1.41% (      70 calls)     0.00s/call
    NextGradient :      0.00s WALL      0.05% (       6 calls)     0.00s/call
 -----------------------------------------------------------------------------
 ------------------------------- TOTAL ---------------------------------------
    PROFESS      :      0.91s WALL    100.00% (       1 calls)     0.91s/call
 -----------------------------------------------------------------------------

Run completed on: 08/19/2021 at 16:13:12 
  
