 ******************************************************************************
                             WELCOME TO PROFESS                   
            (PRinceton Orbital-Free Electronic Structure Software) 
 ******************************************************************************

 ------------------------------------------------------------------------------
                           READ GEOMETRY
 Cell length (Bohr)    8.084E+00   8.084E+00   1.329E+01
 Angle     (Degree)    9.000E+01   9.000E+01   1.200E+02
 Volume    (Bohr^3)    7.522E+02

 ------------------------------------------------------------------------------
                           READ PSEUDOPOTENTIAL
 Total electron number in ReadPseudo is    16.000000000000000     
 (System) Machine Precision              :    2.2204460492503131E-016

 ------------------------------------------------------------------------------
                           SETUP FFT
 Global FFT Dimension :    40   40   70
 Dimension of rho for this processor : 
 xmin, xmax :            0          39
 ymin, ymax :            0          39
 zmin, zmax :            0          69
 Total electron number =    16.000000000000000     
 Uniform rhoR =    2.1271188945318896E-002
 (GB INFO) FFT size      :       40      40      70
 (GB INFO) FFT offset    :        0
 (GB INFO) FFT G size    :       21      40      70
 (GB INFO) FFT G offset  :        0

 ------------------------------------------------------------------------------
                           SETUP KEDF
 kinetic energy density functional number is           11
 ( 1=TF, 2=VW, 3=TF+VW, 4=WT,  5=WGC,  
   7=LQ, 8=HQ, 10=CAT,  11=HC, 12=WGCD,
   15=GGA, 16=WGCD+GGA, 17=EVT, 18=EVC )
 qTable dimension:    21   40   70
 rhoS=   2.1271188945318896E-002
 rho0=   2.1271188945318896E-002
 coefficients for TF KEDF is     1.000000
 coefficients for VW KEDF is     1.000000
 Lambda in HC10 is set to     0.014200
 ALPHA  in HC10 is set to     1.791667
 BETA   in HC10 is set to     0.875000
 Sum of alpha and beta is     2.666667
  dV of each real space grid is now    6.7159923793813662E-003
 Cell length (Bohr)    8.084E+00   8.084E+00   1.329E+01
 Angle     (Degree)    9.000E+01   9.000E+01   1.200E+02
 Volume    (Bohr^3)    7.522E+02

 ------------------------------------------------------------------------------
                           SETUP EWALD 
 (Ewald) eta                             :    1.200    
 (Ewald) Real Space Cutoff               :    6.000     (Bohr)
 (Ewald) Reciprocal Cutoff               :    15.16     (1/Bohr)

 ------------------------------------------------------------------------------
                           SETUP PLANE WAVE 

 ------------------------------------------------------------------------------
                           REFRESH ION POSITIONS
  
 Calculating Ion-Ion Energy ...                   complete.     0.035 s
  
 Calculating Ion-Electron Potential (spline) ... 
 complete.     0.060 s

 ------------------------------------------------------------------------------
                           DENSITY OPTIMIZATION
 Electron number for spin            1  is    16.000000000001062     
 Cell Volume      :           111.463227 Angstrom^3
 Ion number       :                    4
 Electron number  :            16.000000
 Ion density      :             0.035886 Ion/Angstrom^3
 Electron density :             0.143545 Electron/Angstrom^3
##############################################################################
#                               FINAL ENERGIES                       time    #
##############################################################################
# Thomas-Fermi Kin. Energy =   1.360751012904E+02 eV                 0.000 s #
# Von-Weizsacker Kin. Ener =   4.714965238204E+01 eV                 0.000 s #
#                                                                            #
# GGA(PBE) Exch-Cor Energy =  -1.239944920508E+02 eV                 0.000 s #
#         Coulombic Energy =   4.643884809060E+01 eV                 0.000 s #
#      Ion-Electron Energy =  -9.063600906855E+01 eV                 0.000 s #
#           Ion-Ion Energy =  -4.267992562986E+02 eV                 0.000 s #
#                                                                            #
#     TOTAL KINETIC ENERGY =   1.445580528365E+02 eV                         #
#   TOTAL POTENTIAL ENERGY =  -5.949909093274E+02 eV                         #
#             TOTAL ENERGY =  -4.504328564909E+02 eV                         #
##############################################################################
  
 ----------------------------- TIME INFORMATION ------------------------------
    PROFESS      :   4360.08s WALL    100.00% (       1 calls)  4360.08s/call
    InitPROFESS  :      0.16s WALL      0.00% (       1 calls)     0.16s/call
    KEDFRefresh  :      0.01s WALL      0.00% (       1 calls)     0.01s/call
    IonRefresh   :      0.11s WALL      0.00% (       1 calls)     0.11s/call
    EwaldEnergy  :      0.04s WALL      0.00% (       1 calls)     0.04s/call
    ForwFFT_3D   :    896.84s WALL     20.57% (  123825 calls)     0.01s/call
    BackFFT_3D   :    408.39s WALL      9.37% (   78801 calls)     0.01s/call
    Pot_Ion      :      2.89s WALL      0.07% (    1778 calls)     0.00s/call
    Pot_Har      :     24.56s WALL      0.56% (    1778 calls)     0.01s/call
    Pot_Exc      :    479.21s WALL     10.99% (    1778 calls)     0.27s/call
    PBEPot       :    475.72s WALL     10.91% (    1778 calls)     0.27s/call
    Pot_KEDF     :   3813.21s WALL     87.46% (    1778 calls)     2.14s/call
    intPot       :   3757.42s WALL     86.18% (    1778 calls)     2.11s/call
    MakeXiG      :     20.76s WALL      0.48% (    1778 calls)     0.01s/call
    VWPotSqrPlus :     21.22s WALL      0.49% (    1778 calls)     0.01s/call
    intPot1      :   1031.31s WALL     23.65% (   26066 calls)     0.04s/call
    MakeHC10Kern :     99.67s WALL      2.29% (   27843 calls)     0.00s/call
    intPot2      :    740.28s WALL     16.98% (   26066 calls)     0.03s/call
    intPot3      :   1259.95s WALL     28.90% (   26066 calls)     0.05s/call
    intPot4      :    470.98s WALL     10.80% (   26066 calls)     0.02s/call
    NextGradient :      2.55s WALL      0.06% (     189 calls)     0.01s/call
 -----------------------------------------------------------------------------
 ------------------------------- TOTAL ---------------------------------------
    PROFESS      :   4360.08s WALL    100.00% (       1 calls)  4360.08s/call
 -----------------------------------------------------------------------------

Run completed on: 07/31/2024 at 13:03:42 
  
