 ******************************************************************************
                             WELCOME TO PROFESS                   
            (PRinceton Orbital-Free Electronic Structure Software) 
 ******************************************************************************

 ------------------------------------------------------------------------------
                           READ GEOMETRY
 Cell length (Bohr)    5.079E+00   5.079E+00   5.079E+00
 Angle     (Degree)    1.095E+02   1.095E+02   1.095E+02
 Volume    (Bohr^3)    1.009E+02

 ------------------------------------------------------------------------------
                           READ PSEUDOPOTENTIAL
 Total electron number in ReadPseudo is    4.0000000000000000     
 (System) Machine Precision              :    2.2204460492503131E-016

 ------------------------------------------------------------------------------
                           SETUP FFT
 Global FFT Dimension :    25   25   25
 Dimension of rho for this processor : 
 xmin, xmax :            0          24
 ymin, ymax :            0          24
 zmin, zmax :            0          24
 Total electron number =    4.0000000000000000     
 Uniform rhoR =    3.9655768862638552E-002
 (GB INFO) FFT size      :       25      25      25
 (GB INFO) FFT offset    :        0
 (GB INFO) FFT G size    :       13      25      25
 (GB INFO) FFT G offset  :        0

 ------------------------------------------------------------------------------
                           SETUP KEDF
 kinetic energy density functional number is           11
 ( 1=TF, 2=VW, 3=TF+VW, 4=WT,  5=WGC,  
   7=LQ, 8=HQ, 10=CAT,  11=HC, 12=WGCD,
   15=GGA, 16=WGCD+GGA, 17=EVT, 18=EVC )
 qTable dimension:    13   25   25
 rhoS=   3.9655768862638552E-002
 rho0=   3.9655768862638552E-002
 coefficients for TF KEDF is     1.000000
 coefficients for VW KEDF is     1.000000
 Lambda in HC10 is set to     0.000000
 ALPHA  in HC10 is set to     2.016667
 BETA   in HC10 is set to     0.650000
 Sum of alpha and beta is     2.666667
  dV of each real space grid is now    6.4555550766584400E-003
 Cell length (Bohr)    5.079E+00   5.079E+00   5.079E+00
 Angle     (Degree)    1.095E+02   1.095E+02   1.095E+02
 Volume    (Bohr^3)    1.009E+02

 ------------------------------------------------------------------------------
                           SETUP EWALD 
 (Ewald) eta                             :    1.200    
 (Ewald) Real Space Cutoff               :    6.000     (Bohr)
 (Ewald) Reciprocal Cutoff               :    14.84     (1/Bohr)

 ------------------------------------------------------------------------------
                           SETUP PLANE WAVE 

 ------------------------------------------------------------------------------
                           REFRESH ION POSITIONS
  
 Calculating Ion-Ion Energy ...                   complete.     0.002 s
  
 Calculating Ion-Electron Potential (spline) ... 
 complete.     0.003 s

 ------------------------------------------------------------------------------
                           DENSITY OPTIMIZATION
 Electron number for spin            1  is    4.0000000000005231     
 Cell Volume      :            14.947102 Angstrom^3
 Ion number       :                    1
 Electron number  :             4.000000
 Ion density      :             0.066903 Ion/Angstrom^3
 Electron density :             0.267610 Electron/Angstrom^3
##############################################################################
#                               FINAL ENERGIES                       time    #
##############################################################################
# Thomas-Fermi Kin. Energy =   3.762143424815E+01 eV                 0.000 s #
# Von-Weizsacker Kin. Ener =   4.633315386483E+00 eV                 0.000 s #
#                                                                            #
# GGA(PBE) Exch-Cor Energy =  -3.295690374142E+01 eV                 0.000 s #
#         Coulombic Energy =   4.368001325952E-01 eV                 0.000 s #
#      Ion-Electron Energy =   1.917795022269E+01 eV                 0.000 s #
#           Ion-Ion Energy =  -1.350794614097E+02 eV                 0.000 s #
#                                                                            #
#     TOTAL KINETIC ENERGY =   4.020660567191E+01 eV                         #
#   TOTAL POTENTIAL ENERGY =  -1.484216147958E+02 eV                         #
#             TOTAL ENERGY =  -1.082150091239E+02 eV                         #
##############################################################################
  
 ----------------------------- TIME INFORMATION ------------------------------
    PROFESS      :     18.79s WALL    100.00% (       1 calls)    18.79s/call
    InitPROFESS  :      0.04s WALL      0.21% (       1 calls)     0.04s/call
    KEDFRefresh  :      0.00s WALL      0.01% (       1 calls)     0.00s/call
    IonRefresh   :      0.01s WALL      0.03% (       1 calls)     0.01s/call
    EwaldEnergy  :      0.00s WALL      0.01% (       1 calls)     0.00s/call
    ForwFFT_3D   :      1.89s WALL     10.04% (    4465 calls)     0.00s/call
    BackFFT_3D   :      1.43s WALL      7.58% (    3494 calls)     0.00s/call
    Pot_Ion      :      0.04s WALL      0.19% (     133 calls)     0.00s/call
    Pot_Har      :      0.17s WALL      0.90% (     133 calls)     0.00s/call
    Pot_Exc      :      3.63s WALL     19.31% (     133 calls)     0.03s/call
    PBEPot       :      3.42s WALL     18.21% (     133 calls)     0.03s/call
    Pot_KEDF     :     14.47s WALL     77.00% (     133 calls)     0.11s/call
    intPot       :     13.60s WALL     72.37% (     133 calls)     0.10s/call
    MakeXiG      :      0.25s WALL      1.32% (     133 calls)     0.00s/call
    VWPotSqrPlus :      0.11s WALL      0.58% (     133 calls)     0.00s/call
    intPot1      :      3.99s WALL     21.26% (     750 calls)     0.01s/call
    MakeHC10Kern :      0.75s WALL      3.97% (     882 calls)     0.00s/call
    intPot2      :      2.72s WALL     14.48% (     750 calls)     0.00s/call
    intPot3      :      2.96s WALL     15.75% (     750 calls)     0.00s/call
    intPot4      :      1.50s WALL      7.99% (     750 calls)     0.00s/call
    NextGradient :      0.01s WALL      0.03% (       7 calls)     0.00s/call
 -----------------------------------------------------------------------------
 ------------------------------- TOTAL ---------------------------------------
    PROFESS      :     18.79s WALL    100.00% (       1 calls)    18.79s/call
 -----------------------------------------------------------------------------

Run completed on: 07/30/2024 at 18:03:41 
  
