 ******************************************************************************
                             WELCOME TO PROFESS                   
            (PRinceton Orbital-Free Electronic Structure Software) 
 ******************************************************************************

 ------------------------------------------------------------------------------
                           READ GEOMETRY
 Cell length (Bohr)    7.148E+00   7.148E+00   7.148E+00
 Angle     (Degree)    6.000E+01   6.000E+01   6.000E+01
 Volume    (Bohr^3)    2.582E+02

 ------------------------------------------------------------------------------
                           READ PSEUDOPOTENTIAL
 Total electron number in ReadPseudo is    8.0000000000000000     
 (System) Machine Precision              :    2.2204460492503131E-016

 ------------------------------------------------------------------------------
                           SETUP FFT
 Global FFT Dimension :    35   35   35
 Dimension of rho for this processor : 
 xmin, xmax :            0          34
 ymin, ymax :            0          34
 zmin, zmax :            0          34
 Total electron number =    8.0000000000000000     
 Uniform rhoR =    3.0981741580092571E-002
 (GB INFO) FFT size      :       35      35      35
 (GB INFO) FFT offset    :        0
 (GB INFO) FFT G size    :       18      35      35
 (GB INFO) FFT G offset  :        0

 ------------------------------------------------------------------------------
                           SETUP KEDF
 kinetic energy density functional number is            5
 ( 1=TF, 2=VW, 3=TF+VW, 4=WT,  5=WGC,  
   7=LQ, 8=HQ, 10=CAT,  11=HC, 12=WGCD,
   15=GGA, 16=WGCD+GGA, 17=EVT, 18=EVC )
 qTable dimension:    18   35   35
 Coefficient for TF KEDF is     1.0000
 Coefficient for VW KEDF is     1.0000
 Coefficient for alpha in WGC KEDF is     1.2060
 Coefficient for beta  in WGC KEDF is     0.4607
 Coefficient for gamma in WGC KEDF is     4.2000
 rho0 (Electron/Bohr^3) in WGC KEDF is     0.0310
 rhoS (Electron/Bohr^3) in WGC KEDF is     0.0310
 hold0 =  F
 holdS =  F
  dV of each real space grid is now    6.0225446268227937E-003
 Cell length (Bohr)    7.148E+00   7.148E+00   7.148E+00
 Angle     (Degree)    6.000E+01   6.000E+01   6.000E+01
 Volume    (Bohr^3)    2.582E+02

 ------------------------------------------------------------------------------
                           SETUP EWALD 
 (Ewald) eta                             :    1.200    
 (Ewald) Real Space Cutoff               :    6.000     (Bohr)
 (Ewald) Reciprocal Cutoff               :    14.94     (1/Bohr)

 ------------------------------------------------------------------------------
                           SETUP PLANE WAVE 

 ------------------------------------------------------------------------------
                           INITIALIZING WGC KERNEL
 Fermi vector :   0.97164795826727712     
 Reference density :    3.0981741580092571E-002
 Make WGC kernels.
 Dimension of KEDF Kernel :           18          35          35

 ------------------------------------------------------------------------------
                           REFRESH ION POSITIONS
  
 Calculating Ion-Ion Energy ...                   complete.     0.006 s
  
 Calculating Ion-Electron Potential (spline) ... 
 complete.     0.020 s

 ------------------------------------------------------------------------------
                           DENSITY OPTIMIZATION
 Electron number for spin            1  is    8.0000000000021867     
 Cell Volume      :            38.263752 Angstrom^3
 Ion number       :                    2
 Electron number  :             8.000000
 Ion density      :             0.052269 Ion/Angstrom^3
 Electron density :             0.209075 Electron/Angstrom^3
##############################################################################
#                               FINAL ENERGIES                       time    #
##############################################################################
# Thomas-Fermi Kin. Energy =   7.509582016611E+01 eV                 0.000 s #
# Von-Weizsacker Kin. Ener =   2.314462151151E+01 eV                 0.000 s #
#       WGC Kinetic Energy =  -1.683146365289E+01 eV                 0.000 s #
#                                                                            #
# GGA(PBE) Exch-Cor Energy =  -6.525875477830E+01 eV                 0.000 s #
#         Coulombic Energy =   1.064144254012E+01 eV                 0.000 s #
#      Ion-Electron Energy =   1.029890118430E+01 eV                 0.000 s #
#           Ion-Ion Energy =  -2.422005585605E+02 eV                 0.000 s #
#                                                                            #
#     TOTAL KINETIC ENERGY =   8.140897802474E+01 eV                         #
#   TOTAL POTENTIAL ENERGY =  -2.865189696144E+02 eV                         #
#             TOTAL ENERGY =  -2.051099915897E+02 eV                         #
##############################################################################
  
 ----------------------------- TIME INFORMATION ------------------------------
    PROFESS      :     21.00s WALL    100.00% (       1 calls)    21.00s/call
    InitPROFESS  :      0.09s WALL      0.44% (       1 calls)     0.09s/call
    KEDFRefresh  :      0.03s WALL      0.15% (       1 calls)     0.03s/call
    IonRefresh   :      0.03s WALL      0.14% (       1 calls)     0.03s/call
    EwaldEnergy  :      0.01s WALL      0.03% (       1 calls)     0.01s/call
    ForwFFT_3D   :      3.59s WALL     17.11% (    2415 calls)     0.00s/call
    BackFFT_3D   :      3.40s WALL     16.21% (    2413 calls)     0.00s/call
    Pot_Ion      :      0.06s WALL      0.30% (     201 calls)     0.00s/call
    Pot_Har      :      0.66s WALL      3.13% (     201 calls)     0.00s/call
    Pot_Exc      :     11.33s WALL     53.95% (     201 calls)     0.06s/call
    PBEPot       :     10.74s WALL     51.13% (     201 calls)     0.05s/call
    Pot_KEDF     :      7.90s WALL     37.59% (     201 calls)     0.04s/call
    WGCPotPlus   :      6.35s WALL     30.23% (     201 calls)     0.03s/call
    VWPotSqrPlus :      0.53s WALL      2.52% (     201 calls)     0.00s/call
    NextGradient :      0.02s WALL      0.07% (       9 calls)     0.00s/call
 -----------------------------------------------------------------------------
 ------------------------------- TOTAL ---------------------------------------
    PROFESS      :     21.00s WALL    100.00% (       1 calls)    21.00s/call
 -----------------------------------------------------------------------------

Run completed on: 07/30/2024 at 20:42:23 
  
