 ******************************************************************************
                             WELCOME TO PROFESS                   
            (PRinceton Orbital-Free Electronic Structure Software) 
 ******************************************************************************

 ------------------------------------------------------------------------------
                           READ GEOMETRY
 Cell length (Bohr)    5.782E+00   5.782E+00   5.782E+00
 Angle     (Degree)    6.000E+01   6.000E+01   6.000E+01
 Volume    (Bohr^3)    1.367E+02

 ------------------------------------------------------------------------------
                           READ PSEUDOPOTENTIAL
 Total electron number in ReadPseudo is    1.0000000000000000     
 (System) Machine Precision              :    2.2204460492503131E-016

 ------------------------------------------------------------------------------
                           SETUP FFT
 Global FFT Dimension :    15   15   15
 Rank/Size in Global Communicator     :            0 /           1
 Rank/Size in Global FFT Communicator :            0 /           1
 Parallel FFT, totX    =    15
 Parallel FFT, totY    =    15
 Parallel FFT, locZ    =    15
 Parallel FFT, locZoff =     0
 Dimension of rho for this processor : 
 xmin, xmax :            0          14
 ymin, ymax :            0          14
 zmin, zmax :            0          14
 Total electron number =    1.0000000000000000     
 Uniform rhoR =    7.3148736076453762E-003
 (GB INFO) FFT size      :       15      15      15
 (GB INFO) FFT offset    :        0
 (GB INFO) FFT G size    :        8      15      15
 (GB INFO) FFT G offset  :        0

 ------------------------------------------------------------------------------
                           SETUP KEDF
 kinetic energy density functional number is            4
 ( 1=TF, 2=VW, 3=TF+VW, 4=WT,  5=WGC,  
   7=LQ, 8=HQ, 10=CAT,  11=HC, 12=WGCD,
   15=GGA, 16=WGCD+GGA, 17=EVT, 18=EVC )
 qTable dimension:     8   15   15
 Coefficient for TF KEDF is     1.0000
 Coefficient for VW KEDF is     1.0000
 Coefficient for alpha in WT KEDF is     0.8333
 Coefficient for beta  in WT KEDF is     0.8333
 rho0 (Electron/Bohr^3) in WGC KEDF is     0.0073
 hold0 =  F
  dV of each real space grid is now    4.0506003546884620E-002
 Cell length (Bohr)    5.782E+00   5.782E+00   5.782E+00
 Angle     (Degree)    6.000E+01   6.000E+01   6.000E+01
 Volume    (Bohr^3)    1.367E+02

 ------------------------------------------------------------------------------
                           SETUP EWALD 
 (Ewald) eta                             :   0.7820    
 (Ewald) Real Space Cutoff               :    6.000     (Bohr)
 (Ewald) Reciprocal Cutoff               :    7.606     (1/Bohr)

 ------------------------------------------------------------------------------
                           SETUP PLANE WAVE 
 Read in WT kernel.
 kernel file name  : 1PROFESS_KERNEL.dat           
 KEDF type         :     4
 Fermi vector      :   1.182014212099E+00
 Reference density :  -1.000000000000E+00
 Mesh points       :   200002
 Fermi vector in this cell is    1.2010818507694876     
 Fermi vector from kernel file is    1.1820142120987149     
 First qNorm is    0.0000000000000000     
 size of Wang-Teter kernel in this run is            8          15          15
 Max |G| in this calculation is   1.783842592636E+01
 Max eta used from kernel is   1.485196526359E+01

 ------------------------------------------------------------------------------
                           REFRESH ION POSITIONS
  
 Calculating Ion-Ion Energy ...                   complete.     0.000 s
  
 Calculating Ion-Electron Potential (spline) ... 
 complete.     0.000 s

 ------------------------------------------------------------------------------
                           DENSITY OPTIMIZATION
 Electron number for spin            1  is   0.99999999999994604     
 Cell Volume      :            20.258000 Angstrom^3
 Ion number       :                    1
 Electron number  :             1.000000
 Ion density      :             0.049363 Ion/Angstrom^3
 Electron density :             0.049363 Electron/Angstrom^3
  
 Calculating Ion-Ion Forces ...                complete.     0.000 s
  
 Calculating Ion-Electron Forces (spline) ...  complete.     0.000 s
  
 Calculating Ion-Electron Stress (spline) ...  complete.     0.000 s
  
 Calculating Ion-Ion Stress ...                complete.     0.000 s
  
 ------------------------------------------------------------------------------
                         LATTICE VECTORS (Angstrom)
 LAT 1           0.000000        2.163659        2.163659
 LAT 2           2.163659        0.000000        2.163659
 LAT 3           2.163659        2.163659        0.000000
 ------------------------------------------------------------------------------
                                STRESS (GPa)
 ST_GPa 1        1.205099       -0.000471       -0.000461
 ST_GPa 2       -0.000471        1.205121       -0.000533
 ST_GPa 3       -0.000461       -0.000533        1.205097
  
 --------------------------------------------------
 STRESS (a.u.)
 --------------------------------------------------
 ST_AU  1   4.0960495545E-05  -1.6004309418E-08  -1.5660930950E-08
 ST_AU  2  -1.6004309418E-08   4.0961251999E-05  -1.8111685149E-08
 ST_AU  3  -1.5660930950E-08  -1.8111685149E-08   4.0960433411E-05
; Cell optimization at step  1, max(stress):  0.4096E-04, total energy: -0.27896125    ;
  dV of each real space grid is now    4.0140559310615435E-002
 Cell length (Bohr)    5.771E+00   5.771E+00   5.771E+00
 Angle     (Degree)    5.987E+01   5.987E+01   5.987E+01
 Volume    (Bohr^3)    1.355E+02
  dV of each real space grid is now    4.0140559310615435E-002
 Cell length (Bohr)    5.771E+00   5.771E+00   5.771E+00
 Angle     (Degree)    5.987E+01   5.987E+01   5.987E+01
 Volume    (Bohr^3)    1.355E+02

 ------------------------------------------------------------------------------
                           SETUP EWALD 
 (Ewald) eta                             :   0.7872    
 (Ewald) Real Space Cutoff               :    6.000     (Bohr)
 (Ewald) Reciprocal Cutoff               :    7.622     (1/Bohr)

 ------------------------------------------------------------------------------
                           SETUP PLANE WAVE 
 Read in WT kernel.
 kernel file name  : 1PROFESS_KERNEL.dat           
 KEDF type         :     4
 Fermi vector      :   1.182014212099E+00
 Reference density :  -1.000000000000E+00
 Mesh points       :   200002
 Fermi vector in this cell is    1.2047157738759391     
 Fermi vector from kernel file is    1.1820142120987149     
 First qNorm is    0.0000000000000000     
 size of Wang-Teter kernel in this run is            8          15          15
 Max |G| in this calculation is   1.790881045033E+01
 Max eta used from kernel is   1.486558974215E+01

 ------------------------------------------------------------------------------
                           REFRESH ION POSITIONS
  
 Calculating Ion-Ion Energy ...                   complete.     0.000 s
  
 Calculating Ion-Electron Potential (spline) ... 
 complete.     0.000 s
 Rescale the total density from   0.039778 to          1

 ------------------------------------------------------------------------------
                           DENSITY OPTIMIZATION
 Electron number for spin            1  is   0.99999999999999767     
 Cell Volume      :            20.075233 Angstrom^3
 Ion number       :                    1
 Electron number  :             1.000000
 Ion density      :             0.049813 Ion/Angstrom^3
 Electron density :             0.049813 Electron/Angstrom^3
  
 Calculating Ion-Ion Forces ...                complete.     0.000 s
  
 Calculating Ion-Electron Forces (spline) ...  complete.     0.000 s
  
 Calculating Ion-Electron Stress (spline) ...  complete.     0.000 s
  
 Calculating Ion-Ion Stress ...                complete.     0.000 s
  
 ------------------------------------------------------------------------------
                         LATTICE VECTORS (Angstrom)
 LAT 1           0.004352        2.159311        2.159311
 LAT 2           2.159311        0.004352        2.159311
 LAT 3           2.159311        2.159311        0.004352
 ------------------------------------------------------------------------------
                                STRESS (GPa)
 ST_GPa 1        1.083899        0.025791        0.025799
 ST_GPa 2        0.025791        1.083921        0.025736
 ST_GPa 3        0.025799        0.025736        1.083898
  
 --------------------------------------------------
 STRESS (a.u.)
 --------------------------------------------------
 ST_AU  1   3.6841001608E-05   8.7662743224E-07   8.7689885726E-07
 ST_AU  2   8.7662743224E-07   3.6841716545E-05   8.7476532835E-07
 ST_AU  3   8.7689885726E-07   8.7476532835E-07   3.6840957708E-05
; Cell optimization at step  2, max(stress):  0.3684E-04, total energy: -0.27900890    ;
  dV of each real space grid is now    3.9756719544307630E-002
 Cell length (Bohr)    5.758E+00   5.758E+00   5.758E+00
 Angle     (Degree)    5.973E+01   5.973E+01   5.973E+01
 Volume    (Bohr^3)    1.342E+02
  dV of each real space grid is now    3.9756719544307630E-002
 Cell length (Bohr)    5.758E+00   5.758E+00   5.758E+00
 Angle     (Degree)    5.973E+01   5.973E+01   5.973E+01
 Volume    (Bohr^3)    1.342E+02

 ------------------------------------------------------------------------------
                           SETUP EWALD 
 (Ewald) eta                             :   0.7872    
 (Ewald) Real Space Cutoff               :    6.000     (Bohr)
 (Ewald) Reciprocal Cutoff               :    7.638     (1/Bohr)

 ------------------------------------------------------------------------------
                           SETUP PLANE WAVE 
 Read in WT kernel.
 kernel file name  : 1PROFESS_KERNEL.dat           
 KEDF type         :     4
 Fermi vector      :   1.182014212099E+00
 Reference density :  -1.000000000000E+00
 Mesh points       :   200002
 Fermi vector in this cell is    1.2085804252429220     
 Fermi vector from kernel file is    1.1820142120987149     
 First qNorm is    0.0000000000000000     
 size of Wang-Teter kernel in this run is            8          15          15
 Max |G| in this calculation is   1.798322316486E+01
 Max eta used from kernel is   1.487962471447E+01

 ------------------------------------------------------------------------------
                           REFRESH ION POSITIONS
  
 Calculating Ion-Ion Energy ...                   complete.     0.000 s
  
 Calculating Ion-Electron Potential (spline) ... 
 complete.     0.000 s
 Rescale the total density from   0.039377 to          1

 ------------------------------------------------------------------------------
                           DENSITY OPTIMIZATION
 Electron number for spin            1  is   0.99999999999999922     
 Cell Volume      :            19.883266 Angstrom^3
 Ion number       :                    1
 Electron number  :             1.000000
 Ion density      :             0.050294 Ion/Angstrom^3
 Electron density :             0.050294 Electron/Angstrom^3
  
 Calculating Ion-Ion Forces ...                complete.     0.000 s
  
 Calculating Ion-Electron Forces (spline) ...  complete.     0.000 s
  
 Calculating Ion-Electron Stress (spline) ...  complete.     0.000 s
  
 Calculating Ion-Ion Stress ...                complete.     0.000 s
  
 ------------------------------------------------------------------------------
                         LATTICE VECTORS (Angstrom)
 LAT 1           0.008804        2.154646        2.154647
 LAT 2           2.154646        0.008805        2.154646
 LAT 3           2.154646        2.154646        0.008804
 ------------------------------------------------------------------------------
                                STRESS (GPa)
 ST_GPa 1        0.950672        0.053940        0.053946
 ST_GPa 2        0.053940        0.950692        0.053892
 ST_GPa 3        0.053946        0.053892        0.950672
  
 --------------------------------------------------
 STRESS (a.u.)
 --------------------------------------------------
 ST_AU  1   3.2312704942E-05   1.8333729530E-06   1.8335712851E-06
 ST_AU  2   1.8333729530E-06   3.2313377584E-05   1.8317458301E-06
 ST_AU  3   1.8335712851E-06   1.8317458301E-06   3.2312682634E-05
; Cell optimization at step  3, max(stress):  0.3231E-04, total energy: -0.27905257    ;
  dV of each real space grid is now    3.9366336747847709E-002
 Cell length (Bohr)    5.745E+00   5.745E+00   5.745E+00
 Angle     (Degree)    5.960E+01   5.960E+01   5.960E+01
 Volume    (Bohr^3)    1.329E+02
  dV of each real space grid is now    3.9366336747847709E-002
 Cell length (Bohr)    5.745E+00   5.745E+00   5.745E+00
 Angle     (Degree)    5.960E+01   5.960E+01   5.960E+01
 Volume    (Bohr^3)    1.329E+02

 ------------------------------------------------------------------------------
                           SETUP EWALD 
 (Ewald) eta                             :   0.7872    
 (Ewald) Real Space Cutoff               :    6.000     (Bohr)
 (Ewald) Reciprocal Cutoff               :    7.655     (1/Bohr)

 ------------------------------------------------------------------------------
                           SETUP PLANE WAVE 
 Read in WT kernel.
 kernel file name  : 1PROFESS_KERNEL.dat           
 KEDF type         :     4
 Fermi vector      :   1.182014212099E+00
 Reference density :  -1.000000000000E+00
 Mesh points       :   200002
 Fermi vector in this cell is    1.2125623210290770     
 Fermi vector from kernel file is    1.1820142120987149     
 First qNorm is    0.0000000000000000     
 size of Wang-Teter kernel in this run is            8          15          15
 Max |G| in this calculation is   1.805920154813E+01
 Max eta used from kernel is   1.489342134003E+01

 ------------------------------------------------------------------------------
                           REFRESH ION POSITIONS
  
 Calculating Ion-Ion Energy ...                   complete.     0.000 s
  
 Calculating Ion-Electron Potential (spline) ... 
 complete.     0.000 s
 Rescale the total density from   0.038980 to          1

 ------------------------------------------------------------------------------
                           DENSITY OPTIMIZATION
 Electron number for spin            1  is    1.0000000000000027     
 Cell Volume      :            19.688026 Angstrom^3
 Ion number       :                    1
 Electron number  :             1.000000
 Ion density      :             0.050792 Ion/Angstrom^3
 Electron density :             0.050792 Electron/Angstrom^3
  
 Calculating Ion-Ion Forces ...                complete.     0.000 s
  
 Calculating Ion-Electron Forces (spline) ...  complete.     0.001 s
  
 Calculating Ion-Electron Stress (spline) ...  complete.     0.000 s
  
 Calculating Ion-Ion Stress ...                complete.     0.000 s
  
 ------------------------------------------------------------------------------
                         LATTICE VECTORS (Angstrom)
 LAT 1           0.013149        2.149769        2.149770
 LAT 2           2.149769        0.013150        2.149768
 LAT 3           2.149769        2.149768        0.013150
 ------------------------------------------------------------------------------
                                STRESS (GPa)
 ST_GPa 1        0.808960        0.082683        0.082687
 ST_GPa 2        0.082683        0.808978        0.082642
 ST_GPa 3        0.082687        0.082642        0.808960
  
 --------------------------------------------------
 STRESS (a.u.)
 --------------------------------------------------
 ST_AU  1   2.7495992638E-05   2.8103325978E-06   2.8104621160E-06
 ST_AU  2   2.8103325978E-06   2.7496617173E-05   2.8089315034E-06
 ST_AU  3   2.8104621160E-06   2.8089315034E-06   2.7495982869E-05
; Cell optimization at step  4, max(stress):  0.2750E-04, total energy: -0.27909007    ;
  dV of each real space grid is now    3.8984937471252964E-002
 Cell length (Bohr)    5.732E+00   5.732E+00   5.732E+00
 Angle     (Degree)    5.947E+01   5.947E+01   5.947E+01
 Volume    (Bohr^3)    1.316E+02
  dV of each real space grid is now    3.8984937471252964E-002
 Cell length (Bohr)    5.732E+00   5.732E+00   5.732E+00
 Angle     (Degree)    5.947E+01   5.947E+01   5.947E+01
 Volume    (Bohr^3)    1.316E+02

 ------------------------------------------------------------------------------
                           SETUP EWALD 
 (Ewald) eta                             :   0.7925    
 (Ewald) Real Space Cutoff               :    6.000     (Bohr)
 (Ewald) Reciprocal Cutoff               :    7.673     (1/Bohr)

 ------------------------------------------------------------------------------
                           SETUP PLANE WAVE 
 Read in WT kernel.
 kernel file name  : 1PROFESS_KERNEL.dat           
 KEDF type         :     4
 Fermi vector      :   1.182014212099E+00
 Reference density :  -1.000000000000E+00
 Mesh points       :   200002
 Fermi vector in this cell is    1.2165037610814717     
 Fermi vector from kernel file is    1.1820142120987149     
 First qNorm is    0.0000000000000000     
 size of Wang-Teter kernel in this run is            8          15          15
 Max |G| in this calculation is   1.813334894545E+01
 Max eta used from kernel is   1.490611827565E+01

 ------------------------------------------------------------------------------
                           REFRESH ION POSITIONS
  
 Calculating Ion-Ion Energy ...                   complete.     0.000 s
  
 Calculating Ion-Electron Potential (spline) ... 
 complete.     0.000 s
 Rescale the total density from   0.038607 to          1

 ------------------------------------------------------------------------------
                           DENSITY OPTIMIZATION
 Electron number for spin            1  is   0.99999999999999778     
 Cell Volume      :            19.497279 Angstrom^3
 Ion number       :                    1
 Electron number  :             1.000000
 Ion density      :             0.051289 Ion/Angstrom^3
 Electron density :             0.051289 Electron/Angstrom^3
  
 Calculating Ion-Ion Forces ...                complete.     0.000 s
  
 Calculating Ion-Electron Forces (spline) ...  complete.     0.000 s
  
 Calculating Ion-Electron Stress (spline) ...  complete.     0.000 s
  
 Calculating Ion-Ion Stress ...                complete.     0.000 s
  
 ------------------------------------------------------------------------------
                         LATTICE VECTORS (Angstrom)
 LAT 1           0.017116        2.144823        2.144824
 LAT 2           2.144823        0.017118        2.144822
 LAT 3           2.144823        2.144822        0.017117
 ------------------------------------------------------------------------------
                                STRESS (GPa)
 ST_GPa 1        0.664119        0.110177        0.110179
 ST_GPa 2        0.110177        0.664135        0.110142
 ST_GPa 3        0.110179        0.110142        0.664118
  
 --------------------------------------------------
 STRESS (a.u.)
 --------------------------------------------------
 ST_AU  1   2.2572944989E-05   3.7448344171E-06   3.7449048256E-06
 ST_AU  2   3.7448344171E-06   2.2573510101E-05   3.7436546138E-06
 ST_AU  3   3.7449048256E-06   3.7436546138E-06   2.2572927545E-05
; Cell optimization at step  5, max(stress):  0.2257E-04, total energy: -0.27911985    ;
  dV of each real space grid is now    3.8630711558942980E-002
 Cell length (Bohr)    5.719E+00   5.719E+00   5.719E+00
 Angle     (Degree)    5.937E+01   5.937E+01   5.937E+01
 Volume    (Bohr^3)    1.304E+02
  dV of each real space grid is now    3.8630711558942980E-002
 Cell length (Bohr)    5.719E+00   5.719E+00   5.719E+00
 Angle     (Degree)    5.937E+01   5.937E+01   5.937E+01
 Volume    (Bohr^3)    1.304E+02

 ------------------------------------------------------------------------------
                           SETUP EWALD 
 (Ewald) eta                             :   0.7925    
 (Ewald) Real Space Cutoff               :    6.000     (Bohr)
 (Ewald) Reciprocal Cutoff               :    7.690     (1/Bohr)

 ------------------------------------------------------------------------------
                           SETUP PLANE WAVE 
 Read in WT kernel.
 kernel file name  : 1PROFESS_KERNEL.dat           
 KEDF type         :     4
 Fermi vector      :   1.182014212099E+00
 Reference density :  -1.000000000000E+00
 Mesh points       :   200002
 Fermi vector in this cell is    1.2202107142788592     
 Fermi vector from kernel file is    1.1820142120987149     
 First qNorm is    0.0000000000000000     
 size of Wang-Teter kernel in this run is            8          15          15
 Max |G| in this calculation is   1.820150518411E+01
 Max eta used from kernel is   1.491669018401E+01

 ------------------------------------------------------------------------------
                           REFRESH ION POSITIONS
  
 Calculating Ion-Ion Energy ...                   complete.     0.000 s
  
 Calculating Ion-Electron Potential (spline) ... 
 complete.     0.000 s
 Rescale the total density from   0.038280 to          1

 ------------------------------------------------------------------------------
                           DENSITY OPTIMIZATION
 Electron number for spin            1  is    1.0000000000000004     
 Cell Volume      :            19.320123 Angstrom^3
 Ion number       :                    1
 Electron number  :             1.000000
 Ion density      :             0.051760 Ion/Angstrom^3
 Electron density :             0.051760 Electron/Angstrom^3
  
 Calculating Ion-Ion Forces ...                complete.     0.000 s
  
 Calculating Ion-Electron Forces (spline) ...  complete.     0.000 s
  
 Calculating Ion-Electron Stress (spline) ...  complete.     0.001 s
  
 Calculating Ion-Ion Stress ...                complete.     0.000 s
  
 ------------------------------------------------------------------------------
                         LATTICE VECTORS (Angstrom)
 LAT 1           0.020392        2.139986        2.139987
 LAT 2           2.139985        0.020394        2.139984
 LAT 3           2.139986        2.139984        0.020393
 ------------------------------------------------------------------------------
                                STRESS (GPa)
 ST_GPa 1        0.523804        0.134056        0.134056
 ST_GPa 2        0.134056        0.523818        0.134027
 ST_GPa 3        0.134056        0.134027        0.523803
  
 --------------------------------------------------
 STRESS (a.u.)
 --------------------------------------------------
 ST_AU  1   1.7803726851E-05   4.5564627467E-06   4.5564853692E-06
 ST_AU  2   4.5564627467E-06   1.7804230444E-05   4.5554928962E-06
 ST_AU  3   4.5564853692E-06   4.5554928962E-06   1.7803691911E-05
; Cell optimization at step  6, max(stress):  0.1780E-04, total energy: -0.27914143    ;
  dV of each real space grid is now    3.8321840115238551E-002
 Cell length (Bohr)    5.707E+00   5.707E+00   5.707E+00
 Angle     (Degree)    5.930E+01   5.930E+01   5.930E+01
 Volume    (Bohr^3)    1.293E+02
  dV of each real space grid is now    3.8321840115238551E-002
 Cell length (Bohr)    5.707E+00   5.707E+00   5.707E+00
 Angle     (Degree)    5.930E+01   5.930E+01   5.930E+01
 Volume    (Bohr^3)    1.293E+02

 ------------------------------------------------------------------------------
                           SETUP EWALD 
 (Ewald) eta                             :   0.7925    
 (Ewald) Real Space Cutoff               :    6.000     (Bohr)
 (Ewald) Reciprocal Cutoff               :    7.707     (1/Bohr)

 ------------------------------------------------------------------------------
                           SETUP PLANE WAVE 
 Read in WT kernel.
 kernel file name  : 1PROFESS_KERNEL.dat           
 KEDF type         :     4
 Fermi vector      :   1.182014212099E+00
 Reference density :  -1.000000000000E+00
 Mesh points       :   200002
 Fermi vector in this cell is    1.2234802179438946     
 Fermi vector from kernel file is    1.1820142120987149     
 First qNorm is    0.0000000000000000     
 size of Wang-Teter kernel in this run is            8          15          15
 Max |G| in this calculation is   1.825933076918E+01
 Max eta used from kernel is   1.492409153935E+01

 ------------------------------------------------------------------------------
                           REFRESH ION POSITIONS
  
 Calculating Ion-Ion Energy ...                   complete.     0.000 s
  
 Calculating Ion-Electron Potential (spline) ... 
 complete.     0.000 s
 Rescale the total density from   0.038015 to          1

 ------------------------------------------------------------------------------
                           DENSITY OPTIMIZATION
 Electron number for spin            1  is   0.99999999999999745     
 Cell Volume      :            19.165649 Angstrom^3
 Ion number       :                    1
 Electron number  :             1.000000
 Ion density      :             0.052177 Ion/Angstrom^3
 Electron density :             0.052177 Electron/Angstrom^3
  
 Calculating Ion-Ion Forces ...                complete.     0.000 s
  
 Calculating Ion-Electron Forces (spline) ...  complete.     0.000 s
  
 Calculating Ion-Electron Stress (spline) ...  complete.     0.000 s
  
 Calculating Ion-Ion Stress ...                complete.     0.000 s
  
 ------------------------------------------------------------------------------
                         LATTICE VECTORS (Angstrom)
 LAT 1           0.022660        2.135441        2.135441
 LAT 2           2.135440        0.022662        2.135438
 LAT 3           2.135440        2.135438        0.022661
 ------------------------------------------------------------------------------
                                STRESS (GPa)
 ST_GPa 1        0.396696        0.151602        0.151602
 ST_GPa 2        0.151602        0.396709        0.151580
 ST_GPa 3        0.151602        0.151580        0.396694
  
 --------------------------------------------------
 STRESS (a.u.)
 --------------------------------------------------
 ST_AU  1   1.3483415071E-05   5.1528534945E-06   5.1528407196E-06
 ST_AU  2   5.1528534945E-06   1.3483855430E-05   5.1520895255E-06
 ST_AU  3   5.1528407196E-06   5.1520895255E-06   1.3483351982E-05
; Cell optimization at step  7, max(stress):  0.1348E-04, total energy: -0.27915567    ;
  dV of each real space grid is now    3.8072566268510855E-002
 Cell length (Bohr)    5.696E+00   5.696E+00   5.696E+00
 Angle     (Degree)    5.926E+01   5.926E+01   5.926E+01
 Volume    (Bohr^3)    1.285E+02
  dV of each real space grid is now    3.8072566268510855E-002
 Cell length (Bohr)    5.696E+00   5.696E+00   5.696E+00
 Angle     (Degree)    5.926E+01   5.926E+01   5.926E+01
 Volume    (Bohr^3)    1.285E+02

 ------------------------------------------------------------------------------
                           SETUP EWALD 
 (Ewald) eta                             :   0.7978    
 (Ewald) Real Space Cutoff               :    6.000     (Bohr)
 (Ewald) Reciprocal Cutoff               :    7.721     (1/Bohr)

 ------------------------------------------------------------------------------
                           SETUP PLANE WAVE 
 Read in WT kernel.
 kernel file name  : 1PROFESS_KERNEL.dat           
 KEDF type         :     4
 Fermi vector      :   1.182014212099E+00
 Reference density :  -1.000000000000E+00
 Mesh points       :   200002
 Fermi vector in this cell is    1.2261445898271630     
 Fermi vector from kernel file is    1.1820142120987149     
 First qNorm is    0.0000000000000000     
 size of Wang-Teter kernel in this run is            8          15          15
 Max |G| in this calculation is   1.830326237779E+01
 Max eta used from kernel is   1.492749103951E+01

 ------------------------------------------------------------------------------
                           REFRESH ION POSITIONS
  
 Calculating Ion-Ion Energy ...                   complete.     0.000 s
  
 Calculating Ion-Electron Potential (spline) ... 
 complete.     0.000 s
 Rescale the total density from   0.037825 to          1

 ------------------------------------------------------------------------------
                           DENSITY OPTIMIZATION
 Electron number for spin            1  is    1.0000000000000004     
 Cell Volume      :            19.040981 Angstrom^3
 Ion number       :                    1
 Electron number  :             1.000000
 Ion density      :             0.052518 Ion/Angstrom^3
 Electron density :             0.052518 Electron/Angstrom^3
  
 Calculating Ion-Ion Forces ...                complete.     0.000 s
  
 Calculating Ion-Electron Forces (spline) ...  complete.     0.000 s
  
 Calculating Ion-Electron Stress (spline) ...  complete.     0.000 s
  
 Calculating Ion-Ion Stress ...                complete.     0.000 s
  
 ------------------------------------------------------------------------------
                         LATTICE VECTORS (Angstrom)
 LAT 1           0.023674        2.131338        2.131339
 LAT 2           2.131337        0.023677        2.131335
 LAT 3           2.131337        2.131335        0.023676
 ------------------------------------------------------------------------------
                                STRESS (GPa)
 ST_GPa 1        0.290792        0.160482        0.160481
 ST_GPa 2        0.160482        0.290803        0.160465
 ST_GPa 3        0.160481        0.160465        0.290789
  
 --------------------------------------------------
 STRESS (a.u.)
 --------------------------------------------------
 ST_AU  1   9.8838248998E-06   5.4546622338E-06   5.4546260397E-06
 ST_AU  2   5.4546622338E-06   9.8842101061E-06   5.4540906340E-06
 ST_AU  3   5.4546260397E-06   5.4540906340E-06   9.8837325793E-06
; Cell optimization at step  8, max(stress):  0.9884E-05, total energy: -0.27916446    ;
  dV of each real space grid is now    3.7888728052103665E-002
 Cell length (Bohr)    5.687E+00   5.687E+00   5.687E+00
 Angle     (Degree)    5.927E+01   5.927E+01   5.927E+01
 Volume    (Bohr^3)    1.279E+02
  dV of each real space grid is now    3.7888728052103665E-002
 Cell length (Bohr)    5.687E+00   5.687E+00   5.687E+00
 Angle     (Degree)    5.927E+01   5.927E+01   5.927E+01
 Volume    (Bohr^3)    1.279E+02

 ------------------------------------------------------------------------------
                           SETUP EWALD 
 (Ewald) eta                             :   0.7978    
 (Ewald) Real Space Cutoff               :    6.000     (Bohr)
 (Ewald) Reciprocal Cutoff               :    7.734     (1/Bohr)

 ------------------------------------------------------------------------------
                           SETUP PLANE WAVE 
 Read in WT kernel.
 kernel file name  : 1PROFESS_KERNEL.dat           
 KEDF type         :     4
 Fermi vector      :   1.182014212099E+00
 Reference density :  -1.000000000000E+00
 Mesh points       :   200002
 Fermi vector in this cell is    1.2281244983178516     
 Fermi vector from kernel file is    1.1820142120987149     
 First qNorm is    0.0000000000000000     
 size of Wang-Teter kernel in this run is            8          15          15
 Max |G| in this calculation is   1.833165712302E+01
 Max eta used from kernel is   1.492654624847E+01

 ------------------------------------------------------------------------------
                           REFRESH ION POSITIONS
  
 Calculating Ion-Ion Energy ...                   complete.     0.000 s
  
 Calculating Ion-Electron Potential (spline) ... 
 complete.     0.000 s
 Rescale the total density from   0.037706 to          1

 ------------------------------------------------------------------------------
                           DENSITY OPTIMIZATION
 Electron number for spin            1  is   0.99999999999999956     
 Cell Volume      :            18.949039 Angstrom^3
 Ion number       :                    1
 Electron number  :             1.000000
 Ion density      :             0.052773 Ion/Angstrom^3
 Electron density :             0.052773 Electron/Angstrom^3
  
 Calculating Ion-Ion Forces ...                complete.     0.000 s
  
 Calculating Ion-Electron Forces (spline) ...  complete.     0.000 s
  
 Calculating Ion-Electron Stress (spline) ...  complete.     0.000 s
  
 Calculating Ion-Ion Stress ...                complete.     0.000 s
  
 ------------------------------------------------------------------------------
                         LATTICE VECTORS (Angstrom)
 LAT 1           0.023340        2.127753        2.127754
 LAT 2           2.127752        0.023343        2.127750
 LAT 3           2.127752        2.127749        0.023342
 ------------------------------------------------------------------------------
                                STRESS (GPa)
 ST_GPa 1        0.210840        0.159538        0.159536
 ST_GPa 2        0.159538        0.210851        0.159526
 ST_GPa 3        0.159536        0.159526        0.210837
  
 --------------------------------------------------
 STRESS (a.u.)
 --------------------------------------------------
 ST_AU  1   7.1663064603E-06   5.4225747845E-06   5.4225321107E-06
 ST_AU  2   5.4225747845E-06   7.1666807335E-06   5.4221642169E-06
 ST_AU  3   5.4225321107E-06   5.4221642169E-06   7.1662136205E-06
; Cell optimization at step  9, max(stress):  0.7167E-05, total energy: -0.27917005    ;
  dV of each real space grid is now    3.7764843934124902E-002
 Cell length (Bohr)    5.678E+00   5.678E+00   5.678E+00
 Angle     (Degree)    5.932E+01   5.932E+01   5.932E+01
 Volume    (Bohr^3)    1.275E+02
  dV of each real space grid is now    3.7764843934124902E-002
 Cell length (Bohr)    5.678E+00   5.678E+00   5.678E+00
 Angle     (Degree)    5.932E+01   5.932E+01   5.932E+01
 Volume    (Bohr^3)    1.275E+02

 ------------------------------------------------------------------------------
                           SETUP EWALD 
 (Ewald) eta                             :   0.7978    
 (Ewald) Real Space Cutoff               :    6.000     (Bohr)
 (Ewald) Reciprocal Cutoff               :    7.746     (1/Bohr)

 ------------------------------------------------------------------------------
                           SETUP PLANE WAVE 
 Read in WT kernel.
 kernel file name  : 1PROFESS_KERNEL.dat           
 KEDF type         :     4
 Fermi vector      :   1.182014212099E+00
 Reference density :  -1.000000000000E+00
 Mesh points       :   200002
 Fermi vector in this cell is    1.2294659492626072     
 Fermi vector from kernel file is    1.1820142120987149     
 First qNorm is    0.0000000000000000     
 size of Wang-Teter kernel in this run is            8          15          15
 Max |G| in this calculation is   1.834559540166E+01
 Max eta used from kernel is   1.492159698498E+01

 ------------------------------------------------------------------------------
                           REFRESH ION POSITIONS
  
 Calculating Ion-Ion Energy ...                   complete.     0.000 s
  
 Calculating Ion-Electron Potential (spline) ... 
 complete.     0.000 s
 Rescale the total density from   0.037641 to          1

 ------------------------------------------------------------------------------
                           DENSITY OPTIMIZATION
 Electron number for spin            1  is   0.99999999999999878     
 Cell Volume      :            18.887082 Angstrom^3
 Ion number       :                    1
 Electron number  :             1.000000
 Ion density      :             0.052946 Ion/Angstrom^3
 Electron density :             0.052946 Electron/Angstrom^3
  
 Calculating Ion-Ion Forces ...                complete.     0.000 s
  
 Calculating Ion-Electron Forces (spline) ...  complete.     0.000 s
  
 Calculating Ion-Electron Stress (spline) ...  complete.     0.000 s
  
 Calculating Ion-Ion Stress ...                complete.     0.000 s
  
 ------------------------------------------------------------------------------
                         LATTICE VECTORS (Angstrom)
 LAT 1           0.021768        2.124650        2.124651
 LAT 2           2.124649        0.021771        2.124647
 LAT 3           2.124649        2.124646        0.021770
 ------------------------------------------------------------------------------
                                STRESS (GPa)
 ST_GPa 1        0.156138        0.149369        0.149367
 ST_GPa 2        0.149369        0.156147        0.149361
 ST_GPa 3        0.149367        0.149361        0.156134
  
 --------------------------------------------------
 STRESS (a.u.)
 --------------------------------------------------
 ST_AU  1   5.3070097180E-06   5.0769421806E-06   5.0768788282E-06
 ST_AU  2   5.0769421806E-06   5.3073285320E-06   5.0766820526E-06
 ST_AU  3   5.0768788282E-06   5.0766820526E-06   5.3068951902E-06
; Cell optimization at step 10, max(stress):  0.5307E-05, total energy: -0.27917415    ;
  dV of each real space grid is now    3.7685437127411257E-002
 Cell length (Bohr)    5.671E+00   5.671E+00   5.671E+00
 Angle     (Degree)    5.940E+01   5.940E+01   5.940E+01
 Volume    (Bohr^3)    1.272E+02
  dV of each real space grid is now    3.7685437127411257E-002
 Cell length (Bohr)    5.671E+00   5.671E+00   5.671E+00
 Angle     (Degree)    5.940E+01   5.940E+01   5.940E+01
 Volume    (Bohr^3)    1.272E+02

 ------------------------------------------------------------------------------
                           SETUP EWALD 
 (Ewald) eta                             :   0.7978    
 (Ewald) Real Space Cutoff               :    6.000     (Bohr)
 (Ewald) Reciprocal Cutoff               :    7.756     (1/Bohr)

 ------------------------------------------------------------------------------
                           SETUP PLANE WAVE 
 Read in WT kernel.
 kernel file name  : 1PROFESS_KERNEL.dat           
 KEDF type         :     4
 Fermi vector      :   1.182014212099E+00
 Reference density :  -1.000000000000E+00
 Mesh points       :   200002
 Fermi vector in this cell is    1.2303288774218859     
 Fermi vector from kernel file is    1.1820142120987149     
 First qNorm is    0.0000000000000000     
 size of Wang-Teter kernel in this run is            8          15          15
 Max |G| in this calculation is   1.834865952643E+01
 Max eta used from kernel is   1.491362176663E+01

 ------------------------------------------------------------------------------
                           REFRESH ION POSITIONS
  
 Calculating Ion-Ion Energy ...                   complete.     0.000 s
  
 Calculating Ion-Electron Potential (spline) ... 
 complete.     0.000 s
 Rescale the total density from   0.037606 to          1

 ------------------------------------------------------------------------------
                           DENSITY OPTIMIZATION
 Electron number for spin            1  is    1.0000000000000020     
 Cell Volume      :            18.847369 Angstrom^3
 Ion number       :                    1
 Electron number  :             1.000000
 Ion density      :             0.053058 Ion/Angstrom^3
 Electron density :             0.053058 Electron/Angstrom^3
  
 Calculating Ion-Ion Forces ...                complete.     0.000 s
  
 Calculating Ion-Electron Forces (spline) ...  complete.     0.000 s
  
 Calculating Ion-Electron Stress (spline) ...  complete.     0.000 s
  
 Calculating Ion-Ion Stress ...                complete.     0.000 s
  
 ------------------------------------------------------------------------------
                         LATTICE VECTORS (Angstrom)
 LAT 1           0.019263        2.121903        2.121904
 LAT 2           2.121902        0.019266        2.121900
 LAT 3           2.121902        2.121898        0.019265
 ------------------------------------------------------------------------------
                                STRESS (GPa)
 ST_GPa 1        0.120799        0.132217        0.132215
 ST_GPa 2        0.132217        0.120808        0.132212
 ST_GPa 3        0.132215        0.132212        0.120796
  
 --------------------------------------------------
 STRESS (a.u.)
 --------------------------------------------------
 ST_AU  1   4.1058735192E-06   4.4939690918E-06   4.4939047323E-06
 ST_AU  2   4.4939690918E-06   4.1061771303E-06   4.4938117906E-06
 ST_AU  3   4.4939047323E-06   4.4938117906E-06   4.1057632975E-06
; Cell optimization at step 11, max(stress):  0.4494E-05, total energy: -0.27917760    ;
  dV of each real space grid is now    3.7631056869096943E-002
 Cell length (Bohr)    5.664E+00   5.664E+00   5.664E+00
 Angle     (Degree)    5.949E+01   5.949E+01   5.949E+01
 Volume    (Bohr^3)    1.270E+02
  dV of each real space grid is now    3.7631056869096943E-002
 Cell length (Bohr)    5.664E+00   5.664E+00   5.664E+00
 Angle     (Degree)    5.949E+01   5.949E+01   5.949E+01
 Volume    (Bohr^3)    1.270E+02

 ------------------------------------------------------------------------------
                           SETUP EWALD 
 (Ewald) eta                             :   0.8031    
 (Ewald) Real Space Cutoff               :    6.000     (Bohr)
 (Ewald) Reciprocal Cutoff               :    7.765     (1/Bohr)

 ------------------------------------------------------------------------------
                           SETUP PLANE WAVE 
 Read in WT kernel.
 kernel file name  : 1PROFESS_KERNEL.dat           
 KEDF type         :     4
 Fermi vector      :   1.182014212099E+00
 Reference density :  -1.000000000000E+00
 Mesh points       :   200002
 Fermi vector in this cell is    1.2309212374331482     
 Fermi vector from kernel file is    1.1820142120987149     
 First qNorm is    0.0000000000000000     
 size of Wang-Teter kernel in this run is            8          15          15
 Max |G| in this calculation is   1.834556264123E+01
 Max eta used from kernel is   1.490392893008E+01

 ------------------------------------------------------------------------------
                           REFRESH ION POSITIONS
  
 Calculating Ion-Ion Energy ...                   complete.     0.000 s
  
 Calculating Ion-Electron Potential (spline) ... 
 complete.     0.000 s
 Rescale the total density from   0.037577 to          1

 ------------------------------------------------------------------------------
                           DENSITY OPTIMIZATION
 Electron number for spin            1  is    1.0000000000000033     
 Cell Volume      :            18.820172 Angstrom^3
 Ion number       :                    1
 Electron number  :             1.000000
 Ion density      :             0.053134 Ion/Angstrom^3
 Electron density :             0.053134 Electron/Angstrom^3
  
 Calculating Ion-Ion Forces ...                complete.     0.000 s
  
 Calculating Ion-Electron Forces (spline) ...  complete.     0.000 s
  
 Calculating Ion-Electron Stress (spline) ...  complete.     0.000 s
  
 Calculating Ion-Ion Stress ...                complete.     0.000 s
  
 ------------------------------------------------------------------------------
                         LATTICE VECTORS (Angstrom)
 LAT 1           0.016228        2.119356        2.119358
 LAT 2           2.119355        0.016231        2.119353
 LAT 3           2.119355        2.119351        0.016230
 ------------------------------------------------------------------------------
                                STRESS (GPa)
 ST_GPa 1        0.096445        0.111180        0.111178
 ST_GPa 2        0.111180        0.096454        0.111177
 ST_GPa 3        0.111178        0.111177        0.096443
  
 --------------------------------------------------
 STRESS (a.u.)
 --------------------------------------------------
 ST_AU  1   3.2781155148E-06   3.7789224566E-06   3.7788596280E-06
 ST_AU  2   3.7789224566E-06   3.2784084416E-06   3.7788377970E-06
 ST_AU  3   3.7788596280E-06   3.7788377970E-06   3.2780180549E-06
; Cell optimization at step 12, max(stress):  0.3779E-05, total energy: -0.27918057    ;
  dV of each real space grid is now    3.7586605495161893E-002
 Cell length (Bohr)    5.657E+00   5.657E+00   5.657E+00
 Angle     (Degree)    5.959E+01   5.959E+01   5.959E+01
 Volume    (Bohr^3)    1.269E+02
  dV of each real space grid is now    3.7586605495161893E-002
 Cell length (Bohr)    5.657E+00   5.657E+00   5.657E+00
 Angle     (Degree)    5.959E+01   5.959E+01   5.959E+01
 Volume    (Bohr^3)    1.269E+02

 ------------------------------------------------------------------------------
                           SETUP EWALD 
 (Ewald) eta                             :   0.8031    
 (Ewald) Real Space Cutoff               :    6.000     (Bohr)
 (Ewald) Reciprocal Cutoff               :    7.774     (1/Bohr)

 ------------------------------------------------------------------------------
                           SETUP PLANE WAVE 
 Read in WT kernel.
 kernel file name  : 1PROFESS_KERNEL.dat           
 KEDF type         :     4
 Fermi vector      :   1.182014212099E+00
 Reference density :  -1.000000000000E+00
 Mesh points       :   200002
 Fermi vector in this cell is    1.2314062912960133     
 Fermi vector from kernel file is    1.1820142120987149     
 First qNorm is    0.0000000000000000     
 size of Wang-Teter kernel in this run is            8          15          15
 Max |G| in this calculation is   1.834021172231E+01
 Max eta used from kernel is   1.489371286467E+01

 ------------------------------------------------------------------------------
                           REFRESH ION POSITIONS
  
 Calculating Ion-Ion Energy ...                   complete.     0.000 s
  
 Calculating Ion-Electron Potential (spline) ... 
 complete.     0.000 s
 Rescale the total density from   0.037542 to          1

 ------------------------------------------------------------------------------
                           DENSITY OPTIMIZATION
 Electron number for spin            1  is   0.99999999999999889     
 Cell Volume      :            18.797941 Angstrom^3
 Ion number       :                    1
 Electron number  :             1.000000
 Ion density      :             0.053197 Ion/Angstrom^3
 Electron density :             0.053197 Electron/Angstrom^3
  
 Calculating Ion-Ion Forces ...                complete.     0.000 s
  
 Calculating Ion-Electron Forces (spline) ...  complete.     0.000 s
  
 Calculating Ion-Electron Stress (spline) ...  complete.     0.000 s
  
 Calculating Ion-Ion Stress ...                complete.     0.000 s
  
 ------------------------------------------------------------------------------
                         LATTICE VECTORS (Angstrom)
 LAT 1           0.013032        2.116916        2.116918
 LAT 2           2.116915        0.013037        2.116913
 LAT 3           2.116915        2.116911        0.013035
 ------------------------------------------------------------------------------
                                STRESS (GPa)
 ST_GPa 1        0.076518        0.089026        0.089024
 ST_GPa 2        0.089026        0.076526        0.089025
 ST_GPa 3        0.089024        0.089025        0.076516
  
 --------------------------------------------------
 STRESS (a.u.)
 --------------------------------------------------
 ST_AU  1   2.6007904786E-06   3.0259265406E-06   3.0258695504E-06
 ST_AU  2   3.0259265406E-06   2.6010783008E-06   3.0258836669E-06
 ST_AU  3   3.0258695504E-06   3.0258836669E-06   2.6007117084E-06
; Cell optimization at step 13, max(stress):  0.3026E-05, total energy: -0.27918300    ;
  dV of each real space grid is now    3.7545460995048935E-002
 Cell length (Bohr)    5.651E+00   5.651E+00   5.651E+00
 Angle     (Degree)    5.969E+01   5.969E+01   5.969E+01
 Volume    (Bohr^3)    1.267E+02
  dV of each real space grid is now    3.7545460995048935E-002
 Cell length (Bohr)    5.651E+00   5.651E+00   5.651E+00
 Angle     (Degree)    5.969E+01   5.969E+01   5.969E+01
 Volume    (Bohr^3)    1.267E+02

 ------------------------------------------------------------------------------
                           SETUP EWALD 
 (Ewald) eta                             :   0.8031    
 (Ewald) Real Space Cutoff               :    6.000     (Bohr)
 (Ewald) Reciprocal Cutoff               :    7.783     (1/Bohr)

 ------------------------------------------------------------------------------
                           SETUP PLANE WAVE 
 Read in WT kernel.
 kernel file name  : 1PROFESS_KERNEL.dat           
 KEDF type         :     4
 Fermi vector      :   1.182014212099E+00
 Reference density :  -1.000000000000E+00
 Mesh points       :   200002
 Fermi vector in this cell is    1.2318559426322200     
 Fermi vector from kernel file is    1.1820142120987149     
 First qNorm is    0.0000000000000000     
 size of Wang-Teter kernel in this run is            8          15          15
 Max |G| in this calculation is   1.833472015497E+01
 Max eta used from kernel is   1.488381840801E+01

 ------------------------------------------------------------------------------
                           REFRESH ION POSITIONS
  
 Calculating Ion-Ion Energy ...                   complete.     0.000 s
  
 Calculating Ion-Electron Potential (spline) ... 
 complete.     0.000 s
 Rescale the total density from   0.037504 to          1

 ------------------------------------------------------------------------------
                           DENSITY OPTIMIZATION
 Electron number for spin            1  is    1.0000000000000016     
 Cell Volume      :            18.777363 Angstrom^3
 Ion number       :                    1
 Electron number  :             1.000000
 Ion density      :             0.053256 Ion/Angstrom^3
 Electron density :             0.053256 Electron/Angstrom^3
  
 Calculating Ion-Ion Forces ...                complete.     0.000 s
  
 Calculating Ion-Electron Forces (spline) ...  complete.     0.000 s
  
 Calculating Ion-Electron Stress (spline) ...  complete.     0.000 s
  
 Calculating Ion-Ion Stress ...                complete.     0.000 s
  
 ------------------------------------------------------------------------------
                         LATTICE VECTORS (Angstrom)
 LAT 1           0.009939        2.114590        2.114593
 LAT 2           2.114590        0.009944        2.114588
 LAT 3           2.114590        2.114585        0.009941
 ------------------------------------------------------------------------------
                                STRESS (GPa)
 ST_GPa 1        0.057895        0.067668        0.067667
 ST_GPa 2        0.067668        0.057903        0.067668
 ST_GPa 3        0.067667        0.067668        0.057893
  
 --------------------------------------------------
 STRESS (a.u.)
 --------------------------------------------------
 ST_AU  1   1.9677946554E-06   2.3000049585E-06   2.2999549687E-06
 ST_AU  2   2.3000049585E-06   1.9680759827E-06   2.2999857439E-06
 ST_AU  3   2.2999549687E-06   2.2999857439E-06   1.9677359958E-06
; Cell optimization at step 14, max(stress):  0.2300E-05, total energy: -0.27918483    ;
  dV of each real space grid is now    3.7508555411138449E-002
 Cell length (Bohr)    5.646E+00   5.646E+00   5.646E+00
 Angle     (Degree)    5.978E+01   5.978E+01   5.978E+01
 Volume    (Bohr^3)    1.266E+02
  dV of each real space grid is now    3.7508555411138449E-002
 Cell length (Bohr)    5.646E+00   5.646E+00   5.646E+00
 Angle     (Degree)    5.978E+01   5.978E+01   5.978E+01
 Volume    (Bohr^3)    1.266E+02

 ------------------------------------------------------------------------------
                           SETUP EWALD 
 (Ewald) eta                             :   0.8031    
 (Ewald) Real Space Cutoff               :    6.000     (Bohr)
 (Ewald) Reciprocal Cutoff               :    7.791     (1/Bohr)

 ------------------------------------------------------------------------------
                           SETUP PLANE WAVE 
 Read in WT kernel.
 kernel file name  : 1PROFESS_KERNEL.dat           
 KEDF type         :     4
 Fermi vector      :   1.182014212099E+00
 Reference density :  -1.000000000000E+00
 Mesh points       :   200002
 Fermi vector in this cell is    1.2322598279146899     
 Fermi vector from kernel file is    1.1820142120987149     
 First qNorm is    0.0000000000000000     
 size of Wang-Teter kernel in this run is            8          15          15
 Max |G| in this calculation is   1.832956376826E+01
 Max eta used from kernel is   1.487475559377E+01

 ------------------------------------------------------------------------------
                           REFRESH ION POSITIONS
  
 Calculating Ion-Ion Energy ...                   complete.     0.000 s
  
 Calculating Ion-Electron Potential (spline) ... 
 complete.     0.000 s
 Rescale the total density from   0.037472 to          1

 ------------------------------------------------------------------------------
                           DENSITY OPTIMIZATION
 Electron number for spin            1  is   0.99999999999999944     
 Cell Volume      :            18.758906 Angstrom^3
 Ion number       :                    1
 Electron number  :             1.000000
 Ion density      :             0.053308 Ion/Angstrom^3
 Electron density :             0.053308 Electron/Angstrom^3
  
 Calculating Ion-Ion Forces ...                complete.     0.000 s
  
 Calculating Ion-Electron Forces (spline) ...  complete.     0.000 s
  
 Calculating Ion-Electron Stress (spline) ...  complete.     0.000 s
  
 Calculating Ion-Ion Stress ...                complete.     0.000 s
  
 ------------------------------------------------------------------------------
                         LATTICE VECTORS (Angstrom)
 LAT 1           0.007107        2.112477        2.112479
 LAT 2           2.112477        0.007112        2.112475
 LAT 3           2.112477        2.112472        0.007109
 ------------------------------------------------------------------------------
                                STRESS (GPa)
 ST_GPa 1        0.041087        0.048175        0.048173
 ST_GPa 2        0.048175        0.041094        0.048175
 ST_GPa 3        0.048173        0.048175        0.041085
  
 --------------------------------------------------
 STRESS (a.u.)
 --------------------------------------------------
 ST_AU  1   1.3965285200E-06   1.6374254160E-06   1.6373660460E-06
 ST_AU  2   1.6374254160E-06   1.3967521946E-06   1.6374302941E-06
 ST_AU  3   1.6373660460E-06   1.6374302941E-06   1.3964670748E-06
; Cell optimization at step 15, max(stress):  0.1637E-05, total energy: -0.27918606    ;
  dV of each real space grid is now    3.7477355677320322E-002
 Cell length (Bohr)    5.641E+00   5.641E+00   5.641E+00
 Angle     (Degree)    5.985E+01   5.985E+01   5.985E+01
 Volume    (Bohr^3)    1.265E+02
  dV of each real space grid is now    3.7477355677320322E-002
 Cell length (Bohr)    5.641E+00   5.641E+00   5.641E+00
 Angle     (Degree)    5.985E+01   5.985E+01   5.985E+01
 Volume    (Bohr^3)    1.265E+02

 ------------------------------------------------------------------------------
                           SETUP EWALD 
 (Ewald) eta                             :   0.8031    
 (Ewald) Real Space Cutoff               :    6.000     (Bohr)
 (Ewald) Reciprocal Cutoff               :    7.797     (1/Bohr)

 ------------------------------------------------------------------------------
                           SETUP PLANE WAVE 
 Read in WT kernel.
 kernel file name  : 1PROFESS_KERNEL.dat           
 KEDF type         :     4
 Fermi vector      :   1.182014212099E+00
 Reference density :  -1.000000000000E+00
 Mesh points       :   200002
 Fermi vector in this cell is    1.2326016833640618     
 Fermi vector from kernel file is    1.1820142120987149     
 First qNorm is    0.0000000000000000     
 size of Wang-Teter kernel in this run is            8          15          15
 Max |G| in this calculation is   1.832507659112E+01
 Max eta used from kernel is   1.486698974895E+01

 ------------------------------------------------------------------------------
                           REFRESH ION POSITIONS
  
 Calculating Ion-Ion Energy ...                   complete.     0.000 s
  
 Calculating Ion-Electron Potential (spline) ... 
 complete.     0.000 s
 Rescale the total density from   0.037446 to          1

 ------------------------------------------------------------------------------
                           DENSITY OPTIMIZATION
 Electron number for spin            1  is    1.0000000000000000     
 Cell Volume      :            18.743302 Angstrom^3
 Ion number       :                    1
 Electron number  :             1.000000
 Ion density      :             0.053352 Ion/Angstrom^3
 Electron density :             0.053352 Electron/Angstrom^3
  
 Calculating Ion-Ion Forces ...                complete.     0.000 s
  
 Calculating Ion-Electron Forces (spline) ...  complete.     0.000 s
  
 Calculating Ion-Electron Stress (spline) ...  complete.     0.000 s
  
 Calculating Ion-Ion Stress ...                complete.     0.000 s
  
 ------------------------------------------------------------------------------
                         LATTICE VECTORS (Angstrom)
 LAT 1           0.004681        2.110675        2.110678
 LAT 2           2.110676        0.004686        2.110674
 LAT 3           2.110675        2.110670        0.004683
 ------------------------------------------------------------------------------
                                STRESS (GPa)
 ST_GPa 1        0.026784        0.031540        0.031539
 ST_GPa 2        0.031540        0.026791        0.031539
 ST_GPa 3        0.031539        0.031539        0.026783
  
 --------------------------------------------------
 STRESS (a.u.)
 --------------------------------------------------
 ST_AU  1   9.1036406766E-07   1.0720274356E-06   1.0720053988E-06
 ST_AU  2   1.0720274356E-06   9.1061700660E-07   1.0720059088E-06
 ST_AU  3   1.0720053988E-06   1.0720059088E-06   9.1034357858E-07
; Cell optimization at step 16, max(stress):  0.1072E-05, total energy: -0.27918678    ;
  dV of each real space grid is now    3.7453244596563406E-002
 Cell length (Bohr)    5.637E+00   5.637E+00   5.637E+00
 Angle     (Degree)    5.991E+01   5.991E+01   5.991E+01
 Volume    (Bohr^3)    1.264E+02
  dV of each real space grid is now    3.7453244596563406E-002
 Cell length (Bohr)    5.637E+00   5.637E+00   5.637E+00
 Angle     (Degree)    5.991E+01   5.991E+01   5.991E+01
 Volume    (Bohr^3)    1.264E+02

 ------------------------------------------------------------------------------
                           SETUP EWALD 
 (Ewald) eta                             :   0.8031    
 (Ewald) Real Space Cutoff               :    6.000     (Bohr)
 (Ewald) Reciprocal Cutoff               :    7.802     (1/Bohr)

 ------------------------------------------------------------------------------
                           SETUP PLANE WAVE 
 Read in WT kernel.
 kernel file name  : 1PROFESS_KERNEL.dat           
 KEDF type         :     4
 Fermi vector      :   1.182014212099E+00
 Reference density :  -1.000000000000E+00
 Mesh points       :   200002
 Fermi vector in this cell is    1.2328661284867108     
 Fermi vector from kernel file is    1.1820142120987149     
 First qNorm is    0.0000000000000000     
 size of Wang-Teter kernel in this run is            8          15          15
 Max |G| in this calculation is   1.832145957165E+01
 Max eta used from kernel is   1.486086700601E+01

 ------------------------------------------------------------------------------
                           REFRESH ION POSITIONS
  
 Calculating Ion-Ion Energy ...                   complete.     0.000 s
  
 Calculating Ion-Electron Potential (spline) ... 
 complete.     0.000 s
 Rescale the total density from   0.037429 to          1

 ------------------------------------------------------------------------------
                           DENSITY OPTIMIZATION
 Electron number for spin            1  is   0.99999999999999634     
 Cell Volume      :            18.731244 Angstrom^3
 Ion number       :                    1
 Electron number  :             1.000000
 Ion density      :             0.053387 Ion/Angstrom^3
 Electron density :             0.053387 Electron/Angstrom^3
  
 Calculating Ion-Ion Forces ...                complete.     0.000 s
  
 Calculating Ion-Electron Forces (spline) ...  complete.     0.000 s
  
 Calculating Ion-Electron Stress (spline) ...  complete.     0.000 s
  
 Calculating Ion-Ion Stress ...                complete.     0.000 s
  
 ------------------------------------------------------------------------------
                         LATTICE VECTORS (Angstrom)
 LAT 1           0.002768        2.109265        2.109268
 LAT 2           2.109266        0.002773        2.109264
 LAT 3           2.109265        2.109260        0.002770
 ------------------------------------------------------------------------------
                                STRESS (GPa)
 ST_GPa 1        0.015656        0.018459        0.018458
 ST_GPa 2        0.018459        0.015663        0.018459
 ST_GPa 3        0.018458        0.018459        0.015656
  
 --------------------------------------------------
 STRESS (a.u.)
 --------------------------------------------------
 ST_AU  1   5.3214738140E-07   6.2741356000E-07   6.2737233268E-07
 ST_AU  2   6.2741356000E-07   5.3236282288E-07   6.2741919288E-07
 ST_AU  3   6.2737233268E-07   6.2741919288E-07   5.3213372564E-07
; Cell optimization at step 17, max(stress):  0.6274E-06, total energy: -0.27918713    ;
  dV of each real space grid is now    3.7436358030748275E-002
 Cell length (Bohr)    5.634E+00   5.634E+00   5.634E+00
 Angle     (Degree)    5.996E+01   5.996E+01   5.996E+01
 Volume    (Bohr^3)    1.263E+02
  dV of each real space grid is now    3.7436358030748275E-002
 Cell length (Bohr)    5.634E+00   5.634E+00   5.634E+00
 Angle     (Degree)    5.996E+01   5.996E+01   5.996E+01
 Volume    (Bohr^3)    1.263E+02

 ------------------------------------------------------------------------------
                           SETUP EWALD 
 (Ewald) eta                             :   0.8031    
 (Ewald) Real Space Cutoff               :    6.000     (Bohr)
 (Ewald) Reciprocal Cutoff               :    7.806     (1/Bohr)

 ------------------------------------------------------------------------------
                           SETUP PLANE WAVE 
 Read in WT kernel.
 kernel file name  : 1PROFESS_KERNEL.dat           
 KEDF type         :     4
 Fermi vector      :   1.182014212099E+00
 Reference density :  -1.000000000000E+00
 Mesh points       :   200002
 Fermi vector in this cell is    1.2330514718856156     
 Fermi vector from kernel file is    1.1820142120987149     
 First qNorm is    0.0000000000000000     
 size of Wang-Teter kernel in this run is            8          15          15
 Max |G| in this calculation is   1.831890520464E+01
 Max eta used from kernel is   1.485656164590E+01

 ------------------------------------------------------------------------------
                           REFRESH ION POSITIONS
  
 Calculating Ion-Ion Energy ...                   complete.     0.000 s
  
 Calculating Ion-Electron Potential (spline) ... 
 complete.     0.000 s
 Rescale the total density from   0.037419 to          1

 ------------------------------------------------------------------------------
                           DENSITY OPTIMIZATION
 Electron number for spin            1  is   0.99999999999999922     
 Cell Volume      :            18.722798 Angstrom^3
 Ion number       :                    1
 Electron number  :             1.000000
 Ion density      :             0.053411 Ion/Angstrom^3
 Electron density :             0.053411 Electron/Angstrom^3
  
 Calculating Ion-Ion Forces ...                complete.     0.000 s
  
 Calculating Ion-Electron Forces (spline) ...  complete.     0.000 s
  
 Calculating Ion-Electron Stress (spline) ...  complete.     0.000 s
  
 Calculating Ion-Ion Stress ...                complete.     0.000 s
  
 ------------------------------------------------------------------------------
                         LATTICE VECTORS (Angstrom)
 LAT 1           0.001423        2.108275        2.108278
 LAT 2           2.108276        0.001429        2.108274
 LAT 3           2.108275        2.108270        0.001425
 ------------------------------------------------------------------------------
                                STRESS (GPa)
 ST_GPa 1        0.007875        0.009273        0.009272
 ST_GPa 2        0.009273        0.007880        0.009273
 ST_GPa 3        0.009272        0.009273        0.007874
  
 --------------------------------------------------
 STRESS (a.u.)
 --------------------------------------------------
 ST_AU  1   2.6765223353E-07   3.1518008588E-07   3.1515544436E-07
 ST_AU  2   3.1518008588E-07   2.6783776503E-07   3.1517517262E-07
 ST_AU  3   3.1515544436E-07   3.1517517262E-07   2.6764857978E-07
; Cell optimization at step 18, max(stress):  0.3152E-06, total energy: -0.27918727    ;
##############################################################################
#                               FINAL ENERGIES                       time    #
##############################################################################
# Thomas-Fermi Kin. Energy =   3.143287849476E+00 eV                 0.000 s #
# Von-Weizsacker Kin. Ener =   2.501874183450E-01 eV                 0.000 s #
# Wang-Teter Kinetic Energ =  -7.355334857905E-02 eV                 0.000 s #
#                                                                            #
#     LDA Exch-Corr Energy =  -5.023427618078E+00 eV                 0.000 s #
#         Coulombic Energy =   1.419049280006E-02 eV                 0.000 s #
#      Ion-Electron Energy =   1.923612825727E+00 eV                 0.000 s #
#           Ion-Ion Energy =  -7.831369578037E+00 eV                 0.000 s #
#                                                                            #
#     TOTAL KINETIC ENERGY =   3.319921919242E+00 eV                         #
#   TOTAL POTENTIAL ENERGY =  -1.091699387759E+01 eV                         #
#             TOTAL ENERGY =  -7.597071958346E+00 eV                         #
##############################################################################
  
 ----------------------------- TIME INFORMATION ------------------------------
    PROFESS      :      4.72s WALL    100.00% (       1 calls)     4.72s/call
    InitPROFESS  :      0.20s WALL      4.32% (       1 calls)     0.20s/call
    KEDFRefresh  :      3.35s WALL     70.91% (      18 calls)     0.19s/call
    IonRefresh   :      0.01s WALL      0.18% (      18 calls)     0.00s/call
    EwaldEnergy  :      0.00s WALL      0.08% (      18 calls)     0.00s/call
    Pot_Ion      :      0.00s WALL      0.03% (     739 calls)     0.00s/call
    Pot_Har      :      0.04s WALL      0.78% (     739 calls)     0.00s/call
    Pot_Exc      :      0.22s WALL      4.60% (     739 calls)     0.00s/call
    Pot_KEDF     :      0.90s WALL     19.05% (     739 calls)     0.00s/call
    VWPotSqrPlus :      0.03s WALL      0.69% (     739 calls)     0.00s/call
    NextGradient :      0.00s WALL      0.04% (      57 calls)     0.00s/call
    CalForce     :      0.01s WALL      0.15% (      18 calls)     0.00s/call
    EwaldForces  :      0.00s WALL      0.08% (      18 calls)     0.00s/call
    CalStress    :      0.04s WALL      0.88% (      18 calls)     0.00s/call
    EwaldStress  :      0.00s WALL      0.04% (      18 calls)     0.00s/call
 -----------------------------------------------------------------------------
 ------------------------------- TOTAL ---------------------------------------
    PROFESS      :      4.72s WALL    100.00% (       1 calls)     4.72s/call
 -----------------------------------------------------------------------------

Run completed on: 08/14/2021 at 17:31:31 
  
