 ******************************************************************************
                             WELCOME TO PROFESS                   
            (PRinceton Orbital-Free Electronic Structure Software) 
 ******************************************************************************

 ------------------------------------------------------------------------------
                           READ GEOMETRY
 Cell length (Bohr)    1.259E+01   1.259E+01   1.259E+01
 Angle     (Degree)    9.000E+01   9.000E+01   9.000E+01
 Volume    (Bohr^3)    1.994E+03

 ------------------------------------------------------------------------------
                           READ PSEUDOPOTENTIAL
 Total electron number in ReadPseudo is    64.000000000000000     
 (System) Machine Precision              :    2.2204460492503131E-016

 ------------------------------------------------------------------------------
                           SETUP FFT
 Global FFT Dimension :    75   75   75
 Dimension of rho for this processor : 
 xmin, xmax :            0          74
 ymin, ymax :            0          74
 zmin, zmax :            0          74
 Total electron number =    64.000000000000000     
 Uniform rhoR =    3.2100721491986048E-002
 (GB INFO) FFT size      :       75      75      75
 (GB INFO) FFT offset    :        0
 (GB INFO) FFT G size    :       38      75      75
 (GB INFO) FFT G offset  :        0

 ------------------------------------------------------------------------------
                           SETUP KEDF
 kinetic energy density functional number is           11
 ( 1=TF, 2=VW, 3=TF+VW, 4=WT,  5=WGC,  
   7=LQ, 8=HQ, 10=CAT,  11=HC, 12=WGCD,
   15=GGA, 16=WGCD+GGA, 17=EVT, 18=EVC )
 qTable dimension:    38   75   75
 rhoS=   3.2100721491986048E-002
 rho0=   3.2100721491986048E-002
 coefficients for TF KEDF is     1.000000
 coefficients for VW KEDF is     1.000000
 Lambda in HC10 is set to     0.010000
 ALPHA  in HC10 is set to     2.016667
 BETA   in HC10 is set to     0.650000
 Sum of alpha and beta is     2.666667
  dV of each real space grid is now    4.7258658576124699E-003
 Cell length (Bohr)    1.259E+01   1.259E+01   1.259E+01
 Angle     (Degree)    9.000E+01   9.000E+01   9.000E+01
 Volume    (Bohr^3)    1.994E+03

 ------------------------------------------------------------------------------
                           SETUP EWALD 
 (Ewald) eta                             :    1.200    
 (Ewald) Real Space Cutoff               :    6.000     (Bohr)
 (Ewald) Reciprocal Cutoff               :    18.47     (1/Bohr)

 ------------------------------------------------------------------------------
                           SETUP PLANE WAVE 

 ------------------------------------------------------------------------------
                           REFRESH ION POSITIONS
  
 Calculating Ion-Ion Energy ...                   complete.     0.018 s
  
 Calculating Ion-Electron Potential (spline) ... 
 complete.     0.022 s

 ------------------------------------------------------------------------------
                           DENSITY OPTIMIZATION
 Electron number for spin            1  is    63.999999999476422     
 Cell Volume      :           295.439509 Angstrom^3
 Ion number       :                   16
 Electron number  :            64.000000
 Ion density      :             0.054157 Ion/Angstrom^3
 Electron density :             0.216626 Electron/Angstrom^3
 Print density file to cbcc/Si.den                                       
##############################################################################
#                               FINAL ENERGIES                       time    #
##############################################################################
# Thomas-Fermi Kin. Energy =   5.939789673098E+02 eV                 0.000 s #
# Von-Weizsacker Kin. Ener =   1.593245150305E+02 eV                 0.000 s #
#                                                                            #
# GGA(PBE) Exch-Cor Energy =  -5.218155467677E+02 eV                 0.000 s #
#         Coulombic Energy =   7.191965171100E+01 eV                 0.000 s #
#      Ion-Electron Energy =   4.790230221416E+00 eV                 0.000 s #
#           Ion-Ion Energy =  -1.927368825064E+03 eV                 0.000 s #
#                                                                            #
#     TOTAL KINETIC ENERGY =   6.368054130638E+02 eV                         #
#   TOTAL POTENTIAL ENERGY =  -2.372474489900E+03 eV                         #
#             TOTAL ENERGY =  -1.735669076836E+03 eV                         #
##############################################################################
  
 ----------------------------- TIME INFORMATION ------------------------------
    PROFESS      :    312.35s WALL    100.00% (       1 calls)   312.35s/call
    InitPROFESS  :      0.08s WALL      0.03% (       1 calls)     0.08s/call
    KEDFRefresh  :      0.01s WALL      0.00% (       1 calls)     0.01s/call
    IonRefresh   :      0.05s WALL      0.01% (       1 calls)     0.05s/call
    EwaldEnergy  :      0.02s WALL      0.01% (       1 calls)     0.02s/call
    ForwFFT_3D   :     92.17s WALL     29.51% (   20265 calls)     0.00s/call
    BackFFT_3D   :     59.24s WALL     18.97% (   13980 calls)     0.00s/call
    Pot_Ion      :      0.20s WALL      0.06% (     405 calls)     0.00s/call
    Pot_Har      :      3.88s WALL      1.24% (     405 calls)     0.01s/call
    Pot_Exc      :     39.67s WALL     12.70% (     405 calls)     0.10s/call
    PBEPot       :     39.46s WALL     12.63% (     405 calls)     0.10s/call
    Pot_KEDF     :    265.30s WALL     84.94% (     405 calls)     0.66s/call
    intPot       :    255.95s WALL     81.94% (     405 calls)     0.63s/call
    MakeXiG      :      3.60s WALL      1.15% (     405 calls)     0.01s/call
    intPot1      :     71.04s WALL     22.75% (    3952 calls)     0.02s/call
    MakeHC10Kern :      7.83s WALL      2.51% (    4357 calls)     0.00s/call
    intPot2      :     30.44s WALL      9.75% (    3952 calls)     0.01s/call
    intPot3      :     90.46s WALL     28.96% (    3952 calls)     0.02s/call
    intPot4      :     19.99s WALL      6.40% (    3952 calls)     0.01s/call
    VWPotSqrPlus :      3.64s WALL      1.17% (     405 calls)     0.01s/call
    NextGradient :      0.12s WALL      0.04% (      32 calls)     0.00s/call
 -----------------------------------------------------------------------------
 ------------------------------- TOTAL ---------------------------------------
    PROFESS      :    312.35s WALL    100.00% (       1 calls)   312.35s/call
 -----------------------------------------------------------------------------

Run completed on: 07/31/2024 at 19:50:34 
  
