 ******************************************************************************
                             WELCOME TO PROFESS                   
            (PRinceton Orbital-Free Electronic Structure Software) 
 ******************************************************************************

 ------------------------------------------------------------------------------
                           READ GEOMETRY
 Cell length (Bohr)    8.740E+00   1.513E+01   1.439E+01
 Angle     (Degree)    9.000E+01   9.000E+01   9.000E+01
 Volume    (Bohr^3)    1.903E+03

 ------------------------------------------------------------------------------
                           READ PSEUDOPOTENTIAL
 Total electron number in ReadPseudo is    32.000000000000000     
 (System) Machine Precision              :    2.2204460492503131E-016

 ------------------------------------------------------------------------------
                           SETUP FFT
 Global FFT Dimension :    45   75   72
 Dimension of rho for this processor : 
 xmin, xmax :            0          44
 ymin, ymax :            0          74
 zmin, zmax :            0          71
 Total electron number =    32.000000000000000     
 Uniform rhoR =    1.6815668038108505E-002
 (GB INFO) FFT size      :       45      75      72
 (GB INFO) FFT offset    :        0
 (GB INFO) FFT G size    :       23      75      72
 (GB INFO) FFT G offset  :        0

 ------------------------------------------------------------------------------
                           SETUP KEDF
 kinetic energy density functional number is           11
 ( 1=TF, 2=VW, 3=TF+VW, 4=WT,  5=WGC,  
   7=LQ, 8=HQ, 10=CAT,  11=HC, 12=WGCD,
   15=GGA, 16=WGCD+GGA, 17=EVT, 18=EVC )
 qTable dimension:    23   75   72
 rhoS=   1.6815668038108505E-002
 rho0=   1.6815668038108505E-002
 coefficients for TF KEDF is     1.000000
 coefficients for VW KEDF is     1.000000
 Lambda in HC10 is set to     0.012000
 ALPHA  in HC10 is set to     1.856667
 BETA   in HC10 is set to     0.810000
 Sum of alpha and beta is     2.666667
  dV of each real space grid is now    7.8312227917390915E-003
 Cell length (Bohr)    8.740E+00   1.513E+01   1.439E+01
 Angle     (Degree)    9.000E+01   9.000E+01   9.000E+01
 Volume    (Bohr^3)    1.903E+03

 ------------------------------------------------------------------------------
                           SETUP EWALD 
 (Ewald) eta                             :    1.200    
 (Ewald) Real Space Cutoff               :    6.000     (Bohr)
 (Ewald) Reciprocal Cutoff               :    15.37     (1/Bohr)

 ------------------------------------------------------------------------------
                           SETUP PLANE WAVE 

 ------------------------------------------------------------------------------
                           REFRESH ION POSITIONS
  
 Calculating Ion-Ion Energy ...                   complete.     0.169 s
  
 Calculating Ion-Electron Potential (spline) ... 
 complete.     0.179 s

 ------------------------------------------------------------------------------
                           DENSITY OPTIMIZATION
 Electron number for spin            1  is    31.999999999830084     
 Cell Volume      :           281.993596 Angstrom^3
 Ion number       :                    8
 Electron number  :            32.000000
 Ion density      :             0.028369 Ion/Angstrom^3
 Electron density :             0.113478 Electron/Angstrom^3
##############################################################################
#                               FINAL ENERGIES                       time    #
##############################################################################
# Thomas-Fermi Kin. Energy =   2.204018653192E+02 eV                 0.000 s #
# Von-Weizsacker Kin. Ener =   8.113407067258E+01 eV                 0.000 s #
#                                                                            #
# GGA(PBE) Exch-Cor Energy =  -2.264357718896E+02 eV                 0.000 s #
#         Coulombic Energy =   6.625108601340E+01 eV                 0.000 s #
#      Ion-Electron Energy =  -9.595410061644E+01 eV                 0.000 s #
#           Ion-Ion Energy =  -7.893021499045E+02 eV                 0.000 s #
#                                                                            #
#     TOTAL KINETIC ENERGY =   2.412135965290E+02 eV                         #
#   TOTAL POTENTIAL ENERGY =  -1.045440936397E+03 eV                         #
#             TOTAL ENERGY =  -8.042273398682E+02 eV                         #
##############################################################################
  
 ----------------------------- TIME INFORMATION ------------------------------
    PROFESS      :  10972.98s WALL    100.00% (       1 calls) 10972.98s/call
    InitPROFESS  :      0.52s WALL      0.00% (       1 calls)     0.52s/call
    KEDFRefresh  :      0.03s WALL      0.00% (       1 calls)     0.03s/call
    IonRefresh   :      0.39s WALL      0.00% (       1 calls)     0.39s/call
    EwaldEnergy  :      0.17s WALL      0.00% (       1 calls)     0.17s/call
    ForwFFT_3D   :   2952.10s WALL     26.90% (   73954 calls)     0.04s/call
    BackFFT_3D   :   1626.52s WALL     14.82% (   46712 calls)     0.03s/call
    Pot_Ion      :      6.02s WALL      0.05% (    1025 calls)     0.01s/call
    Pot_Har      :     90.63s WALL      0.83% (    1025 calls)     0.09s/call
    Pot_Exc      :   1379.75s WALL     12.57% (    1025 calls)     1.35s/call
    PBEPot       :   1372.36s WALL     12.51% (    1025 calls)     1.34s/call
    Pot_KEDF     :   9403.60s WALL     85.70% (    1025 calls)     9.17s/call
    intPot       :   9244.47s WALL     84.25% (    1025 calls)     9.02s/call
    MakeXiG      :     43.67s WALL      0.40% (    1025 calls)     0.04s/call
    VWPotSqrPlus :     86.01s WALL      0.78% (    1025 calls)     0.08s/call
    intPot1      :   2560.53s WALL     23.33% (   15669 calls)     0.16s/call
    MakeHC10Kern :    168.58s WALL      1.54% (   16693 calls)     0.01s/call
    intPot2      :   1529.59s WALL     13.94% (   15669 calls)     0.10s/call
    intPot3      :   3469.30s WALL     31.62% (   15669 calls)     0.22s/call
    intPot4      :    943.81s WALL      8.60% (   15669 calls)     0.06s/call
    NextGradient :      4.32s WALL      0.04% (      86 calls)     0.05s/call
 -----------------------------------------------------------------------------
 ------------------------------- TOTAL ---------------------------------------
    PROFESS      :  10972.98s WALL    100.00% (       1 calls) 10972.98s/call
 -----------------------------------------------------------------------------

Run completed on: 07/31/2024 at 04:27:31 
  
