 ******************************************************************************
                             WELCOME TO PROFESS                   
            (PRinceton Orbital-Free Electronic Structure Software) 
 ******************************************************************************

 ------------------------------------------------------------------------------
                           READ GEOMETRY
 Cell length (Bohr)    9.140E+00   9.140E+00   9.140E+00
 Angle     (Degree)    6.000E+01   6.000E+01   6.000E+01
 Volume    (Bohr^3)    5.400E+02

 ------------------------------------------------------------------------------
                           READ PSEUDOPOTENTIAL
 Total electron number in ReadPseudo is    8.0000000000000000     
 (System) Machine Precision              :    2.2204460492503131E-016

 ------------------------------------------------------------------------------
                           SETUP FFT
 Global FFT Dimension :    45   45   45
 Dimension of rho for this processor : 
 xmin, xmax :            0          44
 ymin, ymax :            0          44
 zmin, zmax :            0          44
 Total electron number =    8.0000000000000000     
 Uniform rhoR =    1.4815919410345319E-002
 (GB INFO) FFT size      :       45      45      45
 (GB INFO) FFT offset    :        0
 (GB INFO) FFT G size    :       23      45      45
 (GB INFO) FFT G offset  :        0

 ------------------------------------------------------------------------------
                           SETUP KEDF
 kinetic energy density functional number is            5
 ( 1=TF, 2=VW, 3=TF+VW, 4=WT,  5=WGC,  
   7=LQ, 8=HQ, 10=CAT,  11=HC, 12=WGCD,
   15=GGA, 16=WGCD+GGA, 17=EVT, 18=EVC )
 qTable dimension:    23   45   45
 Coefficient for TF KEDF is     1.0000
 Coefficient for VW KEDF is     1.0000
 Coefficient for alpha in WGC KEDF is     1.2060
 Coefficient for beta  in WGC KEDF is     0.4607
 Coefficient for gamma in WGC KEDF is     4.2000
 rho0 (Electron/Bohr^3) in WGC KEDF is     0.0148
 rhoS (Electron/Bohr^3) in WGC KEDF is     0.0148
 hold0 =  F
 holdS =  F
  dV of each real space grid is now    5.9254841206548134E-003
 Cell length (Bohr)    9.140E+00   9.140E+00   9.140E+00
 Angle     (Degree)    6.000E+01   6.000E+01   6.000E+01
 Volume    (Bohr^3)    5.400E+02

 ------------------------------------------------------------------------------
                           SETUP EWALD 
 (Ewald) eta                             :    1.200    
 (Ewald) Real Space Cutoff               :    6.000     (Bohr)
 (Ewald) Reciprocal Cutoff               :    15.12     (1/Bohr)

 ------------------------------------------------------------------------------
                           SETUP PLANE WAVE 

 ------------------------------------------------------------------------------
                           INITIALIZING WGC KERNEL
 Fermi vector :   0.75983017342039083     
 Reference density :    1.4815919410345319E-002
 Make WGC kernels.
 Dimension of KEDF Kernel :           23          45          45

 ------------------------------------------------------------------------------
                           REFRESH ION POSITIONS
  
 Calculating Ion-Ion Energy ...                   complete.     0.023 s
  
 Calculating Ion-Electron Potential (spline) ... 
 complete.     0.045 s

 ------------------------------------------------------------------------------
                           DENSITY OPTIMIZATION
 Electron number for spin            1  is    7.9999999999886464     
 Cell Volume      :            80.013777 Angstrom^3
 Ion number       :                    2
 Electron number  :             8.000000
 Ion density      :             0.024996 Ion/Angstrom^3
 Electron density :             0.099983 Electron/Angstrom^3
##############################################################################
#                               FINAL ENERGIES                       time    #
##############################################################################
# Thomas-Fermi Kin. Energy =   5.502064275646E+01 eV                 0.000 s #
# Von-Weizsacker Kin. Ener =   2.444632243546E+01 eV                 0.000 s #
#       WGC Kinetic Energy =  -1.688697005654E+01 eV                 0.000 s #
#                                                                            #
# GGA(PBE) Exch-Cor Energy =  -5.623107463724E+01 eV                 0.000 s #
#         Coulombic Energy =   2.043842893233E+01 eV                 0.000 s #
#      Ion-Electron Energy =  -3.747584739937E+01 eV                 0.000 s #
#           Ion-Ion Energy =  -1.894012032988E+02 eV                 0.000 s #
#                                                                            #
#     TOTAL KINETIC ENERGY =   6.257999513538E+01 eV                         #
#   TOTAL POTENTIAL ENERGY =  -2.626696964031E+02 eV                         #
#             TOTAL ENERGY =  -2.000897012677E+02 eV                         #
##############################################################################
  
 ----------------------------- TIME INFORMATION ------------------------------
    PROFESS      :     36.19s WALL    100.00% (       1 calls)    36.19s/call
    InitPROFESS  :      0.16s WALL      0.44% (       1 calls)     0.16s/call
    KEDFRefresh  :      0.05s WALL      0.13% (       1 calls)     0.05s/call
    IonRefresh   :      0.07s WALL      0.21% (       1 calls)     0.07s/call
    EwaldEnergy  :      0.02s WALL      0.06% (       1 calls)     0.02s/call
    ForwFFT_3D   :      7.93s WALL     21.91% (    3423 calls)     0.00s/call
    BackFFT_3D   :      7.14s WALL     19.71% (    3421 calls)     0.00s/call
    Pot_Ion      :      0.10s WALL      0.28% (     285 calls)     0.00s/call
    Pot_Har      :      1.35s WALL      3.74% (     285 calls)     0.00s/call
    Pot_Exc      :     17.98s WALL     49.68% (     285 calls)     0.06s/call
    PBEPot       :     17.21s WALL     47.55% (     285 calls)     0.06s/call
    Pot_KEDF     :     15.06s WALL     41.61% (     285 calls)     0.05s/call
    WGCPotPlus   :     12.21s WALL     33.74% (     285 calls)     0.04s/call
    VWPotSqrPlus :      1.07s WALL      2.97% (     285 calls)     0.00s/call
    NextGradient :      0.02s WALL      0.05% (      10 calls)     0.00s/call
 -----------------------------------------------------------------------------
 ------------------------------- TOTAL ---------------------------------------
    PROFESS      :     36.19s WALL    100.00% (       1 calls)    36.19s/call
 -----------------------------------------------------------------------------

Run completed on: 07/30/2024 at 20:55:43 
  
