 ******************************************************************************
                             WELCOME TO PROFESS                   
            (PRinceton Orbital-Free Electronic Structure Software) 
 ******************************************************************************

 ------------------------------------------------------------------------------
                           READ GEOMETRY
 Cell length (Bohr)    3.050E+01   3.050E+01   3.050E+01
 Angle     (Degree)    9.000E+01   9.000E+01   9.000E+01
 Volume    (Bohr^3)    2.838E+04

 ------------------------------------------------------------------------------
                           READ PSEUDOPOTENTIAL
 Total electron number in ReadPseudo is    864.00000000000000     
 (System) Machine Precision              :    2.2204460492503131E-016

 ------------------------------------------------------------------------------
                           SETUP FFT
 Global FFT Dimension :    84   84   84
 Rank/Size in Global Communicator     :            0 /           1
 Rank/Size in Global FFT Communicator :            0 /           1
 Parallel FFT, totX    =    84
 Parallel FFT, totY    =    84
 Parallel FFT, locZ    =    84
 Parallel FFT, locZoff =     0
 Dimension of rho for this processor : 
 xmin, xmax :            0          83
 ymin, ymax :            0          83
 zmin, zmax :            0          83
 Total electron number =    864.00000000000000     
 Uniform rhoR =    3.0443138491541386E-002
 (GB INFO) FFT size      :       84      84      84
 (GB INFO) FFT offset    :        0
 (GB INFO) FFT G size    :       43      84      84
 (GB INFO) FFT G offset  :        0

 ------------------------------------------------------------------------------
                           SETUP KEDF
 kinetic energy density functional number is            4
 ( 1=TF, 2=VW, 3=TF+VW, 4=WT,  5=WGC,  
   7=LQ, 8=HQ, 10=CAT,  11=HC, 12=WGCD,
   15=GGA, 16=WGCD+GGA, 17=EVT, 18=EVC )
 qTable dimension:    43   84   84
 Coefficient for TF KEDF is     1.0000
 Coefficient for VW KEDF is     1.0000
 Coefficient for alpha in WT KEDF is     0.8333
 Coefficient for beta  in WT KEDF is     0.8333
 rho0 (Electron/Bohr^3) in WGC KEDF is     0.0304
 hold0 =  F
  dV of each real space grid is now    4.7883563251104828E-002
 Cell length (Bohr)    3.050E+01   3.050E+01   3.050E+01
 Angle     (Degree)    9.000E+01   9.000E+01   9.000E+01
 Volume    (Bohr^3)    2.838E+04

 ------------------------------------------------------------------------------
                           SETUP EWALD 
 (Ewald) eta                             :   0.7026    
 (Ewald) Real Space Cutoff               :    7.688     (Bohr)
 (Ewald) Reciprocal Cutoff               :    8.548     (1/Bohr)

 ------------------------------------------------------------------------------
                           SETUP PLANE WAVE 
 Read in WT kernel.
 kernel file name  : 7PROFESS_KERNEL.dat           
 KEDF type         :     4
 Fermi vector      :   1.182014212099E+00
 Reference density :  -1.000000000000E+00
 Mesh points       :   200002
 Fermi vector in this cell is    1.9319689256799406     
 Fermi vector from kernel file is    1.1820142120987149     
 First qNorm is    0.0000000000000000     
 size of Wang-Teter kernel in this run is           43          84          84
 Max |G| in this calculation is   1.498471013724E+01
 Max eta used from kernel is   7.756185898264E+00

 ------------------------------------------------------------------------------
                           REFRESH ION POSITIONS
  
 Calculating Ion-Ion Energy ...                   complete.     0.059 s
  
 Calculating Ion-Electron Potential (spline) ... 
 complete.     0.049 s

 ------------------------------------------------------------------------------
                           DENSITY OPTIMIZATION
 Electron number for spin            1  is    864.00000000074613     
 Cell Volume      :          4205.597563 Angstrom^3
 Ion number       :                  216
 Electron number  :           864.000000
 Ion density      :             0.051360 Ion/Angstrom^3
 Electron density :             0.205440 Electron/Angstrom^3
##############################################################################
#                               FINAL ENERGIES                       time    #
##############################################################################
# Thomas-Fermi Kin. Energy =   8.315016766607E+03 eV                 0.000 s #
# Von-Weizsacker Kin. Ener =   2.543922744689E+03 eV                 0.000 s #
# Wang-Teter Kinetic Energ =  -1.998771530975E+03 eV                 0.000 s #
#                                                                            #
#     LDA Exch-Corr Energy =  -7.083755058072E+03 eV                 0.000 s #
#         Coulombic Energy =   1.544958251559E+03 eV                 0.000 s #
#      Ion-Electron Energy =  -2.079502267765E+03 eV                 0.000 s #
#           Ion-Ion Energy =  -2.491178624666E+04 eV                 0.000 s #
#                                                                            #
#     TOTAL KINETIC ENERGY =   8.860167980321E+03 eV                         #
#   TOTAL POTENTIAL ENERGY =  -3.253008532094E+04 eV                         #
#             TOTAL ENERGY =  -2.366991734062E+04 eV                         #
##############################################################################
  
 ----------------------------- TIME INFORMATION ------------------------------
    PROFESS      :     37.21s WALL    100.00% (       1 calls)    37.21s/call
    InitPROFESS  :      0.46s WALL      1.23% (       1 calls)     0.46s/call
    KEDFRefresh  :      0.31s WALL      0.83% (       1 calls)     0.31s/call
    IonRefresh   :      0.12s WALL      0.33% (       1 calls)     0.12s/call
    EwaldEnergy  :      0.06s WALL      0.16% (       1 calls)     0.06s/call
    Pot_Ion      :      0.10s WALL      0.27% (      92 calls)     0.00s/call
    Pot_Har      :      2.19s WALL      5.88% (      92 calls)     0.02s/call
    Pot_Exc      :      5.37s WALL     14.43% (      92 calls)     0.06s/call
    Pot_KEDF     :     26.89s WALL     72.27% (      92 calls)     0.29s/call
    VWPotSqrPlus :      2.11s WALL      5.66% (      92 calls)     0.02s/call
    NextGradient :      0.11s WALL      0.29% (       9 calls)     0.01s/call
 -----------------------------------------------------------------------------
 ------------------------------- TOTAL ---------------------------------------
    PROFESS      :     37.21s WALL    100.00% (       1 calls)    37.21s/call
 -----------------------------------------------------------------------------

Run completed on: 11/28/2022 at 19:56:03 
  
