 ******************************************************************************
                             WELCOME TO PROFESS                   
            (PRinceton Orbital-Free Electronic Structure Software) 
 ******************************************************************************

 ------------------------------------------------------------------------------
                           READ GEOMETRY
 Cell length (Bohr)    7.351E+00   7.351E+00   7.351E+00
 Angle     (Degree)    9.744E+01   9.744E+01   1.378E+02
 Volume    (Bohr^3)    2.489E+02

 ------------------------------------------------------------------------------
                           READ PSEUDOPOTENTIAL
 Total electron number in ReadPseudo is    8.0000000000000000     
 (System) Machine Precision              :    2.2204460492503131E-016

 ------------------------------------------------------------------------------
                           SETUP FFT
 Global FFT Dimension :    36   36   36
 Dimension of rho for this processor : 
 xmin, xmax :            0          35
 ymin, ymax :            0          35
 zmin, zmax :            0          35
 Total electron number =    8.0000000000000000     
 Uniform rhoR =    3.2142737482645040E-002
 (GB INFO) FFT size      :       36      36      36
 (GB INFO) FFT offset    :        0
 (GB INFO) FFT G size    :       19      36      36
 (GB INFO) FFT G offset  :        0

 ------------------------------------------------------------------------------
                           SETUP KEDF
 kinetic energy density functional number is           11
 ( 1=TF, 2=VW, 3=TF+VW, 4=WT,  5=WGC,  
   7=LQ, 8=HQ, 10=CAT,  11=HC, 12=WGCD,
   15=GGA, 16=WGCD+GGA, 17=EVT, 18=EVC )
 qTable dimension:    19   36   36
 rhoS=   3.2142737482645040E-002
 rho0=   3.2142737482645040E-002
 coefficients for TF KEDF is     1.000000
 coefficients for VW KEDF is     1.000000
 Lambda in HC10 is set to     0.005500
 ALPHA  in HC10 is set to     2.016667
 BETA   in HC10 is set to     0.650000
 Sum of alpha and beta is     2.666667
  dV of each real space grid is now    5.3345725190002240E-003
 Cell length (Bohr)    7.351E+00   7.351E+00   7.351E+00
 Angle     (Degree)    9.744E+01   9.744E+01   1.378E+02
 Volume    (Bohr^3)    2.489E+02

 ------------------------------------------------------------------------------
                           SETUP EWALD 
 (Ewald) eta                             :    1.200    
 (Ewald) Real Space Cutoff               :    6.000     (Bohr)
 (Ewald) Reciprocal Cutoff               :    14.96     (1/Bohr)

 ------------------------------------------------------------------------------
                           SETUP PLANE WAVE 

 ------------------------------------------------------------------------------
                           REFRESH ION POSITIONS
  
 Calculating Ion-Ion Energy ...                   complete.     0.005 s
  
 Calculating Ion-Electron Potential (spline) ... 
 complete.     0.006 s

 ------------------------------------------------------------------------------
                           DENSITY OPTIMIZATION
 Electron number for spin            1  is    8.0000000000056541     
 Cell Volume      :            36.881665 Angstrom^3
 Ion number       :                    2
 Electron number  :             8.000000
 Ion density      :             0.054227 Ion/Angstrom^3
 Electron density :             0.216910 Electron/Angstrom^3
##############################################################################
#                               FINAL ENERGIES                       time    #
##############################################################################
# Thomas-Fermi Kin. Energy =   6.977755264887E+01 eV                 0.000 s #
# Von-Weizsacker Kin. Ener =   1.531570948960E+01 eV                 0.000 s #
#                                                                            #
# GGA(PBE) Exch-Cor Energy =  -6.348890750078E+01 eV                 0.000 s #
#         Coulombic Energy =   3.845443546678E+00 eV                 0.000 s #
#      Ion-Electron Energy =   1.682526605404E+01 eV                 0.000 s #
#           Ion-Ion Energy =  -2.492562156572E+02 eV                 0.000 s #
#                                                                            #
#     TOTAL KINETIC ENERGY =   7.557011464068E+01 eV                         #
#   TOTAL POTENTIAL ENERGY =  -2.920744135573E+02 eV                         #
#             TOTAL ENERGY =  -2.165042989166E+02 eV                         #
##############################################################################
  
 ----------------------------- TIME INFORMATION ------------------------------
    PROFESS      :    193.80s WALL    100.00% (       1 calls)   193.80s/call
    InitPROFESS  :      0.03s WALL      0.02% (       1 calls)     0.03s/call
    KEDFRefresh  :      0.00s WALL      0.00% (       1 calls)     0.00s/call
    IonRefresh   :      0.01s WALL      0.01% (       1 calls)     0.01s/call
    EwaldEnergy  :      0.00s WALL      0.00% (       1 calls)     0.00s/call
    ForwFFT_3D   :     29.05s WALL     14.99% (   12303 calls)     0.00s/call
    BackFFT_3D   :     18.35s WALL      9.47% (    9676 calls)     0.00s/call
    Pot_Ion      :      0.34s WALL      0.18% (     371 calls)     0.00s/call
    Pot_Har      :      2.06s WALL      1.06% (     371 calls)     0.01s/call
    Pot_Exc      :     35.15s WALL     18.14% (     371 calls)     0.09s/call
    PBEPot       :     34.79s WALL     17.95% (     371 calls)     0.09s/call
    Pot_KEDF     :    152.33s WALL     78.60% (     371 calls)     0.41s/call
    intPot       :    146.80s WALL     75.75% (     371 calls)     0.40s/call
    MakeXiG      :      2.20s WALL      1.13% (     371 calls)     0.01s/call
    intPot1      :     41.94s WALL     21.64% (    2055 calls)     0.02s/call
    MakeHC10Kern :      9.55s WALL      4.93% (    2426 calls)     0.00s/call
    intPot2      :     26.39s WALL     13.61% (    2055 calls)     0.01s/call
    intPot3      :     37.82s WALL     19.52% (    2055 calls)     0.02s/call
    intPot4      :     17.15s WALL      8.85% (    2055 calls)     0.01s/call
    VWPotSqrPlus :      1.70s WALL      0.88% (     371 calls)     0.00s/call
    NextGradient :      0.08s WALL      0.04% (      15 calls)     0.01s/call
 -----------------------------------------------------------------------------
 ------------------------------- TOTAL ---------------------------------------
    PROFESS      :    193.80s WALL    100.00% (       1 calls)   193.80s/call
 -----------------------------------------------------------------------------

Run completed on: 07/30/2024 at 17:09:20 
  
