 ******************************************************************************
                             WELCOME TO PROFESS                   
            (PRinceton Orbital-Free Electronic Structure Software) 
 ******************************************************************************

 ------------------------------------------------------------------------------
                           READ GEOMETRY
 Cell length (Bohr)    7.215E+00   7.215E+00   7.215E+00
 Angle     (Degree)    9.744E+01   9.744E+01   1.378E+02
 Volume    (Bohr^3)    2.353E+02

 ------------------------------------------------------------------------------
                           READ PSEUDOPOTENTIAL
 Total electron number in ReadPseudo is    8.0000000000000000     
 (System) Machine Precision              :    2.2204460492503131E-016

 ------------------------------------------------------------------------------
                           SETUP FFT
 Global FFT Dimension :    36   36   36
 Dimension of rho for this processor : 
 xmin, xmax :            0          35
 ymin, ymax :            0          35
 zmin, zmax :            0          35
 Total electron number =    8.0000000000000000     
 Uniform rhoR =    3.3996681925137572E-002
 (GB INFO) FFT size      :       36      36      36
 (GB INFO) FFT offset    :        0
 (GB INFO) FFT G size    :       19      36      36
 (GB INFO) FFT G offset  :        0

 ------------------------------------------------------------------------------
                           SETUP KEDF
 kinetic energy density functional number is           11
 ( 1=TF, 2=VW, 3=TF+VW, 4=WT,  5=WGC,  
   7=LQ, 8=HQ, 10=CAT,  11=HC, 12=WGCD,
   15=GGA, 16=WGCD+GGA, 17=EVT, 18=EVC )
 qTable dimension:    19   36   36
 rhoS=   3.3996681925137572E-002
 rho0=   3.3996681925137572E-002
 coefficients for TF KEDF is     1.000000
 coefficients for VW KEDF is     1.000000
 Lambda in HC10 is set to     0.005500
 ALPHA  in HC10 is set to     2.016667
 BETA   in HC10 is set to     0.650000
 Sum of alpha and beta is     2.666667
  dV of each real space grid is now    5.0436617443413278E-003
 Cell length (Bohr)    7.215E+00   7.215E+00   7.215E+00
 Angle     (Degree)    9.744E+01   9.744E+01   1.378E+02
 Volume    (Bohr^3)    2.353E+02

 ------------------------------------------------------------------------------
                           SETUP EWALD 
 (Ewald) eta                             :    1.200    
 (Ewald) Real Space Cutoff               :    6.000     (Bohr)
 (Ewald) Reciprocal Cutoff               :    15.24     (1/Bohr)

 ------------------------------------------------------------------------------
                           SETUP PLANE WAVE 

 ------------------------------------------------------------------------------
                           REFRESH ION POSITIONS
  
 Calculating Ion-Ion Energy ...                   complete.     0.004 s
  
 Calculating Ion-Electron Potential (spline) ... 
 complete.     0.006 s

 ------------------------------------------------------------------------------
                           DENSITY OPTIMIZATION
 Electron number for spin            1  is    8.0000000000017355     
 Cell Volume      :            34.870393 Angstrom^3
 Ion number       :                    2
 Electron number  :             8.000000
 Ion density      :             0.057355 Ion/Angstrom^3
 Electron density :             0.229421 Electron/Angstrom^3
##############################################################################
#                               FINAL ENERGIES                       time    #
##############################################################################
# Thomas-Fermi Kin. Energy =   7.162168315838E+01 eV                 0.000 s #
# Von-Weizsacker Kin. Ener =   1.454253607661E+01 eV                 0.000 s #
#                                                                            #
# GGA(PBE) Exch-Cor Energy =  -6.428247293110E+01 eV                 0.000 s #
#         Coulombic Energy =   3.350104091765E+00 eV                 0.000 s #
#      Ion-Electron Energy =   2.102931047195E+01 eV                 0.000 s #
#           Ion-Ion Energy =  -2.539591631224E+02 eV                 0.000 s #
#                                                                            #
#     TOTAL KINETIC ENERGY =   7.726301189367E+01 eV                         #
#   TOTAL POTENTIAL ENERGY =  -2.938622214898E+02 eV                         #
#             TOTAL ENERGY =  -2.165992095962E+02 eV                         #
##############################################################################
  
 ----------------------------- TIME INFORMATION ------------------------------
    PROFESS      :    138.44s WALL    100.00% (       1 calls)   138.44s/call
    InitPROFESS  :      0.03s WALL      0.02% (       1 calls)     0.03s/call
    KEDFRefresh  :      0.00s WALL      0.00% (       1 calls)     0.00s/call
    IonRefresh   :      0.01s WALL      0.01% (       1 calls)     0.01s/call
    EwaldEnergy  :      0.00s WALL      0.00% (       1 calls)     0.00s/call
    ForwFFT_3D   :     20.36s WALL     14.71% (    9023 calls)     0.00s/call
    BackFFT_3D   :     12.49s WALL      9.02% (    6666 calls)     0.00s/call
    Pot_Ion      :      0.20s WALL      0.15% (     227 calls)     0.00s/call
    Pot_Har      :      1.24s WALL      0.90% (     227 calls)     0.01s/call
    Pot_Exc      :     21.60s WALL     15.61% (     227 calls)     0.10s/call
    PBEPot       :     21.38s WALL     15.44% (     227 calls)     0.09s/call
    Pot_KEDF     :    113.09s WALL     81.69% (     227 calls)     0.50s/call
    intPot       :    109.97s WALL     79.43% (     227 calls)     0.48s/call
    MakeXiG      :      1.21s WALL      0.87% (     227 calls)     0.01s/call
    VWPotSqrPlus :      1.03s WALL      0.74% (     227 calls)     0.00s/call
    intPot1      :     32.27s WALL     23.31% (    1631 calls)     0.02s/call
    MakeHC10Kern :      6.61s WALL      4.77% (    1857 calls)     0.00s/call
    intPot2      :     21.02s WALL     15.18% (    1631 calls)     0.01s/call
    intPot3      :     28.83s WALL     20.83% (    1631 calls)     0.02s/call
    intPot4      :     13.75s WALL      9.94% (    1631 calls)     0.01s/call
    NextGradient :      0.06s WALL      0.04% (      13 calls)     0.00s/call
 -----------------------------------------------------------------------------
 ------------------------------- TOTAL ---------------------------------------
    PROFESS      :    138.44s WALL    100.00% (       1 calls)   138.44s/call
 -----------------------------------------------------------------------------

Run completed on: 07/30/2024 at 17:08:24 
  
