 ******************************************************************************
                             WELCOME TO PROFESS                   
            (PRinceton Orbital-Free Electronic Structure Software) 
 ******************************************************************************

 ------------------------------------------------------------------------------
                           READ GEOMETRY
 Cell length (Bohr)    5.520E+00   5.520E+00   5.520E+00
 Angle     (Degree)    9.000E+01   9.000E+01   9.000E+01
 Volume    (Bohr^3)    1.682E+02

 ------------------------------------------------------------------------------
                           READ PSEUDOPOTENTIAL
 Total electron number in ReadPseudo is    2.0000000000000000     
 (System) Machine Precision              :    2.2204460492503131E-016

 ------------------------------------------------------------------------------
                           SETUP FFT
 Global FFT Dimension :    14   14   14
 Rank/Size in Global Communicator     :            0 /           1
 Rank/Size in Global FFT Communicator :            0 /           1
 Parallel FFT, totX    =    14
 Parallel FFT, totY    =    14
 Parallel FFT, locZ    =    14
 Parallel FFT, locZoff =     0
 Dimension of rho for this processor : 
 xmin, xmax :            0          13
 ymin, ymax :            0          13
 zmin, zmax :            0          13
 Total electron number =    2.0000000000000000     
 Uniform rhoR =    1.1888540217714431E-002
 (GB INFO) FFT size      :       14      14      14
 (GB INFO) FFT offset    :        0
 (GB INFO) FFT G size    :        8      14      14
 (GB INFO) FFT G offset  :        0

 ------------------------------------------------------------------------------
                           SETUP KEDF
 kinetic energy density functional number is            4
 ( 1=TF, 2=VW, 3=TF+VW, 4=WT,  5=WGC,  
   7=LQ, 8=HQ, 10=CAT,  11=HC, 12=WGCD,
   15=GGA, 16=WGCD+GGA, 17=EVT, 18=EVC )
 qTable dimension:     8   14   14
 Coefficient for TF KEDF is     1.0000
 Coefficient for VW KEDF is     1.0000
 Coefficient for alpha in WT KEDF is     0.8333
 Coefficient for beta  in WT KEDF is     0.8333
 rho0 (Electron/Bohr^3) in WGC KEDF is     0.0119
 hold0 =  F
  dV of each real space grid is now    6.1308029447963354E-002
 Cell length (Bohr)    5.520E+00   5.520E+00   5.520E+00
 Angle     (Degree)    9.000E+01   9.000E+01   9.000E+01
 Volume    (Bohr^3)    1.682E+02

 ------------------------------------------------------------------------------
                           SETUP EWALD 
 (Ewald) eta                             :   0.7449    
 (Ewald) Real Space Cutoff               :    6.323     (Bohr)
 (Ewald) Reciprocal Cutoff               :    7.398     (1/Bohr)

 ------------------------------------------------------------------------------
                           SETUP PLANE WAVE 
 Fill the 3D Wang-Teter kernel in G space

 ------------------------------------------------------------------------------
                           REFRESH ION POSITIONS
  
 Calculating Ion-Ion Energy ...                   complete.     0.000 s
  
 Calculating Ion-Electron Potential (spline) ... 
 complete.     0.000 s

 ------------------------------------------------------------------------------
                           DENSITY OPTIMIZATION
 Electron number for spin            1  is    2.0000000000000404     
 Cell Volume      :            24.929000 Angstrom^3
 Ion number       :                    1
 Electron number  :             2.000000
 Ion density      :             0.040114 Ion/Angstrom^3
 Electron density :             0.080228 Electron/Angstrom^3
  
 Calculating Ion-Ion Forces ...                complete.     0.000 s
  
 Calculating Ion-Electron Forces (spline) ...  complete.     0.000 s
  
 Calculating Ion-Electron Stress (spline) ...  complete.     0.000 s
  
 Calculating Ion-Ion Stress ...                complete.     0.000 s
  
 ------------------------------------------------------------------------------
                         LATTICE VECTORS (Angstrom)
 LAT 1           2.921247        0.000000        0.000000
 LAT 2           0.000000        2.921247        0.000000
 LAT 3           0.000000        0.000000        2.921247
 ------------------------------------------------------------------------------
                                STRESS (GPa)
 ST_GPa 1       -0.082730       -0.000000       -0.000000
 ST_GPa 2       -0.000000       -0.082731        0.000000
 ST_GPa 3       -0.000000        0.000000       -0.082731
  
 --------------------------------------------------
 STRESS (a.u.)
 --------------------------------------------------
 ST_AU  1  -2.8119526307E-06  -4.2010518246E-12  -1.0931091886E-11
 ST_AU  2  -4.2010518246E-12  -2.8119535583E-06   2.7837339718E-12
 ST_AU  3  -1.0931091886E-11   2.7837339718E-12  -2.8119535662E-06
; Cell optimization at step  1, max(stress):  0.2812E-05, total energy: -0.89307386    ;
  dV of each real space grid is now    6.1342296441706655E-002
 Cell length (Bohr)    5.521E+00   5.521E+00   5.521E+00
 Angle     (Degree)    9.000E+01   9.000E+01   9.000E+01
 Volume    (Bohr^3)    1.683E+02
  dV of each real space grid is now    6.1342296441706655E-002
 Cell length (Bohr)    5.521E+00   5.521E+00   5.521E+00
 Angle     (Degree)    9.000E+01   9.000E+01   9.000E+01
 Volume    (Bohr^3)    1.683E+02

 ------------------------------------------------------------------------------
                           SETUP EWALD 
 (Ewald) eta                             :   0.7396    
 (Ewald) Real Space Cutoff               :    6.370     (Bohr)
 (Ewald) Reciprocal Cutoff               :    7.397     (1/Bohr)

 ------------------------------------------------------------------------------
                           SETUP PLANE WAVE 
 Fill the 3D Wang-Teter kernel in G space

 ------------------------------------------------------------------------------
                           REFRESH ION POSITIONS
  
 Calculating Ion-Ion Energy ...                   complete.     0.000 s
  
 Calculating Ion-Electron Potential (spline) ... 
 complete.     0.000 s
 Rescale the total density from   0.122753 to          2

 ------------------------------------------------------------------------------
                           DENSITY OPTIMIZATION
 Electron number for spin            1  is    1.9999999999999960     
 Cell Volume      :            24.942934 Angstrom^3
 Ion number       :                    1
 Electron number  :             2.000000
 Ion density      :             0.040092 Ion/Angstrom^3
 Electron density :             0.080183 Electron/Angstrom^3
  
 Calculating Ion-Ion Forces ...                complete.     0.000 s
  
 Calculating Ion-Electron Forces (spline) ...  complete.     0.000 s
  
 Calculating Ion-Electron Stress (spline) ...  complete.     0.000 s
  
 Calculating Ion-Ion Stress ...                complete.     0.000 s
  
 ------------------------------------------------------------------------------
                         LATTICE VECTORS (Angstrom)
 LAT 1           2.921791        0.000000        0.000000
 LAT 2           0.000000        2.921791       -0.000000
 LAT 3           0.000000       -0.000000        2.921791
 ------------------------------------------------------------------------------
                                STRESS (GPa)
 ST_GPa 1       -0.073675       -0.000000       -0.000000
 ST_GPa 2       -0.000000       -0.073675        0.000000
 ST_GPa 3       -0.000000        0.000000       -0.073675
  
 --------------------------------------------------
 STRESS (a.u.)
 --------------------------------------------------
 ST_AU  1  -2.5041712056E-06  -3.8119019578E-12  -1.0279169968E-11
 ST_AU  2  -3.8119019578E-12  -2.5041718144E-06   2.9751835776E-12
 ST_AU  3  -1.0279169968E-11   2.9751835776E-12  -2.5041718134E-06
; Cell optimization at step  2, max(stress):  0.2504E-05, total energy: -0.89307413    ;
  dV of each real space grid is now    6.1378943774894425E-002
 Cell length (Bohr)    5.522E+00   5.522E+00   5.522E+00
 Angle     (Degree)    9.000E+01   9.000E+01   9.000E+01
 Volume    (Bohr^3)    1.684E+02
  dV of each real space grid is now    6.1378943774894425E-002
 Cell length (Bohr)    5.522E+00   5.522E+00   5.522E+00
 Angle     (Degree)    9.000E+01   9.000E+01   9.000E+01
 Volume    (Bohr^3)    1.684E+02

 ------------------------------------------------------------------------------
                           SETUP EWALD 
 (Ewald) eta                             :   0.7396    
 (Ewald) Real Space Cutoff               :    6.370     (Bohr)
 (Ewald) Reciprocal Cutoff               :    7.395     (1/Bohr)

 ------------------------------------------------------------------------------
                           SETUP PLANE WAVE 
 Fill the 3D Wang-Teter kernel in G space

 ------------------------------------------------------------------------------
                           REFRESH ION POSITIONS
  
 Calculating Ion-Ion Energy ...                   complete.     0.000 s
  
 Calculating Ion-Electron Potential (spline) ... 
 complete.     0.000 s
 Rescale the total density from   0.122831 to          2

 ------------------------------------------------------------------------------
                           DENSITY OPTIMIZATION
 Electron number for spin            1  is    2.0000000000000027     
 Cell Volume      :            24.957835 Angstrom^3
 Ion number       :                    1
 Electron number  :             2.000000
 Ion density      :             0.040068 Ion/Angstrom^3
 Electron density :             0.080135 Electron/Angstrom^3
  
 Calculating Ion-Ion Forces ...                complete.     0.000 s
  
 Calculating Ion-Electron Forces (spline) ...  complete.     0.000 s
  
 Calculating Ion-Electron Stress (spline) ...  complete.     0.000 s
  
 Calculating Ion-Ion Stress ...                complete.     0.000 s
  
 ------------------------------------------------------------------------------
                         LATTICE VECTORS (Angstrom)
 LAT 1           2.922373        0.000000        0.000000
 LAT 2           0.000000        2.922373       -0.000000
 LAT 3           0.000000       -0.000000        2.922373
 ------------------------------------------------------------------------------
                                STRESS (GPa)
 ST_GPa 1       -0.056085       -0.000000       -0.000000
 ST_GPa 2       -0.000000       -0.056085        0.000000
 ST_GPa 3       -0.000000        0.000000       -0.056085
  
 --------------------------------------------------
 STRESS (a.u.)
 --------------------------------------------------
 ST_AU  1  -1.9062952614E-06  -3.9614579259E-12  -1.0770021821E-11
 ST_AU  2  -3.9614579259E-12  -1.9062957314E-06   3.1860266097E-12
 ST_AU  3  -1.0770021821E-11   3.1860266097E-12  -1.9062957303E-06
; Cell optimization at step  3, max(stress):  0.1906E-05, total energy: -0.89307435    ;
  dV of each real space grid is now    6.1412447118497152E-002
 Cell length (Bohr)    5.523E+00   5.523E+00   5.523E+00
 Angle     (Degree)    9.000E+01   9.000E+01   9.000E+01
 Volume    (Bohr^3)    1.685E+02
  dV of each real space grid is now    6.1412447118497152E-002
 Cell length (Bohr)    5.523E+00   5.523E+00   5.523E+00
 Angle     (Degree)    9.000E+01   9.000E+01   9.000E+01
 Volume    (Bohr^3)    1.685E+02

 ------------------------------------------------------------------------------
                           SETUP EWALD 
 (Ewald) eta                             :   0.7396    
 (Ewald) Real Space Cutoff               :    6.370     (Bohr)
 (Ewald) Reciprocal Cutoff               :    7.394     (1/Bohr)

 ------------------------------------------------------------------------------
                           SETUP PLANE WAVE 
 Fill the 3D Wang-Teter kernel in G space

 ------------------------------------------------------------------------------
                           REFRESH ION POSITIONS
  
 Calculating Ion-Ion Energy ...                   complete.     0.000 s
  
 Calculating Ion-Electron Potential (spline) ... 
 complete.     0.000 s
 Rescale the total density from   0.122892 to          2

 ------------------------------------------------------------------------------
                           DENSITY OPTIMIZATION
 Electron number for spin            1  is    1.9999999999999998     
 Cell Volume      :            24.971458 Angstrom^3
 Ion number       :                    1
 Electron number  :             2.000000
 Ion density      :             0.040046 Ion/Angstrom^3
 Electron density :             0.080091 Electron/Angstrom^3
  
 Calculating Ion-Ion Forces ...                complete.     0.000 s
  
 Calculating Ion-Electron Forces (spline) ...  complete.     0.000 s
  
 Calculating Ion-Electron Stress (spline) ...  complete.     0.000 s
  
 Calculating Ion-Ion Stress ...                complete.     0.000 s
  
 ------------------------------------------------------------------------------
                         LATTICE VECTORS (Angstrom)
 LAT 1           2.922905        0.000000        0.000000
 LAT 2           0.000000        2.922905       -0.000000
 LAT 3           0.000000       -0.000000        2.922905
 ------------------------------------------------------------------------------
                                STRESS (GPa)
 ST_GPa 1       -0.040160       -0.000000       -0.000000
 ST_GPa 2       -0.000000       -0.040160        0.000000
 ST_GPa 3       -0.000000        0.000000       -0.040160
  
 --------------------------------------------------
 STRESS (a.u.)
 --------------------------------------------------
 ST_AU  1  -1.3649955804E-06  -4.3722249847E-12  -1.1700171540E-11
 ST_AU  2  -4.3722249847E-12  -1.3649959317E-06   3.3271519387E-12
 ST_AU  3  -1.1700171540E-11   3.3271519387E-12  -1.3649959309E-06
; Cell optimization at step  4, max(stress):  0.1365E-05, total energy: -0.89307451    ;
  dV of each real space grid is now    6.1441255267915822E-002
 Cell length (Bohr)    5.524E+00   5.524E+00   5.524E+00
 Angle     (Degree)    9.000E+01   9.000E+01   9.000E+01
 Volume    (Bohr^3)    1.686E+02
  dV of each real space grid is now    6.1441255267915822E-002
 Cell length (Bohr)    5.524E+00   5.524E+00   5.524E+00
 Angle     (Degree)    9.000E+01   9.000E+01   9.000E+01
 Volume    (Bohr^3)    1.686E+02

 ------------------------------------------------------------------------------
                           SETUP EWALD 
 (Ewald) eta                             :   0.7396    
 (Ewald) Real Space Cutoff               :    6.370     (Bohr)
 (Ewald) Reciprocal Cutoff               :    7.393     (1/Bohr)

 ------------------------------------------------------------------------------
                           SETUP PLANE WAVE 
 Fill the 3D Wang-Teter kernel in G space

 ------------------------------------------------------------------------------
                           REFRESH ION POSITIONS
  
 Calculating Ion-Ion Energy ...                   complete.     0.000 s
  
 Calculating Ion-Electron Potential (spline) ... 
 complete.     0.000 s
 Rescale the total density from   0.122940 to          2

 ------------------------------------------------------------------------------
                           DENSITY OPTIMIZATION
 Electron number for spin            1  is    1.9999999999999976     
 Cell Volume      :            24.983172 Angstrom^3
 Ion number       :                    1
 Electron number  :             2.000000
 Ion density      :             0.040027 Ion/Angstrom^3
 Electron density :             0.080054 Electron/Angstrom^3
  
 Calculating Ion-Ion Forces ...                complete.     0.000 s
  
 Calculating Ion-Electron Forces (spline) ...  complete.     0.000 s
  
 Calculating Ion-Electron Stress (spline) ...  complete.     0.000 s
  
 Calculating Ion-Ion Stress ...                complete.     0.000 s
  
 ------------------------------------------------------------------------------
                         LATTICE VECTORS (Angstrom)
 LAT 1           2.923362        0.000000        0.000000
 LAT 2           0.000000        2.923362       -0.000000
 LAT 3           0.000000       -0.000000        2.923362
 ------------------------------------------------------------------------------
                                STRESS (GPa)
 ST_GPa 1       -0.026508       -0.000000       -0.000000
 ST_GPa 2       -0.000000       -0.026508        0.000000
 ST_GPa 3       -0.000000        0.000000       -0.026508
  
 --------------------------------------------------
 STRESS (a.u.)
 --------------------------------------------------
 ST_AU  1  -9.0097919606E-07  -4.6045018381E-12  -1.2472205295E-11
 ST_AU  2  -4.6045018381E-12  -9.0097943312E-07   3.6691195533E-12
 ST_AU  3  -1.2472205295E-11   3.6691195533E-12  -9.0097943213E-07
; Cell optimization at step  5, max(stress):  0.9010E-06, total energy: -0.89307459    ;
  dV of each real space grid is now    6.1464086933078345E-002
 Cell length (Bohr)    5.525E+00   5.525E+00   5.525E+00
 Angle     (Degree)    9.000E+01   9.000E+01   9.000E+01
 Volume    (Bohr^3)    1.687E+02
  dV of each real space grid is now    6.1464086933078345E-002
 Cell length (Bohr)    5.525E+00   5.525E+00   5.525E+00
 Angle     (Degree)    9.000E+01   9.000E+01   9.000E+01
 Volume    (Bohr^3)    1.687E+02

 ------------------------------------------------------------------------------
                           SETUP EWALD 
 (Ewald) eta                             :   0.7396    
 (Ewald) Real Space Cutoff               :    6.370     (Bohr)
 (Ewald) Reciprocal Cutoff               :    7.392     (1/Bohr)

 ------------------------------------------------------------------------------
                           SETUP PLANE WAVE 
 Fill the 3D Wang-Teter kernel in G space

 ------------------------------------------------------------------------------
                           REFRESH ION POSITIONS
  
 Calculating Ion-Ion Energy ...                   complete.     0.000 s
  
 Calculating Ion-Electron Potential (spline) ... 
 complete.     0.000 s
 Rescale the total density from   0.122974 to          2

 ------------------------------------------------------------------------------
                           DENSITY OPTIMIZATION
 Electron number for spin            1  is    1.9999999999999951     
 Cell Volume      :            24.992456 Angstrom^3
 Ion number       :                    1
 Electron number  :             2.000000
 Ion density      :             0.040012 Ion/Angstrom^3
 Electron density :             0.080024 Electron/Angstrom^3
  
 Calculating Ion-Ion Forces ...                complete.     0.000 s
  
 Calculating Ion-Electron Forces (spline) ...  complete.     0.000 s
  
 Calculating Ion-Electron Stress (spline) ...  complete.     0.000 s
  
 Calculating Ion-Ion Stress ...                complete.     0.000 s
  
 ------------------------------------------------------------------------------
                         LATTICE VECTORS (Angstrom)
 LAT 1           2.923724        0.000000        0.000000
 LAT 2           0.000000        2.923724       -0.000000
 LAT 3           0.000000       -0.000000        2.923724
 ------------------------------------------------------------------------------
                                STRESS (GPa)
 ST_GPa 1       -0.015723       -0.000000       -0.000000
 ST_GPa 2       -0.000000       -0.015723        0.000000
 ST_GPa 3       -0.000000        0.000000       -0.015723
  
 --------------------------------------------------
 STRESS (a.u.)
 --------------------------------------------------
 ST_AU  1  -5.3442355143E-07  -5.0910146144E-12  -1.3815441737E-11
 ST_AU  2  -5.0910146144E-12  -5.3442369768E-07   4.0871281731E-12
 ST_AU  3  -1.3815441737E-11   4.0871281731E-12  -5.3442369917E-07
; Cell optimization at step  6, max(stress):  0.5344E-06, total energy: -0.89307464    ;
  dV of each real space grid is now    6.1480345763611062E-002
 Cell length (Bohr)    5.526E+00   5.526E+00   5.526E+00
 Angle     (Degree)    9.000E+01   9.000E+01   9.000E+01
 Volume    (Bohr^3)    1.687E+02
  dV of each real space grid is now    6.1480345763611062E-002
 Cell length (Bohr)    5.526E+00   5.526E+00   5.526E+00
 Angle     (Degree)    9.000E+01   9.000E+01   9.000E+01
 Volume    (Bohr^3)    1.687E+02

 ------------------------------------------------------------------------------
                           SETUP EWALD 
 (Ewald) eta                             :   0.7396    
 (Ewald) Real Space Cutoff               :    6.370     (Bohr)
 (Ewald) Reciprocal Cutoff               :    7.391     (1/Bohr)

 ------------------------------------------------------------------------------
                           SETUP PLANE WAVE 
 Fill the 3D Wang-Teter kernel in G space

 ------------------------------------------------------------------------------
                           REFRESH ION POSITIONS
  
 Calculating Ion-Ion Energy ...                   complete.     0.000 s
  
 Calculating Ion-Electron Potential (spline) ... 
 complete.     0.000 s
 Rescale the total density from   0.122993 to          2

 ------------------------------------------------------------------------------
                           DENSITY OPTIMIZATION
 Electron number for spin            1  is    1.9999999999999991     
 Cell Volume      :            24.999067 Angstrom^3
 Ion number       :                    1
 Electron number  :             2.000000
 Ion density      :             0.040001 Ion/Angstrom^3
 Electron density :             0.080003 Electron/Angstrom^3
  
 Calculating Ion-Ion Forces ...                complete.     0.000 s
  
 Calculating Ion-Electron Forces (spline) ...  complete.     0.000 s
  
 Calculating Ion-Electron Stress (spline) ...  complete.     0.000 s
  
 Calculating Ion-Ion Stress ...                complete.     0.000 s
  
 ------------------------------------------------------------------------------
                         LATTICE VECTORS (Angstrom)
 LAT 1           2.923981        0.000000        0.000000
 LAT 2           0.000000        2.923981       -0.000000
 LAT 3           0.000000       -0.000000        2.923981
 ------------------------------------------------------------------------------
                                STRESS (GPa)
 ST_GPa 1       -0.008063       -0.000000       -0.000000
 ST_GPa 2       -0.000000       -0.008063        0.000000
 ST_GPa 3       -0.000000        0.000000       -0.008063
  
 --------------------------------------------------
 STRESS (a.u.)
 --------------------------------------------------
 ST_AU  1  -2.7404144885E-07  -5.7619432153E-12  -1.5709932559E-11
 ST_AU  2  -5.7619432153E-12  -2.7404153147E-07   4.7053776250E-12
 ST_AU  3  -1.5709932559E-11   4.7053776250E-12  -2.7404153060E-07
; Cell optimization at step  7, max(stress):  0.2740E-06, total energy: -0.89307466    ;
##############################################################################
#                               FINAL ENERGIES                       time    #
##############################################################################
# Thomas-Fermi Kin. Energy =   8.335862006006E+00 eV                 0.000 s #
# Von-Weizsacker Kin. Ener =   1.148033290466E+00 eV                 0.000 s #
# Wang-Teter Kinetic Energ =  -3.733139046392E-01 eV                 0.000 s #
#                                                                            #
#     LDA Exch-Corr Energy =  -1.139813883585E+01 eV                 0.000 s #
#         Coulombic Energy =   7.108324344900E-02 eV                 0.000 s #
#      Ion-Electron Energy =   5.860185992054E+00 eV                 0.000 s #
#           Ion-Ion Energy =  -2.794550874860E+01 eV                 0.000 s #
#                                                                            #
#     TOTAL KINETIC ENERGY =   9.110581391833E+00 eV                         #
#   TOTAL POTENTIAL ENERGY =  -3.341237834895E+01 eV                         #
#             TOTAL ENERGY =  -2.430179695712E+01 eV                         #
##############################################################################
  
 ----------------------------- TIME INFORMATION ------------------------------
    PROFESS      :      0.49s WALL    100.00% (       1 calls)     0.49s/call
    InitPROFESS  :      0.03s WALL      5.08% (       1 calls)     0.03s/call
    KEDFRefresh  :      0.00s WALL      0.19% (       7 calls)     0.00s/call
    IonRefresh   :      0.00s WALL      0.56% (       7 calls)     0.00s/call
    EwaldEnergy  :      0.00s WALL      0.25% (       7 calls)     0.00s/call
    Pot_Ion      :      0.00s WALL      0.10% (     253 calls)     0.00s/call
    Pot_Har      :      0.01s WALL      2.15% (     253 calls)     0.00s/call
    Pot_Exc      :      0.06s WALL     12.91% (     253 calls)     0.00s/call
    Pot_KEDF     :      0.26s WALL     52.95% (     253 calls)     0.00s/call
    VWPotSqrPlus :      0.01s WALL      1.92% (     253 calls)     0.00s/call
    NextGradient :      0.00s WALL      0.12% (      24 calls)     0.00s/call
    CalForce     :      0.00s WALL      0.49% (       7 calls)     0.00s/call
    EwaldForces  :      0.00s WALL      0.28% (       7 calls)     0.00s/call
    CalStress    :      0.01s WALL      2.53% (       7 calls)     0.00s/call
    EwaldStress  :      0.00s WALL      0.15% (       7 calls)     0.00s/call
 -----------------------------------------------------------------------------
 ------------------------------- TOTAL ---------------------------------------
    PROFESS      :      0.49s WALL    100.00% (       1 calls)     0.49s/call
 -----------------------------------------------------------------------------

Run completed on: 08/19/2021 at 15:32:38 
  
