 ******************************************************************************
                             WELCOME TO PROFESS                   
            (PRinceton Orbital-Free Electronic Structure Software) 
 ******************************************************************************

 ------------------------------------------------------------------------------
                           READ GEOMETRY
 Cell length (Bohr)    5.261E+01   5.261E+01   5.261E+01
 Angle     (Degree)    9.000E+01   9.000E+01   9.000E+01
 Volume    (Bohr^3)    1.456E+05

 ------------------------------------------------------------------------------
                           READ PSEUDOPOTENTIAL
 Total electron number in ReadPseudo is    4113.0000000000000     
 (System) Machine Precision              :    2.2204460492503131E-016

 ------------------------------------------------------------------------------
                           SETUP FFT
 Global FFT Dimension :   135  135  135
 Rank/Size in Global Communicator     :            0 /           1
 Rank/Size in Global FFT Communicator :            0 /           1
 Parallel FFT, totX    =   135
 Parallel FFT, totY    =   135
 Parallel FFT, locZ    =   135
 Parallel FFT, locZoff =     0
 Dimension of rho for this processor : 
 xmin, xmax :            0         134
 ymin, ymax :            0         134
 zmin, zmax :            0         134
 Total electron number =    4113.0000000000000     
 Uniform rhoR =    2.8242131680774059E-002
 (GB INFO) FFT size      :      135     135     135
 (GB INFO) FFT offset    :        0
 (GB INFO) FFT G size    :       68     135     135
 (GB INFO) FFT G offset  :        0

 ------------------------------------------------------------------------------
                           SETUP KEDF
 kinetic energy density functional number is            4
 ( 1=TF, 2=VW, 3=TF+VW, 4=WT,  5=WGC,  
   7=LQ, 8=HQ, 10=CAT,  11=HC, 12=WGCD,
   15=GGA, 16=WGCD+GGA, 17=EVT, 18=EVC )
 qTable dimension:    68  135  135
 Coefficient for TF KEDF is     1.0000
 Coefficient for VW KEDF is     1.0000
 Coefficient for alpha in WT KEDF is     0.8333
 Coefficient for beta  in WT KEDF is     0.8333
 rho0 (Electron/Bohr^3) in WGC KEDF is     0.0282
 hold0 =  F
  dV of each real space grid is now    5.9191579681068626E-002
 Cell length (Bohr)    5.261E+01   5.261E+01   5.261E+01
 Angle     (Degree)    9.000E+01   9.000E+01   9.000E+01
 Volume    (Bohr^3)    1.456E+05

 ------------------------------------------------------------------------------
                           SETUP EWALD 
 (Ewald) eta                             :   0.6338    
 (Ewald) Real Space Cutoff               :    8.762     (Bohr)
 (Ewald) Reciprocal Cutoff               :    8.001     (1/Bohr)

 ------------------------------------------------------------------------------
                           SETUP PLANE WAVE 
 Read in WT kernel.
 kernel file name  : 3PROFESS_KERNEL.dat           
 KEDF type         :     4
 Fermi vector      :   1.182014212099E+00
 Reference density :  -1.000000000000E+00
 Mesh points       :   200002
 Fermi vector in this cell is    1.8842397158312538     
 Fermi vector from kernel file is    1.1820142120987149     
 First qNorm is    0.0000000000000000     
 size of Wang-Teter kernel in this run is           68         135         135
 Max |G| in this calculation is   1.385888272635E+01
 Max eta used from kernel is   7.355159011831E+00

 ------------------------------------------------------------------------------
                           REFRESH ION POSITIONS
  
 Calculating Ion-Ion Energy ...                   complete.     0.583 s
  
 Calculating Ion-Electron Potential (spline) ... 
 complete.     0.250 s

 ------------------------------------------------------------------------------
                           DENSITY OPTIMIZATION
 Electron number for spin            1  is    4112.9999999754818     
 Cell Volume      :         21580.655357 Angstrom^3
 Ion number       :                 1371
 Electron number  :          4113.000000
 Ion density      :             0.063529 Ion/Angstrom^3
 Electron density :             0.190587 Electron/Angstrom^3
##############################################################################
#                               FINAL ENERGIES                       time    #
##############################################################################
# Thomas-Fermi Kin. Energy =   3.029754841625E+04 eV                 0.000 s #
# Von-Weizsacker Kin. Ener =   2.409985603727E+03 eV                 0.000 s #
# Wang-Teter Kinetic Energ =  -8.595193484359E+02 eV                 0.000 s #
#                                                                            #
#     LDA Exch-Corr Energy =  -3.036729079994E+04 eV                 0.000 s #
#         Coulombic Energy =   1.802582605936E+02 eV                 0.000 s #
#      Ion-Electron Energy =   2.129909222696E+04 eV                 0.000 s #
#           Ion-Ion Energy =  -1.023408368977E+05 eV                 0.000 s #
#                                                                            #
#     TOTAL KINETIC ENERGY =   3.184801467155E+04 eV                         #
#   TOTAL POTENTIAL ENERGY =  -1.112287772101E+05 eV                         #
#             TOTAL ENERGY =  -7.938076253851E+04 eV                         #
##############################################################################
  
 ----------------------------- TIME INFORMATION ------------------------------
    PROFESS      :    108.62s WALL    100.00% (       1 calls)   108.62s/call
    InitPROFESS  :      1.39s WALL      1.28% (       1 calls)     1.39s/call
    KEDFRefresh  :      0.41s WALL      0.38% (       1 calls)     0.41s/call
    IonRefresh   :      0.92s WALL      0.85% (       1 calls)     0.92s/call
    EwaldEnergy  :      0.58s WALL      0.54% (       1 calls)     0.58s/call
    Pot_Ion      :      0.21s WALL      0.19% (      71 calls)     0.00s/call
    Pot_Har      :      8.15s WALL      7.51% (      71 calls)     0.11s/call
    Pot_Exc      :     14.82s WALL     13.65% (      71 calls)     0.21s/call
    Pot_KEDF     :     79.11s WALL     72.83% (      71 calls)     1.11s/call
    VWPotSqrPlus :      7.62s WALL      7.01% (      71 calls)     0.11s/call
    NextGradient :      0.32s WALL      0.29% (       8 calls)     0.04s/call
 -----------------------------------------------------------------------------
 ------------------------------- TOTAL ---------------------------------------
    PROFESS      :    108.62s WALL    100.00% (       1 calls)   108.62s/call
 -----------------------------------------------------------------------------

Run completed on: 08/13/2021 at 20:03:33 
  
