 ******************************************************************************
                             WELCOME TO PROFESS                   
            (PRinceton Orbital-Free Electronic Structure Software) 
 ******************************************************************************

 ------------------------------------------------------------------------------
                           READ GEOMETRY
 Cell length (Bohr)    8.492E+00   8.492E+00   8.492E+00
 Angle     (Degree)    6.000E+01   6.000E+01   6.000E+01
 Volume    (Bohr^3)    4.330E+02

 ------------------------------------------------------------------------------
                           READ PSEUDOPOTENTIAL
 Total electron number in ReadPseudo is    8.0000000000000000     
 (System) Machine Precision              :    2.2204460492503131E-016

 ------------------------------------------------------------------------------
                           SETUP FFT
 Global FFT Dimension :    42   42   42
 Dimension of rho for this processor : 
 xmin, xmax :            0          41
 ymin, ymax :            0          41
 zmin, zmax :            0          41
 Total electron number =    8.0000000000000000     
 Uniform rhoR =    1.8474589236006814E-002
 (GB INFO) FFT size      :       42      42      42
 (GB INFO) FFT offset    :        0
 (GB INFO) FFT G size    :       22      42      42
 (GB INFO) FFT G offset  :        0

 ------------------------------------------------------------------------------
                           SETUP KEDF
 kinetic energy density functional number is            5
 ( 1=TF, 2=VW, 3=TF+VW, 4=WT,  5=WGC,  
   7=LQ, 8=HQ, 10=CAT,  11=HC, 12=WGCD,
   15=GGA, 16=WGCD+GGA, 17=EVT, 18=EVC )
 qTable dimension:    22   42   42
 Coefficient for TF KEDF is     1.0000
 Coefficient for VW KEDF is     1.0000
 Coefficient for alpha in WGC KEDF is     1.2060
 Coefficient for beta  in WGC KEDF is     0.4607
 Coefficient for gamma in WGC KEDF is     4.2000
 rho0 (Electron/Bohr^3) in WGC KEDF is     0.0185
 rhoS (Electron/Bohr^3) in WGC KEDF is     0.0185
 hold0 =  F
 holdS =  F
  dV of each real space grid is now    5.8447686407004391E-003
 Cell length (Bohr)    8.492E+00   8.492E+00   8.492E+00
 Angle     (Degree)    6.000E+01   6.000E+01   6.000E+01
 Volume    (Bohr^3)    4.330E+02

 ------------------------------------------------------------------------------
                           SETUP EWALD 
 (Ewald) eta                             :    1.200    
 (Ewald) Real Space Cutoff               :    6.000     (Bohr)
 (Ewald) Reciprocal Cutoff               :    15.17     (1/Bohr)

 ------------------------------------------------------------------------------
                           SETUP PLANE WAVE 

 ------------------------------------------------------------------------------
                           INITIALIZING WGC KERNEL
 Fermi vector :   0.81783419228460708     
 Reference density :    1.8474589236006814E-002
 Make WGC kernels.
 Dimension of KEDF Kernel :           22          42          42

 ------------------------------------------------------------------------------
                           REFRESH ION POSITIONS
  
 Calculating Ion-Ion Energy ...                   complete.     0.016 s
  
 Calculating Ion-Electron Potential (spline) ... 
 complete.     0.032 s

 ------------------------------------------------------------------------------
                           DENSITY OPTIMIZATION
 Electron number for spin            1  is    7.9999999999876703     
 Cell Volume      :            64.168013 Angstrom^3
 Ion number       :                    2
 Electron number  :             8.000000
 Ion density      :             0.031168 Ion/Angstrom^3
 Electron density :             0.124673 Electron/Angstrom^3
##############################################################################
#                               FINAL ENERGIES                       time    #
##############################################################################
# Thomas-Fermi Kin. Energy =   6.013812738290E+01 eV                 0.000 s #
# Von-Weizsacker Kin. Ener =   2.373709485330E+01 eV                 0.000 s #
#       WGC Kinetic Energy =  -1.680003140797E+01 eV                 0.000 s #
#                                                                            #
# GGA(PBE) Exch-Cor Energy =  -5.874626655213E+01 eV                 0.000 s #
#         Coulombic Energy =   1.795723398681E+01 eV                 0.000 s #
#      Ion-Electron Energy =  -2.966453410721E+01 eV                 0.000 s #
#           Ion-Ion Energy =  -2.038597383829E+02 eV                 0.000 s #
#                                                                            #
#     TOTAL KINETIC ENERGY =   6.707519082824E+01 eV                         #
#   TOTAL POTENTIAL ENERGY =  -2.743133050555E+02 eV                         #
#             TOTAL ENERGY =  -2.072381142272E+02 eV                         #
##############################################################################
  
 ----------------------------- TIME INFORMATION ------------------------------
    PROFESS      :     33.68s WALL    100.00% (       1 calls)    33.68s/call
    InitPROFESS  :      0.14s WALL      0.41% (       1 calls)     0.14s/call
    KEDFRefresh  :      0.05s WALL      0.14% (       1 calls)     0.05s/call
    IonRefresh   :      0.06s WALL      0.17% (       1 calls)     0.06s/call
    EwaldEnergy  :      0.02s WALL      0.05% (       1 calls)     0.02s/call
    ForwFFT_3D   :      6.66s WALL     19.77% (    3195 calls)     0.00s/call
    BackFFT_3D   :      5.54s WALL     16.45% (    3193 calls)     0.00s/call
    Pot_Ion      :      0.11s WALL      0.32% (     266 calls)     0.00s/call
    Pot_Har      :      1.15s WALL      3.41% (     266 calls)     0.00s/call
    Pot_Exc      :     17.19s WALL     51.03% (     266 calls)     0.06s/call
    PBEPot       :     16.30s WALL     48.40% (     266 calls)     0.06s/call
    Pot_KEDF     :     13.47s WALL     40.00% (     266 calls)     0.05s/call
    WGCPotPlus   :     10.72s WALL     31.82% (     266 calls)     0.04s/call
    VWPotSqrPlus :      0.94s WALL      2.80% (     266 calls)     0.00s/call
    NextGradient :      0.02s WALL      0.06% (      10 calls)     0.00s/call
 -----------------------------------------------------------------------------
 ------------------------------- TOTAL ---------------------------------------
    PROFESS      :     33.68s WALL    100.00% (       1 calls)    33.68s/call
 -----------------------------------------------------------------------------

Run completed on: 07/30/2024 at 20:55:35 
  
