 ******************************************************************************
                             WELCOME TO PROFESS                   
            (PRinceton Orbital-Free Electronic Structure Software) 
 ******************************************************************************

 ------------------------------------------------------------------------------
                           READ GEOMETRY
 Cell length (Bohr)    1.290E+01   1.290E+01   1.290E+01
 Angle     (Degree)    9.000E+01   9.000E+01   9.000E+01
 Volume    (Bohr^3)    2.145E+03

 ------------------------------------------------------------------------------
                           READ PSEUDOPOTENTIAL
 Total electron number in ReadPseudo is    64.000000000000000     
 (System) Machine Precision              :    2.2204460492503131E-016

 ------------------------------------------------------------------------------
                           SETUP FFT
 Global FFT Dimension :    63   63   63
 Dimension of rho for this processor : 
 xmin, xmax :            0          62
 ymin, ymax :            0          62
 zmin, zmax :            0          62
 Total electron number =    64.000000000000000     
 Uniform rhoR =    2.9831146675005877E-002
 (GB INFO) FFT size      :       63      63      63
 (GB INFO) FFT offset    :        0
 (GB INFO) FFT G size    :       32      63      63
 (GB INFO) FFT G offset  :        0

 ------------------------------------------------------------------------------
                           SETUP KEDF
 kinetic energy density functional number is           11
 ( 1=TF, 2=VW, 3=TF+VW, 4=WT,  5=WGC,  
   7=LQ, 8=HQ, 10=CAT,  11=HC, 12=WGCD,
   15=GGA, 16=WGCD+GGA, 17=EVT, 18=EVC )
 qTable dimension:    32   63   63
 rhoS=   2.9831146675005877E-002
 rho0=   2.9831146675005877E-002
 coefficients for TF KEDF is     1.000000
 coefficients for VW KEDF is     1.000000
 Lambda in HC10 is set to     0.010000
 ALPHA  in HC10 is set to     2.016667
 BETA   in HC10 is set to     0.650000
 Sum of alpha and beta is     2.666667
  dV of each real space grid is now    8.5800215403993643E-003
 Cell length (Bohr)    1.290E+01   1.290E+01   1.290E+01
 Angle     (Degree)    9.000E+01   9.000E+01   9.000E+01
 Volume    (Bohr^3)    2.145E+03

 ------------------------------------------------------------------------------
                           SETUP EWALD 
 (Ewald) eta                             :    1.200    
 (Ewald) Real Space Cutoff               :    6.000     (Bohr)
 (Ewald) Reciprocal Cutoff               :    15.10     (1/Bohr)

 ------------------------------------------------------------------------------
                           SETUP PLANE WAVE 

 ------------------------------------------------------------------------------
                           REFRESH ION POSITIONS
  
 Calculating Ion-Ion Energy ...                   complete.     0.104 s
  
 Calculating Ion-Electron Potential (spline) ... 
 complete.     0.125 s

 ------------------------------------------------------------------------------
                           DENSITY OPTIMIZATION
 Electron number for spin            1  is    63.999999999890655     
 Cell Volume      :           317.916757 Angstrom^3
 Ion number       :                   16
 Electron number  :            64.000000
 Ion density      :             0.050328 Ion/Angstrom^3
 Electron density :             0.201311 Electron/Angstrom^3
##############################################################################
#                               FINAL ENERGIES                       time    #
##############################################################################
# Thomas-Fermi Kin. Energy =   5.732673341843E+02 eV                 0.000 s #
# Von-Weizsacker Kin. Ener =   1.601661136355E+02 eV                 0.000 s #
#                                                                            #
# GGA(PBE) Exch-Cor Energy =  -5.131718781064E+02 eV                 0.000 s #
#         Coulombic Energy =   7.778421109658E+01 eV                 0.000 s #
#      Ion-Electron Energy =  -3.592930122759E+01 eV                 0.000 s #
#           Ion-Ion Energy =  -1.880831467823E+03 eV                 0.000 s #
#                                                                            #
#     TOTAL KINETIC ENERGY =   6.163297461565E+02 eV                         #
#   TOTAL POTENTIAL ENERGY =  -2.352148436061E+03 eV                         #
#             TOTAL ENERGY =  -1.735818689904E+03 eV                         #
##############################################################################
  
 ----------------------------- TIME INFORMATION ------------------------------
    PROFESS      :   1014.60s WALL    100.00% (       1 calls)  1014.60s/call
    InitPROFESS  :      0.33s WALL      0.03% (       1 calls)     0.33s/call
    KEDFRefresh  :      0.01s WALL      0.00% (       1 calls)     0.01s/call
    IonRefresh   :      0.25s WALL      0.02% (       1 calls)     0.25s/call
    EwaldEnergy  :      0.10s WALL      0.01% (       1 calls)     0.10s/call
    ForwFFT_3D   :    197.84s WALL     19.50% (   29254 calls)     0.01s/call
    BackFFT_3D   :    119.86s WALL     11.81% (   20403 calls)     0.01s/call
    Pot_Ion      :      0.94s WALL      0.09% (     608 calls)     0.00s/call
    Pot_Har      :      8.80s WALL      0.87% (     608 calls)     0.01s/call
    Pot_Exc      :    151.58s WALL     14.94% (     608 calls)     0.25s/call
    PBEPot       :    150.51s WALL     14.83% (     608 calls)     0.25s/call
    Pot_KEDF     :    839.03s WALL     82.70% (     608 calls)     1.38s/call
    intPot       :    816.66s WALL     80.49% (     608 calls)     1.34s/call
    MakeXiG      :      7.82s WALL      0.77% (     608 calls)     0.01s/call
    intPot1      :    220.15s WALL     21.70% (    5641 calls)     0.04s/call
    MakeHC10Kern :     16.63s WALL      1.64% (    6249 calls)     0.00s/call
    intPot2      :    157.24s WALL     15.50% (    5641 calls)     0.03s/call
    intPot3      :    250.81s WALL     24.72% (    5641 calls)     0.04s/call
    intPot4      :     96.02s WALL      9.46% (    5641 calls)     0.02s/call
    VWPotSqrPlus :      8.20s WALL      0.81% (     608 calls)     0.01s/call
    NextGradient :      0.60s WALL      0.06% (      53 calls)     0.01s/call
 -----------------------------------------------------------------------------
 ------------------------------- TOTAL ---------------------------------------
    PROFESS      :   1014.60s WALL    100.00% (       1 calls)  1014.60s/call
 -----------------------------------------------------------------------------

Run completed on: 07/30/2024 at 18:19:04 
  
