 ******************************************************************************
                             WELCOME TO PROFESS                   
            (PRinceton Orbital-Free Electronic Structure Software) 
 ******************************************************************************

 ------------------------------------------------------------------------------
                           READ GEOMETRY
 Cell length (Bohr)    8.149E+00   8.149E+00   8.149E+00
 Angle     (Degree)    6.000E+01   6.000E+01   6.000E+01
 Volume    (Bohr^3)    3.826E+02

 ------------------------------------------------------------------------------
                           READ PSEUDOPOTENTIAL
 Total electron number in ReadPseudo is    8.0000000000000000     
 (System) Machine Precision              :    2.2204460492503131E-016

 ------------------------------------------------------------------------------
                           SETUP FFT
 Global FFT Dimension :    40   40   40
 Dimension of rho for this processor : 
 xmin, xmax :            0          39
 ymin, ymax :            0          39
 zmin, zmax :            0          39
 Total electron number =    8.0000000000000000     
 Uniform rhoR =    2.0908541241829341E-002
 (GB INFO) FFT size      :       40      40      40
 (GB INFO) FFT offset    :        0
 (GB INFO) FFT G size    :       21      40      40
 (GB INFO) FFT G offset  :        0

 ------------------------------------------------------------------------------
                           SETUP KEDF
 kinetic energy density functional number is           11
 ( 1=TF, 2=VW, 3=TF+VW, 4=WT,  5=WGC,  
   7=LQ, 8=HQ, 10=CAT,  11=HC, 12=WGCD,
   15=GGA, 16=WGCD+GGA, 17=EVT, 18=EVC )
 qTable dimension:    21   40   40
 rhoS=   2.0908541241829341E-002
 rho0=   2.0908541241829341E-002
 coefficients for TF KEDF is     1.000000
 coefficients for VW KEDF is     1.000000
 Lambda in HC10 is set to     0.010000
 ALPHA  in HC10 is set to     1.946667
 BETA   in HC10 is set to     0.720000
 Sum of alpha and beta is     2.666667
  dV of each real space grid is now    5.9784180328145854E-003
 Cell length (Bohr)    8.149E+00   8.149E+00   8.149E+00
 Angle     (Degree)    6.000E+01   6.000E+01   6.000E+01
 Volume    (Bohr^3)    3.826E+02

 ------------------------------------------------------------------------------
                           SETUP EWALD 
 (Ewald) eta                             :    1.200    
 (Ewald) Real Space Cutoff               :    6.000     (Bohr)
 (Ewald) Reciprocal Cutoff               :    15.04     (1/Bohr)

 ------------------------------------------------------------------------------
                           SETUP PLANE WAVE 

 ------------------------------------------------------------------------------
                           REFRESH ION POSITIONS
  
 Calculating Ion-Ion Energy ...                   complete.     0.039 s
  
 Calculating Ion-Electron Potential (spline) ... 
 complete.     0.089 s

 ------------------------------------------------------------------------------
                           DENSITY OPTIMIZATION
 Electron number for spin            1  is    8.0000000000066009     
 Cell Volume      :            56.698249 Angstrom^3
 Ion number       :                    2
 Electron number  :             8.000000
 Ion density      :             0.035274 Ion/Angstrom^3
 Electron density :             0.141098 Electron/Angstrom^3
##############################################################################
#                               FINAL ENERGIES                       time    #
##############################################################################
# Thomas-Fermi Kin. Energy =   6.076823173711E+01 eV                 0.000 s #
# Von-Weizsacker Kin. Ener =   2.004954349670E+01 eV                 0.000 s #
#                                                                            #
# GGA(PBE) Exch-Cor Energy =  -5.933473092500E+01 eV                 0.000 s #
#         Coulombic Energy =   1.413887685691E+01 eV                 0.000 s #
#      Ion-Electron Energy =  -1.594077051268E+01 eV                 0.000 s #
#           Ion-Ion Energy =  -2.124456168154E+02 eV                 0.000 s #
#                                                                            #
#     TOTAL KINETIC ENERGY =   6.597627853281E+01 eV                         #
#   TOTAL POTENTIAL ENERGY =  -2.735822413961E+02 eV                         #
#             TOTAL ENERGY =  -2.076059628633E+02 eV                         #
##############################################################################
  
 ----------------------------- TIME INFORMATION ------------------------------
    PROFESS      :   2319.22s WALL    100.00% (       1 calls)  2319.22s/call
    InitPROFESS  :      0.23s WALL      0.01% (       1 calls)     0.23s/call
    KEDFRefresh  :      0.01s WALL      0.00% (       1 calls)     0.01s/call
    IonRefresh   :      0.14s WALL      0.01% (       1 calls)     0.14s/call
    EwaldEnergy  :      0.04s WALL      0.00% (       1 calls)     0.04s/call
    ForwFFT_3D   :    410.15s WALL     17.68% (   48323 calls)     0.01s/call
    BackFFT_3D   :    214.68s WALL      9.26% (   31531 calls)     0.01s/call
    Pot_Ion      :      2.18s WALL      0.09% (     776 calls)     0.00s/call
    Pot_Har      :     15.31s WALL      0.66% (     776 calls)     0.02s/call
    Pot_Exc      :    285.89s WALL     12.33% (     776 calls)     0.37s/call
    PBEPot       :    283.76s WALL     12.24% (     776 calls)     0.37s/call
    Pot_KEDF     :   1990.05s WALL     85.81% (     776 calls)     2.56s/call
    intPot       :   1953.61s WALL     84.24% (     776 calls)     2.52s/call
    MakeXiG      :     13.12s WALL      0.57% (     776 calls)     0.02s/call
    VWPotSqrPlus :     14.14s WALL      0.61% (     776 calls)     0.02s/call
    intPot1      :    541.49s WALL     23.35% (    9946 calls)     0.05s/call
    MakeHC10Kern :     54.42s WALL      2.35% (   10721 calls)     0.01s/call
    intPot2      :    396.63s WALL     17.10% (    9946 calls)     0.04s/call
    intPot3      :    609.66s WALL     26.29% (    9946 calls)     0.06s/call
    intPot4      :    247.24s WALL     10.66% (    9946 calls)     0.02s/call
    NextGradient :      1.14s WALL      0.05% (      64 calls)     0.02s/call
 -----------------------------------------------------------------------------
 ------------------------------- TOTAL ---------------------------------------
    PROFESS      :   2319.22s WALL    100.00% (       1 calls)  2319.22s/call
 -----------------------------------------------------------------------------

Run completed on: 07/31/2024 at 10:44:55 
  
