 ******************************************************************************
                             WELCOME TO PROFESS                   
            (PRinceton Orbital-Free Electronic Structure Software) 
 ******************************************************************************

 ------------------------------------------------------------------------------
                           READ GEOMETRY
 Cell length (Bohr)    7.357E+00   7.357E+00   1.208E+01
 Angle     (Degree)    9.000E+01   9.000E+01   1.200E+02
 Volume    (Bohr^3)    5.661E+02

 ------------------------------------------------------------------------------
                           READ PSEUDOPOTENTIAL
 Total electron number in ReadPseudo is    16.000000000000000     
 (System) Machine Precision              :    2.2204460492503131E-016

 ------------------------------------------------------------------------------
                           SETUP FFT
 Global FFT Dimension :    36   36   60
 Dimension of rho for this processor : 
 xmin, xmax :            0          35
 ymin, ymax :            0          35
 zmin, zmax :            0          59
 Total electron number =    16.000000000000000     
 Uniform rhoR =    2.8262103795306439E-002
 (GB INFO) FFT size      :       36      36      60
 (GB INFO) FFT offset    :        0
 (GB INFO) FFT G size    :       19      36      60
 (GB INFO) FFT G offset  :        0

 ------------------------------------------------------------------------------
                           SETUP KEDF
 kinetic energy density functional number is           11
 ( 1=TF, 2=VW, 3=TF+VW, 4=WT,  5=WGC,  
   7=LQ, 8=HQ, 10=CAT,  11=HC, 12=WGCD,
   15=GGA, 16=WGCD+GGA, 17=EVT, 18=EVC )
 qTable dimension:    19   36   60
 rhoS=   2.8262103795306439E-002
 rho0=   2.8262103795306439E-002
 coefficients for TF KEDF is     1.000000
 coefficients for VW KEDF is     1.000000
 Lambda in HC10 is set to     0.012000
 ALPHA  in HC10 is set to     1.821667
 BETA   in HC10 is set to     0.845000
 Sum of alpha and beta is     2.666667
  dV of each real space grid is now    7.2804671004923311E-003
 Cell length (Bohr)    7.357E+00   7.357E+00   1.208E+01
 Angle     (Degree)    9.000E+01   9.000E+01   1.200E+02
 Volume    (Bohr^3)    5.661E+02

 ------------------------------------------------------------------------------
                           SETUP EWALD 
 (Ewald) eta                             :    1.200    
 (Ewald) Real Space Cutoff               :    6.000     (Bohr)
 (Ewald) Reciprocal Cutoff               :    14.94     (1/Bohr)

 ------------------------------------------------------------------------------
                           SETUP PLANE WAVE 

 ------------------------------------------------------------------------------
                           REFRESH ION POSITIONS
  
 Calculating Ion-Ion Energy ...                   complete.     0.004 s
  
 Calculating Ion-Electron Potential (spline) ... 
 complete.     0.009 s

 ------------------------------------------------------------------------------
                           DENSITY OPTIMIZATION
 Electron number for spin            1  is    15.999999999984894     
 Cell Volume      :            83.891679 Angstrom^3
 Ion number       :                    4
 Electron number  :            16.000000
 Ion density      :             0.047681 Ion/Angstrom^3
 Electron density :             0.190722 Electron/Angstrom^3
##############################################################################
#                               FINAL ENERGIES                       time    #
##############################################################################
# Thomas-Fermi Kin. Energy =   1.591618417814E+02 eV                 0.000 s #
# Von-Weizsacker Kin. Ener =   5.184162386521E+01 eV                 0.000 s #
#                                                                            #
# GGA(PBE) Exch-Cor Energy =  -1.334497023776E+02 eV                 0.000 s #
#         Coulombic Energy =   4.523967437295E+01 eV                 0.000 s #
#      Ion-Electron Energy =  -9.311374371974E+01 eV                 0.000 s #
#           Ion-Ion Energy =  -4.691910009825E+02 eV                 0.000 s #
#                                                                            #
#     TOTAL KINETIC ENERGY =   1.683062184593E+02 eV                         #
#   TOTAL POTENTIAL ENERGY =  -6.505147727069E+02 eV                         #
#             TOTAL ENERGY =  -4.822085542476E+02 eV                         #
##############################################################################
  
 ----------------------------- TIME INFORMATION ------------------------------
    PROFESS      :   6327.41s WALL    100.00% (       1 calls)  6327.41s/call
    InitPROFESS  :      0.05s WALL      0.00% (       1 calls)     0.05s/call
    KEDFRefresh  :      0.00s WALL      0.00% (       1 calls)     0.00s/call
    IonRefresh   :      0.01s WALL      0.00% (       1 calls)     0.01s/call
    EwaldEnergy  :      0.00s WALL      0.00% (       1 calls)     0.00s/call
    ForwFFT_3D   :   1256.99s WALL     19.87% (  104697 calls)     0.01s/call
    BackFFT_3D   :    607.24s WALL      9.60% (   65209 calls)     0.01s/call
    Pot_Ion      :      4.00s WALL      0.06% (    1354 calls)     0.00s/call
    Pot_Har      :     35.41s WALL      0.56% (    1354 calls)     0.03s/call
    Pot_Exc      :    684.75s WALL     10.82% (    1354 calls)     0.51s/call
    PBEPot       :    679.68s WALL     10.74% (    1354 calls)     0.50s/call
    Pot_KEDF     :   5545.23s WALL     87.64% (    1354 calls)     4.10s/call
    intPot       :   5464.85s WALL     86.37% (    1354 calls)     4.04s/call
    MakeXiG      :     27.50s WALL      0.43% (    1354 calls)     0.02s/call
    VWPotSqrPlus :     32.10s WALL      0.51% (    1354 calls)     0.02s/call
    intPot1      :   1542.36s WALL     24.38% (   22450 calls)     0.07s/call
    MakeHC10Kern :    159.91s WALL      2.53% (   23803 calls)     0.01s/call
    intPot2      :   1079.96s WALL     17.07% (   22450 calls)     0.05s/call
    intPot3      :   1810.69s WALL     28.62% (   22450 calls)     0.08s/call
    intPot4      :    676.96s WALL     10.70% (   22450 calls)     0.03s/call
    NextGradient :      3.32s WALL      0.05% (     137 calls)     0.02s/call
 -----------------------------------------------------------------------------
 ------------------------------- TOTAL ---------------------------------------
    PROFESS      :   6327.41s WALL    100.00% (       1 calls)  6327.41s/call
 -----------------------------------------------------------------------------

Run completed on: 07/31/2024 at 10:59:06 
  
