 ******************************************************************************
                             WELCOME TO PROFESS                   
            (PRinceton Orbital-Free Electronic Structure Software) 
 ******************************************************************************

 ------------------------------------------------------------------------------
                           READ GEOMETRY
 Cell length (Bohr)    7.518E+00   7.518E+00   7.518E+00
 Angle     (Degree)    6.000E+01   6.000E+01   6.000E+01
 Volume    (Bohr^3)    3.005E+02

 ------------------------------------------------------------------------------
                           READ PSEUDOPOTENTIAL
 Total electron number in ReadPseudo is    8.0000000000000000     
 (System) Machine Precision              :    2.2204460492503131E-016

 ------------------------------------------------------------------------------
                           SETUP FFT
 Global FFT Dimension :    40   40   40
 Dimension of rho for this processor : 
 xmin, xmax :            0          39
 ymin, ymax :            0          39
 zmin, zmax :            0          39
 Total electron number =    8.0000000000000000     
 Uniform rhoR =    2.6625155815117513E-002
 (GB INFO) FFT size      :       40      40      40
 (GB INFO) FFT offset    :        0
 (GB INFO) FFT G size    :       21      40      40
 (GB INFO) FFT G offset  :        0

 ------------------------------------------------------------------------------
                           SETUP KEDF
 kinetic energy density functional number is           11
 ( 1=TF, 2=VW, 3=TF+VW, 4=WT,  5=WGC,  
   7=LQ, 8=HQ, 10=CAT,  11=HC, 12=WGCD,
   15=GGA, 16=WGCD+GGA, 17=EVT, 18=EVC )
 qTable dimension:    21   40   40
 rhoS=   2.6625155815117513E-002
 rho0=   2.6625155815117513E-002
 coefficients for TF KEDF is     1.000000
 coefficients for VW KEDF is     1.000000
 Lambda in HC10 is set to     0.013000
 ALPHA  in HC10 is set to     1.883667
 BETA   in HC10 is set to     0.783000
 Sum of alpha and beta is     2.666667
  dV of each real space grid is now    4.6948082057430129E-003
 Cell length (Bohr)    7.518E+00   7.518E+00   7.518E+00
 Angle     (Degree)    6.000E+01   6.000E+01   6.000E+01
 Volume    (Bohr^3)    3.005E+02

 ------------------------------------------------------------------------------
                           SETUP EWALD 
 (Ewald) eta                             :    1.200    
 (Ewald) Real Space Cutoff               :    6.000     (Bohr)
 (Ewald) Reciprocal Cutoff               :    16.30     (1/Bohr)

 ------------------------------------------------------------------------------
                           SETUP PLANE WAVE 

 ------------------------------------------------------------------------------
                           REFRESH ION POSITIONS
  
 Calculating Ion-Ion Energy ...                   complete.     0.036 s
  
 Calculating Ion-Electron Potential (spline) ... 
 complete.     0.084 s

 ------------------------------------------------------------------------------
                           DENSITY OPTIMIZATION
 Electron number for spin            1  is    7.9999999999964846     
 Cell Volume      :            44.524723 Angstrom^3
 Ion number       :                    2
 Electron number  :             8.000000
 Ion density      :             0.044919 Ion/Angstrom^3
 Electron density :             0.179675 Electron/Angstrom^3
##############################################################################
#                               FINAL ENERGIES                       time    #
##############################################################################
# Thomas-Fermi Kin. Energy =   7.377545414563E+01 eV                 0.000 s #
# Von-Weizsacker Kin. Ener =   2.279244787938E+01 eV                 0.000 s #
#                                                                            #
# GGA(PBE) Exch-Cor Energy =  -6.460223451911E+01 eV                 0.000 s #
#         Coulombic Energy =   1.879788641522E+01 eV                 0.000 s #
#      Ion-Electron Energy =  -3.393149812924E+01 eV                 0.000 s #
#           Ion-Ion Energy =  -2.302699411043E+02 eV                 0.000 s #
#                                                                            #
#     TOTAL KINETIC ENERGY =   7.826091611597E+01 eV                         #
#   TOTAL POTENTIAL ENERGY =  -3.100057873375E+02 eV                         #
#             TOTAL ENERGY =  -2.317448712215E+02 eV                         #
##############################################################################
  
 ----------------------------- TIME INFORMATION ------------------------------
    PROFESS      :   2848.94s WALL    100.00% (       1 calls)  2848.94s/call
    InitPROFESS  :      0.24s WALL      0.01% (       1 calls)     0.24s/call
    KEDFRefresh  :      0.00s WALL      0.00% (       1 calls)     0.00s/call
    IonRefresh   :      0.14s WALL      0.00% (       1 calls)     0.14s/call
    EwaldEnergy  :      0.04s WALL      0.00% (       1 calls)     0.04s/call
    ForwFFT_3D   :    515.69s WALL     18.10% (   59969 calls)     0.01s/call
    BackFFT_3D   :    262.31s WALL      9.21% (   38665 calls)     0.01s/call
    Pot_Ion      :      2.34s WALL      0.08% (     914 calls)     0.00s/call
    Pot_Har      :     17.64s WALL      0.62% (     914 calls)     0.02s/call
    Pot_Exc      :    331.92s WALL     11.65% (     914 calls)     0.36s/call
    PBEPot       :    329.36s WALL     11.56% (     914 calls)     0.36s/call
    Pot_KEDF     :   2466.14s WALL     86.56% (     914 calls)     2.70s/call
    intPot       :   2425.19s WALL     85.13% (     914 calls)     2.65s/call
    MakeXiG      :     15.23s WALL      0.53% (     914 calls)     0.02s/call
    VWPotSqrPlus :     15.24s WALL      0.54% (     914 calls)     0.02s/call
    intPot1      :    670.99s WALL     23.55% (   12478 calls)     0.05s/call
    MakeHC10Kern :     63.30s WALL      2.22% (   13391 calls)     0.00s/call
    intPot2      :    493.52s WALL     17.32% (   12478 calls)     0.04s/call
    intPot3      :    767.67s WALL     26.95% (   12478 calls)     0.06s/call
    intPot4      :    307.11s WALL     10.78% (   12478 calls)     0.02s/call
    NextGradient :      1.61s WALL      0.06% (      90 calls)     0.02s/call
 -----------------------------------------------------------------------------
 ------------------------------- TOTAL ---------------------------------------
    PROFESS      :   2848.94s WALL    100.00% (       1 calls)  2848.94s/call
 -----------------------------------------------------------------------------

Run completed on: 07/31/2024 at 10:38:29 
  
