 ******************************************************************************
                             WELCOME TO PROFESS                   
            (PRinceton Orbital-Free Electronic Structure Software) 
 ******************************************************************************

 ------------------------------------------------------------------------------
                           READ GEOMETRY
 Cell length (Bohr)    6.855E+00   6.855E+00   6.855E+00
 Angle     (Degree)    6.000E+01   6.000E+01   6.000E+01
 Volume    (Bohr^3)    2.278E+02

 ------------------------------------------------------------------------------
                           READ PSEUDOPOTENTIAL
 Total electron number in ReadPseudo is    8.0000000000000000     
 (System) Machine Precision              :    2.2204460492503131E-016

 ------------------------------------------------------------------------------
                           SETUP FFT
 Global FFT Dimension :    35   35   35
 Dimension of rho for this processor : 
 xmin, xmax :            0          34
 ymin, ymax :            0          34
 zmin, zmax :            0          34
 Total electron number =    8.0000000000000000     
 Uniform rhoR =    3.5122723151929790E-002
 (GB INFO) FFT size      :       35      35      35
 (GB INFO) FFT offset    :        0
 (GB INFO) FFT G size    :       18      35      35
 (GB INFO) FFT G offset  :        0

 ------------------------------------------------------------------------------
                           SETUP KEDF
 kinetic energy density functional number is           11
 ( 1=TF, 2=VW, 3=TF+VW, 4=WT,  5=WGC,  
   7=LQ, 8=HQ, 10=CAT,  11=HC, 12=WGCD,
   15=GGA, 16=WGCD+GGA, 17=EVT, 18=EVC )
 qTable dimension:    18   35   35
 rhoS=   3.5122723151929790E-002
 rho0=   3.5122723151929790E-002
 coefficients for TF KEDF is     1.000000
 coefficients for VW KEDF is     1.000000
 Lambda in HC10 is set to     0.012000
 ALPHA  in HC10 is set to     1.821667
 BETA   in HC10 is set to     0.845000
 Sum of alpha and beta is     2.666667
  dV of each real space grid is now    5.3124844698309468E-003
 Cell length (Bohr)    6.855E+00   6.855E+00   6.855E+00
 Angle     (Degree)    6.000E+01   6.000E+01   6.000E+01
 Volume    (Bohr^3)    2.278E+02

 ------------------------------------------------------------------------------
                           SETUP EWALD 
 (Ewald) eta                             :    1.200    
 (Ewald) Real Space Cutoff               :    6.000     (Bohr)
 (Ewald) Reciprocal Cutoff               :    15.58     (1/Bohr)

 ------------------------------------------------------------------------------
                           SETUP PLANE WAVE 

 ------------------------------------------------------------------------------
                           REFRESH ION POSITIONS
  
 Calculating Ion-Ion Energy ...                   complete.     0.013 s
  
 Calculating Ion-Electron Potential (spline) ... 
 complete.     0.023 s

 ------------------------------------------------------------------------------
                           DENSITY OPTIMIZATION
 Electron number for spin            1  is    8.0000000000059295     
 Cell Volume      :            33.752442 Angstrom^3
 Ion number       :                    2
 Electron number  :             8.000000
 Ion density      :             0.059255 Ion/Angstrom^3
 Electron density :             0.237020 Electron/Angstrom^3
##############################################################################
#                               FINAL ENERGIES                       time    #
##############################################################################
# Thomas-Fermi Kin. Energy =   8.708258807541E+01 eV                 0.000 s #
# Von-Weizsacker Kin. Ener =   2.638841660902E+01 eV                 0.000 s #
#                                                                            #
# GGA(PBE) Exch-Cor Energy =  -6.974746981426E+01 eV                 0.000 s #
#         Coulombic Energy =   1.866715432048E+01 eV                 0.000 s #
#      Ion-Electron Energy =  -2.836621073754E+01 eV                 0.000 s #
#           Ion-Ion Energy =  -2.525433426597E+02 eV                 0.000 s #
#                                                                            #
#     TOTAL KINETIC ENERGY =   9.140846784845E+01 eV                         #
#   TOTAL POTENTIAL ENERGY =  -3.319898688910E+02 eV                         #
#             TOTAL ENERGY =  -2.405814010426E+02 eV                         #
##############################################################################
  
 ----------------------------- TIME INFORMATION ------------------------------
    PROFESS      :   2271.07s WALL    100.00% (       1 calls)  2271.07s/call
    InitPROFESS  :      0.09s WALL      0.00% (       1 calls)     0.09s/call
    KEDFRefresh  :      0.00s WALL      0.00% (       1 calls)     0.00s/call
    IonRefresh   :      0.04s WALL      0.00% (       1 calls)     0.04s/call
    EwaldEnergy  :      0.01s WALL      0.00% (       1 calls)     0.01s/call
    ForwFFT_3D   :    320.90s WALL     14.13% (   52189 calls)     0.01s/call
    BackFFT_3D   :    217.72s WALL      9.59% (   33293 calls)     0.01s/call
    Pot_Ion      :      1.99s WALL      0.09% (     758 calls)     0.00s/call
    Pot_Har      :     11.78s WALL      0.52% (     758 calls)     0.02s/call
    Pot_Exc      :    244.74s WALL     10.78% (     758 calls)     0.32s/call
    PBEPot       :    242.36s WALL     10.67% (     758 calls)     0.32s/call
    Pot_KEDF     :   1991.27s WALL     87.68% (     758 calls)     2.63s/call
    intPot       :   1963.08s WALL     86.44% (     758 calls)     2.59s/call
    MakeXiG      :     12.04s WALL      0.53% (     758 calls)     0.02s/call
    VWPotSqrPlus :      9.76s WALL      0.43% (     758 calls)     0.01s/call
    intPot1      :    581.63s WALL     25.61% (   10962 calls)     0.05s/call
    MakeHC10Kern :     53.23s WALL      2.34% (   11719 calls)     0.00s/call
    intPot2      :    411.24s WALL     18.11% (   10962 calls)     0.04s/call
    intPot3      :    558.38s WALL     24.59% (   10962 calls)     0.05s/call
    intPot4      :    271.50s WALL     11.95% (   10962 calls)     0.02s/call
    NextGradient :      0.86s WALL      0.04% (      72 calls)     0.01s/call
 -----------------------------------------------------------------------------
 ------------------------------- TOTAL ---------------------------------------
    PROFESS      :   2271.07s WALL    100.00% (       1 calls)  2271.07s/call
 -----------------------------------------------------------------------------

Run completed on: 07/31/2024 at 02:58:10 
  
