 ******************************************************************************
                             WELCOME TO PROFESS                   
            (PRinceton Orbital-Free Electronic Structure Software) 
 ******************************************************************************

 ------------------------------------------------------------------------------
                           READ GEOMETRY
 Cell length (Bohr)    5.990E+00   9.543E+00   1.022E+01
 Angle     (Degree)    9.000E+01   9.000E+01   9.000E+01
 Volume    (Bohr^3)    5.844E+02

 ------------------------------------------------------------------------------
                           READ PSEUDOPOTENTIAL
 Total electron number in ReadPseudo is    7.0000000000000000     
 (System) Machine Precision              :    2.2204460492503131E-016

 ------------------------------------------------------------------------------
                           SETUP FFT
 Global FFT Dimension :    30   48   50
 Rank/Size in Global Communicator     :            0 /           1
 Rank/Size in Global FFT Communicator :            0 /           1
 Parallel FFT, totX    =    30
 Parallel FFT, totY    =    48
 Parallel FFT, locZ    =    50
 Parallel FFT, locZoff =     0
 Dimension of rho for this processor : 
 xmin, xmax :            0          29
 ymin, ymax :            0          47
 zmin, zmax :            0          49
 Total electron number =    7.0000000000000000     
 Uniform rhoR =    1.1978624575047604E-002
 (GB INFO) FFT size      :       30      48      50
 (GB INFO) FFT offset    :        0
 (GB INFO) FFT G size    :       16      48      50
 (GB INFO) FFT G offset  :        0

 ------------------------------------------------------------------------------
                           SETUP KEDF
 kinetic energy density functional number is            5
 ( 1=TF, 2=VW, 3=TF+VW, 4=WT,  5=WGC,  
   7=LQ, 8=HQ, 10=CAT,  11=HC, 12=WGCD,
   15=GGA, 16=WGCD+GGA, 17=EVT, 18=EVC )
 qTable dimension:    16   48   50
 Coefficient for TF KEDF is     1.0000
 Coefficient for VW KEDF is     1.0000
 Coefficient for alpha in WGC KEDF is     1.2060
 Coefficient for beta  in WGC KEDF is     0.4607
 Coefficient for gamma in WGC KEDF is     2.7000
 rho0 (Electron/Bohr^3) in WGC KEDF is     0.0120
 rhoS (Electron/Bohr^3) in WGC KEDF is     0.0120
 hold0 =  F
 holdS =  F
  dV of each real space grid is now    8.1163093152400480E-003
 Cell length (Bohr)    5.990E+00   9.543E+00   1.022E+01
 Angle     (Degree)    9.000E+01   9.000E+01   9.000E+01
 Volume    (Bohr^3)    5.844E+02

 ------------------------------------------------------------------------------
                           SETUP EWALD 
 (Ewald) eta                             :    1.200    
 (Ewald) Real Space Cutoff               :    6.000     (Bohr)
 (Ewald) Reciprocal Cutoff               :    15.06     (1/Bohr)

 ------------------------------------------------------------------------------
                           SETUP PLANE WAVE 

 ------------------------------------------------------------------------------
                           INITIALIZING WGC KERNEL
 Fermi vector :   0.70785230613412986     
 Reference density :    1.1978624575047604E-002
 Make WGC kernels.
 Dimension of KEDF Kernel :           16          48          50

 ------------------------------------------------------------------------------
                           REFRESH ION POSITIONS
  
 Calculating Ion-Ion Energy ...                   complete.     0.010 s
  
 Calculating Ion-Electron Potential (spline) ... 
 complete.     0.018 s

 ------------------------------------------------------------------------------
                           DENSITY OPTIMIZATION
 Electron number for spin            1  is    6.9999999999898774     
 Cell Volume      :            86.595332 Angstrom^3
 Ion number       :                    4
 Electron number  :             7.000000
 Ion density      :             0.046192 Ion/Angstrom^3
 Electron density :             0.080836 Electron/Angstrom^3
 Print density file to mp-1016222/mp-1016222.den                         
##############################################################################
#                               FINAL ENERGIES                       time    #
##############################################################################
# Thomas-Fermi Kin. Energy =   2.981611164389E+01 eV                 0.000 s #
# Von-Weizsacker Kin. Ener =   3.587667988147E+00 eV                 0.000 s #
#       WGC Kinetic Energy =  -1.603978667032E+00 eV                 0.000 s #
#                                                                            #
# GGA(PBE) Exch-Cor Energy =  -4.025862422063E+01 eV                 0.000 s #
#         Coulombic Energy =   1.335280866716E+00 eV                 0.000 s #
#      Ion-Electron Energy =   2.017369798459E+01 eV                 0.000 s #
#           Ion-Ion Energy =  -9.377219454597E+01 eV                 0.000 s #
#                                                                            #
#     TOTAL KINETIC ENERGY =   3.179980096500E+01 eV                         #
#   TOTAL POTENTIAL ENERGY =  -1.125218399153E+02 eV                         #
#             TOTAL ENERGY =  -8.072203895028E+01 eV                         #
##############################################################################
  
 ----------------------------- TIME INFORMATION ------------------------------
    PROFESS      :     21.64s WALL    100.00% (       1 calls)    21.64s/call
    InitPROFESS  :      0.10s WALL      0.46% (       1 calls)     0.10s/call
    KEDFRefresh  :      0.04s WALL      0.17% (       1 calls)     0.04s/call
    IonRefresh   :      0.03s WALL      0.14% (       1 calls)     0.03s/call
    EwaldEnergy  :      0.01s WALL      0.05% (       1 calls)     0.01s/call
    Pot_Ion      :      0.03s WALL      0.13% (     146 calls)     0.00s/call
    Pot_Har      :      0.66s WALL      3.03% (     146 calls)     0.00s/call
    Pot_Exc      :      9.68s WALL     44.75% (     146 calls)     0.07s/call
    PBEPot       :      9.44s WALL     43.61% (     146 calls)     0.06s/call
    Pot_KEDF     :     10.23s WALL     47.28% (     146 calls)     0.07s/call
    WGCPotPlus   :      8.08s WALL     37.32% (     146 calls)     0.06s/call
    VWPotSqrPlus :      0.60s WALL      2.75% (     146 calls)     0.00s/call
    NextGradient :      0.01s WALL      0.05% (       7 calls)     0.00s/call
 -----------------------------------------------------------------------------
 ------------------------------- TOTAL ---------------------------------------
    PROFESS      :     21.64s WALL    100.00% (       1 calls)    21.64s/call
 -----------------------------------------------------------------------------

Run completed on: 05/15/2023 at 18:57:56 
  
