 ******************************************************************************
                             WELCOME TO PROFESS                   
            (PRinceton Orbital-Free Electronic Structure Software) 
 ******************************************************************************

 ------------------------------------------------------------------------------
                           READ GEOMETRY
 Cell length (Bohr)    7.007E+00   7.007E+00   7.007E+00
 Angle     (Degree)    9.744E+01   9.744E+01   1.378E+02
 Volume    (Bohr^3)    2.155E+02

 ------------------------------------------------------------------------------
                           READ PSEUDOPOTENTIAL
 Total electron number in ReadPseudo is    8.0000000000000000     
 (System) Machine Precision              :    2.2204460492503131E-016

 ------------------------------------------------------------------------------
                           SETUP FFT
 Global FFT Dimension :    35   35   35
 Dimension of rho for this processor : 
 xmin, xmax :            0          34
 ymin, ymax :            0          34
 zmin, zmax :            0          34
 Total electron number =    8.0000000000000000     
 Uniform rhoR =    3.7116077633227024E-002
 (GB INFO) FFT size      :       35      35      35
 (GB INFO) FFT offset    :        0
 (GB INFO) FFT G size    :       18      35      35
 (GB INFO) FFT G offset  :        0

 ------------------------------------------------------------------------------
                           SETUP KEDF
 kinetic energy density functional number is           11
 ( 1=TF, 2=VW, 3=TF+VW, 4=WT,  5=WGC,  
   7=LQ, 8=HQ, 10=CAT,  11=HC, 12=WGCD,
   15=GGA, 16=WGCD+GGA, 17=EVT, 18=EVC )
 qTable dimension:    18   35   35
 rhoS=   3.7116077633227024E-002
 rho0=   3.7116077633227024E-002
 coefficients for TF KEDF is     1.000000
 coefficients for VW KEDF is     1.000000
 Lambda in HC10 is set to     0.005500
 ALPHA  in HC10 is set to     2.016667
 BETA   in HC10 is set to     0.650000
 Sum of alpha and beta is     2.666667
  dV of each real space grid is now    5.0271724056251263E-003
 Cell length (Bohr)    7.007E+00   7.007E+00   7.007E+00
 Angle     (Degree)    9.744E+01   9.744E+01   1.378E+02
 Volume    (Bohr^3)    2.155E+02

 ------------------------------------------------------------------------------
                           SETUP EWALD 
 (Ewald) eta                             :    1.200    
 (Ewald) Real Space Cutoff               :    6.000     (Bohr)
 (Ewald) Reciprocal Cutoff               :    15.24     (1/Bohr)

 ------------------------------------------------------------------------------
                           SETUP PLANE WAVE 

 ------------------------------------------------------------------------------
                           REFRESH ION POSITIONS
  
 Calculating Ion-Ion Energy ...                   complete.     0.005 s
  
 Calculating Ion-Electron Potential (spline) ... 
 complete.     0.006 s

 ------------------------------------------------------------------------------
                           DENSITY OPTIMIZATION
 Electron number for spin            1  is    8.0000000000031388     
 Cell Volume      :            31.939735 Angstrom^3
 Ion number       :                    2
 Electron number  :             8.000000
 Ion density      :             0.062618 Ion/Angstrom^3
 Electron density :             0.250472 Electron/Angstrom^3
##############################################################################
#                               FINAL ENERGIES                       time    #
##############################################################################
# Thomas-Fermi Kin. Energy =   7.478121488610E+01 eV                 0.000 s #
# Von-Weizsacker Kin. Ener =   1.347288586513E+01 eV                 0.000 s #
#                                                                            #
# GGA(PBE) Exch-Cor Energy =  -6.561390754142E+01 eV                 0.000 s #
#         Coulombic Energy =   2.669262071720E+00 eV                 0.000 s #
#      Ion-Electron Energy =   2.756941549532E+01 eV                 0.000 s #
#           Ion-Ion Energy =  -2.615004267233E+02 eV                 0.000 s #
#                                                                            #
#     TOTAL KINETIC ENERGY =   8.020681791835E+01 eV                         #
#   TOTAL POTENTIAL ENERGY =  -2.968756566977E+02 eV                         #
#             TOTAL ENERGY =  -2.166688387793E+02 eV                         #
##############################################################################
  
 ----------------------------- TIME INFORMATION ------------------------------
    PROFESS      :     98.83s WALL    100.00% (       1 calls)    98.83s/call
    InitPROFESS  :      0.04s WALL      0.04% (       1 calls)     0.04s/call
    KEDFRefresh  :      0.00s WALL      0.00% (       1 calls)     0.00s/call
    IonRefresh   :      0.01s WALL      0.01% (       1 calls)     0.01s/call
    EwaldEnergy  :      0.00s WALL      0.00% (       1 calls)     0.00s/call
    ForwFFT_3D   :     13.85s WALL     14.01% (    8203 calls)     0.00s/call
    BackFFT_3D   :     10.18s WALL     10.30% (    6220 calls)     0.00s/call
    Pot_Ion      :      0.14s WALL      0.14% (     223 calls)     0.00s/call
    Pot_Har      :      0.90s WALL      0.91% (     223 calls)     0.00s/call
    Pot_Exc      :     17.65s WALL     17.86% (     223 calls)     0.08s/call
    PBEPot       :     17.47s WALL     17.67% (     223 calls)     0.08s/call
    Pot_KEDF     :     78.50s WALL     79.42% (     223 calls)     0.35s/call
    intPot       :     76.12s WALL     77.02% (     223 calls)     0.34s/call
    MakeXiG      :      0.99s WALL      1.00% (     223 calls)     0.00s/call
    intPot1      :     22.61s WALL     22.87% (    1437 calls)     0.02s/call
    MakeHC10Kern :      4.26s WALL      4.31% (    1660 calls)     0.00s/call
    intPot2      :     14.18s WALL     14.35% (    1437 calls)     0.01s/call
    intPot3      :     19.31s WALL     19.54% (    1437 calls)     0.01s/call
    intPot4      :      9.13s WALL      9.24% (    1437 calls)     0.01s/call
    VWPotSqrPlus :      0.74s WALL      0.75% (     223 calls)     0.00s/call
    NextGradient :      0.05s WALL      0.05% (      11 calls)     0.00s/call
 -----------------------------------------------------------------------------
 ------------------------------- TOTAL ---------------------------------------
    PROFESS      :     98.83s WALL    100.00% (       1 calls)    98.83s/call
 -----------------------------------------------------------------------------

Run completed on: 07/30/2024 at 18:01:41 
  
