 ******************************************************************************
                             WELCOME TO PROFESS                   
            (PRinceton Orbital-Free Electronic Structure Software) 
 ******************************************************************************

 ------------------------------------------------------------------------------
                           READ GEOMETRY
 Cell length (Bohr)    6.074E+00   6.074E+00   9.934E+00
 Angle     (Degree)    9.000E+01   9.000E+01   1.200E+02
 Volume    (Bohr^3)    3.174E+02

 ------------------------------------------------------------------------------
                           READ PSEUDOPOTENTIAL
 Total electron number in ReadPseudo is    4.0000000000000000     
 (System) Machine Precision              :    2.2204460492503131E-016

 ------------------------------------------------------------------------------
                           SETUP FFT
 Global FFT Dimension :    30   30   49
 Rank/Size in Global Communicator     :            0 /           1
 Rank/Size in Global FFT Communicator :            0 /           1
 Parallel FFT, totX    =    30
 Parallel FFT, totY    =    30
 Parallel FFT, locZ    =    49
 Parallel FFT, locZoff =     0
 Dimension of rho for this processor : 
 xmin, xmax :            0          29
 ymin, ymax :            0          29
 zmin, zmax :            0          48
 Total electron number =    4.0000000000000000     
 Uniform rhoR =    1.2602455713876871E-002
 (GB INFO) FFT size      :       30      30      49
 (GB INFO) FFT offset    :        0
 (GB INFO) FFT G size    :       16      30      49
 (GB INFO) FFT G offset  :        0

 ------------------------------------------------------------------------------
                           SETUP KEDF
 kinetic energy density functional number is            5
 ( 1=TF, 2=VW, 3=TF+VW, 4=WT,  5=WGC,  
   7=LQ, 8=HQ, 10=CAT,  11=HC, 12=WGCD,
   15=GGA, 16=WGCD+GGA, 17=EVT, 18=EVC )
 qTable dimension:    16   30   49
 Coefficient for TF KEDF is     1.0000
 Coefficient for VW KEDF is     1.0000
 Coefficient for alpha in WGC KEDF is     1.2060
 Coefficient for beta  in WGC KEDF is     0.4607
 Coefficient for gamma in WGC KEDF is     2.7000
 rho0 (Electron/Bohr^3) in WGC KEDF is     0.0126
 rhoS (Electron/Bohr^3) in WGC KEDF is     0.0126
 hold0 =  F
 holdS =  F
  dV of each real space grid is now    7.1972439265094793E-003
 Cell length (Bohr)    6.074E+00   6.074E+00   9.934E+00
 Angle     (Degree)    9.000E+01   9.000E+01   1.200E+02
 Volume    (Bohr^3)    3.174E+02

 ------------------------------------------------------------------------------
                           SETUP EWALD 
 (Ewald) eta                             :    1.200    
 (Ewald) Real Space Cutoff               :    6.000     (Bohr)
 (Ewald) Reciprocal Cutoff               :    15.00     (1/Bohr)

 ------------------------------------------------------------------------------
                           SETUP PLANE WAVE 

 ------------------------------------------------------------------------------
                           INITIALIZING WGC KERNEL
 Fermi vector :   0.71993296516757677     
 Reference density :    1.2602455713876871E-002
 Make WGC kernels.
 Dimension of KEDF Kernel :           16          30          49

 ------------------------------------------------------------------------------
                           REFRESH ION POSITIONS
  
 Calculating Ion-Ion Energy ...                   complete.     0.005 s
  
 Calculating Ion-Electron Potential (spline) ... 
 complete.     0.006 s

 ------------------------------------------------------------------------------
                           DENSITY OPTIMIZATION
 Electron number for spin            1  is    4.0000000000008322     
 Cell Volume      :            47.033598 Angstrom^3
 Ion number       :                    2
 Electron number  :             4.000000
 Ion density      :             0.042523 Ion/Angstrom^3
 Electron density :             0.085046 Electron/Angstrom^3
##############################################################################
#                               FINAL ENERGIES                       time    #
##############################################################################
# Thomas-Fermi Kin. Energy =   1.723331872585E+01 eV                 0.000 s #
# Von-Weizsacker Kin. Ener =   1.682994165157E+00 eV                 0.000 s #
#       WGC Kinetic Energy =  -5.956313477143E-01 eV                 0.000 s #
#                                                                            #
# GGA(PBE) Exch-Cor Energy =  -2.316762066402E+01 eV                 0.000 s #
#         Coulombic Energy =   1.181295330229E-01 eV                 0.000 s #
#      Ion-Electron Energy =   1.436150622659E+01 eV                 0.000 s #
#           Ion-Ion Energy =  -5.806417217105E+01 eV                 0.000 s #
#                                                                            #
#     TOTAL KINETIC ENERGY =   1.832068154329E+01 eV                         #
#   TOTAL POTENTIAL ENERGY =  -6.675215707545E+01 eV                         #
#             TOTAL ENERGY =  -4.843147553216E+01 eV                         #
##############################################################################
  
 ----------------------------- TIME INFORMATION ------------------------------
    PROFESS      :     10.35s WALL    100.00% (       1 calls)    10.35s/call
    InitPROFESS  :      0.05s WALL      0.47% (       1 calls)     0.05s/call
    KEDFRefresh  :      0.02s WALL      0.19% (       1 calls)     0.02s/call
    IonRefresh   :      0.01s WALL      0.13% (       1 calls)     0.01s/call
    EwaldEnergy  :      0.01s WALL      0.05% (       1 calls)     0.01s/call
    Pot_Ion      :      0.01s WALL      0.14% (     129 calls)     0.00s/call
    Pot_Har      :      0.30s WALL      2.92% (     129 calls)     0.00s/call
    Pot_Exc      :      4.26s WALL     41.18% (     129 calls)     0.03s/call
    PBEPot       :      4.14s WALL     39.98% (     129 calls)     0.03s/call
    Pot_KEDF     :      5.14s WALL     49.64% (     129 calls)     0.04s/call
    WGCPotPlus   :      4.08s WALL     39.43% (     129 calls)     0.03s/call
    VWPotSqrPlus :      0.27s WALL      2.57% (     129 calls)     0.00s/call
    NextGradient :      0.01s WALL      0.05% (       7 calls)     0.00s/call
 -----------------------------------------------------------------------------
 ------------------------------- TOTAL ---------------------------------------
    PROFESS      :     10.35s WALL    100.00% (       1 calls)    10.35s/call
 -----------------------------------------------------------------------------

Run completed on: 05/02/2023 at 14:06:20 
  
