 AUTO_SET ks_solver to cg
 functional  warning : file /home/dell/1_work/abacus-develop/source/src_pw/xc_type.cpp line 288 may error 
                            startmag_type = 1
                       charge from rho_at = 3
                         charge should be = 3

 SETUP ATOMIC RHO FOR SPIN 1
                 Electron number from rho = 59.9875
           total electron number from rho = 59.9875
                                should be = 60
                 charge before normalized = 60
                  charge after normalized = 60
                            startmag_type = 1
                       charge from rho_at = 2.99999999999999
                         charge should be = 3

 SETUP ATOMIC RHO FOR SPIN 1
                 Electron number from rho = 59.9875000000005
           total electron number from rho = 59.9875000000005
                                should be = 60
                            startmag_type = 1
                       charge from rho_at = 2.99999999999999
                         charge should be = 3

 SETUP ATOMIC RHO FOR SPIN 1
                 Electron number from rho = 59.9875000000005
           total electron number from rho = 59.9875000000005
                                should be = 60
                 charge before normalized = 60.0000000000223
                  charge after normalized = 59.9999999999996
