 ******************************************************************************
                             WELCOME TO PROFESS                   
            (PRinceton Orbital-Free Electronic Structure Software) 
 ******************************************************************************

 ------------------------------------------------------------------------------
                           READ GEOMETRY
 Cell length (Bohr)    7.293E+00   7.293E+00   7.293E+00
 Angle     (Degree)    6.000E+01   6.000E+01   6.000E+01
 Volume    (Bohr^3)    2.742E+02

 ------------------------------------------------------------------------------
                           READ PSEUDOPOTENTIAL
 Total electron number in ReadPseudo is    8.0000000000000000     
 (System) Machine Precision              :    2.2204460492503131E-016

 ------------------------------------------------------------------------------
                           SETUP FFT
 Global FFT Dimension :    36   36   36
 Dimension of rho for this processor : 
 xmin, xmax :            0          35
 ymin, ymax :            0          35
 zmin, zmax :            0          35
 Total electron number =    8.0000000000000000     
 Uniform rhoR =    2.9172371886444962E-002
 (GB INFO) FFT size      :       36      36      36
 (GB INFO) FFT offset    :        0
 (GB INFO) FFT G size    :       19      36      36
 (GB INFO) FFT G offset  :        0

 ------------------------------------------------------------------------------
                           SETUP KEDF
 kinetic energy density functional number is            5
 ( 1=TF, 2=VW, 3=TF+VW, 4=WT,  5=WGC,  
   7=LQ, 8=HQ, 10=CAT,  11=HC, 12=WGCD,
   15=GGA, 16=WGCD+GGA, 17=EVT, 18=EVC )
 qTable dimension:    19   36   36
 Coefficient for TF KEDF is     1.0000
 Coefficient for VW KEDF is     1.0000
 Coefficient for alpha in WGC KEDF is     1.2060
 Coefficient for beta  in WGC KEDF is     0.4607
 Coefficient for gamma in WGC KEDF is     4.2000
 rho0 (Electron/Bohr^3) in WGC KEDF is     0.0292
 rhoS (Electron/Bohr^3) in WGC KEDF is     0.0292
 hold0 =  F
 holdS =  F
  dV of each real space grid is now    5.8777450365641920E-003
 Cell length (Bohr)    7.293E+00   7.293E+00   7.293E+00
 Angle     (Degree)    6.000E+01   6.000E+01   6.000E+01
 Volume    (Bohr^3)    2.742E+02

 ------------------------------------------------------------------------------
                           SETUP EWALD 
 (Ewald) eta                             :    1.200    
 (Ewald) Real Space Cutoff               :    6.000     (Bohr)
 (Ewald) Reciprocal Cutoff               :    15.08     (1/Bohr)

 ------------------------------------------------------------------------------
                           SETUP PLANE WAVE 

 ------------------------------------------------------------------------------
                           INITIALIZING WGC KERNEL
 Fermi vector :   0.95235218043306902     
 Reference density :    2.9172371886444962E-002
 Make WGC kernels.
 Dimension of KEDF Kernel :           19          36          36

 ------------------------------------------------------------------------------
                           REFRESH ION POSITIONS
  
 Calculating Ion-Ion Energy ...                   complete.     0.004 s
  
 Calculating Ion-Electron Potential (spline) ... 
 complete.     0.008 s

 ------------------------------------------------------------------------------
                           DENSITY OPTIMIZATION
 Electron number for spin            1  is    8.0000000000064890     
 Cell Volume      :            40.637000 Angstrom^3
 Ion number       :                    2
 Electron number  :             8.000000
 Ion density      :             0.049216 Ion/Angstrom^3
 Electron density :             0.196865 Electron/Angstrom^3
##############################################################################
#                               FINAL ENERGIES                       time    #
##############################################################################
# Thomas-Fermi Kin. Energy =   8.030800313895E+01 eV                 0.000 s #
# Von-Weizsacker Kin. Ener =   2.591462165964E+01 eV                 0.000 s #
#       WGC Kinetic Energy =  -1.791821397552E+01 eV                 0.000 s #
#                                                                            #
# GGA(PBE) Exch-Cor Energy =  -6.672950873959E+01 eV                 0.000 s #
#         Coulombic Energy =   2.067638268595E+01 eV                 0.000 s #
#      Ion-Electron Energy =  -4.283562302542E+01 eV                 0.000 s #
#           Ion-Ion Energy =  -2.373907418541E+02 eV                 0.000 s #
#                                                                            #
#     TOTAL KINETIC ENERGY =   8.830441082306E+01 eV                         #
#   TOTAL POTENTIAL ENERGY =  -3.262794909332E+02 eV                         #
#             TOTAL ENERGY =  -2.379750801101E+02 eV                         #
##############################################################################
  
 ----------------------------- TIME INFORMATION ------------------------------
    PROFESS      :     20.91s WALL    100.00% (       1 calls)    20.91s/call
    InitPROFESS  :      0.08s WALL      0.37% (       1 calls)     0.08s/call
    KEDFRefresh  :      0.02s WALL      0.11% (       1 calls)     0.02s/call
    IonRefresh   :      0.01s WALL      0.06% (       1 calls)     0.01s/call
    EwaldEnergy  :      0.00s WALL      0.02% (       1 calls)     0.00s/call
    ForwFFT_3D   :      3.69s WALL     17.63% (    2547 calls)     0.00s/call
    BackFFT_3D   :      3.13s WALL     14.95% (    2545 calls)     0.00s/call
    Pot_Ion      :      0.08s WALL      0.36% (     212 calls)     0.00s/call
    Pot_Har      :      0.67s WALL      3.22% (     212 calls)     0.00s/call
    Pot_Exc      :     10.89s WALL     52.07% (     212 calls)     0.05s/call
    PBEPot       :     10.19s WALL     48.73% (     212 calls)     0.05s/call
    Pot_KEDF     :      8.03s WALL     38.40% (     212 calls)     0.04s/call
    WGCPotPlus   :      6.38s WALL     30.53% (     212 calls)     0.03s/call
    VWPotSqrPlus :      0.54s WALL      2.57% (     212 calls)     0.00s/call
    NextGradient :      0.02s WALL      0.10% (      11 calls)     0.00s/call
 -----------------------------------------------------------------------------
 ------------------------------- TOTAL ---------------------------------------
    PROFESS      :     20.91s WALL    100.00% (       1 calls)    20.91s/call
 -----------------------------------------------------------------------------

Run completed on: 07/30/2024 at 20:42:00 
  
