 ******************************************************************************
                             WELCOME TO PROFESS                   
            (PRinceton Orbital-Free Electronic Structure Software) 
 ******************************************************************************

 ------------------------------------------------------------------------------
                           READ GEOMETRY
 Cell length (Bohr)    4.898E+00   4.898E+00   4.898E+00
 Angle     (Degree)    9.000E+01   9.000E+01   9.000E+01
 Volume    (Bohr^3)    1.175E+02

 ------------------------------------------------------------------------------
                           READ PSEUDOPOTENTIAL
 Total electron number in ReadPseudo is    3.0000000000000000     
 (System) Machine Precision              :    2.2204460492503131E-016

 ------------------------------------------------------------------------------
                           SETUP FFT
 Global FFT Dimension :    12   12   12
 Rank/Size in Global Communicator     :            0 /           1
 Rank/Size in Global FFT Communicator :            0 /           1
 Parallel FFT, totX    =    12
 Parallel FFT, totY    =    12
 Parallel FFT, locZ    =    12
 Parallel FFT, locZoff =     0
 Dimension of rho for this processor : 
 xmin, xmax :            0          11
 ymin, ymax :            0          11
 zmin, zmax :            0          11
 Total electron number =    3.0000000000000000     
 Uniform rhoR =    2.5533156701902343E-002
 (GB INFO) FFT size      :       12      12      12
 (GB INFO) FFT offset    :        0
 (GB INFO) FFT G size    :        7      12      12
 (GB INFO) FFT G offset  :        0

 ------------------------------------------------------------------------------
                           SETUP KEDF
 kinetic energy density functional number is            4
 ( 1=TF, 2=VW, 3=TF+VW, 4=WT,  5=WGC,  
   7=LQ, 8=HQ, 10=CAT,  11=HC, 12=WGCD,
   15=GGA, 16=WGCD+GGA, 17=EVT, 18=EVC )
 qTable dimension:     7   12   12
 Coefficient for TF KEDF is     1.0000
 Coefficient for VW KEDF is     1.0000
 Coefficient for alpha in WT KEDF is     0.8333
 Coefficient for beta  in WT KEDF is     0.8333
 rho0 (Electron/Bohr^3) in WGC KEDF is     0.0255
 hold0 =  F
  dV of each real space grid is now    6.7994378109219947E-002
 Cell length (Bohr)    4.898E+00   4.898E+00   4.898E+00
 Angle     (Degree)    9.000E+01   9.000E+01   9.000E+01
 Volume    (Bohr^3)    1.175E+02

 ------------------------------------------------------------------------------
                           SETUP EWALD 
 (Ewald) eta                             :   0.6973    
 (Ewald) Real Space Cutoff               :    6.947     (Bohr)
 (Ewald) Reciprocal Cutoff               :    7.056     (1/Bohr)

 ------------------------------------------------------------------------------
                           SETUP PLANE WAVE 
 Read in WT kernel.
 kernel file name  : 1PROFESS_KERNEL.dat           
 KEDF type         :     4
 Fermi vector      :   1.182014212099E+00
 Reference density :  -1.000000000000E+00
 Mesh points       :   200002
 Fermi vector in this cell is    1.8219585784704215     
 Fermi vector from kernel file is    1.1820142120987149     
 First qNorm is    0.0000000000000000     
 size of Wang-Teter kernel in this run is            7          12          12
 Max |G| in this calculation is   1.333171941458E+01
 Max eta used from kernel is   7.317246161420E+00

 ------------------------------------------------------------------------------
                           REFRESH ION POSITIONS
  
 Calculating Ion-Ion Energy ...                   complete.     0.000 s
  
 Calculating Ion-Electron Potential (spline) ... 
 complete.     0.000 s

 ------------------------------------------------------------------------------
                           DENSITY OPTIMIZATION
 Electron number for spin            1  is    2.9999999999999853     
 Cell Volume      :            17.410857 Angstrom^3
 Ion number       :                    1
 Electron number  :             3.000000
 Ion density      :             0.057435 Ion/Angstrom^3
 Electron density :             0.172306 Electron/Angstrom^3
##############################################################################
#                               FINAL ENERGIES                       time    #
##############################################################################
# Thomas-Fermi Kin. Energy =   2.133783638471E+01 eV                 0.000 s #
# Von-Weizsacker Kin. Ener =   3.437862748531E+00 eV                 0.000 s #
# Wang-Teter Kinetic Energ =  -1.985770857940E+00 eV                 0.000 s #
#                                                                            #
#     LDA Exch-Corr Energy =  -2.173729149543E+01 eV                 0.000 s #
#         Coulombic Energy =   4.191809364223E-01 eV                 0.000 s #
#      Ion-Electron Energy =   1.170516067734E+01 eV                 0.000 s #
#           Ion-Ion Energy =  -7.093530273526E+01 eV                 0.000 s #
#                                                                            #
#     TOTAL KINETIC ENERGY =   2.278992827530E+01 eV                         #
#   TOTAL POTENTIAL ENERGY =  -8.054825261693E+01 eV                         #
#             TOTAL ENERGY =  -5.775832434163E+01 eV                         #
##############################################################################
  
 ----------------------------- TIME INFORMATION ------------------------------
    PROFESS      :      0.79s WALL    100.00% (       1 calls)     0.79s/call
    InitPROFESS  :      0.51s WALL     64.88% (       1 calls)     0.51s/call
    KEDFRefresh  :      0.45s WALL     56.58% (       1 calls)     0.45s/call
    IonRefresh   :      0.00s WALL      0.07% (       1 calls)     0.00s/call
    EwaldEnergy  :      0.00s WALL      0.04% (       1 calls)     0.00s/call
    Pot_Ion      :      0.00s WALL      0.02% (      53 calls)     0.00s/call
    Pot_Har      :      0.00s WALL      0.31% (      53 calls)     0.00s/call
    Pot_Exc      :      0.01s WALL      1.62% (      53 calls)     0.00s/call
    Pot_KEDF     :      0.05s WALL      6.78% (      53 calls)     0.00s/call
    VWPotSqrPlus :      0.00s WALL      0.29% (      53 calls)     0.00s/call
    NextGradient :      0.00s WALL      0.02% (       6 calls)     0.00s/call
 -----------------------------------------------------------------------------
 ------------------------------- TOTAL ---------------------------------------
    PROFESS      :      0.79s WALL    100.00% (       1 calls)     0.79s/call
 -----------------------------------------------------------------------------

Run completed on: 09/27/2021 at 11:15:58 
  
