 ******************************************************************************
                             WELCOME TO PROFESS                   
            (PRinceton Orbital-Free Electronic Structure Software) 
 ******************************************************************************

 ------------------------------------------------------------------------------
                           READ GEOMETRY
 Cell length (Bohr)    5.302E+00   5.302E+00   8.658E+01
 Angle     (Degree)    9.000E+01   9.000E+01   6.000E+01
 Volume    (Bohr^3)    2.108E+03

 ------------------------------------------------------------------------------
                           READ PSEUDOPOTENTIAL
 Total electron number in ReadPseudo is    60.000000000000000     
 (System) Machine Precision              :    2.2204460492503131E-016

 ------------------------------------------------------------------------------
                           SETUP FFT
 Global FFT Dimension :    14   14  216
 Rank/Size in Global Communicator     :            0 /           1
 Rank/Size in Global FFT Communicator :            0 /           1
 Parallel FFT, totX    =    14
 Parallel FFT, totY    =    14
 Parallel FFT, locZ    =   216
 Parallel FFT, locZoff =     0
 Dimension of rho for this processor : 
 xmin, xmax :            0          13
 ymin, ymax :            0          13
 zmin, zmax :            0         215
 Total electron number =    60.000000000000000     
 Uniform rhoR =    2.8462277516174146E-002
 (GB INFO) FFT size      :       14      14     216
 (GB INFO) FFT offset    :        0
 (GB INFO) FFT G size    :        8      14     216
 (GB INFO) FFT G offset  :        0

 ------------------------------------------------------------------------------
                           SETUP KEDF
 kinetic energy density functional number is            4
 ( 1=TF, 2=VW, 3=TF+VW, 4=WT,  5=WGC,  
   7=LQ, 8=HQ, 10=CAT,  11=HC, 12=WGCD,
   15=GGA, 16=WGCD+GGA, 17=EVT, 18=EVC )
 qTable dimension:     8   14  216
 Coefficient for TF KEDF is     1.0000
 Coefficient for VW KEDF is     1.0000
 Coefficient for alpha in WT KEDF is     0.8333
 Coefficient for beta  in WT KEDF is     0.8333
 rho0 (Electron/Bohr^3) in WGC KEDF is     0.0285
 hold0 =  F
  dV of each real space grid is now    4.9793399677356708E-002
 Cell length (Bohr)    5.302E+00   5.302E+00   8.658E+01
 Angle     (Degree)    9.000E+01   9.000E+01   6.000E+01
 Volume    (Bohr^3)    2.108E+03

 ------------------------------------------------------------------------------
                           SETUP EWALD 
 (Ewald) eta                             :   0.6867    
 (Ewald) Real Space Cutoff               :    7.503     (Bohr)
 (Ewald) Reciprocal Cutoff               :    7.703     (1/Bohr)

 ------------------------------------------------------------------------------
                           SETUP PLANE WAVE 
 Read in WT kernel.
 kernel file name  : PROFESS_KERNEL.dat            
 KEDF type         :     4
 Fermi vector      :   1.182014212099E+00
 Reference density :  -1.000000000000E+00
 Mesh points       :    20001
 Fermi vector in this cell is    1.8891228973825427     
 Fermi vector from kernel file is    1.1820142120987149     
 First qNorm is    0.0000000000000000     
 size of Wang-Teter kernel in this run is            8          14         216
 Max |G| in this calculation is   1.729772083493E+01
 Max eta used from kernel is   9.156482544834E+00

 ------------------------------------------------------------------------------
                           REFRESH ION POSITIONS
  
 Calculating Ion-Ion Energy ...                   complete.     0.004 s
  
 Calculating Ion-Electron Potential (spline) ... 
 complete.     0.004 s

 ------------------------------------------------------------------------------
                           DENSITY OPTIMIZATION
 Electron number for spin            1  is    59.999999999970150     
 Cell Volume      :           312.381276 Angstrom^3
 Ion number       :                   20
 Electron number  :            60.000000
 Ion density      :             0.064024 Ion/Angstrom^3
 Electron density :             0.192073 Electron/Angstrom^3
  
 Calculating Ion-Ion Forces ...                complete.     0.007 s
  
 Calculating Ion-Electron Forces (spline) ...  complete.     0.005 s
  ------ ION (GRADIENT METHOD) STEP            1  ------

 ------------------------------------------------------------------------------
                           REFRESH ION POSITIONS
  
 Calculating Ion-Ion Energy ...                   complete.     0.005 s
  
 Calculating Ion-Electron Potential (spline) ... 
 complete.     0.006 s

 ------------------------------------------------------------------------------
                           DENSITY OPTIMIZATION
 Electron number for spin            1  is    59.999999999999289     
 Cell Volume      :           312.381276 Angstrom^3
 Ion number       :                   20
 Electron number  :            60.000000
 Ion density      :             0.064024 Ion/Angstrom^3
 Electron density :             0.192073 Electron/Angstrom^3
  
 Calculating Ion-Ion Forces ...                complete.     0.008 s
  
 Calculating Ion-Electron Forces (spline) ...  complete.     0.004 s

 ------------------------------------------------------------------------------
                           REFRESH ION POSITIONS
  
 Calculating Ion-Ion Energy ...                   complete.     0.005 s
  
 Calculating Ion-Electron Potential (spline) ... 
 complete.     0.007 s

 ------------------------------------------------------------------------------
                           DENSITY OPTIMIZATION
 Electron number for spin            1  is    59.999999999999886     
 Cell Volume      :           312.381276 Angstrom^3
 Ion number       :                   20
 Electron number  :            60.000000
 Ion density      :             0.064024 Ion/Angstrom^3
 Electron density :             0.192073 Electron/Angstrom^3
  
 Calculating Ion-Ion Forces ...                complete.     0.008 s
  
 Calculating Ion-Electron Forces (spline) ...  complete.     0.004 s

 ------------------------------------------------------------------------------
                           REFRESH ION POSITIONS
  
 Calculating Ion-Ion Energy ...                   complete.     0.006 s
  
 Calculating Ion-Electron Potential (spline) ... 
 complete.     0.007 s

 ------------------------------------------------------------------------------
                           DENSITY OPTIMIZATION
 Electron number for spin            1  is    59.999999999999616     
 Cell Volume      :           312.381276 Angstrom^3
 Ion number       :                   20
 Electron number  :            60.000000
 Ion density      :             0.064024 Ion/Angstrom^3
 Electron density :             0.192073 Electron/Angstrom^3
  
 Calculating Ion-Ion Forces ...                complete.     0.008 s
  
 Calculating Ion-Electron Forces (spline) ...  complete.     0.004 s
  ------ ION (GRADIENT METHOD) STEP            2  ------

 ------------------------------------------------------------------------------
                           REFRESH ION POSITIONS
  
 Calculating Ion-Ion Energy ...                   complete.     0.006 s
  
 Calculating Ion-Electron Potential (spline) ... 
 complete.     0.007 s

 ------------------------------------------------------------------------------
                           DENSITY OPTIMIZATION
 Electron number for spin            1  is    59.999999999999609     
 Cell Volume      :           312.381276 Angstrom^3
 Ion number       :                   20
 Electron number  :            60.000000
 Ion density      :             0.064024 Ion/Angstrom^3
 Electron density :             0.192073 Electron/Angstrom^3
  
 Calculating Ion-Ion Forces ...                complete.     0.008 s
  
 Calculating Ion-Electron Forces (spline) ...  complete.     0.004 s

 ------------------------------------------------------------------------------
                           REFRESH ION POSITIONS
  
 Calculating Ion-Ion Energy ...                   complete.     0.006 s
  
 Calculating Ion-Electron Potential (spline) ... 
 complete.     0.007 s

 ------------------------------------------------------------------------------
                           DENSITY OPTIMIZATION
 Electron number for spin            1  is    59.999999999999460     
 Cell Volume      :           312.381276 Angstrom^3
 Ion number       :                   20
 Electron number  :            60.000000
 Ion density      :             0.064024 Ion/Angstrom^3
 Electron density :             0.192073 Electron/Angstrom^3
  
 Calculating Ion-Ion Forces ...                complete.     0.005 s
  
 Calculating Ion-Electron Forces (spline) ...  complete.     0.003 s
  ------ ION (GRADIENT METHOD) STEP            3  ------

 ------------------------------------------------------------------------------
                           REFRESH ION POSITIONS
  
 Calculating Ion-Ion Energy ...                   complete.     0.004 s
  
 Calculating Ion-Electron Potential (spline) ... 
 complete.     0.004 s

 ------------------------------------------------------------------------------
                           DENSITY OPTIMIZATION
 Electron number for spin            1  is    59.999999999999531     
 Cell Volume      :           312.381276 Angstrom^3
 Ion number       :                   20
 Electron number  :            60.000000
 Ion density      :             0.064024 Ion/Angstrom^3
 Electron density :             0.192073 Electron/Angstrom^3
  
 Calculating Ion-Ion Forces ...                complete.     0.007 s
  
 Calculating Ion-Electron Forces (spline) ...  complete.     0.004 s

 ------------------------------------------------------------------------------
                           REFRESH ION POSITIONS
  
 Calculating Ion-Ion Energy ...                   complete.     0.006 s
  
 Calculating Ion-Electron Potential (spline) ... 
 complete.     0.007 s

 ------------------------------------------------------------------------------
                           DENSITY OPTIMIZATION
 Electron number for spin            1  is    59.999999999999218     
 Cell Volume      :           312.381276 Angstrom^3
 Ion number       :                   20
 Electron number  :            60.000000
 Ion density      :             0.064024 Ion/Angstrom^3
 Electron density :             0.192073 Electron/Angstrom^3
  
 Calculating Ion-Ion Forces ...                complete.     0.005 s
  
 Calculating Ion-Electron Forces (spline) ...  complete.     0.003 s

 ------------------------------------------------------------------------------
                           REFRESH ION POSITIONS
  
 Calculating Ion-Ion Energy ...                   complete.     0.004 s
  
 Calculating Ion-Electron Potential (spline) ... 
 complete.     0.004 s

 ------------------------------------------------------------------------------
                           DENSITY OPTIMIZATION
 Electron number for spin            1  is    59.999999999999538     
 Cell Volume      :           312.381276 Angstrom^3
 Ion number       :                   20
 Electron number  :            60.000000
 Ion density      :             0.064024 Ion/Angstrom^3
 Electron density :             0.192073 Electron/Angstrom^3
  
 Calculating Ion-Ion Forces ...                complete.     0.008 s
  
 Calculating Ion-Electron Forces (spline) ...  complete.     0.005 s

 ------------------------------------------------------------------------------
                           REFRESH ION POSITIONS
  
 Calculating Ion-Ion Energy ...                   complete.     0.007 s
  
 Calculating Ion-Electron Potential (spline) ... 
 complete.     0.007 s

 ------------------------------------------------------------------------------
                           DENSITY OPTIMIZATION
 Electron number for spin            1  is    59.999999999999083     
 Cell Volume      :           312.381276 Angstrom^3
 Ion number       :                   20
 Electron number  :            60.000000
 Ion density      :             0.064024 Ion/Angstrom^3
 Electron density :             0.192073 Electron/Angstrom^3
  
 Calculating Ion-Ion Forces ...                complete.     0.005 s
  
 Calculating Ion-Electron Forces (spline) ...  complete.     0.005 s
  ------ ION (GRADIENT METHOD) STEP            4  ------
  
 Calculating Ion-Electron Stress (spline) ...  complete.     0.009 s
  
 Calculating Ion-Ion Stress ...                complete.     0.005 s
  
 ------------------------------------------------------------------------------
                         LATTICE VECTORS (Angstrom)
 LAT 1           2.805800        0.000000        0.000000
 LAT 2           1.402900        2.429894        0.000000
 LAT 3           0.000000        0.000000       45.818517
 ------------------------------------------------------------------------------
                                STRESS (GPa)
 ST_GPa 1       -2.409188        0.049131       -0.000000
 ST_GPa 2        0.049131       -2.465918       -0.000001
 ST_GPa 3       -0.000000       -0.000001       -2.563682
  
 --------------------------------------------------
 STRESS (a.u.)
 --------------------------------------------------
 ST_AU  1  -8.1886643771E-05   1.6699240384E-06  -4.2179119509E-12
 ST_AU  2   1.6699240384E-06  -8.3814877908E-05  -1.7248100304E-11
 ST_AU  3  -4.2179119509E-12  -1.7248100304E-11  -8.7137780820E-05
; Cell optimization at step  1, max(stress):  0.8714E-04, total energy:  -42.562313    ;
  dV of each real space grid is now    4.9808040359788947E-002
 Cell length (Bohr)    5.302E+00   5.302E+00   8.661E+01
 Angle     (Degree)    9.000E+01   9.000E+01   6.000E+01
 Volume    (Bohr^3)    2.109E+03
  dV of each real space grid is now    4.9808040359788947E-002
 Cell length (Bohr)    5.302E+00   5.302E+00   8.661E+01
 Angle     (Degree)    9.000E+01   9.000E+01   6.000E+01
 Volume    (Bohr^3)    2.109E+03

 ------------------------------------------------------------------------------
                           SETUP EWALD 
 (Ewald) eta                             :   0.6867    
 (Ewald) Real Space Cutoff               :    7.503     (Bohr)
 (Ewald) Reciprocal Cutoff               :    7.703     (1/Bohr)

 ------------------------------------------------------------------------------
                           SETUP PLANE WAVE 
 Read in WT kernel.
 kernel file name  : PROFESS_KERNEL.dat            
 KEDF type         :     4
 Fermi vector      :   1.182014212099E+00
 Reference density :  -1.000000000000E+00
 Mesh points       :    20001
 Fermi vector in this cell is    1.8889377816287121     
 Fermi vector from kernel file is    1.1820142120987149     
 First qNorm is    0.0000000000000000     
 size of Wang-Teter kernel in this run is            8          14         216
 Max |G| in this calculation is   1.729667719738E+01
 Max eta used from kernel is   9.156827379708E+00

 ------------------------------------------------------------------------------
                           REFRESH ION POSITIONS
  
 Calculating Ion-Ion Energy ...                   complete.     0.004 s
  
 Calculating Ion-Electron Potential (spline) ... 
 complete.     0.004 s
 Rescale the total density from   2.989361 to         60

 ------------------------------------------------------------------------------
                           DENSITY OPTIMIZATION
 Electron number for spin            1  is    60.000000000000306     
 Cell Volume      :           312.473125 Angstrom^3
 Ion number       :                   20
 Electron number  :            60.000000
 Ion density      :             0.064006 Ion/Angstrom^3
 Electron density :             0.192017 Electron/Angstrom^3
  
 Calculating Ion-Ion Forces ...                complete.     0.008 s
  
 Calculating Ion-Electron Forces (spline) ...  complete.     0.003 s
  ------ ION (GRADIENT METHOD) STEP            1  ------
  
 Calculating Ion-Electron Stress (spline) ...  complete.     0.009 s
  
 Calculating Ion-Ion Stress ...                complete.     0.003 s
  
 ------------------------------------------------------------------------------
                         LATTICE VECTORS (Angstrom)
 LAT 1           2.805800        0.000000        0.000000
 LAT 2           1.402900        2.429894        0.000000
 LAT 3           0.000000        0.000000       45.831989
 ------------------------------------------------------------------------------
                                STRESS (GPa)
 ST_GPa 1       -2.389303        0.048879       -0.000000
 ST_GPa 2        0.048879       -2.445743       -0.000001
 ST_GPa 3       -0.000000       -0.000001       -2.519850
  
 --------------------------------------------------
 STRESS (a.u.)
 --------------------------------------------------
 ST_AU  1  -8.1210782019E-05   1.6613637110E-06  -4.4494793348E-12
 ST_AU  2   1.6613637110E-06  -8.3129131794E-05  -1.7376465864E-11
 ST_AU  3  -4.4494793348E-12  -1.7376465864E-11  -8.5647986839E-05
; Cell optimization at step  2, max(stress):  0.8565E-04, total energy:  -42.562365    ;
  dV of each real space grid is now    4.9825308804743070E-002
 Cell length (Bohr)    5.302E+00   5.302E+00   8.664E+01
 Angle     (Degree)    9.000E+01   9.000E+01   6.000E+01
 Volume    (Bohr^3)    2.109E+03
  dV of each real space grid is now    4.9825308804743070E-002
 Cell length (Bohr)    5.302E+00   5.302E+00   8.664E+01
 Angle     (Degree)    9.000E+01   9.000E+01   6.000E+01
 Volume    (Bohr^3)    2.109E+03

 ------------------------------------------------------------------------------
                           SETUP EWALD 
 (Ewald) eta                             :   0.6867    
 (Ewald) Real Space Cutoff               :    7.503     (Bohr)
 (Ewald) Reciprocal Cutoff               :    7.703     (1/Bohr)

 ------------------------------------------------------------------------------
                           SETUP PLANE WAVE 
 Read in WT kernel.
 kernel file name  : PROFESS_KERNEL.dat            
 KEDF type         :     4
 Fermi vector      :   1.182014212099E+00
 Reference density :  -1.000000000000E+00
 Mesh points       :    20001
 Fermi vector in this cell is    1.8887195338614877     
 Fermi vector from kernel file is    1.1820142120987149     
 First qNorm is    0.0000000000000000     
 size of Wang-Teter kernel in this run is            8          14         216
 Max |G| in this calculation is   1.729544734547E+01
 Max eta used from kernel is   9.157234324840E+00

 ------------------------------------------------------------------------------
                           REFRESH ION POSITIONS
  
 Calculating Ion-Ion Energy ...                   complete.     0.004 s
  
 Calculating Ion-Electron Potential (spline) ... 
 complete.     0.004 s
 Rescale the total density from   2.990555 to         60

 ------------------------------------------------------------------------------
                           DENSITY OPTIMIZATION
 Electron number for spin            1  is    59.999999999999233     
 Cell Volume      :           312.581460 Angstrom^3
 Ion number       :                   20
 Electron number  :            60.000000
 Ion density      :             0.063983 Ion/Angstrom^3
 Electron density :             0.191950 Electron/Angstrom^3
  
 Calculating Ion-Ion Forces ...                complete.     0.008 s
  
 Calculating Ion-Electron Forces (spline) ...  complete.     0.005 s
  ------ ION (GRADIENT METHOD) STEP            1  ------
  
 Calculating Ion-Electron Stress (spline) ...  complete.     0.009 s
  
 Calculating Ion-Ion Stress ...                complete.     0.003 s
  
 ------------------------------------------------------------------------------
                         LATTICE VECTORS (Angstrom)
 LAT 1           2.805800        0.000000        0.000000
 LAT 2           1.402900        2.429894        0.000000
 LAT 3           0.000000        0.000000       45.847879
 ------------------------------------------------------------------------------
                                STRESS (GPa)
 ST_GPa 1       -2.365737        0.048585       -0.000000
 ST_GPa 2        0.048585       -2.421837       -0.000001
 ST_GPa 3       -0.000000       -0.000001       -2.468545
  
 --------------------------------------------------
 STRESS (a.u.)
 --------------------------------------------------
 ST_AU  1  -8.0409772452E-05   1.6513768714E-06  -4.6960087246E-12
 ST_AU  2   1.6513768714E-06  -8.2316590438E-05  -1.7501731725E-11
 ST_AU  3  -4.6960087246E-12  -1.7501731725E-11  -8.3904171701E-05
; Cell optimization at step  3, max(stress):  0.8390E-04, total energy:  -42.562426    ;
  dV of each real space grid is now    4.9845609030687854E-002
 Cell length (Bohr)    5.302E+00   5.302E+00   8.668E+01
 Angle     (Degree)    9.000E+01   9.000E+01   6.000E+01
 Volume    (Bohr^3)    2.110E+03
  dV of each real space grid is now    4.9845609030687854E-002
 Cell length (Bohr)    5.302E+00   5.302E+00   8.668E+01
 Angle     (Degree)    9.000E+01   9.000E+01   6.000E+01
 Volume    (Bohr^3)    2.110E+03

 ------------------------------------------------------------------------------
                           SETUP EWALD 
 (Ewald) eta                             :   0.6867    
 (Ewald) Real Space Cutoff               :    7.503     (Bohr)
 (Ewald) Reciprocal Cutoff               :    7.703     (1/Bohr)

 ------------------------------------------------------------------------------
                           SETUP PLANE WAVE 
 Read in WT kernel.
 kernel file name  : PROFESS_KERNEL.dat            
 KEDF type         :     4
 Fermi vector      :   1.182014212099E+00
 Reference density :  -1.000000000000E+00
 Mesh points       :    20001
 Fermi vector in this cell is    1.8884630977700498     
 Fermi vector from kernel file is    1.1820142120987149     
 First qNorm is    0.0000000000000000     
 size of Wang-Teter kernel in this run is            8          14         216
 Max |G| in this calculation is   1.729400309386E+01
 Max eta used from kernel is   9.157713017683E+00

 ------------------------------------------------------------------------------
                           REFRESH ION POSITIONS
  
 Calculating Ion-Ion Energy ...                   complete.     0.004 s
  
 Calculating Ion-Electron Potential (spline) ... 
 complete.     0.004 s
 Rescale the total density from   2.991955 to         60

 ------------------------------------------------------------------------------
                           DENSITY OPTIMIZATION
 Electron number for spin            1  is    59.999999999999915     
 Cell Volume      :           312.708814 Angstrom^3
 Ion number       :                   20
 Electron number  :            60.000000
 Ion density      :             0.063957 Ion/Angstrom^3
 Electron density :             0.191872 Electron/Angstrom^3
  
 Calculating Ion-Ion Forces ...                complete.     0.007 s
  
 Calculating Ion-Electron Forces (spline) ...  complete.     0.005 s
  ------ ION (GRADIENT METHOD) STEP            1  ------
  
 Calculating Ion-Electron Stress (spline) ...  complete.     0.009 s
  
 Calculating Ion-Ion Stress ...                complete.     0.004 s
  
 ------------------------------------------------------------------------------
                         LATTICE VECTORS (Angstrom)
 LAT 1           2.805800        0.000000        0.000000
 LAT 2           1.402900        2.429894        0.000000
 LAT 3           0.000000        0.000000       45.866559
 ------------------------------------------------------------------------------
                                STRESS (GPa)
 ST_GPa 1       -2.338123        0.048240       -0.000000
 ST_GPa 2        0.048240       -2.393825       -0.000001
 ST_GPa 3       -0.000000       -0.000001       -2.408424
  
 --------------------------------------------------
 STRESS (a.u.)
 --------------------------------------------------
 ST_AU  1  -7.9471206049E-05   1.6396317220E-06  -4.8494683909E-12
 ST_AU  2   1.6396317220E-06  -8.1364462050E-05  -1.7582447783E-11
 ST_AU  3  -4.8494683909E-12  -1.7582447783E-11  -8.1860670473E-05
; Cell optimization at step  4, max(stress):  0.8186E-04, total energy:  -42.562497    ;
  dV of each real space grid is now    4.9869376003026294E-002
 Cell length (Bohr)    5.302E+00   5.302E+00   8.672E+01
 Angle     (Degree)    9.000E+01   9.000E+01   6.000E+01
 Volume    (Bohr^3)    2.111E+03
  dV of each real space grid is now    4.9869376003026294E-002
 Cell length (Bohr)    5.302E+00   5.302E+00   8.672E+01
 Angle     (Degree)    9.000E+01   9.000E+01   6.000E+01
 Volume    (Bohr^3)    2.111E+03

 ------------------------------------------------------------------------------
                           SETUP EWALD 
 (Ewald) eta                             :   0.6867    
 (Ewald) Real Space Cutoff               :    7.503     (Bohr)
 (Ewald) Reciprocal Cutoff               :    7.703     (1/Bohr)

 ------------------------------------------------------------------------------
                           SETUP PLANE WAVE 
 Read in WT kernel.
 kernel file name  : PROFESS_KERNEL.dat            
 KEDF type         :     4
 Fermi vector      :   1.182014212099E+00
 Reference density :  -1.000000000000E+00
 Mesh points       :    20001
 Fermi vector in this cell is    1.8881630460089485     
 Fermi vector from kernel file is    1.1820142120987149     
 First qNorm is    0.0000000000000000     
 size of Wang-Teter kernel in this run is            8          14         216
 Max |G| in this calculation is   1.729231428971E+01
 Max eta used from kernel is   9.158273871665E+00

 ------------------------------------------------------------------------------
                           REFRESH ION POSITIONS
  
 Calculating Ion-Ion Energy ...                   complete.     0.004 s
  
 Calculating Ion-Electron Potential (spline) ... 
 complete.     0.004 s
 Rescale the total density from   2.993589 to         60

 ------------------------------------------------------------------------------
                           DENSITY OPTIMIZATION
 Electron number for spin            1  is    60.000000000000810     
 Cell Volume      :           312.857917 Angstrom^3
 Ion number       :                   20
 Electron number  :            60.000000
 Ion density      :             0.063927 Ion/Angstrom^3
 Electron density :             0.191780 Electron/Angstrom^3
  
 Calculating Ion-Ion Forces ...                complete.     0.005 s
  
 Calculating Ion-Electron Forces (spline) ...  complete.     0.005 s
  ------ ION (GRADIENT METHOD) STEP            1  ------
  
 Calculating Ion-Electron Stress (spline) ...  complete.     0.007 s
  
 Calculating Ion-Ion Stress ...                complete.     0.003 s
  
 ------------------------------------------------------------------------------
                         LATTICE VECTORS (Angstrom)
 LAT 1           2.805800        0.000000        0.000000
 LAT 2           1.402900        2.429894        0.000000
 LAT 3           0.000000        0.000000       45.888429
 ------------------------------------------------------------------------------
                                STRESS (GPa)
 ST_GPa 1       -2.306021        0.047833       -0.000000
 ST_GPa 2        0.047833       -2.361253       -0.000001
 ST_GPa 3       -0.000000       -0.000001       -2.338169
  
 --------------------------------------------------
 STRESS (a.u.)
 --------------------------------------------------
 ST_AU  1  -7.8380080859E-05   1.6258140467E-06  -4.9616341211E-12
 ST_AU  2   1.6258140467E-06  -8.0257381437E-05  -1.7673322489E-11
 ST_AU  3  -4.9616341211E-12  -1.7673322489E-11  -7.9472769347E-05
; Cell optimization at step  5, max(stress):  0.8026E-04, total energy:  -42.562576    ;
  dV of each real space grid is now    4.9897064421894385E-002
 Cell length (Bohr)    5.302E+00   5.302E+00   8.676E+01
 Angle     (Degree)    9.000E+01   9.000E+01   6.000E+01
 Volume    (Bohr^3)    2.112E+03
  dV of each real space grid is now    4.9897064421894385E-002
 Cell length (Bohr)    5.302E+00   5.302E+00   8.676E+01
 Angle     (Degree)    9.000E+01   9.000E+01   6.000E+01
 Volume    (Bohr^3)    2.112E+03

 ------------------------------------------------------------------------------
                           SETUP EWALD 
 (Ewald) eta                             :   0.6867    
 (Ewald) Real Space Cutoff               :    7.503     (Bohr)
 (Ewald) Reciprocal Cutoff               :    7.703     (1/Bohr)

 ------------------------------------------------------------------------------
                           SETUP PLANE WAVE 
 Read in WT kernel.
 kernel file name  : PROFESS_KERNEL.dat            
 KEDF type         :     4
 Fermi vector      :   1.182014212099E+00
 Reference density :  -1.000000000000E+00
 Mesh points       :    20001
 Fermi vector in this cell is    1.8878137273787605     
 Fermi vector from kernel file is    1.1820142120987149     
 First qNorm is    0.0000000000000000     
 size of Wang-Teter kernel in this run is            8          14         216
 Max |G| in this calculation is   1.729034967526E+01
 Max eta used from kernel is   9.158927824551E+00

 ------------------------------------------------------------------------------
                           REFRESH ION POSITIONS
  
 Calculating Ion-Ion Energy ...                   complete.     0.004 s
  
 Calculating Ion-Electron Potential (spline) ... 
 complete.     0.004 s
 Rescale the total density from   2.995486 to         60

 ------------------------------------------------------------------------------
                           DENSITY OPTIMIZATION
 Electron number for spin            1  is    60.000000000001037     
 Cell Volume      :           313.031622 Angstrom^3
 Ion number       :                   20
 Electron number  :            60.000000
 Ion density      :             0.063891 Ion/Angstrom^3
 Electron density :             0.191674 Electron/Angstrom^3
  
 Calculating Ion-Ion Forces ...                complete.     0.005 s
  
 Calculating Ion-Electron Forces (spline) ...  complete.     0.003 s
  ------ ION (GRADIENT METHOD) STEP            1  ------
  
 Calculating Ion-Electron Stress (spline) ...  complete.     0.006 s
  
 Calculating Ion-Ion Stress ...                complete.     0.003 s
  
 ------------------------------------------------------------------------------
                         LATTICE VECTORS (Angstrom)
 LAT 1           2.805800        0.000000        0.000000
 LAT 2           1.402900        2.429894        0.000000
 LAT 3           0.000000        0.000000       45.913907
 ------------------------------------------------------------------------------
                                STRESS (GPa)
 ST_GPa 1       -2.268346        0.047363       -0.000000
 ST_GPa 2        0.047363       -2.323036       -0.000001
 ST_GPa 3       -0.000000       -0.000001       -2.257178
  
 --------------------------------------------------
 STRESS (a.u.)
 --------------------------------------------------
 ST_AU  1  -7.7099544473E-05   1.6098361126E-06  -5.0596845965E-12
 ST_AU  2   1.6098361126E-06  -7.8958395199E-05  -1.7741478958E-11
 ST_AU  3  -5.0596845965E-12  -1.7741478958E-11  -7.6719949463E-05
; Cell optimization at step  6, max(stress):  0.7896E-04, total energy:  -42.562666    ;
  dV of each real space grid is now    4.9929139621191936E-002
 Cell length (Bohr)    5.302E+00   5.302E+00   8.682E+01
 Angle     (Degree)    9.000E+01   9.000E+01   6.000E+01
 Volume    (Bohr^3)    2.114E+03
  dV of each real space grid is now    4.9929139621191936E-002
 Cell length (Bohr)    5.302E+00   5.302E+00   8.682E+01
 Angle     (Degree)    9.000E+01   9.000E+01   6.000E+01
 Volume    (Bohr^3)    2.114E+03

 ------------------------------------------------------------------------------
                           SETUP EWALD 
 (Ewald) eta                             :   0.6867    
 (Ewald) Real Space Cutoff               :    7.503     (Bohr)
 (Ewald) Reciprocal Cutoff               :    7.703     (1/Bohr)

 ------------------------------------------------------------------------------
                           SETUP PLANE WAVE 
 Read in WT kernel.
 kernel file name  : PROFESS_KERNEL.dat            
 KEDF type         :     4
 Fermi vector      :   1.182014212099E+00
 Reference density :  -1.000000000000E+00
 Mesh points       :    20001
 Fermi vector in this cell is    1.8874093878612999     
 Fermi vector from kernel file is    1.1820142120987149     
 First qNorm is    0.0000000000000000     
 size of Wang-Teter kernel in this run is            8          14         216
 Max |G| in this calculation is   1.728807760617E+01
 Max eta used from kernel is   9.159686137708E+00

 ------------------------------------------------------------------------------
                           REFRESH ION POSITIONS
  
 Calculating Ion-Ion Energy ...                   complete.     0.007 s
  
 Calculating Ion-Electron Potential (spline) ... 
 complete.     0.008 s
 Rescale the total density from   2.997674 to         60

 ------------------------------------------------------------------------------
                           DENSITY OPTIMIZATION
 Electron number for spin            1  is    59.999999999999154     
 Cell Volume      :           313.232847 Angstrom^3
 Ion number       :                   20
 Electron number  :            60.000000
 Ion density      :             0.063850 Ion/Angstrom^3
 Electron density :             0.191551 Electron/Angstrom^3
  
 Calculating Ion-Ion Forces ...                complete.     0.005 s
  
 Calculating Ion-Electron Forces (spline) ...  complete.     0.003 s
  ------ ION (GRADIENT METHOD) STEP            1  ------
  
 Calculating Ion-Electron Stress (spline) ...  complete.     0.006 s
  
 Calculating Ion-Ion Stress ...                complete.     0.003 s
  
 ------------------------------------------------------------------------------
                         LATTICE VECTORS (Angstrom)
 LAT 1           2.805800        0.000000        0.000000
 LAT 2           1.402900        2.429894        0.000000
 LAT 3           0.000000        0.000000       45.943422
 ------------------------------------------------------------------------------
                                STRESS (GPa)
 ST_GPa 1       -2.225271        0.046814       -0.000000
 ST_GPa 2        0.046814       -2.279326       -0.000001
 ST_GPa 3       -0.000000       -0.000001       -2.163254
  
 --------------------------------------------------
 STRESS (a.u.)
 --------------------------------------------------
 ST_AU  1  -7.5635448511E-05   1.5911610448E-06  -5.4055591746E-12
 ST_AU  2   1.5911610448E-06  -7.7472735950E-05  -1.7955173904E-11
 ST_AU  3  -5.4055591746E-12  -1.7955173904E-11  -7.3527535376E-05
; Cell optimization at step  7, max(stress):  0.7747E-04, total energy:  -42.562767    ;
  dV of each real space grid is now    4.9966028232837911E-002
 Cell length (Bohr)    5.302E+00   5.302E+00   8.688E+01
 Angle     (Degree)    9.000E+01   9.000E+01   6.000E+01
 Volume    (Bohr^3)    2.115E+03
  dV of each real space grid is now    4.9966028232837911E-002
 Cell length (Bohr)    5.302E+00   5.302E+00   8.688E+01
 Angle     (Degree)    9.000E+01   9.000E+01   6.000E+01
 Volume    (Bohr^3)    2.115E+03

 ------------------------------------------------------------------------------
                           SETUP EWALD 
 (Ewald) eta                             :   0.6867    
 (Ewald) Real Space Cutoff               :    7.503     (Bohr)
 (Ewald) Reciprocal Cutoff               :    7.703     (1/Bohr)

 ------------------------------------------------------------------------------
                           SETUP PLANE WAVE 
 Read in WT kernel.
 kernel file name  : PROFESS_KERNEL.dat            
 KEDF type         :     4
 Fermi vector      :   1.182014212099E+00
 Reference density :  -1.000000000000E+00
 Mesh points       :    20001
 Fermi vector in this cell is    1.8869447985175836     
 Fermi vector from kernel file is    1.1820142120987149     
 First qNorm is    0.0000000000000000     
 size of Wang-Teter kernel in this run is            8          14         216
 Max |G| in this calculation is   1.728546961551E+01
 Max eta used from kernel is   9.160559243221E+00

 ------------------------------------------------------------------------------
                           REFRESH ION POSITIONS
  
 Calculating Ion-Ion Energy ...                   complete.     0.007 s
  
 Calculating Ion-Electron Potential (spline) ... 
 complete.     0.008 s
 Rescale the total density from   3.000177 to         60

 ------------------------------------------------------------------------------
                           DENSITY OPTIMIZATION
 Electron number for spin            1  is    60.000000000000362     
 Cell Volume      :           313.464270 Angstrom^3
 Ion number       :                   20
 Electron number  :            60.000000
 Ion density      :             0.063803 Ion/Angstrom^3
 Electron density :             0.191409 Electron/Angstrom^3
  
 Calculating Ion-Ion Forces ...                complete.     0.005 s
  
 Calculating Ion-Electron Forces (spline) ...  complete.     0.003 s
  ------ ION (GRADIENT METHOD) STEP            1  ------
  
 Calculating Ion-Electron Stress (spline) ...  complete.     0.006 s
  
 Calculating Ion-Ion Stress ...                complete.     0.003 s
  
 ------------------------------------------------------------------------------
                         LATTICE VECTORS (Angstrom)
 LAT 1           2.805800        0.000000        0.000000
 LAT 2           1.402900        2.429894        0.000000
 LAT 3           0.000000        0.000000       45.977365
 ------------------------------------------------------------------------------
                                STRESS (GPa)
 ST_GPa 1       -2.175787        0.046177       -0.000000
 ST_GPa 2        0.046177       -2.229107       -0.000001
 ST_GPa 3       -0.000000       -0.000001       -2.056193
  
 --------------------------------------------------
 STRESS (a.u.)
 --------------------------------------------------
 ST_AU  1  -7.3953519149E-05   1.5695169196E-06  -5.5553931239E-12
 ST_AU  2   1.5695169196E-06  -7.5765813821E-05  -1.8148871385E-11
 ST_AU  3  -5.5553931239E-12  -1.8148871385E-11  -6.9888604191E-05
; Cell optimization at step  8, max(stress):  0.7577E-04, total energy:  -42.562877    ;
  dV of each real space grid is now    5.0008103793760243E-002
 Cell length (Bohr)    5.302E+00   5.302E+00   8.696E+01
 Angle     (Degree)    9.000E+01   9.000E+01   6.000E+01
 Volume    (Bohr^3)    2.117E+03
  dV of each real space grid is now    5.0008103793760243E-002
 Cell length (Bohr)    5.302E+00   5.302E+00   8.696E+01
 Angle     (Degree)    9.000E+01   9.000E+01   6.000E+01
 Volume    (Bohr^3)    2.117E+03

 ------------------------------------------------------------------------------
                           SETUP EWALD 
 (Ewald) eta                             :   0.6867    
 (Ewald) Real Space Cutoff               :    7.503     (Bohr)
 (Ewald) Reciprocal Cutoff               :    7.703     (1/Bohr)

 ------------------------------------------------------------------------------
                           SETUP PLANE WAVE 
 Read in WT kernel.
 kernel file name  : PROFESS_KERNEL.dat            
 KEDF type         :     4
 Fermi vector      :   1.182014212099E+00
 Reference density :  -1.000000000000E+00
 Mesh points       :    20001
 Fermi vector in this cell is    1.8864154407269158     
 Fermi vector from kernel file is    1.1820142120987149     
 First qNorm is    0.0000000000000000     
 size of Wang-Teter kernel in this run is            8          14         216
 Max |G| in this calculation is   1.728250147649E+01
 Max eta used from kernel is   9.161556411894E+00

 ------------------------------------------------------------------------------
                           REFRESH ION POSITIONS
  
 Calculating Ion-Ion Energy ...                   complete.     0.007 s
  
 Calculating Ion-Electron Potential (spline) ... 
 complete.     0.007 s
 Rescale the total density from   3.003013 to         60

 ------------------------------------------------------------------------------
                           DENSITY OPTIMIZATION
 Electron number for spin            1  is    60.000000000000007     
 Cell Volume      :           313.728233 Angstrom^3
 Ion number       :                   20
 Electron number  :            60.000000
 Ion density      :             0.063749 Ion/Angstrom^3
 Electron density :             0.191248 Electron/Angstrom^3
  
 Calculating Ion-Ion Forces ...                complete.     0.005 s
  
 Calculating Ion-Electron Forces (spline) ...  complete.     0.003 s
  ------ ION (GRADIENT METHOD) STEP            1  ------
  
 Calculating Ion-Electron Stress (spline) ...  complete.     0.006 s
  
 Calculating Ion-Ion Stress ...                complete.     0.003 s
  
 ------------------------------------------------------------------------------
                         LATTICE VECTORS (Angstrom)
 LAT 1           2.805800        0.000000        0.000000
 LAT 2           1.402900        2.429894        0.000000
 LAT 3           0.000000        0.000000       46.016082
 ------------------------------------------------------------------------------
                                STRESS (GPa)
 ST_GPa 1       -2.119628        0.045439       -0.000000
 ST_GPa 2        0.045439       -2.172096       -0.000001
 ST_GPa 3       -0.000000       -0.000001       -1.935014
  
 --------------------------------------------------
 STRESS (a.u.)
 --------------------------------------------------
 ST_AU  1  -7.2044710401E-05   1.5444341534E-06  -6.2256774996E-12
 ST_AU  2   1.5444341534E-06  -7.3828042252E-05  -1.8392971005E-11
 ST_AU  3  -6.2256774996E-12  -1.8392971005E-11  -6.5769805476E-05
; Cell optimization at step  9, max(stress):  0.7383E-04, total energy:  -42.562995    ;
  dV of each real space grid is now    5.0055618861302616E-002
 Cell length (Bohr)    5.302E+00   5.302E+00   8.704E+01
 Angle     (Degree)    9.000E+01   9.000E+01   6.000E+01
 Volume    (Bohr^3)    2.119E+03
  dV of each real space grid is now    5.0055618861302616E-002
 Cell length (Bohr)    5.302E+00   5.302E+00   8.704E+01
 Angle     (Degree)    9.000E+01   9.000E+01   6.000E+01
 Volume    (Bohr^3)    2.119E+03

 ------------------------------------------------------------------------------
                           SETUP EWALD 
 (Ewald) eta                             :   0.6867    
 (Ewald) Real Space Cutoff               :    7.503     (Bohr)
 (Ewald) Reciprocal Cutoff               :    7.703     (1/Bohr)

 ------------------------------------------------------------------------------
                           SETUP PLANE WAVE 
 Read in WT kernel.
 kernel file name  : PROFESS_KERNEL.dat            
 KEDF type         :     4
 Fermi vector      :   1.182014212099E+00
 Reference density :  -1.000000000000E+00
 Mesh points       :    20001
 Fermi vector in this cell is    1.8858183613488617     
 Fermi vector from kernel file is    1.1820142120987149     
 First qNorm is    0.0000000000000000     
 size of Wang-Teter kernel in this run is            8          14         216
 Max |G| in this calculation is   1.727915800226E+01
 Max eta used from kernel is   9.162684146264E+00

 ------------------------------------------------------------------------------
                           REFRESH ION POSITIONS
  
 Calculating Ion-Ion Energy ...                   complete.     0.004 s
  
 Calculating Ion-Electron Potential (spline) ... 
 complete.     0.004 s
 Rescale the total density from   3.006191 to         60

 ------------------------------------------------------------------------------
                           DENSITY OPTIMIZATION
 Electron number for spin            1  is    59.999999999998764     
 Cell Volume      :           314.026321 Angstrom^3
 Ion number       :                   20
 Electron number  :            60.000000
 Ion density      :             0.063689 Ion/Angstrom^3
 Electron density :             0.191067 Electron/Angstrom^3
  
 Calculating Ion-Ion Forces ...                complete.     0.005 s
  
 Calculating Ion-Electron Forces (spline) ...  complete.     0.003 s
  ------ ION (GRADIENT METHOD) STEP            1  ------
  
 Calculating Ion-Electron Stress (spline) ...  complete.     0.006 s
  
 Calculating Ion-Ion Stress ...                complete.     0.003 s
  
 ------------------------------------------------------------------------------
                         LATTICE VECTORS (Angstrom)
 LAT 1           2.805800        0.000000        0.000000
 LAT 2           1.402900        2.429894        0.000000
 LAT 3           0.000000        0.000000       46.059804
 ------------------------------------------------------------------------------
                                STRESS (GPa)
 ST_GPa 1       -2.056565        0.044586       -0.000000
 ST_GPa 2        0.044586       -2.108048       -0.000001
 ST_GPa 3       -0.000000       -0.000001       -1.799290
  
 --------------------------------------------------
 STRESS (a.u.)
 --------------------------------------------------
 ST_AU  1  -6.9901253679E-05   1.5154364071E-06  -6.4546872530E-12
 ST_AU  2   1.5154364071E-06  -7.1651101829E-05  -1.8747211813E-11
 ST_AU  3  -6.4546872530E-12  -1.8747211813E-11  -6.1156638293E-05
; Cell optimization at step 10, max(stress):  0.7165E-04, total energy:  -42.563120    ;
  dV of each real space grid is now    5.0108637630838740E-002
 Cell length (Bohr)    5.302E+00   5.302E+00   8.713E+01
 Angle     (Degree)    9.000E+01   9.000E+01   6.000E+01
 Volume    (Bohr^3)    2.121E+03
  dV of each real space grid is now    5.0108637630838740E-002
 Cell length (Bohr)    5.302E+00   5.302E+00   8.713E+01
 Angle     (Degree)    9.000E+01   9.000E+01   6.000E+01
 Volume    (Bohr^3)    2.121E+03

 ------------------------------------------------------------------------------
                           SETUP EWALD 
 (Ewald) eta                             :   0.6867    
 (Ewald) Real Space Cutoff               :    7.503     (Bohr)
 (Ewald) Reciprocal Cutoff               :    7.703     (1/Bohr)

 ------------------------------------------------------------------------------
                           SETUP PLANE WAVE 
 Read in WT kernel.
 kernel file name  : PROFESS_KERNEL.dat            
 KEDF type         :     4
 Fermi vector      :   1.182014212099E+00
 Reference density :  -1.000000000000E+00
 Mesh points       :    20001
 Fermi vector in this cell is    1.8851530132967753     
 Fermi vector from kernel file is    1.1820142120987149     
 First qNorm is    0.0000000000000000     
 size of Wang-Teter kernel in this run is            8          14         216
 Max |G| in this calculation is   1.727543771270E+01
 Max eta used from kernel is   9.163944566225E+00

 ------------------------------------------------------------------------------
                           REFRESH ION POSITIONS
  
 Calculating Ion-Ion Energy ...                   complete.     0.004 s
  
 Calculating Ion-Electron Potential (spline) ... 
 complete.     0.004 s
 Rescale the total density from   3.009703 to         60

 ------------------------------------------------------------------------------
                           DENSITY OPTIMIZATION
 Electron number for spin            1  is    59.999999999999673     
 Cell Volume      :           314.358937 Angstrom^3
 Ion number       :                   20
 Electron number  :            60.000000
 Ion density      :             0.063622 Ion/Angstrom^3
 Electron density :             0.190865 Electron/Angstrom^3
  
 Calculating Ion-Ion Forces ...                complete.     0.005 s
  
 Calculating Ion-Electron Forces (spline) ...  complete.     0.003 s
  ------ ION (GRADIENT METHOD) STEP            1  ------
  
 Calculating Ion-Electron Stress (spline) ...  complete.     0.006 s
  
 Calculating Ion-Ion Stress ...                complete.     0.003 s
  
 ------------------------------------------------------------------------------
                         LATTICE VECTORS (Angstrom)
 LAT 1           2.805800        0.000000        0.000000
 LAT 2           1.402900        2.429894        0.000000
 LAT 3           0.000000        0.000000       46.108591
 ------------------------------------------------------------------------------
                                STRESS (GPa)
 ST_GPa 1       -1.986661        0.043591       -0.000000
 ST_GPa 2        0.043591       -2.036995       -0.000001
 ST_GPa 3       -0.000000       -0.000001       -1.649343
  
 --------------------------------------------------
 STRESS (a.u.)
 --------------------------------------------------
 ST_AU  1  -6.7525263524E-05   1.4816163139E-06  -7.4481842313E-12
 ST_AU  2   1.4816163139E-06  -6.9236060749E-05  -1.9139166814E-11
 ST_AU  3  -7.4481842313E-12  -1.9139166814E-11  -5.6060045835E-05
; Cell optimization at step 11, max(stress):  0.6924E-04, total energy:  -42.563248    ;
  dV of each real space grid is now    5.0166958063092425E-002
 Cell length (Bohr)    5.302E+00   5.302E+00   8.723E+01
 Angle     (Degree)    9.000E+01   9.000E+01   6.000E+01
 Volume    (Bohr^3)    2.124E+03
  dV of each real space grid is now    5.0166958063092425E-002
 Cell length (Bohr)    5.302E+00   5.302E+00   8.723E+01
 Angle     (Degree)    9.000E+01   9.000E+01   6.000E+01
 Volume    (Bohr^3)    2.124E+03

 ------------------------------------------------------------------------------
                           SETUP EWALD 
 (Ewald) eta                             :   0.6867    
 (Ewald) Real Space Cutoff               :    7.503     (Bohr)
 (Ewald) Reciprocal Cutoff               :    7.703     (1/Bohr)

 ------------------------------------------------------------------------------
                           SETUP PLANE WAVE 
 Read in WT kernel.
 kernel file name  : PROFESS_KERNEL.dat            
 KEDF type         :     4
 Fermi vector      :   1.182014212099E+00
 Reference density :  -1.000000000000E+00
 Mesh points       :    20001
 Fermi vector in this cell is    1.8844222164120437     
 Fermi vector from kernel file is    1.1820142120987149     
 First qNorm is    0.0000000000000000     
 size of Wang-Teter kernel in this run is            8          14         216
 Max |G| in this calculation is   1.727135810419E+01
 Max eta used from kernel is   9.165333519083E+00

 ------------------------------------------------------------------------------
                           REFRESH ION POSITIONS
  
 Calculating Ion-Ion Energy ...                   complete.     0.004 s
  
 Calculating Ion-Electron Potential (spline) ... 
 complete.     0.005 s
 Rescale the total density from   3.013521 to         60

 ------------------------------------------------------------------------------
                           DENSITY OPTIMIZATION
 Electron number for spin            1  is    60.000000000000831     
 Cell Volume      :           314.724813 Angstrom^3
 Ion number       :                   20
 Electron number  :            60.000000
 Ion density      :             0.063548 Ion/Angstrom^3
 Electron density :             0.190643 Electron/Angstrom^3
  
 Calculating Ion-Ion Forces ...                complete.     0.005 s
  
 Calculating Ion-Electron Forces (spline) ...  complete.     0.003 s
  ------ ION (GRADIENT METHOD) STEP            1  ------
  
 Calculating Ion-Electron Stress (spline) ...  complete.     0.006 s
  
 Calculating Ion-Ion Stress ...                complete.     0.003 s
  
 ------------------------------------------------------------------------------
                         LATTICE VECTORS (Angstrom)
 LAT 1           2.805800        0.000000        0.000000
 LAT 2           1.402900        2.429894        0.000000
 LAT 3           0.000000        0.000000       46.162256
 ------------------------------------------------------------------------------
                                STRESS (GPa)
 ST_GPa 1       -1.910296        0.042396       -0.000000
 ST_GPa 2        0.042396       -1.959250       -0.000001
 ST_GPa 3       -0.000000       -0.000001       -1.486308
  
 --------------------------------------------------
 STRESS (a.u.)
 --------------------------------------------------
 ST_AU  1  -6.4929664759E-05   1.4409948577E-06  -8.8000804276E-12
 ST_AU  2   1.4409948577E-06  -6.6593556670E-05  -1.9915755051E-11
 ST_AU  3  -8.8000804276E-12  -1.9915755051E-11  -5.0518595285E-05
; Cell optimization at step 12, max(stress):  0.6659E-04, total energy:  -42.563376    ;
  dV of each real space grid is now    5.0230024718211003E-002
 Cell length (Bohr)    5.302E+00   5.302E+00   8.734E+01
 Angle     (Degree)    9.000E+01   9.000E+01   6.000E+01
 Volume    (Bohr^3)    2.127E+03
  dV of each real space grid is now    5.0230024718211003E-002
 Cell length (Bohr)    5.302E+00   5.302E+00   8.734E+01
 Angle     (Degree)    9.000E+01   9.000E+01   6.000E+01
 Volume    (Bohr^3)    2.127E+03

 ------------------------------------------------------------------------------
                           SETUP EWALD 
 (Ewald) eta                             :   0.6867    
 (Ewald) Real Space Cutoff               :    7.503     (Bohr)
 (Ewald) Reciprocal Cutoff               :    7.703     (1/Bohr)

 ------------------------------------------------------------------------------
                           SETUP PLANE WAVE 
 Read in WT kernel.
 kernel file name  : PROFESS_KERNEL.dat            
 KEDF type         :     4
 Fermi vector      :   1.182014212099E+00
 Reference density :  -1.000000000000E+00
 Mesh points       :    20001
 Fermi vector in this cell is    1.8836332196585044     
 Fermi vector from kernel file is    1.1820142120987149     
 First qNorm is    0.0000000000000000     
 size of Wang-Teter kernel in this run is            8          14         216
 Max |G| in this calculation is   1.726696139297E+01
 Max eta used from kernel is   9.166838433705E+00

 ------------------------------------------------------------------------------
                           REFRESH ION POSITIONS
  
 Calculating Ion-Ion Energy ...                   complete.     0.004 s
  
 Calculating Ion-Electron Potential (spline) ... 
 complete.     0.004 s
 Rescale the total density from   3.017590 to         60

 ------------------------------------------------------------------------------
                           DENSITY OPTIMIZATION
 Electron number for spin            1  is    59.999999999999154     
 Cell Volume      :           315.120464 Angstrom^3
 Ion number       :                   20
 Electron number  :            60.000000
 Ion density      :             0.063468 Ion/Angstrom^3
 Electron density :             0.190403 Electron/Angstrom^3
  
 Calculating Ion-Ion Forces ...                complete.     0.005 s
  
 Calculating Ion-Electron Forces (spline) ...  complete.     0.003 s
  ------ ION (GRADIENT METHOD) STEP            1  ------
  
 Calculating Ion-Electron Stress (spline) ...  complete.     0.006 s
  
 Calculating Ion-Ion Stress ...                complete.     0.003 s
  
 ------------------------------------------------------------------------------
                         LATTICE VECTORS (Angstrom)
 LAT 1           2.805800        0.000000        0.000000
 LAT 2           1.402900        2.429894        0.000000
 LAT 3           0.000000        0.000000       46.220288
 ------------------------------------------------------------------------------
                                STRESS (GPa)
 ST_GPa 1       -1.827189        0.040766       -0.000000
 ST_GPa 2        0.040766       -1.874260       -0.000001
 ST_GPa 3       -0.000000       -0.000001       -1.314288
  
 --------------------------------------------------
 STRESS (a.u.)
 --------------------------------------------------
 ST_AU  1  -6.2104903964E-05   1.3855971427E-06  -1.0162595280E-11
 ST_AU  2   1.3855971427E-06  -6.3704827865E-05  -2.0817083724E-11
 ST_AU  3  -1.0162595280E-11  -2.0817083724E-11  -4.4671743504E-05
; Cell optimization at step 13, max(stress):  0.6370E-04, total energy:  -42.563499    ;
  dV of each real space grid is now    5.0296945758083578E-002
 Cell length (Bohr)    5.302E+00   5.302E+00   8.746E+01
 Angle     (Degree)    9.000E+01   9.000E+01   6.000E+01
 Volume    (Bohr^3)    2.129E+03
  dV of each real space grid is now    5.0296945758083578E-002
 Cell length (Bohr)    5.302E+00   5.302E+00   8.746E+01
 Angle     (Degree)    9.000E+01   9.000E+01   6.000E+01
 Volume    (Bohr^3)    2.129E+03

 ------------------------------------------------------------------------------
                           SETUP EWALD 
 (Ewald) eta                             :   0.6867    
 (Ewald) Real Space Cutoff               :    7.503     (Bohr)
 (Ewald) Reciprocal Cutoff               :    7.703     (1/Bohr)

 ------------------------------------------------------------------------------
                           SETUP PLANE WAVE 
 Read in WT kernel.
 kernel file name  : PROFESS_KERNEL.dat            
 KEDF type         :     4
 Fermi vector      :   1.182014212099E+00
 Reference density :  -1.000000000000E+00
 Mesh points       :    20001
 Fermi vector in this cell is    1.8827974456414025     
 Fermi vector from kernel file is    1.1820142120987149     
 First qNorm is    0.0000000000000000     
 size of Wang-Teter kernel in this run is            8          14         216
 Max |G| in this calculation is   1.726231282892E+01
 Max eta used from kernel is   9.168438627791E+00

 ------------------------------------------------------------------------------
                           REFRESH ION POSITIONS
  
 Calculating Ion-Ion Energy ...                   complete.     0.007 s
  
 Calculating Ion-Electron Potential (spline) ... 
 complete.     0.007 s
 Rescale the total density from   3.021837 to         60

 ------------------------------------------------------------------------------
                           DENSITY OPTIMIZATION
 Electron number for spin            1  is    60.000000000001002     
 Cell Volume      :           315.540297 Angstrom^3
 Ion number       :                   20
 Electron number  :            60.000000
 Ion density      :             0.063383 Ion/Angstrom^3
 Electron density :             0.190150 Electron/Angstrom^3
  
 Calculating Ion-Ion Forces ...                complete.     0.005 s
  
 Calculating Ion-Electron Forces (spline) ...  complete.     0.003 s
  ------ ION (GRADIENT METHOD) STEP            1  ------
  
 Calculating Ion-Electron Stress (spline) ...  complete.     0.006 s
  
 Calculating Ion-Ion Stress ...                complete.     0.003 s
  
 ------------------------------------------------------------------------------
                         LATTICE VECTORS (Angstrom)
 LAT 1           2.805800        0.000000        0.000000
 LAT 2           1.402900        2.429894        0.000000
 LAT 3           0.000000        0.000000       46.281867
 ------------------------------------------------------------------------------
                                STRESS (GPa)
 ST_GPa 1       -1.741380        0.039080       -0.000000
 ST_GPa 2        0.039080       -1.786505       -0.000001
 ST_GPa 3       -0.000000       -0.000001       -1.131339
  
 --------------------------------------------------
 STRESS (a.u.)
 --------------------------------------------------
 ST_AU  1  -5.9188318712E-05   1.3282947840E-06  -1.1790012123E-11
 ST_AU  2   1.3282947840E-06  -6.0722076605E-05  -2.1887712122E-11
 ST_AU  3  -1.1790012123E-11  -2.1887712122E-11  -3.8453455318E-05
; Cell optimization at step 14, max(stress):  0.6072E-04, total energy:  -42.563612    ;
  dV of each real space grid is now    5.0366072548704302E-002
 Cell length (Bohr)    5.302E+00   5.302E+00   8.758E+01
 Angle     (Degree)    9.000E+01   9.000E+01   6.000E+01
 Volume    (Bohr^3)    2.132E+03
  dV of each real space grid is now    5.0366072548704302E-002
 Cell length (Bohr)    5.302E+00   5.302E+00   8.758E+01
 Angle     (Degree)    9.000E+01   9.000E+01   6.000E+01
 Volume    (Bohr^3)    2.132E+03

 ------------------------------------------------------------------------------
                           SETUP EWALD 
 (Ewald) eta                             :   0.6867    
 (Ewald) Real Space Cutoff               :    7.503     (Bohr)
 (Ewald) Reciprocal Cutoff               :    7.703     (1/Bohr)

 ------------------------------------------------------------------------------
                           SETUP PLANE WAVE 
 Read in WT kernel.
 kernel file name  : PROFESS_KERNEL.dat            
 KEDF type         :     4
 Fermi vector      :   1.182014212099E+00
 Reference density :  -1.000000000000E+00
 Mesh points       :    20001
 Fermi vector in this cell is    1.8819356794594679     
 Fermi vector from kernel file is    1.1820142120987149     
 First qNorm is    0.0000000000000000     
 size of Wang-Teter kernel in this run is            8          14         216
 Max |G| in this calculation is   1.725752918168E+01
 Max eta used from kernel is   9.170095115384E+00

 ------------------------------------------------------------------------------
                           REFRESH ION POSITIONS
  
 Calculating Ion-Ion Energy ...                   complete.     0.004 s
  
 Calculating Ion-Electron Potential (spline) ... 
 complete.     0.004 s
 Rescale the total density from   3.026118 to         60

 ------------------------------------------------------------------------------
                           DENSITY OPTIMIZATION
 Electron number for spin            1  is    60.000000000000668     
 Cell Volume      :           315.973967 Angstrom^3
 Ion number       :                   20
 Electron number  :            60.000000
 Ion density      :             0.063296 Ion/Angstrom^3
 Electron density :             0.189889 Electron/Angstrom^3
  
 Calculating Ion-Ion Forces ...                complete.     0.005 s
  
 Calculating Ion-Electron Forces (spline) ...  complete.     0.003 s
  ------ ION (GRADIENT METHOD) STEP            1  ------
  
 Calculating Ion-Electron Stress (spline) ...  complete.     0.006 s
  
 Calculating Ion-Ion Stress ...                complete.     0.003 s
  
 ------------------------------------------------------------------------------
                         LATTICE VECTORS (Angstrom)
 LAT 1           2.805800        0.000000        0.000000
 LAT 2           1.402900        2.429894        0.000000
 LAT 3           0.000000        0.000000       46.345475
 ------------------------------------------------------------------------------
                                STRESS (GPa)
 ST_GPa 1       -1.655731        0.039564       -0.000000
 ST_GPa 2        0.039564       -1.701415       -0.000001
 ST_GPa 3       -0.000000       -0.000001       -0.937348
  
 --------------------------------------------------
 STRESS (a.u.)
 --------------------------------------------------
 ST_AU  1  -5.6277152389E-05   1.3447601846E-06  -9.3808590433E-12
 ST_AU  2   1.3447601846E-06  -5.7829921931E-05  -2.0750854598E-11
 ST_AU  3  -9.3808590433E-12  -2.0750854598E-11  -3.1859821747E-05
; Cell optimization at step 15, max(stress):  0.5783E-04, total energy:  -42.563710    ;
  dV of each real space grid is now    5.0434800850250157E-002
 Cell length (Bohr)    5.302E+00   5.302E+00   8.770E+01
 Angle     (Degree)    9.000E+01   9.000E+01   6.000E+01
 Volume    (Bohr^3)    2.135E+03
  dV of each real space grid is now    5.0434800850250157E-002
 Cell length (Bohr)    5.302E+00   5.302E+00   8.770E+01
 Angle     (Degree)    9.000E+01   9.000E+01   6.000E+01
 Volume    (Bohr^3)    2.135E+03

 ------------------------------------------------------------------------------
                           SETUP EWALD 
 (Ewald) eta                             :   0.6867    
 (Ewald) Real Space Cutoff               :    7.503     (Bohr)
 (Ewald) Reciprocal Cutoff               :    7.702     (1/Bohr)

 ------------------------------------------------------------------------------
                           SETUP PLANE WAVE 
 Read in WT kernel.
 kernel file name  : PROFESS_KERNEL.dat            
 KEDF type         :     4
 Fermi vector      :   1.182014212099E+00
 Reference density :  -1.000000000000E+00
 Mesh points       :    20001
 Fermi vector in this cell is    1.8810804430126322     
 Fermi vector from kernel file is    1.1820142120987149     
 First qNorm is    0.0000000000000000     
 size of Wang-Teter kernel in this run is            8          14         216
 Max |G| in this calculation is   1.725279129003E+01
 Max eta used from kernel is   9.171745607220E+00

 ------------------------------------------------------------------------------
                           REFRESH ION POSITIONS
  
 Calculating Ion-Ion Energy ...                   complete.     0.004 s
  
 Calculating Ion-Electron Potential (spline) ... 
 complete.     0.004 s
 Rescale the total density from   3.030217 to         60

 ------------------------------------------------------------------------------
                           DENSITY OPTIMIZATION
 Electron number for spin            1  is    59.999999999999304     
 Cell Volume      :           316.405137 Angstrom^3
 Ion number       :                   20
 Electron number  :            60.000000
 Ion density      :             0.063210 Ion/Angstrom^3
 Electron density :             0.189630 Electron/Angstrom^3
  
 Calculating Ion-Ion Forces ...                complete.     0.005 s
  
 Calculating Ion-Electron Forces (spline) ...  complete.     0.003 s
  ------ ION (GRADIENT METHOD) STEP            1  ------
  
 Calculating Ion-Electron Stress (spline) ...  complete.     0.006 s
  
 Calculating Ion-Ion Stress ...                complete.     0.003 s
  
 ------------------------------------------------------------------------------
                         LATTICE VECTORS (Angstrom)
 LAT 1           2.805800        0.000000        0.000000
 LAT 2           1.402900        2.429894        0.000000
 LAT 3           0.000000        0.000000       46.408717
 ------------------------------------------------------------------------------
                                STRESS (GPa)
 ST_GPa 1       -1.569913        0.039208       -0.000000
 ST_GPa 2        0.039208       -1.615186       -0.000001
 ST_GPa 3       -0.000000       -0.000001       -0.750713
  
 --------------------------------------------------
 STRESS (a.u.)
 --------------------------------------------------
 ST_AU  1  -5.3360266703E-05   1.3326525040E-06  -9.6724729386E-12
 ST_AU  2   1.3326525040E-06  -5.4899057165E-05  -2.0650733299E-11
 ST_AU  3  -9.6724729386E-12  -2.0650733299E-11  -2.5516208905E-05
; Cell optimization at step 16, max(stress):  0.5490E-04, total energy:  -42.563789    ;
  dV of each real space grid is now    5.0500853411892352E-002
 Cell length (Bohr)    5.302E+00   5.302E+00   8.781E+01
 Angle     (Degree)    9.000E+01   9.000E+01   6.000E+01
 Volume    (Bohr^3)    2.138E+03
  dV of each real space grid is now    5.0500853411892352E-002
 Cell length (Bohr)    5.302E+00   5.302E+00   8.781E+01
 Angle     (Degree)    9.000E+01   9.000E+01   6.000E+01
 Volume    (Bohr^3)    2.138E+03

 ------------------------------------------------------------------------------
                           SETUP EWALD 
 (Ewald) eta                             :   0.6867    
 (Ewald) Real Space Cutoff               :    7.503     (Bohr)
 (Ewald) Reciprocal Cutoff               :    7.692     (1/Bohr)

 ------------------------------------------------------------------------------
                           SETUP PLANE WAVE 
 Read in WT kernel.
 kernel file name  : PROFESS_KERNEL.dat            
 KEDF type         :     4
 Fermi vector      :   1.182014212099E+00
 Reference density :  -1.000000000000E+00
 Mesh points       :    20001
 Fermi vector in this cell is    1.8802599658398109     
 Fermi vector from kernel file is    1.1820142120987149     
 First qNorm is    0.0000000000000000     
 size of Wang-Teter kernel in this run is            8          14         216
 Max |G| in this calculation is   1.724825485231E+01
 Max eta used from kernel is   9.173335158794E+00

 ------------------------------------------------------------------------------
                           REFRESH ION POSITIONS
  
 Calculating Ion-Ion Energy ...                   complete.     0.004 s
  
 Calculating Ion-Electron Potential (spline) ... 
 complete.     0.004 s
 Rescale the total density from   3.034020 to         60

 ------------------------------------------------------------------------------
                           DENSITY OPTIMIZATION
 Electron number for spin            1  is    59.999999999999893     
 Cell Volume      :           316.819521 Angstrom^3
 Ion number       :                   20
 Electron number  :            60.000000
 Ion density      :             0.063127 Ion/Angstrom^3
 Electron density :             0.189382 Electron/Angstrom^3
  
 Calculating Ion-Ion Forces ...                complete.     0.005 s
  
 Calculating Ion-Electron Forces (spline) ...  complete.     0.003 s
  ------ ION (GRADIENT METHOD) STEP            1  ------
  
 Calculating Ion-Electron Stress (spline) ...  complete.     0.006 s
  
 Calculating Ion-Ion Stress ...                complete.     0.003 s
  
 ------------------------------------------------------------------------------
                         LATTICE VECTORS (Angstrom)
 LAT 1           2.805800        0.000000        0.000000
 LAT 2           1.402900        2.429894        0.000000
 LAT 3           0.000000        0.000000       46.469497
 ------------------------------------------------------------------------------
                                STRESS (GPa)
 ST_GPa 1       -1.488419        0.038684       -0.000000
 ST_GPa 2        0.038684       -1.533087       -0.000001
 ST_GPa 3       -0.000000       -0.000001       -0.573281
  
 --------------------------------------------------
 STRESS (a.u.)
 --------------------------------------------------
 ST_AU  1  -5.0590355504E-05   1.3148499867E-06  -9.2520514065E-12
 ST_AU  2   1.3148499867E-06  -5.2108589851E-05  -2.0550135323E-11
 ST_AU  3  -9.2520514065E-12  -2.0550135323E-11  -1.9485435028E-05
; Cell optimization at step 17, max(stress):  0.5211E-04, total energy:  -42.563847    ;
  dV of each real space grid is now    5.0561382602720993E-002
 Cell length (Bohr)    5.302E+00   5.302E+00   8.792E+01
 Angle     (Degree)    9.000E+01   9.000E+01   6.000E+01
 Volume    (Bohr^3)    2.141E+03
  dV of each real space grid is now    5.0561382602720993E-002
 Cell length (Bohr)    5.302E+00   5.302E+00   8.792E+01
 Angle     (Degree)    9.000E+01   9.000E+01   6.000E+01
 Volume    (Bohr^3)    2.141E+03

 ------------------------------------------------------------------------------
                           SETUP EWALD 
 (Ewald) eta                             :   0.6867    
 (Ewald) Real Space Cutoff               :    7.503     (Bohr)
 (Ewald) Reciprocal Cutoff               :    7.682     (1/Bohr)

 ------------------------------------------------------------------------------
                           SETUP PLANE WAVE 
 Read in WT kernel.
 kernel file name  : PROFESS_KERNEL.dat            
 KEDF type         :     4
 Fermi vector      :   1.182014212099E+00
 Reference density :  -1.000000000000E+00
 Mesh points       :    20001
 Fermi vector in this cell is    1.8795093530565801     
 Fermi vector from kernel file is    1.1820142120987149     
 First qNorm is    0.0000000000000000     
 size of Wang-Teter kernel in this run is            8          14         216
 Max |G| in this calculation is   1.724411231472E+01
 Max eta used from kernel is   9.174794627480E+00

 ------------------------------------------------------------------------------
                           REFRESH ION POSITIONS
  
 Calculating Ion-Ion Energy ...                   complete.     0.004 s
  
 Calculating Ion-Electron Potential (spline) ... 
 complete.     0.004 s
 Rescale the total density from   3.037319 to         60

 ------------------------------------------------------------------------------
                           DENSITY OPTIMIZATION
 Electron number for spin            1  is    59.999999999999993     
 Cell Volume      :           317.199254 Angstrom^3
 Ion number       :                   20
 Electron number  :            60.000000
 Ion density      :             0.063052 Ion/Angstrom^3
 Electron density :             0.189156 Electron/Angstrom^3
  
 Calculating Ion-Ion Forces ...                complete.     0.005 s
  
 Calculating Ion-Electron Forces (spline) ...  complete.     0.003 s
  ------ ION (GRADIENT METHOD) STEP            1  ------
  
 Calculating Ion-Electron Stress (spline) ...  complete.     0.006 s
  
 Calculating Ion-Ion Stress ...                complete.     0.003 s
  
 ------------------------------------------------------------------------------
                         LATTICE VECTORS (Angstrom)
 LAT 1           2.805800        0.000000        0.000000
 LAT 2           1.402900        2.429894        0.000000
 LAT 3           0.000000        0.000000       46.525194
 ------------------------------------------------------------------------------
                                STRESS (GPa)
 ST_GPa 1       -1.413523        0.038146       -0.000000
 ST_GPa 2        0.038146       -1.457569       -0.000001
 ST_GPa 3       -0.000000       -0.000001       -0.413954
  
 --------------------------------------------------
 STRESS (a.u.)
 --------------------------------------------------
 ST_AU  1  -4.8044670033E-05   1.2965485429E-06  -9.4914654645E-12
 ST_AU  2   1.2965485429E-06  -4.9541770619E-05  -2.0666674737E-11
 ST_AU  3  -9.4914654645E-12  -2.0666674737E-11  -1.4070029144E-05
; Cell optimization at step 18, max(stress):  0.4954E-04, total energy:  -42.563887    ;
  dV of each real space grid is now    5.0613830853085538E-002
 Cell length (Bohr)    5.302E+00   5.302E+00   8.801E+01
 Angle     (Degree)    9.000E+01   9.000E+01   6.000E+01
 Volume    (Bohr^3)    2.143E+03
  dV of each real space grid is now    5.0613830853085538E-002
 Cell length (Bohr)    5.302E+00   5.302E+00   8.801E+01
 Angle     (Degree)    9.000E+01   9.000E+01   6.000E+01
 Volume    (Bohr^3)    2.143E+03

 ------------------------------------------------------------------------------
                           SETUP EWALD 
 (Ewald) eta                             :   0.6814    
 (Ewald) Real Space Cutoff               :    7.561     (Bohr)
 (Ewald) Reciprocal Cutoff               :    7.675     (1/Bohr)

 ------------------------------------------------------------------------------
                           SETUP PLANE WAVE 
 Read in WT kernel.
 kernel file name  : PROFESS_KERNEL.dat            
 KEDF type         :     4
 Fermi vector      :   1.182014212099E+00
 Reference density :  -1.000000000000E+00
 Mesh points       :    20001
 Fermi vector in this cell is    1.8788599189330037     
 Fermi vector from kernel file is    1.1820142120987149     
 First qNorm is    0.0000000000000000     
 size of Wang-Teter kernel in this run is            8          14         216
 Max |G| in this calculation is   1.724053403687E+01
 Max eta used from kernel is   9.176061431262E+00

 ------------------------------------------------------------------------------
                           REFRESH ION POSITIONS
  
 Calculating Ion-Ion Energy ...                   complete.     0.004 s
  
 Calculating Ion-Electron Potential (spline) ... 
 complete.     0.004 s
 Rescale the total density from   3.039980 to         60

 ------------------------------------------------------------------------------
                           DENSITY OPTIMIZATION
 Electron number for spin            1  is    60.000000000000547     
 Cell Volume      :           317.528290 Angstrom^3
 Ion number       :                   20
 Electron number  :            60.000000
 Ion density      :             0.062987 Ion/Angstrom^3
 Electron density :             0.188960 Electron/Angstrom^3
  
 Calculating Ion-Ion Forces ...                complete.     0.005 s
  
 Calculating Ion-Electron Forces (spline) ...  complete.     0.003 s
  ------ ION (GRADIENT METHOD) STEP            1  ------
  
 Calculating Ion-Electron Stress (spline) ...  complete.     0.006 s
  
 Calculating Ion-Ion Stress ...                complete.     0.003 s
  
 ------------------------------------------------------------------------------
                         LATTICE VECTORS (Angstrom)
 LAT 1           2.805800        0.000000        0.000000
 LAT 2           1.402900        2.429894        0.000000
 LAT 3           0.000000        0.000000       46.573456
 ------------------------------------------------------------------------------
                                STRESS (GPa)
 ST_GPa 1       -1.349627        0.037649       -0.000000
 ST_GPa 2        0.037649       -1.393099       -0.000001
 ST_GPa 3       -0.000000       -0.000001       -0.276690
  
 --------------------------------------------------
 STRESS (a.u.)
 --------------------------------------------------
 ST_AU  1  -4.5872888670E-05   1.2796658392E-06  -9.5888923568E-12
 ST_AU  2   1.2796658392E-06  -4.7350495519E-05  -2.0722836075E-11
 ST_AU  3  -9.5888923568E-12  -2.0722836075E-11  -9.4044880664E-06
; Cell optimization at step 19, max(stress):  0.4735E-04, total energy:  -42.563910    ;
  dV of each real space grid is now    5.0655898906216440E-002
 Cell length (Bohr)    5.302E+00   5.302E+00   8.808E+01
 Angle     (Degree)    9.000E+01   9.000E+01   6.000E+01
 Volume    (Bohr^3)    2.145E+03
  dV of each real space grid is now    5.0655898906216440E-002
 Cell length (Bohr)    5.302E+00   5.302E+00   8.808E+01
 Angle     (Degree)    9.000E+01   9.000E+01   6.000E+01
 Volume    (Bohr^3)    2.145E+03

 ------------------------------------------------------------------------------
                           SETUP EWALD 
 (Ewald) eta                             :   0.6814    
 (Ewald) Real Space Cutoff               :    7.561     (Bohr)
 (Ewald) Reciprocal Cutoff               :    7.668     (1/Bohr)

 ------------------------------------------------------------------------------
                           SETUP PLANE WAVE 
 Read in WT kernel.
 kernel file name  : PROFESS_KERNEL.dat            
 KEDF type         :     4
 Fermi vector      :   1.182014212099E+00
 Reference density :  -1.000000000000E+00
 Mesh points       :    20001
 Fermi vector in this cell is    1.8783396644925239     
 Fermi vector from kernel file is    1.1820142120987149     
 First qNorm is    0.0000000000000000     
 size of Wang-Teter kernel in this run is            8          14         216
 Max |G| in this calculation is   1.723767144163E+01
 Max eta used from kernel is   9.177078974313E+00

 ------------------------------------------------------------------------------
                           REFRESH ION POSITIONS
  
 Calculating Ion-Ion Energy ...                   complete.     0.004 s
  
 Calculating Ion-Electron Potential (spline) ... 
 complete.     0.004 s
 Rescale the total density from   3.041880 to         60

 ------------------------------------------------------------------------------
                           DENSITY OPTIMIZATION
 Electron number for spin            1  is    59.999999999999723     
 Cell Volume      :           317.792206 Angstrom^3
 Ion number       :                   20
 Electron number  :            60.000000
 Ion density      :             0.062934 Ion/Angstrom^3
 Electron density :             0.188803 Electron/Angstrom^3
  
 Calculating Ion-Ion Forces ...                complete.     0.005 s
  
 Calculating Ion-Electron Forces (spline) ...  complete.     0.003 s
  ------ ION (GRADIENT METHOD) STEP            1  ------
  
 Calculating Ion-Electron Stress (spline) ...  complete.     0.006 s
  
 Calculating Ion-Ion Stress ...                complete.     0.003 s
  
 ------------------------------------------------------------------------------
                         LATTICE VECTORS (Angstrom)
 LAT 1           2.805800        0.000000        0.000000
 LAT 2           1.402900        2.429894        0.000000
 LAT 3           0.000000        0.000000       46.612165
 ------------------------------------------------------------------------------
                                STRESS (GPa)
 ST_GPa 1       -1.298778        0.037237       -0.000000
 ST_GPa 2        0.037237       -1.341774       -0.000001
 ST_GPa 3       -0.000000       -0.000001       -0.167362
  
 --------------------------------------------------
 STRESS (a.u.)
 --------------------------------------------------
 ST_AU  1  -4.4144563990E-05   1.2656534905E-06  -9.5824183849E-12
 ST_AU  2   1.2656534905E-06  -4.5605991097E-05  -2.0893861084E-11
 ST_AU  3  -9.5824183849E-12  -2.0893861084E-11  -5.6885062404E-06
; Cell optimization at step 20, max(stress):  0.4561E-04, total energy:  -42.563921    ;
  dV of each real space grid is now    5.0686433822873363E-002
 Cell length (Bohr)    5.302E+00   5.302E+00   8.814E+01
 Angle     (Degree)    9.000E+01   9.000E+01   6.000E+01
 Volume    (Bohr^3)    2.146E+03
  dV of each real space grid is now    5.0686433822873363E-002
 Cell length (Bohr)    5.302E+00   5.302E+00   8.814E+01
 Angle     (Degree)    9.000E+01   9.000E+01   6.000E+01
 Volume    (Bohr^3)    2.146E+03

 ------------------------------------------------------------------------------
                           SETUP EWALD 
 (Ewald) eta                             :   0.6814    
 (Ewald) Real Space Cutoff               :    7.561     (Bohr)
 (Ewald) Reciprocal Cutoff               :    7.664     (1/Bohr)

 ------------------------------------------------------------------------------
                           SETUP PLANE WAVE 
 Read in WT kernel.
 kernel file name  : PROFESS_KERNEL.dat            
 KEDF type         :     4
 Fermi vector      :   1.182014212099E+00
 Reference density :  -1.000000000000E+00
 Mesh points       :    20001
 Fermi vector in this cell is    1.8779624007157258     
 Fermi vector from kernel file is    1.1820142120987149     
 First qNorm is    0.0000000000000000     
 size of Wang-Teter kernel in this run is            8          14         216
 Max |G| in this calculation is   1.723559780506E+01
 Max eta used from kernel is   9.177818362335E+00

 ------------------------------------------------------------------------------
                           REFRESH ION POSITIONS
  
 Calculating Ion-Ion Energy ...                   complete.     0.004 s
  
 Calculating Ion-Electron Potential (spline) ... 
 complete.     0.004 s
 Rescale the total density from   3.043019 to         60

 ------------------------------------------------------------------------------
                           DENSITY OPTIMIZATION
 Electron number for spin            1  is    60.000000000000661     
 Cell Volume      :           317.983769 Angstrom^3
 Ion number       :                   20
 Electron number  :            60.000000
 Ion density      :             0.062896 Ion/Angstrom^3
 Electron density :             0.188689 Electron/Angstrom^3
  
 Calculating Ion-Ion Forces ...                complete.     0.005 s
  
 Calculating Ion-Electron Forces (spline) ...  complete.     0.003 s
  ------ ION (GRADIENT METHOD) STEP            1  ------
  
 Calculating Ion-Electron Stress (spline) ...  complete.     0.006 s
  
 Calculating Ion-Ion Stress ...                complete.     0.003 s
  
 ------------------------------------------------------------------------------
                         LATTICE VECTORS (Angstrom)
 LAT 1           2.805800        0.000000        0.000000
 LAT 2           1.402900        2.429894        0.000000
 LAT 3           0.000000        0.000000       46.640263
 ------------------------------------------------------------------------------
                                STRESS (GPa)
 ST_GPa 1       -1.261685        0.036938       -0.000000
 ST_GPa 2        0.036938       -1.304336       -0.000001
 ST_GPa 3       -0.000000       -0.000001       -0.089130
  
 --------------------------------------------------
 STRESS (a.u.)
 --------------------------------------------------
 ST_AU  1  -4.2883811490E-05   1.2554849751E-06  -9.7706932919E-12
 ST_AU  2   1.2554849751E-06  -4.4333497694E-05  -2.0931917123E-11
 ST_AU  3  -9.7706932919E-12  -2.0931917123E-11  -3.0294518174E-06
; Cell optimization at step 21, max(stress):  0.4433E-04, total energy:  -42.563924    ;
  dV of each real space grid is now    5.0705947710319339E-002
 Cell length (Bohr)    5.302E+00   5.302E+00   8.817E+01
 Angle     (Degree)    9.000E+01   9.000E+01   6.000E+01
 Volume    (Bohr^3)    2.147E+03
  dV of each real space grid is now    5.0705947710319339E-002
 Cell length (Bohr)    5.302E+00   5.302E+00   8.817E+01
 Angle     (Degree)    9.000E+01   9.000E+01   6.000E+01
 Volume    (Bohr^3)    2.147E+03

 ------------------------------------------------------------------------------
                           SETUP EWALD 
 (Ewald) eta                             :   0.6814    
 (Ewald) Real Space Cutoff               :    7.561     (Bohr)
 (Ewald) Reciprocal Cutoff               :    7.661     (1/Bohr)

 ------------------------------------------------------------------------------
                           SETUP PLANE WAVE 
 Read in WT kernel.
 kernel file name  : PROFESS_KERNEL.dat            
 KEDF type         :     4
 Fermi vector      :   1.182014212099E+00
 Reference density :  -1.000000000000E+00
 Mesh points       :    20001
 Fermi vector in this cell is    1.8777214621893150     
 Fermi vector from kernel file is    1.1820142120987149     
 First qNorm is    0.0000000000000000     
 size of Wang-Teter kernel in this run is            8          14         216
 Max |G| in this calculation is   1.723427444151E+01
 Max eta used from kernel is   9.178291236772E+00

 ------------------------------------------------------------------------------
                           REFRESH ION POSITIONS
  
 Calculating Ion-Ion Energy ...                   complete.     0.004 s
  
 Calculating Ion-Electron Potential (spline) ... 
 complete.     0.004 s
 Rescale the total density from   3.043528 to         60

 ------------------------------------------------------------------------------
                           DENSITY OPTIMIZATION
 Electron number for spin            1  is    60.000000000000249     
 Cell Volume      :           318.106190 Angstrom^3
 Ion number       :                   20
 Electron number  :            60.000000
 Ion density      :             0.062872 Ion/Angstrom^3
 Electron density :             0.188616 Electron/Angstrom^3
  
 Calculating Ion-Ion Forces ...                complete.     0.005 s
  
 Calculating Ion-Electron Forces (spline) ...  complete.     0.003 s
  ------ ION (GRADIENT METHOD) STEP            1  ------
  
 Calculating Ion-Electron Stress (spline) ...  complete.     0.006 s
  
 Calculating Ion-Ion Stress ...                complete.     0.003 s
  
 ------------------------------------------------------------------------------
                         LATTICE VECTORS (Angstrom)
 LAT 1           2.805800        0.000000        0.000000
 LAT 2           1.402900        2.429894        0.000000
 LAT 3           0.000000        0.000000       46.658219
 ------------------------------------------------------------------------------
                                STRESS (GPa)
 ST_GPa 1       -1.237986        0.036746       -0.000000
 ST_GPa 2        0.036746       -1.280416       -0.000001
 ST_GPa 3       -0.000000       -0.000001       -0.039467
  
 --------------------------------------------------
 STRESS (a.u.)
 --------------------------------------------------
 ST_AU  1  -4.2078291678E-05   1.2489806797E-06  -1.0021187348E-11
 ST_AU  2   1.2489806797E-06  -4.3520467486E-05  -2.1052832509E-11
 ST_AU  3  -1.0021187348E-11  -2.1052832509E-11  -1.3414517408E-06
; Cell optimization at step 22, max(stress):  0.4352E-04, total energy:  -42.563925    ;
  dV of each real space grid is now    5.0716316690529291E-002
 Cell length (Bohr)    5.302E+00   5.302E+00   8.819E+01
 Angle     (Degree)    9.000E+01   9.000E+01   6.000E+01
 Volume    (Bohr^3)    2.147E+03
  dV of each real space grid is now    5.0716316690529291E-002
 Cell length (Bohr)    5.302E+00   5.302E+00   8.819E+01
 Angle     (Degree)    9.000E+01   9.000E+01   6.000E+01
 Volume    (Bohr^3)    2.147E+03

 ------------------------------------------------------------------------------
                           SETUP EWALD 
 (Ewald) eta                             :   0.6814    
 (Ewald) Real Space Cutoff               :    7.561     (Bohr)
 (Ewald) Reciprocal Cutoff               :    7.659     (1/Bohr)

 ------------------------------------------------------------------------------
                           SETUP PLANE WAVE 
 Read in WT kernel.
 kernel file name  : PROFESS_KERNEL.dat            
 KEDF type         :     4
 Fermi vector      :   1.182014212099E+00
 Reference density :  -1.000000000000E+00
 Mesh points       :    20001
 Fermi vector in this cell is    1.8775934863885557     
 Fermi vector from kernel file is    1.1820142120987149     
 First qNorm is    0.0000000000000000     
 size of Wang-Teter kernel in this run is            8          14         216
 Max |G| in this calculation is   1.723357183368E+01
 Max eta used from kernel is   9.178542617778E+00

 ------------------------------------------------------------------------------
                           REFRESH ION POSITIONS
  
 Calculating Ion-Ion Energy ...                   complete.     0.004 s
  
 Calculating Ion-Electron Potential (spline) ... 
 complete.     0.005 s
 Rescale the total density from   3.043601 to         60

 ------------------------------------------------------------------------------
                           DENSITY OPTIMIZATION
 Electron number for spin            1  is    60.000000000000163     
 Cell Volume      :           318.171240 Angstrom^3
 Ion number       :                   20
 Electron number  :            60.000000
 Ion density      :             0.062859 Ion/Angstrom^3
 Electron density :             0.188578 Electron/Angstrom^3
  
 Calculating Ion-Ion Forces ...                complete.     0.005 s
  
 Calculating Ion-Electron Forces (spline) ...  complete.     0.003 s
  ------ ION (GRADIENT METHOD) STEP            1  ------
  
 Calculating Ion-Electron Stress (spline) ...  complete.     0.006 s
  
 Calculating Ion-Ion Stress ...                complete.     0.003 s
  
 ------------------------------------------------------------------------------
                         LATTICE VECTORS (Angstrom)
 LAT 1           2.805800        0.000000        0.000000
 LAT 2           1.402900        2.429894        0.000000
 LAT 3           0.000000        0.000000       46.667760
 ------------------------------------------------------------------------------
                                STRESS (GPa)
 ST_GPa 1       -1.225483        0.036644       -0.000000
 ST_GPa 2        0.036644       -1.267796       -0.000001
 ST_GPa 3       -0.000000       -0.000001       -0.013043
  
 --------------------------------------------------
 STRESS (a.u.)
 --------------------------------------------------
 ST_AU  1  -4.1653344372E-05   1.2455015102E-06  -9.9441297234E-12
 ST_AU  2   1.2455015102E-06  -4.3091502829E-05  -2.1037298208E-11
 ST_AU  3  -9.9441297234E-12  -2.1037298208E-11  -4.4332985415E-07
; Cell optimization at step 23, max(stress):  0.4309E-04, total energy:  -42.563925    ;
##############################################################################
#                               FINAL ENERGIES                       time    #
##############################################################################
# Thomas-Fermi Kin. Energy =   4.385540674490E+02 eV                 0.000 s #
# Von-Weizsacker Kin. Ener =   3.560753278562E+01 eV                 0.000 s #
# Wang-Teter Kinetic Energ =  -1.213688301822E+01 eV                 0.000 s #
#                                                                            #
#     LDA Exch-Corr Energy =  -4.414480998498E+02 eV                 0.000 s #
#         Coulombic Energy =   1.921951028960E+00 eV                 0.000 s #
#      Ion-Electron Energy =   3.074744881697E+02 eV                 0.000 s #
#           Ion-Ion Energy =  -1.488196337020E+03 eV                 0.000 s #
#                                                                            #
#     TOTAL KINETIC ENERGY =   4.620247172164E+02 eV                         #
#   TOTAL POTENTIAL ENERGY =  -1.620247997671E+03 eV                         #
#             TOTAL ENERGY =  -1.158223280454E+03 eV                         #
##############################################################################
  
 ----------------------------- TIME INFORMATION ------------------------------
    PROFESS      :     39.92s WALL    100.00% (       1 calls)    39.92s/call
    InitPROFESS  :      0.07s WALL      0.18% (       1 calls)     0.07s/call
    KEDFRefresh  :      0.70s WALL      1.75% (      23 calls)     0.03s/call
    IonRefresh   :      0.36s WALL      0.89% (      32 calls)     0.01s/call
    EwaldEnergy  :      0.15s WALL      0.38% (      32 calls)     0.00s/call
    Pot_Ion      :      0.07s WALL      0.19% (    1162 calls)     0.00s/call
    Pot_Har      :      2.18s WALL      5.47% (    1162 calls)     0.00s/call
    Pot_Exc      :      5.65s WALL     14.16% (    1162 calls)     0.00s/call
    Pot_KEDF     :     27.74s WALL     69.49% (    1162 calls)     0.02s/call
    VWPotSqrPlus :      1.98s WALL      4.95% (    1162 calls)     0.00s/call
    NextGradient :      0.08s WALL      0.20% (     105 calls)     0.00s/call
    CalForce     :      0.34s WALL      0.85% (      32 calls)     0.01s/call
    EwaldForces  :      0.19s WALL      0.47% (      32 calls)     0.01s/call
    CalStress    :      1.09s WALL      2.74% (      23 calls)     0.05s/call
    EwaldStress  :      0.07s WALL      0.17% (      23 calls)     0.00s/call
 -----------------------------------------------------------------------------
 ------------------------------- TOTAL ---------------------------------------
    PROFESS      :     39.92s WALL    100.00% (       1 calls)    39.92s/call
 -----------------------------------------------------------------------------

Run completed on: 05/02/2022 at 14:15:42 
  
