 ******************************************************************************
                             WELCOME TO PROFESS                   
            (PRinceton Orbital-Free Electronic Structure Software) 
 ******************************************************************************

 ------------------------------------------------------------------------------
                           READ GEOMETRY
 Cell length (Bohr)    5.302E+00   5.302E+00   9.524E+01
 Angle     (Degree)    9.000E+01   9.000E+01   6.000E+01
 Volume    (Bohr^3)    2.319E+03

 ------------------------------------------------------------------------------
                           READ PSEUDOPOTENTIAL
 Total electron number in ReadPseudo is    66.000000000000000     
 (System) Machine Precision              :    2.2204460492503131E-016

 ------------------------------------------------------------------------------
                           SETUP FFT
 Global FFT Dimension :    14   14  240
 Rank/Size in Global Communicator     :            0 /           1
 Rank/Size in Global FFT Communicator :            0 /           1
 Parallel FFT, totX    =    14
 Parallel FFT, totY    =    14
 Parallel FFT, locZ    =   240
 Parallel FFT, locZoff =     0
 Dimension of rho for this processor : 
 xmin, xmax :            0          13
 ymin, ymax :            0          13
 zmin, zmax :            0         239
 Total electron number =    66.000000000000000     
 Uniform rhoR =    2.8462277516168498E-002
 (GB INFO) FFT size      :       14      14     240
 (GB INFO) FFT offset    :        0
 (GB INFO) FFT G size    :        8      14     240
 (GB INFO) FFT G offset  :        0

 ------------------------------------------------------------------------------
                           SETUP KEDF
 kinetic energy density functional number is            5
 ( 1=TF, 2=VW, 3=TF+VW, 4=WT,  5=WGC,  
   7=LQ, 8=HQ, 10=CAT,  11=HC, 12=WGCD,
   15=GGA, 16=WGCD+GGA, 17=EVT, 18=EVC )
 qTable dimension:     8   14  240
 Coefficient for TF KEDF is     1.0000
 Coefficient for VW KEDF is     1.0000
 Coefficient for alpha in WGC KEDF is     1.2060
 Coefficient for beta  in WGC KEDF is     0.4607
 Coefficient for gamma in WGC KEDF is     2.7000
 rho0 (Electron/Bohr^3) in WGC KEDF is     0.0285
 rhoS (Electron/Bohr^3) in WGC KEDF is     0.0285
 hold0 =  F
 holdS =  F
  dV of each real space grid is now    4.9295465680592926E-002
 Cell length (Bohr)    5.302E+00   5.302E+00   9.524E+01
 Angle     (Degree)    9.000E+01   9.000E+01   6.000E+01
 Volume    (Bohr^3)    2.319E+03

 ------------------------------------------------------------------------------
                           SETUP EWALD 
 (Ewald) eta                             :   0.6867    
 (Ewald) Real Space Cutoff               :    7.519     (Bohr)
 (Ewald) Reciprocal Cutoff               :    7.703     (1/Bohr)

 ------------------------------------------------------------------------------
                           SETUP PLANE WAVE 

 ------------------------------------------------------------------------------
                           INITIALIZING WGC KERNEL
 Fermi vector :   0.94456144869120884     
 Reference density :    2.8462277516168498E-002
 Make WGC kernels.
 Dimension of KEDF Kernel :            8          14         240

 ------------------------------------------------------------------------------
                           REFRESH ION POSITIONS
  
 Calculating Ion-Ion Energy ...                   complete.     0.007 s
  
 Calculating Ion-Electron Potential (spline) ... 
 complete.     0.007 s

 ------------------------------------------------------------------------------
                           DENSITY OPTIMIZATION
 Electron number for spin            1  is    65.999999999972189     
 Cell Volume      :           343.619404 Angstrom^3
 Ion number       :                   22
 Electron number  :            66.000000
 Ion density      :             0.064024 Ion/Angstrom^3
 Electron density :             0.192073 Electron/Angstrom^3
  
 Calculating Ion-Ion Forces ...                complete.     0.005 s
  
 Calculating Ion-Electron Forces (spline) ...  complete.     0.003 s
  ------ ION (GRADIENT METHOD) STEP            1  ------

 ------------------------------------------------------------------------------
                           REFRESH ION POSITIONS
  
 Calculating Ion-Ion Energy ...                   complete.     0.004 s
  
 Calculating Ion-Electron Potential (spline) ... 
 complete.     0.005 s

 ------------------------------------------------------------------------------
                           DENSITY OPTIMIZATION
 Electron number for spin            1  is    66.000000000000099     
 Cell Volume      :           343.619404 Angstrom^3
 Ion number       :                   22
 Electron number  :            66.000000
 Ion density      :             0.064024 Ion/Angstrom^3
 Electron density :             0.192073 Electron/Angstrom^3
  
 Calculating Ion-Ion Forces ...                complete.     0.005 s
  
 Calculating Ion-Electron Forces (spline) ...  complete.     0.003 s

 ------------------------------------------------------------------------------
                           REFRESH ION POSITIONS
  
 Calculating Ion-Ion Energy ...                   complete.     0.004 s
  
 Calculating Ion-Electron Potential (spline) ... 
 complete.     0.005 s

 ------------------------------------------------------------------------------
                           DENSITY OPTIMIZATION
 Electron number for spin            1  is    65.999999999999005     
 Cell Volume      :           343.619404 Angstrom^3
 Ion number       :                   22
 Electron number  :            66.000000
 Ion density      :             0.064024 Ion/Angstrom^3
 Electron density :             0.192073 Electron/Angstrom^3
  
 Calculating Ion-Ion Forces ...                complete.     0.009 s
  
 Calculating Ion-Electron Forces (spline) ...  complete.     0.005 s
  ------ ION (GRADIENT METHOD) STEP            2  ------

 ------------------------------------------------------------------------------
                           REFRESH ION POSITIONS
  
 Calculating Ion-Ion Energy ...                   complete.     0.007 s
  
 Calculating Ion-Electron Potential (spline) ... 
 complete.     0.008 s

 ------------------------------------------------------------------------------
                           DENSITY OPTIMIZATION
 Electron number for spin            1  is    65.999999999999133     
 Cell Volume      :           343.619404 Angstrom^3
 Ion number       :                   22
 Electron number  :            66.000000
 Ion density      :             0.064024 Ion/Angstrom^3
 Electron density :             0.192073 Electron/Angstrom^3
  
 Calculating Ion-Ion Forces ...                complete.     0.009 s
  
 Calculating Ion-Electron Forces (spline) ...  complete.     0.005 s

 ------------------------------------------------------------------------------
                           REFRESH ION POSITIONS
  
 Calculating Ion-Ion Energy ...                   complete.     0.008 s
  
 Calculating Ion-Electron Potential (spline) ... 
 complete.     0.008 s

 ------------------------------------------------------------------------------
                           DENSITY OPTIMIZATION
 Electron number for spin            1  is    65.999999999998991     
 Cell Volume      :           343.619404 Angstrom^3
 Ion number       :                   22
 Electron number  :            66.000000
 Ion density      :             0.064024 Ion/Angstrom^3
 Electron density :             0.192073 Electron/Angstrom^3
  
 Calculating Ion-Ion Forces ...                complete.     0.010 s
  
 Calculating Ion-Electron Forces (spline) ...  complete.     0.003 s
  ------ ION (GRADIENT METHOD) STEP            3  ------

 ------------------------------------------------------------------------------
                           REFRESH ION POSITIONS
  
 Calculating Ion-Ion Energy ...                   complete.     0.005 s
  
 Calculating Ion-Electron Potential (spline) ... 
 complete.     0.005 s

 ------------------------------------------------------------------------------
                           DENSITY OPTIMIZATION
 Electron number for spin            1  is    65.999999999999389     
 Cell Volume      :           343.619404 Angstrom^3
 Ion number       :                   22
 Electron number  :            66.000000
 Ion density      :             0.064024 Ion/Angstrom^3
 Electron density :             0.192073 Electron/Angstrom^3
  
 Calculating Ion-Ion Forces ...                complete.     0.006 s
  
 Calculating Ion-Electron Forces (spline) ...  complete.     0.003 s

 ------------------------------------------------------------------------------
                           REFRESH ION POSITIONS
  
 Calculating Ion-Ion Energy ...                   complete.     0.004 s
  
 Calculating Ion-Electron Potential (spline) ... 
 complete.     0.005 s

 ------------------------------------------------------------------------------
                           DENSITY OPTIMIZATION
 Electron number for spin            1  is    65.999999999999091     
 Cell Volume      :           343.619404 Angstrom^3
 Ion number       :                   22
 Electron number  :            66.000000
 Ion density      :             0.064024 Ion/Angstrom^3
 Electron density :             0.192073 Electron/Angstrom^3
  
 Calculating Ion-Ion Forces ...                complete.     0.008 s
  
 Calculating Ion-Electron Forces (spline) ...  complete.     0.005 s
  ------ ION (GRADIENT METHOD) STEP            4  ------

 ------------------------------------------------------------------------------
                           REFRESH ION POSITIONS
  
 Calculating Ion-Ion Energy ...                   complete.     0.007 s
  
 Calculating Ion-Electron Potential (spline) ... 
 complete.     0.008 s

 ------------------------------------------------------------------------------
                           DENSITY OPTIMIZATION
 Electron number for spin            1  is    66.000000000000071     
 Cell Volume      :           343.619404 Angstrom^3
 Ion number       :                   22
 Electron number  :            66.000000
 Ion density      :             0.064024 Ion/Angstrom^3
 Electron density :             0.192073 Electron/Angstrom^3
  
 Calculating Ion-Ion Forces ...                complete.     0.008 s
  
 Calculating Ion-Electron Forces (spline) ...  complete.     0.005 s
  ------ ION (GRADIENT METHOD) STEP            5  ------

 ------------------------------------------------------------------------------
                           REFRESH ION POSITIONS
  
 Calculating Ion-Ion Energy ...                   complete.     0.007 s
  
 Calculating Ion-Electron Potential (spline) ... 
 complete.     0.008 s

 ------------------------------------------------------------------------------
                           DENSITY OPTIMIZATION
 Electron number for spin            1  is    65.999999999998593     
 Cell Volume      :           343.619404 Angstrom^3
 Ion number       :                   22
 Electron number  :            66.000000
 Ion density      :             0.064024 Ion/Angstrom^3
 Electron density :             0.192073 Electron/Angstrom^3
  
 Calculating Ion-Ion Forces ...                complete.     0.008 s
  
 Calculating Ion-Electron Forces (spline) ...  complete.     0.006 s

 ------------------------------------------------------------------------------
                           REFRESH ION POSITIONS
  
 Calculating Ion-Ion Energy ...                   complete.     0.007 s
  
 Calculating Ion-Electron Potential (spline) ... 
 complete.     0.008 s

 ------------------------------------------------------------------------------
                           DENSITY OPTIMIZATION
 Electron number for spin            1  is    65.999999999999062     
 Cell Volume      :           343.619404 Angstrom^3
 Ion number       :                   22
 Electron number  :            66.000000
 Ion density      :             0.064024 Ion/Angstrom^3
 Electron density :             0.192073 Electron/Angstrom^3
  
 Calculating Ion-Ion Forces ...                complete.     0.006 s
  
 Calculating Ion-Electron Forces (spline) ...  complete.     0.004 s
  ------ ION (GRADIENT METHOD) STEP            6  ------

 ------------------------------------------------------------------------------
                           REFRESH ION POSITIONS
  
 Calculating Ion-Ion Energy ...                   complete.     0.005 s
  
 Calculating Ion-Electron Potential (spline) ... 
 complete.     0.005 s

 ------------------------------------------------------------------------------
                           DENSITY OPTIMIZATION
 Electron number for spin            1  is    65.999999999999716     
 Cell Volume      :           343.619404 Angstrom^3
 Ion number       :                   22
 Electron number  :            66.000000
 Ion density      :             0.064024 Ion/Angstrom^3
 Electron density :             0.192073 Electron/Angstrom^3
  
 Calculating Ion-Ion Forces ...                complete.     0.009 s
  
 Calculating Ion-Electron Forces (spline) ...  complete.     0.006 s

 ------------------------------------------------------------------------------
                           REFRESH ION POSITIONS
  
 Calculating Ion-Ion Energy ...                   complete.     0.004 s
  
 Calculating Ion-Electron Potential (spline) ... 
 complete.     0.005 s

 ------------------------------------------------------------------------------
                           DENSITY OPTIMIZATION
 Electron number for spin            1  is    65.999999999999446     
 Cell Volume      :           343.619404 Angstrom^3
 Ion number       :                   22
 Electron number  :            66.000000
 Ion density      :             0.064024 Ion/Angstrom^3
 Electron density :             0.192073 Electron/Angstrom^3
  
 Calculating Ion-Ion Forces ...                complete.     0.006 s
  
 Calculating Ion-Electron Forces (spline) ...  complete.     0.003 s
  ------ ION (GRADIENT METHOD) STEP            7  ------

 ------------------------------------------------------------------------------
                           REFRESH ION POSITIONS
  
 Calculating Ion-Ion Energy ...                   complete.     0.004 s
  
 Calculating Ion-Electron Potential (spline) ... 
 complete.     0.005 s

 ------------------------------------------------------------------------------
                           DENSITY OPTIMIZATION
 Electron number for spin            1  is    65.999999999998693     
 Cell Volume      :           343.619404 Angstrom^3
 Ion number       :                   22
 Electron number  :            66.000000
 Ion density      :             0.064024 Ion/Angstrom^3
 Electron density :             0.192073 Electron/Angstrom^3
  
 Calculating Ion-Ion Forces ...                complete.     0.005 s
  
 Calculating Ion-Electron Forces (spline) ...  complete.     0.003 s

 ------------------------------------------------------------------------------
                           REFRESH ION POSITIONS
  
 Calculating Ion-Ion Energy ...                   complete.     0.004 s
  
 Calculating Ion-Electron Potential (spline) ... 
 complete.     0.005 s

 ------------------------------------------------------------------------------
                           DENSITY OPTIMIZATION
 Electron number for spin            1  is    65.999999999999119     
 Cell Volume      :           343.619404 Angstrom^3
 Ion number       :                   22
 Electron number  :            66.000000
 Ion density      :             0.064024 Ion/Angstrom^3
 Electron density :             0.192073 Electron/Angstrom^3
  
 Calculating Ion-Ion Forces ...                complete.     0.009 s
  
 Calculating Ion-Electron Forces (spline) ...  complete.     0.005 s
  ------ ION (GRADIENT METHOD) STEP            8  ------

 ------------------------------------------------------------------------------
                           REFRESH ION POSITIONS
  
 Calculating Ion-Ion Energy ...                   complete.     0.007 s
  
 Calculating Ion-Electron Potential (spline) ... 
 complete.     0.008 s

 ------------------------------------------------------------------------------
                           DENSITY OPTIMIZATION
 Electron number for spin            1  is    66.000000000000668     
 Cell Volume      :           343.619404 Angstrom^3
 Ion number       :                   22
 Electron number  :            66.000000
 Ion density      :             0.064024 Ion/Angstrom^3
 Electron density :             0.192073 Electron/Angstrom^3
  
 Calculating Ion-Ion Forces ...                complete.     0.006 s
  
 Calculating Ion-Electron Forces (spline) ...  complete.     0.003 s

 ------------------------------------------------------------------------------
                           REFRESH ION POSITIONS
  
 Calculating Ion-Ion Energy ...                   complete.     0.004 s
  
 Calculating Ion-Electron Potential (spline) ... 
 complete.     0.005 s

 ------------------------------------------------------------------------------
                           DENSITY OPTIMIZATION
 Electron number for spin            1  is    65.999999999999588     
 Cell Volume      :           343.619404 Angstrom^3
 Ion number       :                   22
 Electron number  :            66.000000
 Ion density      :             0.064024 Ion/Angstrom^3
 Electron density :             0.192073 Electron/Angstrom^3
  
 Calculating Ion-Ion Forces ...                complete.     0.006 s
  
 Calculating Ion-Electron Forces (spline) ...  complete.     0.003 s
  ------ ION (GRADIENT METHOD) STEP            9  ------
  
 Calculating Ion-Electron Stress (spline) ...  complete.     0.007 s
  
 Calculating Ion-Ion Stress ...                complete.     0.003 s
  
 ------------------------------------------------------------------------------
                         LATTICE VECTORS (Angstrom)
 LAT 1           2.805800        0.000000        0.000000
 LAT 2           1.402900        2.429894        0.000000
 LAT 3           0.000000        0.000000       50.400369
 ------------------------------------------------------------------------------
                                STRESS (GPa)
 ST_GPa 1       -0.044771        0.077486        0.000002
 ST_GPa 2        0.077486       -0.134243        0.000001
 ST_GPa 3        0.000002        0.000001       -0.417506
  
 --------------------------------------------------
 STRESS (a.u.)
 --------------------------------------------------
 ST_AU  1  -1.5217290441E-06   2.6336915466E-06   6.8625318065E-11
 ST_AU  2   2.6336915466E-06  -4.5628142907E-06   2.8849734978E-11
 ST_AU  3   6.8625318065E-11   2.8849734978E-11  -1.4190727357E-05
; Cell optimization at step  1, max(stress):  0.1419E-04, total energy:  -46.839276    ;
  dV of each real space grid is now    4.9297611543589318E-002
 Cell length (Bohr)    5.302E+00   5.302E+00   9.525E+01
 Angle     (Degree)    9.000E+01   9.000E+01   6.000E+01
 Volume    (Bohr^3)    2.319E+03
  dV of each real space grid is now    4.9297611543589318E-002
 Cell length (Bohr)    5.302E+00   5.302E+00   9.525E+01
 Angle     (Degree)    9.000E+01   9.000E+01   6.000E+01
 Volume    (Bohr^3)    2.319E+03

 ------------------------------------------------------------------------------
                           SETUP EWALD 
 (Ewald) eta                             :   0.6867    
 (Ewald) Real Space Cutoff               :    7.519     (Bohr)
 (Ewald) Reciprocal Cutoff               :    7.703     (1/Bohr)

 ------------------------------------------------------------------------------
                           SETUP PLANE WAVE 

 ------------------------------------------------------------------------------
                           INITIALIZING WGC KERNEL
 Fermi vector :   0.94454774330192615     
 Reference density :    2.8461038589043988E-002
 Dimension of KEDF Kernel :            8          14         240

 ------------------------------------------------------------------------------
                           REFRESH ION POSITIONS
  
 Calculating Ion-Ion Energy ...                   complete.     0.004 s
  
 Calculating Ion-Electron Potential (spline) ... 
 complete.     0.005 s
 Rescale the total density from   3.253784 to         66

 ------------------------------------------------------------------------------
                           DENSITY OPTIMIZATION
 Electron number for spin            1  is    65.999999999999744     
 Cell Volume      :           343.634362 Angstrom^3
 Ion number       :                   22
 Electron number  :            66.000000
 Ion density      :             0.064022 Ion/Angstrom^3
 Electron density :             0.192065 Electron/Angstrom^3
  
 Calculating Ion-Ion Forces ...                complete.     0.005 s
  
 Calculating Ion-Electron Forces (spline) ...  complete.     0.003 s
  ------ ION (GRADIENT METHOD) STEP            1  ------
  
 Calculating Ion-Electron Stress (spline) ...  complete.     0.013 s
  
 Calculating Ion-Ion Stress ...                complete.     0.003 s
  
 ------------------------------------------------------------------------------
                         LATTICE VECTORS (Angstrom)
 LAT 1           2.805800        0.000000        0.000000
 LAT 2           1.402900        2.429894        0.000000
 LAT 3           0.000000        0.000000       50.402563
 ------------------------------------------------------------------------------
                                STRESS (GPa)
 ST_GPa 1       -0.042662        0.077415        0.000002
 ST_GPa 2        0.077415       -0.132053        0.000001
 ST_GPa 3        0.000002        0.000001       -0.411103
  
 --------------------------------------------------
 STRESS (a.u.)
 --------------------------------------------------
 ST_AU  1  -1.4500647183E-06   2.6312891093E-06   6.9299603972E-11
 ST_AU  2   2.6312891093E-06  -4.4883759434E-06   2.9221152639E-11
 ST_AU  3   6.9299603972E-11   2.9221152639E-11  -1.3973118650E-05
; Cell optimization at step  2, max(stress):  0.1397E-04, total energy:  -46.839277    ;
  dV of each real space grid is now    4.9300147092120494E-002
 Cell length (Bohr)    5.302E+00   5.302E+00   9.525E+01
 Angle     (Degree)    9.000E+01   9.000E+01   6.000E+01
 Volume    (Bohr^3)    2.319E+03
  dV of each real space grid is now    4.9300147092120494E-002
 Cell length (Bohr)    5.302E+00   5.302E+00   9.525E+01
 Angle     (Degree)    9.000E+01   9.000E+01   6.000E+01
 Volume    (Bohr^3)    2.319E+03

 ------------------------------------------------------------------------------
                           SETUP EWALD 
 (Ewald) eta                             :   0.6867    
 (Ewald) Real Space Cutoff               :    7.519     (Bohr)
 (Ewald) Reciprocal Cutoff               :    7.703     (1/Bohr)

 ------------------------------------------------------------------------------
                           SETUP PLANE WAVE 

 ------------------------------------------------------------------------------
                           INITIALIZING WGC KERNEL
 Fermi vector :   0.94453155005948741     
 Reference density :    2.8459574813602197E-002
 Dimension of KEDF Kernel :            8          14         240

 ------------------------------------------------------------------------------
                           REFRESH ION POSITIONS
  
 Calculating Ion-Ion Energy ...                   complete.     0.005 s
  
 Calculating Ion-Electron Potential (spline) ... 
 complete.     0.005 s
 Rescale the total density from   3.253977 to         66

 ------------------------------------------------------------------------------
                           DENSITY OPTIMIZATION
 Electron number for spin            1  is    66.000000000000028     
 Cell Volume      :           343.652036 Angstrom^3
 Ion number       :                   22
 Electron number  :            66.000000
 Ion density      :             0.064018 Ion/Angstrom^3
 Electron density :             0.192055 Electron/Angstrom^3
  
 Calculating Ion-Ion Forces ...                complete.     0.009 s
  
 Calculating Ion-Electron Forces (spline) ...  complete.     0.005 s
  ------ ION (GRADIENT METHOD) STEP            1  ------
  
 Calculating Ion-Electron Stress (spline) ...  complete.     0.007 s
  
 Calculating Ion-Ion Stress ...                complete.     0.003 s
  
 ------------------------------------------------------------------------------
                         LATTICE VECTORS (Angstrom)
 LAT 1           2.805800        0.000000        0.000000
 LAT 2           1.402900        2.429894        0.000000
 LAT 3           0.000000        0.000000       50.405155
 ------------------------------------------------------------------------------
                                STRESS (GPa)
 ST_GPa 1       -0.040171        0.077333        0.000002
 ST_GPa 2        0.077333       -0.129466        0.000001
 ST_GPa 3        0.000002        0.000001       -0.403565
  
 --------------------------------------------------
 STRESS (a.u.)
 --------------------------------------------------
 ST_AU  1  -1.3653763769E-06   2.6284859119E-06   6.9250960165E-11
 ST_AU  2   2.6284859119E-06  -4.4004507675E-06   2.9189769858E-11
 ST_AU  3   6.9250960165E-11   2.9189769858E-11  -1.3716912008E-05
; Cell optimization at step  3, max(stress):  0.1372E-04, total energy:  -46.839279    ;
  dV of each real space grid is now    4.9303133961147924E-002
 Cell length (Bohr)    5.302E+00   5.302E+00   9.526E+01
 Angle     (Degree)    9.000E+01   9.000E+01   6.000E+01
 Volume    (Bohr^3)    2.319E+03
  dV of each real space grid is now    4.9303133961147924E-002
 Cell length (Bohr)    5.302E+00   5.302E+00   9.526E+01
 Angle     (Degree)    9.000E+01   9.000E+01   6.000E+01
 Volume    (Bohr^3)    2.319E+03

 ------------------------------------------------------------------------------
                           SETUP EWALD 
 (Ewald) eta                             :   0.6867    
 (Ewald) Real Space Cutoff               :    7.519     (Bohr)
 (Ewald) Reciprocal Cutoff               :    7.703     (1/Bohr)

 ------------------------------------------------------------------------------
                           SETUP PLANE WAVE 

 ------------------------------------------------------------------------------
                           INITIALIZING WGC KERNEL
 Fermi vector :   0.94451247588996745     
 Reference density :    2.8457850683395552E-002
 Dimension of KEDF Kernel :            8          14         240

 ------------------------------------------------------------------------------
                           REFRESH ION POSITIONS
  
 Calculating Ion-Ion Energy ...                   complete.     0.004 s
  
 Calculating Ion-Electron Potential (spline) ... 
 complete.     0.005 s
 Rescale the total density from   3.254204 to         66

 ------------------------------------------------------------------------------
                           DENSITY OPTIMIZATION
 Electron number for spin            1  is    65.999999999999247     
 Cell Volume      :           343.672856 Angstrom^3
 Ion number       :                   22
 Electron number  :            66.000000
 Ion density      :             0.064014 Ion/Angstrom^3
 Electron density :             0.192043 Electron/Angstrom^3
  
 Calculating Ion-Ion Forces ...                complete.     0.005 s
  
 Calculating Ion-Electron Forces (spline) ...  complete.     0.004 s
  ------ ION (GRADIENT METHOD) STEP            1  ------
  
 Calculating Ion-Electron Stress (spline) ...  complete.     0.007 s
  
 Calculating Ion-Ion Stress ...                complete.     0.003 s
  
 ------------------------------------------------------------------------------
                         LATTICE VECTORS (Angstrom)
 LAT 1           2.805800        0.000000        0.000000
 LAT 2           1.402900        2.429894        0.000000
 LAT 3           0.000000        0.000000       50.408209
 ------------------------------------------------------------------------------
                                STRESS (GPa)
 ST_GPa 1       -0.037222        0.077236        0.000002
 ST_GPa 2        0.077236       -0.126404        0.000001
 ST_GPa 3        0.000002        0.000001       -0.394685
  
 --------------------------------------------------
 STRESS (a.u.)
 --------------------------------------------------
 ST_AU  1  -1.2651397553E-06   2.6251832546E-06   6.9224209711E-11
 ST_AU  2   2.6251832546E-06  -4.2964005400E-06   2.9178624928E-11
 ST_AU  3   6.9224209711E-11   2.9178624928E-11  -1.3415066633E-05
; Cell optimization at step  4, max(stress):  0.1342E-04, total energy:  -46.839281    ;
  dV of each real space grid is now    4.9306639331482376E-002
 Cell length (Bohr)    5.302E+00   5.302E+00   9.526E+01
 Angle     (Degree)    9.000E+01   9.000E+01   6.000E+01
 Volume    (Bohr^3)    2.319E+03
  dV of each real space grid is now    4.9306639331482376E-002
 Cell length (Bohr)    5.302E+00   5.302E+00   9.526E+01
 Angle     (Degree)    9.000E+01   9.000E+01   6.000E+01
 Volume    (Bohr^3)    2.319E+03

 ------------------------------------------------------------------------------
                           SETUP EWALD 
 (Ewald) eta                             :   0.6867    
 (Ewald) Real Space Cutoff               :    7.519     (Bohr)
 (Ewald) Reciprocal Cutoff               :    7.703     (1/Bohr)

 ------------------------------------------------------------------------------
                           SETUP PLANE WAVE 

 ------------------------------------------------------------------------------
                           INITIALIZING WGC KERNEL
 Fermi vector :   0.94449009253198846     
 Reference density :    2.8455827521668850E-002
 Dimension of KEDF Kernel :            8          14         240

 ------------------------------------------------------------------------------
                           REFRESH ION POSITIONS
  
 Calculating Ion-Ion Energy ...                   complete.     0.005 s
  
 Calculating Ion-Electron Potential (spline) ... 
 complete.     0.005 s
 Rescale the total density from   3.254470 to         66

 ------------------------------------------------------------------------------
                           DENSITY OPTIMIZATION
 Electron number for spin            1  is    65.999999999999289     
 Cell Volume      :           343.697291 Angstrom^3
 Ion number       :                   22
 Electron number  :            66.000000
 Ion density      :             0.064010 Ion/Angstrom^3
 Electron density :             0.192029 Electron/Angstrom^3
  
 Calculating Ion-Ion Forces ...                complete.     0.005 s
  
 Calculating Ion-Electron Forces (spline) ...  complete.     0.003 s
  ------ ION (GRADIENT METHOD) STEP            1  ------
  
 Calculating Ion-Electron Stress (spline) ...  complete.     0.007 s
  
 Calculating Ion-Ion Stress ...                complete.     0.003 s
  
 ------------------------------------------------------------------------------
                         LATTICE VECTORS (Angstrom)
 LAT 1           2.805800        0.000000        0.000000
 LAT 2           1.402900        2.429894        0.000000
 LAT 3           0.000000        0.000000       50.411793
 ------------------------------------------------------------------------------
                                STRESS (GPa)
 ST_GPa 1       -0.033776        0.077122        0.000002
 ST_GPa 2        0.077122       -0.122827        0.000001
 ST_GPa 3        0.000002        0.000001       -0.384291
  
 --------------------------------------------------
 STRESS (a.u.)
 --------------------------------------------------
 ST_AU  1  -1.1480211374E-06   2.6213127317E-06   6.9155138979E-11
 ST_AU  2   2.6213127317E-06  -4.1748126935E-06   2.9143097541E-11
 ST_AU  3   6.9155138979E-11   2.9143097541E-11  -1.3061775267E-05
; Cell optimization at step  5, max(stress):  0.1306E-04, total energy:  -46.839283    ;
  dV of each real space grid is now    4.9310734997418552E-002
 Cell length (Bohr)    5.302E+00   5.302E+00   9.527E+01
 Angle     (Degree)    9.000E+01   9.000E+01   6.000E+01
 Volume    (Bohr^3)    2.320E+03
  dV of each real space grid is now    4.9310734997418552E-002
 Cell length (Bohr)    5.302E+00   5.302E+00   9.527E+01
 Angle     (Degree)    9.000E+01   9.000E+01   6.000E+01
 Volume    (Bohr^3)    2.320E+03

 ------------------------------------------------------------------------------
                           SETUP EWALD 
 (Ewald) eta                             :   0.6867    
 (Ewald) Real Space Cutoff               :    7.519     (Bohr)
 (Ewald) Reciprocal Cutoff               :    7.703     (1/Bohr)

 ------------------------------------------------------------------------------
                           SETUP PLANE WAVE 

 ------------------------------------------------------------------------------
                           INITIALIZING WGC KERNEL
 Fermi vector :   0.94446394256009580     
 Reference density :    2.8453464028943130E-002
 Dimension of KEDF Kernel :            8          14         240

 ------------------------------------------------------------------------------
                           REFRESH ION POSITIONS
  
 Calculating Ion-Ion Energy ...                   complete.     0.004 s
  
 Calculating Ion-Electron Potential (spline) ... 
 complete.     0.005 s
 Rescale the total density from   3.254779 to         66

 ------------------------------------------------------------------------------
                           DENSITY OPTIMIZATION
 Electron number for spin            1  is    66.000000000000085     
 Cell Volume      :           343.725840 Angstrom^3
 Ion number       :                   22
 Electron number  :            66.000000
 Ion density      :             0.064004 Ion/Angstrom^3
 Electron density :             0.192013 Electron/Angstrom^3
  
 Calculating Ion-Ion Forces ...                complete.     0.005 s
  
 Calculating Ion-Electron Forces (spline) ...  complete.     0.003 s
  ------ ION (GRADIENT METHOD) STEP            1  ------
  
 Calculating Ion-Electron Stress (spline) ...  complete.     0.006 s
  
 Calculating Ion-Ion Stress ...                complete.     0.003 s
  
 ------------------------------------------------------------------------------
                         LATTICE VECTORS (Angstrom)
 LAT 1           2.805800        0.000000        0.000000
 LAT 2           1.402900        2.429894        0.000000
 LAT 3           0.000000        0.000000       50.415981
 ------------------------------------------------------------------------------
                                STRESS (GPa)
 ST_GPa 1       -0.029765        0.076988        0.000002
 ST_GPa 2        0.076988       -0.118662        0.000001
 ST_GPa 3        0.000002        0.000001       -0.372106
  
 --------------------------------------------------
 STRESS (a.u.)
 --------------------------------------------------
 ST_AU  1  -1.0116853598E-06   2.6167849761E-06   6.9100335748E-11
 ST_AU  2   2.6167849761E-06  -4.0332487512E-06   2.9116613995E-11
 ST_AU  3   6.9100335748E-11   2.9116613995E-11  -1.2647614121E-05
; Cell optimization at step  6, max(stress):  0.1265E-04, total energy:  -46.839285    ;
  dV of each real space grid is now    4.9315493958702460E-002
 Cell length (Bohr)    5.302E+00   5.302E+00   9.528E+01
 Angle     (Degree)    9.000E+01   9.000E+01   6.000E+01
 Volume    (Bohr^3)    2.320E+03
  dV of each real space grid is now    4.9315493958702460E-002
 Cell length (Bohr)    5.302E+00   5.302E+00   9.528E+01
 Angle     (Degree)    9.000E+01   9.000E+01   6.000E+01
 Volume    (Bohr^3)    2.320E+03

 ------------------------------------------------------------------------------
                           SETUP EWALD 
 (Ewald) eta                             :   0.6867    
 (Ewald) Real Space Cutoff               :    7.519     (Bohr)
 (Ewald) Reciprocal Cutoff               :    7.703     (1/Bohr)

 ------------------------------------------------------------------------------
                           SETUP PLANE WAVE 

 ------------------------------------------------------------------------------
                           INITIALIZING WGC KERNEL
 Fermi vector :   0.94443356122309885     
 Reference density :    2.8450718260365406E-002
 Dimension of KEDF Kernel :            8          14         240

 ------------------------------------------------------------------------------
                           REFRESH ION POSITIONS
  
 Calculating Ion-Ion Energy ...                   complete.     0.004 s
  
 Calculating Ion-Electron Potential (spline) ... 
 complete.     0.005 s
 Rescale the total density from   3.255137 to         66

 ------------------------------------------------------------------------------
                           DENSITY OPTIMIZATION
 Electron number for spin            1  is    66.000000000000711     
 Cell Volume      :           343.759013 Angstrom^3
 Ion number       :                   22
 Electron number  :            66.000000
 Ion density      :             0.063998 Ion/Angstrom^3
 Electron density :             0.191995 Electron/Angstrom^3
  
 Calculating Ion-Ion Forces ...                complete.     0.005 s
  
 Calculating Ion-Electron Forces (spline) ...  complete.     0.003 s
  ------ ION (GRADIENT METHOD) STEP            1  ------
  
 Calculating Ion-Electron Stress (spline) ...  complete.     0.006 s
  
 Calculating Ion-Ion Stress ...                complete.     0.003 s
  
 ------------------------------------------------------------------------------
                         LATTICE VECTORS (Angstrom)
 LAT 1           2.805800        0.000000        0.000000
 LAT 2           1.402900        2.429894        0.000000
 LAT 3           0.000000        0.000000       50.420846
 ------------------------------------------------------------------------------
                                STRESS (GPa)
 ST_GPa 1       -0.025068        0.076834        0.000002
 ST_GPa 2        0.076834       -0.113787        0.000001
 ST_GPa 3        0.000002        0.000001       -0.358022
  
 --------------------------------------------------
 STRESS (a.u.)
 --------------------------------------------------
 ST_AU  1  -8.5205571636E-07   2.6115356808E-06   6.9081909496E-11
 ST_AU  2   2.6115356808E-06  -3.8675577064E-06   2.9098264542E-11
 ST_AU  3   6.9081909496E-11   2.9098264542E-11  -1.2168914891E-05
; Cell optimization at step  7, max(stress):  0.1217E-04, total energy:  -46.839288    ;
  dV of each real space grid is now    4.9320988566075613E-002
 Cell length (Bohr)    5.302E+00   5.302E+00   9.529E+01
 Angle     (Degree)    9.000E+01   9.000E+01   6.000E+01
 Volume    (Bohr^3)    2.320E+03
  dV of each real space grid is now    4.9320988566075613E-002
 Cell length (Bohr)    5.302E+00   5.302E+00   9.529E+01
 Angle     (Degree)    9.000E+01   9.000E+01   6.000E+01
 Volume    (Bohr^3)    2.320E+03

 ------------------------------------------------------------------------------
                           SETUP EWALD 
 (Ewald) eta                             :   0.6867    
 (Ewald) Real Space Cutoff               :    7.519     (Bohr)
 (Ewald) Reciprocal Cutoff               :    7.703     (1/Bohr)

 ------------------------------------------------------------------------------
                           SETUP PLANE WAVE 

 ------------------------------------------------------------------------------
                           INITIALIZING WGC KERNEL
 Fermi vector :   0.94439848836347595     
 Reference density :    2.8447548706573605E-002
 Dimension of KEDF Kernel :            8          14         240

 ------------------------------------------------------------------------------
                           REFRESH ION POSITIONS
  
 Calculating Ion-Ion Energy ...                   complete.     0.004 s
  
 Calculating Ion-Electron Potential (spline) ... 
 complete.     0.005 s
 Rescale the total density from   3.255548 to         66

 ------------------------------------------------------------------------------
                           DENSITY OPTIMIZATION
 Electron number for spin            1  is    66.000000000000185     
 Cell Volume      :           343.797314 Angstrom^3
 Ion number       :                   22
 Electron number  :            66.000000
 Ion density      :             0.063991 Ion/Angstrom^3
 Electron density :             0.191974 Electron/Angstrom^3
  
 Calculating Ion-Ion Forces ...                complete.     0.005 s
  
 Calculating Ion-Electron Forces (spline) ...  complete.     0.003 s
  ------ ION (GRADIENT METHOD) STEP            1  ------
  
 Calculating Ion-Electron Stress (spline) ...  complete.     0.006 s
  
 Calculating Ion-Ion Stress ...                complete.     0.003 s
  
 ------------------------------------------------------------------------------
                         LATTICE VECTORS (Angstrom)
 LAT 1           2.805800        0.000000        0.000000
 LAT 2           1.402900        2.429894        0.000000
 LAT 3           0.000000        0.000000       50.426464
 ------------------------------------------------------------------------------
                                STRESS (GPa)
 ST_GPa 1       -0.019699        0.076656        0.000002
 ST_GPa 2        0.076656       -0.108212        0.000001
 ST_GPa 3        0.000002        0.000001       -0.341705
  
 --------------------------------------------------
 STRESS (a.u.)
 --------------------------------------------------
 ST_AU  1  -6.6955748737E-07   2.6054683494E-06   6.8996981262E-11
 ST_AU  2   2.6054683494E-06  -3.6780535463E-06   2.9070684528E-11
 ST_AU  3   6.8996981262E-11   2.9070684528E-11  -1.1614317607E-05
; Cell optimization at step  8, max(stress):  0.1161E-04, total energy:  -46.839291    ;
  dV of each real space grid is now    4.9327281595394838E-002
 Cell length (Bohr)    5.302E+00   5.302E+00   9.530E+01
 Angle     (Degree)    9.000E+01   9.000E+01   6.000E+01
 Volume    (Bohr^3)    2.320E+03
  dV of each real space grid is now    4.9327281595394838E-002
 Cell length (Bohr)    5.302E+00   5.302E+00   9.530E+01
 Angle     (Degree)    9.000E+01   9.000E+01   6.000E+01
 Volume    (Bohr^3)    2.320E+03

 ------------------------------------------------------------------------------
                           SETUP EWALD 
 (Ewald) eta                             :   0.6867    
 (Ewald) Real Space Cutoff               :    7.519     (Bohr)
 (Ewald) Reciprocal Cutoff               :    7.703     (1/Bohr)

 ------------------------------------------------------------------------------
                           SETUP PLANE WAVE 

 ------------------------------------------------------------------------------
                           INITIALIZING WGC KERNEL
 Fermi vector :   0.94435832546282839     
 Reference density :    2.8443919452086422E-002
 Dimension of KEDF Kernel :            8          14         240

 ------------------------------------------------------------------------------
                           REFRESH ION POSITIONS
  
 Calculating Ion-Ion Energy ...                   complete.     0.005 s
  
 Calculating Ion-Electron Potential (spline) ... 
 complete.     0.005 s
 Rescale the total density from   3.256016 to         66

 ------------------------------------------------------------------------------
                           DENSITY OPTIMIZATION
 Electron number for spin            1  is    66.000000000000995     
 Cell Volume      :           343.841180 Angstrom^3
 Ion number       :                   22
 Electron number  :            66.000000
 Ion density      :             0.063983 Ion/Angstrom^3
 Electron density :             0.191949 Electron/Angstrom^3
  
 Calculating Ion-Ion Forces ...                complete.     0.007 s
  
 Calculating Ion-Electron Forces (spline) ...  complete.     0.004 s
  ------ ION (GRADIENT METHOD) STEP            1  ------
  
 Calculating Ion-Electron Stress (spline) ...  complete.     0.007 s
  
 Calculating Ion-Ion Stress ...                complete.     0.003 s
  
 ------------------------------------------------------------------------------
                         LATTICE VECTORS (Angstrom)
 LAT 1           2.805800        0.000000        0.000000
 LAT 2           1.402900        2.429894        0.000000
 LAT 3           0.000000        0.000000       50.432898
 ------------------------------------------------------------------------------
                                STRESS (GPa)
 ST_GPa 1       -0.013531        0.076451        0.000002
 ST_GPa 2        0.076451       -0.101808        0.000001
 ST_GPa 3        0.000002        0.000001       -0.322966
  
 --------------------------------------------------
 STRESS (a.u.)
 --------------------------------------------------
 ST_AU  1  -4.5991489088E-07   2.5985038859E-06   6.9012016794E-11
 ST_AU  2   2.5985038859E-06  -3.4603690915E-06   2.9084735615E-11
 ST_AU  3   6.9012016794E-11   2.9084735615E-11  -1.0977381725E-05
; Cell optimization at step  9, max(stress):  0.1098E-04, total energy:  -46.839295    ;
  dV of each real space grid is now    4.9334419094545098E-002
 Cell length (Bohr)    5.302E+00   5.302E+00   9.532E+01
 Angle     (Degree)    9.000E+01   9.000E+01   6.000E+01
 Volume    (Bohr^3)    2.321E+03
  dV of each real space grid is now    4.9334419094545098E-002
 Cell length (Bohr)    5.302E+00   5.302E+00   9.532E+01
 Angle     (Degree)    9.000E+01   9.000E+01   6.000E+01
 Volume    (Bohr^3)    2.321E+03

 ------------------------------------------------------------------------------
                           SETUP EWALD 
 (Ewald) eta                             :   0.6867    
 (Ewald) Real Space Cutoff               :    7.519     (Bohr)
 (Ewald) Reciprocal Cutoff               :    7.703     (1/Bohr)

 ------------------------------------------------------------------------------
                           SETUP PLANE WAVE 

 ------------------------------------------------------------------------------
                           INITIALIZING WGC KERNEL
 Fermi vector :   0.94431278131771301     
 Reference density :    2.8439804303785392E-002
 Dimension of KEDF Kernel :            8          14         240

 ------------------------------------------------------------------------------
                           REFRESH ION POSITIONS
  
 Calculating Ion-Ion Energy ...                   complete.     0.005 s
  
 Calculating Ion-Electron Potential (spline) ... 
 complete.     0.005 s
 Rescale the total density from   3.256543 to         66

 ------------------------------------------------------------------------------
                           DENSITY OPTIMIZATION
 Electron number for spin            1  is    66.000000000000014     
 Cell Volume      :           343.890933 Angstrom^3
 Ion number       :                   22
 Electron number  :            66.000000
 Ion density      :             0.063974 Ion/Angstrom^3
 Electron density :             0.191921 Electron/Angstrom^3
  
 Calculating Ion-Ion Forces ...                complete.     0.005 s
  
 Calculating Ion-Electron Forces (spline) ...  complete.     0.003 s
  ------ ION (GRADIENT METHOD) STEP            1  ------
  
 Calculating Ion-Electron Stress (spline) ...  complete.     0.007 s
  
 Calculating Ion-Ion Stress ...                complete.     0.003 s
  
 ------------------------------------------------------------------------------
                         LATTICE VECTORS (Angstrom)
 LAT 1           2.805800        0.000000        0.000000
 LAT 2           1.402900        2.429894        0.000000
 LAT 3           0.000000        0.000000       50.440196
 ------------------------------------------------------------------------------
                                STRESS (GPa)
 ST_GPa 1       -0.006513        0.076220        0.000002
 ST_GPa 2        0.076220       -0.094524        0.000001
 ST_GPa 3        0.000002        0.000001       -0.302007
  
 --------------------------------------------------
 STRESS (a.u.)
 --------------------------------------------------
 ST_AU  1  -2.2138843105E-07   2.5906713733E-06   6.8813351178E-11
 ST_AU  2   2.5906713733E-06  -3.2127984375E-06   2.8980352049E-11
 ST_AU  3   6.8813351178E-11   2.8980352049E-11  -1.0265022620E-05
; Cell optimization at step 10, max(stress):  0.1027E-04, total energy:  -46.839298    ;
  dV of each real space grid is now    4.9342428282025223E-002
 Cell length (Bohr)    5.302E+00   5.302E+00   9.533E+01
 Angle     (Degree)    9.000E+01   9.000E+01   6.000E+01
 Volume    (Bohr^3)    2.321E+03
  dV of each real space grid is now    4.9342428282025223E-002
 Cell length (Bohr)    5.302E+00   5.302E+00   9.533E+01
 Angle     (Degree)    9.000E+01   9.000E+01   6.000E+01
 Volume    (Bohr^3)    2.321E+03

 ------------------------------------------------------------------------------
                           SETUP EWALD 
 (Ewald) eta                             :   0.6867    
 (Ewald) Real Space Cutoff               :    7.519     (Bohr)
 (Ewald) Reciprocal Cutoff               :    7.703     (1/Bohr)

 ------------------------------------------------------------------------------
                           SETUP PLANE WAVE 

 ------------------------------------------------------------------------------
                           INITIALIZING WGC KERNEL
 Fermi vector :   0.94426168541762456     
 Reference density :    2.8435187998254882E-002
 Dimension of KEDF Kernel :            8          14         240

 ------------------------------------------------------------------------------
                           REFRESH ION POSITIONS
  
 Calculating Ion-Ion Energy ...                   complete.     0.005 s
  
 Calculating Ion-Electron Potential (spline) ... 
 complete.     0.005 s
 Rescale the total density from   3.257129 to         66

 ------------------------------------------------------------------------------
                           DENSITY OPTIMIZATION
 Electron number for spin            1  is    65.999999999999659     
 Cell Volume      :           343.946762 Angstrom^3
 Ion number       :                   22
 Electron number  :            66.000000
 Ion density      :             0.063963 Ion/Angstrom^3
 Electron density :             0.191890 Electron/Angstrom^3
  
 Calculating Ion-Ion Forces ...                complete.     0.006 s
  
 Calculating Ion-Electron Forces (spline) ...  complete.     0.003 s
  ------ ION (GRADIENT METHOD) STEP            1  ------
  
 Calculating Ion-Electron Stress (spline) ...  complete.     0.006 s
  
 Calculating Ion-Ion Stress ...                complete.     0.003 s
  
 ------------------------------------------------------------------------------
                         LATTICE VECTORS (Angstrom)
 LAT 1           2.805800        0.000000        0.000000
 LAT 2           1.402900        2.429894        0.000000
 LAT 3           0.000000        0.000000       50.448384
 ------------------------------------------------------------------------------
                                STRESS (GPa)
 ST_GPa 1        0.001323        0.075961        0.000002
 ST_GPa 2        0.075961       -0.086388        0.000001
 ST_GPa 3        0.000002        0.000001       -0.278357
  
 --------------------------------------------------
 STRESS (a.u.)
 --------------------------------------------------
 ST_AU  1   4.4961079165E-08   2.5818618692E-06   6.8725816598E-11
 ST_AU  2   2.5818618692E-06  -2.9362767115E-06   2.8919319244E-11
 ST_AU  3   6.8725816598E-11   2.8919319244E-11  -9.4611808434E-06
; Cell optimization at step 11, max(stress):  0.9461E-05, total energy:  -46.839302    ;
  dV of each real space grid is now    4.9351286679006082E-002
 Cell length (Bohr)    5.302E+00   5.302E+00   9.535E+01
 Angle     (Degree)    9.000E+01   9.000E+01   6.000E+01
 Volume    (Bohr^3)    2.321E+03
  dV of each real space grid is now    4.9351286679006082E-002
 Cell length (Bohr)    5.302E+00   5.302E+00   9.535E+01
 Angle     (Degree)    9.000E+01   9.000E+01   6.000E+01
 Volume    (Bohr^3)    2.321E+03

 ------------------------------------------------------------------------------
                           SETUP EWALD 
 (Ewald) eta                             :   0.6867    
 (Ewald) Real Space Cutoff               :    7.519     (Bohr)
 (Ewald) Reciprocal Cutoff               :    7.703     (1/Bohr)

 ------------------------------------------------------------------------------
                           SETUP PLANE WAVE 

 ------------------------------------------------------------------------------
                           INITIALIZING WGC KERNEL
 Fermi vector :   0.94420518472668236     
 Reference density :    2.8430083973609035E-002
 Dimension of KEDF Kernel :            8          14         240

 ------------------------------------------------------------------------------
                           REFRESH ION POSITIONS
  
 Calculating Ion-Ion Energy ...                   complete.     0.004 s
  
 Calculating Ion-Electron Potential (spline) ... 
 complete.     0.005 s
 Rescale the total density from   3.257770 to         66

 ------------------------------------------------------------------------------
                           DENSITY OPTIMIZATION
 Electron number for spin            1  is    65.999999999999631     
 Cell Volume      :           344.008510 Angstrom^3
 Ion number       :                   22
 Electron number  :            66.000000
 Ion density      :             0.063952 Ion/Angstrom^3
 Electron density :             0.191856 Electron/Angstrom^3
  
 Calculating Ion-Ion Forces ...                complete.     0.005 s
  
 Calculating Ion-Electron Forces (spline) ...  complete.     0.003 s
  ------ ION (GRADIENT METHOD) STEP            1  ------
  
 Calculating Ion-Electron Stress (spline) ...  complete.     0.007 s
  
 Calculating Ion-Ion Stress ...                complete.     0.003 s
  
 ------------------------------------------------------------------------------
                         LATTICE VECTORS (Angstrom)
 LAT 1           2.805800        0.000000        0.000000
 LAT 2           1.402900        2.429894        0.000000
 LAT 3           0.000000        0.000000       50.457441
 ------------------------------------------------------------------------------
                                STRESS (GPa)
 ST_GPa 1        0.009922        0.075675        0.000002
 ST_GPa 2        0.075675       -0.077459        0.000001
 ST_GPa 3        0.000002        0.000001       -0.252178
  
 --------------------------------------------------
 STRESS (a.u.)
 --------------------------------------------------
 ST_AU  1   3.3722621487E-07   2.5721281557E-06   6.8633775987E-11
 ST_AU  2   2.5721281557E-06  -2.6327722332E-06   2.8856867633E-11
 ST_AU  3   6.8633775987E-11   2.8856867633E-11  -8.5713467185E-06
; Cell optimization at step 12, max(stress):  0.8571E-05, total energy:  -46.839306    ;
  dV of each real space grid is now    4.9360916985389545E-002
 Cell length (Bohr)    5.302E+00   5.302E+00   9.537E+01
 Angle     (Degree)    9.000E+01   9.000E+01   6.000E+01
 Volume    (Bohr^3)    2.322E+03
  dV of each real space grid is now    4.9360916985389545E-002
 Cell length (Bohr)    5.302E+00   5.302E+00   9.537E+01
 Angle     (Degree)    9.000E+01   9.000E+01   6.000E+01
 Volume    (Bohr^3)    2.322E+03

 ------------------------------------------------------------------------------
                           SETUP EWALD 
 (Ewald) eta                             :   0.6867    
 (Ewald) Real Space Cutoff               :    7.519     (Bohr)
 (Ewald) Reciprocal Cutoff               :    7.703     (1/Bohr)

 ------------------------------------------------------------------------------
                           SETUP PLANE WAVE 

 ------------------------------------------------------------------------------
                           INITIALIZING WGC KERNEL
 Fermi vector :   0.94414377597671140     
 Reference density :    2.8424537269133219E-002
 Dimension of KEDF Kernel :            8          14         240

 ------------------------------------------------------------------------------
                           REFRESH ION POSITIONS
  
 Calculating Ion-Ion Energy ...                   complete.     0.004 s
  
 Calculating Ion-Electron Potential (spline) ... 
 complete.     0.005 s
 Rescale the total density from   3.258456 to         66

 ------------------------------------------------------------------------------
                           DENSITY OPTIMIZATION
 Electron number for spin            1  is    66.000000000000455     
 Cell Volume      :           344.075639 Angstrom^3
 Ion number       :                   22
 Electron number  :            66.000000
 Ion density      :             0.063939 Ion/Angstrom^3
 Electron density :             0.191818 Electron/Angstrom^3
  
 Calculating Ion-Ion Forces ...                complete.     0.006 s
  
 Calculating Ion-Electron Forces (spline) ...  complete.     0.003 s
  ------ ION (GRADIENT METHOD) STEP            1  ------
  
 Calculating Ion-Electron Stress (spline) ...  complete.     0.006 s
  
 Calculating Ion-Ion Stress ...                complete.     0.003 s
  
 ------------------------------------------------------------------------------
                         LATTICE VECTORS (Angstrom)
 LAT 1           2.805800        0.000000        0.000000
 LAT 2           1.402900        2.429894        0.000000
 LAT 3           0.000000        0.000000       50.467287
 ------------------------------------------------------------------------------
                                STRESS (GPa)
 ST_GPa 1        0.019316        0.075364        0.000002
 ST_GPa 2        0.075364       -0.067706        0.000001
 ST_GPa 3        0.000002        0.000001       -0.223837
  
 --------------------------------------------------
 STRESS (a.u.)
 --------------------------------------------------
 ST_AU  1   6.5653300566E-07   2.5615807957E-06   6.8488710519E-11
 ST_AU  2   2.5615807957E-06  -2.3012862807E-06   2.8804785674E-11
 ST_AU  3   6.8488710519E-11   2.8804785674E-11  -7.6080819038E-06
; Cell optimization at step 13, max(stress):  0.7608E-05, total energy:  -46.839309    ;
  dV of each real space grid is now    4.9371174625706366E-002
 Cell length (Bohr)    5.302E+00   5.302E+00   9.539E+01
 Angle     (Degree)    9.000E+01   9.000E+01   6.000E+01
 Volume    (Bohr^3)    2.322E+03
  dV of each real space grid is now    4.9371174625706366E-002
 Cell length (Bohr)    5.302E+00   5.302E+00   9.539E+01
 Angle     (Degree)    9.000E+01   9.000E+01   6.000E+01
 Volume    (Bohr^3)    2.322E+03

 ------------------------------------------------------------------------------
                           SETUP EWALD 
 (Ewald) eta                             :   0.6867    
 (Ewald) Real Space Cutoff               :    7.519     (Bohr)
 (Ewald) Reciprocal Cutoff               :    7.703     (1/Bohr)

 ------------------------------------------------------------------------------
                           SETUP PLANE WAVE 

 ------------------------------------------------------------------------------
                           INITIALIZING WGC KERNEL
 Fermi vector :   0.94407838452695880     
 Reference density :    2.8418631623142631E-002
 Dimension of KEDF Kernel :            8          14         240

 ------------------------------------------------------------------------------
                           REFRESH ION POSITIONS
  
 Calculating Ion-Ion Energy ...                   complete.     0.004 s
  
 Calculating Ion-Electron Potential (spline) ... 
 complete.     0.005 s
 Rescale the total density from   3.259175 to         66

 ------------------------------------------------------------------------------
                           DENSITY OPTIMIZATION
 Electron number for spin            1  is    66.000000000000611     
 Cell Volume      :           344.147141 Angstrom^3
 Ion number       :                   22
 Electron number  :            66.000000
 Ion density      :             0.063926 Ion/Angstrom^3
 Electron density :             0.191778 Electron/Angstrom^3
  
 Calculating Ion-Ion Forces ...                complete.     0.005 s
  
 Calculating Ion-Electron Forces (spline) ...  complete.     0.004 s
  ------ ION (GRADIENT METHOD) STEP            1  ------
  
 Calculating Ion-Electron Stress (spline) ...  complete.     0.006 s
  
 Calculating Ion-Ion Stress ...                complete.     0.003 s
  
 ------------------------------------------------------------------------------
                         LATTICE VECTORS (Angstrom)
 LAT 1           2.805800        0.000000        0.000000
 LAT 2           1.402900        2.429894        0.000000
 LAT 3           0.000000        0.000000       50.477775
 ------------------------------------------------------------------------------
                                STRESS (GPa)
 ST_GPa 1        0.029304        0.075033        0.000002
 ST_GPa 2        0.075033       -0.057336        0.000001
 ST_GPa 3        0.000002        0.000001       -0.193551
  
 --------------------------------------------------
 STRESS (a.u.)
 --------------------------------------------------
 ST_AU  1   9.9601088347E-07   2.5503177138E-06   6.8435385243E-11
 ST_AU  2   2.5503177138E-06  -1.9488032252E-06   2.8774404766E-11
 ST_AU  3   6.8435385243E-11   2.8774404766E-11  -6.5786817486E-06
; Cell optimization at step 14, max(stress):  0.6579E-05, total energy:  -46.839313    ;
  dV of each real space grid is now    4.9381818320449321E-002
 Cell length (Bohr)    5.302E+00   5.302E+00   9.541E+01
 Angle     (Degree)    9.000E+01   9.000E+01   6.000E+01
 Volume    (Bohr^3)    2.323E+03
  dV of each real space grid is now    4.9381818320449321E-002
 Cell length (Bohr)    5.302E+00   5.302E+00   9.541E+01
 Angle     (Degree)    9.000E+01   9.000E+01   6.000E+01
 Volume    (Bohr^3)    2.323E+03

 ------------------------------------------------------------------------------
                           SETUP EWALD 
 (Ewald) eta                             :   0.6867    
 (Ewald) Real Space Cutoff               :    7.519     (Bohr)
 (Ewald) Reciprocal Cutoff               :    7.703     (1/Bohr)

 ------------------------------------------------------------------------------
                           SETUP PLANE WAVE 

 ------------------------------------------------------------------------------
                           INITIALIZING WGC KERNEL
 Fermi vector :   0.94401055116566446     
 Reference density :    2.8412506307180257E-002
 Dimension of KEDF Kernel :            8          14         240

 ------------------------------------------------------------------------------
                           REFRESH ION POSITIONS
  
 Calculating Ion-Ion Energy ...                   complete.     0.005 s
  
 Calculating Ion-Electron Potential (spline) ... 
 complete.     0.009 s
 Rescale the total density from   3.259903 to         66

 ------------------------------------------------------------------------------
                           DENSITY OPTIMIZATION
 Electron number for spin            1  is    65.999999999999631     
 Cell Volume      :           344.221334 Angstrom^3
 Ion number       :                   22
 Electron number  :            66.000000
 Ion density      :             0.063912 Ion/Angstrom^3
 Electron density :             0.191737 Electron/Angstrom^3
  
 Calculating Ion-Ion Forces ...                complete.     0.005 s
  
 Calculating Ion-Electron Forces (spline) ...  complete.     0.003 s
  ------ ION (GRADIENT METHOD) STEP            1  ------
  
 Calculating Ion-Electron Stress (spline) ...  complete.     0.010 s
  
 Calculating Ion-Ion Stress ...                complete.     0.005 s
  
 ------------------------------------------------------------------------------
                         LATTICE VECTORS (Angstrom)
 LAT 1           2.805800        0.000000        0.000000
 LAT 2           1.402900        2.429894        0.000000
 LAT 3           0.000000        0.000000       50.488657
 ------------------------------------------------------------------------------
                                STRESS (GPa)
 ST_GPa 1        0.039657        0.074694        0.000002
 ST_GPa 2        0.074694       -0.046591        0.000001
 ST_GPa 3        0.000002        0.000001       -0.162543
  
 --------------------------------------------------
 STRESS (a.u.)
 --------------------------------------------------
 ST_AU  1   1.3479090198E-06   2.5388009399E-06   6.8273467765E-11
 ST_AU  2   2.5388009399E-06  -1.5836065718E-06   2.8716805150E-11
 ST_AU  3   6.8273467765E-11   2.8716805150E-11  -5.5247325588E-06
; Cell optimization at step 15, max(stress):  0.5525E-05, total energy:  -46.839316    ;
  dV of each real space grid is now    4.9392544524112479E-002
 Cell length (Bohr)    5.302E+00   5.302E+00   9.543E+01
 Angle     (Degree)    9.000E+01   9.000E+01   6.000E+01
 Volume    (Bohr^3)    2.323E+03
  dV of each real space grid is now    4.9392544524112479E-002
 Cell length (Bohr)    5.302E+00   5.302E+00   9.543E+01
 Angle     (Degree)    9.000E+01   9.000E+01   6.000E+01
 Volume    (Bohr^3)    2.323E+03

 ------------------------------------------------------------------------------
                           SETUP EWALD 
 (Ewald) eta                             :   0.6867    
 (Ewald) Real Space Cutoff               :    7.519     (Bohr)
 (Ewald) Reciprocal Cutoff               :    7.703     (1/Bohr)

 ------------------------------------------------------------------------------
                           SETUP PLANE WAVE 

 ------------------------------------------------------------------------------
                           INITIALIZING WGC KERNEL
 Fermi vector :   0.94394221168522874     
 Reference density :    2.8406336179033029E-002
 Dimension of KEDF Kernel :            8          14         240

 ------------------------------------------------------------------------------
                           REFRESH ION POSITIONS
  
 Calculating Ion-Ion Energy ...                   complete.     0.007 s
  
 Calculating Ion-Electron Potential (spline) ... 
 complete.     0.006 s
 Rescale the total density from   3.260616 to         66

 ------------------------------------------------------------------------------
                           DENSITY OPTIMIZATION
 Electron number for spin            1  is    66.000000000001165     
 Cell Volume      :           344.296102 Angstrom^3
 Ion number       :                   22
 Electron number  :            66.000000
 Ion density      :             0.063898 Ion/Angstrom^3
 Electron density :             0.191695 Electron/Angstrom^3
  
 Calculating Ion-Ion Forces ...                complete.     0.005 s
  
 Calculating Ion-Electron Forces (spline) ...  complete.     0.003 s
  ------ ION (GRADIENT METHOD) STEP            1  ------
  
 Calculating Ion-Electron Stress (spline) ...  complete.     0.007 s
  
 Calculating Ion-Ion Stress ...                complete.     0.003 s
  
 ------------------------------------------------------------------------------
                         LATTICE VECTORS (Angstrom)
 LAT 1           2.805800        0.000000        0.000000
 LAT 2           1.402900        2.429894        0.000000
 LAT 3           0.000000        0.000000       50.499624
 ------------------------------------------------------------------------------
                                STRESS (GPa)
 ST_GPa 1        0.049972        0.074349        0.000002
 ST_GPa 2        0.074349       -0.035878        0.000001
 ST_GPa 3        0.000002        0.000001       -0.130822
  
 --------------------------------------------------
 STRESS (a.u.)
 --------------------------------------------------
 ST_AU  1   1.6985094341E-06   2.5270792096E-06   6.8077681032E-11
 ST_AU  2   2.5270792096E-06  -1.2194709915E-06   2.8627433700E-11
 ST_AU  3   6.8077681032E-11   2.8627433700E-11  -4.4465456122E-06
; Cell optimization at step 16, max(stress):  0.4447E-05, total energy:  -46.839318    ;
  dV of each real space grid is now    4.9402904023688618E-002
 Cell length (Bohr)    5.302E+00   5.302E+00   9.545E+01
 Angle     (Degree)    9.000E+01   9.000E+01   6.000E+01
 Volume    (Bohr^3)    2.324E+03
  dV of each real space grid is now    4.9402904023688618E-002
 Cell length (Bohr)    5.302E+00   5.302E+00   9.545E+01
 Angle     (Degree)    9.000E+01   9.000E+01   6.000E+01
 Volume    (Bohr^3)    2.324E+03

 ------------------------------------------------------------------------------
                           SETUP EWALD 
 (Ewald) eta                             :   0.6867    
 (Ewald) Real Space Cutoff               :    7.519     (Bohr)
 (Ewald) Reciprocal Cutoff               :    7.703     (1/Bohr)

 ------------------------------------------------------------------------------
                           SETUP PLANE WAVE 

 ------------------------------------------------------------------------------
                           INITIALIZING WGC KERNEL
 Fermi vector :   0.94387622735541643     
 Reference density :    2.8400379536737963E-002
 Dimension of KEDF Kernel :            8          14         240

 ------------------------------------------------------------------------------
                           REFRESH ION POSITIONS
  
 Calculating Ion-Ion Energy ...                   complete.     0.005 s
  
 Calculating Ion-Electron Potential (spline) ... 
 complete.     0.005 s
 Rescale the total density from   3.261276 to         66

 ------------------------------------------------------------------------------
                           DENSITY OPTIMIZATION
 Electron number for spin            1  is    66.000000000000142     
 Cell Volume      :           344.368314 Angstrom^3
 Ion number       :                   22
 Electron number  :            66.000000
 Ion density      :             0.063885 Ion/Angstrom^3
 Electron density :             0.191655 Electron/Angstrom^3
  
 Calculating Ion-Ion Forces ...                complete.     0.005 s
  
 Calculating Ion-Electron Forces (spline) ...  complete.     0.003 s
  ------ ION (GRADIENT METHOD) STEP            1  ------
  
 Calculating Ion-Electron Stress (spline) ...  complete.     0.007 s
  
 Calculating Ion-Ion Stress ...                complete.     0.003 s
  
 ------------------------------------------------------------------------------
                         LATTICE VECTORS (Angstrom)
 LAT 1           2.805800        0.000000        0.000000
 LAT 2           1.402900        2.429894        0.000000
 LAT 3           0.000000        0.000000       50.510216
 ------------------------------------------------------------------------------
                                STRESS (GPa)
 ST_GPa 1        0.060092        0.074022        0.000002
 ST_GPa 2        0.074022       -0.025380        0.000001
 ST_GPa 3        0.000002        0.000001       -0.100870
  
 --------------------------------------------------
 STRESS (a.u.)
 --------------------------------------------------
 ST_AU  1   2.0424969721E-06   2.5159528846E-06   6.8040536918E-11
 ST_AU  2   2.5159528846E-06  -8.6263608129E-07   2.8596306744E-11
 ST_AU  3   6.8040536918E-11   2.8596306744E-11  -3.4285131939E-06
; Cell optimization at step 17, max(stress):  0.3429E-05, total energy:  -46.839320    ;
  dV of each real space grid is now    4.9412489266007338E-002
 Cell length (Bohr)    5.302E+00   5.302E+00   9.547E+01
 Angle     (Degree)    9.000E+01   9.000E+01   6.000E+01
 Volume    (Bohr^3)    2.324E+03
  dV of each real space grid is now    4.9412489266007338E-002
 Cell length (Bohr)    5.302E+00   5.302E+00   9.547E+01
 Angle     (Degree)    9.000E+01   9.000E+01   6.000E+01
 Volume    (Bohr^3)    2.324E+03

 ------------------------------------------------------------------------------
                           SETUP EWALD 
 (Ewald) eta                             :   0.6867    
 (Ewald) Real Space Cutoff               :    7.519     (Bohr)
 (Ewald) Reciprocal Cutoff               :    7.703     (1/Bohr)

 ------------------------------------------------------------------------------
                           SETUP PLANE WAVE 

 ------------------------------------------------------------------------------
                           INITIALIZING WGC KERNEL
 Fermi vector :   0.94381519104951161     
 Reference density :    2.8394870311765758E-002
 Dimension of KEDF Kernel :            8          14         240

 ------------------------------------------------------------------------------
                           REFRESH ION POSITIONS
  
 Calculating Ion-Ion Energy ...                   complete.     0.004 s
  
 Calculating Ion-Electron Potential (spline) ... 
 complete.     0.005 s
 Rescale the total density from   3.261857 to         66

 ------------------------------------------------------------------------------
                           DENSITY OPTIMIZATION
 Electron number for spin            1  is    65.999999999998693     
 Cell Volume      :           344.435129 Angstrom^3
 Ion number       :                   22
 Electron number  :            66.000000
 Ion density      :             0.063873 Ion/Angstrom^3
 Electron density :             0.191618 Electron/Angstrom^3
  
 Calculating Ion-Ion Forces ...                complete.     0.005 s
  
 Calculating Ion-Electron Forces (spline) ...  complete.     0.003 s
  ------ ION (GRADIENT METHOD) STEP            1  ------
  
 Calculating Ion-Electron Stress (spline) ...  complete.     0.006 s
  
 Calculating Ion-Ion Stress ...                complete.     0.003 s
  
 ------------------------------------------------------------------------------
                         LATTICE VECTORS (Angstrom)
 LAT 1           2.805800        0.000000        0.000000
 LAT 2           1.402900        2.429894        0.000000
 LAT 3           0.000000        0.000000       50.520016
 ------------------------------------------------------------------------------
                                STRESS (GPa)
 ST_GPa 1        0.069310        0.073716        0.000002
 ST_GPa 2        0.073716       -0.015809        0.000001
 ST_GPa 3        0.000002        0.000001       -0.072682
  
 --------------------------------------------------
 STRESS (a.u.)
 --------------------------------------------------
 ST_AU  1   2.3558076489E-06   2.5055666201E-06   6.7952001545E-11
 ST_AU  2   2.5055666201E-06  -5.3733239560E-07   2.8560702991E-11
 ST_AU  3   6.7952001545E-11   2.8560702991E-11  -2.4704066515E-06
; Cell optimization at step 18, max(stress):  0.2506E-05, total energy:  -46.839322    ;
  dV of each real space grid is now    4.9420777213012225E-002
 Cell length (Bohr)    5.302E+00   5.302E+00   9.549E+01
 Angle     (Degree)    9.000E+01   9.000E+01   6.000E+01
 Volume    (Bohr^3)    2.325E+03
  dV of each real space grid is now    4.9420777213012225E-002
 Cell length (Bohr)    5.302E+00   5.302E+00   9.549E+01
 Angle     (Degree)    9.000E+01   9.000E+01   6.000E+01
 Volume    (Bohr^3)    2.325E+03

 ------------------------------------------------------------------------------
                           SETUP EWALD 
 (Ewald) eta                             :   0.6867    
 (Ewald) Real Space Cutoff               :    7.519     (Bohr)
 (Ewald) Reciprocal Cutoff               :    7.703     (1/Bohr)

 ------------------------------------------------------------------------------
                           SETUP PLANE WAVE 

 ------------------------------------------------------------------------------
                           INITIALIZING WGC KERNEL
 Fermi vector :   0.94376242830451440     
 Reference density :    2.8390108444518301E-002
 Dimension of KEDF Kernel :            8          14         240

 ------------------------------------------------------------------------------
                           REFRESH ION POSITIONS
  
 Calculating Ion-Ion Energy ...                   complete.     0.004 s
  
 Calculating Ion-Electron Potential (spline) ... 
 complete.     0.005 s
 Rescale the total density from   3.262318 to         66

 ------------------------------------------------------------------------------
                           DENSITY OPTIMIZATION
 Electron number for spin            1  is    66.000000000000028     
 Cell Volume      :           344.492901 Angstrom^3
 Ion number       :                   22
 Electron number  :            66.000000
 Ion density      :             0.063862 Ion/Angstrom^3
 Electron density :             0.191586 Electron/Angstrom^3
  
 Calculating Ion-Ion Forces ...                complete.     0.005 s
  
 Calculating Ion-Electron Forces (spline) ...  complete.     0.003 s
  ------ ION (GRADIENT METHOD) STEP            1  ------
  
 Calculating Ion-Electron Stress (spline) ...  complete.     0.006 s
  
 Calculating Ion-Ion Stress ...                complete.     0.003 s
  
 ------------------------------------------------------------------------------
                         LATTICE VECTORS (Angstrom)
 LAT 1           2.805800        0.000000        0.000000
 LAT 2           1.402900        2.429894        0.000000
 LAT 3           0.000000        0.000000       50.528489
 ------------------------------------------------------------------------------
                                STRESS (GPa)
 ST_GPa 1        0.077334        0.073455        0.000002
 ST_GPa 2        0.073455       -0.007483        0.000001
 ST_GPa 3        0.000002        0.000001       -0.048733
  
 --------------------------------------------------
 STRESS (a.u.)
 --------------------------------------------------
 ST_AU  1   2.6285409625E-06   2.4966869908E-06   6.7833840159E-11
 ST_AU  2   2.4966869908E-06  -2.5434589080E-07   2.8500871371E-11
 ST_AU  3   6.7833840159E-11   2.8500871371E-11  -1.6564142747E-06
; Cell optimization at step 19, max(stress):  0.2629E-05, total energy:  -46.839322    ;
  dV of each real space grid is now    4.9427445721803062E-002
 Cell length (Bohr)    5.302E+00   5.302E+00   9.550E+01
 Angle     (Degree)    9.000E+01   9.000E+01   6.000E+01
 Volume    (Bohr^3)    2.325E+03
  dV of each real space grid is now    4.9427445721803062E-002
 Cell length (Bohr)    5.302E+00   5.302E+00   9.550E+01
 Angle     (Degree)    9.000E+01   9.000E+01   6.000E+01
 Volume    (Bohr^3)    2.325E+03

 ------------------------------------------------------------------------------
                           SETUP EWALD 
 (Ewald) eta                             :   0.6867    
 (Ewald) Real Space Cutoff               :    7.519     (Bohr)
 (Ewald) Reciprocal Cutoff               :    7.703     (1/Bohr)

 ------------------------------------------------------------------------------
                           SETUP PLANE WAVE 

 ------------------------------------------------------------------------------
                           INITIALIZING WGC KERNEL
 Fermi vector :   0.94371998379480415     
 Reference density :    2.8386278190193594E-002
 Dimension of KEDF Kernel :            8          14         240

 ------------------------------------------------------------------------------
                           REFRESH ION POSITIONS
  
 Calculating Ion-Ion Energy ...                   complete.     0.004 s
  
 Calculating Ion-Electron Potential (spline) ... 
 complete.     0.005 s
 Rescale the total density from   3.262652 to         66

 ------------------------------------------------------------------------------
                           DENSITY OPTIMIZATION
 Electron number for spin            1  is    65.999999999999446     
 Cell Volume      :           344.539385 Angstrom^3
 Ion number       :                   22
 Electron number  :            66.000000
 Ion density      :             0.063853 Ion/Angstrom^3
 Electron density :             0.191560 Electron/Angstrom^3
  
 Calculating Ion-Ion Forces ...                complete.     0.005 s
  
 Calculating Ion-Electron Forces (spline) ...  complete.     0.003 s
  ------ ION (GRADIENT METHOD) STEP            1  ------
  
 Calculating Ion-Electron Stress (spline) ...  complete.     0.006 s
  
 Calculating Ion-Ion Stress ...                complete.     0.003 s
  
 ------------------------------------------------------------------------------
                         LATTICE VECTORS (Angstrom)
 LAT 1           2.805800        0.000000        0.000000
 LAT 2           1.402900        2.429894        0.000000
 LAT 3           0.000000        0.000000       50.535307
 ------------------------------------------------------------------------------
                                STRESS (GPa)
 ST_GPa 1        0.083741        0.073244        0.000002
 ST_GPa 2        0.073244       -0.000833        0.000001
 ST_GPa 3        0.000002        0.000001       -0.029292
  
 --------------------------------------------------
 STRESS (a.u.)
 --------------------------------------------------
 ST_AU  1   2.8463034166E-06   2.4895253719E-06   6.7715449877E-11
 ST_AU  2   2.4895253719E-06  -2.8313953765E-08   2.8459892965E-11
 ST_AU  3   6.7715449877E-11   2.8459892965E-11  -9.9560165292E-07
; Cell optimization at step 20, max(stress):  0.2846E-05, total energy:  -46.839323    ;
  dV of each real space grid is now    4.9432255517378496E-002
 Cell length (Bohr)    5.302E+00   5.302E+00   9.551E+01
 Angle     (Degree)    9.000E+01   9.000E+01   6.000E+01
 Volume    (Bohr^3)    2.325E+03
  dV of each real space grid is now    4.9432255517378496E-002
 Cell length (Bohr)    5.302E+00   5.302E+00   9.551E+01
 Angle     (Degree)    9.000E+01   9.000E+01   6.000E+01
 Volume    (Bohr^3)    2.325E+03

 ------------------------------------------------------------------------------
                           SETUP EWALD 
 (Ewald) eta                             :   0.6867    
 (Ewald) Real Space Cutoff               :    7.519     (Bohr)
 (Ewald) Reciprocal Cutoff               :    7.703     (1/Bohr)

 ------------------------------------------------------------------------------
                           SETUP PLANE WAVE 

 ------------------------------------------------------------------------------
                           INITIALIZING WGC KERNEL
 Fermi vector :   0.94368937458102764     
 Reference density :    2.8383516184013354E-002
 Dimension of KEDF Kernel :            8          14         240

 ------------------------------------------------------------------------------
                           REFRESH ION POSITIONS
  
 Calculating Ion-Ion Energy ...                   complete.     0.004 s
  
 Calculating Ion-Electron Potential (spline) ... 
 complete.     0.004 s
 Rescale the total density from   3.262846 to         66

 ------------------------------------------------------------------------------
                           DENSITY OPTIMIZATION
 Electron number for spin            1  is    65.999999999999446     
 Cell Volume      :           344.572912 Angstrom^3
 Ion number       :                   22
 Electron number  :            66.000000
 Ion density      :             0.063847 Ion/Angstrom^3
 Electron density :             0.191541 Electron/Angstrom^3
  
 Calculating Ion-Ion Forces ...                complete.     0.005 s
  
 Calculating Ion-Electron Forces (spline) ...  complete.     0.003 s
  ------ ION (GRADIENT METHOD) STEP            1  ------
  
 Calculating Ion-Electron Stress (spline) ...  complete.     0.006 s
  
 Calculating Ion-Ion Stress ...                complete.     0.003 s
  
 ------------------------------------------------------------------------------
                         LATTICE VECTORS (Angstrom)
 LAT 1           2.805800        0.000000        0.000000
 LAT 2           1.402900        2.429894        0.000000
 LAT 3           0.000000        0.000000       50.540225
 ------------------------------------------------------------------------------
                                STRESS (GPa)
 ST_GPa 1        0.088405        0.073093        0.000002
 ST_GPa 2        0.073093        0.004006        0.000001
 ST_GPa 3        0.000002        0.000001       -0.015368
  
 --------------------------------------------------
 STRESS (a.u.)
 --------------------------------------------------
 ST_AU  1   3.0048423683E-06   2.4843771004E-06   6.7702712800E-11
 ST_AU  2   2.4843771004E-06   1.3616968422E-07   2.8457351389E-11
 ST_AU  3   6.7702712800E-11   2.8457351389E-11  -5.2233280975E-07
; Cell optimization at step 21, max(stress):  0.3005E-05, total energy:  -46.839323    ;
  dV of each real space grid is now    4.9435283612838020E-002
 Cell length (Bohr)    5.302E+00   5.302E+00   9.551E+01
 Angle     (Degree)    9.000E+01   9.000E+01   6.000E+01
 Volume    (Bohr^3)    2.325E+03
  dV of each real space grid is now    4.9435283612838020E-002
 Cell length (Bohr)    5.302E+00   5.302E+00   9.551E+01
 Angle     (Degree)    9.000E+01   9.000E+01   6.000E+01
 Volume    (Bohr^3)    2.325E+03

 ------------------------------------------------------------------------------
                           SETUP EWALD 
 (Ewald) eta                             :   0.6867    
 (Ewald) Real Space Cutoff               :    7.519     (Bohr)
 (Ewald) Reciprocal Cutoff               :    7.703     (1/Bohr)

 ------------------------------------------------------------------------------
                           SETUP PLANE WAVE 

 ------------------------------------------------------------------------------
                           INITIALIZING WGC KERNEL
 Fermi vector :   0.94367010602323276     
 Reference density :    2.8381777587808358E-002
 Dimension of KEDF Kernel :            8          14         240

 ------------------------------------------------------------------------------
                           REFRESH ION POSITIONS
  
 Calculating Ion-Ion Energy ...                   complete.     0.004 s
  
 Calculating Ion-Electron Potential (spline) ... 
 complete.     0.004 s
 Rescale the total density from   3.262929 to         66

 ------------------------------------------------------------------------------
                           DENSITY OPTIMIZATION
 Electron number for spin            1  is    65.999999999999559     
 Cell Volume      :           344.594020 Angstrom^3
 Ion number       :                   22
 Electron number  :            66.000000
 Ion density      :             0.063843 Ion/Angstrom^3
 Electron density :             0.191530 Electron/Angstrom^3
  
 Calculating Ion-Ion Forces ...                complete.     0.005 s
  
 Calculating Ion-Electron Forces (spline) ...  complete.     0.003 s
  ------ ION (GRADIENT METHOD) STEP            1  ------
  
 Calculating Ion-Electron Stress (spline) ...  complete.     0.006 s
  
 Calculating Ion-Ion Stress ...                complete.     0.003 s
  
 ------------------------------------------------------------------------------
                         LATTICE VECTORS (Angstrom)
 LAT 1           2.805800        0.000000        0.000000
 LAT 2           1.402900        2.429894        0.000000
 LAT 3           0.000000        0.000000       50.543321
 ------------------------------------------------------------------------------
                                STRESS (GPa)
 ST_GPa 1        0.091317        0.072997        0.000002
 ST_GPa 2        0.072997        0.007029        0.000001
 ST_GPa 3        0.000002        0.000001       -0.006558
  
 --------------------------------------------------
 STRESS (a.u.)
 --------------------------------------------------
 ST_AU  1   3.1038131452E-06   2.4811209236E-06   6.7666430959E-11
 ST_AU  2   2.4811209236E-06   2.3890022545E-07   2.8433108456E-11
 ST_AU  3   6.7666430959E-11   2.8433108456E-11  -2.2290655133E-07
; Cell optimization at step 22, max(stress):  0.3104E-05, total energy:  -46.839323    ;
##############################################################################
#                               FINAL ENERGIES                       time    #
##############################################################################
# Thomas-Fermi Kin. Energy =   4.878253867405E+02 eV                 0.000 s #
# Von-Weizsacker Kin. Ener =   3.980880802343E+01 eV                 0.000 s #
#       WGC Kinetic Energy =  -1.480809910595E+01 eV                 0.000 s #
#                                                                            #
#     LDA Exch-Corr Energy =  -4.880439511327E+02 eV                 0.000 s #
#         Coulombic Energy =   2.623765063381E+00 eV                 0.000 s #
#      Ion-Electron Energy =   3.432952183836E+02 eV                 0.000 s #
#           Ion-Ion Energy =  -1.645263904458E+03 eV                 0.000 s #
#                                                                            #
#     TOTAL KINETIC ENERGY =   5.128260956580E+02 eV                         #
#   TOTAL POTENTIAL ENERGY =  -1.787388872143E+03 eV                         #
#             TOTAL ENERGY =  -1.274562776485E+03 eV                         #
##############################################################################
  
 ----------------------------- TIME INFORMATION ------------------------------
    PROFESS      :     68.13s WALL    100.00% (       1 calls)    68.13s/call
    InitPROFESS  :      0.06s WALL      0.09% (       1 calls)     0.06s/call
    KEDFRefresh  :      0.22s WALL      0.33% (      22 calls)     0.01s/call
    IonRefresh   :      0.44s WALL      0.64% (      37 calls)     0.01s/call
    EwaldEnergy  :      0.19s WALL      0.27% (      37 calls)     0.01s/call
    Pot_Ion      :      0.14s WALL      0.21% (    1483 calls)     0.00s/call
    Pot_Har      :      3.19s WALL      4.68% (    1483 calls)     0.00s/call
    Pot_Exc      :      8.13s WALL     11.93% (    1483 calls)     0.01s/call
    Pot_KEDF     :     51.28s WALL     75.26% (    1483 calls)     0.03s/call
    WGCPotPlus   :     39.56s WALL     58.07% (    1483 calls)     0.03s/call
    VWPotSqrPlus :      2.83s WALL      4.15% (    1483 calls)     0.00s/call
    NextGradient :      0.13s WALL      0.19% (     140 calls)     0.00s/call
    CalForce     :      0.43s WALL      0.63% (      37 calls)     0.01s/call
    EwaldForces  :      0.23s WALL      0.34% (      37 calls)     0.01s/call
    CalStress    :      1.49s WALL      2.19% (      22 calls)     0.07s/call
    WGCStress    :      0.65s WALL      0.95% (      22 calls)     0.03s/call
    EwaldStress  :      0.07s WALL      0.11% (      22 calls)     0.00s/call
 -----------------------------------------------------------------------------
 ------------------------------- TOTAL ---------------------------------------
    PROFESS      :     68.13s WALL    100.00% (       1 calls)    68.13s/call
 -----------------------------------------------------------------------------

Run completed on: 05/02/2022 at 14:07:13 
  
