 ******************************************************************************
                             WELCOME TO PROFESS                   
            (PRinceton Orbital-Free Electronic Structure Software) 
 ******************************************************************************

 ------------------------------------------------------------------------------
                           READ GEOMETRY
 Cell length (Bohr)    7.412E+00   7.412E+00   1.218E+01
 Angle     (Degree)    9.000E+01   9.000E+01   1.200E+02
 Volume    (Bohr^3)    5.796E+02

 ------------------------------------------------------------------------------
                           READ PSEUDOPOTENTIAL
 Total electron number in ReadPseudo is    16.000000000000000     
 (System) Machine Precision              :    2.2204460492503131E-016

 ------------------------------------------------------------------------------
                           SETUP FFT
 Global FFT Dimension :    40   40   60
 Dimension of rho for this processor : 
 xmin, xmax :            0          39
 ymin, ymax :            0          39
 zmin, zmax :            0          59
 Total electron number =    16.000000000000000     
 Uniform rhoR =    2.7605386597974128E-002
 (GB INFO) FFT size      :       40      40      60
 (GB INFO) FFT offset    :        0
 (GB INFO) FFT G size    :       21      40      60
 (GB INFO) FFT G offset  :        0

 ------------------------------------------------------------------------------
                           SETUP KEDF
 kinetic energy density functional number is           11
 ( 1=TF, 2=VW, 3=TF+VW, 4=WT,  5=WGC,  
   7=LQ, 8=HQ, 10=CAT,  11=HC, 12=WGCD,
   15=GGA, 16=WGCD+GGA, 17=EVT, 18=EVC )
 qTable dimension:    21   40   60
 rhoS=   2.7605386597974128E-002
 rho0=   2.7605386597974128E-002
 coefficients for TF KEDF is     1.000000
 coefficients for VW KEDF is     1.000000
 Lambda in HC10 is set to     0.012500
 ALPHA  in HC10 is set to     1.841667
 BETA   in HC10 is set to     0.825000
 Sum of alpha and beta is     2.666667
  dV of each real space grid is now    6.0374690307324957E-003
 Cell length (Bohr)    7.412E+00   7.412E+00   1.218E+01
 Angle     (Degree)    9.000E+01   9.000E+01   1.200E+02
 Volume    (Bohr^3)    5.796E+02

 ------------------------------------------------------------------------------
                           SETUP EWALD 
 (Ewald) eta                             :    1.200    
 (Ewald) Real Space Cutoff               :    6.000     (Bohr)
 (Ewald) Reciprocal Cutoff               :    15.22     (1/Bohr)

 ------------------------------------------------------------------------------
                           SETUP PLANE WAVE 

 ------------------------------------------------------------------------------
                           REFRESH ION POSITIONS
  
 Calculating Ion-Ion Energy ...                   complete.     0.011 s
  
 Calculating Ion-Electron Potential (spline) ... 
 complete.     0.024 s

 ------------------------------------------------------------------------------
                           DENSITY OPTIMIZATION
 Electron number for spin            1  is    15.999999999982093     
 Cell Volume      :            85.887417 Angstrom^3
 Ion number       :                    4
 Electron number  :            16.000000
 Ion density      :             0.046573 Ion/Angstrom^3
 Electron density :             0.186290 Electron/Angstrom^3
##############################################################################
#                               FINAL ENERGIES                       time    #
##############################################################################
# Thomas-Fermi Kin. Energy =   1.505103667566E+02 eV                 0.000 s #
# Von-Weizsacker Kin. Ener =   4.598104647652E+01 eV                 0.000 s #
#                                                                            #
# GGA(PBE) Exch-Cor Energy =  -1.303752226481E+02 eV                 0.000 s #
#         Coulombic Energy =   3.771365706411E+01 eV                 0.000 s #
#      Ion-Electron Energy =  -5.967515776182E+01 eV                 0.000 s #
#           Ion-Ion Energy =  -4.655352881034E+02 eV                 0.000 s #
#                                                                            #
#     TOTAL KINETIC ENERGY =   1.583421472721E+02 eV                         #
#   TOTAL POTENTIAL ENERGY =  -6.178720114492E+02 eV                         #
#             TOTAL ENERGY =  -4.595298641771E+02 eV                         #
##############################################################################
  
 ----------------------------- TIME INFORMATION ------------------------------
    PROFESS      :   2427.61s WALL    100.00% (       1 calls)  2427.61s/call
    InitPROFESS  :      0.08s WALL      0.00% (       1 calls)     0.08s/call
    KEDFRefresh  :      0.00s WALL      0.00% (       1 calls)     0.00s/call
    IonRefresh   :      0.04s WALL      0.00% (       1 calls)     0.04s/call
    EwaldEnergy  :      0.01s WALL      0.00% (       1 calls)     0.01s/call
    ForwFFT_3D   :    499.43s WALL     20.57% (   67192 calls)     0.01s/call
    BackFFT_3D   :    222.48s WALL      9.16% (   42286 calls)     0.01s/call
    Pot_Ion      :      1.62s WALL      0.07% (     915 calls)     0.00s/call
    Pot_Har      :     14.24s WALL      0.59% (     915 calls)     0.02s/call
    Pot_Exc      :    268.56s WALL     11.06% (     915 calls)     0.29s/call
    PBEPot       :    266.62s WALL     10.98% (     915 calls)     0.29s/call
    Pot_KEDF     :   2119.62s WALL     87.31% (     915 calls)     2.32s/call
    intPot       :   2087.43s WALL     85.99% (     915 calls)     2.28s/call
    MakeXiG      :     11.34s WALL      0.47% (     915 calls)     0.01s/call
    VWPotSqrPlus :     12.59s WALL      0.52% (     915 calls)     0.01s/call
    intPot1      :    574.51s WALL     23.67% (   14281 calls)     0.04s/call
    MakeHC10Kern :     60.68s WALL      2.50% (   15195 calls)     0.00s/call
    intPot2      :    412.72s WALL     17.00% (   14281 calls)     0.03s/call
    intPot3      :    698.21s WALL     28.76% (   14281 calls)     0.05s/call
    intPot4      :    259.58s WALL     10.69% (   14281 calls)     0.02s/call
    NextGradient :      1.29s WALL      0.05% (      92 calls)     0.01s/call
 -----------------------------------------------------------------------------
 ------------------------------- TOTAL ---------------------------------------
    PROFESS      :   2427.61s WALL    100.00% (       1 calls)  2427.61s/call
 -----------------------------------------------------------------------------

Run completed on: 07/31/2024 at 00:24:15 
  
