 ******************************************************************************
                             WELCOME TO PROFESS                   
            (PRinceton Orbital-Free Electronic Structure Software) 
 ******************************************************************************

 ------------------------------------------------------------------------------
                           READ GEOMETRY
 Cell length (Bohr)    5.294E+00   5.294E+00   8.658E+00
 Angle     (Degree)    9.000E+01   9.000E+01   1.200E+02
 Volume    (Bohr^3)    2.101E+02

 ------------------------------------------------------------------------------
                           READ PSEUDOPOTENTIAL
 Total electron number in ReadPseudo is    4.0000000000000000     
 (System) Machine Precision              :    2.2204460492503131E-016

 ------------------------------------------------------------------------------
                           SETUP FFT
 Global FFT Dimension :    27   27   45
 Rank/Size in Global Communicator     :            0 /           1
 Rank/Size in Global FFT Communicator :            0 /           1
 Parallel FFT, totX    =    27
 Parallel FFT, totY    =    27
 Parallel FFT, locZ    =    45
 Parallel FFT, locZoff =     0
 Dimension of rho for this processor : 
 xmin, xmax :            0          26
 ymin, ymax :            0          26
 zmin, zmax :            0          44
 Total electron number =    4.0000000000000000     
 Uniform rhoR =    1.9036390155635036E-002
 (GB INFO) FFT size      :       27      27      45
 (GB INFO) FFT offset    :        0
 (GB INFO) FFT G size    :       14      27      45
 (GB INFO) FFT G offset  :        0

 ------------------------------------------------------------------------------
                           SETUP KEDF
 kinetic energy density functional number is            5
 ( 1=TF, 2=VW, 3=TF+VW, 4=WT,  5=WGC,  
   7=LQ, 8=HQ, 10=CAT,  11=HC, 12=WGCD,
   15=GGA, 16=WGCD+GGA, 17=EVT, 18=EVC )
 qTable dimension:    14   27   45
 Coefficient for TF KEDF is     1.0000
 Coefficient for VW KEDF is     1.0000
 Coefficient for alpha in WGC KEDF is     1.2060
 Coefficient for beta  in WGC KEDF is     0.4607
 Coefficient for gamma in WGC KEDF is     2.7000
 rho0 (Electron/Bohr^3) in WGC KEDF is     0.0190
 rhoS (Electron/Bohr^3) in WGC KEDF is     0.0190
 hold0 =  F
 holdS =  F
  dV of each real space grid is now    6.4052391878827043E-003
 Cell length (Bohr)    5.294E+00   5.294E+00   8.658E+00
 Angle     (Degree)    9.000E+01   9.000E+01   1.200E+02
 Volume    (Bohr^3)    2.101E+02

 ------------------------------------------------------------------------------
                           SETUP EWALD 
 (Ewald) eta                             :    1.200    
 (Ewald) Real Space Cutoff               :    6.000     (Bohr)
 (Ewald) Reciprocal Cutoff               :    15.43     (1/Bohr)

 ------------------------------------------------------------------------------
                           SETUP PLANE WAVE 

 ------------------------------------------------------------------------------
                           INITIALIZING WGC KERNEL
 Fermi vector :   0.82604149831606200     
 Reference density :    1.9036390155635036E-002
 Make WGC kernels.
 Dimension of KEDF Kernel :           14          27          45

 ------------------------------------------------------------------------------
                           REFRESH ION POSITIONS
  
 Calculating Ion-Ion Energy ...                   complete.     0.003 s
  
 Calculating Ion-Electron Potential (spline) ... 
 complete.     0.002 s

 ------------------------------------------------------------------------------
                           DENSITY OPTIMIZATION
 Electron number for spin            1  is    3.9999999999997593     
 Cell Volume      :            31.137145 Angstrom^3
 Ion number       :                    2
 Electron number  :             4.000000
 Ion density      :             0.064232 Ion/Angstrom^3
 Electron density :             0.128464 Electron/Angstrom^3
##############################################################################
#                               FINAL ENERGIES                       time    #
##############################################################################
# Thomas-Fermi Kin. Energy =   2.307395136896E+01 eV                 0.000 s #
# Von-Weizsacker Kin. Ener =   3.093843452942E+00 eV                 0.000 s #
#       WGC Kinetic Energy =  -1.597541884193E+00 eV                 0.000 s #
#                                                                            #
# GGA(PBE) Exch-Cor Energy =  -2.643707786173E+01 eV                 0.000 s #
#         Coulombic Energy =   3.232912550114E-01 eV                 0.000 s #
#      Ion-Electron Energy =   2.077296927657E+01 eV                 0.000 s #
#           Ion-Ion Energy =  -6.662205799781E+01 eV                 0.000 s #
#                                                                            #
#     TOTAL KINETIC ENERGY =   2.457025293771E+01 eV                         #
#   TOTAL POTENTIAL ENERGY =  -7.196287532797E+01 eV                         #
#             TOTAL ENERGY =  -4.739262239026E+01 eV                         #
##############################################################################
  
 ----------------------------- TIME INFORMATION ------------------------------
    PROFESS      :      8.97s WALL    100.00% (       1 calls)     8.97s/call
    InitPROFESS  :      0.04s WALL      0.49% (       1 calls)     0.04s/call
    KEDFRefresh  :      0.02s WALL      0.20% (       1 calls)     0.02s/call
    IonRefresh   :      0.01s WALL      0.06% (       1 calls)     0.01s/call
    EwaldEnergy  :      0.00s WALL      0.03% (       1 calls)     0.00s/call
    Pot_Ion      :      0.01s WALL      0.14% (     141 calls)     0.00s/call
    Pot_Har      :      0.29s WALL      3.27% (     141 calls)     0.00s/call
    Pot_Exc      :      3.68s WALL     40.98% (     141 calls)     0.03s/call
    PBEPot       :      3.58s WALL     39.84% (     141 calls)     0.03s/call
    Pot_KEDF     :      4.46s WALL     49.73% (     141 calls)     0.03s/call
    WGCPotPlus   :      3.55s WALL     39.55% (     141 calls)     0.03s/call
    VWPotSqrPlus :      0.26s WALL      2.94% (     141 calls)     0.00s/call
    NextGradient :      0.00s WALL      0.04% (       7 calls)     0.00s/call
 -----------------------------------------------------------------------------
 ------------------------------- TOTAL ---------------------------------------
    PROFESS      :      8.97s WALL    100.00% (       1 calls)     8.97s/call
 -----------------------------------------------------------------------------

Run completed on: 05/02/2023 at 14:05:33 
  
