 ******************************************************************************
                             WELCOME TO PROFESS                   
            (PRinceton Orbital-Free Electronic Structure Software) 
 ******************************************************************************

 ------------------------------------------------------------------------------
                           READ GEOMETRY
 Cell length (Bohr)    7.502E+00   7.502E+00   7.502E+00
 Angle     (Degree)    9.000E+01   9.000E+01   9.000E+01
 Volume    (Bohr^3)    4.223E+02

 ------------------------------------------------------------------------------
                           READ PSEUDOPOTENTIAL
 Total electron number in ReadPseudo is    12.000000000000000     
 (System) Machine Precision              :    2.2204460492503131E-016

 ------------------------------------------------------------------------------
                           SETUP FFT
 Global FFT Dimension :    40   40   40
 Rank/Size in Global Communicator     :            0 /           1
 Rank/Size in Global FFT Communicator :            0 /           1
 Parallel FFT, totX    =    40
 Parallel FFT, totY    =    40
 Parallel FFT, locZ    =    40
 Parallel FFT, locZoff =     0
 Dimension of rho for this processor : 
 xmin, xmax :            0          39
 ymin, ymax :            0          39
 zmin, zmax :            0          39
 Total electron number =    12.000000000000000     
 Uniform rhoR =    2.8417022096674124E-002
 (GB INFO) FFT size      :       40      40      40
 (GB INFO) FFT offset    :        0
 (GB INFO) FFT G size    :       21      40      40
 (GB INFO) FFT G offset  :        0

 ------------------------------------------------------------------------------
                           SETUP KEDF
 kinetic energy density functional number is            5
 ( 1=TF, 2=VW, 3=TF+VW, 4=WT,  5=WGC,  
   7=LQ, 8=HQ, 10=CAT,  11=HC, 12=WGCD,
   15=GGA, 16=WGCD+GGA, 17=EVT, 18=EVC )
 qTable dimension:    21   40   40
 Coefficient for TF KEDF is     1.0000
 Coefficient for VW KEDF is     1.0000
 Coefficient for alpha in WGC KEDF is     1.2060
 Coefficient for beta  in WGC KEDF is     0.4607
 Coefficient for gamma in WGC KEDF is     2.7000
 rho0 (Electron/Bohr^3) in WGC KEDF is     0.0284
 rhoS (Electron/Bohr^3) in WGC KEDF is     0.0284
 hold0 =  F
 holdS =  F
  dV of each real space grid is now    6.5981579407627181E-003
 Cell length (Bohr)    7.502E+00   7.502E+00   7.502E+00
 Angle     (Degree)    9.000E+01   9.000E+01   9.000E+01
 Volume    (Bohr^3)    4.223E+02

 ------------------------------------------------------------------------------
                           SETUP EWALD 
 (Ewald) eta                             :    1.200    
 (Ewald) Real Space Cutoff               :    6.000     (Bohr)
 (Ewald) Reciprocal Cutoff               :    16.33     (1/Bohr)

 ------------------------------------------------------------------------------
                           SETUP PLANE WAVE 

 ------------------------------------------------------------------------------
                           INITIALIZING WGC KERNEL
 Fermi vector :   0.94406056115136561     
 Reference density :    2.8417022096674124E-002
 Make WGC kernels.
 Dimension of KEDF Kernel :           21          40          40

 ------------------------------------------------------------------------------
                           REFRESH ION POSITIONS
  
 Calculating Ion-Ion Energy ...                   complete.     0.004 s
  
 Calculating Ion-Electron Potential (spline) ... 
 complete.     0.004 s

 ------------------------------------------------------------------------------
                           DENSITY OPTIMIZATION
 Electron number for spin            1  is    11.999999999983428     
 Cell Volume      :            62.575752 Angstrom^3
 Ion number       :                    4
 Electron number  :            12.000000
 Ion density      :             0.063923 Ion/Angstrom^3
 Electron density :             0.191768 Electron/Angstrom^3
 Print density file to fcc/Al.den                                        
##############################################################################
#                               FINAL ENERGIES                       time    #
##############################################################################
# Thomas-Fermi Kin. Energy =   8.877673150576E+01 eV                 0.000 s #
# Von-Weizsacker Kin. Ener =   7.264296787277E+00 eV                 0.000 s #
#       WGC Kinetic Energy =  -2.734101078993E+00 eV                 0.000 s #
#                                                                            #
#     LDA Exch-Corr Energy =  -8.877184020291E+01 eV                 0.000 s #
#         Coulombic Energy =   4.337152951965E-01 eV                 0.000 s #
#      Ion-Electron Energy =   6.259927040148E+01 eV                 0.000 s #
#           Ion-Ion Energy =  -2.993288028029E+02 eV                 0.000 s #
#                                                                            #
#     TOTAL KINETIC ENERGY =   9.330692721404E+01 eV                         #
#   TOTAL POTENTIAL ENERGY =  -3.250676573091E+02 eV                         #
#             TOTAL ENERGY =  -2.317607300951E+02 eV                         #
##############################################################################
  
 ----------------------------- TIME INFORMATION ------------------------------
    PROFESS      :      4.05s WALL    100.00% (       1 calls)     4.05s/call
    InitPROFESS  :      0.06s WALL      1.58% (       1 calls)     0.06s/call
    KEDFRefresh  :      0.02s WALL      0.46% (       1 calls)     0.02s/call
    IonRefresh   :      0.01s WALL      0.21% (       1 calls)     0.01s/call
    EwaldEnergy  :      0.00s WALL      0.09% (       1 calls)     0.00s/call
    Pot_Ion      :      0.01s WALL      0.15% (      93 calls)     0.00s/call
    Pot_Har      :      0.16s WALL      3.87% (      93 calls)     0.00s/call
    Pot_Exc      :      0.47s WALL     11.65% (      93 calls)     0.01s/call
    Pot_KEDF     :      2.89s WALL     71.45% (      93 calls)     0.03s/call
    WGCPotPlus   :      2.20s WALL     54.35% (      93 calls)     0.02s/call
    VWPotSqrPlus :      0.14s WALL      3.41% (      93 calls)     0.00s/call
    NextGradient :      0.01s WALL      0.15% (       7 calls)     0.00s/call
 -----------------------------------------------------------------------------
 ------------------------------- TOTAL ---------------------------------------
    PROFESS      :      4.05s WALL    100.00% (       1 calls)     4.05s/call
 -----------------------------------------------------------------------------

Run completed on: 02/09/2023 at 13:46:24 
  
