 ******************************************************************************
                             WELCOME TO PROFESS                   
            (PRinceton Orbital-Free Electronic Structure Software) 
 ******************************************************************************

 ------------------------------------------------------------------------------
                           READ GEOMETRY
 Cell length (Bohr)    5.545E+00   5.545E+00   5.545E+00
 Angle     (Degree)    1.095E+02   1.095E+02   1.095E+02
 Volume    (Bohr^3)    1.313E+02

 ------------------------------------------------------------------------------
                           READ PSEUDOPOTENTIAL
 Total electron number in ReadPseudo is    4.0000000000000000     
 (System) Machine Precision              :    2.2204460492503131E-016

 ------------------------------------------------------------------------------
                           SETUP FFT
 Global FFT Dimension :    28   28   28
 Dimension of rho for this processor : 
 xmin, xmax :            0          27
 ymin, ymax :            0          27
 zmin, zmax :            0          27
 Total electron number =    4.0000000000000000     
 Uniform rhoR =    3.0475699958972990E-002
 (GB INFO) FFT size      :       28      28      28
 (GB INFO) FFT offset    :        0
 (GB INFO) FFT G size    :       15      28      28
 (GB INFO) FFT G offset  :        0

 ------------------------------------------------------------------------------
                           SETUP KEDF
 kinetic energy density functional number is           11
 ( 1=TF, 2=VW, 3=TF+VW, 4=WT,  5=WGC,  
   7=LQ, 8=HQ, 10=CAT,  11=HC, 12=WGCD,
   15=GGA, 16=WGCD+GGA, 17=EVT, 18=EVC )
 qTable dimension:    15   28   28
 rhoS=   3.0475699958972990E-002
 rho0=   3.0475699958972990E-002
 coefficients for TF KEDF is     1.000000
 coefficients for VW KEDF is     1.000000
 Lambda in HC10 is set to     0.000000
 ALPHA  in HC10 is set to     2.016667
 BETA   in HC10 is set to     0.650000
 Sum of alpha and beta is     2.666667
  dV of each real space grid is now    5.9790503150226508E-003
 Cell length (Bohr)    5.545E+00   5.545E+00   5.545E+00
 Angle     (Degree)    1.095E+02   1.095E+02   1.095E+02
 Volume    (Bohr^3)    1.313E+02

 ------------------------------------------------------------------------------
                           SETUP EWALD 
 (Ewald) eta                             :    1.200    
 (Ewald) Real Space Cutoff               :    6.000     (Bohr)
 (Ewald) Reciprocal Cutoff               :    15.30     (1/Bohr)

 ------------------------------------------------------------------------------
                           SETUP PLANE WAVE 

 ------------------------------------------------------------------------------
                           REFRESH ION POSITIONS
  
 Calculating Ion-Ion Energy ...                   complete.     0.005 s
  
 Calculating Ion-Electron Potential (spline) ... 
 complete.     0.006 s

 ------------------------------------------------------------------------------
                           DENSITY OPTIMIZATION
 Electron number for spin            1  is    3.9999999999996199     
 Cell Volume      :            19.449556 Angstrom^3
 Ion number       :                    1
 Electron number  :             4.000000
 Ion density      :             0.051415 Ion/Angstrom^3
 Electron density :             0.205660 Electron/Angstrom^3
##############################################################################
#                               FINAL ENERGIES                       time    #
##############################################################################
# Thomas-Fermi Kin. Energy =   3.302986352261E+01 eV                 0.000 s #
# Von-Weizsacker Kin. Ener =   6.729050842041E+00 eV                 0.000 s #
#                                                                            #
# GGA(PBE) Exch-Cor Energy =  -3.094936068784E+01 eV                 0.000 s #
#         Coulombic Energy =   1.265032513290E+00 eV                 0.000 s #
#      Ion-Electron Energy =   9.181209792255E+00 eV                 0.000 s #
#           Ion-Ion Energy =  -1.237290728339E+02 eV                 0.000 s #
#                                                                            #
#     TOTAL KINETIC ENERGY =   3.617661773638E+01 eV                         #
#   TOTAL POTENTIAL ENERGY =  -1.442321912162E+02 eV                         #
#             TOTAL ENERGY =  -1.080555734798E+02 eV                         #
##############################################################################
  
 ----------------------------- TIME INFORMATION ------------------------------
    PROFESS      :     32.33s WALL    100.00% (       1 calls)    32.33s/call
    InitPROFESS  :      0.04s WALL      0.12% (       1 calls)     0.04s/call
    KEDFRefresh  :      0.00s WALL      0.00% (       1 calls)     0.00s/call
    IonRefresh   :      0.01s WALL      0.04% (       1 calls)     0.01s/call
    EwaldEnergy  :      0.01s WALL      0.02% (       1 calls)     0.01s/call
    ForwFFT_3D   :      4.69s WALL     14.52% (    4995 calls)     0.00s/call
    BackFFT_3D   :      2.64s WALL      8.15% (    3702 calls)     0.00s/call
    Pot_Ion      :      0.05s WALL      0.17% (     127 calls)     0.00s/call
    Pot_Har      :      0.25s WALL      0.79% (     127 calls)     0.00s/call
    Pot_Exc      :      3.93s WALL     12.16% (     127 calls)     0.03s/call
    PBEPot       :      3.87s WALL     11.96% (     127 calls)     0.03s/call
    Pot_KEDF     :     27.55s WALL     85.23% (     127 calls)     0.22s/call
    intPot       :     26.88s WALL     83.16% (     127 calls)     0.21s/call
    MakeXiG      :      0.29s WALL      0.91% (     127 calls)     0.00s/call
    VWPotSqrPlus :      0.21s WALL      0.64% (     127 calls)     0.00s/call
    intPot1      :      7.45s WALL     23.04% (     899 calls)     0.01s/call
    MakeHC10Kern :      1.02s WALL      3.17% (    1025 calls)     0.00s/call
    intPot2      :      5.01s WALL     15.49% (     899 calls)     0.01s/call
    intPot3      :      7.87s WALL     24.35% (     899 calls)     0.01s/call
    intPot4      :      3.11s WALL      9.61% (     899 calls)     0.00s/call
    NextGradient :      0.01s WALL      0.04% (       7 calls)     0.00s/call
 -----------------------------------------------------------------------------
 ------------------------------- TOTAL ---------------------------------------
    PROFESS      :     32.33s WALL    100.00% (       1 calls)    32.33s/call
 -----------------------------------------------------------------------------

Run completed on: 07/30/2024 at 17:10:17 
  
