 ******************************************************************************
                             WELCOME TO PROFESS                   
            (PRinceton Orbital-Free Electronic Structure Software) 
 ******************************************************************************

 ------------------------------------------------------------------------------
                           READ GEOMETRY
 Cell length (Bohr)    5.929E+00   5.929E+00   9.697E+00
 Angle     (Degree)    9.000E+01   9.000E+01   1.200E+02
 Volume    (Bohr^3)    2.952E+02

 ------------------------------------------------------------------------------
                           READ PSEUDOPOTENTIAL
 Total electron number in ReadPseudo is    4.0000000000000000     
 (System) Machine Precision              :    2.2204460492503131E-016

 ------------------------------------------------------------------------------
                           SETUP FFT
 Global FFT Dimension :    15   15   24
 Rank/Size in Global Communicator     :            0 /           1
 Rank/Size in Global FFT Communicator :            0 /           1
 Parallel FFT, totX    =    15
 Parallel FFT, totY    =    15
 Parallel FFT, locZ    =    24
 Parallel FFT, locZoff =     0
 Dimension of rho for this processor : 
 xmin, xmax :            0          14
 ymin, ymax :            0          14
 zmin, zmax :            0          23
 Total electron number =    4.0000000000000000     
 Uniform rhoR =    1.3549726502455593E-002
 (GB INFO) FFT size      :       15      15      24
 (GB INFO) FFT offset    :        0
 (GB INFO) FFT G size    :        8      15      24
 (GB INFO) FFT G offset  :        0

 ------------------------------------------------------------------------------
                           SETUP KEDF
 kinetic energy density functional number is            4
 ( 1=TF, 2=VW, 3=TF+VW, 4=WT,  5=WGC,  
   7=LQ, 8=HQ, 10=CAT,  11=HC, 12=WGCD,
   15=GGA, 16=WGCD+GGA, 17=EVT, 18=EVC )
 qTable dimension:     8   15   24
 Coefficient for TF KEDF is     1.0000
 Coefficient for VW KEDF is     1.0000
 Coefficient for alpha in WT KEDF is     0.8333
 Coefficient for beta  in WT KEDF is     0.8333
 rho0 (Electron/Bohr^3) in WGC KEDF is     0.0135
 hold0 =  F
  dV of each real space grid is now    5.4668316781633752E-002
 Cell length (Bohr)    5.929E+00   5.929E+00   9.697E+00
 Angle     (Degree)    9.000E+01   9.000E+01   1.200E+02
 Volume    (Bohr^3)    2.952E+02

 ------------------------------------------------------------------------------
                           SETUP EWALD 
 (Ewald) eta                             :   0.7237    
 (Ewald) Real Space Cutoff               :    6.635     (Bohr)
 (Ewald) Reciprocal Cutoff               :    7.418     (1/Bohr)

 ------------------------------------------------------------------------------
                           SETUP PLANE WAVE 
 Fill the 3D Wang-Teter kernel in G space

 ------------------------------------------------------------------------------
                           REFRESH ION POSITIONS
  
 Calculating Ion-Ion Energy ...                   complete.     0.001 s
  
 Calculating Ion-Electron Potential (spline) ... 
 complete.     0.001 s

 ------------------------------------------------------------------------------
                           DENSITY OPTIMIZATION
 Electron number for spin            1  is    3.9999999999999076     
 Cell Volume      :            43.745447 Angstrom^3
 Ion number       :                    2
 Electron number  :             4.000000
 Ion density      :             0.045719 Ion/Angstrom^3
 Electron density :             0.091438 Electron/Angstrom^3
##############################################################################
#                               FINAL ENERGIES                       time    #
##############################################################################
# Thomas-Fermi Kin. Energy =   1.810358357360E+01 eV                 0.000 s #
# Von-Weizsacker Kin. Ener =   1.845989025464E+00 eV                 0.000 s #
# Wang-Teter Kinetic Energ =  -6.708217950129E-01 eV                 0.000 s #
#                                                                            #
#     LDA Exch-Corr Energy =  -2.368097987245E+01 eV                 0.000 s #
#         Coulombic Energy =   1.281797878284E-01 eV                 0.000 s #
#      Ion-Electron Energy =   1.445351189066E+01 eV                 0.000 s #
#           Ion-Ion Energy =  -5.948398033513E+01 eV                 0.000 s #
#                                                                            #
#     TOTAL KINETIC ENERGY =   1.927875080405E+01 eV                         #
#   TOTAL POTENTIAL ENERGY =  -6.858326852909E+01 eV                         #
#             TOTAL ENERGY =  -4.930451772504E+01 eV                         #
##############################################################################
  
 ----------------------------- TIME INFORMATION ------------------------------
    PROFESS      :      0.59s WALL    100.00% (       1 calls)     0.59s/call
    InitPROFESS  :      0.03s WALL      5.75% (       1 calls)     0.03s/call
    KEDFRefresh  :      0.00s WALL      0.06% (       1 calls)     0.00s/call
    IonRefresh   :      0.00s WALL      0.30% (       1 calls)     0.00s/call
    EwaldEnergy  :      0.00s WALL      0.13% (       1 calls)     0.00s/call
    Pot_Ion      :      0.00s WALL      0.08% (      71 calls)     0.00s/call
    Pot_Har      :      0.01s WALL      2.31% (      71 calls)     0.00s/call
    Pot_Exc      :      0.05s WALL      8.62% (      71 calls)     0.00s/call
    Pot_KEDF     :      0.23s WALL     38.75% (      71 calls)     0.00s/call
    VWPotSqrPlus :      0.01s WALL      2.04% (      71 calls)     0.00s/call
    NextGradient :      0.00s WALL      0.08% (       6 calls)     0.00s/call
 -----------------------------------------------------------------------------
 ------------------------------- TOTAL ---------------------------------------
    PROFESS      :      0.59s WALL    100.00% (       1 calls)     0.59s/call
 -----------------------------------------------------------------------------

Run completed on: 08/19/2021 at 15:41:40 
  
