 ******************************************************************************
                             WELCOME TO PROFESS                   
            (PRinceton Orbital-Free Electronic Structure Software) 
 ******************************************************************************

 ------------------------------------------------------------------------------
                           READ GEOMETRY
 Cell length (Bohr)    7.661E+00   7.661E+00   7.661E+00
 Angle     (Degree)    6.000E+01   6.000E+01   6.000E+01
 Volume    (Bohr^3)    3.179E+02

 ------------------------------------------------------------------------------
                           READ PSEUDOPOTENTIAL
 Total electron number in ReadPseudo is    8.0000000000000000     
 (System) Machine Precision              :    2.2204460492503131E-016

 ------------------------------------------------------------------------------
                           SETUP FFT
 Global FFT Dimension :    40   40   40
 Dimension of rho for this processor : 
 xmin, xmax :            0          39
 ymin, ymax :            0          39
 zmin, zmax :            0          39
 Total electron number =    8.0000000000000000     
 Uniform rhoR =    2.5164880698487567E-002
 (GB INFO) FFT size      :       40      40      40
 (GB INFO) FFT offset    :        0
 (GB INFO) FFT G size    :       21      40      40
 (GB INFO) FFT G offset  :        0

 ------------------------------------------------------------------------------
                           SETUP KEDF
 kinetic energy density functional number is            5
 ( 1=TF, 2=VW, 3=TF+VW, 4=WT,  5=WGC,  
   7=LQ, 8=HQ, 10=CAT,  11=HC, 12=WGCD,
   15=GGA, 16=WGCD+GGA, 17=EVT, 18=EVC )
 qTable dimension:    21   40   40
 Coefficient for TF KEDF is     1.0000
 Coefficient for VW KEDF is     1.0000
 Coefficient for alpha in WGC KEDF is     1.2060
 Coefficient for beta  in WGC KEDF is     0.4607
 Coefficient for gamma in WGC KEDF is     4.2000
 rho0 (Electron/Bohr^3) in WGC KEDF is     0.0252
 rhoS (Electron/Bohr^3) in WGC KEDF is     0.0252
 hold0 =  F
 holdS =  F
  dV of each real space grid is now    4.9672399204941445E-003
 Cell length (Bohr)    7.661E+00   7.661E+00   7.661E+00
 Angle     (Degree)    6.000E+01   6.000E+01   6.000E+01
 Volume    (Bohr^3)    3.179E+02

 ------------------------------------------------------------------------------
                           SETUP EWALD 
 (Ewald) eta                             :    1.200    
 (Ewald) Real Space Cutoff               :    6.000     (Bohr)
 (Ewald) Reciprocal Cutoff               :    15.99     (1/Bohr)

 ------------------------------------------------------------------------------
                           SETUP PLANE WAVE 

 ------------------------------------------------------------------------------
                           INITIALIZING WGC KERNEL
 Fermi vector :   0.90657824254303210     
 Reference density :    2.5164880698487567E-002
 Make WGC kernels.
 Dimension of KEDF Kernel :           21          40          40

 ------------------------------------------------------------------------------
                           REFRESH ION POSITIONS
  
 Calculating Ion-Ion Energy ...                   complete.     0.004 s
  
 Calculating Ion-Electron Potential (spline) ... 
 complete.     0.007 s

 ------------------------------------------------------------------------------
                           DENSITY OPTIMIZATION
 Electron number for spin            1  is    7.9999999999944098     
 Cell Volume      :            47.108416 Angstrom^3
 Ion number       :                    2
 Electron number  :             8.000000
 Ion density      :             0.042455 Ion/Angstrom^3
 Electron density :             0.169821 Electron/Angstrom^3
##############################################################################
#                               FINAL ENERGIES                       time    #
##############################################################################
# Thomas-Fermi Kin. Energy =   7.081298420676E+01 eV                 0.000 s #
# Von-Weizsacker Kin. Ener =   2.378427805671E+01 eV                 0.000 s #
#       WGC Kinetic Energy =  -1.747574014334E+01 eV                 0.000 s #
#                                                                            #
# GGA(PBE) Exch-Cor Energy =  -6.340908435906E+01 eV                 0.000 s #
#         Coulombic Energy =   1.719121663729E+01 eV                 0.000 s #
#      Ion-Electron Energy =  -3.098979820870E+01 eV                 0.000 s #
#           Ion-Ion Energy =  -2.164792447776E+02 eV                 0.000 s #
#                                                                            #
#     TOTAL KINETIC ENERGY =   7.712152212013E+01 eV                         #
#   TOTAL POTENTIAL ENERGY =  -2.936869107080E+02 eV                         #
#             TOTAL ENERGY =  -2.165653885879E+02 eV                         #
##############################################################################
  
 ----------------------------- TIME INFORMATION ------------------------------
    PROFESS      :     27.89s WALL    100.00% (       1 calls)    27.89s/call
    InitPROFESS  :      0.06s WALL      0.22% (       1 calls)     0.06s/call
    KEDFRefresh  :      0.02s WALL      0.09% (       1 calls)     0.02s/call
    IonRefresh   :      0.01s WALL      0.05% (       1 calls)     0.01s/call
    EwaldEnergy  :      0.00s WALL      0.01% (       1 calls)     0.00s/call
    ForwFFT_3D   :      4.98s WALL     17.87% (    2258 calls)     0.00s/call
    BackFFT_3D   :      3.87s WALL     13.87% (    2257 calls)     0.00s/call
    Pot_Ion      :      0.09s WALL      0.34% (     188 calls)     0.00s/call
    Pot_Har      :      0.83s WALL      2.99% (     188 calls)     0.00s/call
    Pot_Exc      :     14.80s WALL     53.06% (     188 calls)     0.08s/call
    PBEPot       :     13.96s WALL     50.05% (     188 calls)     0.07s/call
    Pot_KEDF     :     10.63s WALL     38.12% (     188 calls)     0.06s/call
    WGCPotPlus   :      8.58s WALL     30.74% (     188 calls)     0.05s/call
    VWPotSqrPlus :      0.64s WALL      2.31% (     188 calls)     0.00s/call
    NextGradient :      0.03s WALL      0.10% (      10 calls)     0.00s/call
 -----------------------------------------------------------------------------
 ------------------------------- TOTAL ---------------------------------------
    PROFESS      :     27.89s WALL    100.00% (       1 calls)    27.89s/call
 -----------------------------------------------------------------------------

Run completed on: 07/30/2024 at 16:52:35 
  
