 ******************************************************************************
                             WELCOME TO PROFESS                   
            (PRinceton Orbital-Free Electronic Structure Software) 
 ******************************************************************************

 ------------------------------------------------------------------------------
                           READ GEOMETRY
 Cell length (Bohr)    5.181E+00   5.181E+00   5.181E+00
 Angle     (Degree)    9.000E+01   9.000E+01   9.000E+01
 Volume    (Bohr^3)    1.390E+02

 ------------------------------------------------------------------------------
                           READ PSEUDOPOTENTIAL
 Total electron number in ReadPseudo is    4.0000000000000000     
 (System) Machine Precision              :    2.2204460492503131E-016

 ------------------------------------------------------------------------------
                           SETUP FFT
 Global FFT Dimension :    27   27   27
 Dimension of rho for this processor : 
 xmin, xmax :            0          26
 ymin, ymax :            0          26
 zmin, zmax :            0          26
 Total electron number =    4.0000000000000000     
 Uniform rhoR =    2.8767717538669631E-002
 (GB INFO) FFT size      :       27      27      27
 (GB INFO) FFT offset    :        0
 (GB INFO) FFT G size    :       14      27      27
 (GB INFO) FFT G offset  :        0

 ------------------------------------------------------------------------------
                           SETUP KEDF
 kinetic energy density functional number is           11
 ( 1=TF, 2=VW, 3=TF+VW, 4=WT,  5=WGC,  
   7=LQ, 8=HQ, 10=CAT,  11=HC, 12=WGCD,
   15=GGA, 16=WGCD+GGA, 17=EVT, 18=EVC )
 qTable dimension:    14   27   27
 rhoS=   2.8767717538669631E-002
 rho0=   2.8767717538669631E-002
 coefficients for TF KEDF is     1.000000
 coefficients for VW KEDF is     1.000000
 Lambda in HC10 is set to     0.003000
 ALPHA  in HC10 is set to     2.016667
 BETA   in HC10 is set to     0.650000
 Sum of alpha and beta is     2.666667
  dV of each real space grid is now    7.0642049869960397E-003
 Cell length (Bohr)    5.181E+00   5.181E+00   5.181E+00
 Angle     (Degree)    9.000E+01   9.000E+01   9.000E+01
 Volume    (Bohr^3)    1.390E+02

 ------------------------------------------------------------------------------
                           SETUP EWALD 
 (Ewald) eta                             :    1.200    
 (Ewald) Real Space Cutoff               :    6.000     (Bohr)
 (Ewald) Reciprocal Cutoff               :    15.77     (1/Bohr)

 ------------------------------------------------------------------------------
                           SETUP PLANE WAVE 

 ------------------------------------------------------------------------------
                           REFRESH ION POSITIONS
  
 Calculating Ion-Ion Energy ...                   complete.     0.004 s
  
 Calculating Ion-Electron Potential (spline) ... 
 complete.     0.005 s

 ------------------------------------------------------------------------------
                           DENSITY OPTIMIZATION
 Electron number for spin            1  is    3.9999999999987068     
 Cell Volume      :            20.604305 Angstrom^3
 Ion number       :                    1
 Electron number  :             4.000000
 Ion density      :             0.048534 Ion/Angstrom^3
 Electron density :             0.194134 Electron/Angstrom^3
##############################################################################
#                               FINAL ENERGIES                       time    #
##############################################################################
# Thomas-Fermi Kin. Energy =   3.369691199440E+01 eV                 0.000 s #
# Von-Weizsacker Kin. Ener =   8.711338643267E+00 eV                 0.000 s #
#                                                                            #
# GGA(PBE) Exch-Cor Energy =  -3.119358279018E+01 eV                 0.000 s #
#         Coulombic Energy =   3.039676357944E+00 eV                 0.000 s #
#      Ion-Electron Energy =   2.385206770500E+00 eV                 0.000 s #
#           Ion-Ion Energy =  -1.192231574552E+02 eV                 0.000 s #
#                                                                            #
#     TOTAL KINETIC ENERGY =   3.675163128990E+01 eV                         #
#   TOTAL POTENTIAL ENERGY =  -1.449918571169E+02 eV                         #
#             TOTAL ENERGY =  -1.082402258270E+02 eV                         #
##############################################################################
  
 ----------------------------- TIME INFORMATION ------------------------------
    PROFESS      :     27.26s WALL    100.00% (       1 calls)    27.26s/call
    InitPROFESS  :      0.04s WALL      0.13% (       1 calls)     0.04s/call
    KEDFRefresh  :      0.00s WALL      0.00% (       1 calls)     0.00s/call
    IonRefresh   :      0.01s WALL      0.04% (       1 calls)     0.01s/call
    EwaldEnergy  :      0.00s WALL      0.02% (       1 calls)     0.00s/call
    ForwFFT_3D   :      3.63s WALL     13.30% (    5041 calls)     0.00s/call
    BackFFT_3D   :      2.62s WALL      9.60% (    3974 calls)     0.00s/call
    Pot_Ion      :      0.05s WALL      0.20% (     153 calls)     0.00s/call
    Pot_Har      :      0.28s WALL      1.01% (     153 calls)     0.00s/call
    Pot_Exc      :      5.15s WALL     18.90% (     153 calls)     0.03s/call
    PBEPot       :      5.10s WALL     18.70% (     153 calls)     0.03s/call
    Pot_KEDF     :     21.24s WALL     77.92% (     153 calls)     0.14s/call
    intPot       :     20.42s WALL     74.91% (     153 calls)     0.13s/call
    MakeXiG      :      0.31s WALL      1.14% (     153 calls)     0.00s/call
    intPot1      :      5.59s WALL     20.51% (     839 calls)     0.01s/call
    MakeHC10Kern :      0.70s WALL      2.56% (     992 calls)     0.00s/call
    intPot2      :      3.85s WALL     14.12% (     839 calls)     0.00s/call
    intPot3      :      5.11s WALL     18.75% (     839 calls)     0.01s/call
    intPot4      :      2.34s WALL      8.57% (     839 calls)     0.00s/call
    VWPotSqrPlus :      0.23s WALL      0.85% (     153 calls)     0.00s/call
    NextGradient :      0.01s WALL      0.04% (       8 calls)     0.00s/call
 -----------------------------------------------------------------------------
 ------------------------------- TOTAL ---------------------------------------
    PROFESS      :     27.26s WALL    100.00% (       1 calls)    27.26s/call
 -----------------------------------------------------------------------------

Run completed on: 07/30/2024 at 17:11:35 
  
