 ******************************************************************************
                             WELCOME TO PROFESS                   
            (PRinceton Orbital-Free Electronic Structure Software) 
 ******************************************************************************

 ------------------------------------------------------------------------------
                           READ GEOMETRY
 Cell length (Bohr)    5.683E+00   5.683E+00   5.683E+00
 Angle     (Degree)    6.000E+01   6.000E+01   6.000E+01
 Volume    (Bohr^3)    1.298E+02

 ------------------------------------------------------------------------------
                           READ PSEUDOPOTENTIAL
 Total electron number in ReadPseudo is    1.0000000000000000     
 (System) Machine Precision              :    2.2204460492503131E-016

 ------------------------------------------------------------------------------
                           SETUP FFT
 Global FFT Dimension :    15   15   15
 Rank/Size in Global Communicator     :            0 /           1
 Rank/Size in Global FFT Communicator :            0 /           1
 Parallel FFT, totX    =    15
 Parallel FFT, totY    =    15
 Parallel FFT, locZ    =    15
 Parallel FFT, locZoff =     0
 Dimension of rho for this processor : 
 xmin, xmax :            0          14
 ymin, ymax :            0          14
 zmin, zmax :            0          14
 Total electron number =    1.0000000000000000     
 Uniform rhoR =    7.7051885524402472E-003
 (GB INFO) FFT size      :       15      15      15
 (GB INFO) FFT offset    :        0
 (GB INFO) FFT G size    :        8      15      15
 (GB INFO) FFT G offset  :        0

 ------------------------------------------------------------------------------
                           SETUP KEDF
 kinetic energy density functional number is            4
 ( 1=TF, 2=VW, 3=TF+VW, 4=WT,  5=WGC,  
   7=LQ, 8=HQ, 10=CAT,  11=HC, 12=WGCD,
   15=GGA, 16=WGCD+GGA, 17=EVT, 18=EVC )
 qTable dimension:     8   15   15
 Coefficient for TF KEDF is     1.0000
 Coefficient for VW KEDF is     1.0000
 Coefficient for alpha in WT KEDF is     0.8333
 Coefficient for beta  in WT KEDF is     0.8333
 rho0 (Electron/Bohr^3) in WGC KEDF is     0.0077
 hold0 =  F
  dV of each real space grid is now    3.8454126629056826E-002
 Cell length (Bohr)    5.683E+00   5.683E+00   5.683E+00
 Angle     (Degree)    6.000E+01   6.000E+01   6.000E+01
 Volume    (Bohr^3)    1.298E+02

 ------------------------------------------------------------------------------
                           SETUP EWALD 
 (Ewald) eta                             :   0.7978    
 (Ewald) Real Space Cutoff               :    6.000     (Bohr)
 (Ewald) Reciprocal Cutoff               :    7.739     (1/Bohr)

 ------------------------------------------------------------------------------
                           SETUP PLANE WAVE 
 Read in WT kernel.
 kernel file name  : 8PROFESS_KERNEL.dat           
 KEDF type         :     4
 Fermi vector      :   1.182014212099E+00
 Reference density :  -1.000000000000E+00
 Mesh points       :   200002
 Fermi vector in this cell is    1.2220756362907166     
 Fermi vector from kernel file is    1.1820142120987149     
 First qNorm is    0.0000000000000000     
 size of Wang-Teter kernel in this run is            8          15          15
 Max |G| in this calculation is   1.815022489967E+01
 Max eta used from kernel is   1.485196526359E+01

 ------------------------------------------------------------------------------
                           REFRESH ION POSITIONS
  
 Calculating Ion-Ion Energy ...                   complete.     0.000 s
  
 Calculating Ion-Electron Potential (spline) ... 
 complete.     0.000 s

 ------------------------------------------------------------------------------
                           DENSITY OPTIMIZATION
 Electron number for spin            1  is   0.99999999999996048     
 Cell Volume      :            19.231808 Angstrom^3
 Ion number       :                    1
 Electron number  :             1.000000
 Ion density      :             0.051997 Ion/Angstrom^3
 Electron density :             0.051997 Electron/Angstrom^3
##############################################################################
#                               FINAL ENERGIES                       time    #
##############################################################################
# Thomas-Fermi Kin. Energy =   3.083777269631E+00 eV                 0.000 s #
# Von-Weizsacker Kin. Ener =   2.306705919983E-01 eV                 0.000 s #
# Wang-Teter Kinetic Energ =  -5.814835854049E-02 eV                 0.000 s #
#                                                                            #
#     LDA Exch-Corr Energy =  -4.980781666728E+00 eV                 0.000 s #
#         Coulombic Energy =   1.246624856037E-02 eV                 0.000 s #
#      Ion-Electron Energy =   1.884728024515E+00 eV                 0.000 s #
#           Ion-Ion Energy =  -7.761660837915E+00 eV                 0.000 s #
#                                                                            #
#     TOTAL KINETIC ENERGY =   3.256299503088E+00 eV                         #
#   TOTAL POTENTIAL ENERGY =  -1.084524823157E+01 eV                         #
#             TOTAL ENERGY =  -7.588948728479E+00 eV                         #
##############################################################################
  
 ----------------------------- TIME INFORMATION ------------------------------
    PROFESS      :      0.94s WALL    100.00% (       1 calls)     0.94s/call
    InitPROFESS  :      0.52s WALL     55.39% (       1 calls)     0.52s/call
    KEDFRefresh  :      0.50s WALL     53.60% (       1 calls)     0.50s/call
    IonRefresh   :      0.00s WALL      0.10% (       1 calls)     0.00s/call
    EwaldEnergy  :      0.00s WALL      0.05% (       1 calls)     0.00s/call
    Pot_Ion      :      0.00s WALL      0.03% (      68 calls)     0.00s/call
    Pot_Har      :      0.01s WALL      0.74% (      68 calls)     0.00s/call
    Pot_Exc      :      0.03s WALL      3.17% (      68 calls)     0.00s/call
    Pot_KEDF     :      0.13s WALL     14.30% (      68 calls)     0.00s/call
    VWPotSqrPlus :      0.01s WALL      0.66% (      68 calls)     0.00s/call
    NextGradient :      0.00s WALL      0.03% (       6 calls)     0.00s/call
 -----------------------------------------------------------------------------
 ------------------------------- TOTAL ---------------------------------------
    PROFESS      :      0.94s WALL    100.00% (       1 calls)     0.94s/call
 -----------------------------------------------------------------------------

Run completed on: 08/14/2021 at 19:03:58 
  
