 ******************************************************************************
                             WELCOME TO PROFESS                   
            (PRinceton Orbital-Free Electronic Structure Software) 
 ******************************************************************************

 ------------------------------------------------------------------------------
                           READ GEOMETRY
 Cell length (Bohr)    9.614E+00   1.664E+01   1.583E+01
 Angle     (Degree)    9.000E+01   9.000E+01   9.000E+01
 Volume    (Bohr^3)    2.533E+03

 ------------------------------------------------------------------------------
                           READ PSEUDOPOTENTIAL
 Total electron number in ReadPseudo is    32.000000000000000     
 (System) Machine Precision              :    2.2204460492503131E-016

 ------------------------------------------------------------------------------
                           SETUP FFT
 Global FFT Dimension :    48   84   80
 Dimension of rho for this processor : 
 xmin, xmax :            0          47
 ymin, ymax :            0          83
 zmin, zmax :            0          79
 Total electron number =    32.000000000000000     
 Uniform rhoR =    1.2633860284078518E-002
 (GB INFO) FFT size      :       48      84      80
 (GB INFO) FFT offset    :        0
 (GB INFO) FFT G size    :       25      84      80
 (GB INFO) FFT G offset  :        0

 ------------------------------------------------------------------------------
                           SETUP KEDF
 kinetic energy density functional number is           11
 ( 1=TF, 2=VW, 3=TF+VW, 4=WT,  5=WGC,  
   7=LQ, 8=HQ, 10=CAT,  11=HC, 12=WGCD,
   15=GGA, 16=WGCD+GGA, 17=EVT, 18=EVC )
 qTable dimension:    25   84   80
 rhoS=   1.2633860284078518E-002
 rho0=   1.2633860284078518E-002
 coefficients for TF KEDF is     1.000000
 coefficients for VW KEDF is     1.000000
 Lambda in HC10 is set to     0.012000
 ALPHA  in HC10 is set to     1.856667
 BETA   in HC10 is set to     0.810000
 Sum of alpha and beta is     2.666667
  dV of each real space grid is now    7.8524177864600364E-003
 Cell length (Bohr)    9.614E+00   1.664E+01   1.583E+01
 Angle     (Degree)    9.000E+01   9.000E+01   9.000E+01
 Volume    (Bohr^3)    2.533E+03

 ------------------------------------------------------------------------------
                           SETUP EWALD 
 (Ewald) eta                             :    1.200    
 (Ewald) Real Space Cutoff               :    6.000     (Bohr)
 (Ewald) Reciprocal Cutoff               :    15.36     (1/Bohr)

 ------------------------------------------------------------------------------
                           SETUP PLANE WAVE 

 ------------------------------------------------------------------------------
                           REFRESH ION POSITIONS
  
 Calculating Ion-Ion Energy ...                   complete.     0.247 s
  
 Calculating Ion-Electron Potential (spline) ... 
 complete.     0.168 s

 ------------------------------------------------------------------------------
                           DENSITY OPTIMIZATION
 Electron number for spin            1  is    31.999999999918344     
 Cell Volume      :           375.333477 Angstrom^3
 Ion number       :                    8
 Electron number  :            32.000000
 Ion density      :             0.021314 Ion/Angstrom^3
 Electron density :             0.085258 Electron/Angstrom^3
##############################################################################
#                               FINAL ENERGIES                       time    #
##############################################################################
# Thomas-Fermi Kin. Energy =   1.983940740721E+02 eV                 0.000 s #
# Von-Weizsacker Kin. Ener =   8.215260995710E+01 eV                 0.000 s #
#                                                                            #
# GGA(PBE) Exch-Cor Energy =  -2.149232864116E+02 eV                 0.000 s #
#         Coulombic Energy =   8.354978768281E+01 eV                 0.000 s #
#      Ion-Electron Energy =  -1.746034254376E+02 eV                 0.000 s #
#           Ion-Ion Energy =  -7.175474080608E+02 eV                 0.000 s #
#                                                                            #
#     TOTAL KINETIC ENERGY =   2.221601412506E+02 eV                         #
#   TOTAL POTENTIAL ENERGY =  -1.023524332227E+03 eV                         #
#             TOTAL ENERGY =  -8.013641909766E+02 eV                         #
##############################################################################
  
 ----------------------------- TIME INFORMATION ------------------------------
    PROFESS      :  12670.12s WALL    100.00% (       1 calls) 12670.12s/call
    InitPROFESS  :      0.58s WALL      0.00% (       1 calls)     0.58s/call
    KEDFRefresh  :      0.04s WALL      0.00% (       1 calls)     0.04s/call
    IonRefresh   :      0.45s WALL      0.00% (       1 calls)     0.45s/call
    EwaldEnergy  :      0.25s WALL      0.00% (       1 calls)     0.25s/call
    ForwFFT_3D   :   3048.67s WALL     24.06% (  187773 calls)     0.02s/call
    BackFFT_3D   :   1506.34s WALL     11.89% (  113321 calls)     0.01s/call
    Pot_Ion      :      5.78s WALL      0.05% (    2046 calls)     0.00s/call
    Pot_Har      :     69.36s WALL      0.55% (    2046 calls)     0.03s/call
    Pot_Exc      :   1290.90s WALL     10.19% (    2046 calls)     0.63s/call
    PBEPot       :   1284.37s WALL     10.14% (    2046 calls)     0.63s/call
    Pot_KEDF     :  11212.85s WALL     88.50% (    2046 calls)     5.48s/call
    intPot       :  11070.41s WALL     87.37% (    2046 calls)     5.41s/call
    MakeXiG      :     43.38s WALL      0.34% (    2046 calls)     0.02s/call
    VWPotSqrPlus :     65.11s WALL      0.51% (    2046 calls)     0.03s/call
    intPot1      :   3120.26s WALL     24.63% (   41316 calls)     0.08s/call
    MakeHC10Kern :    233.93s WALL      1.85% (   43361 calls)     0.01s/call
    intPot2      :   2058.08s WALL     16.24% (   41316 calls)     0.05s/call
    intPot3      :   4008.45s WALL     31.64% (   41316 calls)     0.10s/call
    intPot4      :   1254.66s WALL      9.90% (   41316 calls)     0.03s/call
    NextGradient :      8.65s WALL      0.07% (     212 calls)     0.04s/call
 -----------------------------------------------------------------------------
 ------------------------------- TOTAL ---------------------------------------
    PROFESS      :  12670.12s WALL    100.00% (       1 calls) 12670.12s/call
 -----------------------------------------------------------------------------

Run completed on: 07/31/2024 at 05:06:02 
  
