 ******************************************************************************
                             WELCOME TO PROFESS                   
            (PRinceton Orbital-Free Electronic Structure Software) 
 ******************************************************************************

 ------------------------------------------------------------------------------
                           READ GEOMETRY
 Cell length (Bohr)    7.866E+00   1.361E+01   1.295E+01
 Angle     (Degree)    9.000E+01   9.000E+01   9.000E+01
 Volume    (Bohr^3)    1.387E+03

 ------------------------------------------------------------------------------
                           READ PSEUDOPOTENTIAL
 Total electron number in ReadPseudo is    32.000000000000000     
 (System) Machine Precision              :    2.2204460492503131E-016

 ------------------------------------------------------------------------------
                           SETUP FFT
 Global FFT Dimension :    40   70   64
 Dimension of rho for this processor : 
 xmin, xmax :            0          39
 ymin, ymax :            0          69
 zmin, zmax :            0          63
 Total electron number =    32.000000000000000     
 Uniform rhoR =    2.3066759997405352E-002
 (GB INFO) FFT size      :       40      70      64
 (GB INFO) FFT offset    :        0
 (GB INFO) FFT G size    :       21      70      64
 (GB INFO) FFT G offset  :        0

 ------------------------------------------------------------------------------
                           SETUP KEDF
 kinetic energy density functional number is           11
 ( 1=TF, 2=VW, 3=TF+VW, 4=WT,  5=WGC,  
   7=LQ, 8=HQ, 10=CAT,  11=HC, 12=WGCD,
   15=GGA, 16=WGCD+GGA, 17=EVT, 18=EVC )
 qTable dimension:    21   70   64
 rhoS=   2.3066759997405352E-002
 rho0=   2.3066759997405352E-002
 coefficients for TF KEDF is     1.000000
 coefficients for VW KEDF is     1.000000
 Lambda in HC10 is set to     0.012000
 ALPHA  in HC10 is set to     1.856667
 BETA   in HC10 is set to     0.810000
 Sum of alpha and beta is     2.666667
  dV of each real space grid is now    7.7415045975904309E-003
 Cell length (Bohr)    7.866E+00   1.361E+01   1.295E+01
 Angle     (Degree)    9.000E+01   9.000E+01   9.000E+01
 Volume    (Bohr^3)    1.387E+03

 ------------------------------------------------------------------------------
                           SETUP EWALD 
 (Ewald) eta                             :    1.200    
 (Ewald) Real Space Cutoff               :    6.000     (Bohr)
 (Ewald) Reciprocal Cutoff               :    15.28     (1/Bohr)

 ------------------------------------------------------------------------------
                           SETUP PLANE WAVE 

 ------------------------------------------------------------------------------
                           REFRESH ION POSITIONS
  
 Calculating Ion-Ion Energy ...                   complete.     0.117 s
  
 Calculating Ion-Electron Potential (spline) ... 
 complete.     0.113 s

 ------------------------------------------------------------------------------
                           DENSITY OPTIMIZATION
 Electron number for spin            1  is    32.000000000134492     
 Cell Volume      :           205.573332 Angstrom^3
 Ion number       :                    8
 Electron number  :            32.000000
 Ion density      :             0.038916 Ion/Angstrom^3
 Electron density :             0.155662 Electron/Angstrom^3
##############################################################################
#                               FINAL ENERGIES                       time    #
##############################################################################
# Thomas-Fermi Kin. Energy =   2.532644970361E+02 eV                 0.000 s #
# Von-Weizsacker Kin. Ener =   8.367514437506E+01 eV                 0.000 s #
#                                                                            #
# GGA(PBE) Exch-Cor Energy =  -2.421023335141E+02 eV                 0.000 s #
#         Coulombic Energy =   4.992078885273E+01 eV                 0.000 s #
#      Ion-Electron Energy =  -4.732647356852E+00 eV                 0.000 s #
#           Ion-Ion Energy =  -8.770023885691E+02 eV                 0.000 s #
#                                                                            #
#     TOTAL KINETIC ENERGY =   2.727949482646E+02 eV                         #
#   TOTAL POTENTIAL ENERGY =  -1.073916580587E+03 eV                         #
#             TOTAL ENERGY =  -8.011216323227E+02 eV                         #
##############################################################################
  
 ----------------------------- TIME INFORMATION ------------------------------
    PROFESS      :   7731.87s WALL    100.00% (       1 calls)  7731.87s/call
    InitPROFESS  :      0.39s WALL      0.01% (       1 calls)     0.39s/call
    KEDFRefresh  :      0.01s WALL      0.00% (       1 calls)     0.01s/call
    IonRefresh   :      0.28s WALL      0.00% (       1 calls)     0.28s/call
    EwaldEnergy  :      0.12s WALL      0.00% (       1 calls)     0.12s/call
    ForwFFT_3D   :   1865.54s WALL     24.13% (   68952 calls)     0.03s/call
    BackFFT_3D   :    945.85s WALL     12.23% (   42406 calls)     0.02s/call
    Pot_Ion      :      4.27s WALL      0.06% (     835 calls)     0.01s/call
    Pot_Har      :     49.81s WALL      0.64% (     835 calls)     0.06s/call
    Pot_Exc      :    881.55s WALL     11.40% (     835 calls)     1.06s/call
    PBEPot       :    876.56s WALL     11.34% (     835 calls)     1.05s/call
    Pot_KEDF     :   6732.68s WALL     87.08% (     835 calls)     8.06s/call
    intPot       :   6634.70s WALL     85.81% (     835 calls)     7.95s/call
    MakeXiG      :     28.97s WALL      0.37% (     835 calls)     0.03s/call
    VWPotSqrPlus :     47.12s WALL      0.61% (     835 calls)     0.06s/call
    intPot1      :   1837.36s WALL     23.76% (   14941 calls)     0.12s/call
    MakeHC10Kern :    136.29s WALL      1.76% (   15775 calls)     0.01s/call
    intPot2      :   1214.67s WALL     15.71% (   14941 calls)     0.08s/call
    intPot3      :   2394.28s WALL     30.97% (   14941 calls)     0.16s/call
    intPot4      :    742.81s WALL      9.61% (   14941 calls)     0.05s/call
    NextGradient :      3.34s WALL      0.04% (      88 calls)     0.04s/call
 -----------------------------------------------------------------------------
 ------------------------------- TOTAL ---------------------------------------
    PROFESS      :   7731.87s WALL    100.00% (       1 calls)  7731.87s/call
 -----------------------------------------------------------------------------

Run completed on: 07/31/2024 at 03:25:57 
  
