 ******************************************************************************
                             WELCOME TO PROFESS                   
            (PRinceton Orbital-Free Electronic Structure Software) 
 ******************************************************************************

 ------------------------------------------------------------------------------
                           READ GEOMETRY
 Cell length (Bohr)    5.369E+00   5.369E+00   8.805E+00
 Angle     (Degree)    9.000E+01   9.000E+01   1.200E+02
 Volume    (Bohr^3)    2.198E+02

 ------------------------------------------------------------------------------
                           READ PSEUDOPOTENTIAL
 Total electron number in ReadPseudo is    6.0000000000000000     
 (System) Machine Precision              :    2.2204460492503131E-016

 ------------------------------------------------------------------------------
                           SETUP FFT
 Global FFT Dimension :    14   14   24
 Rank/Size in Global Communicator     :            0 /           1
 Rank/Size in Global FFT Communicator :            0 /           1
 Parallel FFT, totX    =    14
 Parallel FFT, totY    =    14
 Parallel FFT, locZ    =    24
 Parallel FFT, locZoff =     0
 Dimension of rho for this processor : 
 xmin, xmax :            0          13
 ymin, ymax :            0          13
 zmin, zmax :            0          23
 Total electron number =    6.0000000000000000     
 Uniform rhoR =    2.7298286597576708E-002
 (GB INFO) FFT size      :       14      14      24
 (GB INFO) FFT offset    :        0
 (GB INFO) FFT G size    :        8      14      24
 (GB INFO) FFT G offset  :        0

 ------------------------------------------------------------------------------
                           SETUP KEDF
 kinetic energy density functional number is            4
 ( 1=TF, 2=VW, 3=TF+VW, 4=WT,  5=WGC,  
   7=LQ, 8=HQ, 10=CAT,  11=HC, 12=WGCD,
   15=GGA, 16=WGCD+GGA, 17=EVT, 18=EVC )
 qTable dimension:     8   14   24
 Coefficient for TF KEDF is     1.0000
 Coefficient for VW KEDF is     1.0000
 Coefficient for alpha in WT KEDF is     0.8333
 Coefficient for beta  in WT KEDF is     0.8333
 rho0 (Electron/Bohr^3) in WGC KEDF is     0.0273
 hold0 =  F
  dV of each real space grid is now    4.6724918046499690E-002
 Cell length (Bohr)    5.369E+00   5.369E+00   8.805E+00
 Angle     (Degree)    9.000E+01   9.000E+01   1.200E+02
 Volume    (Bohr^3)    2.198E+02

 ------------------------------------------------------------------------------
                           SETUP EWALD 
 (Ewald) eta                             :   0.7343    
 (Ewald) Real Space Cutoff               :    6.688     (Bohr)
 (Ewald) Reciprocal Cutoff               :    7.607     (1/Bohr)

 ------------------------------------------------------------------------------
                           SETUP PLANE WAVE 
 Read in WT kernel.
 kernel file name  : 7PROFESS_KERNEL.dat           
 KEDF type         :     4
 Fermi vector      :   1.182014212099E+00
 Reference density :  -1.000000000000E+00
 Mesh points       :   200002
 Fermi vector in this cell is    1.8630111696090130     
 Fermi vector from kernel file is    1.1820142120987149     
 First qNorm is    0.0000000000000000     
 size of Wang-Teter kernel in this run is            8          14          24
 Max |G| in this calculation is   1.848733429613E+01
 Max eta used from kernel is   9.923362026869E+00

 ------------------------------------------------------------------------------
                           REFRESH ION POSITIONS
  
 Calculating Ion-Ion Energy ...                   complete.     0.001 s
  
 Calculating Ion-Electron Potential (spline) ... 
 complete.     0.001 s

 ------------------------------------------------------------------------------
                           DENSITY OPTIMIZATION
 Electron number for spin            1  is    5.9999999999994102     
 Cell Volume      :            32.570112 Angstrom^3
 Ion number       :                    2
 Electron number  :             6.000000
 Ion density      :             0.061406 Ion/Angstrom^3
 Electron density :             0.184218 Electron/Angstrom^3
##############################################################################
#                               FINAL ENERGIES                       time    #
##############################################################################
# Thomas-Fermi Kin. Energy =   4.323507235534E+01 eV                 0.000 s #
# Von-Weizsacker Kin. Ener =   3.798083014902E+00 eV                 0.000 s #
# Wang-Teter Kinetic Energ =  -1.461494876338E+00 eV                 0.000 s #
#                                                                            #
#     LDA Exch-Corr Energy =  -4.385485412882E+01 eV                 0.000 s #
#         Coulombic Energy =   2.022586811969E-01 eV                 0.000 s #
#      Ion-Electron Energy =   2.982115342709E+01 eV                 0.000 s #
#           Ion-Ion Energy =  -1.476680726136E+02 eV                 0.000 s #
#                                                                            #
#     TOTAL KINETIC ENERGY =   4.557166049390E+01 eV                         #
#   TOTAL POTENTIAL ENERGY =  -1.614995146341E+02 eV                         #
#             TOTAL ENERGY =  -1.159278541402E+02 eV                         #
##############################################################################
  
 ----------------------------- TIME INFORMATION ------------------------------
    PROFESS      :      1.61s WALL    100.00% (       1 calls)     1.61s/call
    InitPROFESS  :      0.92s WALL     57.39% (       1 calls)     0.92s/call
    KEDFRefresh  :      0.87s WALL     53.68% (       1 calls)     0.87s/call
    IonRefresh   :      0.00s WALL      0.12% (       1 calls)     0.00s/call
    EwaldEnergy  :      0.00s WALL      0.05% (       1 calls)     0.00s/call
    Pot_Ion      :      0.00s WALL      0.04% (      75 calls)     0.00s/call
    Pot_Har      :      0.02s WALL      0.98% (      75 calls)     0.00s/call
    Pot_Exc      :      0.06s WALL      3.70% (      75 calls)     0.00s/call
    Pot_KEDF     :      0.28s WALL     17.11% (      75 calls)     0.00s/call
    VWPotSqrPlus :      0.02s WALL      0.95% (      75 calls)     0.00s/call
    NextGradient :      0.00s WALL      0.04% (       7 calls)     0.00s/call
 -----------------------------------------------------------------------------
 ------------------------------- TOTAL ---------------------------------------
    PROFESS      :      1.61s WALL    100.00% (       1 calls)     1.61s/call
 -----------------------------------------------------------------------------

Run completed on: 09/27/2021 at 11:16:04 
  
