 ******************************************************************************
                             WELCOME TO PROFESS                   
            (PRinceton Orbital-Free Electronic Structure Software) 
 ******************************************************************************

 ------------------------------------------------------------------------------
                           READ GEOMETRY
 Cell length (Bohr)    7.458E+00   7.458E+00   7.458E+00
 Angle     (Degree)    6.000E+01   6.000E+01   6.000E+01
 Volume    (Bohr^3)    2.933E+02

 ------------------------------------------------------------------------------
                           READ PSEUDOPOTENTIAL
 Total electron number in ReadPseudo is    8.0000000000000000     
 (System) Machine Precision              :    2.2204460492503131E-016

 ------------------------------------------------------------------------------
                           SETUP FFT
 Global FFT Dimension :    40   40   40
 Dimension of rho for this processor : 
 xmin, xmax :            0          39
 ymin, ymax :            0          39
 zmin, zmax :            0          39
 Total electron number =    8.0000000000000000     
 Uniform rhoR =    2.7275844012118373E-002
 (GB INFO) FFT size      :       40      40      40
 (GB INFO) FFT offset    :        0
 (GB INFO) FFT G size    :       21      40      40
 (GB INFO) FFT G offset  :        0

 ------------------------------------------------------------------------------
                           SETUP KEDF
 kinetic energy density functional number is           11
 ( 1=TF, 2=VW, 3=TF+VW, 4=WT,  5=WGC,  
   7=LQ, 8=HQ, 10=CAT,  11=HC, 12=WGCD,
   15=GGA, 16=WGCD+GGA, 17=EVT, 18=EVC )
 qTable dimension:    21   40   40
 rhoS=   2.7275844012118373E-002
 rho0=   2.7275844012118373E-002
 coefficients for TF KEDF is     1.000000
 coefficients for VW KEDF is     1.000000
 Lambda in HC10 is set to     0.013000
 ALPHA  in HC10 is set to     1.883667
 BETA   in HC10 is set to     0.783000
 Sum of alpha and beta is     2.666667
  dV of each real space grid is now    4.5828096078150251E-003
 Cell length (Bohr)    7.458E+00   7.458E+00   7.458E+00
 Angle     (Degree)    6.000E+01   6.000E+01   6.000E+01
 Volume    (Bohr^3)    2.933E+02

 ------------------------------------------------------------------------------
                           SETUP EWALD 
 (Ewald) eta                             :    1.200    
 (Ewald) Real Space Cutoff               :    6.000     (Bohr)
 (Ewald) Reciprocal Cutoff               :    16.43     (1/Bohr)

 ------------------------------------------------------------------------------
                           SETUP PLANE WAVE 

 ------------------------------------------------------------------------------
                           REFRESH ION POSITIONS
  
 Calculating Ion-Ion Energy ...                   complete.     0.016 s
  
 Calculating Ion-Electron Potential (spline) ... 
 complete.     0.033 s

 ------------------------------------------------------------------------------
                           DENSITY OPTIMIZATION
 Electron number for spin            1  is    8.0000000000047464     
 Cell Volume      :            43.462548 Angstrom^3
 Ion number       :                    2
 Electron number  :             8.000000
 Ion density      :             0.046017 Ion/Angstrom^3
 Electron density :             0.184067 Electron/Angstrom^3
##############################################################################
#                               FINAL ENERGIES                       time    #
##############################################################################
# Thomas-Fermi Kin. Energy =   7.450987795131E+01 eV                 0.000 s #
# Von-Weizsacker Kin. Ener =   2.279661456670E+01 eV                 0.000 s #
#                                                                            #
# GGA(PBE) Exch-Cor Energy =  -6.491705762376E+01 eV                 0.000 s #
#         Coulombic Energy =   1.841055246286E+01 eV                 0.000 s #
#      Ion-Electron Energy =  -3.205045184356E+01 eV                 0.000 s #
#           Ion-Ion Energy =  -2.321307083052E+02 eV                 0.000 s #
#                                                                            #
#     TOTAL KINETIC ENERGY =   7.894900822813E+01 eV                         #
#   TOTAL POTENTIAL ENERGY =  -3.106876653097E+02 eV                         #
#             TOTAL ENERGY =  -2.317386570816E+02 eV                         #
##############################################################################
  
 ----------------------------- TIME INFORMATION ------------------------------
    PROFESS      :   3261.16s WALL    100.00% (       1 calls)  3261.16s/call
    InitPROFESS  :      0.12s WALL      0.00% (       1 calls)     0.12s/call
    KEDFRefresh  :      0.00s WALL      0.00% (       1 calls)     0.00s/call
    IonRefresh   :      0.06s WALL      0.00% (       1 calls)     0.06s/call
    EwaldEnergy  :      0.02s WALL      0.00% (       1 calls)     0.02s/call
    ForwFFT_3D   :    587.06s WALL     18.00% (   69411 calls)     0.01s/call
    BackFFT_3D   :    299.25s WALL      9.18% (   45495 calls)     0.01s/call
    Pot_Ion      :      2.96s WALL      0.09% (    1136 calls)     0.00s/call
    Pot_Har      :     21.91s WALL      0.67% (    1136 calls)     0.02s/call
    Pot_Exc      :    401.96s WALL     12.33% (    1136 calls)     0.35s/call
    PBEPot       :    398.81s WALL     12.23% (    1136 calls)     0.35s/call
    Pot_KEDF     :   2796.75s WALL     85.76% (    1136 calls)     2.46s/call
    intPot       :   2746.79s WALL     84.23% (    1136 calls)     2.42s/call
    MakeXiG      :     19.23s WALL      0.59% (    1136 calls)     0.02s/call
    VWPotSqrPlus :     18.40s WALL      0.56% (    1136 calls)     0.02s/call
    intPot1      :    755.45s WALL     23.16% (   14228 calls)     0.05s/call
    MakeHC10Kern :     73.38s WALL      2.25% (   15363 calls)     0.00s/call
    intPot2      :    556.17s WALL     17.05% (   14228 calls)     0.04s/call
    intPot3      :    861.03s WALL     26.40% (   14228 calls)     0.06s/call
    intPot4      :    347.83s WALL     10.67% (   14228 calls)     0.02s/call
    NextGradient :      1.81s WALL      0.06% (      98 calls)     0.02s/call
 -----------------------------------------------------------------------------
 ------------------------------- TOTAL ---------------------------------------
    PROFESS      :   3261.16s WALL    100.00% (       1 calls)  3261.16s/call
 -----------------------------------------------------------------------------

Run completed on: 07/31/2024 at 10:40:15 
  
