 ******************************************************************************
                             WELCOME TO PROFESS                   
            (PRinceton Orbital-Free Electronic Structure Software) 
 ******************************************************************************

 ------------------------------------------------------------------------------
                           READ GEOMETRY
 Cell length (Bohr)    5.302E+00   5.302E+00   9.524E+01
 Angle     (Degree)    9.000E+01   9.000E+01   6.000E+01
 Volume    (Bohr^3)    2.319E+03

 ------------------------------------------------------------------------------
                           READ PSEUDOPOTENTIAL
 Total electron number in ReadPseudo is    66.000000000000000     
 (System) Machine Precision              :    2.2204460492503131E-016

 ------------------------------------------------------------------------------
                           SETUP FFT
 Global FFT Dimension :    14   14  240
 Rank/Size in Global Communicator     :            0 /           1
 Rank/Size in Global FFT Communicator :            0 /           1
 Parallel FFT, totX    =    14
 Parallel FFT, totY    =    14
 Parallel FFT, locZ    =   240
 Parallel FFT, locZoff =     0
 Dimension of rho for this processor : 
 xmin, xmax :            0          13
 ymin, ymax :            0          13
 zmin, zmax :            0         239
 Total electron number =    66.000000000000000     
 Uniform rhoR =    2.8462277516168498E-002
 (GB INFO) FFT size      :       14      14     240
 (GB INFO) FFT offset    :        0
 (GB INFO) FFT G size    :        8      14     240
 (GB INFO) FFT G offset  :        0

 ------------------------------------------------------------------------------
                           SETUP KEDF
 kinetic energy density functional number is            5
 ( 1=TF, 2=VW, 3=TF+VW, 4=WT,  5=WGC,  
   7=LQ, 8=HQ, 10=CAT,  11=HC, 12=WGCD,
   15=GGA, 16=WGCD+GGA, 17=EVT, 18=EVC )
 qTable dimension:     8   14  240
 Coefficient for TF KEDF is     1.0000
 Coefficient for VW KEDF is     1.0000
 Coefficient for alpha in WGC KEDF is     1.2060
 Coefficient for beta  in WGC KEDF is     0.4607
 Coefficient for gamma in WGC KEDF is     2.7000
 rho0 (Electron/Bohr^3) in WGC KEDF is     0.0285
 rhoS (Electron/Bohr^3) in WGC KEDF is     0.0285
 hold0 =  F
 holdS =  F
  dV of each real space grid is now    4.9295465680592926E-002
 Cell length (Bohr)    5.302E+00   5.302E+00   9.524E+01
 Angle     (Degree)    9.000E+01   9.000E+01   6.000E+01
 Volume    (Bohr^3)    2.319E+03

 ------------------------------------------------------------------------------
                           SETUP EWALD 
 (Ewald) eta                             :   0.6867    
 (Ewald) Real Space Cutoff               :    7.519     (Bohr)
 (Ewald) Reciprocal Cutoff               :    7.703     (1/Bohr)

 ------------------------------------------------------------------------------
                           SETUP PLANE WAVE 

 ------------------------------------------------------------------------------
                           INITIALIZING WGC KERNEL
 Fermi vector :   0.94456144869120884     
 Reference density :    2.8462277516168498E-002
 Make WGC kernels.
 Dimension of KEDF Kernel :            8          14         240

 ------------------------------------------------------------------------------
                           REFRESH ION POSITIONS
  
 Calculating Ion-Ion Energy ...                   complete.     0.008 s
  
 Calculating Ion-Electron Potential (spline) ... 
 complete.     0.007 s

 ------------------------------------------------------------------------------
                           DENSITY OPTIMIZATION
 Electron number for spin            1  is    65.999999999972189     
 Cell Volume      :           343.619404 Angstrom^3
 Ion number       :                   22
 Electron number  :            66.000000
 Ion density      :             0.064024 Ion/Angstrom^3
 Electron density :             0.192073 Electron/Angstrom^3
  
 Calculating Ion-Ion Forces ...                complete.     0.009 s
  
 Calculating Ion-Electron Forces (spline) ...  complete.     0.005 s
  ------ ION (GRADIENT METHOD) STEP            1  ------

 ------------------------------------------------------------------------------
                           REFRESH ION POSITIONS
  
 Calculating Ion-Ion Energy ...                   complete.     0.006 s
  
 Calculating Ion-Electron Potential (spline) ... 
 complete.     0.008 s

 ------------------------------------------------------------------------------
                           DENSITY OPTIMIZATION
 Electron number for spin            1  is    66.000000000000014     
 Cell Volume      :           343.619404 Angstrom^3
 Ion number       :                   22
 Electron number  :            66.000000
 Ion density      :             0.064024 Ion/Angstrom^3
 Electron density :             0.192073 Electron/Angstrom^3
  
 Calculating Ion-Ion Forces ...                complete.     0.005 s
  
 Calculating Ion-Electron Forces (spline) ...  complete.     0.003 s

 ------------------------------------------------------------------------------
                           REFRESH ION POSITIONS
  
 Calculating Ion-Ion Energy ...                   complete.     0.004 s
  
 Calculating Ion-Electron Potential (spline) ... 
 complete.     0.005 s

 ------------------------------------------------------------------------------
                           DENSITY OPTIMIZATION
 Electron number for spin            1  is    65.999999999999133     
 Cell Volume      :           343.619404 Angstrom^3
 Ion number       :                   22
 Electron number  :            66.000000
 Ion density      :             0.064024 Ion/Angstrom^3
 Electron density :             0.192073 Electron/Angstrom^3
  
 Calculating Ion-Ion Forces ...                complete.     0.009 s
  
 Calculating Ion-Electron Forces (spline) ...  complete.     0.005 s
  ------ ION (GRADIENT METHOD) STEP            2  ------

 ------------------------------------------------------------------------------
                           REFRESH ION POSITIONS
  
 Calculating Ion-Ion Energy ...                   complete.     0.007 s
  
 Calculating Ion-Electron Potential (spline) ... 
 complete.     0.009 s

 ------------------------------------------------------------------------------
                           DENSITY OPTIMIZATION
 Electron number for spin            1  is    65.999999999999147     
 Cell Volume      :           343.619404 Angstrom^3
 Ion number       :                   22
 Electron number  :            66.000000
 Ion density      :             0.064024 Ion/Angstrom^3
 Electron density :             0.192073 Electron/Angstrom^3
  
 Calculating Ion-Ion Forces ...                complete.     0.008 s
  
 Calculating Ion-Electron Forces (spline) ...  complete.     0.006 s
  ------ ION (GRADIENT METHOD) STEP            3  ------

 ------------------------------------------------------------------------------
                           REFRESH ION POSITIONS
  
 Calculating Ion-Ion Energy ...                   complete.     0.008 s
  
 Calculating Ion-Electron Potential (spline) ... 
 complete.     0.007 s

 ------------------------------------------------------------------------------
                           DENSITY OPTIMIZATION
 Electron number for spin            1  is    65.999999999998963     
 Cell Volume      :           343.619404 Angstrom^3
 Ion number       :                   22
 Electron number  :            66.000000
 Ion density      :             0.064024 Ion/Angstrom^3
 Electron density :             0.192073 Electron/Angstrom^3
  
 Calculating Ion-Ion Forces ...                complete.     0.008 s
  
 Calculating Ion-Electron Forces (spline) ...  complete.     0.005 s

 ------------------------------------------------------------------------------
                           REFRESH ION POSITIONS
  
 Calculating Ion-Ion Energy ...                   complete.     0.007 s
  
 Calculating Ion-Electron Potential (spline) ... 
 complete.     0.007 s

 ------------------------------------------------------------------------------
                           DENSITY OPTIMIZATION
 Electron number for spin            1  is    65.999999999999744     
 Cell Volume      :           343.619404 Angstrom^3
 Ion number       :                   22
 Electron number  :            66.000000
 Ion density      :             0.064024 Ion/Angstrom^3
 Electron density :             0.192073 Electron/Angstrom^3
  
 Calculating Ion-Ion Forces ...                complete.     0.008 s
  
 Calculating Ion-Electron Forces (spline) ...  complete.     0.005 s
  ------ ION (GRADIENT METHOD) STEP            4  ------

 ------------------------------------------------------------------------------
                           REFRESH ION POSITIONS
  
 Calculating Ion-Ion Energy ...                   complete.     0.007 s
  
 Calculating Ion-Electron Potential (spline) ... 
 complete.     0.007 s

 ------------------------------------------------------------------------------
                           DENSITY OPTIMIZATION
 Electron number for spin            1  is    66.000000000000014     
 Cell Volume      :           343.619404 Angstrom^3
 Ion number       :                   22
 Electron number  :            66.000000
 Ion density      :             0.064024 Ion/Angstrom^3
 Electron density :             0.192073 Electron/Angstrom^3
  
 Calculating Ion-Ion Forces ...                complete.     0.008 s
  
 Calculating Ion-Electron Forces (spline) ...  complete.     0.005 s

 ------------------------------------------------------------------------------
                           REFRESH ION POSITIONS
  
 Calculating Ion-Ion Energy ...                   complete.     0.007 s
  
 Calculating Ion-Electron Potential (spline) ... 
 complete.     0.008 s

 ------------------------------------------------------------------------------
                           DENSITY OPTIMIZATION
 Electron number for spin            1  is    65.999999999999190     
 Cell Volume      :           343.619404 Angstrom^3
 Ion number       :                   22
 Electron number  :            66.000000
 Ion density      :             0.064024 Ion/Angstrom^3
 Electron density :             0.192073 Electron/Angstrom^3
  
 Calculating Ion-Ion Forces ...                complete.     0.008 s
  
 Calculating Ion-Electron Forces (spline) ...  complete.     0.007 s
  ------ ION (GRADIENT METHOD) STEP            5  ------

 ------------------------------------------------------------------------------
                           REFRESH ION POSITIONS
  
 Calculating Ion-Ion Energy ...                   complete.     0.006 s
  
 Calculating Ion-Electron Potential (spline) ... 
 complete.     0.008 s

 ------------------------------------------------------------------------------
                           DENSITY OPTIMIZATION
 Electron number for spin            1  is    65.999999999999517     
 Cell Volume      :           343.619404 Angstrom^3
 Ion number       :                   22
 Electron number  :            66.000000
 Ion density      :             0.064024 Ion/Angstrom^3
 Electron density :             0.192073 Electron/Angstrom^3
  
 Calculating Ion-Ion Forces ...                complete.     0.008 s
  
 Calculating Ion-Electron Forces (spline) ...  complete.     0.006 s

 ------------------------------------------------------------------------------
                           REFRESH ION POSITIONS
  
 Calculating Ion-Ion Energy ...                   complete.     0.007 s
  
 Calculating Ion-Electron Potential (spline) ... 
 complete.     0.008 s

 ------------------------------------------------------------------------------
                           DENSITY OPTIMIZATION
 Electron number for spin            1  is    65.999999999998920     
 Cell Volume      :           343.619404 Angstrom^3
 Ion number       :                   22
 Electron number  :            66.000000
 Ion density      :             0.064024 Ion/Angstrom^3
 Electron density :             0.192073 Electron/Angstrom^3
  
 Calculating Ion-Ion Forces ...                complete.     0.008 s
  
 Calculating Ion-Electron Forces (spline) ...  complete.     0.005 s
  ------ ION (GRADIENT METHOD) STEP            6  ------

 ------------------------------------------------------------------------------
                           REFRESH ION POSITIONS
  
 Calculating Ion-Ion Energy ...                   complete.     0.007 s
  
 Calculating Ion-Electron Potential (spline) ... 
 complete.     0.009 s

 ------------------------------------------------------------------------------
                           DENSITY OPTIMIZATION
 Electron number for spin            1  is    65.999999999999815     
 Cell Volume      :           343.619404 Angstrom^3
 Ion number       :                   22
 Electron number  :            66.000000
 Ion density      :             0.064024 Ion/Angstrom^3
 Electron density :             0.192073 Electron/Angstrom^3
  
 Calculating Ion-Ion Forces ...                complete.     0.009 s
  
 Calculating Ion-Electron Forces (spline) ...  complete.     0.005 s

 ------------------------------------------------------------------------------
                           REFRESH ION POSITIONS
  
 Calculating Ion-Ion Energy ...                   complete.     0.007 s
  
 Calculating Ion-Electron Potential (spline) ... 
 complete.     0.008 s

 ------------------------------------------------------------------------------
                           DENSITY OPTIMIZATION
 Electron number for spin            1  is    65.999999999999872     
 Cell Volume      :           343.619404 Angstrom^3
 Ion number       :                   22
 Electron number  :            66.000000
 Ion density      :             0.064024 Ion/Angstrom^3
 Electron density :             0.192073 Electron/Angstrom^3
  
 Calculating Ion-Ion Forces ...                complete.     0.008 s
  
 Calculating Ion-Electron Forces (spline) ...  complete.     0.005 s
  ------ ION (GRADIENT METHOD) STEP            7  ------

 ------------------------------------------------------------------------------
                           REFRESH ION POSITIONS
  
 Calculating Ion-Ion Energy ...                   complete.     0.006 s
  
 Calculating Ion-Electron Potential (spline) ... 
 complete.     0.008 s

 ------------------------------------------------------------------------------
                           DENSITY OPTIMIZATION
 Electron number for spin            1  is    65.999999999999574     
 Cell Volume      :           343.619404 Angstrom^3
 Ion number       :                   22
 Electron number  :            66.000000
 Ion density      :             0.064024 Ion/Angstrom^3
 Electron density :             0.192073 Electron/Angstrom^3
  
 Calculating Ion-Ion Forces ...                complete.     0.009 s
  
 Calculating Ion-Electron Forces (spline) ...  complete.     0.006 s

 ------------------------------------------------------------------------------
                           REFRESH ION POSITIONS
  
 Calculating Ion-Ion Energy ...                   complete.     0.007 s
  
 Calculating Ion-Electron Potential (spline) ... 
 complete.     0.008 s

 ------------------------------------------------------------------------------
                           DENSITY OPTIMIZATION
 Electron number for spin            1  is    65.999999999999304     
 Cell Volume      :           343.619404 Angstrom^3
 Ion number       :                   22
 Electron number  :            66.000000
 Ion density      :             0.064024 Ion/Angstrom^3
 Electron density :             0.192073 Electron/Angstrom^3
  
 Calculating Ion-Ion Forces ...                complete.     0.009 s
  
 Calculating Ion-Electron Forces (spline) ...  complete.     0.005 s
  ------ ION (GRADIENT METHOD) STEP            8  ------

 ------------------------------------------------------------------------------
                           REFRESH ION POSITIONS
  
 Calculating Ion-Ion Energy ...                   complete.     0.007 s
  
 Calculating Ion-Electron Potential (spline) ... 
 complete.     0.007 s

 ------------------------------------------------------------------------------
                           DENSITY OPTIMIZATION
 Electron number for spin            1  is    65.999999999999559     
 Cell Volume      :           343.619404 Angstrom^3
 Ion number       :                   22
 Electron number  :            66.000000
 Ion density      :             0.064024 Ion/Angstrom^3
 Electron density :             0.192073 Electron/Angstrom^3
  
 Calculating Ion-Ion Forces ...                complete.     0.005 s
  
 Calculating Ion-Electron Forces (spline) ...  complete.     0.004 s

 ------------------------------------------------------------------------------
                           REFRESH ION POSITIONS
  
 Calculating Ion-Ion Energy ...                   complete.     0.004 s
  
 Calculating Ion-Electron Potential (spline) ... 
 complete.     0.005 s

 ------------------------------------------------------------------------------
                           DENSITY OPTIMIZATION
 Electron number for spin            1  is    65.999999999999659     
 Cell Volume      :           343.619404 Angstrom^3
 Ion number       :                   22
 Electron number  :            66.000000
 Ion density      :             0.064024 Ion/Angstrom^3
 Electron density :             0.192073 Electron/Angstrom^3
  
 Calculating Ion-Ion Forces ...                complete.     0.007 s
  
 Calculating Ion-Electron Forces (spline) ...  complete.     0.003 s
  ------ ION (GRADIENT METHOD) STEP            9  ------

 ------------------------------------------------------------------------------
                           REFRESH ION POSITIONS
  
 Calculating Ion-Ion Energy ...                   complete.     0.004 s
  
 Calculating Ion-Electron Potential (spline) ... 
 complete.     0.005 s

 ------------------------------------------------------------------------------
                           DENSITY OPTIMIZATION
 Electron number for spin            1  is    65.999999999999702     
 Cell Volume      :           343.619404 Angstrom^3
 Ion number       :                   22
 Electron number  :            66.000000
 Ion density      :             0.064024 Ion/Angstrom^3
 Electron density :             0.192073 Electron/Angstrom^3
  
 Calculating Ion-Ion Forces ...                complete.     0.006 s
  
 Calculating Ion-Electron Forces (spline) ...  complete.     0.003 s

 ------------------------------------------------------------------------------
                           REFRESH ION POSITIONS
  
 Calculating Ion-Ion Energy ...                   complete.     0.004 s
  
 Calculating Ion-Electron Potential (spline) ... 
 complete.     0.005 s

 ------------------------------------------------------------------------------
                           DENSITY OPTIMIZATION
 Electron number for spin            1  is    65.999999999999602     
 Cell Volume      :           343.619404 Angstrom^3
 Ion number       :                   22
 Electron number  :            66.000000
 Ion density      :             0.064024 Ion/Angstrom^3
 Electron density :             0.192073 Electron/Angstrom^3
  
 Calculating Ion-Ion Forces ...                complete.     0.005 s
  
 Calculating Ion-Electron Forces (spline) ...  complete.     0.004 s
  ------ ION (GRADIENT METHOD) STEP           10  ------

 ------------------------------------------------------------------------------
                           REFRESH ION POSITIONS
  
 Calculating Ion-Ion Energy ...                   complete.     0.004 s
  
 Calculating Ion-Electron Potential (spline) ... 
 complete.     0.005 s

 ------------------------------------------------------------------------------
                           DENSITY OPTIMIZATION
 Electron number for spin            1  is    65.999999999999531     
 Cell Volume      :           343.619404 Angstrom^3
 Ion number       :                   22
 Electron number  :            66.000000
 Ion density      :             0.064024 Ion/Angstrom^3
 Electron density :             0.192073 Electron/Angstrom^3
  
 Calculating Ion-Ion Forces ...                complete.     0.005 s
  
 Calculating Ion-Electron Forces (spline) ...  complete.     0.003 s

 ------------------------------------------------------------------------------
                           REFRESH ION POSITIONS
  
 Calculating Ion-Ion Energy ...                   complete.     0.004 s
  
 Calculating Ion-Electron Potential (spline) ... 
 complete.     0.005 s

 ------------------------------------------------------------------------------
                           DENSITY OPTIMIZATION
 Electron number for spin            1  is    65.999999999999332     
 Cell Volume      :           343.619404 Angstrom^3
 Ion number       :                   22
 Electron number  :            66.000000
 Ion density      :             0.064024 Ion/Angstrom^3
 Electron density :             0.192073 Electron/Angstrom^3
  
 Calculating Ion-Ion Forces ...                complete.     0.005 s
  
 Calculating Ion-Electron Forces (spline) ...  complete.     0.003 s

 ------------------------------------------------------------------------------
                           REFRESH ION POSITIONS
  
 Calculating Ion-Ion Energy ...                   complete.     0.005 s
  
 Calculating Ion-Electron Potential (spline) ... 
 complete.     0.005 s

 ------------------------------------------------------------------------------
                           DENSITY OPTIMIZATION
 Electron number for spin            1  is    65.999999999999631     
 Cell Volume      :           343.619404 Angstrom^3
 Ion number       :                   22
 Electron number  :            66.000000
 Ion density      :             0.064024 Ion/Angstrom^3
 Electron density :             0.192073 Electron/Angstrom^3
  
 Calculating Ion-Ion Forces ...                complete.     0.005 s
  
 Calculating Ion-Electron Forces (spline) ...  complete.     0.003 s
  ------ ION (GRADIENT METHOD) STEP           11  ------

 ------------------------------------------------------------------------------
                           REFRESH ION POSITIONS
  
 Calculating Ion-Ion Energy ...                   complete.     0.004 s
  
 Calculating Ion-Electron Potential (spline) ... 
 complete.     0.005 s

 ------------------------------------------------------------------------------
                           DENSITY OPTIMIZATION
 Electron number for spin            1  is    66.000000000000199     
 Cell Volume      :           343.619404 Angstrom^3
 Ion number       :                   22
 Electron number  :            66.000000
 Ion density      :             0.064024 Ion/Angstrom^3
 Electron density :             0.192073 Electron/Angstrom^3
  
 Calculating Ion-Ion Forces ...                complete.     0.005 s
  
 Calculating Ion-Electron Forces (spline) ...  complete.     0.003 s

 ------------------------------------------------------------------------------
                           REFRESH ION POSITIONS
  
 Calculating Ion-Ion Energy ...                   complete.     0.005 s
  
 Calculating Ion-Electron Potential (spline) ... 
 complete.     0.005 s

 ------------------------------------------------------------------------------
                           DENSITY OPTIMIZATION
 Electron number for spin            1  is    65.999999999999261     
 Cell Volume      :           343.619404 Angstrom^3
 Ion number       :                   22
 Electron number  :            66.000000
 Ion density      :             0.064024 Ion/Angstrom^3
 Electron density :             0.192073 Electron/Angstrom^3
  
 Calculating Ion-Ion Forces ...                complete.     0.005 s
  
 Calculating Ion-Electron Forces (spline) ...  complete.     0.003 s
  ------ ION (GRADIENT METHOD) STEP           12  ------
  
 Calculating Ion-Electron Stress (spline) ...  complete.     0.006 s
  
 Calculating Ion-Ion Stress ...                complete.     0.003 s
  
 ------------------------------------------------------------------------------
                         LATTICE VECTORS (Angstrom)
 LAT 1           2.805800        0.000000        0.000000
 LAT 2           1.402900        2.429894        0.000000
 LAT 3           0.000000        0.000000       50.400369
 ------------------------------------------------------------------------------
                                STRESS (GPa)
 ST_GPa 1       -0.052333        0.092110       -0.000001
 ST_GPa 2        0.092110       -0.158691       -0.000001
 ST_GPa 3       -0.000001       -0.000001       -0.643759
  
 --------------------------------------------------
 STRESS (a.u.)
 --------------------------------------------------
 ST_AU  1  -1.7787632186E-06   3.1307419219E-06  -3.8016254578E-11
 ST_AU  2   3.1307419219E-06  -5.3937926360E-06  -2.7821012404E-11
 ST_AU  3  -3.8016254578E-11  -2.7821012404E-11  -2.1880924460E-05
; Cell optimization at step  1, max(stress):  0.2188E-04, total energy:  -46.837576    ;
  dV of each real space grid is now    4.9298774423333323E-002
 Cell length (Bohr)    5.302E+00   5.302E+00   9.525E+01
 Angle     (Degree)    9.000E+01   9.000E+01   6.000E+01
 Volume    (Bohr^3)    2.319E+03
  dV of each real space grid is now    4.9298774423333323E-002
 Cell length (Bohr)    5.302E+00   5.302E+00   9.525E+01
 Angle     (Degree)    9.000E+01   9.000E+01   6.000E+01
 Volume    (Bohr^3)    2.319E+03

 ------------------------------------------------------------------------------
                           SETUP EWALD 
 (Ewald) eta                             :   0.6867    
 (Ewald) Real Space Cutoff               :    7.519     (Bohr)
 (Ewald) Reciprocal Cutoff               :    7.703     (1/Bohr)

 ------------------------------------------------------------------------------
                           SETUP PLANE WAVE 

 ------------------------------------------------------------------------------
                           INITIALIZING WGC KERNEL
 Fermi vector :   0.94454031645012737     
 Reference density :    2.8460367238373394E-002
 Dimension of KEDF Kernel :            8          14         240

 ------------------------------------------------------------------------------
                           REFRESH ION POSITIONS
  
 Calculating Ion-Ion Energy ...                   complete.     0.004 s
  
 Calculating Ion-Electron Potential (spline) ... 
 complete.     0.005 s
 Rescale the total density from   3.253938 to         66

 ------------------------------------------------------------------------------
                           DENSITY OPTIMIZATION
 Electron number for spin            1  is    65.999999999999929     
 Cell Volume      :           343.642468 Angstrom^3
 Ion number       :                   22
 Electron number  :            66.000000
 Ion density      :             0.064020 Ion/Angstrom^3
 Electron density :             0.192060 Electron/Angstrom^3
  
 Calculating Ion-Ion Forces ...                complete.     0.005 s
  
 Calculating Ion-Electron Forces (spline) ...  complete.     0.003 s
  ------ ION (GRADIENT METHOD) STEP            1  ------
  
 Calculating Ion-Electron Stress (spline) ...  complete.     0.007 s
  
 Calculating Ion-Ion Stress ...                complete.     0.003 s
  
 ------------------------------------------------------------------------------
                         LATTICE VECTORS (Angstrom)
 LAT 1           2.805800        0.000000        0.000000
 LAT 2           1.402900        2.429894        0.000000
 LAT 3           0.000000        0.000000       50.403752
 ------------------------------------------------------------------------------
                                STRESS (GPa)
 ST_GPa 1       -0.049120        0.091952       -0.000001
 ST_GPa 2        0.091952       -0.155296       -0.000001
 ST_GPa 3       -0.000001       -0.000001       -0.633693
  
 --------------------------------------------------
 STRESS (a.u.)
 --------------------------------------------------
 ST_AU  1  -1.6695661975E-06   3.1253699414E-06  -3.5061256985E-11
 ST_AU  2   3.1253699414E-06  -5.2783926015E-06  -2.6168962910E-11
 ST_AU  3  -3.5061256985E-11  -2.6168962910E-11  -2.1538796184E-05
; Cell optimization at step  2, max(stress):  0.2154E-04, total energy:  -46.837579    ;
  dV of each real space grid is now    4.9302682832357350E-002
 Cell length (Bohr)    5.302E+00   5.302E+00   9.526E+01
 Angle     (Degree)    9.000E+01   9.000E+01   6.000E+01
 Volume    (Bohr^3)    2.319E+03
  dV of each real space grid is now    4.9302682832357350E-002
 Cell length (Bohr)    5.302E+00   5.302E+00   9.526E+01
 Angle     (Degree)    9.000E+01   9.000E+01   6.000E+01
 Volume    (Bohr^3)    2.319E+03

 ------------------------------------------------------------------------------
                           SETUP EWALD 
 (Ewald) eta                             :   0.6867    
 (Ewald) Real Space Cutoff               :    7.519     (Bohr)
 (Ewald) Reciprocal Cutoff               :    7.703     (1/Bohr)

 ------------------------------------------------------------------------------
                           SETUP PLANE WAVE 

 ------------------------------------------------------------------------------
                           INITIALIZING WGC KERNEL
 Fermi vector :   0.94451535670325415     
 Reference density :    2.8458111078064230E-002
 Dimension of KEDF Kernel :            8          14         240

 ------------------------------------------------------------------------------
                           REFRESH ION POSITIONS
  
 Calculating Ion-Ion Energy ...                   complete.     0.004 s
  
 Calculating Ion-Electron Potential (spline) ... 
 complete.     0.005 s
 Rescale the total density from   3.254235 to         66

 ------------------------------------------------------------------------------
                           DENSITY OPTIMIZATION
 Electron number for spin            1  is    65.999999999999517     
 Cell Volume      :           343.669712 Angstrom^3
 Ion number       :                   22
 Electron number  :            66.000000
 Ion density      :             0.064015 Ion/Angstrom^3
 Electron density :             0.192045 Electron/Angstrom^3
  
 Calculating Ion-Ion Forces ...                complete.     0.005 s
  
 Calculating Ion-Electron Forces (spline) ...  complete.     0.003 s
  ------ ION (GRADIENT METHOD) STEP            1  ------
  
 Calculating Ion-Electron Stress (spline) ...  complete.     0.007 s
  
 Calculating Ion-Ion Stress ...                complete.     0.003 s
  
 ------------------------------------------------------------------------------
                         LATTICE VECTORS (Angstrom)
 LAT 1           2.805800        0.000000        0.000000
 LAT 2           1.402900        2.429894        0.000000
 LAT 3           0.000000        0.000000       50.407748
 ------------------------------------------------------------------------------
                                STRESS (GPa)
 ST_GPa 1       -0.045309        0.091770       -0.000001
 ST_GPa 2        0.091770       -0.151275       -0.000001
 ST_GPa 3       -0.000001       -0.000001       -0.621973
  
 --------------------------------------------------
 STRESS (a.u.)
 --------------------------------------------------
 ST_AU  1  -1.5400075218E-06   3.1192153592E-06  -3.5109062460E-11
 ST_AU  2   3.1192153592E-06  -5.1417272119E-06  -2.6206946788E-11
 ST_AU  3  -3.5109062460E-11  -2.6206946788E-11  -2.1140446875E-05
; Cell optimization at step  3, max(stress):  0.2114E-04, total energy:  -46.837583    ;
  dV of each real space grid is now    4.9307286182292069E-002
 Cell length (Bohr)    5.302E+00   5.302E+00   9.527E+01
 Angle     (Degree)    9.000E+01   9.000E+01   6.000E+01
 Volume    (Bohr^3)    2.319E+03
  dV of each real space grid is now    4.9307286182292069E-002
 Cell length (Bohr)    5.302E+00   5.302E+00   9.527E+01
 Angle     (Degree)    9.000E+01   9.000E+01   6.000E+01
 Volume    (Bohr^3)    2.319E+03

 ------------------------------------------------------------------------------
                           SETUP EWALD 
 (Ewald) eta                             :   0.6867    
 (Ewald) Real Space Cutoff               :    7.519     (Bohr)
 (Ewald) Reciprocal Cutoff               :    7.703     (1/Bohr)

 ------------------------------------------------------------------------------
                           SETUP PLANE WAVE 

 ------------------------------------------------------------------------------
                           INITIALIZING WGC KERNEL
 Fermi vector :   0.94448596233203874     
 Reference density :    2.8455454216291531E-002
 Dimension of KEDF Kernel :            8          14         240

 ------------------------------------------------------------------------------
                           REFRESH ION POSITIONS
  
 Calculating Ion-Ion Energy ...                   complete.     0.004 s
  
 Calculating Ion-Electron Potential (spline) ... 
 complete.     0.005 s
 Rescale the total density from   3.254585 to         66

 ------------------------------------------------------------------------------
                           DENSITY OPTIMIZATION
 Electron number for spin            1  is    66.000000000000512     
 Cell Volume      :           343.701800 Angstrom^3
 Ion number       :                   22
 Electron number  :            66.000000
 Ion density      :             0.064009 Ion/Angstrom^3
 Electron density :             0.192027 Electron/Angstrom^3
  
 Calculating Ion-Ion Forces ...                complete.     0.005 s
  
 Calculating Ion-Electron Forces (spline) ...  complete.     0.003 s
  ------ ION (GRADIENT METHOD) STEP            1  ------
  
 Calculating Ion-Electron Stress (spline) ...  complete.     0.007 s
  
 Calculating Ion-Ion Stress ...                complete.     0.003 s
  
 ------------------------------------------------------------------------------
                         LATTICE VECTORS (Angstrom)
 LAT 1           2.805800        0.000000        0.000000
 LAT 2           1.402900        2.429894        0.000000
 LAT 3           0.000000        0.000000       50.412455
 ------------------------------------------------------------------------------
                                STRESS (GPa)
 ST_GPa 1       -0.040810        0.091557       -0.000001
 ST_GPa 2        0.091557       -0.146529       -0.000001
 ST_GPa 3       -0.000001       -0.000001       -0.608149
  
 --------------------------------------------------
 STRESS (a.u.)
 --------------------------------------------------
 ST_AU  1  -1.3870875877E-06   3.1119500867E-06  -3.5162297227E-11
 ST_AU  2   3.1119500867E-06  -4.9804181376E-06  -2.6242644592E-11
 ST_AU  3  -3.5162297227E-11  -2.6242644592E-11  -2.0670555582E-05
; Cell optimization at step  4, max(stress):  0.2067E-04, total energy:  -46.837587    ;
  dV of each real space grid is now    4.9312687419148682E-002
 Cell length (Bohr)    5.302E+00   5.302E+00   9.528E+01
 Angle     (Degree)    9.000E+01   9.000E+01   6.000E+01
 Volume    (Bohr^3)    2.320E+03
  dV of each real space grid is now    4.9312687419148682E-002
 Cell length (Bohr)    5.302E+00   5.302E+00   9.528E+01
 Angle     (Degree)    9.000E+01   9.000E+01   6.000E+01
 Volume    (Bohr^3)    2.320E+03

 ------------------------------------------------------------------------------
                           SETUP EWALD 
 (Ewald) eta                             :   0.6867    
 (Ewald) Real Space Cutoff               :    7.519     (Bohr)
 (Ewald) Reciprocal Cutoff               :    7.703     (1/Bohr)

 ------------------------------------------------------------------------------
                           SETUP PLANE WAVE 

 ------------------------------------------------------------------------------
                           INITIALIZING WGC KERNEL
 Fermi vector :   0.94445147777427008     
 Reference density :    2.8452337479886992E-002
 Dimension of KEDF Kernel :            8          14         240

 ------------------------------------------------------------------------------
                           REFRESH ION POSITIONS
  
 Calculating Ion-Ion Energy ...                   complete.     0.005 s
  
 Calculating Ion-Electron Potential (spline) ... 
 complete.     0.005 s
 Rescale the total density from   3.254994 to         66

 ------------------------------------------------------------------------------
                           DENSITY OPTIMIZATION
 Electron number for spin            1  is    66.000000000000199     
 Cell Volume      :           343.739450 Angstrom^3
 Ion number       :                   22
 Electron number  :            66.000000
 Ion density      :             0.064002 Ion/Angstrom^3
 Electron density :             0.192006 Electron/Angstrom^3
  
 Calculating Ion-Ion Forces ...                complete.     0.005 s
  
 Calculating Ion-Electron Forces (spline) ...  complete.     0.003 s
  ------ ION (GRADIENT METHOD) STEP            1  ------
  
 Calculating Ion-Electron Stress (spline) ...  complete.     0.007 s
  
 Calculating Ion-Ion Stress ...                complete.     0.003 s
  
 ------------------------------------------------------------------------------
                         LATTICE VECTORS (Angstrom)
 LAT 1           2.805800        0.000000        0.000000
 LAT 2           1.402900        2.429894        0.000000
 LAT 3           0.000000        0.000000       50.417977
 ------------------------------------------------------------------------------
                                STRESS (GPa)
 ST_GPa 1       -0.035560        0.091306       -0.000001
 ST_GPa 2        0.091306       -0.140989       -0.000001
 ST_GPa 3       -0.000001       -0.000001       -0.591896
  
 --------------------------------------------------
 STRESS (a.u.)
 --------------------------------------------------
 ST_AU  1  -1.2086434387E-06   3.1034177588E-06  -3.5206424698E-11
 ST_AU  2   3.1034177588E-06  -4.7921218214E-06  -2.6280137946E-11
 ST_AU  3  -3.5206424698E-11  -2.6280137946E-11  -2.0118134227E-05
; Cell optimization at step  5, max(stress):  0.2012E-04, total energy:  -46.837593    ;
  dV of each real space grid is now    4.9318995685473169E-002
 Cell length (Bohr)    5.302E+00   5.302E+00   9.529E+01
 Angle     (Degree)    9.000E+01   9.000E+01   6.000E+01
 Volume    (Bohr^3)    2.320E+03
  dV of each real space grid is now    4.9318995685473169E-002
 Cell length (Bohr)    5.302E+00   5.302E+00   9.529E+01
 Angle     (Degree)    9.000E+01   9.000E+01   6.000E+01
 Volume    (Bohr^3)    2.320E+03

 ------------------------------------------------------------------------------
                           SETUP EWALD 
 (Ewald) eta                             :   0.6867    
 (Ewald) Real Space Cutoff               :    7.519     (Bohr)
 (Ewald) Reciprocal Cutoff               :    7.703     (1/Bohr)

 ------------------------------------------------------------------------------
                           SETUP PLANE WAVE 

 ------------------------------------------------------------------------------
                           INITIALIZING WGC KERNEL
 Fermi vector :   0.94441120860140582     
 Reference density :    2.8448698214328508E-002
 Dimension of KEDF Kernel :            8          14         240

 ------------------------------------------------------------------------------
                           REFRESH ION POSITIONS
  
 Calculating Ion-Ion Energy ...                   complete.     0.004 s
  
 Calculating Ion-Electron Potential (spline) ... 
 complete.     0.005 s
 Rescale the total density from   3.255470 to         66

 ------------------------------------------------------------------------------
                           DENSITY OPTIMIZATION
 Electron number for spin            1  is    66.000000000000156     
 Cell Volume      :           343.783422 Angstrom^3
 Ion number       :                   22
 Electron number  :            66.000000
 Ion density      :             0.063994 Ion/Angstrom^3
 Electron density :             0.191981 Electron/Angstrom^3
  
 Calculating Ion-Ion Forces ...                complete.     0.005 s
  
 Calculating Ion-Electron Forces (spline) ...  complete.     0.003 s
  ------ ION (GRADIENT METHOD) STEP            1  ------
  
 Calculating Ion-Electron Stress (spline) ...  complete.     0.009 s
  
 Calculating Ion-Ion Stress ...                complete.     0.006 s
  
 ------------------------------------------------------------------------------
                         LATTICE VECTORS (Angstrom)
 LAT 1           2.805800        0.000000        0.000000
 LAT 2           1.402900        2.429894        0.000000
 LAT 3           0.000000        0.000000       50.424427
 ------------------------------------------------------------------------------
                                STRESS (GPa)
 ST_GPa 1       -0.029412        0.091013       -0.000001
 ST_GPa 2        0.091013       -0.134504       -0.000001
 ST_GPa 3       -0.000001       -0.000001       -0.572964
  
 --------------------------------------------------
 STRESS (a.u.)
 --------------------------------------------------
 ST_AU  1  -9.9969238183E-07   3.0934728968E-06  -3.5221995923E-11
 ST_AU  2   3.0934728968E-06  -4.5716873474E-06  -2.6326844677E-11
 ST_AU  3  -3.5221995923E-11  -2.6326844677E-11  -1.9474662141E-05
; Cell optimization at step  6, max(stress):  0.1947E-04, total energy:  -46.837598    ;
  dV of each real space grid is now    4.9326323483606757E-002
 Cell length (Bohr)    5.302E+00   5.302E+00   9.530E+01
 Angle     (Degree)    9.000E+01   9.000E+01   6.000E+01
 Volume    (Bohr^3)    2.320E+03
  dV of each real space grid is now    4.9326323483606757E-002
 Cell length (Bohr)    5.302E+00   5.302E+00   9.530E+01
 Angle     (Degree)    9.000E+01   9.000E+01   6.000E+01
 Volume    (Bohr^3)    2.320E+03

 ------------------------------------------------------------------------------
                           SETUP EWALD 
 (Ewald) eta                             :   0.6867    
 (Ewald) Real Space Cutoff               :    7.519     (Bohr)
 (Ewald) Reciprocal Cutoff               :    7.703     (1/Bohr)

 ------------------------------------------------------------------------------
                           SETUP PLANE WAVE 

 ------------------------------------------------------------------------------
                           INITIALIZING WGC KERNEL
 Fermi vector :   0.94436443981125817     
 Reference density :    2.8444471945209805E-002
 Dimension of KEDF Kernel :            8          14         240

 ------------------------------------------------------------------------------
                           REFRESH ION POSITIONS
  
 Calculating Ion-Ion Energy ...                   complete.     0.005 s
  
 Calculating Ion-Electron Potential (spline) ... 
 complete.     0.004 s
 Rescale the total density from   3.256021 to         66

 ------------------------------------------------------------------------------
                           DENSITY OPTIMIZATION
 Electron number for spin            1  is    66.000000000000142     
 Cell Volume      :           343.834501 Angstrom^3
 Ion number       :                   22
 Electron number  :            66.000000
 Ion density      :             0.063984 Ion/Angstrom^3
 Electron density :             0.191953 Electron/Angstrom^3
  
 Calculating Ion-Ion Forces ...                complete.     0.005 s
  
 Calculating Ion-Electron Forces (spline) ...  complete.     0.003 s
  ------ ION (GRADIENT METHOD) STEP            1  ------
  
 Calculating Ion-Electron Stress (spline) ...  complete.     0.006 s
  
 Calculating Ion-Ion Stress ...                complete.     0.003 s
  
 ------------------------------------------------------------------------------
                         LATTICE VECTORS (Angstrom)
 LAT 1           2.805800        0.000000        0.000000
 LAT 2           1.402900        2.429894        0.000000
 LAT 3           0.000000        0.000000       50.431919
 ------------------------------------------------------------------------------
                                STRESS (GPa)
 ST_GPa 1       -0.022241        0.090674       -0.000001
 ST_GPa 2        0.090674       -0.126941       -0.000001
 ST_GPa 3       -0.000001       -0.000001       -0.551039
  
 --------------------------------------------------
 STRESS (a.u.)
 --------------------------------------------------
 ST_AU  1  -7.5594805768E-07   3.0819453709E-06  -3.5347020936E-11
 ST_AU  2   3.0819453709E-06  -4.3146322243E-06  -2.6394068005E-11
 ST_AU  3  -3.5347020936E-11  -2.6394068005E-11  -1.8729421712E-05
; Cell optimization at step  7, max(stress):  0.1873E-04, total energy:  -46.837605    ;
  dV of each real space grid is now    4.9334780344350196E-002
 Cell length (Bohr)    5.302E+00   5.302E+00   9.532E+01
 Angle     (Degree)    9.000E+01   9.000E+01   6.000E+01
 Volume    (Bohr^3)    2.321E+03
  dV of each real space grid is now    4.9334780344350196E-002
 Cell length (Bohr)    5.302E+00   5.302E+00   9.532E+01
 Angle     (Degree)    9.000E+01   9.000E+01   6.000E+01
 Volume    (Bohr^3)    2.321E+03

 ------------------------------------------------------------------------------
                           SETUP EWALD 
 (Ewald) eta                             :   0.6867    
 (Ewald) Real Space Cutoff               :    7.519     (Bohr)
 (Ewald) Reciprocal Cutoff               :    7.703     (1/Bohr)

 ------------------------------------------------------------------------------
                           SETUP PLANE WAVE 

 ------------------------------------------------------------------------------
                           INITIALIZING WGC KERNEL
 Fermi vector :   0.94431047642828569     
 Reference density :    2.8439596055695706E-002
 Dimension of KEDF Kernel :            8          14         240

 ------------------------------------------------------------------------------
                           REFRESH ION POSITIONS
  
 Calculating Ion-Ion Energy ...                   complete.     0.004 s
  
 Calculating Ion-Electron Potential (spline) ... 
 complete.     0.004 s
 Rescale the total density from   3.256654 to         66

 ------------------------------------------------------------------------------
                           DENSITY OPTIMIZATION
 Electron number for spin            1  is    65.999999999999503     
 Cell Volume      :           343.893451 Angstrom^3
 Ion number       :                   22
 Electron number  :            66.000000
 Ion density      :             0.063973 Ion/Angstrom^3
 Electron density :             0.191920 Electron/Angstrom^3
  
 Calculating Ion-Ion Forces ...                complete.     0.005 s
  
 Calculating Ion-Electron Forces (spline) ...  complete.     0.003 s
  ------ ION (GRADIENT METHOD) STEP            1  ------
  
 Calculating Ion-Electron Stress (spline) ...  complete.     0.006 s
  
 Calculating Ion-Ion Stress ...                complete.     0.006 s
  
 ------------------------------------------------------------------------------
                         LATTICE VECTORS (Angstrom)
 LAT 1           2.805800        0.000000        0.000000
 LAT 2           1.402900        2.429894        0.000000
 LAT 3           0.000000        0.000000       50.440565
 ------------------------------------------------------------------------------
                                STRESS (GPa)
 ST_GPa 1       -0.014043        0.090283       -0.000001
 ST_GPa 2        0.090283       -0.118292       -0.000001
 ST_GPa 3       -0.000001       -0.000001       -0.525745
  
 --------------------------------------------------
 STRESS (a.u.)
 --------------------------------------------------
 ST_AU  1  -4.7731433317E-07   3.0686718434E-06  -3.5413588311E-11
 ST_AU  2   3.0686718434E-06  -4.0206716950E-06  -2.6420717507E-11
 ST_AU  3  -3.5413588311E-11  -2.6420717507E-11  -1.7869706035E-05
; Cell optimization at step  8, max(stress):  0.1787E-04, total energy:  -46.837612    ;
  dV of each real space grid is now    4.9344462754269312E-002
 Cell length (Bohr)    5.302E+00   5.302E+00   9.534E+01
 Angle     (Degree)    9.000E+01   9.000E+01   6.000E+01
 Volume    (Bohr^3)    2.321E+03
  dV of each real space grid is now    4.9344462754269312E-002
 Cell length (Bohr)    5.302E+00   5.302E+00   9.534E+01
 Angle     (Degree)    9.000E+01   9.000E+01   6.000E+01
 Volume    (Bohr^3)    2.321E+03

 ------------------------------------------------------------------------------
                           SETUP EWALD 
 (Ewald) eta                             :   0.6867    
 (Ewald) Real Space Cutoff               :    7.519     (Bohr)
 (Ewald) Reciprocal Cutoff               :    7.703     (1/Bohr)

 ------------------------------------------------------------------------------
                           SETUP PLANE WAVE 

 ------------------------------------------------------------------------------
                           INITIALIZING WGC KERNEL
 Fermi vector :   0.94424870793588722     
 Reference density :    2.8434015615427938E-002
 Dimension of KEDF Kernel :            8          14         240

 ------------------------------------------------------------------------------
                           REFRESH ION POSITIONS
  
 Calculating Ion-Ion Energy ...                   complete.     0.004 s
  
 Calculating Ion-Electron Potential (spline) ... 
 complete.     0.004 s
 Rescale the total density from   3.257374 to         66

 ------------------------------------------------------------------------------
                           DENSITY OPTIMIZATION
 Electron number for spin            1  is    65.999999999999886     
 Cell Volume      :           343.960943 Angstrom^3
 Ion number       :                   22
 Electron number  :            66.000000
 Ion density      :             0.063961 Ion/Angstrom^3
 Electron density :             0.191882 Electron/Angstrom^3
  
 Calculating Ion-Ion Forces ...                complete.     0.005 s
  
 Calculating Ion-Electron Forces (spline) ...  complete.     0.003 s
  ------ ION (GRADIENT METHOD) STEP            1  ------
  
 Calculating Ion-Electron Stress (spline) ...  complete.     0.006 s
  
 Calculating Ion-Ion Stress ...                complete.     0.003 s
  
 ------------------------------------------------------------------------------
                         LATTICE VECTORS (Angstrom)
 LAT 1           2.805800        0.000000        0.000000
 LAT 2           1.402900        2.429894        0.000000
 LAT 3           0.000000        0.000000       50.450464
 ------------------------------------------------------------------------------
                                STRESS (GPa)
 ST_GPa 1       -0.004671        0.089835       -0.000001
 ST_GPa 2        0.089835       -0.108402       -0.000001
 ST_GPa 3       -0.000001       -0.000001       -0.496647
  
 --------------------------------------------------
 STRESS (a.u.)
 --------------------------------------------------
 ST_AU  1  -1.5875797930E-07   3.0534385081E-06  -3.5402012995E-11
 ST_AU  2   3.0534385081E-06  -3.6845255099E-06  -2.6452252796E-11
 ST_AU  3  -3.5402012995E-11  -2.6452252796E-11  -1.6880700634E-05
; Cell optimization at step  9, max(stress):  0.1688E-04, total energy:  -46.837620    ;
  dV of each real space grid is now    4.9355438594360451E-002
 Cell length (Bohr)    5.302E+00   5.302E+00   9.536E+01
 Angle     (Degree)    9.000E+01   9.000E+01   6.000E+01
 Volume    (Bohr^3)    2.322E+03
  dV of each real space grid is now    4.9355438594360451E-002
 Cell length (Bohr)    5.302E+00   5.302E+00   9.536E+01
 Angle     (Degree)    9.000E+01   9.000E+01   6.000E+01
 Volume    (Bohr^3)    2.322E+03

 ------------------------------------------------------------------------------
                           SETUP EWALD 
 (Ewald) eta                             :   0.6867    
 (Ewald) Real Space Cutoff               :    7.519     (Bohr)
 (Ewald) Reciprocal Cutoff               :    7.703     (1/Bohr)

 ------------------------------------------------------------------------------
                           SETUP PLANE WAVE 

 ------------------------------------------------------------------------------
                           INITIALIZING WGC KERNEL
 Fermi vector :   0.94417870760448053     
 Reference density :    2.8427692356686206E-002
 Dimension of KEDF Kernel :            8          14         240

 ------------------------------------------------------------------------------
                           REFRESH ION POSITIONS
  
 Calculating Ion-Ion Energy ...                   complete.     0.004 s
  
 Calculating Ion-Electron Potential (spline) ... 
 complete.     0.004 s
 Rescale the total density from   3.258184 to         66

 ------------------------------------------------------------------------------
                           DENSITY OPTIMIZATION
 Electron number for spin            1  is    65.999999999999787     
 Cell Volume      :           344.037451 Angstrom^3
 Ion number       :                   22
 Electron number  :            66.000000
 Ion density      :             0.063947 Ion/Angstrom^3
 Electron density :             0.191840 Electron/Angstrom^3
  
 Calculating Ion-Ion Forces ...                complete.     0.004 s
  
 Calculating Ion-Electron Forces (spline) ...  complete.     0.003 s
  ------ ION (GRADIENT METHOD) STEP            1  ------
  
 Calculating Ion-Electron Stress (spline) ...  complete.     0.005 s
  
 Calculating Ion-Ion Stress ...                complete.     0.003 s
  
 ------------------------------------------------------------------------------
                         LATTICE VECTORS (Angstrom)
 LAT 1           2.805800        0.000000        0.000000
 LAT 2           1.402900        2.429894        0.000000
 LAT 3           0.000000        0.000000       50.461686
 ------------------------------------------------------------------------------
                                STRESS (GPa)
 ST_GPa 1        0.005981        0.089332       -0.000001
 ST_GPa 2        0.089332       -0.097169       -0.000001
 ST_GPa 3       -0.000001       -0.000001       -0.464089
  
 --------------------------------------------------
 STRESS (a.u.)
 --------------------------------------------------
 ST_AU  1   2.0329563994E-07   3.0363356034E-06  -3.5553379905E-11
 ST_AU  2   3.0363356034E-06  -3.3027230684E-06  -2.6566336930E-11
 ST_AU  3  -3.5553379905E-11  -2.6566336930E-11  -1.5774076587E-05
; Cell optimization at step 10, max(stress):  0.1577E-04, total energy:  -46.837629    ;
  dV of each real space grid is now    4.9367746169451131E-002
 Cell length (Bohr)    5.302E+00   5.302E+00   9.538E+01
 Angle     (Degree)    9.000E+01   9.000E+01   6.000E+01
 Volume    (Bohr^3)    2.322E+03
  dV of each real space grid is now    4.9367746169451131E-002
 Cell length (Bohr)    5.302E+00   5.302E+00   9.538E+01
 Angle     (Degree)    9.000E+01   9.000E+01   6.000E+01
 Volume    (Bohr^3)    2.322E+03

 ------------------------------------------------------------------------------
                           SETUP EWALD 
 (Ewald) eta                             :   0.6867    
 (Ewald) Real Space Cutoff               :    7.519     (Bohr)
 (Ewald) Reciprocal Cutoff               :    7.703     (1/Bohr)

 ------------------------------------------------------------------------------
                           SETUP PLANE WAVE 

 ------------------------------------------------------------------------------
                           INITIALIZING WGC KERNEL
 Fermi vector :   0.94410023858329772     
 Reference density :    2.8420605220134867E-002
 Dimension of KEDF Kernel :            8          14         240

 ------------------------------------------------------------------------------
                           REFRESH ION POSITIONS
  
 Calculating Ion-Ion Energy ...                   complete.     0.003 s
  
 Calculating Ion-Electron Potential (spline) ... 
 complete.     0.004 s
 Rescale the total density from   3.259084 to         66

 ------------------------------------------------------------------------------
                           DENSITY OPTIMIZATION
 Electron number for spin            1  is    65.999999999999744     
 Cell Volume      :           344.123243 Angstrom^3
 Ion number       :                   22
 Electron number  :            66.000000
 Ion density      :             0.063931 Ion/Angstrom^3
 Electron density :             0.191792 Electron/Angstrom^3
  
 Calculating Ion-Ion Forces ...                complete.     0.004 s
  
 Calculating Ion-Electron Forces (spline) ...  complete.     0.003 s
  ------ ION (GRADIENT METHOD) STEP            1  ------
  
 Calculating Ion-Electron Stress (spline) ...  complete.     0.006 s
  
 Calculating Ion-Ion Stress ...                complete.     0.003 s
  
 ------------------------------------------------------------------------------
                         LATTICE VECTORS (Angstrom)
 LAT 1           2.805800        0.000000        0.000000
 LAT 2           1.402900        2.429894        0.000000
 LAT 3           0.000000        0.000000       50.474270
 ------------------------------------------------------------------------------
                                STRESS (GPa)
 ST_GPa 1        0.017891        0.088767       -0.000001
 ST_GPa 2        0.088767       -0.084608       -0.000001
 ST_GPa 3       -0.000001       -0.000001       -0.427428
  
 --------------------------------------------------
 STRESS (a.u.)
 --------------------------------------------------
 ST_AU  1   6.0808632690E-07   3.0171464839E-06  -3.5446369701E-11
 ST_AU  2   3.0171464839E-06  -2.8757747632E-06  -2.6570546668E-11
 ST_AU  3  -3.5446369701E-11  -2.6570546668E-11  -1.4527988633E-05
; Cell optimization at step 11, max(stress):  0.1453E-04, total energy:  -46.837637    ;
  dV of each real space grid is now    4.9381348561454673E-002
 Cell length (Bohr)    5.302E+00   5.302E+00   9.541E+01
 Angle     (Degree)    9.000E+01   9.000E+01   6.000E+01
 Volume    (Bohr^3)    2.323E+03
  dV of each real space grid is now    4.9381348561454673E-002
 Cell length (Bohr)    5.302E+00   5.302E+00   9.541E+01
 Angle     (Degree)    9.000E+01   9.000E+01   6.000E+01
 Volume    (Bohr^3)    2.323E+03

 ------------------------------------------------------------------------------
                           SETUP EWALD 
 (Ewald) eta                             :   0.6867    
 (Ewald) Real Space Cutoff               :    7.519     (Bohr)
 (Ewald) Reciprocal Cutoff               :    7.703     (1/Bohr)

 ------------------------------------------------------------------------------
                           SETUP PLANE WAVE 

 ------------------------------------------------------------------------------
                           INITIALIZING WGC KERNEL
 Fermi vector :   0.94401354457683551     
 Reference density :    2.8412776592030453E-002
 Dimension of KEDF Kernel :            8          14         240

 ------------------------------------------------------------------------------
                           REFRESH ION POSITIONS
  
 Calculating Ion-Ion Energy ...                   complete.     0.004 s
  
 Calculating Ion-Electron Potential (spline) ... 
 complete.     0.004 s
 Rescale the total density from   3.260067 to         66

 ------------------------------------------------------------------------------
                           DENSITY OPTIMIZATION
 Electron number for spin            1  is    66.000000000001322     
 Cell Volume      :           344.218060 Angstrom^3
 Ion number       :                   22
 Electron number  :            66.000000
 Ion density      :             0.063913 Ion/Angstrom^3
 Electron density :             0.191739 Electron/Angstrom^3
  
 Calculating Ion-Ion Forces ...                complete.     0.005 s
  
 Calculating Ion-Electron Forces (spline) ...  complete.     0.003 s
  ------ ION (GRADIENT METHOD) STEP            1  ------
  
 Calculating Ion-Electron Stress (spline) ...  complete.     0.005 s
  
 Calculating Ion-Ion Stress ...                complete.     0.003 s
  
 ------------------------------------------------------------------------------
                         LATTICE VECTORS (Angstrom)
 LAT 1           2.805800        0.000000        0.000000
 LAT 2           1.402900        2.429894        0.000000
 LAT 3           0.000000        0.000000       50.488177
 ------------------------------------------------------------------------------
                                STRESS (GPa)
 ST_GPa 1        0.030976        0.088147       -0.000001
 ST_GPa 2        0.088147       -0.070807       -0.000001
 ST_GPa 3       -0.000001       -0.000001       -0.387070
  
 --------------------------------------------------
 STRESS (a.u.)
 --------------------------------------------------
 ST_AU  1   1.0528585435E-06   2.9960695029E-06  -3.5714291557E-11
 ST_AU  2   2.9960695029E-06  -2.4066653093E-06  -2.6737591208E-11
 ST_AU  3  -3.5714291557E-11  -2.6737591208E-11  -1.3156242815E-05
; Cell optimization at step 12, max(stress):  0.1316E-04, total energy:  -46.837646    ;
  dV of each real space grid is now    4.9396130211681516E-002
 Cell length (Bohr)    5.302E+00   5.302E+00   9.544E+01
 Angle     (Degree)    9.000E+01   9.000E+01   6.000E+01
 Volume    (Bohr^3)    2.324E+03
  dV of each real space grid is now    4.9396130211681516E-002
 Cell length (Bohr)    5.302E+00   5.302E+00   9.544E+01
 Angle     (Degree)    9.000E+01   9.000E+01   6.000E+01
 Volume    (Bohr^3)    2.324E+03

 ------------------------------------------------------------------------------
                           SETUP EWALD 
 (Ewald) eta                             :   0.6867    
 (Ewald) Real Space Cutoff               :    7.519     (Bohr)
 (Ewald) Reciprocal Cutoff               :    7.703     (1/Bohr)

 ------------------------------------------------------------------------------
                           SETUP PLANE WAVE 

 ------------------------------------------------------------------------------
                           INITIALIZING WGC KERNEL
 Fermi vector :   0.94391937073431709     
 Reference density :    2.8404274150163909E-002
 Dimension of KEDF Kernel :            8          14         240

 ------------------------------------------------------------------------------
                           REFRESH ION POSITIONS
  
 Calculating Ion-Ion Energy ...                   complete.     0.003 s
  
 Calculating Ion-Electron Potential (spline) ... 
 complete.     0.004 s
 Rescale the total density from   3.261120 to         66

 ------------------------------------------------------------------------------
                           DENSITY OPTIMIZATION
 Electron number for spin            1  is    65.999999999999318     
 Cell Volume      :           344.321097 Angstrom^3
 Ion number       :                   22
 Electron number  :            66.000000
 Ion density      :             0.063894 Ion/Angstrom^3
 Electron density :             0.191682 Electron/Angstrom^3
  
 Calculating Ion-Ion Forces ...                complete.     0.004 s
  
 Calculating Ion-Electron Forces (spline) ...  complete.     0.003 s
  ------ ION (GRADIENT METHOD) STEP            1  ------
  
 Calculating Ion-Electron Stress (spline) ...  complete.     0.005 s
  
 Calculating Ion-Ion Stress ...                complete.     0.003 s
  
 ------------------------------------------------------------------------------
                         LATTICE VECTORS (Angstrom)
 LAT 1           2.805800        0.000000        0.000000
 LAT 2           1.402900        2.429894        0.000000
 LAT 3           0.000000        0.000000       50.503290
 ------------------------------------------------------------------------------
                                STRESS (GPa)
 ST_GPa 1        0.045160        0.087475       -0.000001
 ST_GPa 2        0.087475       -0.055847       -0.000001
 ST_GPa 3       -0.000001       -0.000001       -0.343190
  
 --------------------------------------------------
 STRESS (a.u.)
 --------------------------------------------------
 ST_AU  1   1.5349582611E-06   2.9732246000E-06  -3.5516960991E-11
 ST_AU  2   2.9732246000E-06  -1.8981863016E-06  -2.6678413120E-11
 ST_AU  3  -3.5516960991E-11  -2.6678413120E-11  -1.1664780824E-05
; Cell optimization at step 13, max(stress):  0.1166E-04, total energy:  -46.837655    ;
  dV of each real space grid is now    4.9411857319719581E-002
 Cell length (Bohr)    5.302E+00   5.302E+00   9.547E+01
 Angle     (Degree)    9.000E+01   9.000E+01   6.000E+01
 Volume    (Bohr^3)    2.324E+03
  dV of each real space grid is now    4.9411857319719581E-002
 Cell length (Bohr)    5.302E+00   5.302E+00   9.547E+01
 Angle     (Degree)    9.000E+01   9.000E+01   6.000E+01
 Volume    (Bohr^3)    2.324E+03

 ------------------------------------------------------------------------------
                           SETUP EWALD 
 (Ewald) eta                             :   0.6867    
 (Ewald) Real Space Cutoff               :    7.519     (Bohr)
 (Ewald) Reciprocal Cutoff               :    7.703     (1/Bohr)

 ------------------------------------------------------------------------------
                           SETUP PLANE WAVE 

 ------------------------------------------------------------------------------
                           INITIALIZING WGC KERNEL
 Fermi vector :   0.94381921463140728     
 Reference density :    2.8395233464131569E-002
 Dimension of KEDF Kernel :            8          14         240

 ------------------------------------------------------------------------------
                           REFRESH ION POSITIONS
  
 Calculating Ion-Ion Energy ...                   complete.     0.004 s
  
 Calculating Ion-Electron Potential (spline) ... 
 complete.     0.004 s
 Rescale the total density from   3.262221 to         66

 ------------------------------------------------------------------------------
                           DENSITY OPTIMIZATION
 Electron number for spin            1  is    66.000000000000313     
 Cell Volume      :           344.430724 Angstrom^3
 Ion number       :                   22
 Electron number  :            66.000000
 Ion density      :             0.063874 Ion/Angstrom^3
 Electron density :             0.191621 Electron/Angstrom^3
  
 Calculating Ion-Ion Forces ...                complete.     0.004 s
  
 Calculating Ion-Electron Forces (spline) ...  complete.     0.003 s
  ------ ION (GRADIENT METHOD) STEP            1  ------
  
 Calculating Ion-Electron Stress (spline) ...  complete.     0.006 s
  
 Calculating Ion-Ion Stress ...                complete.     0.003 s
  
 ------------------------------------------------------------------------------
                         LATTICE VECTORS (Angstrom)
 LAT 1           2.805800        0.000000        0.000000
 LAT 2           1.402900        2.429894        0.000000
 LAT 3           0.000000        0.000000       50.519370
 ------------------------------------------------------------------------------
                                STRESS (GPa)
 ST_GPa 1        0.060306        0.086766       -0.000001
 ST_GPa 2        0.086766       -0.039881       -0.000001
 ST_GPa 3       -0.000001       -0.000001       -0.296783
  
 --------------------------------------------------
 STRESS (a.u.)
 --------------------------------------------------
 ST_AU  1   2.0497758283E-06   2.9491096256E-06  -3.5782426135E-11
 ST_AU  2   2.9491096256E-06  -1.3555234562E-06  -2.6897986376E-11
 ST_AU  3  -3.5782426135E-11  -2.6897986376E-11  -1.0087453178E-05
; Cell optimization at step 14, max(stress):  0.1009E-04, total energy:  -46.837663    ;
  dV of each real space grid is now    4.9428177880048135E-002
 Cell length (Bohr)    5.302E+00   5.302E+00   9.550E+01
 Angle     (Degree)    9.000E+01   9.000E+01   6.000E+01
 Volume    (Bohr^3)    2.325E+03
  dV of each real space grid is now    4.9428177880048135E-002
 Cell length (Bohr)    5.302E+00   5.302E+00   9.550E+01
 Angle     (Degree)    9.000E+01   9.000E+01   6.000E+01
 Volume    (Bohr^3)    2.325E+03

 ------------------------------------------------------------------------------
                           SETUP EWALD 
 (Ewald) eta                             :   0.6867    
 (Ewald) Real Space Cutoff               :    7.519     (Bohr)
 (Ewald) Reciprocal Cutoff               :    7.703     (1/Bohr)

 ------------------------------------------------------------------------------
                           SETUP PLANE WAVE 

 ------------------------------------------------------------------------------
                           INITIALIZING WGC KERNEL
 Fermi vector :   0.94371532413299153     
 Reference density :    2.8385857716518147E-002
 Dimension of KEDF Kernel :            8          14         240

 ------------------------------------------------------------------------------
                           REFRESH ION POSITIONS
  
 Calculating Ion-Ion Energy ...                   complete.     0.003 s
  
 Calculating Ion-Electron Potential (spline) ... 
 complete.     0.004 s
 Rescale the total density from   3.263337 to         66

 ------------------------------------------------------------------------------
                           DENSITY OPTIMIZATION
 Electron number for spin            1  is    65.999999999999432     
 Cell Volume      :           344.544489 Angstrom^3
 Ion number       :                   22
 Electron number  :            66.000000
 Ion density      :             0.063852 Ion/Angstrom^3
 Electron density :             0.191557 Electron/Angstrom^3
  
 Calculating Ion-Ion Forces ...                complete.     0.005 s
  
 Calculating Ion-Electron Forces (spline) ...  complete.     0.003 s
  ------ ION (GRADIENT METHOD) STEP            1  ------
  
 Calculating Ion-Electron Stress (spline) ...  complete.     0.006 s
  
 Calculating Ion-Ion Stress ...                complete.     0.003 s
  
 ------------------------------------------------------------------------------
                         LATTICE VECTORS (Angstrom)
 LAT 1           2.805800        0.000000        0.000000
 LAT 2           1.402900        2.429894        0.000000
 LAT 3           0.000000        0.000000       50.536056
 ------------------------------------------------------------------------------
                                STRESS (GPa)
 ST_GPa 1        0.075931        0.086032       -0.000001
 ST_GPa 2        0.086032       -0.023410       -0.000001
 ST_GPa 3       -0.000001       -0.000001       -0.248602
  
 --------------------------------------------------
 STRESS (a.u.)
 --------------------------------------------------
 ST_AU  1   2.5808378990E-06   2.9241804510E-06  -3.5848073991E-11
 ST_AU  2   2.9241804510E-06  -7.9567555497E-07  -2.6950065926E-11
 ST_AU  3  -3.5848073991E-11  -2.6950065926E-11  -8.4498219361E-06
; Cell optimization at step 15, max(stress):  0.8450E-05, total energy:  -46.837670    ;
  dV of each real space grid is now    4.9444583110534859E-002
 Cell length (Bohr)    5.302E+00   5.302E+00   9.553E+01
 Angle     (Degree)    9.000E+01   9.000E+01   6.000E+01
 Volume    (Bohr^3)    2.326E+03
  dV of each real space grid is now    4.9444583110534859E-002
 Cell length (Bohr)    5.302E+00   5.302E+00   9.553E+01
 Angle     (Degree)    9.000E+01   9.000E+01   6.000E+01
 Volume    (Bohr^3)    2.326E+03

 ------------------------------------------------------------------------------
                           SETUP EWALD 
 (Ewald) eta                             :   0.6867    
 (Ewald) Real Space Cutoff               :    7.519     (Bohr)
 (Ewald) Reciprocal Cutoff               :    7.703     (1/Bohr)

 ------------------------------------------------------------------------------
                           SETUP PLANE WAVE 

 ------------------------------------------------------------------------------
                           INITIALIZING WGC KERNEL
 Fermi vector :   0.94361094074056795     
 Reference density :    2.8376439565750009E-002
 Dimension of KEDF Kernel :            8          14         240

 ------------------------------------------------------------------------------
                           REFRESH ION POSITIONS
  
 Calculating Ion-Ion Energy ...                   complete.     0.003 s
  
 Calculating Ion-Electron Potential (spline) ... 
 complete.     0.004 s
 Rescale the total density from   3.264426 to         66

 ------------------------------------------------------------------------------
                           DENSITY OPTIMIZATION
 Electron number for spin            1  is    65.999999999999972     
 Cell Volume      :           344.658843 Angstrom^3
 Ion number       :                   22
 Electron number  :            66.000000
 Ion density      :             0.063831 Ion/Angstrom^3
 Electron density :             0.191494 Electron/Angstrom^3
  
 Calculating Ion-Ion Forces ...                complete.     0.004 s
  
 Calculating Ion-Electron Forces (spline) ...  complete.     0.003 s
  ------ ION (GRADIENT METHOD) STEP            1  ------
  
 Calculating Ion-Electron Stress (spline) ...  complete.     0.011 s
  
 Calculating Ion-Ion Stress ...                complete.     0.004 s
  
 ------------------------------------------------------------------------------
                         LATTICE VECTORS (Angstrom)
 LAT 1           2.805800        0.000000        0.000000
 LAT 2           1.402900        2.429894        0.000000
 LAT 3           0.000000        0.000000       50.552829
 ------------------------------------------------------------------------------
                                STRESS (GPa)
 ST_GPa 1        0.091520        0.085298       -0.000001
 ST_GPa 2        0.085298       -0.006972       -0.000001
 ST_GPa 3       -0.000001       -0.000001       -0.200336
  
 --------------------------------------------------
 STRESS (a.u.)
 --------------------------------------------------
 ST_AU  1   3.1107080950E-06   2.8992071820E-06  -3.6069563210E-11
 ST_AU  2   2.8992071820E-06  -2.3696945508E-07  -2.7110363785E-11
 ST_AU  3  -3.6069563210E-11  -2.7110363785E-11  -6.8092815022E-06
; Cell optimization at step 16, max(stress):  0.6809E-05, total energy:  -46.837676    ;
  dV of each real space grid is now    4.9460447279035015E-002
 Cell length (Bohr)    5.302E+00   5.302E+00   9.556E+01
 Angle     (Degree)    9.000E+01   9.000E+01   6.000E+01
 Volume    (Bohr^3)    2.327E+03
  dV of each real space grid is now    4.9460447279035015E-002
 Cell length (Bohr)    5.302E+00   5.302E+00   9.556E+01
 Angle     (Degree)    9.000E+01   9.000E+01   6.000E+01
 Volume    (Bohr^3)    2.327E+03

 ------------------------------------------------------------------------------
                           SETUP EWALD 
 (Ewald) eta                             :   0.6867    
 (Ewald) Real Space Cutoff               :    7.519     (Bohr)
 (Ewald) Reciprocal Cutoff               :    7.703     (1/Bohr)

 ------------------------------------------------------------------------------
                           SETUP PLANE WAVE 

 ------------------------------------------------------------------------------
                           INITIALIZING WGC KERNEL
 Fermi vector :   0.94351004393282101     
 Reference density :    2.8367337977643334E-002
 Dimension of KEDF Kernel :            8          14         240

 ------------------------------------------------------------------------------
                           REFRESH ION POSITIONS
  
 Calculating Ion-Ion Energy ...                   complete.     0.004 s
  
 Calculating Ion-Electron Potential (spline) ... 
 complete.     0.004 s
 Rescale the total density from   3.265437 to         66

 ------------------------------------------------------------------------------
                           DENSITY OPTIMIZATION
 Electron number for spin            1  is    65.999999999999417     
 Cell Volume      :           344.769426 Angstrom^3
 Ion number       :                   22
 Electron number  :            66.000000
 Ion density      :             0.063811 Ion/Angstrom^3
 Electron density :             0.191432 Electron/Angstrom^3
  
 Calculating Ion-Ion Forces ...                complete.     0.005 s
  
 Calculating Ion-Electron Forces (spline) ...  complete.     0.003 s
  ------ ION (GRADIENT METHOD) STEP            1  ------
  
 Calculating Ion-Electron Stress (spline) ...  complete.     0.005 s
  
 Calculating Ion-Ion Stress ...                complete.     0.003 s
  
 ------------------------------------------------------------------------------
                         LATTICE VECTORS (Angstrom)
 LAT 1           2.805800        0.000000        0.000000
 LAT 2           1.402900        2.429894        0.000000
 LAT 3           0.000000        0.000000       50.569049
 ------------------------------------------------------------------------------
                                STRESS (GPa)
 ST_GPa 1        0.106621        0.084589       -0.000001
 ST_GPa 2        0.084589        0.008948       -0.000001
 ST_GPa 3       -0.000001       -0.000001       -0.153897
  
 --------------------------------------------------
 STRESS (a.u.)
 --------------------------------------------------
 ST_AU  1   3.6239890898E-06   2.8751101526E-06  -3.6121004197E-11
 ST_AU  2   2.8751101526E-06   3.0413675031E-07  -2.7223923551E-11
 ST_AU  3  -3.6121004197E-11  -2.7223923551E-11  -5.2308673821E-06
; Cell optimization at step 17, max(stress):  0.5231E-05, total energy:  -46.837680    ;
  dV of each real space grid is now    4.9475071440751701E-002
 Cell length (Bohr)    5.302E+00   5.302E+00   9.559E+01
 Angle     (Degree)    9.000E+01   9.000E+01   6.000E+01
 Volume    (Bohr^3)    2.327E+03
  dV of each real space grid is now    4.9475071440751701E-002
 Cell length (Bohr)    5.302E+00   5.302E+00   9.559E+01
 Angle     (Degree)    9.000E+01   9.000E+01   6.000E+01
 Volume    (Bohr^3)    2.327E+03

 ------------------------------------------------------------------------------
                           SETUP EWALD 
 (Ewald) eta                             :   0.6867    
 (Ewald) Real Space Cutoff               :    7.519     (Bohr)
 (Ewald) Reciprocal Cutoff               :    7.703     (1/Bohr)

 ------------------------------------------------------------------------------
                           SETUP PLANE WAVE 

 ------------------------------------------------------------------------------
                           INITIALIZING WGC KERNEL
 Fermi vector :   0.94341707183737833     
 Reference density :    2.8358952976349223E-002
 Dimension of KEDF Kernel :            8          14         240

 ------------------------------------------------------------------------------
                           REFRESH ION POSITIONS
  
 Calculating Ion-Ion Energy ...                   complete.     0.004 s
  
 Calculating Ion-Electron Potential (spline) ... 
 complete.     0.004 s
 Rescale the total density from   3.266320 to         66

 ------------------------------------------------------------------------------
                           DENSITY OPTIMIZATION
 Electron number for spin            1  is    66.000000000000313     
 Cell Volume      :           344.871365 Angstrom^3
 Ion number       :                   22
 Electron number  :            66.000000
 Ion density      :             0.063792 Ion/Angstrom^3
 Electron density :             0.191376 Electron/Angstrom^3
  
 Calculating Ion-Ion Forces ...                complete.     0.004 s
  
 Calculating Ion-Electron Forces (spline) ...  complete.     0.003 s
  ------ ION (GRADIENT METHOD) STEP            1  ------
  
 Calculating Ion-Electron Stress (spline) ...  complete.     0.006 s
  
 Calculating Ion-Ion Stress ...                complete.     0.003 s
  
 ------------------------------------------------------------------------------
                         LATTICE VECTORS (Angstrom)
 LAT 1           2.805800        0.000000        0.000000
 LAT 2           1.402900        2.429894        0.000000
 LAT 3           0.000000        0.000000       50.584001
 ------------------------------------------------------------------------------
                                STRESS (GPa)
 ST_GPa 1        0.120443        0.083933       -0.000001
 ST_GPa 2        0.083933        0.023526       -0.000001
 ST_GPa 3       -0.000001       -0.000001       -0.111123
  
 --------------------------------------------------
 STRESS (a.u.)
 --------------------------------------------------
 ST_AU  1   4.0937861086E-06   2.8528395376E-06  -3.6216440455E-11
 ST_AU  2   2.8528395376E-06   7.9964930671E-07  -2.7323539352E-11
 ST_AU  3  -3.6216440455E-11  -2.7323539352E-11  -3.7770071474E-06
; Cell optimization at step 18, max(stress):  0.4094E-05, total energy:  -46.837684    ;
  dV of each real space grid is now    4.9487742891039438E-002
 Cell length (Bohr)    5.302E+00   5.302E+00   9.561E+01
 Angle     (Degree)    9.000E+01   9.000E+01   6.000E+01
 Volume    (Bohr^3)    2.328E+03
  dV of each real space grid is now    4.9487742891039438E-002
 Cell length (Bohr)    5.302E+00   5.302E+00   9.561E+01
 Angle     (Degree)    9.000E+01   9.000E+01   6.000E+01
 Volume    (Bohr^3)    2.328E+03

 ------------------------------------------------------------------------------
                           SETUP EWALD 
 (Ewald) eta                             :   0.6867    
 (Ewald) Real Space Cutoff               :    7.519     (Bohr)
 (Ewald) Reciprocal Cutoff               :    7.703     (1/Bohr)

 ------------------------------------------------------------------------------
                           SETUP PLANE WAVE 

 ------------------------------------------------------------------------------
                           INITIALIZING WGC KERNEL
 Fermi vector :   0.94333654359411601     
 Reference density :    2.8351691601272100E-002
 Dimension of KEDF Kernel :            8          14         240

 ------------------------------------------------------------------------------
                           REFRESH ION POSITIONS
  
 Calculating Ion-Ion Energy ...                   complete.     0.004 s
  
 Calculating Ion-Electron Potential (spline) ... 
 complete.     0.005 s
 Rescale the total density from   3.267028 to         66

 ------------------------------------------------------------------------------
                           DENSITY OPTIMIZATION
 Electron number for spin            1  is    65.999999999999503     
 Cell Volume      :           344.959693 Angstrom^3
 Ion number       :                   22
 Electron number  :            66.000000
 Ion density      :             0.063776 Ion/Angstrom^3
 Electron density :             0.191327 Electron/Angstrom^3
  
 Calculating Ion-Ion Forces ...                complete.     0.005 s
  
 Calculating Ion-Electron Forces (spline) ...  complete.     0.003 s
  ------ ION (GRADIENT METHOD) STEP            1  ------
  
 Calculating Ion-Electron Stress (spline) ...  complete.     0.006 s
  
 Calculating Ion-Ion Stress ...                complete.     0.003 s
  
 ------------------------------------------------------------------------------
                         LATTICE VECTORS (Angstrom)
 LAT 1           2.805800        0.000000        0.000000
 LAT 2           1.402900        2.429894        0.000000
 LAT 3           0.000000        0.000000       50.596956
 ------------------------------------------------------------------------------
                                STRESS (GPa)
 ST_GPa 1        0.132453        0.083367       -0.000001
 ST_GPa 2        0.083367        0.036190       -0.000001
 ST_GPa 3       -0.000001       -0.000001       -0.074300
  
 --------------------------------------------------
 STRESS (a.u.)
 --------------------------------------------------
 ST_AU  1   4.5019776164E-06   2.8335868298E-06  -3.6412062076E-11
 ST_AU  2   2.8335868298E-06   1.2300719353E-06  -2.7468394566E-11
 ST_AU  3  -3.6412062076E-11  -2.7468394566E-11  -2.5254171116E-06
; Cell optimization at step 19, max(stress):  0.4502E-05, total energy:  -46.837685    ;
  dV of each real space grid is now    4.9497909892414753E-002
 Cell length (Bohr)    5.302E+00   5.302E+00   9.563E+01
 Angle     (Degree)    9.000E+01   9.000E+01   6.000E+01
 Volume    (Bohr^3)    2.328E+03
  dV of each real space grid is now    4.9497909892414753E-002
 Cell length (Bohr)    5.302E+00   5.302E+00   9.563E+01
 Angle     (Degree)    9.000E+01   9.000E+01   6.000E+01
 Volume    (Bohr^3)    2.328E+03

 ------------------------------------------------------------------------------
                           SETUP EWALD 
 (Ewald) eta                             :   0.6867    
 (Ewald) Real Space Cutoff               :    7.519     (Bohr)
 (Ewald) Reciprocal Cutoff               :    7.703     (1/Bohr)

 ------------------------------------------------------------------------------
                           SETUP PLANE WAVE 

 ------------------------------------------------------------------------------
                           INITIALIZING WGC KERNEL
 Fermi vector :   0.94327195123255603     
 Reference density :    2.8345868088963617E-002
 Dimension of KEDF Kernel :            8          14         240

 ------------------------------------------------------------------------------
                           REFRESH ION POSITIONS
  
 Calculating Ion-Ion Energy ...                   complete.     0.004 s
  
 Calculating Ion-Electron Potential (spline) ... 
 complete.     0.004 s
 Rescale the total density from   3.267533 to         66

 ------------------------------------------------------------------------------
                           DENSITY OPTIMIZATION
 Electron number for spin            1  is    65.999999999999787     
 Cell Volume      :           345.030563 Angstrom^3
 Ion number       :                   22
 Electron number  :            66.000000
 Ion density      :             0.063762 Ion/Angstrom^3
 Electron density :             0.191287 Electron/Angstrom^3
  
 Calculating Ion-Ion Forces ...                complete.     0.005 s
  
 Calculating Ion-Electron Forces (spline) ...  complete.     0.003 s
  ------ ION (GRADIENT METHOD) STEP            1  ------
  
 Calculating Ion-Electron Stress (spline) ...  complete.     0.005 s
  
 Calculating Ion-Ion Stress ...                complete.     0.002 s
  
 ------------------------------------------------------------------------------
                         LATTICE VECTORS (Angstrom)
 LAT 1           2.805800        0.000000        0.000000
 LAT 2           1.402900        2.429894        0.000000
 LAT 3           0.000000        0.000000       50.607351
 ------------------------------------------------------------------------------
                                STRESS (GPa)
 ST_GPa 1        0.142071        0.082912       -0.000001
 ST_GPa 2        0.082912        0.046334       -0.000001
 ST_GPa 3       -0.000001       -0.000001       -0.044641
  
 --------------------------------------------------
 STRESS (a.u.)
 --------------------------------------------------
 ST_AU  1   4.8289061283E-06   2.8181266267E-06  -3.6419103639E-11
 ST_AU  2   2.8181266267E-06   1.5748524264E-06  -2.7546352789E-11
 ST_AU  3  -3.6419103639E-11  -2.7546352789E-11  -1.5173015950E-06
; Cell optimization at step 20, max(stress):  0.4829E-05, total energy:  -46.837686    ;
  dV of each real space grid is now    4.9505240043461511E-002
 Cell length (Bohr)    5.302E+00   5.302E+00   9.565E+01
 Angle     (Degree)    9.000E+01   9.000E+01   6.000E+01
 Volume    (Bohr^3)    2.329E+03
  dV of each real space grid is now    4.9505240043461511E-002
 Cell length (Bohr)    5.302E+00   5.302E+00   9.565E+01
 Angle     (Degree)    9.000E+01   9.000E+01   6.000E+01
 Volume    (Bohr^3)    2.329E+03

 ------------------------------------------------------------------------------
                           SETUP EWALD 
 (Ewald) eta                             :   0.6867    
 (Ewald) Real Space Cutoff               :    7.519     (Bohr)
 (Ewald) Reciprocal Cutoff               :    7.703     (1/Bohr)

 ------------------------------------------------------------------------------
                           SETUP PLANE WAVE 

 ------------------------------------------------------------------------------
                           INITIALIZING WGC KERNEL
 Fermi vector :   0.94322539274590811     
 Reference density :    2.8341670967720264E-002
 Dimension of KEDF Kernel :            8          14         240

 ------------------------------------------------------------------------------
                           REFRESH ION POSITIONS
  
 Calculating Ion-Ion Energy ...                   complete.     0.004 s
  
 Calculating Ion-Electron Potential (spline) ... 
 complete.     0.004 s
 Rescale the total density from   3.267830 to         66

 ------------------------------------------------------------------------------
                           DENSITY OPTIMIZATION
 Electron number for spin            1  is    66.000000000000639     
 Cell Volume      :           345.081659 Angstrom^3
 Ion number       :                   22
 Electron number  :            66.000000
 Ion density      :             0.063753 Ion/Angstrom^3
 Electron density :             0.191259 Electron/Angstrom^3
  
 Calculating Ion-Ion Forces ...                complete.     0.004 s
  
 Calculating Ion-Electron Forces (spline) ...  complete.     0.003 s
  ------ ION (GRADIENT METHOD) STEP            1  ------
  
 Calculating Ion-Electron Stress (spline) ...  complete.     0.005 s
  
 Calculating Ion-Ion Stress ...                complete.     0.002 s
  
 ------------------------------------------------------------------------------
                         LATTICE VECTORS (Angstrom)
 LAT 1           2.805800        0.000000        0.000000
 LAT 2           1.402900        2.429894        0.000000
 LAT 3           0.000000        0.000000       50.614845
 ------------------------------------------------------------------------------
                                STRESS (GPa)
 ST_GPa 1        0.148997        0.082586       -0.000001
 ST_GPa 2        0.082586        0.053636       -0.000001
 ST_GPa 3       -0.000001       -0.000001       -0.023490
  
 --------------------------------------------------
 STRESS (a.u.)
 --------------------------------------------------
 ST_AU  1   5.0643091090E-06   2.8070530251E-06  -3.6544316655E-11
 ST_AU  2   2.8070530251E-06   1.8230420380E-06  -2.7613667045E-11
 ST_AU  3  -3.6544316655E-11  -2.7613667045E-11  -7.9840517345E-07
; Cell optimization at step 21, max(stress):  0.5064E-05, total energy:  -46.837687    ;
  dV of each real space grid is now    4.9509868600265600E-002
 Cell length (Bohr)    5.302E+00   5.302E+00   9.566E+01
 Angle     (Degree)    9.000E+01   9.000E+01   6.000E+01
 Volume    (Bohr^3)    2.329E+03
  dV of each real space grid is now    4.9509868600265600E-002
 Cell length (Bohr)    5.302E+00   5.302E+00   9.566E+01
 Angle     (Degree)    9.000E+01   9.000E+01   6.000E+01
 Volume    (Bohr^3)    2.329E+03

 ------------------------------------------------------------------------------
                           SETUP EWALD 
 (Ewald) eta                             :   0.6867    
 (Ewald) Real Space Cutoff               :    7.519     (Bohr)
 (Ewald) Reciprocal Cutoff               :    7.703     (1/Bohr)

 ------------------------------------------------------------------------------
                           SETUP PLANE WAVE 

 ------------------------------------------------------------------------------
                           INITIALIZING WGC KERNEL
 Fermi vector :   0.94319599854977221     
 Reference density :    2.8339021374059335E-002
 Dimension of KEDF Kernel :            8          14         240

 ------------------------------------------------------------------------------
                           REFRESH ION POSITIONS
  
 Calculating Ion-Ion Energy ...                   complete.     0.004 s
  
 Calculating Ion-Electron Potential (spline) ... 
 complete.     0.004 s
 Rescale the total density from   3.267957 to         66

 ------------------------------------------------------------------------------
                           DENSITY OPTIMIZATION
 Electron number for spin            1  is    65.999999999999901     
 Cell Volume      :           345.113923 Angstrom^3
 Ion number       :                   22
 Electron number  :            66.000000
 Ion density      :             0.063747 Ion/Angstrom^3
 Electron density :             0.191241 Electron/Angstrom^3
  
 Calculating Ion-Ion Forces ...                complete.     0.005 s
  
 Calculating Ion-Electron Forces (spline) ...  complete.     0.003 s
  ------ ION (GRADIENT METHOD) STEP            1  ------
  
 Calculating Ion-Electron Stress (spline) ...  complete.     0.005 s
  
 Calculating Ion-Ion Stress ...                complete.     0.002 s
  
 ------------------------------------------------------------------------------
                         LATTICE VECTORS (Angstrom)
 LAT 1           2.805800        0.000000        0.000000
 LAT 2           1.402900        2.429894        0.000000
 LAT 3           0.000000        0.000000       50.619578
 ------------------------------------------------------------------------------
                                STRESS (GPa)
 ST_GPa 1        0.153339        0.082380       -0.000001
 ST_GPa 2        0.082380        0.058215       -0.000001
 ST_GPa 3       -0.000001       -0.000001       -0.010089
  
 --------------------------------------------------
 STRESS (a.u.)
 --------------------------------------------------
 ST_AU  1   5.2118781145E-06   2.8000512533E-06  -3.6603379440E-11
 ST_AU  2   2.8000512533E-06   1.9786958935E-06  -2.7667573707E-11
 ST_AU  3  -3.6603379440E-11  -2.7667573707E-11  -3.4293456671E-07
; Cell optimization at step 22, max(stress):  0.5212E-05, total energy:  -46.837687    ;
##############################################################################
#                               FINAL ENERGIES                       time    #
##############################################################################
# Thomas-Fermi Kin. Energy =   4.873958167337E+02 eV                 0.000 s #
# Von-Weizsacker Kin. Ener =   3.991091359979E+01 eV                 0.000 s #
#       WGC Kinetic Energy =  -1.486556737651E+01 eV                 0.000 s #
#                                                                            #
#     LDA Exch-Corr Energy =  -4.878420512164E+02 eV                 0.000 s #
#         Coulombic Energy =   3.116346987787E+00 eV                 0.000 s #
#      Ion-Electron Energy =   3.415893341147E+02 eV                 0.000 s #
#           Ion-Ion Energy =  -1.643823051304E+03 eV                 0.000 s #
#                                                                            #
#     TOTAL KINETIC ENERGY =   5.124411629569E+02 eV                         #
#   TOTAL POTENTIAL ENERGY =  -1.786959421418E+03 eV                         #
#             TOTAL ENERGY =  -1.274518258461E+03 eV                         #
##############################################################################
  
 ----------------------------- TIME INFORMATION ------------------------------
    PROFESS      :     87.79s WALL    100.00% (       1 calls)    87.79s/call
    InitPROFESS  :      0.07s WALL      0.08% (       1 calls)     0.07s/call
    KEDFRefresh  :      0.21s WALL      0.24% (      22 calls)     0.01s/call
    IonRefresh   :      0.51s WALL      0.58% (      44 calls)     0.01s/call
    EwaldEnergy  :      0.22s WALL      0.25% (      44 calls)     0.01s/call
    Pot_Ion      :      0.16s WALL      0.18% (    1903 calls)     0.00s/call
    Pot_Har      :      4.20s WALL      4.79% (    1903 calls)     0.00s/call
    Pot_Exc      :     10.52s WALL     11.98% (    1903 calls)     0.01s/call
    Pot_KEDF     :     66.91s WALL     76.21% (    1903 calls)     0.04s/call
    WGCPotPlus   :     51.69s WALL     58.88% (    1903 calls)     0.03s/call
    VWPotSqrPlus :      3.76s WALL      4.28% (    1903 calls)     0.00s/call
    NextGradient :      0.17s WALL      0.19% (     184 calls)     0.00s/call
    CalForce     :      0.49s WALL      0.56% (      44 calls)     0.01s/call
    EwaldForces  :      0.26s WALL      0.30% (      44 calls)     0.01s/call
    CalStress    :      1.32s WALL      1.51% (      22 calls)     0.06s/call
    WGCStress    :      0.56s WALL      0.64% (      22 calls)     0.03s/call
    EwaldStress  :      0.07s WALL      0.08% (      22 calls)     0.00s/call
 -----------------------------------------------------------------------------
 ------------------------------- TOTAL ---------------------------------------
    PROFESS      :     87.79s WALL    100.00% (       1 calls)    87.79s/call
 -----------------------------------------------------------------------------

Run completed on: 05/02/2022 at 14:07:33 
  
