 ******************************************************************************
                             WELCOME TO PROFESS                   
            (PRinceton Orbital-Free Electronic Structure Software) 
 ******************************************************************************

 ------------------------------------------------------------------------------
                           READ GEOMETRY
 Cell length (Bohr)    5.970E+00   5.970E+00   5.970E+00
 Angle     (Degree)    6.000E+01   6.000E+01   6.000E+01
 Volume    (Bohr^3)    1.505E+02

 ------------------------------------------------------------------------------
                           READ PSEUDOPOTENTIAL
 Total electron number in ReadPseudo is    2.0000000000000000     
 (System) Machine Precision              :    2.2204460492503131E-016

 ------------------------------------------------------------------------------
                           SETUP FFT
 Global FFT Dimension :    15   15   15
 Rank/Size in Global Communicator     :            0 /           1
 Rank/Size in Global FFT Communicator :            0 /           1
 Parallel FFT, totX    =    15
 Parallel FFT, totY    =    15
 Parallel FFT, locZ    =    15
 Parallel FFT, locZoff =     0
 Dimension of rho for this processor : 
 xmin, xmax :            0          14
 ymin, ymax :            0          14
 zmin, zmax :            0          14
 Total electron number =    2.0000000000000000     
 Uniform rhoR =    1.3290901159848281E-002
 (GB INFO) FFT size      :       15      15      15
 (GB INFO) FFT offset    :        0
 (GB INFO) FFT G size    :        8      15      15
 (GB INFO) FFT G offset  :        0

 ------------------------------------------------------------------------------
                           SETUP KEDF
 kinetic energy density functional number is            4
 ( 1=TF, 2=VW, 3=TF+VW, 4=WT,  5=WGC,  
   7=LQ, 8=HQ, 10=CAT,  11=HC, 12=WGCD,
   15=GGA, 16=WGCD+GGA, 17=EVT, 18=EVC )
 qTable dimension:     8   15   15
 Coefficient for TF KEDF is     1.0000
 Coefficient for VW KEDF is     1.0000
 Coefficient for alpha in WT KEDF is     0.8333
 Coefficient for beta  in WT KEDF is     0.8333
 rho0 (Electron/Bohr^3) in WGC KEDF is     0.0133
 hold0 =  F
  dV of each real space grid is now    4.4586336582113077E-002
 Cell length (Bohr)    5.970E+00   5.970E+00   5.970E+00
 Angle     (Degree)    6.000E+01   6.000E+01   6.000E+01
 Volume    (Bohr^3)    1.505E+02

 ------------------------------------------------------------------------------
                           SETUP EWALD 
 (Ewald) eta                             :   0.7396    
 (Ewald) Real Space Cutoff               :    6.386     (Bohr)
 (Ewald) Reciprocal Cutoff               :    7.367     (1/Bohr)

 ------------------------------------------------------------------------------
                           SETUP PLANE WAVE 
 Read in WT kernel.
 kernel file name  : 1PROFESS_KERNEL.dat           
 KEDF type         :     4
 Fermi vector      :   1.182014212099E+00
 Reference density :  -1.000000000000E+00
 Mesh points       :   200002
 Fermi vector in this cell is    1.4656214252941642     
 Fermi vector from kernel file is    1.1820142120987149     
 First qNorm is    0.0000000000000000     
 size of Wang-Teter kernel in this run is            8          15          15
 Max |G| in this calculation is   1.727676388918E+01
 Max eta used from kernel is   1.178801264161E+01

 ------------------------------------------------------------------------------
                           REFRESH ION POSITIONS
  
 Calculating Ion-Ion Energy ...                   complete.     0.000 s
  
 Calculating Ion-Electron Potential (spline) ... 
 complete.     0.000 s

 ------------------------------------------------------------------------------
                           DENSITY OPTIMIZATION
 Electron number for spin            1  is    2.0000000000000346     
 Cell Volume      :            22.298670 Angstrom^3
 Ion number       :                    1
 Electron number  :             2.000000
 Ion density      :             0.044846 Ion/Angstrom^3
 Electron density :             0.089691 Electron/Angstrom^3
##############################################################################
#                               FINAL ENERGIES                       time    #
##############################################################################
# Thomas-Fermi Kin. Energy =   8.916610312181E+00 eV                 0.000 s #
# Von-Weizsacker Kin. Ener =   8.760414828476E-01 eV                 0.000 s #
# Wang-Teter Kinetic Energ =  -2.716247265617E-01 eV                 0.000 s #
#                                                                            #
#     LDA Exch-Corr Energy =  -1.176207504104E+01 eV                 0.000 s #
#         Coulombic Energy =   5.136995860604E-02 eV                 0.000 s #
#      Ion-Electron Energy =   7.115664404004E+00 eV                 0.000 s #
#           Ion-Ion Energy =  -2.955255539236E+01 eV                 0.000 s #
#                                                                            #
#     TOTAL KINETIC ENERGY =   9.521027068466E+00 eV                         #
#   TOTAL POTENTIAL ENERGY =  -3.414759607079E+01 eV                         #
#             TOTAL ENERGY =  -2.462656900232E+01 eV                         #
##############################################################################
  
 ----------------------------- TIME INFORMATION ------------------------------
    PROFESS      :      0.84s WALL    100.00% (       1 calls)     0.84s/call
    InitPROFESS  :      0.44s WALL     52.06% (       1 calls)     0.44s/call
    KEDFRefresh  :      0.41s WALL     48.43% (       1 calls)     0.41s/call
    IonRefresh   :      0.00s WALL      0.10% (       1 calls)     0.00s/call
    EwaldEnergy  :      0.00s WALL      0.05% (       1 calls)     0.00s/call
    Pot_Ion      :      0.00s WALL      0.03% (      60 calls)     0.00s/call
    Pot_Har      :      0.01s WALL      0.70% (      60 calls)     0.00s/call
    Pot_Exc      :      0.03s WALL      3.17% (      60 calls)     0.00s/call
    Pot_KEDF     :      0.12s WALL     14.21% (      60 calls)     0.00s/call
    VWPotSqrPlus :      0.01s WALL      0.65% (      60 calls)     0.00s/call
    NextGradient :      0.00s WALL      0.04% (       6 calls)     0.00s/call
 -----------------------------------------------------------------------------
 ------------------------------- TOTAL ---------------------------------------
    PROFESS      :      0.84s WALL    100.00% (       1 calls)     0.84s/call
 -----------------------------------------------------------------------------

Run completed on: 08/19/2021 at 16:13:01 
  
