 ******************************************************************************
                             WELCOME TO PROFESS                   
            (PRinceton Orbital-Free Electronic Structure Software) 
 ******************************************************************************

 ------------------------------------------------------------------------------
                           READ GEOMETRY
 Cell length (Bohr)    6.048E+01   6.048E+01   6.048E+01
 Angle     (Degree)    9.000E+01   9.000E+01   9.000E+01
 Volume    (Bohr^3)    2.213E+05

 ------------------------------------------------------------------------------
                           READ PSEUDOPOTENTIAL
 Total electron number in ReadPseudo is    6908.0000000000000     
 (System) Machine Precision              :    2.2204460492503131E-016

 ------------------------------------------------------------------------------
                           SETUP FFT
 Global FFT Dimension :   168  168  168
 Rank/Size in Global Communicator     :            0 /           1
 Rank/Size in Global FFT Communicator :            0 /           1
 Parallel FFT, totX    =   168
 Parallel FFT, totY    =   168
 Parallel FFT, locZ    =   168
 Parallel FFT, locZoff =     0
 Dimension of rho for this processor : 
 xmin, xmax :            0         167
 ymin, ymax :            0         167
 zmin, zmax :            0         167
 Total electron number =    6908.0000000000000     
 Uniform rhoR =    3.1220997866373463E-002
 (GB INFO) FFT size      :      168     168     168
 (GB INFO) FFT offset    :        0
 (GB INFO) FFT G size    :       85     168     168
 (GB INFO) FFT G offset  :        0

 ------------------------------------------------------------------------------
                           SETUP KEDF
 kinetic energy density functional number is           11
 ( 1=TF, 2=VW, 3=TF+VW, 4=WT,  5=WGC,  
   7=LQ, 8=HQ, 10=CAT,  11=HC, 12=WGCD,
   15=GGA, 16=WGCD+GGA, 17=EVT, 18=EVC )
 qTable dimension:    85  168  168
 rhoS=   3.1220997866373463E-002
 rho0=   3.1220997866373463E-002
 coefficients for TF KEDF is     1.000000
 coefficients for VW KEDF is     1.000000
 Lambda in HC10 is set to     0.010000
 ALPHA  in HC10 is set to     2.016667
 BETA   in HC10 is set to     0.650000
 Sum of alpha and beta is     2.666667
  dV of each real space grid is now    4.6663542349047828E-002
 Cell length (Bohr)    6.048E+01   6.048E+01   6.048E+01
 Angle     (Degree)    9.000E+01   9.000E+01   9.000E+01
 Volume    (Bohr^3)    2.213E+05

 ------------------------------------------------------------------------------
                           SETUP EWALD 
 (Ewald) eta                             :   0.6761    
 (Ewald) Real Space Cutoff               :    8.281     (Bohr)
 (Ewald) Reciprocal Cutoff               :    8.674     (1/Bohr)

 ------------------------------------------------------------------------------
                           SETUP PLANE WAVE 

 ------------------------------------------------------------------------------
                           REFRESH ION POSITIONS
  
 Calculating Ion-Ion Energy ...                   complete.     1.870 s
  
 Calculating Ion-Electron Potential (spline) ... 
 complete.     1.712 s

 ------------------------------------------------------------------------------
                           DENSITY OPTIMIZATION
 Electron number for spin            1  is    6908.0000003682781     
 Cell Volume      :         32787.548236 Angstrom^3
 Ion number       :                 1727
 Electron number  :          6908.000000
 Ion density      :             0.052672 Ion/Angstrom^3
 Electron density :             0.210690 Electron/Angstrom^3
##############################################################################
#                               FINAL ENERGIES                       time    #
##############################################################################
# Thomas-Fermi Kin. Energy =   6.550136300153E+04 eV                 0.000 s #
# Von-Weizsacker Kin. Ener =   1.804333540732E+04 eV                 0.000 s #
#                                                                            #
#     LDA Exch-Corr Energy =  -5.653610462373E+04 eV                 0.000 s #
#         Coulombic Energy =   1.123505435952E+04 eV                 0.000 s #
#      Ion-Electron Energy =  -1.300151345523E+04 eV                 0.000 s #
#           Ion-Ion Energy =  -2.007937771080E+05 eV                 0.000 s #
#                                                                            #
#     TOTAL KINETIC ENERGY =   6.983025707894E+04 eV                         #
#   TOTAL POTENTIAL ENERGY =  -2.590963408274E+05 eV                         #
#             TOTAL ENERGY =  -1.892660837485E+05 eV                         #
##############################################################################
  
 ----------------------------- TIME INFORMATION ------------------------------
    PROFESS      :  27659.78s WALL    100.00% (       1 calls) 27659.78s/call
    InitPROFESS  :      4.33s WALL      0.02% (       1 calls)     4.33s/call
    KEDFRefresh  :      0.20s WALL      0.00% (       1 calls)     0.20s/call
    IonRefresh   :      4.03s WALL      0.01% (       1 calls)     4.03s/call
    EwaldEnergy  :      1.87s WALL      0.01% (       1 calls)     1.87s/call
    Pot_Ion      :     13.05s WALL      0.05% (    1186 calls)     0.01s/call
    Pot_Har      :    365.23s WALL      1.32% (    1186 calls)     0.31s/call
    Pot_Exc      :    635.92s WALL      2.30% (    1186 calls)     0.54s/call
    Pot_KEDF     :  26412.57s WALL     95.49% (    1186 calls)    22.27s/call
    intPot       :  25279.23s WALL     91.39% (    1186 calls)    21.31s/call
    MakeXiG      :    421.49s WALL      1.52% (    1186 calls)     0.36s/call
    intPot1      :   6703.01s WALL     24.23% (   12997 calls)     0.52s/call
    MakeHC10Kern :    430.73s WALL      1.56% (   14183 calls)     0.03s/call
    intPot2      :   2454.02s WALL      8.87% (   12997 calls)     0.19s/call
    intPot3      :   9769.37s WALL     35.32% (   12997 calls)     0.75s/call
    intPot4      :   1397.46s WALL      5.05% (   12997 calls)     0.11s/call
    VWPotSqrPlus :    354.30s WALL      1.28% (    1186 calls)     0.30s/call
    NextGradient :     15.34s WALL      0.06% (     137 calls)     0.11s/call
 -----------------------------------------------------------------------------
 ------------------------------- TOTAL ---------------------------------------
    PROFESS      :  27659.78s WALL    100.00% (       1 calls) 27659.78s/call
 -----------------------------------------------------------------------------

Run completed on: 02/09/2023 at 02:53:48 
  
