 ******************************************************************************
                             WELCOME TO PROFESS                   
            (PRinceton Orbital-Free Electronic Structure Software) 
 ******************************************************************************

 ------------------------------------------------------------------------------
                           READ GEOMETRY
 Cell length (Bohr)    5.958E+00   5.958E+00   5.958E+00
 Angle     (Degree)    6.000E+01   6.000E+01   6.000E+01
 Volume    (Bohr^3)    1.496E+02

 ------------------------------------------------------------------------------
                           READ PSEUDOPOTENTIAL
 Total electron number in ReadPseudo is    2.0000000000000000     
 (System) Machine Precision              :    2.2204460492503131E-016

 ------------------------------------------------------------------------------
                           SETUP FFT
 Global FFT Dimension :    15   15   15
 Rank/Size in Global Communicator     :            0 /           1
 Rank/Size in Global FFT Communicator :            0 /           1
 Parallel FFT, totX    =    15
 Parallel FFT, totY    =    15
 Parallel FFT, locZ    =    15
 Parallel FFT, locZoff =     0
 Dimension of rho for this processor : 
 xmin, xmax :            0          14
 ymin, ymax :            0          14
 zmin, zmax :            0          14
 Total electron number =    2.0000000000000000     
 Uniform rhoR =    1.3372150063405129E-002
 (GB INFO) FFT size      :       15      15      15
 (GB INFO) FFT offset    :        0
 (GB INFO) FFT G size    :        8      15      15
 (GB INFO) FFT G offset  :        0

 ------------------------------------------------------------------------------
                           SETUP KEDF
 kinetic energy density functional number is            5
 ( 1=TF, 2=VW, 3=TF+VW, 4=WT,  5=WGC,  
   7=LQ, 8=HQ, 10=CAT,  11=HC, 12=WGCD,
   15=GGA, 16=WGCD+GGA, 17=EVT, 18=EVC )
 qTable dimension:     8   15   15
 Coefficient for TF KEDF is     1.0000
 Coefficient for VW KEDF is     1.0000
 Coefficient for alpha in WGC KEDF is     1.2060
 Coefficient for beta  in WGC KEDF is     0.4607
 Coefficient for gamma in WGC KEDF is     2.7000
 rho0 (Electron/Bohr^3) in WGC KEDF is     0.0134
 rhoS (Electron/Bohr^3) in WGC KEDF is     0.0134
 hold0 =  F
 holdS =  F
  dV of each real space grid is now    4.4315430935396846E-002
 Cell length (Bohr)    5.958E+00   5.958E+00   5.958E+00
 Angle     (Degree)    6.000E+01   6.000E+01   6.000E+01
 Volume    (Bohr^3)    1.496E+02

 ------------------------------------------------------------------------------
                           SETUP EWALD 
 (Ewald) eta                             :   0.7396    
 (Ewald) Real Space Cutoff               :    6.386     (Bohr)
 (Ewald) Reciprocal Cutoff               :    7.382     (1/Bohr)

 ------------------------------------------------------------------------------
                           SETUP PLANE WAVE 

 ------------------------------------------------------------------------------
                           INITIALIZING WGC KERNEL
 Fermi vector :   0.73430093394803708     
 Reference density :    1.3372150063405129E-002
 Make WGC kernels.
 Dimension of KEDF Kernel :            8          15          15

 ------------------------------------------------------------------------------
                           REFRESH ION POSITIONS
  
 Calculating Ion-Ion Energy ...                   complete.     0.000 s
  
 Calculating Ion-Electron Potential (spline) ... 
 complete.     0.000 s

 ------------------------------------------------------------------------------
                           DENSITY OPTIMIZATION
 Electron number for spin            1  is    1.9999999999998870     
 Cell Volume      :            22.163184 Angstrom^3
 Ion number       :                    1
 Electron number  :             2.000000
 Ion density      :             0.045120 Ion/Angstrom^3
 Electron density :             0.090240 Electron/Angstrom^3
##############################################################################
#                               FINAL ENERGIES                       time    #
##############################################################################
# Thomas-Fermi Kin. Energy =   8.959122946981E+00 eV                 0.000 s #
# Von-Weizsacker Kin. Ener =   8.918202056717E-01 eV                 0.000 s #
#       WGC Kinetic Energy =  -2.967419931573E-01 eV                 0.000 s #
#                                                                            #
#     LDA Exch-Corr Energy =  -1.178694922888E+01 eV                 0.000 s #
#         Coulombic Energy =   5.512283840816E-02 eV                 0.000 s #
#      Ion-Electron Energy =   7.151547215861E+00 eV                 0.000 s #
#           Ion-Ion Energy =  -2.961265255903E+01 eV                 0.000 s #
#                                                                            #
#     TOTAL KINETIC ENERGY =   9.554201159495E+00 eV                         #
#   TOTAL POTENTIAL ENERGY =  -3.419293173364E+01 eV                         #
#             TOTAL ENERGY =  -2.463873057414E+01 eV                         #
##############################################################################
  
 ----------------------------- TIME INFORMATION ------------------------------
    PROFESS      :      0.52s WALL    100.00% (       1 calls)     0.52s/call
    InitPROFESS  :      0.06s WALL     10.90% (       1 calls)     0.06s/call
    KEDFRefresh  :      0.02s WALL      3.21% (       1 calls)     0.02s/call
    IonRefresh   :      0.00s WALL      0.14% (       1 calls)     0.00s/call
    EwaldEnergy  :      0.00s WALL      0.06% (       1 calls)     0.00s/call
    Pot_Ion      :      0.00s WALL      0.05% (      62 calls)     0.00s/call
    Pot_Har      :      0.01s WALL      1.19% (      62 calls)     0.00s/call
    Pot_Exc      :      0.03s WALL      5.59% (      62 calls)     0.00s/call
    Pot_KEDF     :      0.15s WALL     28.26% (      62 calls)     0.00s/call
    WGCPotPlus   :      0.11s WALL     21.82% (      62 calls)     0.00s/call
    VWPotSqrPlus :      0.01s WALL      1.08% (      62 calls)     0.00s/call
    NextGradient :      0.00s WALL      0.06% (       6 calls)     0.00s/call
 -----------------------------------------------------------------------------
 ------------------------------- TOTAL ---------------------------------------
    PROFESS      :      0.52s WALL    100.00% (       1 calls)     0.52s/call
 -----------------------------------------------------------------------------

Run completed on: 08/19/2021 at 15:44:00 
  
