 ******************************************************************************
                             WELCOME TO PROFESS                   
            (PRinceton Orbital-Free Electronic Structure Software) 
 ******************************************************************************

 ------------------------------------------------------------------------------
                           READ GEOMETRY
 Cell length (Bohr)    4.839E+00   4.839E+00   4.839E+00
 Angle     (Degree)    1.095E+02   1.095E+02   1.095E+02
 Volume    (Bohr^3)    8.725E+01

 ------------------------------------------------------------------------------
                           READ PSEUDOPOTENTIAL
 Total electron number in ReadPseudo is    4.0000000000000000     
 (System) Machine Precision              :    2.2204460492503131E-016

 ------------------------------------------------------------------------------
                           SETUP FFT
 Global FFT Dimension :    24   24   24
 Dimension of rho for this processor : 
 xmin, xmax :            0          23
 ymin, ymax :            0          23
 zmin, zmax :            0          23
 Total electron number =    4.0000000000000000     
 Uniform rhoR =    4.5847751923046583E-002
 (GB INFO) FFT size      :       24      24      24
 (GB INFO) FFT offset    :        0
 (GB INFO) FFT G size    :       13      24      24
 (GB INFO) FFT G offset  :        0

 ------------------------------------------------------------------------------
                           SETUP KEDF
 kinetic energy density functional number is           11
 ( 1=TF, 2=VW, 3=TF+VW, 4=WT,  5=WGC,  
   7=LQ, 8=HQ, 10=CAT,  11=HC, 12=WGCD,
   15=GGA, 16=WGCD+GGA, 17=EVT, 18=EVC )
 qTable dimension:    13   24   24
 rhoS=   4.5847751923046583E-002
 rho0=   4.5847751923046583E-002
 coefficients for TF KEDF is     1.000000
 coefficients for VW KEDF is     1.000000
 Lambda in HC10 is set to     0.000000
 ALPHA  in HC10 is set to     2.016667
 BETA   in HC10 is set to     0.650000
 Sum of alpha and beta is     2.666667
  dV of each real space grid is now    6.3111459060744375E-003
 Cell length (Bohr)    4.839E+00   4.839E+00   4.839E+00
 Angle     (Degree)    1.095E+02   1.095E+02   1.095E+02
 Volume    (Bohr^3)    8.725E+01

 ------------------------------------------------------------------------------
                           SETUP EWALD 
 (Ewald) eta                             :    1.200    
 (Ewald) Real Space Cutoff               :    6.000     (Bohr)
 (Ewald) Reciprocal Cutoff               :    14.93     (1/Bohr)

 ------------------------------------------------------------------------------
                           SETUP PLANE WAVE 

 ------------------------------------------------------------------------------
                           REFRESH ION POSITIONS
  
 Calculating Ion-Ion Energy ...                   complete.     0.002 s
  
 Calculating Ion-Electron Potential (spline) ... 
 complete.     0.002 s

 ------------------------------------------------------------------------------
                           DENSITY OPTIMIZATION
 Electron number for spin            1  is    3.9999999999986748     
 Cell Volume      :            12.928417 Angstrom^3
 Ion number       :                    1
 Electron number  :             4.000000
 Ion density      :             0.077349 Ion/Angstrom^3
 Electron density :             0.309396 Electron/Angstrom^3
##############################################################################
#                               FINAL ENERGIES                       time    #
##############################################################################
# Thomas-Fermi Kin. Energy =   4.094380044908E+01 eV                 0.000 s #
# Von-Weizsacker Kin. Ener =   3.934553754243E+00 eV                 0.000 s #
#                                                                            #
# GGA(PBE) Exch-Cor Energy =  -3.429438361757E+01 eV                 0.000 s #
#         Coulombic Energy =   2.294464726783E-01 eV                 0.000 s #
#      Ion-Electron Energy =   2.442043535180E+01 eV                 0.000 s #
#           Ion-Ion Energy =  -1.417728959555E+02 eV                 0.000 s #
#                                                                            #
#     TOTAL KINETIC ENERGY =   4.328898442028E+01 eV                         #
#   TOTAL POTENTIAL ENERGY =  -1.514173977486E+02 eV                         #
#             TOTAL ENERGY =  -1.081284133283E+02 eV                         #
##############################################################################
  
 ----------------------------- TIME INFORMATION ------------------------------
    PROFESS      :     18.14s WALL    100.00% (       1 calls)    18.14s/call
    InitPROFESS  :      0.03s WALL      0.16% (       1 calls)     0.03s/call
    KEDFRefresh  :      0.00s WALL      0.01% (       1 calls)     0.00s/call
    IonRefresh   :      0.01s WALL      0.03% (       1 calls)     0.01s/call
    EwaldEnergy  :      0.00s WALL      0.01% (       1 calls)     0.00s/call
    ForwFFT_3D   :      2.42s WALL     13.35% (    4833 calls)     0.00s/call
    BackFFT_3D   :      1.52s WALL      8.38% (    3678 calls)     0.00s/call
    Pot_Ion      :      0.03s WALL      0.19% (     133 calls)     0.00s/call
    Pot_Har      :      0.17s WALL      0.95% (     133 calls)     0.00s/call
    Pot_Exc      :      2.36s WALL     13.00% (     133 calls)     0.02s/call
    PBEPot       :      2.16s WALL     11.93% (     133 calls)     0.02s/call
    Pot_KEDF     :     15.15s WALL     83.49% (     133 calls)     0.11s/call
    intPot       :     14.34s WALL     79.02% (     133 calls)     0.11s/call
    MakeXiG      :      0.22s WALL      1.21% (     133 calls)     0.00s/call
    VWPotSqrPlus :      0.14s WALL      0.75% (     133 calls)     0.00s/call
    intPot1      :      4.23s WALL     23.29% (     842 calls)     0.01s/call
    MakeHC10Kern :      0.77s WALL      4.27% (     974 calls)     0.00s/call
    intPot2      :      2.67s WALL     14.74% (     842 calls)     0.00s/call
    intPot3      :      3.66s WALL     20.16% (     842 calls)     0.00s/call
    intPot4      :      1.54s WALL      8.48% (     842 calls)     0.00s/call
    NextGradient :      0.01s WALL      0.04% (       7 calls)     0.00s/call
 -----------------------------------------------------------------------------
 ------------------------------- TOTAL ---------------------------------------
    PROFESS      :     18.14s WALL    100.00% (       1 calls)    18.14s/call
 -----------------------------------------------------------------------------

Run completed on: 07/30/2024 at 17:09:45 
  
