 ******************************************************************************
                             WELCOME TO PROFESS                   
            (PRinceton Orbital-Free Electronic Structure Software) 
 ******************************************************************************

 ------------------------------------------------------------------------------
                           READ GEOMETRY
 Cell length (Bohr)    1.008E+01   1.008E+01   1.008E+01
 Angle     (Degree)    9.000E+01   9.000E+01   9.000E+01
 Volume    (Bohr^3)    1.024E+03

 ------------------------------------------------------------------------------
                           READ PSEUDOPOTENTIAL
 Total electron number in ReadPseudo is    32.000000000000000     
 (System) Machine Precision              :    2.2204460492503131E-016

 ------------------------------------------------------------------------------
                           SETUP FFT
 Global FFT Dimension :    28   28   28
 Rank/Size in Global Communicator     :            0 /           1
 Rank/Size in Global FFT Communicator :            0 /           1
 Parallel FFT, totX    =    28
 Parallel FFT, totY    =    28
 Parallel FFT, locZ    =    28
 Parallel FFT, locZoff =     0
 Dimension of rho for this processor : 
 xmin, xmax :            0          27
 ymin, ymax :            0          27
 zmin, zmax :            0          27
 Total electron number =    32.000000000000000     
 Uniform rhoR =    3.1239076035375429E-002
 (GB INFO) FFT size      :       28      28      28
 (GB INFO) FFT offset    :        0
 (GB INFO) FFT G size    :       15      28      28
 (GB INFO) FFT G offset  :        0

 ------------------------------------------------------------------------------
                           SETUP KEDF
 kinetic energy density functional number is           11
 ( 1=TF, 2=VW, 3=TF+VW, 4=WT,  5=WGC,  
   7=LQ, 8=HQ, 10=CAT,  11=HC, 12=WGCD,
   15=GGA, 16=WGCD+GGA, 17=EVT, 18=EVC )
 qTable dimension:    15   28   28
 rhoS=   3.1239076035375429E-002
 rho0=   3.1239076035375429E-002
 coefficients for TF KEDF is     1.000000
 coefficients for VW KEDF is     1.000000
 Lambda in HC10 is set to     0.010000
 ALPHA  in HC10 is set to     2.016667
 BETA   in HC10 is set to     0.650000
 Sum of alpha and beta is     2.666667
  dV of each real space grid is now    4.6663542349047807E-002
 Cell length (Bohr)    1.008E+01   1.008E+01   1.008E+01
 Angle     (Degree)    9.000E+01   9.000E+01   9.000E+01
 Volume    (Bohr^3)    1.024E+03

 ------------------------------------------------------------------------------
                           SETUP EWALD 
 (Ewald) eta                             :   0.7661    
 (Ewald) Real Space Cutoff               :    6.630     (Bohr)
 (Ewald) Reciprocal Cutoff               :    8.415     (1/Bohr)

 ------------------------------------------------------------------------------
                           SETUP PLANE WAVE 

 ------------------------------------------------------------------------------
                           REFRESH ION POSITIONS
  
 Calculating Ion-Ion Energy ...                   complete.     0.003 s
  
 Calculating Ion-Electron Potential (spline) ... 
 complete.     0.003 s

 ------------------------------------------------------------------------------
                           DENSITY OPTIMIZATION
 Electron number for spin            1  is    32.000000000001016     
 Cell Volume      :           151.794205 Angstrom^3
 Ion number       :                    8
 Electron number  :            32.000000
 Ion density      :             0.052703 Ion/Angstrom^3
 Electron density :             0.210812 Electron/Angstrom^3
##############################################################################
#                               FINAL ENERGIES                       time    #
##############################################################################
# Thomas-Fermi Kin. Energy =   3.035185040506E+02 eV                 0.000 s #
# Von-Weizsacker Kin. Ener =   8.355703424435E+01 eV                 0.000 s #
#                                                                            #
#     LDA Exch-Corr Energy =  -2.619406639421E+02 eV                 0.000 s #
#         Coulombic Energy =   5.177367185167E+01 eV                 0.000 s #
#      Ion-Electron Energy =  -5.950982266153E+01 eV                 0.000 s #
#           Ion-Ion Energy =  -9.306306610424E+02 eV                 0.000 s #
#                                                                            #
#     TOTAL KINETIC ENERGY =   3.235673038642E+02 eV                         #
#   TOTAL POTENTIAL ENERGY =  -1.200307475794E+03 eV                         #
#             TOTAL ENERGY =  -8.767401719301E+02 eV                         #
##############################################################################
  
 ----------------------------- TIME INFORMATION ------------------------------
    PROFESS      :     10.24s WALL    100.00% (       1 calls)    10.24s/call
    InitPROFESS  :      0.02s WALL      0.22% (       1 calls)     0.02s/call
    KEDFRefresh  :      0.00s WALL      0.01% (       1 calls)     0.00s/call
    IonRefresh   :      0.01s WALL      0.07% (       1 calls)     0.01s/call
    EwaldEnergy  :      0.00s WALL      0.03% (       1 calls)     0.00s/call
    Pot_Ion      :      0.01s WALL      0.12% (     126 calls)     0.00s/call
    Pot_Har      :      0.09s WALL      0.91% (     126 calls)     0.00s/call
    Pot_Exc      :      0.35s WALL      3.46% (     126 calls)     0.00s/call
    Pot_KEDF     :      9.35s WALL     91.28% (     126 calls)     0.07s/call
    intPot       :      8.91s WALL     86.99% (     126 calls)     0.07s/call
    MakeXiG      :      0.24s WALL      2.37% (     126 calls)     0.00s/call
    VWPotSqrPlus :      0.09s WALL      0.87% (     126 calls)     0.00s/call
    intPot1      :      2.50s WALL     24.45% (    1297 calls)     0.00s/call
    MakeHC10Kern :      0.39s WALL      3.78% (    1422 calls)     0.00s/call
    intPot2      :      1.05s WALL     10.26% (    1297 calls)     0.00s/call
    intPot3      :      2.64s WALL     25.78% (    1297 calls)     0.00s/call
    intPot4      :      0.53s WALL      5.14% (    1297 calls)     0.00s/call
    NextGradient :      0.01s WALL      0.07% (      18 calls)     0.00s/call
 -----------------------------------------------------------------------------
 ------------------------------- TOTAL ---------------------------------------
    PROFESS      :     10.24s WALL    100.00% (       1 calls)    10.24s/call
 -----------------------------------------------------------------------------

Run completed on: 02/08/2023 at 19:12:58 
  
