 ******************************************************************************
                             WELCOME TO PROFESS                   
            (PRinceton Orbital-Free Electronic Structure Software) 
 ******************************************************************************

 ------------------------------------------------------------------------------
                           READ GEOMETRY
 Cell length (Bohr)    5.535E+00   5.535E+00   5.535E+00
 Angle     (Degree)    9.000E+01   9.000E+01   9.000E+01
 Volume    (Bohr^3)    1.696E+02

 ------------------------------------------------------------------------------
                           READ PSEUDOPOTENTIAL
 Total electron number in ReadPseudo is    2.0000000000000000     
 (System) Machine Precision              :    2.2204460492503131E-016

 ------------------------------------------------------------------------------
                           SETUP FFT
 Global FFT Dimension :    14   14   14
 Rank/Size in Global Communicator     :            0 /           1
 Rank/Size in Global FFT Communicator :            0 /           1
 Parallel FFT, totX    =    14
 Parallel FFT, totY    =    14
 Parallel FFT, locZ    =    14
 Parallel FFT, locZoff =     0
 Dimension of rho for this processor : 
 xmin, xmax :            0          13
 ymin, ymax :            0          13
 zmin, zmax :            0          13
 Total electron number =    2.0000000000000000     
 Uniform rhoR =    1.1793566197310793E-002
 (GB INFO) FFT size      :       14      14      14
 (GB INFO) FFT offset    :        0
 (GB INFO) FFT G size    :        8      14      14
 (GB INFO) FFT G offset  :        0

 ------------------------------------------------------------------------------
                           SETUP KEDF
 kinetic energy density functional number is            4
 ( 1=TF, 2=VW, 3=TF+VW, 4=WT,  5=WGC,  
   7=LQ, 8=HQ, 10=CAT,  11=HC, 12=WGCD,
   15=GGA, 16=WGCD+GGA, 17=EVT, 18=EVC )
 qTable dimension:     8   14   14
 Coefficient for TF KEDF is     1.0000
 Coefficient for VW KEDF is     1.0000
 Coefficient for alpha in WT KEDF is     0.8333
 Coefficient for beta  in WT KEDF is     0.8333
 rho0 (Electron/Bohr^3) in WGC KEDF is     0.0118
 hold0 =  F
  dV of each real space grid is now    6.1801745253876703E-002
 Cell length (Bohr)    5.535E+00   5.535E+00   5.535E+00
 Angle     (Degree)    9.000E+01   9.000E+01   9.000E+01
 Volume    (Bohr^3)    1.696E+02

 ------------------------------------------------------------------------------
                           SETUP EWALD 
 (Ewald) eta                             :   0.7396    
 (Ewald) Real Space Cutoff               :    6.370     (Bohr)
 (Ewald) Reciprocal Cutoff               :    7.378     (1/Bohr)

 ------------------------------------------------------------------------------
                           SETUP PLANE WAVE 
 Read in WT kernel.
 kernel file name  : 3PROFESS_KERNEL.dat           
 KEDF type         :     4
 Fermi vector      :   1.182014212099E+00
 Reference density :  -1.000000000000E+00
 Mesh points       :   200002
 Fermi vector in this cell is    1.4083763125204767     
 Fermi vector from kernel file is    1.1820142120987149     
 First qNorm is    0.0000000000000000     
 size of Wang-Teter kernel in this run is            8          14          14
 Max |G| in this calculation is   1.376290948160E+01
 Max eta used from kernel is   9.772181880121E+00

 ------------------------------------------------------------------------------
                           REFRESH ION POSITIONS
  
 Calculating Ion-Ion Energy ...                   complete.     0.000 s
  
 Calculating Ion-Electron Potential (spline) ... 
 complete.     0.000 s

 ------------------------------------------------------------------------------
                           DENSITY OPTIMIZATION
 Electron number for spin            1  is    2.0000000000000990     
 Cell Volume      :            25.129754 Angstrom^3
 Ion number       :                    1
 Electron number  :             2.000000
 Ion density      :             0.039793 Ion/Angstrom^3
 Electron density :             0.079587 Electron/Angstrom^3
##############################################################################
#                               FINAL ENERGIES                       time    #
##############################################################################
# Thomas-Fermi Kin. Energy =   8.313114688245E+00 eV                 0.000 s #
# Von-Weizsacker Kin. Ener =   1.169857213020E+00 eV                 0.000 s #
# Wang-Teter Kinetic Energ =  -4.054737921174E-01 eV                 0.000 s #
#                                                                            #
#     LDA Exch-Corr Energy =  -1.138368650070E+01 eV                 0.000 s #
#         Coulombic Energy =   7.361926051781E-02 eV                 0.000 s #
#      Ion-Electron Energy =   5.809318318542E+00 eV                 0.000 s #
#           Ion-Ion Energy =  -2.789698106234E+01 eV                 0.000 s #
#                                                                            #
#     TOTAL KINETIC ENERGY =   9.077498109147E+00 eV                         #
#   TOTAL POTENTIAL ENERGY =  -3.339772998398E+01 eV                         #
#             TOTAL ENERGY =  -2.432023187484E+01 eV                         #
##############################################################################
  
 ----------------------------- TIME INFORMATION ------------------------------
    PROFESS      :      0.51s WALL    100.00% (       1 calls)     0.51s/call
    InitPROFESS  :      0.36s WALL     69.37% (       1 calls)     0.36s/call
    KEDFRefresh  :      0.33s WALL     63.50% (       1 calls)     0.33s/call
    IonRefresh   :      0.00s WALL      0.10% (       1 calls)     0.00s/call
    EwaldEnergy  :      0.00s WALL      0.05% (       1 calls)     0.00s/call
    Pot_Ion      :      0.00s WALL      0.03% (      60 calls)     0.00s/call
    Pot_Har      :      0.00s WALL      0.56% (      60 calls)     0.00s/call
    Pot_Exc      :      0.02s WALL      3.15% (      60 calls)     0.00s/call
    Pot_KEDF     :      0.07s WALL     13.56% (      60 calls)     0.00s/call
    VWPotSqrPlus :      0.00s WALL      0.51% (      60 calls)     0.00s/call
    NextGradient :      0.00s WALL      0.03% (       6 calls)     0.00s/call
 -----------------------------------------------------------------------------
 ------------------------------- TOTAL ---------------------------------------
    PROFESS      :      0.51s WALL    100.00% (       1 calls)     0.51s/call
 -----------------------------------------------------------------------------

Run completed on: 08/19/2021 at 16:13:03 
  
