 ******************************************************************************
                             WELCOME TO PROFESS                   
            (PRinceton Orbital-Free Electronic Structure Software) 
 ******************************************************************************

 ------------------------------------------------------------------------------
                           READ GEOMETRY
 Cell length (Bohr)    5.083E+00   5.083E+00   5.083E+00
 Angle     (Degree)    9.000E+01   9.000E+01   9.000E+01
 Volume    (Bohr^3)    1.314E+02

 ------------------------------------------------------------------------------
                           READ PSEUDOPOTENTIAL
 Total electron number in ReadPseudo is    2.0000000000000000     
 (System) Machine Precision              :    2.2204460492503131E-016

 ------------------------------------------------------------------------------
                           SETUP FFT
 Global FFT Dimension :    25   25   25
 Rank/Size in Global Communicator     :            0 /           1
 Rank/Size in Global FFT Communicator :            0 /           1
 Parallel FFT, totX    =    25
 Parallel FFT, totY    =    25
 Parallel FFT, locZ    =    25
 Parallel FFT, locZoff =     0
 Dimension of rho for this processor : 
 xmin, xmax :            0          24
 ymin, ymax :            0          24
 zmin, zmax :            0          24
 Total electron number =    2.0000000000000000     
 Uniform rhoR =    1.5224607515930272E-002
 (GB INFO) FFT size      :       25      25      25
 (GB INFO) FFT offset    :        0
 (GB INFO) FFT G size    :       13      25      25
 (GB INFO) FFT G offset  :        0

 ------------------------------------------------------------------------------
                           SETUP KEDF
 kinetic energy density functional number is            5
 ( 1=TF, 2=VW, 3=TF+VW, 4=WT,  5=WGC,  
   7=LQ, 8=HQ, 10=CAT,  11=HC, 12=WGCD,
   15=GGA, 16=WGCD+GGA, 17=EVT, 18=EVC )
 qTable dimension:    13   25   25
 Coefficient for TF KEDF is     1.0000
 Coefficient for VW KEDF is     1.0000
 Coefficient for alpha in WGC KEDF is     1.2060
 Coefficient for beta  in WGC KEDF is     0.4607
 Coefficient for gamma in WGC KEDF is     2.7000
 rho0 (Electron/Bohr^3) in WGC KEDF is     0.0152
 rhoS (Electron/Bohr^3) in WGC KEDF is     0.0152
 hold0 =  F
 holdS =  F
  dV of each real space grid is now    8.4074416937229522E-003
 Cell length (Bohr)    5.083E+00   5.083E+00   5.083E+00
 Angle     (Degree)    9.000E+01   9.000E+01   9.000E+01
 Volume    (Bohr^3)    1.314E+02

 ------------------------------------------------------------------------------
                           SETUP EWALD 
 (Ewald) eta                             :    1.200    
 (Ewald) Real Space Cutoff               :    6.000     (Bohr)
 (Ewald) Reciprocal Cutoff               :    14.83     (1/Bohr)

 ------------------------------------------------------------------------------
                           SETUP PLANE WAVE 

 ------------------------------------------------------------------------------
                           INITIALIZING WGC KERNEL
 Fermi vector :   0.76675338487414846     
 Reference density :    1.5224607515930272E-002
 Make WGC kernels.
 Dimension of KEDF Kernel :           13          25          25

 ------------------------------------------------------------------------------
                           REFRESH ION POSITIONS
  
 Calculating Ion-Ion Energy ...                   complete.     0.002 s
  
 Calculating Ion-Electron Potential (spline) ... 
 complete.     0.002 s

 ------------------------------------------------------------------------------
                           DENSITY OPTIMIZATION
 Electron number for spin            1  is    2.0000000000002522     
 Cell Volume      :            19.466474 Angstrom^3
 Ion number       :                    1
 Electron number  :             2.000000
 Ion density      :             0.051370 Ion/Angstrom^3
 Electron density :             0.102741 Electron/Angstrom^3
##############################################################################
#                               FINAL ENERGIES                       time    #
##############################################################################
# Thomas-Fermi Kin. Energy =   9.812950592028E+00 eV                 0.000 s #
# Von-Weizsacker Kin. Ener =   1.162836329780E+00 eV                 0.000 s #
#       WGC Kinetic Energy =  -3.931468843068E-01 eV                 0.000 s #
#                                                                            #
# GGA(PBE) Exch-Cor Energy =  -1.228490042795E+01 eV                 0.000 s #
#         Coulombic Energy =   6.517455415312E-02 eV                 0.000 s #
#      Ion-Electron Energy =   8.458241998007E+00 eV                 0.000 s #
#           Ion-Ion Energy =  -3.037555299265E+01 eV                 0.000 s #
#                                                                            #
#     TOTAL KINETIC ENERGY =   1.058264003750E+01 eV                         #
#   TOTAL POTENTIAL ENERGY =  -3.413703686844E+01 eV                         #
#             TOTAL ENERGY =  -2.355439683094E+01 eV                         #
##############################################################################
  
 ----------------------------- TIME INFORMATION ------------------------------
    PROFESS      :      1.97s WALL    100.00% (       1 calls)     1.97s/call
    InitPROFESS  :      0.04s WALL      1.96% (       1 calls)     0.04s/call
    KEDFRefresh  :      0.02s WALL      1.00% (       1 calls)     0.02s/call
    IonRefresh   :      0.00s WALL      0.23% (       1 calls)     0.00s/call
    EwaldEnergy  :      0.00s WALL      0.11% (       1 calls)     0.00s/call
    Pot_Ion      :      0.00s WALL      0.14% (      76 calls)     0.00s/call
    Pot_Har      :      0.04s WALL      2.28% (      76 calls)     0.00s/call
    Pot_Exc      :      0.66s WALL     33.60% (      76 calls)     0.01s/call
    PBEPot       :      0.64s WALL     32.32% (      76 calls)     0.01s/call
    Pot_KEDF     :      0.89s WALL     45.33% (      76 calls)     0.01s/call
    WGCPotPlus   :      0.70s WALL     35.44% (      76 calls)     0.01s/call
    VWPotSqrPlus :      0.04s WALL      1.93% (      76 calls)     0.00s/call
    NextGradient :      0.00s WALL      0.08% (       6 calls)     0.00s/call
 -----------------------------------------------------------------------------
 ------------------------------- TOTAL ---------------------------------------
    PROFESS      :      1.97s WALL    100.00% (       1 calls)     1.97s/call
 -----------------------------------------------------------------------------

Run completed on: 05/02/2023 at 14:05:32 
  
