 ******************************************************************************
                             WELCOME TO PROFESS                   
            (PRinceton Orbital-Free Electronic Structure Software) 
 ******************************************************************************

 ------------------------------------------------------------------------------
                           READ GEOMETRY
 Cell length (Bohr)    8.295E+00   8.295E+00   8.295E+00
 Angle     (Degree)    9.000E+01   9.000E+01   9.000E+01
 Volume    (Bohr^3)    5.708E+02

 ------------------------------------------------------------------------------
                           READ PSEUDOPOTENTIAL
 Total electron number in ReadPseudo is    9.0000000000000000     
 (System) Machine Precision              :    2.2204460492503131E-016

 ------------------------------------------------------------------------------
                           SETUP FFT
 Global FFT Dimension :    18   18   18
 Rank/Size in Global Communicator     :            0 /           1
 Rank/Size in Global FFT Communicator :            0 /           1
 Parallel FFT, totX    =    18
 Parallel FFT, totY    =    18
 Parallel FFT, locZ    =    18
 Parallel FFT, locZoff =     0
 Dimension of rho for this processor : 
 xmin, xmax :            0          17
 ymin, ymax :            0          17
 zmin, zmax :            0          17
 Total electron number =    9.0000000000000000     
 Uniform rhoR =    1.5766155796709057E-002
 (GB INFO) FFT size      :       18      18      18
 (GB INFO) FFT offset    :        0
 (GB INFO) FFT G size    :       10      18      18
 (GB INFO) FFT G offset  :        0

 ------------------------------------------------------------------------------
                           SETUP KEDF
 kinetic energy density functional number is            4
 ( 1=TF, 2=VW, 3=TF+VW, 4=WT,  5=WGC,  
   7=LQ, 8=HQ, 10=CAT,  11=HC, 12=WGCD,
   15=GGA, 16=WGCD+GGA, 17=EVT, 18=EVC )
 qTable dimension:    10   18   18
 Coefficient for TF KEDF is     1.0000
 Coefficient for VW KEDF is     1.0000
 Coefficient for alpha in WT KEDF is     0.8333
 Coefficient for beta  in WT KEDF is     0.8333
 rho0 (Electron/Bohr^3) in WGC KEDF is     0.0158
 hold0 =  F
  dV of each real space grid is now    9.7881176390844205E-002
 Cell length (Bohr)    8.295E+00   8.295E+00   8.295E+00
 Angle     (Degree)    9.000E+01   9.000E+01   9.000E+01
 Volume    (Bohr^3)    5.708E+02

 ------------------------------------------------------------------------------
                           SETUP EWALD 
 (Ewald) eta                             :   0.6126    
 (Ewald) Real Space Cutoff               :    8.058     (Bohr)
 (Ewald) Reciprocal Cutoff               :    6.438     (1/Bohr)

 ------------------------------------------------------------------------------
                           SETUP PLANE WAVE 
 Read in WT kernel.
 kernel file name  : PROFESS_KERNEL.dat            
 KEDF type         :     4
 Fermi vector      :   1.182014212099E+00
 Reference density :  -1.000000000000E+00
 Mesh points       :    20001
 Fermi vector in this cell is    1.5514779237345195     
 Fermi vector from kernel file is    1.1820142120987149     
 First qNorm is    0.0000000000000000     
 size of Wang-Teter kernel in this run is           10          18          18
 Max |G| in this calculation is   1.180712351977E+01
 Max eta used from kernel is   7.610242684829E+00

 ------------------------------------------------------------------------------
                           REFRESH ION POSITIONS
  
 Calculating Ion-Ion Energy ...                   complete.     0.001 s
  
 Calculating Ion-Electron Potential (spline) ... 
 complete.     0.001 s

 ------------------------------------------------------------------------------
                           DENSITY OPTIMIZATION
 Electron number for spin            1  is    9.0000000000009361     
 Cell Volume      :            84.590207 Angstrom^3
 Ion number       :                    4
 Electron number  :             9.000000
 Ion density      :             0.047287 Ion/Angstrom^3
 Electron density :             0.106395 Electron/Angstrom^3
##############################################################################
#                               FINAL ENERGIES                       time    #
##############################################################################
# Thomas-Fermi Kin. Energy =   4.656463544476E+01 eV                 0.000 s #
# Von-Weizsacker Kin. Ener =   5.848952691308E+00 eV                 0.000 s #
# Wang-Teter Kinetic Energ =  -2.683994016315E+00 eV                 0.000 s #
#                                                                            #
#     LDA Exch-Corr Energy =  -5.640040572686E+01 eV                 0.000 s #
#         Coulombic Energy =   2.497503204699E+00 eV                 0.000 s #
#      Ion-Electron Energy =   2.732142429448E+01 eV                 0.000 s #
#           Ion-Ion Energy =  -1.550501669533E+02 eV                 0.000 s #
#                                                                            #
#     TOTAL KINETIC ENERGY =   4.972959411976E+01 eV                         #
#   TOTAL POTENTIAL ENERGY =  -1.816316451810E+02 eV                         #
#             TOTAL ENERGY =  -1.319020510612E+02 eV                         #
##############################################################################
  
 ----------------------------- TIME INFORMATION ------------------------------
    PROFESS      :      0.46s WALL    100.00% (       1 calls)     0.46s/call
    InitPROFESS  :      0.07s WALL     14.57% (       1 calls)     0.07s/call
    KEDFRefresh  :      0.02s WALL      5.39% (       1 calls)     0.02s/call
    IonRefresh   :      0.00s WALL      0.59% (       1 calls)     0.00s/call
    EwaldEnergy  :      0.00s WALL      0.19% (       1 calls)     0.00s/call
    Pot_Ion      :      0.00s WALL      0.06% (      68 calls)     0.00s/call
    Pot_Har      :      0.01s WALL      3.18% (      68 calls)     0.00s/call
    Pot_Exc      :      0.04s WALL      9.03% (      68 calls)     0.00s/call
    Pot_KEDF     :      0.19s WALL     42.04% (      68 calls)     0.00s/call
    VWPotSqrPlus :      0.01s WALL      3.03% (      68 calls)     0.00s/call
    NextGradient :      0.00s WALL      0.09% (       7 calls)     0.00s/call
 -----------------------------------------------------------------------------
 ------------------------------- TOTAL ---------------------------------------
    PROFESS      :      0.46s WALL    100.00% (       1 calls)     0.46s/call
 -----------------------------------------------------------------------------

Run completed on: 11/17/2021 at 21:12:11 
  
