 ******************************************************************************
                             WELCOME TO PROFESS                   
            (PRinceton Orbital-Free Electronic Structure Software) 
 ******************************************************************************

 ------------------------------------------------------------------------------
                           READ GEOMETRY
 Cell length (Bohr)    7.115E+00   7.115E+00   1.173E+01
 Angle     (Degree)    9.000E+01   9.000E+01   1.200E+02
 Volume    (Bohr^3)    5.141E+02

 ------------------------------------------------------------------------------
                           READ PSEUDOPOTENTIAL
 Total electron number in ReadPseudo is    16.000000000000000     
 (System) Machine Precision              :    2.2204460492503131E-016

 ------------------------------------------------------------------------------
                           SETUP FFT
 Global FFT Dimension :    35   35   60
 Dimension of rho for this processor : 
 xmin, xmax :            0          34
 ymin, ymax :            0          34
 zmin, zmax :            0          59
 Total electron number =    16.000000000000000     
 Uniform rhoR =    3.1121353548276613E-002
 (GB INFO) FFT size      :       35      35      60
 (GB INFO) FFT offset    :        0
 (GB INFO) FFT G size    :       18      35      60
 (GB INFO) FFT G offset  :        0

 ------------------------------------------------------------------------------
                           SETUP KEDF
 kinetic energy density functional number is           11
 ( 1=TF, 2=VW, 3=TF+VW, 4=WT,  5=WGC,  
   7=LQ, 8=HQ, 10=CAT,  11=HC, 12=WGCD,
   15=GGA, 16=WGCD+GGA, 17=EVT, 18=EVC )
 qTable dimension:    18   35   60
 rhoS=   3.1121353548276613E-002
 rho0=   3.1121353548276613E-002
 coefficients for TF KEDF is     1.000000
 coefficients for VW KEDF is     1.000000
 Lambda in HC10 is set to     0.010000
 ALPHA  in HC10 is set to     1.875667
 BETA   in HC10 is set to     0.791000
 Sum of alpha and beta is     2.666667
  dV of each real space grid is now    6.9947817177118468E-003
 Cell length (Bohr)    7.115E+00   7.115E+00   1.173E+01
 Angle     (Degree)    9.000E+01   9.000E+01   1.200E+02
 Volume    (Bohr^3)    5.141E+02

 ------------------------------------------------------------------------------
                           SETUP EWALD 
 (Ewald) eta                             :    1.200    
 (Ewald) Real Space Cutoff               :    6.000     (Bohr)
 (Ewald) Reciprocal Cutoff               :    15.01     (1/Bohr)

 ------------------------------------------------------------------------------
                           SETUP PLANE WAVE 

 ------------------------------------------------------------------------------
                           REFRESH ION POSITIONS
  
 Calculating Ion-Ion Energy ...                   complete.     0.012 s
  
 Calculating Ion-Electron Potential (spline) ... 
 complete.     0.026 s

 ------------------------------------------------------------------------------
                           DENSITY OPTIMIZATION
 Electron number for spin            1  is    16.000000000014396     
 Cell Volume      :            76.184198 Angstrom^3
 Ion number       :                    4
 Electron number  :            16.000000
 Ion density      :             0.052504 Ion/Angstrom^3
 Electron density :             0.210017 Electron/Angstrom^3
##############################################################################
#                               FINAL ENERGIES                       time    #
##############################################################################
# Thomas-Fermi Kin. Energy =   1.653685938367E+02 eV                 0.000 s #
# Von-Weizsacker Kin. Ener =   5.271629228913E+01 eV                 0.000 s #
#                                                                            #
# GGA(PBE) Exch-Cor Energy =  -1.361148163815E+02 eV                 0.000 s #
#         Coulombic Energy =   4.173072621807E+01 eV                 0.000 s #
#      Ion-Electron Energy =  -8.265329628070E+01 eV                 0.000 s #
#           Ion-Ion Energy =  -4.845359883648E+02 eV                 0.000 s #
#                                                                            #
#     TOTAL KINETIC ENERGY =   1.758367650046E+02 eV                         #
#   TOTAL POTENTIAL ENERGY =  -6.615733748090E+02 eV                         #
#             TOTAL ENERGY =  -4.857366098043E+02 eV                         #
##############################################################################
  
 ----------------------------- TIME INFORMATION ------------------------------
    PROFESS      :   1727.41s WALL    100.00% (       1 calls)  1727.41s/call
    InitPROFESS  :      0.08s WALL      0.00% (       1 calls)     0.08s/call
    KEDFRefresh  :      0.00s WALL      0.00% (       1 calls)     0.00s/call
    IonRefresh   :      0.04s WALL      0.00% (       1 calls)     0.04s/call
    EwaldEnergy  :      0.01s WALL      0.00% (       1 calls)     0.01s/call
    ForwFFT_3D   :    292.19s WALL     16.91% (   65335 calls)     0.00s/call
    BackFFT_3D   :    179.19s WALL     10.37% (   43459 calls)     0.00s/call
    Pot_Ion      :      1.53s WALL      0.09% (    1136 calls)     0.00s/call
    Pot_Har      :     11.57s WALL      0.67% (    1136 calls)     0.01s/call
    Pot_Exc      :    232.89s WALL     13.48% (    1136 calls)     0.21s/call
    PBEPot       :    231.10s WALL     13.38% (    1136 calls)     0.20s/call
    Pot_KEDF     :   1460.91s WALL     84.57% (    1136 calls)     1.29s/call
    intPot       :   1430.90s WALL     82.84% (    1136 calls)     1.26s/call
    MakeXiG      :     12.10s WALL      0.70% (    1136 calls)     0.01s/call
    intPot1      :    405.99s WALL     23.50% (   13209 calls)     0.03s/call
    MakeHC10Kern :     44.98s WALL      2.60% (   14345 calls)     0.00s/call
    intPot2      :    282.60s WALL     16.36% (   13209 calls)     0.02s/call
    intPot3      :    422.94s WALL     24.48% (   13209 calls)     0.03s/call
    intPot4      :    184.05s WALL     10.65% (   13209 calls)     0.01s/call
    VWPotSqrPlus :     10.09s WALL      0.58% (    1136 calls)     0.01s/call
    NextGradient :      0.87s WALL      0.05% (      90 calls)     0.01s/call
 -----------------------------------------------------------------------------
 ------------------------------- TOTAL ---------------------------------------
    PROFESS      :   1727.41s WALL    100.00% (       1 calls)  1727.41s/call
 -----------------------------------------------------------------------------

Run completed on: 07/31/2024 at 00:12:34 
  
