 ******************************************************************************
                             WELCOME TO PROFESS                   
            (PRinceton Orbital-Free Electronic Structure Software) 
 ******************************************************************************

 ------------------------------------------------------------------------------
                           READ GEOMETRY
 Cell length (Bohr)    5.906E+00   5.906E+00   9.639E+00
 Angle     (Degree)    9.000E+01   9.000E+01   1.200E+02
 Volume    (Bohr^3)    2.911E+02

 ------------------------------------------------------------------------------
                           READ PSEUDOPOTENTIAL
 Total electron number in ReadPseudo is    4.0000000000000000     
 (System) Machine Precision              :    2.2204460492503131E-016

 ------------------------------------------------------------------------------
                           SETUP FFT
 Global FFT Dimension :    15   15   24
 Rank/Size in Global Communicator     :            0 /           1
 Rank/Size in Global FFT Communicator :            0 /           1
 Parallel FFT, totX    =    15
 Parallel FFT, totY    =    15
 Parallel FFT, locZ    =    24
 Parallel FFT, locZoff =     0
 Dimension of rho for this processor : 
 xmin, xmax :            0          14
 ymin, ymax :            0          14
 zmin, zmax :            0          23
 Total electron number =    4.0000000000000000     
 Uniform rhoR =    1.3739277543139241E-002
 (GB INFO) FFT size      :       15      15      24
 (GB INFO) FFT offset    :        0
 (GB INFO) FFT G size    :        8      15      24
 (GB INFO) FFT G offset  :        0

 ------------------------------------------------------------------------------
                           SETUP KEDF
 kinetic energy density functional number is            4
 ( 1=TF, 2=VW, 3=TF+VW, 4=WT,  5=WGC,  
   7=LQ, 8=HQ, 10=CAT,  11=HC, 12=WGCD,
   15=GGA, 16=WGCD+GGA, 17=EVT, 18=EVC )
 qTable dimension:     8   15   24
 Coefficient for TF KEDF is     1.0000
 Coefficient for VW KEDF is     1.0000
 Coefficient for alpha in WT KEDF is     0.8333
 Coefficient for beta  in WT KEDF is     0.8333
 rho0 (Electron/Bohr^3) in WGC KEDF is     0.0137
 hold0 =  F
  dV of each real space grid is now    5.3914096895919562E-002
 Cell length (Bohr)    5.906E+00   5.906E+00   9.639E+00
 Angle     (Degree)    9.000E+01   9.000E+01   1.200E+02
 Volume    (Bohr^3)    2.911E+02

 ------------------------------------------------------------------------------
                           SETUP EWALD 
 (Ewald) eta                             :   0.7290    
 (Ewald) Real Space Cutoff               :    6.587     (Bohr)
 (Ewald) Reciprocal Cutoff               :    7.448     (1/Bohr)

 ------------------------------------------------------------------------------
                           SETUP PLANE WAVE 
 Read in WT kernel.
 kernel file name  : 5PROFESS_KERNEL.dat           
 KEDF type         :     4
 Fermi vector      :   1.182014212099E+00
 Reference density :  -1.000000000000E+00
 Mesh points       :   200002
 Fermi vector in this cell is    1.4819206890870842     
 Fermi vector from kernel file is    1.1820142120987149     
 First qNorm is    0.0000000000000000     
 size of Wang-Teter kernel in this run is            8          15          24
 Max |G| in this calculation is   1.682416764120E+01
 Max eta used from kernel is   1.135294740474E+01

 ------------------------------------------------------------------------------
                           REFRESH ION POSITIONS
  
 Calculating Ion-Ion Energy ...                   complete.     0.001 s
  
 Calculating Ion-Electron Potential (spline) ... 
 complete.     0.001 s

 ------------------------------------------------------------------------------
                           DENSITY OPTIMIZATION
 Electron number for spin            1  is    3.9999999999997211     
 Cell Volume      :            43.141922 Angstrom^3
 Ion number       :                    2
 Electron number  :             4.000000
 Ion density      :             0.046359 Ion/Angstrom^3
 Electron density :             0.092717 Electron/Angstrom^3
##############################################################################
#                               FINAL ENERGIES                       time    #
##############################################################################
# Thomas-Fermi Kin. Energy =   1.828895043548E+01 eV                 0.000 s #
# Von-Weizsacker Kin. Ener =   1.883860762597E+00 eV                 0.000 s #
# Wang-Teter Kinetic Energ =  -7.207744768823E-01 eV                 0.000 s #
#                                                                            #
#     LDA Exch-Corr Energy =  -2.378882003183E+01 eV                 0.000 s #
#         Coulombic Energy =   1.393029063286E-01 eV                 0.000 s #
#      Ion-Electron Energy =   1.464537975768E+01 eV                 0.000 s #
#           Ion-Ion Energy =  -5.976004074118E+01 eV                 0.000 s #
#                                                                            #
#     TOTAL KINETIC ENERGY =   1.945203672119E+01 eV                         #
#   TOTAL POTENTIAL ENERGY =  -6.876417810900E+01 eV                         #
#             TOTAL ENERGY =  -4.931214138781E+01 eV                         #
##############################################################################
  
 ----------------------------- TIME INFORMATION ------------------------------
    PROFESS      :      0.98s WALL    100.00% (       1 calls)     0.98s/call
    InitPROFESS  :      0.42s WALL     43.45% (       1 calls)     0.42s/call
    KEDFRefresh  :      0.40s WALL     40.87% (       1 calls)     0.40s/call
    IonRefresh   :      0.00s WALL      0.17% (       1 calls)     0.00s/call
    EwaldEnergy  :      0.00s WALL      0.08% (       1 calls)     0.00s/call
    Pot_Ion      :      0.00s WALL      0.05% (      80 calls)     0.00s/call
    Pot_Har      :      0.02s WALL      1.57% (      80 calls)     0.00s/call
    Pot_Exc      :      0.06s WALL      5.76% (      80 calls)     0.00s/call
    Pot_KEDF     :      0.25s WALL     26.07% (      80 calls)     0.00s/call
    VWPotSqrPlus :      0.01s WALL      1.43% (      80 calls)     0.00s/call
    NextGradient :      0.00s WALL      0.06% (       7 calls)     0.00s/call
 -----------------------------------------------------------------------------
 ------------------------------- TOTAL ---------------------------------------
    PROFESS      :      0.98s WALL    100.00% (       1 calls)     0.98s/call
 -----------------------------------------------------------------------------

Run completed on: 08/19/2021 at 16:13:07 
  
