 ******************************************************************************
                             WELCOME TO PROFESS                   
            (PRinceton Orbital-Free Electronic Structure Software) 
 ******************************************************************************

 ------------------------------------------------------------------------------
                           READ GEOMETRY
 Cell length (Bohr)    5.409E+00   5.409E+00   8.876E+00
 Angle     (Degree)    9.000E+01   9.000E+01   1.200E+02
 Volume    (Bohr^3)    2.249E+02

 ------------------------------------------------------------------------------
                           READ PSEUDOPOTENTIAL
 Total electron number in ReadPseudo is    6.0000000000000000     
 (System) Machine Precision              :    2.2204460492503131E-016

 ------------------------------------------------------------------------------
                           SETUP FFT
 Global FFT Dimension :    27   27   45
 Rank/Size in Global Communicator     :            0 /           1
 Rank/Size in Global FFT Communicator :            0 /           1
 Parallel FFT, totX    =    27
 Parallel FFT, totY    =    27
 Parallel FFT, locZ    =    45
 Parallel FFT, locZoff =     0
 Dimension of rho for this processor : 
 xmin, xmax :            0          26
 ymin, ymax :            0          26
 zmin, zmax :            0          44
 Total electron number =    6.0000000000000000     
 Uniform rhoR =    2.6674696182165607E-002
 (GB INFO) FFT size      :       27      27      45
 (GB INFO) FFT offset    :        0
 (GB INFO) FFT G size    :       14      27      45
 (GB INFO) FFT G offset  :        0

 ------------------------------------------------------------------------------
                           SETUP KEDF
 kinetic energy density functional number is            5
 ( 1=TF, 2=VW, 3=TF+VW, 4=WT,  5=WGC,  
   7=LQ, 8=HQ, 10=CAT,  11=HC, 12=WGCD,
   15=GGA, 16=WGCD+GGA, 17=EVT, 18=EVC )
 qTable dimension:    14   27   45
 Coefficient for TF KEDF is     1.0000
 Coefficient for VW KEDF is     1.0000
 Coefficient for alpha in WGC KEDF is     1.2060
 Coefficient for beta  in WGC KEDF is     0.4607
 Coefficient for gamma in WGC KEDF is     2.7000
 rho0 (Electron/Bohr^3) in WGC KEDF is     0.0267
 rhoS (Electron/Bohr^3) in WGC KEDF is     0.0267
 hold0 =  F
 holdS =  F
  dV of each real space grid is now    6.8566459794706571E-003
 Cell length (Bohr)    5.409E+00   5.409E+00   8.876E+00
 Angle     (Degree)    9.000E+01   9.000E+01   1.200E+02
 Volume    (Bohr^3)    2.249E+02

 ------------------------------------------------------------------------------
                           SETUP EWALD 
 (Ewald) eta                             :    1.200    
 (Ewald) Real Space Cutoff               :    6.000     (Bohr)
 (Ewald) Reciprocal Cutoff               :    15.10     (1/Bohr)

 ------------------------------------------------------------------------------
                           SETUP PLANE WAVE 

 ------------------------------------------------------------------------------
                           INITIALIZING WGC KERNEL
 Fermi vector :   0.92435790706213705     
 Reference density :    2.6674696182165607E-002
 Make WGC kernels.
 Dimension of KEDF Kernel :           14          27          45

 ------------------------------------------------------------------------------
                           REFRESH ION POSITIONS
  
 Calculating Ion-Ion Energy ...                   complete.     0.004 s
  
 Calculating Ion-Electron Potential (spline) ... 
 complete.     0.003 s

 ------------------------------------------------------------------------------
                           DENSITY OPTIMIZATION
 Electron number for spin            1  is    5.9999999999954952     
 Cell Volume      :            33.331523 Angstrom^3
 Ion number       :                    2
 Electron number  :             6.000000
 Ion density      :             0.060003 Ion/Angstrom^3
 Electron density :             0.180010 Electron/Angstrom^3
##############################################################################
#                               FINAL ENERGIES                       time    #
##############################################################################
# Thomas-Fermi Kin. Energy =   4.254398150226E+01 eV                 0.000 s #
# Von-Weizsacker Kin. Ener =   3.621823348341E+00 eV                 0.000 s #
#       WGC Kinetic Energy =  -1.234930828794E+00 eV                 0.000 s #
#                                                                            #
# GGA(PBE) Exch-Cor Energy =  -4.355122600771E+01 eV                 0.000 s #
#         Coulombic Energy =   2.047674764114E-01 eV                 0.000 s #
#      Ion-Electron Energy =   3.060722251900E+01 eV                 0.000 s #
#           Ion-Ion Energy =  -1.465349201453E+02 eV                 0.000 s #
#                                                                            #
#     TOTAL KINETIC ENERGY =   4.493087402181E+01 eV                         #
#   TOTAL POTENTIAL ENERGY =  -1.592741561576E+02 eV                         #
#             TOTAL ENERGY =  -1.143432821358E+02 eV                         #
##############################################################################
  
 ----------------------------- TIME INFORMATION ------------------------------
    PROFESS      :      6.55s WALL    100.00% (       1 calls)     6.55s/call
    InitPROFESS  :      0.05s WALL      0.74% (       1 calls)     0.05s/call
    KEDFRefresh  :      0.02s WALL      0.36% (       1 calls)     0.02s/call
    IonRefresh   :      0.01s WALL      0.13% (       1 calls)     0.01s/call
    EwaldEnergy  :      0.00s WALL      0.06% (       1 calls)     0.00s/call
    Pot_Ion      :      0.01s WALL      0.11% (     111 calls)     0.00s/call
    Pot_Har      :      0.22s WALL      3.35% (     111 calls)     0.00s/call
    Pot_Exc      :      2.48s WALL     37.90% (     111 calls)     0.02s/call
    PBEPot       :      2.42s WALL     36.92% (     111 calls)     0.02s/call
    Pot_KEDF     :      3.35s WALL     51.23% (     111 calls)     0.03s/call
    WGCPotPlus   :      2.67s WALL     40.75% (     111 calls)     0.02s/call
    VWPotSqrPlus :      0.20s WALL      3.02% (     111 calls)     0.00s/call
    NextGradient :      0.00s WALL      0.05% (       7 calls)     0.00s/call
 -----------------------------------------------------------------------------
 ------------------------------- TOTAL ---------------------------------------
    PROFESS      :      6.55s WALL    100.00% (       1 calls)     6.55s/call
 -----------------------------------------------------------------------------

Run completed on: 05/02/2023 at 14:02:23 
  
