 ******************************************************************************
                             WELCOME TO PROFESS                   
            (PRinceton Orbital-Free Electronic Structure Software) 
 ******************************************************************************

 ------------------------------------------------------------------------------
                           READ GEOMETRY
 Cell length (Bohr)    7.587E+00   7.587E+00   1.251E+01
 Angle     (Degree)    9.000E+01   9.000E+01   1.200E+02
 Volume    (Bohr^3)    6.238E+02

 ------------------------------------------------------------------------------
                           READ PSEUDOPOTENTIAL
 Total electron number in ReadPseudo is    16.000000000000000     
 (System) Machine Precision              :    2.2204460492503131E-016

 ------------------------------------------------------------------------------
                           SETUP FFT
 Global FFT Dimension :    45   45   75
 Dimension of rho for this processor : 
 xmin, xmax :            0          44
 ymin, ymax :            0          44
 zmin, zmax :            0          74
 Total electron number =    16.000000000000000     
 Uniform rhoR =    2.5650736763451153E-002
 (GB INFO) FFT size      :       45      45      75
 (GB INFO) FFT offset    :        0
 (GB INFO) FFT G size    :       23      45      75
 (GB INFO) FFT G offset  :        0

 ------------------------------------------------------------------------------
                           SETUP KEDF
 kinetic energy density functional number is           11
 ( 1=TF, 2=VW, 3=TF+VW, 4=WT,  5=WGC,  
   7=LQ, 8=HQ, 10=CAT,  11=HC, 12=WGCD,
   15=GGA, 16=WGCD+GGA, 17=EVT, 18=EVC )
 qTable dimension:    23   45   75
 rhoS=   2.5650736763451153E-002
 rho0=   2.5650736763451153E-002
 coefficients for TF KEDF is     1.000000
 coefficients for VW KEDF is     1.000000
 Lambda in HC10 is set to     0.013000
 ALPHA  in HC10 is set to     1.883667
 BETA   in HC10 is set to     0.783000
 Sum of alpha and beta is     2.666667
  dV of each real space grid is now    4.1070864829423695E-003
 Cell length (Bohr)    7.587E+00   7.587E+00   1.251E+01
 Angle     (Degree)    9.000E+01   9.000E+01   1.200E+02
 Volume    (Bohr^3)    6.238E+02

 ------------------------------------------------------------------------------
                           SETUP EWALD 
 (Ewald) eta                             :    1.200    
 (Ewald) Real Space Cutoff               :    6.000     (Bohr)
 (Ewald) Reciprocal Cutoff               :    18.22     (1/Bohr)

 ------------------------------------------------------------------------------
                           SETUP PLANE WAVE 

 ------------------------------------------------------------------------------
                           REFRESH ION POSITIONS
  
 Calculating Ion-Ion Energy ...                   complete.     0.007 s
  
 Calculating Ion-Electron Potential (spline) ... 
 complete.     0.015 s

 ------------------------------------------------------------------------------
                           DENSITY OPTIMIZATION
 Electron number for spin            1  is    16.000000000022400     
 Cell Volume      :            92.432252 Angstrom^3
 Ion number       :                    4
 Electron number  :            16.000000
 Ion density      :             0.043275 Ion/Angstrom^3
 Electron density :             0.173100 Electron/Angstrom^3
 Print density file to GaAs/GaAs.den                                     
##############################################################################
#                               FINAL ENERGIES                       time    #
##############################################################################
# Thomas-Fermi Kin. Energy =   1.454083596176E+02 eV                 0.000 s #
# Von-Weizsacker Kin. Ener =   4.555361190422E+01 eV                 0.000 s #
#                                                                            #
# GGA(PBE) Exch-Cor Energy =  -1.282822729926E+02 eV                 0.000 s #
#         Coulombic Energy =   3.937762152310E+01 eV                 0.000 s #
#      Ion-Electron Energy =  -7.477520460608E+01 eV                 0.000 s #
#           Ion-Ion Energy =  -4.542961866108E+02 eV                 0.000 s #
#                                                                            #
#     TOTAL KINETIC ENERGY =   1.545197858620E+02 eV                         #
#   TOTAL POTENTIAL ENERGY =  -6.179760426864E+02 eV                         #
#             TOTAL ENERGY =  -4.634562568245E+02 eV                         #
##############################################################################
  
 ----------------------------- TIME INFORMATION ------------------------------
    PROFESS      :    620.45s WALL    100.00% (       1 calls)   620.45s/call
    InitPROFESS  :      0.06s WALL      0.01% (       1 calls)     0.06s/call
    KEDFRefresh  :      0.00s WALL      0.00% (       1 calls)     0.00s/call
    IonRefresh   :      0.02s WALL      0.00% (       1 calls)     0.02s/call
    EwaldEnergy  :      0.01s WALL      0.00% (       1 calls)     0.01s/call
    ForwFFT_3D   :    183.23s WALL     29.53% (  107047 calls)     0.00s/call
    BackFFT_3D   :    113.69s WALL     18.32% (   68381 calls)     0.00s/call
    Pot_Ion      :      0.27s WALL      0.04% (    1564 calls)     0.00s/call
    Pot_Har      :      5.62s WALL      0.91% (    1564 calls)     0.00s/call
    Pot_Exc      :     55.97s WALL      9.02% (    1564 calls)     0.04s/call
    PBEPot       :     55.67s WALL      8.97% (    1564 calls)     0.04s/call
    Pot_KEDF     :    554.32s WALL     89.34% (    1564 calls)     0.35s/call
    intPot       :    540.60s WALL     87.13% (    1564 calls)     0.35s/call
    MakeXiG      :      5.27s WALL      0.85% (    1564 calls)     0.00s/call
    intPot1      :    166.07s WALL     26.77% (   22460 calls)     0.01s/call
    MakeHC10Kern :     17.97s WALL      2.90% (   24024 calls)     0.00s/call
    intPot2      :     68.67s WALL     11.07% (   22460 calls)     0.00s/call
    intPot3      :    194.93s WALL     31.42% (   22460 calls)     0.01s/call
    intPot4      :     45.75s WALL      7.37% (   22460 calls)     0.00s/call
    VWPotSqrPlus :      5.30s WALL      0.85% (    1564 calls)     0.00s/call
    NextGradient :      0.19s WALL      0.03% (     134 calls)     0.00s/call
 -----------------------------------------------------------------------------
 ------------------------------- TOTAL ---------------------------------------
    PROFESS      :    620.45s WALL    100.00% (       1 calls)   620.45s/call
 -----------------------------------------------------------------------------

Run completed on: 07/31/2024 at 20:28:47 
  
