 ******************************************************************************
                             WELCOME TO PROFESS                   
            (PRinceton Orbital-Free Electronic Structure Software) 
 ******************************************************************************

 ------------------------------------------------------------------------------
                           READ GEOMETRY
 Cell length (Bohr)    5.529E+00   5.529E+00   9.042E+00
 Angle     (Degree)    9.000E+01   9.000E+01   1.200E+02
 Volume    (Bohr^3)    2.394E+02

 ------------------------------------------------------------------------------
                           READ PSEUDOPOTENTIAL
 Total electron number in ReadPseudo is    4.0000000000000000     
 (System) Machine Precision              :    2.2204460492503131E-016

 ------------------------------------------------------------------------------
                           SETUP FFT
 Global FFT Dimension :    27   27   45
 Rank/Size in Global Communicator     :            0 /           1
 Rank/Size in Global FFT Communicator :            0 /           1
 Parallel FFT, totX    =    27
 Parallel FFT, totY    =    27
 Parallel FFT, locZ    =    45
 Parallel FFT, locZoff =     0
 Dimension of rho for this processor : 
 xmin, xmax :            0          26
 ymin, ymax :            0          26
 zmin, zmax :            0          44
 Total electron number =    4.0000000000000000     
 Uniform rhoR =    1.6708157661915649E-002
 (GB INFO) FFT size      :       27      27      45
 (GB INFO) FFT offset    :        0
 (GB INFO) FFT G size    :       14      27      45
 (GB INFO) FFT G offset  :        0

 ------------------------------------------------------------------------------
                           SETUP KEDF
 kinetic energy density functional number is            5
 ( 1=TF, 2=VW, 3=TF+VW, 4=WT,  5=WGC,  
   7=LQ, 8=HQ, 10=CAT,  11=HC, 12=WGCD,
   15=GGA, 16=WGCD+GGA, 17=EVT, 18=EVC )
 qTable dimension:    14   27   45
 Coefficient for TF KEDF is     1.0000
 Coefficient for VW KEDF is     1.0000
 Coefficient for alpha in WGC KEDF is     1.2060
 Coefficient for beta  in WGC KEDF is     0.4607
 Coefficient for gamma in WGC KEDF is     2.7000
 rho0 (Electron/Bohr^3) in WGC KEDF is     0.0167
 rhoS (Electron/Bohr^3) in WGC KEDF is     0.0167
 hold0 =  F
 holdS =  F
  dV of each real space grid is now    7.2977903780875658E-003
 Cell length (Bohr)    5.529E+00   5.529E+00   9.042E+00
 Angle     (Degree)    9.000E+01   9.000E+01   1.200E+02
 Volume    (Bohr^3)    2.394E+02

 ------------------------------------------------------------------------------
                           SETUP EWALD 
 (Ewald) eta                             :    1.200    
 (Ewald) Real Space Cutoff               :    6.000     (Bohr)
 (Ewald) Reciprocal Cutoff               :    14.77     (1/Bohr)

 ------------------------------------------------------------------------------
                           SETUP PLANE WAVE 

 ------------------------------------------------------------------------------
                           INITIALIZING WGC KERNEL
 Fermi vector :   0.79089079626018477     
 Reference density :    1.6708157661915649E-002
 Make WGC kernels.
 Dimension of KEDF Kernel :           14          27          45

 ------------------------------------------------------------------------------
                           REFRESH ION POSITIONS
  
 Calculating Ion-Ion Energy ...                   complete.     0.004 s
  
 Calculating Ion-Electron Potential (spline) ... 
 complete.     0.005 s

 ------------------------------------------------------------------------------
                           DENSITY OPTIMIZATION
 Electron number for spin            1  is    4.0000000000013713     
 Cell Volume      :            35.476014 Angstrom^3
 Ion number       :                    2
 Electron number  :             4.000000
 Ion density      :             0.056376 Ion/Angstrom^3
 Electron density :             0.112752 Electron/Angstrom^3
##############################################################################
#                               FINAL ENERGIES                       time    #
##############################################################################
# Thomas-Fermi Kin. Energy =   2.102403443528E+01 eV                 0.000 s #
# Von-Weizsacker Kin. Ener =   2.514927673718E+00 eV                 0.000 s #
#       WGC Kinetic Energy =  -1.199243202793E+00 eV                 0.000 s #
#                                                                            #
# GGA(PBE) Exch-Cor Energy =  -2.534628184923E+01 eV                 0.000 s #
#         Coulombic Energy =   2.462859009952E-01 eV                 0.000 s #
#      Ion-Electron Energy =   1.854515076756E+01 eV                 0.000 s #
#           Ion-Ion Energy =  -6.378707682286E+01 eV                 0.000 s #
#                                                                            #
#     TOTAL KINETIC ENERGY =   2.233971890621E+01 eV                         #
#   TOTAL POTENTIAL ENERGY =  -7.034192200353E+01 eV                         #
#             TOTAL ENERGY =  -4.800220309733E+01 eV                         #
##############################################################################
  
 ----------------------------- TIME INFORMATION ------------------------------
    PROFESS      :      9.75s WALL    100.00% (       1 calls)     9.75s/call
    InitPROFESS  :      0.06s WALL      0.63% (       1 calls)     0.06s/call
    KEDFRefresh  :      0.03s WALL      0.27% (       1 calls)     0.03s/call
    IonRefresh   :      0.01s WALL      0.11% (       1 calls)     0.01s/call
    EwaldEnergy  :      0.00s WALL      0.05% (       1 calls)     0.00s/call
    Pot_Ion      :      0.01s WALL      0.12% (     141 calls)     0.00s/call
    Pot_Har      :      0.32s WALL      3.29% (     141 calls)     0.00s/call
    Pot_Exc      :      3.99s WALL     40.91% (     141 calls)     0.03s/call
    PBEPot       :      3.88s WALL     39.79% (     141 calls)     0.03s/call
    Pot_KEDF     :      4.87s WALL     49.87% (     141 calls)     0.03s/call
    WGCPotPlus   :      3.88s WALL     39.77% (     141 calls)     0.03s/call
    VWPotSqrPlus :      0.29s WALL      3.00% (     141 calls)     0.00s/call
    NextGradient :      0.00s WALL      0.03% (       6 calls)     0.00s/call
 -----------------------------------------------------------------------------
 ------------------------------- TOTAL ---------------------------------------
    PROFESS      :      9.75s WALL    100.00% (       1 calls)     9.75s/call
 -----------------------------------------------------------------------------

Run completed on: 05/02/2023 at 14:05:34 
  
