 ******************************************************************************
                             WELCOME TO PROFESS                   
            (PRinceton Orbital-Free Electronic Structure Software) 
 ******************************************************************************

 ------------------------------------------------------------------------------
                           READ GEOMETRY
 Cell length (Bohr)    7.372E+00   7.372E+00   7.372E+00
 Angle     (Degree)    6.000E+01   6.000E+01   6.000E+01
 Volume    (Bohr^3)    2.833E+02

 ------------------------------------------------------------------------------
                           READ PSEUDOPOTENTIAL
 Total electron number in ReadPseudo is    8.0000000000000000     
 (System) Machine Precision              :    2.2204460492503131E-016

 ------------------------------------------------------------------------------
                           SETUP FFT
 Global FFT Dimension :    36   36   36
 Dimension of rho for this processor : 
 xmin, xmax :            0          35
 ymin, ymax :            0          35
 zmin, zmax :            0          35
 Total electron number =    8.0000000000000000     
 Uniform rhoR =    2.8243073506802146E-002
 (GB INFO) FFT size      :       36      36      36
 (GB INFO) FFT offset    :        0
 (GB INFO) FFT G size    :       19      36      36
 (GB INFO) FFT G offset  :        0

 ------------------------------------------------------------------------------
                           SETUP KEDF
 kinetic energy density functional number is            5
 ( 1=TF, 2=VW, 3=TF+VW, 4=WT,  5=WGC,  
   7=LQ, 8=HQ, 10=CAT,  11=HC, 12=WGCD,
   15=GGA, 16=WGCD+GGA, 17=EVT, 18=EVC )
 qTable dimension:    19   36   36
 Coefficient for TF KEDF is     1.0000
 Coefficient for VW KEDF is     1.0000
 Coefficient for alpha in WGC KEDF is     1.2060
 Coefficient for beta  in WGC KEDF is     0.4607
 Coefficient for gamma in WGC KEDF is     4.2000
 rho0 (Electron/Bohr^3) in WGC KEDF is     0.0282
 rhoS (Electron/Bohr^3) in WGC KEDF is     0.0282
 hold0 =  F
 holdS =  F
  dV of each real space grid is now    6.0711439220331254E-003
 Cell length (Bohr)    7.372E+00   7.372E+00   7.372E+00
 Angle     (Degree)    6.000E+01   6.000E+01   6.000E+01
 Volume    (Bohr^3)    2.833E+02

 ------------------------------------------------------------------------------
                           SETUP EWALD 
 (Ewald) eta                             :    1.200    
 (Ewald) Real Space Cutoff               :    6.000     (Bohr)
 (Ewald) Reciprocal Cutoff               :    14.92     (1/Bohr)

 ------------------------------------------------------------------------------
                           SETUP PLANE WAVE 

 ------------------------------------------------------------------------------
                           INITIALIZING WGC KERNEL
 Fermi vector :   0.94213033048607020     
 Reference density :    2.8243073506802146E-002
 Make WGC kernels.
 Dimension of KEDF Kernel :           19          36          36

 ------------------------------------------------------------------------------
                           REFRESH ION POSITIONS
  
 Calculating Ion-Ion Energy ...                   complete.     0.002 s
  
 Calculating Ion-Electron Potential (spline) ... 
 complete.     0.003 s

 ------------------------------------------------------------------------------
                           DENSITY OPTIMIZATION
 Electron number for spin            1  is    7.9999999999959783     
 Cell Volume      :            41.974103 Angstrom^3
 Ion number       :                    2
 Electron number  :             8.000000
 Ion density      :             0.047648 Ion/Angstrom^3
 Electron density :             0.190594 Electron/Angstrom^3
##############################################################################
#                               FINAL ENERGIES                       time    #
##############################################################################
# Thomas-Fermi Kin. Energy =   7.431281680839E+01 eV                 0.000 s #
# Von-Weizsacker Kin. Ener =   2.335544529032E+01 eV                 0.000 s #
#       WGC Kinetic Energy =  -1.728247409146E+01 eV                 0.000 s #
#                                                                            #
# GGA(PBE) Exch-Cor Energy =  -6.486235564462E+01 eV                 0.000 s #
#         Coulombic Energy =   1.545107272674E+01 eV                 0.000 s #
#      Ion-Electron Energy =  -2.256041283676E+01 eV                 0.000 s #
#           Ion-Ion Energy =  -2.249686269257E+02 eV                 0.000 s #
#                                                                            #
#     TOTAL KINETIC ENERGY =   8.038578800725E+01 eV                         #
#   TOTAL POTENTIAL ENERGY =  -2.969403226804E+02 eV                         #
#             TOTAL ENERGY =  -2.165545346731E+02 eV                         #
##############################################################################
  
 ----------------------------- TIME INFORMATION ------------------------------
    PROFESS      :     20.40s WALL    100.00% (       1 calls)    20.40s/call
    InitPROFESS  :      0.05s WALL      0.25% (       1 calls)     0.05s/call
    KEDFRefresh  :      0.02s WALL      0.10% (       1 calls)     0.02s/call
    IonRefresh   :      0.01s WALL      0.03% (       1 calls)     0.01s/call
    EwaldEnergy  :      0.00s WALL      0.01% (       1 calls)     0.00s/call
    ForwFFT_3D   :      3.49s WALL     17.09% (    2354 calls)     0.00s/call
    BackFFT_3D   :      2.83s WALL     13.90% (    2353 calls)     0.00s/call
    Pot_Ion      :      0.07s WALL      0.35% (     196 calls)     0.00s/call
    Pot_Har      :      0.61s WALL      2.97% (     196 calls)     0.00s/call
    Pot_Exc      :     10.51s WALL     51.50% (     196 calls)     0.05s/call
    PBEPot       :      9.82s WALL     48.14% (     196 calls)     0.05s/call
    Pot_KEDF     :      8.13s WALL     39.84% (     196 calls)     0.04s/call
    WGCPotPlus   :      6.51s WALL     31.92% (     196 calls)     0.03s/call
    VWPotSqrPlus :      0.50s WALL      2.47% (     196 calls)     0.00s/call
    NextGradient :      0.02s WALL      0.07% (       8 calls)     0.00s/call
 -----------------------------------------------------------------------------
 ------------------------------- TOTAL ---------------------------------------
    PROFESS      :     20.40s WALL    100.00% (       1 calls)    20.40s/call
 -----------------------------------------------------------------------------

Run completed on: 07/30/2024 at 16:52:27 
  
