 ******************************************************************************
                             WELCOME TO PROFESS                   
            (PRinceton Orbital-Free Electronic Structure Software) 
 ******************************************************************************

 ------------------------------------------------------------------------------
                           READ GEOMETRY
 Cell length (Bohr)    1.192E+01   1.192E+01   1.192E+01
 Angle     (Degree)    9.000E+01   9.000E+01   9.000E+01
 Volume    (Bohr^3)    1.693E+03

 ------------------------------------------------------------------------------
                           READ PSEUDOPOTENTIAL
 Total electron number in ReadPseudo is    64.000000000000000     
 (System) Machine Precision              :    2.2204460492503131E-016

 ------------------------------------------------------------------------------
                           SETUP FFT
 Global FFT Dimension :    60   60   60
 Dimension of rho for this processor : 
 xmin, xmax :            0          59
 ymin, ymax :            0          59
 zmin, zmax :            0          59
 Total electron number =    64.000000000000000     
 Uniform rhoR =    3.7798412428621531E-002
 (GB INFO) FFT size      :       60      60      60
 (GB INFO) FFT offset    :        0
 (GB INFO) FFT G size    :       31      60      60
 (GB INFO) FFT G offset  :        0

 ------------------------------------------------------------------------------
                           SETUP KEDF
 kinetic energy density functional number is           11
 ( 1=TF, 2=VW, 3=TF+VW, 4=WT,  5=WGC,  
   7=LQ, 8=HQ, 10=CAT,  11=HC, 12=WGCD,
   15=GGA, 16=WGCD+GGA, 17=EVT, 18=EVC )
 qTable dimension:    31   60   60
 rhoS=   3.7798412428621531E-002
 rho0=   3.7798412428621531E-002
 coefficients for TF KEDF is     1.000000
 coefficients for VW KEDF is     1.000000
 Lambda in HC10 is set to     0.010000
 ALPHA  in HC10 is set to     2.016667
 BETA   in HC10 is set to     0.650000
 Sum of alpha and beta is     2.666667
  dV of each real space grid is now    7.8388555830439122E-003
 Cell length (Bohr)    1.192E+01   1.192E+01   1.192E+01
 Angle     (Degree)    9.000E+01   9.000E+01   9.000E+01
 Volume    (Bohr^3)    1.693E+03

 ------------------------------------------------------------------------------
                           SETUP EWALD 
 (Ewald) eta                             :    1.200    
 (Ewald) Real Space Cutoff               :    6.000     (Bohr)
 (Ewald) Reciprocal Cutoff               :    15.55     (1/Bohr)

 ------------------------------------------------------------------------------
                           SETUP PLANE WAVE 

 ------------------------------------------------------------------------------
                           REFRESH ION POSITIONS
  
 Calculating Ion-Ion Energy ...                   complete.     0.042 s
  
 Calculating Ion-Electron Potential (spline) ... 
 complete.     0.050 s

 ------------------------------------------------------------------------------
                           DENSITY OPTIMIZATION
 Electron number for spin            1  is    64.000000000107107     
 Cell Volume      :           250.905284 Angstrom^3
 Ion number       :                   16
 Electron number  :            64.000000
 Ion density      :             0.063769 Ion/Angstrom^3
 Electron density :             0.255076 Electron/Angstrom^3
##############################################################################
#                               FINAL ENERGIES                       time    #
##############################################################################
# Thomas-Fermi Kin. Energy =   6.444202730119E+02 eV                 0.000 s #
# Von-Weizsacker Kin. Ener =   1.569458663361E+02 eV                 0.000 s #
#                                                                            #
# GGA(PBE) Exch-Cor Energy =  -5.420718973507E+02 eV                 0.000 s #
#         Coulombic Energy =   5.929802324856E+01 eV                 0.000 s #
#      Ion-Electron Energy =   9.919543073256E+01 eV                 0.000 s #
#           Ion-Ion Energy =  -2.035249946418E+03 eV                 0.000 s #
#                                                                            #
#     TOTAL KINETIC ENERGY =   6.878712376810E+02 eV                         #
#   TOTAL POTENTIAL ENERGY =  -2.418828389788E+03 eV                         #
#             TOTAL ENERGY =  -1.730957152107E+03 eV                         #
##############################################################################
  
 ----------------------------- TIME INFORMATION ------------------------------
    PROFESS      :    980.30s WALL    100.00% (       1 calls)   980.30s/call
    InitPROFESS  :      0.14s WALL      0.01% (       1 calls)     0.14s/call
    KEDFRefresh  :      0.01s WALL      0.00% (       1 calls)     0.01s/call
    IonRefresh   :      0.11s WALL      0.01% (       1 calls)     0.11s/call
    EwaldEnergy  :      0.04s WALL      0.00% (       1 calls)     0.04s/call
    ForwFFT_3D   :    212.13s WALL     21.64% (   22069 calls)     0.01s/call
    BackFFT_3D   :    104.11s WALL     10.62% (   15488 calls)     0.01s/call
    Pot_Ion      :      0.91s WALL      0.09% (     469 calls)     0.00s/call
    Pot_Har      :      7.47s WALL      0.76% (     469 calls)     0.02s/call
    Pot_Exc      :    123.28s WALL     12.58% (     469 calls)     0.26s/call
    PBEPot       :    122.23s WALL     12.47% (     469 calls)     0.26s/call
    Pot_KEDF     :    835.70s WALL     85.25% (     469 calls)     1.78s/call
    intPot       :    817.85s WALL     83.43% (     469 calls)     1.74s/call
    MakeXiG      :      5.75s WALL      0.59% (     469 calls)     0.01s/call
    VWPotSqrPlus :      6.93s WALL      0.71% (     469 calls)     0.01s/call
    intPot1      :    217.05s WALL     22.14% (    4227 calls)     0.05s/call
    MakeHC10Kern :     15.39s WALL      1.57% (    4695 calls)     0.00s/call
    intPot2      :    157.43s WALL     16.06% (    4227 calls)     0.04s/call
    intPot3      :    270.97s WALL     27.64% (    4227 calls)     0.06s/call
    intPot4      :     96.06s WALL      9.80% (    4227 calls)     0.02s/call
    NextGradient :      0.59s WALL      0.06% (      40 calls)     0.01s/call
 -----------------------------------------------------------------------------
 ------------------------------- TOTAL ---------------------------------------
    PROFESS      :    980.30s WALL    100.00% (       1 calls)   980.30s/call
 -----------------------------------------------------------------------------

Run completed on: 07/30/2024 at 17:22:26 
  
