 ******************************************************************************
                             WELCOME TO PROFESS                   
            (PRinceton Orbital-Free Electronic Structure Software) 
 ******************************************************************************

 ------------------------------------------------------------------------------
                           READ GEOMETRY
 Cell length (Bohr)    5.512E+00   5.512E+00   5.512E+00
 Angle     (Degree)    9.000E+01   9.000E+01   9.000E+01
 Volume    (Bohr^3)    1.674E+02

 ------------------------------------------------------------------------------
                           READ PSEUDOPOTENTIAL
 Total electron number in ReadPseudo is    2.0000000000000000     
 (System) Machine Precision              :    2.2204460492503131E-016

 ------------------------------------------------------------------------------
                           SETUP FFT
 Global FFT Dimension :    14   14   14
 Rank/Size in Global Communicator     :            0 /           1
 Rank/Size in Global FFT Communicator :            0 /           1
 Parallel FFT, totX    =    14
 Parallel FFT, totY    =    14
 Parallel FFT, locZ    =    14
 Parallel FFT, locZoff =     0
 Dimension of rho for this processor : 
 xmin, xmax :            0          13
 ymin, ymax :            0          13
 zmin, zmax :            0          13
 Total electron number =    2.0000000000000000     
 Uniform rhoR =    1.1945117816294492E-002
 (GB INFO) FFT size      :       14      14      14
 (GB INFO) FFT offset    :        0
 (GB INFO) FFT G size    :        8      14      14
 (GB INFO) FFT G offset  :        0

 ------------------------------------------------------------------------------
                           SETUP KEDF
 kinetic energy density functional number is            4
 ( 1=TF, 2=VW, 3=TF+VW, 4=WT,  5=WGC,  
   7=LQ, 8=HQ, 10=CAT,  11=HC, 12=WGCD,
   15=GGA, 16=WGCD+GGA, 17=EVT, 18=EVC )
 qTable dimension:     8   14   14
 Coefficient for TF KEDF is     1.0000
 Coefficient for VW KEDF is     1.0000
 Coefficient for alpha in WT KEDF is     0.8333
 Coefficient for beta  in WT KEDF is     0.8333
 rho0 (Electron/Bohr^3) in WGC KEDF is     0.0119
 hold0 =  F
  dV of each real space grid is now    6.1017646286140551E-002
 Cell length (Bohr)    5.512E+00   5.512E+00   5.512E+00
 Angle     (Degree)    9.000E+01   9.000E+01   9.000E+01
 Volume    (Bohr^3)    1.674E+02

 ------------------------------------------------------------------------------
                           SETUP EWALD 
 (Ewald) eta                             :   0.7449    
 (Ewald) Real Space Cutoff               :    6.328     (Bohr)
 (Ewald) Reciprocal Cutoff               :    7.410     (1/Bohr)

 ------------------------------------------------------------------------------
                           SETUP PLANE WAVE 
 Read in WT kernel.
 kernel file name  : 11PROFESS_KERNEL.dat          
 KEDF type         :     4
 Fermi vector      :   1.182014212099E+00
 Reference density :  -1.000000000000E+00
 Mesh points       :   200002
 Fermi vector in this cell is    1.4143833706768463     
 Fermi vector from kernel file is    1.1820142120987149     
 First qNorm is    0.0000000000000000     
 size of Wang-Teter kernel in this run is            8          14          14
 Max |G| in this calculation is   1.382161154647E+01
 Max eta used from kernel is   9.772181880121E+00

 ------------------------------------------------------------------------------
                           REFRESH ION POSITIONS
  
 Calculating Ion-Ion Energy ...                   complete.     0.000 s
  
 Calculating Ion-Electron Potential (spline) ... 
 complete.     0.000 s

 ------------------------------------------------------------------------------
                           DENSITY OPTIMIZATION
 Electron number for spin            1  is    2.0000000000001337     
 Cell Volume      :            24.810925 Angstrom^3
 Ion number       :                    1
 Electron number  :             2.000000
 Ion density      :             0.040305 Ion/Angstrom^3
 Electron density :             0.080610 Electron/Angstrom^3
##############################################################################
#                               FINAL ENERGIES                       time    #
##############################################################################
# Thomas-Fermi Kin. Energy =   8.362882402466E+00 eV                 0.000 s #
# Von-Weizsacker Kin. Ener =   1.094976782098E+00 eV                 0.000 s #
# Wang-Teter Kinetic Energ =  -3.207535266661E-01 eV                 0.000 s #
#                                                                            #
#     LDA Exch-Corr Energy =  -1.141657157652E+01 eV                 0.000 s #
#         Coulombic Energy =   6.479888659882E-02 eV                 0.000 s #
#      Ion-Electron Energy =   5.958332806596E+00 eV                 0.000 s #
#           Ion-Ion Energy =  -2.801596828625E+01 eV                 0.000 s #
#                                                                            #
#     TOTAL KINETIC ENERGY =   9.137105657898E+00 eV                         #
#   TOTAL POTENTIAL ENERGY =  -3.340940816957E+01 eV                         #
#             TOTAL ENERGY =  -2.427230251168E+01 eV                         #
##############################################################################
  
 ----------------------------- TIME INFORMATION ------------------------------
    PROFESS      :      0.41s WALL    100.00% (       1 calls)     0.41s/call
    InitPROFESS  :      0.23s WALL     57.59% (       1 calls)     0.23s/call
    KEDFRefresh  :      0.22s WALL     53.32% (       1 calls)     0.22s/call
    IonRefresh   :      0.00s WALL      0.16% (       1 calls)     0.00s/call
    EwaldEnergy  :      0.00s WALL      0.08% (       1 calls)     0.00s/call
    Pot_Ion      :      0.00s WALL      0.03% (      56 calls)     0.00s/call
    Pot_Har      :      0.00s WALL      0.64% (      56 calls)     0.00s/call
    Pot_Exc      :      0.02s WALL      4.02% (      56 calls)     0.00s/call
    Pot_KEDF     :      0.07s WALL     16.18% (      56 calls)     0.00s/call
    VWPotSqrPlus :      0.00s WALL      0.68% (      56 calls)     0.00s/call
    NextGradient :      0.00s WALL      0.04% (       6 calls)     0.00s/call
 -----------------------------------------------------------------------------
 ------------------------------- TOTAL ---------------------------------------
    PROFESS      :      0.41s WALL    100.00% (       1 calls)     0.41s/call
 -----------------------------------------------------------------------------

Run completed on: 08/19/2021 at 16:13:12 
  
