 ******************************************************************************
                             WELCOME TO PROFESS                   
            (PRinceton Orbital-Free Electronic Structure Software) 
 ******************************************************************************

 ------------------------------------------------------------------------------
                           READ GEOMETRY
 Cell length (Bohr)    5.574E+00   5.574E+00   5.574E+00
 Angle     (Degree)    9.000E+01   9.000E+01   9.000E+01
 Volume    (Bohr^3)    1.731E+02

 ------------------------------------------------------------------------------
                           READ PSEUDOPOTENTIAL
 Total electron number in ReadPseudo is    2.0000000000000000     
 (System) Machine Precision              :    2.2204460492503131E-016

 ------------------------------------------------------------------------------
                           SETUP FFT
 Global FFT Dimension :    14   14   14
 Rank/Size in Global Communicator     :            0 /           1
 Rank/Size in Global FFT Communicator :            0 /           1
 Parallel FFT, totX    =    14
 Parallel FFT, totY    =    14
 Parallel FFT, locZ    =    14
 Parallel FFT, locZoff =     0
 Dimension of rho for this processor : 
 xmin, xmax :            0          13
 ymin, ymax :            0          13
 zmin, zmax :            0          13
 Total electron number =    2.0000000000000000     
 Uniform rhoR =    1.1550784004802077E-002
 (GB INFO) FFT size      :       14      14      14
 (GB INFO) FFT offset    :        0
 (GB INFO) FFT G size    :        8      14      14
 (GB INFO) FFT G offset  :        0

 ------------------------------------------------------------------------------
                           SETUP KEDF
 kinetic energy density functional number is            4
 ( 1=TF, 2=VW, 3=TF+VW, 4=WT,  5=WGC,  
   7=LQ, 8=HQ, 10=CAT,  11=HC, 12=WGCD,
   15=GGA, 16=WGCD+GGA, 17=EVT, 18=EVC )
 qTable dimension:     8   14   14
 Coefficient for TF KEDF is     1.0000
 Coefficient for VW KEDF is     1.0000
 Coefficient for alpha in WT KEDF is     0.8333
 Coefficient for beta  in WT KEDF is     0.8333
 rho0 (Electron/Bohr^3) in WGC KEDF is     0.0116
 hold0 =  F
  dV of each real space grid is now    6.3100736145522099E-002
 Cell length (Bohr)    5.574E+00   5.574E+00   5.574E+00
 Angle     (Degree)    9.000E+01   9.000E+01   9.000E+01
 Volume    (Bohr^3)    1.731E+02

 ------------------------------------------------------------------------------
                           SETUP EWALD 
 (Ewald) eta                             :   0.7343    
 (Ewald) Real Space Cutoff               :    6.418     (Bohr)
 (Ewald) Reciprocal Cutoff               :    7.327     (1/Bohr)

 ------------------------------------------------------------------------------
                           SETUP PLANE WAVE 
 Read in WT kernel.
 kernel file name  : 5PROFESS_KERNEL.dat           
 KEDF type         :     4
 Fermi vector      :   1.182014212099E+00
 Reference density :  -1.000000000000E+00
 Mesh points       :   200002
 Fermi vector in this cell is    1.3986449554884817     
 Fermi vector from kernel file is    1.1820142120987149     
 First qNorm is    0.0000000000000000     
 size of Wang-Teter kernel in this run is            8          14          14
 Max |G| in this calculation is   1.366781289075E+01
 Max eta used from kernel is   9.772181880121E+00

 ------------------------------------------------------------------------------
                           REFRESH ION POSITIONS
  
 Calculating Ion-Ion Energy ...                   complete.     0.001 s
  
 Calculating Ion-Electron Potential (spline) ... 
 complete.     0.000 s

 ------------------------------------------------------------------------------
                           DENSITY OPTIMIZATION
 Electron number for spin            1  is    1.9999999999998579     
 Cell Volume      :            25.657948 Angstrom^3
 Ion number       :                    1
 Electron number  :             2.000000
 Ion density      :             0.038974 Ion/Angstrom^3
 Electron density :             0.077949 Electron/Angstrom^3
##############################################################################
#                               FINAL ENERGIES                       time    #
##############################################################################
# Thomas-Fermi Kin. Energy =   8.199330042580E+00 eV                 0.000 s #
# Von-Weizsacker Kin. Ener =   1.144682044680E+00 eV                 0.000 s #
# Wang-Teter Kinetic Energ =  -3.745415248655E-01 eV                 0.000 s #
#                                                                            #
#     LDA Exch-Corr Energy =  -1.131243119864E+01 eV                 0.000 s #
#         Coulombic Energy =   7.516532849856E-02 eV                 0.000 s #
#      Ion-Electron Energy =   5.674399276286E+00 eV                 0.000 s #
#           Ion-Ion Energy =  -2.770422328843E+01 eV                 0.000 s #
#                                                                            #
#     TOTAL KINETIC ENERGY =   8.969470562395E+00 eV                         #
#   TOTAL POTENTIAL ENERGY =  -3.326708988229E+01 eV                         #
#             TOTAL ENERGY =  -2.429761931989E+01 eV                         #
##############################################################################
  
 ----------------------------- TIME INFORMATION ------------------------------
    PROFESS      :      0.40s WALL    100.00% (       1 calls)     0.40s/call
    InitPROFESS  :      0.23s WALL     58.86% (       1 calls)     0.23s/call
    KEDFRefresh  :      0.21s WALL     53.56% (       1 calls)     0.21s/call
    IonRefresh   :      0.00s WALL      0.22% (       1 calls)     0.00s/call
    EwaldEnergy  :      0.00s WALL      0.15% (       1 calls)     0.00s/call
    Pot_Ion      :      0.00s WALL      0.03% (      58 calls)     0.00s/call
    Pot_Har      :      0.00s WALL      0.67% (      58 calls)     0.00s/call
    Pot_Exc      :      0.02s WALL      4.12% (      58 calls)     0.00s/call
    Pot_KEDF     :      0.07s WALL     16.83% (      58 calls)     0.00s/call
    VWPotSqrPlus :      0.00s WALL      0.62% (      58 calls)     0.00s/call
    NextGradient :      0.00s WALL      0.04% (       6 calls)     0.00s/call
 -----------------------------------------------------------------------------
 ------------------------------- TOTAL ---------------------------------------
    PROFESS      :      0.40s WALL    100.00% (       1 calls)     0.40s/call
 -----------------------------------------------------------------------------

Run completed on: 08/19/2021 at 16:13:08 
  
