 ******************************************************************************
                             WELCOME TO PROFESS                   
            (PRinceton Orbital-Free Electronic Structure Software) 
 ******************************************************************************

 ------------------------------------------------------------------------------
                           READ GEOMETRY
 Cell length (Bohr)    5.153E+00   5.153E+00   5.153E+00
 Angle     (Degree)    6.000E+01   6.000E+01   6.000E+01
 Volume    (Bohr^3)    9.677E+01

 ------------------------------------------------------------------------------
                           READ PSEUDOPOTENTIAL
 Total electron number in ReadPseudo is    4.0000000000000000     
 (System) Machine Precision              :    2.2204460492503131E-016

 ------------------------------------------------------------------------------
                           SETUP FFT
 Global FFT Dimension :    27   27   27
 Dimension of rho for this processor : 
 xmin, xmax :            0          26
 ymin, ymax :            0          26
 zmin, zmax :            0          26
 Total electron number =    4.0000000000000000     
 Uniform rhoR =    4.1336588622809180E-002
 (GB INFO) FFT size      :       27      27      27
 (GB INFO) FFT offset    :        0
 (GB INFO) FFT G size    :       14      27      27
 (GB INFO) FFT G offset  :        0

 ------------------------------------------------------------------------------
                           SETUP KEDF
 kinetic energy density functional number is            5
 ( 1=TF, 2=VW, 3=TF+VW, 4=WT,  5=WGC,  
   7=LQ, 8=HQ, 10=CAT,  11=HC, 12=WGCD,
   15=GGA, 16=WGCD+GGA, 17=EVT, 18=EVC )
 qTable dimension:    14   27   27
 Coefficient for TF KEDF is     1.0000
 Coefficient for VW KEDF is     1.0000
 Coefficient for alpha in WGC KEDF is     1.2060
 Coefficient for beta  in WGC KEDF is     0.4607
 Coefficient for gamma in WGC KEDF is     4.2000
 rho0 (Electron/Bohr^3) in WGC KEDF is     0.0413
 rhoS (Electron/Bohr^3) in WGC KEDF is     0.0413
 hold0 =  F
 holdS =  F
  dV of each real space grid is now    4.9162512067826465E-003
 Cell length (Bohr)    5.153E+00   5.153E+00   5.153E+00
 Angle     (Degree)    6.000E+01   6.000E+01   6.000E+01
 Volume    (Bohr^3)    9.677E+01

 ------------------------------------------------------------------------------
                           SETUP EWALD 
 (Ewald) eta                             :    1.200    
 (Ewald) Real Space Cutoff               :    6.000     (Bohr)
 (Ewald) Reciprocal Cutoff               :    15.85     (1/Bohr)

 ------------------------------------------------------------------------------
                           SETUP PLANE WAVE 

 ------------------------------------------------------------------------------
                           INITIALIZING WGC KERNEL
 Fermi vector :    1.0696750785031950     
 Reference density :    4.1336588622809180E-002
 Make WGC kernels.
 Dimension of KEDF Kernel :           14          27          27

 ------------------------------------------------------------------------------
                           REFRESH ION POSITIONS
  
 Calculating Ion-Ion Energy ...                   complete.     0.002 s
  
 Calculating Ion-Electron Potential (spline) ... 
 complete.     0.003 s

 ------------------------------------------------------------------------------
                           DENSITY OPTIMIZATION
 Electron number for spin            1  is    4.0000000000002682     
 Cell Volume      :            14.339326 Angstrom^3
 Ion number       :                    1
 Electron number  :             4.000000
 Ion density      :             0.069738 Ion/Angstrom^3
 Electron density :             0.278953 Electron/Angstrom^3
##############################################################################
#                               FINAL ENERGIES                       time    #
##############################################################################
# Thomas-Fermi Kin. Energy =   3.851852550341E+01 eV                 0.000 s #
# Von-Weizsacker Kin. Ener =   4.251018661861E+00 eV                 0.000 s #
#       WGC Kinetic Energy =  -1.829107353638E+00 eV                 0.000 s #
#                                                                            #
# GGA(PBE) Exch-Cor Energy =  -3.332861952781E+01 eV                 0.000 s #
#         Coulombic Energy =   4.098761888099E-01 eV                 0.000 s #
#      Ion-Electron Energy =   2.070905803426E+01 eV                 0.000 s #
#           Ion-Ion Energy =  -1.369530686157E+02 eV                 0.000 s #
#                                                                            #
#     TOTAL KINETIC ENERGY =   4.094043681164E+01 eV                         #
#   TOTAL POTENTIAL ENERGY =  -1.491627539205E+02 eV                         #
#             TOTAL ENERGY =  -1.082223171088E+02 eV                         #
##############################################################################
  
 ----------------------------- TIME INFORMATION ------------------------------
    PROFESS      :      4.38s WALL    100.00% (       1 calls)     4.38s/call
    InitPROFESS  :      0.05s WALL      1.07% (       1 calls)     0.05s/call
    KEDFRefresh  :      0.02s WALL      0.50% (       1 calls)     0.02s/call
    IonRefresh   :      0.01s WALL      0.14% (       1 calls)     0.01s/call
    EwaldEnergy  :      0.00s WALL      0.06% (       1 calls)     0.00s/call
    ForwFFT_3D   :      0.83s WALL     18.90% (    1310 calls)     0.00s/call
    BackFFT_3D   :      0.75s WALL     17.24% (    1309 calls)     0.00s/call
    Pot_Ion      :      0.02s WALL      0.37% (     109 calls)     0.00s/call
    Pot_Har      :      0.16s WALL      3.69% (     109 calls)     0.00s/call
    Pot_Exc      :      2.21s WALL     50.59% (     109 calls)     0.02s/call
    PBEPot       :      2.11s WALL     48.32% (     109 calls)     0.02s/call
    Pot_KEDF     :      1.72s WALL     39.32% (     109 calls)     0.02s/call
    WGCPotPlus   :      1.36s WALL     30.99% (     109 calls)     0.01s/call
    VWPotSqrPlus :      0.13s WALL      2.96% (     109 calls)     0.00s/call
    NextGradient :      0.00s WALL      0.09% (       7 calls)     0.00s/call
 -----------------------------------------------------------------------------
 ------------------------------- TOTAL ---------------------------------------
    PROFESS      :      4.38s WALL    100.00% (       1 calls)     4.38s/call
 -----------------------------------------------------------------------------

Run completed on: 07/30/2024 at 16:53:54 
  
