 ******************************************************************************
                             WELCOME TO PROFESS                   
            (PRinceton Orbital-Free Electronic Structure Software) 
 ******************************************************************************

 ------------------------------------------------------------------------------
                           READ GEOMETRY
 Cell length (Bohr)    8.577E+00   8.577E+00   8.577E+00
 Angle     (Degree)    6.000E+01   6.000E+01   6.000E+01
 Volume    (Bohr^3)    4.462E+02

 ------------------------------------------------------------------------------
                           READ PSEUDOPOTENTIAL
 Total electron number in ReadPseudo is    8.0000000000000000     
 (System) Machine Precision              :    2.2204460492503131E-016

 ------------------------------------------------------------------------------
                           SETUP FFT
 Global FFT Dimension :    42   42   42
 Dimension of rho for this processor : 
 xmin, xmax :            0          41
 ymin, ymax :            0          41
 zmin, zmax :            0          41
 Total electron number =    8.0000000000000000     
 Uniform rhoR =    1.7929248599590612E-002
 (GB INFO) FFT size      :       42      42      42
 (GB INFO) FFT offset    :        0
 (GB INFO) FFT G size    :       22      42      42
 (GB INFO) FFT G offset  :        0

 ------------------------------------------------------------------------------
                           SETUP KEDF
 kinetic energy density functional number is            5
 ( 1=TF, 2=VW, 3=TF+VW, 4=WT,  5=WGC,  
   7=LQ, 8=HQ, 10=CAT,  11=HC, 12=WGCD,
   15=GGA, 16=WGCD+GGA, 17=EVT, 18=EVC )
 qTable dimension:    22   42   42
 Coefficient for TF KEDF is     1.0000
 Coefficient for VW KEDF is     1.0000
 Coefficient for alpha in WGC KEDF is     1.2060
 Coefficient for beta  in WGC KEDF is     0.4607
 Coefficient for gamma in WGC KEDF is     4.2000
 rho0 (Electron/Bohr^3) in WGC KEDF is     0.0179
 rhoS (Electron/Bohr^3) in WGC KEDF is     0.0179
 hold0 =  F
 holdS =  F
  dV of each real space grid is now    6.0225446268227919E-003
 Cell length (Bohr)    8.577E+00   8.577E+00   8.577E+00
 Angle     (Degree)    6.000E+01   6.000E+01   6.000E+01
 Volume    (Bohr^3)    4.462E+02

 ------------------------------------------------------------------------------
                           SETUP EWALD 
 (Ewald) eta                             :    1.200    
 (Ewald) Real Space Cutoff               :    6.000     (Bohr)
 (Ewald) Reciprocal Cutoff               :    15.02     (1/Bohr)

 ------------------------------------------------------------------------------
                           SETUP PLANE WAVE 

 ------------------------------------------------------------------------------
                           INITIALIZING WGC KERNEL
 Fermi vector :   0.80970663188939762     
 Reference density :    1.7929248599590612E-002
 Make WGC kernels.
 Dimension of KEDF Kernel :           22          42          42

 ------------------------------------------------------------------------------
                           REFRESH ION POSITIONS
  
 Calculating Ion-Ion Energy ...                   complete.     0.016 s
  
 Calculating Ion-Electron Potential (spline) ... 
 complete.     0.028 s

 ------------------------------------------------------------------------------
                           DENSITY OPTIMIZATION
 Electron number for spin            1  is    7.9999999999926654     
 Cell Volume      :            66.119763 Angstrom^3
 Ion number       :                    2
 Electron number  :             8.000000
 Ion density      :             0.030248 Ion/Angstrom^3
 Electron density :             0.120993 Electron/Angstrom^3
##############################################################################
#                               FINAL ENERGIES                       time    #
##############################################################################
# Thomas-Fermi Kin. Energy =   6.494221892151E+01 eV                 0.000 s #
# Von-Weizsacker Kin. Ener =   2.706070351166E+01 eV                 0.000 s #
#       WGC Kinetic Energy =  -1.789339222675E+01 eV                 0.000 s #
#                                                                            #
# GGA(PBE) Exch-Cor Energy =  -6.025358565619E+01 eV                 0.000 s #
#         Coulombic Energy =   2.571236813489E+01 eV                 0.000 s #
#      Ion-Electron Energy =  -6.038081816167E+01 eV                 0.000 s #
#           Ion-Ion Energy =  -2.018337993059E+02 eV                 0.000 s #
#                                                                            #
#     TOTAL KINETIC ENERGY =   7.410953020642E+01 eV                         #
#   TOTAL POTENTIAL ENERGY =  -2.967558349888E+02 eV                         #
#             TOTAL ENERGY =  -2.226463047824E+02 eV                         #
##############################################################################
  
 ----------------------------- TIME INFORMATION ------------------------------
    PROFESS      :     30.59s WALL    100.00% (       1 calls)    30.59s/call
    InitPROFESS  :      0.12s WALL      0.38% (       1 calls)     0.12s/call
    KEDFRefresh  :      0.04s WALL      0.12% (       1 calls)     0.04s/call
    IonRefresh   :      0.05s WALL      0.16% (       1 calls)     0.05s/call
    EwaldEnergy  :      0.02s WALL      0.05% (       1 calls)     0.02s/call
    ForwFFT_3D   :      5.74s WALL     18.77% (    2691 calls)     0.00s/call
    BackFFT_3D   :      4.85s WALL     15.85% (    2689 calls)     0.00s/call
    Pot_Ion      :      0.10s WALL      0.34% (     224 calls)     0.00s/call
    Pot_Har      :      1.03s WALL      3.36% (     224 calls)     0.00s/call
    Pot_Exc      :     15.86s WALL     51.84% (     224 calls)     0.07s/call
    PBEPot       :     15.02s WALL     49.08% (     224 calls)     0.07s/call
    Pot_KEDF     :     11.93s WALL     38.99% (     224 calls)     0.05s/call
    WGCPotPlus   :      9.46s WALL     30.93% (     224 calls)     0.04s/call
    VWPotSqrPlus :      0.83s WALL      2.73% (     224 calls)     0.00s/call
    NextGradient :      0.02s WALL      0.08% (      10 calls)     0.00s/call
 -----------------------------------------------------------------------------
 ------------------------------- TOTAL ---------------------------------------
    PROFESS      :     30.59s WALL    100.00% (       1 calls)    30.59s/call
 -----------------------------------------------------------------------------

Run completed on: 07/30/2024 at 20:43:01 
  
