 ******************************************************************************
                             WELCOME TO PROFESS                   
            (PRinceton Orbital-Free Electronic Structure Software) 
 ******************************************************************************

 ------------------------------------------------------------------------------
                           READ GEOMETRY
 Cell length (Bohr)    7.737E+00   7.737E+00   7.737E+00
 Angle     (Degree)    6.000E+01   6.000E+01   6.000E+01
 Volume    (Bohr^3)    3.274E+02

 ------------------------------------------------------------------------------
                           READ PSEUDOPOTENTIAL
 Total electron number in ReadPseudo is    8.0000000000000000     
 (System) Machine Precision              :    2.2204460492503131E-016

 ------------------------------------------------------------------------------
                           SETUP FFT
 Global FFT Dimension :    40   40   40
 Dimension of rho for this processor : 
 xmin, xmax :            0          39
 ymin, ymax :            0          39
 zmin, zmax :            0          39
 Total electron number =    8.0000000000000000     
 Uniform rhoR =    2.4431513660099602E-002
 (GB INFO) FFT size      :       40      40      40
 (GB INFO) FFT offset    :        0
 (GB INFO) FFT G size    :       21      40      40
 (GB INFO) FFT G offset  :        0

 ------------------------------------------------------------------------------
                           SETUP KEDF
 kinetic energy density functional number is            5
 ( 1=TF, 2=VW, 3=TF+VW, 4=WT,  5=WGC,  
   7=LQ, 8=HQ, 10=CAT,  11=HC, 12=WGCD,
   15=GGA, 16=WGCD+GGA, 17=EVT, 18=EVC )
 qTable dimension:    21   40   40
 Coefficient for TF KEDF is     1.0000
 Coefficient for VW KEDF is     1.0000
 Coefficient for alpha in WGC KEDF is     1.2060
 Coefficient for beta  in WGC KEDF is     0.4607
 Coefficient for gamma in WGC KEDF is     4.2000
 rho0 (Electron/Bohr^3) in WGC KEDF is     0.0244
 rhoS (Electron/Bohr^3) in WGC KEDF is     0.0244
 hold0 =  F
 holdS =  F
  dV of each real space grid is now    5.1163428406052515E-003
 Cell length (Bohr)    7.737E+00   7.737E+00   7.737E+00
 Angle     (Degree)    6.000E+01   6.000E+01   6.000E+01
 Volume    (Bohr^3)    3.274E+02

 ------------------------------------------------------------------------------
                           SETUP EWALD 
 (Ewald) eta                             :    1.200    
 (Ewald) Real Space Cutoff               :    6.000     (Bohr)
 (Ewald) Reciprocal Cutoff               :    15.84     (1/Bohr)

 ------------------------------------------------------------------------------
                           SETUP PLANE WAVE 

 ------------------------------------------------------------------------------
                           INITIALIZING WGC KERNEL
 Fermi vector :   0.89768463463877424     
 Reference density :    2.4431513660099602E-002
 Make WGC kernels.
 Dimension of KEDF Kernel :           21          40          40

 ------------------------------------------------------------------------------
                           REFRESH ION POSITIONS
  
 Calculating Ion-Ion Energy ...                   complete.     0.007 s
  
 Calculating Ion-Electron Potential (spline) ... 
 complete.     0.014 s

 ------------------------------------------------------------------------------
                           DENSITY OPTIMIZATION
 Electron number for spin            1  is    8.0000000000097859     
 Cell Volume      :            48.522482 Angstrom^3
 Ion number       :                    2
 Electron number  :             8.000000
 Ion density      :             0.041218 Ion/Angstrom^3
 Electron density :             0.164872 Electron/Angstrom^3
##############################################################################
#                               FINAL ENERGIES                       time    #
##############################################################################
# Thomas-Fermi Kin. Energy =   7.228991355100E+01 eV                 0.000 s #
# Von-Weizsacker Kin. Ener =   2.454503103329E+01 eV                 0.000 s #
#       WGC Kinetic Energy =  -1.722409611052E+01 eV                 0.000 s #
#                                                                            #
# GGA(PBE) Exch-Cor Energy =  -6.360983678794E+01 eV                 0.000 s #
#         Coulombic Energy =   2.041330912903E+01 eV                 0.000 s #
#      Ion-Electron Energy =  -4.021812733257E+01 eV                 0.000 s #
#           Ion-Ion Energy =  -2.237638824652E+02 eV                 0.000 s #
#                                                                            #
#     TOTAL KINETIC ENERGY =   7.961084847376E+01 eV                         #
#   TOTAL POTENTIAL ENERGY =  -3.071785374567E+02 eV                         #
#             TOTAL ENERGY =  -2.275676889829E+02 eV                         #
##############################################################################
  
 ----------------------------- TIME INFORMATION ------------------------------
    PROFESS      :     34.61s WALL    100.00% (       1 calls)    34.61s/call
    InitPROFESS  :      0.08s WALL      0.22% (       1 calls)     0.08s/call
    KEDFRefresh  :      0.02s WALL      0.06% (       1 calls)     0.02s/call
    IonRefresh   :      0.02s WALL      0.07% (       1 calls)     0.02s/call
    EwaldEnergy  :      0.01s WALL      0.02% (       1 calls)     0.01s/call
    ForwFFT_3D   :      6.18s WALL     17.87% (    2667 calls)     0.00s/call
    BackFFT_3D   :      5.08s WALL     14.68% (    2665 calls)     0.00s/call
    Pot_Ion      :      0.15s WALL      0.43% (     222 calls)     0.00s/call
    Pot_Har      :      1.17s WALL      3.38% (     222 calls)     0.01s/call
    Pot_Exc      :     16.99s WALL     49.08% (     222 calls)     0.08s/call
    PBEPot       :     15.72s WALL     45.41% (     222 calls)     0.07s/call
    Pot_KEDF     :     13.60s WALL     39.30% (     222 calls)     0.06s/call
    WGCPotPlus   :     10.83s WALL     31.29% (     222 calls)     0.05s/call
    VWPotSqrPlus :      0.94s WALL      2.71% (     222 calls)     0.00s/call
    NextGradient :      0.05s WALL      0.14% (      11 calls)     0.00s/call
 -----------------------------------------------------------------------------
 ------------------------------- TOTAL ---------------------------------------
    PROFESS      :     34.61s WALL    100.00% (       1 calls)    34.61s/call
 -----------------------------------------------------------------------------

Run completed on: 07/30/2024 at 20:55:01 
  
