 ******************************************************************************
                             WELCOME TO PROFESS                   
            (PRinceton Orbital-Free Electronic Structure Software) 
 ******************************************************************************

 ------------------------------------------------------------------------------
                           READ GEOMETRY
 Cell length (Bohr)    8.606E+00   1.490E+01   1.417E+01
 Angle     (Degree)    9.000E+01   9.000E+01   9.000E+01
 Volume    (Bohr^3)    1.817E+03

 ------------------------------------------------------------------------------
                           READ PSEUDOPOTENTIAL
 Total electron number in ReadPseudo is    32.000000000000000     
 (System) Machine Precision              :    2.2204460492503131E-016

 ------------------------------------------------------------------------------
                           SETUP FFT
 Global FFT Dimension :    45   75   70
 Dimension of rho for this processor : 
 xmin, xmax :            0          44
 ymin, ymax :            0          74
 zmin, zmax :            0          69
 Total electron number =    32.000000000000000     
 Uniform rhoR =    1.7615107377810722E-002
 (GB INFO) FFT size      :       45      75      70
 (GB INFO) FFT offset    :        0
 (GB INFO) FFT G size    :       23      75      70
 (GB INFO) FFT G offset  :        0

 ------------------------------------------------------------------------------
                           SETUP KEDF
 kinetic energy density functional number is           11
 ( 1=TF, 2=VW, 3=TF+VW, 4=WT,  5=WGC,  
   7=LQ, 8=HQ, 10=CAT,  11=HC, 12=WGCD,
   15=GGA, 16=WGCD+GGA, 17=EVT, 18=EVC )
 qTable dimension:    23   75   70
 rhoS=   1.7615107377810722E-002
 rho0=   1.7615107377810722E-002
 coefficients for TF KEDF is     1.000000
 coefficients for VW KEDF is     1.000000
 Lambda in HC10 is set to     0.012000
 ALPHA  in HC10 is set to     1.856667
 BETA   in HC10 is set to     0.810000
 Sum of alpha and beta is     2.666667
  dV of each real space grid is now    7.6894073107018268E-003
 Cell length (Bohr)    8.606E+00   1.490E+01   1.417E+01
 Angle     (Degree)    9.000E+01   9.000E+01   9.000E+01
 Volume    (Bohr^3)    1.817E+03

 ------------------------------------------------------------------------------
                           SETUP EWALD 
 (Ewald) eta                             :    1.200    
 (Ewald) Real Space Cutoff               :    6.000     (Bohr)
 (Ewald) Reciprocal Cutoff               :    15.30     (1/Bohr)

 ------------------------------------------------------------------------------
                           SETUP PLANE WAVE 

 ------------------------------------------------------------------------------
                           REFRESH ION POSITIONS
  
 Calculating Ion-Ion Energy ...                   complete.     0.115 s
  
 Calculating Ion-Electron Potential (spline) ... 
 complete.     0.174 s

 ------------------------------------------------------------------------------
                           DENSITY OPTIMIZATION
 Electron number for spin            1  is    32.000000000070891     
 Cell Volume      :           269.195674 Angstrom^3
 Ion number       :                    8
 Electron number  :            32.000000
 Ion density      :             0.029718 Ion/Angstrom^3
 Electron density :             0.118873 Electron/Angstrom^3
##############################################################################
#                               FINAL ENERGIES                       time    #
##############################################################################
# Thomas-Fermi Kin. Energy =   2.246333409510E+02 eV                 0.000 s #
# Von-Weizsacker Kin. Ener =   8.119603926025E+01 eV                 0.000 s #
#                                                                            #
# GGA(PBE) Exch-Cor Energy =  -2.285358011524E+02 eV                 0.000 s #
#         Coulombic Energy =   6.368103793234E+01 eV                 0.000 s #
#      Ion-Electron Energy =  -8.285615399829E+01 eV                 0.000 s #
#           Ion-Ion Energy =  -8.016171670368E+02 eV                 0.000 s #
#                                                                            #
#     TOTAL KINETIC ENERGY =   2.450776888160E+02 eV                         #
#   TOTAL POTENTIAL ENERGY =  -1.049328084255E+03 eV                         #
#             TOTAL ENERGY =  -8.042503954391E+02 eV                         #
##############################################################################
  
 ----------------------------- TIME INFORMATION ------------------------------
    PROFESS      :   3870.24s WALL    100.00% (       1 calls)  3870.24s/call
    InitPROFESS  :      0.39s WALL      0.01% (       1 calls)     0.39s/call
    KEDFRefresh  :      0.02s WALL      0.00% (       1 calls)     0.02s/call
    IonRefresh   :      0.33s WALL      0.01% (       1 calls)     0.33s/call
    EwaldEnergy  :      0.12s WALL      0.00% (       1 calls)     0.12s/call
    ForwFFT_3D   :   1028.75s WALL     26.58% (   82238 calls)     0.01s/call
    BackFFT_3D   :    539.40s WALL     13.94% (   51044 calls)     0.01s/call
    Pot_Ion      :      1.82s WALL      0.05% (    1045 calls)     0.00s/call
    Pot_Har      :     21.95s WALL      0.57% (    1045 calls)     0.02s/call
    Pot_Exc      :    346.95s WALL      8.96% (    1045 calls)     0.33s/call
    PBEPot       :    344.86s WALL      8.91% (    1045 calls)     0.33s/call
    Pot_KEDF     :   3473.12s WALL     89.74% (    1045 calls)     3.32s/call
    intPot       :   3429.13s WALL     88.60% (    1045 calls)     3.28s/call
    MakeXiG      :     13.14s WALL      0.34% (    1045 calls)     0.01s/call
    VWPotSqrPlus :     20.75s WALL      0.54% (    1045 calls)     0.02s/call
    intPot1      :    978.48s WALL     25.28% (   17685 calls)     0.06s/call
    MakeHC10Kern :     61.08s WALL      1.58% (   18729 calls)     0.00s/call
    intPot2      :    590.86s WALL     15.27% (   17685 calls)     0.03s/call
    intPot3      :   1280.86s WALL     33.10% (   17685 calls)     0.07s/call
    intPot4      :    369.83s WALL      9.56% (   17685 calls)     0.02s/call
    NextGradient :      1.40s WALL      0.04% (      89 calls)     0.02s/call
 -----------------------------------------------------------------------------
 ------------------------------- TOTAL ---------------------------------------
    PROFESS      :   3870.24s WALL    100.00% (       1 calls)  3870.24s/call
 -----------------------------------------------------------------------------

Run completed on: 07/31/2024 at 13:18:07 
  
