 ******************************************************************************
                             WELCOME TO PROFESS                   
            (PRinceton Orbital-Free Electronic Structure Software) 
 ******************************************************************************

 ------------------------------------------------------------------------------
                           READ GEOMETRY
 Cell length (Bohr)    5.870E+00   5.870E+00   9.600E+00
 Angle     (Degree)    9.000E+01   9.000E+01   1.200E+02
 Volume    (Bohr^3)    2.865E+02

 ------------------------------------------------------------------------------
                           READ PSEUDOPOTENTIAL
 Total electron number in ReadPseudo is    4.0000000000000000     
 (System) Machine Precision              :    2.2204460492503131E-016

 ------------------------------------------------------------------------------
                           SETUP FFT
 Global FFT Dimension :    15   15   24
 Rank/Size in Global Communicator     :            0 /           1
 Rank/Size in Global FFT Communicator :            0 /           1
 Parallel FFT, totX    =    15
 Parallel FFT, totY    =    15
 Parallel FFT, locZ    =    24
 Parallel FFT, locZoff =     0
 Dimension of rho for this processor : 
 xmin, xmax :            0          14
 ymin, ymax :            0          14
 zmin, zmax :            0          23
 Total electron number =    4.0000000000000000     
 Uniform rhoR =    1.3961127768226951E-002
 (GB INFO) FFT size      :       15      15      24
 (GB INFO) FFT offset    :        0
 (GB INFO) FFT G size    :        8      15      24
 (GB INFO) FFT G offset  :        0

 ------------------------------------------------------------------------------
                           SETUP KEDF
 kinetic energy density functional number is            5
 ( 1=TF, 2=VW, 3=TF+VW, 4=WT,  5=WGC,  
   7=LQ, 8=HQ, 10=CAT,  11=HC, 12=WGCD,
   15=GGA, 16=WGCD+GGA, 17=EVT, 18=EVC )
 qTable dimension:     8   15   24
 Coefficient for TF KEDF is     1.0000
 Coefficient for VW KEDF is     1.0000
 Coefficient for alpha in WGC KEDF is     1.2060
 Coefficient for beta  in WGC KEDF is     0.4607
 Coefficient for gamma in WGC KEDF is     2.7000
 rho0 (Electron/Bohr^3) in WGC KEDF is     0.0140
 rhoS (Electron/Bohr^3) in WGC KEDF is     0.0140
 hold0 =  F
 holdS =  F
  dV of each real space grid is now    5.3057371369849872E-002
 Cell length (Bohr)    5.870E+00   5.870E+00   9.600E+00
 Angle     (Degree)    9.000E+01   9.000E+01   1.200E+02
 Volume    (Bohr^3)    2.865E+02

 ------------------------------------------------------------------------------
                           SETUP EWALD 
 (Ewald) eta                             :   0.7343    
 (Ewald) Real Space Cutoff               :    6.540     (Bohr)
 (Ewald) Reciprocal Cutoff               :    7.492     (1/Bohr)

 ------------------------------------------------------------------------------
                           SETUP PLANE WAVE 

 ------------------------------------------------------------------------------
                           INITIALIZING WGC KERNEL
 Fermi vector :   0.74492720289030501     
 Reference density :    1.3961127768226951E-002
 Make WGC kernels.
 Dimension of KEDF Kernel :            8          15          24

 ------------------------------------------------------------------------------
                           REFRESH ION POSITIONS
  
 Calculating Ion-Ion Energy ...                   complete.     0.001 s
  
 Calculating Ion-Electron Potential (spline) ... 
 complete.     0.001 s

 ------------------------------------------------------------------------------
                           DENSITY OPTIMIZATION
 Electron number for spin            1  is    3.9999999999998446     
 Cell Volume      :            42.456372 Angstrom^3
 Ion number       :                    2
 Electron number  :             4.000000
 Ion density      :             0.047107 Ion/Angstrom^3
 Electron density :             0.094214 Electron/Angstrom^3
##############################################################################
#                               FINAL ENERGIES                       time    #
##############################################################################
# Thomas-Fermi Kin. Energy =   1.847889375232E+01 eV                 0.000 s #
# Von-Weizsacker Kin. Ener =   1.893478798798E+00 eV                 0.000 s #
#       WGC Kinetic Energy =  -6.967777112497E-01 eV                 0.000 s #
#                                                                            #
#     LDA Exch-Corr Energy =  -2.390121490530E+01 eV                 0.000 s #
#         Coulombic Energy =   1.361725850471E-01 eV                 0.000 s #
#      Ion-Electron Energy =   1.487492829967E+01 eV                 0.000 s #
#           Ion-Ion Energy =  -6.008001220223E+01 eV                 0.000 s #
#                                                                            #
#     TOTAL KINETIC ENERGY =   1.967559483986E+01 eV                         #
#   TOTAL POTENTIAL ENERGY =  -6.897012622282E+01 eV                         #
#             TOTAL ENERGY =  -4.929453138295E+01 eV                         #
##############################################################################
  
 ----------------------------- TIME INFORMATION ------------------------------
    PROFESS      :      0.69s WALL    100.00% (       1 calls)     0.69s/call
    InitPROFESS  :      0.05s WALL      6.77% (       1 calls)     0.05s/call
    KEDFRefresh  :      0.02s WALL      2.55% (       1 calls)     0.02s/call
    IonRefresh   :      0.00s WALL      0.23% (       1 calls)     0.00s/call
    EwaldEnergy  :      0.00s WALL      0.12% (       1 calls)     0.00s/call
    Pot_Ion      :      0.00s WALL      0.07% (      83 calls)     0.00s/call
    Pot_Har      :      0.01s WALL      1.95% (      83 calls)     0.00s/call
    Pot_Exc      :      0.05s WALL      7.99% (      83 calls)     0.00s/call
    Pot_KEDF     :      0.30s WALL     44.02% (      83 calls)     0.00s/call
    WGCPotPlus   :      0.24s WALL     34.25% (      83 calls)     0.00s/call
    VWPotSqrPlus :      0.01s WALL      1.85% (      83 calls)     0.00s/call
    NextGradient :      0.00s WALL      0.07% (       7 calls)     0.00s/call
 -----------------------------------------------------------------------------
 ------------------------------- TOTAL ---------------------------------------
    PROFESS      :      0.69s WALL    100.00% (       1 calls)     0.69s/call
 -----------------------------------------------------------------------------

Run completed on: 08/19/2021 at 15:44:00 
  
