 ******************************************************************************
                             WELCOME TO PROFESS                   
            (PRinceton Orbital-Free Electronic Structure Software) 
 ******************************************************************************

 ------------------------------------------------------------------------------
                           READ GEOMETRY
 Cell length (Bohr)    5.302E+00   5.302E+00   9.524E+01
 Angle     (Degree)    9.000E+01   9.000E+01   6.000E+01
 Volume    (Bohr^3)    2.319E+03

 ------------------------------------------------------------------------------
                           READ PSEUDOPOTENTIAL
 Total electron number in ReadPseudo is    66.000000000000000     
 (System) Machine Precision              :    2.2204460492503131E-016

 ------------------------------------------------------------------------------
                           SETUP FFT
 Global FFT Dimension :    14   14  240
 Rank/Size in Global Communicator     :            0 /           1
 Rank/Size in Global FFT Communicator :            0 /           1
 Parallel FFT, totX    =    14
 Parallel FFT, totY    =    14
 Parallel FFT, locZ    =   240
 Parallel FFT, locZoff =     0
 Dimension of rho for this processor : 
 xmin, xmax :            0          13
 ymin, ymax :            0          13
 zmin, zmax :            0         239
 Total electron number =    66.000000000000000     
 Uniform rhoR =    2.8462277516168498E-002
 (GB INFO) FFT size      :       14      14     240
 (GB INFO) FFT offset    :        0
 (GB INFO) FFT G size    :        8      14     240
 (GB INFO) FFT G offset  :        0

 ------------------------------------------------------------------------------
                           SETUP KEDF
 kinetic energy density functional number is            5
 ( 1=TF, 2=VW, 3=TF+VW, 4=WT,  5=WGC,  
   7=LQ, 8=HQ, 10=CAT,  11=HC, 12=WGCD,
   15=GGA, 16=WGCD+GGA, 17=EVT, 18=EVC )
 qTable dimension:     8   14  240
 Coefficient for TF KEDF is     1.0000
 Coefficient for VW KEDF is     1.0000
 Coefficient for alpha in WGC KEDF is     1.2060
 Coefficient for beta  in WGC KEDF is     0.4607
 Coefficient for gamma in WGC KEDF is     2.7000
 rho0 (Electron/Bohr^3) in WGC KEDF is     0.0285
 rhoS (Electron/Bohr^3) in WGC KEDF is     0.0285
 hold0 =  F
 holdS =  F
  dV of each real space grid is now    4.9295465680592926E-002
 Cell length (Bohr)    5.302E+00   5.302E+00   9.524E+01
 Angle     (Degree)    9.000E+01   9.000E+01   6.000E+01
 Volume    (Bohr^3)    2.319E+03

 ------------------------------------------------------------------------------
                           SETUP EWALD 
 (Ewald) eta                             :   0.6867    
 (Ewald) Real Space Cutoff               :    7.519     (Bohr)
 (Ewald) Reciprocal Cutoff               :    7.703     (1/Bohr)

 ------------------------------------------------------------------------------
                           SETUP PLANE WAVE 

 ------------------------------------------------------------------------------
                           INITIALIZING WGC KERNEL
 Fermi vector :   0.94456144869120884     
 Reference density :    2.8462277516168498E-002
 Make WGC kernels.
 Dimension of KEDF Kernel :            8          14         240

 ------------------------------------------------------------------------------
                           REFRESH ION POSITIONS
  
 Calculating Ion-Ion Energy ...                   complete.     0.007 s
  
 Calculating Ion-Electron Potential (spline) ... 
 complete.     0.008 s

 ------------------------------------------------------------------------------
                           DENSITY OPTIMIZATION
 Electron number for spin            1  is    65.999999999972189     
 Cell Volume      :           343.619404 Angstrom^3
 Ion number       :                   22
 Electron number  :            66.000000
 Ion density      :             0.064024 Ion/Angstrom^3
 Electron density :             0.192073 Electron/Angstrom^3
  
 Calculating Ion-Ion Forces ...                complete.     0.005 s
  
 Calculating Ion-Electron Forces (spline) ...  complete.     0.003 s
  ------ ION (GRADIENT METHOD) STEP            1  ------

 ------------------------------------------------------------------------------
                           REFRESH ION POSITIONS
  
 Calculating Ion-Ion Energy ...                   complete.     0.004 s
  
 Calculating Ion-Electron Potential (spline) ... 
 complete.     0.005 s

 ------------------------------------------------------------------------------
                           DENSITY OPTIMIZATION
 Electron number for spin            1  is    65.999999999999602     
 Cell Volume      :           343.619404 Angstrom^3
 Ion number       :                   22
 Electron number  :            66.000000
 Ion density      :             0.064024 Ion/Angstrom^3
 Electron density :             0.192073 Electron/Angstrom^3
  
 Calculating Ion-Ion Forces ...                complete.     0.005 s
  
 Calculating Ion-Electron Forces (spline) ...  complete.     0.003 s

 ------------------------------------------------------------------------------
                           REFRESH ION POSITIONS
  
 Calculating Ion-Ion Energy ...                   complete.     0.004 s
  
 Calculating Ion-Electron Potential (spline) ... 
 complete.     0.005 s

 ------------------------------------------------------------------------------
                           DENSITY OPTIMIZATION
 Electron number for spin            1  is    65.999999999998437     
 Cell Volume      :           343.619404 Angstrom^3
 Ion number       :                   22
 Electron number  :            66.000000
 Ion density      :             0.064024 Ion/Angstrom^3
 Electron density :             0.192073 Electron/Angstrom^3
  
 Calculating Ion-Ion Forces ...                complete.     0.005 s
  
 Calculating Ion-Electron Forces (spline) ...  complete.     0.003 s
  ------ ION (GRADIENT METHOD) STEP            2  ------

 ------------------------------------------------------------------------------
                           REFRESH ION POSITIONS
  
 Calculating Ion-Ion Energy ...                   complete.     0.004 s
  
 Calculating Ion-Electron Potential (spline) ... 
 complete.     0.005 s

 ------------------------------------------------------------------------------
                           DENSITY OPTIMIZATION
 Electron number for spin            1  is    65.999999999999503     
 Cell Volume      :           343.619404 Angstrom^3
 Ion number       :                   22
 Electron number  :            66.000000
 Ion density      :             0.064024 Ion/Angstrom^3
 Electron density :             0.192073 Electron/Angstrom^3
  
 Calculating Ion-Ion Forces ...                complete.     0.005 s
  
 Calculating Ion-Electron Forces (spline) ...  complete.     0.003 s

 ------------------------------------------------------------------------------
                           REFRESH ION POSITIONS
  
 Calculating Ion-Ion Energy ...                   complete.     0.005 s
  
 Calculating Ion-Electron Potential (spline) ... 
 complete.     0.005 s

 ------------------------------------------------------------------------------
                           DENSITY OPTIMIZATION
 Electron number for spin            1  is    65.999999999999687     
 Cell Volume      :           343.619404 Angstrom^3
 Ion number       :                   22
 Electron number  :            66.000000
 Ion density      :             0.064024 Ion/Angstrom^3
 Electron density :             0.192073 Electron/Angstrom^3
  
 Calculating Ion-Ion Forces ...                complete.     0.005 s
  
 Calculating Ion-Electron Forces (spline) ...  complete.     0.003 s
  ------ ION (GRADIENT METHOD) STEP            3  ------

 ------------------------------------------------------------------------------
                           REFRESH ION POSITIONS
  
 Calculating Ion-Ion Energy ...                   complete.     0.005 s
  
 Calculating Ion-Electron Potential (spline) ... 
 complete.     0.005 s

 ------------------------------------------------------------------------------
                           DENSITY OPTIMIZATION
 Electron number for spin            1  is    65.999999999999375     
 Cell Volume      :           343.619404 Angstrom^3
 Ion number       :                   22
 Electron number  :            66.000000
 Ion density      :             0.064024 Ion/Angstrom^3
 Electron density :             0.192073 Electron/Angstrom^3
  
 Calculating Ion-Ion Forces ...                complete.     0.005 s
  
 Calculating Ion-Electron Forces (spline) ...  complete.     0.004 s

 ------------------------------------------------------------------------------
                           REFRESH ION POSITIONS
  
 Calculating Ion-Ion Energy ...                   complete.     0.005 s
  
 Calculating Ion-Electron Potential (spline) ... 
 complete.     0.005 s

 ------------------------------------------------------------------------------
                           DENSITY OPTIMIZATION
 Electron number for spin            1  is    65.999999999999844     
 Cell Volume      :           343.619404 Angstrom^3
 Ion number       :                   22
 Electron number  :            66.000000
 Ion density      :             0.064024 Ion/Angstrom^3
 Electron density :             0.192073 Electron/Angstrom^3
  
 Calculating Ion-Ion Forces ...                complete.     0.005 s
  
 Calculating Ion-Electron Forces (spline) ...  complete.     0.003 s
  ------ ION (GRADIENT METHOD) STEP            4  ------

 ------------------------------------------------------------------------------
                           REFRESH ION POSITIONS
  
 Calculating Ion-Ion Energy ...                   complete.     0.004 s
  
 Calculating Ion-Electron Potential (spline) ... 
 complete.     0.005 s

 ------------------------------------------------------------------------------
                           DENSITY OPTIMIZATION
 Electron number for spin            1  is    65.999999999999801     
 Cell Volume      :           343.619404 Angstrom^3
 Ion number       :                   22
 Electron number  :            66.000000
 Ion density      :             0.064024 Ion/Angstrom^3
 Electron density :             0.192073 Electron/Angstrom^3
  
 Calculating Ion-Ion Forces ...                complete.     0.008 s
  
 Calculating Ion-Electron Forces (spline) ...  complete.     0.006 s
  ------ ION (GRADIENT METHOD) STEP            5  ------

 ------------------------------------------------------------------------------
                           REFRESH ION POSITIONS
  
 Calculating Ion-Ion Energy ...                   complete.     0.008 s
  
 Calculating Ion-Electron Potential (spline) ... 
 complete.     0.008 s

 ------------------------------------------------------------------------------
                           DENSITY OPTIMIZATION
 Electron number for spin            1  is    66.000000000000270     
 Cell Volume      :           343.619404 Angstrom^3
 Ion number       :                   22
 Electron number  :            66.000000
 Ion density      :             0.064024 Ion/Angstrom^3
 Electron density :             0.192073 Electron/Angstrom^3
  
 Calculating Ion-Ion Forces ...                complete.     0.009 s
  
 Calculating Ion-Electron Forces (spline) ...  complete.     0.005 s

 ------------------------------------------------------------------------------
                           REFRESH ION POSITIONS
  
 Calculating Ion-Ion Energy ...                   complete.     0.006 s
  
 Calculating Ion-Electron Potential (spline) ... 
 complete.     0.008 s

 ------------------------------------------------------------------------------
                           DENSITY OPTIMIZATION
 Electron number for spin            1  is    65.999999999999972     
 Cell Volume      :           343.619404 Angstrom^3
 Ion number       :                   22
 Electron number  :            66.000000
 Ion density      :             0.064024 Ion/Angstrom^3
 Electron density :             0.192073 Electron/Angstrom^3
  
 Calculating Ion-Ion Forces ...                complete.     0.009 s
  
 Calculating Ion-Electron Forces (spline) ...  complete.     0.005 s
  ------ ION (GRADIENT METHOD) STEP            6  ------

 ------------------------------------------------------------------------------
                           REFRESH ION POSITIONS
  
 Calculating Ion-Ion Energy ...                   complete.     0.007 s
  
 Calculating Ion-Electron Potential (spline) ... 
 complete.     0.009 s

 ------------------------------------------------------------------------------
                           DENSITY OPTIMIZATION
 Electron number for spin            1  is    65.999999999999659     
 Cell Volume      :           343.619404 Angstrom^3
 Ion number       :                   22
 Electron number  :            66.000000
 Ion density      :             0.064024 Ion/Angstrom^3
 Electron density :             0.192073 Electron/Angstrom^3
  
 Calculating Ion-Ion Forces ...                complete.     0.008 s
  
 Calculating Ion-Electron Forces (spline) ...  complete.     0.005 s

 ------------------------------------------------------------------------------
                           REFRESH ION POSITIONS
  
 Calculating Ion-Ion Energy ...                   complete.     0.007 s
  
 Calculating Ion-Electron Potential (spline) ... 
 complete.     0.009 s

 ------------------------------------------------------------------------------
                           DENSITY OPTIMIZATION
 Electron number for spin            1  is    65.999999999999076     
 Cell Volume      :           343.619404 Angstrom^3
 Ion number       :                   22
 Electron number  :            66.000000
 Ion density      :             0.064024 Ion/Angstrom^3
 Electron density :             0.192073 Electron/Angstrom^3
  
 Calculating Ion-Ion Forces ...                complete.     0.008 s
  
 Calculating Ion-Electron Forces (spline) ...  complete.     0.006 s

 ------------------------------------------------------------------------------
                           REFRESH ION POSITIONS
  
 Calculating Ion-Ion Energy ...                   complete.     0.007 s
  
 Calculating Ion-Electron Potential (spline) ... 
 complete.     0.008 s

 ------------------------------------------------------------------------------
                           DENSITY OPTIMIZATION
 Electron number for spin            1  is    65.999999999999986     
 Cell Volume      :           343.619404 Angstrom^3
 Ion number       :                   22
 Electron number  :            66.000000
 Ion density      :             0.064024 Ion/Angstrom^3
 Electron density :             0.192073 Electron/Angstrom^3
  
 Calculating Ion-Ion Forces ...                complete.     0.008 s
  
 Calculating Ion-Electron Forces (spline) ...  complete.     0.006 s
  ------ ION (GRADIENT METHOD) STEP            7  ------
  
 Calculating Ion-Electron Stress (spline) ...  complete.     0.010 s
  
 Calculating Ion-Ion Stress ...                complete.     0.006 s
  
 ------------------------------------------------------------------------------
                         LATTICE VECTORS (Angstrom)
 LAT 1           2.805800        0.000000        0.000000
 LAT 2           1.402900        2.429894        0.000000
 LAT 3           0.000000        0.000000       50.400369
 ------------------------------------------------------------------------------
                                STRESS (GPa)
 ST_GPa 1       -0.053746        0.050518        0.000000
 ST_GPa 2        0.050518       -0.112078       -0.000000
 ST_GPa 3        0.000000       -0.000000       -0.281980
  
 --------------------------------------------------
 STRESS (a.u.)
 --------------------------------------------------
 ST_AU  1  -1.8267832010E-06   1.7170818666E-06   6.9536612478E-12
 ST_AU  2   1.7170818666E-06  -3.8094529140E-06  -6.9813822284E-12
 ST_AU  3   6.9536612478E-12  -6.9813822284E-12  -9.5843026502E-06
; Cell optimization at step  1, max(stress):  0.9584E-05, total energy:  -46.840337    ;
  dV of each real space grid is now    4.9296914979130295E-002
 Cell length (Bohr)    5.302E+00   5.302E+00   9.525E+01
 Angle     (Degree)    9.000E+01   9.000E+01   6.000E+01
 Volume    (Bohr^3)    2.319E+03
  dV of each real space grid is now    4.9296914979130295E-002
 Cell length (Bohr)    5.302E+00   5.302E+00   9.525E+01
 Angle     (Degree)    9.000E+01   9.000E+01   6.000E+01
 Volume    (Bohr^3)    2.319E+03

 ------------------------------------------------------------------------------
                           SETUP EWALD 
 (Ewald) eta                             :   0.6867    
 (Ewald) Real Space Cutoff               :    7.519     (Bohr)
 (Ewald) Reciprocal Cutoff               :    7.703     (1/Bohr)

 ------------------------------------------------------------------------------
                           SETUP PLANE WAVE 

 ------------------------------------------------------------------------------
                           INITIALIZING WGC KERNEL
 Fermi vector :   0.94455219209477825     
 Reference density :    2.8461440742970991E-002
 Dimension of KEDF Kernel :            8          14         240

 ------------------------------------------------------------------------------
                           REFRESH ION POSITIONS
  
 Calculating Ion-Ion Energy ...                   complete.     0.007 s
  
 Calculating Ion-Electron Potential (spline) ... 
 complete.     0.009 s
 Rescale the total density from   3.253692 to         66

 ------------------------------------------------------------------------------
                           DENSITY OPTIMIZATION
 Electron number for spin            1  is    65.999999999999858     
 Cell Volume      :           343.629506 Angstrom^3
 Ion number       :                   22
 Electron number  :            66.000000
 Ion density      :             0.064022 Ion/Angstrom^3
 Electron density :             0.192067 Electron/Angstrom^3
  
 Calculating Ion-Ion Forces ...                complete.     0.009 s
  
 Calculating Ion-Electron Forces (spline) ...  complete.     0.005 s
  ------ ION (GRADIENT METHOD) STEP            1  ------

 ------------------------------------------------------------------------------
                           REFRESH ION POSITIONS
  
 Calculating Ion-Ion Energy ...                   complete.     0.008 s
  
 Calculating Ion-Electron Potential (spline) ... 
 complete.     0.008 s

 ------------------------------------------------------------------------------
                           DENSITY OPTIMIZATION
 Electron number for spin            1  is    66.000000000000099     
 Cell Volume      :           343.629506 Angstrom^3
 Ion number       :                   22
 Electron number  :            66.000000
 Ion density      :             0.064022 Ion/Angstrom^3
 Electron density :             0.192067 Electron/Angstrom^3
  
 Calculating Ion-Ion Forces ...                complete.     0.009 s
  
 Calculating Ion-Electron Forces (spline) ...  complete.     0.005 s

 ------------------------------------------------------------------------------
                           REFRESH ION POSITIONS
  
 Calculating Ion-Ion Energy ...                   complete.     0.007 s
  
 Calculating Ion-Electron Potential (spline) ... 
 complete.     0.008 s

 ------------------------------------------------------------------------------
                           DENSITY OPTIMIZATION
 Electron number for spin            1  is    65.999999999999730     
 Cell Volume      :           343.629506 Angstrom^3
 Ion number       :                   22
 Electron number  :            66.000000
 Ion density      :             0.064022 Ion/Angstrom^3
 Electron density :             0.192067 Electron/Angstrom^3
  
 Calculating Ion-Ion Forces ...                complete.     0.008 s
  
 Calculating Ion-Electron Forces (spline) ...  complete.     0.005 s
  ------ ION (GRADIENT METHOD) STEP            2  ------
  
 Calculating Ion-Electron Stress (spline) ...  complete.     0.011 s
  
 Calculating Ion-Ion Stress ...                complete.     0.005 s
  
 ------------------------------------------------------------------------------
                         LATTICE VECTORS (Angstrom)
 LAT 1           2.805800        0.000000        0.000000
 LAT 2           1.402900        2.429894        0.000000
 LAT 3           0.000000        0.000000       50.401851
 ------------------------------------------------------------------------------
                                STRESS (GPa)
 ST_GPa 1       -0.052387        0.050406        0.000000
 ST_GPa 2        0.050406       -0.110589       -0.000000
 ST_GPa 3        0.000000       -0.000000       -0.277646
  
 --------------------------------------------------
 STRESS (a.u.)
 --------------------------------------------------
 ST_AU  1  -1.7805897635E-06   1.7132545133E-06   6.6895271133E-12
 ST_AU  2   1.7132545133E-06  -3.7588400839E-06  -7.1340587263E-12
 ST_AU  3   6.6895271133E-12  -7.1340587263E-12  -9.4369971773E-06
; Cell optimization at step  2, max(stress):  0.9437E-05, total energy:  -46.840338    ;
  dV of each real space grid is now    4.9298627407467176E-002
 Cell length (Bohr)    5.302E+00   5.302E+00   9.525E+01
 Angle     (Degree)    9.000E+01   9.000E+01   6.000E+01
 Volume    (Bohr^3)    2.319E+03
  dV of each real space grid is now    4.9298627407467176E-002
 Cell length (Bohr)    5.302E+00   5.302E+00   9.525E+01
 Angle     (Degree)    9.000E+01   9.000E+01   6.000E+01
 Volume    (Bohr^3)    2.319E+03

 ------------------------------------------------------------------------------
                           SETUP EWALD 
 (Ewald) eta                             :   0.6867    
 (Ewald) Real Space Cutoff               :    7.519     (Bohr)
 (Ewald) Reciprocal Cutoff               :    7.703     (1/Bohr)

 ------------------------------------------------------------------------------
                           SETUP PLANE WAVE 

 ------------------------------------------------------------------------------
                           INITIALIZING WGC KERNEL
 Fermi vector :   0.94454125536926836     
 Reference density :    2.8460452111437017E-002
 Dimension of KEDF Kernel :            8          14         240

 ------------------------------------------------------------------------------
                           REFRESH ION POSITIONS
  
 Calculating Ion-Ion Energy ...                   complete.     0.007 s
  
 Calculating Ion-Electron Potential (spline) ... 
 complete.     0.009 s
 Rescale the total density from   3.253822 to         66

 ------------------------------------------------------------------------------
                           DENSITY OPTIMIZATION
 Electron number for spin            1  is    65.999999999999389     
 Cell Volume      :           343.641443 Angstrom^3
 Ion number       :                   22
 Electron number  :            66.000000
 Ion density      :             0.064020 Ion/Angstrom^3
 Electron density :             0.192061 Electron/Angstrom^3
  
 Calculating Ion-Ion Forces ...                complete.     0.009 s
  
 Calculating Ion-Electron Forces (spline) ...  complete.     0.005 s
  ------ ION (GRADIENT METHOD) STEP            1  ------
  
 Calculating Ion-Electron Stress (spline) ...  complete.     0.011 s
  
 Calculating Ion-Ion Stress ...                complete.     0.005 s
  
 ------------------------------------------------------------------------------
                         LATTICE VECTORS (Angstrom)
 LAT 1           2.805800        0.000000        0.000000
 LAT 2           1.402900        2.429894        0.000000
 LAT 3           0.000000        0.000000       50.403602
 ------------------------------------------------------------------------------
                                STRESS (GPa)
 ST_GPa 1       -0.050702        0.050373        0.000000
 ST_GPa 2        0.050373       -0.108866       -0.000000
 ST_GPa 3        0.000000       -0.000000       -0.272525
  
 --------------------------------------------------
 STRESS (a.u.)
 --------------------------------------------------
 ST_AU  1  -1.7233134208E-06   1.7121355987E-06   6.6495335722E-12
 ST_AU  2   1.7121355987E-06  -3.7002717168E-06  -7.1498360841E-12
 ST_AU  3   6.6495335722E-12  -7.1498360841E-12  -9.2629269617E-06
; Cell optimization at step  3, max(stress):  0.9263E-05, total energy:  -46.840339    ;
  dV of each real space grid is now    4.9300644417536850E-002
 Cell length (Bohr)    5.302E+00   5.302E+00   9.525E+01
 Angle     (Degree)    9.000E+01   9.000E+01   6.000E+01
 Volume    (Bohr^3)    2.319E+03
  dV of each real space grid is now    4.9300644417536850E-002
 Cell length (Bohr)    5.302E+00   5.302E+00   9.525E+01
 Angle     (Degree)    9.000E+01   9.000E+01   6.000E+01
 Volume    (Bohr^3)    2.319E+03

 ------------------------------------------------------------------------------
                           SETUP EWALD 
 (Ewald) eta                             :   0.6867    
 (Ewald) Real Space Cutoff               :    7.519     (Bohr)
 (Ewald) Reciprocal Cutoff               :    7.703     (1/Bohr)

 ------------------------------------------------------------------------------
                           SETUP PLANE WAVE 

 ------------------------------------------------------------------------------
                           INITIALIZING WGC KERNEL
 Fermi vector :   0.94452837402848100     
 Reference density :    2.8459287724659228E-002
 Dimension of KEDF Kernel :            8          14         240

 ------------------------------------------------------------------------------
                           REFRESH ION POSITIONS
  
 Calculating Ion-Ion Energy ...                   complete.     0.007 s
  
 Calculating Ion-Electron Potential (spline) ... 
 complete.     0.008 s
 Rescale the total density from   3.253976 to         66

 ------------------------------------------------------------------------------
                           DENSITY OPTIMIZATION
 Electron number for spin            1  is    65.999999999999304     
 Cell Volume      :           343.655503 Angstrom^3
 Ion number       :                   22
 Electron number  :            66.000000
 Ion density      :             0.064018 Ion/Angstrom^3
 Electron density :             0.192053 Electron/Angstrom^3
  
 Calculating Ion-Ion Forces ...                complete.     0.008 s
  
 Calculating Ion-Electron Forces (spline) ...  complete.     0.005 s
  ------ ION (GRADIENT METHOD) STEP            1  ------
  
 Calculating Ion-Electron Stress (spline) ...  complete.     0.011 s
  
 Calculating Ion-Ion Stress ...                complete.     0.006 s
  
 ------------------------------------------------------------------------------
                         LATTICE VECTORS (Angstrom)
 LAT 1           2.805800        0.000000        0.000000
 LAT 2           1.402900        2.429894        0.000000
 LAT 3           0.000000        0.000000       50.405664
 ------------------------------------------------------------------------------
                                STRESS (GPa)
 ST_GPa 1       -0.048695        0.050336        0.000000
 ST_GPa 2        0.050336       -0.106817       -0.000000
 ST_GPa 3        0.000000       -0.000000       -0.266605
  
 --------------------------------------------------
 STRESS (a.u.)
 --------------------------------------------------
 ST_AU  1  -1.6551205614E-06   1.7108998647E-06   6.6454673238E-12
 ST_AU  2   1.7108998647E-06  -3.6306519588E-06  -7.1510596910E-12
 ST_AU  3   6.6454673238E-12  -7.1510596910E-12  -9.0617263318E-06
; Cell optimization at step  4, max(stress):  0.9062E-05, total energy:  -46.840340    ;
  dV of each real space grid is now    4.9303012255694542E-002
 Cell length (Bohr)    5.302E+00   5.302E+00   9.526E+01
 Angle     (Degree)    9.000E+01   9.000E+01   6.000E+01
 Volume    (Bohr^3)    2.319E+03
  dV of each real space grid is now    4.9303012255694542E-002
 Cell length (Bohr)    5.302E+00   5.302E+00   9.526E+01
 Angle     (Degree)    9.000E+01   9.000E+01   6.000E+01
 Volume    (Bohr^3)    2.319E+03

 ------------------------------------------------------------------------------
                           SETUP EWALD 
 (Ewald) eta                             :   0.6867    
 (Ewald) Real Space Cutoff               :    7.519     (Bohr)
 (Ewald) Reciprocal Cutoff               :    7.703     (1/Bohr)

 ------------------------------------------------------------------------------
                           SETUP PLANE WAVE 

 ------------------------------------------------------------------------------
                           INITIALIZING WGC KERNEL
 Fermi vector :   0.94451325307185596     
 Reference density :    2.8457920932158483E-002
 Dimension of KEDF Kernel :            8          14         240

 ------------------------------------------------------------------------------
                           REFRESH ION POSITIONS
  
 Calculating Ion-Ion Energy ...                   complete.     0.007 s
  
 Calculating Ion-Electron Potential (spline) ... 
 complete.     0.007 s
 Rescale the total density from   3.254155 to         66

 ------------------------------------------------------------------------------
                           DENSITY OPTIMIZATION
 Electron number for spin            1  is    65.999999999999972     
 Cell Volume      :           343.672008 Angstrom^3
 Ion number       :                   22
 Electron number  :            66.000000
 Ion density      :             0.064015 Ion/Angstrom^3
 Electron density :             0.192044 Electron/Angstrom^3
  
 Calculating Ion-Ion Forces ...                complete.     0.009 s
  
 Calculating Ion-Electron Forces (spline) ...  complete.     0.006 s
  ------ ION (GRADIENT METHOD) STEP            1  ------
  
 Calculating Ion-Electron Stress (spline) ...  complete.     0.008 s
  
 Calculating Ion-Ion Stress ...                complete.     0.003 s
  
 ------------------------------------------------------------------------------
                         LATTICE VECTORS (Angstrom)
 LAT 1           2.805800        0.000000        0.000000
 LAT 2           1.402900        2.429894        0.000000
 LAT 3           0.000000        0.000000       50.408085
 ------------------------------------------------------------------------------
                                STRESS (GPa)
 ST_GPa 1       -0.046345        0.050294        0.000000
 ST_GPa 2        0.050294       -0.104418       -0.000000
 ST_GPa 3        0.000000       -0.000000       -0.259576
  
 --------------------------------------------------
 STRESS (a.u.)
 --------------------------------------------------
 ST_AU  1  -1.5752490069E-06   1.7094428462E-06   6.6556033346E-12
 ST_AU  2   1.7094428462E-06  -3.5490979918E-06  -7.1413554865E-12
 ST_AU  3   6.6556033346E-12  -7.1413554865E-12  -8.8227965756E-06
; Cell optimization at step  5, max(stress):  0.8823E-05, total energy:  -46.840341    ;
  dV of each real space grid is now    4.9305778742382518E-002
 Cell length (Bohr)    5.302E+00   5.302E+00   9.526E+01
 Angle     (Degree)    9.000E+01   9.000E+01   6.000E+01
 Volume    (Bohr^3)    2.319E+03
  dV of each real space grid is now    4.9305778742382518E-002
 Cell length (Bohr)    5.302E+00   5.302E+00   9.526E+01
 Angle     (Degree)    9.000E+01   9.000E+01   6.000E+01
 Volume    (Bohr^3)    2.319E+03

 ------------------------------------------------------------------------------
                           SETUP EWALD 
 (Ewald) eta                             :   0.6867    
 (Ewald) Real Space Cutoff               :    7.519     (Bohr)
 (Ewald) Reciprocal Cutoff               :    7.703     (1/Bohr)

 ------------------------------------------------------------------------------
                           SETUP PLANE WAVE 

 ------------------------------------------------------------------------------
                           INITIALIZING WGC KERNEL
 Fermi vector :   0.94449558758192864     
 Reference density :    2.8456324193166942E-002
 Dimension of KEDF Kernel :            8          14         240

 ------------------------------------------------------------------------------
                           REFRESH ION POSITIONS
  
 Calculating Ion-Ion Energy ...                   complete.     0.004 s
  
 Calculating Ion-Electron Potential (spline) ... 
 complete.     0.005 s
 Rescale the total density from   3.254364 to         66

 ------------------------------------------------------------------------------
                           DENSITY OPTIMIZATION
 Electron number for spin            1  is    66.000000000000554     
 Cell Volume      :           343.691292 Angstrom^3
 Ion number       :                   22
 Electron number  :            66.000000
 Ion density      :             0.064011 Ion/Angstrom^3
 Electron density :             0.192033 Electron/Angstrom^3
  
 Calculating Ion-Ion Forces ...                complete.     0.005 s
  
 Calculating Ion-Electron Forces (spline) ...  complete.     0.003 s
  ------ ION (GRADIENT METHOD) STEP            1  ------
  
 Calculating Ion-Electron Stress (spline) ...  complete.     0.007 s
  
 Calculating Ion-Ion Stress ...                complete.     0.003 s
  
 ------------------------------------------------------------------------------
                         LATTICE VECTORS (Angstrom)
 LAT 1           2.805800        0.000000        0.000000
 LAT 2           1.402900        2.429894        0.000000
 LAT 3           0.000000        0.000000       50.410913
 ------------------------------------------------------------------------------
                                STRESS (GPa)
 ST_GPa 1       -0.043615        0.050243        0.000000
 ST_GPa 2        0.050243       -0.101630       -0.000000
 ST_GPa 3        0.000000       -0.000000       -0.251374
  
 --------------------------------------------------
 STRESS (a.u.)
 --------------------------------------------------
 ST_AU  1  -1.4824410217E-06   1.7077394608E-06   6.5984279972E-12
 ST_AU  2   1.7077394608E-06  -3.4543231601E-06  -7.1718851060E-12
 ST_AU  3   6.5984279972E-12  -7.1718851060E-12  -8.5440203802E-06
; Cell optimization at step  6, max(stress):  0.8544E-05, total energy:  -46.840342    ;
  dV of each real space grid is now    4.9308993630329832E-002
 Cell length (Bohr)    5.302E+00   5.302E+00   9.527E+01
 Angle     (Degree)    9.000E+01   9.000E+01   6.000E+01
 Volume    (Bohr^3)    2.319E+03
  dV of each real space grid is now    4.9308993630329832E-002
 Cell length (Bohr)    5.302E+00   5.302E+00   9.527E+01
 Angle     (Degree)    9.000E+01   9.000E+01   6.000E+01
 Volume    (Bohr^3)    2.319E+03

 ------------------------------------------------------------------------------
                           SETUP EWALD 
 (Ewald) eta                             :   0.6867    
 (Ewald) Real Space Cutoff               :    7.519     (Bohr)
 (Ewald) Reciprocal Cutoff               :    7.703     (1/Bohr)

 ------------------------------------------------------------------------------
                           SETUP PLANE WAVE 

 ------------------------------------------------------------------------------
                           INITIALIZING WGC KERNEL
 Fermi vector :   0.94447506047148655     
 Reference density :    2.8454468874553884E-002
 Dimension of KEDF Kernel :            8          14         240

 ------------------------------------------------------------------------------
                           REFRESH ION POSITIONS
  
 Calculating Ion-Ion Energy ...                   complete.     0.004 s
  
 Calculating Ion-Electron Potential (spline) ... 
 complete.     0.005 s
 Rescale the total density from   3.254606 to         66

 ------------------------------------------------------------------------------
                           DENSITY OPTIMIZATION
 Electron number for spin            1  is    66.000000000000341     
 Cell Volume      :           343.713702 Angstrom^3
 Ion number       :                   22
 Electron number  :            66.000000
 Ion density      :             0.064007 Ion/Angstrom^3
 Electron density :             0.192020 Electron/Angstrom^3
  
 Calculating Ion-Ion Forces ...                complete.     0.006 s
  
 Calculating Ion-Electron Forces (spline) ...  complete.     0.003 s
  ------ ION (GRADIENT METHOD) STEP            1  ------
  
 Calculating Ion-Electron Stress (spline) ...  complete.     0.007 s
  
 Calculating Ion-Ion Stress ...                complete.     0.003 s
  
 ------------------------------------------------------------------------------
                         LATTICE VECTORS (Angstrom)
 LAT 1           2.805800        0.000000        0.000000
 LAT 2           1.402900        2.429894        0.000000
 LAT 3           0.000000        0.000000       50.414200
 ------------------------------------------------------------------------------
                                STRESS (GPa)
 ST_GPa 1       -0.040425        0.050185        0.000000
 ST_GPa 2        0.050185       -0.098373       -0.000000
 ST_GPa 3        0.000000       -0.000000       -0.241886
  
 --------------------------------------------------
 STRESS (a.u.)
 --------------------------------------------------
 ST_AU  1  -1.3740190248E-06   1.7057657778E-06   6.5030041790E-12
 ST_AU  2   1.7057657778E-06  -3.3436221300E-06  -7.2302306264E-12
 ST_AU  3   6.5030041790E-12  -7.2302306264E-12  -8.2215389040E-06
; Cell optimization at step  7, max(stress):  0.8222E-05, total energy:  -46.840343    ;
  dV of each real space grid is now    4.9312705886409000E-002
 Cell length (Bohr)    5.302E+00   5.302E+00   9.528E+01
 Angle     (Degree)    9.000E+01   9.000E+01   6.000E+01
 Volume    (Bohr^3)    2.320E+03
  dV of each real space grid is now    4.9312705886409000E-002
 Cell length (Bohr)    5.302E+00   5.302E+00   9.528E+01
 Angle     (Degree)    9.000E+01   9.000E+01   6.000E+01
 Volume    (Bohr^3)    2.320E+03

 ------------------------------------------------------------------------------
                           SETUP EWALD 
 (Ewald) eta                             :   0.6867    
 (Ewald) Real Space Cutoff               :    7.519     (Bohr)
 (Ewald) Reciprocal Cutoff               :    7.703     (1/Bohr)

 ------------------------------------------------------------------------------
                           SETUP PLANE WAVE 

 ------------------------------------------------------------------------------
                           INITIALIZING WGC KERNEL
 Fermi vector :   0.94445135987745110     
 Reference density :    2.8452326824687416E-002
 Dimension of KEDF Kernel :            8          14         240

 ------------------------------------------------------------------------------
                           REFRESH ION POSITIONS
  
 Calculating Ion-Ion Energy ...                   complete.     0.004 s
  
 Calculating Ion-Electron Potential (spline) ... 
 complete.     0.005 s
 Rescale the total density from   3.254884 to         66

 ------------------------------------------------------------------------------
                           DENSITY OPTIMIZATION
 Electron number for spin            1  is    66.000000000001222     
 Cell Volume      :           343.739578 Angstrom^3
 Ion number       :                   22
 Electron number  :            66.000000
 Ion density      :             0.064002 Ion/Angstrom^3
 Electron density :             0.192006 Electron/Angstrom^3
  
 Calculating Ion-Ion Forces ...                complete.     0.005 s
  
 Calculating Ion-Electron Forces (spline) ...  complete.     0.004 s
  ------ ION (GRADIENT METHOD) STEP            1  ------
  
 Calculating Ion-Electron Stress (spline) ...  complete.     0.007 s
  
 Calculating Ion-Ion Stress ...                complete.     0.004 s
  
 ------------------------------------------------------------------------------
                         LATTICE VECTORS (Angstrom)
 LAT 1           2.805800        0.000000        0.000000
 LAT 2           1.402900        2.429894        0.000000
 LAT 3           0.000000        0.000000       50.417996
 ------------------------------------------------------------------------------
                                STRESS (GPa)
 ST_GPa 1       -0.036727        0.050119        0.000000
 ST_GPa 2        0.050119       -0.094598       -0.000000
 ST_GPa 3        0.000000       -0.000000       -0.231039
  
 --------------------------------------------------
 STRESS (a.u.)
 --------------------------------------------------
 ST_AU  1  -1.2483285993E-06   1.7034993893E-06   6.5620956074E-12
 ST_AU  2   1.7034993893E-06  -3.2153146931E-06  -7.2044568242E-12
 ST_AU  3   6.5620956074E-12  -7.2044568242E-12  -7.8528592389E-06
; Cell optimization at step  8, max(stress):  0.7853E-05, total energy:  -46.840345    ;
  dV of each real space grid is now    4.9316960830616714E-002
 Cell length (Bohr)    5.302E+00   5.302E+00   9.528E+01
 Angle     (Degree)    9.000E+01   9.000E+01   6.000E+01
 Volume    (Bohr^3)    2.320E+03
  dV of each real space grid is now    4.9316960830616714E-002
 Cell length (Bohr)    5.302E+00   5.302E+00   9.528E+01
 Angle     (Degree)    9.000E+01   9.000E+01   6.000E+01
 Volume    (Bohr^3)    2.320E+03

 ------------------------------------------------------------------------------
                           SETUP EWALD 
 (Ewald) eta                             :   0.6867    
 (Ewald) Real Space Cutoff               :    7.519     (Bohr)
 (Ewald) Reciprocal Cutoff               :    7.703     (1/Bohr)

 ------------------------------------------------------------------------------
                           SETUP PLANE WAVE 

 ------------------------------------------------------------------------------
                           INITIALIZING WGC KERNEL
 Fermi vector :   0.94442419746143658     
 Reference density :    2.8449872028990769E-002
 Dimension of KEDF Kernel :            8          14         240

 ------------------------------------------------------------------------------
                           REFRESH ION POSITIONS
  
 Calculating Ion-Ion Energy ...                   complete.     0.005 s
  
 Calculating Ion-Electron Potential (spline) ... 
 complete.     0.005 s
 Rescale the total density from   3.255200 to         66

 ------------------------------------------------------------------------------
                           DENSITY OPTIMIZATION
 Electron number for spin            1  is    65.999999999999744     
 Cell Volume      :           343.769238 Angstrom^3
 Ion number       :                   22
 Electron number  :            66.000000
 Ion density      :             0.063996 Ion/Angstrom^3
 Electron density :             0.191989 Electron/Angstrom^3
  
 Calculating Ion-Ion Forces ...                complete.     0.006 s
  
 Calculating Ion-Electron Forces (spline) ...  complete.     0.003 s
  ------ ION (GRADIENT METHOD) STEP            1  ------
  
 Calculating Ion-Electron Stress (spline) ...  complete.     0.006 s
  
 Calculating Ion-Ion Stress ...                complete.     0.003 s
  
 ------------------------------------------------------------------------------
                         LATTICE VECTORS (Angstrom)
 LAT 1           2.805800        0.000000        0.000000
 LAT 2           1.402900        2.429894        0.000000
 LAT 3           0.000000        0.000000       50.422346
 ------------------------------------------------------------------------------
                                STRESS (GPa)
 ST_GPa 1       -0.032513        0.050042        0.000000
 ST_GPa 2        0.050042       -0.090295       -0.000000
 ST_GPa 3        0.000000       -0.000000       -0.218443
  
 --------------------------------------------------
 STRESS (a.u.)
 --------------------------------------------------
 ST_AU  1  -1.1050923176E-06   1.7008890261E-06   6.5536279450E-12
 ST_AU  2   1.7008890261E-06  -3.0690642413E-06  -7.1959979240E-12
 ST_AU  3   6.5536279450E-12  -7.1959979240E-12  -7.4247220630E-06
; Cell optimization at step  9, max(stress):  0.7425E-05, total energy:  -46.840346    ;
  dV of each real space grid is now    4.9321788388657639E-002
 Cell length (Bohr)    5.302E+00   5.302E+00   9.529E+01
 Angle     (Degree)    9.000E+01   9.000E+01   6.000E+01
 Volume    (Bohr^3)    2.320E+03
  dV of each real space grid is now    4.9321788388657639E-002
 Cell length (Bohr)    5.302E+00   5.302E+00   9.529E+01
 Angle     (Degree)    9.000E+01   9.000E+01   6.000E+01
 Volume    (Bohr^3)    2.320E+03

 ------------------------------------------------------------------------------
                           SETUP EWALD 
 (Ewald) eta                             :   0.6867    
 (Ewald) Real Space Cutoff               :    7.519     (Bohr)
 (Ewald) Reciprocal Cutoff               :    7.703     (1/Bohr)

 ------------------------------------------------------------------------------
                           SETUP PLANE WAVE 

 ------------------------------------------------------------------------------
                           INITIALIZING WGC KERNEL
 Fermi vector :   0.94439338341665513     
 Reference density :    2.8447087389322102E-002
 Dimension of KEDF Kernel :            8          14         240

 ------------------------------------------------------------------------------
                           REFRESH ION POSITIONS
  
 Calculating Ion-Ion Energy ...                   complete.     0.004 s
  
 Calculating Ion-Electron Potential (spline) ... 
 complete.     0.005 s
 Rescale the total density from   3.255557 to         66

 ------------------------------------------------------------------------------
                           DENSITY OPTIMIZATION
 Electron number for spin            1  is    65.999999999999801     
 Cell Volume      :           343.802889 Angstrom^3
 Ion number       :                   22
 Electron number  :            66.000000
 Ion density      :             0.063990 Ion/Angstrom^3
 Electron density :             0.191970 Electron/Angstrom^3
  
 Calculating Ion-Ion Forces ...                complete.     0.005 s
  
 Calculating Ion-Electron Forces (spline) ...  complete.     0.003 s
  ------ ION (GRADIENT METHOD) STEP            1  ------
  
 Calculating Ion-Electron Stress (spline) ...  complete.     0.007 s
  
 Calculating Ion-Ion Stress ...                complete.     0.003 s
  
 ------------------------------------------------------------------------------
                         LATTICE VECTORS (Angstrom)
 LAT 1           2.805800        0.000000        0.000000
 LAT 2           1.402900        2.429894        0.000000
 LAT 3           0.000000        0.000000       50.427282
 ------------------------------------------------------------------------------
                                STRESS (GPa)
 ST_GPa 1       -0.027750        0.049955        0.000000
 ST_GPa 2        0.049955       -0.085431       -0.000000
 ST_GPa 3        0.000000       -0.000000       -0.204194
  
 --------------------------------------------------
 STRESS (a.u.)
 --------------------------------------------------
 ST_AU  1  -9.4319547125E-07   1.6979296582E-06   6.4734671289E-12
 ST_AU  2   1.6979296582E-06  -2.9037502940E-06  -7.2641973826E-12
 ST_AU  3   6.4734671289E-12  -7.2641973826E-12  -6.9404084173E-06
; Cell optimization at step 10, max(stress):  0.6940E-05, total energy:  -46.840348    ;
  dV of each real space grid is now    4.9327203577133889E-002
 Cell length (Bohr)    5.302E+00   5.302E+00   9.530E+01
 Angle     (Degree)    9.000E+01   9.000E+01   6.000E+01
 Volume    (Bohr^3)    2.320E+03
  dV of each real space grid is now    4.9327203577133889E-002
 Cell length (Bohr)    5.302E+00   5.302E+00   9.530E+01
 Angle     (Degree)    9.000E+01   9.000E+01   6.000E+01
 Volume    (Bohr^3)    2.320E+03

 ------------------------------------------------------------------------------
                           SETUP EWALD 
 (Ewald) eta                             :   0.6867    
 (Ewald) Real Space Cutoff               :    7.519     (Bohr)
 (Ewald) Reciprocal Cutoff               :    7.703     (1/Bohr)

 ------------------------------------------------------------------------------
                           SETUP PLANE WAVE 

 ------------------------------------------------------------------------------
                           INITIALIZING WGC KERNEL
 Fermi vector :   0.94435882334330878     
 Reference density :    2.8443964440347858E-002
 Dimension of KEDF Kernel :            8          14         240

 ------------------------------------------------------------------------------
                           REFRESH ION POSITIONS
  
 Calculating Ion-Ion Energy ...                   complete.     0.005 s
  
 Calculating Ion-Electron Potential (spline) ... 
 complete.     0.005 s
 Rescale the total density from   3.255953 to         66

 ------------------------------------------------------------------------------
                           DENSITY OPTIMIZATION
 Electron number for spin            1  is    65.999999999998963     
 Cell Volume      :           343.840636 Angstrom^3
 Ion number       :                   22
 Electron number  :            66.000000
 Ion density      :             0.063983 Ion/Angstrom^3
 Electron density :             0.191949 Electron/Angstrom^3
  
 Calculating Ion-Ion Forces ...                complete.     0.005 s
  
 Calculating Ion-Electron Forces (spline) ...  complete.     0.004 s
  ------ ION (GRADIENT METHOD) STEP            1  ------
  
 Calculating Ion-Electron Stress (spline) ...  complete.     0.007 s
  
 Calculating Ion-Ion Stress ...                complete.     0.004 s
  
 ------------------------------------------------------------------------------
                         LATTICE VECTORS (Angstrom)
 LAT 1           2.805800        0.000000        0.000000
 LAT 2           1.402900        2.429894        0.000000
 LAT 3           0.000000        0.000000       50.432818
 ------------------------------------------------------------------------------
                                STRESS (GPa)
 ST_GPa 1       -0.022376        0.049858        0.000000
 ST_GPa 2        0.049858       -0.079945       -0.000000
 ST_GPa 3        0.000000       -0.000000       -0.188385
  
 --------------------------------------------------
 STRESS (a.u.)
 --------------------------------------------------
 ST_AU  1  -7.6054591903E-07   1.6946257707E-06   6.3743293563E-12
 ST_AU  2   1.6946257707E-06  -2.7172857465E-06  -7.2898650789E-12
 ST_AU  3   6.3743293563E-12  -7.2898650789E-12  -6.4030725641E-06
; Cell optimization at step 11, max(stress):  0.6403E-05, total energy:  -46.840349    ;
  dV of each real space grid is now    4.9333198701802680E-002
 Cell length (Bohr)    5.302E+00   5.302E+00   9.532E+01
 Angle     (Degree)    9.000E+01   9.000E+01   6.000E+01
 Volume    (Bohr^3)    2.321E+03
  dV of each real space grid is now    4.9333198701802680E-002
 Cell length (Bohr)    5.302E+00   5.302E+00   9.532E+01
 Angle     (Degree)    9.000E+01   9.000E+01   6.000E+01
 Volume    (Bohr^3)    2.321E+03

 ------------------------------------------------------------------------------
                           SETUP EWALD 
 (Ewald) eta                             :   0.6867    
 (Ewald) Real Space Cutoff               :    7.519     (Bohr)
 (Ewald) Reciprocal Cutoff               :    7.703     (1/Bohr)

 ------------------------------------------------------------------------------
                           SETUP PLANE WAVE 

 ------------------------------------------------------------------------------
                           INITIALIZING WGC KERNEL
 Fermi vector :   0.94432056798059916     
 Reference density :    2.8440507840788495E-002
 Dimension of KEDF Kernel :            8          14         240

 ------------------------------------------------------------------------------
                           REFRESH ION POSITIONS
  
 Calculating Ion-Ion Energy ...                   complete.     0.004 s
  
 Calculating Ion-Electron Potential (spline) ... 
 complete.     0.005 s
 Rescale the total density from   3.256387 to         66

 ------------------------------------------------------------------------------
                           DENSITY OPTIMIZATION
 Electron number for spin            1  is    66.000000000000014     
 Cell Volume      :           343.882426 Angstrom^3
 Ion number       :                   22
 Electron number  :            66.000000
 Ion density      :             0.063975 Ion/Angstrom^3
 Electron density :             0.191926 Electron/Angstrom^3
  
 Calculating Ion-Ion Forces ...                complete.     0.006 s
  
 Calculating Ion-Electron Forces (spline) ...  complete.     0.003 s
  ------ ION (GRADIENT METHOD) STEP            1  ------
  
 Calculating Ion-Electron Stress (spline) ...  complete.     0.006 s
  
 Calculating Ion-Ion Stress ...                complete.     0.003 s
  
 ------------------------------------------------------------------------------
                         LATTICE VECTORS (Angstrom)
 LAT 1           2.805800        0.000000        0.000000
 LAT 2           1.402900        2.429894        0.000000
 LAT 3           0.000000        0.000000       50.438948
 ------------------------------------------------------------------------------
                                STRESS (GPa)
 ST_GPa 1       -0.016457        0.049750        0.000000
 ST_GPa 2        0.049750       -0.073902       -0.000000
 ST_GPa 3        0.000000       -0.000000       -0.170742
  
 --------------------------------------------------
 STRESS (a.u.)
 --------------------------------------------------
 ST_AU  1  -5.5935466324E-07   1.6909603894E-06   6.3704323006E-12
 ST_AU  2   1.6909603894E-06  -2.5118619944E-06  -7.3160024103E-12
 ST_AU  3   6.3704323006E-12  -7.3160024103E-12  -5.8033959953E-06
; Cell optimization at step 12, max(stress):  0.5803E-05, total energy:  -46.840351    ;
  dV of each real space grid is now    4.9339719086910705E-002
 Cell length (Bohr)    5.302E+00   5.302E+00   9.533E+01
 Angle     (Degree)    9.000E+01   9.000E+01   6.000E+01
 Volume    (Bohr^3)    2.321E+03
  dV of each real space grid is now    4.9339719086910705E-002
 Cell length (Bohr)    5.302E+00   5.302E+00   9.533E+01
 Angle     (Degree)    9.000E+01   9.000E+01   6.000E+01
 Volume    (Bohr^3)    2.321E+03

 ------------------------------------------------------------------------------
                           SETUP EWALD 
 (Ewald) eta                             :   0.6867    
 (Ewald) Real Space Cutoff               :    7.519     (Bohr)
 (Ewald) Reciprocal Cutoff               :    7.703     (1/Bohr)

 ------------------------------------------------------------------------------
                           SETUP PLANE WAVE 

 ------------------------------------------------------------------------------
                           INITIALIZING WGC KERNEL
 Fermi vector :   0.94427896792599164     
 Reference density :    2.8436749346268834E-002
 Dimension of KEDF Kernel :            8          14         240

 ------------------------------------------------------------------------------
                           REFRESH ION POSITIONS
  
 Calculating Ion-Ion Energy ...                   complete.     0.004 s
  
 Calculating Ion-Electron Potential (spline) ... 
 complete.     0.005 s
 Rescale the total density from   3.256852 to         66

 ------------------------------------------------------------------------------
                           DENSITY OPTIMIZATION
 Electron number for spin            1  is    65.999999999999247     
 Cell Volume      :           343.927877 Angstrom^3
 Ion number       :                   22
 Electron number  :            66.000000
 Ion density      :             0.063967 Ion/Angstrom^3
 Electron density :             0.191901 Electron/Angstrom^3
  
 Calculating Ion-Ion Forces ...                complete.     0.005 s
  
 Calculating Ion-Electron Forces (spline) ...  complete.     0.003 s
  ------ ION (GRADIENT METHOD) STEP            1  ------
  
 Calculating Ion-Electron Stress (spline) ...  complete.     0.006 s
  
 Calculating Ion-Ion Stress ...                complete.     0.003 s
  
 ------------------------------------------------------------------------------
                         LATTICE VECTORS (Angstrom)
 LAT 1           2.805800        0.000000        0.000000
 LAT 2           1.402900        2.429894        0.000000
 LAT 3           0.000000        0.000000       50.445614
 ------------------------------------------------------------------------------
                                STRESS (GPa)
 ST_GPa 1       -0.010030        0.049633        0.000000
 ST_GPa 2        0.049633       -0.067340       -0.000000
 ST_GPa 3        0.000000       -0.000000       -0.151594
  
 --------------------------------------------------
 STRESS (a.u.)
 --------------------------------------------------
 ST_AU  1  -3.4092600650E-07   1.6869780453E-06   6.1927588404E-12
 ST_AU  2   1.6869780453E-06  -2.2888350370E-06  -7.4274887005E-12
 ST_AU  3   6.1927588404E-12  -7.4274887005E-12  -5.1525862783E-06
; Cell optimization at step 13, max(stress):  0.5153E-05, total energy:  -46.840353    ;
  dV of each real space grid is now    4.9346666091084984E-002
 Cell length (Bohr)    5.302E+00   5.302E+00   9.534E+01
 Angle     (Degree)    9.000E+01   9.000E+01   6.000E+01
 Volume    (Bohr^3)    2.321E+03
  dV of each real space grid is now    4.9346666091084984E-002
 Cell length (Bohr)    5.302E+00   5.302E+00   9.534E+01
 Angle     (Degree)    9.000E+01   9.000E+01   6.000E+01
 Volume    (Bohr^3)    2.321E+03

 ------------------------------------------------------------------------------
                           SETUP EWALD 
 (Ewald) eta                             :   0.6867    
 (Ewald) Real Space Cutoff               :    7.519     (Bohr)
 (Ewald) Reciprocal Cutoff               :    7.703     (1/Bohr)

 ------------------------------------------------------------------------------
                           SETUP PLANE WAVE 

 ------------------------------------------------------------------------------
                           INITIALIZING WGC KERNEL
 Fermi vector :   0.94423465410630569     
 Reference density :    2.8432746031920367E-002
 Dimension of KEDF Kernel :            8          14         240

 ------------------------------------------------------------------------------
                           REFRESH ION POSITIONS
  
 Calculating Ion-Ion Energy ...                   complete.     0.004 s
  
 Calculating Ion-Electron Potential (spline) ... 
 complete.     0.005 s
 Rescale the total density from   3.257339 to         66

 ------------------------------------------------------------------------------
                           DENSITY OPTIMIZATION
 Electron number for spin            1  is    66.000000000000071     
 Cell Volume      :           343.976302 Angstrom^3
 Ion number       :                   22
 Electron number  :            66.000000
 Ion density      :             0.063958 Ion/Angstrom^3
 Electron density :             0.191874 Electron/Angstrom^3
  
 Calculating Ion-Ion Forces ...                complete.     0.009 s
  
 Calculating Ion-Electron Forces (spline) ...  complete.     0.006 s
  ------ ION (GRADIENT METHOD) STEP            1  ------
  
 Calculating Ion-Electron Stress (spline) ...  complete.     0.007 s
  
 Calculating Ion-Ion Stress ...                complete.     0.003 s
  
 ------------------------------------------------------------------------------
                         LATTICE VECTORS (Angstrom)
 LAT 1           2.805800        0.000000        0.000000
 LAT 2           1.402900        2.429894        0.000000
 LAT 3           0.000000        0.000000       50.452717
 ------------------------------------------------------------------------------
                                STRESS (GPa)
 ST_GPa 1       -0.003171        0.049508        0.000000
 ST_GPa 2        0.049508       -0.060336       -0.000000
 ST_GPa 3        0.000000       -0.000000       -0.131308
  
 --------------------------------------------------
 STRESS (a.u.)
 --------------------------------------------------
 ST_AU  1  -1.0776519683E-07   1.6827440924E-06   6.2210528277E-12
 ST_AU  2   1.6827440924E-06  -2.0507853558E-06  -7.3735909925E-12
 ST_AU  3   6.2210528277E-12  -7.3735909925E-12  -4.4630830984E-06
; Cell optimization at step 14, max(stress):  0.4463E-05, total energy:  -46.840354    ;
  dV of each real space grid is now    4.9353886944126249E-002
 Cell length (Bohr)    5.302E+00   5.302E+00   9.536E+01
 Angle     (Degree)    9.000E+01   9.000E+01   6.000E+01
 Volume    (Bohr^3)    2.322E+03
  dV of each real space grid is now    4.9353886944126249E-002
 Cell length (Bohr)    5.302E+00   5.302E+00   9.536E+01
 Angle     (Degree)    9.000E+01   9.000E+01   6.000E+01
 Volume    (Bohr^3)    2.322E+03

 ------------------------------------------------------------------------------
                           SETUP EWALD 
 (Ewald) eta                             :   0.6867    
 (Ewald) Real Space Cutoff               :    7.519     (Bohr)
 (Ewald) Reciprocal Cutoff               :    7.703     (1/Bohr)

 ------------------------------------------------------------------------------
                           SETUP PLANE WAVE 

 ------------------------------------------------------------------------------
                           INITIALIZING WGC KERNEL
 Fermi vector :   0.94418860226425672     
 Reference density :    2.8428586102614523E-002
 Dimension of KEDF Kernel :            8          14         240

 ------------------------------------------------------------------------------
                           REFRESH ION POSITIONS
  
 Calculating Ion-Ion Energy ...                   complete.     0.005 s
  
 Calculating Ion-Electron Potential (spline) ... 
 complete.     0.005 s
 Rescale the total density from   3.257833 to         66

 ------------------------------------------------------------------------------
                           DENSITY OPTIMIZATION
 Electron number for spin            1  is    66.000000000000455     
 Cell Volume      :           344.026636 Angstrom^3
 Ion number       :                   22
 Electron number  :            66.000000
 Ion density      :             0.063949 Ion/Angstrom^3
 Electron density :             0.191846 Electron/Angstrom^3
  
 Calculating Ion-Ion Forces ...                complete.     0.005 s
  
 Calculating Ion-Electron Forces (spline) ...  complete.     0.003 s
  ------ ION (GRADIENT METHOD) STEP            1  ------
  
 Calculating Ion-Electron Stress (spline) ...  complete.     0.007 s
  
 Calculating Ion-Ion Stress ...                complete.     0.003 s
  
 ------------------------------------------------------------------------------
                         LATTICE VECTORS (Angstrom)
 LAT 1           2.805800        0.000000        0.000000
 LAT 2           1.402900        2.429894        0.000000
 LAT 3           0.000000        0.000000       50.460100
 ------------------------------------------------------------------------------
                                STRESS (GPa)
 ST_GPa 1        0.003927        0.049379        0.000000
 ST_GPa 2        0.049379       -0.053089       -0.000000
 ST_GPa 3        0.000000       -0.000000       -0.110175
  
 --------------------------------------------------
 STRESS (a.u.)
 --------------------------------------------------
 ST_AU  1   1.3349077449E-07   1.6783441117E-06   6.2114378232E-12
 ST_AU  2   1.6783441117E-06  -1.8044487888E-06  -7.3942172573E-12
 ST_AU  3   6.2114378232E-12  -7.3942172573E-12  -3.7447744814E-06
; Cell optimization at step 15, max(stress):  0.3745E-05, total energy:  -46.840356    ;
  dV of each real space grid is now    4.9361157379994788E-002
 Cell length (Bohr)    5.302E+00   5.302E+00   9.537E+01
 Angle     (Degree)    9.000E+01   9.000E+01   6.000E+01
 Volume    (Bohr^3)    2.322E+03
  dV of each real space grid is now    4.9361157379994788E-002
 Cell length (Bohr)    5.302E+00   5.302E+00   9.537E+01
 Angle     (Degree)    9.000E+01   9.000E+01   6.000E+01
 Volume    (Bohr^3)    2.322E+03

 ------------------------------------------------------------------------------
                           SETUP EWALD 
 (Ewald) eta                             :   0.6867    
 (Ewald) Real Space Cutoff               :    7.519     (Bohr)
 (Ewald) Reciprocal Cutoff               :    7.703     (1/Bohr)

 ------------------------------------------------------------------------------
                           SETUP PLANE WAVE 

 ------------------------------------------------------------------------------
                           INITIALIZING WGC KERNEL
 Fermi vector :   0.94414224327737972     
 Reference density :    2.8424398838314761E-002
 Dimension of KEDF Kernel :            8          14         240

 ------------------------------------------------------------------------------
                           REFRESH ION POSITIONS
  
 Calculating Ion-Ion Energy ...                   complete.     0.004 s
  
 Calculating Ion-Electron Potential (spline) ... 
 complete.     0.005 s
 Rescale the total density from   3.258316 to         66

 ------------------------------------------------------------------------------
                           DENSITY OPTIMIZATION
 Electron number for spin            1  is    66.000000000001236     
 Cell Volume      :           344.077315 Angstrom^3
 Ion number       :                   22
 Electron number  :            66.000000
 Ion density      :             0.063939 Ion/Angstrom^3
 Electron density :             0.191817 Electron/Angstrom^3
  
 Calculating Ion-Ion Forces ...                complete.     0.005 s
  
 Calculating Ion-Electron Forces (spline) ...  complete.     0.003 s
  ------ ION (GRADIENT METHOD) STEP            1  ------
  
 Calculating Ion-Electron Stress (spline) ...  complete.     0.007 s
  
 Calculating Ion-Ion Stress ...                complete.     0.003 s
  
 ------------------------------------------------------------------------------
                         LATTICE VECTORS (Angstrom)
 LAT 1           2.805800        0.000000        0.000000
 LAT 2           1.402900        2.429894        0.000000
 LAT 3           0.000000        0.000000       50.467533
 ------------------------------------------------------------------------------
                                STRESS (GPa)
 ST_GPa 1        0.011027        0.049248        0.000000
 ST_GPa 2        0.049248       -0.045838       -0.000000
 ST_GPa 3        0.000000       -0.000000       -0.088739
  
 --------------------------------------------------
 STRESS (a.u.)
 --------------------------------------------------
 ST_AU  1   3.7479901891E-07   1.6739004178E-06   6.0493310019E-12
 ST_AU  2   1.6739004178E-06  -1.5580093882E-06  -7.4507267886E-12
 ST_AU  3   6.0493310019E-12  -7.4507267886E-12  -3.0161679649E-06
; Cell optimization at step 16, max(stress):  0.3016E-05, total energy:  -46.840357    ;
  dV of each real space grid is now    4.9368184405798272E-002
 Cell length (Bohr)    5.302E+00   5.302E+00   9.538E+01
 Angle     (Degree)    9.000E+01   9.000E+01   6.000E+01
 Volume    (Bohr^3)    2.322E+03
  dV of each real space grid is now    4.9368184405798272E-002
 Cell length (Bohr)    5.302E+00   5.302E+00   9.538E+01
 Angle     (Degree)    9.000E+01   9.000E+01   6.000E+01
 Volume    (Bohr^3)    2.322E+03

 ------------------------------------------------------------------------------
                           SETUP EWALD 
 (Ewald) eta                             :   0.6867    
 (Ewald) Real Space Cutoff               :    7.519     (Bohr)
 (Ewald) Reciprocal Cutoff               :    7.703     (1/Bohr)

 ------------------------------------------------------------------------------
                           SETUP PLANE WAVE 

 ------------------------------------------------------------------------------
                           INITIALIZING WGC KERNEL
 Fermi vector :   0.94409744501446313     
 Reference density :    2.8420352933315633E-002
 Dimension of KEDF Kernel :            8          14         240

 ------------------------------------------------------------------------------
                           REFRESH ION POSITIONS
  
 Calculating Ion-Ion Energy ...                   complete.     0.005 s
  
 Calculating Ion-Electron Potential (spline) ... 
 complete.     0.005 s
 Rescale the total density from   3.258764 to         66

 ------------------------------------------------------------------------------
                           DENSITY OPTIMIZATION
 Electron number for spin            1  is    66.000000000000426     
 Cell Volume      :           344.126298 Angstrom^3
 Ion number       :                   22
 Electron number  :            66.000000
 Ion density      :             0.063930 Ion/Angstrom^3
 Electron density :             0.191790 Electron/Angstrom^3
  
 Calculating Ion-Ion Forces ...                complete.     0.005 s
  
 Calculating Ion-Electron Forces (spline) ...  complete.     0.003 s
  ------ ION (GRADIENT METHOD) STEP            1  ------
  
 Calculating Ion-Electron Stress (spline) ...  complete.     0.006 s
  
 Calculating Ion-Ion Stress ...                complete.     0.003 s
  
 ------------------------------------------------------------------------------
                         LATTICE VECTORS (Angstrom)
 LAT 1           2.805800        0.000000        0.000000
 LAT 2           1.402900        2.429894        0.000000
 LAT 3           0.000000        0.000000       50.474718
 ------------------------------------------------------------------------------
                                STRESS (GPa)
 ST_GPa 1        0.017958        0.049123        0.000000
 ST_GPa 2        0.049123       -0.038763       -0.000000
 ST_GPa 3        0.000000       -0.000000       -0.068435
  
 --------------------------------------------------
 STRESS (a.u.)
 --------------------------------------------------
 ST_AU  1   6.1037475302E-07   1.6696511594E-06   6.0714547900E-12
 ST_AU  2   1.6696511594E-06  -1.3175272235E-06  -7.4498388623E-12
 ST_AU  3   6.0714547900E-12  -7.4498388623E-12  -2.3260706375E-06
; Cell optimization at step 17, max(stress):  0.2326E-05, total energy:  -46.840358    ;
  dV of each real space grid is now    4.9374687501878109E-002
 Cell length (Bohr)    5.302E+00   5.302E+00   9.540E+01
 Angle     (Degree)    9.000E+01   9.000E+01   6.000E+01
 Volume    (Bohr^3)    2.323E+03
  dV of each real space grid is now    4.9374687501878109E-002
 Cell length (Bohr)    5.302E+00   5.302E+00   9.540E+01
 Angle     (Degree)    9.000E+01   9.000E+01   6.000E+01
 Volume    (Bohr^3)    2.323E+03

 ------------------------------------------------------------------------------
                           SETUP EWALD 
 (Ewald) eta                             :   0.6867    
 (Ewald) Real Space Cutoff               :    7.519     (Bohr)
 (Ewald) Reciprocal Cutoff               :    7.703     (1/Bohr)

 ------------------------------------------------------------------------------
                           SETUP PLANE WAVE 

 ------------------------------------------------------------------------------
                           INITIALIZING WGC KERNEL
 Fermi vector :   0.94405599445028954     
 Reference density :    2.8416609713963790E-002
 Dimension of KEDF Kernel :            8          14         240

 ------------------------------------------------------------------------------
                           REFRESH ION POSITIONS
  
 Calculating Ion-Ion Energy ...                   complete.     0.004 s
  
 Calculating Ion-Electron Potential (spline) ... 
 complete.     0.005 s
 Rescale the total density from   3.259159 to         66

 ------------------------------------------------------------------------------
                           DENSITY OPTIMIZATION
 Electron number for spin            1  is    66.000000000000597     
 Cell Volume      :           344.171628 Angstrom^3
 Ion number       :                   22
 Electron number  :            66.000000
 Ion density      :             0.063922 Ion/Angstrom^3
 Electron density :             0.191765 Electron/Angstrom^3
  
 Calculating Ion-Ion Forces ...                complete.     0.005 s
  
 Calculating Ion-Electron Forces (spline) ...  complete.     0.003 s
  ------ ION (GRADIENT METHOD) STEP            1  ------
  
 Calculating Ion-Electron Stress (spline) ...  complete.     0.006 s
  
 Calculating Ion-Ion Stress ...                complete.     0.003 s
  
 ------------------------------------------------------------------------------
                         LATTICE VECTORS (Angstrom)
 LAT 1           2.805800        0.000000        0.000000
 LAT 2           1.402900        2.429894        0.000000
 LAT 3           0.000000        0.000000       50.481367
 ------------------------------------------------------------------------------
                                STRESS (GPa)
 ST_GPa 1        0.024302        0.049006        0.000000
 ST_GPa 2        0.049006       -0.032284       -0.000000
 ST_GPa 3        0.000000       -0.000000       -0.049316
  
 --------------------------------------------------
 STRESS (a.u.)
 --------------------------------------------------
 ST_AU  1   8.2600926565E-07   1.6656941837E-06   5.9824628325E-12
 ST_AU  2   1.6656941837E-06  -1.0973235976E-06  -7.5071015391E-12
 ST_AU  3   5.9824628325E-12  -7.5071015391E-12  -1.6762034926E-06
; Cell optimization at step 18, max(stress):  0.1676E-05, total energy:  -46.840358    ;
  dV of each real space grid is now    4.9380310983221903E-002
 Cell length (Bohr)    5.302E+00   5.302E+00   9.541E+01
 Angle     (Degree)    9.000E+01   9.000E+01   6.000E+01
 Volume    (Bohr^3)    2.323E+03
  dV of each real space grid is now    4.9380310983221903E-002
 Cell length (Bohr)    5.302E+00   5.302E+00   9.541E+01
 Angle     (Degree)    9.000E+01   9.000E+01   6.000E+01
 Volume    (Bohr^3)    2.323E+03

 ------------------------------------------------------------------------------
                           SETUP EWALD 
 (Ewald) eta                             :   0.6867    
 (Ewald) Real Space Cutoff               :    7.519     (Bohr)
 (Ewald) Reciprocal Cutoff               :    7.703     (1/Bohr)

 ------------------------------------------------------------------------------
                           SETUP PLANE WAVE 

 ------------------------------------------------------------------------------
                           INITIALIZING WGC KERNEL
 Fermi vector :   0.94402015639590231     
 Reference density :    2.8413373600796443E-002
 Dimension of KEDF Kernel :            8          14         240

 ------------------------------------------------------------------------------
                           REFRESH ION POSITIONS
  
 Calculating Ion-Ion Energy ...                   complete.     0.004 s
  
 Calculating Ion-Electron Potential (spline) ... 
 complete.     0.005 s
 Rescale the total density from   3.259472 to         66

 ------------------------------------------------------------------------------
                           DENSITY OPTIMIZATION
 Electron number for spin            1  is    65.999999999999559     
 Cell Volume      :           344.210827 Angstrom^3
 Ion number       :                   22
 Electron number  :            66.000000
 Ion density      :             0.063914 Ion/Angstrom^3
 Electron density :             0.191743 Electron/Angstrom^3
  
 Calculating Ion-Ion Forces ...                complete.     0.005 s
  
 Calculating Ion-Electron Forces (spline) ...  complete.     0.003 s
  ------ ION (GRADIENT METHOD) STEP            1  ------
  
 Calculating Ion-Electron Stress (spline) ...  complete.     0.007 s
  
 Calculating Ion-Ion Stress ...                complete.     0.003 s
  
 ------------------------------------------------------------------------------
                         LATTICE VECTORS (Angstrom)
 LAT 1           2.805800        0.000000        0.000000
 LAT 2           1.402900        2.429894        0.000000
 LAT 3           0.000000        0.000000       50.487116
 ------------------------------------------------------------------------------
                                STRESS (GPa)
 ST_GPa 1        0.029838        0.048907        0.000000
 ST_GPa 2        0.048907       -0.026633       -0.000000
 ST_GPa 3        0.000000       -0.000000       -0.033118
  
 --------------------------------------------------
 STRESS (a.u.)
 --------------------------------------------------
 ST_AU  1   1.0141762615E-06   1.6623105759E-06   5.9855513189E-12
 ST_AU  2   1.6623105759E-06  -9.0524953947E-07  -7.5059173806E-12
 ST_AU  3   5.9855513189E-12  -7.5059173806E-12  -1.1256654068E-06
; Cell optimization at step 19, max(stress):  0.1662E-05, total energy:  -46.840359    ;
  dV of each real space grid is now    4.9384842765986238E-002
 Cell length (Bohr)    5.302E+00   5.302E+00   9.542E+01
 Angle     (Degree)    9.000E+01   9.000E+01   6.000E+01
 Volume    (Bohr^3)    2.323E+03
  dV of each real space grid is now    4.9384842765986238E-002
 Cell length (Bohr)    5.302E+00   5.302E+00   9.542E+01
 Angle     (Degree)    9.000E+01   9.000E+01   6.000E+01
 Volume    (Bohr^3)    2.323E+03

 ------------------------------------------------------------------------------
                           SETUP EWALD 
 (Ewald) eta                             :   0.6867    
 (Ewald) Real Space Cutoff               :    7.519     (Bohr)
 (Ewald) Reciprocal Cutoff               :    7.703     (1/Bohr)

 ------------------------------------------------------------------------------
                           SETUP PLANE WAVE 

 ------------------------------------------------------------------------------
                           INITIALIZING WGC KERNEL
 Fermi vector :   0.94399127961981566     
 Reference density :    2.8410766257539913E-002
 Dimension of KEDF Kernel :            8          14         240

 ------------------------------------------------------------------------------
                           REFRESH ION POSITIONS
  
 Calculating Ion-Ion Energy ...                   complete.     0.004 s
  
 Calculating Ion-Electron Potential (spline) ... 
 complete.     0.005 s
 Rescale the total density from   3.259699 to         66

 ------------------------------------------------------------------------------
                           DENSITY OPTIMIZATION
 Electron number for spin            1  is    65.999999999999730     
 Cell Volume      :           344.242416 Angstrom^3
 Ion number       :                   22
 Electron number  :            66.000000
 Ion density      :             0.063908 Ion/Angstrom^3
 Electron density :             0.191725 Electron/Angstrom^3
  
 Calculating Ion-Ion Forces ...                complete.     0.005 s
  
 Calculating Ion-Electron Forces (spline) ...  complete.     0.003 s
  ------ ION (GRADIENT METHOD) STEP            1  ------
  
 Calculating Ion-Electron Stress (spline) ...  complete.     0.007 s
  
 Calculating Ion-Ion Stress ...                complete.     0.003 s
  
 ------------------------------------------------------------------------------
                         LATTICE VECTORS (Angstrom)
 LAT 1           2.805800        0.000000        0.000000
 LAT 2           1.402900        2.429894        0.000000
 LAT 3           0.000000        0.000000       50.491749
 ------------------------------------------------------------------------------
                                STRESS (GPa)
 ST_GPa 1        0.034272        0.048826        0.000000
 ST_GPa 2        0.048826       -0.022106       -0.000000
 ST_GPa 3        0.000000       -0.000000       -0.019856
  
 --------------------------------------------------
 STRESS (a.u.)
 --------------------------------------------------
 ST_AU  1   1.1648857604E-06   1.6595693894E-06   5.9241435802E-12
 ST_AU  2   1.6595693894E-06  -7.5137484286E-07  -7.5327887550E-12
 ST_AU  3   5.9241435802E-12  -7.5327887550E-12  -6.7489459297E-07
; Cell optimization at step 20, max(stress):  0.1660E-05, total energy:  -46.840359    ;
  dV of each real space grid is now    4.9388103211584773E-002
 Cell length (Bohr)    5.302E+00   5.302E+00   9.542E+01
 Angle     (Degree)    9.000E+01   9.000E+01   6.000E+01
 Volume    (Bohr^3)    2.323E+03
  dV of each real space grid is now    4.9388103211584773E-002
 Cell length (Bohr)    5.302E+00   5.302E+00   9.542E+01
 Angle     (Degree)    9.000E+01   9.000E+01   6.000E+01
 Volume    (Bohr^3)    2.323E+03

 ------------------------------------------------------------------------------
                           SETUP EWALD 
 (Ewald) eta                             :   0.6867    
 (Ewald) Real Space Cutoff               :    7.519     (Bohr)
 (Ewald) Reciprocal Cutoff               :    7.703     (1/Bohr)

 ------------------------------------------------------------------------------
                           SETUP PLANE WAVE 

 ------------------------------------------------------------------------------
                           INITIALIZING WGC KERNEL
 Fermi vector :   0.94397050606137678     
 Reference density :    2.8408890669052569E-002
 Dimension of KEDF Kernel :            8          14         240

 ------------------------------------------------------------------------------
                           REFRESH ION POSITIONS
  
 Calculating Ion-Ion Energy ...                   complete.     0.005 s
  
 Calculating Ion-Electron Potential (spline) ... 
 complete.     0.005 s
 Rescale the total density from   3.259830 to         66

 ------------------------------------------------------------------------------
                           DENSITY OPTIMIZATION
 Electron number for spin            1  is    65.999999999999233     
 Cell Volume      :           344.265144 Angstrom^3
 Ion number       :                   22
 Electron number  :            66.000000
 Ion density      :             0.063904 Ion/Angstrom^3
 Electron density :             0.191713 Electron/Angstrom^3
  
 Calculating Ion-Ion Forces ...                complete.     0.005 s
  
 Calculating Ion-Electron Forces (spline) ...  complete.     0.003 s
  ------ ION (GRADIENT METHOD) STEP            1  ------
  
 Calculating Ion-Electron Stress (spline) ...  complete.     0.006 s
  
 Calculating Ion-Ion Stress ...                complete.     0.003 s
  
 ------------------------------------------------------------------------------
                         LATTICE VECTORS (Angstrom)
 LAT 1           2.805800        0.000000        0.000000
 LAT 2           1.402900        2.429894        0.000000
 LAT 3           0.000000        0.000000       50.495083
 ------------------------------------------------------------------------------
                                STRESS (GPa)
 ST_GPa 1        0.037447        0.048769        0.000000
 ST_GPa 2        0.048769       -0.018865       -0.000000
 ST_GPa 3        0.000000       -0.000000       -0.010432
  
 --------------------------------------------------
 STRESS (a.u.)
 --------------------------------------------------
 ST_AU  1   1.2727957057E-06   1.6576091396E-06   5.8221300869E-12
 ST_AU  2   1.6576091396E-06  -6.4120146451E-07  -7.5972904939E-12
 ST_AU  3   5.8221300869E-12  -7.5972904939E-12  -3.5456586265E-07
; Cell optimization at step 21, max(stress):  0.1658E-05, total energy:  -46.840359    ;
##############################################################################
#                               FINAL ENERGIES                       time    #
##############################################################################
# Thomas-Fermi Kin. Energy =   4.881073698397E+02 eV                 0.000 s #
# Von-Weizsacker Kin. Ener =   3.975935735093E+01 eV                 0.000 s #
#       WGC Kinetic Energy =  -1.478451205220E+01 eV                 0.000 s #
#                                                                            #
#     LDA Exch-Corr Energy =  -4.881755653306E+02 eV                 0.000 s #
#         Coulombic Energy =   2.434623214014E+00 eV                 0.000 s #
#      Ion-Electron Energy =   3.441094078505E+02 eV                 0.000 s #
#           Ion-Ion Energy =  -1.646041651670E+03 eV                 0.000 s #
#                                                                            #
#     TOTAL KINETIC ENERGY =   5.130822151384E+02 eV                         #
#   TOTAL POTENTIAL ENERGY =  -1.787673185936E+03 eV                         #
#             TOTAL ENERGY =  -1.274590970797E+03 eV                         #
##############################################################################
  
 ----------------------------- TIME INFORMATION ------------------------------
    PROFESS      :     64.14s WALL    100.00% (       1 calls)    64.14s/call
    InitPROFESS  :      0.08s WALL      0.13% (       1 calls)     0.08s/call
    KEDFRefresh  :      0.23s WALL      0.36% (      21 calls)     0.01s/call
    IonRefresh   :      0.45s WALL      0.69% (      35 calls)     0.01s/call
    EwaldEnergy  :      0.19s WALL      0.29% (      35 calls)     0.01s/call
    Pot_Ion      :      0.13s WALL      0.20% (    1335 calls)     0.00s/call
    Pot_Har      :      3.01s WALL      4.70% (    1335 calls)     0.00s/call
    Pot_Exc      :      7.58s WALL     11.81% (    1335 calls)     0.01s/call
    Pot_KEDF     :     48.10s WALL     74.98% (    1335 calls)     0.04s/call
    WGCPotPlus   :     37.11s WALL     57.85% (    1335 calls)     0.03s/call
    VWPotSqrPlus :      2.71s WALL      4.22% (    1335 calls)     0.00s/call
    NextGradient :      0.12s WALL      0.19% (     127 calls)     0.00s/call
    CalForce     :      0.44s WALL      0.68% (      35 calls)     0.01s/call
    EwaldForces  :      0.23s WALL      0.36% (      35 calls)     0.01s/call
    CalStress    :      1.56s WALL      2.44% (      21 calls)     0.07s/call
    WGCStress    :      0.66s WALL      1.03% (      21 calls)     0.03s/call
    EwaldStress  :      0.08s WALL      0.12% (      21 calls)     0.00s/call
 -----------------------------------------------------------------------------
 ------------------------------- TOTAL ---------------------------------------
    PROFESS      :     64.14s WALL    100.00% (       1 calls)    64.14s/call
 -----------------------------------------------------------------------------

Run completed on: 05/02/2022 at 14:07:09 
  
