 ******************************************************************************
                             WELCOME TO PROFESS                   
            (PRinceton Orbital-Free Electronic Structure Software) 
 ******************************************************************************

 ------------------------------------------------------------------------------
                           READ GEOMETRY
 Cell length (Bohr)    5.281E+00   5.281E+00   5.281E+00
 Angle     (Degree)    1.095E+02   1.095E+02   1.095E+02
 Volume    (Bohr^3)    1.134E+02

 ------------------------------------------------------------------------------
                           READ PSEUDOPOTENTIAL
 Total electron number in ReadPseudo is    2.0000000000000000     
 (System) Machine Precision              :    2.2204460492503131E-016

 ------------------------------------------------------------------------------
                           SETUP FFT
 Global FFT Dimension :    27   27   27
 Rank/Size in Global Communicator     :            0 /           1
 Rank/Size in Global FFT Communicator :            0 /           1
 Parallel FFT, totX    =    27
 Parallel FFT, totY    =    27
 Parallel FFT, locZ    =    27
 Parallel FFT, locZoff =     0
 Dimension of rho for this processor : 
 xmin, xmax :            0          26
 ymin, ymax :            0          26
 zmin, zmax :            0          26
 Total electron number =    2.0000000000000000     
 Uniform rhoR =    1.7636562066863960E-002
 (GB INFO) FFT size      :       27      27      27
 (GB INFO) FFT offset    :        0
 (GB INFO) FFT G size    :       14      27      27
 (GB INFO) FFT G offset  :        0

 ------------------------------------------------------------------------------
                           SETUP KEDF
 kinetic energy density functional number is            5
 ( 1=TF, 2=VW, 3=TF+VW, 4=WT,  5=WGC,  
   7=LQ, 8=HQ, 10=CAT,  11=HC, 12=WGCD,
   15=GGA, 16=WGCD+GGA, 17=EVT, 18=EVC )
 qTable dimension:    14   27   27
 Coefficient for TF KEDF is     1.0000
 Coefficient for VW KEDF is     1.0000
 Coefficient for alpha in WGC KEDF is     1.2060
 Coefficient for beta  in WGC KEDF is     0.4607
 Coefficient for gamma in WGC KEDF is     2.7000
 rho0 (Electron/Bohr^3) in WGC KEDF is     0.0176
 rhoS (Electron/Bohr^3) in WGC KEDF is     0.0176
 hold0 =  F
 holdS =  F
  dV of each real space grid is now    5.7613568032904936E-003
 Cell length (Bohr)    5.281E+00   5.281E+00   5.281E+00
 Angle     (Degree)    1.095E+02   1.095E+02   1.095E+02
 Volume    (Bohr^3)    1.134E+02

 ------------------------------------------------------------------------------
                           SETUP EWALD 
 (Ewald) eta                             :    1.200    
 (Ewald) Real Space Cutoff               :    6.000     (Bohr)
 (Ewald) Reciprocal Cutoff               :    15.47     (1/Bohr)

 ------------------------------------------------------------------------------
                           SETUP PLANE WAVE 

 ------------------------------------------------------------------------------
                           INITIALIZING WGC KERNEL
 Fermi vector :   0.80527641024762964     
 Reference density :    1.7636562066863960E-002
 Make WGC kernels.
 Dimension of KEDF Kernel :           14          27          27

 ------------------------------------------------------------------------------
                           REFRESH ION POSITIONS
  
 Calculating Ion-Ion Energy ...                   complete.     0.002 s
  
 Calculating Ion-Electron Potential (spline) ... 
 complete.     0.003 s

 ------------------------------------------------------------------------------
                           DENSITY OPTIMIZATION
 Electron number for spin            1  is    1.9999999999994378     
 Cell Volume      :            16.804263 Angstrom^3
 Ion number       :                    1
 Electron number  :             2.000000
 Ion density      :             0.059509 Ion/Angstrom^3
 Electron density :             0.119017 Electron/Angstrom^3
##############################################################################
#                               FINAL ENERGIES                       time    #
##############################################################################
# Thomas-Fermi Kin. Energy =   1.091380142041E+01 eV                 0.000 s #
# Von-Weizsacker Kin. Ener =   1.331938973090E+00 eV                 0.000 s #
#       WGC Kinetic Energy =  -6.512339868717E-01 eV                 0.000 s #
#                                                                            #
# GGA(PBE) Exch-Cor Energy =  -1.289163118972E+01 eV                 0.000 s #
#         Coulombic Energy =   1.376372085082E-01 eV                 0.000 s #
#      Ion-Electron Energy =   9.753428388209E+00 eV                 0.000 s #
#           Ion-Ion Energy =  -3.247694574105E+01 eV                 0.000 s #
#                                                                            #
#     TOTAL KINETIC ENERGY =   1.159450640663E+01 eV                         #
#   TOTAL POTENTIAL ENERGY =  -3.547751133405E+01 eV                         #
#             TOTAL ENERGY =  -2.388300492742E+01 eV                         #
##############################################################################
  
 ----------------------------- TIME INFORMATION ------------------------------
    PROFESS      :      6.25s WALL    100.00% (       1 calls)     6.25s/call
    InitPROFESS  :      0.05s WALL      0.74% (       1 calls)     0.05s/call
    KEDFRefresh  :      0.02s WALL      0.34% (       1 calls)     0.02s/call
    IonRefresh   :      0.01s WALL      0.10% (       1 calls)     0.01s/call
    EwaldEnergy  :      0.00s WALL      0.04% (       1 calls)     0.00s/call
    Pot_Ion      :      0.01s WALL      0.14% (     153 calls)     0.00s/call
    Pot_Har      :      0.21s WALL      3.34% (     153 calls)     0.00s/call
    Pot_Exc      :      2.37s WALL     37.96% (     153 calls)     0.02s/call
    PBEPot       :      2.29s WALL     36.72% (     153 calls)     0.01s/call
    Pot_KEDF     :      3.19s WALL     51.06% (     153 calls)     0.02s/call
    WGCPotPlus   :      2.56s WALL     40.95% (     153 calls)     0.02s/call
    VWPotSqrPlus :      0.19s WALL      3.04% (     153 calls)     0.00s/call
    NextGradient :      0.00s WALL      0.05% (       8 calls)     0.00s/call
 -----------------------------------------------------------------------------
 ------------------------------- TOTAL ---------------------------------------
    PROFESS      :      6.25s WALL    100.00% (       1 calls)     6.25s/call
 -----------------------------------------------------------------------------

Run completed on: 05/02/2023 at 14:05:31 
  
