 ******************************************************************************
                             WELCOME TO PROFESS                   
            (PRinceton Orbital-Free Electronic Structure Software) 
 ******************************************************************************

 ------------------------------------------------------------------------------
                           READ GEOMETRY
 Cell length (Bohr)    7.147E+00   7.147E+00   7.147E+00
 Angle     (Degree)    6.000E+01   6.000E+01   6.000E+01
 Volume    (Bohr^3)    2.581E+02

 ------------------------------------------------------------------------------
                           READ PSEUDOPOTENTIAL
 Total electron number in ReadPseudo is    8.0000000000000000     
 (System) Machine Precision              :    2.2204460492503131E-016

 ------------------------------------------------------------------------------
                           SETUP FFT
 Global FFT Dimension :    35   35   35
 Dimension of rho for this processor : 
 xmin, xmax :            0          34
 ymin, ymax :            0          34
 zmin, zmax :            0          34
 Total electron number =    8.0000000000000000     
 Uniform rhoR =    3.0995133709633908E-002
 (GB INFO) FFT size      :       35      35      35
 (GB INFO) FFT offset    :        0
 (GB INFO) FFT G size    :       18      35      35
 (GB INFO) FFT G offset  :        0

 ------------------------------------------------------------------------------
                           SETUP KEDF
 kinetic energy density functional number is            5
 ( 1=TF, 2=VW, 3=TF+VW, 4=WT,  5=WGC,  
   7=LQ, 8=HQ, 10=CAT,  11=HC, 12=WGCD,
   15=GGA, 16=WGCD+GGA, 17=EVT, 18=EVC )
 qTable dimension:    18   35   35
 Coefficient for TF KEDF is     1.0000
 Coefficient for VW KEDF is     1.0000
 Coefficient for alpha in WGC KEDF is     1.2060
 Coefficient for beta  in WGC KEDF is     0.4607
 Coefficient for gamma in WGC KEDF is     4.2000
 rho0 (Electron/Bohr^3) in WGC KEDF is     0.0310
 rhoS (Electron/Bohr^3) in WGC KEDF is     0.0310
 hold0 =  F
 holdS =  F
  dV of each real space grid is now    6.0199424538956983E-003
 Cell length (Bohr)    7.147E+00   7.147E+00   7.147E+00
 Angle     (Degree)    6.000E+01   6.000E+01   6.000E+01
 Volume    (Bohr^3)    2.581E+02

 ------------------------------------------------------------------------------
                           SETUP EWALD 
 (Ewald) eta                             :    1.200    
 (Ewald) Real Space Cutoff               :    6.000     (Bohr)
 (Ewald) Reciprocal Cutoff               :    14.95     (1/Bohr)

 ------------------------------------------------------------------------------
                           SETUP PLANE WAVE 

 ------------------------------------------------------------------------------
                           INITIALIZING WGC KERNEL
 Fermi vector :   0.97178793921733742     
 Reference density :    3.0995133709633908E-002
 Make WGC kernels.
 Dimension of KEDF Kernel :           18          35          35

 ------------------------------------------------------------------------------
                           REFRESH ION POSITIONS
  
 Calculating Ion-Ion Energy ...                   complete.     0.002 s
  
 Calculating Ion-Electron Potential (spline) ... 
 complete.     0.005 s

 ------------------------------------------------------------------------------
                           DENSITY OPTIMIZATION
 Electron number for spin            1  is    8.0000000000040608     
 Cell Volume      :            38.247219 Angstrom^3
 Ion number       :                    2
 Electron number  :             8.000000
 Ion density      :             0.052291 Ion/Angstrom^3
 Electron density :             0.209166 Electron/Angstrom^3
##############################################################################
#                               FINAL ENERGIES                       time    #
##############################################################################
# Thomas-Fermi Kin. Energy =   8.229466903181E+01 eV                 0.000 s #
# Von-Weizsacker Kin. Ener =   2.579203814210E+01 eV                 0.000 s #
#       WGC Kinetic Energy =  -1.792580015004E+01 eV                 0.000 s #
#                                                                            #
# GGA(PBE) Exch-Cor Energy =  -6.753705762455E+01 eV                 0.000 s #
#         Coulombic Energy =   1.964589899967E+01 eV                 0.000 s #
#      Ion-Electron Energy =  -3.793463537266E+01 eV                 0.000 s #
#           Ion-Ion Energy =  -2.422354513046E+02 eV                 0.000 s #
#                                                                            #
#     TOTAL KINETIC ENERGY =   9.016090702387E+01 eV                         #
#   TOTAL POTENTIAL ENERGY =  -3.280612453021E+02 eV                         #
#             TOTAL ENERGY =  -2.379003382782E+02 eV                         #
##############################################################################
  
 ----------------------------- TIME INFORMATION ------------------------------
    PROFESS      :     22.30s WALL    100.00% (       1 calls)    22.30s/call
    InitPROFESS  :      0.06s WALL      0.25% (       1 calls)     0.06s/call
    KEDFRefresh  :      0.02s WALL      0.07% (       1 calls)     0.02s/call
    IonRefresh   :      0.01s WALL      0.04% (       1 calls)     0.01s/call
    EwaldEnergy  :      0.00s WALL      0.01% (       1 calls)     0.00s/call
    ForwFFT_3D   :      3.91s WALL     17.53% (    2727 calls)     0.00s/call
    BackFFT_3D   :      3.83s WALL     17.16% (    2725 calls)     0.00s/call
    Pot_Ion      :      0.07s WALL      0.33% (     227 calls)     0.00s/call
    Pot_Har      :      0.73s WALL      3.27% (     227 calls)     0.00s/call
    Pot_Exc      :     12.00s WALL     53.83% (     227 calls)     0.05s/call
    PBEPot       :     11.38s WALL     51.01% (     227 calls)     0.05s/call
    Pot_KEDF     :      8.34s WALL     37.41% (     227 calls)     0.04s/call
    WGCPotPlus   :      6.67s WALL     29.90% (     227 calls)     0.03s/call
    VWPotSqrPlus :      0.60s WALL      2.69% (     227 calls)     0.00s/call
    NextGradient :      0.02s WALL      0.08% (       9 calls)     0.00s/call
 -----------------------------------------------------------------------------
 ------------------------------- TOTAL ---------------------------------------
    PROFESS      :     22.30s WALL    100.00% (       1 calls)    22.30s/call
 -----------------------------------------------------------------------------

Run completed on: 07/30/2024 at 20:42:01 
  
