 ******************************************************************************
                             WELCOME TO PROFESS                   
            (PRinceton Orbital-Free Electronic Structure Software) 
 ******************************************************************************

 ------------------------------------------------------------------------------
                           READ GEOMETRY
 Cell length (Bohr)    5.263E+00   5.263E+00   8.840E+00
 Angle     (Degree)    9.000E+01   9.000E+01   1.200E+02
 Volume    (Bohr^3)    2.121E+02

 ------------------------------------------------------------------------------
                           READ PSEUDOPOTENTIAL
 Total electron number in ReadPseudo is    6.0000000000000000     
 (System) Machine Precision              :    2.2204460492503131E-016

 ------------------------------------------------------------------------------
                           SETUP FFT
 Global FFT Dimension :    14   14   24
 Rank/Size in Global Communicator     :            0 /           1
 Rank/Size in Global FFT Communicator :            0 /           1
 Parallel FFT, totX    =    14
 Parallel FFT, totY    =    14
 Parallel FFT, locZ    =    24
 Parallel FFT, locZoff =     0
 Dimension of rho for this processor : 
 xmin, xmax :            0          13
 ymin, ymax :            0          13
 zmin, zmax :            0          23
 Total electron number =    6.0000000000000000     
 Uniform rhoR =    2.8294768194400917E-002
 (GB INFO) FFT size      :       14      14      24
 (GB INFO) FFT offset    :        0
 (GB INFO) FFT G size    :        8      14      24
 (GB INFO) FFT G offset  :        0

 ------------------------------------------------------------------------------
                           SETUP KEDF
 kinetic energy density functional number is            4
 ( 1=TF, 2=VW, 3=TF+VW, 4=WT,  5=WGC,  
   7=LQ, 8=HQ, 10=CAT,  11=HC, 12=WGCD,
   15=GGA, 16=WGCD+GGA, 17=EVT, 18=EVC )
 qTable dimension:     8   14   24
 Coefficient for TF KEDF is     1.0000
 Coefficient for VW KEDF is     1.0000
 Coefficient for alpha in WT KEDF is     0.8333
 Coefficient for beta  in WT KEDF is     0.8333
 rho0 (Electron/Bohr^3) in WGC KEDF is     0.0283
 hold0 =  F
  dV of each real space grid is now    4.5079365744160285E-002
 Cell length (Bohr)    5.263E+00   5.263E+00   8.840E+00
 Angle     (Degree)    9.000E+01   9.000E+01   1.200E+02
 Volume    (Bohr^3)    2.121E+02

 ------------------------------------------------------------------------------
                           SETUP EWALD 
 (Ewald) eta                             :   0.7449    
 (Ewald) Real Space Cutoff               :    6.593     (Bohr)
 (Ewald) Reciprocal Cutoff               :    7.760     (1/Bohr)

 ------------------------------------------------------------------------------
                           SETUP PLANE WAVE 
 Read in WT kernel.
 kernel file name  : 4PROFESS_KERNEL.dat           
 KEDF type         :     4
 Fermi vector      :   1.182014212099E+00
 Reference density :  -1.000000000000E+00
 Mesh points       :   200002
 Fermi vector in this cell is    1.8854095786279630     
 Fermi vector from kernel file is    1.1820142120987149     
 First qNorm is    0.0000000000000000     
 size of Wang-Teter kernel in this run is            8          14          24
 Max |G| in this calculation is   1.876415344161E+01
 Max eta used from kernel is   9.952295593654E+00

 ------------------------------------------------------------------------------
                           REFRESH ION POSITIONS
  
 Calculating Ion-Ion Energy ...                   complete.     0.001 s
  
 Calculating Ion-Electron Potential (spline) ... 
 complete.     0.001 s

 ------------------------------------------------------------------------------
                           DENSITY OPTIMIZATION
 Electron number for spin            1  is    5.9999999999997362     
 Cell Volume      :            31.423062 Angstrom^3
 Ion number       :                    2
 Electron number  :             6.000000
 Ion density      :             0.063648 Ion/Angstrom^3
 Electron density :             0.190943 Electron/Angstrom^3
##############################################################################
#                               FINAL ENERGIES                       time    #
##############################################################################
# Thomas-Fermi Kin. Energy =   4.425959236468E+01 eV                 0.000 s #
# Von-Weizsacker Kin. Ener =   3.599677914705E+00 eV                 0.000 s #
# Wang-Teter Kinetic Energ =  -1.323542433507E+00 eV                 0.000 s #
#                                                                            #
#     LDA Exch-Corr Energy =  -4.432683954931E+01 eV                 0.000 s #
#         Coulombic Energy =   2.228944225257E-01 eV                 0.000 s #
#      Ion-Electron Energy =   3.114026851752E+01 eV                 0.000 s #
#           Ion-Ion Energy =  -1.494283527362E+02 eV                 0.000 s #
#                                                                            #
#     TOTAL KINETIC ENERGY =   4.653572784588E+01 eV                         #
#   TOTAL POTENTIAL ENERGY =  -1.623920293455E+02 eV                         #
#             TOTAL ENERGY =  -1.158563014996E+02 eV                         #
##############################################################################
  
 ----------------------------- TIME INFORMATION ------------------------------
    PROFESS      :      1.12s WALL    100.00% (       1 calls)     1.12s/call
    InitPROFESS  :      0.55s WALL     48.95% (       1 calls)     0.55s/call
    KEDFRefresh  :      0.52s WALL     46.38% (       1 calls)     0.52s/call
    IonRefresh   :      0.00s WALL      0.15% (       1 calls)     0.00s/call
    EwaldEnergy  :      0.00s WALL      0.06% (       1 calls)     0.00s/call
    Pot_Ion      :      0.00s WALL      0.04% (      76 calls)     0.00s/call
    Pot_Har      :      0.01s WALL      1.26% (      76 calls)     0.00s/call
    Pot_Exc      :      0.05s WALL      4.41% (      76 calls)     0.00s/call
    Pot_KEDF     :      0.22s WALL     19.67% (      76 calls)     0.00s/call
    VWPotSqrPlus :      0.01s WALL      1.19% (      76 calls)     0.00s/call
    NextGradient :      0.00s WALL      0.04% (       7 calls)     0.00s/call
 -----------------------------------------------------------------------------
 ------------------------------- TOTAL ---------------------------------------
    PROFESS      :      1.12s WALL    100.00% (       1 calls)     1.12s/call
 -----------------------------------------------------------------------------

Run completed on: 08/06/2021 at 18:31:25 
  
