 ******************************************************************************
                             WELCOME TO PROFESS                   
            (PRinceton Orbital-Free Electronic Structure Software) 
 ******************************************************************************

 ------------------------------------------------------------------------------
                           READ GEOMETRY
 Cell length (Bohr)    4.032E+01   4.032E+01   4.032E+01
 Angle     (Degree)    9.000E+01   9.000E+01   9.000E+01
 Volume    (Bohr^3)    6.556E+04

 ------------------------------------------------------------------------------
                           READ PSEUDOPOTENTIAL
 Total electron number in ReadPseudo is    2044.0000000000000     
 (System) Machine Precision              :    2.2204460492503131E-016

 ------------------------------------------------------------------------------
                           SETUP FFT
 Global FFT Dimension :   112  112  112
 Rank/Size in Global Communicator     :            0 /           1
 Rank/Size in Global FFT Communicator :            0 /           1
 Parallel FFT, totX    =   112
 Parallel FFT, totY    =   112
 Parallel FFT, locZ    =   112
 Parallel FFT, locZoff =     0
 Dimension of rho for this processor : 
 xmin, xmax :            0         111
 ymin, ymax :            0         111
 zmin, zmax :            0         111
 Total electron number =    2044.0000000000000     
 Uniform rhoR =    3.1178062214993838E-002
 (GB INFO) FFT size      :      112     112     112
 (GB INFO) FFT offset    :        0
 (GB INFO) FFT G size    :       57     112     112
 (GB INFO) FFT G offset  :        0

 ------------------------------------------------------------------------------
                           SETUP KEDF
 kinetic energy density functional number is            4
 ( 1=TF, 2=VW, 3=TF+VW, 4=WT,  5=WGC,  
   7=LQ, 8=HQ, 10=CAT,  11=HC, 12=WGCD,
   15=GGA, 16=WGCD+GGA, 17=EVT, 18=EVC )
 qTable dimension:    57  112  112
 Coefficient for TF KEDF is     1.0000
 Coefficient for VW KEDF is     1.0000
 Coefficient for alpha in WT KEDF is     0.8333
 Coefficient for beta  in WT KEDF is     0.8333
 rho0 (Electron/Bohr^3) in WGC KEDF is     0.0312
 hold0 =  F
  dV of each real space grid is now    4.6663542349047807E-002
 Cell length (Bohr)    4.032E+01   4.032E+01   4.032E+01
 Angle     (Degree)    9.000E+01   9.000E+01   9.000E+01
 Volume    (Bohr^3)    6.556E+04

 ------------------------------------------------------------------------------
                           SETUP EWALD 
 (Ewald) eta                             :   0.6973    
 (Ewald) Real Space Cutoff               :    7.868     (Bohr)
 (Ewald) Reciprocal Cutoff               :    8.648     (1/Bohr)

 ------------------------------------------------------------------------------
                           SETUP PLANE WAVE 
 Read in WT kernel.
 kernel file name  : 1PROFESS_KERNEL.dat           
 KEDF type         :     4
 Fermi vector      :   1.182014212099E+00
 Reference density :  -1.000000000000E+00
 Mesh points       :   200002
 Fermi vector in this cell is    1.9473919428068642     
 Fermi vector from kernel file is    1.1820142120987149     
 First qNorm is    0.0000000000000000     
 size of Wang-Teter kernel in this run is           57         112         112
 Max |G| in this calculation is   1.511418029951E+01
 Max eta used from kernel is   7.761242083463E+00

 ------------------------------------------------------------------------------
                           REFRESH ION POSITIONS
  
 Calculating Ion-Ion Energy ...                   complete.     0.169 s
  
 Calculating Ion-Electron Potential (spline) ... 
 complete.     0.120 s

 ------------------------------------------------------------------------------
                           DENSITY OPTIMIZATION
 Electron number for spin            1  is    2043.9999999567938     
 Cell Volume      :          9714.829107 Angstrom^3
 Ion number       :                  511
 Electron number  :          2044.000000
 Ion density      :             0.052600 Ion/Angstrom^3
 Electron density :             0.210400 Electron/Angstrom^3
##############################################################################
#                               FINAL ENERGIES                       time    #
##############################################################################
# Thomas-Fermi Kin. Energy =   1.988432703378E+04 eV                 0.000 s #
# Von-Weizsacker Kin. Ener =   5.994688412255E+03 eV                 0.000 s #
# Wang-Teter Kinetic Energ =  -4.737910154778E+03 eV                 0.000 s #
#                                                                            #
#     LDA Exch-Corr Energy =  -1.684676809428E+04 eV                 0.000 s #
#         Coulombic Energy =   3.618542669273E+03 eV                 0.000 s #
#      Ion-Electron Energy =  -4.548112298154E+03 eV                 0.000 s #
#           Ion-Ion Energy =  -5.934302262354E+04 eV                 0.000 s #
#                                                                            #
#     TOTAL KINETIC ENERGY =   2.114110529126E+04 eV                         #
#   TOTAL POTENTIAL ENERGY =  -7.711936034670E+04 eV                         #
#             TOTAL ENERGY =  -5.597825505544E+04 eV                         #
##############################################################################
  
 ----------------------------- TIME INFORMATION ------------------------------
    PROFESS      :    101.11s WALL    100.00% (       1 calls)   101.11s/call
    InitPROFESS  :      0.68s WALL      0.67% (       1 calls)     0.68s/call
    KEDFRefresh  :      0.33s WALL      0.32% (       1 calls)     0.33s/call
    IonRefresh   :      0.33s WALL      0.32% (       1 calls)     0.33s/call
    EwaldEnergy  :      0.17s WALL      0.17% (       1 calls)     0.17s/call
    Pot_Ion      :      0.28s WALL      0.28% (     109 calls)     0.00s/call
    Pot_Har      :      6.51s WALL      6.44% (     109 calls)     0.06s/call
    Pot_Exc      :     14.24s WALL     14.09% (     109 calls)     0.13s/call
    Pot_KEDF     :     74.04s WALL     73.23% (     109 calls)     0.68s/call
    VWPotSqrPlus :      6.24s WALL      6.18% (     109 calls)     0.06s/call
    NextGradient :      0.26s WALL      0.26% (      10 calls)     0.03s/call
 -----------------------------------------------------------------------------
 ------------------------------- TOTAL ---------------------------------------
    PROFESS      :    101.11s WALL    100.00% (       1 calls)   101.11s/call
 -----------------------------------------------------------------------------

Run completed on: 11/28/2022 at 19:37:23 
  
