 ******************************************************************************
                             WELCOME TO PROFESS                   
            (PRinceton Orbital-Free Electronic Structure Software) 
 ******************************************************************************

 ------------------------------------------------------------------------------
                           READ GEOMETRY
 Cell length (Bohr)    4.032E+01   4.032E+01   4.032E+01
 Angle     (Degree)    9.000E+01   9.000E+01   9.000E+01
 Volume    (Bohr^3)    6.556E+04

 ------------------------------------------------------------------------------
                           READ PSEUDOPOTENTIAL
 Total electron number in ReadPseudo is    2048.0000000000000     
 (System) Machine Precision              :    2.2204460492503131E-016

 ------------------------------------------------------------------------------
                           SETUP FFT
 Global FFT Dimension :   112  112  112
 Rank/Size in Global Communicator     :            0 /           1
 Rank/Size in Global FFT Communicator :            0 /           1
 Parallel FFT, totX    =   112
 Parallel FFT, totY    =   112
 Parallel FFT, locZ    =   112
 Parallel FFT, locZoff =     0
 Dimension of rho for this processor : 
 xmin, xmax :            0         111
 ymin, ymax :            0         111
 zmin, zmax :            0         111
 Total electron number =    2048.0000000000000     
 Uniform rhoR =    3.1239076035375429E-002
 (GB INFO) FFT size      :      112     112     112
 (GB INFO) FFT offset    :        0
 (GB INFO) FFT G size    :       57     112     112
 (GB INFO) FFT G offset  :        0

 ------------------------------------------------------------------------------
                           SETUP KEDF
 kinetic energy density functional number is            4
 ( 1=TF, 2=VW, 3=TF+VW, 4=WT,  5=WGC,  
   7=LQ, 8=HQ, 10=CAT,  11=HC, 12=WGCD,
   15=GGA, 16=WGCD+GGA, 17=EVT, 18=EVC )
 qTable dimension:    57  112  112
 Coefficient for TF KEDF is     1.0000
 Coefficient for VW KEDF is     1.0000
 Coefficient for alpha in WT KEDF is     0.8333
 Coefficient for beta  in WT KEDF is     0.8333
 rho0 (Electron/Bohr^3) in WGC KEDF is     0.0312
 hold0 =  F
  dV of each real space grid is now    4.6663542349047807E-002
 Cell length (Bohr)    4.032E+01   4.032E+01   4.032E+01
 Angle     (Degree)    9.000E+01   9.000E+01   9.000E+01
 Volume    (Bohr^3)    6.556E+04

 ------------------------------------------------------------------------------
                           SETUP EWALD 
 (Ewald) eta                             :   0.6973    
 (Ewald) Real Space Cutoff               :    7.868     (Bohr)
 (Ewald) Reciprocal Cutoff               :    8.648     (1/Bohr)

 ------------------------------------------------------------------------------
                           SETUP PLANE WAVE 
 Read in WT kernel.
 kernel file name  : 1PROFESS_KERNEL.dat           
 KEDF type         :     4
 Fermi vector      :   1.182014212099E+00
 Reference density :  -1.000000000000E+00
 Mesh points       :   200002
 Fermi vector in this cell is    1.9486614294394182     
 Fermi vector from kernel file is    1.1820142120987149     
 First qNorm is    0.0000000000000000     
 size of Wang-Teter kernel in this run is           57         112         112
 Max |G| in this calculation is   1.511418029951E+01
 Max eta used from kernel is   7.756185898264E+00

 ------------------------------------------------------------------------------
                           REFRESH ION POSITIONS
  
 Calculating Ion-Ion Energy ...                   complete.     0.167 s
  
 Calculating Ion-Electron Potential (spline) ... 
 complete.     0.119 s

 ------------------------------------------------------------------------------
                           DENSITY OPTIMIZATION
 Electron number for spin            1  is    2047.9999999926974     
 Cell Volume      :          9714.829107 Angstrom^3
 Ion number       :                  512
 Electron number  :          2048.000000
 Ion density      :             0.052703 Ion/Angstrom^3
 Electron density :             0.210812 Electron/Angstrom^3
##############################################################################
#                               FINAL ENERGIES                       time    #
##############################################################################
# Thomas-Fermi Kin. Energy =   1.993170050646E+04 eV                 0.000 s #
# Von-Weizsacker Kin. Ener =   6.001219364234E+03 eV                 0.000 s #
# Wang-Teter Kinetic Energ =  -4.740670626423E+03 eV                 0.000 s #
#                                                                            #
#     LDA Exch-Corr Energy =  -1.688400544350E+04 eV                 0.000 s #
#         Coulombic Energy =   3.559261024700E+03 eV                 0.000 s #
#      Ion-Electron Energy =  -4.394344333682E+03 eV                 0.000 s #
#           Ion-Ion Energy =  -5.956036230671E+04 eV                 0.000 s #
#                                                                            #
#     TOTAL KINETIC ENERGY =   2.119224924427E+04 eV                         #
#   TOTAL POTENTIAL ENERGY =  -7.727945105919E+04 eV                         #
#             TOTAL ENERGY =  -5.608720181491E+04 eV                         #
##############################################################################
  
 ----------------------------- TIME INFORMATION ------------------------------
    PROFESS      :     87.80s WALL    100.00% (       1 calls)    87.80s/call
    InitPROFESS  :      0.74s WALL      0.84% (       1 calls)     0.74s/call
    KEDFRefresh  :      0.38s WALL      0.43% (       1 calls)     0.38s/call
    IonRefresh   :      0.32s WALL      0.37% (       1 calls)     0.32s/call
    EwaldEnergy  :      0.17s WALL      0.19% (       1 calls)     0.17s/call
    Pot_Ion      :      0.24s WALL      0.27% (      94 calls)     0.00s/call
    Pot_Har      :      5.59s WALL      6.37% (      94 calls)     0.06s/call
    Pot_Exc      :     12.43s WALL     14.16% (      94 calls)     0.13s/call
    Pot_KEDF     :     64.08s WALL     72.98% (      94 calls)     0.68s/call
    VWPotSqrPlus :      5.58s WALL      6.35% (      94 calls)     0.06s/call
    NextGradient :      0.21s WALL      0.24% (       9 calls)     0.02s/call
 -----------------------------------------------------------------------------
 ------------------------------- TOTAL ---------------------------------------
    PROFESS      :     87.80s WALL    100.00% (       1 calls)    87.80s/call
 -----------------------------------------------------------------------------

Run completed on: 11/28/2022 at 19:37:10 
  
