 ******************************************************************************
                             WELCOME TO PROFESS                   
            (PRinceton Orbital-Free Electronic Structure Software) 
 ******************************************************************************

 ------------------------------------------------------------------------------
                           READ GEOMETRY
 Cell length (Bohr)    7.489E+00   7.489E+00   7.489E+00
 Angle     (Degree)    6.000E+01   6.000E+01   6.000E+01
 Volume    (Bohr^3)    2.970E+02

 ------------------------------------------------------------------------------
                           READ PSEUDOPOTENTIAL
 Total electron number in ReadPseudo is    2.0000000000000000     
 (System) Machine Precision              :    2.2204460492503131E-016

 ------------------------------------------------------------------------------
                           SETUP FFT
 Global FFT Dimension :    20   20   20
 Rank/Size in Global Communicator     :            0 /           1
 Rank/Size in Global FFT Communicator :            0 /           1
 Parallel FFT, totX    =    20
 Parallel FFT, totY    =    20
 Parallel FFT, locZ    =    20
 Parallel FFT, locZoff =     0
 Dimension of rho for this processor : 
 xmin, xmax :            0          19
 ymin, ymax :            0          19
 zmin, zmax :            0          19
 Total electron number =    2.0000000000000000     
 Uniform rhoR =    6.7343589676903482E-003
 (GB INFO) FFT size      :       20      20      20
 (GB INFO) FFT offset    :        0
 (GB INFO) FFT G size    :       11      20      20
 (GB INFO) FFT G offset  :        0

 ------------------------------------------------------------------------------
                           SETUP KEDF
 kinetic energy density functional number is            5
 ( 1=TF, 2=VW, 3=TF+VW, 4=WT,  5=WGC,  
   7=LQ, 8=HQ, 10=CAT,  11=HC, 12=WGCD,
   15=GGA, 16=WGCD+GGA, 17=EVT, 18=EVC )
 qTable dimension:    11   20   20
 Coefficient for TF KEDF is     1.0000
 Coefficient for VW KEDF is     1.0000
 Coefficient for alpha in WGC KEDF is     1.2060
 Coefficient for beta  in WGC KEDF is     0.4607
 Coefficient for gamma in WGC KEDF is     2.7000
 rho0 (Electron/Bohr^3) in WGC KEDF is     0.0067
 rhoS (Electron/Bohr^3) in WGC KEDF is     0.0067
 hold0 =  F
 holdS =  F
  dV of each real space grid is now    3.7123058215255987E-002
 Cell length (Bohr)    7.489E+00   7.489E+00   7.489E+00
 Angle     (Degree)    6.000E+01   6.000E+01   6.000E+01
 Volume    (Bohr^3)    2.970E+02

 ------------------------------------------------------------------------------
                           SETUP EWALD 
 (Ewald) eta                             :   0.7978    
 (Ewald) Real Space Cutoff               :    6.000     (Bohr)
 (Ewald) Reciprocal Cutoff               :    7.971     (1/Bohr)

 ------------------------------------------------------------------------------
                           SETUP PLANE WAVE 

 ------------------------------------------------------------------------------
                           INITIALIZING WGC KERNEL
 Fermi vector :   0.58421461969907307     
 Reference density :    6.7343589676903482E-003
 Make WGC kernels.
 Dimension of KEDF Kernel :           11          20          20

 ------------------------------------------------------------------------------
                           REFRESH ION POSITIONS
  
 Calculating Ion-Ion Energy ...                   complete.     0.000 s
  
 Calculating Ion-Electron Potential (spline) ... 
 complete.     0.001 s

 ------------------------------------------------------------------------------
                           DENSITY OPTIMIZATION
 Electron number for spin            1  is    2.0000000000001394     
 Cell Volume      :            44.008557 Angstrom^3
 Ion number       :                    2
 Electron number  :             2.000000
 Ion density      :             0.045446 Ion/Angstrom^3
 Electron density :             0.045446 Electron/Angstrom^3
##############################################################################
#                               FINAL ENERGIES                       time    #
##############################################################################
# Thomas-Fermi Kin. Energy =   5.617492347902E+00 eV                 0.000 s #
# Von-Weizsacker Kin. Ener =   4.136542452464E-01 eV                 0.000 s #
#       WGC Kinetic Energy =  -7.740367670704E-02 eV                 0.000 s #
#                                                                            #
#     LDA Exch-Corr Energy =  -9.553204282306E+00 eV                 0.000 s #
#         Coulombic Energy =   1.039663130776E-02 eV                 0.000 s #
#      Ion-Electron Energy =   3.310646592590E+00 eV                 0.000 s #
#           Ion-Ion Energy =  -1.384044564490E+01 eV                 0.000 s #
#                                                                            #
#     TOTAL KINETIC ENERGY =   5.953742916442E+00 eV                         #
#   TOTAL POTENTIAL ENERGY =  -2.007260670331E+01 eV                         #
#             TOTAL ENERGY =  -1.411886378686E+01 eV                         #
##############################################################################
  
 ----------------------------- TIME INFORMATION ------------------------------
    PROFESS      :      0.52s WALL    100.00% (       1 calls)     0.52s/call
    InitPROFESS  :      0.03s WALL      4.93% (       1 calls)     0.03s/call
    KEDFRefresh  :      0.01s WALL      2.09% (       1 calls)     0.01s/call
    IonRefresh   :      0.00s WALL      0.25% (       1 calls)     0.00s/call
    EwaldEnergy  :      0.00s WALL      0.10% (       1 calls)     0.00s/call
    Pot_Ion      :      0.00s WALL      0.10% (      72 calls)     0.00s/call
    Pot_Har      :      0.01s WALL      2.41% (      72 calls)     0.00s/call
    Pot_Exc      :      0.06s WALL     11.77% (      72 calls)     0.00s/call
    Pot_KEDF     :      0.31s WALL     60.47% (      72 calls)     0.00s/call
    WGCPotPlus   :      0.24s WALL     46.03% (      72 calls)     0.00s/call
    VWPotSqrPlus :      0.01s WALL      1.93% (      72 calls)     0.00s/call
    NextGradient :      0.00s WALL      0.10% (       6 calls)     0.00s/call
 -----------------------------------------------------------------------------
 ------------------------------- TOTAL ---------------------------------------
    PROFESS      :      0.52s WALL    100.00% (       1 calls)     0.52s/call
 -----------------------------------------------------------------------------

Run completed on: 08/17/2021 at 14:23:03 
  
