 ******************************************************************************
                             WELCOME TO PROFESS                   
            (PRinceton Orbital-Free Electronic Structure Software) 
 ******************************************************************************

 ------------------------------------------------------------------------------
                           READ GEOMETRY
 Cell length (Bohr)    5.663E+00   5.663E+00   5.663E+00
 Angle     (Degree)    6.000E+01   6.000E+01   6.000E+01
 Volume    (Bohr^3)    1.284E+02

 ------------------------------------------------------------------------------
                           READ PSEUDOPOTENTIAL
 Total electron number in ReadPseudo is    2.0000000000000000     
 (System) Machine Precision              :    2.2204460492503131E-016

 ------------------------------------------------------------------------------
                           SETUP FFT
 Global FFT Dimension :    28   28   28
 Rank/Size in Global Communicator     :            0 /           1
 Rank/Size in Global FFT Communicator :            0 /           1
 Parallel FFT, totX    =    28
 Parallel FFT, totY    =    28
 Parallel FFT, locZ    =    28
 Parallel FFT, locZoff =     0
 Dimension of rho for this processor : 
 xmin, xmax :            0          27
 ymin, ymax :            0          27
 zmin, zmax :            0          27
 Total electron number =    2.0000000000000000     
 Uniform rhoR =    1.5572260631946422E-002
 (GB INFO) FFT size      :       28      28      28
 (GB INFO) FFT offset    :        0
 (GB INFO) FFT G size    :       15      28      28
 (GB INFO) FFT G offset  :        0

 ------------------------------------------------------------------------------
                           SETUP KEDF
 kinetic energy density functional number is            5
 ( 1=TF, 2=VW, 3=TF+VW, 4=WT,  5=WGC,  
   7=LQ, 8=HQ, 10=CAT,  11=HC, 12=WGCD,
   15=GGA, 16=WGCD+GGA, 17=EVT, 18=EVC )
 qTable dimension:    15   28   28
 Coefficient for TF KEDF is     1.0000
 Coefficient for VW KEDF is     1.0000
 Coefficient for alpha in WGC KEDF is     1.2060
 Coefficient for beta  in WGC KEDF is     0.4607
 Coefficient for gamma in WGC KEDF is     2.7000
 rho0 (Electron/Bohr^3) in WGC KEDF is     0.0156
 rhoS (Electron/Bohr^3) in WGC KEDF is     0.0156
 hold0 =  F
 holdS =  F
  dV of each real space grid is now    5.8506516088749011E-003
 Cell length (Bohr)    5.663E+00   5.663E+00   5.663E+00
 Angle     (Degree)    6.000E+01   6.000E+01   6.000E+01
 Volume    (Bohr^3)    1.284E+02

 ------------------------------------------------------------------------------
                           SETUP EWALD 
 (Ewald) eta                             :    1.200    
 (Ewald) Real Space Cutoff               :    6.000     (Bohr)
 (Ewald) Reciprocal Cutoff               :    14.98     (1/Bohr)

 ------------------------------------------------------------------------------
                           SETUP PLANE WAVE 

 ------------------------------------------------------------------------------
                           INITIALIZING WGC KERNEL
 Fermi vector :   0.77254577425763216     
 Reference density :    1.5572260631946422E-002
 Make WGC kernels.
 Dimension of KEDF Kernel :           15          28          28

 ------------------------------------------------------------------------------
                           REFRESH ION POSITIONS
  
 Calculating Ion-Ion Energy ...                   complete.     0.003 s
  
 Calculating Ion-Electron Potential (spline) ... 
 complete.     0.003 s

 ------------------------------------------------------------------------------
                           DENSITY OPTIMIZATION
 Electron number for spin            1  is    1.9999999999997315     
 Cell Volume      :            19.031882 Angstrom^3
 Ion number       :                    1
 Electron number  :             2.000000
 Ion density      :             0.052543 Ion/Angstrom^3
 Electron density :             0.105087 Electron/Angstrom^3
##############################################################################
#                               FINAL ENERGIES                       time    #
##############################################################################
# Thomas-Fermi Kin. Energy =   9.988485912514E+00 eV                 0.000 s #
# Von-Weizsacker Kin. Ener =   1.108796506023E+00 eV                 0.000 s #
#       WGC Kinetic Energy =  -4.781358106101E-01 eV                 0.000 s #
#                                                                            #
# GGA(PBE) Exch-Cor Energy =  -1.238473190133E+01 eV                 0.000 s #
#         Coulombic Energy =   9.846762549866E-02 eV                 0.000 s #
#      Ion-Electron Energy =   8.727737970193E+00 eV                 0.000 s #
#           Ion-Ion Energy =  -3.115497821300E+01 eV                 0.000 s #
#                                                                            #
#     TOTAL KINETIC ENERGY =   1.061914660793E+01 eV                         #
#   TOTAL POTENTIAL ENERGY =  -3.471350451864E+01 eV                         #
#             TOTAL ENERGY =  -2.409435791071E+01 eV                         #
##############################################################################
  
 ----------------------------- TIME INFORMATION ------------------------------
    PROFESS      :      4.27s WALL    100.00% (       1 calls)     4.27s/call
    InitPROFESS  :      0.05s WALL      1.24% (       1 calls)     0.05s/call
    KEDFRefresh  :      0.02s WALL      0.56% (       1 calls)     0.02s/call
    IonRefresh   :      0.01s WALL      0.15% (       1 calls)     0.01s/call
    EwaldEnergy  :      0.00s WALL      0.06% (       1 calls)     0.00s/call
    Pot_Ion      :      0.01s WALL      0.13% (      96 calls)     0.00s/call
    Pot_Har      :      0.13s WALL      2.97% (      96 calls)     0.00s/call
    Pot_Exc      :      1.62s WALL     37.96% (      96 calls)     0.02s/call
    PBEPot       :      1.57s WALL     36.69% (      96 calls)     0.02s/call
    Pot_KEDF     :      2.07s WALL     48.49% (      96 calls)     0.02s/call
    WGCPotPlus   :      1.64s WALL     38.41% (      96 calls)     0.02s/call
    VWPotSqrPlus :      0.11s WALL      2.61% (      96 calls)     0.00s/call
    NextGradient :      0.00s WALL      0.06% (       6 calls)     0.00s/call
 -----------------------------------------------------------------------------
 ------------------------------- TOTAL ---------------------------------------
    PROFESS      :      4.27s WALL    100.00% (       1 calls)     4.27s/call
 -----------------------------------------------------------------------------

Run completed on: 05/02/2023 at 14:05:29 
  
