 ******************************************************************************
                             WELCOME TO PROFESS                   
            (PRinceton Orbital-Free Electronic Structure Software) 
 ******************************************************************************

 ------------------------------------------------------------------------------
                           READ GEOMETRY
 Cell length (Bohr)    6.958E+00   6.958E+00   1.144E+01
 Angle     (Degree)    9.000E+01   9.000E+01   1.200E+02
 Volume    (Bohr^3)    4.795E+02

 ------------------------------------------------------------------------------
                           READ PSEUDOPOTENTIAL
 Total electron number in ReadPseudo is    16.000000000000000     
 (System) Machine Precision              :    2.2204460492503131E-016

 ------------------------------------------------------------------------------
                           SETUP FFT
 Global FFT Dimension :    35   35   56
 Dimension of rho for this processor : 
 xmin, xmax :            0          34
 ymin, ymax :            0          34
 zmin, zmax :            0          55
 Total electron number =    16.000000000000000     
 Uniform rhoR =    3.3366340592029045E-002
 (GB INFO) FFT size      :       35      35      56
 (GB INFO) FFT offset    :        0
 (GB INFO) FFT G size    :       18      35      56
 (GB INFO) FFT G offset  :        0

 ------------------------------------------------------------------------------
                           SETUP KEDF
 kinetic energy density functional number is           11
 ( 1=TF, 2=VW, 3=TF+VW, 4=WT,  5=WGC,  
   7=LQ, 8=HQ, 10=CAT,  11=HC, 12=WGCD,
   15=GGA, 16=WGCD+GGA, 17=EVT, 18=EVC )
 qTable dimension:    18   35   56
 rhoS=   3.3366340592029045E-002
 rho0=   3.3366340592029045E-002
 coefficients for TF KEDF is     1.000000
 coefficients for VW KEDF is     1.000000
 Lambda in HC10 is set to     0.012500
 ALPHA  in HC10 is set to     1.841667
 BETA   in HC10 is set to     0.825000
 Sum of alpha and beta is     2.666667
  dV of each real space grid is now    6.9901627647838858E-003
 Cell length (Bohr)    6.958E+00   6.958E+00   1.144E+01
 Angle     (Degree)    9.000E+01   9.000E+01   1.200E+02
 Volume    (Bohr^3)    4.795E+02

 ------------------------------------------------------------------------------
                           SETUP EWALD 
 (Ewald) eta                             :    1.200    
 (Ewald) Real Space Cutoff               :    6.000     (Bohr)
 (Ewald) Reciprocal Cutoff               :    15.11     (1/Bohr)

 ------------------------------------------------------------------------------
                           SETUP PLANE WAVE 

 ------------------------------------------------------------------------------
                           REFRESH ION POSITIONS
  
 Calculating Ion-Ion Energy ...                   complete.     0.008 s
  
 Calculating Ion-Electron Potential (spline) ... 
 complete.     0.016 s

 ------------------------------------------------------------------------------
                           DENSITY OPTIMIZATION
 Electron number for spin            1  is    16.000000000003848     
 Cell Volume      :            71.058297 Angstrom^3
 Ion number       :                    4
 Electron number  :            16.000000
 Ion density      :             0.056292 Ion/Angstrom^3
 Electron density :             0.225167 Electron/Angstrom^3
##############################################################################
#                               FINAL ENERGIES                       time    #
##############################################################################
# Thomas-Fermi Kin. Energy =   1.636386529005E+02 eV                 0.000 s #
# Von-Weizsacker Kin. Ener =   4.685028805276E+01 eV                 0.000 s #
#                                                                            #
# GGA(PBE) Exch-Cor Energy =  -1.357703913041E+02 eV                 0.000 s #
#         Coulombic Energy =   3.206615390655E+01 eV                 0.000 s #
#      Ion-Electron Energy =  -2.951912509134E+01 eV                 0.000 s #
#           Ion-Ion Energy =  -4.958962850442E+02 eV                 0.000 s #
#                                                                            #
#     TOTAL KINETIC ENERGY =   1.712890695364E+02 eV                         #
#   TOTAL POTENTIAL ENERGY =  -6.291196475331E+02 eV                         #
#             TOTAL ENERGY =  -4.578305779967E+02 eV                         #
##############################################################################
  
 ----------------------------- TIME INFORMATION ------------------------------
    PROFESS      :   1265.30s WALL    100.00% (       1 calls)  1265.30s/call
    InitPROFESS  :      0.07s WALL      0.01% (       1 calls)     0.07s/call
    KEDFRefresh  :      0.00s WALL      0.00% (       1 calls)     0.00s/call
    IonRefresh   :      0.03s WALL      0.00% (       1 calls)     0.03s/call
    EwaldEnergy  :      0.01s WALL      0.00% (       1 calls)     0.01s/call
    ForwFFT_3D   :    209.26s WALL     16.54% (   52629 calls)     0.00s/call
    BackFFT_3D   :    127.21s WALL     10.05% (   33741 calls)     0.00s/call
    Pot_Ion      :      1.01s WALL      0.08% (     782 calls)     0.00s/call
    Pot_Har      :      7.38s WALL      0.58% (     782 calls)     0.01s/call
    Pot_Exc      :    144.13s WALL     11.39% (     782 calls)     0.18s/call
    PBEPot       :    143.01s WALL     11.30% (     782 calls)     0.18s/call
    Pot_KEDF     :   1099.39s WALL     86.89% (     782 calls)     1.41s/call
    intPot       :   1081.92s WALL     85.51% (     782 calls)     1.38s/call
    MakeXiG      :      7.17s WALL      0.57% (     782 calls)     0.01s/call
    VWPotSqrPlus :      6.27s WALL      0.50% (     782 calls)     0.01s/call
    intPot1      :    316.42s WALL     25.01% (   11006 calls)     0.03s/call
    MakeHC10Kern :     34.52s WALL      2.73% (   11787 calls)     0.00s/call
    intPot2      :    220.45s WALL     17.42% (   11006 calls)     0.02s/call
    intPot3      :    318.08s WALL     25.14% (   11006 calls)     0.03s/call
    intPot4      :    142.79s WALL     11.28% (   11006 calls)     0.01s/call
    NextGradient :      0.77s WALL      0.06% (      88 calls)     0.01s/call
 -----------------------------------------------------------------------------
 ------------------------------- TOTAL ---------------------------------------
    PROFESS      :   1265.30s WALL    100.00% (       1 calls)  1265.30s/call
 -----------------------------------------------------------------------------

Run completed on: 07/31/2024 at 00:04:52 
  
