 ******************************************************************************
                             WELCOME TO PROFESS                   
            (PRinceton Orbital-Free Electronic Structure Software) 
 ******************************************************************************

 ------------------------------------------------------------------------------
                           READ GEOMETRY
 Cell length (Bohr)    5.631E+00   5.631E+00   5.631E+00
 Angle     (Degree)    6.000E+01   6.000E+01   6.000E+01
 Volume    (Bohr^3)    1.262E+02

 ------------------------------------------------------------------------------
                           READ PSEUDOPOTENTIAL
 Total electron number in ReadPseudo is    1.0000000000000000     
 (System) Machine Precision              :    2.2204460492503131E-016

 ------------------------------------------------------------------------------
                           SETUP FFT
 Global FFT Dimension :    15   15   15
 Rank/Size in Global Communicator     :            0 /           1
 Rank/Size in Global FFT Communicator :            0 /           1
 Parallel FFT, totX    =    15
 Parallel FFT, totY    =    15
 Parallel FFT, locZ    =    15
 Parallel FFT, locZoff =     0
 Dimension of rho for this processor : 
 xmin, xmax :            0          14
 ymin, ymax :            0          14
 zmin, zmax :            0          14
 Total electron number =    1.0000000000000000     
 Uniform rhoR =    7.9224810857677404E-003
 (GB INFO) FFT size      :       15      15      15
 (GB INFO) FFT offset    :        0
 (GB INFO) FFT G size    :        8      15      15
 (GB INFO) FFT G offset  :        0

 ------------------------------------------------------------------------------
                           SETUP KEDF
 kinetic energy density functional number is            4
 ( 1=TF, 2=VW, 3=TF+VW, 4=WT,  5=WGC,  
   7=LQ, 8=HQ, 10=CAT,  11=HC, 12=WGCD,
   15=GGA, 16=WGCD+GGA, 17=EVT, 18=EVC )
 qTable dimension:     8   15   15
 Coefficient for TF KEDF is     1.0000
 Coefficient for VW KEDF is     1.0000
 Coefficient for alpha in WT KEDF is     0.8333
 Coefficient for beta  in WT KEDF is     0.8333
 rho0 (Electron/Bohr^3) in WGC KEDF is     0.0079
 hold0 =  F
  dV of each real space grid is now    3.7399432461703783E-002
 Cell length (Bohr)    5.631E+00   5.631E+00   5.631E+00
 Angle     (Degree)    6.000E+01   6.000E+01   6.000E+01
 Volume    (Bohr^3)    1.262E+02

 ------------------------------------------------------------------------------
                           SETUP EWALD 
 (Ewald) eta                             :   0.8031    
 (Ewald) Real Space Cutoff               :    6.000     (Bohr)
 (Ewald) Reciprocal Cutoff               :    7.811     (1/Bohr)

 ------------------------------------------------------------------------------
                           SETUP PLANE WAVE 
 Read in WT kernel.
 kernel file name  : PROFESS_KERNEL.dat            
 KEDF type         :     4
 Fermi vector      :   1.182014212099E+00
 Reference density :  -1.000000000000E+00
 Mesh points       :    20001
 Fermi vector in this cell is    1.2334571478342806     
 Fermi vector from kernel file is    1.1820142120987149     
 First qNorm is    0.0000000000000000     
 size of Wang-Teter kernel in this run is            8          15          15
 Max |G| in this calculation is   1.831926271376E+01
 Max eta used from kernel is   1.485196526359E+01

 ------------------------------------------------------------------------------
                           REFRESH ION POSITIONS
  
 Calculating Ion-Ion Energy ...                   complete.     0.000 s
  
 Calculating Ion-Electron Potential (spline) ... 
 complete.     0.000 s

 ------------------------------------------------------------------------------
                           DENSITY OPTIMIZATION
 Electron number for spin            1  is   0.99999999999996747     
 Cell Volume      :            18.704331 Angstrom^3
 Ion number       :                    1
 Electron number  :             1.000000
 Ion density      :             0.053464 Ion/Angstrom^3
 Electron density :             0.053464 Electron/Angstrom^3
##############################################################################
#                               FINAL ENERGIES                       time    #
##############################################################################
# Thomas-Fermi Kin. Energy =   3.146099639458E+00 eV                 0.000 s #
# Von-Weizsacker Kin. Ener =   2.534192570317E-01 eV                 0.000 s #
# Wang-Teter Kinetic Energ =  -7.692732788690E-02 eV                 0.000 s #
#                                                                            #
#     LDA Exch-Corr Energy =  -5.025365231949E+00 eV                 0.000 s #
#         Coulombic Energy =   1.449427392240E-02 eV                 0.000 s #
#      Ion-Electron Energy =   1.923224538891E+00 eV                 0.000 s #
#           Ion-Ion Energy =  -7.833947224927E+00 eV                 0.000 s #
#                                                                            #
#     TOTAL KINETIC ENERGY =   3.322591568603E+00 eV                         #
#   TOTAL POTENTIAL ENERGY =  -1.092159364406E+01 eV                         #
#             TOTAL ENERGY =  -7.599002075459E+00 eV                         #
##############################################################################
  
 ----------------------------- TIME INFORMATION ------------------------------
    PROFESS      :      0.47s WALL    100.00% (       1 calls)     0.47s/call
    InitPROFESS  :      0.06s WALL     12.78% (       1 calls)     0.06s/call
    KEDFRefresh  :      0.05s WALL     10.16% (       1 calls)     0.05s/call
    IonRefresh   :      0.00s WALL      0.17% (       1 calls)     0.00s/call
    EwaldEnergy  :      0.00s WALL      0.08% (       1 calls)     0.00s/call
    Pot_Ion      :      0.00s WALL      0.06% (      70 calls)     0.00s/call
    Pot_Har      :      0.01s WALL      1.56% (      70 calls)     0.00s/call
    Pot_Exc      :      0.03s WALL      6.58% (      70 calls)     0.00s/call
    Pot_KEDF     :      0.14s WALL     29.74% (      70 calls)     0.00s/call
    VWPotSqrPlus :      0.01s WALL      1.36% (      70 calls)     0.00s/call
    NextGradient :      0.00s WALL      0.06% (       6 calls)     0.00s/call
 -----------------------------------------------------------------------------
 ------------------------------- TOTAL ---------------------------------------
    PROFESS      :      0.47s WALL    100.00% (       1 calls)     0.47s/call
 -----------------------------------------------------------------------------

Run completed on: 08/14/2021 at 19:03:46 
  
