 ******************************************************************************
                             WELCOME TO PROFESS                   
            (PRinceton Orbital-Free Electronic Structure Software) 
 ******************************************************************************

 ------------------------------------------------------------------------------
                           READ GEOMETRY
 Cell length (Bohr)    7.685E+00   7.685E+00   7.685E+00
 Angle     (Degree)    6.000E+01   6.000E+01   6.000E+01
 Volume    (Bohr^3)    3.210E+02

 ------------------------------------------------------------------------------
                           READ PSEUDOPOTENTIAL
 Total electron number in ReadPseudo is    8.0000000000000000     
 (System) Machine Precision              :    2.2204460492503131E-016

 ------------------------------------------------------------------------------
                           SETUP FFT
 Global FFT Dimension :    40   40   40
 Dimension of rho for this processor : 
 xmin, xmax :            0          39
 ymin, ymax :            0          39
 zmin, zmax :            0          39
 Total electron number =    8.0000000000000000     
 Uniform rhoR =    2.4924673093461372E-002
 (GB INFO) FFT size      :       40      40      40
 (GB INFO) FFT offset    :        0
 (GB INFO) FFT G size    :       21      40      40
 (GB INFO) FFT G offset  :        0

 ------------------------------------------------------------------------------
                           SETUP KEDF
 kinetic energy density functional number is           11
 ( 1=TF, 2=VW, 3=TF+VW, 4=WT,  5=WGC,  
   7=LQ, 8=HQ, 10=CAT,  11=HC, 12=WGCD,
   15=GGA, 16=WGCD+GGA, 17=EVT, 18=EVC )
 qTable dimension:    21   40   40
 rhoS=   2.4924673093461372E-002
 rho0=   2.4924673093461372E-002
 coefficients for TF KEDF is     1.000000
 coefficients for VW KEDF is     1.000000
 Lambda in HC10 is set to     0.012500
 ALPHA  in HC10 is set to     1.841667
 BETA   in HC10 is set to     0.825000
 Sum of alpha and beta is     2.666667
  dV of each real space grid is now    5.0151109116368690E-003
 Cell length (Bohr)    7.685E+00   7.685E+00   7.685E+00
 Angle     (Degree)    6.000E+01   6.000E+01   6.000E+01
 Volume    (Bohr^3)    3.210E+02

 ------------------------------------------------------------------------------
                           SETUP EWALD 
 (Ewald) eta                             :    1.200    
 (Ewald) Real Space Cutoff               :    6.000     (Bohr)
 (Ewald) Reciprocal Cutoff               :    15.94     (1/Bohr)

 ------------------------------------------------------------------------------
                           SETUP PLANE WAVE 

 ------------------------------------------------------------------------------
                           REFRESH ION POSITIONS
  
 Calculating Ion-Ion Energy ...                   complete.     0.021 s
  
 Calculating Ion-Electron Potential (spline) ... 
 complete.     0.053 s

 ------------------------------------------------------------------------------
                           DENSITY OPTIMIZATION
 Electron number for spin            1  is    7.9999999999936930     
 Cell Volume      :            47.562416 Angstrom^3
 Ion number       :                    2
 Electron number  :             8.000000
 Ion density      :             0.042050 Ion/Angstrom^3
 Electron density :             0.168200 Electron/Angstrom^3
##############################################################################
#                               FINAL ENERGIES                       time    #
##############################################################################
# Thomas-Fermi Kin. Energy =   7.211167331109E+01 eV                 0.000 s #
# Von-Weizsacker Kin. Ener =   2.290150533786E+01 eV                 0.000 s #
#                                                                            #
# GGA(PBE) Exch-Cor Energy =  -6.383349224641E+01 eV                 0.000 s #
#         Coulombic Energy =   2.018076467571E+01 eV                 0.000 s #
#      Ion-Electron Energy =  -3.710209597704E+01 eV                 0.000 s #
#           Ion-Ion Energy =  -2.252594507549E+02 eV                 0.000 s #
#                                                                            #
#     TOTAL KINETIC ENERGY =   7.616088406655E+01 eV                         #
#   TOTAL POTENTIAL ENERGY =  -3.060142743027E+02 eV                         #
#             TOTAL ENERGY =  -2.298533902361E+02 eV                         #
##############################################################################
  
 ----------------------------- TIME INFORMATION ------------------------------
    PROFESS      :   4103.73s WALL    100.00% (       1 calls)  4103.73s/call
    InitPROFESS  :      0.13s WALL      0.00% (       1 calls)     0.13s/call
    KEDFRefresh  :      0.01s WALL      0.00% (       1 calls)     0.01s/call
    IonRefresh   :      0.08s WALL      0.00% (       1 calls)     0.08s/call
    EwaldEnergy  :      0.02s WALL      0.00% (       1 calls)     0.02s/call
    ForwFFT_3D   :    738.18s WALL     17.99% (   84793 calls)     0.01s/call
    BackFFT_3D   :    377.26s WALL      9.19% (   55639 calls)     0.01s/call
    Pot_Ion      :      3.54s WALL      0.09% (    1394 calls)     0.00s/call
    Pot_Har      :     27.45s WALL      0.67% (    1394 calls)     0.02s/call
    Pot_Exc      :    509.42s WALL     12.41% (    1394 calls)     0.37s/call
    PBEPot       :    505.41s WALL     12.32% (    1394 calls)     0.36s/call
    Pot_KEDF     :   3515.70s WALL     85.67% (    1394 calls)     2.52s/call
    intPot       :   3446.72s WALL     83.99% (    1394 calls)     2.47s/call
    MakeXiG      :     25.10s WALL      0.61% (    1394 calls)     0.02s/call
    intPot1      :    950.77s WALL     23.17% (   17364 calls)     0.05s/call
    MakeHC10Kern :     92.41s WALL      2.25% (   18758 calls)     0.00s/call
    intPot2      :    694.69s WALL     16.93% (   17364 calls)     0.04s/call
    intPot3      :   1081.26s WALL     26.35% (   17364 calls)     0.06s/call
    intPot4      :    433.20s WALL     10.56% (   17364 calls)     0.02s/call
    VWPotSqrPlus :     24.01s WALL      0.59% (    1394 calls)     0.02s/call
    NextGradient :      2.21s WALL      0.05% (     124 calls)     0.02s/call
 -----------------------------------------------------------------------------
 ------------------------------- TOTAL ---------------------------------------
    PROFESS      :   4103.73s WALL    100.00% (       1 calls)  4103.73s/call
 -----------------------------------------------------------------------------

Run completed on: 07/31/2024 at 10:23:00 
  
