 ******************************************************************************
                             WELCOME TO PROFESS                   
            (PRinceton Orbital-Free Electronic Structure Software) 
 ******************************************************************************

 ------------------------------------------------------------------------------
                           READ GEOMETRY
 Cell length (Bohr)    2.019E+01   1.010E+01   1.010E+01
 Angle     (Degree)    9.000E+01   9.000E+01   9.000E+01
 Volume    (Bohr^3)    2.058E+03

 ------------------------------------------------------------------------------
                           READ PSEUDOPOTENTIAL
 Total electron number in ReadPseudo is    60.000000000000000     
 (System) Machine Precision              :    2.2204460492503131E-016

 ------------------------------------------------------------------------------
                           SETUP FFT
 Global FFT Dimension :    56   28   28
 Rank/Size in Global Communicator     :            0 /           1
 Rank/Size in Global FFT Communicator :            0 /           1
 Parallel FFT, totX    =    56
 Parallel FFT, totY    =    28
 Parallel FFT, locZ    =    28
 Parallel FFT, locZoff =     0
 Dimension of rho for this processor : 
 xmin, xmax :            0          55
 ymin, ymax :            0          27
 zmin, zmax :            0          27
 Total electron number =    60.000000000000000     
 Uniform rhoR =    2.9147789439556353E-002
 (GB INFO) FFT size      :       56      28      28
 (GB INFO) FFT offset    :        0
 (GB INFO) FFT G size    :       29      28      28
 (GB INFO) FFT G offset  :        0

 ------------------------------------------------------------------------------
                           SETUP KEDF
 kinetic energy density functional number is            4
 ( 1=TF, 2=VW, 3=TF+VW, 4=WT,  5=WGC,  
   7=LQ, 8=HQ, 10=CAT,  11=HC, 12=WGCD,
   15=GGA, 16=WGCD+GGA, 17=EVT, 18=EVC )
 qTable dimension:    29   28   28
 Coefficient for TF KEDF is     1.0000
 Coefficient for VW KEDF is     1.0000
 Coefficient for alpha in WT KEDF is     0.8333
 Coefficient for beta  in WT KEDF is     0.8333
 rho0 (Electron/Bohr^3) in WGC KEDF is     0.0291
 hold0 =  F
  dV of each real space grid is now    4.6885822289738276E-002
 Cell length (Bohr)    2.019E+01   1.010E+01   1.010E+01
 Angle     (Degree)    9.000E+01   9.000E+01   9.000E+01
 Volume    (Bohr^3)    2.058E+03

 ------------------------------------------------------------------------------
                           SETUP EWALD 
 (Ewald) eta                             :   0.7502    
 (Ewald) Real Space Cutoff               :    6.847     (Bohr)
 (Ewald) Reciprocal Cutoff               :    8.401     (1/Bohr)

 ------------------------------------------------------------------------------
                           SETUP PLANE WAVE 
 Read in WT kernel.
 kernel file name  : 1PROFESS_KERNEL.dat           
 KEDF type         :     4
 Fermi vector      :   1.182014212099E+00
 Reference density :  -1.000000000000E+00
 Mesh points       :   200002
 Fermi vector in this cell is    1.9041692032414261     
 Fermi vector from kernel file is    1.1820142120987149     
 First qNorm is    0.0000000000000000     
 size of Wang-Teter kernel in this run is           29          28          28
 Max |G| in this calculation is   1.509025762892E+01
 Max eta used from kernel is   7.924851217650E+00

 ------------------------------------------------------------------------------
                           REFRESH ION POSITIONS
  
 Calculating Ion-Ion Energy ...                   complete.     0.003 s
  
 Calculating Ion-Electron Potential (spline) ... 
 complete.     0.003 s

 ------------------------------------------------------------------------------
                           DENSITY OPTIMIZATION
 Electron number for spin            1  is    59.999999999985896     
 Cell Volume      :           305.034541 Angstrom^3
 Ion number       :                   15
 Electron number  :            60.000000
 Ion density      :             0.049175 Ion/Angstrom^3
 Electron density :             0.196699 Electron/Angstrom^3
##############################################################################
#                               FINAL ENERGIES                       time    #
##############################################################################
# Thomas-Fermi Kin. Energy =   5.740619380667E+02 eV                 0.000 s #
# Von-Weizsacker Kin. Ener =   1.803600652298E+02 eV                 0.000 s #
# Wang-Teter Kinetic Energ =  -1.446580829613E+02 eV                 0.000 s #
#                                                                            #
#     LDA Exch-Corr Energy =  -4.898320805365E+02 eV                 0.000 s #
#         Coulombic Energy =   1.498624465077E+02 eV                 0.000 s #
#      Ion-Electron Energy =  -2.485619848432E+02 eV                 0.000 s #
#           Ion-Ion Energy =  -1.664961649010E+03 eV                 0.000 s #
#                                                                            #
#     TOTAL KINETIC ENERGY =   6.097639203352E+02 eV                         #
#   TOTAL POTENTIAL ENERGY =  -2.253493267882E+03 eV                         #
#             TOTAL ENERGY =  -1.643729347547E+03 eV                         #
##############################################################################
  
 ----------------------------- TIME INFORMATION ------------------------------
    PROFESS      :      3.33s WALL    100.00% (       1 calls)     3.33s/call
    InitPROFESS  :      0.22s WALL      6.46% (       1 calls)     0.22s/call
    KEDFRefresh  :      0.20s WALL      5.91% (       1 calls)     0.20s/call
    IonRefresh   :      0.01s WALL      0.20% (       1 calls)     0.01s/call
    EwaldEnergy  :      0.00s WALL      0.09% (       1 calls)     0.00s/call
    Pot_Ion      :      0.01s WALL      0.16% (     119 calls)     0.00s/call
    Pot_Har      :      0.17s WALL      5.09% (     119 calls)     0.00s/call
    Pot_Exc      :      0.48s WALL     14.28% (     119 calls)     0.00s/call
    Pot_KEDF     :      2.23s WALL     67.03% (     119 calls)     0.02s/call
    VWPotSqrPlus :      0.14s WALL      4.24% (     119 calls)     0.00s/call
    NextGradient :      0.00s WALL      0.11% (       9 calls)     0.00s/call
 -----------------------------------------------------------------------------
 ------------------------------- TOTAL ---------------------------------------
    PROFESS      :      3.33s WALL    100.00% (       1 calls)     3.33s/call
 -----------------------------------------------------------------------------

Run completed on: 11/17/2021 at 17:12:17 
  
