 ******************************************************************************
                             WELCOME TO PROFESS                   
            (PRinceton Orbital-Free Electronic Structure Software) 
 ******************************************************************************

 ------------------------------------------------------------------------------
                           READ GEOMETRY
 Cell length (Bohr)    2.019E+01   1.010E+01   1.010E+01
 Angle     (Degree)    9.000E+01   9.000E+01   9.000E+01
 Volume    (Bohr^3)    2.058E+03

 ------------------------------------------------------------------------------
                           READ PSEUDOPOTENTIAL
 Total electron number in ReadPseudo is    64.000000000000000     
 (System) Machine Precision              :    2.2204460492503131E-016

 ------------------------------------------------------------------------------
                           SETUP FFT
 Global FFT Dimension :    56   28   28
 Rank/Size in Global Communicator     :            0 /           1
 Rank/Size in Global FFT Communicator :            0 /           1
 Parallel FFT, totX    =    56
 Parallel FFT, totY    =    28
 Parallel FFT, locZ    =    28
 Parallel FFT, locZoff =     0
 Dimension of rho for this processor : 
 xmin, xmax :            0          55
 ymin, ymax :            0          27
 zmin, zmax :            0          27
 Total electron number =    64.000000000000000     
 Uniform rhoR =    3.1090975402193445E-002
 (GB INFO) FFT size      :       56      28      28
 (GB INFO) FFT offset    :        0
 (GB INFO) FFT G size    :       29      28      28
 (GB INFO) FFT G offset  :        0

 ------------------------------------------------------------------------------
                           SETUP KEDF
 kinetic energy density functional number is            4
 ( 1=TF, 2=VW, 3=TF+VW, 4=WT,  5=WGC,  
   7=LQ, 8=HQ, 10=CAT,  11=HC, 12=WGCD,
   15=GGA, 16=WGCD+GGA, 17=EVT, 18=EVC )
 qTable dimension:    29   28   28
 Coefficient for TF KEDF is     1.0000
 Coefficient for VW KEDF is     1.0000
 Coefficient for alpha in WT KEDF is     0.8333
 Coefficient for beta  in WT KEDF is     0.8333
 rho0 (Electron/Bohr^3) in WGC KEDF is     0.0311
 hold0 =  F
  dV of each real space grid is now    4.6885822289738276E-002
 Cell length (Bohr)    2.019E+01   1.010E+01   1.010E+01
 Angle     (Degree)    9.000E+01   9.000E+01   9.000E+01
 Volume    (Bohr^3)    2.058E+03

 ------------------------------------------------------------------------------
                           SETUP EWALD 
 (Ewald) eta                             :   0.7449    
 (Ewald) Real Space Cutoff               :    6.915     (Bohr)
 (Ewald) Reciprocal Cutoff               :    8.401     (1/Bohr)

 ------------------------------------------------------------------------------
                           SETUP PLANE WAVE 
 Read in WT kernel.
 kernel file name  : 1PROFESS_KERNEL.dat           
 KEDF type         :     4
 Fermi vector      :   1.182014212099E+00
 Reference density :  -1.000000000000E+00
 Mesh points       :   200002
 Fermi vector in this cell is    1.9455770950896287     
 Fermi vector from kernel file is    1.1820142120987149     
 First qNorm is    0.0000000000000000     
 size of Wang-Teter kernel in this run is           29          28          28
 Max |G| in this calculation is   1.509025762892E+01
 Max eta used from kernel is   7.756185898264E+00

 ------------------------------------------------------------------------------
                           REFRESH ION POSITIONS
  
 Calculating Ion-Ion Energy ...                   complete.     0.003 s
  
 Calculating Ion-Electron Potential (spline) ... 
 complete.     0.003 s

 ------------------------------------------------------------------------------
                           DENSITY OPTIMIZATION
 Electron number for spin            1  is    63.999999999962718     
 Cell Volume      :           305.034541 Angstrom^3
 Ion number       :                   16
 Electron number  :            64.000000
 Ion density      :             0.052453 Ion/Angstrom^3
 Electron density :             0.209812 Electron/Angstrom^3
##############################################################################
#                               FINAL ENERGIES                       time    #
##############################################################################
# Thomas-Fermi Kin. Energy =   6.214020925778E+02 eV                 0.000 s #
# Von-Weizsacker Kin. Ener =   1.873370944467E+02 eV                 0.000 s #
# Wang-Teter Kinetic Energ =  -1.478671651768E+02 eV                 0.000 s #
#                                                                            #
#     LDA Exch-Corr Energy =  -5.270418006821E+02 eV                 0.000 s #
#         Coulombic Energy =   1.116685761510E+02 eV                 0.000 s #
#      Ion-Electron Energy =  -1.399065605997E+02 eV                 0.000 s #
#           Ion-Ion Energy =  -1.858315324313E+03 eV                 0.000 s #
#                                                                            #
#     TOTAL KINETIC ENERGY =   6.608720218477E+02 eV                         #
#   TOTAL POTENTIAL ENERGY =  -2.413595109444E+03 eV                         #
#             TOTAL ENERGY =  -1.752723087596E+03 eV                         #
##############################################################################
  
 ----------------------------- TIME INFORMATION ------------------------------
    PROFESS      :      2.47s WALL    100.00% (       1 calls)     2.47s/call
    InitPROFESS  :      0.22s WALL      8.99% (       1 calls)     0.22s/call
    KEDFRefresh  :      0.20s WALL      8.19% (       1 calls)     0.20s/call
    IonRefresh   :      0.01s WALL      0.29% (       1 calls)     0.01s/call
    EwaldEnergy  :      0.00s WALL      0.13% (       1 calls)     0.00s/call
    Pot_Ion      :      0.00s WALL      0.16% (      84 calls)     0.00s/call
    Pot_Har      :      0.12s WALL      4.86% (      84 calls)     0.00s/call
    Pot_Exc      :      0.34s WALL     13.61% (      84 calls)     0.00s/call
    Pot_KEDF     :      1.57s WALL     63.69% (      84 calls)     0.02s/call
    VWPotSqrPlus :      0.10s WALL      4.03% (      84 calls)     0.00s/call
    NextGradient :      0.00s WALL      0.16% (       8 calls)     0.00s/call
 -----------------------------------------------------------------------------
 ------------------------------- TOTAL ---------------------------------------
    PROFESS      :      2.47s WALL    100.00% (       1 calls)     2.47s/call
 -----------------------------------------------------------------------------

Run completed on: 11/17/2021 at 17:12:17 
  
