 ******************************************************************************
                             WELCOME TO PROFESS                   
            (PRinceton Orbital-Free Electronic Structure Software) 
 ******************************************************************************

 ------------------------------------------------------------------------------
                           READ GEOMETRY
 Cell length (Bohr)    7.593E+00   7.593E+00   1.246E+01
 Angle     (Degree)    9.000E+01   9.000E+01   1.200E+02
 Volume    (Bohr^3)    6.223E+02

 ------------------------------------------------------------------------------
                           READ PSEUDOPOTENTIAL
 Total electron number in ReadPseudo is    16.000000000000000     
 (System) Machine Precision              :    2.2204460492503131E-016

 ------------------------------------------------------------------------------
                           SETUP FFT
 Global FFT Dimension :    40   40   63
 Dimension of rho for this processor : 
 xmin, xmax :            0          39
 ymin, ymax :            0          39
 zmin, zmax :            0          62
 Total electron number =    16.000000000000000     
 Uniform rhoR =    2.5712639392719939E-002
 (GB INFO) FFT size      :       40      40      63
 (GB INFO) FFT offset    :        0
 (GB INFO) FFT G size    :       21      40      63
 (GB INFO) FFT G offset  :        0

 ------------------------------------------------------------------------------
                           SETUP KEDF
 kinetic energy density functional number is           11
 ( 1=TF, 2=VW, 3=TF+VW, 4=WT,  5=WGC,  
   7=LQ, 8=HQ, 10=CAT,  11=HC, 12=WGCD,
   15=GGA, 16=WGCD+GGA, 17=EVT, 18=EVC )
 qTable dimension:    21   40   63
 rhoS=   2.5712639392719939E-002
 rho0=   2.5712639392719939E-002
 coefficients for TF KEDF is     1.000000
 coefficients for VW KEDF is     1.000000
 Lambda in HC10 is set to     0.012000
 ALPHA  in HC10 is set to     1.821667
 BETA   in HC10 is set to     0.845000
 Sum of alpha and beta is     2.666667
  dV of each real space grid is now    6.1732347389860040E-003
 Cell length (Bohr)    7.593E+00   7.593E+00   1.246E+01
 Angle     (Degree)    9.000E+01   9.000E+01   1.200E+02
 Volume    (Bohr^3)    6.223E+02

 ------------------------------------------------------------------------------
                           SETUP EWALD 
 (Ewald) eta                             :    1.200    
 (Ewald) Real Space Cutoff               :    6.000     (Bohr)
 (Ewald) Reciprocal Cutoff               :    15.63     (1/Bohr)

 ------------------------------------------------------------------------------
                           SETUP PLANE WAVE 

 ------------------------------------------------------------------------------
                           REFRESH ION POSITIONS
  
 Calculating Ion-Ion Energy ...                   complete.     0.006 s
  
 Calculating Ion-Electron Potential (spline) ... 
 complete.     0.012 s

 ------------------------------------------------------------------------------
                           DENSITY OPTIMIZATION
 Electron number for spin            1  is    15.999999999966175     
 Cell Volume      :            92.209723 Angstrom^3
 Ion number       :                    4
 Electron number  :            16.000000
 Ion density      :             0.043379 Ion/Angstrom^3
 Electron density :             0.173517 Electron/Angstrom^3
##############################################################################
#                               FINAL ENERGIES                       time    #
##############################################################################
# Thomas-Fermi Kin. Energy =   1.533586917587E+02 eV                 0.000 s #
# Von-Weizsacker Kin. Ener =   5.171740658781E+01 eV                 0.000 s #
#                                                                            #
# GGA(PBE) Exch-Cor Energy =  -1.310131229786E+02 eV                 0.000 s #
#         Coulombic Energy =   4.847903464634E+01 eV                 0.000 s #
#      Ion-Electron Energy =  -1.076957482783E+02 eV                 0.000 s #
#           Ion-Ion Energy =  -4.546359051742E+02 eV                 0.000 s #
#                                                                            #
#     TOTAL KINETIC ENERGY =   1.628557711837E+02 eV                         #
#   TOTAL POTENTIAL ENERGY =  -6.448657417847E+02 eV                         #
#             TOTAL ENERGY =  -4.820099706009E+02 eV                         #
##############################################################################
  
 ----------------------------- TIME INFORMATION ------------------------------
    PROFESS      :   4621.60s WALL    100.00% (       1 calls)  4621.60s/call
    InitPROFESS  :      0.06s WALL      0.00% (       1 calls)     0.06s/call
    KEDFRefresh  :      0.00s WALL      0.00% (       1 calls)     0.00s/call
    IonRefresh   :      0.02s WALL      0.00% (       1 calls)     0.02s/call
    EwaldEnergy  :      0.01s WALL      0.00% (       1 calls)     0.01s/call
    ForwFFT_3D   :    950.20s WALL     20.56% (  114705 calls)     0.01s/call
    BackFFT_3D   :    444.55s WALL      9.62% (   76485 calls)     0.01s/call
    Pot_Ion      :      3.94s WALL      0.09% (    2014 calls)     0.00s/call
    Pot_Har      :     34.38s WALL      0.74% (    2014 calls)     0.02s/call
    Pot_Exc      :    666.80s WALL     14.43% (    2014 calls)     0.33s/call
    PBEPot       :    662.22s WALL     14.33% (    2014 calls)     0.33s/call
    Pot_KEDF     :   3861.51s WALL     83.55% (    2014 calls)     1.92s/call
    intPot       :   3779.52s WALL     81.78% (    2014 calls)     1.88s/call
    MakeXiG      :     29.64s WALL      0.64% (    2014 calls)     0.01s/call
    intPot1      :   1019.85s WALL     22.07% (   23137 calls)     0.04s/call
    MakeHC10Kern :    115.43s WALL      2.50% (   25151 calls)     0.00s/call
    intPot2      :    714.66s WALL     15.46% (   23137 calls)     0.03s/call
    intPot3      :   1244.62s WALL     26.93% (   23137 calls)     0.05s/call
    intPot4      :    449.81s WALL      9.73% (   23137 calls)     0.02s/call
    VWPotSqrPlus :     30.48s WALL      0.66% (    2014 calls)     0.02s/call
    NextGradient :      2.70s WALL      0.06% (     182 calls)     0.01s/call
 -----------------------------------------------------------------------------
 ------------------------------- TOTAL ---------------------------------------
    PROFESS      :   4621.60s WALL    100.00% (       1 calls)  4621.60s/call
 -----------------------------------------------------------------------------

Run completed on: 07/31/2024 at 01:00:49 
  
