 ******************************************************************************
                             WELCOME TO PROFESS                   
            (PRinceton Orbital-Free Electronic Structure Software) 
 ******************************************************************************

 ------------------------------------------------------------------------------
                           READ GEOMETRY
 Cell length (Bohr)    5.485E+00   5.485E+00   5.485E+00
 Angle     (Degree)    1.095E+02   1.095E+02   1.095E+02
 Volume    (Bohr^3)    1.270E+02

 ------------------------------------------------------------------------------
                           READ PSEUDOPOTENTIAL
 Total electron number in ReadPseudo is    1.0000000000000000     
 (System) Machine Precision              :    2.2204460492503131E-016

 ------------------------------------------------------------------------------
                           SETUP FFT
 Global FFT Dimension :    15   15   15
 Rank/Size in Global Communicator     :            0 /           1
 Rank/Size in Global FFT Communicator :            0 /           1
 Parallel FFT, totX    =    15
 Parallel FFT, totY    =    15
 Parallel FFT, locZ    =    15
 Parallel FFT, locZoff =     0
 Dimension of rho for this processor : 
 xmin, xmax :            0          14
 ymin, ymax :            0          14
 zmin, zmax :            0          14
 Total electron number =    1.0000000000000000     
 Uniform rhoR =    7.8725672375060136E-003
 (GB INFO) FFT size      :       15      15      15
 (GB INFO) FFT offset    :        0
 (GB INFO) FFT G size    :        8      15      15
 (GB INFO) FFT G offset  :        0

 ------------------------------------------------------------------------------
                           SETUP KEDF
 kinetic energy density functional number is            4
 ( 1=TF, 2=VW, 3=TF+VW, 4=WT,  5=WGC,  
   7=LQ, 8=HQ, 10=CAT,  11=HC, 12=WGCD,
   15=GGA, 16=WGCD+GGA, 17=EVT, 18=EVC )
 qTable dimension:     8   15   15
 Coefficient for TF KEDF is     1.0000
 Coefficient for VW KEDF is     1.0000
 Coefficient for alpha in WT KEDF is     0.8333
 Coefficient for beta  in WT KEDF is     0.8333
 rho0 (Electron/Bohr^3) in WGC KEDF is     0.0079
 hold0 =  F
  dV of each real space grid is now    3.7636553281463155E-002
 Cell length (Bohr)    5.485E+00   5.485E+00   5.485E+00
 Angle     (Degree)    1.095E+02   1.095E+02   1.095E+02
 Volume    (Bohr^3)    1.270E+02

 ------------------------------------------------------------------------------
                           SETUP EWALD 
 (Ewald) eta                             :   0.8243    
 (Ewald) Real Space Cutoff               :    6.000     (Bohr)
 (Ewald) Reciprocal Cutoff               :    8.019     (1/Bohr)

 ------------------------------------------------------------------------------
                           SETUP PLANE WAVE 
 Fill the 3D Wang-Teter kernel in G space

 ------------------------------------------------------------------------------
                           REFRESH ION POSITIONS
  
 Calculating Ion-Ion Energy ...                   complete.     0.000 s
  
 Calculating Ion-Electron Potential (spline) ... 
 complete.     0.001 s

 ------------------------------------------------------------------------------
                           DENSITY OPTIMIZATION
 Electron number for spin            1  is   0.99999999999997125     
 Cell Volume      :            18.822921 Angstrom^3
 Ion number       :                    1
 Electron number  :             1.000000
 Ion density      :             0.053127 Ion/Angstrom^3
 Electron density :             0.053127 Electron/Angstrom^3
##############################################################################
#                               FINAL ENERGIES                       time    #
##############################################################################
# Thomas-Fermi Kin. Energy =   3.131918665272E+00 eV                 0.000 s #
# Von-Weizsacker Kin. Ener =   2.467472092692E-01 eV                 0.000 s #
# Wang-Teter Kinetic Energ =  -7.276924271038E-02 eV                 0.000 s #
#                                                                            #
#     LDA Exch-Corr Energy =  -5.015249062399E+00 eV                 0.000 s #
#         Coulombic Energy =   1.420017514118E-02 eV                 0.000 s #
#      Ion-Electron Energy =   1.917778752453E+00 eV                 0.000 s #
#           Ion-Ion Energy =  -7.817946055727E+00 eV                 0.000 s #
#                                                                            #
#     TOTAL KINETIC ENERGY =   3.305896631831E+00 eV                         #
#   TOTAL POTENTIAL ENERGY =  -1.090121619053E+01 eV                         #
#             TOTAL ENERGY =  -7.595319558700E+00 eV                         #
##############################################################################
  
 ----------------------------- TIME INFORMATION ------------------------------
    PROFESS      :      0.45s WALL    100.00% (       1 calls)     0.45s/call
    InitPROFESS  :      0.01s WALL      3.18% (       1 calls)     0.01s/call
    KEDFRefresh  :      0.00s WALL      0.05% (       1 calls)     0.00s/call
    IonRefresh   :      0.00s WALL      0.25% (       1 calls)     0.00s/call
    EwaldEnergy  :      0.00s WALL      0.09% (       1 calls)     0.00s/call
    Pot_Ion      :      0.00s WALL      0.07% (      83 calls)     0.00s/call
    Pot_Har      :      0.01s WALL      1.80% (      83 calls)     0.00s/call
    Pot_Exc      :      0.04s WALL      7.90% (      83 calls)     0.00s/call
    Pot_KEDF     :      0.17s WALL     37.12% (      83 calls)     0.00s/call
    VWPotSqrPlus :      0.01s WALL      1.67% (      83 calls)     0.00s/call
    NextGradient :      0.00s WALL      0.07% (       6 calls)     0.00s/call
 -----------------------------------------------------------------------------
 ------------------------------- TOTAL ---------------------------------------
    PROFESS      :      0.45s WALL    100.00% (       1 calls)     0.45s/call
 -----------------------------------------------------------------------------

Run completed on: 08/14/2021 at 19:01:20 
  
