 ******************************************************************************
                             WELCOME TO PROFESS                   
            (PRinceton Orbital-Free Electronic Structure Software) 
 ******************************************************************************

 ------------------------------------------------------------------------------
                           READ GEOMETRY
 Cell length (Bohr)    7.715E+00   7.715E+00   1.268E+01
 Angle     (Degree)    9.000E+01   9.000E+01   1.200E+02
 Volume    (Bohr^3)    6.535E+02

 ------------------------------------------------------------------------------
                           READ PSEUDOPOTENTIAL
 Total electron number in ReadPseudo is    16.000000000000000     
 (System) Machine Precision              :    2.2204460492503131E-016

 ------------------------------------------------------------------------------
                           SETUP FFT
 Global FFT Dimension :    40   40   63
 Dimension of rho for this processor : 
 xmin, xmax :            0          39
 ymin, ymax :            0          39
 zmin, zmax :            0          62
 Total electron number =    16.000000000000000     
 Uniform rhoR =    2.4483389705814006E-002
 (GB INFO) FFT size      :       40      40      63
 (GB INFO) FFT offset    :        0
 (GB INFO) FFT G size    :       21      40      63
 (GB INFO) FFT G offset  :        0

 ------------------------------------------------------------------------------
                           SETUP KEDF
 kinetic energy density functional number is           11
 ( 1=TF, 2=VW, 3=TF+VW, 4=WT,  5=WGC,  
   7=LQ, 8=HQ, 10=CAT,  11=HC, 12=WGCD,
   15=GGA, 16=WGCD+GGA, 17=EVT, 18=EVC )
 qTable dimension:    21   40   63
 rhoS=   2.4483389705814006E-002
 rho0=   2.4483389705814006E-002
 coefficients for TF KEDF is     1.000000
 coefficients for VW KEDF is     1.000000
 Lambda in HC10 is set to     0.012500
 ALPHA  in HC10 is set to     1.841667
 BETA   in HC10 is set to     0.825000
 Sum of alpha and beta is     2.666667
  dV of each real space grid is now    6.4831773964887512E-003
 Cell length (Bohr)    7.715E+00   7.715E+00   1.268E+01
 Angle     (Degree)    9.000E+01   9.000E+01   1.200E+02
 Volume    (Bohr^3)    6.535E+02

 ------------------------------------------------------------------------------
                           SETUP EWALD 
 (Ewald) eta                             :    1.200    
 (Ewald) Real Space Cutoff               :    6.000     (Bohr)
 (Ewald) Reciprocal Cutoff               :    15.36     (1/Bohr)

 ------------------------------------------------------------------------------
                           SETUP PLANE WAVE 

 ------------------------------------------------------------------------------
                           REFRESH ION POSITIONS
  
 Calculating Ion-Ion Energy ...                   complete.     0.012 s
  
 Calculating Ion-Electron Potential (spline) ... 
 complete.     0.027 s

 ------------------------------------------------------------------------------
                           DENSITY OPTIMIZATION
 Electron number for spin            1  is    16.000000000026354     
 Cell Volume      :            96.839342 Angstrom^3
 Ion number       :                    4
 Electron number  :            16.000000
 Ion density      :             0.041306 Ion/Angstrom^3
 Electron density :             0.165222 Electron/Angstrom^3
##############################################################################
#                               FINAL ENERGIES                       time    #
##############################################################################
# Thomas-Fermi Kin. Energy =   1.433059620016E+02 eV                 0.000 s #
# Von-Weizsacker Kin. Ener =   4.580155353642E+01 eV                 0.000 s #
#                                                                            #
# GGA(PBE) Exch-Cor Energy =  -1.272700238642E+02 eV                 0.000 s #
#         Coulombic Energy =   4.157236352681E+01 eV                 0.000 s #
#      Ion-Electron Energy =  -7.817421794431E+01 eV                 0.000 s #
#           Ion-Ion Energy =  -4.472790023449E+02 eV                 0.000 s #
#                                                                            #
#     TOTAL KINETIC ENERGY =   1.514674856676E+02 eV                         #
#   TOTAL POTENTIAL ENERGY =  -6.111508806266E+02 eV                         #
#             TOTAL ENERGY =  -4.596833949590E+02 eV                         #
##############################################################################
  
 ----------------------------- TIME INFORMATION ------------------------------
    PROFESS      :   4302.74s WALL    100.00% (       1 calls)  4302.74s/call
    InitPROFESS  :      0.08s WALL      0.00% (       1 calls)     0.08s/call
    KEDFRefresh  :      0.00s WALL      0.00% (       1 calls)     0.00s/call
    IonRefresh   :      0.04s WALL      0.00% (       1 calls)     0.04s/call
    EwaldEnergy  :      0.01s WALL      0.00% (       1 calls)     0.01s/call
    ForwFFT_3D   :    888.74s WALL     20.66% (  109904 calls)     0.01s/call
    BackFFT_3D   :    408.17s WALL      9.49% (   70330 calls)     0.01s/call
    Pot_Ion      :      3.15s WALL      0.07% (    1619 calls)     0.00s/call
    Pot_Har      :     27.21s WALL      0.63% (    1619 calls)     0.02s/call
    Pot_Exc      :    529.78s WALL     12.31% (    1619 calls)     0.33s/call
    PBEPot       :    526.11s WALL     12.23% (    1619 calls)     0.32s/call
    Pot_KEDF     :   3698.10s WALL     85.95% (    1619 calls)     2.28s/call
    intPot       :   3636.68s WALL     84.52% (    1619 calls)     2.25s/call
    MakeXiG      :     21.76s WALL      0.51% (    1619 calls)     0.01s/call
    VWPotSqrPlus :     24.38s WALL      0.57% (    1619 calls)     0.02s/call
    intPot1      :    998.40s WALL     23.20% (   23023 calls)     0.04s/call
    MakeHC10Kern :    105.50s WALL      2.45% (   24641 calls)     0.00s/call
    intPot2      :    706.28s WALL     16.41% (   23023 calls)     0.03s/call
    intPot3      :   1211.72s WALL     28.16% (   23023 calls)     0.05s/call
    intPot4      :    443.84s WALL     10.32% (   23023 calls)     0.02s/call
    NextGradient :      2.45s WALL      0.06% (     154 calls)     0.02s/call
 -----------------------------------------------------------------------------
 ------------------------------- TOTAL ---------------------------------------
    PROFESS      :   4302.74s WALL    100.00% (       1 calls)  4302.74s/call
 -----------------------------------------------------------------------------

Run completed on: 07/31/2024 at 00:55:30 
  
