 ******************************************************************************
                             WELCOME TO PROFESS                   
            (PRinceton Orbital-Free Electronic Structure Software) 
 ******************************************************************************

 ------------------------------------------------------------------------------
                           READ GEOMETRY
 Cell length (Bohr)    1.249E+01   1.249E+01   1.249E+01
 Angle     (Degree)    9.000E+01   9.000E+01   9.000E+01
 Volume    (Bohr^3)    1.946E+03

 ------------------------------------------------------------------------------
                           READ PSEUDOPOTENTIAL
 Total electron number in ReadPseudo is    64.000000000000000     
 (System) Machine Precision              :    2.2204460492503131E-016

 ------------------------------------------------------------------------------
                           SETUP FFT
 Global FFT Dimension :    63   63   63
 Dimension of rho for this processor : 
 xmin, xmax :            0          62
 ymin, ymax :            0          62
 zmin, zmax :            0          62
 Total electron number =    64.000000000000000     
 Uniform rhoR =    3.2882458764442082E-002
 (GB INFO) FFT size      :       63      63      63
 (GB INFO) FFT offset    :        0
 (GB INFO) FFT G size    :       32      63      63
 (GB INFO) FFT G offset  :        0

 ------------------------------------------------------------------------------
                           SETUP KEDF
 kinetic energy density functional number is            5
 ( 1=TF, 2=VW, 3=TF+VW, 4=WT,  5=WGC,  
   7=LQ, 8=HQ, 10=CAT,  11=HC, 12=WGCD,
   15=GGA, 16=WGCD+GGA, 17=EVT, 18=EVC )
 qTable dimension:    32   63   63
 Coefficient for TF KEDF is     1.0000
 Coefficient for VW KEDF is     1.0000
 Coefficient for alpha in WGC KEDF is     1.2060
 Coefficient for beta  in WGC KEDF is     0.4607
 Coefficient for gamma in WGC KEDF is     4.2000
 rho0 (Electron/Bohr^3) in WGC KEDF is     0.0329
 rhoS (Electron/Bohr^3) in WGC KEDF is     0.0329
 hold0 =  F
 holdS =  F
  dV of each real space grid is now    7.7838425307520040E-003
 Cell length (Bohr)    1.249E+01   1.249E+01   1.249E+01
 Angle     (Degree)    9.000E+01   9.000E+01   9.000E+01
 Volume    (Bohr^3)    1.946E+03

 ------------------------------------------------------------------------------
                           SETUP EWALD 
 (Ewald) eta                             :    1.200    
 (Ewald) Real Space Cutoff               :    6.000     (Bohr)
 (Ewald) Reciprocal Cutoff               :    15.60     (1/Bohr)

 ------------------------------------------------------------------------------
                           SETUP PLANE WAVE 

 ------------------------------------------------------------------------------
                           INITIALIZING WGC KERNEL
 Fermi vector :   0.99112499368522766     
 Reference density :    3.2882458764442082E-002
 Make WGC kernels.
 Dimension of KEDF Kernel :           32          63          63

 ------------------------------------------------------------------------------
                           REFRESH ION POSITIONS
  
 Calculating Ion-Ion Energy ...                   complete.     0.050 s
  
 Calculating Ion-Electron Potential (spline) ... 
 complete.     0.063 s

 ------------------------------------------------------------------------------
                           DENSITY OPTIMIZATION
 Electron number for spin            1  is    63.999999999711598     
 Cell Volume      :           288.415823 Angstrom^3
 Ion number       :                   16
 Electron number  :            64.000000
 Ion density      :             0.055475 Ion/Angstrom^3
 Electron density :             0.221902 Electron/Angstrom^3
##############################################################################
#                               FINAL ENERGIES                       time    #
##############################################################################
# Thomas-Fermi Kin. Energy =   5.990674764134E+02 eV                 0.000 s #
# Von-Weizsacker Kin. Ener =   1.462727677891E+02 eV                 0.000 s #
#       WGC Kinetic Energy =  -1.005266852646E+02 eV                 0.000 s #
#                                                                            #
# GGA(PBE) Exch-Cor Energy =  -5.223357162303E+02 eV                 0.000 s #
#         Coulombic Energy =   6.832817681197E+01 eV                 0.000 s #
#      Ion-Electron Energy =   2.321236996336E+01 eV                 0.000 s #
#           Ion-Ion Energy =  -1.942889020995E+03 eV                 0.000 s #
#                                                                            #
#     TOTAL KINETIC ENERGY =   6.448135589379E+02 eV                         #
#   TOTAL POTENTIAL ENERGY =  -2.373684190450E+03 eV                         #
#             TOTAL ENERGY =  -1.728870631512E+03 eV                         #
##############################################################################
  
 ----------------------------- TIME INFORMATION ------------------------------
    PROFESS      :     52.31s WALL    100.00% (       1 calls)    52.31s/call
    InitPROFESS  :      0.24s WALL      0.46% (       1 calls)     0.24s/call
    KEDFRefresh  :      0.09s WALL      0.17% (       1 calls)     0.09s/call
    IonRefresh   :      0.13s WALL      0.25% (       1 calls)     0.13s/call
    EwaldEnergy  :      0.05s WALL      0.10% (       1 calls)     0.05s/call
    ForwFFT_3D   :     10.48s WALL     20.04% (    1826 calls)     0.01s/call
    BackFFT_3D   :      9.44s WALL     18.05% (    1825 calls)     0.01s/call
    Pot_Ion      :      0.15s WALL      0.29% (     152 calls)     0.00s/call
    Pot_Har      :      1.94s WALL      3.71% (     152 calls)     0.01s/call
    Pot_Exc      :     27.15s WALL     51.91% (     152 calls)     0.18s/call
    PBEPot       :     26.22s WALL     50.12% (     152 calls)     0.17s/call
    Pot_KEDF     :     20.19s WALL     38.60% (     152 calls)     0.13s/call
    WGCPotPlus   :     15.94s WALL     30.46% (     152 calls)     0.10s/call
    VWPotSqrPlus :      1.65s WALL      3.15% (     152 calls)     0.01s/call
    NextGradient :      0.04s WALL      0.08% (       8 calls)     0.01s/call
 -----------------------------------------------------------------------------
 ------------------------------- TOTAL ---------------------------------------
    PROFESS      :     52.31s WALL    100.00% (       1 calls)    52.31s/call
 -----------------------------------------------------------------------------

Run completed on: 07/30/2024 at 16:54:42 
  
