 ******************************************************************************
                             WELCOME TO PROFESS                   
            (PRinceton Orbital-Free Electronic Structure Software) 
 ******************************************************************************

 ------------------------------------------------------------------------------
                           READ GEOMETRY
 Cell length (Bohr)    8.101E+00   8.101E+00   8.101E+00
 Angle     (Degree)    6.000E+01   6.000E+01   6.000E+01
 Volume    (Bohr^3)    3.759E+02

 ------------------------------------------------------------------------------
                           READ PSEUDOPOTENTIAL
 Total electron number in ReadPseudo is    8.0000000000000000     
 (System) Machine Precision              :    2.2204460492503131E-016

 ------------------------------------------------------------------------------
                           SETUP FFT
 Global FFT Dimension :    40   40   40
 Dimension of rho for this processor : 
 xmin, xmax :            0          39
 ymin, ymax :            0          39
 zmin, zmax :            0          39
 Total electron number =    8.0000000000000000     
 Uniform rhoR =    2.1282999762442783E-002
 (GB INFO) FFT size      :       40      40      40
 (GB INFO) FFT offset    :        0
 (GB INFO) FFT G size    :       21      40      40
 (GB INFO) FFT G offset  :        0

 ------------------------------------------------------------------------------
                           SETUP KEDF
 kinetic energy density functional number is           11
 ( 1=TF, 2=VW, 3=TF+VW, 4=WT,  5=WGC,  
   7=LQ, 8=HQ, 10=CAT,  11=HC, 12=WGCD,
   15=GGA, 16=WGCD+GGA, 17=EVT, 18=EVC )
 qTable dimension:    21   40   40
 rhoS=   2.1282999762442783E-002
 rho0=   2.1282999762442783E-002
 coefficients for TF KEDF is     1.000000
 coefficients for VW KEDF is     1.000000
 Lambda in HC10 is set to     0.014200
 ALPHA  in HC10 is set to     1.791667
 BETA   in HC10 is set to     0.875000
 Sum of alpha and beta is     2.666667
  dV of each real space grid is now    5.8732322226767233E-003
 Cell length (Bohr)    8.101E+00   8.101E+00   8.101E+00
 Angle     (Degree)    6.000E+01   6.000E+01   6.000E+01
 Volume    (Bohr^3)    3.759E+02

 ------------------------------------------------------------------------------
                           SETUP EWALD 
 (Ewald) eta                             :    1.200    
 (Ewald) Real Space Cutoff               :    6.000     (Bohr)
 (Ewald) Reciprocal Cutoff               :    15.12     (1/Bohr)

 ------------------------------------------------------------------------------
                           SETUP PLANE WAVE 

 ------------------------------------------------------------------------------
                           REFRESH ION POSITIONS
  
 Calculating Ion-Ion Energy ...                   complete.     0.069 s
  
 Calculating Ion-Electron Potential (spline) ... 
 complete.     0.147 s

 ------------------------------------------------------------------------------
                           DENSITY OPTIMIZATION
 Electron number for spin            1  is    7.9999999999970735     
 Cell Volume      :            55.700686 Angstrom^3
 Ion number       :                    2
 Electron number  :             8.000000
 Ion density      :             0.035906 Ion/Angstrom^3
 Electron density :             0.143625 Electron/Angstrom^3
##############################################################################
#                               FINAL ENERGIES                       time    #
##############################################################################
# Thomas-Fermi Kin. Energy =   6.800293565439E+01 eV                 0.000 s #
# Von-Weizsacker Kin. Ener =   2.355038718915E+01 eV                 0.000 s #
#                                                                            #
# GGA(PBE) Exch-Cor Energy =  -6.197956469620E+01 eV                 0.000 s #
#         Coulombic Energy =   2.291734672946E+01 eV                 0.000 s #
#      Ion-Electron Energy =  -4.467799977782E+01 eV                 0.000 s #
#           Ion-Ion Energy =  -2.137063748177E+02 eV                 0.000 s #
#                                                                            #
#     TOTAL KINETIC ENERGY =   7.223452088157E+01 eV                         #
#   TOTAL POTENTIAL ENERGY =  -2.974465925623E+02 eV                         #
#             TOTAL ENERGY =  -2.252120716807E+02 eV                         #
##############################################################################
  
 ----------------------------- TIME INFORMATION ------------------------------
    PROFESS      :   2646.19s WALL    100.00% (       1 calls)  2646.19s/call
    InitPROFESS  :      0.38s WALL      0.01% (       1 calls)     0.38s/call
    KEDFRefresh  :      0.01s WALL      0.00% (       1 calls)     0.01s/call
    IonRefresh   :      0.22s WALL      0.01% (       1 calls)     0.22s/call
    EwaldEnergy  :      0.07s WALL      0.00% (       1 calls)     0.07s/call
    ForwFFT_3D   :    442.35s WALL     16.72% (   91493 calls)     0.00s/call
    BackFFT_3D   :    223.84s WALL      8.46% (   59139 calls)     0.00s/call
    Pot_Ion      :      2.26s WALL      0.09% (    1410 calls)     0.00s/call
    Pot_Har      :     15.03s WALL      0.57% (    1410 calls)     0.01s/call
    Pot_Exc      :    265.33s WALL     10.03% (    1410 calls)     0.19s/call
    PBEPot       :    262.89s WALL      9.93% (    1410 calls)     0.19s/call
    Pot_KEDF     :   2336.45s WALL     88.29% (    1410 calls)     1.66s/call
    intPot       :   2301.01s WALL     86.96% (    1410 calls)     1.63s/call
    MakeXiG      :     13.99s WALL      0.53% (    1410 calls)     0.01s/call
    VWPotSqrPlus :     12.12s WALL      0.46% (    1410 calls)     0.01s/call
    intPot1      :    650.76s WALL     24.59% (   18995 calls)     0.03s/call
    MakeHC10Kern :     63.36s WALL      2.39% (   20404 calls)     0.00s/call
    intPot2      :    486.85s WALL     18.40% (   18995 calls)     0.03s/call
    intPot3      :    694.15s WALL     26.23% (   18995 calls)     0.04s/call
    intPot4      :    309.46s WALL     11.69% (   18995 calls)     0.02s/call
    NextGradient :      1.30s WALL      0.05% (     126 calls)     0.01s/call
 -----------------------------------------------------------------------------
 ------------------------------- TOTAL ---------------------------------------
    PROFESS      :   2646.19s WALL    100.00% (       1 calls)  2646.19s/call
 -----------------------------------------------------------------------------

Run completed on: 07/31/2024 at 04:32:15 
  
