 ******************************************************************************
                             WELCOME TO PROFESS                   
            (PRinceton Orbital-Free Electronic Structure Software) 
 ******************************************************************************

 ------------------------------------------------------------------------------
                           READ GEOMETRY
 Cell length (Bohr)    8.001E+00   8.001E+00   1.321E+01
 Angle     (Degree)    9.000E+01   9.000E+01   1.200E+02
 Volume    (Bohr^3)    7.324E+02

 ------------------------------------------------------------------------------
                           READ PSEUDOPOTENTIAL
 Total electron number in ReadPseudo is    16.000000000000000     
 (System) Machine Precision              :    2.2204460492503131E-016

 ------------------------------------------------------------------------------
                           SETUP FFT
 Global FFT Dimension :    40   40   70
 Dimension of rho for this processor : 
 xmin, xmax :            0          39
 ymin, ymax :            0          39
 zmin, zmax :            0          69
 Total electron number =    16.000000000000000     
 Uniform rhoR =    2.1846031323879168E-002
 (GB INFO) FFT size      :       40      40      70
 (GB INFO) FFT offset    :        0
 (GB INFO) FFT G size    :       21      40      70
 (GB INFO) FFT G offset  :        0

 ------------------------------------------------------------------------------
                           SETUP KEDF
 kinetic energy density functional number is            5
 ( 1=TF, 2=VW, 3=TF+VW, 4=WT,  5=WGC,  
   7=LQ, 8=HQ, 10=CAT,  11=HC, 12=WGCD,
   15=GGA, 16=WGCD+GGA, 17=EVT, 18=EVC )
 qTable dimension:    21   40   70
 Coefficient for TF KEDF is     1.0000
 Coefficient for VW KEDF is     1.0000
 Coefficient for alpha in WGC KEDF is     1.2060
 Coefficient for beta  in WGC KEDF is     0.4607
 Coefficient for gamma in WGC KEDF is     4.2000
 rho0 (Electron/Bohr^3) in WGC KEDF is     0.0218
 rhoS (Electron/Bohr^3) in WGC KEDF is     0.0218
 hold0 =  F
 holdS =  F
  dV of each real space grid is now    6.5392720874198540E-003
 Cell length (Bohr)    8.001E+00   8.001E+00   1.321E+01
 Angle     (Degree)    9.000E+01   9.000E+01   1.200E+02
 Volume    (Bohr^3)    7.324E+02

 ------------------------------------------------------------------------------
                           SETUP EWALD 
 (Ewald) eta                             :    1.200    
 (Ewald) Real Space Cutoff               :    6.000     (Bohr)
 (Ewald) Reciprocal Cutoff               :    15.31     (1/Bohr)

 ------------------------------------------------------------------------------
                           SETUP PLANE WAVE 

 ------------------------------------------------------------------------------
                           INITIALIZING WGC KERNEL
 Fermi vector :   0.86483087149710769     
 Reference density :    2.1846031323879168E-002
 Make WGC kernels.
 Dimension of KEDF Kernel :           21          40          70

 ------------------------------------------------------------------------------
                           REFRESH ION POSITIONS
  
 Calculating Ion-Ion Energy ...                   complete.     0.036 s
  
 Calculating Ion-Electron Potential (spline) ... 
 complete.     0.083 s

 ------------------------------------------------------------------------------
                           DENSITY OPTIMIZATION
 Electron number for spin            1  is    15.999999999985693     
 Cell Volume      :           108.530255 Angstrom^3
 Ion number       :                    4
 Electron number  :            16.000000
 Ion density      :             0.036856 Ion/Angstrom^3
 Electron density :             0.147424 Electron/Angstrom^3
  
 ----------------------------- TIME INFORMATION ------------------------------
    PROFESS      :     36.65s WALL    100.00% (       1 calls)    36.65s/call
    InitPROFESS  :      0.21s WALL      0.58% (       1 calls)     0.21s/call
    KEDFRefresh  :      0.05s WALL      0.15% (       1 calls)     0.05s/call
    IonRefresh   :      0.13s WALL      0.35% (       1 calls)     0.13s/call
    EwaldEnergy  :      0.04s WALL      0.10% (       1 calls)     0.04s/call
    ForwFFT_3D   :      6.83s WALL     18.62% (    1131 calls)     0.01s/call
    BackFFT_3D   :      4.96s WALL     13.54% (    1129 calls)     0.00s/call
    Pot_Ion      :      0.09s WALL      0.26% (      94 calls)     0.00s/call
    Pot_Har      :      1.13s WALL      3.07% (      94 calls)     0.01s/call
    Pot_Exc      :     21.14s WALL     57.69% (      94 calls)     0.22s/call
    PBEPot       :     20.39s WALL     55.64% (      94 calls)     0.22s/call
    Pot_KEDF     :     12.58s WALL     34.32% (      94 calls)     0.13s/call
    WGCPotPlus   :     10.13s WALL     27.63% (      94 calls)     0.11s/call
    VWPotSqrPlus :      0.85s WALL      2.33% (      94 calls)     0.01s/call
    NextGradient :      0.05s WALL      0.13% (       7 calls)     0.01s/call
 -----------------------------------------------------------------------------
