 ******************************************************************************
                             WELCOME TO PROFESS                   
            (PRinceton Orbital-Free Electronic Structure Software) 
 ******************************************************************************

 ------------------------------------------------------------------------------
                           READ GEOMETRY
 Cell length (Bohr)    5.105E+00   5.105E+00   8.377E+00
 Angle     (Degree)    9.000E+01   9.000E+01   1.200E+02
 Volume    (Bohr^3)    1.891E+02

 ------------------------------------------------------------------------------
                           READ PSEUDOPOTENTIAL
 Total electron number in ReadPseudo is    6.0000000000000000     
 (System) Machine Precision              :    2.2204460492503131E-016

 ------------------------------------------------------------------------------
                           SETUP FFT
 Global FFT Dimension :    25   25   42
 Rank/Size in Global Communicator     :            0 /           1
 Rank/Size in Global FFT Communicator :            0 /           1
 Parallel FFT, totX    =    25
 Parallel FFT, totY    =    25
 Parallel FFT, locZ    =    42
 Parallel FFT, locZoff =     0
 Dimension of rho for this processor : 
 xmin, xmax :            0          24
 ymin, ymax :            0          24
 zmin, zmax :            0          41
 Total electron number =    6.0000000000000000     
 Uniform rhoR =    3.1736658167212953E-002
 (GB INFO) FFT size      :       25      25      42
 (GB INFO) FFT offset    :        0
 (GB INFO) FFT G size    :       13      25      42
 (GB INFO) FFT G offset  :        0

 ------------------------------------------------------------------------------
                           SETUP KEDF
 kinetic energy density functional number is            5
 ( 1=TF, 2=VW, 3=TF+VW, 4=WT,  5=WGC,  
   7=LQ, 8=HQ, 10=CAT,  11=HC, 12=WGCD,
   15=GGA, 16=WGCD+GGA, 17=EVT, 18=EVC )
 qTable dimension:    13   25   42
 Coefficient for TF KEDF is     1.0000
 Coefficient for VW KEDF is     1.0000
 Coefficient for alpha in WGC KEDF is     1.2060
 Coefficient for beta  in WGC KEDF is     0.4607
 Coefficient for gamma in WGC KEDF is     2.7000
 rho0 (Electron/Bohr^3) in WGC KEDF is     0.0317
 rhoS (Electron/Bohr^3) in WGC KEDF is     0.0317
 hold0 =  F
 holdS =  F
  dV of each real space grid is now    7.2021265555793470E-003
 Cell length (Bohr)    5.105E+00   5.105E+00   8.377E+00
 Angle     (Degree)    9.000E+01   9.000E+01   1.200E+02
 Volume    (Bohr^3)    1.891E+02

 ------------------------------------------------------------------------------
                           SETUP EWALD 
 (Ewald) eta                             :    1.200    
 (Ewald) Real Space Cutoff               :    6.000     (Bohr)
 (Ewald) Reciprocal Cutoff               :    14.77     (1/Bohr)

 ------------------------------------------------------------------------------
                           SETUP PLANE WAVE 

 ------------------------------------------------------------------------------
                           INITIALIZING WGC KERNEL
 Fermi vector :   0.97947659936991516     
 Reference density :    3.1736658167212953E-002
 Make WGC kernels.
 Dimension of KEDF Kernel :           13          25          42

 ------------------------------------------------------------------------------
                           REFRESH ION POSITIONS
  
 Calculating Ion-Ion Energy ...                   complete.     0.003 s
  
 Calculating Ion-Electron Potential (spline) ... 
 complete.     0.004 s

 ------------------------------------------------------------------------------
                           DENSITY OPTIMIZATION
 Electron number for spin            1  is    6.0000000000024816     
 Cell Volume      :            28.015182 Angstrom^3
 Ion number       :                    2
 Electron number  :             6.000000
 Ion density      :             0.071390 Ion/Angstrom^3
 Electron density :             0.214170 Electron/Angstrom^3
##############################################################################
#                               FINAL ENERGIES                       time    #
##############################################################################
# Thomas-Fermi Kin. Energy =   4.791520699492E+01 eV                 0.000 s #
# Von-Weizsacker Kin. Ener =   4.054828427771E+00 eV                 0.000 s #
#       WGC Kinetic Energy =  -1.722012170608E+00 eV                 0.000 s #
#                                                                            #
# GGA(PBE) Exch-Cor Energy =  -4.598185769337E+01 eV                 0.000 s #
#         Coulombic Energy =   3.188539637942E-01 eV                 0.000 s #
#      Ion-Electron Energy =   3.661228806831E+01 eV                 0.000 s #
#           Ion-Ion Energy =  -1.552726755010E+02 eV                 0.000 s #
#                                                                            #
#     TOTAL KINETIC ENERGY =   5.024802325208E+01 eV                         #
#   TOTAL POTENTIAL ENERGY =  -1.643233911623E+02 eV                         #
#             TOTAL ENERGY =  -1.140753679102E+02 eV                         #
##############################################################################
  
 ----------------------------- TIME INFORMATION ------------------------------
    PROFESS      :      5.14s WALL    100.00% (       1 calls)     5.14s/call
    InitPROFESS  :      0.05s WALL      0.90% (       1 calls)     0.05s/call
    KEDFRefresh  :      0.02s WALL      0.43% (       1 calls)     0.02s/call
    IonRefresh   :      0.01s WALL      0.15% (       1 calls)     0.01s/call
    EwaldEnergy  :      0.00s WALL      0.06% (       1 calls)     0.00s/call
    Pot_Ion      :      0.01s WALL      0.13% (     106 calls)     0.00s/call
    Pot_Har      :      0.14s WALL      2.71% (     106 calls)     0.00s/call
    Pot_Exc      :      2.00s WALL     38.95% (     106 calls)     0.02s/call
    PBEPot       :      1.94s WALL     37.76% (     106 calls)     0.02s/call
    Pot_KEDF     :      2.53s WALL     49.23% (     106 calls)     0.02s/call
    WGCPotPlus   :      1.98s WALL     38.61% (     106 calls)     0.02s/call
    VWPotSqrPlus :      0.12s WALL      2.33% (     106 calls)     0.00s/call
    NextGradient :      0.00s WALL      0.06% (       7 calls)     0.00s/call
 -----------------------------------------------------------------------------
 ------------------------------- TOTAL ---------------------------------------
    PROFESS      :      5.14s WALL    100.00% (       1 calls)     5.14s/call
 -----------------------------------------------------------------------------

Run completed on: 05/02/2023 at 13:34:07 
  
