 ******************************************************************************
                             WELCOME TO PROFESS                   
            (PRinceton Orbital-Free Electronic Structure Software) 
 ******************************************************************************

 ------------------------------------------------------------------------------
                           READ GEOMETRY
 Cell length (Bohr)    5.569E+00   5.569E+00   5.569E+00
 Angle     (Degree)    6.000E+01   6.000E+01   6.000E+01
 Volume    (Bohr^3)    1.222E+02

 ------------------------------------------------------------------------------
                           READ PSEUDOPOTENTIAL
 Total electron number in ReadPseudo is    1.0000000000000000     
 (System) Machine Precision              :    2.2204460492503131E-016

 ------------------------------------------------------------------------------
                           SETUP FFT
 Global FFT Dimension :    15   15   15
 Rank/Size in Global Communicator     :            0 /           1
 Rank/Size in Global FFT Communicator :            0 /           1
 Parallel FFT, totX    =    15
 Parallel FFT, totY    =    15
 Parallel FFT, locZ    =    15
 Parallel FFT, locZoff =     0
 Dimension of rho for this processor : 
 xmin, xmax :            0          14
 ymin, ymax :            0          14
 zmin, zmax :            0          14
 Total electron number =    1.0000000000000000     
 Uniform rhoR =    8.1859376978648257E-003
 (GB INFO) FFT size      :       15      15      15
 (GB INFO) FFT offset    :        0
 (GB INFO) FFT G size    :        8      15      15
 (GB INFO) FFT G offset  :        0

 ------------------------------------------------------------------------------
                           SETUP KEDF
 kinetic energy density functional number is            4
 ( 1=TF, 2=VW, 3=TF+VW, 4=WT,  5=WGC,  
   7=LQ, 8=HQ, 10=CAT,  11=HC, 12=WGCD,
   15=GGA, 16=WGCD+GGA, 17=EVT, 18=EVC )
 qTable dimension:     8   15   15
 Coefficient for TF KEDF is     1.0000
 Coefficient for VW KEDF is     1.0000
 Coefficient for alpha in WT KEDF is     0.8333
 Coefficient for beta  in WT KEDF is     0.8333
 rho0 (Electron/Bohr^3) in WGC KEDF is     0.0082
 hold0 =  F
  dV of each real space grid is now    3.6195767330794680E-002
 Cell length (Bohr)    5.569E+00   5.569E+00   5.569E+00
 Angle     (Degree)    6.000E+01   6.000E+01   6.000E+01
 Volume    (Bohr^3)    1.222E+02

 ------------------------------------------------------------------------------
                           SETUP EWALD 
 (Ewald) eta                             :   0.8137    
 (Ewald) Real Space Cutoff               :    6.000     (Bohr)
 (Ewald) Reciprocal Cutoff               :    7.897     (1/Bohr)

 ------------------------------------------------------------------------------
                           SETUP PLANE WAVE 
 Read in WT kernel.
 kernel file name  : 4PROFESS_KERNEL.dat           
 KEDF type         :     4
 Fermi vector      :   1.182014212099E+00
 Reference density :  -1.000000000000E+00
 Mesh points       :   200002
 Fermi vector in this cell is    1.2469809169711208     
 Fermi vector from kernel file is    1.1820142120987149     
 First qNorm is    0.0000000000000000     
 size of Wang-Teter kernel in this run is            8          15          15
 Max |G| in this calculation is   1.852011726322E+01
 Max eta used from kernel is   1.485196526359E+01

 ------------------------------------------------------------------------------
                           REFRESH ION POSITIONS
  
 Calculating Ion-Ion Energy ...                   complete.     0.000 s
  
 Calculating Ion-Electron Potential (spline) ... 
 complete.     0.000 s

 ------------------------------------------------------------------------------
                           DENSITY OPTIMIZATION
 Electron number for spin            1  is   0.99999999999995159     
 Cell Volume      :            18.102350 Angstrom^3
 Ion number       :                    1
 Electron number  :             1.000000
 Ion density      :             0.055241 Ion/Angstrom^3
 Electron density :             0.055241 Electron/Angstrom^3
##############################################################################
#                               FINAL ENERGIES                       time    #
##############################################################################
# Thomas-Fermi Kin. Energy =   3.218038406544E+00 eV                 0.000 s #
# Von-Weizsacker Kin. Ener =   2.691118920393E-01 eV                 0.000 s #
# Wang-Teter Kinetic Energ =  -8.619008643960E-02 eV                 0.000 s #
#                                                                            #
#     LDA Exch-Corr Energy =  -5.076549192837E+00 eV                 0.000 s #
#         Coulombic Energy =   1.568819704767E-02 eV                 0.000 s #
#      Ion-Electron Energy =   1.979126010127E+00 eV                 0.000 s #
#           Ion-Ion Energy =  -7.919839543037E+00 eV                 0.000 s #
#                                                                            #
#     TOTAL KINETIC ENERGY =   3.400960212143E+00 eV                         #
#   TOTAL POTENTIAL ENERGY =  -1.100157452870E+01 eV                         #
#             TOTAL ENERGY =  -7.600614316556E+00 eV                         #
##############################################################################
  
 ----------------------------- TIME INFORMATION ------------------------------
    PROFESS      :      0.76s WALL    100.00% (       1 calls)     0.76s/call
    InitPROFESS  :      0.40s WALL     52.50% (       1 calls)     0.40s/call
    KEDFRefresh  :      0.39s WALL     50.89% (       1 calls)     0.39s/call
    IonRefresh   :      0.00s WALL      0.13% (       1 calls)     0.00s/call
    EwaldEnergy  :      0.00s WALL      0.06% (       1 calls)     0.00s/call
    Pot_Ion      :      0.00s WALL      0.04% (      72 calls)     0.00s/call
    Pot_Har      :      0.01s WALL      0.95% (      72 calls)     0.00s/call
    Pot_Exc      :      0.03s WALL      4.21% (      72 calls)     0.00s/call
    Pot_KEDF     :      0.14s WALL     18.65% (      72 calls)     0.00s/call
    VWPotSqrPlus :      0.01s WALL      0.89% (      72 calls)     0.00s/call
    NextGradient :      0.00s WALL      0.07% (       6 calls)     0.00s/call
 -----------------------------------------------------------------------------
 ------------------------------- TOTAL ---------------------------------------
    PROFESS      :      0.76s WALL    100.00% (       1 calls)     0.76s/call
 -----------------------------------------------------------------------------

Run completed on: 08/14/2021 at 19:03:53 
  
