 ******************************************************************************
                             WELCOME TO PROFESS                   
            (PRinceton Orbital-Free Electronic Structure Software) 
 ******************************************************************************

 ------------------------------------------------------------------------------
                           READ GEOMETRY
 Cell length (Bohr)    5.140E+00   5.140E+00   5.140E+00
 Angle     (Degree)    1.095E+02   1.095E+02   1.095E+02
 Volume    (Bohr^3)    1.046E+02

 ------------------------------------------------------------------------------
                           READ PSEUDOPOTENTIAL
 Total electron number in ReadPseudo is    4.0000000000000000     
 (System) Machine Precision              :    2.2204460492503131E-016

 ------------------------------------------------------------------------------
                           SETUP FFT
 Global FFT Dimension :    27   27   27
 Dimension of rho for this processor : 
 xmin, xmax :            0          26
 ymin, ymax :            0          26
 zmin, zmax :            0          26
 Total electron number =    4.0000000000000000     
 Uniform rhoR =    3.8259023141209277E-002
 (GB INFO) FFT size      :       27      27      27
 (GB INFO) FFT offset    :        0
 (GB INFO) FFT G size    :       14      27      27
 (GB INFO) FFT G offset  :        0

 ------------------------------------------------------------------------------
                           SETUP KEDF
 kinetic energy density functional number is           11
 ( 1=TF, 2=VW, 3=TF+VW, 4=WT,  5=WGC,  
   7=LQ, 8=HQ, 10=CAT,  11=HC, 12=WGCD,
   15=GGA, 16=WGCD+GGA, 17=EVT, 18=EVC )
 qTable dimension:    14   27   27
 rhoS=   3.8259023141209277E-002
 rho0=   3.8259023141209277E-002
 coefficients for TF KEDF is     1.000000
 coefficients for VW KEDF is     1.000000
 Lambda in HC10 is set to     0.000000
 ALPHA  in HC10 is set to     2.016667
 BETA   in HC10 is set to     0.650000
 Sum of alpha and beta is     2.666667
  dV of each real space grid is now    5.3117156951733944E-003
 Cell length (Bohr)    5.140E+00   5.140E+00   5.140E+00
 Angle     (Degree)    1.095E+02   1.095E+02   1.095E+02
 Volume    (Bohr^3)    1.046E+02

 ------------------------------------------------------------------------------
                           SETUP EWALD 
 (Ewald) eta                             :    1.200    
 (Ewald) Real Space Cutoff               :    6.000     (Bohr)
 (Ewald) Reciprocal Cutoff               :    15.89     (1/Bohr)

 ------------------------------------------------------------------------------
                           SETUP PLANE WAVE 

 ------------------------------------------------------------------------------
                           REFRESH ION POSITIONS
  
 Calculating Ion-Ion Energy ...                   complete.     0.005 s
  
 Calculating Ion-Electron Potential (spline) ... 
 complete.     0.006 s

 ------------------------------------------------------------------------------
                           DENSITY OPTIMIZATION
 Electron number for spin            1  is    4.0000000000011129     
 Cell Volume      :            15.492785 Angstrom^3
 Ion number       :                    1
 Electron number  :             4.000000
 Ion density      :             0.064546 Ion/Angstrom^3
 Electron density :             0.258185 Electron/Angstrom^3
##############################################################################
#                               FINAL ENERGIES                       time    #
##############################################################################
# Thomas-Fermi Kin. Energy =   3.688969794125E+01 eV                 0.000 s #
# Von-Weizsacker Kin. Ener =   4.859159659838E+00 eV                 0.000 s #
#                                                                            #
# GGA(PBE) Exch-Cor Energy =  -3.265099992767E+01 eV                 0.000 s #
#         Coulombic Energy =   5.130995218889E-01 eV                 0.000 s #
#      Ion-Electron Energy =   1.785730392973E+01 eV                 0.000 s #
#           Ion-Ion Energy =  -1.334745569176E+02 eV                 0.000 s #
#                                                                            #
#     TOTAL KINETIC ENERGY =   3.954292467925E+01 eV                         #
#   TOTAL POTENTIAL ENERGY =  -1.477551533937E+02 eV                         #
#             TOTAL ENERGY =  -1.082122287144E+02 eV                         #
##############################################################################
  
 ----------------------------- TIME INFORMATION ------------------------------
    PROFESS      :     27.53s WALL    100.00% (       1 calls)    27.53s/call
    InitPROFESS  :      0.08s WALL      0.30% (       1 calls)     0.08s/call
    KEDFRefresh  :      0.00s WALL      0.00% (       1 calls)     0.00s/call
    IonRefresh   :      0.02s WALL      0.09% (       1 calls)     0.02s/call
    EwaldEnergy  :      0.02s WALL      0.06% (       1 calls)     0.02s/call
    ForwFFT_3D   :      3.46s WALL     12.58% (    4870 calls)     0.00s/call
    BackFFT_3D   :      2.61s WALL      9.49% (    3801 calls)     0.00s/call
    Pot_Ion      :      0.05s WALL      0.19% (     144 calls)     0.00s/call
    Pot_Har      :      0.26s WALL      0.94% (     144 calls)     0.00s/call
    Pot_Exc      :      4.83s WALL     17.54% (     144 calls)     0.03s/call
    PBEPot       :      4.77s WALL     17.33% (     144 calls)     0.03s/call
    Pot_KEDF     :     21.79s WALL     79.13% (     144 calls)     0.15s/call
    intPot       :     21.11s WALL     76.67% (     144 calls)     0.15s/call
    MakeXiG      :      0.29s WALL      1.06% (     144 calls)     0.00s/call
    VWPotSqrPlus :      0.22s WALL      0.81% (     144 calls)     0.00s/call
    intPot1      :      5.80s WALL     21.07% (     821 calls)     0.01s/call
    MakeHC10Kern :      0.85s WALL      3.07% (     964 calls)     0.00s/call
    intPot2      :      4.03s WALL     14.63% (     821 calls)     0.00s/call
    intPot3      :      5.18s WALL     18.83% (     821 calls)     0.01s/call
    intPot4      :      2.52s WALL      9.14% (     821 calls)     0.00s/call
    NextGradient :      0.01s WALL      0.04% (       8 calls)     0.00s/call
 -----------------------------------------------------------------------------
 ------------------------------- TOTAL ---------------------------------------
    PROFESS      :     27.53s WALL    100.00% (       1 calls)    27.53s/call
 -----------------------------------------------------------------------------

Run completed on: 07/30/2024 at 18:04:04 
  
