 ******************************************************************************
                             WELCOME TO PROFESS                   
            (PRinceton Orbital-Free Electronic Structure Software) 
 ******************************************************************************

 ------------------------------------------------------------------------------
                           READ GEOMETRY
 Cell length (Bohr)    1.236E+01   1.236E+01   1.236E+01
 Angle     (Degree)    9.000E+01   9.000E+01   9.000E+01
 Volume    (Bohr^3)    1.889E+03

 ------------------------------------------------------------------------------
                           READ PSEUDOPOTENTIAL
 Total electron number in ReadPseudo is    64.000000000000000     
 (System) Machine Precision              :    2.2204460492503131E-016

 ------------------------------------------------------------------------------
                           SETUP FFT
 Global FFT Dimension :    63   63   63
 Dimension of rho for this processor : 
 xmin, xmax :            0          62
 ymin, ymax :            0          62
 zmin, zmax :            0          62
 Total electron number =    64.000000000000000     
 Uniform rhoR =    3.3882871681198169E-002
 (GB INFO) FFT size      :       63      63      63
 (GB INFO) FFT offset    :        0
 (GB INFO) FFT G size    :       32      63      63
 (GB INFO) FFT G offset  :        0

 ------------------------------------------------------------------------------
                           SETUP KEDF
 kinetic energy density functional number is            5
 ( 1=TF, 2=VW, 3=TF+VW, 4=WT,  5=WGC,  
   7=LQ, 8=HQ, 10=CAT,  11=HC, 12=WGCD,
   15=GGA, 16=WGCD+GGA, 17=EVT, 18=EVC )
 qTable dimension:    32   63   63
 Coefficient for TF KEDF is     1.0000
 Coefficient for VW KEDF is     1.0000
 Coefficient for alpha in WGC KEDF is     1.2060
 Coefficient for beta  in WGC KEDF is     0.4607
 Coefficient for gamma in WGC KEDF is     4.2000
 rho0 (Electron/Bohr^3) in WGC KEDF is     0.0339
 rhoS (Electron/Bohr^3) in WGC KEDF is     0.0339
 hold0 =  F
 holdS =  F
  dV of each real space grid is now    7.5540197257953400E-003
 Cell length (Bohr)    1.236E+01   1.236E+01   1.236E+01
 Angle     (Degree)    9.000E+01   9.000E+01   9.000E+01
 Volume    (Bohr^3)    1.889E+03

 ------------------------------------------------------------------------------
                           SETUP EWALD 
 (Ewald) eta                             :    1.200    
 (Ewald) Real Space Cutoff               :    6.000     (Bohr)
 (Ewald) Reciprocal Cutoff               :    15.76     (1/Bohr)

 ------------------------------------------------------------------------------
                           SETUP PLANE WAVE 

 ------------------------------------------------------------------------------
                           INITIALIZING WGC KERNEL
 Fermi vector :    1.0010760478387040     
 Reference density :    3.3882871681198169E-002
 Make WGC kernels.
 Dimension of KEDF Kernel :           32          63          63

 ------------------------------------------------------------------------------
                           REFRESH ION POSITIONS
  
 Calculating Ion-Ion Energy ...                   complete.     0.054 s
  
 Calculating Ion-Electron Potential (spline) ... 
 complete.     0.073 s

 ------------------------------------------------------------------------------
                           DENSITY OPTIMIZATION
 Electron number for spin            1  is    64.000000000117524     
 Cell Volume      :           279.900166 Angstrom^3
 Ion number       :                   16
 Electron number  :            64.000000
 Ion density      :             0.057163 Ion/Angstrom^3
 Electron density :             0.228653 Electron/Angstrom^3
##############################################################################
#                               FINAL ENERGIES                       time    #
##############################################################################
# Thomas-Fermi Kin. Energy =   6.085706924107E+02 eV                 0.000 s #
# Von-Weizsacker Kin. Ener =   1.464097809092E+02 eV                 0.000 s #
#       WGC Kinetic Energy =  -1.012249097385E+02 eV                 0.000 s #
#                                                                            #
# GGA(PBE) Exch-Cor Energy =  -5.261995139211E+02 eV                 0.000 s #
#         Coulombic Energy =   6.633546913618E+01 eV                 0.000 s #
#      Ion-Electron Energy =   3.961882775593E+01 eV                 0.000 s #
#           Ion-Ion Energy =  -1.962395938496E+03 eV                 0.000 s #
#                                                                            #
#     TOTAL KINETIC ENERGY =   6.537555635814E+02 eV                         #
#   TOTAL POTENTIAL ENERGY =  -2.382641155525E+03 eV                         #
#             TOTAL ENERGY =  -1.728885591943E+03 eV                         #
##############################################################################
  
 ----------------------------- TIME INFORMATION ------------------------------
    PROFESS      :     52.03s WALL    100.00% (       1 calls)    52.03s/call
    InitPROFESS  :      0.25s WALL      0.47% (       1 calls)     0.25s/call
    KEDFRefresh  :      0.09s WALL      0.17% (       1 calls)     0.09s/call
    IonRefresh   :      0.14s WALL      0.27% (       1 calls)     0.14s/call
    EwaldEnergy  :      0.05s WALL      0.10% (       1 calls)     0.05s/call
    ForwFFT_3D   :     10.40s WALL     19.99% (    1802 calls)     0.01s/call
    BackFFT_3D   :      9.41s WALL     18.09% (    1801 calls)     0.01s/call
    Pot_Ion      :      0.18s WALL      0.34% (     150 calls)     0.00s/call
    Pot_Har      :      2.00s WALL      3.84% (     150 calls)     0.01s/call
    Pot_Exc      :     26.72s WALL     51.36% (     150 calls)     0.18s/call
    PBEPot       :     25.74s WALL     49.48% (     150 calls)     0.17s/call
    Pot_KEDF     :     20.26s WALL     38.94% (     150 calls)     0.14s/call
    WGCPotPlus   :     15.88s WALL     30.53% (     150 calls)     0.11s/call
    VWPotSqrPlus :      1.71s WALL      3.29% (     150 calls)     0.01s/call
    NextGradient :      0.05s WALL      0.09% (       8 calls)     0.01s/call
 -----------------------------------------------------------------------------
 ------------------------------- TOTAL ---------------------------------------
    PROFESS      :     52.03s WALL    100.00% (       1 calls)    52.03s/call
 -----------------------------------------------------------------------------

Run completed on: 07/30/2024 at 16:54:42 
  
