 ******************************************************************************
                             WELCOME TO PROFESS                   
            (PRinceton Orbital-Free Electronic Structure Software) 
 ******************************************************************************

 ------------------------------------------------------------------------------
                           READ GEOMETRY
 Cell length (Bohr)    5.899E+00   5.899E+00   5.899E+00
 Angle     (Degree)    6.000E+01   6.000E+01   6.000E+01
 Volume    (Bohr^3)    1.452E+02

 ------------------------------------------------------------------------------
                           READ PSEUDOPOTENTIAL
 Total electron number in ReadPseudo is    2.0000000000000000     
 (System) Machine Precision              :    2.2204460492503131E-016

 ------------------------------------------------------------------------------
                           SETUP FFT
 Global FFT Dimension :    15   15   15
 Rank/Size in Global Communicator     :            0 /           1
 Rank/Size in Global FFT Communicator :            0 /           1
 Parallel FFT, totX    =    15
 Parallel FFT, totY    =    15
 Parallel FFT, locZ    =    15
 Parallel FFT, locZoff =     0
 Dimension of rho for this processor : 
 xmin, xmax :            0          14
 ymin, ymax :            0          14
 zmin, zmax :            0          14
 Total electron number =    2.0000000000000000     
 Uniform rhoR =    1.3777339582474337E-002
 (GB INFO) FFT size      :       15      15      15
 (GB INFO) FFT offset    :        0
 (GB INFO) FFT G size    :        8      15      15
 (GB INFO) FFT G offset  :        0

 ------------------------------------------------------------------------------
                           SETUP KEDF
 kinetic energy density functional number is            4
 ( 1=TF, 2=VW, 3=TF+VW, 4=WT,  5=WGC,  
   7=LQ, 8=HQ, 10=CAT,  11=HC, 12=WGCD,
   15=GGA, 16=WGCD+GGA, 17=EVT, 18=EVC )
 qTable dimension:     8   15   15
 Coefficient for TF KEDF is     1.0000
 Coefficient for VW KEDF is     1.0000
 Coefficient for alpha in WT KEDF is     0.8333
 Coefficient for beta  in WT KEDF is     0.8333
 rho0 (Electron/Bohr^3) in WGC KEDF is     0.0138
 hold0 =  F
  dV of each real space grid is now    4.3012120667070476E-002
 Cell length (Bohr)    5.899E+00   5.899E+00   5.899E+00
 Angle     (Degree)    6.000E+01   6.000E+01   6.000E+01
 Volume    (Bohr^3)    1.452E+02

 ------------------------------------------------------------------------------
                           SETUP EWALD 
 (Ewald) eta                             :   0.7502    
 (Ewald) Real Space Cutoff               :    6.296     (Bohr)
 (Ewald) Reciprocal Cutoff               :    7.456     (1/Bohr)

 ------------------------------------------------------------------------------
                           SETUP PLANE WAVE 
 Read in WT kernel.
 kernel file name  : 3PROFESS_KERNEL.dat           
 KEDF type         :     4
 Fermi vector      :   1.182014212099E+00
 Reference density :  -1.000000000000E+00
 Mesh points       :   200002
 Fermi vector in this cell is    1.4832878865749621     
 Fermi vector from kernel file is    1.1820142120987149     
 First qNorm is    0.0000000000000000     
 size of Wang-Teter kernel in this run is            8          15          15
 Max |G| in this calculation is   1.748501635809E+01
 Max eta used from kernel is   1.178801264161E+01

 ------------------------------------------------------------------------------
                           REFRESH ION POSITIONS
  
 Calculating Ion-Ion Energy ...                   complete.     0.000 s
  
 Calculating Ion-Electron Potential (spline) ... 
 complete.     0.000 s

 ------------------------------------------------------------------------------
                           DENSITY OPTIMIZATION
 Electron number for spin            1  is    2.0000000000000999     
 Cell Volume      :            21.511368 Angstrom^3
 Ion number       :                    1
 Electron number  :             2.000000
 Ion density      :             0.046487 Ion/Angstrom^3
 Electron density :             0.092974 Electron/Angstrom^3
  
 Calculating Ion-Ion Forces ...                complete.     0.000 s
  
 Calculating Ion-Electron Forces (spline) ...  complete.     0.000 s
  
 Calculating Ion-Electron Stress (spline) ...  complete.     0.000 s
  
 Calculating Ion-Ion Stress ...                complete.     0.000 s
  
 ------------------------------------------------------------------------------
                         LATTICE VECTORS (Angstrom)
 LAT 1           0.000000        2.207391        2.207391
 LAT 2           2.207391        0.000000        2.207391
 LAT 3           2.207391        2.207391        0.000000
 ------------------------------------------------------------------------------
                                STRESS (GPa)
 ST_GPa 1        0.342017       -0.000000       -0.000000
 ST_GPa 2       -0.000000        0.342016       -0.000000
 ST_GPa 3       -0.000000       -0.000000        0.342016
  
 --------------------------------------------------
 STRESS (a.u.)
 --------------------------------------------------
 ST_AU  1   1.1624907122E-05  -1.3188608081E-11  -1.3776724337E-11
 ST_AU  2  -1.3188608081E-11   1.1624904030E-05  -1.0071164942E-11
 ST_AU  3  -1.3776724337E-11  -1.0071164942E-11   1.1624905958E-05
; Cell optimization at step  1, max(stress):  0.1162E-04, total energy: -0.90622632    ;
  dV of each real space grid is now    4.2899578427476971E-002
 Cell length (Bohr)    5.896E+00   5.896E+00   5.896E+00
 Angle     (Degree)    5.996E+01   5.996E+01   5.996E+01
 Volume    (Bohr^3)    1.448E+02
  dV of each real space grid is now    4.2899578427476971E-002
 Cell length (Bohr)    5.896E+00   5.896E+00   5.896E+00
 Angle     (Degree)    5.996E+01   5.996E+01   5.996E+01
 Volume    (Bohr^3)    1.448E+02

 ------------------------------------------------------------------------------
                           SETUP EWALD 
 (Ewald) eta                             :   0.7502    
 (Ewald) Real Space Cutoff               :    6.302     (Bohr)
 (Ewald) Reciprocal Cutoff               :    7.460     (1/Bohr)

 ------------------------------------------------------------------------------
                           SETUP PLANE WAVE 
 Read in WT kernel.
 kernel file name  : 3PROFESS_KERNEL.dat           
 KEDF type         :     4
 Fermi vector      :   1.182014212099E+00
 Reference density :  -1.000000000000E+00
 Mesh points       :   200002
 Fermi vector in this cell is    1.4845838338619022     
 Fermi vector from kernel file is    1.1820142120987149     
 First qNorm is    0.0000000000000000     
 size of Wang-Teter kernel in this run is            8          15          15
 Max |G| in this calculation is   1.750492622404E+01
 Max eta used from kernel is   1.179113353168E+01

 ------------------------------------------------------------------------------
                           REFRESH ION POSITIONS
  
 Calculating Ion-Ion Energy ...                   complete.     0.000 s
  
 Calculating Ion-Electron Potential (spline) ... 
 complete.     0.000 s
 Rescale the total density from   0.085575 to          2

 ------------------------------------------------------------------------------
                           DENSITY OPTIMIZATION
 Electron number for spin            1  is    2.0000000000000031     
 Cell Volume      :            21.455083 Angstrom^3
 Ion number       :                    1
 Electron number  :             2.000000
 Ion density      :             0.046609 Ion/Angstrom^3
 Electron density :             0.093218 Electron/Angstrom^3
  
 Calculating Ion-Ion Forces ...                complete.     0.000 s
  
 Calculating Ion-Electron Forces (spline) ...  complete.     0.000 s
  
 Calculating Ion-Electron Stress (spline) ...  complete.     0.000 s
  
 Calculating Ion-Ion Stress ...                complete.     0.000 s
  
 ------------------------------------------------------------------------------
                         LATTICE VECTORS (Angstrom)
 LAT 1           0.001284        2.206107        2.206107
 LAT 2           2.206107        0.001284        2.206107
 LAT 3           2.206107        2.206107        0.001284
 ------------------------------------------------------------------------------
                                STRESS (GPa)
 ST_GPa 1        0.242071        0.013723        0.013723
 ST_GPa 2        0.013723        0.242071        0.013723
 ST_GPa 3        0.013723        0.013723        0.242071
  
 --------------------------------------------------
 STRESS (a.u.)
 --------------------------------------------------
 ST_AU  1   8.2278368506E-06   4.6641884320E-07   4.6641861141E-07
 ST_AU  2   4.6641884320E-07   8.2278324990E-06   4.6642379107E-07
 ST_AU  3   4.6641861141E-07   4.6642379107E-07   8.2278339226E-06
; Cell optimization at step  2, max(stress):  0.8228E-05, total energy: -0.90623001    ;
  dV of each real space grid is now    4.2807881145938372E-002
 Cell length (Bohr)    5.893E+00   5.893E+00   5.893E+00
 Angle     (Degree)    5.993E+01   5.993E+01   5.993E+01
 Volume    (Bohr^3)    1.445E+02
  dV of each real space grid is now    4.2807881145938372E-002
 Cell length (Bohr)    5.893E+00   5.893E+00   5.893E+00
 Angle     (Degree)    5.993E+01   5.993E+01   5.993E+01
 Volume    (Bohr^3)    1.445E+02

 ------------------------------------------------------------------------------
                           SETUP EWALD 
 (Ewald) eta                             :   0.7502    
 (Ewald) Real Space Cutoff               :    6.302     (Bohr)
 (Ewald) Reciprocal Cutoff               :    7.464     (1/Bohr)

 ------------------------------------------------------------------------------
                           SETUP PLANE WAVE 
 Read in WT kernel.
 kernel file name  : 3PROFESS_KERNEL.dat           
 KEDF type         :     4
 Fermi vector      :   1.182014212099E+00
 Reference density :  -1.000000000000E+00
 Mesh points       :   200002
 Fermi vector in this cell is    1.4856431031071622     
 Fermi vector from kernel file is    1.1820142120987149     
 First qNorm is    0.0000000000000000     
 size of Wang-Teter kernel in this run is            8          15          15
 Max |G| in this calculation is   1.752091011756E+01
 Max eta used from kernel is   1.179348531348E+01

 ------------------------------------------------------------------------------
                           REFRESH ION POSITIONS
  
 Calculating Ion-Ion Energy ...                   complete.     0.000 s
  
 Calculating Ion-Electron Potential (spline) ... 
 complete.     0.000 s
 Rescale the total density from   0.085433 to          2

 ------------------------------------------------------------------------------
                           DENSITY OPTIMIZATION
 Electron number for spin            1  is    2.0000000000000013     
 Cell Volume      :            21.409223 Angstrom^3
 Ion number       :                    1
 Electron number  :             2.000000
 Ion density      :             0.046709 Ion/Angstrom^3
 Electron density :             0.093418 Electron/Angstrom^3
  
 Calculating Ion-Ion Forces ...                complete.     0.000 s
  
 Calculating Ion-Electron Forces (spline) ...  complete.     0.000 s
  
 Calculating Ion-Electron Stress (spline) ...  complete.     0.000 s
  
 Calculating Ion-Ion Stress ...                complete.     0.000 s
  
 ------------------------------------------------------------------------------
                         LATTICE VECTORS (Angstrom)
 LAT 1           0.002251        2.205018        2.205018
 LAT 2           2.205018        0.002251        2.205018
 LAT 3           2.205018        2.205018        0.002251
 ------------------------------------------------------------------------------
                                STRESS (GPa)
 ST_GPa 1        0.164125        0.023925        0.023925
 ST_GPa 2        0.023925        0.164125        0.023925
 ST_GPa 3        0.023925        0.023925        0.164125
  
 --------------------------------------------------
 STRESS (a.u.)
 --------------------------------------------------
 ST_AU  1   5.5784960509E-06   8.1318670337E-07   8.1318637987E-07
 ST_AU  2   8.1318670337E-07   5.5784904836E-06   8.1319145336E-07
 ST_AU  3   8.1318637987E-07   8.1319145336E-07   5.5784922067E-06
; Cell optimization at step  3, max(stress):  0.5578E-05, total energy: -0.90623204    ;
  dV of each real space grid is now    4.2738058102509108E-002
 Cell length (Bohr)    5.890E+00   5.890E+00   5.890E+00
 Angle     (Degree)    5.991E+01   5.991E+01   5.991E+01
 Volume    (Bohr^3)    1.442E+02
  dV of each real space grid is now    4.2738058102509108E-002
 Cell length (Bohr)    5.890E+00   5.890E+00   5.890E+00
 Angle     (Degree)    5.991E+01   5.991E+01   5.991E+01
 Volume    (Bohr^3)    1.442E+02

 ------------------------------------------------------------------------------
                           SETUP EWALD 
 (Ewald) eta                             :   0.7502    
 (Ewald) Real Space Cutoff               :    6.302     (Bohr)
 (Ewald) Reciprocal Cutoff               :    7.467     (1/Bohr)

 ------------------------------------------------------------------------------
                           SETUP PLANE WAVE 
 Read in WT kernel.
 kernel file name  : 3PROFESS_KERNEL.dat           
 KEDF type         :     4
 Fermi vector      :   1.182014212099E+00
 Reference density :  -1.000000000000E+00
 Mesh points       :   200002
 Fermi vector in this cell is    1.4864517163834237     
 Fermi vector from kernel file is    1.1820142120987149     
 First qNorm is    0.0000000000000000     
 size of Wang-Teter kernel in this run is            8          15          15
 Max |G| in this calculation is   1.753272140165E+01
 Max eta used from kernel is   1.179501574683E+01

 ------------------------------------------------------------------------------
                           REFRESH ION POSITIONS
  
 Calculating Ion-Ion Energy ...                   complete.     0.000 s
  
 Calculating Ion-Electron Potential (spline) ... 
 complete.     0.000 s
 Rescale the total density from   0.085337 to          2

 ------------------------------------------------------------------------------
                           DENSITY OPTIMIZATION
 Electron number for spin            1  is    1.9999999999999951     
 Cell Volume      :            21.374303 Angstrom^3
 Ion number       :                    1
 Electron number  :             2.000000
 Ion density      :             0.046785 Ion/Angstrom^3
 Electron density :             0.093570 Electron/Angstrom^3
  
 Calculating Ion-Ion Forces ...                complete.     0.000 s
  
 Calculating Ion-Electron Forces (spline) ...  complete.     0.000 s
  
 Calculating Ion-Electron Stress (spline) ...  complete.     0.000 s
  
 Calculating Ion-Ion Stress ...                complete.     0.000 s
  
 ------------------------------------------------------------------------------
                         LATTICE VECTORS (Angstrom)
 LAT 1           0.002878        2.204133        2.204133
 LAT 2           2.204133        0.002878        2.204133
 LAT 3           2.204133        2.204133        0.002878
 ------------------------------------------------------------------------------
                                STRESS (GPa)
 ST_GPa 1        0.104340        0.030548        0.030548
 ST_GPa 2        0.030548        0.104340        0.030548
 ST_GPa 3        0.030548        0.030548        0.104340
  
 --------------------------------------------------
 STRESS (a.u.)
 --------------------------------------------------
 ST_AU  1   3.5464388241E-06   1.0383155957E-06   1.0383154174E-06
 ST_AU  2   1.0383155957E-06   3.5464328827E-06   1.0383197466E-06
 ST_AU  3   1.0383154174E-06   1.0383197466E-06   3.5464345457E-06
; Cell optimization at step  4, max(stress):  0.3546E-05, total energy: -0.90623301    ;
  dV of each real space grid is now    4.2690673987874114E-002
 Cell length (Bohr)    5.889E+00   5.889E+00   5.889E+00
 Angle     (Degree)    5.991E+01   5.991E+01   5.991E+01
 Volume    (Bohr^3)    1.441E+02
  dV of each real space grid is now    4.2690673987874114E-002
 Cell length (Bohr)    5.889E+00   5.889E+00   5.889E+00
 Angle     (Degree)    5.991E+01   5.991E+01   5.991E+01
 Volume    (Bohr^3)    1.441E+02

 ------------------------------------------------------------------------------
                           SETUP EWALD 
 (Ewald) eta                             :   0.7502    
 (Ewald) Real Space Cutoff               :    6.302     (Bohr)
 (Ewald) Reciprocal Cutoff               :    7.469     (1/Bohr)

 ------------------------------------------------------------------------------
                           SETUP PLANE WAVE 
 Read in WT kernel.
 kernel file name  : 3PROFESS_KERNEL.dat           
 KEDF type         :     4
 Fermi vector      :   1.182014212099E+00
 Reference density :  -1.000000000000E+00
 Mesh points       :   200002
 Fermi vector in this cell is    1.4870014707657313     
 Fermi vector from kernel file is    1.1820142120987149     
 First qNorm is    0.0000000000000000     
 size of Wang-Teter kernel in this run is            8          15          15
 Max |G| in this calculation is   1.754022433090E+01
 Max eta used from kernel is   1.179570072777E+01

 ------------------------------------------------------------------------------
                           REFRESH ION POSITIONS
  
 Calculating Ion-Ion Energy ...                   complete.     0.000 s
  
 Calculating Ion-Electron Potential (spline) ... 
 complete.     0.000 s
 Rescale the total density from   0.085287 to          2

 ------------------------------------------------------------------------------
                           DENSITY OPTIMIZATION
 Electron number for spin            1  is    2.0000000000000018     
 Cell Volume      :            21.350605 Angstrom^3
 Ion number       :                    1
 Electron number  :             2.000000
 Ion density      :             0.046837 Ion/Angstrom^3
 Electron density :             0.093674 Electron/Angstrom^3
  
 Calculating Ion-Ion Forces ...                complete.     0.000 s
  
 Calculating Ion-Electron Forces (spline) ...  complete.     0.000 s
  
 Calculating Ion-Electron Stress (spline) ...  complete.     0.000 s
  
 Calculating Ion-Ion Stress ...                complete.     0.000 s
  
 ------------------------------------------------------------------------------
                         LATTICE VECTORS (Angstrom)
 LAT 1           0.003159        2.203459        2.203459
 LAT 2           2.203459        0.003159        2.203459
 LAT 3           2.203459        2.203459        0.003159
 ------------------------------------------------------------------------------
                                STRESS (GPa)
 ST_GPa 1        0.063512        0.033460        0.033460
 ST_GPa 2        0.033460        0.063512        0.033460
 ST_GPa 3        0.033460        0.033460        0.063512
  
 --------------------------------------------------
 STRESS (a.u.)
 --------------------------------------------------
 ST_AU  1   2.1587404250E-06   1.1372818179E-06   1.1372816823E-06
 ST_AU  2   1.1372818179E-06   2.1587338834E-06   1.1372851614E-06
 ST_AU  3   1.1372816823E-06   1.1372851614E-06   2.1587355875E-06
; Cell optimization at step  5, max(stress):  0.2159E-05, total energy: -0.90623341    ;
  dV of each real space grid is now    4.2662824692557923E-002
 Cell length (Bohr)    5.887E+00   5.887E+00   5.887E+00
 Angle     (Degree)    5.991E+01   5.991E+01   5.991E+01
 Volume    (Bohr^3)    1.440E+02
  dV of each real space grid is now    4.2662824692557923E-002
 Cell length (Bohr)    5.887E+00   5.887E+00   5.887E+00
 Angle     (Degree)    5.991E+01   5.991E+01   5.991E+01
 Volume    (Bohr^3)    1.440E+02

 ------------------------------------------------------------------------------
                           SETUP EWALD 
 (Ewald) eta                             :   0.7502    
 (Ewald) Real Space Cutoff               :    6.302     (Bohr)
 (Ewald) Reciprocal Cutoff               :    7.471     (1/Bohr)

 ------------------------------------------------------------------------------
                           SETUP PLANE WAVE 
 Read in WT kernel.
 kernel file name  : 3PROFESS_KERNEL.dat           
 KEDF type         :     4
 Fermi vector      :   1.182014212099E+00
 Reference density :  -1.000000000000E+00
 Mesh points       :   200002
 Fermi vector in this cell is    1.4873249603279235     
 Fermi vector from kernel file is    1.1820142120987149     
 First qNorm is    0.0000000000000000     
 size of Wang-Teter kernel in this run is            8          15          15
 Max |G| in this calculation is   1.754394954713E+01
 Max eta used from kernel is   1.179563983332E+01

 ------------------------------------------------------------------------------
                           REFRESH ION POSITIONS
  
 Calculating Ion-Ion Energy ...                   complete.     0.000 s
  
 Calculating Ion-Electron Potential (spline) ... 
 complete.     0.000 s
 Rescale the total density from   0.085270 to          2

 ------------------------------------------------------------------------------
                           DENSITY OPTIMIZATION
 Electron number for spin            1  is    2.0000000000000049     
 Cell Volume      :            21.336677 Angstrom^3
 Ion number       :                    1
 Electron number  :             2.000000
 Ion density      :             0.046868 Ion/Angstrom^3
 Electron density :             0.093735 Electron/Angstrom^3
  
 Calculating Ion-Ion Forces ...                complete.     0.000 s
  
 Calculating Ion-Electron Forces (spline) ...  complete.     0.000 s
  
 Calculating Ion-Electron Stress (spline) ...  complete.     0.000 s
  
 Calculating Ion-Ion Stress ...                complete.     0.000 s
  
 ------------------------------------------------------------------------------
                         LATTICE VECTORS (Angstrom)
 LAT 1           0.003133        2.202967        2.202967
 LAT 2           2.202967        0.003133        2.202967
 LAT 3           2.202967        2.202967        0.003133
 ------------------------------------------------------------------------------
                                STRESS (GPa)
 ST_GPa 1        0.039372        0.033207        0.033207
 ST_GPa 2        0.033207        0.039372        0.033207
 ST_GPa 3        0.033207        0.033207        0.039372
  
 --------------------------------------------------
 STRESS (a.u.)
 --------------------------------------------------
 ST_AU  1   1.3382212890E-06   1.1286731251E-06   1.1286731071E-06
 ST_AU  2   1.1286731251E-06   1.3382142813E-06   1.1286755350E-06
 ST_AU  3   1.1286731071E-06   1.1286755350E-06   1.3382159718E-06
; Cell optimization at step  6, max(stress):  0.1338E-05, total energy: -0.90623358    ;
  dV of each real space grid is now    4.2648877299825125E-002
 Cell length (Bohr)    5.886E+00   5.886E+00   5.886E+00
 Angle     (Degree)    5.991E+01   5.991E+01   5.991E+01
 Volume    (Bohr^3)    1.439E+02
  dV of each real space grid is now    4.2648877299825125E-002
 Cell length (Bohr)    5.886E+00   5.886E+00   5.886E+00
 Angle     (Degree)    5.991E+01   5.991E+01   5.991E+01
 Volume    (Bohr^3)    1.439E+02

 ------------------------------------------------------------------------------
                           SETUP EWALD 
 (Ewald) eta                             :   0.7502    
 (Ewald) Real Space Cutoff               :    6.302     (Bohr)
 (Ewald) Reciprocal Cutoff               :    7.472     (1/Bohr)

 ------------------------------------------------------------------------------
                           SETUP PLANE WAVE 
 Read in WT kernel.
 kernel file name  : 3PROFESS_KERNEL.dat           
 KEDF type         :     4
 Fermi vector      :   1.182014212099E+00
 Reference density :  -1.000000000000E+00
 Mesh points       :   200002
 Fermi vector in this cell is    1.4874870751418923     
 Fermi vector from kernel file is    1.1820142120987149     
 First qNorm is    0.0000000000000000     
 size of Wang-Teter kernel in this run is            8          15          15
 Max |G| in this calculation is   1.754495454669E+01
 Max eta used from kernel is   1.179502991313E+01

 ------------------------------------------------------------------------------
                           REFRESH ION POSITIONS
  
 Calculating Ion-Ion Energy ...                   complete.     0.000 s
  
 Calculating Ion-Electron Potential (spline) ... 
 complete.     0.000 s
 Rescale the total density from   0.085270 to          2

 ------------------------------------------------------------------------------
                           DENSITY OPTIMIZATION
 Electron number for spin            1  is    2.0000000000000009     
 Cell Volume      :            21.329701 Angstrom^3
 Ion number       :                    1
 Electron number  :             2.000000
 Ion density      :             0.046883 Ion/Angstrom^3
 Electron density :             0.093766 Electron/Angstrom^3
  
 Calculating Ion-Ion Forces ...                complete.     0.000 s
  
 Calculating Ion-Electron Forces (spline) ...  complete.     0.000 s
  
 Calculating Ion-Electron Stress (spline) ...  complete.     0.000 s
  
 Calculating Ion-Ion Stress ...                complete.     0.000 s
  
 ------------------------------------------------------------------------------
                         LATTICE VECTORS (Angstrom)
 LAT 1           0.002882        2.202602        2.202602
 LAT 2           2.202602        0.002882        2.202602
 LAT 3           2.202602        2.202602        0.002882
 ------------------------------------------------------------------------------
                                STRESS (GPa)
 ST_GPa 1        0.027287        0.030534        0.030534
 ST_GPa 2        0.030534        0.027286        0.030534
 ST_GPa 3        0.030534        0.030534        0.027287
  
 --------------------------------------------------
 STRESS (a.u.)
 --------------------------------------------------
 ST_AU  1   9.2745549731E-07   1.0378355115E-06   1.0378355645E-06
 ST_AU  2   1.0378355115E-06   9.2744839246E-07   1.0378368057E-06
 ST_AU  3   1.0378355645E-06   1.0378368057E-06   9.2745016734E-07
; Cell optimization at step  7, max(stress):  0.1038E-05, total energy: -0.90623368    ;
  dV of each real space grid is now    4.2642167177645782E-002
 Cell length (Bohr)    5.886E+00   5.886E+00   5.886E+00
 Angle     (Degree)    5.992E+01   5.992E+01   5.992E+01
 Volume    (Bohr^3)    1.439E+02
  dV of each real space grid is now    4.2642167177645782E-002
 Cell length (Bohr)    5.886E+00   5.886E+00   5.886E+00
 Angle     (Degree)    5.992E+01   5.992E+01   5.992E+01
 Volume    (Bohr^3)    1.439E+02

 ------------------------------------------------------------------------------
                           SETUP EWALD 
 (Ewald) eta                             :   0.7502    
 (Ewald) Real Space Cutoff               :    6.302     (Bohr)
 (Ewald) Reciprocal Cutoff               :    7.473     (1/Bohr)

 ------------------------------------------------------------------------------
                           SETUP PLANE WAVE 
 Read in WT kernel.
 kernel file name  : 3PROFESS_KERNEL.dat           
 KEDF type         :     4
 Fermi vector      :   1.182014212099E+00
 Reference density :  -1.000000000000E+00
 Mesh points       :   200002
 Fermi vector in this cell is    1.4875650941324543     
 Fermi vector from kernel file is    1.1820142120987149     
 First qNorm is    0.0000000000000000     
 size of Wang-Teter kernel in this run is            8          15          15
 Max |G| in this calculation is   1.754451223424E+01
 Max eta used from kernel is   1.179411395404E+01

 ------------------------------------------------------------------------------
                           REFRESH ION POSITIONS
  
 Calculating Ion-Ion Energy ...                   complete.     0.000 s
  
 Calculating Ion-Electron Potential (spline) ... 
 complete.     0.000 s
 Rescale the total density from   0.085271 to          2

 ------------------------------------------------------------------------------
                           DENSITY OPTIMIZATION
 Electron number for spin            1  is    2.0000000000000075     
 Cell Volume      :            21.326345 Angstrom^3
 Ion number       :                    1
 Electron number  :             2.000000
 Ion density      :             0.046890 Ion/Angstrom^3
 Electron density :             0.093781 Electron/Angstrom^3
  
 Calculating Ion-Ion Forces ...                complete.     0.000 s
  
 Calculating Ion-Electron Forces (spline) ...  complete.     0.000 s
  
 Calculating Ion-Electron Stress (spline) ...  complete.     0.000 s
  
 Calculating Ion-Ion Stress ...                complete.     0.000 s
  
 ------------------------------------------------------------------------------
                         LATTICE VECTORS (Angstrom)
 LAT 1           0.002506        2.202298        2.202298
 LAT 2           2.202298        0.002506        2.202298
 LAT 3           2.202298        2.202298        0.002506
 ------------------------------------------------------------------------------
                                STRESS (GPa)
 ST_GPa 1        0.021489        0.026583        0.026583
 ST_GPa 2        0.026583        0.021489        0.026583
 ST_GPa 3        0.026583        0.026583        0.021489
  
 --------------------------------------------------
 STRESS (a.u.)
 --------------------------------------------------
 ST_AU  1   7.3040418936E-07   9.0354067041E-07   9.0354076375E-07
 ST_AU  2   9.0354067041E-07   7.3039686553E-07   9.0354111477E-07
 ST_AU  3   9.0354076375E-07   9.0354111477E-07   7.3039878215E-07
; Cell optimization at step  8, max(stress):  0.9035E-06, total energy: -0.90623377    ;
  dV of each real space grid is now    4.2637800029562536E-002
 Cell length (Bohr)    5.885E+00   5.885E+00   5.885E+00
 Angle     (Degree)    5.994E+01   5.994E+01   5.994E+01
 Volume    (Bohr^3)    1.439E+02
  dV of each real space grid is now    4.2637800029562536E-002
 Cell length (Bohr)    5.885E+00   5.885E+00   5.885E+00
 Angle     (Degree)    5.994E+01   5.994E+01   5.994E+01
 Volume    (Bohr^3)    1.439E+02

 ------------------------------------------------------------------------------
                           SETUP EWALD 
 (Ewald) eta                             :   0.7502    
 (Ewald) Real Space Cutoff               :    6.302     (Bohr)
 (Ewald) Reciprocal Cutoff               :    7.474     (1/Bohr)

 ------------------------------------------------------------------------------
                           SETUP PLANE WAVE 
 Read in WT kernel.
 kernel file name  : 3PROFESS_KERNEL.dat           
 KEDF type         :     4
 Fermi vector      :   1.182014212099E+00
 Reference density :  -1.000000000000E+00
 Mesh points       :   200002
 Fermi vector in this cell is    1.4876158800177532     
 Fermi vector from kernel file is    1.1820142120987149     
 First qNorm is    0.0000000000000000     
 size of Wang-Teter kernel in this run is            8          15          15
 Max |G| in this calculation is   1.754357740010E+01
 Max eta used from kernel is   1.179308290248E+01

 ------------------------------------------------------------------------------
                           REFRESH ION POSITIONS
  
 Calculating Ion-Ion Energy ...                   complete.     0.000 s
  
 Calculating Ion-Electron Potential (spline) ... 
 complete.     0.000 s
 Rescale the total density from   0.085267 to          2

 ------------------------------------------------------------------------------
                           DENSITY OPTIMIZATION
 Electron number for spin            1  is    1.9999999999999960     
 Cell Volume      :            21.324161 Angstrom^3
 Ion number       :                    1
 Electron number  :             2.000000
 Ion density      :             0.046895 Ion/Angstrom^3
 Electron density :             0.093790 Electron/Angstrom^3
  
 Calculating Ion-Ion Forces ...                complete.     0.000 s
  
 Calculating Ion-Electron Forces (spline) ...  complete.     0.000 s
  
 Calculating Ion-Electron Stress (spline) ...  complete.     0.000 s
  
 Calculating Ion-Ion Stress ...                complete.     0.000 s
  
 ------------------------------------------------------------------------------
                         LATTICE VECTORS (Angstrom)
 LAT 1           0.002082        2.202011        2.202011
 LAT 2           2.202011        0.002082        2.202011
 LAT 3           2.202011        2.202011        0.002082
 ------------------------------------------------------------------------------
                                STRESS (GPa)
 ST_GPa 1        0.017709        0.022084        0.022084
 ST_GPa 2        0.022084        0.017709        0.022084
 ST_GPa 3        0.022084        0.022084        0.017709
  
 --------------------------------------------------
 STRESS (a.u.)
 --------------------------------------------------
 ST_AU  1   6.0192466500E-07   7.5062983252E-07   7.5063005239E-07
 ST_AU  2   7.5062983252E-07   6.0191718928E-07   7.5062964875E-07
 ST_AU  3   7.5063005239E-07   7.5062964875E-07   6.0191906309E-07
; Cell optimization at step  9, max(stress):  0.7506E-06, total energy: -0.90623384    ;
  dV of each real space grid is now    4.2633642863946546E-002
 Cell length (Bohr)    5.884E+00   5.884E+00   5.884E+00
 Angle     (Degree)    5.995E+01   5.995E+01   5.995E+01
 Volume    (Bohr^3)    1.439E+02
  dV of each real space grid is now    4.2633642863946546E-002
 Cell length (Bohr)    5.884E+00   5.884E+00   5.884E+00
 Angle     (Degree)    5.995E+01   5.995E+01   5.995E+01
 Volume    (Bohr^3)    1.439E+02

 ------------------------------------------------------------------------------
                           SETUP EWALD 
 (Ewald) eta                             :   0.7502    
 (Ewald) Real Space Cutoff               :    6.302     (Bohr)
 (Ewald) Reciprocal Cutoff               :    7.475     (1/Bohr)

 ------------------------------------------------------------------------------
                           SETUP PLANE WAVE 
 Read in WT kernel.
 kernel file name  : 3PROFESS_KERNEL.dat           
 KEDF type         :     4
 Fermi vector      :   1.182014212099E+00
 Reference density :  -1.000000000000E+00
 Mesh points       :   200002
 Fermi vector in this cell is    1.4876642304453689     
 Fermi vector from kernel file is    1.1820142120987149     
 First qNorm is    0.0000000000000000     
 size of Wang-Teter kernel in this run is            8          15          15
 Max |G| in this calculation is   1.754260999381E+01
 Max eta used from kernel is   1.179204933129E+01

 ------------------------------------------------------------------------------
                           REFRESH ION POSITIONS
  
 Calculating Ion-Ion Energy ...                   complete.     0.000 s
  
 Calculating Ion-Electron Potential (spline) ... 
 complete.     0.000 s
 Rescale the total density from   0.085259 to          2

 ------------------------------------------------------------------------------
                           DENSITY OPTIMIZATION
 Electron number for spin            1  is    2.0000000000000027     
 Cell Volume      :            21.322082 Angstrom^3
 Ion number       :                    1
 Electron number  :             2.000000
 Ion density      :             0.046900 Ion/Angstrom^3
 Electron density :             0.093799 Electron/Angstrom^3
  
 Calculating Ion-Ion Forces ...                complete.     0.000 s
  
 Calculating Ion-Electron Forces (spline) ...  complete.     0.000 s
  
 Calculating Ion-Electron Stress (spline) ...  complete.     0.000 s
  
 Calculating Ion-Ion Stress ...                complete.     0.000 s
  
 ------------------------------------------------------------------------------
                         LATTICE VECTORS (Angstrom)
 LAT 1           0.001658        2.201727        2.201727
 LAT 2           2.201727        0.001658        2.201727
 LAT 3           2.201727        2.201727        0.001658
 ------------------------------------------------------------------------------
                                STRESS (GPa)
 ST_GPa 1        0.014128        0.017551        0.017551
 ST_GPa 2        0.017551        0.014128        0.017551
 ST_GPa 3        0.017551        0.017551        0.014128
  
 --------------------------------------------------
 STRESS (a.u.)
 --------------------------------------------------
 ST_AU  1   4.8021372356E-07   5.9653567138E-07   5.9653591633E-07
 ST_AU  2   5.9653567138E-07   4.8020615053E-07   5.9653493330E-07
 ST_AU  3   5.9653591633E-07   5.9653493330E-07   4.8020811699E-07
; Cell optimization at step 10, max(stress):  0.5965E-06, total energy: -0.90623390    ;
  dV of each real space grid is now    4.2629582691670109E-002
 Cell length (Bohr)    5.883E+00   5.883E+00   5.883E+00
 Angle     (Degree)    5.996E+01   5.996E+01   5.996E+01
 Volume    (Bohr^3)    1.439E+02
  dV of each real space grid is now    4.2629582691670109E-002
 Cell length (Bohr)    5.883E+00   5.883E+00   5.883E+00
 Angle     (Degree)    5.996E+01   5.996E+01   5.996E+01
 Volume    (Bohr^3)    1.439E+02

 ------------------------------------------------------------------------------
                           SETUP EWALD 
 (Ewald) eta                             :   0.7502    
 (Ewald) Real Space Cutoff               :    6.302     (Bohr)
 (Ewald) Reciprocal Cutoff               :    7.476     (1/Bohr)

 ------------------------------------------------------------------------------
                           SETUP PLANE WAVE 
 Read in WT kernel.
 kernel file name  : 3PROFESS_KERNEL.dat           
 KEDF type         :     4
 Fermi vector      :   1.182014212099E+00
 Reference density :  -1.000000000000E+00
 Mesh points       :   200002
 Fermi vector in this cell is    1.4877114588482161     
 Fermi vector from kernel file is    1.1820142120987149     
 First qNorm is    0.0000000000000000     
 size of Wang-Teter kernel in this run is            8          15          15
 Max |G| in this calculation is   1.754170421725E+01
 Max eta used from kernel is   1.179106614587E+01

 ------------------------------------------------------------------------------
                           REFRESH ION POSITIONS
  
 Calculating Ion-Ion Energy ...                   complete.     0.000 s
  
 Calculating Ion-Electron Potential (spline) ... 
 complete.     0.000 s
 Rescale the total density from   0.085251 to          2

 ------------------------------------------------------------------------------
                           DENSITY OPTIMIZATION
 Electron number for spin            1  is    2.0000000000000098     
 Cell Volume      :            21.320052 Angstrom^3
 Ion number       :                    1
 Electron number  :             2.000000
 Ion density      :             0.046904 Ion/Angstrom^3
 Electron density :             0.093808 Electron/Angstrom^3
  
 Calculating Ion-Ion Forces ...                complete.     0.000 s
  
 Calculating Ion-Electron Forces (spline) ...  complete.     0.000 s
  
 Calculating Ion-Electron Stress (spline) ...  complete.     0.000 s
  
 Calculating Ion-Ion Stress ...                complete.     0.000 s
  
 ------------------------------------------------------------------------------
                         LATTICE VECTORS (Angstrom)
 LAT 1           0.001254        2.201455        2.201455
 LAT 2           2.201455        0.001254        2.201455
 LAT 3           2.201455        2.201455        0.001254
 ------------------------------------------------------------------------------
                                STRESS (GPa)
 ST_GPa 1        0.010610        0.013272        0.013272
 ST_GPa 2        0.013272        0.010610        0.013272
 ST_GPa 3        0.013272        0.013272        0.010610
  
 --------------------------------------------------
 STRESS (a.u.)
 --------------------------------------------------
 ST_AU  1   3.6064197448E-07   4.5110954833E-07   4.5110981955E-07
 ST_AU  2   4.5110954833E-07   3.6063400397E-07   4.5110880087E-07
 ST_AU  3   4.5110981955E-07   4.5110880087E-07   3.6063604176E-07
; Cell optimization at step 11, max(stress):  0.4511E-06, total energy: -0.90623395    ;
##############################################################################
#                               FINAL ENERGIES                       time    #
##############################################################################
# Thomas-Fermi Kin. Energy =   9.217898669657E+00 eV                 0.000 s #
# Von-Weizsacker Kin. Ener =   9.727930005225E-01 eV                 0.000 s #
# Wang-Teter Kinetic Energ =  -3.768274147820E-01 eV                 0.000 s #
#                                                                            #
#     LDA Exch-Corr Energy =  -1.193738390291E+01 eV                 0.000 s #
#         Coulombic Energy =   6.762835366797E-02 eV                 0.000 s #
#      Ion-Electron Energy =   7.393984090823E+00 eV                 0.000 s #
#           Ion-Ion Energy =  -2.999797226223E+01 eV                 0.000 s #
#                                                                            #
#     TOTAL KINETIC ENERGY =   9.813864255397E+00 eV                         #
#   TOTAL POTENTIAL ENERGY =  -3.447374372064E+01 eV                         #
#             TOTAL ENERGY =  -2.465987946524E+01 eV                         #
##############################################################################
  
 ----------------------------- TIME INFORMATION ------------------------------
    PROFESS      :      3.06s WALL    100.00% (       1 calls)     3.06s/call
    InitPROFESS  :      0.21s WALL      6.85% (       1 calls)     0.21s/call
    KEDFRefresh  :      2.10s WALL     68.44% (      11 calls)     0.19s/call
    IonRefresh   :      0.01s WALL      0.18% (      11 calls)     0.00s/call
    EwaldEnergy  :      0.00s WALL      0.08% (      11 calls)     0.00s/call
    Pot_Ion      :      0.00s WALL      0.04% (     488 calls)     0.00s/call
    Pot_Har      :      0.02s WALL      0.76% (     488 calls)     0.00s/call
    Pot_Exc      :      0.14s WALL      4.59% (     488 calls)     0.00s/call
    Pot_KEDF     :      0.60s WALL     19.50% (     488 calls)     0.00s/call
    VWPotSqrPlus :      0.02s WALL      0.71% (     488 calls)     0.00s/call
    NextGradient :      0.00s WALL      0.04% (      36 calls)     0.00s/call
    CalForce     :      0.00s WALL      0.13% (      11 calls)     0.00s/call
    EwaldForces  :      0.00s WALL      0.07% (      11 calls)     0.00s/call
    CalStress    :      0.02s WALL      0.74% (      11 calls)     0.00s/call
    EwaldStress  :      0.00s WALL      0.04% (      11 calls)     0.00s/call
 -----------------------------------------------------------------------------
 ------------------------------- TOTAL ---------------------------------------
    PROFESS      :      3.06s WALL    100.00% (       1 calls)     3.06s/call
 -----------------------------------------------------------------------------

Run completed on: 08/19/2021 at 15:54:53 
  
