 ******************************************************************************
                             WELCOME TO PROFESS                   
            (PRinceton Orbital-Free Electronic Structure Software) 
 ******************************************************************************

 ------------------------------------------------------------------------------
                           READ GEOMETRY
 Cell length (Bohr)    7.827E+00   7.827E+00   7.827E+00
 Angle     (Degree)    9.000E+01   9.000E+01   9.000E+01
 Volume    (Bohr^3)    4.794E+02

 ------------------------------------------------------------------------------
                           READ PSEUDOPOTENTIAL
 Total electron number in ReadPseudo is    11.000000000000000     
 (System) Machine Precision              :    2.2204460492503131E-016

 ------------------------------------------------------------------------------
                           SETUP FFT
 Global FFT Dimension :    18   18   18
 Rank/Size in Global Communicator     :            0 /           1
 Rank/Size in Global FFT Communicator :            0 /           1
 Parallel FFT, totX    =    18
 Parallel FFT, totY    =    18
 Parallel FFT, locZ    =    18
 Parallel FFT, locZoff =     0
 Dimension of rho for this processor : 
 xmin, xmax :            0          17
 ymin, ymax :            0          17
 zmin, zmax :            0          17
 Total electron number =    11.000000000000000     
 Uniform rhoR =    2.2943411667444999E-002
 (GB INFO) FFT size      :       18      18      18
 (GB INFO) FFT offset    :        0
 (GB INFO) FFT G size    :       10      18      18
 (GB INFO) FFT G offset  :        0

 ------------------------------------------------------------------------------
                           SETUP KEDF
 kinetic energy density functional number is            4
 ( 1=TF, 2=VW, 3=TF+VW, 4=WT,  5=WGC,  
   7=LQ, 8=HQ, 10=CAT,  11=HC, 12=WGCD,
   15=GGA, 16=WGCD+GGA, 17=EVT, 18=EVC )
 qTable dimension:    10   18   18
 Coefficient for TF KEDF is     1.0000
 Coefficient for VW KEDF is     1.0000
 Coefficient for alpha in WT KEDF is     0.8333
 Coefficient for beta  in WT KEDF is     0.8333
 rho0 (Electron/Bohr^3) in WGC KEDF is     0.0229
 hold0 =  F
  dV of each real space grid is now    8.2208584843562027E-002
 Cell length (Bohr)    7.827E+00   7.827E+00   7.827E+00
 Angle     (Degree)    9.000E+01   9.000E+01   9.000E+01
 Volume    (Bohr^3)    4.794E+02

 ------------------------------------------------------------------------------
                           SETUP EWALD 
 (Ewald) eta                             :   0.6444    
 (Ewald) Real Space Cutoff               :    7.730     (Bohr)
 (Ewald) Reciprocal Cutoff               :    6.824     (1/Bohr)

 ------------------------------------------------------------------------------
                           SETUP PLANE WAVE 
 Read in WT kernel.
 kernel file name  : 1PROFESS_KERNEL.dat           
 KEDF type         :     4
 Fermi vector      :   1.182014212099E+00
 Reference density :  -1.000000000000E+00
 Mesh points       :   200002
 Fermi vector in this cell is    1.7581516324303170     
 Fermi vector from kernel file is    1.1820142120987149     
 First qNorm is    0.0000000000000000     
 size of Wang-Teter kernel in this run is           10          18          18
 Max |G| in this calculation is   1.251424853764E+01
 Max eta used from kernel is   7.117843709725E+00

 ------------------------------------------------------------------------------
                           REFRESH ION POSITIONS
  
 Calculating Ion-Ion Energy ...                   complete.     0.000 s
  
 Calculating Ion-Electron Potential (spline) ... 
 complete.     0.001 s

 ------------------------------------------------------------------------------
                           DENSITY OPTIMIZATION
 Electron number for spin            1  is    10.999999999999693     
 Cell Volume      :            71.045746 Angstrom^3
 Ion number       :                    4
 Electron number  :            11.000000
 Ion density      :             0.056302 Ion/Angstrom^3
 Electron density :             0.154830 Electron/Angstrom^3
##############################################################################
#                               FINAL ENERGIES                       time    #
##############################################################################
# Thomas-Fermi Kin. Energy =   7.198394479451E+01 eV                 0.000 s #
# Von-Weizsacker Kin. Ener =   7.713998041842E+00 eV                 0.000 s #
# Wang-Teter Kinetic Energ =  -3.414797503961E+00 eV                 0.000 s #
#                                                                            #
#     LDA Exch-Corr Energy =  -7.683599357741E+01 eV                 0.000 s #
#         Coulombic Energy =   2.268769352364E+00 eV                 0.000 s #
#      Ion-Electron Energy =   4.381436016329E+01 eV                 0.000 s #
#           Ion-Ion Energy =  -2.440379736507E+02 eV                 0.000 s #
#                                                                            #
#     TOTAL KINETIC ENERGY =   7.628314533239E+01 eV                         #
#   TOTAL POTENTIAL ENERGY =  -2.747908377124E+02 eV                         #
#             TOTAL ENERGY =  -1.985076923801E+02 eV                         #
##############################################################################
  
 ----------------------------- TIME INFORMATION ------------------------------
    PROFESS      :      0.60s WALL    100.00% (       1 calls)     0.60s/call
    InitPROFESS  :      0.26s WALL     42.70% (       1 calls)     0.26s/call
    KEDFRefresh  :      0.21s WALL     34.12% (       1 calls)     0.21s/call
    IonRefresh   :      0.00s WALL      0.25% (       1 calls)     0.00s/call
    EwaldEnergy  :      0.00s WALL      0.08% (       1 calls)     0.00s/call
    Pot_Ion      :      0.00s WALL      0.04% (      60 calls)     0.00s/call
    Pot_Har      :      0.01s WALL      2.04% (      60 calls)     0.00s/call
    Pot_Exc      :      0.03s WALL      5.80% (      60 calls)     0.00s/call
    Pot_KEDF     :      0.17s WALL     27.39% (      60 calls)     0.00s/call
    VWPotSqrPlus :      0.01s WALL      1.98% (      60 calls)     0.00s/call
    NextGradient :      0.00s WALL      0.07% (       7 calls)     0.00s/call
 -----------------------------------------------------------------------------
 ------------------------------- TOTAL ---------------------------------------
    PROFESS      :      0.60s WALL    100.00% (       1 calls)     0.60s/call
 -----------------------------------------------------------------------------

Run completed on: 11/10/2021 at 11:17:56 
  
