 ******************************************************************************
                             WELCOME TO PROFESS                   
            (PRinceton Orbital-Free Electronic Structure Software) 
 ******************************************************************************

 ------------------------------------------------------------------------------
                           READ GEOMETRY
 Cell length (Bohr)    5.275E+00   5.275E+00   5.275E+00
 Angle     (Degree)    1.095E+02   1.095E+02   1.095E+02
 Volume    (Bohr^3)    1.130E+02

 ------------------------------------------------------------------------------
                           READ PSEUDOPOTENTIAL
 Total electron number in ReadPseudo is    3.0000000000000000     
 (System) Machine Precision              :    2.2204460492503131E-016

 ------------------------------------------------------------------------------
                           SETUP FFT
 Global FFT Dimension :    14   14   14
 Rank/Size in Global Communicator     :            0 /           1
 Rank/Size in Global FFT Communicator :            0 /           1
 Parallel FFT, totX    =    14
 Parallel FFT, totY    =    14
 Parallel FFT, locZ    =    14
 Parallel FFT, locZoff =     0
 Dimension of rho for this processor : 
 xmin, xmax :            0          13
 ymin, ymax :            0          13
 zmin, zmax :            0          13
 Total electron number =    3.0000000000000000     
 Uniform rhoR =    2.6546013584011166E-002
 (GB INFO) FFT size      :       14      14      14
 (GB INFO) FFT offset    :        0
 (GB INFO) FFT G size    :        8      14      14
 (GB INFO) FFT G offset  :        0

 ------------------------------------------------------------------------------
                           SETUP KEDF
 kinetic energy density functional number is            4
 ( 1=TF, 2=VW, 3=TF+VW, 4=WT,  5=WGC,  
   7=LQ, 8=HQ, 10=CAT,  11=HC, 12=WGCD,
   15=GGA, 16=WGCD+GGA, 17=EVT, 18=EVC )
 qTable dimension:     8   14   14
 Coefficient for TF KEDF is     1.0000
 Coefficient for VW KEDF is     1.0000
 Coefficient for alpha in WT KEDF is     0.8333
 Coefficient for beta  in WT KEDF is     0.8333
 rho0 (Electron/Bohr^3) in WGC KEDF is     0.0265
 hold0 =  F
  dV of each real space grid is now    4.1184882889531017E-002
 Cell length (Bohr)    5.275E+00   5.275E+00   5.275E+00
 Angle     (Degree)    1.095E+02   1.095E+02   1.095E+02
 Volume    (Bohr^3)    1.130E+02

 ------------------------------------------------------------------------------
                           SETUP EWALD 
 (Ewald) eta                             :   0.7661    
 (Ewald) Real Space Cutoff               :    6.307     (Bohr)
 (Ewald) Reciprocal Cutoff               :    7.742     (1/Bohr)

 ------------------------------------------------------------------------------
                           SETUP PLANE WAVE 
 Read in WT kernel.
 kernel file name  : 10PROFESS_KERNEL.dat          
 KEDF type         :     4
 Fermi vector      :   1.182014212099E+00
 Reference density :  -1.000000000000E+00
 Mesh points       :   200002
 Fermi vector in this cell is    1.8457381965360196     
 Fermi vector from kernel file is    1.1820142120987149     
 First qNorm is    0.0000000000000000     
 size of Wang-Teter kernel in this run is            8          14          14
 Max |G| in this calculation is   2.501216118344E+01
 Max eta used from kernel is   1.355130496317E+01

 ------------------------------------------------------------------------------
                           REFRESH ION POSITIONS
  
 Calculating Ion-Ion Energy ...                   complete.     0.000 s
  
 Calculating Ion-Electron Potential (spline) ... 
 complete.     0.000 s

 ------------------------------------------------------------------------------
                           DENSITY OPTIMIZATION
 Electron number for spin            1  is    2.9999999999999134     
 Cell Volume      :            16.746549 Angstrom^3
 Ion number       :                    1
 Electron number  :             3.000000
 Ion density      :             0.059714 Ion/Angstrom^3
 Electron density :             0.179141 Electron/Angstrom^3
##############################################################################
#                               FINAL ENERGIES                       time    #
##############################################################################
# Thomas-Fermi Kin. Energy =   2.120498911902E+01 eV                 0.000 s #
# Von-Weizsacker Kin. Ener =   1.898742611130E+00 eV                 0.000 s #
# Wang-Teter Kinetic Energ =  -6.986651661914E-01 eV                 0.000 s #
#                                                                            #
#     LDA Exch-Corr Energy =  -2.173580196078E+01 eV                 0.000 s #
#         Coulombic Energy =   7.981017731944E-02 eV                 0.000 s #
#      Ion-Electron Energy =   1.450127992302E+01 eV                 0.000 s #
#           Ion-Ion Energy =  -7.315697486961E+01 eV                 0.000 s #
#                                                                            #
#     TOTAL KINETIC ENERGY =   2.240506656396E+01 eV                         #
#   TOTAL POTENTIAL ENERGY =  -8.031168673004E+01 eV                         #
#             TOTAL ENERGY =  -5.790662016608E+01 eV                         #
##############################################################################
  
 ----------------------------- TIME INFORMATION ------------------------------
    PROFESS      :      0.79s WALL    100.00% (       1 calls)     0.79s/call
    InitPROFESS  :      0.44s WALL     55.76% (       1 calls)     0.44s/call
    KEDFRefresh  :      0.40s WALL     50.74% (       1 calls)     0.40s/call
    IonRefresh   :      0.00s WALL      0.10% (       1 calls)     0.00s/call
    EwaldEnergy  :      0.00s WALL      0.05% (       1 calls)     0.00s/call
    Pot_Ion      :      0.00s WALL      0.04% (      68 calls)     0.00s/call
    Pot_Har      :      0.01s WALL      0.76% (      68 calls)     0.00s/call
    Pot_Exc      :      0.03s WALL      3.44% (      68 calls)     0.00s/call
    Pot_KEDF     :      0.12s WALL     15.37% (      68 calls)     0.00s/call
    VWPotSqrPlus :      0.01s WALL      0.70% (      68 calls)     0.00s/call
    NextGradient :      0.00s WALL      0.04% (       6 calls)     0.00s/call
 -----------------------------------------------------------------------------
 ------------------------------- TOTAL ---------------------------------------
    PROFESS      :      0.79s WALL    100.00% (       1 calls)     0.79s/call
 -----------------------------------------------------------------------------

Run completed on: 09/27/2021 at 11:16:07 
  
