 ******************************************************************************
                             WELCOME TO PROFESS                   
            (PRinceton Orbital-Free Electronic Structure Software) 
 ******************************************************************************

 ------------------------------------------------------------------------------
                           READ GEOMETRY
 Cell length (Bohr)    5.105E+00   5.105E+00   5.105E+00
 Angle     (Degree)    9.000E+01   9.000E+01   9.000E+01
 Volume    (Bohr^3)    1.331E+02

 ------------------------------------------------------------------------------
                           READ PSEUDOPOTENTIAL
 Total electron number in ReadPseudo is    1.0000000000000000     
 (System) Machine Precision              :    2.2204460492503131E-016

 ------------------------------------------------------------------------------
                           SETUP FFT
 Global FFT Dimension :    14   14   14
 Rank/Size in Global Communicator     :            0 /           1
 Rank/Size in Global FFT Communicator :            0 /           1
 Parallel FFT, totX    =    14
 Parallel FFT, totY    =    14
 Parallel FFT, locZ    =    14
 Parallel FFT, locZoff =     0
 Dimension of rho for this processor : 
 xmin, xmax :            0          13
 ymin, ymax :            0          13
 zmin, zmax :            0          13
 Total electron number =    1.0000000000000000     
 Uniform rhoR =    7.5143115582075436E-003
 (GB INFO) FFT size      :       14      14      14
 (GB INFO) FFT offset    :        0
 (GB INFO) FFT G size    :        8      14      14
 (GB INFO) FFT G offset  :        0

 ------------------------------------------------------------------------------
                           SETUP KEDF
 kinetic energy density functional number is            4
 ( 1=TF, 2=VW, 3=TF+VW, 4=WT,  5=WGC,  
   7=LQ, 8=HQ, 10=CAT,  11=HC, 12=WGCD,
   15=GGA, 16=WGCD+GGA, 17=EVT, 18=EVC )
 qTable dimension:     8   14   14
 Coefficient for TF KEDF is     1.0000
 Coefficient for VW KEDF is     1.0000
 Coefficient for alpha in WT KEDF is     0.8333
 Coefficient for beta  in WT KEDF is     0.8333
 rho0 (Electron/Bohr^3) in WGC KEDF is     0.0075
 hold0 =  F
  dV of each real space grid is now    4.8498320046686694E-002
 Cell length (Bohr)    5.105E+00   5.105E+00   5.105E+00
 Angle     (Degree)    9.000E+01   9.000E+01   9.000E+01
 Volume    (Bohr^3)    1.331E+02

 ------------------------------------------------------------------------------
                           SETUP EWALD 
 (Ewald) eta                             :   0.8243    
 (Ewald) Real Space Cutoff               :    6.000     (Bohr)
 (Ewald) Reciprocal Cutoff               :    7.999     (1/Bohr)

 ------------------------------------------------------------------------------
                           SETUP PLANE WAVE 
 Read in WT kernel.
 kernel file name  : 4PROFESS_KERNEL.dat           
 KEDF type         :     4
 Fermi vector      :   1.182014212099E+00
 Reference density :  -1.000000000000E+00
 Mesh points       :   200002
 Fermi vector in this cell is    1.2118998404636030     
 Fermi vector from kernel file is    1.1820142120987149     
 First qNorm is    0.0000000000000000     
 size of Wang-Teter kernel in this run is            8          14          14
 Max |G| in this calculation is   1.492112613484E+01
 Max eta used from kernel is   1.231217765417E+01

 ------------------------------------------------------------------------------
                           REFRESH ION POSITIONS
  
 Calculating Ion-Ion Energy ...                   complete.     0.000 s
  
 Calculating Ion-Electron Potential (spline) ... 
 complete.     0.000 s

 ------------------------------------------------------------------------------
                           DENSITY OPTIMIZATION
 Electron number for spin            1  is   0.99999999999997047     
 Cell Volume      :            19.720331 Angstrom^3
 Ion number       :                    1
 Electron number  :             1.000000
 Ion density      :             0.050709 Ion/Angstrom^3
 Electron density :             0.050709 Electron/Angstrom^3
##############################################################################
#                               FINAL ENERGIES                       time    #
##############################################################################
# Thomas-Fermi Kin. Energy =   3.031896892273E+00 eV                 0.000 s #
# Von-Weizsacker Kin. Ener =   2.284545680638E-01 eV                 0.000 s #
# Wang-Teter Kinetic Energ =  -6.333159121829E-02 eV                 0.000 s #
#                                                                            #
#     LDA Exch-Corr Energy =  -4.942958503575E+00 eV                 0.000 s #
#         Coulombic Energy =   1.267588751975E-02 eV                 0.000 s #
#      Ion-Electron Energy =   1.840174368027E+00 eV                 0.000 s #
#           Ion-Ion Energy =  -7.561162372158E+00 eV                 0.000 s #
#                                                                            #
#     TOTAL KINETIC ENERGY =   3.197019869118E+00 eV                         #
#   TOTAL POTENTIAL ENERGY =  -1.065127062019E+01 eV                         #
#             TOTAL ENERGY =  -7.454250751067E+00 eV                         #
##############################################################################
  
 ----------------------------- TIME INFORMATION ------------------------------
    PROFESS      :      0.87s WALL    100.00% (       1 calls)     0.87s/call
    InitPROFESS  :      0.52s WALL     59.04% (       1 calls)     0.52s/call
    KEDFRefresh  :      0.50s WALL     57.14% (       1 calls)     0.50s/call
    IonRefresh   :      0.00s WALL      0.09% (       1 calls)     0.00s/call
    EwaldEnergy  :      0.00s WALL      0.04% (       1 calls)     0.00s/call
    Pot_Ion      :      0.00s WALL      0.02% (      63 calls)     0.00s/call
    Pot_Har      :      0.01s WALL      0.58% (      63 calls)     0.00s/call
    Pot_Exc      :      0.02s WALL      2.49% (      63 calls)     0.00s/call
    Pot_KEDF     :      0.10s WALL     11.02% (      63 calls)     0.00s/call
    VWPotSqrPlus :      0.00s WALL      0.52% (      63 calls)     0.00s/call
    NextGradient :      0.00s WALL      0.03% (       6 calls)     0.00s/call
 -----------------------------------------------------------------------------
 ------------------------------- TOTAL ---------------------------------------
    PROFESS      :      0.87s WALL    100.00% (       1 calls)     0.87s/call
 -----------------------------------------------------------------------------

Run completed on: 08/14/2021 at 19:03:53 
  
