 ******************************************************************************
                             WELCOME TO PROFESS                   
            (PRinceton Orbital-Free Electronic Structure Software) 
 ******************************************************************************

 ------------------------------------------------------------------------------
                           READ GEOMETRY
 Cell length (Bohr)    5.481E+00   5.481E+00   5.481E+00
 Angle     (Degree)    9.000E+01   9.000E+01   9.000E+01
 Volume    (Bohr^3)    1.647E+02

 ------------------------------------------------------------------------------
                           READ PSEUDOPOTENTIAL
 Total electron number in ReadPseudo is    2.0000000000000000     
 (System) Machine Precision              :    2.2204460492503131E-016

 ------------------------------------------------------------------------------
                           SETUP FFT
 Global FFT Dimension :    14   14   14
 Rank/Size in Global Communicator     :            0 /           1
 Rank/Size in Global FFT Communicator :            0 /           1
 Parallel FFT, totX    =    14
 Parallel FFT, totY    =    14
 Parallel FFT, locZ    =    14
 Parallel FFT, locZoff =     0
 Dimension of rho for this processor : 
 xmin, xmax :            0          13
 ymin, ymax :            0          13
 zmin, zmax :            0          13
 Total electron number =    2.0000000000000000     
 Uniform rhoR =    1.2144358277140005E-002
 (GB INFO) FFT size      :       14      14      14
 (GB INFO) FFT offset    :        0
 (GB INFO) FFT G size    :        8      14      14
 (GB INFO) FFT G offset  :        0

 ------------------------------------------------------------------------------
                           SETUP KEDF
 kinetic energy density functional number is            5
 ( 1=TF, 2=VW, 3=TF+VW, 4=WT,  5=WGC,  
   7=LQ, 8=HQ, 10=CAT,  11=HC, 12=WGCD,
   15=GGA, 16=WGCD+GGA, 17=EVT, 18=EVC )
 qTable dimension:     8   14   14
 Coefficient for TF KEDF is     1.0000
 Coefficient for VW KEDF is     1.0000
 Coefficient for alpha in WGC KEDF is     1.2060
 Coefficient for beta  in WGC KEDF is     0.4607
 Coefficient for gamma in WGC KEDF is     2.7000
 rho0 (Electron/Bohr^3) in WGC KEDF is     0.0121
 rhoS (Electron/Bohr^3) in WGC KEDF is     0.0121
 hold0 =  F
 holdS =  F
  dV of each real space grid is now    6.0016590183518535E-002
 Cell length (Bohr)    5.481E+00   5.481E+00   5.481E+00
 Angle     (Degree)    9.000E+01   9.000E+01   9.000E+01
 Volume    (Bohr^3)    1.647E+02

 ------------------------------------------------------------------------------
                           SETUP EWALD 
 (Ewald) eta                             :   0.7449    
 (Ewald) Real Space Cutoff               :    6.328     (Bohr)
 (Ewald) Reciprocal Cutoff               :    7.451     (1/Bohr)

 ------------------------------------------------------------------------------
                           SETUP PLANE WAVE 

 ------------------------------------------------------------------------------
                           INITIALIZING WGC KERNEL
 Fermi vector :   0.71110192952041373     
 Reference density :    1.2144358277140005E-002
 Make WGC kernels.
 Dimension of KEDF Kernel :            8          14          14

 ------------------------------------------------------------------------------
                           REFRESH ION POSITIONS
  
 Calculating Ion-Ion Energy ...                   complete.     0.000 s
  
 Calculating Ion-Electron Potential (spline) ... 
 complete.     0.000 s

 ------------------------------------------------------------------------------
                           DENSITY OPTIMIZATION
 Electron number for spin            1  is    2.0000000000000635     
 Cell Volume      :            24.403876 Angstrom^3
 Ion number       :                    1
 Electron number  :             2.000000
 Ion density      :             0.040977 Ion/Angstrom^3
 Electron density :             0.081954 Electron/Angstrom^3
##############################################################################
#                               FINAL ENERGIES                       time    #
##############################################################################
# Thomas-Fermi Kin. Energy =   8.464324911112E+00 eV                 0.000 s #
# Von-Weizsacker Kin. Ener =   1.141783680118E+00 eV                 0.000 s #
#       WGC Kinetic Energy =  -3.635571794200E-01 eV                 0.000 s #
#                                                                            #
#     LDA Exch-Corr Energy =  -1.147811195953E+01 eV                 0.000 s #
#         Coulombic Energy =   6.795152581584E-02 eV                 0.000 s #
#      Ion-Electron Energy =   6.043898520914E+00 eV                 0.000 s #
#           Ion-Ion Energy =  -2.817087575936E+01 eV                 0.000 s #
#                                                                            #
#     TOTAL KINETIC ENERGY =   9.242551411811E+00 eV                         #
#   TOTAL POTENTIAL ENERGY =  -3.353713767216E+01 eV                         #
#             TOTAL ENERGY =  -2.429458626035E+01 eV                         #
##############################################################################
  
 ----------------------------- TIME INFORMATION ------------------------------
    PROFESS      :      0.24s WALL    100.00% (       1 calls)     0.24s/call
    InitPROFESS  :      0.04s WALL     17.95% (       1 calls)     0.04s/call
    KEDFRefresh  :      0.02s WALL      6.51% (       1 calls)     0.02s/call
    IonRefresh   :      0.00s WALL      0.33% (       1 calls)     0.00s/call
    EwaldEnergy  :      0.00s WALL      0.15% (       1 calls)     0.00s/call
    Pot_Ion      :      0.00s WALL      0.06% (      58 calls)     0.00s/call
    Pot_Har      :      0.00s WALL      1.47% (      58 calls)     0.00s/call
    Pot_Exc      :      0.02s WALL      7.43% (      58 calls)     0.00s/call
    Pot_KEDF     :      0.09s WALL     36.70% (      58 calls)     0.00s/call
    WGCPotPlus   :      0.07s WALL     27.90% (      58 calls)     0.00s/call
    VWPotSqrPlus :      0.00s WALL      1.38% (      58 calls)     0.00s/call
    NextGradient :      0.00s WALL      0.09% (       6 calls)     0.00s/call
 -----------------------------------------------------------------------------
 ------------------------------- TOTAL ---------------------------------------
    PROFESS      :      0.24s WALL    100.00% (       1 calls)     0.24s/call
 -----------------------------------------------------------------------------

Run completed on: 08/19/2021 at 15:44:00 
  
