 ******************************************************************************
                             WELCOME TO PROFESS                   
            (PRinceton Orbital-Free Electronic Structure Software) 
 ******************************************************************************

 ------------------------------------------------------------------------------
                           READ GEOMETRY
 Cell length (Bohr)    6.109E+00   6.109E+00   6.109E+00
 Angle     (Degree)    6.000E+01   6.000E+01   6.000E+01
 Volume    (Bohr^3)    1.612E+02

 ------------------------------------------------------------------------------
                           READ PSEUDOPOTENTIAL
 Total electron number in ReadPseudo is    2.0000000000000000     
 (System) Machine Precision              :    2.2204460492503131E-016

 ------------------------------------------------------------------------------
                           SETUP FFT
 Global FFT Dimension :    30   30   30
 Rank/Size in Global Communicator     :            0 /           1
 Rank/Size in Global FFT Communicator :            0 /           1
 Parallel FFT, totX    =    30
 Parallel FFT, totY    =    30
 Parallel FFT, locZ    =    30
 Parallel FFT, locZoff =     0
 Dimension of rho for this processor : 
 xmin, xmax :            0          29
 ymin, ymax :            0          29
 zmin, zmax :            0          29
 Total electron number =    2.0000000000000000     
 Uniform rhoR =    1.2403438462881746E-002
 (GB INFO) FFT size      :       30      30      30
 (GB INFO) FFT offset    :        0
 (GB INFO) FFT G size    :       16      30      30
 (GB INFO) FFT G offset  :        0

 ------------------------------------------------------------------------------
                           SETUP KEDF
 kinetic energy density functional number is            5
 ( 1=TF, 2=VW, 3=TF+VW, 4=WT,  5=WGC,  
   7=LQ, 8=HQ, 10=CAT,  11=HC, 12=WGCD,
   15=GGA, 16=WGCD+GGA, 17=EVT, 18=EVC )
 qTable dimension:    16   30   30
 Coefficient for TF KEDF is     1.0000
 Coefficient for VW KEDF is     1.0000
 Coefficient for alpha in WGC KEDF is     1.2060
 Coefficient for beta  in WGC KEDF is     0.4607
 Coefficient for gamma in WGC KEDF is     2.7000
 rho0 (Electron/Bohr^3) in WGC KEDF is     0.0124
 rhoS (Electron/Bohr^3) in WGC KEDF is     0.0124
 hold0 =  F
 holdS =  F
  dV of each real space grid is now    5.9720596265097374E-003
 Cell length (Bohr)    6.109E+00   6.109E+00   6.109E+00
 Angle     (Degree)    6.000E+01   6.000E+01   6.000E+01
 Volume    (Bohr^3)    1.612E+02

 ------------------------------------------------------------------------------
                           SETUP EWALD 
 (Ewald) eta                             :    1.200    
 (Ewald) Real Space Cutoff               :    6.000     (Bohr)
 (Ewald) Reciprocal Cutoff               :    14.91     (1/Bohr)

 ------------------------------------------------------------------------------
                           SETUP PLANE WAVE 

 ------------------------------------------------------------------------------
                           INITIALIZING WGC KERNEL
 Fermi vector :   0.71612312607289974     
 Reference density :    1.2403438462881746E-002
 Make WGC kernels.
 Dimension of KEDF Kernel :           16          30          30

 ------------------------------------------------------------------------------
                           REFRESH ION POSITIONS
  
 Calculating Ion-Ion Energy ...                   complete.     0.003 s
  
 Calculating Ion-Electron Potential (spline) ... 
 complete.     0.004 s

 ------------------------------------------------------------------------------
                           DENSITY OPTIMIZATION
 Electron number for spin            1  is    1.9999999999990850     
 Cell Volume      :            23.894134 Angstrom^3
 Ion number       :                    1
 Electron number  :             2.000000
 Ion density      :             0.041851 Ion/Angstrom^3
 Electron density :             0.083703 Electron/Angstrom^3
##############################################################################
#                               FINAL ENERGIES                       time    #
##############################################################################
# Thomas-Fermi Kin. Energy =   8.514583540654E+00 eV                 0.000 s #
# Von-Weizsacker Kin. Ener =   8.175614142016E-01 eV                 0.000 s #
#       WGC Kinetic Energy =  -2.693206031530E-01 eV                 0.000 s #
#                                                                            #
# GGA(PBE) Exch-Cor Energy =  -1.152237861165E+01 eV                 0.000 s #
#         Coulombic Energy =   5.100242154603E-02 eV                 0.000 s #
#      Ion-Electron Energy =   7.080678019114E+00 eV                 0.000 s #
#           Ion-Ion Energy =  -2.887958375291E+01 eV                 0.000 s #
#                                                                            #
#     TOTAL KINETIC ENERGY =   9.062824351702E+00 eV                         #
#   TOTAL POTENTIAL ENERGY =  -3.327028192390E+01 eV                         #
#             TOTAL ENERGY =  -2.420745757219E+01 eV                         #
##############################################################################
  
 ----------------------------- TIME INFORMATION ------------------------------
    PROFESS      :      4.95s WALL    100.00% (       1 calls)     4.95s/call
    InitPROFESS  :      0.05s WALL      0.95% (       1 calls)     0.05s/call
    KEDFRefresh  :      0.02s WALL      0.46% (       1 calls)     0.02s/call
    IonRefresh   :      0.01s WALL      0.17% (       1 calls)     0.01s/call
    EwaldEnergy  :      0.00s WALL      0.07% (       1 calls)     0.00s/call
    Pot_Ion      :      0.01s WALL      0.16% (      90 calls)     0.00s/call
    Pot_Har      :      0.14s WALL      2.87% (      90 calls)     0.00s/call
    Pot_Exc      :      1.94s WALL     39.09% (      90 calls)     0.02s/call
    PBEPot       :      1.88s WALL     37.88% (      90 calls)     0.02s/call
    Pot_KEDF     :      2.37s WALL     47.98% (      90 calls)     0.03s/call
    WGCPotPlus   :      1.87s WALL     37.86% (      90 calls)     0.02s/call
    VWPotSqrPlus :      0.13s WALL      2.54% (      90 calls)     0.00s/call
    NextGradient :      0.00s WALL      0.06% (       6 calls)     0.00s/call
 -----------------------------------------------------------------------------
 ------------------------------- TOTAL ---------------------------------------
    PROFESS      :      4.95s WALL    100.00% (       1 calls)     4.95s/call
 -----------------------------------------------------------------------------

Run completed on: 05/02/2023 at 14:06:14 
  
