 ******************************************************************************
                             WELCOME TO PROFESS                   
            (PRinceton Orbital-Free Electronic Structure Software) 
 ******************************************************************************

 ------------------------------------------------------------------------------
                           READ GEOMETRY
 Cell length (Bohr)    4.521E+00   4.521E+00   4.521E+00
 Angle     (Degree)    9.000E+01   9.000E+01   9.000E+01
 Volume    (Bohr^3)    9.243E+01

 ------------------------------------------------------------------------------
                           READ PSEUDOPOTENTIAL
 Total electron number in ReadPseudo is    4.0000000000000000     
 (System) Machine Precision              :    2.2204460492503131E-016

 ------------------------------------------------------------------------------
                           SETUP FFT
 Global FFT Dimension :    24   24   24
 Dimension of rho for this processor : 
 xmin, xmax :            0          23
 ymin, ymax :            0          23
 zmin, zmax :            0          23
 Total electron number =    4.0000000000000000     
 Uniform rhoR =    4.3278257066450415E-002
 (GB INFO) FFT size      :       24      24      24
 (GB INFO) FFT offset    :        0
 (GB INFO) FFT G size    :       13      24      24
 (GB INFO) FFT G offset  :        0

 ------------------------------------------------------------------------------
                           SETUP KEDF
 kinetic energy density functional number is           11
 ( 1=TF, 2=VW, 3=TF+VW, 4=WT,  5=WGC,  
   7=LQ, 8=HQ, 10=CAT,  11=HC, 12=WGCD,
   15=GGA, 16=WGCD+GGA, 17=EVT, 18=EVC )
 qTable dimension:    13   24   24
 rhoS=   4.3278257066450415E-002
 rho0=   4.3278257066450415E-002
 coefficients for TF KEDF is     1.000000
 coefficients for VW KEDF is     1.000000
 Lambda in HC10 is set to     0.003000
 ALPHA  in HC10 is set to     2.016667
 BETA   in HC10 is set to     0.650000
 Sum of alpha and beta is     2.666667
  dV of each real space grid is now    6.6858480785761416E-003
 Cell length (Bohr)    4.521E+00   4.521E+00   4.521E+00
 Angle     (Degree)    9.000E+01   9.000E+01   9.000E+01
 Volume    (Bohr^3)    9.243E+01

 ------------------------------------------------------------------------------
                           SETUP EWALD 
 (Ewald) eta                             :    1.200    
 (Ewald) Real Space Cutoff               :    6.000     (Bohr)
 (Ewald) Reciprocal Cutoff               :    15.98     (1/Bohr)

 ------------------------------------------------------------------------------
                           SETUP PLANE WAVE 

 ------------------------------------------------------------------------------
                           REFRESH ION POSITIONS
  
 Calculating Ion-Ion Energy ...                   complete.     0.002 s
  
 Calculating Ion-Electron Potential (spline) ... 
 complete.     0.003 s

 ------------------------------------------------------------------------------
                           DENSITY OPTIMIZATION
 Electron number for spin            1  is    4.0000000000004752     
 Cell Volume      :            13.695996 Angstrom^3
 Ion number       :                    1
 Electron number  :             4.000000
 Ion density      :             0.073014 Ion/Angstrom^3
 Electron density :             0.292056 Electron/Angstrom^3
##############################################################################
#                               FINAL ENERGIES                       time    #
##############################################################################
# Thomas-Fermi Kin. Energy =   4.115487427789E+01 eV                 0.000 s #
# Von-Weizsacker Kin. Ener =   6.756968980830E+00 eV                 0.000 s #
#                                                                            #
# GGA(PBE) Exch-Cor Energy =  -3.429904301712E+01 eV                 0.000 s #
#         Coulombic Energy =   1.298703492919E+00 eV                 0.000 s #
#      Ion-Electron Energy =   1.766047572349E+01 eV                 0.000 s #
#           Ion-Ion Energy =  -1.366098679174E+02 eV                 0.000 s #
#                                                                            #
#     TOTAL KINETIC ENERGY =   4.379268147764E+01 eV                         #
#   TOTAL POTENTIAL ENERGY =  -1.519497317181E+02 eV                         #
#             TOTAL ENERGY =  -1.081570502405E+02 eV                         #
##############################################################################
  
 ----------------------------- TIME INFORMATION ------------------------------
    PROFESS      :     16.08s WALL    100.00% (       1 calls)    16.08s/call
    InitPROFESS  :      0.03s WALL      0.19% (       1 calls)     0.03s/call
    KEDFRefresh  :      0.00s WALL      0.00% (       1 calls)     0.00s/call
    IonRefresh   :      0.01s WALL      0.04% (       1 calls)     0.01s/call
    EwaldEnergy  :      0.00s WALL      0.02% (       1 calls)     0.00s/call
    ForwFFT_3D   :      2.24s WALL     13.93% (    4545 calls)     0.00s/call
    BackFFT_3D   :      1.33s WALL      8.28% (    3306 calls)     0.00s/call
    Pot_Ion      :      0.03s WALL      0.17% (     109 calls)     0.00s/call
    Pot_Har      :      0.14s WALL      0.86% (     109 calls)     0.00s/call
    Pot_Exc      :      1.93s WALL     12.02% (     109 calls)     0.02s/call
    PBEPot       :      1.76s WALL     10.96% (     109 calls)     0.02s/call
    Pot_KEDF     :     13.64s WALL     84.78% (     109 calls)     0.13s/call
    intPot       :     12.95s WALL     80.53% (     109 calls)     0.12s/call
    MakeXiG      :      0.18s WALL      1.11% (     109 calls)     0.00s/call
    VWPotSqrPlus :      0.11s WALL      0.71% (     109 calls)     0.00s/call
    intPot1      :      3.85s WALL     23.91% (     836 calls)     0.00s/call
    MakeHC10Kern :      0.60s WALL      3.75% (     944 calls)     0.00s/call
    intPot2      :      2.46s WALL     15.31% (     836 calls)     0.00s/call
    intPot3      :      3.40s WALL     21.15% (     836 calls)     0.00s/call
    intPot4      :      1.43s WALL      8.88% (     836 calls)     0.00s/call
    NextGradient :      0.01s WALL      0.04% (       8 calls)     0.00s/call
 -----------------------------------------------------------------------------
 ------------------------------- TOTAL ---------------------------------------
    PROFESS      :     16.08s WALL    100.00% (       1 calls)    16.08s/call
 -----------------------------------------------------------------------------

Run completed on: 07/30/2024 at 17:11:03 
  
