 ******************************************************************************
                             WELCOME TO PROFESS                   
            (PRinceton Orbital-Free Electronic Structure Software) 
 ******************************************************************************

 ------------------------------------------------------------------------------
                           READ GEOMETRY
 Cell length (Bohr)    5.648E+00   5.648E+00   5.648E+00
 Angle     (Degree)    6.000E+01   6.000E+01   6.000E+01
 Volume    (Bohr^3)    1.274E+02

 ------------------------------------------------------------------------------
                           READ PSEUDOPOTENTIAL
 Total electron number in ReadPseudo is    1.0000000000000000     
 (System) Machine Precision              :    2.2204460492503131E-016

 ------------------------------------------------------------------------------
                           SETUP FFT
 Global FFT Dimension :    15   15   15
 Rank/Size in Global Communicator     :            0 /           1
 Rank/Size in Global FFT Communicator :            0 /           1
 Parallel FFT, totX    =    15
 Parallel FFT, totY    =    15
 Parallel FFT, locZ    =    15
 Parallel FFT, locZoff =     0
 Dimension of rho for this processor : 
 xmin, xmax :            0          14
 ymin, ymax :            0          14
 zmin, zmax :            0          14
 Total electron number =    1.0000000000000000     
 Uniform rhoR =    7.8482509327822501E-003
 (GB INFO) FFT size      :       15      15      15
 (GB INFO) FFT offset    :        0
 (GB INFO) FFT G size    :        8      15      15
 (GB INFO) FFT G offset  :        0

 ------------------------------------------------------------------------------
                           SETUP KEDF
 kinetic energy density functional number is            4
 ( 1=TF, 2=VW, 3=TF+VW, 4=WT,  5=WGC,  
   7=LQ, 8=HQ, 10=CAT,  11=HC, 12=WGCD,
   15=GGA, 16=WGCD+GGA, 17=EVT, 18=EVC )
 qTable dimension:     8   15   15
 Coefficient for TF KEDF is     1.0000
 Coefficient for VW KEDF is     1.0000
 Coefficient for alpha in WT KEDF is     0.8333
 Coefficient for beta  in WT KEDF is     0.8333
 rho0 (Electron/Bohr^3) in WGC KEDF is     0.0078
 hold0 =  F
  dV of each real space grid is now    3.7753162944709456E-002
 Cell length (Bohr)    5.648E+00   5.648E+00   5.648E+00
 Angle     (Degree)    6.000E+01   6.000E+01   6.000E+01
 Volume    (Bohr^3)    1.274E+02

 ------------------------------------------------------------------------------
                           SETUP EWALD 
 (Ewald) eta                             :   0.8031    
 (Ewald) Real Space Cutoff               :    6.000     (Bohr)
 (Ewald) Reciprocal Cutoff               :    7.787     (1/Bohr)

 ------------------------------------------------------------------------------
                           SETUP PLANE WAVE 
 Read in WT kernel.
 kernel file name  : 4PROFESS_KERNEL.dat           
 KEDF type         :     4
 Fermi vector      :   1.182014212099E+00
 Reference density :  -1.000000000000E+00
 Mesh points       :   200002
 Fermi vector in this cell is    1.2295927368544026     
 Fermi vector from kernel file is    1.1820142120987149     
 First qNorm is    0.0000000000000000     
 size of Wang-Teter kernel in this run is            8          15          15
 Max |G| in this calculation is   1.826186861613E+01
 Max eta used from kernel is   1.485196526359E+01

 ------------------------------------------------------------------------------
                           REFRESH ION POSITIONS
  
 Calculating Ion-Ion Energy ...                   complete.     0.001 s
  
 Calculating Ion-Electron Potential (spline) ... 
 complete.     0.000 s

 ------------------------------------------------------------------------------
                           DENSITY OPTIMIZATION
 Electron number for spin            1  is   0.99999999999998157     
 Cell Volume      :            18.881240 Angstrom^3
 Ion number       :                    1
 Electron number  :             1.000000
 Ion density      :             0.052963 Ion/Angstrom^3
 Electron density :             0.052963 Electron/Angstrom^3
##############################################################################
#                               FINAL ENERGIES                       time    #
##############################################################################
# Thomas-Fermi Kin. Energy =   3.126895683548E+00 eV                 0.000 s #
# Von-Weizsacker Kin. Ener =   2.539380209284E-01 eV                 0.000 s #
# Wang-Teter Kinetic Energ =  -7.978547849183E-02 eV                 0.000 s #
#                                                                            #
#     LDA Exch-Corr Energy =  -5.011457455867E+00 eV                 0.000 s #
#         Coulombic Energy =   1.464030149767E-02 eV                 0.000 s #
#      Ion-Electron Energy =   1.903896844238E+00 eV                 0.000 s #
#           Ion-Ion Energy =  -7.809403533482E+00 eV                 0.000 s #
#                                                                            #
#     TOTAL KINETIC ENERGY =   3.301048225984E+00 eV                         #
#   TOTAL POTENTIAL ENERGY =  -1.090232384361E+01 eV                         #
#             TOTAL ENERGY =  -7.601275617628E+00 eV                         #
##############################################################################
  
 ----------------------------- TIME INFORMATION ------------------------------
    PROFESS      :      0.83s WALL    100.00% (       1 calls)     0.83s/call
    InitPROFESS  :      0.43s WALL     51.25% (       1 calls)     0.43s/call
    KEDFRefresh  :      0.41s WALL     49.39% (       1 calls)     0.41s/call
    IonRefresh   :      0.00s WALL      0.14% (       1 calls)     0.00s/call
    EwaldEnergy  :      0.00s WALL      0.08% (       1 calls)     0.00s/call
    Pot_Ion      :      0.00s WALL      0.03% (      72 calls)     0.00s/call
    Pot_Har      :      0.01s WALL      0.81% (      72 calls)     0.00s/call
    Pot_Exc      :      0.03s WALL      3.70% (      72 calls)     0.00s/call
    Pot_KEDF     :      0.14s WALL     16.80% (      72 calls)     0.00s/call
    VWPotSqrPlus :      0.01s WALL      0.78% (      72 calls)     0.00s/call
    NextGradient :      0.00s WALL      0.03% (       6 calls)     0.00s/call
 -----------------------------------------------------------------------------
 ------------------------------- TOTAL ---------------------------------------
    PROFESS      :      0.83s WALL    100.00% (       1 calls)     0.83s/call
 -----------------------------------------------------------------------------

Run completed on: 08/14/2021 at 19:03:53 
  
