 ******************************************************************************
                             WELCOME TO PROFESS                   
            (PRinceton Orbital-Free Electronic Structure Software) 
 ******************************************************************************

 ------------------------------------------------------------------------------
                           READ GEOMETRY
 Cell length (Bohr)    6.571E+00   6.571E+00   1.079E+01
 Angle     (Degree)    9.000E+01   9.000E+01   1.200E+02
 Volume    (Bohr^3)    4.033E+02

 ------------------------------------------------------------------------------
                           READ PSEUDOPOTENTIAL
 Total electron number in ReadPseudo is    16.000000000000000     
 (System) Machine Precision              :    2.2204460492503131E-016

 ------------------------------------------------------------------------------
                           SETUP FFT
 Global FFT Dimension :    35   35   54
 Dimension of rho for this processor : 
 xmin, xmax :            0          34
 ymin, ymax :            0          34
 zmin, zmax :            0          53
 Total electron number =    16.000000000000000     
 Uniform rhoR =    3.9675202191828803E-002
 (GB INFO) FFT size      :       35      35      54
 (GB INFO) FFT offset    :        0
 (GB INFO) FFT G size    :       18      35      54
 (GB INFO) FFT G offset  :        0

 ------------------------------------------------------------------------------
                           SETUP KEDF
 kinetic energy density functional number is            5
 ( 1=TF, 2=VW, 3=TF+VW, 4=WT,  5=WGC,  
   7=LQ, 8=HQ, 10=CAT,  11=HC, 12=WGCD,
   15=GGA, 16=WGCD+GGA, 17=EVT, 18=EVC )
 qTable dimension:    18   35   54
 Coefficient for TF KEDF is     1.0000
 Coefficient for VW KEDF is     1.0000
 Coefficient for alpha in WGC KEDF is     1.2060
 Coefficient for beta  in WGC KEDF is     0.4607
 Coefficient for gamma in WGC KEDF is     4.2000
 rho0 (Electron/Bohr^3) in WGC KEDF is     0.0397
 rhoS (Electron/Bohr^3) in WGC KEDF is     0.0397
 hold0 =  F
 holdS =  F
  dV of each real space grid is now    6.0963653422446305E-003
 Cell length (Bohr)    6.571E+00   6.571E+00   1.079E+01
 Angle     (Degree)    9.000E+01   9.000E+01   1.200E+02
 Volume    (Bohr^3)    4.033E+02

 ------------------------------------------------------------------------------
                           SETUP EWALD 
 (Ewald) eta                             :    1.200    
 (Ewald) Real Space Cutoff               :    6.000     (Bohr)
 (Ewald) Reciprocal Cutoff               :    15.44     (1/Bohr)

 ------------------------------------------------------------------------------
                           SETUP PLANE WAVE 

 ------------------------------------------------------------------------------
                           INITIALIZING WGC KERNEL
 Fermi vector :    1.0551480069072656     
 Reference density :    3.9675202191828803E-002
 Make WGC kernels.
 Dimension of KEDF Kernel :           18          35          54

 ------------------------------------------------------------------------------
                           REFRESH ION POSITIONS
  
 Calculating Ion-Ion Energy ...                   complete.     0.003 s
  
 Calculating Ion-Electron Potential (spline) ... 
 complete.     0.006 s

 ------------------------------------------------------------------------------
                           DENSITY OPTIMIZATION
 Electron number for spin            1  is    16.000000000010395     
 Cell Volume      :            59.759125 Angstrom^3
 Ion number       :                    4
 Electron number  :            16.000000
 Ion density      :             0.066935 Ion/Angstrom^3
 Electron density :             0.267742 Electron/Angstrom^3
  
 ----------------------------- TIME INFORMATION ------------------------------
    PROFESS      :      3.70s WALL    100.00% (       1 calls)     3.70s/call
    InitPROFESS  :      0.06s WALL      1.58% (       1 calls)     0.06s/call
    KEDFRefresh  :      0.02s WALL      0.47% (       1 calls)     0.02s/call
    IonRefresh   :      0.01s WALL      0.27% (       1 calls)     0.01s/call
    EwaldEnergy  :      0.00s WALL      0.08% (       1 calls)     0.00s/call
    ForwFFT_3D   :      0.96s WALL     25.96% (    1359 calls)     0.00s/call
    BackFFT_3D   :      0.92s WALL     24.87% (    1357 calls)     0.00s/call
    Pot_Ion      :      0.01s WALL      0.21% (     113 calls)     0.00s/call
    Pot_Har      :      0.18s WALL      4.74% (     113 calls)     0.00s/call
    Pot_Exc      :      1.46s WALL     39.41% (     113 calls)     0.01s/call
    PBEPot       :      1.41s WALL     38.15% (     113 calls)     0.01s/call
    Pot_KEDF     :      1.89s WALL     50.98% (     113 calls)     0.02s/call
    WGCPotPlus   :      1.49s WALL     40.15% (     113 calls)     0.01s/call
    VWPotSqrPlus :      0.15s WALL      4.07% (     113 calls)     0.00s/call
    NextGradient :      0.00s WALL      0.10% (       7 calls)     0.00s/call
 -----------------------------------------------------------------------------
