 ******************************************************************************
                             WELCOME TO PROFESS                   
            (PRinceton Orbital-Free Electronic Structure Software) 
 ******************************************************************************

 ------------------------------------------------------------------------------
                           READ GEOMETRY
 Cell length (Bohr)    4.816E+00   4.816E+00   4.816E+00
 Angle     (Degree)    9.000E+01   9.000E+01   9.000E+01
 Volume    (Bohr^3)    1.117E+02

 ------------------------------------------------------------------------------
                           READ PSEUDOPOTENTIAL
 Total electron number in ReadPseudo is    4.0000000000000000     
 (System) Machine Precision              :    2.2204460492503131E-016

 ------------------------------------------------------------------------------
                           SETUP FFT
 Global FFT Dimension :    24   24   24
 Dimension of rho for this processor : 
 xmin, xmax :            0          23
 ymin, ymax :            0          23
 zmin, zmax :            0          23
 Total electron number =    4.0000000000000000     
 Uniform rhoR =    3.5803559533901928E-002
 (GB INFO) FFT size      :       24      24      24
 (GB INFO) FFT offset    :        0
 (GB INFO) FFT G size    :       13      24      24
 (GB INFO) FFT G offset  :        0

 ------------------------------------------------------------------------------
                           SETUP KEDF
 kinetic energy density functional number is            5
 ( 1=TF, 2=VW, 3=TF+VW, 4=WT,  5=WGC,  
   7=LQ, 8=HQ, 10=CAT,  11=HC, 12=WGCD,
   15=GGA, 16=WGCD+GGA, 17=EVT, 18=EVC )
 qTable dimension:    13   24   24
 Coefficient for TF KEDF is     1.0000
 Coefficient for VW KEDF is     1.0000
 Coefficient for alpha in WGC KEDF is     1.2060
 Coefficient for beta  in WGC KEDF is     0.4607
 Coefficient for gamma in WGC KEDF is     4.2000
 rho0 (Electron/Bohr^3) in WGC KEDF is     0.0358
 rhoS (Electron/Bohr^3) in WGC KEDF is     0.0358
 hold0 =  F
 holdS =  F
  dV of each real space grid is now    8.0816504174080327E-003
 Cell length (Bohr)    4.816E+00   4.816E+00   4.816E+00
 Angle     (Degree)    9.000E+01   9.000E+01   9.000E+01
 Volume    (Bohr^3)    1.117E+02

 ------------------------------------------------------------------------------
                           SETUP EWALD 
 (Ewald) eta                             :    1.200    
 (Ewald) Real Space Cutoff               :    6.000     (Bohr)
 (Ewald) Reciprocal Cutoff               :    15.00     (1/Bohr)

 ------------------------------------------------------------------------------
                           SETUP PLANE WAVE 

 ------------------------------------------------------------------------------
                           INITIALIZING WGC KERNEL
 Fermi vector :    1.0196451752660038     
 Reference density :    3.5803559533901928E-002
 Make WGC kernels.
 Dimension of KEDF Kernel :           13          24          24

 ------------------------------------------------------------------------------
                           REFRESH ION POSITIONS
  
 Calculating Ion-Ion Energy ...                   complete.     0.002 s
  
 Calculating Ion-Electron Potential (spline) ... 
 complete.     0.002 s

 ------------------------------------------------------------------------------
                           DENSITY OPTIMIZATION
 Electron number for spin            1  is    4.0000000000004974     
 Cell Volume      :            16.555305 Angstrom^3
 Ion number       :                    1
 Electron number  :             4.000000
 Ion density      :             0.060404 Ion/Angstrom^3
 Electron density :             0.241614 Electron/Angstrom^3
##############################################################################
#                               FINAL ENERGIES                       time    #
##############################################################################
# Thomas-Fermi Kin. Energy =   3.694381894569E+01 eV                 0.000 s #
# Von-Weizsacker Kin. Ener =   6.818757340004E+00 eV                 0.000 s #
#       WGC Kinetic Energy =  -4.035033553632E+00 eV                 0.000 s #
#                                                                            #
# GGA(PBE) Exch-Cor Energy =  -3.259577699860E+01 eV                 0.000 s #
#         Coulombic Energy =   1.764624917413E+00 eV                 0.000 s #
#      Ion-Electron Energy =   1.114696003793E+01 eV                 0.000 s #
#           Ion-Ion Energy =  -1.282431624965E+02 eV                 0.000 s #
#                                                                            #
#     TOTAL KINETIC ENERGY =   3.972754273206E+01 eV                         #
#   TOTAL POTENTIAL ENERGY =  -1.479273545397E+02 eV                         #
#             TOTAL ENERGY =  -1.081998118076E+02 eV                         #
##############################################################################
  
 ----------------------------- TIME INFORMATION ------------------------------
    PROFESS      :      2.09s WALL    100.00% (       1 calls)     2.09s/call
    InitPROFESS  :      0.04s WALL      2.12% (       1 calls)     0.04s/call
    KEDFRefresh  :      0.02s WALL      0.92% (       1 calls)     0.02s/call
    IonRefresh   :      0.00s WALL      0.21% (       1 calls)     0.00s/call
    EwaldEnergy  :      0.00s WALL      0.09% (       1 calls)     0.00s/call
    ForwFFT_3D   :      0.46s WALL     21.91% (    1358 calls)     0.00s/call
    BackFFT_3D   :      0.39s WALL     18.87% (    1357 calls)     0.00s/call
    Pot_Ion      :      0.01s WALL      0.48% (     113 calls)     0.00s/call
    Pot_Har      :      0.09s WALL      4.18% (     113 calls)     0.00s/call
    Pot_Exc      :      0.88s WALL     42.14% (     113 calls)     0.01s/call
    PBEPot       :      0.82s WALL     39.28% (     113 calls)     0.01s/call
    Pot_KEDF     :      0.96s WALL     45.92% (     113 calls)     0.01s/call
    WGCPotPlus   :      0.74s WALL     35.67% (     113 calls)     0.01s/call
    VWPotSqrPlus :      0.07s WALL      3.39% (     113 calls)     0.00s/call
    NextGradient :      0.00s WALL      0.10% (       7 calls)     0.00s/call
 -----------------------------------------------------------------------------
 ------------------------------- TOTAL ---------------------------------------
    PROFESS      :      2.09s WALL    100.00% (       1 calls)     2.09s/call
 -----------------------------------------------------------------------------

Run completed on: 07/30/2024 at 16:54:12 
  
