 ******************************************************************************
                             WELCOME TO PROFESS                   
            (PRinceton Orbital-Free Electronic Structure Software) 
 ******************************************************************************

 ------------------------------------------------------------------------------
                           READ GEOMETRY
 Cell length (Bohr)    7.227E+00   7.227E+00   7.227E+00
 Angle     (Degree)    6.000E+01   6.000E+01   6.000E+01
 Volume    (Bohr^3)    2.669E+02

 ------------------------------------------------------------------------------
                           READ PSEUDOPOTENTIAL
 Total electron number in ReadPseudo is    8.0000000000000000     
 (System) Machine Precision              :    2.2204460492503131E-016

 ------------------------------------------------------------------------------
                           SETUP FFT
 Global FFT Dimension :    36   36   36
 Dimension of rho for this processor : 
 xmin, xmax :            0          35
 ymin, ymax :            0          35
 zmin, zmax :            0          35
 Total electron number =    8.0000000000000000     
 Uniform rhoR =    2.9971775549998646E-002
 (GB INFO) FFT size      :       36      36      36
 (GB INFO) FFT offset    :        0
 (GB INFO) FFT G size    :       19      36      36
 (GB INFO) FFT G offset  :        0

 ------------------------------------------------------------------------------
                           SETUP KEDF
 kinetic energy density functional number is           11
 ( 1=TF, 2=VW, 3=TF+VW, 4=WT,  5=WGC,  
   7=LQ, 8=HQ, 10=CAT,  11=HC, 12=WGCD,
   15=GGA, 16=WGCD+GGA, 17=EVT, 18=EVC )
 qTable dimension:    19   36   36
 rhoS=   2.9971775549998646E-002
 rho0=   2.9971775549998646E-002
 coefficients for TF KEDF is     1.000000
 coefficients for VW KEDF is     1.000000
 Lambda in HC10 is set to     0.010000
 ALPHA  in HC10 is set to     2.016667
 BETA   in HC10 is set to     0.650000
 Sum of alpha and beta is     2.666667
  dV of each real space grid is now    5.7209745139828521E-003
 Cell length (Bohr)    7.227E+00   7.227E+00   7.227E+00
 Angle     (Degree)    6.000E+01   6.000E+01   6.000E+01
 Volume    (Bohr^3)    2.669E+02

 ------------------------------------------------------------------------------
                           SETUP EWALD 
 (Ewald) eta                             :    1.200    
 (Ewald) Real Space Cutoff               :    6.000     (Bohr)
 (Ewald) Reciprocal Cutoff               :    15.21     (1/Bohr)

 ------------------------------------------------------------------------------
                           SETUP PLANE WAVE 

 ------------------------------------------------------------------------------
                           REFRESH ION POSITIONS
  
 Calculating Ion-Ion Energy ...                   complete.     0.003 s
  
 Calculating Ion-Electron Potential (spline) ... 
 complete.     0.004 s

 ------------------------------------------------------------------------------
                           DENSITY OPTIMIZATION
 Electron number for spin            1  is    8.0000000000006821     
 Cell Volume      :            39.553135 Angstrom^3
 Ion number       :                    2
 Electron number  :             8.000000
 Ion density      :             0.050565 Ion/Angstrom^3
 Electron density :             0.202260 Electron/Angstrom^3
##############################################################################
#                               FINAL ENERGIES                       time    #
##############################################################################
# Thomas-Fermi Kin. Energy =   7.417019172052E+01 eV                 0.000 s #
# Von-Weizsacker Kin. Ener =   2.085894683490E+01 eV                 0.000 s #
#                                                                            #
# GGA(PBE) Exch-Cor Energy =  -6.509982253706E+01 eV                 0.000 s #
#         Coulombic Energy =   1.308973242006E+01 eV                 0.000 s #
#      Ion-Electron Energy =  -1.476417903724E+01 eV                 0.000 s #
#           Ion-Ion Energy =  -2.294679994642E+02 eV                 0.000 s #
#                                                                            #
#     TOTAL KINETIC ENERGY =   7.912206610903E+01 eV                         #
#   TOTAL POTENTIAL ENERGY =  -2.962422686185E+02 eV                         #
#             TOTAL ENERGY =  -2.171202025094E+02 eV                         #
##############################################################################
  
 ----------------------------- TIME INFORMATION ------------------------------
    PROFESS      :    430.88s WALL    100.00% (       1 calls)   430.88s/call
    InitPROFESS  :      0.04s WALL      0.01% (       1 calls)     0.04s/call
    KEDFRefresh  :      0.00s WALL      0.00% (       1 calls)     0.00s/call
    IonRefresh   :      0.01s WALL      0.00% (       1 calls)     0.01s/call
    EwaldEnergy  :      0.00s WALL      0.00% (       1 calls)     0.00s/call
    ForwFFT_3D   :     63.99s WALL     14.85% (   30749 calls)     0.00s/call
    BackFFT_3D   :     35.49s WALL      8.24% (   20894 calls)     0.00s/call
    Pot_Ion      :      0.49s WALL      0.11% (     581 calls)     0.00s/call
    Pot_Har      :      2.93s WALL      0.68% (     581 calls)     0.01s/call
    Pot_Exc      :     49.23s WALL     11.43% (     581 calls)     0.08s/call
    PBEPot       :     48.71s WALL     11.30% (     581 calls)     0.08s/call
    Pot_KEDF     :    372.80s WALL     86.52% (     581 calls)     0.64s/call
    intPot       :    364.77s WALL     84.66% (     581 calls)     0.63s/call
    MakeXiG      :      3.51s WALL      0.81% (     581 calls)     0.01s/call
    intPot1      :    102.02s WALL     23.68% (    6089 calls)     0.02s/call
    MakeHC10Kern :     11.49s WALL      2.67% (    6670 calls)     0.00s/call
    intPot2      :     74.97s WALL     17.40% (    6089 calls)     0.01s/call
    intPot3      :    102.91s WALL     23.88% (    6089 calls)     0.02s/call
    intPot4      :     49.59s WALL     11.51% (    6089 calls)     0.01s/call
    VWPotSqrPlus :      2.39s WALL      0.56% (     581 calls)     0.00s/call
    NextGradient :      0.23s WALL      0.05% (      50 calls)     0.00s/call
 -----------------------------------------------------------------------------
 ------------------------------- TOTAL ---------------------------------------
    PROFESS      :    430.88s WALL    100.00% (       1 calls)   430.88s/call
 -----------------------------------------------------------------------------

Run completed on: 07/30/2024 at 17:13:17 
  
