 ******************************************************************************
                             WELCOME TO PROFESS                   
            (PRinceton Orbital-Free Electronic Structure Software) 
 ******************************************************************************

 ------------------------------------------------------------------------------
                           READ GEOMETRY
 Cell length (Bohr)    7.849E+00   7.849E+00   1.294E+01
 Angle     (Degree)    9.000E+01   9.000E+01   1.200E+02
 Volume    (Bohr^3)    6.905E+02

 ------------------------------------------------------------------------------
                           READ PSEUDOPOTENTIAL
 Total electron number in ReadPseudo is    16.000000000000000     
 (System) Machine Precision              :    2.2204460492503131E-016

 ------------------------------------------------------------------------------
                           SETUP FFT
 Global FFT Dimension :    40   40   64
 Dimension of rho for this processor : 
 xmin, xmax :            0          39
 ymin, ymax :            0          39
 zmin, zmax :            0          63
 Total electron number =    16.000000000000000     
 Uniform rhoR =    2.3170571779398685E-002
 (GB INFO) FFT size      :       40      40      64
 (GB INFO) FFT offset    :        0
 (GB INFO) FFT G size    :       21      40      64
 (GB INFO) FFT G offset  :        0

 ------------------------------------------------------------------------------
                           SETUP KEDF
 kinetic energy density functional number is            5
 ( 1=TF, 2=VW, 3=TF+VW, 4=WT,  5=WGC,  
   7=LQ, 8=HQ, 10=CAT,  11=HC, 12=WGCD,
   15=GGA, 16=WGCD+GGA, 17=EVT, 18=EVC )
 qTable dimension:    21   40   64
 Coefficient for TF KEDF is     1.0000
 Coefficient for VW KEDF is     1.0000
 Coefficient for alpha in WGC KEDF is     1.2060
 Coefficient for beta  in WGC KEDF is     0.4607
 Coefficient for gamma in WGC KEDF is     4.2000
 rho0 (Electron/Bohr^3) in WGC KEDF is     0.0232
 rhoS (Electron/Bohr^3) in WGC KEDF is     0.0232
 hold0 =  F
 holdS =  F
  dV of each real space grid is now    6.7434675970717431E-003
 Cell length (Bohr)    7.849E+00   7.849E+00   1.294E+01
 Angle     (Degree)    9.000E+01   9.000E+01   1.200E+02
 Volume    (Bohr^3)    6.905E+02

 ------------------------------------------------------------------------------
                           SETUP EWALD 
 (Ewald) eta                             :    1.200    
 (Ewald) Real Space Cutoff               :    6.000     (Bohr)
 (Ewald) Reciprocal Cutoff               :    15.29     (1/Bohr)

 ------------------------------------------------------------------------------
                           SETUP PLANE WAVE 

 ------------------------------------------------------------------------------
                           INITIALIZING WGC KERNEL
 Fermi vector :   0.88196750361001330     
 Reference density :    2.3170571779398685E-002
 Make WGC kernels.
 Dimension of KEDF Kernel :           21          40          64

 ------------------------------------------------------------------------------
                           REFRESH ION POSITIONS
  
 Calculating Ion-Ion Energy ...                   complete.     0.023 s
  
 Calculating Ion-Electron Potential (spline) ... 
 complete.     0.036 s

 ------------------------------------------------------------------------------
                           DENSITY OPTIMIZATION
 Electron number for spin            1  is    16.000000000003357     
 Cell Volume      :           102.326148 Angstrom^3
 Ion number       :                    4
 Electron number  :            16.000000
 Ion density      :             0.039091 Ion/Angstrom^3
 Electron density :             0.156363 Electron/Angstrom^3
  
 ----------------------------- TIME INFORMATION ------------------------------
    PROFESS      :     35.71s WALL    100.00% (       1 calls)    35.71s/call
    InitPROFESS  :      0.16s WALL      0.45% (       1 calls)     0.16s/call
    KEDFRefresh  :      0.05s WALL      0.15% (       1 calls)     0.05s/call
    IonRefresh   :      0.07s WALL      0.19% (       1 calls)     0.07s/call
    EwaldEnergy  :      0.02s WALL      0.07% (       1 calls)     0.02s/call
    ForwFFT_3D   :      6.70s WALL     18.76% (    1335 calls)     0.01s/call
    BackFFT_3D   :      4.65s WALL     13.02% (    1333 calls)     0.00s/call
    Pot_Ion      :      0.11s WALL      0.31% (     111 calls)     0.00s/call
    Pot_Har      :      1.14s WALL      3.18% (     111 calls)     0.01s/call
    Pot_Exc      :     20.09s WALL     56.26% (     111 calls)     0.18s/call
    PBEPot       :     19.26s WALL     53.94% (     111 calls)     0.17s/call
    Pot_KEDF     :     12.60s WALL     35.27% (     111 calls)     0.11s/call
    WGCPotPlus   :     10.07s WALL     28.21% (     111 calls)     0.09s/call
    VWPotSqrPlus :      0.80s WALL      2.23% (     111 calls)     0.01s/call
    NextGradient :      0.05s WALL      0.13% (       8 calls)     0.01s/call
 -----------------------------------------------------------------------------
