 ******************************************************************************
                             WELCOME TO PROFESS                   
            (PRinceton Orbital-Free Electronic Structure Software) 
 ******************************************************************************

 ------------------------------------------------------------------------------
                           READ GEOMETRY
 Cell length (Bohr)    6.969E+00   6.969E+00   1.149E+01
 Angle     (Degree)    9.000E+01   9.000E+01   1.200E+02
 Volume    (Bohr^3)    4.833E+02

 ------------------------------------------------------------------------------
                           READ PSEUDOPOTENTIAL
 Total electron number in ReadPseudo is    16.000000000000000     
 (System) Machine Precision              :    2.2204460492503131E-016

 ------------------------------------------------------------------------------
                           SETUP FFT
 Global FFT Dimension :    35   35   60
 Dimension of rho for this processor : 
 xmin, xmax :            0          34
 ymin, ymax :            0          34
 zmin, zmax :            0          59
 Total electron number =    16.000000000000000     
 Uniform rhoR =    3.3107242147721545E-002
 (GB INFO) FFT size      :       35      35      60
 (GB INFO) FFT offset    :        0
 (GB INFO) FFT G size    :       18      35      60
 (GB INFO) FFT G offset  :        0

 ------------------------------------------------------------------------------
                           SETUP KEDF
 kinetic energy density functional number is            5
 ( 1=TF, 2=VW, 3=TF+VW, 4=WT,  5=WGC,  
   7=LQ, 8=HQ, 10=CAT,  11=HC, 12=WGCD,
   15=GGA, 16=WGCD+GGA, 17=EVT, 18=EVC )
 qTable dimension:    18   35   60
 Coefficient for TF KEDF is     1.0000
 Coefficient for VW KEDF is     1.0000
 Coefficient for alpha in WGC KEDF is     1.2060
 Coefficient for beta  in WGC KEDF is     0.4607
 Coefficient for gamma in WGC KEDF is     4.2000
 rho0 (Electron/Bohr^3) in WGC KEDF is     0.0331
 rhoS (Electron/Bohr^3) in WGC KEDF is     0.0331
 hold0 =  F
 holdS =  F
  dV of each real space grid is now    6.5752101566971897E-003
 Cell length (Bohr)    6.969E+00   6.969E+00   1.149E+01
 Angle     (Degree)    9.000E+01   9.000E+01   1.200E+02
 Volume    (Bohr^3)    4.833E+02

 ------------------------------------------------------------------------------
                           SETUP EWALD 
 (Ewald) eta                             :    1.200    
 (Ewald) Real Space Cutoff               :    6.000     (Bohr)
 (Ewald) Reciprocal Cutoff               :    15.33     (1/Bohr)

 ------------------------------------------------------------------------------
                           SETUP PLANE WAVE 

 ------------------------------------------------------------------------------
                           INITIALIZING WGC KERNEL
 Fermi vector :   0.99337829933646526     
 Reference density :    3.3107242147721545E-002
 Make WGC kernels.
 Dimension of KEDF Kernel :           18          35          60

 ------------------------------------------------------------------------------
                           REFRESH ION POSITIONS
  
 Calculating Ion-Ion Energy ...                   complete.     0.009 s
  
 Calculating Ion-Electron Potential (spline) ... 
 complete.     0.018 s

 ------------------------------------------------------------------------------
                           DENSITY OPTIMIZATION
 Electron number for spin            1  is    15.999999999993545     
 Cell Volume      :            71.614402 Angstrom^3
 Ion number       :                    4
 Electron number  :            16.000000
 Ion density      :             0.055855 Ion/Angstrom^3
 Electron density :             0.223419 Electron/Angstrom^3
  
 ----------------------------- TIME INFORMATION ------------------------------
    PROFESS      :     25.65s WALL    100.00% (       1 calls)    25.65s/call
    InitPROFESS  :      0.09s WALL      0.36% (       1 calls)     0.09s/call
    KEDFRefresh  :      0.03s WALL      0.13% (       1 calls)     0.03s/call
    IonRefresh   :      0.03s WALL      0.12% (       1 calls)     0.03s/call
    EwaldEnergy  :      0.01s WALL      0.03% (       1 calls)     0.01s/call
    ForwFFT_3D   :      4.40s WALL     17.17% (    1455 calls)     0.00s/call
    BackFFT_3D   :      3.86s WALL     15.06% (    1453 calls)     0.00s/call
    Pot_Ion      :      0.07s WALL      0.29% (     121 calls)     0.00s/call
    Pot_Har      :      0.79s WALL      3.09% (     121 calls)     0.01s/call
    Pot_Exc      :     14.22s WALL     55.43% (     121 calls)     0.12s/call
    PBEPot       :     13.59s WALL     52.99% (     121 calls)     0.11s/call
    Pot_KEDF     :      9.32s WALL     36.32% (     121 calls)     0.08s/call
    WGCPotPlus   :      7.50s WALL     29.24% (     121 calls)     0.06s/call
    VWPotSqrPlus :      0.58s WALL      2.26% (     121 calls)     0.00s/call
    NextGradient :      0.03s WALL      0.11% (       8 calls)     0.00s/call
 -----------------------------------------------------------------------------
