 ******************************************************************************
                             WELCOME TO PROFESS                   
            (PRinceton Orbital-Free Electronic Structure Software) 
 ******************************************************************************

 ------------------------------------------------------------------------------
                           READ GEOMETRY
 Cell length (Bohr)    7.418E+00   7.418E+00   1.220E+01
 Angle     (Degree)    9.000E+01   9.000E+01   1.200E+02
 Volume    (Bohr^3)    5.816E+02

 ------------------------------------------------------------------------------
                           READ PSEUDOPOTENTIAL
 Total electron number in ReadPseudo is    16.000000000000000     
 (System) Machine Precision              :    2.2204460492503131E-016

 ------------------------------------------------------------------------------
                           SETUP FFT
 Global FFT Dimension :    40   40   60
 Dimension of rho for this processor : 
 xmin, xmax :            0          39
 ymin, ymax :            0          39
 zmin, zmax :            0          59
 Total electron number =    16.000000000000000     
 Uniform rhoR =    2.7508433427087805E-002
 (GB INFO) FFT size      :       40      40      60
 (GB INFO) FFT offset    :        0
 (GB INFO) FFT G size    :       21      40      60
 (GB INFO) FFT G offset  :        0

 ------------------------------------------------------------------------------
                           SETUP KEDF
 kinetic energy density functional number is           11
 ( 1=TF, 2=VW, 3=TF+VW, 4=WT,  5=WGC,  
   7=LQ, 8=HQ, 10=CAT,  11=HC, 12=WGCD,
   15=GGA, 16=WGCD+GGA, 17=EVT, 18=EVC )
 qTable dimension:    21   40   60
 rhoS=   2.7508433427087805E-002
 rho0=   2.7508433427087805E-002
 coefficients for TF KEDF is     1.000000
 coefficients for VW KEDF is     1.000000
 Lambda in HC10 is set to     0.012000
 ALPHA  in HC10 is set to     1.916667
 BETA   in HC10 is set to     0.750000
 Sum of alpha and beta is     2.666667
  dV of each real space grid is now    6.0587480238895935E-003
 Cell length (Bohr)    7.418E+00   7.418E+00   1.220E+01
 Angle     (Degree)    9.000E+01   9.000E+01   1.200E+02
 Volume    (Bohr^3)    5.816E+02

 ------------------------------------------------------------------------------
                           SETUP EWALD 
 (Ewald) eta                             :    1.200    
 (Ewald) Real Space Cutoff               :    6.000     (Bohr)
 (Ewald) Reciprocal Cutoff               :    15.19     (1/Bohr)

 ------------------------------------------------------------------------------
                           SETUP PLANE WAVE 

 ------------------------------------------------------------------------------
                           REFRESH ION POSITIONS
  
 Calculating Ion-Ion Energy ...                   complete.     0.011 s
  
 Calculating Ion-Electron Potential (spline) ... 
 complete.     0.030 s

 ------------------------------------------------------------------------------
                           DENSITY OPTIMIZATION
 Electron number for spin            1  is    16.000000000007514     
 Cell Volume      :            86.190126 Angstrom^3
 Ion number       :                    4
 Electron number  :            16.000000
 Ion density      :             0.046409 Ion/Angstrom^3
 Electron density :             0.185636 Electron/Angstrom^3
##############################################################################
#                               FINAL ENERGIES                       time    #
##############################################################################
# Thomas-Fermi Kin. Energy =   1.371362368266E+02 eV                 0.000 s #
# Von-Weizsacker Kin. Ener =   3.988560243334E+01 eV                 0.000 s #
#                                                                            #
# GGA(PBE) Exch-Cor Energy =  -1.256915309764E+02 eV                 0.000 s #
#         Coulombic Energy =   2.099208756590E+01 eV                 0.000 s #
#      Ion-Electron Energy =   1.478010975207E+01 eV                 0.000 s #
#           Ion-Ion Energy =  -4.649966686764E+02 eV                 0.000 s #
#                                                                            #
#     TOTAL KINETIC ENERGY =   1.464425967530E+02 eV                         #
#   TOTAL POTENTIAL ENERGY =  -5.549160023349E+02 eV                         #
#             TOTAL ENERGY =  -4.084734055819E+02 eV                         #
##############################################################################
  
 ----------------------------- TIME INFORMATION ------------------------------
    PROFESS      :   2081.79s WALL    100.00% (       1 calls)  2081.79s/call
    InitPROFESS  :      0.08s WALL      0.00% (       1 calls)     0.08s/call
    KEDFRefresh  :      0.00s WALL      0.00% (       1 calls)     0.00s/call
    IonRefresh   :      0.04s WALL      0.00% (       1 calls)     0.04s/call
    EwaldEnergy  :      0.01s WALL      0.00% (       1 calls)     0.01s/call
    ForwFFT_3D   :    417.73s WALL     20.07% (   57987 calls)     0.01s/call
    BackFFT_3D   :    195.46s WALL      9.39% (   37769 calls)     0.01s/call
    Pot_Ion      :      1.58s WALL      0.08% (     924 calls)     0.00s/call
    Pot_Har      :     13.36s WALL      0.64% (     924 calls)     0.01s/call
    Pot_Exc      :    259.97s WALL     12.49% (     924 calls)     0.28s/call
    PBEPot       :    258.01s WALL     12.39% (     924 calls)     0.28s/call
    Pot_KEDF     :   1783.76s WALL     85.68% (     924 calls)     1.93s/call
    intPot       :   1752.30s WALL     84.17% (     924 calls)     1.90s/call
    MakeXiG      :     11.35s WALL      0.55% (     924 calls)     0.01s/call
    VWPotSqrPlus :     12.14s WALL      0.58% (     924 calls)     0.01s/call
    intPot1      :    482.16s WALL     23.16% (   11955 calls)     0.04s/call
    MakeHC10Kern :     54.61s WALL      2.62% (   12878 calls)     0.00s/call
    intPot2      :    342.26s WALL     16.44% (   11955 calls)     0.03s/call
    intPot3      :    572.77s WALL     27.51% (   11955 calls)     0.05s/call
    intPot4      :    215.02s WALL     10.33% (   11955 calls)     0.02s/call
    NextGradient :      1.18s WALL      0.06% (      85 calls)     0.01s/call
 -----------------------------------------------------------------------------
 ------------------------------- TOTAL ---------------------------------------
    PROFESS      :   2081.79s WALL    100.00% (       1 calls)  2081.79s/call
 -----------------------------------------------------------------------------

Run completed on: 07/31/2024 at 00:18:29 
  
