 ******************************************************************************
                             WELCOME TO PROFESS                   
            (PRinceton Orbital-Free Electronic Structure Software) 
 ******************************************************************************

 ------------------------------------------------------------------------------
                           READ GEOMETRY
 Cell length (Bohr)    5.409E+00   5.409E+00   5.409E+00
 Angle     (Degree)    6.000E+01   6.000E+01   6.000E+01
 Volume    (Bohr^3)    1.119E+02

 ------------------------------------------------------------------------------
                           READ PSEUDOPOTENTIAL
 Total electron number in ReadPseudo is    1.0000000000000000     
 (System) Machine Precision              :    2.2204460492503131E-016

 ------------------------------------------------------------------------------
                           SETUP FFT
 Global FFT Dimension :    27   27   27
 Rank/Size in Global Communicator     :            0 /           1
 Rank/Size in Global FFT Communicator :            0 /           1
 Parallel FFT, totX    =    27
 Parallel FFT, totY    =    27
 Parallel FFT, locZ    =    27
 Parallel FFT, locZoff =     0
 Dimension of rho for this processor : 
 xmin, xmax :            0          26
 ymin, ymax :            0          26
 zmin, zmax :            0          26
 Total electron number =    1.0000000000000000     
 Uniform rhoR =    8.9368983954989170E-003
 (GB INFO) FFT size      :       27      27      27
 (GB INFO) FFT offset    :        0
 (GB INFO) FFT G size    :       14      27      27
 (GB INFO) FFT G offset  :        0

 ------------------------------------------------------------------------------
                           SETUP KEDF
 kinetic energy density functional number is            5
 ( 1=TF, 2=VW, 3=TF+VW, 4=WT,  5=WGC,  
   7=LQ, 8=HQ, 10=CAT,  11=HC, 12=WGCD,
   15=GGA, 16=WGCD+GGA, 17=EVT, 18=EVC )
 qTable dimension:    14   27   27
 Coefficient for TF KEDF is     1.0000
 Coefficient for VW KEDF is     1.0000
 Coefficient for alpha in WGC KEDF is     1.2060
 Coefficient for beta  in WGC KEDF is     0.4607
 Coefficient for gamma in WGC KEDF is     2.7000
 rho0 (Electron/Bohr^3) in WGC KEDF is     0.0089
 rhoS (Electron/Bohr^3) in WGC KEDF is     0.0089
 hold0 =  F
 holdS =  F
  dV of each real space grid is now    5.6848876620191864E-003
 Cell length (Bohr)    5.409E+00   5.409E+00   5.409E+00
 Angle     (Degree)    6.000E+01   6.000E+01   6.000E+01
 Volume    (Bohr^3)    1.119E+02

 ------------------------------------------------------------------------------
                           SETUP EWALD 
 (Ewald) eta                             :    1.200    
 (Ewald) Real Space Cutoff               :    6.000     (Bohr)
 (Ewald) Reciprocal Cutoff               :    15.10     (1/Bohr)

 ------------------------------------------------------------------------------
                           SETUP PLANE WAVE 

 ------------------------------------------------------------------------------
                           INITIALIZING WGC KERNEL
 Fermi vector :   0.64200134833497680     
 Reference density :    8.9368983954989170E-003
 Make WGC kernels.
 Dimension of KEDF Kernel :           14          27          27

 ------------------------------------------------------------------------------
                           REFRESH ION POSITIONS
  
 Calculating Ion-Ion Energy ...                   complete.     0.002 s
  
 Calculating Ion-Electron Potential (spline) ... 
 complete.     0.003 s

 ------------------------------------------------------------------------------
                           DENSITY OPTIMIZATION
 Electron number for spin            1  is   0.99999999999990585     
 Cell Volume      :            16.581223 Angstrom^3
 Ion number       :                    1
 Electron number  :             1.000000
 Ion density      :             0.060309 Ion/Angstrom^3
 Electron density :             0.060309 Electron/Angstrom^3
##############################################################################
#                               FINAL ENERGIES                       time    #
##############################################################################
# Thomas-Fermi Kin. Energy =   3.408592383502E+00 eV                 0.000 s #
# Von-Weizsacker Kin. Ener =   2.588945239859E-01 eV                 0.000 s #
#       WGC Kinetic Energy =  -7.911325245383E-02 eV                 0.000 s #
#                                                                            #
# GGA(PBE) Exch-Cor Energy =  -5.206919308893E+00 eV                 0.000 s #
#         Coulombic Energy =   1.521136565678E-02 eV                 0.000 s #
#      Ion-Electron Energy =   2.239580963929E+00 eV                 0.000 s #
#           Ion-Ion Energy =  -8.154972695956E+00 eV                 0.000 s #
#                                                                            #
#     TOTAL KINETIC ENERGY =   3.588373655034E+00 eV                         #
#   TOTAL POTENTIAL ENERGY =  -1.110709967526E+01 eV                         #
#             TOTAL ENERGY =  -7.518726020230E+00 eV                         #
##############################################################################
  
 ----------------------------- TIME INFORMATION ------------------------------
    PROFESS      :      4.55s WALL    100.00% (       1 calls)     4.55s/call
    InitPROFESS  :      0.05s WALL      1.16% (       1 calls)     0.05s/call
    KEDFRefresh  :      0.02s WALL      0.47% (       1 calls)     0.02s/call
    IonRefresh   :      0.01s WALL      0.13% (       1 calls)     0.01s/call
    EwaldEnergy  :      0.00s WALL      0.05% (       1 calls)     0.00s/call
    Pot_Ion      :      0.01s WALL      0.12% (     111 calls)     0.00s/call
    Pot_Har      :      0.15s WALL      3.36% (     111 calls)     0.00s/call
    Pot_Exc      :      1.68s WALL     36.88% (     111 calls)     0.02s/call
    PBEPot       :      1.63s WALL     35.74% (     111 calls)     0.01s/call
    Pot_KEDF     :      2.27s WALL     49.88% (     111 calls)     0.02s/call
    WGCPotPlus   :      1.81s WALL     39.74% (     111 calls)     0.02s/call
    VWPotSqrPlus :      0.14s WALL      3.05% (     111 calls)     0.00s/call
    NextGradient :      0.00s WALL      0.04% (       6 calls)     0.00s/call
 -----------------------------------------------------------------------------
 ------------------------------- TOTAL ---------------------------------------
    PROFESS      :      4.55s WALL    100.00% (       1 calls)     4.55s/call
 -----------------------------------------------------------------------------

Run completed on: 05/02/2023 at 13:42:26 
  
