 ******************************************************************************
                             WELCOME TO PROFESS                   
            (PRinceton Orbital-Free Electronic Structure Software) 
 ******************************************************************************

 ------------------------------------------------------------------------------
                           READ GEOMETRY
 Cell length (Bohr)    5.305E+00   5.305E+00   8.701E+00
 Angle     (Degree)    9.000E+01   9.000E+01   1.200E+02
 Volume    (Bohr^3)    2.120E+02

 ------------------------------------------------------------------------------
                           READ PSEUDOPOTENTIAL
 Total electron number in ReadPseudo is    6.0000000000000000     
 (System) Machine Precision              :    2.2204460492503131E-016

 ------------------------------------------------------------------------------
                           SETUP FFT
 Global FFT Dimension :    14   14   24
 Rank/Size in Global Communicator     :            0 /           1
 Rank/Size in Global FFT Communicator :            0 /           1
 Parallel FFT, totX    =    14
 Parallel FFT, totY    =    14
 Parallel FFT, locZ    =    24
 Parallel FFT, locZoff =     0
 Dimension of rho for this processor : 
 xmin, xmax :            0          13
 ymin, ymax :            0          13
 zmin, zmax :            0          23
 Total electron number =    6.0000000000000000     
 Uniform rhoR =    2.8296907169160029E-002
 (GB INFO) FFT size      :       14      14      24
 (GB INFO) FFT offset    :        0
 (GB INFO) FFT G size    :        8      14      24
 (GB INFO) FFT G offset  :        0

 ------------------------------------------------------------------------------
                           SETUP KEDF
 kinetic energy density functional number is            4
 ( 1=TF, 2=VW, 3=TF+VW, 4=WT,  5=WGC,  
   7=LQ, 8=HQ, 10=CAT,  11=HC, 12=WGCD,
   15=GGA, 16=WGCD+GGA, 17=EVT, 18=EVC )
 qTable dimension:     8   14   24
 Coefficient for TF KEDF is     1.0000
 Coefficient for VW KEDF is     1.0000
 Coefficient for alpha in WT KEDF is     0.8333
 Coefficient for beta  in WT KEDF is     0.8333
 rho0 (Electron/Bohr^3) in WGC KEDF is     0.0283
 hold0 =  F
  dV of each real space grid is now    4.5075958176509619E-002
 Cell length (Bohr)    5.305E+00   5.305E+00   8.701E+00
 Angle     (Degree)    9.000E+01   9.000E+01   1.200E+02
 Volume    (Bohr^3)    2.120E+02

 ------------------------------------------------------------------------------
                           SETUP EWALD 
 (Ewald) eta                             :   0.7396    
 (Ewald) Real Space Cutoff               :    6.640     (Bohr)
 (Ewald) Reciprocal Cutoff               :    7.699     (1/Bohr)

 ------------------------------------------------------------------------------
                           SETUP PLANE WAVE 
 Read in WT kernel.
 kernel file name  : 7PROFESS_KERNEL.dat           
 KEDF type         :     4
 Fermi vector      :   1.182014212099E+00
 Reference density :  -1.000000000000E+00
 Mesh points       :   200002
 Fermi vector in this cell is    1.8854570873152392     
 Fermi vector from kernel file is    1.1820142120987149     
 First qNorm is    0.0000000000000000     
 size of Wang-Teter kernel in this run is            8          14          24
 Max |G| in this calculation is   1.871007326355E+01
 Max eta used from kernel is   9.923362026869E+00

 ------------------------------------------------------------------------------
                           REFRESH ION POSITIONS
  
 Calculating Ion-Ion Energy ...                   complete.     0.001 s
  
 Calculating Ion-Electron Potential (spline) ... 
 complete.     0.001 s

 ------------------------------------------------------------------------------
                           DENSITY OPTIMIZATION
 Electron number for spin            1  is    6.0000000000002727     
 Cell Volume      :            31.420687 Angstrom^3
 Ion number       :                    2
 Electron number  :             6.000000
 Ion density      :             0.063652 Ion/Angstrom^3
 Electron density :             0.190957 Electron/Angstrom^3
##############################################################################
#                               FINAL ENERGIES                       time    #
##############################################################################
# Thomas-Fermi Kin. Energy =   4.428585735653E+01 eV                 0.000 s #
# Von-Weizsacker Kin. Ener =   3.832743966240E+00 eV                 0.000 s #
# Wang-Teter Kinetic Energ =  -1.507777709655E+00 eV                 0.000 s #
#                                                                            #
#     LDA Exch-Corr Energy =  -4.433686710741E+01 eV                 0.000 s #
#         Coulombic Energy =   2.109755867177E-01 eV                 0.000 s #
#      Ion-Electron Energy =   3.103283804949E+01 eV                 0.000 s #
#           Ion-Ion Energy =  -1.494472059841E+02 eV                 0.000 s #
#                                                                            #
#     TOTAL KINETIC ENERGY =   4.661082361312E+01 eV                         #
#   TOTAL POTENTIAL ENERGY =  -1.625402594553E+02 eV                         #
#             TOTAL ENERGY =  -1.159294358422E+02 eV                         #
##############################################################################
  
 ----------------------------- TIME INFORMATION ------------------------------
    PROFESS      :      1.31s WALL    100.00% (       1 calls)     1.31s/call
    InitPROFESS  :      0.59s WALL     45.08% (       1 calls)     0.59s/call
    KEDFRefresh  :      0.54s WALL     40.82% (       1 calls)     0.54s/call
    IonRefresh   :      0.00s WALL      0.18% (       1 calls)     0.00s/call
    EwaldEnergy  :      0.00s WALL      0.08% (       1 calls)     0.00s/call
    Pot_Ion      :      0.00s WALL      0.05% (      70 calls)     0.00s/call
    Pot_Har      :      0.01s WALL      1.12% (      70 calls)     0.00s/call
    Pot_Exc      :      0.07s WALL      5.11% (      70 calls)     0.00s/call
    Pot_KEDF     :      0.28s WALL     20.95% (      70 calls)     0.00s/call
    VWPotSqrPlus :      0.01s WALL      1.09% (      70 calls)     0.00s/call
    NextGradient :      0.00s WALL      0.05% (       7 calls)     0.00s/call
 -----------------------------------------------------------------------------
 ------------------------------- TOTAL ---------------------------------------
    PROFESS      :      1.31s WALL    100.00% (       1 calls)     1.31s/call
 -----------------------------------------------------------------------------

Run completed on: 09/27/2021 at 11:16:04 
  
