 ******************************************************************************
                             WELCOME TO PROFESS                   
            (PRinceton Orbital-Free Electronic Structure Software) 
 ******************************************************************************

 ------------------------------------------------------------------------------
                           READ GEOMETRY
 Cell length (Bohr)    4.615E+00   4.615E+00   4.615E+00
 Angle     (Degree)    9.000E+01   9.000E+01   9.000E+01
 Volume    (Bohr^3)    9.832E+01

 ------------------------------------------------------------------------------
                           READ PSEUDOPOTENTIAL
 Total electron number in ReadPseudo is    4.0000000000000000     
 (System) Machine Precision              :    2.2204460492503131E-016

 ------------------------------------------------------------------------------
                           SETUP FFT
 Global FFT Dimension :    24   24   24
 Dimension of rho for this processor : 
 xmin, xmax :            0          23
 ymin, ymax :            0          23
 zmin, zmax :            0          23
 Total electron number =    4.0000000000000000     
 Uniform rhoR =    4.0682275289165980E-002
 (GB INFO) FFT size      :       24      24      24
 (GB INFO) FFT offset    :        0
 (GB INFO) FFT G size    :       13      24      24
 (GB INFO) FFT G offset  :        0

 ------------------------------------------------------------------------------
                           SETUP KEDF
 kinetic energy density functional number is           11
 ( 1=TF, 2=VW, 3=TF+VW, 4=WT,  5=WGC,  
   7=LQ, 8=HQ, 10=CAT,  11=HC, 12=WGCD,
   15=GGA, 16=WGCD+GGA, 17=EVT, 18=EVC )
 qTable dimension:    13   24   24
 rhoS=   4.0682275289165980E-002
 rho0=   4.0682275289165980E-002
 coefficients for TF KEDF is     1.000000
 coefficients for VW KEDF is     1.000000
 Lambda in HC10 is set to     0.003000
 ALPHA  in HC10 is set to     2.016667
 BETA   in HC10 is set to     0.650000
 Sum of alpha and beta is     2.666667
  dV of each real space grid is now    7.1124795699150237E-003
 Cell length (Bohr)    4.615E+00   4.615E+00   4.615E+00
 Angle     (Degree)    9.000E+01   9.000E+01   9.000E+01
 Volume    (Bohr^3)    9.832E+01

 ------------------------------------------------------------------------------
                           SETUP EWALD 
 (Ewald) eta                             :    1.200    
 (Ewald) Real Space Cutoff               :    6.000     (Bohr)
 (Ewald) Reciprocal Cutoff               :    15.66     (1/Bohr)

 ------------------------------------------------------------------------------
                           SETUP PLANE WAVE 

 ------------------------------------------------------------------------------
                           REFRESH ION POSITIONS
  
 Calculating Ion-Ion Energy ...                   complete.     0.002 s
  
 Calculating Ion-Electron Potential (spline) ... 
 complete.     0.003 s

 ------------------------------------------------------------------------------
                           DENSITY OPTIMIZATION
 Electron number for spin            1  is    3.9999999999998739     
 Cell Volume      :            14.569953 Angstrom^3
 Ion number       :                    1
 Electron number  :             4.000000
 Ion density      :             0.068634 Ion/Angstrom^3
 Electron density :             0.274538 Electron/Angstrom^3
##############################################################################
#                               FINAL ENERGIES                       time    #
##############################################################################
# Thomas-Fermi Kin. Energy =   3.980270943552E+01 eV                 0.000 s #
# Von-Weizsacker Kin. Ener =   6.972432424004E+00 eV                 0.000 s #
#                                                                            #
# GGA(PBE) Exch-Cor Energy =  -3.376422367438E+01 eV                 0.000 s #
#         Coulombic Energy =   1.497537260303E+00 eV                 0.000 s #
#      Ion-Electron Energy =   1.533657838243E+01 eV                 0.000 s #
#           Ion-Ion Energy =  -1.338219114293E+02 eV                 0.000 s #
#                                                                            #
#     TOTAL KINETIC ENERGY =   4.248671373505E+01 eV                         #
#   TOTAL POTENTIAL ENERGY =  -1.507520194609E+02 eV                         #
#             TOTAL ENERGY =  -1.082653057259E+02 eV                         #
##############################################################################
  
 ----------------------------- TIME INFORMATION ------------------------------
    PROFESS      :     16.20s WALL    100.00% (       1 calls)    16.20s/call
    InitPROFESS  :      0.03s WALL      0.20% (       1 calls)     0.03s/call
    KEDFRefresh  :      0.00s WALL      0.01% (       1 calls)     0.00s/call
    IonRefresh   :      0.01s WALL      0.05% (       1 calls)     0.01s/call
    EwaldEnergy  :      0.00s WALL      0.02% (       1 calls)     0.00s/call
    ForwFFT_3D   :      2.30s WALL     14.23% (    4710 calls)     0.00s/call
    BackFFT_3D   :      1.36s WALL      8.41% (    3379 calls)     0.00s/call
    Pot_Ion      :      0.03s WALL      0.16% (     108 calls)     0.00s/call
    Pot_Har      :      0.14s WALL      0.86% (     108 calls)     0.00s/call
    Pot_Exc      :      1.90s WALL     11.75% (     108 calls)     0.02s/call
    PBEPot       :      1.74s WALL     10.76% (     108 calls)     0.02s/call
    Pot_KEDF     :     13.77s WALL     85.00% (     108 calls)     0.13s/call
    intPot       :     13.11s WALL     80.90% (     108 calls)     0.12s/call
    MakeXiG      :      0.16s WALL      1.01% (     108 calls)     0.00s/call
    VWPotSqrPlus :      0.11s WALL      0.67% (     108 calls)     0.00s/call
    intPot1      :      3.99s WALL     24.61% (     880 calls)     0.00s/call
    MakeHC10Kern :      0.60s WALL      3.71% (     987 calls)     0.00s/call
    intPot2      :      2.48s WALL     15.32% (     880 calls)     0.00s/call
    intPot3      :      3.47s WALL     21.43% (     880 calls)     0.00s/call
    intPot4      :      1.43s WALL      8.83% (     880 calls)     0.00s/call
    NextGradient :      0.01s WALL      0.05% (       9 calls)     0.00s/call
 -----------------------------------------------------------------------------
 ------------------------------- TOTAL ---------------------------------------
    PROFESS      :     16.20s WALL    100.00% (       1 calls)    16.20s/call
 -----------------------------------------------------------------------------

Run completed on: 07/30/2024 at 17:11:08 
  
