 ******************************************************************************
                             WELCOME TO PROFESS                   
            (PRinceton Orbital-Free Electronic Structure Software) 
 ******************************************************************************

 ------------------------------------------------------------------------------
                           READ GEOMETRY
 Cell length (Bohr)    8.660E+00   8.660E+00   8.660E+00
 Angle     (Degree)    6.000E+01   6.000E+01   6.000E+01
 Volume    (Bohr^3)    4.592E+02

 ------------------------------------------------------------------------------
                           READ PSEUDOPOTENTIAL
 Total electron number in ReadPseudo is    8.0000000000000000     
 (System) Machine Precision              :    2.2204460492503131E-016

 ------------------------------------------------------------------------------
                           SETUP FFT
 Global FFT Dimension :    45   45   45
 Dimension of rho for this processor : 
 xmin, xmax :            0          44
 ymin, ymax :            0          44
 zmin, zmax :            0          44
 Total electron number =    8.0000000000000000     
 Uniform rhoR =    1.7420908099780266E-002
 (GB INFO) FFT size      :       45      45      45
 (GB INFO) FFT offset    :        0
 (GB INFO) FFT G size    :       23      45      45
 (GB INFO) FFT G offset  :        0

 ------------------------------------------------------------------------------
                           SETUP KEDF
 kinetic energy density functional number is           11
 ( 1=TF, 2=VW, 3=TF+VW, 4=WT,  5=WGC,  
   7=LQ, 8=HQ, 10=CAT,  11=HC, 12=WGCD,
   15=GGA, 16=WGCD+GGA, 17=EVT, 18=EVC )
 qTable dimension:    23   45   45
 rhoS=   1.7420908099780266E-002
 rho0=   1.7420908099780266E-002
 coefficients for TF KEDF is     1.000000
 coefficients for VW KEDF is     1.000000
 Lambda in HC10 is set to     0.012000
 ALPHA  in HC10 is set to     1.856667
 BETA   in HC10 is set to     0.810000
 Sum of alpha and beta is     2.666667
  dV of each real space grid is now    5.0394327721647262E-003
 Cell length (Bohr)    8.660E+00   8.660E+00   8.660E+00
 Angle     (Degree)    6.000E+01   6.000E+01   6.000E+01
 Volume    (Bohr^3)    4.592E+02

 ------------------------------------------------------------------------------
                           SETUP EWALD 
 (Ewald) eta                             :    1.200    
 (Ewald) Real Space Cutoff               :    6.000     (Bohr)
 (Ewald) Reciprocal Cutoff               :    15.96     (1/Bohr)

 ------------------------------------------------------------------------------
                           SETUP PLANE WAVE 

 ------------------------------------------------------------------------------
                           REFRESH ION POSITIONS
  
 Calculating Ion-Ion Energy ...                   complete.     0.061 s
  
 Calculating Ion-Electron Potential (spline) ... 
 complete.     0.098 s

 ------------------------------------------------------------------------------
                           DENSITY OPTIMIZATION
 Electron number for spin            1  is    8.0000000000183231     
 Cell Volume      :            68.049132 Angstrom^3
 Ion number       :                    2
 Electron number  :             8.000000
 Ion density      :             0.029391 Ion/Angstrom^3
 Electron density :             0.117562 Electron/Angstrom^3
##############################################################################
#                               FINAL ENERGIES                       time    #
##############################################################################
# Thomas-Fermi Kin. Energy =   5.586524109454E+01 eV                 0.000 s #
# Von-Weizsacker Kin. Ener =   2.027402253640E+01 eV                 0.000 s #
#                                                                            #
# GGA(PBE) Exch-Cor Energy =  -5.698329107656E+01 eV                 0.000 s #
#         Coulombic Energy =   1.581440846994E+01 eV                 0.000 s #
#      Ion-Electron Energy =  -2.096845227437E+01 eV                 0.000 s #
#           Ion-Ion Energy =  -1.999079785236E+02 eV                 0.000 s #
#                                                                            #
#     TOTAL KINETIC ENERGY =   6.099568706131E+01 eV                         #
#   TOTAL POTENTIAL ENERGY =  -2.620453134046E+02 eV                         #
#             TOTAL ENERGY =  -2.010496263433E+02 eV                         #
##############################################################################
  
 ----------------------------- TIME INFORMATION ------------------------------
    PROFESS      :   3935.93s WALL    100.00% (       1 calls)  3935.93s/call
    InitPROFESS  :      0.26s WALL      0.01% (       1 calls)     0.26s/call
    KEDFRefresh  :      0.01s WALL      0.00% (       1 calls)     0.01s/call
    IonRefresh   :      0.18s WALL      0.00% (       1 calls)     0.18s/call
    EwaldEnergy  :      0.06s WALL      0.00% (       1 calls)     0.06s/call
    ForwFFT_3D   :    955.17s WALL     24.27% (   71961 calls)     0.01s/call
    BackFFT_3D   :    559.11s WALL     14.21% (   47057 calls)     0.01s/call
    Pot_Ion      :      2.49s WALL      0.06% (    1166 calls)     0.00s/call
    Pot_Har      :     29.19s WALL      0.74% (    1166 calls)     0.03s/call
    Pot_Exc      :    456.26s WALL     11.59% (    1166 calls)     0.39s/call
    PBEPot       :    453.22s WALL     11.52% (    1166 calls)     0.39s/call
    Pot_KEDF     :   3411.30s WALL     86.67% (    1166 calls)     2.93s/call
    intPot       :   3351.55s WALL     85.15% (    1166 calls)     2.87s/call
    MakeXiG      :     19.85s WALL      0.50% (    1166 calls)     0.02s/call
    intPot1      :    951.32s WALL     24.17% (   14783 calls)     0.06s/call
    MakeHC10Kern :     70.22s WALL      1.78% (   15949 calls)     0.00s/call
    intPot2      :    575.46s WALL     14.62% (   14783 calls)     0.04s/call
    intPot3      :   1179.21s WALL     29.96% (   14783 calls)     0.08s/call
    intPot4      :    360.05s WALL      9.15% (   14783 calls)     0.02s/call
    VWPotSqrPlus :     26.11s WALL      0.66% (    1166 calls)     0.02s/call
    NextGradient :      1.61s WALL      0.04% (      86 calls)     0.02s/call
 -----------------------------------------------------------------------------
 ------------------------------- TOTAL ---------------------------------------
    PROFESS      :   3935.93s WALL    100.00% (       1 calls)  3935.93s/call
 -----------------------------------------------------------------------------

Run completed on: 07/31/2024 at 11:50:12 
  
