 ******************************************************************************
                             WELCOME TO PROFESS                   
            (PRinceton Orbital-Free Electronic Structure Software) 
 ******************************************************************************

 ------------------------------------------------------------------------------
                           READ GEOMETRY
 Cell length (Bohr)    1.501E+01   7.503E+00   7.503E+00
 Angle     (Degree)    9.000E+01   9.000E+01   9.000E+01
 Volume    (Bohr^3)    8.447E+02

 ------------------------------------------------------------------------------
                           READ PSEUDOPOTENTIAL
 Total electron number in ReadPseudo is    24.000000000000000     
 (System) Machine Precision              :    2.2204460492503131E-016

 ------------------------------------------------------------------------------
                           SETUP FFT
 Global FFT Dimension :    40   20   20
 Rank/Size in Global Communicator     :            0 /           1
 Rank/Size in Global FFT Communicator :            0 /           1
 Parallel FFT, totX    =    40
 Parallel FFT, totY    =    20
 Parallel FFT, locZ    =    20
 Parallel FFT, locZoff =     0
 Dimension of rho for this processor : 
 xmin, xmax :            0          39
 ymin, ymax :            0          19
 zmin, zmax :            0          19
 Total electron number =    24.000000000000000     
 Uniform rhoR =    2.8413447255475455E-002
 (GB INFO) FFT size      :       40      20      20
 (GB INFO) FFT offset    :        0
 (GB INFO) FFT G size    :       21      20      20
 (GB INFO) FFT G offset  :        0

 ------------------------------------------------------------------------------
                           SETUP KEDF
 kinetic energy density functional number is            4
 ( 1=TF, 2=VW, 3=TF+VW, 4=WT,  5=WGC,  
   7=LQ, 8=HQ, 10=CAT,  11=HC, 12=WGCD,
   15=GGA, 16=WGCD+GGA, 17=EVT, 18=EVC )
 qTable dimension:    21   20   20
 Coefficient for TF KEDF is     1.0000
 Coefficient for VW KEDF is     1.0000
 Coefficient for alpha in WT KEDF is     0.8333
 Coefficient for beta  in WT KEDF is     0.8333
 rho0 (Electron/Bohr^3) in WGC KEDF is     0.0284
 hold0 =  F
  dV of each real space grid is now    5.2791904710222735E-002
 Cell length (Bohr)    1.501E+01   7.503E+00   7.503E+00
 Angle     (Degree)    9.000E+01   9.000E+01   9.000E+01
 Volume    (Bohr^3)    8.447E+02

 ------------------------------------------------------------------------------
                           SETUP EWALD 
 (Ewald) eta                             :   0.7290    
 (Ewald) Real Space Cutoff               :    6.931     (Bohr)
 (Ewald) Reciprocal Cutoff               :    7.956     (1/Bohr)

 ------------------------------------------------------------------------------
                           SETUP PLANE WAVE 
 Read in WT kernel.
 kernel file name  : 4PROFESS_KERNEL.dat           
 KEDF type         :     4
 Fermi vector      :   1.182014212099E+00
 Reference density :  -1.000000000000E+00
 Mesh points       :   200002
 Fermi vector in this cell is    1.8880419442170269     
 Fermi vector from kernel file is    1.1820142120987149     
 First qNorm is    0.0000000000000000     
 size of Wang-Teter kernel in this run is           21          20          20
 Max |G| in this calculation is   1.450512212167E+01
 Max eta used from kernel is   7.682627055030E+00

 ------------------------------------------------------------------------------
                           REFRESH ION POSITIONS
  
 Calculating Ion-Ion Energy ...                   complete.     0.001 s
  
 Calculating Ion-Electron Potential (spline) ... 
 complete.     0.001 s

 ------------------------------------------------------------------------------
                           DENSITY OPTIMIZATION
 Electron number for spin            1  is    24.000000000009319     
 Cell Volume      :           125.167249 Angstrom^3
 Ion number       :                    8
 Electron number  :            24.000000
 Ion density      :             0.063914 Ion/Angstrom^3
 Electron density :             0.191743 Electron/Angstrom^3
##############################################################################
#                               FINAL ENERGIES                       time    #
##############################################################################
# Thomas-Fermi Kin. Energy =   1.776346434892E+02 eV                 0.000 s #
# Von-Weizsacker Kin. Ener =   1.474070663627E+01 eV                 0.000 s #
# Wang-Teter Kinetic Energ =  -5.730839879267E+00 eV                 0.000 s #
#                                                                            #
#     LDA Exch-Corr Energy =  -1.775721724006E+02 eV                 0.000 s #
#         Coulombic Energy =   9.047636303269E-01 eV                 0.000 s #
#      Ion-Electron Energy =   1.250606818406E+02 eV                 0.000 s #
#           Ion-Ion Energy =  -5.986325009859E+02 eV                 0.000 s #
#                                                                            #
#     TOTAL KINETIC ENERGY =   1.866445102462E+02 eV                         #
#   TOTAL POTENTIAL ENERGY =  -6.502392279155E+02 eV                         #
#             TOTAL ENERGY =  -4.635947176694E+02 eV                         #
##############################################################################
  
 ----------------------------- TIME INFORMATION ------------------------------
    PROFESS      :      0.84s WALL    100.00% (       1 calls)     0.84s/call
    InitPROFESS  :      0.22s WALL     26.09% (       1 calls)     0.22s/call
    KEDFRefresh  :      0.19s WALL     22.64% (       1 calls)     0.19s/call
    IonRefresh   :      0.00s WALL      0.30% (       1 calls)     0.00s/call
    EwaldEnergy  :      0.00s WALL      0.15% (       1 calls)     0.00s/call
    Pot_Ion      :      0.00s WALL      0.10% (      62 calls)     0.00s/call
    Pot_Har      :      0.02s WALL      1.86% (      62 calls)     0.00s/call
    Pot_Exc      :      0.10s WALL     11.36% (      62 calls)     0.00s/call
    Pot_KEDF     :      0.38s WALL     44.96% (      62 calls)     0.01s/call
    VWPotSqrPlus :      0.01s WALL      1.73% (      62 calls)     0.00s/call
    NextGradient :      0.00s WALL      0.14% (       8 calls)     0.00s/call
 -----------------------------------------------------------------------------
 ------------------------------- TOTAL ---------------------------------------
    PROFESS      :      0.84s WALL    100.00% (       1 calls)     0.84s/call
 -----------------------------------------------------------------------------

Run completed on: 10/12/2021 at 22:21:24 
  
