 ******************************************************************************
                             WELCOME TO PROFESS                   
            (PRinceton Orbital-Free Electronic Structure Software) 
 ******************************************************************************

 ------------------------------------------------------------------------------
                           READ GEOMETRY
 Cell length (Bohr)    3.029E+01   3.029E+01   3.029E+01
 Angle     (Degree)    9.000E+01   9.000E+01   9.000E+01
 Volume    (Bohr^3)    2.780E+04

 ------------------------------------------------------------------------------
                           READ PSEUDOPOTENTIAL
 Total electron number in ReadPseudo is    765.00000000000000     
 (System) Machine Precision              :    2.2204460492503131E-016

 ------------------------------------------------------------------------------
                           SETUP FFT
 Global FFT Dimension :    75   75   75
 Rank/Size in Global Communicator     :            0 /           1
 Rank/Size in Global FFT Communicator :            0 /           1
 Parallel FFT, totX    =    75
 Parallel FFT, totY    =    75
 Parallel FFT, locZ    =    75
 Parallel FFT, locZoff =     0
 Dimension of rho for this processor : 
 xmin, xmax :            0          74
 ymin, ymax :            0          74
 zmin, zmax :            0          74
 Total electron number =    765.00000000000000     
 Uniform rhoR =    2.7521141185494841E-002
 (GB INFO) FFT size      :       75      75      75
 (GB INFO) FFT offset    :        0
 (GB INFO) FFT G size    :       38      75      75
 (GB INFO) FFT G offset  :        0

 ------------------------------------------------------------------------------
                           SETUP KEDF
 kinetic energy density functional number is            4
 ( 1=TF, 2=VW, 3=TF+VW, 4=WT,  5=WGC,  
   7=LQ, 8=HQ, 10=CAT,  11=HC, 12=WGCD,
   15=GGA, 16=WGCD+GGA, 17=EVT, 18=EVC )
 qTable dimension:    38   75   75
 Coefficient for TF KEDF is     1.0000
 Coefficient for VW KEDF is     1.0000
 Coefficient for alpha in WT KEDF is     0.8333
 Coefficient for beta  in WT KEDF is     0.8333
 rho0 (Electron/Bohr^3) in WGC KEDF is     0.0275
 hold0 =  F
  dV of each real space grid is now    6.5888740627116874E-002
 Cell length (Bohr)    3.029E+01   3.029E+01   3.029E+01
 Angle     (Degree)    9.000E+01   9.000E+01   9.000E+01
 Volume    (Bohr^3)    2.780E+04

 ------------------------------------------------------------------------------
                           SETUP EWALD 
 (Ewald) eta                             :   0.6338    
 (Ewald) Real Space Cutoff               :    8.524     (Bohr)
 (Ewald) Reciprocal Cutoff               :    7.674     (1/Bohr)

 ------------------------------------------------------------------------------
                           SETUP PLANE WAVE 
 Read in WT kernel.
 kernel file name  : 11PROFESS_KERNEL.dat          
 KEDF type         :     4
 Fermi vector      :   1.182014212099E+00
 Reference density :  -1.000000000000E+00
 Mesh points       :   200002
 Fermi vector in this cell is    1.8680671143025429     
 Fermi vector from kernel file is    1.1820142120987149     
 First qNorm is    0.0000000000000000     
 size of Wang-Teter kernel in this run is           38          75          75
 Max |G| in this calculation is   1.329261891465E+01
 Max eta used from kernel is   7.115707360230E+00

 ------------------------------------------------------------------------------
                           REFRESH ION POSITIONS
  
 Calculating Ion-Ion Energy ...                   complete.     0.051 s
  
 Calculating Ion-Electron Potential (spline) ... 
 complete.     0.037 s

 ------------------------------------------------------------------------------
                           DENSITY OPTIMIZATION
 Electron number for spin            1  is    765.00000000477257     
 Cell Volume      :          4119.062579 Angstrom^3
 Ion number       :                  255
 Electron number  :           765.000000
 Ion density      :             0.061907 Ion/Angstrom^3
 Electron density :             0.185722 Electron/Angstrom^3
##############################################################################
#                               FINAL ENERGIES                       time    #
##############################################################################
# Thomas-Fermi Kin. Energy =   5.536844990459E+03 eV                 0.000 s #
# Von-Weizsacker Kin. Ener =   4.384351063396E+02 eV                 0.000 s #
# Wang-Teter Kinetic Energ =  -1.380411995019E+02 eV                 0.000 s #
#                                                                            #
#     LDA Exch-Corr Energy =  -5.603263223266E+03 eV                 0.000 s #
#         Coulombic Energy =   5.220296675800E+01 eV                 0.000 s #
#      Ion-Electron Energy =   3.799657925930E+03 eV                 0.000 s #
#           Ion-Ion Energy =  -1.884151846032E+04 eV                 0.000 s #
#                                                                            #
#     TOTAL KINETIC ENERGY =   5.837238897297E+03 eV                         #
#   TOTAL POTENTIAL ENERGY =  -2.059292079089E+04 eV                         #
#             TOTAL ENERGY =  -1.475568189360E+04 eV                         #
##############################################################################
  
 ----------------------------- TIME INFORMATION ------------------------------
    PROFESS      :     18.67s WALL    100.00% (       1 calls)    18.67s/call
    InitPROFESS  :      0.36s WALL      1.93% (       1 calls)     0.36s/call
    KEDFRefresh  :      0.24s WALL      1.26% (       1 calls)     0.24s/call
    IonRefresh   :      0.10s WALL      0.52% (       1 calls)     0.10s/call
    EwaldEnergy  :      0.05s WALL      0.27% (       1 calls)     0.05s/call
    Pot_Ion      :      0.04s WALL      0.21% (      72 calls)     0.00s/call
    Pot_Har      :      1.05s WALL      5.61% (      72 calls)     0.01s/call
    Pot_Exc      :      2.76s WALL     14.78% (      72 calls)     0.04s/call
    Pot_KEDF     :     13.51s WALL     72.35% (      72 calls)     0.19s/call
    VWPotSqrPlus :      0.95s WALL      5.08% (      72 calls)     0.01s/call
    NextGradient :      0.07s WALL      0.35% (       9 calls)     0.01s/call
 -----------------------------------------------------------------------------
 ------------------------------- TOTAL ---------------------------------------
    PROFESS      :     18.67s WALL    100.00% (       1 calls)    18.67s/call
 -----------------------------------------------------------------------------

Run completed on: 08/13/2021 at 20:09:22 
  
