 ******************************************************************************
                             WELCOME TO PROFESS                   
            (PRinceton Orbital-Free Electronic Structure Software) 
 ******************************************************************************

 ------------------------------------------------------------------------------
                           READ GEOMETRY
 Cell length (Bohr)    3.029E+01   3.029E+01   3.029E+01
 Angle     (Degree)    9.000E+01   9.000E+01   9.000E+01
 Volume    (Bohr^3)    2.780E+04

 ------------------------------------------------------------------------------
                           READ PSEUDOPOTENTIAL
 Total electron number in ReadPseudo is    768.00000000000000     
 (System) Machine Precision              :    2.2204460492503131E-016

 ------------------------------------------------------------------------------
                           SETUP FFT
 Global FFT Dimension :    75   75   75
 Rank/Size in Global Communicator     :            0 /           1
 Rank/Size in Global FFT Communicator :            0 /           1
 Parallel FFT, totX    =    75
 Parallel FFT, totY    =    75
 Parallel FFT, locZ    =    75
 Parallel FFT, locZoff =     0
 Dimension of rho for this processor : 
 xmin, xmax :            0          74
 ymin, ymax :            0          74
 zmin, zmax :            0          74
 Total electron number =    768.00000000000000     
 Uniform rhoR =    2.7629067229359525E-002
 (GB INFO) FFT size      :       75      75      75
 (GB INFO) FFT offset    :        0
 (GB INFO) FFT G size    :       38      75      75
 (GB INFO) FFT G offset  :        0

 ------------------------------------------------------------------------------
                           SETUP KEDF
 kinetic energy density functional number is            4
 ( 1=TF, 2=VW, 3=TF+VW, 4=WT,  5=WGC,  
   7=LQ, 8=HQ, 10=CAT,  11=HC, 12=WGCD,
   15=GGA, 16=WGCD+GGA, 17=EVT, 18=EVC )
 qTable dimension:    38   75   75
 Coefficient for TF KEDF is     1.0000
 Coefficient for VW KEDF is     1.0000
 Coefficient for alpha in WT KEDF is     0.8333
 Coefficient for beta  in WT KEDF is     0.8333
 rho0 (Electron/Bohr^3) in WGC KEDF is     0.0276
 hold0 =  F
  dV of each real space grid is now    6.5888740627116874E-002
 Cell length (Bohr)    3.029E+01   3.029E+01   3.029E+01
 Angle     (Degree)    9.000E+01   9.000E+01   9.000E+01
 Volume    (Bohr^3)    2.780E+04

 ------------------------------------------------------------------------------
                           SETUP EWALD 
 (Ewald) eta                             :   0.6338    
 (Ewald) Real Space Cutoff               :    8.524     (Bohr)
 (Ewald) Reciprocal Cutoff               :    7.674     (1/Bohr)

 ------------------------------------------------------------------------------
                           SETUP PLANE WAVE 
 Read in WT kernel.
 kernel file name  : 11PROFESS_KERNEL.dat          
 KEDF type         :     4
 Fermi vector      :   1.182014212099E+00
 Reference density :  -1.000000000000E+00
 Mesh points       :   200002
 Fermi vector in this cell is    1.8705058469858364     
 Fermi vector from kernel file is    1.1820142120987149     
 First qNorm is    0.0000000000000000     
 size of Wang-Teter kernel in this run is           38          75          75
 Max |G| in this calculation is   1.329261891465E+01
 Max eta used from kernel is   7.106430025902E+00

 ------------------------------------------------------------------------------
                           REFRESH ION POSITIONS
  
 Calculating Ion-Ion Energy ...                   complete.     0.047 s
  
 Calculating Ion-Electron Potential (spline) ... 
 complete.     0.035 s

 ------------------------------------------------------------------------------
                           DENSITY OPTIMIZATION
 Electron number for spin            1  is    768.00000000367640     
 Cell Volume      :          4119.062579 Angstrom^3
 Ion number       :                  256
 Electron number  :           768.000000
 Ion density      :             0.062150 Ion/Angstrom^3
 Electron density :             0.186450 Electron/Angstrom^3
##############################################################################
#                               FINAL ENERGIES                       time    #
##############################################################################
# Thomas-Fermi Kin. Energy =   5.566895633780E+03 eV                 0.000 s #
# Von-Weizsacker Kin. Ener =   4.367120881528E+02 eV                 0.000 s #
# Wang-Teter Kinetic Energ =  -1.365036896314E+02 eV                 0.000 s #
#                                                                            #
#     LDA Exch-Corr Energy =  -5.629473264757E+03 eV                 0.000 s #
#         Coulombic Energy =   2.278741056663E+01 eV                 0.000 s #
#      Ion-Electron Energy =   3.902643526007E+03 eV                 0.000 s #
#           Ion-Ion Energy =  -1.897831727884E+04 eV                 0.000 s #
#                                                                            #
#     TOTAL KINETIC ENERGY =   5.867104032302E+03 eV                         #
#   TOTAL POTENTIAL ENERGY =  -2.068235960702E+04 eV                         #
#             TOTAL ENERGY =  -1.481525557472E+04 eV                         #
##############################################################################
  
 ----------------------------- TIME INFORMATION ------------------------------
    PROFESS      :     13.65s WALL    100.00% (       1 calls)    13.65s/call
    InitPROFESS  :      0.34s WALL      2.52% (       1 calls)     0.34s/call
    KEDFRefresh  :      0.22s WALL      1.63% (       1 calls)     0.22s/call
    IonRefresh   :      0.09s WALL      0.68% (       1 calls)     0.09s/call
    EwaldEnergy  :      0.05s WALL      0.34% (       1 calls)     0.05s/call
    Pot_Ion      :      0.03s WALL      0.19% (      55 calls)     0.00s/call
    Pot_Har      :      0.76s WALL      5.56% (      55 calls)     0.01s/call
    Pot_Exc      :      2.05s WALL     15.01% (      55 calls)     0.04s/call
    Pot_KEDF     :      9.74s WALL     71.34% (      55 calls)     0.18s/call
    VWPotSqrPlus :      0.67s WALL      4.94% (      55 calls)     0.01s/call
    NextGradient :      0.05s WALL      0.36% (       8 calls)     0.01s/call
 -----------------------------------------------------------------------------
 ------------------------------- TOTAL ---------------------------------------
    PROFESS      :     13.65s WALL    100.00% (       1 calls)    13.65s/call
 -----------------------------------------------------------------------------

Run completed on: 10/12/2021 at 22:22:30 
  
