 ******************************************************************************
                             WELCOME TO PROFESS                   
            (PRinceton Orbital-Free Electronic Structure Software) 
 ******************************************************************************

 ------------------------------------------------------------------------------
                           READ GEOMETRY
 Cell length (Bohr)    3.024E+01   3.024E+01   3.024E+01
 Angle     (Degree)    9.000E+01   9.000E+01   9.000E+01
 Volume    (Bohr^3)    2.766E+04

 ------------------------------------------------------------------------------
                           READ PSEUDOPOTENTIAL
 Total electron number in ReadPseudo is    864.00000000000000     
 (System) Machine Precision              :    2.2204460492503131E-016

 ------------------------------------------------------------------------------
                           SETUP FFT
 Global FFT Dimension :    84   84   84
 Rank/Size in Global Communicator     :            0 /           1
 Rank/Size in Global FFT Communicator :            0 /           1
 Parallel FFT, totX    =    84
 Parallel FFT, totY    =    84
 Parallel FFT, locZ    =    84
 Parallel FFT, locZoff =     0
 Dimension of rho for this processor : 
 xmin, xmax :            0          83
 ymin, ymax :            0          83
 zmin, zmax :            0          83
 Total electron number =    864.00000000000000     
 Uniform rhoR =    3.1239076035375415E-002
 (GB INFO) FFT size      :       84      84      84
 (GB INFO) FFT offset    :        0
 (GB INFO) FFT G size    :       43      84      84
 (GB INFO) FFT G offset  :        0

 ------------------------------------------------------------------------------
                           SETUP KEDF
 kinetic energy density functional number is           11
 ( 1=TF, 2=VW, 3=TF+VW, 4=WT,  5=WGC,  
   7=LQ, 8=HQ, 10=CAT,  11=HC, 12=WGCD,
   15=GGA, 16=WGCD+GGA, 17=EVT, 18=EVC )
 qTable dimension:    43   84   84
 rhoS=   3.1239076035375415E-002
 rho0=   3.1239076035375415E-002
 coefficients for TF KEDF is     1.000000
 coefficients for VW KEDF is     1.000000
 Lambda in HC10 is set to     0.010000
 ALPHA  in HC10 is set to     2.016667
 BETA   in HC10 is set to     0.650000
 Sum of alpha and beta is     2.666667
  dV of each real space grid is now    4.6663542349047828E-002
 Cell length (Bohr)    3.024E+01   3.024E+01   3.024E+01
 Angle     (Degree)    9.000E+01   9.000E+01   9.000E+01
 Volume    (Bohr^3)    2.766E+04

 ------------------------------------------------------------------------------
                           SETUP EWALD 
 (Ewald) eta                             :   0.7079    
 (Ewald) Real Space Cutoff               :    7.635     (Bohr)
 (Ewald) Reciprocal Cutoff               :    8.622     (1/Bohr)

 ------------------------------------------------------------------------------
                           SETUP PLANE WAVE 

 ------------------------------------------------------------------------------
                           REFRESH ION POSITIONS
  
 Calculating Ion-Ion Energy ...                   complete.     0.068 s
  
 Calculating Ion-Electron Potential (spline) ... 
 complete.     0.057 s

 ------------------------------------------------------------------------------
                           DENSITY OPTIMIZATION
 Electron number for spin            1  is    863.99999999685963     
 Cell Volume      :          4098.443530 Angstrom^3
 Ion number       :                  216
 Electron number  :           864.000000
 Ion density      :             0.052703 Ion/Angstrom^3
 Electron density :             0.210812 Electron/Angstrom^3
##############################################################################
#                               FINAL ENERGIES                       time    #
##############################################################################
# Thomas-Fermi Kin. Energy =   8.194371361417E+03 eV                 0.000 s #
# Von-Weizsacker Kin. Ener =   2.256825729015E+03 eV                 0.000 s #
#                                                                            #
#     LDA Exch-Corr Energy =  -7.072005727721E+03 eV                 0.000 s #
#         Coulombic Energy =   1.397211511178E+03 eV                 0.000 s #
#      Ion-Electron Energy =  -1.606086388617E+03 eV                 0.000 s #
#           Ion-Ion Energy =  -2.512702784814E+04 eV                 0.000 s #
#                                                                            #
#     TOTAL KINETIC ENERGY =   8.735386269263E+03 eV                         #
#   TOTAL POTENTIAL ENERGY =  -3.240790845330E+04 eV                         #
#             TOTAL ENERGY =  -2.367252218404E+04 eV                         #
##############################################################################
  
 ----------------------------- TIME INFORMATION ------------------------------
    PROFESS      :   2121.45s WALL    100.00% (       1 calls)  2121.45s/call
    InitPROFESS  :      0.18s WALL      0.01% (       1 calls)     0.18s/call
    KEDFRefresh  :      0.01s WALL      0.00% (       1 calls)     0.01s/call
    IonRefresh   :      0.14s WALL      0.01% (       1 calls)     0.14s/call
    EwaldEnergy  :      0.07s WALL      0.00% (       1 calls)     0.07s/call
    Pot_Ion      :      1.87s WALL      0.09% (     697 calls)     0.00s/call
    Pot_Har      :     28.42s WALL      1.34% (     697 calls)     0.04s/call
    Pot_Exc      :     48.01s WALL      2.26% (     697 calls)     0.07s/call
    Pot_KEDF     :   2014.40s WALL     94.95% (     697 calls)     2.89s/call
    intPot       :   1933.03s WALL     91.12% (     697 calls)     2.77s/call
    MakeXiG      :     35.36s WALL      1.67% (     697 calls)     0.05s/call
    VWPotSqrPlus :     27.87s WALL      1.31% (     697 calls)     0.04s/call
    intPot1      :    501.47s WALL     23.64% (    6439 calls)     0.08s/call
    MakeHC10Kern :     30.52s WALL      1.44% (    7135 calls)     0.00s/call
    intPot2      :    283.59s WALL     13.37% (    6439 calls)     0.04s/call
    intPot3      :    600.04s WALL     28.28% (    6439 calls)     0.09s/call
    intPot4      :    169.94s WALL      8.01% (    6439 calls)     0.03s/call
    NextGradient :      1.52s WALL      0.07% (      64 calls)     0.02s/call
 -----------------------------------------------------------------------------
 ------------------------------- TOTAL ---------------------------------------
    PROFESS      :   2121.45s WALL    100.00% (       1 calls)  2121.45s/call
 -----------------------------------------------------------------------------

Run completed on: 02/08/2023 at 19:48:09 
  
