 ******************************************************************************
                             WELCOME TO PROFESS                   
            (PRinceton Orbital-Free Electronic Structure Software) 
 ******************************************************************************

 ------------------------------------------------------------------------------
                           READ GEOMETRY
 Cell length (Bohr)    5.526E+00   5.526E+00   5.526E+00
 Angle     (Degree)    9.000E+01   9.000E+01   9.000E+01
 Volume    (Bohr^3)    1.687E+02

 ------------------------------------------------------------------------------
                           READ PSEUDOPOTENTIAL
 Total electron number in ReadPseudo is    2.0000000000000000     
 (System) Machine Precision              :    2.2204460492503131E-016

 ------------------------------------------------------------------------------
                           SETUP FFT
 Global FFT Dimension :    14   14   14
 Rank/Size in Global Communicator     :            0 /           1
 Rank/Size in Global FFT Communicator :            0 /           1
 Parallel FFT, totX    =    14
 Parallel FFT, totY    =    14
 Parallel FFT, locZ    =    14
 Parallel FFT, locZoff =     0
 Dimension of rho for this processor : 
 xmin, xmax :            0          13
 ymin, ymax :            0          13
 zmin, zmax :            0          13
 Total electron number =    2.0000000000000000     
 Uniform rhoR =    1.1855219177365234E-002
 (GB INFO) FFT size      :       14      14      14
 (GB INFO) FFT offset    :        0
 (GB INFO) FFT G size    :        8      14      14
 (GB INFO) FFT G offset  :        0

 ------------------------------------------------------------------------------
                           SETUP KEDF
 kinetic energy density functional number is            4
 ( 1=TF, 2=VW, 3=TF+VW, 4=WT,  5=WGC,  
   7=LQ, 8=HQ, 10=CAT,  11=HC, 12=WGCD,
   15=GGA, 16=WGCD+GGA, 17=EVT, 18=EVC )
 qTable dimension:     8   14   14
 Coefficient for TF KEDF is     1.0000
 Coefficient for VW KEDF is     1.0000
 Coefficient for alpha in WT KEDF is     0.8333
 Coefficient for beta  in WT KEDF is     0.8333
 rho0 (Electron/Bohr^3) in WGC KEDF is     0.0119
 hold0 =  F
  dV of each real space grid is now    6.1480345732664830E-002
 Cell length (Bohr)    5.526E+00   5.526E+00   5.526E+00
 Angle     (Degree)    9.000E+01   9.000E+01   9.000E+01
 Volume    (Bohr^3)    1.687E+02

 ------------------------------------------------------------------------------
                           SETUP EWALD 
 (Ewald) eta                             :   0.7396    
 (Ewald) Real Space Cutoff               :    6.370     (Bohr)
 (Ewald) Reciprocal Cutoff               :    7.391     (1/Bohr)

 ------------------------------------------------------------------------------
                           SETUP PLANE WAVE 
 Read in WT kernel.
 kernel file name  : 4PROFESS_KERNEL.dat           
 KEDF type         :     4
 Fermi vector      :   1.182014212099E+00
 Reference density :  -1.000000000000E+00
 Mesh points       :   200002
 Fermi vector in this cell is    1.4108262281684538     
 Fermi vector from kernel file is    1.1820142120987149     
 First qNorm is    0.0000000000000000     
 size of Wang-Teter kernel in this run is            8          14          14
 Max |G| in this calculation is   1.378685050291E+01
 Max eta used from kernel is   9.772181880121E+00

 ------------------------------------------------------------------------------
                           REFRESH ION POSITIONS
  
 Calculating Ion-Ion Energy ...                   complete.     0.000 s
  
 Calculating Ion-Electron Potential (spline) ... 
 complete.     0.000 s

 ------------------------------------------------------------------------------
                           DENSITY OPTIMIZATION
 Electron number for spin            1  is    2.0000000000000902     
 Cell Volume      :            24.999067 Angstrom^3
 Ion number       :                    1
 Electron number  :             2.000000
 Ion density      :             0.040001 Ion/Angstrom^3
 Electron density :             0.080003 Electron/Angstrom^3
  
 Calculating Ion-Ion Forces ...                complete.     0.000 s
  
 Calculating Ion-Electron Forces (spline) ...  complete.     0.000 s
  
 Calculating Ion-Electron Stress (spline) ...  complete.     0.000 s
  
 Calculating Ion-Ion Stress ...                complete.     0.000 s
  
 ------------------------------------------------------------------------------
                         LATTICE VECTORS (Angstrom)
 LAT 1           2.923981        0.000000        0.000000
 LAT 2           0.000000        2.923981        0.000000
 LAT 3           0.000000        0.000000        2.923981
 ------------------------------------------------------------------------------
                                STRESS (GPa)
 ST_GPa 1        0.080333       -0.000000       -0.000000
 ST_GPa 2       -0.000000        0.080333        0.000000
 ST_GPa 3       -0.000000        0.000000        0.080333
  
 --------------------------------------------------
 STRESS (a.u.)
 --------------------------------------------------
 ST_AU  1   2.7304592247E-06  -3.3341785851E-12  -9.9928295913E-12
 ST_AU  2  -3.3341785851E-12   2.7304578079E-06   3.8563831509E-12
 ST_AU  3  -9.9928295913E-12   3.8563831509E-12   2.7304577747E-06
; Cell optimization at step  1, max(stress):  0.2730E-05, total energy: -0.89356188    ;
  dV of each real space grid is now    6.1446959364000069E-002
 Cell length (Bohr)    5.525E+00   5.525E+00   5.525E+00
 Angle     (Degree)    9.000E+01   9.000E+01   9.000E+01
 Volume    (Bohr^3)    1.686E+02
  dV of each real space grid is now    6.1446959364000069E-002
 Cell length (Bohr)    5.525E+00   5.525E+00   5.525E+00
 Angle     (Degree)    9.000E+01   9.000E+01   9.000E+01
 Volume    (Bohr^3)    1.686E+02

 ------------------------------------------------------------------------------
                           SETUP EWALD 
 (Ewald) eta                             :   0.7396    
 (Ewald) Real Space Cutoff               :    6.370     (Bohr)
 (Ewald) Reciprocal Cutoff               :    7.393     (1/Bohr)

 ------------------------------------------------------------------------------
                           SETUP PLANE WAVE 
 Read in WT kernel.
 kernel file name  : 4PROFESS_KERNEL.dat           
 KEDF type         :     4
 Fermi vector      :   1.182014212099E+00
 Reference density :  -1.000000000000E+00
 Mesh points       :   200002
 Fermi vector in this cell is    1.4110816996451423     
 Fermi vector from kernel file is    1.1820142120987149     
 First qNorm is    0.0000000000000000     
 size of Wang-Teter kernel in this run is            8          14          14
 Max |G| in this calculation is   1.378934701087E+01
 Max eta used from kernel is   9.772181876029E+00

 ------------------------------------------------------------------------------
                           REFRESH ION POSITIONS
  
 Calculating Ion-Ion Energy ...                   complete.     0.000 s
  
 Calculating Ion-Electron Potential (spline) ... 
 complete.     0.000 s
 Rescale the total density from   0.122827 to          2

 ------------------------------------------------------------------------------
                           DENSITY OPTIMIZATION
 Electron number for spin            1  is    1.9999999999999956     
 Cell Volume      :            24.985492 Angstrom^3
 Ion number       :                    1
 Electron number  :             2.000000
 Ion density      :             0.040023 Ion/Angstrom^3
 Electron density :             0.080046 Electron/Angstrom^3
  
 Calculating Ion-Ion Forces ...                complete.     0.000 s
  
 Calculating Ion-Electron Forces (spline) ...  complete.     0.000 s
  
 Calculating Ion-Electron Stress (spline) ...  complete.     0.000 s
  
 Calculating Ion-Ion Stress ...                complete.     0.000 s
  
 ------------------------------------------------------------------------------
                         LATTICE VECTORS (Angstrom)
 LAT 1           2.923452        0.000000        0.000000
 LAT 2           0.000000        2.923452       -0.000000
 LAT 3           0.000000       -0.000000        2.923452
 ------------------------------------------------------------------------------
                                STRESS (GPa)
 ST_GPa 1        0.060223       -0.000000       -0.000000
 ST_GPa 2       -0.000000        0.060223        0.000000
 ST_GPa 3       -0.000000        0.000000        0.060223
  
 --------------------------------------------------
 STRESS (a.u.)
 --------------------------------------------------
 ST_AU  1   2.0469409520E-06  -3.3630990804E-12  -9.6195453698E-12
 ST_AU  2  -3.3630990804E-12   2.0469404418E-06   3.2272925414E-12
 ST_AU  3  -9.6195453698E-12   3.2272925414E-12   2.0469404445E-06
; Cell optimization at step  2, max(stress):  0.2047E-05, total energy: -0.89356209    ;
  dV of each real space grid is now    6.1416946081307079E-002
 Cell length (Bohr)    5.524E+00   5.524E+00   5.524E+00
 Angle     (Degree)    9.000E+01   9.000E+01   9.000E+01
 Volume    (Bohr^3)    1.685E+02
  dV of each real space grid is now    6.1416946081307079E-002
 Cell length (Bohr)    5.524E+00   5.524E+00   5.524E+00
 Angle     (Degree)    9.000E+01   9.000E+01   9.000E+01
 Volume    (Bohr^3)    1.685E+02

 ------------------------------------------------------------------------------
                           SETUP EWALD 
 (Ewald) eta                             :   0.7396    
 (Ewald) Real Space Cutoff               :    6.370     (Bohr)
 (Ewald) Reciprocal Cutoff               :    7.394     (1/Bohr)

 ------------------------------------------------------------------------------
                           SETUP PLANE WAVE 
 Read in WT kernel.
 kernel file name  : 4PROFESS_KERNEL.dat           
 KEDF type         :     4
 Fermi vector      :   1.182014212099E+00
 Reference density :  -1.000000000000E+00
 Mesh points       :   200002
 Fermi vector in this cell is    1.4113115183938207     
 Fermi vector from kernel file is    1.1820142120987149     
 First qNorm is    0.0000000000000000     
 size of Wang-Teter kernel in this run is            8          14          14
 Max |G| in this calculation is   1.379159283434E+01
 Max eta used from kernel is   9.772181870971E+00

 ------------------------------------------------------------------------------
                           REFRESH ION POSITIONS
  
 Calculating Ion-Ion Energy ...                   complete.     0.000 s
  
 Calculating Ion-Electron Potential (spline) ... 
 complete.     0.000 s
 Rescale the total density from   0.122774 to          2

 ------------------------------------------------------------------------------
                           DENSITY OPTIMIZATION
 Electron number for spin            1  is    1.9999999999999998     
 Cell Volume      :            24.973288 Angstrom^3
 Ion number       :                    1
 Electron number  :             2.000000
 Ion density      :             0.040043 Ion/Angstrom^3
 Electron density :             0.080086 Electron/Angstrom^3
  
 Calculating Ion-Ion Forces ...                complete.     0.000 s
  
 Calculating Ion-Electron Forces (spline) ...  complete.     0.000 s
  
 Calculating Ion-Electron Stress (spline) ...  complete.     0.000 s
  
 Calculating Ion-Ion Stress ...                complete.     0.000 s
  
 ------------------------------------------------------------------------------
                         LATTICE VECTORS (Angstrom)
 LAT 1           2.922976        0.000000        0.000000
 LAT 2           0.000000        2.922976       -0.000000
 LAT 3           0.000000       -0.000000        2.922976
 ------------------------------------------------------------------------------
                                STRESS (GPa)
 ST_GPa 1        0.046344       -0.000000       -0.000000
 ST_GPa 2       -0.000000        0.046344        0.000000
 ST_GPa 3       -0.000000        0.000000        0.046344
  
 --------------------------------------------------
 STRESS (a.u.)
 --------------------------------------------------
 ST_AU  1   1.5752165134E-06  -3.6644673302E-12  -1.0390077402E-11
 ST_AU  2  -3.6644673302E-12   1.5752160882E-06   3.4193760572E-12
 ST_AU  3  -1.0390077402E-11   3.4193760572E-12   1.5752160928E-06
; Cell optimization at step  3, max(stress):  0.1575E-05, total energy: -0.89356224    ;
  dV of each real space grid is now    6.1389247839748834E-002
 Cell length (Bohr)    5.523E+00   5.523E+00   5.523E+00
 Angle     (Degree)    9.000E+01   9.000E+01   9.000E+01
 Volume    (Bohr^3)    1.685E+02
  dV of each real space grid is now    6.1389247839748834E-002
 Cell length (Bohr)    5.523E+00   5.523E+00   5.523E+00
 Angle     (Degree)    9.000E+01   9.000E+01   9.000E+01
 Volume    (Bohr^3)    1.685E+02

 ------------------------------------------------------------------------------
                           SETUP EWALD 
 (Ewald) eta                             :   0.7396    
 (Ewald) Real Space Cutoff               :    6.370     (Bohr)
 (Ewald) Reciprocal Cutoff               :    7.395     (1/Bohr)

 ------------------------------------------------------------------------------
                           SETUP PLANE WAVE 
 Read in WT kernel.
 kernel file name  : 4PROFESS_KERNEL.dat           
 KEDF type         :     4
 Fermi vector      :   1.182014212099E+00
 Reference density :  -1.000000000000E+00
 Mesh points       :   200002
 Fermi vector in this cell is    1.4115237432326440     
 Fermi vector from kernel file is    1.1820142120987149     
 First qNorm is    0.0000000000000000     
 size of Wang-Teter kernel in this run is            8          14          14
 Max |G| in this calculation is   1.379366672472E+01
 Max eta used from kernel is   9.772181864354E+00

 ------------------------------------------------------------------------------
                           REFRESH ION POSITIONS
  
 Calculating Ion-Ion Energy ...                   complete.     0.000 s
  
 Calculating Ion-Electron Potential (spline) ... 
 complete.     0.000 s
 Rescale the total density from   0.122723 to          2

 ------------------------------------------------------------------------------
                           DENSITY OPTIMIZATION
 Electron number for spin            1  is    1.9999999999999978     
 Cell Volume      :            24.962025 Angstrom^3
 Ion number       :                    1
 Electron number  :             2.000000
 Ion density      :             0.040061 Ion/Angstrom^3
 Electron density :             0.080122 Electron/Angstrom^3
  
 Calculating Ion-Ion Forces ...                complete.     0.000 s
  
 Calculating Ion-Electron Forces (spline) ...  complete.     0.000 s
  
 Calculating Ion-Electron Stress (spline) ...  complete.     0.000 s
  
 Calculating Ion-Ion Stress ...                complete.     0.000 s
  
 ------------------------------------------------------------------------------
                         LATTICE VECTORS (Angstrom)
 LAT 1           2.922536        0.000000        0.000000
 LAT 2           0.000000        2.922536       -0.000000
 LAT 3           0.000000       -0.000000        2.922536
 ------------------------------------------------------------------------------
                                STRESS (GPa)
 ST_GPa 1        0.033516       -0.000000       -0.000000
 ST_GPa 2       -0.000000        0.033516        0.000000
 ST_GPa 3       -0.000000        0.000000        0.033516
  
 --------------------------------------------------
 STRESS (a.u.)
 --------------------------------------------------
 ST_AU  1   1.1391909307E-06  -4.0893918699E-12  -1.1475976014E-11
 ST_AU  2  -4.0893918699E-12   1.1391906054E-06   3.6878767587E-12
 ST_AU  3  -1.1475976014E-11   3.6878767587E-12   1.1391906091E-06
; Cell optimization at step  4, max(stress):  0.1139E-05, total energy: -0.89356234    ;
  dV of each real space grid is now    6.1365224292494226E-002
 Cell length (Bohr)    5.522E+00   5.522E+00   5.522E+00
 Angle     (Degree)    9.000E+01   9.000E+01   9.000E+01
 Volume    (Bohr^3)    1.684E+02
  dV of each real space grid is now    6.1365224292494226E-002
 Cell length (Bohr)    5.522E+00   5.522E+00   5.522E+00
 Angle     (Degree)    9.000E+01   9.000E+01   9.000E+01
 Volume    (Bohr^3)    1.684E+02

 ------------------------------------------------------------------------------
                           SETUP EWALD 
 (Ewald) eta                             :   0.7396    
 (Ewald) Real Space Cutoff               :    6.370     (Bohr)
 (Ewald) Reciprocal Cutoff               :    7.396     (1/Bohr)

 ------------------------------------------------------------------------------
                           SETUP PLANE WAVE 
 Read in WT kernel.
 kernel file name  : 4PROFESS_KERNEL.dat           
 KEDF type         :     4
 Fermi vector      :   1.182014212099E+00
 Reference density :  -1.000000000000E+00
 Mesh points       :   200002
 Fermi vector in this cell is    1.4117079158572454     
 Fermi vector from kernel file is    1.1820142120987149     
 First qNorm is    0.0000000000000000     
 size of Wang-Teter kernel in this run is            8          14          14
 Max |G| in this calculation is   1.379546648059E+01
 Max eta used from kernel is   9.772181855487E+00

 ------------------------------------------------------------------------------
                           REFRESH ION POSITIONS
  
 Calculating Ion-Ion Energy ...                   complete.     0.000 s
  
 Calculating Ion-Electron Potential (spline) ... 
 complete.     0.000 s
 Rescale the total density from   0.122682 to          2

 ------------------------------------------------------------------------------
                           DENSITY OPTIMIZATION
 Electron number for spin            1  is    2.0000000000000013     
 Cell Volume      :            24.952257 Angstrom^3
 Ion number       :                    1
 Electron number  :             2.000000
 Ion density      :             0.040077 Ion/Angstrom^3
 Electron density :             0.080153 Electron/Angstrom^3
  
 Calculating Ion-Ion Forces ...                complete.     0.000 s
  
 Calculating Ion-Electron Forces (spline) ...  complete.     0.000 s
  
 Calculating Ion-Electron Stress (spline) ...  complete.     0.000 s
  
 Calculating Ion-Ion Stress ...                complete.     0.000 s
  
 ------------------------------------------------------------------------------
                         LATTICE VECTORS (Angstrom)
 LAT 1           2.922155        0.000000        0.000000
 LAT 2           0.000000        2.922155       -0.000000
 LAT 3           0.000000       -0.000000        2.922155
 ------------------------------------------------------------------------------
                                STRESS (GPa)
 ST_GPa 1        0.022358       -0.000000       -0.000000
 ST_GPa 2       -0.000000        0.022358        0.000000
 ST_GPa 3       -0.000000        0.000000        0.022358
  
 --------------------------------------------------
 STRESS (a.u.)
 --------------------------------------------------
 ST_AU  1   7.5994765234E-07  -4.7532046572E-12  -1.3068131374E-11
 ST_AU  2  -4.7532046572E-12   7.5994742257E-07   3.9916716982E-12
 ST_AU  3  -1.3068131374E-11   3.9916716982E-12   7.5994742551E-07
; Cell optimization at step  5, max(stress):  0.7599E-06, total energy: -0.89356241    ;
  dV of each real space grid is now    6.1346002663289316E-002
 Cell length (Bohr)    5.521E+00   5.521E+00   5.521E+00
 Angle     (Degree)    9.000E+01   9.000E+01   9.000E+01
 Volume    (Bohr^3)    1.683E+02
  dV of each real space grid is now    6.1346002663289316E-002
 Cell length (Bohr)    5.521E+00   5.521E+00   5.521E+00
 Angle     (Degree)    9.000E+01   9.000E+01   9.000E+01
 Volume    (Bohr^3)    1.683E+02

 ------------------------------------------------------------------------------
                           SETUP EWALD 
 (Ewald) eta                             :   0.7396    
 (Ewald) Real Space Cutoff               :    6.370     (Bohr)
 (Ewald) Reciprocal Cutoff               :    7.397     (1/Bohr)

 ------------------------------------------------------------------------------
                           SETUP PLANE WAVE 
 Read in WT kernel.
 kernel file name  : 4PROFESS_KERNEL.dat           
 KEDF type         :     4
 Fermi vector      :   1.182014212099E+00
 Reference density :  -1.000000000000E+00
 Mesh points       :   200002
 Fermi vector in this cell is    1.4118553446018685     
 Fermi vector from kernel file is    1.1820142120987149     
 First qNorm is    0.0000000000000000     
 size of Wang-Teter kernel in this run is            8          14          14
 Max |G| in this calculation is   1.379690716360E+01
 Max eta used from kernel is   9.772181843101E+00

 ------------------------------------------------------------------------------
                           REFRESH ION POSITIONS
  
 Calculating Ion-Ion Energy ...                   complete.     0.000 s
  
 Calculating Ion-Electron Potential (spline) ... 
 complete.     0.000 s
 Rescale the total density from   0.122654 to          2

 ------------------------------------------------------------------------------
                           DENSITY OPTIMIZATION
 Electron number for spin            1  is    1.9999999999999927     
 Cell Volume      :            24.944441 Angstrom^3
 Ion number       :                    1
 Electron number  :             2.000000
 Ion density      :             0.040089 Ion/Angstrom^3
 Electron density :             0.080178 Electron/Angstrom^3
  
 Calculating Ion-Ion Forces ...                complete.     0.000 s
  
 Calculating Ion-Electron Forces (spline) ...  complete.     0.000 s
  
 Calculating Ion-Electron Stress (spline) ...  complete.     0.000 s
  
 Calculating Ion-Ion Stress ...                complete.     0.000 s
  
 ------------------------------------------------------------------------------
                         LATTICE VECTORS (Angstrom)
 LAT 1           2.921850        0.000000        0.000000
 LAT 2           0.000000        2.921850       -0.000000
 LAT 3           0.000000       -0.000000        2.921850
 ------------------------------------------------------------------------------
                                STRESS (GPa)
 ST_GPa 1        0.013434       -0.000000       -0.000000
 ST_GPa 2       -0.000000        0.013434        0.000000
 ST_GPa 3       -0.000000        0.000000        0.013434
  
 --------------------------------------------------
 STRESS (a.u.)
 --------------------------------------------------
 ST_AU  1   4.5662913888E-07  -5.3023233512E-12  -1.4663448478E-11
 ST_AU  2  -5.3023233512E-12   4.5662898356E-07   4.5432050392E-12
 ST_AU  3  -1.4663448478E-11   4.5432050392E-12   4.5662898538E-07
; Cell optimization at step  6, max(stress):  0.4566E-06, total energy: -0.89356244    ;
##############################################################################
#                               FINAL ENERGIES                       time    #
##############################################################################
# Thomas-Fermi Kin. Energy =   8.356214054103E+00 eV                 0.000 s #
# Von-Weizsacker Kin. Ener =   1.176608138882E+00 eV                 0.000 s #
# Wang-Teter Kinetic Energ =  -4.026087625163E-01 eV                 0.000 s #
#                                                                            #
#     LDA Exch-Corr Energy =  -1.140982332545E+01 eV                 0.000 s #
#         Coulombic Energy =   7.462385384448E-02 eV                 0.000 s #
#      Ion-Electron Energy =   5.855809274360E+00 eV                 0.000 s #
#           Ion-Ion Energy =  -2.796589339154E+01 eV                 0.000 s #
#                                                                            #
#     TOTAL KINETIC ENERGY =   9.130213430469E+00 eV                         #
#   TOTAL POTENTIAL ENERGY =  -3.344528358879E+01 eV                         #
#             TOTAL ENERGY =  -2.431507015832E+01 eV                         #
##############################################################################
  
 ----------------------------- TIME INFORMATION ------------------------------
    PROFESS      :      1.58s WALL    100.00% (       1 calls)     1.58s/call
    InitPROFESS  :      0.21s WALL     13.54% (       1 calls)     0.21s/call
    KEDFRefresh  :      1.13s WALL     71.11% (       6 calls)     0.19s/call
    IonRefresh   :      0.00s WALL      0.17% (       6 calls)     0.00s/call
    EwaldEnergy  :      0.00s WALL      0.07% (       6 calls)     0.00s/call
    Pot_Ion      :      0.00s WALL      0.03% (     225 calls)     0.00s/call
    Pot_Har      :      0.01s WALL      0.59% (     225 calls)     0.00s/call
    Pot_Exc      :      0.06s WALL      3.59% (     225 calls)     0.00s/call
    Pot_KEDF     :      0.23s WALL     14.66% (     225 calls)     0.00s/call
    VWPotSqrPlus :      0.01s WALL      0.54% (     225 calls)     0.00s/call
    NextGradient :      0.00s WALL      0.03% (      21 calls)     0.00s/call
    CalForce     :      0.00s WALL      0.14% (       6 calls)     0.00s/call
    EwaldForces  :      0.00s WALL      0.08% (       6 calls)     0.00s/call
    CalStress    :      0.01s WALL      0.69% (       6 calls)     0.00s/call
    EwaldStress  :      0.00s WALL      0.04% (       6 calls)     0.00s/call
 -----------------------------------------------------------------------------
 ------------------------------- TOTAL ---------------------------------------
    PROFESS      :      1.58s WALL    100.00% (       1 calls)     1.58s/call
 -----------------------------------------------------------------------------

Run completed on: 08/19/2021 at 15:54:55 
  
