 ******************************************************************************
                             WELCOME TO PROFESS                   
            (PRinceton Orbital-Free Electronic Structure Software) 
 ******************************************************************************

 ------------------------------------------------------------------------------
                           READ GEOMETRY
 Cell length (Bohr)    5.870E+00   5.870E+00   9.600E+00
 Angle     (Degree)    9.000E+01   9.000E+01   1.200E+02
 Volume    (Bohr^3)    2.865E+02

 ------------------------------------------------------------------------------
                           READ PSEUDOPOTENTIAL
 Total electron number in ReadPseudo is    4.0000000000000000     
 (System) Machine Precision              :    2.2204460492503131E-016

 ------------------------------------------------------------------------------
                           SETUP FFT
 Global FFT Dimension :    15   15   24
 Rank/Size in Global Communicator     :            0 /           1
 Rank/Size in Global FFT Communicator :            0 /           1
 Parallel FFT, totX    =    15
 Parallel FFT, totY    =    15
 Parallel FFT, locZ    =    24
 Parallel FFT, locZoff =     0
 Dimension of rho for this processor : 
 xmin, xmax :            0          14
 ymin, ymax :            0          14
 zmin, zmax :            0          23
 Total electron number =    4.0000000000000000     
 Uniform rhoR =    1.3961127768226951E-002
 (GB INFO) FFT size      :       15      15      24
 (GB INFO) FFT offset    :        0
 (GB INFO) FFT G size    :        8      15      24
 (GB INFO) FFT G offset  :        0

 ------------------------------------------------------------------------------
                           SETUP KEDF
 kinetic energy density functional number is            4
 ( 1=TF, 2=VW, 3=TF+VW, 4=WT,  5=WGC,  
   7=LQ, 8=HQ, 10=CAT,  11=HC, 12=WGCD,
   15=GGA, 16=WGCD+GGA, 17=EVT, 18=EVC )
 qTable dimension:     8   15   24
 Coefficient for TF KEDF is     1.0000
 Coefficient for VW KEDF is     1.0000
 Coefficient for alpha in WT KEDF is     0.8333
 Coefficient for beta  in WT KEDF is     0.8333
 rho0 (Electron/Bohr^3) in WGC KEDF is     0.0140
 hold0 =  F
  dV of each real space grid is now    5.3057371369849872E-002
 Cell length (Bohr)    5.870E+00   5.870E+00   9.600E+00
 Angle     (Degree)    9.000E+01   9.000E+01   1.200E+02
 Volume    (Bohr^3)    2.865E+02

 ------------------------------------------------------------------------------
                           SETUP EWALD 
 (Ewald) eta                             :   0.7343    
 (Ewald) Real Space Cutoff               :    6.540     (Bohr)
 (Ewald) Reciprocal Cutoff               :    7.492     (1/Bohr)

 ------------------------------------------------------------------------------
                           SETUP PLANE WAVE 
 Fill the 3D Wang-Teter kernel in G space

 ------------------------------------------------------------------------------
                           REFRESH ION POSITIONS
  
 Calculating Ion-Ion Energy ...                   complete.     0.001 s
  
 Calculating Ion-Electron Potential (spline) ... 
 complete.     0.001 s

 ------------------------------------------------------------------------------
                           DENSITY OPTIMIZATION
 Electron number for spin            1  is    3.9999999999998446     
 Cell Volume      :            42.456372 Angstrom^3
 Ion number       :                    2
 Electron number  :             4.000000
 Ion density      :             0.047107 Ion/Angstrom^3
 Electron density :             0.094214 Electron/Angstrom^3
##############################################################################
#                               FINAL ENERGIES                       time    #
##############################################################################
# Thomas-Fermi Kin. Energy =   1.848652241565E+01 eV                 0.000 s #
# Von-Weizsacker Kin. Ener =   1.916756737621E+00 eV                 0.000 s #
# Wang-Teter Kinetic Energ =  -7.245036462969E-01 eV                 0.000 s #
#                                                                            #
#     LDA Exch-Corr Energy =  -2.390480165264E+01 eV                 0.000 s #
#         Coulombic Energy =   1.397838935801E-01 eV                 0.000 s #
#      Ion-Electron Energy =   1.485916541543E+01 eV                 0.000 s #
#           Ion-Ion Energy =  -6.008001220223E+01 eV                 0.000 s #
#                                                                            #
#     TOTAL KINETIC ENERGY =   1.967877550697E+01 eV                         #
#   TOTAL POTENTIAL ENERGY =  -6.898586454586E+01 eV                         #
#             TOTAL ENERGY =  -4.930708903889E+01 eV                         #
##############################################################################
  
 ----------------------------- TIME INFORMATION ------------------------------
    PROFESS      :      0.55s WALL    100.00% (       1 calls)     0.55s/call
    InitPROFESS  :      0.03s WALL      5.04% (       1 calls)     0.03s/call
    KEDFRefresh  :      0.00s WALL      0.07% (       1 calls)     0.00s/call
    IonRefresh   :      0.00s WALL      0.31% (       1 calls)     0.00s/call
    EwaldEnergy  :      0.00s WALL      0.14% (       1 calls)     0.00s/call
    Pot_Ion      :      0.00s WALL      0.08% (      71 calls)     0.00s/call
    Pot_Har      :      0.01s WALL      2.28% (      71 calls)     0.00s/call
    Pot_Exc      :      0.05s WALL      9.41% (      71 calls)     0.00s/call
    Pot_KEDF     :      0.22s WALL     40.54% (      71 calls)     0.00s/call
    VWPotSqrPlus :      0.01s WALL      2.15% (      71 calls)     0.00s/call
    NextGradient :      0.00s WALL      0.08% (       6 calls)     0.00s/call
 -----------------------------------------------------------------------------
 ------------------------------- TOTAL ---------------------------------------
    PROFESS      :      0.55s WALL    100.00% (       1 calls)     0.55s/call
 -----------------------------------------------------------------------------

Run completed on: 08/19/2021 at 15:41:40 
  
