 ******************************************************************************
                             WELCOME TO PROFESS                   
            (PRinceton Orbital-Free Electronic Structure Software) 
 ******************************************************************************

 ------------------------------------------------------------------------------
                           READ GEOMETRY
 Cell length (Bohr)    5.286E+00   5.286E+00   5.286E+00
 Angle     (Degree)    1.095E+02   1.095E+02   1.095E+02
 Volume    (Bohr^3)    1.137E+02

 ------------------------------------------------------------------------------
                           READ PSEUDOPOTENTIAL
 Total electron number in ReadPseudo is    3.0000000000000000     
 (System) Machine Precision              :    2.2204460492503131E-016

 ------------------------------------------------------------------------------
                           SETUP FFT
 Global FFT Dimension :    27   27   27
 Rank/Size in Global Communicator     :            0 /           1
 Rank/Size in Global FFT Communicator :            0 /           1
 Parallel FFT, totX    =    27
 Parallel FFT, totY    =    27
 Parallel FFT, locZ    =    27
 Parallel FFT, locZoff =     0
 Dimension of rho for this processor : 
 xmin, xmax :            0          26
 ymin, ymax :            0          26
 zmin, zmax :            0          26
 Total electron number =    3.0000000000000000     
 Uniform rhoR =    2.6392123106545498E-002
 (GB INFO) FFT size      :       27      27      27
 (GB INFO) FFT offset    :        0
 (GB INFO) FFT G size    :       14      27      27
 (GB INFO) FFT G offset  :        0

 ------------------------------------------------------------------------------
                           SETUP KEDF
 kinetic energy density functional number is            5
 ( 1=TF, 2=VW, 3=TF+VW, 4=WT,  5=WGC,  
   7=LQ, 8=HQ, 10=CAT,  11=HC, 12=WGCD,
   15=GGA, 16=WGCD+GGA, 17=EVT, 18=EVC )
 qTable dimension:    14   27   27
 Coefficient for TF KEDF is     1.0000
 Coefficient for VW KEDF is     1.0000
 Coefficient for alpha in WGC KEDF is     1.2060
 Coefficient for beta  in WGC KEDF is     0.4607
 Coefficient for gamma in WGC KEDF is     2.7000
 rho0 (Electron/Bohr^3) in WGC KEDF is     0.0264
 rhoS (Electron/Bohr^3) in WGC KEDF is     0.0264
 hold0 =  F
 holdS =  F
  dV of each real space grid is now    5.7750484741438636E-003
 Cell length (Bohr)    5.286E+00   5.286E+00   5.286E+00
 Angle     (Degree)    1.095E+02   1.095E+02   1.095E+02
 Volume    (Bohr^3)    1.137E+02

 ------------------------------------------------------------------------------
                           SETUP EWALD 
 (Ewald) eta                             :    1.200    
 (Ewald) Real Space Cutoff               :    6.000     (Bohr)
 (Ewald) Reciprocal Cutoff               :    15.45     (1/Bohr)

 ------------------------------------------------------------------------------
                           SETUP PLANE WAVE 

 ------------------------------------------------------------------------------
                           INITIALIZING WGC KERNEL
 Fermi vector :   0.92108231284047914     
 Reference density :    2.6392123106545498E-002
 Make WGC kernels.
 Dimension of KEDF Kernel :           14          27          27

 ------------------------------------------------------------------------------
                           REFRESH ION POSITIONS
  
 Calculating Ion-Ion Energy ...                   complete.     0.002 s
  
 Calculating Ion-Electron Potential (spline) ... 
 complete.     0.002 s

 ------------------------------------------------------------------------------
                           DENSITY OPTIMIZATION
 Electron number for spin            1  is    2.9999999999985865     
 Cell Volume      :            16.844197 Angstrom^3
 Ion number       :                    1
 Electron number  :             3.000000
 Ion density      :             0.059368 Ion/Angstrom^3
 Electron density :             0.178103 Electron/Angstrom^3
##############################################################################
#                               FINAL ENERGIES                       time    #
##############################################################################
# Thomas-Fermi Kin. Energy =   2.107740181603E+01 eV                 0.000 s #
# Von-Weizsacker Kin. Ener =   1.761333190576E+00 eV                 0.000 s #
#       WGC Kinetic Energy =  -5.416518501383E-01 eV                 0.000 s #
#                                                                            #
# GGA(PBE) Exch-Cor Energy =  -2.168731357247E+01 eV                 0.000 s #
#         Coulombic Energy =   6.870262279332E-02 eV                 0.000 s #
#      Ion-Electron Energy =   1.522313718457E+01 eV                 0.000 s #
#           Ion-Ion Energy =  -7.301533417875E+01 eV                 0.000 s #
#                                                                            #
#     TOTAL KINETIC ENERGY =   2.229708315647E+01 eV                         #
#   TOTAL POTENTIAL ENERGY =  -7.941080794385E+01 eV                         #
#             TOTAL ENERGY =  -5.711372478738E+01 eV                         #
##############################################################################
  
 ----------------------------- TIME INFORMATION ------------------------------
    PROFESS      :      4.30s WALL    100.00% (       1 calls)     4.30s/call
    InitPROFESS  :      0.04s WALL      0.96% (       1 calls)     0.04s/call
    KEDFRefresh  :      0.02s WALL      0.47% (       1 calls)     0.02s/call
    IonRefresh   :      0.01s WALL      0.13% (       1 calls)     0.01s/call
    EwaldEnergy  :      0.00s WALL      0.05% (       1 calls)     0.00s/call
    Pot_Ion      :      0.00s WALL      0.11% (     104 calls)     0.00s/call
    Pot_Har      :      0.15s WALL      3.39% (     104 calls)     0.00s/call
    Pot_Exc      :      1.58s WALL     36.77% (     104 calls)     0.02s/call
    PBEPot       :      1.53s WALL     35.67% (     104 calls)     0.01s/call
    Pot_KEDF     :      2.14s WALL     49.66% (     104 calls)     0.02s/call
    WGCPotPlus   :      1.70s WALL     39.55% (     104 calls)     0.02s/call
    VWPotSqrPlus :      0.13s WALL      3.04% (     104 calls)     0.00s/call
    NextGradient :      0.00s WALL      0.05% (       7 calls)     0.00s/call
 -----------------------------------------------------------------------------
 ------------------------------- TOTAL ---------------------------------------
    PROFESS      :      4.30s WALL    100.00% (       1 calls)     4.30s/call
 -----------------------------------------------------------------------------

Run completed on: 05/02/2023 at 14:02:20 
  
