 ******************************************************************************
                             WELCOME TO PROFESS                   
            (PRinceton Orbital-Free Electronic Structure Software) 
 ******************************************************************************

 ------------------------------------------------------------------------------
                           READ GEOMETRY
 Cell length (Bohr)    7.438E+00   7.438E+00   7.438E+00
 Angle     (Degree)    6.000E+01   6.000E+01   6.000E+01
 Volume    (Bohr^3)    2.910E+02

 ------------------------------------------------------------------------------
                           READ PSEUDOPOTENTIAL
 Total electron number in ReadPseudo is    8.0000000000000000     
 (System) Machine Precision              :    2.2204460492503131E-016

 ------------------------------------------------------------------------------
                           SETUP FFT
 Global FFT Dimension :    40   40   40
 Dimension of rho for this processor : 
 xmin, xmax :            0          39
 ymin, ymax :            0          39
 zmin, zmax :            0          39
 Total electron number =    8.0000000000000000     
 Uniform rhoR =    2.7491807145027618E-002
 (GB INFO) FFT size      :       40      40      40
 (GB INFO) FFT offset    :        0
 (GB INFO) FFT G size    :       21      40      40
 (GB INFO) FFT G offset  :        0

 ------------------------------------------------------------------------------
                           SETUP KEDF
 kinetic energy density functional number is            5
 ( 1=TF, 2=VW, 3=TF+VW, 4=WT,  5=WGC,  
   7=LQ, 8=HQ, 10=CAT,  11=HC, 12=WGCD,
   15=GGA, 16=WGCD+GGA, 17=EVT, 18=EVC )
 qTable dimension:    21   40   40
 Coefficient for TF KEDF is     1.0000
 Coefficient for VW KEDF is     1.0000
 Coefficient for alpha in WGC KEDF is     1.2060
 Coefficient for beta  in WGC KEDF is     0.4607
 Coefficient for gamma in WGC KEDF is     4.2000
 rho0 (Electron/Bohr^3) in WGC KEDF is     0.0275
 rhoS (Electron/Bohr^3) in WGC KEDF is     0.0275
 hold0 =  F
 holdS =  F
  dV of each real space grid is now    4.5468091399225629E-003
 Cell length (Bohr)    7.438E+00   7.438E+00   7.438E+00
 Angle     (Degree)    6.000E+01   6.000E+01   6.000E+01
 Volume    (Bohr^3)    2.910E+02

 ------------------------------------------------------------------------------
                           SETUP EWALD 
 (Ewald) eta                             :    1.200    
 (Ewald) Real Space Cutoff               :    6.000     (Bohr)
 (Ewald) Reciprocal Cutoff               :    16.47     (1/Bohr)

 ------------------------------------------------------------------------------
                           SETUP PLANE WAVE 

 ------------------------------------------------------------------------------
                           INITIALIZING WGC KERNEL
 Fermi vector :   0.93370158546985249     
 Reference density :    2.7491807145027618E-002
 Make WGC kernels.
 Dimension of KEDF Kernel :           21          40          40

 ------------------------------------------------------------------------------
                           REFRESH ION POSITIONS
  
 Calculating Ion-Ion Energy ...                   complete.     0.009 s
  
 Calculating Ion-Electron Potential (spline) ... 
 complete.     0.021 s

 ------------------------------------------------------------------------------
                           DENSITY OPTIMIZATION
 Electron number for spin            1  is    7.9999999999948326     
 Cell Volume      :            43.121126 Angstrom^3
 Ion number       :                    2
 Electron number  :             8.000000
 Ion density      :             0.046381 Ion/Angstrom^3
 Electron density :             0.185524 Electron/Angstrom^3
##############################################################################
#                               FINAL ENERGIES                       time    #
##############################################################################
# Thomas-Fermi Kin. Energy =   7.618577492882E+01 eV                 0.000 s #
# Von-Weizsacker Kin. Ener =   2.510395698414E+01 eV                 0.000 s #
#       WGC Kinetic Energy =  -1.787057731842E+01 eV                 0.000 s #
#                                                                            #
# GGA(PBE) Exch-Cor Energy =  -6.531624209113E+01 eV                 0.000 s #
#         Coulombic Energy =   1.897707764921E+01 eV                 0.000 s #
#      Ion-Electron Energy =  -3.439493781185E+01 eV                 0.000 s #
#           Ion-Ion Energy =  -2.327417489024E+02 eV                 0.000 s #
#                                                                            #
#     TOTAL KINETIC ENERGY =   8.341915459454E+01 eV                         #
#   TOTAL POTENTIAL ENERGY =  -3.134758511562E+02 eV                         #
#             TOTAL ENERGY =  -2.300566965616E+02 eV                         #
##############################################################################
  
 ----------------------------- TIME INFORMATION ------------------------------
    PROFESS      :     37.75s WALL    100.00% (       1 calls)    37.75s/call
    InitPROFESS  :      0.13s WALL      0.34% (       1 calls)     0.13s/call
    KEDFRefresh  :      0.04s WALL      0.10% (       1 calls)     0.04s/call
    IonRefresh   :      0.04s WALL      0.10% (       1 calls)     0.04s/call
    EwaldEnergy  :      0.01s WALL      0.03% (       1 calls)     0.01s/call
    ForwFFT_3D   :      6.96s WALL     18.43% (    2955 calls)     0.00s/call
    BackFFT_3D   :      5.32s WALL     14.09% (    2953 calls)     0.00s/call
    Pot_Ion      :      0.13s WALL      0.34% (     246 calls)     0.00s/call
    Pot_Har      :      1.16s WALL      3.06% (     246 calls)     0.00s/call
    Pot_Exc      :     19.79s WALL     52.41% (     246 calls)     0.08s/call
    PBEPot       :     18.64s WALL     49.37% (     246 calls)     0.08s/call
    Pot_KEDF     :     14.65s WALL     38.80% (     246 calls)     0.06s/call
    WGCPotPlus   :     11.84s WALL     31.35% (     246 calls)     0.05s/call
    VWPotSqrPlus :      0.89s WALL      2.35% (     246 calls)     0.00s/call
    NextGradient :      0.02s WALL      0.07% (      10 calls)     0.00s/call
 -----------------------------------------------------------------------------
 ------------------------------- TOTAL ---------------------------------------
    PROFESS      :     37.75s WALL    100.00% (       1 calls)    37.75s/call
 -----------------------------------------------------------------------------

Run completed on: 07/30/2024 at 20:42:38 
  
