 ******************************************************************************
                             WELCOME TO PROFESS                   
            (PRinceton Orbital-Free Electronic Structure Software) 
 ******************************************************************************

 ------------------------------------------------------------------------------
                           READ GEOMETRY
 Cell length (Bohr)    8.740E+00   1.513E+01   1.439E+01
 Angle     (Degree)    9.000E+01   9.000E+01   9.000E+01
 Volume    (Bohr^3)    1.903E+03

 ------------------------------------------------------------------------------
                           READ PSEUDOPOTENTIAL
 Total electron number in ReadPseudo is    32.000000000000000     
 (System) Machine Precision              :    2.2204460492503131E-016

 ------------------------------------------------------------------------------
                           SETUP FFT
 Global FFT Dimension :    45   75   72
 Dimension of rho for this processor : 
 xmin, xmax :            0          44
 ymin, ymax :            0          74
 zmin, zmax :            0          71
 Total electron number =    32.000000000000000     
 Uniform rhoR =    1.6815668038108505E-002
 (GB INFO) FFT size      :       45      75      72
 (GB INFO) FFT offset    :        0
 (GB INFO) FFT G size    :       23      75      72
 (GB INFO) FFT G offset  :        0

 ------------------------------------------------------------------------------
                           SETUP KEDF
 kinetic energy density functional number is            5
 ( 1=TF, 2=VW, 3=TF+VW, 4=WT,  5=WGC,  
   7=LQ, 8=HQ, 10=CAT,  11=HC, 12=WGCD,
   15=GGA, 16=WGCD+GGA, 17=EVT, 18=EVC )
 qTable dimension:    23   75   72
 Coefficient for TF KEDF is     1.0000
 Coefficient for VW KEDF is     1.0000
 Coefficient for alpha in WGC KEDF is     1.2060
 Coefficient for beta  in WGC KEDF is     0.4607
 Coefficient for gamma in WGC KEDF is     4.2000
 rho0 (Electron/Bohr^3) in WGC KEDF is     0.0168
 rhoS (Electron/Bohr^3) in WGC KEDF is     0.0168
 hold0 =  F
 holdS =  F
  dV of each real space grid is now    7.8312227917390915E-003
 Cell length (Bohr)    8.740E+00   1.513E+01   1.439E+01
 Angle     (Degree)    9.000E+01   9.000E+01   9.000E+01
 Volume    (Bohr^3)    1.903E+03

 ------------------------------------------------------------------------------
                           SETUP EWALD 
 (Ewald) eta                             :    1.200    
 (Ewald) Real Space Cutoff               :    6.000     (Bohr)
 (Ewald) Reciprocal Cutoff               :    15.37     (1/Bohr)

 ------------------------------------------------------------------------------
                           SETUP PLANE WAVE 

 ------------------------------------------------------------------------------
                           INITIALIZING WGC KERNEL
 Fermi vector :   0.79258352708092572     
 Reference density :    1.6815668038108505E-002
 Make WGC kernels.
 Dimension of KEDF Kernel :           23          75          72

 ------------------------------------------------------------------------------
                           REFRESH ION POSITIONS
  
 Calculating Ion-Ion Energy ...                   complete.     0.065 s
  
 Calculating Ion-Electron Potential (spline) ... 
 complete.     0.122 s

 ------------------------------------------------------------------------------
                           DENSITY OPTIMIZATION
 Electron number for spin            1  is    31.999999999830084     
 Cell Volume      :           281.993596 Angstrom^3
 Ion number       :                    8
 Electron number  :            32.000000
 Ion density      :             0.028369 Ion/Angstrom^3
 Electron density :             0.113478 Electron/Angstrom^3
  
 ----------------------------- TIME INFORMATION ------------------------------
    PROFESS      :     36.37s WALL    100.00% (       1 calls)    36.37s/call
    InitPROFESS  :      0.35s WALL      0.96% (       1 calls)     0.35s/call
    KEDFRefresh  :      0.09s WALL      0.24% (       1 calls)     0.09s/call
    IonRefresh   :      0.22s WALL      0.60% (       1 calls)     0.22s/call
    EwaldEnergy  :      0.07s WALL      0.18% (       1 calls)     0.07s/call
    ForwFFT_3D   :      8.30s WALL     22.82% (    1239 calls)     0.01s/call
    BackFFT_3D   :      7.19s WALL     19.76% (    1237 calls)     0.01s/call
    Pot_Ion      :      0.08s WALL      0.21% (     103 calls)     0.00s/call
    Pot_Har      :      1.39s WALL      3.81% (     103 calls)     0.01s/call
    Pot_Exc      :     18.70s WALL     51.43% (     103 calls)     0.18s/call
    PBEPot       :     18.09s WALL     49.74% (     103 calls)     0.18s/call
    Pot_KEDF     :     14.57s WALL     40.06% (     103 calls)     0.14s/call
    WGCPotPlus   :     11.73s WALL     32.24% (     103 calls)     0.11s/call
    VWPotSqrPlus :      1.21s WALL      3.32% (     103 calls)     0.01s/call
    NextGradient :      0.02s WALL      0.05% (       6 calls)     0.00s/call
 -----------------------------------------------------------------------------
