 ******************************************************************************
                             WELCOME TO PROFESS                   
            (PRinceton Orbital-Free Electronic Structure Software) 
 ******************************************************************************

 ------------------------------------------------------------------------------
                           READ GEOMETRY
 Cell length (Bohr)    5.876E+00   5.876E+00   5.876E+00
 Angle     (Degree)    6.000E+01   6.000E+01   6.000E+01
 Volume    (Bohr^3)    1.434E+02

 ------------------------------------------------------------------------------
                           READ PSEUDOPOTENTIAL
 Total electron number in ReadPseudo is    2.0000000000000000     
 (System) Machine Precision              :    2.2204460492503131E-016

 ------------------------------------------------------------------------------
                           SETUP FFT
 Global FFT Dimension :    15   15   15
 Rank/Size in Global Communicator     :            0 /           1
 Rank/Size in Global FFT Communicator :            0 /           1
 Parallel FFT, totX    =    15
 Parallel FFT, totY    =    15
 Parallel FFT, locZ    =    15
 Parallel FFT, locZoff =     0
 Dimension of rho for this processor : 
 xmin, xmax :            0          14
 ymin, ymax :            0          14
 zmin, zmax :            0          14
 Total electron number =    2.0000000000000000     
 Uniform rhoR =    1.3943999152759476E-002
 (GB INFO) FFT size      :       15      15      15
 (GB INFO) FFT offset    :        0
 (GB INFO) FFT G size    :        8      15      15
 (GB INFO) FFT G offset  :        0

 ------------------------------------------------------------------------------
                           SETUP KEDF
 kinetic energy density functional number is            4
 ( 1=TF, 2=VW, 3=TF+VW, 4=WT,  5=WGC,  
   7=LQ, 8=HQ, 10=CAT,  11=HC, 12=WGCD,
   15=GGA, 16=WGCD+GGA, 17=EVT, 18=EVC )
 qTable dimension:     8   15   15
 Coefficient for TF KEDF is     1.0000
 Coefficient for VW KEDF is     1.0000
 Coefficient for alpha in WT KEDF is     0.8333
 Coefficient for beta  in WT KEDF is     0.8333
 rho0 (Electron/Bohr^3) in WGC KEDF is     0.0139
 hold0 =  F
  dV of each real space grid is now    4.2498037048096085E-002
 Cell length (Bohr)    5.876E+00   5.876E+00   5.876E+00
 Angle     (Degree)    6.000E+01   6.000E+01   6.000E+01
 Volume    (Bohr^3)    1.434E+02

 ------------------------------------------------------------------------------
                           SETUP EWALD 
 (Ewald) eta                             :   0.7502    
 (Ewald) Real Space Cutoff               :    6.302     (Bohr)
 (Ewald) Reciprocal Cutoff               :    7.486     (1/Bohr)

 ------------------------------------------------------------------------------
                           SETUP PLANE WAVE 
 Fill the 3D Wang-Teter kernel in G space

 ------------------------------------------------------------------------------
                           REFRESH ION POSITIONS
  
 Calculating Ion-Ion Energy ...                   complete.     0.000 s
  
 Calculating Ion-Electron Potential (spline) ... 
 complete.     0.000 s

 ------------------------------------------------------------------------------
                           DENSITY OPTIMIZATION
 Electron number for spin            1  is    1.9999999999998874     
 Cell Volume      :            21.254263 Angstrom^3
 Ion number       :                    1
 Electron number  :             2.000000
 Ion density      :             0.047049 Ion/Angstrom^3
 Electron density :             0.094099 Electron/Angstrom^3
##############################################################################
#                               FINAL ENERGIES                       time    #
##############################################################################
# Thomas-Fermi Kin. Energy =   9.225646976293E+00 eV                 0.000 s #
# Von-Weizsacker Kin. Ener =   9.430647165160E-01 eV                 0.000 s #
# Wang-Teter Kinetic Energ =  -3.340930082141E-01 eV                 0.000 s #
#                                                                            #
#     LDA Exch-Corr Energy =  -1.194319204163E+01 eV                 0.000 s #
#         Coulombic Energy =   6.281469171115E-02 eV                 0.000 s #
#      Ion-Electron Energy =   7.431813761981E+00 eV                 0.000 s #
#           Ion-Ion Energy =  -3.002889466327E+01 eV                 0.000 s #
#                                                                            #
#     TOTAL KINETIC ENERGY =   9.834618684595E+00 eV                         #
#   TOTAL POTENTIAL ENERGY =  -3.447745825121E+01 eV                         #
#             TOTAL ENERGY =  -2.464283956662E+01 eV                         #
##############################################################################
  
 ----------------------------- TIME INFORMATION ------------------------------
    PROFESS      :      0.44s WALL    100.00% (       1 calls)     0.44s/call
    InitPROFESS  :      0.03s WALL      6.99% (       1 calls)     0.03s/call
    KEDFRefresh  :      0.00s WALL      0.06% (       1 calls)     0.00s/call
    IonRefresh   :      0.00s WALL      0.23% (       1 calls)     0.00s/call
    EwaldEnergy  :      0.00s WALL      0.11% (       1 calls)     0.00s/call
    Pot_Ion      :      0.00s WALL      0.06% (      61 calls)     0.00s/call
    Pot_Har      :      0.01s WALL      1.43% (      61 calls)     0.00s/call
    Pot_Exc      :      0.03s WALL      6.41% (      61 calls)     0.00s/call
    Pot_KEDF     :      0.12s WALL     28.21% (      61 calls)     0.00s/call
    VWPotSqrPlus :      0.01s WALL      1.28% (      61 calls)     0.00s/call
    NextGradient :      0.00s WALL      0.07% (       6 calls)     0.00s/call
 -----------------------------------------------------------------------------
 ------------------------------- TOTAL ---------------------------------------
    PROFESS      :      0.44s WALL    100.00% (       1 calls)     0.44s/call
 -----------------------------------------------------------------------------

Run completed on: 08/19/2021 at 15:41:40 
  
