 ******************************************************************************
                             WELCOME TO PROFESS                   
            (PRinceton Orbital-Free Electronic Structure Software) 
 ******************************************************************************

 ------------------------------------------------------------------------------
                           READ GEOMETRY
 Cell length (Bohr)    7.748E+00   7.748E+00   7.748E+00
 Angle     (Degree)    9.000E+01   9.000E+01   9.000E+01
 Volume    (Bohr^3)    4.651E+02

 ------------------------------------------------------------------------------
                           READ PSEUDOPOTENTIAL
 Total electron number in ReadPseudo is    11.000000000000000     
 (System) Machine Precision              :    2.2204460492503131E-016

 ------------------------------------------------------------------------------
                           SETUP FFT
 Global FFT Dimension :    18   18   18
 Rank/Size in Global Communicator     :            0 /           1
 Rank/Size in Global FFT Communicator :            0 /           1
 Parallel FFT, totX    =    18
 Parallel FFT, totY    =    18
 Parallel FFT, locZ    =    18
 Parallel FFT, locZoff =     0
 Dimension of rho for this processor : 
 xmin, xmax :            0          17
 ymin, ymax :            0          17
 zmin, zmax :            0          17
 Total electron number =    11.000000000000000     
 Uniform rhoR =    2.3650727716953850E-002
 (GB INFO) FFT size      :       18      18      18
 (GB INFO) FFT offset    :        0
 (GB INFO) FFT G size    :       10      18      18
 (GB INFO) FFT G offset  :        0

 ------------------------------------------------------------------------------
                           SETUP KEDF
 kinetic energy density functional number is            5
 ( 1=TF, 2=VW, 3=TF+VW, 4=WT,  5=WGC,  
   7=LQ, 8=HQ, 10=CAT,  11=HC, 12=WGCD,
   15=GGA, 16=WGCD+GGA, 17=EVT, 18=EVC )
 qTable dimension:    10   18   18
 Coefficient for TF KEDF is     1.0000
 Coefficient for VW KEDF is     1.0000
 Coefficient for alpha in WGC KEDF is     1.2060
 Coefficient for beta  in WGC KEDF is     0.4607
 Coefficient for gamma in WGC KEDF is     2.7000
 rho0 (Electron/Bohr^3) in WGC KEDF is     0.0237
 rhoS (Electron/Bohr^3) in WGC KEDF is     0.0237
 hold0 =  F
 holdS =  F
  dV of each real space grid is now    7.9749994471073032E-002
 Cell length (Bohr)    7.748E+00   7.748E+00   7.748E+00
 Angle     (Degree)    9.000E+01   9.000E+01   9.000E+01
 Volume    (Bohr^3)    4.651E+02

 ------------------------------------------------------------------------------
                           SETUP EWALD 
 (Ewald) eta                             :   0.6497    
 (Ewald) Real Space Cutoff               :    7.672     (Bohr)
 (Ewald) Reciprocal Cutoff               :    6.893     (1/Bohr)

 ------------------------------------------------------------------------------
                           SETUP PLANE WAVE 

 ------------------------------------------------------------------------------
                           INITIALIZING WGC KERNEL
 Fermi vector :   0.88801813731648871     
 Reference density :    2.3650727716953850E-002
 Make WGC kernels.
 Dimension of KEDF Kernel :           10          18          18

 ------------------------------------------------------------------------------
                           REFRESH ION POSITIONS
  
 Calculating Ion-Ion Energy ...                   complete.     0.000 s
  
 Calculating Ion-Electron Potential (spline) ... 
 complete.     0.001 s

 ------------------------------------------------------------------------------
                           DENSITY OPTIMIZATION
 Electron number for spin            1  is    11.000000000000497     
 Cell Volume      :            68.921000 Angstrom^3
 Ion number       :                    4
 Electron number  :            11.000000
 Ion density      :             0.058037 Ion/Angstrom^3
 Electron density :             0.159603 Electron/Angstrom^3
##############################################################################
#                               FINAL ENERGIES                       time    #
##############################################################################
# Thomas-Fermi Kin. Energy =   7.337509861564E+01 eV                 0.000 s #
# Von-Weizsacker Kin. Ener =   7.690975860507E+00 eV                 0.000 s #
#       WGC Kinetic Energy =  -3.466217881982E+00 eV                 0.000 s #
#                                                                            #
#     LDA Exch-Corr Energy =  -7.752234177407E+01 eV                 0.000 s #
#         Coulombic Energy =   2.160897081693E+00 eV                 0.000 s #
#      Ion-Electron Energy =   4.579869759435E+01 eV                 0.000 s #
#           Ion-Ion Energy =  -2.465204283845E+02 eV                 0.000 s #
#                                                                            #
#     TOTAL KINETIC ENERGY =   7.759985659416E+01 eV                         #
#   TOTAL POTENTIAL ENERGY =  -2.760831754825E+02 eV                         #
#             TOTAL ENERGY =  -1.984833188884E+02 eV                         #
##############################################################################
  
 ----------------------------- TIME INFORMATION ------------------------------
    PROFESS      :      0.47s WALL    100.00% (       1 calls)     0.47s/call
    InitPROFESS  :      0.05s WALL     10.71% (       1 calls)     0.05s/call
    KEDFRefresh  :      0.01s WALL      2.09% (       1 calls)     0.01s/call
    IonRefresh   :      0.00s WALL      0.33% (       1 calls)     0.00s/call
    EwaldEnergy  :      0.00s WALL      0.10% (       1 calls)     0.00s/call
    Pot_Ion      :      0.00s WALL      0.06% (      62 calls)     0.00s/call
    Pot_Har      :      0.01s WALL      2.78% (      62 calls)     0.00s/call
    Pot_Exc      :      0.04s WALL      7.78% (      62 calls)     0.00s/call
    Pot_KEDF     :      0.22s WALL     47.22% (      62 calls)     0.00s/call
    WGCPotPlus   :      0.17s WALL     36.95% (      62 calls)     0.00s/call
    VWPotSqrPlus :      0.01s WALL      2.75% (      62 calls)     0.00s/call
    NextGradient :      0.00s WALL      0.08% (       7 calls)     0.00s/call
 -----------------------------------------------------------------------------
 ------------------------------- TOTAL ---------------------------------------
    PROFESS      :      0.47s WALL    100.00% (       1 calls)     0.47s/call
 -----------------------------------------------------------------------------

Run completed on: 11/10/2021 at 11:20:59 
  
