 ******************************************************************************
                             WELCOME TO PROFESS                   
            (PRinceton Orbital-Free Electronic Structure Software) 
 ******************************************************************************

 ------------------------------------------------------------------------------
                           READ GEOMETRY
 Cell length (Bohr)    7.502E+00   7.502E+00   7.502E+00
 Angle     (Degree)    9.000E+01   9.000E+01   9.000E+01
 Volume    (Bohr^3)    4.223E+02

 ------------------------------------------------------------------------------
                           READ PSEUDOPOTENTIAL
 Total electron number in ReadPseudo is    12.000000000000000     
 (System) Machine Precision              :    2.2204460492503131E-016

 ------------------------------------------------------------------------------
                           SETUP FFT
 Global FFT Dimension :    40   40   40
 Rank/Size in Global Communicator     :            0 /           1
 Rank/Size in Global FFT Communicator :            0 /           1
 Parallel FFT, totX    =    40
 Parallel FFT, totY    =    40
 Parallel FFT, locZ    =    40
 Parallel FFT, locZoff =     0
 Dimension of rho for this processor : 
 xmin, xmax :            0          39
 ymin, ymax :            0          39
 zmin, zmax :            0          39
 Total electron number =    12.000000000000000     
 Uniform rhoR =    2.8417022096674124E-002
 (GB INFO) FFT size      :       40      40      40
 (GB INFO) FFT offset    :        0
 (GB INFO) FFT G size    :       21      40      40
 (GB INFO) FFT G offset  :        0

 ------------------------------------------------------------------------------
                           SETUP KEDF
 kinetic energy density functional number is            4
 ( 1=TF, 2=VW, 3=TF+VW, 4=WT,  5=WGC,  
   7=LQ, 8=HQ, 10=CAT,  11=HC, 12=WGCD,
   15=GGA, 16=WGCD+GGA, 17=EVT, 18=EVC )
 qTable dimension:    21   40   40
 Coefficient for TF KEDF is     1.0000
 Coefficient for VW KEDF is     1.0000
 Coefficient for alpha in WT KEDF is     0.8333
 Coefficient for beta  in WT KEDF is     0.8333
 rho0 (Electron/Bohr^3) in WGC KEDF is     0.0284
 hold0 =  F
  dV of each real space grid is now    6.5981579407627181E-003
 Cell length (Bohr)    7.502E+00   7.502E+00   7.502E+00
 Angle     (Degree)    9.000E+01   9.000E+01   9.000E+01
 Volume    (Bohr^3)    4.223E+02

 ------------------------------------------------------------------------------
                           SETUP EWALD 
 (Ewald) eta                             :    1.200    
 (Ewald) Real Space Cutoff               :    6.000     (Bohr)
 (Ewald) Reciprocal Cutoff               :    16.33     (1/Bohr)

 ------------------------------------------------------------------------------
                           SETUP PLANE WAVE 
 Read in WT kernel.
 kernel file name  : 11PROFESS_KERNEL.dat          
 KEDF type         :     4
 Fermi vector      :   1.182014212099E+00
 Reference density :  -1.000000000000E+00
 Mesh points       :   200002
 Fermi vector in this cell is    1.8881211223027310     
 Fermi vector from kernel file is    1.1820142120987149     
 First qNorm is    0.0000000000000000     
 size of Wang-Teter kernel in this run is           21          40          40
 Max |G| in this calculation is   2.901146083475E+01
 Max eta used from kernel is   1.536525411006E+01

 ------------------------------------------------------------------------------
                           REFRESH ION POSITIONS
  
 Calculating Ion-Ion Energy ...                   complete.     0.004 s
  
 Calculating Ion-Electron Potential (spline) ... 
 complete.     0.004 s

 ------------------------------------------------------------------------------
                           DENSITY OPTIMIZATION
 Electron number for spin            1  is    11.999999999983428     
 Cell Volume      :            62.575752 Angstrom^3
 Ion number       :                    4
 Electron number  :            12.000000
 Ion density      :             0.063923 Ion/Angstrom^3
 Electron density :             0.191768 Electron/Angstrom^3
 Print density file to fcc/Al.den                                        
##############################################################################
#                               FINAL ENERGIES                       time    #
##############################################################################
# Thomas-Fermi Kin. Energy =   8.863421552003E+01 eV                 0.000 s #
# Von-Weizsacker Kin. Ener =   6.855160583175E+00 eV                 0.000 s #
# Wang-Teter Kinetic Energ =  -2.186574063802E+00 eV                 0.000 s #
#                                                                            #
#     LDA Exch-Corr Energy =  -8.871692753754E+01 eV                 0.000 s #
#         Coulombic Energy =   3.714424617232E-01 eV                 0.000 s #
#      Ion-Electron Energy =   6.289657053798E+01 eV                 0.000 s #
#           Ion-Ion Energy =  -2.993288028029E+02 eV                 0.000 s #
#                                                                            #
#     TOTAL KINETIC ENERGY =   9.330280203941E+01 eV                         #
#   TOTAL POTENTIAL ENERGY =  -3.247777173407E+02 eV                         #
#             TOTAL ENERGY =  -2.314749153013E+02 eV                         #
##############################################################################
  
 ----------------------------- TIME INFORMATION ------------------------------
    PROFESS      :      3.80s WALL    100.00% (       1 calls)     3.80s/call
    InitPROFESS  :      0.22s WALL      5.80% (       1 calls)     0.22s/call
    KEDFRefresh  :      0.18s WALL      4.64% (       1 calls)     0.18s/call
    IonRefresh   :      0.01s WALL      0.22% (       1 calls)     0.01s/call
    EwaldEnergy  :      0.00s WALL      0.11% (       1 calls)     0.00s/call
    Pot_Ion      :      0.01s WALL      0.18% (     100 calls)     0.00s/call
    Pot_Har      :      0.16s WALL      4.21% (     100 calls)     0.00s/call
    Pot_Exc      :      0.52s WALL     13.65% (     100 calls)     0.01s/call
    Pot_KEDF     :      2.41s WALL     63.38% (     100 calls)     0.02s/call
    VWPotSqrPlus :      0.13s WALL      3.54% (     100 calls)     0.00s/call
    NextGradient :      0.00s WALL      0.13% (       8 calls)     0.00s/call
 -----------------------------------------------------------------------------
 ------------------------------- TOTAL ---------------------------------------
    PROFESS      :      3.80s WALL    100.00% (       1 calls)     3.80s/call
 -----------------------------------------------------------------------------

Run completed on: 02/09/2023 at 13:45:08 
  
