 ******************************************************************************
                             WELCOME TO PROFESS                   
            (PRinceton Orbital-Free Electronic Structure Software) 
 ******************************************************************************

 ------------------------------------------------------------------------------
                           READ GEOMETRY
 Cell length (Bohr)    7.317E+00   7.317E+00   7.317E+00
 Angle     (Degree)    6.000E+01   6.000E+01   6.000E+01
 Volume    (Bohr^3)    2.770E+02

 ------------------------------------------------------------------------------
                           READ PSEUDOPOTENTIAL
 Total electron number in ReadPseudo is    8.0000000000000000     
 (System) Machine Precision              :    2.2204460492503131E-016

 ------------------------------------------------------------------------------
                           SETUP FFT
 Global FFT Dimension :    36   36   36
 Dimension of rho for this processor : 
 xmin, xmax :            0          35
 ymin, ymax :            0          35
 zmin, zmax :            0          35
 Total electron number =    8.0000000000000000     
 Uniform rhoR =    2.8878146747935984E-002
 (GB INFO) FFT size      :       36      36      36
 (GB INFO) FFT offset    :        0
 (GB INFO) FFT G size    :       19      36      36
 (GB INFO) FFT G offset  :        0

 ------------------------------------------------------------------------------
                           SETUP KEDF
 kinetic energy density functional number is           11
 ( 1=TF, 2=VW, 3=TF+VW, 4=WT,  5=WGC,  
   7=LQ, 8=HQ, 10=CAT,  11=HC, 12=WGCD,
   15=GGA, 16=WGCD+GGA, 17=EVT, 18=EVC )
 qTable dimension:    19   36   36
 rhoS=   2.8878146747935984E-002
 rho0=   2.8878146747935984E-002
 coefficients for TF KEDF is     1.000000
 coefficients for VW KEDF is     1.000000
 Lambda in HC10 is set to     0.012500
 ALPHA  in HC10 is set to     1.841667
 BETA   in HC10 is set to     0.825000
 Sum of alpha and beta is     2.666667
  dV of each real space grid is now    5.9376304704391054E-003
 Cell length (Bohr)    7.317E+00   7.317E+00   7.317E+00
 Angle     (Degree)    6.000E+01   6.000E+01   6.000E+01
 Volume    (Bohr^3)    2.770E+02

 ------------------------------------------------------------------------------
                           SETUP EWALD 
 (Ewald) eta                             :    1.200    
 (Ewald) Real Space Cutoff               :    6.000     (Bohr)
 (Ewald) Reciprocal Cutoff               :    15.03     (1/Bohr)

 ------------------------------------------------------------------------------
                           SETUP PLANE WAVE 

 ------------------------------------------------------------------------------
                           REFRESH ION POSITIONS
  
 Calculating Ion-Ion Energy ...                   complete.     0.007 s
  
 Calculating Ion-Electron Potential (spline) ... 
 complete.     0.027 s

 ------------------------------------------------------------------------------
                           DENSITY OPTIMIZATION
 Electron number for spin            1  is    8.0000000000045066     
 Cell Volume      :            41.051030 Angstrom^3
 Ion number       :                    2
 Electron number  :             8.000000
 Ion density      :             0.048720 Ion/Angstrom^3
 Electron density :             0.194879 Electron/Angstrom^3
##############################################################################
#                               FINAL ENERGIES                       time    #
##############################################################################
# Thomas-Fermi Kin. Energy =   7.664856146369E+01 eV                 0.000 s #
# Von-Weizsacker Kin. Ener =   2.306741561485E+01 eV                 0.000 s #
#                                                                            #
# GGA(PBE) Exch-Cor Energy =  -6.577303217343E+01 eV                 0.000 s #
#         Coulombic Energy =   1.782842672752E+01 eV                 0.000 s #
#      Ion-Electron Energy =  -2.564605939198E+01 eV                 0.000 s #
#           Ion-Ion Energy =  -2.365899560255E+02 eV                 0.000 s #
#                                                                            #
#     TOTAL KINETIC ENERGY =   8.052018847752E+01 eV                         #
#   TOTAL POTENTIAL ENERGY =  -3.101806208634E+02 eV                         #
#             TOTAL ENERGY =  -2.296604323859E+02 eV                         #
##############################################################################
  
 ----------------------------- TIME INFORMATION ------------------------------
    PROFESS      :   3164.10s WALL    100.00% (       1 calls)  3164.10s/call
    InitPROFESS  :      0.11s WALL      0.00% (       1 calls)     0.11s/call
    KEDFRefresh  :      0.01s WALL      0.00% (       1 calls)     0.01s/call
    IonRefresh   :      0.04s WALL      0.00% (       1 calls)     0.04s/call
    EwaldEnergy  :      0.01s WALL      0.00% (       1 calls)     0.01s/call
    ForwFFT_3D   :    496.63s WALL     15.70% (   70434 calls)     0.01s/call
    BackFFT_3D   :    258.62s WALL      8.17% (   45180 calls)     0.01s/call
    Pot_Ion      :      2.76s WALL      0.09% (    1049 calls)     0.00s/call
    Pot_Har      :     17.71s WALL      0.56% (    1049 calls)     0.02s/call
    Pot_Exc      :    312.00s WALL      9.86% (    1049 calls)     0.30s/call
    PBEPot       :    309.43s WALL      9.78% (    1049 calls)     0.29s/call
    Pot_KEDF     :   2800.86s WALL     88.52% (    1049 calls)     2.67s/call
    intPot       :   2758.38s WALL     87.18% (    1049 calls)     2.63s/call
    MakeXiG      :     16.10s WALL      0.51% (    1049 calls)     0.02s/call
    VWPotSqrPlus :     14.12s WALL      0.45% (    1049 calls)     0.01s/call
    intPot1      :    781.57s WALL     24.70% (   14723 calls)     0.05s/call
    MakeHC10Kern :     75.56s WALL      2.39% (   15771 calls)     0.00s/call
    intPot2      :    576.63s WALL     18.22% (   14723 calls)     0.04s/call
    intPot3      :    833.64s WALL     26.35% (   14723 calls)     0.06s/call
    intPot4      :    371.53s WALL     11.74% (   14723 calls)     0.03s/call
    NextGradient :      1.36s WALL      0.04% (      93 calls)     0.01s/call
 -----------------------------------------------------------------------------
 ------------------------------- TOTAL ---------------------------------------
    PROFESS      :   3164.10s WALL    100.00% (       1 calls)  3164.10s/call
 -----------------------------------------------------------------------------

Run completed on: 07/31/2024 at 03:13:04 
  
