 ******************************************************************************
                             WELCOME TO PROFESS                   
            (PRinceton Orbital-Free Electronic Structure Software) 
 ******************************************************************************

 ------------------------------------------------------------------------------
                           READ GEOMETRY
 Cell length (Bohr)    7.536E+00   7.536E+00   7.536E+00
 Angle     (Degree)    6.000E+01   6.000E+01   6.000E+01
 Volume    (Bohr^3)    3.026E+02

 ------------------------------------------------------------------------------
                           READ PSEUDOPOTENTIAL
 Total electron number in ReadPseudo is    8.0000000000000000     
 (System) Machine Precision              :    2.2204460492503131E-016

 ------------------------------------------------------------------------------
                           SETUP FFT
 Global FFT Dimension :    40   40   40
 Dimension of rho for this processor : 
 xmin, xmax :            0          39
 ymin, ymax :            0          39
 zmin, zmax :            0          39
 Total electron number =    8.0000000000000000     
 Uniform rhoR =    2.6439725778751616E-002
 (GB INFO) FFT size      :       40      40      40
 (GB INFO) FFT offset    :        0
 (GB INFO) FFT G size    :       21      40      40
 (GB INFO) FFT G offset  :        0

 ------------------------------------------------------------------------------
                           SETUP KEDF
 kinetic energy density functional number is            5
 ( 1=TF, 2=VW, 3=TF+VW, 4=WT,  5=WGC,  
   7=LQ, 8=HQ, 10=CAT,  11=HC, 12=WGCD,
   15=GGA, 16=WGCD+GGA, 17=EVT, 18=EVC )
 qTable dimension:    21   40   40
 Coefficient for TF KEDF is     1.0000
 Coefficient for VW KEDF is     1.0000
 Coefficient for alpha in WGC KEDF is     1.2060
 Coefficient for beta  in WGC KEDF is     0.4607
 Coefficient for gamma in WGC KEDF is     4.2000
 rho0 (Electron/Bohr^3) in WGC KEDF is     0.0264
 rhoS (Electron/Bohr^3) in WGC KEDF is     0.0264
 hold0 =  F
 holdS =  F
  dV of each real space grid is now    4.7277343587450033E-003
 Cell length (Bohr)    7.536E+00   7.536E+00   7.536E+00
 Angle     (Degree)    6.000E+01   6.000E+01   6.000E+01
 Volume    (Bohr^3)    3.026E+02

 ------------------------------------------------------------------------------
                           SETUP EWALD 
 (Ewald) eta                             :    1.200    
 (Ewald) Real Space Cutoff               :    6.000     (Bohr)
 (Ewald) Reciprocal Cutoff               :    16.26     (1/Bohr)

 ------------------------------------------------------------------------------
                           SETUP PLANE WAVE 

 ------------------------------------------------------------------------------
                           INITIALIZING WGC KERNEL
 Fermi vector :   0.92163575631043848     
 Reference density :    2.6439725778751616E-002
 Make WGC kernels.
 Dimension of KEDF Kernel :           21          40          40

 ------------------------------------------------------------------------------
                           REFRESH ION POSITIONS
  
 Calculating Ion-Ion Energy ...                   complete.     0.010 s
  
 Calculating Ion-Electron Potential (spline) ... 
 complete.     0.019 s

 ------------------------------------------------------------------------------
                           DENSITY OPTIMIZATION
 Electron number for spin            1  is    8.0000000000098304     
 Cell Volume      :            44.836988 Angstrom^3
 Ion number       :                    2
 Electron number  :             8.000000
 Ion density      :             0.044606 Ion/Angstrom^3
 Electron density :             0.178424 Electron/Angstrom^3
##############################################################################
#                               FINAL ENERGIES                       time    #
##############################################################################
# Thomas-Fermi Kin. Energy =   7.784911265063E+01 eV                 0.000 s #
# Von-Weizsacker Kin. Ener =   2.748572119305E+01 eV                 0.000 s #
#       WGC Kinetic Energy =  -1.895716518842E+01 eV                 0.000 s #
#                                                                            #
# GGA(PBE) Exch-Cor Energy =  -6.577647351898E+01 eV                 0.000 s #
#         Coulombic Energy =   2.293642944375E+01 eV                 0.000 s #
#      Ion-Electron Energy =  -5.440993847234E+01 eV                 0.000 s #
#           Ion-Ion Energy =  -2.297341260985E+02 eV                 0.000 s #
#                                                                            #
#     TOTAL KINETIC ENERGY =   8.637766865526E+01 eV                         #
#   TOTAL POTENTIAL ENERGY =  -3.269841086461E+02 eV                         #
#             TOTAL ENERGY =  -2.406064399908E+02 eV                         #
##############################################################################
  
 ----------------------------- TIME INFORMATION ------------------------------
    PROFESS      :     32.78s WALL    100.00% (       1 calls)    32.78s/call
    InitPROFESS  :      0.10s WALL      0.30% (       1 calls)     0.10s/call
    KEDFRefresh  :      0.03s WALL      0.10% (       1 calls)     0.03s/call
    IonRefresh   :      0.03s WALL      0.10% (       1 calls)     0.03s/call
    EwaldEnergy  :      0.01s WALL      0.03% (       1 calls)     0.01s/call
    ForwFFT_3D   :      5.84s WALL     17.80% (    2583 calls)     0.00s/call
    BackFFT_3D   :      4.67s WALL     14.26% (    2581 calls)     0.00s/call
    Pot_Ion      :      0.12s WALL      0.35% (     215 calls)     0.00s/call
    Pot_Har      :      1.02s WALL      3.12% (     215 calls)     0.00s/call
    Pot_Exc      :     17.77s WALL     54.19% (     215 calls)     0.08s/call
    PBEPot       :     16.78s WALL     51.17% (     215 calls)     0.08s/call
    Pot_KEDF     :     11.99s WALL     36.58% (     215 calls)     0.06s/call
    WGCPotPlus   :      9.56s WALL     29.17% (     215 calls)     0.04s/call
    VWPotSqrPlus :      0.77s WALL      2.36% (     215 calls)     0.00s/call
    NextGradient :      0.04s WALL      0.13% (       9 calls)     0.00s/call
 -----------------------------------------------------------------------------
 ------------------------------- TOTAL ---------------------------------------
    PROFESS      :     32.78s WALL    100.00% (       1 calls)    32.78s/call
 -----------------------------------------------------------------------------

Run completed on: 07/30/2024 at 20:42:24 
  
