 AUTO_SET ks_solver to cg
 In SCAN_BEGIN, can't find: LATTICE_PARAMETERS block.
 functional  warning : file /home/dell/1_work/abacus-develop/source/src_pw/xc_type.cpp line 297 may error 
                            startmag_type = 1
                       charge from rho_at = 3
                         charge should be = 3

 SETUP ATOMIC RHO FOR SPIN 1
                 Electron number from rho = 59.9875
           total electron number from rho = 59.9875
                                should be = 60
                 charge before normalized = 60
                  charge after normalized = 60
                            startmag_type = 1
                       charge from rho_at = 2.99999999999999
                         charge should be = 3

 SETUP ATOMIC RHO FOR SPIN 1
                 Electron number from rho = 59.9875
           total electron number from rho = 59.9875
                                should be = 60
                            startmag_type = 1
                       charge from rho_at = 2.99999999999999
                         charge should be = 3

 SETUP ATOMIC RHO FOR SPIN 1
                 Electron number from rho = 59.9875
           total electron number from rho = 59.9875
                                should be = 60
                 charge before normalized = 59.999999999995
                  charge after normalized = 60
                            startmag_type = 1
                       charge from rho_at = 2.99999999999999
                         charge should be = 3

 SETUP ATOMIC RHO FOR SPIN 1
                 Electron number from rho = 59.9875
           total electron number from rho = 59.9875
                                should be = 60
                            startmag_type = 1
                       charge from rho_at = 2.99999999999999
                         charge should be = 3

 SETUP ATOMIC RHO FOR SPIN 1
                 Electron number from rho = 59.9875
           total electron number from rho = 59.9875
                                should be = 60
                 charge before normalized = 60.0000000000645
                  charge after normalized = 60
                            startmag_type = 1
                       charge from rho_at = 2.99999999999999
                         charge should be = 3

 SETUP ATOMIC RHO FOR SPIN 1
                 Electron number from rho = 59.9875
           total electron number from rho = 59.9875
                                should be = 60
                            startmag_type = 1
                       charge from rho_at = 2.99999999999999
                         charge should be = 3

 SETUP ATOMIC RHO FOR SPIN 1
                 Electron number from rho = 59.9875
           total electron number from rho = 59.9875
                                should be = 60
                 charge before normalized = 59.9999999999536
                  charge after normalized = 60
                            startmag_type = 1
                       charge from rho_at = 2.99999999999999
                         charge should be = 3

 SETUP ATOMIC RHO FOR SPIN 1
                 Electron number from rho = 59.9875
           total electron number from rho = 59.9875
                                should be = 60
                            startmag_type = 1
                       charge from rho_at = 2.99999999999999
                         charge should be = 3

 SETUP ATOMIC RHO FOR SPIN 1
                 Electron number from rho = 59.9875
           total electron number from rho = 59.9875
                                should be = 60
                 charge before normalized = 59.999999999911
                  charge after normalized = 60
                            startmag_type = 1
                       charge from rho_at = 2.99999999999999
                         charge should be = 3

 SETUP ATOMIC RHO FOR SPIN 1
                 Electron number from rho = 59.9875
           total electron number from rho = 59.9875
                                should be = 60
                            startmag_type = 1
                       charge from rho_at = 2.99999999999999
                         charge should be = 3

 SETUP ATOMIC RHO FOR SPIN 1
                 Electron number from rho = 59.9875
           total electron number from rho = 59.9875
                                should be = 60
                 charge before normalized = 59.9999999999896
                  charge after normalized = 60
                            startmag_type = 1
                       charge from rho_at = 2.99999999999999
                         charge should be = 3

 SETUP ATOMIC RHO FOR SPIN 1
                 Electron number from rho = 59.9875
           total electron number from rho = 59.9875
                                should be = 60
                            startmag_type = 1
                       charge from rho_at = 2.99999999999999
                         charge should be = 3

 SETUP ATOMIC RHO FOR SPIN 1
                 Electron number from rho = 59.9875
           total electron number from rho = 59.9875
                                should be = 60
                 charge before normalized = 60.00000000001
                  charge after normalized = 60
                            startmag_type = 1
                       charge from rho_at = 2.99999999999999
                         charge should be = 3

 SETUP ATOMIC RHO FOR SPIN 1
                 Electron number from rho = 59.9875
           total electron number from rho = 59.9875
                                should be = 60
                            startmag_type = 1
                       charge from rho_at = 2.99999999999999
                         charge should be = 3

 SETUP ATOMIC RHO FOR SPIN 1
                 Electron number from rho = 59.9875
           total electron number from rho = 59.9875
                                should be = 60
                 charge before normalized = 59.9999999999379
                  charge after normalized = 60
                            startmag_type = 1
                       charge from rho_at = 2.99999999999999
                         charge should be = 3

 SETUP ATOMIC RHO FOR SPIN 1
                 Electron number from rho = 59.9875
           total electron number from rho = 59.9875
                                should be = 60
                            startmag_type = 1
                       charge from rho_at = 2.99999999999999
                         charge should be = 3

 SETUP ATOMIC RHO FOR SPIN 1
                 Electron number from rho = 59.9875
           total electron number from rho = 59.9875
                                should be = 60
                 charge before normalized = 60.000000000088
                  charge after normalized = 60
                            startmag_type = 1
                       charge from rho_at = 2.99999999999999
                         charge should be = 3

 SETUP ATOMIC RHO FOR SPIN 1
                 Electron number from rho = 59.9875
           total electron number from rho = 59.9875
                                should be = 60
                            startmag_type = 1
                       charge from rho_at = 2.99999999999999
                         charge should be = 3

 SETUP ATOMIC RHO FOR SPIN 1
                 Electron number from rho = 59.9875
           total electron number from rho = 59.9875
                                should be = 60
                 charge before normalized = 60.0000000000409
                  charge after normalized = 60
                            startmag_type = 1
                       charge from rho_at = 2.99999999999999
                         charge should be = 3

 SETUP ATOMIC RHO FOR SPIN 1
                 Electron number from rho = 59.9875
           total electron number from rho = 59.9875
                                should be = 60
                            startmag_type = 1
                       charge from rho_at = 2.99999999999999
                         charge should be = 3

 SETUP ATOMIC RHO FOR SPIN 1
                 Electron number from rho = 59.9875
           total electron number from rho = 59.9875
                                should be = 60
                 charge before normalized = 59.9999999999848
                  charge after normalized = 60
                            startmag_type = 1
                       charge from rho_at = 2.99999999999999
                         charge should be = 3

 SETUP ATOMIC RHO FOR SPIN 1
                 Electron number from rho = 59.9875
           total electron number from rho = 59.9875
                                should be = 60
                            startmag_type = 1
                       charge from rho_at = 2.99999999999999
                         charge should be = 3

 SETUP ATOMIC RHO FOR SPIN 1
                 Electron number from rho = 59.9875
           total electron number from rho = 59.9875
                                should be = 60
                 charge before normalized = 60.000000000037
                  charge after normalized = 60
                            startmag_type = 1
                       charge from rho_at = 2.99999999999999
                         charge should be = 3

 SETUP ATOMIC RHO FOR SPIN 1
                 Electron number from rho = 59.9875
           total electron number from rho = 59.9875
                                should be = 60
                            startmag_type = 1
                       charge from rho_at = 2.99999999999999
                         charge should be = 3

 SETUP ATOMIC RHO FOR SPIN 1
                 Electron number from rho = 59.9875
           total electron number from rho = 59.9875
                                should be = 60
                 charge before normalized = 60.0000000000733
                  charge after normalized = 60
                            startmag_type = 1
                       charge from rho_at = 2.99999999999999
                         charge should be = 3

 SETUP ATOMIC RHO FOR SPIN 1
                 Electron number from rho = 59.9875
           total electron number from rho = 59.9875
                                should be = 60
                            startmag_type = 1
                       charge from rho_at = 2.99999999999999
                         charge should be = 3

 SETUP ATOMIC RHO FOR SPIN 1
                 Electron number from rho = 59.9875
           total electron number from rho = 59.9875
                                should be = 60
                 charge before normalized = 59.9999999999177
                  charge after normalized = 60
                            startmag_type = 1
                       charge from rho_at = 2.99999999999999
                         charge should be = 3

 SETUP ATOMIC RHO FOR SPIN 1
                 Electron number from rho = 59.9875
           total electron number from rho = 59.9875
                                should be = 60
                            startmag_type = 1
                       charge from rho_at = 2.99999999999999
                         charge should be = 3

 SETUP ATOMIC RHO FOR SPIN 1
                 Electron number from rho = 59.9875
           total electron number from rho = 59.9875
                                should be = 60
                 charge before normalized = 59.9999999999979
                  charge after normalized = 60
                            startmag_type = 1
                       charge from rho_at = 2.99999999999999
                         charge should be = 3

 SETUP ATOMIC RHO FOR SPIN 1
                 Electron number from rho = 59.9875
           total electron number from rho = 59.9875
                                should be = 60
                            startmag_type = 1
                       charge from rho_at = 2.99999999999999
                         charge should be = 3

 SETUP ATOMIC RHO FOR SPIN 1
                 Electron number from rho = 59.9875
           total electron number from rho = 59.9875
                                should be = 60
                 charge before normalized = 60.0000000000156
                  charge after normalized = 60
                            startmag_type = 1
                       charge from rho_at = 2.99999999999999
                         charge should be = 3

 SETUP ATOMIC RHO FOR SPIN 1
                 Electron number from rho = 59.9875
           total electron number from rho = 59.9875
                                should be = 60
                            startmag_type = 1
                       charge from rho_at = 2.99999999999999
                         charge should be = 3

 SETUP ATOMIC RHO FOR SPIN 1
                 Electron number from rho = 59.9875
           total electron number from rho = 59.9875
                                should be = 60
                 charge before normalized = 60.0000000000105
                  charge after normalized = 60
                            startmag_type = 1
                       charge from rho_at = 2.99999999999999
                         charge should be = 3

 SETUP ATOMIC RHO FOR SPIN 1
                 Electron number from rho = 59.9875
           total electron number from rho = 59.9875
                                should be = 60
                            startmag_type = 1
                       charge from rho_at = 2.99999999999999
                         charge should be = 3

 SETUP ATOMIC RHO FOR SPIN 1
                 Electron number from rho = 59.9875
           total electron number from rho = 59.9875
                                should be = 60
                 charge before normalized = 60.0000000000747
                  charge after normalized = 60
                            startmag_type = 1
                       charge from rho_at = 2.99999999999999
                         charge should be = 3

 SETUP ATOMIC RHO FOR SPIN 1
                 Electron number from rho = 59.9875
           total electron number from rho = 59.9875
                                should be = 60
                            startmag_type = 1
                       charge from rho_at = 2.99999999999999
                         charge should be = 3

 SETUP ATOMIC RHO FOR SPIN 1
                 Electron number from rho = 59.9875
           total electron number from rho = 59.9875
                                should be = 60
                 charge before normalized = 60.0000000000596
                  charge after normalized = 60
                            startmag_type = 1
                       charge from rho_at = 2.99999999999999
                         charge should be = 3

 SETUP ATOMIC RHO FOR SPIN 1
                 Electron number from rho = 59.9875
           total electron number from rho = 59.9875
                                should be = 60
                            startmag_type = 1
                       charge from rho_at = 2.99999999999999
                         charge should be = 3

 SETUP ATOMIC RHO FOR SPIN 1
                 Electron number from rho = 59.9875
           total electron number from rho = 59.9875
                                should be = 60
                 charge before normalized = 59.9999999999856
                  charge after normalized = 60
                            startmag_type = 1
                       charge from rho_at = 2.99999999999999
                         charge should be = 3

 SETUP ATOMIC RHO FOR SPIN 1
                 Electron number from rho = 59.9875
           total electron number from rho = 59.9875
                                should be = 60
                            startmag_type = 1
                       charge from rho_at = 2.99999999999999
                         charge should be = 3

 SETUP ATOMIC RHO FOR SPIN 1
                 Electron number from rho = 59.9875
           total electron number from rho = 59.9875
                                should be = 60
                 charge before normalized = 60.0000000000644
                  charge after normalized = 60
                            startmag_type = 1
                       charge from rho_at = 2.99999999999999
                         charge should be = 3

 SETUP ATOMIC RHO FOR SPIN 1
                 Electron number from rho = 59.9875
           total electron number from rho = 59.9875
                                should be = 60
                            startmag_type = 1
                       charge from rho_at = 2.99999999999999
                         charge should be = 3

 SETUP ATOMIC RHO FOR SPIN 1
                 Electron number from rho = 59.9875
           total electron number from rho = 59.9875
                                should be = 60
                 charge before normalized = 60.0000000000582
                  charge after normalized = 60
                            startmag_type = 1
                       charge from rho_at = 2.99999999999999
                         charge should be = 3

 SETUP ATOMIC RHO FOR SPIN 1
                 Electron number from rho = 59.9875
           total electron number from rho = 59.9875
                                should be = 60
                            startmag_type = 1
                       charge from rho_at = 2.99999999999999
                         charge should be = 3

 SETUP ATOMIC RHO FOR SPIN 1
                 Electron number from rho = 59.9875
           total electron number from rho = 59.9875
                                should be = 60
                 charge before normalized = 60.0000000000386
                  charge after normalized = 60
                            startmag_type = 1
                       charge from rho_at = 2.99999999999999
                         charge should be = 3

 SETUP ATOMIC RHO FOR SPIN 1
                 Electron number from rho = 59.9875
           total electron number from rho = 59.9875
                                should be = 60
                            startmag_type = 1
                       charge from rho_at = 2.99999999999999
                         charge should be = 3

 SETUP ATOMIC RHO FOR SPIN 1
                 Electron number from rho = 59.9875
           total electron number from rho = 59.9875
                                should be = 60
                 charge before normalized = 60.0000000000365
                  charge after normalized = 60
                            startmag_type = 1
                       charge from rho_at = 2.99999999999999
                         charge should be = 3

 SETUP ATOMIC RHO FOR SPIN 1
                 Electron number from rho = 59.9875
           total electron number from rho = 59.9875
                                should be = 60
                            startmag_type = 1
                       charge from rho_at = 2.99999999999999
                         charge should be = 3

 SETUP ATOMIC RHO FOR SPIN 1
                 Electron number from rho = 59.9875
           total electron number from rho = 59.9875
                                should be = 60
                 charge before normalized = 59.9999999999126
                  charge after normalized = 60
                            startmag_type = 1
                       charge from rho_at = 2.99999999999999
                         charge should be = 3

 SETUP ATOMIC RHO FOR SPIN 1
                 Electron number from rho = 59.9875
           total electron number from rho = 59.9875
                                should be = 60
                            startmag_type = 1
                       charge from rho_at = 2.99999999999999
                         charge should be = 3

 SETUP ATOMIC RHO FOR SPIN 1
                 Electron number from rho = 59.9875
           total electron number from rho = 59.9875
                                should be = 60
                 charge before normalized = 59.9999999999303
                  charge after normalized = 60
                            startmag_type = 1
                       charge from rho_at = 2.99999999999999
                         charge should be = 3

 SETUP ATOMIC RHO FOR SPIN 1
                 Electron number from rho = 59.9875
           total electron number from rho = 59.9875
                                should be = 60
                            startmag_type = 1
                       charge from rho_at = 2.99999999999999
                         charge should be = 3

 SETUP ATOMIC RHO FOR SPIN 1
                 Electron number from rho = 59.9875
           total electron number from rho = 59.9875
                                should be = 60
                 charge before normalized = 60.0000000000218
                  charge after normalized = 60
                            startmag_type = 1
                       charge from rho_at = 2.99999999999999
                         charge should be = 3

 SETUP ATOMIC RHO FOR SPIN 1
                 Electron number from rho = 59.9875
           total electron number from rho = 59.9875
                                should be = 60
                            startmag_type = 1
                       charge from rho_at = 2.99999999999999
                         charge should be = 3

 SETUP ATOMIC RHO FOR SPIN 1
                 Electron number from rho = 59.9875
           total electron number from rho = 59.9875
                                should be = 60
                 charge before normalized = 60.0000000000008
                  charge after normalized = 60
                            startmag_type = 1
                       charge from rho_at = 2.99999999999999
                         charge should be = 3

 SETUP ATOMIC RHO FOR SPIN 1
                 Electron number from rho = 59.9875
           total electron number from rho = 59.9875
                                should be = 60
                            startmag_type = 1
                       charge from rho_at = 2.99999999999999
                         charge should be = 3

 SETUP ATOMIC RHO FOR SPIN 1
                 Electron number from rho = 59.9875
           total electron number from rho = 59.9875
                                should be = 60
                 charge before normalized = 59.999999999942
                  charge after normalized = 60
                            startmag_type = 1
                       charge from rho_at = 2.99999999999999
                         charge should be = 3

 SETUP ATOMIC RHO FOR SPIN 1
                 Electron number from rho = 59.9875
           total electron number from rho = 59.9875
                                should be = 60
                            startmag_type = 1
                       charge from rho_at = 2.99999999999999
                         charge should be = 3

 SETUP ATOMIC RHO FOR SPIN 1
                 Electron number from rho = 59.9875
           total electron number from rho = 59.9875
                                should be = 60
                 charge before normalized = 60.0000000000039
                  charge after normalized = 60
