 ******************************************************************************
                             WELCOME TO PROFESS                   
            (PRinceton Orbital-Free Electronic Structure Software) 
 ******************************************************************************

 ------------------------------------------------------------------------------
                           READ GEOMETRY
 Cell length (Bohr)    7.748E+00   7.748E+00   1.275E+01
 Angle     (Degree)    9.000E+01   9.000E+01   1.200E+02
 Volume    (Bohr^3)    6.627E+02

 ------------------------------------------------------------------------------
                           READ PSEUDOPOTENTIAL
 Total electron number in ReadPseudo is    16.000000000000000     
 (System) Machine Precision              :    2.2204460492503131E-016

 ------------------------------------------------------------------------------
                           SETUP FFT
 Global FFT Dimension :    40   40   63
 Dimension of rho for this processor : 
 xmin, xmax :            0          39
 ymin, ymax :            0          39
 zmin, zmax :            0          62
 Total electron number =    16.000000000000000     
 Uniform rhoR =    2.4144033557525015E-002
 (GB INFO) FFT size      :       40      40      63
 (GB INFO) FFT offset    :        0
 (GB INFO) FFT G size    :       21      40      63
 (GB INFO) FFT G offset  :        0

 ------------------------------------------------------------------------------
                           SETUP KEDF
 kinetic energy density functional number is            5
 ( 1=TF, 2=VW, 3=TF+VW, 4=WT,  5=WGC,  
   7=LQ, 8=HQ, 10=CAT,  11=HC, 12=WGCD,
   15=GGA, 16=WGCD+GGA, 17=EVT, 18=EVC )
 qTable dimension:    21   40   63
 Coefficient for TF KEDF is     1.0000
 Coefficient for VW KEDF is     1.0000
 Coefficient for alpha in WGC KEDF is     1.2060
 Coefficient for beta  in WGC KEDF is     0.4607
 Coefficient for gamma in WGC KEDF is     4.2000
 rho0 (Electron/Bohr^3) in WGC KEDF is     0.0241
 rhoS (Electron/Bohr^3) in WGC KEDF is     0.0241
 hold0 =  F
 holdS =  F
  dV of each real space grid is now    6.5743016116993017E-003
 Cell length (Bohr)    7.748E+00   7.748E+00   1.275E+01
 Angle     (Degree)    9.000E+01   9.000E+01   1.200E+02
 Volume    (Bohr^3)    6.627E+02

 ------------------------------------------------------------------------------
                           SETUP EWALD 
 (Ewald) eta                             :    1.200    
 (Ewald) Real Space Cutoff               :    6.000     (Bohr)
 (Ewald) Reciprocal Cutoff               :    15.28     (1/Bohr)

 ------------------------------------------------------------------------------
                           SETUP PLANE WAVE 

 ------------------------------------------------------------------------------
                           INITIALIZING WGC KERNEL
 Fermi vector :   0.89414978279443147     
 Reference density :    2.4144033557525015E-002
 Make WGC kernels.
 Dimension of KEDF Kernel :           21          40          63

 ------------------------------------------------------------------------------
                           REFRESH ION POSITIONS
  
 Calculating Ion-Ion Energy ...                   complete.     0.012 s
  
 Calculating Ion-Electron Potential (spline) ... 
 complete.     0.037 s

 ------------------------------------------------------------------------------
                           DENSITY OPTIMIZATION
 Electron number for spin            1  is    16.000000000026979     
 Cell Volume      :            98.200466 Angstrom^3
 Ion number       :                    4
 Electron number  :            16.000000
 Ion density      :             0.040733 Ion/Angstrom^3
 Electron density :             0.162932 Electron/Angstrom^3
  
 ----------------------------- TIME INFORMATION ------------------------------
    PROFESS      :     28.23s WALL    100.00% (       1 calls)    28.23s/call
    InitPROFESS  :      0.13s WALL      0.47% (       1 calls)     0.13s/call
    KEDFRefresh  :      0.05s WALL      0.17% (       1 calls)     0.05s/call
    IonRefresh   :      0.05s WALL      0.19% (       1 calls)     0.05s/call
    EwaldEnergy  :      0.01s WALL      0.04% (       1 calls)     0.01s/call
    ForwFFT_3D   :      5.25s WALL     18.59% (    1131 calls)     0.00s/call
    BackFFT_3D   :      3.79s WALL     13.41% (    1129 calls)     0.00s/call
    Pot_Ion      :      0.08s WALL      0.30% (      94 calls)     0.00s/call
    Pot_Har      :      0.90s WALL      3.19% (      94 calls)     0.01s/call
    Pot_Exc      :     15.80s WALL     55.96% (      94 calls)     0.17s/call
    PBEPot       :     15.16s WALL     53.71% (      94 calls)     0.16s/call
    Pot_KEDF     :     10.11s WALL     35.81% (      94 calls)     0.11s/call
    WGCPotPlus   :      8.06s WALL     28.56% (      94 calls)     0.09s/call
    VWPotSqrPlus :      0.68s WALL      2.40% (      94 calls)     0.01s/call
    NextGradient :      0.03s WALL      0.10% (       5 calls)     0.01s/call
 -----------------------------------------------------------------------------
