 ******************************************************************************
                             WELCOME TO PROFESS                   
            (PRinceton Orbital-Free Electronic Structure Software) 
 ******************************************************************************

 ------------------------------------------------------------------------------
                           READ GEOMETRY
 Cell length (Bohr)    5.142E+00   5.142E+00   5.142E+00
 Angle     (Degree)    9.000E+01   9.000E+01   9.000E+01
 Volume    (Bohr^3)    1.359E+02

 ------------------------------------------------------------------------------
                           READ PSEUDOPOTENTIAL
 Total electron number in ReadPseudo is    3.0000000000000000     
 (System) Machine Precision              :    2.2204460492503131E-016

 ------------------------------------------------------------------------------
                           SETUP FFT
 Global FFT Dimension :    27   27   27
 Rank/Size in Global Communicator     :            0 /           1
 Rank/Size in Global FFT Communicator :            0 /           1
 Parallel FFT, totX    =    27
 Parallel FFT, totY    =    27
 Parallel FFT, locZ    =    27
 Parallel FFT, locZoff =     0
 Dimension of rho for this processor : 
 xmin, xmax :            0          26
 ymin, ymax :            0          26
 zmin, zmax :            0          26
 Total electron number =    3.0000000000000000     
 Uniform rhoR =    2.2069648830386829E-002
 (GB INFO) FFT size      :       27      27      27
 (GB INFO) FFT offset    :        0
 (GB INFO) FFT G size    :       14      27      27
 (GB INFO) FFT G offset  :        0

 ------------------------------------------------------------------------------
                           SETUP KEDF
 kinetic energy density functional number is            5
 ( 1=TF, 2=VW, 3=TF+VW, 4=WT,  5=WGC,  
   7=LQ, 8=HQ, 10=CAT,  11=HC, 12=WGCD,
   15=GGA, 16=WGCD+GGA, 17=EVT, 18=EVC )
 qTable dimension:    14   27   27
 Coefficient for TF KEDF is     1.0000
 Coefficient for VW KEDF is     1.0000
 Coefficient for alpha in WGC KEDF is     1.2060
 Coefficient for beta  in WGC KEDF is     0.4607
 Coefficient for gamma in WGC KEDF is     2.7000
 rho0 (Electron/Bohr^3) in WGC KEDF is     0.0221
 rhoS (Electron/Bohr^3) in WGC KEDF is     0.0221
 hold0 =  F
 holdS =  F
  dV of each real space grid is now    6.9061266650522002E-003
 Cell length (Bohr)    5.142E+00   5.142E+00   5.142E+00
 Angle     (Degree)    9.000E+01   9.000E+01   9.000E+01
 Volume    (Bohr^3)    1.359E+02

 ------------------------------------------------------------------------------
                           SETUP EWALD 
 (Ewald) eta                             :    1.200    
 (Ewald) Real Space Cutoff               :    6.000     (Bohr)
 (Ewald) Reciprocal Cutoff               :    15.89     (1/Bohr)

 ------------------------------------------------------------------------------
                           SETUP PLANE WAVE 

 ------------------------------------------------------------------------------
                           INITIALIZING WGC KERNEL
 Fermi vector :   0.86777168320882903     
 Reference density :    2.2069648830386829E-002
 Make WGC kernels.
 Dimension of KEDF Kernel :           14          27          27

 ------------------------------------------------------------------------------
                           REFRESH ION POSITIONS
  
 Calculating Ion-Ion Energy ...                   complete.     0.001 s
  
 Calculating Ion-Electron Potential (spline) ... 
 complete.     0.002 s

 ------------------------------------------------------------------------------
                           DENSITY OPTIMIZATION
 Electron number for spin            1  is    2.9999999999993969     
 Cell Volume      :            20.143235 Angstrom^3
 Ion number       :                    1
 Electron number  :             3.000000
 Ion density      :             0.049644 Ion/Angstrom^3
 Electron density :             0.148933 Electron/Angstrom^3
##############################################################################
#                               FINAL ENERGIES                       time    #
##############################################################################
# Thomas-Fermi Kin. Energy =   1.942715283222E+01 eV                 0.000 s #
# Von-Weizsacker Kin. Ener =   3.135902529932E+00 eV                 0.000 s #
#       WGC Kinetic Energy =  -1.573131310464E+00 eV                 0.000 s #
#                                                                            #
# GGA(PBE) Exch-Cor Energy =  -2.083790263829E+01 eV                 0.000 s #
#         Coulombic Energy =   4.886455484698E-01 eV                 0.000 s #
#      Ion-Electron Energy =   1.006705273349E+01 eV                 0.000 s #
#           Ion-Ion Energy =  -6.757085235732E+01 eV                 0.000 s #
#                                                                            #
#     TOTAL KINETIC ENERGY =   2.098992405169E+01 eV                         #
#   TOTAL POTENTIAL ENERGY =  -7.785305671364E+01 eV                         #
#             TOTAL ENERGY =  -5.686313266196E+01 eV                         #
##############################################################################
  
 ----------------------------- TIME INFORMATION ------------------------------
    PROFESS      :      2.97s WALL    100.00% (       1 calls)     2.97s/call
    InitPROFESS  :      0.04s WALL      1.30% (       1 calls)     0.04s/call
    KEDFRefresh  :      0.02s WALL      0.54% (       1 calls)     0.02s/call
    IonRefresh   :      0.00s WALL      0.11% (       1 calls)     0.00s/call
    EwaldEnergy  :      0.00s WALL      0.04% (       1 calls)     0.00s/call
    Pot_Ion      :      0.00s WALL      0.10% (     109 calls)     0.00s/call
    Pot_Har      :      0.09s WALL      2.96% (     109 calls)     0.00s/call
    Pot_Exc      :      1.03s WALL     34.57% (     109 calls)     0.01s/call
    PBEPot       :      1.00s WALL     33.63% (     109 calls)     0.01s/call
    Pot_KEDF     :      1.48s WALL     49.70% (     109 calls)     0.01s/call
    WGCPotPlus   :      1.16s WALL     39.15% (     109 calls)     0.01s/call
    VWPotSqrPlus :      0.08s WALL      2.64% (     109 calls)     0.00s/call
    NextGradient :      0.00s WALL      0.04% (       6 calls)     0.00s/call
 -----------------------------------------------------------------------------
 ------------------------------- TOTAL ---------------------------------------
    PROFESS      :      2.97s WALL    100.00% (       1 calls)     2.97s/call
 -----------------------------------------------------------------------------

Run completed on: 05/02/2023 at 14:02:23 
  
