 ******************************************************************************
                             WELCOME TO PROFESS                   
            (PRinceton Orbital-Free Electronic Structure Software) 
 ******************************************************************************

 ------------------------------------------------------------------------------
                           READ GEOMETRY
 Cell length (Bohr)    4.537E+00   4.537E+00   4.537E+00
 Angle     (Degree)    1.095E+02   1.095E+02   1.095E+02
 Volume    (Bohr^3)    7.189E+01

 ------------------------------------------------------------------------------
                           READ PSEUDOPOTENTIAL
 Total electron number in ReadPseudo is    4.0000000000000000     
 (System) Machine Precision              :    2.2204460492503131E-016

 ------------------------------------------------------------------------------
                           SETUP FFT
 Global FFT Dimension :    24   24   24
 Dimension of rho for this processor : 
 xmin, xmax :            0          23
 ymin, ymax :            0          23
 zmin, zmax :            0          23
 Total electron number =    4.0000000000000000     
 Uniform rhoR =    5.5642190185680555E-002
 (GB INFO) FFT size      :       24      24      24
 (GB INFO) FFT offset    :        0
 (GB INFO) FFT G size    :       13      24      24
 (GB INFO) FFT G offset  :        0

 ------------------------------------------------------------------------------
                           SETUP KEDF
 kinetic energy density functional number is           11
 ( 1=TF, 2=VW, 3=TF+VW, 4=WT,  5=WGC,  
   7=LQ, 8=HQ, 10=CAT,  11=HC, 12=WGCD,
   15=GGA, 16=WGCD+GGA, 17=EVT, 18=EVC )
 qTable dimension:    13   24   24
 rhoS=   5.5642190185680555E-002
 rho0=   5.5642190185680555E-002
 coefficients for TF KEDF is     1.000000
 coefficients for VW KEDF is     1.000000
 Lambda in HC10 is set to     0.000000
 ALPHA  in HC10 is set to     2.016667
 BETA   in HC10 is set to     0.650000
 Sum of alpha and beta is     2.666667
  dV of each real space grid is now    5.2002239826698304E-003
 Cell length (Bohr)    4.537E+00   4.537E+00   4.537E+00
 Angle     (Degree)    1.095E+02   1.095E+02   1.095E+02
 Volume    (Bohr^3)    7.189E+01

 ------------------------------------------------------------------------------
                           SETUP EWALD 
 (Ewald) eta                             :    1.200    
 (Ewald) Real Space Cutoff               :    6.000     (Bohr)
 (Ewald) Reciprocal Cutoff               :    15.93     (1/Bohr)

 ------------------------------------------------------------------------------
                           SETUP PLANE WAVE 

 ------------------------------------------------------------------------------
                           REFRESH ION POSITIONS
  
 Calculating Ion-Ion Energy ...                   complete.     0.004 s
  
 Calculating Ion-Electron Potential (spline) ... 
 complete.     0.003 s

 ------------------------------------------------------------------------------
                           DENSITY OPTIMIZATION
 Electron number for spin            1  is    4.0000000000007736     
 Cell Volume      :            10.652687 Angstrom^3
 Ion number       :                    1
 Electron number  :             4.000000
 Ion density      :             0.093873 Ion/Angstrom^3
 Electron density :             0.375492 Electron/Angstrom^3
##############################################################################
#                               FINAL ENERGIES                       time    #
##############################################################################
# Thomas-Fermi Kin. Energy =   4.632513864090E+01 eV                 0.000 s #
# Von-Weizsacker Kin. Ener =   3.583050011053E+00 eV                 0.000 s #
#                                                                            #
# GGA(PBE) Exch-Cor Energy =  -3.631665710156E+01 eV                 0.000 s #
#         Coulombic Energy =   1.718124199501E-01 eV                 0.000 s #
#      Ion-Electron Energy =   3.125892889757E+01 eV                 0.000 s #
#           Ion-Ion Energy =  -1.512244223525E+02 eV                 0.000 s #
#                                                                            #
#     TOTAL KINETIC ENERGY =   4.845515210611E+01 eV                         #
#   TOTAL POTENTIAL ENERGY =  -1.561103381365E+02 eV                         #
#             TOTAL ENERGY =  -1.076551860304E+02 eV                         #
##############################################################################
  
 ----------------------------- TIME INFORMATION ------------------------------
    PROFESS      :     16.96s WALL    100.00% (       1 calls)    16.96s/call
    InitPROFESS  :      0.03s WALL      0.20% (       1 calls)     0.03s/call
    KEDFRefresh  :      0.00s WALL      0.01% (       1 calls)     0.00s/call
    IonRefresh   :      0.01s WALL      0.05% (       1 calls)     0.01s/call
    EwaldEnergy  :      0.00s WALL      0.03% (       1 calls)     0.00s/call
    ForwFFT_3D   :      2.24s WALL     13.22% (    4322 calls)     0.00s/call
    BackFFT_3D   :      1.41s WALL      8.28% (    3299 calls)     0.00s/call
    Pot_Ion      :      0.03s WALL      0.19% (     120 calls)     0.00s/call
    Pot_Har      :      0.16s WALL      0.92% (     120 calls)     0.00s/call
    Pot_Exc      :      2.20s WALL     12.98% (     120 calls)     0.02s/call
    PBEPot       :      2.02s WALL     11.90% (     120 calls)     0.02s/call
    Pot_KEDF     :     14.16s WALL     83.48% (     120 calls)     0.12s/call
    intPot       :     13.38s WALL     78.88% (     120 calls)     0.11s/call
    MakeXiG      :      0.21s WALL      1.24% (     120 calls)     0.00s/call
    VWPotSqrPlus :      0.13s WALL      0.78% (     120 calls)     0.00s/call
    intPot1      :      3.93s WALL     23.17% (     750 calls)     0.01s/call
    MakeHC10Kern :      0.70s WALL      4.13% (     869 calls)     0.00s/call
    intPot2      :      2.54s WALL     15.00% (     750 calls)     0.00s/call
    intPot3      :      3.40s WALL     20.04% (     750 calls)     0.00s/call
    intPot4      :      1.40s WALL      8.24% (     750 calls)     0.00s/call
    NextGradient :      0.01s WALL      0.04% (       7 calls)     0.00s/call
 -----------------------------------------------------------------------------
 ------------------------------- TOTAL ---------------------------------------
    PROFESS      :     16.96s WALL    100.00% (       1 calls)    16.96s/call
 -----------------------------------------------------------------------------

Run completed on: 07/30/2024 at 17:09:35 
  
