 ******************************************************************************
                             WELCOME TO PROFESS                   
            (PRinceton Orbital-Free Electronic Structure Software) 
 ******************************************************************************

 ------------------------------------------------------------------------------
                           READ GEOMETRY
 Cell length (Bohr)    5.890E+00   5.890E+00   9.651E+00
 Angle     (Degree)    9.000E+01   9.000E+01   1.200E+02
 Volume    (Bohr^3)    2.899E+02

 ------------------------------------------------------------------------------
                           READ PSEUDOPOTENTIAL
 Total electron number in ReadPseudo is    4.0000000000000000     
 (System) Machine Precision              :    2.2204460492503131E-016

 ------------------------------------------------------------------------------
                           SETUP FFT
 Global FFT Dimension :    15   15   24
 Rank/Size in Global Communicator     :            0 /           1
 Rank/Size in Global FFT Communicator :            0 /           1
 Parallel FFT, totX    =    15
 Parallel FFT, totY    =    15
 Parallel FFT, locZ    =    24
 Parallel FFT, locZoff =     0
 Dimension of rho for this processor : 
 xmin, xmax :            0          14
 ymin, ymax :            0          14
 zmin, zmax :            0          23
 Total electron number =    4.0000000000000000     
 Uniform rhoR =    1.3796122488536700E-002
 (GB INFO) FFT size      :       15      15      24
 (GB INFO) FFT offset    :        0
 (GB INFO) FFT G size    :        8      15      24
 (GB INFO) FFT G offset  :        0

 ------------------------------------------------------------------------------
                           SETUP KEDF
 kinetic energy density functional number is            4
 ( 1=TF, 2=VW, 3=TF+VW, 4=WT,  5=WGC,  
   7=LQ, 8=HQ, 10=CAT,  11=HC, 12=WGCD,
   15=GGA, 16=WGCD+GGA, 17=EVT, 18=EVC )
 qTable dimension:     8   15   24
 Coefficient for TF KEDF is     1.0000
 Coefficient for VW KEDF is     1.0000
 Coefficient for alpha in WT KEDF is     0.8333
 Coefficient for beta  in WT KEDF is     0.8333
 rho0 (Electron/Bohr^3) in WGC KEDF is     0.0138
 hold0 =  F
  dV of each real space grid is now    5.3691951586848238E-002
 Cell length (Bohr)    5.890E+00   5.890E+00   9.651E+00
 Angle     (Degree)    9.000E+01   9.000E+01   1.200E+02
 Volume    (Bohr^3)    2.899E+02

 ------------------------------------------------------------------------------
                           SETUP EWALD 
 (Ewald) eta                             :   0.7290    
 (Ewald) Real Space Cutoff               :    6.587     (Bohr)
 (Ewald) Reciprocal Cutoff               :    7.467     (1/Bohr)

 ------------------------------------------------------------------------------
                           SETUP PLANE WAVE 
 Read in WT kernel.
 kernel file name  : 3PROFESS_KERNEL.dat           
 KEDF type         :     4
 Fermi vector      :   1.182014212099E+00
 Reference density :  -1.000000000000E+00
 Mesh points       :   200002
 Fermi vector in this cell is    1.4839616452387441     
 Fermi vector from kernel file is    1.1820142120987149     
 First qNorm is    0.0000000000000000     
 size of Wang-Teter kernel in this run is            8          15          24
 Max |G| in this calculation is   1.685495819503E+01
 Max eta used from kernel is   1.135808209674E+01

 ------------------------------------------------------------------------------
                           REFRESH ION POSITIONS
  
 Calculating Ion-Ion Energy ...                   complete.     0.001 s
  
 Calculating Ion-Electron Potential (spline) ... 
 complete.     0.001 s

 ------------------------------------------------------------------------------
                           DENSITY OPTIMIZATION
 Electron number for spin            1  is    4.0000000000000862     
 Cell Volume      :            42.964162 Angstrom^3
 Ion number       :                    2
 Electron number  :             4.000000
 Ion density      :             0.046550 Ion/Angstrom^3
 Electron density :             0.093101 Electron/Angstrom^3
##############################################################################
#                               FINAL ENERGIES                       time    #
##############################################################################
# Thomas-Fermi Kin. Energy =   1.833402780747E+01 eV                 0.000 s #
# Von-Weizsacker Kin. Ener =   1.888220353767E+00 eV                 0.000 s #
# Wang-Teter Kinetic Energ =  -7.066236594582E-01 eV                 0.000 s #
#                                                                            #
#     LDA Exch-Corr Energy =  -2.381586728740E+01 eV                 0.000 s #
#         Coulombic Energy =   1.357860753873E-01 eV                 0.000 s #
#      Ion-Electron Energy =   1.469905943674E+01 eV                 0.000 s #
#           Ion-Ion Energy =  -5.984235367276E+01 eV                 0.000 s #
#                                                                            #
#     TOTAL KINETIC ENERGY =   1.951562450177E+01 eV                         #
#   TOTAL POTENTIAL ENERGY =  -6.882337544804E+01 eV                         #
#             TOTAL ENERGY =  -4.930775094626E+01 eV                         #
##############################################################################
  
 ----------------------------- TIME INFORMATION ------------------------------
    PROFESS      :      1.06s WALL    100.00% (       1 calls)     1.06s/call
    InitPROFESS  :      0.46s WALL     43.18% (       1 calls)     0.46s/call
    KEDFRefresh  :      0.43s WALL     40.21% (       1 calls)     0.43s/call
    IonRefresh   :      0.00s WALL      0.16% (       1 calls)     0.00s/call
    EwaldEnergy  :      0.00s WALL      0.07% (       1 calls)     0.00s/call
    Pot_Ion      :      0.00s WALL      0.04% (      71 calls)     0.00s/call
    Pot_Har      :      0.01s WALL      1.29% (      71 calls)     0.00s/call
    Pot_Exc      :      0.05s WALL      4.80% (      71 calls)     0.00s/call
    Pot_KEDF     :      0.24s WALL     22.21% (      71 calls)     0.00s/call
    VWPotSqrPlus :      0.01s WALL      1.24% (      71 calls)     0.00s/call
    NextGradient :      0.00s WALL      0.05% (       6 calls)     0.00s/call
 -----------------------------------------------------------------------------
 ------------------------------- TOTAL ---------------------------------------
    PROFESS      :      1.06s WALL    100.00% (       1 calls)     1.06s/call
 -----------------------------------------------------------------------------

Run completed on: 08/19/2021 at 16:13:03 
  
