 ******************************************************************************
                             WELCOME TO PROFESS                   
            (PRinceton Orbital-Free Electronic Structure Software) 
 ******************************************************************************

 ------------------------------------------------------------------------------
                           READ GEOMETRY
 Cell length (Bohr)    8.022E+00   8.022E+00   8.022E+00
 Angle     (Degree)    6.000E+01   6.000E+01   6.000E+01
 Volume    (Bohr^3)    3.650E+02

 ------------------------------------------------------------------------------
                           READ PSEUDOPOTENTIAL
 Total electron number in ReadPseudo is    8.0000000000000000     
 (System) Machine Precision              :    2.2204460492503131E-016

 ------------------------------------------------------------------------------
                           SETUP FFT
 Global FFT Dimension :    40   40   40
 Dimension of rho for this processor : 
 xmin, xmax :            0          39
 ymin, ymax :            0          39
 zmin, zmax :            0          39
 Total electron number =    8.0000000000000000     
 Uniform rhoR =    2.1919252950219511E-002
 (GB INFO) FFT size      :       40      40      40
 (GB INFO) FFT offset    :        0
 (GB INFO) FFT G size    :       21      40      40
 (GB INFO) FFT G offset  :        0

 ------------------------------------------------------------------------------
                           SETUP KEDF
 kinetic energy density functional number is           11
 ( 1=TF, 2=VW, 3=TF+VW, 4=WT,  5=WGC,  
   7=LQ, 8=HQ, 10=CAT,  11=HC, 12=WGCD,
   15=GGA, 16=WGCD+GGA, 17=EVT, 18=EVC )
 qTable dimension:    21   40   40
 rhoS=   2.1919252950219511E-002
 rho0=   2.1919252950219511E-002
 coefficients for TF KEDF is     1.000000
 coefficients for VW KEDF is     1.000000
 Lambda in HC10 is set to     0.013000
 ALPHA  in HC10 is set to     1.883667
 BETA   in HC10 is set to     0.783000
 Sum of alpha and beta is     2.666667
  dV of each real space grid is now    5.7027490984243694E-003
 Cell length (Bohr)    8.022E+00   8.022E+00   8.022E+00
 Angle     (Degree)    6.000E+01   6.000E+01   6.000E+01
 Volume    (Bohr^3)    3.650E+02

 ------------------------------------------------------------------------------
                           SETUP EWALD 
 (Ewald) eta                             :    1.200    
 (Ewald) Real Space Cutoff               :    6.000     (Bohr)
 (Ewald) Reciprocal Cutoff               :    15.27     (1/Bohr)

 ------------------------------------------------------------------------------
                           SETUP PLANE WAVE 

 ------------------------------------------------------------------------------
                           REFRESH ION POSITIONS
  
 Calculating Ion-Ion Energy ...                   complete.     0.069 s
  
 Calculating Ion-Electron Potential (spline) ... 
 complete.     0.108 s

 ------------------------------------------------------------------------------
                           DENSITY OPTIMIZATION
 Electron number for spin            1  is    8.0000000000004867     
 Cell Volume      :            54.083854 Angstrom^3
 Ion number       :                    2
 Electron number  :             8.000000
 Ion density      :             0.036980 Ion/Angstrom^3
 Electron density :             0.147918 Electron/Angstrom^3
##############################################################################
#                               FINAL ENERGIES                       time    #
##############################################################################
# Thomas-Fermi Kin. Energy =   6.840632977037E+01 eV                 0.000 s #
# Von-Weizsacker Kin. Ener =   2.294568841985E+01 eV                 0.000 s #
#                                                                            #
# GGA(PBE) Exch-Cor Energy =  -6.222920493507E+01 eV                 0.000 s #
#         Coulombic Energy =   2.201700454976E+01 eV                 0.000 s #
#      Ion-Electron Energy =  -4.876915659875E+01 eV                 0.000 s #
#           Ion-Ion Energy =  -2.158150762549E+02 eV                 0.000 s #
#                                                                            #
#     TOTAL KINETIC ENERGY =   7.334531013366E+01 eV                         #
#   TOTAL POTENTIAL ENERGY =  -3.047964332390E+02 eV                         #
#             TOTAL ENERGY =  -2.314511231053E+02 eV                         #
##############################################################################
  
 ----------------------------- TIME INFORMATION ------------------------------
    PROFESS      :   4049.29s WALL    100.00% (       1 calls)  4049.29s/call
    InitPROFESS  :      0.32s WALL      0.01% (       1 calls)     0.32s/call
    KEDFRefresh  :      0.01s WALL      0.00% (       1 calls)     0.01s/call
    IonRefresh   :      0.19s WALL      0.00% (       1 calls)     0.19s/call
    EwaldEnergy  :      0.07s WALL      0.00% (       1 calls)     0.07s/call
    ForwFFT_3D   :    678.20s WALL     16.75% (   85944 calls)     0.01s/call
    BackFFT_3D   :    368.11s WALL      9.09% (   59036 calls)     0.01s/call
    Pot_Ion      :      4.43s WALL      0.11% (    1691 calls)     0.00s/call
    Pot_Har      :     29.79s WALL      0.74% (    1691 calls)     0.02s/call
    Pot_Exc      :    559.96s WALL     13.83% (    1691 calls)     0.33s/call
    PBEPot       :    555.51s WALL     13.72% (    1691 calls)     0.33s/call
    Pot_KEDF     :   3401.00s WALL     83.99% (    1691 calls)     2.01s/call
    intPot       :   3323.07s WALL     82.07% (    1691 calls)     1.97s/call
    MakeXiG      :     30.40s WALL      0.75% (    1691 calls)     0.02s/call
    intPot1      :    907.48s WALL     22.41% (   16835 calls)     0.05s/call
    MakeHC10Kern :     96.76s WALL      2.39% (   18526 calls)     0.01s/call
    intPot2      :    668.39s WALL     16.51% (   16835 calls)     0.04s/call
    intPot3      :    994.55s WALL     24.56% (   16835 calls)     0.06s/call
    intPot4      :    423.16s WALL     10.45% (   16835 calls)     0.03s/call
    VWPotSqrPlus :     25.87s WALL      0.64% (    1691 calls)     0.02s/call
    NextGradient :      2.01s WALL      0.05% (     128 calls)     0.02s/call
 -----------------------------------------------------------------------------
 ------------------------------- TOTAL ---------------------------------------
    PROFESS      :   4049.29s WALL    100.00% (       1 calls)  4049.29s/call
 -----------------------------------------------------------------------------

Run completed on: 07/31/2024 at 04:12:03 
  
