 ******************************************************************************
                             WELCOME TO PROFESS                   
            (PRinceton Orbital-Free Electronic Structure Software) 
 ******************************************************************************

 ------------------------------------------------------------------------------
                           READ GEOMETRY
 Cell length (Bohr)    8.654E+00   8.654E+00   1.429E+01
 Angle     (Degree)    9.000E+01   9.000E+01   1.200E+02
 Volume    (Bohr^3)    9.268E+02

 ------------------------------------------------------------------------------
                           READ PSEUDOPOTENTIAL
 Total electron number in ReadPseudo is    16.000000000000000     
 (System) Machine Precision              :    2.2204460492503131E-016

 ------------------------------------------------------------------------------
                           SETUP FFT
 Global FFT Dimension :    45   45   70
 Dimension of rho for this processor : 
 xmin, xmax :            0          44
 ymin, ymax :            0          44
 zmin, zmax :            0          69
 Total electron number =    16.000000000000000     
 Uniform rhoR =    1.7263672288017305E-002
 (GB INFO) FFT size      :       45      45      70
 (GB INFO) FFT offset    :        0
 (GB INFO) FFT G size    :       23      45      70
 (GB INFO) FFT G offset  :        0

 ------------------------------------------------------------------------------
                           SETUP KEDF
 kinetic energy density functional number is           11
 ( 1=TF, 2=VW, 3=TF+VW, 4=WT,  5=WGC,  
   7=LQ, 8=HQ, 10=CAT,  11=HC, 12=WGCD,
   15=GGA, 16=WGCD+GGA, 17=EVT, 18=EVC )
 qTable dimension:    23   45   70
 rhoS=   1.7263672288017305E-002
 rho0=   1.7263672288017305E-002
 coefficients for TF KEDF is     1.000000
 coefficients for VW KEDF is     1.000000
 Lambda in HC10 is set to     0.010000
 ALPHA  in HC10 is set to     1.946667
 BETA   in HC10 is set to     0.720000
 Sum of alpha and beta is     2.666667
  dV of each real space grid is now    6.5382832608443606E-003
 Cell length (Bohr)    8.654E+00   8.654E+00   1.429E+01
 Angle     (Degree)    9.000E+01   9.000E+01   1.200E+02
 Volume    (Bohr^3)    9.268E+02

 ------------------------------------------------------------------------------
                           SETUP EWALD 
 (Ewald) eta                             :    1.200    
 (Ewald) Real Space Cutoff               :    6.000     (Bohr)
 (Ewald) Reciprocal Cutoff               :    15.17     (1/Bohr)

 ------------------------------------------------------------------------------
                           SETUP PLANE WAVE 

 ------------------------------------------------------------------------------
                           REFRESH ION POSITIONS
  
 Calculating Ion-Ion Energy ...                   complete.     0.057 s
  
 Calculating Ion-Electron Potential (spline) ... 
 complete.     0.088 s

 ------------------------------------------------------------------------------
                           DENSITY OPTIMIZATION
 Electron number for spin            1  is    16.000000000010001     
 Cell Volume      :           137.337834 Angstrom^3
 Ion number       :                    4
 Electron number  :            16.000000
 Ion density      :             0.029125 Ion/Angstrom^3
 Electron density :             0.116501 Electron/Angstrom^3
##############################################################################
#                               FINAL ENERGIES                       time    #
##############################################################################
# Thomas-Fermi Kin. Energy =   1.123141565870E+02 eV                 0.000 s #
# Von-Weizsacker Kin. Ener =   4.036674451039E+01 eV                 0.000 s #
#                                                                            #
# GGA(PBE) Exch-Cor Energy =  -1.142455575821E+02 eV                 0.000 s #
#         Coulombic Energy =   3.398204308194E+01 eV                 0.000 s #
#      Ion-Electron Energy =  -5.972837950701E+01 eV                 0.000 s #
#           Ion-Ion Energy =  -3.981320079843E+02 eV                 0.000 s #
#                                                                            #
#     TOTAL KINETIC ENERGY =   1.235102825034E+02 eV                         #
#   TOTAL POTENTIAL ENERGY =  -5.381239019915E+02 eV                         #
#             TOTAL ENERGY =  -4.146136194880E+02 eV                         #
##############################################################################
  
 ----------------------------- TIME INFORMATION ------------------------------
    PROFESS      :   6199.24s WALL    100.00% (       1 calls)  6199.24s/call
    InitPROFESS  :      0.21s WALL      0.00% (       1 calls)     0.21s/call
    KEDFRefresh  :      0.01s WALL      0.00% (       1 calls)     0.01s/call
    IonRefresh   :      0.16s WALL      0.00% (       1 calls)     0.16s/call
    EwaldEnergy  :      0.06s WALL      0.00% (       1 calls)     0.06s/call
    ForwFFT_3D   :   1595.16s WALL     25.73% (   76175 calls)     0.02s/call
    BackFFT_3D   :    918.08s WALL     14.81% (   49639 calls)     0.02s/call
    Pot_Ion      :      4.42s WALL      0.07% (    1216 calls)     0.00s/call
    Pot_Har      :     55.13s WALL      0.89% (    1216 calls)     0.05s/call
    Pot_Exc      :    835.80s WALL     13.48% (    1216 calls)     0.69s/call
    PBEPot       :    831.10s WALL     13.41% (    1216 calls)     0.68s/call
    Pot_KEDF     :   5243.39s WALL     84.58% (    1216 calls)     4.31s/call
    intPot       :   5137.90s WALL     82.88% (    1216 calls)     4.23s/call
    MakeXiG      :     31.94s WALL      0.52% (    1216 calls)     0.03s/call
    intPot1      :   1438.83s WALL     23.21% (   15699 calls)     0.09s/call
    MakeHC10Kern :    130.95s WALL      2.11% (   16915 calls)     0.01s/call
    intPot2      :    834.54s WALL     13.46% (   15699 calls)     0.05s/call
    intPot3      :   1858.46s WALL     29.98% (   15699 calls)     0.12s/call
    intPot4      :    517.64s WALL      8.35% (   15699 calls)     0.03s/call
    VWPotSqrPlus :     51.36s WALL      0.83% (    1216 calls)     0.04s/call
    NextGradient :      3.27s WALL      0.05% (     115 calls)     0.03s/call
 -----------------------------------------------------------------------------
 ------------------------------- TOTAL ---------------------------------------
    PROFESS      :   6199.24s WALL    100.00% (       1 calls)  6199.24s/call
 -----------------------------------------------------------------------------

Run completed on: 07/31/2024 at 02:18:53 
  
