 ******************************************************************************
                             WELCOME TO PROFESS                   
            (PRinceton Orbital-Free Electronic Structure Software) 
 ******************************************************************************

 ------------------------------------------------------------------------------
                           READ GEOMETRY
 Cell length (Bohr)    7.372E+00   7.372E+00   1.210E+01
 Angle     (Degree)    9.000E+01   9.000E+01   1.200E+02
 Volume    (Bohr^3)    5.695E+02

 ------------------------------------------------------------------------------
                           READ PSEUDOPOTENTIAL
 Total electron number in ReadPseudo is    16.000000000000000     
 (System) Machine Precision              :    2.2204460492503131E-016

 ------------------------------------------------------------------------------
                           SETUP FFT
 Global FFT Dimension :    36   36   60
 Dimension of rho for this processor : 
 xmin, xmax :            0          35
 ymin, ymax :            0          35
 zmin, zmax :            0          59
 Total electron number =    16.000000000000000     
 Uniform rhoR =    2.8093542985541693E-002
 (GB INFO) FFT size      :       36      36      60
 (GB INFO) FFT offset    :        0
 (GB INFO) FFT G size    :       19      36      60
 (GB INFO) FFT G offset  :        0

 ------------------------------------------------------------------------------
                           SETUP KEDF
 kinetic energy density functional number is           11
 ( 1=TF, 2=VW, 3=TF+VW, 4=WT,  5=WGC,  
   7=LQ, 8=HQ, 10=CAT,  11=HC, 12=WGCD,
   15=GGA, 16=WGCD+GGA, 17=EVT, 18=EVC )
 qTable dimension:    19   36   60
 rhoS=   2.8093542985541693E-002
 rho0=   2.8093542985541693E-002
 coefficients for TF KEDF is     1.000000
 coefficients for VW KEDF is     1.000000
 Lambda in HC10 is set to     0.012000
 ALPHA  in HC10 is set to     1.821667
 BETA   in HC10 is set to     0.845000
 Sum of alpha and beta is     2.666667
  dV of each real space grid is now    7.3241497869571950E-003
 Cell length (Bohr)    7.372E+00   7.372E+00   1.210E+01
 Angle     (Degree)    9.000E+01   9.000E+01   1.200E+02
 Volume    (Bohr^3)    5.695E+02

 ------------------------------------------------------------------------------
                           SETUP EWALD 
 (Ewald) eta                             :    1.200    
 (Ewald) Real Space Cutoff               :    6.000     (Bohr)
 (Ewald) Reciprocal Cutoff               :    14.92     (1/Bohr)

 ------------------------------------------------------------------------------
                           SETUP PLANE WAVE 

 ------------------------------------------------------------------------------
                           REFRESH ION POSITIONS
  
 Calculating Ion-Ion Energy ...                   complete.     0.004 s
  
 Calculating Ion-Electron Potential (spline) ... 
 complete.     0.009 s

 ------------------------------------------------------------------------------
                           DENSITY OPTIMIZATION
 Electron number for spin            1  is    15.999999999987379     
 Cell Volume      :            84.395028 Angstrom^3
 Ion number       :                    4
 Electron number  :            16.000000
 Ion density      :             0.047396 Ion/Angstrom^3
 Electron density :             0.189585 Electron/Angstrom^3
##############################################################################
#                               FINAL ENERGIES                       time    #
##############################################################################
# Thomas-Fermi Kin. Energy =   1.587861763378E+02 eV                 0.000 s #
# Von-Weizsacker Kin. Ener =   5.183084727982E+01 eV                 0.000 s #
#                                                                            #
# GGA(PBE) Exch-Cor Energy =  -1.332931890275E+02 eV                 0.000 s #
#         Coulombic Energy =   4.544844115891E+01 eV                 0.000 s #
#      Ion-Electron Energy =  -9.405452766915E+01 eV                 0.000 s #
#           Ion-Ion Energy =  -4.682563575670E+02 eV                 0.000 s #
#                                                                            #
#     TOTAL KINETIC ENERGY =   1.679497013959E+02 eV                         #
#   TOTAL POTENTIAL ENERGY =  -6.501556331048E+02 eV                         #
#             TOTAL ENERGY =  -4.822059317089E+02 eV                         #
##############################################################################
  
 ----------------------------- TIME INFORMATION ------------------------------
    PROFESS      :   5746.04s WALL    100.00% (       1 calls)  5746.04s/call
    InitPROFESS  :      0.05s WALL      0.00% (       1 calls)     0.05s/call
    KEDFRefresh  :      0.00s WALL      0.00% (       1 calls)     0.00s/call
    IonRefresh   :      0.01s WALL      0.00% (       1 calls)     0.01s/call
    EwaldEnergy  :      0.00s WALL      0.00% (       1 calls)     0.00s/call
    ForwFFT_3D   :   1134.73s WALL     19.75% (   95261 calls)     0.01s/call
    BackFFT_3D   :    556.70s WALL      9.69% (   59921 calls)     0.01s/call
    Pot_Ion      :      3.85s WALL      0.07% (    1294 calls)     0.00s/call
    Pot_Har      :     34.57s WALL      0.60% (    1294 calls)     0.03s/call
    Pot_Exc      :    650.55s WALL     11.32% (    1294 calls)     0.50s/call
    PBEPot       :    645.81s WALL     11.24% (    1294 calls)     0.50s/call
    Pot_KEDF     :   5001.68s WALL     87.05% (    1294 calls)     3.87s/call
    intPot       :   4925.87s WALL     85.73% (    1294 calls)     3.81s/call
    MakeXiG      :     26.00s WALL      0.45% (    1294 calls)     0.02s/call
    VWPotSqrPlus :     30.51s WALL      0.53% (    1294 calls)     0.02s/call
    intPot1      :   1389.86s WALL     24.19% (   20256 calls)     0.07s/call
    MakeHC10Kern :    147.63s WALL      2.57% (   21549 calls)     0.01s/call
    intPot2      :    967.69s WALL     16.84% (   20256 calls)     0.05s/call
    intPot3      :   1620.26s WALL     28.20% (   20256 calls)     0.08s/call
    intPot4      :    607.10s WALL     10.57% (   20256 calls)     0.03s/call
    NextGradient :      3.34s WALL      0.06% (     135 calls)     0.02s/call
 -----------------------------------------------------------------------------
 ------------------------------- TOTAL ---------------------------------------
    PROFESS      :   5746.04s WALL    100.00% (       1 calls)  5746.04s/call
 -----------------------------------------------------------------------------

Run completed on: 07/31/2024 at 10:49:25 
  
