 ******************************************************************************
                             WELCOME TO PROFESS                   
            (PRinceton Orbital-Free Electronic Structure Software) 
 ******************************************************************************

 ------------------------------------------------------------------------------
                           READ GEOMETRY
 Cell length (Bohr)    5.817E+00   5.817E+00   5.817E+00
 Angle     (Degree)    1.095E+02   1.095E+02   1.095E+02
 Volume    (Bohr^3)    1.515E+02

 ------------------------------------------------------------------------------
                           READ PSEUDOPOTENTIAL
 Total electron number in ReadPseudo is    2.0000000000000000     
 (System) Machine Precision              :    2.2204460492503131E-016

 ------------------------------------------------------------------------------
                           SETUP FFT
 Global FFT Dimension :    15   15   15
 Rank/Size in Global Communicator     :            0 /           1
 Rank/Size in Global FFT Communicator :            0 /           1
 Parallel FFT, totX    =    15
 Parallel FFT, totY    =    15
 Parallel FFT, locZ    =    15
 Parallel FFT, locZoff =     0
 Dimension of rho for this processor : 
 xmin, xmax :            0          14
 ymin, ymax :            0          14
 zmin, zmax :            0          14
 Total electron number =    2.0000000000000000     
 Uniform rhoR =    1.3202158115120334E-002
 (GB INFO) FFT size      :       15      15      15
 (GB INFO) FFT offset    :        0
 (GB INFO) FFT G size    :        8      15      15
 (GB INFO) FFT G offset  :        0

 ------------------------------------------------------------------------------
                           SETUP KEDF
 kinetic energy density functional number is            4
 ( 1=TF, 2=VW, 3=TF+VW, 4=WT,  5=WGC,  
   7=LQ, 8=HQ, 10=CAT,  11=HC, 12=WGCD,
   15=GGA, 16=WGCD+GGA, 17=EVT, 18=EVC )
 qTable dimension:     8   15   15
 Coefficient for TF KEDF is     1.0000
 Coefficient for VW KEDF is     1.0000
 Coefficient for alpha in WT KEDF is     0.8333
 Coefficient for beta  in WT KEDF is     0.8333
 rho0 (Electron/Bohr^3) in WGC KEDF is     0.0132
 hold0 =  F
  dV of each real space grid is now    4.4886039647858839E-002
 Cell length (Bohr)    5.817E+00   5.817E+00   5.817E+00
 Angle     (Degree)    1.095E+02   1.095E+02   1.095E+02
 Volume    (Bohr^3)    1.515E+02

 ------------------------------------------------------------------------------
                           SETUP EWALD 
 (Ewald) eta                             :   0.7608    
 (Ewald) Real Space Cutoff               :    6.201     (Bohr)
 (Ewald) Reciprocal Cutoff               :    7.562     (1/Bohr)

 ------------------------------------------------------------------------------
                           SETUP PLANE WAVE 
 Read in WT kernel.
 kernel file name  : 11PROFESS_KERNEL.dat          
 KEDF type         :     4
 Fermi vector      :   1.182014212099E+00
 Reference density :  -1.000000000000E+00
 Mesh points       :   200002
 Fermi vector in this cell is    1.4623521645619719     
 Fermi vector from kernel file is    1.1820142120987149     
 First qNorm is    0.0000000000000000     
 size of Wang-Teter kernel in this run is            8          15          15
 Max |G| in this calculation is   2.268455047414E+01
 Max eta used from kernel is   1.551237179653E+01

 ------------------------------------------------------------------------------
                           REFRESH ION POSITIONS
  
 Calculating Ion-Ion Energy ...                   complete.     0.000 s
  
 Calculating Ion-Electron Potential (spline) ... 
 complete.     0.000 s

 ------------------------------------------------------------------------------
                           DENSITY OPTIMIZATION
 Electron number for spin            1  is    2.0000000000000515     
 Cell Volume      :            22.448559 Angstrom^3
 Ion number       :                    1
 Electron number  :             2.000000
 Ion density      :             0.044546 Ion/Angstrom^3
 Electron density :             0.089093 Electron/Angstrom^3
##############################################################################
#                               FINAL ENERGIES                       time    #
##############################################################################
# Thomas-Fermi Kin. Energy =   8.859205841368E+00 eV                 0.000 s #
# Von-Weizsacker Kin. Ener =   8.244833460017E-01 eV                 0.000 s #
# Wang-Teter Kinetic Energ =  -2.186587486501E-01 eV                 0.000 s #
#                                                                            #
#     LDA Exch-Corr Energy =  -1.172963759878E+01 eV                 0.000 s #
#         Coulombic Energy =   4.348368892404E-02 eV                 0.000 s #
#      Ion-Electron Energy =   7.118872581989E+00 eV                 0.000 s #
#           Ion-Ion Energy =  -2.948846588494E+01 eV                 0.000 s #
#                                                                            #
#     TOTAL KINETIC ENERGY =   9.465030438720E+00 eV                         #
#   TOTAL POTENTIAL ENERGY =  -3.405574721281E+01 eV                         #
#             TOTAL ENERGY =  -2.459071677409E+01 eV                         #
##############################################################################
  
 ----------------------------- TIME INFORMATION ------------------------------
    PROFESS      :      0.84s WALL    100.00% (       1 calls)     0.84s/call
    InitPROFESS  :      0.41s WALL     48.99% (       1 calls)     0.41s/call
    KEDFRefresh  :      0.38s WALL     45.30% (       1 calls)     0.38s/call
    IonRefresh   :      0.00s WALL      0.10% (       1 calls)     0.00s/call
    EwaldEnergy  :      0.00s WALL      0.05% (       1 calls)     0.00s/call
    Pot_Ion      :      0.00s WALL      0.04% (      77 calls)     0.00s/call
    Pot_Har      :      0.01s WALL      0.85% (      77 calls)     0.00s/call
    Pot_Exc      :      0.03s WALL      4.04% (      77 calls)     0.00s/call
    Pot_KEDF     :      0.15s WALL     18.01% (      77 calls)     0.00s/call
    VWPotSqrPlus :      0.01s WALL      0.79% (      77 calls)     0.00s/call
    NextGradient :      0.00s WALL      0.04% (       7 calls)     0.00s/call
 -----------------------------------------------------------------------------
 ------------------------------- TOTAL ---------------------------------------
    PROFESS      :      0.84s WALL    100.00% (       1 calls)     0.84s/call
 -----------------------------------------------------------------------------

Run completed on: 08/19/2021 at 16:13:12 
  
