 ******************************************************************************
                             WELCOME TO PROFESS                   
            (PRinceton Orbital-Free Electronic Structure Software) 
 ******************************************************************************

 ------------------------------------------------------------------------------
                           READ GEOMETRY
 Cell length (Bohr)    7.938E+00   7.938E+00   7.938E+00
 Angle     (Degree)    6.000E+01   6.000E+01   6.000E+01
 Volume    (Bohr^3)    3.537E+02

 ------------------------------------------------------------------------------
                           READ PSEUDOPOTENTIAL
 Total electron number in ReadPseudo is    2.0000000000000000     
 (System) Machine Precision              :    2.2204460492503131E-016

 ------------------------------------------------------------------------------
                           SETUP FFT
 Global FFT Dimension :    40   40   40
 Rank/Size in Global Communicator     :            0 /           1
 Rank/Size in Global FFT Communicator :            0 /           1
 Parallel FFT, totX    =    40
 Parallel FFT, totY    =    40
 Parallel FFT, locZ    =    40
 Parallel FFT, locZoff =     0
 Dimension of rho for this processor : 
 xmin, xmax :            0          39
 ymin, ymax :            0          39
 zmin, zmax :            0          39
 Total electron number =    2.0000000000000000     
 Uniform rhoR =    5.6542976481362625E-003
 (GB INFO) FFT size      :       40      40      40
 (GB INFO) FFT offset    :        0
 (GB INFO) FFT G size    :       21      40      40
 (GB INFO) FFT G offset  :        0

 ------------------------------------------------------------------------------
                           SETUP KEDF
 kinetic energy density functional number is            5
 ( 1=TF, 2=VW, 3=TF+VW, 4=WT,  5=WGC,  
   7=LQ, 8=HQ, 10=CAT,  11=HC, 12=WGCD,
   15=GGA, 16=WGCD+GGA, 17=EVT, 18=EVC )
 qTable dimension:    21   40   40
 Coefficient for TF KEDF is     1.0000
 Coefficient for VW KEDF is     1.0000
 Coefficient for alpha in WGC KEDF is     1.2060
 Coefficient for beta  in WGC KEDF is     0.4607
 Coefficient for gamma in WGC KEDF is     2.7000
 rho0 (Electron/Bohr^3) in WGC KEDF is     0.0057
 rhoS (Electron/Bohr^3) in WGC KEDF is     0.0057
 hold0 =  F
 holdS =  F
  dV of each real space grid is now    5.5267695379107688E-003
 Cell length (Bohr)    7.938E+00   7.938E+00   7.938E+00
 Angle     (Degree)    6.000E+01   6.000E+01   6.000E+01
 Volume    (Bohr^3)    3.537E+02

 ------------------------------------------------------------------------------
                           SETUP EWALD 
 (Ewald) eta                             :    1.200    
 (Ewald) Real Space Cutoff               :    6.000     (Bohr)
 (Ewald) Reciprocal Cutoff               :    15.43     (1/Bohr)

 ------------------------------------------------------------------------------
                           SETUP PLANE WAVE 

 ------------------------------------------------------------------------------
                           INITIALIZING WGC KERNEL
 Fermi vector :   0.55114586764069795     
 Reference density :    5.6542976481362625E-003
 Make WGC kernels.
 Dimension of KEDF Kernel :           21          40          40

 ------------------------------------------------------------------------------
                           REFRESH ION POSITIONS
  
 Calculating Ion-Ion Energy ...                   complete.     0.008 s
  
 Calculating Ion-Electron Potential (spline) ... 
 complete.     0.009 s

 ------------------------------------------------------------------------------
                           DENSITY OPTIMIZATION
 Electron number for spin            1  is    2.0000000000026210     
 Cell Volume      :            52.414895 Angstrom^3
 Ion number       :                    2
 Electron number  :             2.000000
 Ion density      :             0.038157 Ion/Angstrom^3
 Electron density :             0.038157 Electron/Angstrom^3
##############################################################################
#                               FINAL ENERGIES                       time    #
##############################################################################
# Thomas-Fermi Kin. Energy =   5.002011141974E+00 eV                 0.000 s #
# Von-Weizsacker Kin. Ener =   3.500325613753E-01 eV                 0.000 s #
#       WGC Kinetic Energy =  -7.282484531441E-02 eV                 0.000 s #
#                                                                            #
# GGA(PBE) Exch-Cor Energy =  -9.058697806327E+00 eV                 0.000 s #
#         Coulombic Energy =   1.356608203467E-02 eV                 0.000 s #
#      Ion-Electron Energy =   2.823581671518E+00 eV                 0.000 s #
#           Ion-Ion Energy =  -1.305702419327E+01 eV                 0.000 s #
#                                                                            #
#     TOTAL KINETIC ENERGY =   5.279218858035E+00 eV                         #
#   TOTAL POTENTIAL ENERGY =  -1.927857424605E+01 eV                         #
#             TOTAL ENERGY =  -1.399935538801E+01 eV                         #
##############################################################################
  
 ----------------------------- TIME INFORMATION ------------------------------
    PROFESS      :     10.97s WALL    100.00% (       1 calls)    10.97s/call
    InitPROFESS  :      0.07s WALL      0.67% (       1 calls)     0.07s/call
    KEDFRefresh  :      0.03s WALL      0.31% (       1 calls)     0.03s/call
    IonRefresh   :      0.02s WALL      0.18% (       1 calls)     0.02s/call
    EwaldEnergy  :      0.01s WALL      0.07% (       1 calls)     0.01s/call
    Pot_Ion      :      0.01s WALL      0.12% (     164 calls)     0.00s/call
    Pot_Har      :      0.30s WALL      2.70% (     164 calls)     0.00s/call
    Pot_Exc      :      4.24s WALL     38.65% (     164 calls)     0.03s/call
    PBEPot       :      4.14s WALL     37.72% (     164 calls)     0.03s/call
    Pot_KEDF     :      5.80s WALL     52.90% (     164 calls)     0.04s/call
    WGCPotPlus   :      4.51s WALL     41.14% (     164 calls)     0.03s/call
    VWPotSqrPlus :      0.25s WALL      2.31% (     164 calls)     0.00s/call
    NextGradient :      0.01s WALL      0.05% (       7 calls)     0.00s/call
 -----------------------------------------------------------------------------
 ------------------------------- TOTAL ---------------------------------------
    PROFESS      :     10.97s WALL    100.00% (       1 calls)    10.97s/call
 -----------------------------------------------------------------------------

Run completed on: 05/02/2023 at 13:42:36 
  
