 ******************************************************************************
                             WELCOME TO PROFESS                   
            (PRinceton Orbital-Free Electronic Structure Software) 
 ******************************************************************************

 ------------------------------------------------------------------------------
                           READ GEOMETRY
 Cell length (Bohr)    5.168E+00   5.168E+00   5.168E+00
 Angle     (Degree)    1.095E+02   1.095E+02   1.095E+02
 Volume    (Bohr^3)    1.063E+02

 ------------------------------------------------------------------------------
                           READ PSEUDOPOTENTIAL
 Total electron number in ReadPseudo is    3.0000000000000000     
 (System) Machine Precision              :    2.2204460492503131E-016

 ------------------------------------------------------------------------------
                           SETUP FFT
 Global FFT Dimension :    14   14   14
 Rank/Size in Global Communicator     :            0 /           1
 Rank/Size in Global FFT Communicator :            0 /           1
 Parallel FFT, totX    =    14
 Parallel FFT, totY    =    14
 Parallel FFT, locZ    =    14
 Parallel FFT, locZoff =     0
 Dimension of rho for this processor : 
 xmin, xmax :            0          13
 ymin, ymax :            0          13
 zmin, zmax :            0          13
 Total electron number =    3.0000000000000000     
 Uniform rhoR =    2.8233004452873928E-002
 (GB INFO) FFT size      :       14      14      14
 (GB INFO) FFT offset    :        0
 (GB INFO) FFT G size    :        8      14      14
 (GB INFO) FFT G offset  :        0

 ------------------------------------------------------------------------------
                           SETUP KEDF
 kinetic energy density functional number is            4
 ( 1=TF, 2=VW, 3=TF+VW, 4=WT,  5=WGC,  
   7=LQ, 8=HQ, 10=CAT,  11=HC, 12=WGCD,
   15=GGA, 16=WGCD+GGA, 17=EVT, 18=EVC )
 qTable dimension:     8   14   14
 Coefficient for TF KEDF is     1.0000
 Coefficient for VW KEDF is     1.0000
 Coefficient for alpha in WT KEDF is     0.8333
 Coefficient for beta  in WT KEDF is     0.8333
 rho0 (Electron/Bohr^3) in WGC KEDF is     0.0282
 hold0 =  F
  dV of each real space grid is now    3.8723985697884503E-002
 Cell length (Bohr)    5.168E+00   5.168E+00   5.168E+00
 Angle     (Degree)    1.095E+02   1.095E+02   1.095E+02
 Volume    (Bohr^3)    1.063E+02

 ------------------------------------------------------------------------------
                           SETUP EWALD 
 (Ewald) eta                             :   0.7820    
 (Ewald) Real Space Cutoff               :    6.180     (Bohr)
 (Ewald) Reciprocal Cutoff               :    7.903     (1/Bohr)

 ------------------------------------------------------------------------------
                           SETUP PLANE WAVE 
 Read in WT kernel.
 kernel file name  : 11PROFESS_KERNEL.dat          
 KEDF type         :     4
 Fermi vector      :   1.182014212099E+00
 Reference density :  -1.000000000000E+00
 Mesh points       :   200002
 Fermi vector in this cell is    1.8840367125252968     
 Fermi vector from kernel file is    1.1820142120987149     
 First qNorm is    0.0000000000000000     
 size of Wang-Teter kernel in this run is            8          14          14
 Max |G| in this calculation is   2.553115605324E+01
 Max eta used from kernel is   1.355130496317E+01

 ------------------------------------------------------------------------------
                           REFRESH ION POSITIONS
  
 Calculating Ion-Ion Energy ...                   complete.     0.000 s
  
 Calculating Ion-Electron Potential (spline) ... 
 complete.     0.000 s

 ------------------------------------------------------------------------------
                           DENSITY OPTIMIZATION
 Electron number for spin            1  is    2.9999999999999156     
 Cell Volume      :            15.745902 Angstrom^3
 Ion number       :                    1
 Electron number  :             3.000000
 Ion density      :             0.063509 Ion/Angstrom^3
 Electron density :             0.190526 Electron/Angstrom^3
##############################################################################
#                               FINAL ENERGIES                       time    #
##############################################################################
# Thomas-Fermi Kin. Energy =   2.201941938450E+01 eV                 0.000 s #
# Von-Weizsacker Kin. Ener =   1.651769065751E+00 eV                 0.000 s #
# Wang-Teter Kinetic Energ =  -4.708524951109E-01 eV                 0.000 s #
#                                                                            #
#     LDA Exch-Corr Energy =  -2.211917860302E+01 eV                 0.000 s #
#         Coulombic Energy =   6.685941233403E-02 eV                 0.000 s #
#      Ion-Electron Energy =   1.571601750981E+01 eV                 0.000 s #
#           Ion-Ion Energy =  -7.467496023558E+01 eV                 0.000 s #
#                                                                            #
#     TOTAL KINETIC ENERGY =   2.320033595514E+01 eV                         #
#   TOTAL POTENTIAL ENERGY =  -8.101126191646E+01 eV                         #
#             TOTAL ENERGY =  -5.781092596132E+01 eV                         #
##############################################################################
  
 ----------------------------- TIME INFORMATION ------------------------------
    PROFESS      :      0.84s WALL    100.00% (       1 calls)     0.84s/call
    InitPROFESS  :      0.43s WALL     51.36% (       1 calls)     0.43s/call
    KEDFRefresh  :      0.40s WALL     47.81% (       1 calls)     0.40s/call
    IonRefresh   :      0.00s WALL      0.08% (       1 calls)     0.00s/call
    EwaldEnergy  :      0.00s WALL      0.04% (       1 calls)     0.00s/call
    Pot_Ion      :      0.00s WALL      0.03% (      64 calls)     0.00s/call
    Pot_Har      :      0.01s WALL      0.65% (      64 calls)     0.00s/call
    Pot_Exc      :      0.02s WALL      2.71% (      64 calls)     0.00s/call
    Pot_KEDF     :      0.11s WALL     13.21% (      64 calls)     0.00s/call
    VWPotSqrPlus :      0.01s WALL      0.62% (      64 calls)     0.00s/call
    NextGradient :      0.00s WALL      0.03% (       6 calls)     0.00s/call
 -----------------------------------------------------------------------------
 ------------------------------- TOTAL ---------------------------------------
    PROFESS      :      0.84s WALL    100.00% (       1 calls)     0.84s/call
 -----------------------------------------------------------------------------

Run completed on: 08/06/2021 at 18:31:29 
  
