 ******************************************************************************
                             WELCOME TO PROFESS                   
            (PRinceton Orbital-Free Electronic Structure Software) 
 ******************************************************************************

 ------------------------------------------------------------------------------
                           READ GEOMETRY
 Cell length (Bohr)    5.530E+00   5.530E+00   9.075E+00
 Angle     (Degree)    9.000E+01   9.000E+01   1.200E+02
 Volume    (Bohr^3)    2.404E+02

 ------------------------------------------------------------------------------
                           READ PSEUDOPOTENTIAL
 Total electron number in ReadPseudo is    6.0000000000000000     
 (System) Machine Precision              :    2.2204460492503131E-016

 ------------------------------------------------------------------------------
                           SETUP FFT
 Global FFT Dimension :    27   27   45
 Rank/Size in Global Communicator     :            0 /           1
 Rank/Size in Global FFT Communicator :            0 /           1
 Parallel FFT, totX    =    27
 Parallel FFT, totY    =    27
 Parallel FFT, locZ    =    45
 Parallel FFT, locZoff =     0
 Dimension of rho for this processor : 
 xmin, xmax :            0          26
 ymin, ymax :            0          26
 zmin, zmax :            0          44
 Total electron number =    6.0000000000000000     
 Uniform rhoR =    2.4961741152910912E-002
 (GB INFO) FFT size      :       27      27      45
 (GB INFO) FFT offset    :        0
 (GB INFO) FFT G size    :       14      27      45
 (GB INFO) FFT G offset  :        0

 ------------------------------------------------------------------------------
                           SETUP KEDF
 kinetic energy density functional number is            5
 ( 1=TF, 2=VW, 3=TF+VW, 4=WT,  5=WGC,  
   7=LQ, 8=HQ, 10=CAT,  11=HC, 12=WGCD,
   15=GGA, 16=WGCD+GGA, 17=EVT, 18=EVC )
 qTable dimension:    14   27   45
 Coefficient for TF KEDF is     1.0000
 Coefficient for VW KEDF is     1.0000
 Coefficient for alpha in WGC KEDF is     1.2060
 Coefficient for beta  in WGC KEDF is     0.4607
 Coefficient for gamma in WGC KEDF is     2.7000
 rho0 (Electron/Bohr^3) in WGC KEDF is     0.0250
 rhoS (Electron/Bohr^3) in WGC KEDF is     0.0250
 hold0 =  F
 holdS =  F
  dV of each real space grid is now    7.3271710979872237E-003
 Cell length (Bohr)    5.530E+00   5.530E+00   9.075E+00
 Angle     (Degree)    9.000E+01   9.000E+01   1.200E+02
 Volume    (Bohr^3)    2.404E+02

 ------------------------------------------------------------------------------
                           SETUP EWALD 
 (Ewald) eta                             :    1.200    
 (Ewald) Real Space Cutoff               :    6.000     (Bohr)
 (Ewald) Reciprocal Cutoff               :    14.77     (1/Bohr)

 ------------------------------------------------------------------------------
                           SETUP PLANE WAVE 

 ------------------------------------------------------------------------------
                           INITIALIZING WGC KERNEL
 Fermi vector :   0.90413224557223648     
 Reference density :    2.4961741152910912E-002
 Make WGC kernels.
 Dimension of KEDF Kernel :           14          27          45

 ------------------------------------------------------------------------------
                           REFRESH ION POSITIONS
  
 Calculating Ion-Ion Energy ...                   complete.     0.005 s
  
 Calculating Ion-Electron Potential (spline) ... 
 complete.     0.021 s

 ------------------------------------------------------------------------------
                           DENSITY OPTIMIZATION
 Electron number for spin            1  is    5.9999999999988036     
 Cell Volume      :            35.618840 Angstrom^3
 Ion number       :                    2
 Electron number  :             6.000000
 Ion density      :             0.056150 Ion/Angstrom^3
 Electron density :             0.168450 Electron/Angstrom^3
##############################################################################
#                               FINAL ENERGIES                       time    #
##############################################################################
# Thomas-Fermi Kin. Energy =   4.071842702646E+01 eV                 0.000 s #
# Von-Weizsacker Kin. Ener =   3.627189054481E+00 eV                 0.000 s #
#       WGC Kinetic Energy =  -1.181081865149E+00 eV                 0.000 s #
#                                                                            #
# GGA(PBE) Exch-Cor Energy =  -4.268427076355E+01 eV                 0.000 s #
#         Coulombic Energy =   1.974141810737E-01 eV                 0.000 s #
#      Ion-Electron Energy =   2.833984168212E+01 eV                 0.000 s #
#           Ion-Ion Energy =  -1.433286234848E+02 eV                 0.000 s #
#                                                                            #
#     TOTAL KINETIC ENERGY =   4.316453421579E+01 eV                         #
#   TOTAL POTENTIAL ENERGY =  -1.574756383851E+02 eV                         #
#             TOTAL ENERGY =  -1.143111041693E+02 eV                         #
##############################################################################
  
 ----------------------------- TIME INFORMATION ------------------------------
    PROFESS      :      7.18s WALL    100.00% (       1 calls)     7.18s/call
    InitPROFESS  :      0.10s WALL      1.39% (       1 calls)     0.10s/call
    KEDFRefresh  :      0.04s WALL      0.56% (       1 calls)     0.04s/call
    IonRefresh   :      0.03s WALL      0.39% (       1 calls)     0.03s/call
    EwaldEnergy  :      0.00s WALL      0.07% (       1 calls)     0.00s/call
    Pot_Ion      :      0.01s WALL      0.10% (     120 calls)     0.00s/call
    Pot_Har      :      0.24s WALL      3.34% (     120 calls)     0.00s/call
    Pot_Exc      :      2.80s WALL     39.05% (     120 calls)     0.02s/call
    PBEPot       :      2.74s WALL     38.15% (     120 calls)     0.02s/call
    Pot_KEDF     :      3.59s WALL     50.06% (     120 calls)     0.03s/call
    WGCPotPlus   :      2.86s WALL     39.90% (     120 calls)     0.02s/call
    VWPotSqrPlus :      0.20s WALL      2.79% (     120 calls)     0.00s/call
    NextGradient :      0.00s WALL      0.05% (       7 calls)     0.00s/call
 -----------------------------------------------------------------------------
 ------------------------------- TOTAL ---------------------------------------
    PROFESS      :      7.18s WALL    100.00% (       1 calls)     7.18s/call
 -----------------------------------------------------------------------------

Run completed on: 05/02/2023 at 13:34:09 
  
