 ******************************************************************************
                             WELCOME TO PROFESS                   
            (PRinceton Orbital-Free Electronic Structure Software) 
 ******************************************************************************

 ------------------------------------------------------------------------------
                           READ GEOMETRY
 Cell length (Bohr)    7.300E+00   7.300E+00   7.300E+00
 Angle     (Degree)    6.000E+01   6.000E+01   6.000E+01
 Volume    (Bohr^3)    2.750E+02

 ------------------------------------------------------------------------------
                           READ PSEUDOPOTENTIAL
 Total electron number in ReadPseudo is    8.0000000000000000     
 (System) Machine Precision              :    2.2204460492503131E-016

 ------------------------------------------------------------------------------
                           SETUP FFT
 Global FFT Dimension :    36   36   36
 Dimension of rho for this processor : 
 xmin, xmax :            0          35
 ymin, ymax :            0          35
 zmin, zmax :            0          35
 Total electron number =    8.0000000000000000     
 Uniform rhoR =    2.9086409556221056E-002
 (GB INFO) FFT size      :       36      36      36
 (GB INFO) FFT offset    :        0
 (GB INFO) FFT G size    :       19      36      36
 (GB INFO) FFT G offset  :        0

 ------------------------------------------------------------------------------
                           SETUP KEDF
 kinetic energy density functional number is           11
 ( 1=TF, 2=VW, 3=TF+VW, 4=WT,  5=WGC,  
   7=LQ, 8=HQ, 10=CAT,  11=HC, 12=WGCD,
   15=GGA, 16=WGCD+GGA, 17=EVT, 18=EVC )
 qTable dimension:    19   36   36
 rhoS=   2.9086409556221056E-002
 rho0=   2.9086409556221056E-002
 coefficients for TF KEDF is     1.000000
 coefficients for VW KEDF is     1.000000
 Lambda in HC10 is set to     0.010000
 ALPHA  in HC10 is set to     1.875667
 BETA   in HC10 is set to     0.791000
 Sum of alpha and beta is     2.666667
  dV of each real space grid is now    5.8951161960683739E-003
 Cell length (Bohr)    7.300E+00   7.300E+00   7.300E+00
 Angle     (Degree)    6.000E+01   6.000E+01   6.000E+01
 Volume    (Bohr^3)    2.750E+02

 ------------------------------------------------------------------------------
                           SETUP EWALD 
 (Ewald) eta                             :    1.200    
 (Ewald) Real Space Cutoff               :    6.000     (Bohr)
 (Ewald) Reciprocal Cutoff               :    15.06     (1/Bohr)

 ------------------------------------------------------------------------------
                           SETUP PLANE WAVE 

 ------------------------------------------------------------------------------
                           REFRESH ION POSITIONS
  
 Calculating Ion-Ion Energy ...                   complete.     0.007 s
  
 Calculating Ion-Electron Potential (spline) ... 
 complete.     0.035 s

 ------------------------------------------------------------------------------
                           DENSITY OPTIMIZATION
 Electron number for spin            1  is    8.0000000000002753     
 Cell Volume      :            40.757099 Angstrom^3
 Ion number       :                    2
 Electron number  :             8.000000
 Ion density      :             0.049071 Ion/Angstrom^3
 Electron density :             0.196285 Electron/Angstrom^3
##############################################################################
#                               FINAL ENERGIES                       time    #
##############################################################################
# Thomas-Fermi Kin. Energy =   8.044838059666E+01 eV                 0.000 s #
# Von-Weizsacker Kin. Ener =   2.631914102981E+01 eV                 0.000 s #
#                                                                            #
# GGA(PBE) Exch-Cor Energy =  -6.713104701699E+01 eV                 0.000 s #
#         Coulombic Energy =   2.175971612348E+01 eV                 0.000 s #
#      Ion-Electron Energy =  -4.616083911914E+01 eV                 0.000 s #
#           Ion-Ion Energy =  -2.371573390712E+02 eV                 0.000 s #
#                                                                            #
#     TOTAL KINETIC ENERGY =   8.576746787789E+01 eV                         #
#   TOTAL POTENTIAL ENERGY =  -3.286895090838E+02 eV                         #
#             TOTAL ENERGY =  -2.429220412059E+02 eV                         #
##############################################################################
  
 ----------------------------- TIME INFORMATION ------------------------------
    PROFESS      :   1875.90s WALL    100.00% (       1 calls)  1875.90s/call
    InitPROFESS  :      0.15s WALL      0.01% (       1 calls)     0.15s/call
    KEDFRefresh  :      0.02s WALL      0.00% (       1 calls)     0.02s/call
    IonRefresh   :      0.06s WALL      0.00% (       1 calls)     0.06s/call
    EwaldEnergy  :      0.01s WALL      0.00% (       1 calls)     0.01s/call
    ForwFFT_3D   :    299.64s WALL     15.97% (   56965 calls)     0.01s/call
    BackFFT_3D   :    158.14s WALL      8.43% (   37315 calls)     0.00s/call
    Pot_Ion      :      1.69s WALL      0.09% (     930 calls)     0.00s/call
    Pot_Har      :     11.27s WALL      0.60% (     930 calls)     0.01s/call
    Pot_Exc      :    213.15s WALL     11.36% (     930 calls)     0.23s/call
    PBEPot       :    211.16s WALL     11.26% (     930 calls)     0.23s/call
    Pot_KEDF     :   1628.89s WALL     86.83% (     930 calls)     1.75s/call
    intPot       :   1600.87s WALL     85.34% (     930 calls)     1.72s/call
    MakeXiG      :     10.86s WALL      0.58% (     930 calls)     0.01s/call
    VWPotSqrPlus :      9.65s WALL      0.51% (     930 calls)     0.01s/call
    intPot1      :    450.86s WALL     24.03% (   11683 calls)     0.04s/call
    MakeHC10Kern :     46.57s WALL      2.48% (   12612 calls)     0.00s/call
    intPot2      :    333.30s WALL     17.77% (   11683 calls)     0.03s/call
    intPot3      :    477.01s WALL     25.43% (   11683 calls)     0.04s/call
    intPot4      :    212.65s WALL     11.34% (   11683 calls)     0.02s/call
    NextGradient :      0.99s WALL      0.05% (      80 calls)     0.01s/call
 -----------------------------------------------------------------------------
 ------------------------------- TOTAL ---------------------------------------
    PROFESS      :   1875.90s WALL    100.00% (       1 calls)  1875.90s/call
 -----------------------------------------------------------------------------

Run completed on: 07/31/2024 at 09:45:53 
  
