 ******************************************************************************
                             WELCOME TO PROFESS                   
            (PRinceton Orbital-Free Electronic Structure Software) 
 ******************************************************************************

 ------------------------------------------------------------------------------
                           READ GEOMETRY
 Cell length (Bohr)    7.367E+00   7.367E+00   7.367E+00
 Angle     (Degree)    6.000E+01   6.000E+01   6.000E+01
 Volume    (Bohr^3)    2.827E+02

 ------------------------------------------------------------------------------
                           READ PSEUDOPOTENTIAL
 Total electron number in ReadPseudo is    8.0000000000000000     
 (System) Machine Precision              :    2.2204460492503131E-016

 ------------------------------------------------------------------------------
                           SETUP FFT
 Global FFT Dimension :    36   36   36
 Dimension of rho for this processor : 
 xmin, xmax :            0          35
 ymin, ymax :            0          35
 zmin, zmax :            0          35
 Total electron number =    8.0000000000000000     
 Uniform rhoR =    2.8298563015697366E-002
 (GB INFO) FFT size      :       36      36      36
 (GB INFO) FFT offset    :        0
 (GB INFO) FFT G size    :       19      36      36
 (GB INFO) FFT G offset  :        0

 ------------------------------------------------------------------------------
                           SETUP KEDF
 kinetic energy density functional number is           11
 ( 1=TF, 2=VW, 3=TF+VW, 4=WT,  5=WGC,  
   7=LQ, 8=HQ, 10=CAT,  11=HC, 12=WGCD,
   15=GGA, 16=WGCD+GGA, 17=EVT, 18=EVC )
 qTable dimension:    19   36   36
 rhoS=   2.8298563015697366E-002
 rho0=   2.8298563015697366E-002
 coefficients for TF KEDF is     1.000000
 coefficients for VW KEDF is     1.000000
 Lambda in HC10 is set to     0.012000
 ALPHA  in HC10 is set to     1.821667
 BETA   in HC10 is set to     0.845000
 Sum of alpha and beta is     2.666667
  dV of each real space grid is now    6.0592392612035658E-003
 Cell length (Bohr)    7.367E+00   7.367E+00   7.367E+00
 Angle     (Degree)    6.000E+01   6.000E+01   6.000E+01
 Volume    (Bohr^3)    2.827E+02

 ------------------------------------------------------------------------------
                           SETUP EWALD 
 (Ewald) eta                             :    1.200    
 (Ewald) Real Space Cutoff               :    6.000     (Bohr)
 (Ewald) Reciprocal Cutoff               :    14.93     (1/Bohr)

 ------------------------------------------------------------------------------
                           SETUP PLANE WAVE 

 ------------------------------------------------------------------------------
                           REFRESH ION POSITIONS
  
 Calculating Ion-Ion Energy ...                   complete.     0.011 s
  
 Calculating Ion-Electron Potential (spline) ... 
 complete.     0.023 s

 ------------------------------------------------------------------------------
                           DENSITY OPTIMIZATION
 Electron number for spin            1  is    7.9999999999959721     
 Cell Volume      :            41.891798 Angstrom^3
 Ion number       :                    2
 Electron number  :             8.000000
 Ion density      :             0.047742 Ion/Angstrom^3
 Electron density :             0.190968 Electron/Angstrom^3
##############################################################################
#                               FINAL ENERGIES                       time    #
##############################################################################
# Thomas-Fermi Kin. Energy =   7.958085590450E+01 eV                 0.000 s #
# Von-Weizsacker Kin. Ener =   2.593251733227E+01 eV                 0.000 s #
#                                                                            #
# GGA(PBE) Exch-Cor Energy =  -6.672192204420E+01 eV                 0.000 s #
#         Coulombic Energy =   2.229406481213E+01 eV                 0.000 s #
#      Ion-Electron Energy =  -4.583577597993E+01 eV                 0.000 s #
#           Ion-Ion Energy =  -2.349964625699E+02 eV                 0.000 s #
#                                                                            #
#     TOTAL KINETIC ENERGY =   8.413548548245E+01 eV                         #
#   TOTAL POTENTIAL ENERGY =  -3.252600957819E+02 eV                         #
#             TOTAL ENERGY =  -2.411246102995E+02 eV                         #
##############################################################################
  
 ----------------------------- TIME INFORMATION ------------------------------
    PROFESS      :   2969.92s WALL    100.00% (       1 calls)  2969.92s/call
    InitPROFESS  :      0.08s WALL      0.00% (       1 calls)     0.08s/call
    KEDFRefresh  :      0.00s WALL      0.00% (       1 calls)     0.00s/call
    IonRefresh   :      0.04s WALL      0.00% (       1 calls)     0.04s/call
    EwaldEnergy  :      0.01s WALL      0.00% (       1 calls)     0.01s/call
    ForwFFT_3D   :    466.73s WALL     15.72% (   92865 calls)     0.01s/call
    BackFFT_3D   :    243.93s WALL      8.21% (   59255 calls)     0.00s/call
    Pot_Ion      :      2.50s WALL      0.08% (    1350 calls)     0.00s/call
    Pot_Har      :     16.07s WALL      0.54% (    1350 calls)     0.01s/call
    Pot_Exc      :    303.45s WALL     10.22% (    1350 calls)     0.22s/call
    PBEPot       :    300.54s WALL     10.12% (    1350 calls)     0.22s/call
    Pot_KEDF     :   2617.60s WALL     88.14% (    1350 calls)     1.94s/call
    intPot       :   2577.61s WALL     86.79% (    1350 calls)     1.91s/call
    MakeXiG      :     16.14s WALL      0.54% (    1350 calls)     0.01s/call
    VWPotSqrPlus :     13.48s WALL      0.45% (    1350 calls)     0.01s/call
    intPot1      :    730.92s WALL     24.61% (   19503 calls)     0.04s/call
    MakeHC10Kern :     72.24s WALL      2.43% (   20852 calls)     0.00s/call
    intPot2      :    539.37s WALL     18.16% (   19503 calls)     0.03s/call
    intPot3      :    772.87s WALL     26.02% (   19503 calls)     0.04s/call
    intPot4      :    350.46s WALL     11.80% (   19503 calls)     0.02s/call
    NextGradient :      1.30s WALL      0.04% (     115 calls)     0.01s/call
 -----------------------------------------------------------------------------
 ------------------------------- TOTAL ---------------------------------------
    PROFESS      :   2969.92s WALL    100.00% (       1 calls)  2969.92s/call
 -----------------------------------------------------------------------------

Run completed on: 07/31/2024 at 10:04:06 
  
