 ******************************************************************************
                             WELCOME TO PROFESS                   
            (PRinceton Orbital-Free Electronic Structure Software) 
 ******************************************************************************

 ------------------------------------------------------------------------------
                           READ GEOMETRY
 Cell length (Bohr)    5.570E+00   5.570E+00   8.871E+00
 Angle     (Degree)    9.000E+01   9.000E+01   1.200E+02
 Volume    (Bohr^3)    2.384E+02

 ------------------------------------------------------------------------------
                           READ PSEUDOPOTENTIAL
 Total electron number in ReadPseudo is    8.0000000000000000     
 (System) Machine Precision              :    2.2204460492503131E-016

 ------------------------------------------------------------------------------
                           SETUP FFT
 Global FFT Dimension :    28   28   45
 Dimension of rho for this processor : 
 xmin, xmax :            0          27
 ymin, ymax :            0          27
 zmin, zmax :            0          44
 Total electron number =    8.0000000000000000     
 Uniform rhoR =    3.3561502831765254E-002
 (GB INFO) FFT size      :       28      28      45
 (GB INFO) FFT offset    :        0
 (GB INFO) FFT G size    :       15      28      45
 (GB INFO) FFT G offset  :        0

 ------------------------------------------------------------------------------
                           SETUP KEDF
 kinetic energy density functional number is           11
 ( 1=TF, 2=VW, 3=TF+VW, 4=WT,  5=WGC,  
   7=LQ, 8=HQ, 10=CAT,  11=HC, 12=WGCD,
   15=GGA, 16=WGCD+GGA, 17=EVT, 18=EVC )
 qTable dimension:    15   28   45
 rhoS=   3.3561502831765254E-002
 rho0=   3.3561502831765254E-002
 coefficients for TF KEDF is     1.000000
 coefficients for VW KEDF is     1.000000
 Lambda in HC10 is set to     0.000000
 ALPHA  in HC10 is set to     2.016667
 BETA   in HC10 is set to     0.650000
 Sum of alpha and beta is     2.666667
  dV of each real space grid is now    6.7564724604611990E-003
 Cell length (Bohr)    5.570E+00   5.570E+00   8.871E+00
 Angle     (Degree)    9.000E+01   9.000E+01   1.200E+02
 Volume    (Bohr^3)    2.384E+02

 ------------------------------------------------------------------------------
                           SETUP EWALD 
 (Ewald) eta                             :    1.200    
 (Ewald) Real Space Cutoff               :    6.000     (Bohr)
 (Ewald) Reciprocal Cutoff               :    15.23     (1/Bohr)

 ------------------------------------------------------------------------------
                           SETUP PLANE WAVE 

 ------------------------------------------------------------------------------
                           REFRESH ION POSITIONS
  
 Calculating Ion-Ion Energy ...                   complete.     0.008 s
  
 Calculating Ion-Electron Potential (spline) ... 
 complete.     0.018 s

 ------------------------------------------------------------------------------
                           DENSITY OPTIMIZATION
 Electron number for spin            1  is    7.9999999999998952     
 Cell Volume      :            35.322544 Angstrom^3
 Ion number       :                    2
 Electron number  :             8.000000
 Ion density      :             0.056621 Ion/Angstrom^3
 Electron density :             0.226484 Electron/Angstrom^3
##############################################################################
#                               FINAL ENERGIES                       time    #
##############################################################################
# Thomas-Fermi Kin. Energy =   6.899660903771E+01 eV                 0.000 s #
# Von-Weizsacker Kin. Ener =   1.151190549879E+01 eV                 0.000 s #
#                                                                            #
# GGA(PBE) Exch-Cor Energy =  -6.323948071676E+01 eV                 0.000 s #
#         Coulombic Energy =   1.869999608826E+00 eV                 0.000 s #
#      Ion-Electron Energy =   2.575897799843E+01 eV                 0.000 s #
#           Ion-Ion Energy =  -2.554925918534E+02 eV                 0.000 s #
#                                                                            #
#     TOTAL KINETIC ENERGY =   7.481098135494E+01 eV                         #
#   TOTAL POTENTIAL ENERGY =  -2.911030949629E+02 eV                         #
#             TOTAL ENERGY =  -2.162921136079E+02 eV                         #
##############################################################################
  
 ----------------------------- TIME INFORMATION ------------------------------
    PROFESS      :     43.96s WALL    100.00% (       1 calls)    43.96s/call
    InitPROFESS  :      0.06s WALL      0.13% (       1 calls)     0.06s/call
    KEDFRefresh  :      0.00s WALL      0.01% (       1 calls)     0.00s/call
    IonRefresh   :      0.03s WALL      0.07% (       1 calls)     0.03s/call
    EwaldEnergy  :      0.01s WALL      0.02% (       1 calls)     0.01s/call
    ForwFFT_3D   :      6.17s WALL     14.03% (    4066 calls)     0.00s/call
    BackFFT_3D   :      4.11s WALL      9.34% (    3249 calls)     0.00s/call
    Pot_Ion      :      0.07s WALL      0.17% (     128 calls)     0.00s/call
    Pot_Har      :      0.44s WALL      1.00% (     128 calls)     0.00s/call
    Pot_Exc      :      8.25s WALL     18.78% (     128 calls)     0.06s/call
    PBEPot       :      8.16s WALL     18.57% (     128 calls)     0.06s/call
    Pot_KEDF     :     34.32s WALL     78.06% (     128 calls)     0.27s/call
    intPot       :     33.06s WALL     75.20% (     128 calls)     0.26s/call
    MakeXiG      :      0.55s WALL      1.26% (     128 calls)     0.00s/call
    intPot1      :      9.20s WALL     20.94% (     664 calls)     0.01s/call
    MakeHC10Kern :      1.77s WALL      4.03% (     792 calls)     0.00s/call
    intPot2      :      5.98s WALL     13.61% (     664 calls)     0.01s/call
    intPot3      :      8.33s WALL     18.95% (     664 calls)     0.01s/call
    intPot4      :      3.95s WALL      8.99% (     664 calls)     0.01s/call
    VWPotSqrPlus :      0.36s WALL      0.82% (     128 calls)     0.00s/call
    NextGradient :      0.02s WALL      0.05% (       7 calls)     0.00s/call
 -----------------------------------------------------------------------------
 ------------------------------- TOTAL ---------------------------------------
    PROFESS      :     43.96s WALL    100.00% (       1 calls)    43.96s/call
 -----------------------------------------------------------------------------

Run completed on: 07/30/2024 at 17:11:15 
  
