 ******************************************************************************
                             WELCOME TO PROFESS                   
            (PRinceton Orbital-Free Electronic Structure Software) 
 ******************************************************************************

 ------------------------------------------------------------------------------
                           READ GEOMETRY
 Cell length (Bohr)    8.277E+00   8.277E+00   8.277E+00
 Angle     (Degree)    9.000E+01   9.000E+01   9.000E+01
 Volume    (Bohr^3)    5.670E+02

 ------------------------------------------------------------------------------
                           READ PSEUDOPOTENTIAL
 Total electron number in ReadPseudo is    9.0000000000000000     
 (System) Machine Precision              :    2.2204460492503131E-016

 ------------------------------------------------------------------------------
                           SETUP FFT
 Global FFT Dimension :    18   18   18
 Rank/Size in Global Communicator     :            0 /           1
 Rank/Size in Global FFT Communicator :            0 /           1
 Parallel FFT, totX    =    18
 Parallel FFT, totY    =    18
 Parallel FFT, locZ    =    18
 Parallel FFT, locZoff =     0
 Dimension of rho for this processor : 
 xmin, xmax :            0          17
 ymin, ymax :            0          17
 zmin, zmax :            0          17
 Total electron number =    9.0000000000000000     
 Uniform rhoR =    1.5871704572427897E-002
 (GB INFO) FFT size      :       18      18      18
 (GB INFO) FFT offset    :        0
 (GB INFO) FFT G size    :       10      18      18
 (GB INFO) FFT G offset  :        0

 ------------------------------------------------------------------------------
                           SETUP KEDF
 kinetic energy density functional number is            4
 ( 1=TF, 2=VW, 3=TF+VW, 4=WT,  5=WGC,  
   7=LQ, 8=HQ, 10=CAT,  11=HC, 12=WGCD,
   15=GGA, 16=WGCD+GGA, 17=EVT, 18=EVC )
 qTable dimension:    10   18   18
 Coefficient for TF KEDF is     1.0000
 Coefficient for VW KEDF is     1.0000
 Coefficient for alpha in WT KEDF is     0.8333
 Coefficient for beta  in WT KEDF is     0.8333
 rho0 (Electron/Bohr^3) in WGC KEDF is     0.0159
 hold0 =  F
  dV of each real space grid is now    9.7230254601894009E-002
 Cell length (Bohr)    8.277E+00   8.277E+00   8.277E+00
 Angle     (Degree)    9.000E+01   9.000E+01   9.000E+01
 Volume    (Bohr^3)    5.670E+02

 ------------------------------------------------------------------------------
                           SETUP EWALD 
 (Ewald) eta                             :   0.6126    
 (Ewald) Real Space Cutoff               :    8.058     (Bohr)
 (Ewald) Reciprocal Cutoff               :    6.452     (1/Bohr)

 ------------------------------------------------------------------------------
                           SETUP PLANE WAVE 
 Read in WT kernel.
 kernel file name  : PROFESS_KERNEL.dat            
 KEDF type         :     4
 Fermi vector      :   1.182014212099E+00
 Reference density :  -1.000000000000E+00
 Mesh points       :    20001
 Fermi vector in this cell is    1.5549324229369876     
 Fermi vector from kernel file is    1.1820142120987149     
 First qNorm is    0.0000000000000000     
 size of Wang-Teter kernel in this run is           10          18          18
 Max |G| in this calculation is   1.183341309706E+01
 Max eta used from kernel is   7.610242684829E+00

 ------------------------------------------------------------------------------
                           REFRESH ION POSITIONS
  
 Calculating Ion-Ion Energy ...                   complete.     0.001 s
  
 Calculating Ion-Electron Potential (spline) ... 
 complete.     0.001 s

 ------------------------------------------------------------------------------
                           DENSITY OPTIMIZATION
 Electron number for spin            1  is    9.0000000000006501     
 Cell Volume      :            84.027672 Angstrom^3
 Ion number       :                    4
 Electron number  :             9.000000
 Ion density      :             0.047603 Ion/Angstrom^3
 Electron density :             0.107108 Electron/Angstrom^3
  
 Calculating Ion-Ion Forces ...                complete.     0.001 s
  
 Calculating Ion-Electron Forces (spline) ...  complete.     0.001 s
  
 Calculating Ion-Electron Stress (spline) ...  complete.     0.002 s
  
 Calculating Ion-Ion Stress ...                complete.     0.000 s
  
 ------------------------------------------------------------------------------
                         LATTICE VECTORS (Angstrom)
 LAT 1           4.380000        0.000000        0.000000
 LAT 2           0.000000        4.380000        0.000000
 LAT 3           0.000000        0.000000        4.380000
 ------------------------------------------------------------------------------
                                STRESS (GPa)
 ST_GPa 1        0.659193       -0.000011       -0.000019
 ST_GPa 2       -0.000011        0.659186       -0.000002
 ST_GPa 3       -0.000019       -0.000002        0.659186
  
 --------------------------------------------------
 STRESS (a.u.)
 --------------------------------------------------
 ST_AU  1   2.2405521030E-05  -3.8638344370E-10  -6.4071184288E-10
 ST_AU  2  -3.8638344370E-10   2.2405277083E-05  -7.8288058908E-11
 ST_AU  3  -6.4071184288E-10  -7.8288058908E-11   2.2405277082E-05
; Cell optimization at step  1, max(stress):  0.2241E-04, total energy:  -4.8474121    ;
  dV of each real space grid is now    9.6582572396244348E-002
 Cell length (Bohr)    8.259E+00   8.259E+00   8.259E+00
 Angle     (Degree)    9.000E+01   9.000E+01   9.000E+01
 Volume    (Bohr^3)    5.633E+02
  dV of each real space grid is now    9.6582572396244348E-002
 Cell length (Bohr)    8.259E+00   8.259E+00   8.259E+00
 Angle     (Degree)    9.000E+01   9.000E+01   9.000E+01
 Volume    (Bohr^3)    5.633E+02

 ------------------------------------------------------------------------------
                           SETUP EWALD 
 (Ewald) eta                             :   0.6126    
 (Ewald) Real Space Cutoff               :    8.058     (Bohr)
 (Ewald) Reciprocal Cutoff               :    6.467     (1/Bohr)

 ------------------------------------------------------------------------------
                           SETUP PLANE WAVE 
 Read in WT kernel.
 kernel file name  : PROFESS_KERNEL.dat            
 KEDF type         :     4
 Fermi vector      :   1.182014212099E+00
 Reference density :  -1.000000000000E+00
 Mesh points       :    20001
 Fermi vector in this cell is    1.5584004716718252     
 Fermi vector from kernel file is    1.1820142120987149     
 First qNorm is    0.0000000000000000     
 size of Wang-Teter kernel in this run is           10          18          18
 Max |G| in this calculation is   1.185980491957E+01
 Max eta used from kernel is   7.610242126562E+00

 ------------------------------------------------------------------------------
                           REFRESH ION POSITIONS
  
 Calculating Ion-Ion Energy ...                   complete.     0.000 s
  
 Calculating Ion-Electron Potential (spline) ... 
 complete.     0.001 s
 Rescale the total density from   0.863453 to          9

 ------------------------------------------------------------------------------
                           DENSITY OPTIMIZATION
 Electron number for spin            1  is    8.9999999999999947     
 Cell Volume      :            83.467936 Angstrom^3
 Ion number       :                    4
 Electron number  :             9.000000
 Ion density      :             0.047923 Ion/Angstrom^3
 Electron density :             0.107826 Electron/Angstrom^3
  
 Calculating Ion-Ion Forces ...                complete.     0.001 s
  
 Calculating Ion-Electron Forces (spline) ...  complete.     0.001 s
  
 Calculating Ion-Electron Stress (spline) ...  complete.     0.001 s
  
 Calculating Ion-Ion Stress ...                complete.     0.000 s
  
 ------------------------------------------------------------------------------
                         LATTICE VECTORS (Angstrom)
 LAT 1           4.370253        0.000000        0.000000
 LAT 2           0.000000        4.370253        0.000000
 LAT 3           0.000000        0.000000        4.370253
 ------------------------------------------------------------------------------
                                STRESS (GPa)
 ST_GPa 1        0.411097       -0.000009       -0.000014
 ST_GPa 2       -0.000009        0.411091       -0.000002
 ST_GPa 3       -0.000014       -0.000002        0.411091
  
 --------------------------------------------------
 STRESS (a.u.)
 --------------------------------------------------
 ST_AU  1   1.3972908643E-05  -2.9117503315E-10  -4.8143664466E-10
 ST_AU  2  -2.9117503315E-10   1.3972697039E-05  -5.6078268730E-11
 ST_AU  3  -4.8143664466E-10  -5.6078268730E-11   1.3972697039E-05
; Cell optimization at step  2, max(stress):  0.1397E-04, total energy:  -4.8474809    ;
  dV of each real space grid is now    9.6101900739068977E-002
 Cell length (Bohr)    8.245E+00   8.245E+00   8.245E+00
 Angle     (Degree)    9.000E+01   9.000E+01   9.000E+01
 Volume    (Bohr^3)    5.605E+02
  dV of each real space grid is now    9.6101900739068977E-002
 Cell length (Bohr)    8.245E+00   8.245E+00   8.245E+00
 Angle     (Degree)    9.000E+01   9.000E+01   9.000E+01
 Volume    (Bohr^3)    5.605E+02

 ------------------------------------------------------------------------------
                           SETUP EWALD 
 (Ewald) eta                             :   0.6179    
 (Ewald) Real Space Cutoff               :    7.990     (Bohr)
 (Ewald) Reciprocal Cutoff               :    6.478     (1/Bohr)

 ------------------------------------------------------------------------------
                           SETUP PLANE WAVE 
 Read in WT kernel.
 kernel file name  : PROFESS_KERNEL.dat            
 KEDF type         :     4
 Fermi vector      :   1.182014212099E+00
 Reference density :  -1.000000000000E+00
 Mesh points       :    20001
 Fermi vector in this cell is    1.5609943624761888     
 Fermi vector from kernel file is    1.1820142120987149     
 First qNorm is    0.0000000000000000     
 size of Wang-Teter kernel in this run is           10          18          18
 Max |G| in this calculation is   1.187954427195E+01
 Max eta used from kernel is   7.610241623875E+00

 ------------------------------------------------------------------------------
                           REFRESH ION POSITIONS
  
 Calculating Ion-Ion Energy ...                   complete.     0.000 s
  
 Calculating Ion-Electron Potential (spline) ... 
 complete.     0.001 s
 Rescale the total density from   0.860613 to          9

 ------------------------------------------------------------------------------
                           DENSITY OPTIMIZATION
 Electron number for spin            1  is    8.9999999999999947     
 Cell Volume      :            83.052534 Angstrom^3
 Ion number       :                    4
 Electron number  :             9.000000
 Ion density      :             0.048162 Ion/Angstrom^3
 Electron density :             0.108365 Electron/Angstrom^3
  
 Calculating Ion-Ion Forces ...                complete.     0.001 s
  
 Calculating Ion-Electron Forces (spline) ...  complete.     0.001 s
  
 Calculating Ion-Electron Stress (spline) ...  complete.     0.001 s
  
 Calculating Ion-Ion Stress ...                complete.     0.000 s
  
 ------------------------------------------------------------------------------
                         LATTICE VECTORS (Angstrom)
 LAT 1           4.362991        0.000000        0.000001
 LAT 2           0.000000        4.362991        0.000000
 LAT 3           0.000001        0.000000        4.362991
 ------------------------------------------------------------------------------
                                STRESS (GPa)
 ST_GPa 1        0.221483       -0.000006       -0.000010
 ST_GPa 2       -0.000006        0.221478       -0.000001
 ST_GPa 3       -0.000010       -0.000001        0.221478
  
 --------------------------------------------------
 STRESS (a.u.)
 --------------------------------------------------
 ST_AU  1   7.5280461393E-06  -2.0923657554E-10  -3.4409875698E-10
 ST_AU  2  -2.0923657554E-10   7.5278696595E-06  -3.8334665368E-11
 ST_AU  3  -3.4409875698E-10  -3.8334665368E-11   7.5278696583E-06
; Cell optimization at step  3, max(stress):  0.7528E-05, total energy:  -4.8475111    ;
  dV of each real space grid is now    9.5793020766785780E-002
 Cell length (Bohr)    8.236E+00   8.236E+00   8.236E+00
 Angle     (Degree)    9.000E+01   9.000E+01   9.000E+01
 Volume    (Bohr^3)    5.587E+02
  dV of each real space grid is now    9.5793020766785780E-002
 Cell length (Bohr)    8.236E+00   8.236E+00   8.236E+00
 Angle     (Degree)    9.000E+01   9.000E+01   9.000E+01
 Volume    (Bohr^3)    5.587E+02

 ------------------------------------------------------------------------------
                           SETUP EWALD 
 (Ewald) eta                             :   0.6179    
 (Ewald) Real Space Cutoff               :    7.990     (Bohr)
 (Ewald) Reciprocal Cutoff               :    6.485     (1/Bohr)

 ------------------------------------------------------------------------------
                           SETUP PLANE WAVE 
 Read in WT kernel.
 kernel file name  : PROFESS_KERNEL.dat            
 KEDF type         :     4
 Fermi vector      :   1.182014212099E+00
 Reference density :  -1.000000000000E+00
 Mesh points       :    20001
 Fermi vector in this cell is    1.5626703460504374     
 Fermi vector from kernel file is    1.1820142120987149     
 First qNorm is    0.0000000000000000     
 size of Wang-Teter kernel in this run is           10          18          18
 Max |G| in this calculation is   1.189229823932E+01
 Max eta used from kernel is   7.610241193463E+00

 ------------------------------------------------------------------------------
                           REFRESH ION POSITIONS
  
 Calculating Ion-Ion Energy ...                   complete.     0.000 s
  
 Calculating Ion-Electron Potential (spline) ... 
 complete.     0.001 s
 Rescale the total density from   0.859366 to          9

 ------------------------------------------------------------------------------
                           DENSITY OPTIMIZATION
 Electron number for spin            1  is    9.0000000000000071     
 Cell Volume      :            82.785596 Angstrom^3
 Ion number       :                    4
 Electron number  :             9.000000
 Ion density      :             0.048318 Ion/Angstrom^3
 Electron density :             0.108715 Electron/Angstrom^3
  
 Calculating Ion-Ion Forces ...                complete.     0.001 s
  
 Calculating Ion-Electron Forces (spline) ...  complete.     0.001 s
  
 Calculating Ion-Electron Stress (spline) ...  complete.     0.001 s
  
 Calculating Ion-Ion Stress ...                complete.     0.000 s
  
 ------------------------------------------------------------------------------
                         LATTICE VECTORS (Angstrom)
 LAT 1           4.358311        0.000000        0.000001
 LAT 2           0.000000        4.358312        0.000000
 LAT 3           0.000001        0.000000        4.358312
 ------------------------------------------------------------------------------
                                STRESS (GPa)
 ST_GPa 1        0.097018       -0.000004       -0.000007
 ST_GPa 2       -0.000004        0.097014       -0.000001
 ST_GPa 3       -0.000007       -0.000001        0.097014
  
 --------------------------------------------------
 STRESS (a.u.)
 --------------------------------------------------
 ST_AU  1   3.2975741911E-06  -1.3957093264E-10  -2.2726959236E-10
 ST_AU  2  -1.3957093264E-10   3.2974341780E-06  -2.4708529522E-11
 ST_AU  3  -2.2726959236E-10  -2.4708529522E-11   3.2974341759E-06
; Cell optimization at step  4, max(stress):  0.3298E-05, total energy:  -4.8475209    ;
  dV of each real space grid is now    9.5631274255790003E-002
 Cell length (Bohr)    8.231E+00   8.231E+00   8.231E+00
 Angle     (Degree)    9.000E+01   9.000E+01   9.000E+01
 Volume    (Bohr^3)    5.577E+02
  dV of each real space grid is now    9.5631274255790003E-002
 Cell length (Bohr)    8.231E+00   8.231E+00   8.231E+00
 Angle     (Degree)    9.000E+01   9.000E+01   9.000E+01
 Volume    (Bohr^3)    5.577E+02

 ------------------------------------------------------------------------------
                           SETUP EWALD 
 (Ewald) eta                             :   0.6179    
 (Ewald) Real Space Cutoff               :    7.990     (Bohr)
 (Ewald) Reciprocal Cutoff               :    6.488     (1/Bohr)

 ------------------------------------------------------------------------------
                           SETUP PLANE WAVE 
 Read in WT kernel.
 kernel file name  : PROFESS_KERNEL.dat            
 KEDF type         :     4
 Fermi vector      :   1.182014212099E+00
 Reference density :  -1.000000000000E+00
 Mesh points       :    20001
 Fermi vector in this cell is    1.5635508603370267     
 Fermi vector from kernel file is    1.1820142120987149     
 First qNorm is    0.0000000000000000     
 size of Wang-Teter kernel in this run is           10          18          18
 Max |G| in this calculation is   1.189899863203E+01
 Max eta used from kernel is   7.610240852329E+00

 ------------------------------------------------------------------------------
                           REFRESH ION POSITIONS
  
 Calculating Ion-Ion Energy ...                   complete.     0.000 s
  
 Calculating Ion-Electron Potential (spline) ... 
 complete.     0.001 s
 Rescale the total density from   0.859228 to          9

 ------------------------------------------------------------------------------
                           DENSITY OPTIMIZATION
 Electron number for spin            1  is    8.9999999999999680     
 Cell Volume      :            82.645812 Angstrom^3
 Ion number       :                    4
 Electron number  :             9.000000
 Ion density      :             0.048399 Ion/Angstrom^3
 Electron density :             0.108898 Electron/Angstrom^3
  
 Calculating Ion-Ion Forces ...                complete.     0.001 s
  
 Calculating Ion-Electron Forces (spline) ...  complete.     0.001 s
  
 Calculating Ion-Electron Stress (spline) ...  complete.     0.001 s
  
 Calculating Ion-Ion Stress ...                complete.     0.000 s
  
 ------------------------------------------------------------------------------
                         LATTICE VECTORS (Angstrom)
 LAT 1           4.355857        0.000001        0.000001
 LAT 2           0.000001        4.355857        0.000000
 LAT 3           0.000001        0.000000        4.355857
 ------------------------------------------------------------------------------
                                STRESS (GPa)
 ST_GPa 1        0.031117       -0.000003       -0.000004
 ST_GPa 2       -0.000003        0.031114       -0.000000
 ST_GPa 3       -0.000004       -0.000000        0.031114
  
 --------------------------------------------------
 STRESS (a.u.)
 --------------------------------------------------
 ST_AU  1   1.0576394798E-06  -8.8483709250E-11  -1.4235398221E-10
 ST_AU  2  -8.8483709250E-11   1.0575344977E-06  -1.5100465977E-11
 ST_AU  3  -1.4235398221E-10  -1.5100465977E-11   1.0575344942E-06
; Cell optimization at step  5, max(stress):  0.1058E-05, total energy:  -4.8475230    ;
  dV of each real space grid is now    9.5569142339388249E-002
 Cell length (Bohr)    8.230E+00   8.230E+00   8.230E+00
 Angle     (Degree)    9.000E+01   9.000E+01   9.000E+01
 Volume    (Bohr^3)    5.574E+02
  dV of each real space grid is now    9.5569142339388249E-002
 Cell length (Bohr)    8.230E+00   8.230E+00   8.230E+00
 Angle     (Degree)    9.000E+01   9.000E+01   9.000E+01
 Volume    (Bohr^3)    5.574E+02

 ------------------------------------------------------------------------------
                           SETUP EWALD 
 (Ewald) eta                             :   0.6179    
 (Ewald) Real Space Cutoff               :    7.990     (Bohr)
 (Ewald) Reciprocal Cutoff               :    6.490     (1/Bohr)

 ------------------------------------------------------------------------------
                           SETUP PLANE WAVE 
 Read in WT kernel.
 kernel file name  : PROFESS_KERNEL.dat            
 KEDF type         :     4
 Fermi vector      :   1.182014212099E+00
 Reference density :  -1.000000000000E+00
 Mesh points       :    20001
 Fermi vector in this cell is    1.5638896215875064     
 Fermi vector from kernel file is    1.1820142120987149     
 First qNorm is    0.0000000000000000     
 size of Wang-Teter kernel in this run is           10          18          18
 Max |G| in this calculation is   1.190157628572E+01
 Max eta used from kernel is   7.610240595908E+00

 ------------------------------------------------------------------------------
                           REFRESH ION POSITIONS
  
 Calculating Ion-Ion Energy ...                   complete.     0.000 s
  
 Calculating Ion-Electron Potential (spline) ... 
 complete.     0.001 s
 Rescale the total density from   0.859563 to          9

 ------------------------------------------------------------------------------
                           DENSITY OPTIMIZATION
 Electron number for spin            1  is    8.9999999999999858     
 Cell Volume      :            82.592117 Angstrom^3
 Ion number       :                    4
 Electron number  :             9.000000
 Ion density      :             0.048431 Ion/Angstrom^3
 Electron density :             0.108969 Electron/Angstrom^3
  
 Calculating Ion-Ion Forces ...                complete.     0.001 s
  
 Calculating Ion-Electron Forces (spline) ...  complete.     0.001 s
  
 Calculating Ion-Electron Stress (spline) ...  complete.     0.001 s
  
 Calculating Ion-Ion Stress ...                complete.     0.000 s
  
 ------------------------------------------------------------------------------
                         LATTICE VECTORS (Angstrom)
 LAT 1           4.354913        0.000001        0.000001
 LAT 2           0.000001        4.354914        0.000000
 LAT 3           0.000001        0.000000        4.354914
 ------------------------------------------------------------------------------
                                STRESS (GPa)
 ST_GPa 1        0.005625       -0.000002       -0.000003
 ST_GPa 2       -0.000002        0.005622       -0.000000
 ST_GPa 3       -0.000003       -0.000000        0.005622
  
 --------------------------------------------------
 STRESS (a.u.)
 --------------------------------------------------
 ST_AU  1   1.9117741397E-07  -5.7481435545E-11  -9.3177017487E-11
 ST_AU  2  -5.7481435545E-11   1.9110298625E-07  -8.6946899930E-12
 ST_AU  3  -9.3177017487E-11  -8.6946899930E-12   1.9110298735E-07
; Cell optimization at step  6, max(stress):  0.1912E-06, total energy:  -4.8475232    ;
##############################################################################
#                               FINAL ENERGIES                       time    #
##############################################################################
# Thomas-Fermi Kin. Energy =   4.726718384617E+01 eV                 0.000 s #
# Von-Weizsacker Kin. Ener =   5.879946822374E+00 eV                 0.000 s #
# Wang-Teter Kinetic Energ =  -2.695265153251E+00 eV                 0.000 s #
#                                                                            #
#     LDA Exch-Corr Energy =  -5.679337945085E+01 eV                 0.000 s #
#         Coulombic Energy =   2.455284293322E+00 eV                 0.000 s #
#      Ion-Electron Energy =   2.826897308748E+01 eV                 0.000 s #
#           Ion-Ion Energy =  -1.562905557431E+02 eV                 0.000 s #
#                                                                            #
#     TOTAL KINETIC ENERGY =   5.045186551529E+01 eV                         #
#   TOTAL POTENTIAL ENERGY =  -1.823596778132E+02 eV                         #
#             TOTAL ENERGY =  -1.319078122979E+02 eV                         #
##############################################################################
  
 ----------------------------- TIME INFORMATION ------------------------------
    PROFESS      :      0.98s WALL    100.00% (       1 calls)     0.98s/call
    InitPROFESS  :      0.06s WALL      6.37% (       1 calls)     0.06s/call
    KEDFRefresh  :      0.13s WALL     13.09% (       6 calls)     0.02s/call
    IonRefresh   :      0.01s WALL      0.94% (       6 calls)     0.00s/call
    EwaldEnergy  :      0.00s WALL      0.28% (       6 calls)     0.00s/call
    Pot_Ion      :      0.00s WALL      0.08% (     205 calls)     0.00s/call
    Pot_Har      :      0.04s WALL      3.85% (     205 calls)     0.00s/call
    Pot_Exc      :      0.11s WALL     11.09% (     205 calls)     0.00s/call
    Pot_KEDF     :      0.49s WALL     50.44% (     205 calls)     0.00s/call
    VWPotSqrPlus :      0.04s WALL      3.79% (     205 calls)     0.00s/call
    NextGradient :      0.00s WALL      0.12% (      22 calls)     0.00s/call
    CalForce     :      0.01s WALL      0.80% (       6 calls)     0.00s/call
    EwaldForces  :      0.00s WALL      0.40% (       6 calls)     0.00s/call
    CalStress    :      0.03s WALL      3.40% (       6 calls)     0.01s/call
    EwaldStress  :      0.00s WALL      0.19% (       6 calls)     0.00s/call
 -----------------------------------------------------------------------------
 ------------------------------- TOTAL ---------------------------------------
    PROFESS      :      0.98s WALL    100.00% (       1 calls)     0.98s/call
 -----------------------------------------------------------------------------

Run completed on: 11/17/2021 at 21:09:19 
  
