 ******************************************************************************
                             WELCOME TO PROFESS                   
            (PRinceton Orbital-Free Electronic Structure Software) 
 ******************************************************************************

 ------------------------------------------------------------------------------
                           READ GEOMETRY
 Cell length (Bohr)    5.222E+00   5.222E+00   8.317E+00
 Angle     (Degree)    9.000E+01   9.000E+01   1.200E+02
 Volume    (Bohr^3)    1.964E+02

 ------------------------------------------------------------------------------
                           READ PSEUDOPOTENTIAL
 Total electron number in ReadPseudo is    8.0000000000000000     
 (System) Machine Precision              :    2.2204460492503131E-016

 ------------------------------------------------------------------------------
                           SETUP FFT
 Global FFT Dimension :    27   27   42
 Dimension of rho for this processor : 
 xmin, xmax :            0          26
 ymin, ymax :            0          26
 zmin, zmax :            0          41
 Total electron number =    8.0000000000000000     
 Uniform rhoR =    4.0731851860196941E-002
 (GB INFO) FFT size      :       27      27      42
 (GB INFO) FFT offset    :        0
 (GB INFO) FFT G size    :       14      27      42
 (GB INFO) FFT G offset  :        0

 ------------------------------------------------------------------------------
                           SETUP KEDF
 kinetic energy density functional number is            5
 ( 1=TF, 2=VW, 3=TF+VW, 4=WT,  5=WGC,  
   7=LQ, 8=HQ, 10=CAT,  11=HC, 12=WGCD,
   15=GGA, 16=WGCD+GGA, 17=EVT, 18=EVC )
 qTable dimension:    14   27   42
 Coefficient for TF KEDF is     1.0000
 Coefficient for VW KEDF is     1.0000
 Coefficient for alpha in WGC KEDF is     1.2060
 Coefficient for beta  in WGC KEDF is     0.4607
 Coefficient for gamma in WGC KEDF is     4.2000
 rho0 (Electron/Bohr^3) in WGC KEDF is     0.0407
 rhoS (Electron/Bohr^3) in WGC KEDF is     0.0407
 hold0 =  F
 holdS =  F
  dV of each real space grid is now    6.4147393248481814E-003
 Cell length (Bohr)    5.222E+00   5.222E+00   8.317E+00
 Angle     (Degree)    9.000E+01   9.000E+01   1.200E+02
 Volume    (Bohr^3)    1.964E+02

 ------------------------------------------------------------------------------
                           SETUP EWALD 
 (Ewald) eta                             :    1.200    
 (Ewald) Real Space Cutoff               :    6.000     (Bohr)
 (Ewald) Reciprocal Cutoff               :    15.49     (1/Bohr)

 ------------------------------------------------------------------------------
                           SETUP PLANE WAVE 

 ------------------------------------------------------------------------------
                           INITIALIZING WGC KERNEL
 Fermi vector :    1.0644331347144784     
 Reference density :    4.0731851860196941E-002
 Make WGC kernels.
 Dimension of KEDF Kernel :           14          27          42

 ------------------------------------------------------------------------------
                           REFRESH ION POSITIONS
  
 Calculating Ion-Ion Energy ...                   complete.     0.004 s
  
 Calculating Ion-Electron Potential (spline) ... 
 complete.     0.006 s

 ------------------------------------------------------------------------------
                           DENSITY OPTIMIZATION
 Electron number for spin            1  is    8.0000000000022560     
 Cell Volume      :            29.104438 Angstrom^3
 Ion number       :                    2
 Electron number  :             8.000000
 Ion density      :             0.068718 Ion/Angstrom^3
 Electron density :             0.274872 Electron/Angstrom^3
##############################################################################
#                               FINAL ENERGIES                       time    #
##############################################################################
# Thomas-Fermi Kin. Energy =   7.633668549870E+01 eV                 0.000 s #
# Von-Weizsacker Kin. Ener =   8.556567430964E+00 eV                 0.000 s #
#       WGC Kinetic Energy =  -3.648748652788E+00 eV                 0.000 s #
#                                                                            #
# GGA(PBE) Exch-Cor Energy =  -6.637348193720E+01 eV                 0.000 s #
#         Coulombic Energy =   8.555011223193E-01 eV                 0.000 s #
#      Ion-Electron Energy =   4.037869677883E+01 eV                 0.000 s #
#           Ion-Ion Energy =  -2.725268083955E+02 eV                 0.000 s #
#                                                                            #
#     TOTAL KINETIC ENERGY =   8.124450427688E+01 eV                         #
#   TOTAL POTENTIAL ENERGY =  -2.976660924316E+02 eV                         #
#             TOTAL ENERGY =  -2.164215881547E+02 eV                         #
##############################################################################
  
 ----------------------------- TIME INFORMATION ------------------------------
    PROFESS      :      6.34s WALL    100.00% (       1 calls)     6.34s/call
    InitPROFESS  :      0.05s WALL      0.80% (       1 calls)     0.05s/call
    KEDFRefresh  :      0.02s WALL      0.38% (       1 calls)     0.02s/call
    IonRefresh   :      0.01s WALL      0.18% (       1 calls)     0.01s/call
    EwaldEnergy  :      0.00s WALL      0.06% (       1 calls)     0.00s/call
    ForwFFT_3D   :      1.18s WALL     18.60% (    1394 calls)     0.00s/call
    BackFFT_3D   :      1.03s WALL     16.29% (    1393 calls)     0.00s/call
    Pot_Ion      :      0.02s WALL      0.33% (     116 calls)     0.00s/call
    Pot_Har      :      0.21s WALL      3.36% (     116 calls)     0.00s/call
    Pot_Exc      :      3.36s WALL     52.91% (     116 calls)     0.03s/call
    PBEPot       :      3.18s WALL     50.12% (     116 calls)     0.03s/call
    Pot_KEDF     :      2.41s WALL     37.95% (     116 calls)     0.02s/call
    WGCPotPlus   :      1.90s WALL     29.92% (     116 calls)     0.02s/call
    VWPotSqrPlus :      0.18s WALL      2.81% (     116 calls)     0.00s/call
    NextGradient :      0.01s WALL      0.09% (       7 calls)     0.00s/call
 -----------------------------------------------------------------------------
 ------------------------------- TOTAL ---------------------------------------
    PROFESS      :      6.34s WALL    100.00% (       1 calls)     6.34s/call
 -----------------------------------------------------------------------------

Run completed on: 07/30/2024 at 16:54:13 
  
