 ******************************************************************************
                             WELCOME TO PROFESS                   
            (PRinceton Orbital-Free Electronic Structure Software) 
 ******************************************************************************

 ------------------------------------------------------------------------------
                           READ GEOMETRY
 Cell length (Bohr)    2.019E+01   2.019E+01   2.019E+01
 Angle     (Degree)    9.000E+01   9.000E+01   9.000E+01
 Volume    (Bohr^3)    8.234E+03

 ------------------------------------------------------------------------------
                           READ PSEUDOPOTENTIAL
 Total electron number in ReadPseudo is    252.00000000000000     
 (System) Machine Precision              :    2.2204460492503131E-016

 ------------------------------------------------------------------------------
                           SETUP FFT
 Global FFT Dimension :    56   56   56
 Rank/Size in Global Communicator     :            0 /           1
 Rank/Size in Global FFT Communicator :            0 /           1
 Parallel FFT, totX    =    56
 Parallel FFT, totY    =    56
 Parallel FFT, locZ    =    56
 Parallel FFT, locZoff =     0
 Dimension of rho for this processor : 
 xmin, xmax :            0          55
 ymin, ymax :            0          55
 zmin, zmax :            0          55
 Total electron number =    252.00000000000000     
 Uniform rhoR =    3.0605178911534171E-002
 (GB INFO) FFT size      :       56      56      56
 (GB INFO) FFT offset    :        0
 (GB INFO) FFT G size    :       29      56      56
 (GB INFO) FFT G offset  :        0

 ------------------------------------------------------------------------------
                           SETUP KEDF
 kinetic energy density functional number is           11
 ( 1=TF, 2=VW, 3=TF+VW, 4=WT,  5=WGC,  
   7=LQ, 8=HQ, 10=CAT,  11=HC, 12=WGCD,
   15=GGA, 16=WGCD+GGA, 17=EVT, 18=EVC )
 qTable dimension:    29   56   56
 rhoS=   3.0605178911534171E-002
 rho0=   3.0605178911534171E-002
 coefficients for TF KEDF is     1.000000
 coefficients for VW KEDF is     1.000000
 Lambda in HC10 is set to     0.010000
 ALPHA  in HC10 is set to     2.016667
 BETA   in HC10 is set to     0.650000
 Sum of alpha and beta is     2.666667
  dV of each real space grid is now    4.6885822289738276E-002
 Cell length (Bohr)    2.019E+01   2.019E+01   2.019E+01
 Angle     (Degree)    9.000E+01   9.000E+01   9.000E+01
 Volume    (Bohr^3)    8.234E+03

 ------------------------------------------------------------------------------
                           SETUP EWALD 
 (Ewald) eta                             :   0.7290    
 (Ewald) Real Space Cutoff               :    7.249     (Bohr)
 (Ewald) Reciprocal Cutoff               :    8.557     (1/Bohr)

 ------------------------------------------------------------------------------
                           SETUP PLANE WAVE 

 ------------------------------------------------------------------------------
                           REFRESH ION POSITIONS
  
 Calculating Ion-Ion Energy ...                   complete.     0.016 s
  
 Calculating Ion-Electron Potential (spline) ... 
 complete.     0.013 s

 ------------------------------------------------------------------------------
                           DENSITY OPTIMIZATION
 Electron number for spin            1  is    251.99999999971382     
 Cell Volume      :          1220.138164 Angstrom^3
 Ion number       :                   63
 Electron number  :           252.000000
 Ion density      :             0.051633 Ion/Angstrom^3
 Electron density :             0.206534 Electron/Angstrom^3
  
 Calculating Ion-Ion Forces ...                complete.     0.014 s
  
 Calculating Ion-Electron Forces (spline) ...  complete.     0.007 s
  
 Calculating Ion-Electron Stress (spline) ...  complete.     0.017 s
  
 Calculating Ion-Ion Stress ...                complete.     0.009 s
  
 ------------------------------------------------------------------------------
                         LATTICE VECTORS (Angstrom)
 LAT 1          10.685701        0.000000        0.000000
 LAT 2           0.000000       10.685701        0.000000
 LAT 3           0.000000        0.000000       10.685701
 ------------------------------------------------------------------------------
                                STRESS (GPa)
 ST_GPa 1       -4.413005        0.021434        0.019020
 ST_GPa 2        0.021434       -4.352321        0.005672
 ST_GPa 3        0.019020        0.005672       -4.352771
  
 --------------------------------------------------
 STRESS (a.u.)
 --------------------------------------------------
 ST_AU  1  -1.4999502981E-04   7.2854339580E-07   6.4646207175E-07
 ST_AU  2   7.2854339580E-07  -1.4793240826E-04   1.9278948548E-07
 ST_AU  3   6.4646207175E-07   1.9278948548E-07  -1.4794772071E-04
; Cell optimization at step  1, max(stress):  0.1500E-03, total energy:  -253.68321    ;
  dV of each real space grid is now    5.2136124754281490E-002
 Cell length (Bohr)    2.093E+01   2.092E+01   2.092E+01
 Angle     (Degree)    9.001E+01   9.002E+01   9.002E+01
 Volume    (Bohr^3)    9.156E+03
  dV of each real space grid is now    5.2136124754281490E-002
 Cell length (Bohr)    2.093E+01   2.092E+01   2.092E+01
 Angle     (Degree)    9.001E+01   9.002E+01   9.002E+01
 Volume    (Bohr^3)    9.156E+03

 ------------------------------------------------------------------------------
                           SETUP EWALD 
 (Ewald) eta                             :   0.7026    
 (Ewald) Real Space Cutoff               :    7.513     (Bohr)
 (Ewald) Reciprocal Cutoff               :    8.257     (1/Bohr)

 ------------------------------------------------------------------------------
                           SETUP PLANE WAVE 

 ------------------------------------------------------------------------------
                           REFRESH ION POSITIONS
  
 Calculating Ion-Ion Energy ...                   complete.     0.011 s
  
 Calculating Ion-Electron Potential (spline) ... 
 complete.     0.012 s
 Rescale the total density from  14.609539 to        252

 ------------------------------------------------------------------------------
                           DENSITY OPTIMIZATION
 Electron number for spin            1  is    251.99999999999798     
 Cell Volume      :          1356.769966 Angstrom^3
 Ion number       :                   63
 Electron number  :           252.000000
 Ion density      :             0.046434 Ion/Angstrom^3
 Electron density :             0.185735 Electron/Angstrom^3
  
 Calculating Ion-Ion Forces ...                complete.     0.014 s
  
 Calculating Ion-Electron Forces (spline) ...  complete.     0.008 s
  
 Calculating Ion-Electron Stress (spline) ...  complete.     0.016 s
  
 Calculating Ion-Ion Stress ...                complete.     0.008 s
  
 ------------------------------------------------------------------------------
                         LATTICE VECTORS (Angstrom)
 LAT 1          11.074086       -0.001886       -0.001674
 LAT 2          -0.001886       11.068745       -0.000499
 LAT 3          -0.001674       -0.000499       11.068785
 ------------------------------------------------------------------------------
                                STRESS (GPa)
 ST_GPa 1        5.252360       -0.002830       -0.002934
 ST_GPa 2       -0.002830        5.299699       -0.004252
 ST_GPa 3       -0.002934       -0.004252        5.301040
  
 --------------------------------------------------
 STRESS (a.u.)
 --------------------------------------------------
 ST_AU  1   1.7852413793E-04  -9.6182068340E-08  -9.9718855614E-08
 ST_AU  2  -9.6182068340E-08   1.8013314395E-04  -1.4452669907E-07
 ST_AU  3  -9.9718855614E-08  -1.4452669907E-07   1.8017872091E-04
; Cell optimization at step  2, max(stress):  0.1802E-03, total energy:  -253.64111    ;
  dV of each real space grid is now    5.0392792228743134E-002
 Cell length (Bohr)    2.069E+01   2.068E+01   2.068E+01
 Angle     (Degree)    9.000E+01   9.002E+01   9.002E+01
 Volume    (Bohr^3)    8.850E+03
  dV of each real space grid is now    5.0392792228743134E-002
 Cell length (Bohr)    2.069E+01   2.068E+01   2.068E+01
 Angle     (Degree)    9.000E+01   9.002E+01   9.002E+01
 Volume    (Bohr^3)    8.850E+03

 ------------------------------------------------------------------------------
                           SETUP EWALD 
 (Ewald) eta                             :   0.7132    
 (Ewald) Real Space Cutoff               :    7.402     (Bohr)
 (Ewald) Reciprocal Cutoff               :    8.350     (1/Bohr)

 ------------------------------------------------------------------------------
                           SETUP PLANE WAVE 

 ------------------------------------------------------------------------------
                           REFRESH ION POSITIONS
  
 Calculating Ion-Ion Energy ...                   complete.     0.010 s
  
 Calculating Ion-Electron Potential (spline) ... 
 complete.     0.012 s
 Rescale the total density from  12.274354 to        252

 ------------------------------------------------------------------------------
                           DENSITY OPTIMIZATION
 Electron number for spin            1  is    251.99999999999864     
 Cell Volume      :          1311.402168 Angstrom^3
 Ion number       :                   63
 Electron number  :           252.000000
 Ion density      :             0.048040 Ion/Angstrom^3
 Electron density :             0.192161 Electron/Angstrom^3
  
 Calculating Ion-Ion Forces ...                complete.     0.014 s
  
 Calculating Ion-Electron Forces (spline) ...  complete.     0.008 s
  
 Calculating Ion-Electron Stress (spline) ...  complete.     0.017 s
  
 Calculating Ion-Ion Stress ...                complete.     0.008 s
  
 ------------------------------------------------------------------------------
                         LATTICE VECTORS (Angstrom)
 LAT 1          10.950088       -0.001841       -0.001624
 LAT 2          -0.001841       10.943569       -0.000404
 LAT 3          -0.001623       -0.000404       10.943578
 ------------------------------------------------------------------------------
                                STRESS (GPa)
 ST_GPa 1        2.795666       -0.002525       -0.002249
 ST_GPa 2       -0.002525        2.846599       -0.003662
 ST_GPa 3       -0.002249       -0.003662        2.847580
  
 --------------------------------------------------
 STRESS (a.u.)
 --------------------------------------------------
 ST_AU  1   9.5022768170E-05  -8.5839374884E-08  -7.6439252419E-08
 ST_AU  2  -8.5839374884E-08   9.6753965523E-05  -1.2448576881E-07
 ST_AU  3  -7.6439252419E-08  -1.2448576881E-07   9.6787303664E-05
; Cell optimization at step  3, max(stress):  0.9679E-04, total energy:  -253.68409    ;
  dV of each real space grid is now    4.9317701670469463E-002
 Cell length (Bohr)    2.055E+01   2.053E+01   2.053E+01
 Angle     (Degree)    9.000E+01   9.002E+01   9.002E+01
 Volume    (Bohr^3)    8.661E+03
  dV of each real space grid is now    4.9317701670469463E-002
 Cell length (Bohr)    2.055E+01   2.053E+01   2.053E+01
 Angle     (Degree)    9.000E+01   9.002E+01   9.002E+01
 Volume    (Bohr^3)    8.661E+03

 ------------------------------------------------------------------------------
                           SETUP EWALD 
 (Ewald) eta                             :   0.7184    
 (Ewald) Real Space Cutoff               :    7.349     (Bohr)
 (Ewald) Reciprocal Cutoff               :    8.410     (1/Bohr)

 ------------------------------------------------------------------------------
                           SETUP PLANE WAVE 

 ------------------------------------------------------------------------------
                           REFRESH ION POSITIONS
  
 Calculating Ion-Ion Energy ...                   complete.     0.011 s
  
 Calculating Ion-Electron Potential (spline) ... 
 complete.     0.011 s
 Rescale the total density from  12.162918 to        252

 ------------------------------------------------------------------------------
                           DENSITY OPTIMIZATION
 Electron number for spin            1  is    252.00000000001114     
 Cell Volume      :          1283.424435 Angstrom^3
 Ion number       :                   63
 Electron number  :           252.000000
 Ion density      :             0.049087 Ion/Angstrom^3
 Electron density :             0.196350 Electron/Angstrom^3
  
 Calculating Ion-Ion Forces ...                complete.     0.014 s
  
 Calculating Ion-Electron Forces (spline) ...  complete.     0.008 s
  
 Calculating Ion-Electron Stress (spline) ...  complete.     0.017 s
  
 Calculating Ion-Ion Stress ...                complete.     0.008 s
  
 ------------------------------------------------------------------------------
                         LATTICE VECTORS (Angstrom)
 LAT 1          10.872669       -0.001784       -0.001573
 LAT 2          -0.001784       10.864693       -0.000306
 LAT 3          -0.001573       -0.000306       10.864674
 ------------------------------------------------------------------------------
                                STRESS (GPa)
 ST_GPa 1        0.786911       -0.000171       -0.001500
 ST_GPa 2       -0.000171        0.835712       -0.001684
 ST_GPa 3       -0.001500       -0.001684        0.833865
  
 --------------------------------------------------
 STRESS (a.u.)
 --------------------------------------------------
 ST_AU  1   2.6746581035E-05  -5.8007819166E-09  -5.0979529945E-08
 ST_AU  2  -5.8007819166E-09   2.8405288703E-05  -5.7241913887E-08
 ST_AU  3  -5.0979529945E-08  -5.7241913887E-08   2.8342485897E-05
; Cell optimization at step  4, max(stress):  0.2841E-04, total energy:  -253.71069    ;
  dV of each real space grid is now    4.8953281962634390E-002
 Cell length (Bohr)    2.050E+01   2.048E+01   2.048E+01
 Angle     (Degree)    9.000E+01   9.002E+01   9.002E+01
 Volume    (Bohr^3)    8.597E+03
  dV of each real space grid is now    4.8953281962634390E-002
 Cell length (Bohr)    2.050E+01   2.048E+01   2.048E+01
 Angle     (Degree)    9.000E+01   9.002E+01   9.002E+01
 Volume    (Bohr^3)    8.597E+03

 ------------------------------------------------------------------------------
                           SETUP EWALD 
 (Ewald) eta                             :   0.7184    
 (Ewald) Real Space Cutoff               :    7.355     (Bohr)
 (Ewald) Reciprocal Cutoff               :    8.430     (1/Bohr)

 ------------------------------------------------------------------------------
                           SETUP PLANE WAVE 

 ------------------------------------------------------------------------------
                           REFRESH ION POSITIONS
  
 Calculating Ion-Ion Energy ...                   complete.     0.011 s
  
 Calculating Ion-Electron Potential (spline) ... 
 complete.     0.017 s
 Rescale the total density from  12.245072 to        252

 ------------------------------------------------------------------------------
                           DENSITY OPTIMIZATION
 Electron number for spin            1  is    251.99999999999582     
 Cell Volume      :          1273.940920 Angstrom^3
 Ion number       :                   63
 Electron number  :           252.000000
 Ion density      :             0.049453 Ion/Angstrom^3
 Electron density :             0.197811 Electron/Angstrom^3
  
 Calculating Ion-Ion Forces ...                complete.     0.014 s
  
 Calculating Ion-Electron Forces (spline) ...  complete.     0.007 s
  
 Calculating Ion-Electron Stress (spline) ...  complete.     0.016 s
  
 Calculating Ion-Ion Stress ...                complete.     0.008 s
  
 ------------------------------------------------------------------------------
                         LATTICE VECTORS (Angstrom)
 LAT 1          10.846895       -0.001783       -0.001528
 LAT 2          -0.001782       10.837300       -0.000251
 LAT 3          -0.001527       -0.000251       10.837342
 ------------------------------------------------------------------------------
                                STRESS (GPa)
 ST_GPa 1        0.127911       -0.000898        0.000157
 ST_GPa 2       -0.000898        0.171323       -0.000543
 ST_GPa 3        0.000157       -0.000543        0.171870
  
 --------------------------------------------------
 STRESS (a.u.)
 --------------------------------------------------
 ST_AU  1   4.3475991097E-06  -3.0514539944E-08   5.3200775344E-09
 ST_AU  2  -3.0514539944E-08   5.8231587097E-06  -1.8452517255E-08
 ST_AU  3   5.3200775344E-09  -1.8452517255E-08   5.8417567207E-06
; Cell optimization at step  5, max(stress):  0.5842E-05, total energy:  -253.70680    ;
  dV of each real space grid is now    4.8935939532419190E-002
 Cell length (Bohr)    2.050E+01   2.048E+01   2.048E+01
 Angle     (Degree)    9.000E+01   9.002E+01   9.002E+01
 Volume    (Bohr^3)    8.594E+03
  dV of each real space grid is now    4.8935939532419190E-002
 Cell length (Bohr)    2.050E+01   2.048E+01   2.048E+01
 Angle     (Degree)    9.000E+01   9.002E+01   9.002E+01
 Volume    (Bohr^3)    8.594E+03

 ------------------------------------------------------------------------------
                           SETUP EWALD 
 (Ewald) eta                             :   0.7184    
 (Ewald) Real Space Cutoff               :    7.355     (Bohr)
 (Ewald) Reciprocal Cutoff               :    8.430     (1/Bohr)

 ------------------------------------------------------------------------------
                           SETUP PLANE WAVE 

 ------------------------------------------------------------------------------
                           REFRESH ION POSITIONS
  
 Calculating Ion-Ion Energy ...                   complete.     0.011 s
  
 Calculating Ion-Electron Potential (spline) ... 
 complete.     0.011 s
 Rescale the total density from  12.327488 to        252

 ------------------------------------------------------------------------------
                           DENSITY OPTIMIZATION
 Electron number for spin            1  is    251.99999999999952     
 Cell Volume      :          1273.489607 Angstrom^3
 Ion number       :                   63
 Electron number  :           252.000000
 Ion density      :             0.049470 Ion/Angstrom^3
 Electron density :             0.197881 Electron/Angstrom^3
  
 Calculating Ion-Ion Forces ...                complete.     0.014 s
  
 Calculating Ion-Electron Forces (spline) ...  complete.     0.008 s
  
 Calculating Ion-Electron Stress (spline) ...  complete.     0.016 s
  
 Calculating Ion-Ion Stress ...                complete.     0.008 s
  
 ------------------------------------------------------------------------------
                         LATTICE VECTORS (Angstrom)
 LAT 1          10.845853       -0.001776       -0.001529
 LAT 2          -0.001775       10.835903       -0.000247
 LAT 3          -0.001529       -0.000247       10.835940
 ------------------------------------------------------------------------------
                                STRESS (GPa)
 ST_GPa 1        0.077775       -0.003701       -0.002157
 ST_GPa 2       -0.003701        0.122154       -0.002399
 ST_GPa 3       -0.002157       -0.002399        0.122676
  
 --------------------------------------------------
 STRESS (a.u.)
 --------------------------------------------------
 ST_AU  1   2.6435244918E-06  -1.2578299395E-07  -7.3322051822E-08
 ST_AU  2  -1.2578299395E-07   4.1519247290E-06  -8.1532184070E-08
 ST_AU  3  -7.3322051822E-08  -8.1532184070E-08   4.1696836188E-06
; Cell optimization at step  6, max(stress):  0.4170E-05, total energy:  -253.70361    ;
  dV of each real space grid is now    4.8932971540693870E-002
 Cell length (Bohr)    2.050E+01   2.048E+01   2.048E+01
 Angle     (Degree)    9.000E+01   9.002E+01   9.002E+01
 Volume    (Bohr^3)    8.593E+03
  dV of each real space grid is now    4.8932971540693870E-002
 Cell length (Bohr)    2.050E+01   2.048E+01   2.048E+01
 Angle     (Degree)    9.000E+01   9.002E+01   9.002E+01
 Volume    (Bohr^3)    8.593E+03

 ------------------------------------------------------------------------------
                           SETUP EWALD 
 (Ewald) eta                             :   0.7184    
 (Ewald) Real Space Cutoff               :    7.355     (Bohr)
 (Ewald) Reciprocal Cutoff               :    8.431     (1/Bohr)

 ------------------------------------------------------------------------------
                           SETUP PLANE WAVE 

 ------------------------------------------------------------------------------
                           REFRESH ION POSITIONS
  
 Calculating Ion-Ion Energy ...                   complete.     0.011 s
  
 Calculating Ion-Electron Potential (spline) ... 
 complete.     0.011 s
 Rescale the total density from  12.330361 to        252

 ------------------------------------------------------------------------------
                           DENSITY OPTIMIZATION
 Electron number for spin            1  is    252.00000000000261     
 Cell Volume      :          1273.412369 Angstrom^3
 Ion number       :                   63
 Electron number  :           252.000000
 Ion density      :             0.049473 Ion/Angstrom^3
 Electron density :             0.197893 Electron/Angstrom^3
  
 Calculating Ion-Ion Forces ...                complete.     0.014 s
  
 Calculating Ion-Electron Forces (spline) ...  complete.     0.008 s
  
 Calculating Ion-Electron Stress (spline) ...  complete.     0.016 s
  
 Calculating Ion-Ion Stress ...                complete.     0.008 s
  
 ------------------------------------------------------------------------------
                         LATTICE VECTORS (Angstrom)
 LAT 1          10.845694       -0.001769       -0.001525
 LAT 2          -0.001768       10.835654       -0.000242
 LAT 3          -0.001524       -0.000242       10.835690
 ------------------------------------------------------------------------------
                                STRESS (GPa)
 ST_GPa 1        0.071489       -0.003616       -0.002167
 ST_GPa 2       -0.003616        0.115994       -0.001177
 ST_GPa 3       -0.002167       -0.001177        0.116444
  
 --------------------------------------------------
 STRESS (a.u.)
 --------------------------------------------------
 ST_AU  1   2.4298658126E-06  -1.2291274540E-07  -7.3670852153E-08
 ST_AU  2  -1.2291274540E-07   3.9425438333E-06  -4.0008750220E-08
 ST_AU  3  -7.3670852153E-08  -4.0008750220E-08   3.9578378623E-06
; Cell optimization at step  7, max(stress):  0.3958E-05, total energy:  -253.70322    ;
  dV of each real space grid is now    4.8932272542095492E-002
 Cell length (Bohr)    2.050E+01   2.048E+01   2.048E+01
 Angle     (Degree)    9.000E+01   9.002E+01   9.002E+01
 Volume    (Bohr^3)    8.593E+03
  dV of each real space grid is now    4.8932272542095492E-002
 Cell length (Bohr)    2.050E+01   2.048E+01   2.048E+01
 Angle     (Degree)    9.000E+01   9.002E+01   9.002E+01
 Volume    (Bohr^3)    8.593E+03

 ------------------------------------------------------------------------------
                           SETUP EWALD 
 (Ewald) eta                             :   0.7184    
 (Ewald) Real Space Cutoff               :    7.355     (Bohr)
 (Ewald) Reciprocal Cutoff               :    8.431     (1/Bohr)

 ------------------------------------------------------------------------------
                           SETUP PLANE WAVE 

 ------------------------------------------------------------------------------
                           REFRESH ION POSITIONS
  
 Calculating Ion-Ion Energy ...                   complete.     0.010 s
  
 Calculating Ion-Electron Potential (spline) ... 
 complete.     0.012 s
 Rescale the total density from  12.330757 to        252

 ------------------------------------------------------------------------------
                           DENSITY OPTIMIZATION
 Electron number for spin            1  is    251.99999999999335     
 Cell Volume      :          1273.394179 Angstrom^3
 Ion number       :                   63
 Electron number  :           252.000000
 Ion density      :             0.049474 Ion/Angstrom^3
 Electron density :             0.197896 Electron/Angstrom^3
  
 Calculating Ion-Ion Forces ...                complete.     0.014 s
  
 Calculating Ion-Electron Forces (spline) ...  complete.     0.008 s
  
 Calculating Ion-Electron Stress (spline) ...  complete.     0.016 s
  
 Calculating Ion-Ion Stress ...                complete.     0.008 s
  
 ------------------------------------------------------------------------------
                         LATTICE VECTORS (Angstrom)
 LAT 1          10.845658       -0.001767       -0.001524
 LAT 2          -0.001766       10.835595       -0.000242
 LAT 3          -0.001523       -0.000242       10.835631
 ------------------------------------------------------------------------------
                                STRESS (GPa)
 ST_GPa 1        0.071993       -0.003236       -0.002652
 ST_GPa 2       -0.003236        0.116393       -0.000964
 ST_GPa 3       -0.002652       -0.000964        0.116825
  
 --------------------------------------------------
 STRESS (a.u.)
 --------------------------------------------------
 ST_AU  1   2.4469896210E-06  -1.0999152441E-07  -9.0145574193E-08
 ST_AU  2  -1.0999152441E-07   3.9561223292E-06  -3.2777533599E-08
 ST_AU  3  -9.0145574193E-08  -3.2777533599E-08   3.9708035692E-06
; Cell optimization at step  8, max(stress):  0.3971E-05, total energy:  -253.70324    ;
  dV of each real space grid is now    4.8931430215502711E-002
 Cell length (Bohr)    2.050E+01   2.048E+01   2.048E+01
 Angle     (Degree)    9.000E+01   9.002E+01   9.002E+01
 Volume    (Bohr^3)    8.593E+03
  dV of each real space grid is now    4.8931430215502711E-002
 Cell length (Bohr)    2.050E+01   2.048E+01   2.048E+01
 Angle     (Degree)    9.000E+01   9.002E+01   9.002E+01
 Volume    (Bohr^3)    8.593E+03

 ------------------------------------------------------------------------------
                           SETUP EWALD 
 (Ewald) eta                             :   0.7184    
 (Ewald) Real Space Cutoff               :    7.355     (Bohr)
 (Ewald) Reciprocal Cutoff               :    8.431     (1/Bohr)

 ------------------------------------------------------------------------------
                           SETUP PLANE WAVE 

 ------------------------------------------------------------------------------
                           REFRESH ION POSITIONS
  
 Calculating Ion-Ion Energy ...                   complete.     0.011 s
  
 Calculating Ion-Electron Potential (spline) ... 
 complete.     0.020 s
 Rescale the total density from  12.330508 to        252

 ------------------------------------------------------------------------------
                           DENSITY OPTIMIZATION
 Electron number for spin            1  is    252.00000000000497     
 Cell Volume      :          1273.372259 Angstrom^3
 Ion number       :                   63
 Electron number  :           252.000000
 Ion density      :             0.049475 Ion/Angstrom^3
 Electron density :             0.197900 Electron/Angstrom^3
  
 Calculating Ion-Ion Forces ...                complete.     0.014 s
  
 Calculating Ion-Electron Forces (spline) ...  complete.     0.008 s
  
 Calculating Ion-Electron Stress (spline) ...  complete.     0.016 s
  
 Calculating Ion-Ion Stress ...                complete.     0.008 s
  
 ------------------------------------------------------------------------------
                         LATTICE VECTORS (Angstrom)
 LAT 1          10.845614       -0.001765       -0.001522
 LAT 2          -0.001764       10.835524       -0.000241
 LAT 3          -0.001521       -0.000241       10.835560
 ------------------------------------------------------------------------------
                                STRESS (GPa)
 ST_GPa 1        0.070536       -0.003283       -0.002589
 ST_GPa 2       -0.003283        0.114993       -0.001019
 ST_GPa 3       -0.002589       -0.001019        0.115329
  
 --------------------------------------------------
 STRESS (a.u.)
 --------------------------------------------------
 ST_AU  1   2.3974678344E-06  -1.1157917765E-07  -8.7999740387E-08
 ST_AU  2  -1.1157917765E-07   3.9085216104E-06  -3.4637744125E-08
 ST_AU  3  -8.7999740387E-08  -3.4637744125E-08   3.9199630416E-06
; Cell optimization at step  9, max(stress):  0.3920E-05, total energy:  -253.70313    ;
  dV of each real space grid is now    4.8931222640643902E-002
 Cell length (Bohr)    2.050E+01   2.048E+01   2.048E+01
 Angle     (Degree)    9.000E+01   9.002E+01   9.002E+01
 Volume    (Bohr^3)    8.593E+03
  dV of each real space grid is now    4.8931222640643902E-002
 Cell length (Bohr)    2.050E+01   2.048E+01   2.048E+01
 Angle     (Degree)    9.000E+01   9.002E+01   9.002E+01
 Volume    (Bohr^3)    8.593E+03

 ------------------------------------------------------------------------------
                           SETUP EWALD 
 (Ewald) eta                             :   0.7184    
 (Ewald) Real Space Cutoff               :    7.355     (Bohr)
 (Ewald) Reciprocal Cutoff               :    8.431     (1/Bohr)

 ------------------------------------------------------------------------------
                           SETUP PLANE WAVE 

 ------------------------------------------------------------------------------
                           REFRESH ION POSITIONS
  
 Calculating Ion-Ion Energy ...                   complete.     0.011 s
  
 Calculating Ion-Electron Potential (spline) ... 
 complete.     0.012 s
 Rescale the total density from  12.330616 to        252

 ------------------------------------------------------------------------------
                           DENSITY OPTIMIZATION
 Electron number for spin            1  is    251.99999999999258     
 Cell Volume      :          1273.366857 Angstrom^3
 Ion number       :                   63
 Electron number  :           252.000000
 Ion density      :             0.049475 Ion/Angstrom^3
 Electron density :             0.197901 Electron/Angstrom^3
  
 Calculating Ion-Ion Forces ...                complete.     0.014 s
  
 Calculating Ion-Electron Forces (spline) ...  complete.     0.008 s
  
 Calculating Ion-Electron Stress (spline) ...  complete.     0.016 s
  
 Calculating Ion-Ion Stress ...                complete.     0.017 s
  
 ------------------------------------------------------------------------------
                         LATTICE VECTORS (Angstrom)
 LAT 1          10.845603       -0.001764       -0.001522
 LAT 2          -0.001763       10.835506       -0.000241
 LAT 3          -0.001521       -0.000241       10.835542
 ------------------------------------------------------------------------------
                                STRESS (GPa)
 ST_GPa 1        0.069472       -0.003230       -0.002598
 ST_GPa 2       -0.003230        0.113890       -0.001001
 ST_GPa 3       -0.002598       -0.001001        0.114209
  
 --------------------------------------------------
 STRESS (a.u.)
 --------------------------------------------------
 ST_AU  1   2.3613114518E-06  -1.0979366434E-07  -8.8291291704E-08
 ST_AU  2  -1.0979366434E-07   3.8710398677E-06  -3.4022410758E-08
 ST_AU  3  -8.8291291704E-08  -3.4022410758E-08   3.8818720593E-06
; Cell optimization at step 10, max(stress):  0.3882E-05, total energy:  -253.70310    ;
  dV of each real space grid is now    4.8931171314059670E-002
 Cell length (Bohr)    2.050E+01   2.048E+01   2.048E+01
 Angle     (Degree)    9.000E+01   9.002E+01   9.002E+01
 Volume    (Bohr^3)    8.593E+03
  dV of each real space grid is now    4.8931171314059670E-002
 Cell length (Bohr)    2.050E+01   2.048E+01   2.048E+01
 Angle     (Degree)    9.000E+01   9.002E+01   9.002E+01
 Volume    (Bohr^3)    8.593E+03

 ------------------------------------------------------------------------------
                           SETUP EWALD 
 (Ewald) eta                             :   0.7184    
 (Ewald) Real Space Cutoff               :    7.355     (Bohr)
 (Ewald) Reciprocal Cutoff               :    8.431     (1/Bohr)

 ------------------------------------------------------------------------------
                           SETUP PLANE WAVE 

 ------------------------------------------------------------------------------
                           REFRESH ION POSITIONS
  
 Calculating Ion-Ion Energy ...                   complete.     0.015 s
  
 Calculating Ion-Electron Potential (spline) ... 
 complete.     0.012 s
 Rescale the total density from  12.330642 to        252

 ------------------------------------------------------------------------------
                           DENSITY OPTIMIZATION
 Electron number for spin            1  is    252.00000000000108     
 Cell Volume      :          1273.365521 Angstrom^3
 Ion number       :                   63
 Electron number  :           252.000000
 Ion density      :             0.049475 Ion/Angstrom^3
 Electron density :             0.197901 Electron/Angstrom^3
  
 Calculating Ion-Ion Forces ...                complete.     0.014 s
  
 Calculating Ion-Electron Forces (spline) ...  complete.     0.008 s
  
 Calculating Ion-Electron Stress (spline) ...  complete.     0.016 s
  
 Calculating Ion-Ion Stress ...                complete.     0.008 s
  
 ------------------------------------------------------------------------------
                         LATTICE VECTORS (Angstrom)
 LAT 1          10.845601       -0.001764       -0.001522
 LAT 2          -0.001763       10.835502       -0.000241
 LAT 3          -0.001521       -0.000241       10.835538
 ------------------------------------------------------------------------------
                                STRESS (GPa)
 ST_GPa 1        0.069351       -0.003227       -0.002594
 ST_GPa 2       -0.003227        0.113764       -0.001002
 ST_GPa 3       -0.002594       -0.001002        0.114082
  
 --------------------------------------------------
 STRESS (a.u.)
 --------------------------------------------------
 ST_AU  1   2.3571878809E-06  -1.0967410174E-07  -8.8169321813E-08
 ST_AU  2  -1.0967410174E-07   3.8667679953E-06  -3.4047907612E-08
 ST_AU  3  -8.8169321813E-08  -3.4047907612E-08   3.8775783514E-06
; Cell optimization at step 11, max(stress):  0.3878E-05, total energy:  -253.70309    ;
  dV of each real space grid is now    4.8931158498523482E-002
 Cell length (Bohr)    2.050E+01   2.048E+01   2.048E+01
 Angle     (Degree)    9.000E+01   9.002E+01   9.002E+01
 Volume    (Bohr^3)    8.593E+03
  dV of each real space grid is now    4.8931158498523482E-002
 Cell length (Bohr)    2.050E+01   2.048E+01   2.048E+01
 Angle     (Degree)    9.000E+01   9.002E+01   9.002E+01
 Volume    (Bohr^3)    8.593E+03

 ------------------------------------------------------------------------------
                           SETUP EWALD 
 (Ewald) eta                             :   0.7184    
 (Ewald) Real Space Cutoff               :    7.355     (Bohr)
 (Ewald) Reciprocal Cutoff               :    8.431     (1/Bohr)

 ------------------------------------------------------------------------------
                           SETUP PLANE WAVE 

 ------------------------------------------------------------------------------
                           REFRESH ION POSITIONS
  
 Calculating Ion-Ion Energy ...                   complete.     0.011 s
  
 Calculating Ion-Electron Potential (spline) ... 
 complete.     0.011 s
 Rescale the total density from  12.330649 to        252

 ------------------------------------------------------------------------------
                           DENSITY OPTIMIZATION
 Electron number for spin            1  is    252.00000000000156     
 Cell Volume      :          1273.365188 Angstrom^3
 Ion number       :                   63
 Electron number  :           252.000000
 Ion density      :             0.049475 Ion/Angstrom^3
 Electron density :             0.197901 Electron/Angstrom^3
  
 Calculating Ion-Ion Forces ...                complete.     0.014 s
  
 Calculating Ion-Electron Forces (spline) ...  complete.     0.008 s
  
 Calculating Ion-Electron Stress (spline) ...  complete.     0.016 s
  
 Calculating Ion-Ion Stress ...                complete.     0.008 s
  
 ------------------------------------------------------------------------------
                         LATTICE VECTORS (Angstrom)
 LAT 1          10.845600       -0.001764       -0.001522
 LAT 2          -0.001763       10.835501       -0.000241
 LAT 3          -0.001521       -0.000241       10.835537
 ------------------------------------------------------------------------------
                                STRESS (GPa)
 ST_GPa 1        0.069326       -0.003227       -0.002594
 ST_GPa 2       -0.003227        0.113744       -0.001002
 ST_GPa 3       -0.002594       -0.001002        0.114062
  
 --------------------------------------------------
 STRESS (a.u.)
 --------------------------------------------------
 ST_AU  1   2.3563552034E-06  -1.0968323517E-07  -8.8173004888E-08
 ST_AU  2  -1.0968323517E-07   3.8660686425E-06  -3.4046186017E-08
 ST_AU  3  -8.8173004888E-08  -3.4046186017E-08   3.8768741551E-06
; Cell optimization at step 12, max(stress):  0.3877E-05, total energy:  -253.70309    ;
  dV of each real space grid is now    4.8931155295349436E-002
 Cell length (Bohr)    2.050E+01   2.048E+01   2.048E+01
 Angle     (Degree)    9.000E+01   9.002E+01   9.002E+01
 Volume    (Bohr^3)    8.593E+03
  dV of each real space grid is now    4.8931155295349436E-002
 Cell length (Bohr)    2.050E+01   2.048E+01   2.048E+01
 Angle     (Degree)    9.000E+01   9.002E+01   9.002E+01
 Volume    (Bohr^3)    8.593E+03

 ------------------------------------------------------------------------------
                           SETUP EWALD 
 (Ewald) eta                             :   0.7184    
 (Ewald) Real Space Cutoff               :    7.355     (Bohr)
 (Ewald) Reciprocal Cutoff               :    8.431     (1/Bohr)

 ------------------------------------------------------------------------------
                           SETUP PLANE WAVE 

 ------------------------------------------------------------------------------
                           REFRESH ION POSITIONS
  
 Calculating Ion-Ion Energy ...                   complete.     0.011 s
  
 Calculating Ion-Electron Potential (spline) ... 
 complete.     0.012 s
 Rescale the total density from  12.330650 to        252

 ------------------------------------------------------------------------------
                           DENSITY OPTIMIZATION
 Electron number for spin            1  is    251.99999999999531     
 Cell Volume      :          1273.365104 Angstrom^3
 Ion number       :                   63
 Electron number  :           252.000000
 Ion density      :             0.049475 Ion/Angstrom^3
 Electron density :             0.197901 Electron/Angstrom^3
  
 Calculating Ion-Ion Forces ...                complete.     0.014 s
  
 Calculating Ion-Electron Forces (spline) ...  complete.     0.008 s
  
 Calculating Ion-Electron Stress (spline) ...  complete.     0.017 s
  
 Calculating Ion-Ion Stress ...                complete.     0.008 s
  
 ------------------------------------------------------------------------------
                         LATTICE VECTORS (Angstrom)
 LAT 1          10.845600       -0.001764       -0.001522
 LAT 2          -0.001763       10.835501       -0.000241
 LAT 3          -0.001521       -0.000241       10.835536
 ------------------------------------------------------------------------------
                                STRESS (GPa)
 ST_GPa 1        0.069307       -0.003227       -0.002594
 ST_GPa 2       -0.003227        0.113723       -0.001002
 ST_GPa 3       -0.002594       -0.001002        0.114041
  
 --------------------------------------------------
 STRESS (a.u.)
 --------------------------------------------------
 ST_AU  1   2.3557065197E-06  -1.0966787680E-07  -8.8159266730E-08
 ST_AU  2  -1.0966787680E-07   3.8653814503E-06  -3.4041698103E-08
 ST_AU  3  -8.8159266730E-08  -3.4041698103E-08   3.8761859327E-06
; Cell optimization at step 13, max(stress):  0.3876E-05, total energy:  -253.70309    ;
  dV of each real space grid is now    4.8931154494716446E-002
 Cell length (Bohr)    2.050E+01   2.048E+01   2.048E+01
 Angle     (Degree)    9.000E+01   9.002E+01   9.002E+01
 Volume    (Bohr^3)    8.593E+03
  dV of each real space grid is now    4.8931154494716446E-002
 Cell length (Bohr)    2.050E+01   2.048E+01   2.048E+01
 Angle     (Degree)    9.000E+01   9.002E+01   9.002E+01
 Volume    (Bohr^3)    8.593E+03

 ------------------------------------------------------------------------------
                           SETUP EWALD 
 (Ewald) eta                             :   0.7184    
 (Ewald) Real Space Cutoff               :    7.355     (Bohr)
 (Ewald) Reciprocal Cutoff               :    8.431     (1/Bohr)

 ------------------------------------------------------------------------------
                           SETUP PLANE WAVE 

 ------------------------------------------------------------------------------
                           REFRESH ION POSITIONS
  
 Calculating Ion-Ion Energy ...                   complete.     0.010 s
  
 Calculating Ion-Electron Potential (spline) ... 
 complete.     0.012 s
 Rescale the total density from  12.330651 to        252

 ------------------------------------------------------------------------------
                           DENSITY OPTIMIZATION
 Electron number for spin            1  is    252.00000000000173     
 Cell Volume      :          1273.365083 Angstrom^3
 Ion number       :                   63
 Electron number  :           252.000000
 Ion density      :             0.049475 Ion/Angstrom^3
 Electron density :             0.197901 Electron/Angstrom^3
  
 Calculating Ion-Ion Forces ...                complete.     0.014 s
  
 Calculating Ion-Electron Forces (spline) ...  complete.     0.007 s
  
 Calculating Ion-Electron Stress (spline) ...  complete.     0.016 s
  
 Calculating Ion-Ion Stress ...                complete.     0.008 s
  
 ------------------------------------------------------------------------------
                         LATTICE VECTORS (Angstrom)
 LAT 1          10.845600       -0.001764       -0.001522
 LAT 2          -0.001763       10.835501       -0.000241
 LAT 3          -0.001521       -0.000241       10.835536
 ------------------------------------------------------------------------------
                                STRESS (GPa)
 ST_GPa 1        0.069317       -0.003227       -0.002594
 ST_GPa 2       -0.003227        0.113735       -0.001002
 ST_GPa 3       -0.002594       -0.001002        0.114052
  
 --------------------------------------------------
 STRESS (a.u.)
 --------------------------------------------------
 ST_AU  1   2.3560519158E-06  -1.0968485058E-07  -8.8179120056E-08
 ST_AU  2  -1.0968485058E-07   3.8657689158E-06  -3.4046473196E-08
 ST_AU  3  -8.8179120056E-08  -3.4046473196E-08   3.8765435046E-06
; Cell optimization at step 14, max(stress):  0.3877E-05, total energy:  -253.70309    ;
  dV of each real space grid is now    4.8931154294536580E-002
 Cell length (Bohr)    2.050E+01   2.048E+01   2.048E+01
 Angle     (Degree)    9.000E+01   9.002E+01   9.002E+01
 Volume    (Bohr^3)    8.593E+03
  dV of each real space grid is now    4.8931154294536580E-002
 Cell length (Bohr)    2.050E+01   2.048E+01   2.048E+01
 Angle     (Degree)    9.000E+01   9.002E+01   9.002E+01
 Volume    (Bohr^3)    8.593E+03

 ------------------------------------------------------------------------------
                           SETUP EWALD 
 (Ewald) eta                             :   0.7184    
 (Ewald) Real Space Cutoff               :    7.355     (Bohr)
 (Ewald) Reciprocal Cutoff               :    8.431     (1/Bohr)

 ------------------------------------------------------------------------------
                           SETUP PLANE WAVE 

 ------------------------------------------------------------------------------
                           REFRESH ION POSITIONS
  
 Calculating Ion-Ion Energy ...                   complete.     0.011 s
  
 Calculating Ion-Electron Potential (spline) ... 
 complete.     0.012 s
 Rescale the total density from  12.330651 to        252

 ------------------------------------------------------------------------------
                           DENSITY OPTIMIZATION
 Electron number for spin            1  is    252.00000000000136     
 Cell Volume      :          1273.365078 Angstrom^3
 Ion number       :                   63
 Electron number  :           252.000000
 Ion density      :             0.049475 Ion/Angstrom^3
 Electron density :             0.197901 Electron/Angstrom^3
  
 Calculating Ion-Ion Forces ...                complete.     0.015 s
  
 Calculating Ion-Electron Forces (spline) ...  complete.     0.007 s
  
 Calculating Ion-Electron Stress (spline) ...  complete.     0.016 s
  
 Calculating Ion-Ion Stress ...                complete.     0.008 s
  
 ------------------------------------------------------------------------------
                         LATTICE VECTORS (Angstrom)
 LAT 1          10.845600       -0.001764       -0.001522
 LAT 2          -0.001763       10.835500       -0.000241
 LAT 3          -0.001521       -0.000241       10.835536
 ------------------------------------------------------------------------------
                                STRESS (GPa)
 ST_GPa 1        0.069316       -0.003227       -0.002594
 ST_GPa 2       -0.003227        0.113733       -0.001002
 ST_GPa 3       -0.002594       -0.001002        0.114050
  
 --------------------------------------------------
 STRESS (a.u.)
 --------------------------------------------------
 ST_AU  1   2.3560046429E-06  -1.0968359984E-07  -8.8178969392E-08
 ST_AU  2  -1.0968359984E-07   3.8657223769E-06  -3.4046371617E-08
 ST_AU  3  -8.8178969392E-08  -3.4046371617E-08   3.8764943243E-06
; Cell optimization at step 15, max(stress):  0.3876E-05, total energy:  -253.70309    ;
  dV of each real space grid is now    4.8931154244492327E-002
 Cell length (Bohr)    2.050E+01   2.048E+01   2.048E+01
 Angle     (Degree)    9.000E+01   9.002E+01   9.002E+01
 Volume    (Bohr^3)    8.593E+03
  dV of each real space grid is now    4.8931154244492327E-002
 Cell length (Bohr)    2.050E+01   2.048E+01   2.048E+01
 Angle     (Degree)    9.000E+01   9.002E+01   9.002E+01
 Volume    (Bohr^3)    8.593E+03

 ------------------------------------------------------------------------------
                           SETUP EWALD 
 (Ewald) eta                             :   0.7184    
 (Ewald) Real Space Cutoff               :    7.355     (Bohr)
 (Ewald) Reciprocal Cutoff               :    8.431     (1/Bohr)

 ------------------------------------------------------------------------------
                           SETUP PLANE WAVE 

 ------------------------------------------------------------------------------
                           REFRESH ION POSITIONS
  
 Calculating Ion-Ion Energy ...                   complete.     0.011 s
  
 Calculating Ion-Electron Potential (spline) ... 
 complete.     0.012 s
 Rescale the total density from  12.330651 to        252

 ------------------------------------------------------------------------------
                           DENSITY OPTIMIZATION
 Electron number for spin            1  is    252.00000000000335     
 Cell Volume      :          1273.365077 Angstrom^3
 Ion number       :                   63
 Electron number  :           252.000000
 Ion density      :             0.049475 Ion/Angstrom^3
 Electron density :             0.197901 Electron/Angstrom^3
  
 Calculating Ion-Ion Forces ...                complete.     0.014 s
  
 Calculating Ion-Electron Forces (spline) ...  complete.     0.007 s
  
 Calculating Ion-Electron Stress (spline) ...  complete.     0.020 s
  
 Calculating Ion-Ion Stress ...                complete.     0.009 s
  
 ------------------------------------------------------------------------------
                         LATTICE VECTORS (Angstrom)
 LAT 1          10.845600       -0.001764       -0.001522
 LAT 2          -0.001763       10.835500       -0.000241
 LAT 3          -0.001521       -0.000241       10.835536
 ------------------------------------------------------------------------------
                                STRESS (GPa)
 ST_GPa 1        0.069316       -0.003227       -0.002594
 ST_GPa 2       -0.003227        0.113733       -0.001002
 ST_GPa 3       -0.002594       -0.001002        0.114050
  
 --------------------------------------------------
 STRESS (a.u.)
 --------------------------------------------------
 ST_AU  1   2.3559880796E-06  -1.0968309823E-07  -8.8178808833E-08
 ST_AU  2  -1.0968309823E-07   3.8657059375E-06  -3.4046381974E-08
 ST_AU  3  -8.8178808833E-08  -3.4046381974E-08   3.8764771414E-06
; Cell optimization at step 16, max(stress):  0.3876E-05, total energy:  -253.70309    ;
  dV of each real space grid is now    4.8931154231981328E-002
 Cell length (Bohr)    2.050E+01   2.048E+01   2.048E+01
 Angle     (Degree)    9.000E+01   9.002E+01   9.002E+01
 Volume    (Bohr^3)    8.593E+03
  dV of each real space grid is now    4.8931154231981328E-002
 Cell length (Bohr)    2.050E+01   2.048E+01   2.048E+01
 Angle     (Degree)    9.000E+01   9.002E+01   9.002E+01
 Volume    (Bohr^3)    8.593E+03

 ------------------------------------------------------------------------------
                           SETUP EWALD 
 (Ewald) eta                             :   0.7184    
 (Ewald) Real Space Cutoff               :    7.355     (Bohr)
 (Ewald) Reciprocal Cutoff               :    8.431     (1/Bohr)

 ------------------------------------------------------------------------------
                           SETUP PLANE WAVE 

 ------------------------------------------------------------------------------
                           REFRESH ION POSITIONS
  
 Calculating Ion-Ion Energy ...                   complete.     0.011 s
  
 Calculating Ion-Electron Potential (spline) ... 
 complete.     0.012 s
 Rescale the total density from  12.330651 to        252

 ------------------------------------------------------------------------------
                           DENSITY OPTIMIZATION
 Electron number for spin            1  is    252.00000000000011     
 Cell Volume      :          1273.365076 Angstrom^3
 Ion number       :                   63
 Electron number  :           252.000000
 Ion density      :             0.049475 Ion/Angstrom^3
 Electron density :             0.197901 Electron/Angstrom^3
  
 Calculating Ion-Ion Forces ...                complete.     0.014 s
  
 Calculating Ion-Electron Forces (spline) ...  complete.     0.007 s
  
 Calculating Ion-Electron Stress (spline) ...  complete.     0.016 s
  
 Calculating Ion-Ion Stress ...                complete.     0.008 s
  
 ------------------------------------------------------------------------------
                         LATTICE VECTORS (Angstrom)
 LAT 1          10.845600       -0.001764       -0.001522
 LAT 2          -0.001763       10.835500       -0.000241
 LAT 3          -0.001521       -0.000241       10.835536
 ------------------------------------------------------------------------------
                                STRESS (GPa)
 ST_GPa 1        0.069316       -0.003227       -0.002594
 ST_GPa 2       -0.003227        0.113733       -0.001002
 ST_GPa 3       -0.002594       -0.001002        0.114050
  
 --------------------------------------------------
 STRESS (a.u.)
 --------------------------------------------------
 ST_AU  1   2.3559875045E-06  -1.0968304935E-07  -8.8178822980E-08
 ST_AU  2  -1.0968304935E-07   3.8657053949E-06  -3.4046394439E-08
 ST_AU  3  -8.8178822980E-08  -3.4046394439E-08   3.8764763910E-06
; Cell optimization at step 17, max(stress):  0.3876E-05, total energy:  -253.70309    ;
  dV of each real space grid is now    4.8931154228853579E-002
 Cell length (Bohr)    2.050E+01   2.048E+01   2.048E+01
 Angle     (Degree)    9.000E+01   9.002E+01   9.002E+01
 Volume    (Bohr^3)    8.593E+03
  dV of each real space grid is now    4.8931154228853579E-002
 Cell length (Bohr)    2.050E+01   2.048E+01   2.048E+01
 Angle     (Degree)    9.000E+01   9.002E+01   9.002E+01
 Volume    (Bohr^3)    8.593E+03

 ------------------------------------------------------------------------------
                           SETUP EWALD 
 (Ewald) eta                             :   0.7184    
 (Ewald) Real Space Cutoff               :    7.355     (Bohr)
 (Ewald) Reciprocal Cutoff               :    8.431     (1/Bohr)

 ------------------------------------------------------------------------------
                           SETUP PLANE WAVE 

 ------------------------------------------------------------------------------
                           REFRESH ION POSITIONS
  
 Calculating Ion-Ion Energy ...                   complete.     0.011 s
  
 Calculating Ion-Electron Potential (spline) ... 
 complete.     0.012 s
 Rescale the total density from  12.330651 to        252

 ------------------------------------------------------------------------------
                           DENSITY OPTIMIZATION
 Electron number for spin            1  is    252.00000000000404     
 Cell Volume      :          1273.365076 Angstrom^3
 Ion number       :                   63
 Electron number  :           252.000000
 Ion density      :             0.049475 Ion/Angstrom^3
 Electron density :             0.197901 Electron/Angstrom^3
  
 Calculating Ion-Ion Forces ...                complete.     0.014 s
  
 Calculating Ion-Electron Forces (spline) ...  complete.     0.007 s
  
 Calculating Ion-Electron Stress (spline) ...  complete.     0.016 s
  
 Calculating Ion-Ion Stress ...                complete.     0.008 s
  
 ------------------------------------------------------------------------------
                         LATTICE VECTORS (Angstrom)
 LAT 1          10.845600       -0.001764       -0.001522
 LAT 2          -0.001763       10.835500       -0.000241
 LAT 3          -0.001521       -0.000241       10.835536
 ------------------------------------------------------------------------------
                                STRESS (GPa)
 ST_GPa 1        0.069316       -0.003227       -0.002594
 ST_GPa 2       -0.003227        0.113733       -0.001002
 ST_GPa 3       -0.002594       -0.001002        0.114050
  
 --------------------------------------------------
 STRESS (a.u.)
 --------------------------------------------------
 ST_AU  1   2.3559869657E-06  -1.0968303477E-07  -8.8178811648E-08
 ST_AU  2  -1.0968303477E-07   3.8657048195E-06  -3.4046389709E-08
 ST_AU  3  -8.8178811648E-08  -3.4046389709E-08   3.8764758146E-06
; Cell optimization at step 18, max(stress):  0.3876E-05, total energy:  -253.70309    ;
  dV of each real space grid is now    4.8931154228071636E-002
 Cell length (Bohr)    2.050E+01   2.048E+01   2.048E+01
 Angle     (Degree)    9.000E+01   9.002E+01   9.002E+01
 Volume    (Bohr^3)    8.593E+03
  dV of each real space grid is now    4.8931154228071636E-002
 Cell length (Bohr)    2.050E+01   2.048E+01   2.048E+01
 Angle     (Degree)    9.000E+01   9.002E+01   9.002E+01
 Volume    (Bohr^3)    8.593E+03

 ------------------------------------------------------------------------------
                           SETUP EWALD 
 (Ewald) eta                             :   0.7184    
 (Ewald) Real Space Cutoff               :    7.355     (Bohr)
 (Ewald) Reciprocal Cutoff               :    8.431     (1/Bohr)

 ------------------------------------------------------------------------------
                           SETUP PLANE WAVE 

 ------------------------------------------------------------------------------
                           REFRESH ION POSITIONS
  
 Calculating Ion-Ion Energy ...                   complete.     0.011 s
  
 Calculating Ion-Electron Potential (spline) ... 
 complete.     0.012 s
 Rescale the total density from  12.330651 to        252

 ------------------------------------------------------------------------------
                           DENSITY OPTIMIZATION
 Electron number for spin            1  is    252.00000000000111     
 Cell Volume      :          1273.365076 Angstrom^3
 Ion number       :                   63
 Electron number  :           252.000000
 Ion density      :             0.049475 Ion/Angstrom^3
 Electron density :             0.197901 Electron/Angstrom^3
  
 Calculating Ion-Ion Forces ...                complete.     0.014 s
  
 Calculating Ion-Electron Forces (spline) ...  complete.     0.008 s
  
 Calculating Ion-Electron Stress (spline) ...  complete.     0.017 s
  
 Calculating Ion-Ion Stress ...                complete.     0.009 s
  
 ------------------------------------------------------------------------------
                         LATTICE VECTORS (Angstrom)
 LAT 1          10.845600       -0.001764       -0.001522
 LAT 2          -0.001763       10.835500       -0.000241
 LAT 3          -0.001521       -0.000241       10.835536
 ------------------------------------------------------------------------------
                                STRESS (GPa)
 ST_GPa 1        0.069316       -0.003227       -0.002594
 ST_GPa 2       -0.003227        0.113733       -0.001002
 ST_GPa 3       -0.002594       -0.001002        0.114050
  
 --------------------------------------------------
 STRESS (a.u.)
 --------------------------------------------------
 ST_AU  1   2.3559878217E-06  -1.0968304712E-07  -8.8178826270E-08
 ST_AU  2  -1.0968304712E-07   3.8657057362E-06  -3.4046394192E-08
 ST_AU  3  -8.8178826270E-08  -3.4046394192E-08   3.8764767192E-06
; Cell optimization at step 19, max(stress):  0.3876E-05, total energy:  -253.70309    ;
  dV of each real space grid is now    4.8931154227876160E-002
 Cell length (Bohr)    2.050E+01   2.048E+01   2.048E+01
 Angle     (Degree)    9.000E+01   9.002E+01   9.002E+01
 Volume    (Bohr^3)    8.593E+03
  dV of each real space grid is now    4.8931154227876160E-002
 Cell length (Bohr)    2.050E+01   2.048E+01   2.048E+01
 Angle     (Degree)    9.000E+01   9.002E+01   9.002E+01
 Volume    (Bohr^3)    8.593E+03

 ------------------------------------------------------------------------------
                           SETUP EWALD 
 (Ewald) eta                             :   0.7184    
 (Ewald) Real Space Cutoff               :    7.355     (Bohr)
 (Ewald) Reciprocal Cutoff               :    8.431     (1/Bohr)

 ------------------------------------------------------------------------------
                           SETUP PLANE WAVE 

 ------------------------------------------------------------------------------
                           REFRESH ION POSITIONS
  
 Calculating Ion-Ion Energy ...                   complete.     0.011 s
  
 Calculating Ion-Electron Potential (spline) ... 
 complete.     0.011 s
 Rescale the total density from  12.330651 to        252

 ------------------------------------------------------------------------------
                           DENSITY OPTIMIZATION
 Electron number for spin            1  is    251.99999999999994     
 Cell Volume      :          1273.365076 Angstrom^3
 Ion number       :                   63
 Electron number  :           252.000000
 Ion density      :             0.049475 Ion/Angstrom^3
 Electron density :             0.197901 Electron/Angstrom^3
  
 Calculating Ion-Ion Forces ...                complete.     0.013 s
  
 Calculating Ion-Electron Forces (spline) ...  complete.     0.008 s
  
 Calculating Ion-Electron Stress (spline) ...  complete.     0.016 s
  
 Calculating Ion-Ion Stress ...                complete.     0.008 s
  
 ------------------------------------------------------------------------------
                         LATTICE VECTORS (Angstrom)
 LAT 1          10.845600       -0.001764       -0.001522
 LAT 2          -0.001763       10.835500       -0.000241
 LAT 3          -0.001521       -0.000241       10.835536
 ------------------------------------------------------------------------------
                                STRESS (GPa)
 ST_GPa 1        0.069316       -0.003227       -0.002594
 ST_GPa 2       -0.003227        0.113733       -0.001002
 ST_GPa 3       -0.002594       -0.001002        0.114050
  
 --------------------------------------------------
 STRESS (a.u.)
 --------------------------------------------------
 ST_AU  1   2.3559875915E-06  -1.0968304204E-07  -8.8178827199E-08
 ST_AU  2  -1.0968304204E-07   3.8657055011E-06  -3.4046394302E-08
 ST_AU  3  -8.8178827199E-08  -3.4046394302E-08   3.8764764667E-06
; Cell optimization at step 20, max(stress):  0.3876E-05, total energy:  -253.70309    ;
  dV of each real space grid is now    4.8931154227827289E-002
 Cell length (Bohr)    2.050E+01   2.048E+01   2.048E+01
 Angle     (Degree)    9.000E+01   9.002E+01   9.002E+01
 Volume    (Bohr^3)    8.593E+03
  dV of each real space grid is now    4.8931154227827289E-002
 Cell length (Bohr)    2.050E+01   2.048E+01   2.048E+01
 Angle     (Degree)    9.000E+01   9.002E+01   9.002E+01
 Volume    (Bohr^3)    8.593E+03

 ------------------------------------------------------------------------------
                           SETUP EWALD 
 (Ewald) eta                             :   0.7184    
 (Ewald) Real Space Cutoff               :    7.355     (Bohr)
 (Ewald) Reciprocal Cutoff               :    8.431     (1/Bohr)

 ------------------------------------------------------------------------------
                           SETUP PLANE WAVE 

 ------------------------------------------------------------------------------
                           REFRESH ION POSITIONS
  
 Calculating Ion-Ion Energy ...                   complete.     0.011 s
  
 Calculating Ion-Electron Potential (spline) ... 
 complete.     0.012 s
 Rescale the total density from  12.330651 to        252

 ------------------------------------------------------------------------------
                           DENSITY OPTIMIZATION
 Electron number for spin            1  is    252.00000000000040     
 Cell Volume      :          1273.365076 Angstrom^3
 Ion number       :                   63
 Electron number  :           252.000000
 Ion density      :             0.049475 Ion/Angstrom^3
 Electron density :             0.197901 Electron/Angstrom^3
  
 Calculating Ion-Ion Forces ...                complete.     0.014 s
  
 Calculating Ion-Electron Forces (spline) ...  complete.     0.008 s
  
 Calculating Ion-Electron Stress (spline) ...  complete.     0.016 s
  
 Calculating Ion-Ion Stress ...                complete.     0.008 s
  
 ------------------------------------------------------------------------------
                         LATTICE VECTORS (Angstrom)
 LAT 1          10.845600       -0.001764       -0.001522
 LAT 2          -0.001763       10.835500       -0.000241
 LAT 3          -0.001521       -0.000241       10.835536
 ------------------------------------------------------------------------------
                                STRESS (GPa)
 ST_GPa 1        0.069316       -0.003227       -0.002594
 ST_GPa 2       -0.003227        0.113733       -0.001002
 ST_GPa 3       -0.002594       -0.001002        0.114050
  
 --------------------------------------------------
 STRESS (a.u.)
 --------------------------------------------------
 ST_AU  1   2.3559875485E-06  -1.0968304191E-07  -8.8178828228E-08
 ST_AU  2  -1.0968304191E-07   3.8657054608E-06  -3.4046394784E-08
 ST_AU  3  -8.8178828228E-08  -3.4046394784E-08   3.8764764225E-06
; Cell optimization at step 21, max(stress):  0.3876E-05, total energy:  -253.70309    ;
  dV of each real space grid is now    4.8931154227815070E-002
 Cell length (Bohr)    2.050E+01   2.048E+01   2.048E+01
 Angle     (Degree)    9.000E+01   9.002E+01   9.002E+01
 Volume    (Bohr^3)    8.593E+03
  dV of each real space grid is now    4.8931154227815070E-002
 Cell length (Bohr)    2.050E+01   2.048E+01   2.048E+01
 Angle     (Degree)    9.000E+01   9.002E+01   9.002E+01
 Volume    (Bohr^3)    8.593E+03

 ------------------------------------------------------------------------------
                           SETUP EWALD 
 (Ewald) eta                             :   0.7184    
 (Ewald) Real Space Cutoff               :    7.355     (Bohr)
 (Ewald) Reciprocal Cutoff               :    8.431     (1/Bohr)

 ------------------------------------------------------------------------------
                           SETUP PLANE WAVE 

 ------------------------------------------------------------------------------
                           REFRESH ION POSITIONS
  
 Calculating Ion-Ion Energy ...                   complete.     0.011 s
  
 Calculating Ion-Electron Potential (spline) ... 
 complete.     0.011 s
 Rescale the total density from  12.330651 to        252

 ------------------------------------------------------------------------------
                           DENSITY OPTIMIZATION
 Electron number for spin            1  is    252.00000000000185     
 Cell Volume      :          1273.365076 Angstrom^3
 Ion number       :                   63
 Electron number  :           252.000000
 Ion density      :             0.049475 Ion/Angstrom^3
 Electron density :             0.197901 Electron/Angstrom^3
  
 Calculating Ion-Ion Forces ...                complete.     0.014 s
  
 Calculating Ion-Electron Forces (spline) ...  complete.     0.008 s
  
 Calculating Ion-Electron Stress (spline) ...  complete.     0.016 s
  
 Calculating Ion-Ion Stress ...                complete.     0.008 s
  
 ------------------------------------------------------------------------------
                         LATTICE VECTORS (Angstrom)
 LAT 1          10.845600       -0.001764       -0.001522
 LAT 2          -0.001763       10.835500       -0.000241
 LAT 3          -0.001521       -0.000241       10.835536
 ------------------------------------------------------------------------------
                                STRESS (GPa)
 ST_GPa 1        0.069316       -0.003227       -0.002594
 ST_GPa 2       -0.003227        0.113733       -0.001002
 ST_GPa 3       -0.002594       -0.001002        0.114050
  
 --------------------------------------------------
 STRESS (a.u.)
 --------------------------------------------------
 ST_AU  1   2.3559875707E-06  -1.0968304118E-07  -8.8178827943E-08
 ST_AU  2  -1.0968304118E-07   3.8657054807E-06  -3.4046394534E-08
 ST_AU  3  -8.8178827943E-08  -3.4046394534E-08   3.8764764418E-06
; Cell optimization at step 22, max(stress):  0.3876E-05, total energy:  -253.70309    ;
  dV of each real space grid is now    4.8931154227812017E-002
 Cell length (Bohr)    2.050E+01   2.048E+01   2.048E+01
 Angle     (Degree)    9.000E+01   9.002E+01   9.002E+01
 Volume    (Bohr^3)    8.593E+03
  dV of each real space grid is now    4.8931154227812017E-002
 Cell length (Bohr)    2.050E+01   2.048E+01   2.048E+01
 Angle     (Degree)    9.000E+01   9.002E+01   9.002E+01
 Volume    (Bohr^3)    8.593E+03

 ------------------------------------------------------------------------------
                           SETUP EWALD 
 (Ewald) eta                             :   0.7184    
 (Ewald) Real Space Cutoff               :    7.355     (Bohr)
 (Ewald) Reciprocal Cutoff               :    8.431     (1/Bohr)

 ------------------------------------------------------------------------------
                           SETUP PLANE WAVE 

 ------------------------------------------------------------------------------
                           REFRESH ION POSITIONS
  
 Calculating Ion-Ion Energy ...                   complete.     0.011 s
  
 Calculating Ion-Electron Potential (spline) ... 
 complete.     0.011 s
 Rescale the total density from  12.330651 to        252

 ------------------------------------------------------------------------------
                           DENSITY OPTIMIZATION
 Electron number for spin            1  is    252.00000000000014     
 Cell Volume      :          1273.365076 Angstrom^3
 Ion number       :                   63
 Electron number  :           252.000000
 Ion density      :             0.049475 Ion/Angstrom^3
 Electron density :             0.197901 Electron/Angstrom^3
  
 Calculating Ion-Ion Forces ...                complete.     0.014 s
  
 Calculating Ion-Electron Forces (spline) ...  complete.     0.007 s
  
 Calculating Ion-Electron Stress (spline) ...  complete.     0.016 s
  
 Calculating Ion-Ion Stress ...                complete.     0.008 s
  
 ------------------------------------------------------------------------------
                         LATTICE VECTORS (Angstrom)
 LAT 1          10.845600       -0.001764       -0.001522
 LAT 2          -0.001763       10.835500       -0.000241
 LAT 3          -0.001521       -0.000241       10.835536
 ------------------------------------------------------------------------------
                                STRESS (GPa)
 ST_GPa 1        0.069316       -0.003227       -0.002594
 ST_GPa 2       -0.003227        0.113733       -0.001002
 ST_GPa 3       -0.002594       -0.001002        0.114050
  
 --------------------------------------------------
 STRESS (a.u.)
 --------------------------------------------------
 ST_AU  1   2.3559875709E-06  -1.0968304115E-07  -8.8178827936E-08
 ST_AU  2  -1.0968304115E-07   3.8657054808E-06  -3.4046394534E-08
 ST_AU  3  -8.8178827936E-08  -3.4046394534E-08   3.8764764418E-06
; Cell optimization at step 23, max(stress):  0.3876E-05, total energy:  -253.70309    ;
  dV of each real space grid is now    4.8931154227811247E-002
 Cell length (Bohr)    2.050E+01   2.048E+01   2.048E+01
 Angle     (Degree)    9.000E+01   9.002E+01   9.002E+01
 Volume    (Bohr^3)    8.593E+03
  dV of each real space grid is now    4.8931154227811247E-002
 Cell length (Bohr)    2.050E+01   2.048E+01   2.048E+01
 Angle     (Degree)    9.000E+01   9.002E+01   9.002E+01
 Volume    (Bohr^3)    8.593E+03

 ------------------------------------------------------------------------------
                           SETUP EWALD 
 (Ewald) eta                             :   0.7184    
 (Ewald) Real Space Cutoff               :    7.355     (Bohr)
 (Ewald) Reciprocal Cutoff               :    8.431     (1/Bohr)

 ------------------------------------------------------------------------------
                           SETUP PLANE WAVE 

 ------------------------------------------------------------------------------
                           REFRESH ION POSITIONS
  
 Calculating Ion-Ion Energy ...                   complete.     0.011 s
  
 Calculating Ion-Electron Potential (spline) ... 
 complete.     0.012 s
 Rescale the total density from  12.330651 to        252

 ------------------------------------------------------------------------------
                           DENSITY OPTIMIZATION
 Electron number for spin            1  is    251.99999999999983     
 Cell Volume      :          1273.365076 Angstrom^3
 Ion number       :                   63
 Electron number  :           252.000000
 Ion density      :             0.049475 Ion/Angstrom^3
 Electron density :             0.197901 Electron/Angstrom^3
  
 Calculating Ion-Ion Forces ...                complete.     0.014 s
  
 Calculating Ion-Electron Forces (spline) ...  complete.     0.007 s
  
 Calculating Ion-Electron Stress (spline) ...  complete.     0.016 s
  
 Calculating Ion-Ion Stress ...                complete.     0.010 s
  
 ------------------------------------------------------------------------------
                         LATTICE VECTORS (Angstrom)
 LAT 1          10.845600       -0.001764       -0.001522
 LAT 2          -0.001763       10.835500       -0.000241
 LAT 3          -0.001521       -0.000241       10.835536
 ------------------------------------------------------------------------------
                                STRESS (GPa)
 ST_GPa 1        0.069316       -0.003227       -0.002594
 ST_GPa 2       -0.003227        0.113733       -0.001002
 ST_GPa 3       -0.002594       -0.001002        0.114050
  
 --------------------------------------------------
 STRESS (a.u.)
 --------------------------------------------------
 ST_AU  1   2.3559875707E-06  -1.0968304115E-07  -8.8178827937E-08
 ST_AU  2  -1.0968304115E-07   3.8657054807E-06  -3.4046394530E-08
 ST_AU  3  -8.8178827937E-08  -3.4046394530E-08   3.8764764416E-06
; Cell optimization at step 24, max(stress):  0.3876E-05, total energy:  -253.70309    ;
  dV of each real space grid is now    4.8931154227810338E-002
 Cell length (Bohr)    2.050E+01   2.048E+01   2.048E+01
 Angle     (Degree)    9.000E+01   9.002E+01   9.002E+01
 Volume    (Bohr^3)    8.593E+03
  dV of each real space grid is now    4.8931154227810338E-002
 Cell length (Bohr)    2.050E+01   2.048E+01   2.048E+01
 Angle     (Degree)    9.000E+01   9.002E+01   9.002E+01
 Volume    (Bohr^3)    8.593E+03

 ------------------------------------------------------------------------------
                           SETUP EWALD 
 (Ewald) eta                             :   0.7184    
 (Ewald) Real Space Cutoff               :    7.355     (Bohr)
 (Ewald) Reciprocal Cutoff               :    8.431     (1/Bohr)

 ------------------------------------------------------------------------------
                           SETUP PLANE WAVE 

 ------------------------------------------------------------------------------
                           REFRESH ION POSITIONS
  
 Calculating Ion-Ion Energy ...                   complete.     0.013 s
  
 Calculating Ion-Electron Potential (spline) ... 
 complete.     0.012 s
 Rescale the total density from  12.330651 to        252

 ------------------------------------------------------------------------------
                           DENSITY OPTIMIZATION
 Electron number for spin            1  is    252.00000000000040     
 Cell Volume      :          1273.365076 Angstrom^3
 Ion number       :                   63
 Electron number  :           252.000000
 Ion density      :             0.049475 Ion/Angstrom^3
 Electron density :             0.197901 Electron/Angstrom^3
  
 Calculating Ion-Ion Forces ...                complete.     0.014 s
  
 Calculating Ion-Electron Forces (spline) ...  complete.     0.008 s
  
 Calculating Ion-Electron Stress (spline) ...  complete.     0.017 s
  
 Calculating Ion-Ion Stress ...                complete.     0.007 s
  
 ------------------------------------------------------------------------------
                         LATTICE VECTORS (Angstrom)
 LAT 1          10.845600       -0.001764       -0.001522
 LAT 2          -0.001763       10.835500       -0.000241
 LAT 3          -0.001521       -0.000241       10.835536
 ------------------------------------------------------------------------------
                                STRESS (GPa)
 ST_GPa 1        0.069316       -0.003227       -0.002594
 ST_GPa 2       -0.003227        0.113733       -0.001002
 ST_GPa 3       -0.002594       -0.001002        0.114050
  
 --------------------------------------------------
 STRESS (a.u.)
 --------------------------------------------------
 ST_AU  1   2.3559875707E-06  -1.0968304114E-07  -8.8178827939E-08
 ST_AU  2  -1.0968304114E-07   3.8657054806E-06  -3.4046394529E-08
 ST_AU  3  -8.8178827939E-08  -3.4046394529E-08   3.8764764416E-06
; Cell optimization at step 25, max(stress):  0.3876E-05, total energy:  -253.70309    ;
  dV of each real space grid is now    4.8931154227809241E-002
 Cell length (Bohr)    2.050E+01   2.048E+01   2.048E+01
 Angle     (Degree)    9.000E+01   9.002E+01   9.002E+01
 Volume    (Bohr^3)    8.593E+03
  dV of each real space grid is now    4.8931154227809241E-002
 Cell length (Bohr)    2.050E+01   2.048E+01   2.048E+01
 Angle     (Degree)    9.000E+01   9.002E+01   9.002E+01
 Volume    (Bohr^3)    8.593E+03

 ------------------------------------------------------------------------------
                           SETUP EWALD 
 (Ewald) eta                             :   0.7184    
 (Ewald) Real Space Cutoff               :    7.355     (Bohr)
 (Ewald) Reciprocal Cutoff               :    8.431     (1/Bohr)

 ------------------------------------------------------------------------------
                           SETUP PLANE WAVE 

 ------------------------------------------------------------------------------
                           REFRESH ION POSITIONS
  
 Calculating Ion-Ion Energy ...                   complete.     0.011 s
  
 Calculating Ion-Electron Potential (spline) ... 
 complete.     0.012 s
