 ******************************************************************************
                             WELCOME TO PROFESS                   
            (PRinceton Orbital-Free Electronic Structure Software) 
 ******************************************************************************

 ------------------------------------------------------------------------------
                           READ GEOMETRY
 Cell length (Bohr)    1.366E+01   1.366E+01   1.366E+01
 Angle     (Degree)    9.000E+01   9.000E+01   9.000E+01
 Volume    (Bohr^3)    2.547E+03

 ------------------------------------------------------------------------------
                           READ PSEUDOPOTENTIAL
 Total electron number in ReadPseudo is    64.000000000000000     
 (System) Machine Precision              :    2.2204460492503131E-016

 ------------------------------------------------------------------------------
                           SETUP FFT
 Global FFT Dimension :    70   70   70
 Dimension of rho for this processor : 
 xmin, xmax :            0          69
 ymin, ymax :            0          69
 zmin, zmax :            0          69
 Total electron number =    64.000000000000000     
 Uniform rhoR =    2.5125181230990900E-002
 (GB INFO) FFT size      :       70      70      70
 (GB INFO) FFT offset    :        0
 (GB INFO) FFT G size    :       36      70      70
 (GB INFO) FFT G offset  :        0

 ------------------------------------------------------------------------------
                           SETUP KEDF
 kinetic energy density functional number is            5
 ( 1=TF, 2=VW, 3=TF+VW, 4=WT,  5=WGC,  
   7=LQ, 8=HQ, 10=CAT,  11=HC, 12=WGCD,
   15=GGA, 16=WGCD+GGA, 17=EVT, 18=EVC )
 qTable dimension:    36   70   70
 Coefficient for TF KEDF is     1.0000
 Coefficient for VW KEDF is     1.0000
 Coefficient for alpha in WGC KEDF is     1.2060
 Coefficient for beta  in WGC KEDF is     0.4607
 Coefficient for gamma in WGC KEDF is     4.2000
 rho0 (Electron/Bohr^3) in WGC KEDF is     0.0251
 rhoS (Electron/Bohr^3) in WGC KEDF is     0.0251
 hold0 =  F
 holdS =  F
  dV of each real space grid is now    7.4263711599679488E-003
 Cell length (Bohr)    1.366E+01   1.366E+01   1.366E+01
 Angle     (Degree)    9.000E+01   9.000E+01   9.000E+01
 Volume    (Bohr^3)    2.547E+03

 ------------------------------------------------------------------------------
                           SETUP EWALD 
 (Ewald) eta                             :    1.200    
 (Ewald) Real Space Cutoff               :    6.000     (Bohr)
 (Ewald) Reciprocal Cutoff               :    15.87     (1/Bohr)

 ------------------------------------------------------------------------------
                           SETUP PLANE WAVE 

 ------------------------------------------------------------------------------
                           INITIALIZING WGC KERNEL
 Fermi vector :   0.90610126013653647     
 Reference density :    2.5125181230990900E-002
 Make WGC kernels.
 Dimension of KEDF Kernel :           36          70          70

 ------------------------------------------------------------------------------
                           REFRESH ION POSITIONS
  
 Calculating Ion-Ion Energy ...                   complete.     0.091 s
  
 Calculating Ion-Electron Potential (spline) ... 
 complete.     0.077 s

 ------------------------------------------------------------------------------
                           DENSITY OPTIMIZATION
 Electron number for spin            1  is    63.999999999606722     
 Cell Volume      :           377.462806 Angstrom^3
 Ion number       :                   16
 Electron number  :            64.000000
 Ion density      :             0.042388 Ion/Angstrom^3
 Electron density :             0.169553 Electron/Angstrom^3
##############################################################################
#                               FINAL ENERGIES                       time    #
##############################################################################
# Thomas-Fermi Kin. Energy =   5.255580430148E+02 eV                 0.000 s #
# Von-Weizsacker Kin. Ener =   1.512469794164E+02 eV                 0.000 s #
#       WGC Kinetic Energy =  -9.857362794625E+01 eV                 0.000 s #
#                                                                            #
# GGA(PBE) Exch-Cor Energy =  -4.909844316953E+02 eV                 0.000 s #
#         Coulombic Energy =   8.945948969448E+01 eV                 0.000 s #
#      Ion-Electron Energy =  -1.235132382267E+02 eV                 0.000 s #
#           Ion-Ion Energy =  -1.776218139130E+03 eV                 0.000 s #
#                                                                            #
#     TOTAL KINETIC ENERGY =   5.782313944849E+02 eV                         #
#   TOTAL POTENTIAL ENERGY =  -2.301256319357E+03 eV                         #
#             TOTAL ENERGY =  -1.723024924872E+03 eV                         #
##############################################################################
  
 ----------------------------- TIME INFORMATION ------------------------------
    PROFESS      :     59.19s WALL    100.00% (       1 calls)    59.19s/call
    InitPROFESS  :      0.31s WALL      0.53% (       1 calls)     0.31s/call
    KEDFRefresh  :      0.11s WALL      0.18% (       1 calls)     0.11s/call
    IonRefresh   :      0.19s WALL      0.32% (       1 calls)     0.19s/call
    EwaldEnergy  :      0.09s WALL      0.15% (       1 calls)     0.09s/call
    ForwFFT_3D   :     12.57s WALL     21.24% (    1958 calls)     0.01s/call
    BackFFT_3D   :     11.11s WALL     18.76% (    1957 calls)     0.01s/call
    Pot_Ion      :      0.14s WALL      0.23% (     163 calls)     0.00s/call
    Pot_Har      :      2.22s WALL      3.75% (     163 calls)     0.01s/call
    Pot_Exc      :     30.32s WALL     51.23% (     163 calls)     0.19s/call
    PBEPot       :     29.20s WALL     49.34% (     163 calls)     0.18s/call
    Pot_KEDF     :     23.84s WALL     40.27% (     163 calls)     0.15s/call
    WGCPotPlus   :     18.92s WALL     31.96% (     163 calls)     0.12s/call
    VWPotSqrPlus :      1.95s WALL      3.29% (     163 calls)     0.01s/call
    NextGradient :      0.04s WALL      0.06% (       9 calls)     0.00s/call
 -----------------------------------------------------------------------------
 ------------------------------- TOTAL ---------------------------------------
    PROFESS      :     59.19s WALL    100.00% (       1 calls)    59.19s/call
 -----------------------------------------------------------------------------

Run completed on: 07/30/2024 at 16:53:15 
  
