 ******************************************************************************
                             WELCOME TO PROFESS                   
            (PRinceton Orbital-Free Electronic Structure Software) 
 ******************************************************************************

 ------------------------------------------------------------------------------
                           READ GEOMETRY
 Cell length (Bohr)    7.468E+00   7.468E+00   7.468E+00
 Angle     (Degree)    6.000E+01   6.000E+01   6.000E+01
 Volume    (Bohr^3)    2.945E+02

 ------------------------------------------------------------------------------
                           READ PSEUDOPOTENTIAL
 Total electron number in ReadPseudo is    8.0000000000000000     
 (System) Machine Precision              :    2.2204460492503131E-016

 ------------------------------------------------------------------------------
                           SETUP FFT
 Global FFT Dimension :    40   40   40
 Dimension of rho for this processor : 
 xmin, xmax :            0          39
 ymin, ymax :            0          39
 zmin, zmax :            0          39
 Total electron number =    8.0000000000000000     
 Uniform rhoR =    2.7165480571304489E-002
 (GB INFO) FFT size      :       40      40      40
 (GB INFO) FFT offset    :        0
 (GB INFO) FFT G size    :       21      40      40
 (GB INFO) FFT G offset  :        0

 ------------------------------------------------------------------------------
                           SETUP KEDF
 kinetic energy density functional number is            5
 ( 1=TF, 2=VW, 3=TF+VW, 4=WT,  5=WGC,  
   7=LQ, 8=HQ, 10=CAT,  11=HC, 12=WGCD,
   15=GGA, 16=WGCD+GGA, 17=EVT, 18=EVC )
 qTable dimension:    21   40   40
 Coefficient for TF KEDF is     1.0000
 Coefficient for VW KEDF is     1.0000
 Coefficient for alpha in WGC KEDF is     1.2060
 Coefficient for beta  in WGC KEDF is     0.4607
 Coefficient for gamma in WGC KEDF is     4.2000
 rho0 (Electron/Bohr^3) in WGC KEDF is     0.0272
 rhoS (Electron/Bohr^3) in WGC KEDF is     0.0272
 hold0 =  F
 holdS =  F
  dV of each real space grid is now    4.6014278919858436E-003
 Cell length (Bohr)    7.468E+00   7.468E+00   7.468E+00
 Angle     (Degree)    6.000E+01   6.000E+01   6.000E+01
 Volume    (Bohr^3)    2.945E+02

 ------------------------------------------------------------------------------
                           SETUP EWALD 
 (Ewald) eta                             :    1.200    
 (Ewald) Real Space Cutoff               :    6.000     (Bohr)
 (Ewald) Reciprocal Cutoff               :    16.41     (1/Bohr)

 ------------------------------------------------------------------------------
                           SETUP PLANE WAVE 

 ------------------------------------------------------------------------------
                           INITIALIZING WGC KERNEL
 Fermi vector :   0.92999253850442554     
 Reference density :    2.7165480571304489E-002
 Make WGC kernels.
 Dimension of KEDF Kernel :           21          40          40

 ------------------------------------------------------------------------------
                           REFRESH ION POSITIONS
  
 Calculating Ion-Ion Energy ...                   complete.     0.003 s
  
 Calculating Ion-Electron Potential (spline) ... 
 complete.     0.004 s

 ------------------------------------------------------------------------------
                           DENSITY OPTIMIZATION
 Electron number for spin            1  is    7.9999999999950253     
 Cell Volume      :            43.639120 Angstrom^3
 Ion number       :                    2
 Electron number  :             8.000000
 Ion density      :             0.045830 Ion/Angstrom^3
 Electron density :             0.183322 Electron/Angstrom^3
##############################################################################
#                               FINAL ENERGIES                       time    #
##############################################################################
# Thomas-Fermi Kin. Energy =   7.309431119779E+01 eV                 0.000 s #
# Von-Weizsacker Kin. Ener =   2.348355703314E+01 eV                 0.000 s #
#       WGC Kinetic Energy =  -1.734423344148E+01 eV                 0.000 s #
#                                                                            #
# GGA(PBE) Exch-Cor Energy =  -6.436047339709E+01 eV                 0.000 s #
#         Coulombic Energy =   1.603076444523E+01 eV                 0.000 s #
#      Ion-Electron Energy =  -2.541333620853E+01 eV                 0.000 s #
#           Ion-Ion Energy =  -2.220702780374E+02 eV                 0.000 s #
#                                                                            #
#     TOTAL KINETIC ENERGY =   7.923363478945E+01 eV                         #
#   TOTAL POTENTIAL ENERGY =  -2.958133231978E+02 eV                         #
#             TOTAL ENERGY =  -2.165796884083E+02 eV                         #
##############################################################################
  
 ----------------------------- TIME INFORMATION ------------------------------
    PROFESS      :     27.78s WALL    100.00% (       1 calls)    27.78s/call
    InitPROFESS  :      0.05s WALL      0.19% (       1 calls)     0.05s/call
    KEDFRefresh  :      0.02s WALL      0.08% (       1 calls)     0.02s/call
    IonRefresh   :      0.01s WALL      0.03% (       1 calls)     0.01s/call
    EwaldEnergy  :      0.00s WALL      0.01% (       1 calls)     0.00s/call
    ForwFFT_3D   :      4.90s WALL     17.65% (    2510 calls)     0.00s/call
    BackFFT_3D   :      3.94s WALL     14.19% (    2509 calls)     0.00s/call
    Pot_Ion      :      0.10s WALL      0.37% (     209 calls)     0.00s/call
    Pot_Har      :      0.85s WALL      3.06% (     209 calls)     0.00s/call
    Pot_Exc      :     14.51s WALL     52.22% (     209 calls)     0.07s/call
    PBEPot       :     13.71s WALL     49.33% (     209 calls)     0.07s/call
    Pot_KEDF     :     10.75s WALL     38.68% (     209 calls)     0.05s/call
    WGCPotPlus   :      8.62s WALL     31.04% (     209 calls)     0.04s/call
    VWPotSqrPlus :      0.67s WALL      2.42% (     209 calls)     0.00s/call
    NextGradient :      0.02s WALL      0.09% (       9 calls)     0.00s/call
 -----------------------------------------------------------------------------
 ------------------------------- TOTAL ---------------------------------------
    PROFESS      :     27.78s WALL    100.00% (       1 calls)    27.78s/call
 -----------------------------------------------------------------------------

Run completed on: 07/30/2024 at 16:54:18 
  
