 ******************************************************************************
                             WELCOME TO PROFESS                   
            (PRinceton Orbital-Free Electronic Structure Software) 
 ******************************************************************************

 ------------------------------------------------------------------------------
                           READ GEOMETRY
 Cell length (Bohr)    4.239E+00   4.239E+00   4.239E+00
 Angle     (Degree)    9.000E+01   9.000E+01   9.000E+01
 Volume    (Bohr^3)    7.616E+01

 ------------------------------------------------------------------------------
                           READ PSEUDOPOTENTIAL
 Total electron number in ReadPseudo is    4.0000000000000000     
 (System) Machine Precision              :    2.2204460492503131E-016

 ------------------------------------------------------------------------------
                           SETUP FFT
 Global FFT Dimension :    21   21   21
 Dimension of rho for this processor : 
 xmin, xmax :            0          20
 ymin, ymax :            0          20
 zmin, zmax :            0          20
 Total electron number =    4.0000000000000000     
 Uniform rhoR =    5.2523775094563352E-002
 (GB INFO) FFT size      :       21      21      21
 (GB INFO) FFT offset    :        0
 (GB INFO) FFT G size    :       11      21      21
 (GB INFO) FFT G offset  :        0

 ------------------------------------------------------------------------------
                           SETUP KEDF
 kinetic energy density functional number is           11
 ( 1=TF, 2=VW, 3=TF+VW, 4=WT,  5=WGC,  
   7=LQ, 8=HQ, 10=CAT,  11=HC, 12=WGCD,
   15=GGA, 16=WGCD+GGA, 17=EVT, 18=EVC )
 qTable dimension:    11   21   21
 rhoS=   5.2523775094563352E-002
 rho0=   5.2523775094563352E-002
 coefficients for TF KEDF is     1.000000
 coefficients for VW KEDF is     1.000000
 Lambda in HC10 is set to     0.003000
 ALPHA  in HC10 is set to     2.016667
 BETA   in HC10 is set to     0.650000
 Sum of alpha and beta is     2.666667
  dV of each real space grid is now    8.2233007526232669E-003
 Cell length (Bohr)    4.239E+00   4.239E+00   4.239E+00
 Angle     (Degree)    9.000E+01   9.000E+01   9.000E+01
 Volume    (Bohr^3)    7.616E+01

 ------------------------------------------------------------------------------
                           SETUP EWALD 
 (Ewald) eta                             :    1.200    
 (Ewald) Real Space Cutoff               :    6.000     (Bohr)
 (Ewald) Reciprocal Cutoff               :    14.82     (1/Bohr)

 ------------------------------------------------------------------------------
                           SETUP PLANE WAVE 

 ------------------------------------------------------------------------------
                           REFRESH ION POSITIONS
  
 Calculating Ion-Ion Energy ...                   complete.     0.001 s
  
 Calculating Ion-Electron Potential (spline) ... 
 complete.     0.002 s

 ------------------------------------------------------------------------------
                           DENSITY OPTIMIZATION
 Electron number for spin            1  is    4.0000000000005675     
 Cell Volume      :            11.285153 Angstrom^3
 Ion number       :                    1
 Electron number  :             4.000000
 Ion density      :             0.088612 Ion/Angstrom^3
 Electron density :             0.354448 Electron/Angstrom^3
##############################################################################
#                               FINAL ENERGIES                       time    #
##############################################################################
# Thomas-Fermi Kin. Energy =   4.599332348378E+01 eV                 0.000 s #
# Von-Weizsacker Kin. Ener =   6.363649613825E+00 eV                 0.000 s #
#                                                                            #
# GGA(PBE) Exch-Cor Energy =  -3.613290188470E+01 eV                 0.000 s #
#         Coulombic Energy =   8.330321411597E-01 eV                 0.000 s #
#      Ion-Electron Energy =   2.501811231325E+01 eV                 0.000 s #
#           Ion-Ion Energy =  -1.457171924452E+02 eV                 0.000 s #
#                                                                            #
#     TOTAL KINETIC ENERGY =   4.852990360891E+01 eV                         #
#   TOTAL POTENTIAL ENERGY =  -1.559989498755E+02 eV                         #
#             TOTAL ENERGY =  -1.074690462666E+02 eV                         #
##############################################################################
  
 ----------------------------- TIME INFORMATION ------------------------------
    PROFESS      :     10.90s WALL    100.00% (       1 calls)    10.90s/call
    InitPROFESS  :      0.03s WALL      0.26% (       1 calls)     0.03s/call
    KEDFRefresh  :      0.00s WALL      0.01% (       1 calls)     0.00s/call
    IonRefresh   :      0.00s WALL      0.04% (       1 calls)     0.00s/call
    EwaldEnergy  :      0.00s WALL      0.02% (       1 calls)     0.00s/call
    ForwFFT_3D   :      1.62s WALL     14.85% (    5091 calls)     0.00s/call
    BackFFT_3D   :      1.19s WALL     10.88% (    3636 calls)     0.00s/call
    Pot_Ion      :      0.02s WALL      0.17% (     115 calls)     0.00s/call
    Pot_Har      :      0.11s WALL      1.03% (     115 calls)     0.00s/call
    Pot_Exc      :      1.39s WALL     12.72% (     115 calls)     0.01s/call
    PBEPot       :      1.26s WALL     11.52% (     115 calls)     0.01s/call
    Pot_KEDF     :      9.13s WALL     83.74% (     115 calls)     0.08s/call
    intPot       :      8.61s WALL     78.95% (     115 calls)     0.07s/call
    MakeXiG      :      0.12s WALL      1.14% (     115 calls)     0.00s/call
    VWPotSqrPlus :      0.10s WALL      0.93% (     115 calls)     0.00s/call
    intPot1      :      2.76s WALL     25.32% (     956 calls)     0.00s/call
    MakeHC10Kern :      0.44s WALL      4.02% (    1070 calls)     0.00s/call
    intPot2      :      1.45s WALL     13.29% (     956 calls)     0.00s/call
    intPot3      :      2.21s WALL     20.31% (     956 calls)     0.00s/call
    intPot4      :      0.83s WALL      7.61% (     956 calls)     0.00s/call
    NextGradient :      0.01s WALL      0.06% (      10 calls)     0.00s/call
 -----------------------------------------------------------------------------
 ------------------------------- TOTAL ---------------------------------------
    PROFESS      :     10.90s WALL    100.00% (       1 calls)    10.90s/call
 -----------------------------------------------------------------------------

Run completed on: 07/30/2024 at 17:10:45 
  
