 ******************************************************************************
                             WELCOME TO PROFESS                   
            (PRinceton Orbital-Free Electronic Structure Software) 
 ******************************************************************************

 ------------------------------------------------------------------------------
                           READ GEOMETRY
 Cell length (Bohr)    6.014E+00   6.014E+00   9.835E+00
 Angle     (Degree)    9.000E+01   9.000E+01   1.200E+02
 Volume    (Bohr^3)    3.080E+02

 ------------------------------------------------------------------------------
                           READ PSEUDOPOTENTIAL
 Total electron number in ReadPseudo is    4.0000000000000000     
 (System) Machine Precision              :    2.2204460492503131E-016

 ------------------------------------------------------------------------------
                           SETUP FFT
 Global FFT Dimension :    30   30   49
 Rank/Size in Global Communicator     :            0 /           1
 Rank/Size in Global FFT Communicator :            0 /           1
 Parallel FFT, totX    =    30
 Parallel FFT, totY    =    30
 Parallel FFT, locZ    =    49
 Parallel FFT, locZoff =     0
 Dimension of rho for this processor : 
 xmin, xmax :            0          29
 ymin, ymax :            0          29
 zmin, zmax :            0          48
 Total electron number =    4.0000000000000000     
 Uniform rhoR =    1.2985871673415307E-002
 (GB INFO) FFT size      :       30      30      49
 (GB INFO) FFT offset    :        0
 (GB INFO) FFT G size    :       16      30      49
 (GB INFO) FFT G offset  :        0

 ------------------------------------------------------------------------------
                           SETUP KEDF
 kinetic energy density functional number is            5
 ( 1=TF, 2=VW, 3=TF+VW, 4=WT,  5=WGC,  
   7=LQ, 8=HQ, 10=CAT,  11=HC, 12=WGCD,
   15=GGA, 16=WGCD+GGA, 17=EVT, 18=EVC )
 qTable dimension:    16   30   49
 Coefficient for TF KEDF is     1.0000
 Coefficient for VW KEDF is     1.0000
 Coefficient for alpha in WGC KEDF is     1.2060
 Coefficient for beta  in WGC KEDF is     0.4607
 Coefficient for gamma in WGC KEDF is     2.7000
 rho0 (Electron/Bohr^3) in WGC KEDF is     0.0130
 rhoS (Electron/Bohr^3) in WGC KEDF is     0.0130
 hold0 =  F
 holdS =  F
  dV of each real space grid is now    6.9847408111611163E-003
 Cell length (Bohr)    6.014E+00   6.014E+00   9.835E+00
 Angle     (Degree)    9.000E+01   9.000E+01   1.200E+02
 Volume    (Bohr^3)    3.080E+02

 ------------------------------------------------------------------------------
                           SETUP EWALD 
 (Ewald) eta                             :    1.200    
 (Ewald) Real Space Cutoff               :    6.000     (Bohr)
 (Ewald) Reciprocal Cutoff               :    15.15     (1/Bohr)

 ------------------------------------------------------------------------------
                           SETUP PLANE WAVE 

 ------------------------------------------------------------------------------
                           INITIALIZING WGC KERNEL
 Fermi vector :   0.72716120778982951     
 Reference density :    1.2985871673415307E-002
 Make WGC kernels.
 Dimension of KEDF Kernel :           16          30          49

 ------------------------------------------------------------------------------
                           REFRESH ION POSITIONS
  
 Calculating Ion-Ion Energy ...                   complete.     0.003 s
  
 Calculating Ion-Electron Potential (spline) ... 
 complete.     0.003 s

 ------------------------------------------------------------------------------
                           DENSITY OPTIMIZATION
 Electron number for spin            1  is    4.0000000000032347     
 Cell Volume      :            45.644902 Angstrom^3
 Ion number       :                    2
 Electron number  :             4.000000
 Ion density      :             0.043817 Ion/Angstrom^3
 Electron density :             0.087633 Electron/Angstrom^3
##############################################################################
#                               FINAL ENERGIES                       time    #
##############################################################################
# Thomas-Fermi Kin. Energy =   1.759748834322E+01 eV                 0.000 s #
# Von-Weizsacker Kin. Ener =   1.745499953389E+00 eV                 0.000 s #
#       WGC Kinetic Energy =  -6.434074335172E-01 eV                 0.000 s #
#                                                                            #
# GGA(PBE) Exch-Cor Energy =  -2.338760106297E+01 eV                 0.000 s #
#         Coulombic Energy =   1.288977776593E-01 eV                 0.000 s #
#      Ion-Electron Energy =   1.477365448636E+01 eV                 0.000 s #
#           Ion-Ion Energy =  -5.864714578199E+01 eV                 0.000 s #
#                                                                            #
#     TOTAL KINETIC ENERGY =   1.869958086310E+01 eV                         #
#   TOTAL POTENTIAL ENERGY =  -6.713219458093E+01 eV                         #
#             TOTAL ENERGY =  -4.843261371783E+01 eV                         #
##############################################################################
  
 ----------------------------- TIME INFORMATION ------------------------------
    PROFESS      :     10.37s WALL    100.00% (       1 calls)    10.37s/call
    InitPROFESS  :      0.05s WALL      0.49% (       1 calls)     0.05s/call
    KEDFRefresh  :      0.02s WALL      0.20% (       1 calls)     0.02s/call
    IonRefresh   :      0.01s WALL      0.07% (       1 calls)     0.01s/call
    EwaldEnergy  :      0.00s WALL      0.03% (       1 calls)     0.00s/call
    Pot_Ion      :      0.02s WALL      0.15% (     130 calls)     0.00s/call
    Pot_Har      :      0.31s WALL      2.96% (     130 calls)     0.00s/call
    Pot_Exc      :      4.33s WALL     41.78% (     130 calls)     0.03s/call
    PBEPot       :      4.21s WALL     40.56% (     130 calls)     0.03s/call
    Pot_KEDF     :      5.12s WALL     49.39% (     130 calls)     0.04s/call
    WGCPotPlus   :      4.06s WALL     39.10% (     130 calls)     0.03s/call
    VWPotSqrPlus :      0.27s WALL      2.63% (     130 calls)     0.00s/call
    NextGradient :      0.00s WALL      0.05% (       6 calls)     0.00s/call
 -----------------------------------------------------------------------------
 ------------------------------- TOTAL ---------------------------------------
    PROFESS      :     10.37s WALL    100.00% (       1 calls)    10.37s/call
 -----------------------------------------------------------------------------

Run completed on: 05/02/2023 at 14:06:20 
  
