 ******************************************************************************
                             WELCOME TO PROFESS                   
            (PRinceton Orbital-Free Electronic Structure Software) 
 ******************************************************************************

 ------------------------------------------------------------------------------
                           READ GEOMETRY
 Cell length (Bohr)    5.074E+00   5.074E+00   5.074E+00
 Angle     (Degree)    1.095E+02   1.095E+02   1.095E+02
 Volume    (Bohr^3)    1.006E+02

 ------------------------------------------------------------------------------
                           READ PSEUDOPOTENTIAL
 Total electron number in ReadPseudo is    4.0000000000000000     
 (System) Machine Precision              :    2.2204460492503131E-016

 ------------------------------------------------------------------------------
                           SETUP FFT
 Global FFT Dimension :    25   25   25
 Dimension of rho for this processor : 
 xmin, xmax :            0          24
 ymin, ymax :            0          24
 zmin, zmax :            0          24
 Total electron number =    4.0000000000000000     
 Uniform rhoR =    3.9776198590263122E-002
 (GB INFO) FFT size      :       25      25      25
 (GB INFO) FFT offset    :        0
 (GB INFO) FFT G size    :       13      25      25
 (GB INFO) FFT G offset  :        0

 ------------------------------------------------------------------------------
                           SETUP KEDF
 kinetic energy density functional number is            5
 ( 1=TF, 2=VW, 3=TF+VW, 4=WT,  5=WGC,  
   7=LQ, 8=HQ, 10=CAT,  11=HC, 12=WGCD,
   15=GGA, 16=WGCD+GGA, 17=EVT, 18=EVC )
 qTable dimension:    13   25   25
 Coefficient for TF KEDF is     1.0000
 Coefficient for VW KEDF is     1.0000
 Coefficient for alpha in WGC KEDF is     1.2060
 Coefficient for beta  in WGC KEDF is     0.4607
 Coefficient for gamma in WGC KEDF is     4.2000
 rho0 (Electron/Bohr^3) in WGC KEDF is     0.0398
 rhoS (Electron/Bohr^3) in WGC KEDF is     0.0398
 hold0 =  F
 holdS =  F
  dV of each real space grid is now    6.4360097011046868E-003
 Cell length (Bohr)    5.074E+00   5.074E+00   5.074E+00
 Angle     (Degree)    1.095E+02   1.095E+02   1.095E+02
 Volume    (Bohr^3)    1.006E+02

 ------------------------------------------------------------------------------
                           SETUP EWALD 
 (Ewald) eta                             :    1.200    
 (Ewald) Real Space Cutoff               :    6.000     (Bohr)
 (Ewald) Reciprocal Cutoff               :    14.86     (1/Bohr)

 ------------------------------------------------------------------------------
                           SETUP PLANE WAVE 

 ------------------------------------------------------------------------------
                           INITIALIZING WGC KERNEL
 Fermi vector :    1.0560425694726012     
 Reference density :    3.9776198590263122E-002
 Make WGC kernels.
 Dimension of KEDF Kernel :           13          25          25

 ------------------------------------------------------------------------------
                           REFRESH ION POSITIONS
  
 Calculating Ion-Ion Energy ...                   complete.     0.002 s
  
 Calculating Ion-Electron Potential (spline) ... 
 complete.     0.002 s

 ------------------------------------------------------------------------------
                           DENSITY OPTIMIZATION
 Electron number for spin            1  is    4.0000000000014317     
 Cell Volume      :            14.901847 Angstrom^3
 Ion number       :                    1
 Electron number  :             4.000000
 Ion density      :             0.067106 Ion/Angstrom^3
 Electron density :             0.268423 Electron/Angstrom^3
##############################################################################
#                               FINAL ENERGIES                       time    #
##############################################################################
# Thomas-Fermi Kin. Energy =   3.763328194060E+01 eV                 0.000 s #
# Von-Weizsacker Kin. Ener =   4.462593060564E+00 eV                 0.000 s #
#       WGC Kinetic Energy =  -1.930667941064E+00 eV                 0.000 s #
#                                                                            #
# GGA(PBE) Exch-Cor Energy =  -3.296514337618E+01 eV                 0.000 s #
#         Coulombic Energy =   4.075814723133E-01 eV                 0.000 s #
#      Ion-Electron Energy =   1.943285469941E+01 eV                 0.000 s #
#           Ion-Ion Energy =  -1.352160631651E+02 eV                 0.000 s #
#                                                                            #
#     TOTAL KINETIC ENERGY =   4.016520706010E+01 eV                         #
#   TOTAL POTENTIAL ENERGY =  -1.483407703695E+02 eV                         #
#             TOTAL ENERGY =  -1.081755633094E+02 eV                         #
##############################################################################
  
 ----------------------------- TIME INFORMATION ------------------------------
    PROFESS      :      2.37s WALL    100.00% (       1 calls)     2.37s/call
    InitPROFESS  :      0.04s WALL      1.86% (       1 calls)     0.04s/call
    KEDFRefresh  :      0.02s WALL      1.00% (       1 calls)     0.02s/call
    IonRefresh   :      0.00s WALL      0.18% (       1 calls)     0.00s/call
    EwaldEnergy  :      0.00s WALL      0.07% (       1 calls)     0.00s/call
    ForwFFT_3D   :      0.38s WALL     16.05% (    1286 calls)     0.00s/call
    BackFFT_3D   :      0.30s WALL     12.85% (    1285 calls)     0.00s/call
    Pot_Ion      :      0.01s WALL      0.53% (     107 calls)     0.00s/call
    Pot_Har      :      0.07s WALL      3.15% (     107 calls)     0.00s/call
    Pot_Exc      :      1.20s WALL     50.55% (     107 calls)     0.01s/call
    PBEPot       :      1.13s WALL     47.42% (     107 calls)     0.01s/call
    Pot_KEDF     :      0.91s WALL     38.23% (     107 calls)     0.01s/call
    WGCPotPlus   :      0.70s WALL     29.30% (     107 calls)     0.01s/call
    VWPotSqrPlus :      0.06s WALL      2.40% (     107 calls)     0.00s/call
    NextGradient :      0.00s WALL      0.10% (       6 calls)     0.00s/call
 -----------------------------------------------------------------------------
 ------------------------------- TOTAL ---------------------------------------
    PROFESS      :      2.37s WALL    100.00% (       1 calls)     2.37s/call
 -----------------------------------------------------------------------------

Run completed on: 07/30/2024 at 16:54:02 
  
