 ******************************************************************************
                             WELCOME TO PROFESS                   
            (PRinceton Orbital-Free Electronic Structure Software) 
 ******************************************************************************

 ------------------------------------------------------------------------------
                           READ GEOMETRY
 Cell length (Bohr)    7.382E+00   7.382E+00   7.382E+00
 Angle     (Degree)    6.000E+01   6.000E+01   6.000E+01
 Volume    (Bohr^3)    2.844E+02

 ------------------------------------------------------------------------------
                           READ PSEUDOPOTENTIAL
 Total electron number in ReadPseudo is    8.0000000000000000     
 (System) Machine Precision              :    2.2204460492503131E-016

 ------------------------------------------------------------------------------
                           SETUP FFT
 Global FFT Dimension :    40   40   40
 Dimension of rho for this processor : 
 xmin, xmax :            0          39
 ymin, ymax :            0          39
 zmin, zmax :            0          39
 Total electron number =    8.0000000000000000     
 Uniform rhoR =    2.8129784755888912E-002
 (GB INFO) FFT size      :       40      40      40
 (GB INFO) FFT offset    :        0
 (GB INFO) FFT G size    :       21      40      40
 (GB INFO) FFT G offset  :        0

 ------------------------------------------------------------------------------
                           SETUP KEDF
 kinetic energy density functional number is           11
 ( 1=TF, 2=VW, 3=TF+VW, 4=WT,  5=WGC,  
   7=LQ, 8=HQ, 10=CAT,  11=HC, 12=WGCD,
   15=GGA, 16=WGCD+GGA, 17=EVT, 18=EVC )
 qTable dimension:    21   40   40
 rhoS=   2.8129784755888912E-002
 rho0=   2.8129784755888912E-002
 coefficients for TF KEDF is     1.000000
 coefficients for VW KEDF is     1.000000
 Lambda in HC10 is set to     0.012000
 ALPHA  in HC10 is set to     1.821667
 BETA   in HC10 is set to     0.845000
 Sum of alpha and beta is     2.666667
  dV of each real space grid is now    4.4436884634828748E-003
 Cell length (Bohr)    7.382E+00   7.382E+00   7.382E+00
 Angle     (Degree)    6.000E+01   6.000E+01   6.000E+01
 Volume    (Bohr^3)    2.844E+02

 ------------------------------------------------------------------------------
                           SETUP EWALD 
 (Ewald) eta                             :    1.200    
 (Ewald) Real Space Cutoff               :    6.000     (Bohr)
 (Ewald) Reciprocal Cutoff               :    16.60     (1/Bohr)

 ------------------------------------------------------------------------------
                           SETUP PLANE WAVE 

 ------------------------------------------------------------------------------
                           REFRESH ION POSITIONS
  
 Calculating Ion-Ion Energy ...                   complete.     0.015 s
  
 Calculating Ion-Electron Potential (spline) ... 
 complete.     0.025 s

 ------------------------------------------------------------------------------
                           DENSITY OPTIMIZATION
 Electron number for spin            1  is    8.0000000000027747     
 Cell Volume      :            42.143148 Angstrom^3
 Ion number       :                    2
 Electron number  :             8.000000
 Ion density      :             0.047457 Ion/Angstrom^3
 Electron density :             0.189829 Electron/Angstrom^3
##############################################################################
#                               FINAL ENERGIES                       time    #
##############################################################################
# Thomas-Fermi Kin. Energy =   7.938337550327E+01 eV                 0.000 s #
# Von-Weizsacker Kin. Ener =   2.592957152061E+01 eV                 0.000 s #
#                                                                            #
# GGA(PBE) Exch-Cor Energy =  -6.664144341798E+01 eV                 0.000 s #
#         Coulombic Energy =   2.238800736971E+01 eV                 0.000 s #
#      Ion-Electron Energy =  -4.629337561671E+01 eV                 0.000 s #
#           Ion-Ion Energy =  -2.345283421266E+02 eV                 0.000 s #
#                                                                            #
#     TOTAL KINETIC ENERGY =   8.394873312874E+01 eV                         #
#   TOTAL POTENTIAL ENERGY =  -3.250751537915E+02 eV                         #
#             TOTAL ENERGY =  -2.411264206628E+02 eV                         #
##############################################################################
  
 ----------------------------- TIME INFORMATION ------------------------------
    PROFESS      :   4431.55s WALL    100.00% (       1 calls)  4431.55s/call
    InitPROFESS  :      0.09s WALL      0.00% (       1 calls)     0.09s/call
    KEDFRefresh  :      0.00s WALL      0.00% (       1 calls)     0.00s/call
    IonRefresh   :      0.05s WALL      0.00% (       1 calls)     0.05s/call
    EwaldEnergy  :      0.02s WALL      0.00% (       1 calls)     0.02s/call
    ForwFFT_3D   :    794.52s WALL     17.93% (   92033 calls)     0.01s/call
    BackFFT_3D   :    401.71s WALL      9.06% (   59943 calls)     0.01s/call
    Pot_Ion      :      3.89s WALL      0.09% (    1466 calls)     0.00s/call
    Pot_Har      :     28.63s WALL      0.65% (    1466 calls)     0.02s/call
    Pot_Exc      :    534.66s WALL     12.06% (    1466 calls)     0.36s/call
    PBEPot       :    530.45s WALL     11.97% (    1466 calls)     0.36s/call
    Pot_KEDF     :   3815.25s WALL     86.09% (    1466 calls)     2.60s/call
    intPot       :   3744.00s WALL     84.49% (    1466 calls)     2.55s/call
    MakeXiG      :     26.28s WALL      0.59% (    1466 calls)     0.02s/call
    intPot1      :   1036.07s WALL     23.38% (   18976 calls)     0.05s/call
    MakeHC10Kern :    100.47s WALL      2.27% (   20442 calls)     0.00s/call
    intPot2      :    757.62s WALL     17.10% (   18976 calls)     0.04s/call
    intPot3      :   1175.06s WALL     26.52% (   18976 calls)     0.06s/call
    intPot4      :    474.82s WALL     10.71% (   18976 calls)     0.03s/call
    VWPotSqrPlus :     24.39s WALL      0.55% (    1466 calls)     0.02s/call
    NextGradient :      2.26s WALL      0.05% (     123 calls)     0.02s/call
 -----------------------------------------------------------------------------
 ------------------------------- TOTAL ---------------------------------------
    PROFESS      :   4431.55s WALL    100.00% (       1 calls)  4431.55s/call
 -----------------------------------------------------------------------------

Run completed on: 07/31/2024 at 10:28:28 
  
