 ******************************************************************************
                             WELCOME TO PROFESS                   
            (PRinceton Orbital-Free Electronic Structure Software) 
 ******************************************************************************

 ------------------------------------------------------------------------------
                           READ GEOMETRY
 Cell length (Bohr)    9.280E+00   9.280E+00   9.280E+00
 Angle     (Degree)    6.000E+01   6.000E+01   6.000E+01
 Volume    (Bohr^3)    5.650E+02

 ------------------------------------------------------------------------------
                           READ PSEUDOPOTENTIAL
 Total electron number in ReadPseudo is    8.0000000000000000     
 (System) Machine Precision              :    2.2204460492503131E-016

 ------------------------------------------------------------------------------
                           SETUP FFT
 Global FFT Dimension :    48   48   48
 Dimension of rho for this processor : 
 xmin, xmax :            0          47
 ymin, ymax :            0          47
 zmin, zmax :            0          47
 Total electron number =    8.0000000000000000     
 Uniform rhoR =    1.4158245761738514E-002
 (GB INFO) FFT size      :       48      48      48
 (GB INFO) FFT offset    :        0
 (GB INFO) FFT G size    :       25      48      48
 (GB INFO) FFT G offset  :        0

 ------------------------------------------------------------------------------
                           SETUP KEDF
 kinetic energy density functional number is           11
 ( 1=TF, 2=VW, 3=TF+VW, 4=WT,  5=WGC,  
   7=LQ, 8=HQ, 10=CAT,  11=HC, 12=WGCD,
   15=GGA, 16=WGCD+GGA, 17=EVT, 18=EVC )
 qTable dimension:    25   48   48
 rhoS=   1.4158245761738514E-002
 rho0=   1.4158245761738514E-002
 coefficients for TF KEDF is     1.000000
 coefficients for VW KEDF is     1.000000
 Lambda in HC10 is set to     0.012000
 ALPHA  in HC10 is set to     1.856667
 BETA   in HC10 is set to     0.810000
 Sum of alpha and beta is     2.666667
  dV of each real space grid is now    5.1092461721811830E-003
 Cell length (Bohr)    9.280E+00   9.280E+00   9.280E+00
 Angle     (Degree)    6.000E+01   6.000E+01   6.000E+01
 Volume    (Bohr^3)    5.650E+02

 ------------------------------------------------------------------------------
                           SETUP EWALD 
 (Ewald) eta                             :    1.200    
 (Ewald) Real Space Cutoff               :    6.000     (Bohr)
 (Ewald) Reciprocal Cutoff               :    15.91     (1/Bohr)

 ------------------------------------------------------------------------------
                           SETUP PLANE WAVE 

 ------------------------------------------------------------------------------
                           REFRESH ION POSITIONS
  
 Calculating Ion-Ion Energy ...                   complete.     0.091 s
  
 Calculating Ion-Electron Potential (spline) ... 
 complete.     0.132 s

 ------------------------------------------------------------------------------
                           DENSITY OPTIMIZATION
 Electron number for spin            1  is    8.0000000000195470     
 Cell Volume      :            83.730548 Angstrom^3
 Ion number       :                    2
 Electron number  :             8.000000
 Ion density      :             0.023886 Ion/Angstrom^3
 Electron density :             0.095545 Electron/Angstrom^3
##############################################################################
#                               FINAL ENERGIES                       time    #
##############################################################################
# Thomas-Fermi Kin. Energy =   5.159815680796E+01 eV                 0.000 s #
# Von-Weizsacker Kin. Ener =   2.035993685618E+01 eV                 0.000 s #
#                                                                            #
# GGA(PBE) Exch-Cor Energy =  -5.479726438536E+01 eV                 0.000 s #
#         Coulombic Energy =   1.889798135140E+01 eV                 0.000 s #
#      Ion-Electron Energy =  -3.548894986133E+01 eV                 0.000 s #
#           Ion-Ion Energy =  -1.865561967709E+02 eV                 0.000 s #
#                                                                            #
#     TOTAL KINETIC ENERGY =   5.721383045917E+01 eV                         #
#   TOTAL POTENTIAL ENERGY =  -2.579444296661E+02 eV                         #
#             TOTAL ENERGY =  -2.007305992070E+02 eV                         #
##############################################################################
  
 ----------------------------- TIME INFORMATION ------------------------------
    PROFESS      :   2500.01s WALL    100.00% (       1 calls)  2500.01s/call
    InitPROFESS  :      0.38s WALL      0.02% (       1 calls)     0.38s/call
    KEDFRefresh  :      0.02s WALL      0.00% (       1 calls)     0.02s/call
    IonRefresh   :      0.26s WALL      0.01% (       1 calls)     0.26s/call
    EwaldEnergy  :      0.09s WALL      0.00% (       1 calls)     0.09s/call
    ForwFFT_3D   :    537.11s WALL     21.48% (  115820 calls)     0.00s/call
    BackFFT_3D   :    280.60s WALL     11.22% (   73744 calls)     0.00s/call
    Pot_Ion      :      1.38s WALL      0.06% (    1667 calls)     0.00s/call
    Pot_Har      :     12.57s WALL      0.50% (    1667 calls)     0.01s/call
    Pot_Exc      :    204.65s WALL      8.19% (    1667 calls)     0.12s/call
    PBEPot       :    203.08s WALL      8.12% (    1667 calls)     0.12s/call
    Pot_KEDF     :   2263.13s WALL     90.52% (    1667 calls)     1.36s/call
    intPot       :   2235.11s WALL     89.40% (    1667 calls)     1.34s/call
    MakeXiG      :      9.84s WALL      0.39% (    1667 calls)     0.01s/call
    VWPotSqrPlus :     11.12s WALL      0.44% (    1667 calls)     0.01s/call
    intPot1      :    651.83s WALL     26.07% (   24370 calls)     0.03s/call
    MakeHC10Kern :     51.50s WALL      2.06% (   26036 calls)     0.00s/call
    intPot2      :    429.20s WALL     17.17% (   24370 calls)     0.02s/call
    intPot3      :    752.96s WALL     30.12% (   24370 calls)     0.03s/call
    intPot4      :    271.62s WALL     10.86% (   24370 calls)     0.01s/call
    NextGradient :      1.17s WALL      0.05% (     164 calls)     0.01s/call
 -----------------------------------------------------------------------------
 ------------------------------- TOTAL ---------------------------------------
    PROFESS      :   2500.01s WALL    100.00% (       1 calls)  2500.01s/call
 -----------------------------------------------------------------------------

Run completed on: 07/31/2024 at 04:47:18 
  
