 ******************************************************************************
                             WELCOME TO PROFESS                   
            (PRinceton Orbital-Free Electronic Structure Software) 
 ******************************************************************************

 ------------------------------------------------------------------------------
                           READ GEOMETRY
 Cell length (Bohr)    5.454E+00   5.454E+00   5.454E+00
 Angle     (Degree)    6.000E+01   6.000E+01   6.000E+01
 Volume    (Bohr^3)    1.147E+02

 ------------------------------------------------------------------------------
                           READ PSEUDOPOTENTIAL
 Total electron number in ReadPseudo is    3.0000000000000000     
 (System) Machine Precision              :    2.2204460492503131E-016

 ------------------------------------------------------------------------------
                           SETUP FFT
 Global FFT Dimension :    27   27   27
 Rank/Size in Global Communicator     :            0 /           1
 Rank/Size in Global FFT Communicator :            0 /           1
 Parallel FFT, totX    =    27
 Parallel FFT, totY    =    27
 Parallel FFT, locZ    =    27
 Parallel FFT, locZoff =     0
 Dimension of rho for this processor : 
 xmin, xmax :            0          26
 ymin, ymax :            0          26
 zmin, zmax :            0          26
 Total electron number =    3.0000000000000000     
 Uniform rhoR =    2.6146352015656321E-002
 (GB INFO) FFT size      :       27      27      27
 (GB INFO) FFT offset    :        0
 (GB INFO) FFT G size    :       14      27      27
 (GB INFO) FFT G offset  :        0

 ------------------------------------------------------------------------------
                           SETUP KEDF
 kinetic energy density functional number is            5
 ( 1=TF, 2=VW, 3=TF+VW, 4=WT,  5=WGC,  
   7=LQ, 8=HQ, 10=CAT,  11=HC, 12=WGCD,
   15=GGA, 16=WGCD+GGA, 17=EVT, 18=EVC )
 qTable dimension:    14   27   27
 Coefficient for TF KEDF is     1.0000
 Coefficient for VW KEDF is     1.0000
 Coefficient for alpha in WGC KEDF is     1.2060
 Coefficient for beta  in WGC KEDF is     0.4607
 Coefficient for gamma in WGC KEDF is     2.7000
 rho0 (Electron/Bohr^3) in WGC KEDF is     0.0261
 rhoS (Electron/Bohr^3) in WGC KEDF is     0.0261
 hold0 =  F
 holdS =  F
  dV of each real space grid is now    5.8293329097920303E-003
 Cell length (Bohr)    5.454E+00   5.454E+00   5.454E+00
 Angle     (Degree)    6.000E+01   6.000E+01   6.000E+01
 Volume    (Bohr^3)    1.147E+02

 ------------------------------------------------------------------------------
                           SETUP EWALD 
 (Ewald) eta                             :    1.200    
 (Ewald) Real Space Cutoff               :    6.000     (Bohr)
 (Ewald) Reciprocal Cutoff               :    14.98     (1/Bohr)

 ------------------------------------------------------------------------------
                           SETUP PLANE WAVE 

 ------------------------------------------------------------------------------
                           INITIALIZING WGC KERNEL
 Fermi vector :   0.91821426324473121     
 Reference density :    2.6146352015656321E-002
 Make WGC kernels.
 Dimension of KEDF Kernel :           14          27          27

 ------------------------------------------------------------------------------
                           REFRESH ION POSITIONS
  
 Calculating Ion-Ion Energy ...                   complete.     0.002 s
  
 Calculating Ion-Electron Potential (spline) ... 
 complete.     0.003 s

 ------------------------------------------------------------------------------
                           DENSITY OPTIMIZATION
 Electron number for spin            1  is    2.9999999999989697     
 Cell Volume      :            17.002530 Angstrom^3
 Ion number       :                    1
 Electron number  :             3.000000
 Ion density      :             0.058815 Ion/Angstrom^3
 Electron density :             0.176444 Electron/Angstrom^3
##############################################################################
#                               FINAL ENERGIES                       time    #
##############################################################################
# Thomas-Fermi Kin. Energy =   2.100399985590E+01 eV                 0.000 s #
# Von-Weizsacker Kin. Ener =   1.842921602578E+00 eV                 0.000 s #
#       WGC Kinetic Energy =  -6.520767370478E-01 eV                 0.000 s #
#                                                                            #
# GGA(PBE) Exch-Cor Energy =  -2.164864137704E+01 eV                 0.000 s #
#         Coulombic Energy =   1.023643809856E-01 eV                 0.000 s #
#      Ion-Electron Energy =   1.494958743568E+01 eV                 0.000 s #
#           Ion-Ion Energy =  -7.278345993990E+01 eV                 0.000 s #
#                                                                            #
#     TOTAL KINETIC ENERGY =   2.219484472143E+01 eV                         #
#   TOTAL POTENTIAL ENERGY =  -7.938014950028E+01 eV                         #
#             TOTAL ENERGY =  -5.718530477885E+01 eV                         #
##############################################################################
  
 ----------------------------- TIME INFORMATION ------------------------------
    PROFESS      :      4.17s WALL    100.00% (       1 calls)     4.17s/call
    InitPROFESS  :      0.05s WALL      1.20% (       1 calls)     0.05s/call
    KEDFRefresh  :      0.02s WALL      0.54% (       1 calls)     0.02s/call
    IonRefresh   :      0.01s WALL      0.14% (       1 calls)     0.01s/call
    EwaldEnergy  :      0.00s WALL      0.06% (       1 calls)     0.00s/call
    Pot_Ion      :      0.00s WALL      0.11% (     102 calls)     0.00s/call
    Pot_Har      :      0.14s WALL      3.41% (     102 calls)     0.00s/call
    Pot_Exc      :      1.51s WALL     36.21% (     102 calls)     0.01s/call
    PBEPot       :      1.47s WALL     35.15% (     102 calls)     0.01s/call
    Pot_KEDF     :      2.08s WALL     50.01% (     102 calls)     0.02s/call
    WGCPotPlus   :      1.66s WALL     39.84% (     102 calls)     0.02s/call
    VWPotSqrPlus :      0.13s WALL      3.12% (     102 calls)     0.00s/call
    NextGradient :      0.00s WALL      0.05% (       6 calls)     0.00s/call
 -----------------------------------------------------------------------------
 ------------------------------- TOTAL ---------------------------------------
    PROFESS      :      4.17s WALL    100.00% (       1 calls)     4.17s/call
 -----------------------------------------------------------------------------

Run completed on: 05/02/2023 at 14:02:20 
  
