 ******************************************************************************
                             WELCOME TO PROFESS                   
            (PRinceton Orbital-Free Electronic Structure Software) 
 ******************************************************************************

 ------------------------------------------------------------------------------
                           READ GEOMETRY
 Cell length (Bohr)    7.227E+00   7.227E+00   4.088E+01
 Angle     (Degree)    9.000E+01   9.000E+01   9.000E+01
 Volume    (Bohr^3)    2.135E+03

 ------------------------------------------------------------------------------
                           READ PSEUDOPOTENTIAL
 Total electron number in ReadPseudo is    36.000000000000000     
 (System) Machine Precision              :    2.2204460492503131E-016

 ------------------------------------------------------------------------------
                           SETUP FFT
 Global FFT Dimension :    40   40  216
 Rank/Size in Global Communicator     :            0 /           1
 Rank/Size in Global FFT Communicator :            0 /           1
 Parallel FFT, totX    =    40
 Parallel FFT, totY    =    40
 Parallel FFT, locZ    =   216
 Parallel FFT, locZoff =     0
 Dimension of rho for this processor : 
 xmin, xmax :            0          39
 ymin, ymax :            0          39
 zmin, zmax :            0         215
 Total electron number =    36.000000000000000     
 Uniform rhoR =    1.6860910880697379E-002
 (GB INFO) FFT size      :       40      40     216
 (GB INFO) FFT offset    :        0
 (GB INFO) FFT G size    :       21      40     216
 (GB INFO) FFT G offset  :        0

 ------------------------------------------------------------------------------
                           SETUP KEDF
 kinetic energy density functional number is           11
 ( 1=TF, 2=VW, 3=TF+VW, 4=WT,  5=WGC,  
   7=LQ, 8=HQ, 10=CAT,  11=HC, 12=WGCD,
   15=GGA, 16=WGCD+GGA, 17=EVT, 18=EVC )
 qTable dimension:    21   40  216
 rhoS=   1.6860910880697379E-002
 rho0=   1.6860910880697379E-002
 coefficients for TF KEDF is     1.000000
 coefficients for VW KEDF is     1.000000
 Lambda in HC10 is set to     0.010000
 ALPHA  in HC10 is set to     2.016667
 BETA   in HC10 is set to     0.650000
 Sum of alpha and beta is     2.666667
  dV of each real space grid is now    6.1779975829134009E-003
 Cell length (Bohr)    7.227E+00   7.227E+00   4.088E+01
 Angle     (Degree)    9.000E+01   9.000E+01   9.000E+01
 Volume    (Bohr^3)    2.135E+03

 ------------------------------------------------------------------------------
                           SETUP EWALD 
 (Ewald) eta                             :    1.200    
 (Ewald) Real Space Cutoff               :    6.000     (Bohr)
 (Ewald) Reciprocal Cutoff               :    16.52     (1/Bohr)

 ------------------------------------------------------------------------------
                           SETUP PLANE WAVE 

 ------------------------------------------------------------------------------
                           REFRESH ION POSITIONS
  
 Calculating Ion-Ion Energy ...                   complete.     0.030 s
  
 Calculating Ion-Electron Potential (spline) ... 
 complete.     0.031 s

 ------------------------------------------------------------------------------
                           DENSITY OPTIMIZATION
 Electron number for spin            1  is    35.999999999737589     
 Cell Volume      :           316.391539 Angstrom^3
 Ion number       :                    9
 Electron number  :            36.000000
 Ion density      :             0.028446 Ion/Angstrom^3
 Electron density :             0.113783 Electron/Angstrom^3
 Print density file to cd100/Si.den                                      
##############################################################################
#                               FINAL ENERGIES                       time    #
##############################################################################
# Thomas-Fermi Kin. Energy =   3.197502489882E+02 eV                 0.000 s #
# Von-Weizsacker Kin. Ener =   9.700099809823E+01 eV                 0.000 s #
#                                                                            #
#     LDA Exch-Corr Energy =  -2.841378829904E+02 eV                 0.000 s #
#         Coulombic Energy =   2.678736460994E+03 eV                 0.000 s #
#      Ion-Electron Energy =  -5.509872366412E+03 eV                 0.000 s #
#           Ion-Ion Energy =   1.788649797208E+03 eV                 0.000 s #
#                                                                            #
#     TOTAL KINETIC ENERGY =   3.453569099601E+02 eV                         #
#   TOTAL POTENTIAL ENERGY =  -1.326623991201E+03 eV                         #
#             TOTAL ENERGY =  -9.812670812412E+02 eV                         #
##############################################################################
  
 ----------------------------- TIME INFORMATION ------------------------------
    PROFESS      :   8633.82s WALL    100.00% (       1 calls)  8633.82s/call
    InitPROFESS  :      0.11s WALL      0.00% (       1 calls)     0.11s/call
    KEDFRefresh  :      0.01s WALL      0.00% (       1 calls)     0.01s/call
    IonRefresh   :      0.07s WALL      0.00% (       1 calls)     0.07s/call
    EwaldEnergy  :      0.03s WALL      0.00% (       1 calls)     0.03s/call
    Pot_Ion      :      2.20s WALL      0.03% (    2041 calls)     0.00s/call
    Pot_Har      :     31.81s WALL      0.37% (    2041 calls)     0.02s/call
    Pot_Exc      :     95.20s WALL      1.10% (    2041 calls)     0.05s/call
    Pot_KEDF     :   8469.86s WALL     98.10% (    2041 calls)     4.15s/call
    intPot       :   8349.56s WALL     96.71% (    2041 calls)     4.09s/call
    MakeXiG      :     54.66s WALL      0.63% (    2041 calls)     0.03s/call
    VWPotSqrPlus :     30.95s WALL      0.36% (    2041 calls)     0.02s/call
    intPot1      :   2583.01s WALL     29.92% (   81041 calls)     0.03s/call
    MakeHC10Kern :    211.92s WALL      2.45% (   83081 calls)     0.00s/call
    intPot2      :   1401.48s WALL     16.23% (   81041 calls)     0.02s/call
    intPot3      :   2923.56s WALL     33.86% (   81041 calls)     0.04s/call
    intPot4      :    910.42s WALL     10.54% (   81041 calls)     0.01s/call
    NextGradient :      4.24s WALL      0.05% (     503 calls)     0.01s/call
 -----------------------------------------------------------------------------
 ------------------------------- TOTAL ---------------------------------------
    PROFESS      :   8633.82s WALL    100.00% (       1 calls)  8633.82s/call
 -----------------------------------------------------------------------------

Run completed on: 02/08/2023 at 21:35:29 
  
