 ******************************************************************************
                             WELCOME TO PROFESS                   
            (PRinceton Orbital-Free Electronic Structure Software) 
 ******************************************************************************

 ------------------------------------------------------------------------------
                           READ GEOMETRY
 Cell length (Bohr)    7.414E+00   7.414E+00   7.414E+00
 Angle     (Degree)    6.000E+01   6.000E+01   6.000E+01
 Volume    (Bohr^3)    2.882E+02

 ------------------------------------------------------------------------------
                           READ PSEUDOPOTENTIAL
 Total electron number in ReadPseudo is    2.0000000000000000     
 (System) Machine Precision              :    2.2204460492503131E-016

 ------------------------------------------------------------------------------
                           SETUP FFT
 Global FFT Dimension :    20   20   20
 Rank/Size in Global Communicator     :            0 /           1
 Rank/Size in Global FFT Communicator :            0 /           1
 Parallel FFT, totX    =    20
 Parallel FFT, totY    =    20
 Parallel FFT, locZ    =    20
 Parallel FFT, locZoff =     0
 Dimension of rho for this processor : 
 xmin, xmax :            0          19
 ymin, ymax :            0          19
 zmin, zmax :            0          19
 Total electron number =    2.0000000000000000     
 Uniform rhoR =    6.9404987201791913E-003
 (GB INFO) FFT size      :       20      20      20
 (GB INFO) FFT offset    :        0
 (GB INFO) FFT G size    :       11      20      20
 (GB INFO) FFT G offset  :        0

 ------------------------------------------------------------------------------
                           SETUP KEDF
 kinetic energy density functional number is            4
 ( 1=TF, 2=VW, 3=TF+VW, 4=WT,  5=WGC,  
   7=LQ, 8=HQ, 10=CAT,  11=HC, 12=WGCD,
   15=GGA, 16=WGCD+GGA, 17=EVT, 18=EVC )
 qTable dimension:    11   20   20
 Coefficient for TF KEDF is     1.0000
 Coefficient for VW KEDF is     1.0000
 Coefficient for alpha in WT KEDF is     0.8333
 Coefficient for beta  in WT KEDF is     0.8333
 rho0 (Electron/Bohr^3) in WGC KEDF is     0.0069
 hold0 =  F
  dV of each real space grid is now    3.6020466263200386E-002
 Cell length (Bohr)    7.414E+00   7.414E+00   7.414E+00
 Angle     (Degree)    6.000E+01   6.000E+01   6.000E+01
 Volume    (Bohr^3)    2.882E+02

 ------------------------------------------------------------------------------
                           SETUP EWALD 
 (Ewald) eta                             :   0.8084    
 (Ewald) Real Space Cutoff               :    6.000     (Bohr)
 (Ewald) Reciprocal Cutoff               :    8.051     (1/Bohr)

 ------------------------------------------------------------------------------
                           SETUP PLANE WAVE 
 Fill the 3D Wang-Teter kernel in G space

 ------------------------------------------------------------------------------
                           REFRESH ION POSITIONS
  
 Calculating Ion-Ion Energy ...                   complete.     0.001 s
  
 Calculating Ion-Electron Potential (spline) ... 
 complete.     0.001 s

 ------------------------------------------------------------------------------
                           DENSITY OPTIMIZATION
 Electron number for spin            1  is    1.9999999999997597     
 Cell Volume      :            42.701459 Angstrom^3
 Ion number       :                    2
 Electron number  :             2.000000
 Ion density      :             0.046837 Ion/Angstrom^3
 Electron density :             0.046837 Electron/Angstrom^3
##############################################################################
#                               FINAL ENERGIES                       time    #
##############################################################################
# Thomas-Fermi Kin. Energy =   5.731755691220E+00 eV                 0.000 s #
# Von-Weizsacker Kin. Ener =   4.203230843827E-01 eV                 0.000 s #
# Wang-Teter Kinetic Energ =  -7.957633139210E-02 eV                 0.000 s #
#                                                                            #
#     LDA Exch-Corr Energy =  -9.640305967141E+00 eV                 0.000 s #
#         Coulombic Energy =   1.080669186188E-02 eV                 0.000 s #
#      Ion-Electron Energy =   3.419766507012E+00 eV                 0.000 s #
#           Ion-Ion Energy =  -1.398024812616E+01 eV                 0.000 s #
#                                                                            #
#     TOTAL KINETIC ENERGY =   6.072502444211E+00 eV                         #
#   TOTAL POTENTIAL ENERGY =  -2.018998089443E+01 eV                         #
#             TOTAL ENERGY =  -1.411747845022E+01 eV                         #
##############################################################################
  
 ----------------------------- TIME INFORMATION ------------------------------
    PROFESS      :      0.44s WALL    100.00% (       1 calls)     0.44s/call
    InitPROFESS  :      0.01s WALL      3.01% (       1 calls)     0.01s/call
    KEDFRefresh  :      0.00s WALL      0.07% (       1 calls)     0.00s/call
    IonRefresh   :      0.00s WALL      0.31% (       1 calls)     0.00s/call
    EwaldEnergy  :      0.00s WALL      0.14% (       1 calls)     0.00s/call
    Pot_Ion      :      0.00s WALL      0.10% (      74 calls)     0.00s/call
    Pot_Har      :      0.01s WALL      2.49% (      74 calls)     0.00s/call
    Pot_Exc      :      0.06s WALL     13.68% (      74 calls)     0.00s/call
    Pot_KEDF     :      0.25s WALL     57.11% (      74 calls)     0.00s/call
    VWPotSqrPlus :      0.01s WALL      1.91% (      74 calls)     0.00s/call
    NextGradient :      0.00s WALL      0.11% (       6 calls)     0.00s/call
 -----------------------------------------------------------------------------
 ------------------------------- TOTAL ---------------------------------------
    PROFESS      :      0.44s WALL    100.00% (       1 calls)     0.44s/call
 -----------------------------------------------------------------------------

Run completed on: 08/14/2021 at 19:01:21 
  
