 ******************************************************************************
                             WELCOME TO PROFESS                   
            (PRinceton Orbital-Free Electronic Structure Software) 
 ******************************************************************************

 ------------------------------------------------------------------------------
                           READ GEOMETRY
 Cell length (Bohr)    5.305E+00   5.305E+00   8.663E+01
 Angle     (Degree)    9.000E+01   9.000E+01   6.000E+01
 Volume    (Bohr^3)    2.112E+03

 ------------------------------------------------------------------------------
                           READ PSEUDOPOTENTIAL
 Total electron number in ReadPseudo is    60.000000000000000     
 (System) Machine Precision              :    2.2204460492503131E-016

 ------------------------------------------------------------------------------
                           SETUP FFT
 Global FFT Dimension :    14   14  216
 Rank/Size in Global Communicator     :            0 /           1
 Rank/Size in Global FFT Communicator :            0 /           1
 Parallel FFT, totX    =    14
 Parallel FFT, totY    =    14
 Parallel FFT, locZ    =   216
 Parallel FFT, locZoff =     0
 Dimension of rho for this processor : 
 xmin, xmax :            0          13
 ymin, ymax :            0          13
 zmin, zmax :            0         215
 Total electron number =    60.000000000000000     
 Uniform rhoR =    2.8413447255337922E-002
 (GB INFO) FFT size      :       14      14     216
 (GB INFO) FFT offset    :        0
 (GB INFO) FFT G size    :        8      14     216
 (GB INFO) FFT G offset  :        0

 ------------------------------------------------------------------------------
                           SETUP KEDF
 kinetic energy density functional number is            4
 ( 1=TF, 2=VW, 3=TF+VW, 4=WT,  5=WGC,  
   7=LQ, 8=HQ, 10=CAT,  11=HC, 12=WGCD,
   15=GGA, 16=WGCD+GGA, 17=EVT, 18=EVC )
 qTable dimension:     8   14  216
 Coefficient for TF KEDF is     1.0000
 Coefficient for VW KEDF is     1.0000
 Coefficient for alpha in WT KEDF is     0.8333
 Coefficient for beta  in WT KEDF is     0.8333
 rho0 (Electron/Bohr^3) in WGC KEDF is     0.0284
 hold0 =  F
  dV of each real space grid is now    4.9878972704533515E-002
 Cell length (Bohr)    5.305E+00   5.305E+00   8.663E+01
 Angle     (Degree)    9.000E+01   9.000E+01   6.000E+01
 Volume    (Bohr^3)    2.112E+03

 ------------------------------------------------------------------------------
                           SETUP EWALD 
 (Ewald) eta                             :   0.6867    
 (Ewald) Real Space Cutoff               :    7.503     (Bohr)
 (Ewald) Reciprocal Cutoff               :    7.698     (1/Bohr)

 ------------------------------------------------------------------------------
                           SETUP PLANE WAVE 
 Read in WT kernel.
 kernel file name  : 4PROFESS_KERNEL.dat           
 KEDF type         :     4
 Fermi vector      :   1.182014212099E+00
 Reference density :  -1.000000000000E+00
 Mesh points       :   200002
 Fermi vector in this cell is    1.8880419442139806     
 Fermi vector from kernel file is    1.1820142120987149     
 First qNorm is    0.0000000000000000     
 size of Wang-Teter kernel in this run is            8          14         216
 Max |G| in this calculation is   1.728782310607E+01
 Max eta used from kernel is   9.156482544812E+00

 ------------------------------------------------------------------------------
                           REFRESH ION POSITIONS
  
 Calculating Ion-Ion Energy ...                   complete.     0.006 s
  
 Calculating Ion-Electron Potential (spline) ... 
 complete.     0.006 s

 ------------------------------------------------------------------------------
                           DENSITY OPTIMIZATION
 Electron number for spin            1  is    60.000000000056993     
 Cell Volume      :           312.918123 Angstrom^3
 Ion number       :                   20
 Electron number  :            60.000000
 Ion density      :             0.063914 Ion/Angstrom^3
 Electron density :             0.191743 Electron/Angstrom^3
  
 Calculating Ion-Ion Forces ...                complete.     0.007 s
  
 Calculating Ion-Electron Forces (spline) ...  complete.     0.004 s
  ------ ION (GRADIENT METHOD) STEP            1  ------

 ------------------------------------------------------------------------------
                           REFRESH ION POSITIONS
  
 Calculating Ion-Ion Energy ...                   complete.     0.005 s
  
 Calculating Ion-Electron Potential (spline) ... 
 complete.     0.006 s

 ------------------------------------------------------------------------------
                           DENSITY OPTIMIZATION
 Electron number for spin            1  is    60.000000000000966     
 Cell Volume      :           312.918123 Angstrom^3
 Ion number       :                   20
 Electron number  :            60.000000
 Ion density      :             0.063914 Ion/Angstrom^3
 Electron density :             0.191743 Electron/Angstrom^3
  
 Calculating Ion-Ion Forces ...                complete.     0.007 s
  
 Calculating Ion-Electron Forces (spline) ...  complete.     0.004 s

 ------------------------------------------------------------------------------
                           REFRESH ION POSITIONS
  
 Calculating Ion-Ion Energy ...                   complete.     0.005 s
  
 Calculating Ion-Electron Potential (spline) ... 
 complete.     0.006 s

 ------------------------------------------------------------------------------
                           DENSITY OPTIMIZATION
 Electron number for spin            1  is    60.000000000001158     
 Cell Volume      :           312.918123 Angstrom^3
 Ion number       :                   20
 Electron number  :            60.000000
 Ion density      :             0.063914 Ion/Angstrom^3
 Electron density :             0.191743 Electron/Angstrom^3
  
 Calculating Ion-Ion Forces ...                complete.     0.007 s
  
 Calculating Ion-Electron Forces (spline) ...  complete.     0.004 s
  ------ ION (GRADIENT METHOD) STEP            2  ------

 ------------------------------------------------------------------------------
                           REFRESH ION POSITIONS
  
 Calculating Ion-Ion Energy ...                   complete.     0.005 s
  
 Calculating Ion-Electron Potential (spline) ... 
 complete.     0.006 s

 ------------------------------------------------------------------------------
                           DENSITY OPTIMIZATION
 Electron number for spin            1  is    60.000000000001627     
 Cell Volume      :           312.918123 Angstrom^3
 Ion number       :                   20
 Electron number  :            60.000000
 Ion density      :             0.063914 Ion/Angstrom^3
 Electron density :             0.191743 Electron/Angstrom^3
  
 Calculating Ion-Ion Forces ...                complete.     0.006 s
  
 Calculating Ion-Electron Forces (spline) ...  complete.     0.004 s

 ------------------------------------------------------------------------------
                           REFRESH ION POSITIONS
  
 Calculating Ion-Ion Energy ...                   complete.     0.005 s
  
 Calculating Ion-Electron Potential (spline) ... 
 complete.     0.006 s

 ------------------------------------------------------------------------------
                           DENSITY OPTIMIZATION
 Electron number for spin            1  is    60.000000000001656     
 Cell Volume      :           312.918123 Angstrom^3
 Ion number       :                   20
 Electron number  :            60.000000
 Ion density      :             0.063914 Ion/Angstrom^3
 Electron density :             0.191743 Electron/Angstrom^3
  
 Calculating Ion-Ion Forces ...                complete.     0.006 s
  
 Calculating Ion-Electron Forces (spline) ...  complete.     0.004 s
  ------ ION (GRADIENT METHOD) STEP            3  ------

 ------------------------------------------------------------------------------
                           REFRESH ION POSITIONS
  
 Calculating Ion-Ion Energy ...                   complete.     0.005 s
  
 Calculating Ion-Electron Potential (spline) ... 
 complete.     0.006 s

 ------------------------------------------------------------------------------
                           DENSITY OPTIMIZATION
 Electron number for spin            1  is    60.000000000000895     
 Cell Volume      :           312.918123 Angstrom^3
 Ion number       :                   20
 Electron number  :            60.000000
 Ion density      :             0.063914 Ion/Angstrom^3
 Electron density :             0.191743 Electron/Angstrom^3
  
 Calculating Ion-Ion Forces ...                complete.     0.007 s
  
 Calculating Ion-Electron Forces (spline) ...  complete.     0.004 s

 ------------------------------------------------------------------------------
                           REFRESH ION POSITIONS
  
 Calculating Ion-Ion Energy ...                   complete.     0.005 s
  
 Calculating Ion-Electron Potential (spline) ... 
 complete.     0.006 s

 ------------------------------------------------------------------------------
                           DENSITY OPTIMIZATION
 Electron number for spin            1  is    60.000000000001180     
 Cell Volume      :           312.918123 Angstrom^3
 Ion number       :                   20
 Electron number  :            60.000000
 Ion density      :             0.063914 Ion/Angstrom^3
 Electron density :             0.191743 Electron/Angstrom^3
  
 Calculating Ion-Ion Forces ...                complete.     0.007 s
  
 Calculating Ion-Electron Forces (spline) ...  complete.     0.004 s
  ------ ION (GRADIENT METHOD) STEP            4  ------

 ------------------------------------------------------------------------------
                           REFRESH ION POSITIONS
  
 Calculating Ion-Ion Energy ...                   complete.     0.005 s
  
 Calculating Ion-Electron Potential (spline) ... 
 complete.     0.006 s

 ------------------------------------------------------------------------------
                           DENSITY OPTIMIZATION
 Electron number for spin            1  is    60.000000000001421     
 Cell Volume      :           312.918123 Angstrom^3
 Ion number       :                   20
 Electron number  :            60.000000
 Ion density      :             0.063914 Ion/Angstrom^3
 Electron density :             0.191743 Electron/Angstrom^3
  
 Calculating Ion-Ion Forces ...                complete.     0.007 s
  
 Calculating Ion-Electron Forces (spline) ...  complete.     0.004 s

 ------------------------------------------------------------------------------
                           REFRESH ION POSITIONS
  
 Calculating Ion-Ion Energy ...                   complete.     0.005 s
  
 Calculating Ion-Electron Potential (spline) ... 
 complete.     0.006 s

 ------------------------------------------------------------------------------
                           DENSITY OPTIMIZATION
 Electron number for spin            1  is    60.000000000001286     
 Cell Volume      :           312.918123 Angstrom^3
 Ion number       :                   20
 Electron number  :            60.000000
 Ion density      :             0.063914 Ion/Angstrom^3
 Electron density :             0.191743 Electron/Angstrom^3
  
 Calculating Ion-Ion Forces ...                complete.     0.007 s
  
 Calculating Ion-Electron Forces (spline) ...  complete.     0.004 s
  ------ ION (GRADIENT METHOD) STEP            5  ------

 ------------------------------------------------------------------------------
                           REFRESH ION POSITIONS
  
 Calculating Ion-Ion Energy ...                   complete.     0.005 s
  
 Calculating Ion-Electron Potential (spline) ... 
 complete.     0.007 s

 ------------------------------------------------------------------------------
                           DENSITY OPTIMIZATION
 Electron number for spin            1  is    60.000000000000526     
 Cell Volume      :           312.918123 Angstrom^3
 Ion number       :                   20
 Electron number  :            60.000000
 Ion density      :             0.063914 Ion/Angstrom^3
 Electron density :             0.191743 Electron/Angstrom^3
  
 Calculating Ion-Ion Forces ...                complete.     0.007 s
  
 Calculating Ion-Electron Forces (spline) ...  complete.     0.004 s

 ------------------------------------------------------------------------------
                           REFRESH ION POSITIONS
  
 Calculating Ion-Ion Energy ...                   complete.     0.005 s
  
 Calculating Ion-Electron Potential (spline) ... 
 complete.     0.006 s

 ------------------------------------------------------------------------------
                           DENSITY OPTIMIZATION
 Electron number for spin            1  is    60.000000000000625     
 Cell Volume      :           312.918123 Angstrom^3
 Ion number       :                   20
 Electron number  :            60.000000
 Ion density      :             0.063914 Ion/Angstrom^3
 Electron density :             0.191743 Electron/Angstrom^3
  
 Calculating Ion-Ion Forces ...                complete.     0.007 s
  
 Calculating Ion-Electron Forces (spline) ...  complete.     0.004 s
  ------ ION (GRADIENT METHOD) STEP            6  ------

 ------------------------------------------------------------------------------
                           REFRESH ION POSITIONS
  
 Calculating Ion-Ion Energy ...                   complete.     0.005 s
  
 Calculating Ion-Electron Potential (spline) ... 
 complete.     0.006 s

 ------------------------------------------------------------------------------
                           DENSITY OPTIMIZATION
 Electron number for spin            1  is    60.000000000001101     
 Cell Volume      :           312.918123 Angstrom^3
 Ion number       :                   20
 Electron number  :            60.000000
 Ion density      :             0.063914 Ion/Angstrom^3
 Electron density :             0.191743 Electron/Angstrom^3
  
 Calculating Ion-Ion Forces ...                complete.     0.007 s
  
 Calculating Ion-Electron Forces (spline) ...  complete.     0.005 s

 ------------------------------------------------------------------------------
                           REFRESH ION POSITIONS
  
 Calculating Ion-Ion Energy ...                   complete.     0.005 s
  
 Calculating Ion-Electron Potential (spline) ... 
 complete.     0.006 s

 ------------------------------------------------------------------------------
                           DENSITY OPTIMIZATION
 Electron number for spin            1  is    60.000000000000590     
 Cell Volume      :           312.918123 Angstrom^3
 Ion number       :                   20
 Electron number  :            60.000000
 Ion density      :             0.063914 Ion/Angstrom^3
 Electron density :             0.191743 Electron/Angstrom^3
  
 Calculating Ion-Ion Forces ...                complete.     0.007 s
  
 Calculating Ion-Electron Forces (spline) ...  complete.     0.004 s
  ------ ION (GRADIENT METHOD) STEP            7  ------
  
 Calculating Ion-Electron Stress (spline) ...  complete.     0.008 s
  
 Calculating Ion-Ion Stress ...                complete.     0.004 s
  
 ------------------------------------------------------------------------------
                         LATTICE VECTORS (Angstrom)
 LAT 1           2.807406        0.000000        0.000000
 LAT 2           1.403703        2.431285        0.000000
 LAT 3           0.000000        0.000000       45.844750
 ------------------------------------------------------------------------------
                                STRESS (GPa)
 ST_GPa 1       -0.027606        0.017643        0.000002
 ST_GPa 2        0.017643       -0.047978        0.000001
 ST_GPa 3        0.000002        0.000001       -0.622731
  
 --------------------------------------------------
 STRESS (a.u.)
 --------------------------------------------------
 ST_AU  1  -9.3831747020E-07   5.9968832570E-07   5.8715660320E-11
 ST_AU  2   5.9968832570E-07  -1.6307385481E-06   1.8404919946E-11
 ST_AU  3   5.8715660320E-11   1.8404919946E-11  -2.1166203450E-05
; Cell optimization at step  1, max(stress):  0.2117E-04, total energy:  -42.587030    ;
  dV of each real space grid is now    4.9882537150917179E-002
 Cell length (Bohr)    5.305E+00   5.305E+00   8.664E+01
 Angle     (Degree)    9.000E+01   9.000E+01   6.000E+01
 Volume    (Bohr^3)    2.112E+03
  dV of each real space grid is now    4.9882537150917179E-002
 Cell length (Bohr)    5.305E+00   5.305E+00   8.664E+01
 Angle     (Degree)    9.000E+01   9.000E+01   6.000E+01
 Volume    (Bohr^3)    2.112E+03

 ------------------------------------------------------------------------------
                           SETUP EWALD 
 (Ewald) eta                             :   0.6867    
 (Ewald) Real Space Cutoff               :    7.503     (Bohr)
 (Ewald) Reciprocal Cutoff               :    7.698     (1/Bohr)

 ------------------------------------------------------------------------------
                           SETUP PLANE WAVE 
 Read in WT kernel.
 kernel file name  : 4PROFESS_KERNEL.dat           
 KEDF type         :     4
 Fermi vector      :   1.182014212099E+00
 Reference density :  -1.000000000000E+00
 Mesh points       :   200002
 Fermi vector in this cell is    1.8879969719987977     
 Fermi vector from kernel file is    1.1820142120987149     
 First qNorm is    0.0000000000000000     
 size of Wang-Teter kernel in this run is            8          14         216
 Max |G| in this calculation is   1.728756952244E+01
 Max eta used from kernel is   9.156566339267E+00

 ------------------------------------------------------------------------------
                           REFRESH ION POSITIONS
  
 Calculating Ion-Ion Energy ...                   complete.     0.006 s
  
 Calculating Ion-Electron Potential (spline) ... 
 complete.     0.006 s
 Rescale the total density from   2.993166 to         60

 ------------------------------------------------------------------------------
                           DENSITY OPTIMIZATION
 Electron number for spin            1  is    60.000000000000327     
 Cell Volume      :           312.940484 Angstrom^3
 Ion number       :                   20
 Electron number  :            60.000000
 Ion density      :             0.063910 Ion/Angstrom^3
 Electron density :             0.191730 Electron/Angstrom^3
  
 Calculating Ion-Ion Forces ...                complete.     0.007 s
  
 Calculating Ion-Electron Forces (spline) ...  complete.     0.004 s
  ------ ION (GRADIENT METHOD) STEP            1  ------
  
 Calculating Ion-Electron Stress (spline) ...  complete.     0.008 s
  
 Calculating Ion-Ion Stress ...                complete.     0.003 s
  
 ------------------------------------------------------------------------------
                         LATTICE VECTORS (Angstrom)
 LAT 1           2.807406        0.000000        0.000000
 LAT 2           1.403703        2.431285        0.000000
 LAT 3           0.000000        0.000000       45.848026
 ------------------------------------------------------------------------------
                                STRESS (GPa)
 ST_GPa 1       -0.022879        0.017501        0.000002
 ST_GPa 2        0.017501       -0.043086        0.000001
 ST_GPa 3        0.000002        0.000001       -0.613350
  
 --------------------------------------------------
 STRESS (a.u.)
 --------------------------------------------------
 ST_AU  1  -7.7762782570E-07   5.9484653916E-07   5.8572849652E-11
 ST_AU  2   5.9484653916E-07  -1.4644580737E-06   1.8326987894E-11
 ST_AU  3   5.8572849652E-11   1.8326987894E-11  -2.0847340484E-05
; Cell optimization at step  2, max(stress):  0.2085E-04, total energy:  -42.587033    ;
  dV of each real space grid is now    4.9886750049705893E-002
 Cell length (Bohr)    5.305E+00   5.305E+00   8.665E+01
 Angle     (Degree)    9.000E+01   9.000E+01   6.000E+01
 Volume    (Bohr^3)    2.112E+03
  dV of each real space grid is now    4.9886750049705893E-002
 Cell length (Bohr)    5.305E+00   5.305E+00   8.665E+01
 Angle     (Degree)    9.000E+01   9.000E+01   6.000E+01
 Volume    (Bohr^3)    2.112E+03

 ------------------------------------------------------------------------------
                           SETUP EWALD 
 (Ewald) eta                             :   0.6867    
 (Ewald) Real Space Cutoff               :    7.503     (Bohr)
 (Ewald) Reciprocal Cutoff               :    7.698     (1/Bohr)

 ------------------------------------------------------------------------------
                           SETUP PLANE WAVE 
 Read in WT kernel.
 kernel file name  : 4PROFESS_KERNEL.dat           
 KEDF type         :     4
 Fermi vector      :   1.182014212099E+00
 Reference density :  -1.000000000000E+00
 Mesh points       :   200002
 Fermi vector in this cell is    1.8879438238578556     
 Fermi vector from kernel file is    1.1820142120987149     
 First qNorm is    0.0000000000000000     
 size of Wang-Teter kernel in this run is            8          14         216
 Max |G| in this calculation is   1.728726987158E+01
 Max eta used from kernel is   9.156665390740E+00

 ------------------------------------------------------------------------------
                           REFRESH ION POSITIONS
  
 Calculating Ion-Ion Energy ...                   complete.     0.006 s
  
 Calculating Ion-Electron Potential (spline) ... 
 complete.     0.006 s
 Rescale the total density from   2.993458 to         60

 ------------------------------------------------------------------------------
                           DENSITY OPTIMIZATION
 Electron number for spin            1  is    59.999999999999353     
 Cell Volume      :           312.966914 Angstrom^3
 Ion number       :                   20
 Electron number  :            60.000000
 Ion density      :             0.063905 Ion/Angstrom^3
 Electron density :             0.191714 Electron/Angstrom^3
  
 Calculating Ion-Ion Forces ...                complete.     0.006 s
  
 Calculating Ion-Electron Forces (spline) ...  complete.     0.004 s
  ------ ION (GRADIENT METHOD) STEP            1  ------
  
 Calculating Ion-Electron Stress (spline) ...  complete.     0.008 s
  
 Calculating Ion-Ion Stress ...                complete.     0.003 s
  
 ------------------------------------------------------------------------------
                         LATTICE VECTORS (Angstrom)
 LAT 1           2.807406        0.000000        0.000000
 LAT 2           1.403703        2.431285        0.000000
 LAT 3           0.000000        0.000000       45.851898
 ------------------------------------------------------------------------------
                                STRESS (GPa)
 ST_GPa 1       -0.017238        0.017339        0.000002
 ST_GPa 2        0.017339       -0.037258        0.000001
 ST_GPa 3        0.000002        0.000001       -0.602344
  
 --------------------------------------------------
 STRESS (a.u.)
 --------------------------------------------------
 ST_AU  1  -5.8592237599E-07   5.8933355860E-07   5.8428110098E-11
 ST_AU  2   5.8933355860E-07  -1.2663868131E-06   1.8237150516E-11
 ST_AU  3   5.8428110098E-11   1.8237150516E-11  -2.0473268440E-05
; Cell optimization at step  3, max(stress):  0.2047E-04, total energy:  -42.587037    ;
  dV of each real space grid is now    4.9891714815809125E-002
 Cell length (Bohr)    5.305E+00   5.305E+00   8.666E+01
 Angle     (Degree)    9.000E+01   9.000E+01   6.000E+01
 Volume    (Bohr^3)    2.112E+03
  dV of each real space grid is now    4.9891714815809125E-002
 Cell length (Bohr)    5.305E+00   5.305E+00   8.666E+01
 Angle     (Degree)    9.000E+01   9.000E+01   6.000E+01
 Volume    (Bohr^3)    2.112E+03

 ------------------------------------------------------------------------------
                           SETUP EWALD 
 (Ewald) eta                             :   0.6867    
 (Ewald) Real Space Cutoff               :    7.503     (Bohr)
 (Ewald) Reciprocal Cutoff               :    7.698     (1/Bohr)

 ------------------------------------------------------------------------------
                           SETUP PLANE WAVE 
 Read in WT kernel.
 kernel file name  : 4PROFESS_KERNEL.dat           
 KEDF type         :     4
 Fermi vector      :   1.182014212099E+00
 Reference density :  -1.000000000000E+00
 Mesh points       :   200002
 Fermi vector in this cell is    1.8878811981596149     
 Fermi vector from kernel file is    1.1820142120987149     
 First qNorm is    0.0000000000000000     
 size of Wang-Teter kernel in this run is            8          14         216
 Max |G| in this calculation is   1.728691683342E+01
 Max eta used from kernel is   9.156782137707E+00

 ------------------------------------------------------------------------------
                           REFRESH ION POSITIONS
  
 Calculating Ion-Ion Energy ...                   complete.     0.006 s
  
 Calculating Ion-Electron Potential (spline) ... 
 complete.     0.005 s
 Rescale the total density from   2.993801 to         60

 ------------------------------------------------------------------------------
                           DENSITY OPTIMIZATION
 Electron number for spin            1  is    59.999999999999893     
 Cell Volume      :           312.998061 Angstrom^3
 Ion number       :                   20
 Electron number  :            60.000000
 Ion density      :             0.063898 Ion/Angstrom^3
 Electron density :             0.191694 Electron/Angstrom^3
  
 Calculating Ion-Ion Forces ...                complete.     0.006 s
  
 Calculating Ion-Electron Forces (spline) ...  complete.     0.004 s
  ------ ION (GRADIENT METHOD) STEP            1  ------
  
 Calculating Ion-Electron Stress (spline) ...  complete.     0.008 s
  
 Calculating Ion-Ion Stress ...                complete.     0.004 s
  
 ------------------------------------------------------------------------------
                         LATTICE VECTORS (Angstrom)
 LAT 1           2.807406        0.000000        0.000000
 LAT 2           1.403703        2.431285        0.000000
 LAT 3           0.000000        0.000000       45.856461
 ------------------------------------------------------------------------------
                                STRESS (GPa)
 ST_GPa 1       -0.010598        0.017147        0.000002
 ST_GPa 2        0.017147       -0.030397        0.000001
 ST_GPa 3        0.000002        0.000001       -0.589382
  
 --------------------------------------------------
 STRESS (a.u.)
 --------------------------------------------------
 ST_AU  1  -3.6022714980E-07   5.8282373886E-07   5.8251325400E-11
 ST_AU  2   5.8282373886E-07  -1.0331747211E-06   1.8131193606E-11
 ST_AU  3   5.8251325400E-11   1.8131193606E-11  -2.0032686376E-05
; Cell optimization at step  4, max(stress):  0.2003E-04, total energy:  -42.587042    ;
  dV of each real space grid is now    4.9897544325790952E-002
 Cell length (Bohr)    5.305E+00   5.305E+00   8.667E+01
 Angle     (Degree)    9.000E+01   9.000E+01   6.000E+01
 Volume    (Bohr^3)    2.112E+03
  dV of each real space grid is now    4.9897544325790952E-002
 Cell length (Bohr)    5.305E+00   5.305E+00   8.667E+01
 Angle     (Degree)    9.000E+01   9.000E+01   6.000E+01
 Volume    (Bohr^3)    2.112E+03

 ------------------------------------------------------------------------------
                           SETUP EWALD 
 (Ewald) eta                             :   0.6867    
 (Ewald) Real Space Cutoff               :    7.503     (Bohr)
 (Ewald) Reciprocal Cutoff               :    7.698     (1/Bohr)

 ------------------------------------------------------------------------------
                           SETUP PLANE WAVE 
 Read in WT kernel.
 kernel file name  : 4PROFESS_KERNEL.dat           
 KEDF type         :     4
 Fermi vector      :   1.182014212099E+00
 Reference density :  -1.000000000000E+00
 Mesh points       :   200002
 Fermi vector in this cell is    1.8878076751632960     
 Fermi vector from kernel file is    1.1820142120987149     
 First qNorm is    0.0000000000000000     
 size of Wang-Teter kernel in this run is            8          14         216
 Max |G| in this calculation is   1.728650242974E+01
 Max eta used from kernel is   9.156919244034E+00

 ------------------------------------------------------------------------------
                           REFRESH ION POSITIONS
  
 Calculating Ion-Ion Energy ...                   complete.     0.006 s
  
 Calculating Ion-Electron Potential (spline) ... 
 complete.     0.006 s
 Rescale the total density from   2.994202 to         60

 ------------------------------------------------------------------------------
                           DENSITY OPTIMIZATION
 Electron number for spin            1  is    59.999999999999915     
 Cell Volume      :           313.034633 Angstrom^3
 Ion number       :                   20
 Electron number  :            60.000000
 Ion density      :             0.063891 Ion/Angstrom^3
 Electron density :             0.191672 Electron/Angstrom^3
  
 Calculating Ion-Ion Forces ...                complete.     0.006 s
  
 Calculating Ion-Electron Forces (spline) ...  complete.     0.004 s
  ------ ION (GRADIENT METHOD) STEP            1  ------
  
 Calculating Ion-Electron Stress (spline) ...  complete.     0.009 s
  
 Calculating Ion-Ion Stress ...                complete.     0.004 s
  
 ------------------------------------------------------------------------------
                         LATTICE VECTORS (Angstrom)
 LAT 1           2.807406        0.000000        0.000000
 LAT 2           1.403703        2.431285        0.000000
 LAT 3           0.000000        0.000000       45.861819
 ------------------------------------------------------------------------------
                                STRESS (GPa)
 ST_GPa 1       -0.002799        0.016922        0.000002
 ST_GPa 2        0.016922       -0.022338        0.000001
 ST_GPa 3        0.000002        0.000001       -0.574190
  
 --------------------------------------------------
 STRESS (a.u.)
 --------------------------------------------------
 ST_AU  1  -9.5144376310E-08   5.7516601110E-07   5.8045151086E-11
 ST_AU  2   5.7516601110E-07  -7.5924958529E-07   1.8004298379E-11
 ST_AU  3   5.8045151086E-11   1.8004298379E-11  -1.9516324773E-05
; Cell optimization at step  5, max(stress):  0.1952E-04, total energy:  -42.587047    ;
  dV of each real space grid is now    4.9904359424351619E-002
 Cell length (Bohr)    5.305E+00   5.305E+00   8.668E+01
 Angle     (Degree)    9.000E+01   9.000E+01   6.000E+01
 Volume    (Bohr^3)    2.113E+03
  dV of each real space grid is now    4.9904359424351619E-002
 Cell length (Bohr)    5.305E+00   5.305E+00   8.668E+01
 Angle     (Degree)    9.000E+01   9.000E+01   6.000E+01
 Volume    (Bohr^3)    2.113E+03

 ------------------------------------------------------------------------------
                           SETUP EWALD 
 (Ewald) eta                             :   0.6867    
 (Ewald) Real Space Cutoff               :    7.503     (Bohr)
 (Ewald) Reciprocal Cutoff               :    7.698     (1/Bohr)

 ------------------------------------------------------------------------------
                           SETUP PLANE WAVE 
 Read in WT kernel.
 kernel file name  : 4PROFESS_KERNEL.dat           
 KEDF type         :     4
 Fermi vector      :   1.182014212099E+00
 Reference density :  -1.000000000000E+00
 Mesh points       :   200002
 Fermi vector in this cell is    1.8877217362378644     
 Fermi vector from kernel file is    1.1820142120987149     
 First qNorm is    0.0000000000000000     
 size of Wang-Teter kernel in this run is            8          14         216
 Max |G| in this calculation is   1.728601813483E+01
 Max eta used from kernel is   9.157079564743E+00

 ------------------------------------------------------------------------------
                           REFRESH ION POSITIONS
  
 Calculating Ion-Ion Energy ...                   complete.     0.006 s
  
 Calculating Ion-Electron Potential (spline) ... 
 complete.     0.006 s
 Rescale the total density from   2.994671 to         60

 ------------------------------------------------------------------------------
                           DENSITY OPTIMIZATION
 Electron number for spin            1  is    59.999999999999751     
 Cell Volume      :           313.077387 Angstrom^3
 Ion number       :                   20
 Electron number  :            60.000000
 Ion density      :             0.063882 Ion/Angstrom^3
 Electron density :             0.191646 Electron/Angstrom^3
  
 Calculating Ion-Ion Forces ...                complete.     0.007 s
  
 Calculating Ion-Electron Forces (spline) ...  complete.     0.004 s
  ------ ION (GRADIENT METHOD) STEP            1  ------
  
 Calculating Ion-Electron Stress (spline) ...  complete.     0.008 s
  
 Calculating Ion-Ion Stress ...                complete.     0.003 s
  
 ------------------------------------------------------------------------------
                         LATTICE VECTORS (Angstrom)
 LAT 1           2.807406        0.000000        0.000000
 LAT 2           1.403703        2.431285        0.000000
 LAT 3           0.000000        0.000000       45.868083
 ------------------------------------------------------------------------------
                                STRESS (GPa)
 ST_GPa 1        0.006298        0.016658        0.000002
 ST_GPa 2        0.016658       -0.012936        0.000001
 ST_GPa 3        0.000002        0.000001       -0.556437
  
 --------------------------------------------------
 STRESS (a.u.)
 --------------------------------------------------
 ST_AU  1   2.1405682157E-07   5.6618250656E-07   5.7826945456E-11
 ST_AU  2   5.6618250656E-07  -4.3967516458E-07   1.7861523592E-11
 ST_AU  3   5.7826945456E-11   1.7861523592E-11  -1.8912927598E-05
; Cell optimization at step  6, max(stress):  0.1891E-04, total energy:  -42.587053    ;
  dV of each real space grid is now    4.9912284695148273E-002
 Cell length (Bohr)    5.305E+00   5.305E+00   8.669E+01
 Angle     (Degree)    9.000E+01   9.000E+01   6.000E+01
 Volume    (Bohr^3)    2.113E+03
  dV of each real space grid is now    4.9912284695148273E-002
 Cell length (Bohr)    5.305E+00   5.305E+00   8.669E+01
 Angle     (Degree)    9.000E+01   9.000E+01   6.000E+01
 Volume    (Bohr^3)    2.113E+03

 ------------------------------------------------------------------------------
                           SETUP EWALD 
 (Ewald) eta                             :   0.6867    
 (Ewald) Real Space Cutoff               :    7.503     (Bohr)
 (Ewald) Reciprocal Cutoff               :    7.698     (1/Bohr)

 ------------------------------------------------------------------------------
                           SETUP PLANE WAVE 
 Read in WT kernel.
 kernel file name  : 4PROFESS_KERNEL.dat           
 KEDF type         :     4
 Fermi vector      :   1.182014212099E+00
 Reference density :  -1.000000000000E+00
 Mesh points       :   200002
 Fermi vector in this cell is    1.8876218176309874     
 Fermi vector from kernel file is    1.1820142120987149     
 First qNorm is    0.0000000000000000     
 size of Wang-Teter kernel in this run is            8          14         216
 Max |G| in this calculation is   1.728545518121E+01
 Max eta used from kernel is   9.157266047549E+00

 ------------------------------------------------------------------------------
                           REFRESH ION POSITIONS
  
 Calculating Ion-Ion Energy ...                   complete.     0.006 s
  
 Calculating Ion-Electron Potential (spline) ... 
 complete.     0.006 s
 Rescale the total density from   2.995213 to         60

 ------------------------------------------------------------------------------
                           DENSITY OPTIMIZATION
 Electron number for spin            1  is    59.999999999999254     
 Cell Volume      :           313.127107 Angstrom^3
 Ion number       :                   20
 Electron number  :            60.000000
 Ion density      :             0.063872 Ion/Angstrom^3
 Electron density :             0.191615 Electron/Angstrom^3
  
 Calculating Ion-Ion Forces ...                complete.     0.007 s
  
 Calculating Ion-Electron Forces (spline) ...  complete.     0.004 s
  ------ ION (GRADIENT METHOD) STEP            1  ------
  
 Calculating Ion-Electron Stress (spline) ...  complete.     0.008 s
  
 Calculating Ion-Ion Stress ...                complete.     0.003 s
  
 ------------------------------------------------------------------------------
                         LATTICE VECTORS (Angstrom)
 LAT 1           2.807406        0.000000        0.000000
 LAT 2           1.403703        2.431285        0.000000
 LAT 3           0.000000        0.000000       45.875367
 ------------------------------------------------------------------------------
                                STRESS (GPa)
 ST_GPa 1        0.016877        0.016349        0.000002
 ST_GPa 2        0.016349       -0.002000        0.000001
 ST_GPa 3        0.000002        0.000001       -0.535841
  
 --------------------------------------------------
 STRESS (a.u.)
 --------------------------------------------------
 ST_AU  1   5.7364500056E-07   5.5570417075E-07   5.7501046913E-11
 ST_AU  2   5.5570417075E-07  -6.7987678456E-08   1.7674148890E-11
 ST_AU  3   5.7501046913E-11   1.7674148890E-11  -1.8212868217E-05
; Cell optimization at step  7, max(stress):  0.1821E-04, total energy:  -42.587060    ;
  dV of each real space grid is now    4.9921442996750512E-002
 Cell length (Bohr)    5.305E+00   5.305E+00   8.671E+01
 Angle     (Degree)    9.000E+01   9.000E+01   6.000E+01
 Volume    (Bohr^3)    2.113E+03
  dV of each real space grid is now    4.9921442996750512E-002
 Cell length (Bohr)    5.305E+00   5.305E+00   8.671E+01
 Angle     (Degree)    9.000E+01   9.000E+01   6.000E+01
 Volume    (Bohr^3)    2.113E+03

 ------------------------------------------------------------------------------
                           SETUP EWALD 
 (Ewald) eta                             :   0.6867    
 (Ewald) Real Space Cutoff               :    7.503     (Bohr)
 (Ewald) Reciprocal Cutoff               :    7.698     (1/Bohr)

 ------------------------------------------------------------------------------
                           SETUP PLANE WAVE 
 Read in WT kernel.
 kernel file name  : 4PROFESS_KERNEL.dat           
 KEDF type         :     4
 Fermi vector      :   1.182014212099E+00
 Reference density :  -1.000000000000E+00
 Mesh points       :   200002
 Fermi vector in this cell is    1.8875063798141798     
 Fermi vector from kernel file is    1.1820142120987149     
 First qNorm is    0.0000000000000000     
 size of Wang-Teter kernel in this run is            8          14         216
 Max |G| in this calculation is   1.728480495312E+01
 Max eta used from kernel is   9.157481605348E+00

 ------------------------------------------------------------------------------
                           REFRESH ION POSITIONS
  
 Calculating Ion-Ion Energy ...                   complete.     0.006 s
  
 Calculating Ion-Electron Potential (spline) ... 
 complete.     0.006 s
 Rescale the total density from   2.995836 to         60

 ------------------------------------------------------------------------------
                           DENSITY OPTIMIZATION
 Electron number for spin            1  is    60.000000000000064     
 Cell Volume      :           313.184562 Angstrom^3
 Ion number       :                   20
 Electron number  :            60.000000
 Ion density      :             0.063860 Ion/Angstrom^3
 Electron density :             0.191580 Electron/Angstrom^3
  
 Calculating Ion-Ion Forces ...                complete.     0.007 s
  
 Calculating Ion-Electron Forces (spline) ...  complete.     0.004 s
  ------ ION (GRADIENT METHOD) STEP            1  ------
  
 Calculating Ion-Electron Stress (spline) ...  complete.     0.008 s
  
 Calculating Ion-Ion Stress ...                complete.     0.003 s
  
 ------------------------------------------------------------------------------
                         LATTICE VECTORS (Angstrom)
 LAT 1           2.807406        0.000000        0.000000
 LAT 2           1.403703        2.431285        0.000000
 LAT 3           0.000000        0.000000       45.883785
 ------------------------------------------------------------------------------
                                STRESS (GPa)
 ST_GPa 1        0.029074        0.015991        0.000002
 ST_GPa 2        0.015991        0.010611        0.000001
 ST_GPa 3        0.000002        0.000001       -0.512061
  
 --------------------------------------------------
 STRESS (a.u.)
 --------------------------------------------------
 ST_AU  1   9.8821764869E-07   5.4352431169E-07   5.7215762589E-11
 ST_AU  2   5.4352431169E-07   3.6064900670E-07   1.7463666240E-11
 ST_AU  3   5.7215762589E-11   1.7463666240E-11  -1.7404601569E-05
; Cell optimization at step  8, max(stress):  0.1740E-04, total energy:  -42.587067    ;
  dV of each real space grid is now    4.9931945236499027E-002
 Cell length (Bohr)    5.305E+00   5.305E+00   8.673E+01
 Angle     (Degree)    9.000E+01   9.000E+01   6.000E+01
 Volume    (Bohr^3)    2.114E+03
  dV of each real space grid is now    4.9931945236499027E-002
 Cell length (Bohr)    5.305E+00   5.305E+00   8.673E+01
 Angle     (Degree)    9.000E+01   9.000E+01   6.000E+01
 Volume    (Bohr^3)    2.114E+03

 ------------------------------------------------------------------------------
                           SETUP EWALD 
 (Ewald) eta                             :   0.6867    
 (Ewald) Real Space Cutoff               :    7.503     (Bohr)
 (Ewald) Reciprocal Cutoff               :    7.698     (1/Bohr)

 ------------------------------------------------------------------------------
                           SETUP PLANE WAVE 
 Read in WT kernel.
 kernel file name  : 4PROFESS_KERNEL.dat           
 KEDF type         :     4
 Fermi vector      :   1.182014212099E+00
 Reference density :  -1.000000000000E+00
 Mesh points       :   200002
 Fermi vector in this cell is    1.8873740367861045     
 Fermi vector from kernel file is    1.1820142120987149     
 First qNorm is    0.0000000000000000     
 size of Wang-Teter kernel in this run is            8          14         216
 Max |G| in this calculation is   1.728405971737E+01
 Max eta used from kernel is   9.157728876465E+00

 ------------------------------------------------------------------------------
                           REFRESH ION POSITIONS
  
 Calculating Ion-Ion Energy ...                   complete.     0.006 s
  
 Calculating Ion-Electron Potential (spline) ... 
 complete.     0.006 s
 Rescale the total density from   2.996547 to         60

 ------------------------------------------------------------------------------
                           DENSITY OPTIMIZATION
 Electron number for spin            1  is    59.999999999999361     
 Cell Volume      :           313.250448 Angstrom^3
 Ion number       :                   20
 Electron number  :            60.000000
 Ion density      :             0.063847 Ion/Angstrom^3
 Electron density :             0.191540 Electron/Angstrom^3
  
 Calculating Ion-Ion Forces ...                complete.     0.007 s
  
 Calculating Ion-Electron Forces (spline) ...  complete.     0.004 s
  ------ ION (GRADIENT METHOD) STEP            1  ------
  
 Calculating Ion-Electron Stress (spline) ...  complete.     0.008 s
  
 Calculating Ion-Ion Stress ...                complete.     0.003 s
  
 ------------------------------------------------------------------------------
                         LATTICE VECTORS (Angstrom)
 LAT 1           2.807406        0.000000        0.000000
 LAT 2           1.403703        2.431285        0.000000
 LAT 3           0.000000        0.000000       45.893438
 ------------------------------------------------------------------------------
                                STRESS (GPa)
 ST_GPa 1        0.043052        0.015578        0.000002
 ST_GPa 2        0.015578        0.025065        0.000001
 ST_GPa 3        0.000002        0.000001       -0.484839
  
 --------------------------------------------------
 STRESS (a.u.)
 --------------------------------------------------
 ST_AU  1   1.4633024727E-06   5.2949950734E-07   5.6767415192E-11
 ST_AU  2   5.2949950734E-07   8.5192821879E-07   1.7209732540E-11
 ST_AU  3   5.6767415192E-11   1.7209732540E-11  -1.6479336570E-05
; Cell optimization at step  9, max(stress):  0.1648E-04, total energy:  -42.587075    ;
  dV of each real space grid is now    4.9943877938976367E-002
 Cell length (Bohr)    5.305E+00   5.305E+00   8.675E+01
 Angle     (Degree)    9.000E+01   9.000E+01   6.000E+01
 Volume    (Bohr^3)    2.114E+03
  dV of each real space grid is now    4.9943877938976367E-002
 Cell length (Bohr)    5.305E+00   5.305E+00   8.675E+01
 Angle     (Degree)    9.000E+01   9.000E+01   6.000E+01
 Volume    (Bohr^3)    2.114E+03

 ------------------------------------------------------------------------------
                           SETUP EWALD 
 (Ewald) eta                             :   0.6867    
 (Ewald) Real Space Cutoff               :    7.503     (Bohr)
 (Ewald) Reciprocal Cutoff               :    7.698     (1/Bohr)

 ------------------------------------------------------------------------------
                           SETUP PLANE WAVE 
 Read in WT kernel.
 kernel file name  : 4PROFESS_KERNEL.dat           
 KEDF type         :     4
 Fermi vector      :   1.182014212099E+00
 Reference density :  -1.000000000000E+00
 Mesh points       :   200002
 Fermi vector in this cell is    1.8872237129450333     
 Fermi vector from kernel file is    1.1820142120987149     
 First qNorm is    0.0000000000000000     
 size of Wang-Teter kernel in this run is            8          14         216
 Max |G| in this calculation is   1.728321350792E+01
 Max eta used from kernel is   9.158009932457E+00

 ------------------------------------------------------------------------------
                           REFRESH ION POSITIONS
  
 Calculating Ion-Ion Energy ...                   complete.     0.006 s
  
 Calculating Ion-Electron Potential (spline) ... 
 complete.     0.006 s
 Rescale the total density from   2.997349 to         60

 ------------------------------------------------------------------------------
                           DENSITY OPTIMIZATION
 Electron number for spin            1  is    60.000000000000007     
 Cell Volume      :           313.325309 Angstrom^3
 Ion number       :                   20
 Electron number  :            60.000000
 Ion density      :             0.063831 Ion/Angstrom^3
 Electron density :             0.191494 Electron/Angstrom^3
  
 Calculating Ion-Ion Forces ...                complete.     0.007 s
  
 Calculating Ion-Electron Forces (spline) ...  complete.     0.004 s
  ------ ION (GRADIENT METHOD) STEP            1  ------
  
 Calculating Ion-Electron Stress (spline) ...  complete.     0.008 s
  
 Calculating Ion-Ion Stress ...                complete.     0.003 s
  
 ------------------------------------------------------------------------------
                         LATTICE VECTORS (Angstrom)
 LAT 1           2.807406        0.000000        0.000000
 LAT 2           1.403703        2.431285        0.000000
 LAT 3           0.000000        0.000000       45.904405
 ------------------------------------------------------------------------------
                                STRESS (GPa)
 ST_GPa 1        0.058907        0.015107        0.000002
 ST_GPa 2        0.015107        0.041464        0.000000
 ST_GPa 3        0.000002        0.000000       -0.453946
  
 --------------------------------------------------
 STRESS (a.u.)
 --------------------------------------------------
 ST_AU  1   2.0022087339E-06   5.1348648438E-07   5.6323236139E-11
 ST_AU  2   5.1348648438E-07   1.4093246753E-06   1.6935761159E-11
 ST_AU  3   5.6323236139E-11   1.6935761159E-11  -1.5429299658E-05
; Cell optimization at step 10, max(stress):  0.1543E-04, total energy:  -42.587084    ;
  dV of each real space grid is now    4.9957284782739204E-002
 Cell length (Bohr)    5.305E+00   5.305E+00   8.677E+01
 Angle     (Degree)    9.000E+01   9.000E+01   6.000E+01
 Volume    (Bohr^3)    2.115E+03
  dV of each real space grid is now    4.9957284782739204E-002
 Cell length (Bohr)    5.305E+00   5.305E+00   8.677E+01
 Angle     (Degree)    9.000E+01   9.000E+01   6.000E+01
 Volume    (Bohr^3)    2.115E+03

 ------------------------------------------------------------------------------
                           SETUP EWALD 
 (Ewald) eta                             :   0.6867    
 (Ewald) Real Space Cutoff               :    7.503     (Bohr)
 (Ewald) Reciprocal Cutoff               :    7.698     (1/Bohr)

 ------------------------------------------------------------------------------
                           SETUP PLANE WAVE 
 Read in WT kernel.
 kernel file name  : 4PROFESS_KERNEL.dat           
 KEDF type         :     4
 Fermi vector      :   1.182014212099E+00
 Reference density :  -1.000000000000E+00
 Mesh points       :   200002
 Fermi vector in this cell is    1.8870548755253127     
 Fermi vector from kernel file is    1.1820142120987149     
 First qNorm is    0.0000000000000000     
 size of Wang-Teter kernel in this run is            8          14         216
 Max |G| in this calculation is   1.728226343342E+01
 Max eta used from kernel is   9.158325842859E+00

 ------------------------------------------------------------------------------
                           REFRESH ION POSITIONS
  
 Calculating Ion-Ion Energy ...                   complete.     0.006 s
  
 Calculating Ion-Electron Potential (spline) ... 
 complete.     0.005 s
 Rescale the total density from   2.998242 to         60

 ------------------------------------------------------------------------------
                           DENSITY OPTIMIZATION
 Electron number for spin            1  is    60.000000000000028     
 Cell Volume      :           313.409417 Angstrom^3
 Ion number       :                   20
 Electron number  :            60.000000
 Ion density      :             0.063814 Ion/Angstrom^3
 Electron density :             0.191443 Electron/Angstrom^3
  
 Calculating Ion-Ion Forces ...                complete.     0.006 s
  
 Calculating Ion-Electron Forces (spline) ...  complete.     0.004 s
  ------ ION (GRADIENT METHOD) STEP            1  ------
  
 Calculating Ion-Electron Stress (spline) ...  complete.     0.008 s
  
 Calculating Ion-Ion Stress ...                complete.     0.004 s
  
 ------------------------------------------------------------------------------
                         LATTICE VECTORS (Angstrom)
 LAT 1           2.807406        0.000000        0.000000
 LAT 2           1.403703        2.431285        0.000000
 LAT 3           0.000000        0.000000       45.916728
 ------------------------------------------------------------------------------
                                STRESS (GPa)
 ST_GPa 1        0.076705        0.014575        0.000002
 ST_GPa 2        0.014575        0.059876        0.000000
 ST_GPa 3        0.000002        0.000000       -0.419315
  
 --------------------------------------------------
 STRESS (a.u.)
 --------------------------------------------------
 ST_AU  1   2.6071403101E-06   4.9539310663E-07   5.5809198763E-11
 ST_AU  2   4.9539310663E-07   2.0351485674E-06   1.6646358818E-11
 ST_AU  3   5.5809198763E-11   1.6646358818E-11  -1.4252220638E-05
; Cell optimization at step 11, max(stress):  0.1425E-04, total energy:  -42.587093    ;
  dV of each real space grid is now    4.9972145648722967E-002
 Cell length (Bohr)    5.305E+00   5.305E+00   8.680E+01
 Angle     (Degree)    9.000E+01   9.000E+01   6.000E+01
 Volume    (Bohr^3)    2.116E+03
  dV of each real space grid is now    4.9972145648722967E-002
 Cell length (Bohr)    5.305E+00   5.305E+00   8.680E+01
 Angle     (Degree)    9.000E+01   9.000E+01   6.000E+01
 Volume    (Bohr^3)    2.116E+03

 ------------------------------------------------------------------------------
                           SETUP EWALD 
 (Ewald) eta                             :   0.6867    
 (Ewald) Real Space Cutoff               :    7.503     (Bohr)
 (Ewald) Reciprocal Cutoff               :    7.698     (1/Bohr)

 ------------------------------------------------------------------------------
                           SETUP PLANE WAVE 
 Read in WT kernel.
 kernel file name  : 4PROFESS_KERNEL.dat           
 KEDF type         :     4
 Fermi vector      :   1.182014212099E+00
 Reference density :  -1.000000000000E+00
 Mesh points       :   200002
 Fermi vector in this cell is    1.8868677976404349     
 Fermi vector from kernel file is    1.1820142120987149     
 First qNorm is    0.0000000000000000     
 size of Wang-Teter kernel in this run is            8          14         216
 Max |G| in this calculation is   1.728121115227E+01
 Max eta used from kernel is   9.158676179583E+00

 ------------------------------------------------------------------------------
                           REFRESH ION POSITIONS
  
 Calculating Ion-Ion Energy ...                   complete.     0.006 s
  
 Calculating Ion-Electron Potential (spline) ... 
 complete.     0.006 s
 Rescale the total density from   2.999221 to         60

 ------------------------------------------------------------------------------
                           DENSITY OPTIMIZATION
 Electron number for spin            1  is    59.999999999999183     
 Cell Volume      :           313.502648 Angstrom^3
 Ion number       :                   20
 Electron number  :            60.000000
 Ion density      :             0.063795 Ion/Angstrom^3
 Electron density :             0.191386 Electron/Angstrom^3
  
 Calculating Ion-Ion Forces ...                complete.     0.006 s
  
 Calculating Ion-Electron Forces (spline) ...  complete.     0.004 s
  ------ ION (GRADIENT METHOD) STEP            1  ------
  
 Calculating Ion-Electron Stress (spline) ...  complete.     0.008 s
  
 Calculating Ion-Ion Stress ...                complete.     0.004 s
  
 ------------------------------------------------------------------------------
                         LATTICE VECTORS (Angstrom)
 LAT 1           2.807406        0.000000        0.000000
 LAT 2           1.403703        2.431285        0.000000
 LAT 3           0.000000        0.000000       45.930387
 ------------------------------------------------------------------------------
                                STRESS (GPa)
 ST_GPa 1        0.096534        0.013984        0.000002
 ST_GPa 2        0.013984        0.080389        0.000000
 ST_GPa 3        0.000002        0.000000       -0.381194
  
 --------------------------------------------------
 STRESS (a.u.)
 --------------------------------------------------
 ST_AU  1   3.2811345697E-06   4.7529308243E-07   5.5279666625E-11
 ST_AU  2   4.7529308243E-07   2.7323522490E-06   1.6357344632E-11
 ST_AU  3   5.5279666625E-11   1.6357344632E-11  -1.2956512187E-05
; Cell optimization at step 12, max(stress):  0.1296E-04, total energy:  -42.587103    ;
  dV of each real space grid is now    4.9988357437422179E-002
 Cell length (Bohr)    5.305E+00   5.305E+00   8.682E+01
 Angle     (Degree)    9.000E+01   9.000E+01   6.000E+01
 Volume    (Bohr^3)    2.116E+03
  dV of each real space grid is now    4.9988357437422179E-002
 Cell length (Bohr)    5.305E+00   5.305E+00   8.682E+01
 Angle     (Degree)    9.000E+01   9.000E+01   6.000E+01
 Volume    (Bohr^3)    2.116E+03

 ------------------------------------------------------------------------------
                           SETUP EWALD 
 (Ewald) eta                             :   0.6867    
 (Ewald) Real Space Cutoff               :    7.503     (Bohr)
 (Ewald) Reciprocal Cutoff               :    7.698     (1/Bohr)

 ------------------------------------------------------------------------------
                           SETUP PLANE WAVE 
 Read in WT kernel.
 kernel file name  : 4PROFESS_KERNEL.dat           
 KEDF type         :     4
 Fermi vector      :   1.182014212099E+00
 Reference density :  -1.000000000000E+00
 Mesh points       :   200002
 Fermi vector in this cell is    1.8866637980757148     
 Fermi vector from kernel file is    1.1820142120987149     
 First qNorm is    0.0000000000000000     
 size of Wang-Teter kernel in this run is            8          14         216
 Max |G| in this calculation is   1.728006421100E+01
 Max eta used from kernel is   9.159058560740E+00

 ------------------------------------------------------------------------------
                           REFRESH ION POSITIONS
  
 Calculating Ion-Ion Energy ...                   complete.     0.006 s
  
 Calculating Ion-Electron Potential (spline) ... 
 complete.     0.006 s
 Rescale the total density from   3.000274 to         60

 ------------------------------------------------------------------------------
                           DENSITY OPTIMIZATION
 Electron number for spin            1  is    59.999999999999758     
 Cell Volume      :           313.604353 Angstrom^3
 Ion number       :                   20
 Electron number  :            60.000000
 Ion density      :             0.063775 Ion/Angstrom^3
 Electron density :             0.191324 Electron/Angstrom^3
  
 Calculating Ion-Ion Forces ...                complete.     0.007 s
  
 Calculating Ion-Electron Forces (spline) ...  complete.     0.004 s
  ------ ION (GRADIENT METHOD) STEP            1  ------

 ------------------------------------------------------------------------------
                           REFRESH ION POSITIONS
  
 Calculating Ion-Ion Energy ...                   complete.     0.005 s
  
 Calculating Ion-Electron Potential (spline) ... 
 complete.     0.006 s

 ------------------------------------------------------------------------------
                           DENSITY OPTIMIZATION
 Electron number for spin            1  is    59.999999999999702     
 Cell Volume      :           313.604353 Angstrom^3
 Ion number       :                   20
 Electron number  :            60.000000
 Ion density      :             0.063775 Ion/Angstrom^3
 Electron density :             0.191324 Electron/Angstrom^3
  
 Calculating Ion-Ion Forces ...                complete.     0.007 s
  
 Calculating Ion-Electron Forces (spline) ...  complete.     0.004 s

 ------------------------------------------------------------------------------
                           REFRESH ION POSITIONS
  
 Calculating Ion-Ion Energy ...                   complete.     0.005 s
  
 Calculating Ion-Electron Potential (spline) ... 
 complete.     0.006 s

 ------------------------------------------------------------------------------
                           DENSITY OPTIMIZATION
 Electron number for spin            1  is    59.999999999999119     
 Cell Volume      :           313.604353 Angstrom^3
 Ion number       :                   20
 Electron number  :            60.000000
 Ion density      :             0.063775 Ion/Angstrom^3
 Electron density :             0.191324 Electron/Angstrom^3
  
 Calculating Ion-Ion Forces ...                complete.     0.006 s
  
 Calculating Ion-Electron Forces (spline) ...  complete.     0.004 s

 ------------------------------------------------------------------------------
                           REFRESH ION POSITIONS
  
 Calculating Ion-Ion Energy ...                   complete.     0.005 s
  
 Calculating Ion-Electron Potential (spline) ... 
 complete.     0.005 s

 ------------------------------------------------------------------------------
                           DENSITY OPTIMIZATION
 Electron number for spin            1  is    60.000000000000277     
 Cell Volume      :           313.604353 Angstrom^3
 Ion number       :                   20
 Electron number  :            60.000000
 Ion density      :             0.063775 Ion/Angstrom^3
 Electron density :             0.191324 Electron/Angstrom^3
  
 Calculating Ion-Ion Forces ...                complete.     0.007 s
  
 Calculating Ion-Electron Forces (spline) ...  complete.     0.004 s

 ------------------------------------------------------------------------------
                           REFRESH ION POSITIONS
  
 Calculating Ion-Ion Energy ...                   complete.     0.005 s
  
 Calculating Ion-Electron Potential (spline) ... 
 complete.     0.005 s

 ------------------------------------------------------------------------------
                           DENSITY OPTIMIZATION
 Electron number for spin            1  is    59.999999999999758     
 Cell Volume      :           313.604353 Angstrom^3
 Ion number       :                   20
 Electron number  :            60.000000
 Ion density      :             0.063775 Ion/Angstrom^3
 Electron density :             0.191324 Electron/Angstrom^3
  
 Calculating Ion-Ion Forces ...                complete.     0.004 s
  
 Calculating Ion-Electron Forces (spline) ...  complete.     0.003 s

 ------------------------------------------------------------------------------
                           REFRESH ION POSITIONS
  
 Calculating Ion-Ion Energy ...                   complete.     0.003 s
  
 Calculating Ion-Electron Potential (spline) ... 
 complete.     0.004 s

 ------------------------------------------------------------------------------
                           DENSITY OPTIMIZATION
 Electron number for spin            1  is    60.000000000000256     
 Cell Volume      :           313.604353 Angstrom^3
 Ion number       :                   20
 Electron number  :            60.000000
 Ion density      :             0.063775 Ion/Angstrom^3
 Electron density :             0.191324 Electron/Angstrom^3
  
 Calculating Ion-Ion Forces ...                complete.     0.004 s
  
 Calculating Ion-Electron Forces (spline) ...  complete.     0.003 s

 ------------------------------------------------------------------------------
                           REFRESH ION POSITIONS
  
 Calculating Ion-Ion Energy ...                   complete.     0.003 s
  
 Calculating Ion-Electron Potential (spline) ... 
 complete.     0.003 s

 ------------------------------------------------------------------------------
                           DENSITY OPTIMIZATION
 Electron number for spin            1  is    59.999999999999993     
 Cell Volume      :           313.604353 Angstrom^3
 Ion number       :                   20
 Electron number  :            60.000000
 Ion density      :             0.063775 Ion/Angstrom^3
 Electron density :             0.191324 Electron/Angstrom^3
  
 Calculating Ion-Ion Forces ...                complete.     0.004 s
  
 Calculating Ion-Electron Forces (spline) ...  complete.     0.003 s
  ------ ION (GRADIENT METHOD) STEP            2  ------
  
 Calculating Ion-Electron Stress (spline) ...  complete.     0.005 s
  
 Calculating Ion-Ion Stress ...                complete.     0.002 s
  
 ------------------------------------------------------------------------------
                         LATTICE VECTORS (Angstrom)
 LAT 1           2.807406        0.000000        0.000000
 LAT 2           1.403703        2.431285        0.000000
 LAT 3           0.000000        0.000000       45.945287
 ------------------------------------------------------------------------------
                                STRESS (GPa)
 ST_GPa 1        0.117579        0.013275       -0.000001
 ST_GPa 2        0.013275        0.102251       -0.000001
 ST_GPa 3       -0.000001       -0.000001       -0.340770
  
 --------------------------------------------------
 STRESS (a.u.)
 --------------------------------------------------
 ST_AU  1   3.9964198045E-06   4.5120595278E-07  -2.9187016114E-11
 ST_AU  2   4.5120595278E-07   3.4754508287E-06  -3.2511417880E-11
 ST_AU  3  -2.9187016114E-11  -3.2511417880E-11  -1.1582540311E-05
; Cell optimization at step 13, max(stress):  0.1158E-04, total energy:  -42.587112    ;
  dV of each real space grid is now    5.0005748571091642E-002
 Cell length (Bohr)    5.305E+00   5.305E+00   8.685E+01
 Angle     (Degree)    9.000E+01   9.000E+01   6.000E+01
 Volume    (Bohr^3)    2.117E+03
  dV of each real space grid is now    5.0005748571091642E-002
 Cell length (Bohr)    5.305E+00   5.305E+00   8.685E+01
 Angle     (Degree)    9.000E+01   9.000E+01   6.000E+01
 Volume    (Bohr^3)    2.117E+03

 ------------------------------------------------------------------------------
                           SETUP EWALD 
 (Ewald) eta                             :   0.6867    
 (Ewald) Real Space Cutoff               :    7.503     (Bohr)
 (Ewald) Reciprocal Cutoff               :    7.698     (1/Bohr)

 ------------------------------------------------------------------------------
                           SETUP PLANE WAVE 
 Read in WT kernel.
 kernel file name  : 4PROFESS_KERNEL.dat           
 KEDF type         :     4
 Fermi vector      :   1.182014212099E+00
 Reference density :  -1.000000000000E+00
 Mesh points       :   200002
 Fermi vector in this cell is    1.8864450563796800     
 Fermi vector from kernel file is    1.1820142120987149     
 First qNorm is    0.0000000000000000     
 size of Wang-Teter kernel in this run is            8          14         216
 Max |G| in this calculation is   1.727883498965E+01
 Max eta used from kernel is   9.159468987034E+00

 ------------------------------------------------------------------------------
                           REFRESH ION POSITIONS
  
 Calculating Ion-Ion Energy ...                   complete.     0.004 s
  
 Calculating Ion-Electron Potential (spline) ... 
 complete.     0.004 s
 Rescale the total density from   3.001389 to         60

 ------------------------------------------------------------------------------
                           DENSITY OPTIMIZATION
 Electron number for spin            1  is    60.000000000000085     
 Cell Volume      :           313.713457 Angstrom^3
 Ion number       :                   20
 Electron number  :            60.000000
 Ion density      :             0.063752 Ion/Angstrom^3
 Electron density :             0.191257 Electron/Angstrom^3
  
 Calculating Ion-Ion Forces ...                complete.     0.004 s
  
 Calculating Ion-Electron Forces (spline) ...  complete.     0.003 s
  ------ ION (GRADIENT METHOD) STEP            1  ------
  
 Calculating Ion-Electron Stress (spline) ...  complete.     0.005 s
  
 Calculating Ion-Ion Stress ...                complete.     0.002 s
  
 ------------------------------------------------------------------------------
                         LATTICE VECTORS (Angstrom)
 LAT 1           2.807406        0.000000        0.000000
 LAT 2           1.403703        2.431285        0.000000
 LAT 3           0.000000        0.000000       45.961272
 ------------------------------------------------------------------------------
                                STRESS (GPa)
 ST_GPa 1        0.140219        0.012560       -0.000001
 ST_GPa 2        0.012560        0.125718       -0.000001
 ST_GPa 3       -0.000001       -0.000001       -0.295844
  
 --------------------------------------------------
 STRESS (a.u.)
 --------------------------------------------------
 ST_AU  1   4.7659587861E-06   4.2689216101E-07  -2.9247690561E-11
 ST_AU  2   4.2689216101E-07   4.2730648361E-06  -3.2461204726E-11
 ST_AU  3  -2.9247690561E-11  -3.2461204726E-11  -1.0055551528E-05
; Cell optimization at step 14, max(stress):  0.1006E-04, total energy:  -42.587121    ;
  dV of each real space grid is now    5.0023866611112140E-002
 Cell length (Bohr)    5.305E+00   5.305E+00   8.689E+01
 Angle     (Degree)    9.000E+01   9.000E+01   6.000E+01
 Volume    (Bohr^3)    2.118E+03
  dV of each real space grid is now    5.0023866611112140E-002
 Cell length (Bohr)    5.305E+00   5.305E+00   8.689E+01
 Angle     (Degree)    9.000E+01   9.000E+01   6.000E+01
 Volume    (Bohr^3)    2.118E+03

 ------------------------------------------------------------------------------
                           SETUP EWALD 
 (Ewald) eta                             :   0.6867    
 (Ewald) Real Space Cutoff               :    7.503     (Bohr)
 (Ewald) Reciprocal Cutoff               :    7.698     (1/Bohr)

 ------------------------------------------------------------------------------
                           SETUP PLANE WAVE 
 Read in WT kernel.
 kernel file name  : 4PROFESS_KERNEL.dat           
 KEDF type         :     4
 Fermi vector      :   1.182014212099E+00
 Reference density :  -1.000000000000E+00
 Mesh points       :   200002
 Fermi vector in this cell is    1.8862172796766556     
 Fermi vector from kernel file is    1.1820142120987149     
 First qNorm is    0.0000000000000000     
 size of Wang-Teter kernel in this run is            8          14         216
 Max |G| in this calculation is   1.727755566033E+01
 Max eta used from kernel is   9.159896819144E+00

 ------------------------------------------------------------------------------
                           REFRESH ION POSITIONS
  
 Calculating Ion-Ion Energy ...                   complete.     0.004 s
  
 Calculating Ion-Electron Potential (spline) ... 
 complete.     0.004 s
 Rescale the total density from   3.002519 to         60

 ------------------------------------------------------------------------------
                           DENSITY OPTIMIZATION
 Electron number for spin            1  is    60.000000000000092     
 Cell Volume      :           313.827121 Angstrom^3
 Ion number       :                   20
 Electron number  :            60.000000
 Ion density      :             0.063729 Ion/Angstrom^3
 Electron density :             0.191188 Electron/Angstrom^3
  
 Calculating Ion-Ion Forces ...                complete.     0.004 s
  
 Calculating Ion-Electron Forces (spline) ...  complete.     0.003 s
  ------ ION (GRADIENT METHOD) STEP            1  ------
  
 Calculating Ion-Electron Stress (spline) ...  complete.     0.005 s
  
 Calculating Ion-Ion Stress ...                complete.     0.002 s
  
 ------------------------------------------------------------------------------
                         LATTICE VECTORS (Angstrom)
 LAT 1           2.807406        0.000000        0.000000
 LAT 2           1.403703        2.431285        0.000000
 LAT 3           0.000000        0.000000       45.977925
 ------------------------------------------------------------------------------
                                STRESS (GPa)
 ST_GPa 1        0.164053        0.011813       -0.000001
 ST_GPa 2        0.011813        0.150414       -0.000001
 ST_GPa 3       -0.000001       -0.000001       -0.249621
  
 --------------------------------------------------
 STRESS (a.u.)
 --------------------------------------------------
 ST_AU  1   5.5760497131E-06   4.0151711807E-07  -2.9438490720E-11
 ST_AU  2   4.0151711807E-07   5.1124564214E-06  -3.2682146941E-11
 ST_AU  3  -2.9438490720E-11  -3.2682146941E-11  -8.4844345184E-06
; Cell optimization at step 15, max(stress):  0.8484E-05, total energy:  -42.587129    ;
  dV of each real space grid is now    5.0042211262668744E-002
 Cell length (Bohr)    5.305E+00   5.305E+00   8.692E+01
 Angle     (Degree)    9.000E+01   9.000E+01   6.000E+01
 Volume    (Bohr^3)    2.119E+03
  dV of each real space grid is now    5.0042211262668744E-002
 Cell length (Bohr)    5.305E+00   5.305E+00   8.692E+01
 Angle     (Degree)    9.000E+01   9.000E+01   6.000E+01
 Volume    (Bohr^3)    2.119E+03

 ------------------------------------------------------------------------------
                           SETUP EWALD 
 (Ewald) eta                             :   0.6867    
 (Ewald) Real Space Cutoff               :    7.503     (Bohr)
 (Ewald) Reciprocal Cutoff               :    7.698     (1/Bohr)

 ------------------------------------------------------------------------------
                           SETUP PLANE WAVE 
 Read in WT kernel.
 kernel file name  : 4PROFESS_KERNEL.dat           
 KEDF type         :     4
 Fermi vector      :   1.182014212099E+00
 Reference density :  -1.000000000000E+00
 Mesh points       :   200002
 Fermi vector in this cell is    1.8859867660967642     
 Fermi vector from kernel file is    1.1820142120987149     
 First qNorm is    0.0000000000000000     
 size of Wang-Teter kernel in this run is            8          14         216
 Max |G| in this calculation is   1.727626164890E+01
 Max eta used from kernel is   9.160330262895E+00

 ------------------------------------------------------------------------------
                           REFRESH ION POSITIONS
  
 Calculating Ion-Ion Energy ...                   complete.     0.005 s
  
 Calculating Ion-Electron Potential (spline) ... 
 complete.     0.004 s
 Rescale the total density from   3.003634 to         60

 ------------------------------------------------------------------------------
                           DENSITY OPTIMIZATION
 Electron number for spin            1  is    59.999999999999623     
 Cell Volume      :           313.942208 Angstrom^3
 Ion number       :                   20
 Electron number  :            60.000000
 Ion density      :             0.063706 Ion/Angstrom^3
 Electron density :             0.191118 Electron/Angstrom^3
  
 Calculating Ion-Ion Forces ...                complete.     0.004 s
  
 Calculating Ion-Electron Forces (spline) ...  complete.     0.003 s
  ------ ION (GRADIENT METHOD) STEP            1  ------
  
 Calculating Ion-Electron Stress (spline) ...  complete.     0.006 s
  
 Calculating Ion-Ion Stress ...                complete.     0.002 s
  
 ------------------------------------------------------------------------------
                         LATTICE VECTORS (Angstrom)
 LAT 1           2.807406        0.000000        0.000000
 LAT 2           1.403703        2.431285        0.000000
 LAT 3           0.000000        0.000000       45.994785
 ------------------------------------------------------------------------------
                                STRESS (GPa)
 ST_GPa 1        0.188100        0.011047       -0.000001
 ST_GPa 2        0.011047        0.175345       -0.000001
 ST_GPa 3       -0.000001       -0.000001       -0.202929
  
 --------------------------------------------------
 STRESS (a.u.)
 --------------------------------------------------
 ST_AU  1   6.3933762656E-06   3.7548038948E-07  -2.9810437155E-11
 ST_AU  2   3.7548038948E-07   5.9598469710E-06  -3.2828250134E-11
 ST_AU  3  -2.9810437155E-11  -3.2828250134E-11  -6.8974091605E-06
; Cell optimization at step 16, max(stress):  0.6897E-05, total energy:  -42.587136    ;
  dV of each real space grid is now    5.0060107173221464E-002
 Cell length (Bohr)    5.305E+00   5.305E+00   8.695E+01
 Angle     (Degree)    9.000E+01   9.000E+01   6.000E+01
 Volume    (Bohr^3)    2.119E+03
  dV of each real space grid is now    5.0060107173221464E-002
 Cell length (Bohr)    5.305E+00   5.305E+00   8.695E+01
 Angle     (Degree)    9.000E+01   9.000E+01   6.000E+01
 Volume    (Bohr^3)    2.119E+03

 ------------------------------------------------------------------------------
                           SETUP EWALD 
 (Ewald) eta                             :   0.6867    
 (Ewald) Real Space Cutoff               :    7.503     (Bohr)
 (Ewald) Reciprocal Cutoff               :    7.698     (1/Bohr)

 ------------------------------------------------------------------------------
                           SETUP PLANE WAVE 
 Read in WT kernel.
 kernel file name  : 4PROFESS_KERNEL.dat           
 KEDF type         :     4
 Fermi vector      :   1.182014212099E+00
 Reference density :  -1.000000000000E+00
 Mesh points       :   200002
 Fermi vector in this cell is    1.8857619998101756     
 Fermi vector from kernel file is    1.1820142120987149     
 First qNorm is    0.0000000000000000     
 size of Wang-Teter kernel in this run is            8          14         216
 Max |G| in this calculation is   1.727500056847E+01
 Max eta used from kernel is   9.160753356050E+00

 ------------------------------------------------------------------------------
                           REFRESH ION POSITIONS
  
 Calculating Ion-Ion Energy ...                   complete.     0.004 s
  
 Calculating Ion-Electron Potential (spline) ... 
 complete.     0.004 s
 Rescale the total density from   3.004681 to         60

 ------------------------------------------------------------------------------
                           DENSITY OPTIMIZATION
 Electron number for spin            1  is    59.999999999999510     
 Cell Volume      :           314.054478 Angstrom^3
 Ion number       :                   20
 Electron number  :            60.000000
 Ion density      :             0.063683 Ion/Angstrom^3
 Electron density :             0.191050 Electron/Angstrom^3
  
 Calculating Ion-Ion Forces ...                complete.     0.004 s
  
 Calculating Ion-Electron Forces (spline) ...  complete.     0.003 s
  ------ ION (GRADIENT METHOD) STEP            1  ------
  
 Calculating Ion-Electron Stress (spline) ...  complete.     0.005 s
  
 Calculating Ion-Ion Stress ...                complete.     0.002 s
  
 ------------------------------------------------------------------------------
                         LATTICE VECTORS (Angstrom)
 LAT 1           2.807406        0.000000        0.000000
 LAT 2           1.403703        2.431285        0.000000
 LAT 3           0.000000        0.000000       46.011234
 ------------------------------------------------------------------------------
                                STRESS (GPa)
 ST_GPa 1        0.211524        0.010290       -0.000001
 ST_GPa 2        0.010290        0.199644       -0.000001
 ST_GPa 3       -0.000001       -0.000001       -0.157547
  
 --------------------------------------------------
 STRESS (a.u.)
 --------------------------------------------------
 ST_AU  1   7.1895709345E-06   3.4973490808E-07  -3.0102908173E-11
 ST_AU  2   3.4973490808E-07   6.7857701108E-06  -3.3022109693E-11
 ST_AU  3  -3.0102908173E-11  -3.3022109693E-11  -5.3549137613E-06
; Cell optimization at step 17, max(stress):  0.7190E-05, total energy:  -42.587142    ;
  dV of each real space grid is now    5.0076779704392366E-002
 Cell length (Bohr)    5.305E+00   5.305E+00   8.698E+01
 Angle     (Degree)    9.000E+01   9.000E+01   6.000E+01
 Volume    (Bohr^3)    2.120E+03
  dV of each real space grid is now    5.0076779704392366E-002
 Cell length (Bohr)    5.305E+00   5.305E+00   8.698E+01
 Angle     (Degree)    9.000E+01   9.000E+01   6.000E+01
 Volume    (Bohr^3)    2.120E+03

 ------------------------------------------------------------------------------
                           SETUP EWALD 
 (Ewald) eta                             :   0.6867    
 (Ewald) Real Space Cutoff               :    7.503     (Bohr)
 (Ewald) Reciprocal Cutoff               :    7.698     (1/Bohr)

 ------------------------------------------------------------------------------
                           SETUP PLANE WAVE 
 Read in WT kernel.
 kernel file name  : 4PROFESS_KERNEL.dat           
 KEDF type         :     4
 Fermi vector      :   1.182014212099E+00
 Reference density :  -1.000000000000E+00
 Mesh points       :   200002
 Fermi vector in this cell is    1.8855526951130974     
 Fermi vector from kernel file is    1.1820142120987149     
 First qNorm is    0.0000000000000000     
 size of Wang-Teter kernel in this run is            8          14         216
 Max |G| in this calculation is   1.727382683017E+01
 Max eta used from kernel is   9.161147749911E+00

 ------------------------------------------------------------------------------
                           REFRESH ION POSITIONS
  
 Calculating Ion-Ion Energy ...                   complete.     0.004 s
  
 Calculating Ion-Electron Potential (spline) ... 
 complete.     0.004 s
 Rescale the total density from   3.005607 to         60

 ------------------------------------------------------------------------------
                           DENSITY OPTIMIZATION
 Electron number for spin            1  is    59.999999999999773     
 Cell Volume      :           314.159074 Angstrom^3
 Ion number       :                   20
 Electron number  :            60.000000
 Ion density      :             0.063662 Ion/Angstrom^3
 Electron density :             0.190986 Electron/Angstrom^3
  
 Calculating Ion-Ion Forces ...                complete.     0.004 s
  
 Calculating Ion-Electron Forces (spline) ...  complete.     0.003 s
  ------ ION (GRADIENT METHOD) STEP            1  ------
  
 Calculating Ion-Electron Stress (spline) ...  complete.     0.005 s
  
 Calculating Ion-Ion Stress ...                complete.     0.002 s
  
 ------------------------------------------------------------------------------
                         LATTICE VECTORS (Angstrom)
 LAT 1           2.807406        0.000000        0.000000
 LAT 2           1.403703        2.431285        0.000000
 LAT 3           0.000000        0.000000       46.026558
 ------------------------------------------------------------------------------
                                STRESS (GPa)
 ST_GPa 1        0.233311        0.009573       -0.000001
 ST_GPa 2        0.009573        0.222258       -0.000001
 ST_GPa 3       -0.000001       -0.000001       -0.115416
  
 --------------------------------------------------
 STRESS (a.u.)
 --------------------------------------------------
 ST_AU  1   7.9300835660E-06   3.2539488357E-07  -3.0382858598E-11
 ST_AU  2   3.2539488357E-07   7.5543879489E-06  -3.3191192936E-11
 ST_AU  3  -3.0382858598E-11  -3.3191192936E-11  -3.9228989499E-06
; Cell optimization at step 18, max(stress):  0.7930E-05, total energy:  -42.587146    ;
  dV of each real space grid is now    5.0091436445756463E-002
 Cell length (Bohr)    5.305E+00   5.305E+00   8.700E+01
 Angle     (Degree)    9.000E+01   9.000E+01   6.000E+01
 Volume    (Bohr^3)    2.121E+03
  dV of each real space grid is now    5.0091436445756463E-002
 Cell length (Bohr)    5.305E+00   5.305E+00   8.700E+01
 Angle     (Degree)    9.000E+01   9.000E+01   6.000E+01
 Volume    (Bohr^3)    2.121E+03

 ------------------------------------------------------------------------------
                           SETUP EWALD 
 (Ewald) eta                             :   0.6867    
 (Ewald) Real Space Cutoff               :    7.503     (Bohr)
 (Ewald) Reciprocal Cutoff               :    7.698     (1/Bohr)

 ------------------------------------------------------------------------------
                           SETUP PLANE WAVE 
 Read in WT kernel.
 kernel file name  : 4PROFESS_KERNEL.dat           
 KEDF type         :     4
 Fermi vector      :   1.182014212099E+00
 Reference density :  -1.000000000000E+00
 Mesh points       :   200002
 Fermi vector in this cell is    1.8853687730962516     
 Fermi vector from kernel file is    1.1820142120987149     
 First qNorm is    0.0000000000000000     
 size of Wang-Teter kernel in this run is            8          14         216
 Max |G| in this calculation is   1.727279590461E+01
 Max eta used from kernel is   9.161494637596E+00

 ------------------------------------------------------------------------------
                           REFRESH ION POSITIONS
  
 Calculating Ion-Ion Energy ...                   complete.     0.004 s
  
 Calculating Ion-Electron Potential (spline) ... 
 complete.     0.004 s
 Rescale the total density from   3.006366 to         60

 ------------------------------------------------------------------------------
                           DENSITY OPTIMIZATION
 Electron number for spin            1  is    59.999999999999758     
 Cell Volume      :           314.251024 Angstrom^3
 Ion number       :                   20
 Electron number  :            60.000000
 Ion density      :             0.063643 Ion/Angstrom^3
 Electron density :             0.190930 Electron/Angstrom^3
  
 Calculating Ion-Ion Forces ...                complete.     0.004 s
  
 Calculating Ion-Electron Forces (spline) ...  complete.     0.003 s
  ------ ION (GRADIENT METHOD) STEP            1  ------
  
 Calculating Ion-Electron Stress (spline) ...  complete.     0.005 s
  
 Calculating Ion-Ion Stress ...                complete.     0.002 s
  
 ------------------------------------------------------------------------------
                         LATTICE VECTORS (Angstrom)
 LAT 1           2.807406        0.000000        0.000000
 LAT 2           1.403703        2.431285        0.000000
 LAT 3           0.000000        0.000000       46.040029
 ------------------------------------------------------------------------------
                                STRESS (GPa)
 ST_GPa 1        0.252441        0.008935       -0.000001
 ST_GPa 2        0.008935        0.242125       -0.000001
 ST_GPa 3       -0.000001       -0.000001       -0.078516
  
 --------------------------------------------------
 STRESS (a.u.)
 --------------------------------------------------
 ST_AU  1   8.5802927701E-06   3.0368439080E-07  -3.0614591943E-11
 ST_AU  2   3.0368439080E-07   8.2296663630E-06  -3.3349239398E-11
 ST_AU  3  -3.0614591943E-11  -3.3349239398E-11  -2.6686893337E-06
; Cell optimization at step 19, max(stress):  0.8580E-05, total energy:  -42.587149    ;
  dV of each real space grid is now    5.0103401359412110E-002
 Cell length (Bohr)    5.305E+00   5.305E+00   8.702E+01
 Angle     (Degree)    9.000E+01   9.000E+01   6.000E+01
 Volume    (Bohr^3)    2.121E+03
  dV of each real space grid is now    5.0103401359412110E-002
 Cell length (Bohr)    5.305E+00   5.305E+00   8.702E+01
 Angle     (Degree)    9.000E+01   9.000E+01   6.000E+01
 Volume    (Bohr^3)    2.121E+03

 ------------------------------------------------------------------------------
                           SETUP EWALD 
 (Ewald) eta                             :   0.6867    
 (Ewald) Real Space Cutoff               :    7.503     (Bohr)
 (Ewald) Reciprocal Cutoff               :    7.698     (1/Bohr)

 ------------------------------------------------------------------------------
                           SETUP PLANE WAVE 
 Read in WT kernel.
 kernel file name  : 4PROFESS_KERNEL.dat           
 KEDF type         :     4
 Fermi vector      :   1.182014212099E+00
 Reference density :  -1.000000000000E+00
 Mesh points       :   200002
 Fermi vector in this cell is    1.8852186830166884     
 Fermi vector from kernel file is    1.1820142120987149     
 First qNorm is    0.0000000000000000     
 size of Wang-Teter kernel in this run is            8          14         216
 Max |G| in this calculation is   1.727195494186E+01
 Max eta used from kernel is   9.161777939854E+00

 ------------------------------------------------------------------------------
                           REFRESH ION POSITIONS
  
 Calculating Ion-Ion Energy ...                   complete.     0.004 s
  
 Calculating Ion-Electron Potential (spline) ... 
 complete.     0.004 s
 Rescale the total density from   3.006922 to         60

 ------------------------------------------------------------------------------
                           DENSITY OPTIMIZATION
 Electron number for spin            1  is    60.000000000000611     
 Cell Volume      :           314.326087 Angstrom^3
 Ion number       :                   20
 Electron number  :            60.000000
 Ion density      :             0.063628 Ion/Angstrom^3
 Electron density :             0.190885 Electron/Angstrom^3
  
 Calculating Ion-Ion Forces ...                complete.     0.004 s
  
 Calculating Ion-Electron Forces (spline) ...  complete.     0.003 s
  ------ ION (GRADIENT METHOD) STEP            1  ------
  
 Calculating Ion-Electron Stress (spline) ...  complete.     0.005 s
  
 Calculating Ion-Ion Stress ...                complete.     0.002 s
  
 ------------------------------------------------------------------------------
                         LATTICE VECTORS (Angstrom)
 LAT 1           2.807406        0.000000        0.000000
 LAT 2           1.403703        2.431285        0.000000
 LAT 3           0.000000        0.000000       46.051026
 ------------------------------------------------------------------------------
                                STRESS (GPa)
 ST_GPa 1        0.268121        0.008407       -0.000001
 ST_GPa 2        0.008407        0.258415       -0.000001
 ST_GPa 3       -0.000001       -0.000001       -0.048596
  
 --------------------------------------------------
 STRESS (a.u.)
 --------------------------------------------------
 ST_AU  1   9.1132566723E-06   2.8574822334E-07  -3.0702477405E-11
 ST_AU  2   2.8574822334E-07   8.7833412390E-06  -3.3508245931E-11
 ST_AU  3  -3.0702477405E-11  -3.3508245931E-11  -1.6517560223E-06
; Cell optimization at step 20, max(stress):  0.9113E-05, total energy:  -42.587150    ;
  dV of each real space grid is now    5.0112288022061427E-002
 Cell length (Bohr)    5.305E+00   5.305E+00   8.704E+01
 Angle     (Degree)    9.000E+01   9.000E+01   6.000E+01
 Volume    (Bohr^3)    2.122E+03
  dV of each real space grid is now    5.0112288022061427E-002
 Cell length (Bohr)    5.305E+00   5.305E+00   8.704E+01
 Angle     (Degree)    9.000E+01   9.000E+01   6.000E+01
 Volume    (Bohr^3)    2.122E+03

 ------------------------------------------------------------------------------
                           SETUP EWALD 
 (Ewald) eta                             :   0.6867    
 (Ewald) Real Space Cutoff               :    7.503     (Bohr)
 (Ewald) Reciprocal Cutoff               :    7.698     (1/Bohr)

 ------------------------------------------------------------------------------
                           SETUP PLANE WAVE 
 Read in WT kernel.
 kernel file name  : 4PROFESS_KERNEL.dat           
 KEDF type         :     4
 Fermi vector      :   1.182014212099E+00
 Reference density :  -1.000000000000E+00
 Mesh points       :   200002
 Fermi vector in this cell is    1.8851072380096807     
 Fermi vector from kernel file is    1.1820142120987149     
 First qNorm is    0.0000000000000000     
 size of Wang-Teter kernel in this run is            8          14         216
 Max |G| in this calculation is   1.727133069958E+01
 Max eta used from kernel is   9.161988427678E+00

 ------------------------------------------------------------------------------
                           REFRESH ION POSITIONS
  
 Calculating Ion-Ion Energy ...                   complete.     0.004 s
  
 Calculating Ion-Electron Potential (spline) ... 
 complete.     0.004 s
 Rescale the total density from   3.007271 to         60

 ------------------------------------------------------------------------------
                           DENSITY OPTIMIZATION
 Electron number for spin            1  is    59.999999999999289     
 Cell Volume      :           314.381837 Angstrom^3
 Ion number       :                   20
 Electron number  :            60.000000
 Ion density      :             0.063617 Ion/Angstrom^3
 Electron density :             0.190851 Electron/Angstrom^3
  
 Calculating Ion-Ion Forces ...                complete.     0.004 s
  
 Calculating Ion-Electron Forces (spline) ...  complete.     0.003 s
  ------ ION (GRADIENT METHOD) STEP            1  ------
  
 Calculating Ion-Electron Stress (spline) ...  complete.     0.005 s
  
 Calculating Ion-Ion Stress ...                complete.     0.002 s
  
 ------------------------------------------------------------------------------
                         LATTICE VECTORS (Angstrom)
 LAT 1           2.807406        0.000000        0.000000
 LAT 2           1.403703        2.431285        0.000000
 LAT 3           0.000000        0.000000       46.059194
 ------------------------------------------------------------------------------
                                STRESS (GPa)
 ST_GPa 1        0.279632        0.008008       -0.000001
 ST_GPa 2        0.008008        0.270387       -0.000001
 ST_GPa 3       -0.000001       -0.000001       -0.026257
  
 --------------------------------------------------
 STRESS (a.u.)
 --------------------------------------------------
 ST_AU  1   9.5045151378E-06   2.7219162783E-07  -3.0816030206E-11
 ST_AU  2   2.7219162783E-07   9.1902532931E-06  -3.3612287786E-11
 ST_AU  3  -3.0816030206E-11  -3.3612287786E-11  -8.9244635013E-07
; Cell optimization at step 21, max(stress):  0.9505E-05, total energy:  -42.587151    ;
  dV of each real space grid is now    5.0118049795257261E-002
 Cell length (Bohr)    5.305E+00   5.305E+00   8.705E+01
 Angle     (Degree)    9.000E+01   9.000E+01   6.000E+01
 Volume    (Bohr^3)    2.122E+03
  dV of each real space grid is now    5.0118049795257261E-002
 Cell length (Bohr)    5.305E+00   5.305E+00   8.705E+01
 Angle     (Degree)    9.000E+01   9.000E+01   6.000E+01
 Volume    (Bohr^3)    2.122E+03

 ------------------------------------------------------------------------------
                           SETUP EWALD 
 (Ewald) eta                             :   0.6867    
 (Ewald) Real Space Cutoff               :    7.503     (Bohr)
 (Ewald) Reciprocal Cutoff               :    7.698     (1/Bohr)

 ------------------------------------------------------------------------------
                           SETUP PLANE WAVE 
 Read in WT kernel.
 kernel file name  : 4PROFESS_KERNEL.dat           
 KEDF type         :     4
 Fermi vector      :   1.182014212099E+00
 Reference density :  -1.000000000000E+00
 Mesh points       :   200002
 Fermi vector in this cell is    1.8850349953967844     
 Fermi vector from kernel file is    1.1820142120987149     
 First qNorm is    0.0000000000000000     
 size of Wang-Teter kernel in this run is            8          14         216
 Max |G| in this calculation is   1.727092613006E+01
 Max eta used from kernel is   9.162124932555E+00

 ------------------------------------------------------------------------------
                           REFRESH ION POSITIONS
  
 Calculating Ion-Ion Energy ...                   complete.     0.004 s
  
 Calculating Ion-Electron Potential (spline) ... 
 complete.     0.004 s
 Rescale the total density from   3.007429 to         60

 ------------------------------------------------------------------------------
                           DENSITY OPTIMIZATION
 Electron number for spin            1  is    59.999999999999893     
 Cell Volume      :           314.417984 Angstrom^3
 Ion number       :                   20
 Electron number  :            60.000000
 Ion density      :             0.063610 Ion/Angstrom^3
 Electron density :             0.190829 Electron/Angstrom^3
  
 Calculating Ion-Ion Forces ...                complete.     0.004 s
  
 Calculating Ion-Electron Forces (spline) ...  complete.     0.002 s
  ------ ION (GRADIENT METHOD) STEP            1  ------
  
 Calculating Ion-Electron Stress (spline) ...  complete.     0.005 s
  
 Calculating Ion-Ion Stress ...                complete.     0.002 s
  
 ------------------------------------------------------------------------------
                         LATTICE VECTORS (Angstrom)
 LAT 1           2.807406        0.000000        0.000000
 LAT 2           1.403703        2.431285        0.000000
 LAT 3           0.000000        0.000000       46.064490
 ------------------------------------------------------------------------------
                                STRESS (GPa)
 ST_GPa 1        0.287194        0.007749       -0.000001
 ST_GPa 2        0.007749        0.278248       -0.000001
 ST_GPa 3       -0.000001       -0.000001       -0.011936
  
 --------------------------------------------------
 STRESS (a.u.)
 --------------------------------------------------
 ST_AU  1   9.7615322725E-06   2.6337627929E-07  -3.0928535604E-11
 ST_AU  2   2.6337627929E-07   9.4574496836E-06  -3.3675028162E-11
 ST_AU  3  -3.0928535604E-11  -3.3675028162E-11  -4.0569170217E-07
; Cell optimization at step 22, max(stress):  0.9762E-05, total energy:  -42.587152    ;
##############################################################################
#                               FINAL ENERGIES                       time    #
##############################################################################
# Thomas-Fermi Kin. Energy =   4.427477333427E+02 eV                 0.000 s #
# Von-Weizsacker Kin. Ener =   3.688525582714E+01 eV                 0.000 s #
# Wang-Teter Kinetic Energ =  -1.423713736121E+01 eV                 0.000 s #
#                                                                            #
#     LDA Exch-Corr Energy =  -4.433114597368E+02 eV                 0.000 s #
#         Coulombic Energy =   2.658875063098E+00 eV                 0.000 s #
#      Ion-Electron Energy =   3.099504678560E+02 eV                 0.000 s #
#           Ion-Ion Energy =  -1.493549050450E+03 eV                 0.000 s #
#                                                                            #
#     TOTAL KINETIC ENERGY =   4.653958518087E+02 eV                         #
#   TOTAL POTENTIAL ENERGY =  -1.624251167268E+03 eV                         #
#             TOTAL ENERGY =  -1.158855315459E+03 eV                         #
##############################################################################
  
 ----------------------------- TIME INFORMATION ------------------------------
    PROFESS      :     66.77s WALL    100.00% (       1 calls)    66.77s/call
    InitPROFESS  :      0.46s WALL      0.69% (       1 calls)     0.46s/call
    KEDFRefresh  :      6.85s WALL     10.25% (      22 calls)     0.31s/call
    IonRefresh   :      0.46s WALL      0.69% (      40 calls)     0.01s/call
    EwaldEnergy  :      0.20s WALL      0.30% (      40 calls)     0.01s/call
    Pot_Ion      :      0.11s WALL      0.16% (    1584 calls)     0.00s/call
    Pot_Har      :      3.74s WALL      5.60% (    1584 calls)     0.00s/call
    Pot_Exc      :      8.83s WALL     13.23% (    1584 calls)     0.01s/call
    Pot_KEDF     :     42.58s WALL     63.77% (    1584 calls)     0.03s/call
    VWPotSqrPlus :      2.97s WALL      4.44% (    1584 calls)     0.00s/call
    NextGradient :      0.09s WALL      0.14% (     151 calls)     0.00s/call
    CalForce     :      0.43s WALL      0.64% (      40 calls)     0.01s/call
    EwaldForces  :      0.24s WALL      0.36% (      40 calls)     0.01s/call
    CalStress    :      1.03s WALL      1.55% (      22 calls)     0.05s/call
    EwaldStress  :      0.06s WALL      0.10% (      22 calls)     0.00s/call
 -----------------------------------------------------------------------------
 ------------------------------- TOTAL ---------------------------------------
    PROFESS      :     66.77s WALL    100.00% (       1 calls)    66.77s/call
 -----------------------------------------------------------------------------

Run completed on: 08/13/2021 at 22:04:50 
  
