 ******************************************************************************
                             WELCOME TO PROFESS                   
            (PRinceton Orbital-Free Electronic Structure Software) 
 ******************************************************************************

 ------------------------------------------------------------------------------
                           READ GEOMETRY
 Cell length (Bohr)    7.562E+00   7.562E+00   1.241E+01
 Angle     (Degree)    9.000E+01   9.000E+01   1.200E+02
 Volume    (Bohr^3)    6.144E+02

 ------------------------------------------------------------------------------
                           READ PSEUDOPOTENTIAL
 Total electron number in ReadPseudo is    16.000000000000000     
 (System) Machine Precision              :    2.2204460492503131E-016

 ------------------------------------------------------------------------------
                           SETUP FFT
 Global FFT Dimension :    40   40   63
 Dimension of rho for this processor : 
 xmin, xmax :            0          39
 ymin, ymax :            0          39
 zmin, zmax :            0          62
 Total electron number =    16.000000000000000     
 Uniform rhoR =    2.6040246680414394E-002
 (GB INFO) FFT size      :       40      40      63
 (GB INFO) FFT offset    :        0
 (GB INFO) FFT G size    :       21      40      63
 (GB INFO) FFT G offset  :        0

 ------------------------------------------------------------------------------
                           SETUP KEDF
 kinetic energy density functional number is           11
 ( 1=TF, 2=VW, 3=TF+VW, 4=WT,  5=WGC,  
   7=LQ, 8=HQ, 10=CAT,  11=HC, 12=WGCD,
   15=GGA, 16=WGCD+GGA, 17=EVT, 18=EVC )
 qTable dimension:    21   40   63
 rhoS=   2.6040246680414394E-002
 rho0=   2.6040246680414394E-002
 coefficients for TF KEDF is     1.000000
 coefficients for VW KEDF is     1.000000
 Lambda in HC10 is set to     0.012000
 ALPHA  in HC10 is set to     1.781667
 BETA   in HC10 is set to     0.885000
 Sum of alpha and beta is     2.666667
  dV of each real space grid is now    6.0955704712868245E-003
 Cell length (Bohr)    7.562E+00   7.562E+00   1.241E+01
 Angle     (Degree)    9.000E+01   9.000E+01   1.200E+02
 Volume    (Bohr^3)    6.144E+02

 ------------------------------------------------------------------------------
                           SETUP EWALD 
 (Ewald) eta                             :    1.200    
 (Ewald) Real Space Cutoff               :    6.000     (Bohr)
 (Ewald) Reciprocal Cutoff               :    15.70     (1/Bohr)

 ------------------------------------------------------------------------------
                           SETUP PLANE WAVE 

 ------------------------------------------------------------------------------
                           REFRESH ION POSITIONS
  
 Calculating Ion-Ion Energy ...                   complete.     0.033 s
  
 Calculating Ion-Electron Potential (spline) ... 
 complete.     0.069 s

 ------------------------------------------------------------------------------
                           DENSITY OPTIMIZATION
 Electron number for spin            1  is    16.000000000020325     
 Cell Volume      :            91.049650 Angstrom^3
 Ion number       :                    4
 Electron number  :            16.000000
 Ion density      :             0.043932 Ion/Angstrom^3
 Electron density :             0.175728 Electron/Angstrom^3
##############################################################################
#                               FINAL ENERGIES                       time    #
##############################################################################
# Thomas-Fermi Kin. Energy =   1.554382251873E+02 eV                 0.000 s #
# Von-Weizsacker Kin. Ener =   5.449258693704E+01 eV                 0.000 s #
#                                                                            #
# GGA(PBE) Exch-Cor Energy =  -1.318363056012E+02 eV                 0.000 s #
#         Coulombic Energy =   4.920546902822E+01 eV                 0.000 s #
#      Ion-Electron Energy =  -9.804035481909E+01 eV                 0.000 s #
#           Ion-Ion Energy =  -4.565607948710E+02 eV                 0.000 s #
#                                                                            #
#     TOTAL KINETIC ENERGY =   1.649329521293E+02 eV                         #
#   TOTAL POTENTIAL ENERGY =  -6.372319862630E+02 eV                         #
#             TOTAL ENERGY =  -4.722990341337E+02 eV                         #
##############################################################################
  
 ----------------------------- TIME INFORMATION ------------------------------
    PROFESS      :   6892.02s WALL    100.00% (       1 calls)  6892.02s/call
    InitPROFESS  :      0.18s WALL      0.00% (       1 calls)     0.18s/call
    KEDFRefresh  :      0.01s WALL      0.00% (       1 calls)     0.01s/call
    IonRefresh   :      0.12s WALL      0.00% (       1 calls)     0.12s/call
    EwaldEnergy  :      0.04s WALL      0.00% (       1 calls)     0.04s/call
    ForwFFT_3D   :   1388.68s WALL     20.15% (  132548 calls)     0.01s/call
    BackFFT_3D   :    668.46s WALL      9.70% (   84540 calls)     0.01s/call
    Pot_Ion      :      5.01s WALL      0.07% (    1923 calls)     0.00s/call
    Pot_Har      :     44.22s WALL      0.64% (    1923 calls)     0.02s/call
    Pot_Exc      :    889.12s WALL     12.90% (    1923 calls)     0.46s/call
    PBEPot       :    883.17s WALL     12.81% (    1923 calls)     0.46s/call
    Pot_KEDF     :   5881.50s WALL     85.34% (    1923 calls)     3.06s/call
    intPot       :   5782.33s WALL     83.90% (    1923 calls)     3.01s/call
    MakeXiG      :     34.88s WALL      0.51% (    1923 calls)     0.02s/call
    VWPotSqrPlus :     39.39s WALL      0.57% (    1923 calls)     0.02s/call
    intPot1      :   1608.44s WALL     23.34% (   27848 calls)     0.06s/call
    MakeHC10Kern :    177.58s WALL      2.58% (   29770 calls)     0.01s/call
    intPot2      :   1123.73s WALL     16.30% (   27848 calls)     0.04s/call
    intPot3      :   1895.12s WALL     27.50% (   27848 calls)     0.07s/call
    intPot4      :    702.57s WALL     10.19% (   27848 calls)     0.03s/call
    NextGradient :      3.50s WALL      0.05% (     171 calls)     0.02s/call
 -----------------------------------------------------------------------------
 ------------------------------- TOTAL ---------------------------------------
    PROFESS      :   6892.02s WALL    100.00% (       1 calls)  6892.02s/call
 -----------------------------------------------------------------------------

Run completed on: 07/31/2024 at 02:38:24 
  
