 ******************************************************************************
                             WELCOME TO PROFESS                   
            (PRinceton Orbital-Free Electronic Structure Software) 
 ******************************************************************************

 ------------------------------------------------------------------------------
                           READ GEOMETRY
 Cell length (Bohr)    5.798E+00   5.798E+00   5.798E+00
 Angle     (Degree)    1.095E+02   1.095E+02   1.095E+02
 Volume    (Bohr^3)    1.500E+02

 ------------------------------------------------------------------------------
                           READ PSEUDOPOTENTIAL
 Total electron number in ReadPseudo is    2.0000000000000000     
 (System) Machine Precision              :    2.2204460492503131E-016

 ------------------------------------------------------------------------------
                           SETUP FFT
 Global FFT Dimension :    15   15   15
 Rank/Size in Global Communicator     :            0 /           1
 Rank/Size in Global FFT Communicator :            0 /           1
 Parallel FFT, totX    =    15
 Parallel FFT, totY    =    15
 Parallel FFT, locZ    =    15
 Parallel FFT, locZoff =     0
 Dimension of rho for this processor : 
 xmin, xmax :            0          14
 ymin, ymax :            0          14
 zmin, zmax :            0          14
 Total electron number =    2.0000000000000000     
 Uniform rhoR =    1.3329482590733520E-002
 (GB INFO) FFT size      :       15      15      15
 (GB INFO) FFT offset    :        0
 (GB INFO) FFT G size    :        8      15      15
 (GB INFO) FFT G offset  :        0

 ------------------------------------------------------------------------------
                           SETUP KEDF
 kinetic energy density functional number is            4
 ( 1=TF, 2=VW, 3=TF+VW, 4=WT,  5=WGC,  
   7=LQ, 8=HQ, 10=CAT,  11=HC, 12=WGCD,
   15=GGA, 16=WGCD+GGA, 17=EVT, 18=EVC )
 qTable dimension:     8   15   15
 Coefficient for TF KEDF is     1.0000
 Coefficient for VW KEDF is     1.0000
 Coefficient for alpha in WT KEDF is     0.8333
 Coefficient for beta  in WT KEDF is     0.8333
 rho0 (Electron/Bohr^3) in WGC KEDF is     0.0133
 hold0 =  F
  dV of each real space grid is now    4.4457283961236063E-002
 Cell length (Bohr)    5.798E+00   5.798E+00   5.798E+00
 Angle     (Degree)    1.095E+02   1.095E+02   1.095E+02
 Volume    (Bohr^3)    1.500E+02

 ------------------------------------------------------------------------------
                           SETUP EWALD 
 (Ewald) eta                             :   0.7608    
 (Ewald) Real Space Cutoff               :    6.201     (Bohr)
 (Ewald) Reciprocal Cutoff               :    7.586     (1/Bohr)

 ------------------------------------------------------------------------------
                           SETUP PLANE WAVE 
 Fill the 3D Wang-Teter kernel in G space

 ------------------------------------------------------------------------------
                           REFRESH ION POSITIONS
  
 Calculating Ion-Ion Energy ...                   complete.     0.000 s
  
 Calculating Ion-Electron Potential (spline) ... 
 complete.     0.000 s

 ------------------------------------------------------------------------------
                           DENSITY OPTIMIZATION
 Electron number for spin            1  is    2.0000000000000777     
 Cell Volume      :            22.234128 Angstrom^3
 Ion number       :                    1
 Electron number  :             2.000000
 Ion density      :             0.044976 Ion/Angstrom^3
 Electron density :             0.089952 Electron/Angstrom^3
##############################################################################
#                               FINAL ENERGIES                       time    #
##############################################################################
# Thomas-Fermi Kin. Energy =   8.926942124037E+00 eV                 0.000 s #
# Von-Weizsacker Kin. Ener =   8.550773699637E-01 eV                 0.000 s #
# Wang-Teter Kinetic Energ =  -2.695255656940E-01 eV                 0.000 s #
#                                                                            #
#     LDA Exch-Corr Energy =  -1.176937426467E+01 eV                 0.000 s #
#         Coulombic Energy =   5.016124762478E-02 eV                 0.000 s #
#      Ion-Electron Energy =   7.169614570684E+00 eV                 0.000 s #
#           Ion-Ion Energy =  -2.958296047715E+01 eV                 0.000 s #
#                                                                            #
#     TOTAL KINETIC ENERGY =   9.512493928307E+00 eV                         #
#   TOTAL POTENTIAL ENERGY =  -3.413255892351E+01 eV                         #
#             TOTAL ENERGY =  -2.462006499521E+01 eV                         #
##############################################################################
  
 ----------------------------- TIME INFORMATION ------------------------------
    PROFESS      :      0.24s WALL    100.00% (       1 calls)     0.24s/call
    InitPROFESS  :      0.02s WALL      9.22% (       1 calls)     0.02s/call
    KEDFRefresh  :      0.00s WALL      0.09% (       1 calls)     0.00s/call
    IonRefresh   :      0.00s WALL      0.41% (       1 calls)     0.00s/call
    EwaldEnergy  :      0.00s WALL      0.19% (       1 calls)     0.00s/call
    Pot_Ion      :      0.00s WALL      0.10% (      81 calls)     0.00s/call
    Pot_Har      :      0.00s WALL      1.99% (      81 calls)     0.00s/call
    Pot_Exc      :      0.03s WALL     11.72% (      81 calls)     0.00s/call
    Pot_KEDF     :      0.12s WALL     49.05% (      81 calls)     0.00s/call
    VWPotSqrPlus :      0.00s WALL      1.77% (      81 calls)     0.00s/call
    NextGradient :      0.00s WALL      0.11% (       7 calls)     0.00s/call
 -----------------------------------------------------------------------------
 ------------------------------- TOTAL ---------------------------------------
    PROFESS      :      0.24s WALL    100.00% (       1 calls)     0.24s/call
 -----------------------------------------------------------------------------

Run completed on: 08/19/2021 at 15:41:40 
  
