 ******************************************************************************
                             WELCOME TO PROFESS                   
            (PRinceton Orbital-Free Electronic Structure Software) 
 ******************************************************************************

 ------------------------------------------------------------------------------
                           READ GEOMETRY
 Cell length (Bohr)    5.672E+00   5.672E+00   5.672E+00
 Angle     (Degree)    6.000E+01   6.000E+01   6.000E+01
 Volume    (Bohr^3)    1.290E+02

 ------------------------------------------------------------------------------
                           READ PSEUDOPOTENTIAL
 Total electron number in ReadPseudo is    4.0000000000000000     
 (System) Machine Precision              :    2.2204460492503131E-016

 ------------------------------------------------------------------------------
                           SETUP FFT
 Global FFT Dimension :    28   28   28
 Dimension of rho for this processor : 
 xmin, xmax :            0          27
 ymin, ymax :            0          27
 zmin, zmax :            0          27
 Total electron number =    4.0000000000000000     
 Uniform rhoR =    3.1002322076725923E-002
 (GB INFO) FFT size      :       28      28      28
 (GB INFO) FFT offset    :        0
 (GB INFO) FFT G size    :       15      28      28
 (GB INFO) FFT G offset  :        0

 ------------------------------------------------------------------------------
                           SETUP KEDF
 kinetic energy density functional number is           11
 ( 1=TF, 2=VW, 3=TF+VW, 4=WT,  5=WGC,  
   7=LQ, 8=HQ, 10=CAT,  11=HC, 12=WGCD,
   15=GGA, 16=WGCD+GGA, 17=EVT, 18=EVC )
 qTable dimension:    15   28   28
 rhoS=   3.1002322076725923E-002
 rho0=   3.1002322076725923E-002
 coefficients for TF KEDF is     1.000000
 coefficients for VW KEDF is     1.000000
 Lambda in HC10 is set to     0.000000
 ALPHA  in HC10 is set to     2.016667
 BETA   in HC10 is set to     0.650000
 Sum of alpha and beta is     2.666667
  dV of each real space grid is now    5.8774869504702783E-003
 Cell length (Bohr)    5.672E+00   5.672E+00   5.672E+00
 Angle     (Degree)    6.000E+01   6.000E+01   6.000E+01
 Volume    (Bohr^3)    1.290E+02

 ------------------------------------------------------------------------------
                           SETUP EWALD 
 (Ewald) eta                             :    1.200    
 (Ewald) Real Space Cutoff               :    6.000     (Bohr)
 (Ewald) Reciprocal Cutoff               :    14.96     (1/Bohr)

 ------------------------------------------------------------------------------
                           SETUP PLANE WAVE 

 ------------------------------------------------------------------------------
                           REFRESH ION POSITIONS
  
 Calculating Ion-Ion Energy ...                   complete.     0.005 s
  
 Calculating Ion-Electron Potential (spline) ... 
 complete.     0.006 s

 ------------------------------------------------------------------------------
                           DENSITY OPTIMIZATION
 Electron number for spin            1  is    3.9999999999995159     
 Cell Volume      :            19.119176 Angstrom^3
 Ion number       :                    1
 Electron number  :             4.000000
 Ion density      :             0.052304 Ion/Angstrom^3
 Electron density :             0.209214 Electron/Angstrom^3
##############################################################################
#                               FINAL ENERGIES                       time    #
##############################################################################
# Thomas-Fermi Kin. Energy =   3.328386496362E+01 eV                 0.000 s #
# Von-Weizsacker Kin. Ener =   6.516405256005E+00 eV                 0.000 s #
#                                                                            #
# GGA(PBE) Exch-Cor Energy =  -3.107018298330E+01 eV                 0.000 s #
#         Coulombic Energy =   1.243189891043E+00 eV                 0.000 s #
#      Ion-Electron Energy =   9.805065642909E+00 eV                 0.000 s #
#           Ion-Ion Energy =  -1.244299608896E+02 eV                 0.000 s #
#                                                                            #
#     TOTAL KINETIC ENERGY =   3.636956951924E+01 eV                         #
#   TOTAL POTENTIAL ENERGY =  -1.444518883390E+02 eV                         #
#             TOTAL ENERGY =  -1.080823188197E+02 eV                         #
##############################################################################
  
 ----------------------------- TIME INFORMATION ------------------------------
    PROFESS      :     29.07s WALL    100.00% (       1 calls)    29.07s/call
    InitPROFESS  :      0.04s WALL      0.14% (       1 calls)     0.04s/call
    KEDFRefresh  :      0.00s WALL      0.01% (       1 calls)     0.00s/call
    IonRefresh   :      0.01s WALL      0.05% (       1 calls)     0.01s/call
    EwaldEnergy  :      0.01s WALL      0.02% (       1 calls)     0.01s/call
    ForwFFT_3D   :      4.28s WALL     14.71% (    4389 calls)     0.00s/call
    BackFFT_3D   :      2.43s WALL      8.37% (    3342 calls)     0.00s/call
    Pot_Ion      :      0.05s WALL      0.18% (     121 calls)     0.00s/call
    Pot_Har      :      0.25s WALL      0.86% (     121 calls)     0.00s/call
    Pot_Exc      :      4.14s WALL     14.24% (     121 calls)     0.03s/call
    PBEPot       :      4.08s WALL     14.03% (     121 calls)     0.03s/call
    Pot_KEDF     :     24.10s WALL     82.89% (     121 calls)     0.20s/call
    intPot       :     23.43s WALL     80.60% (     121 calls)     0.19s/call
    MakeXiG      :      0.27s WALL      0.94% (     121 calls)     0.00s/call
    VWPotSqrPlus :      0.21s WALL      0.71% (     121 calls)     0.00s/call
    intPot1      :      6.48s WALL     22.28% (     764 calls)     0.01s/call
    MakeHC10Kern :      0.90s WALL      3.09% (     884 calls)     0.00s/call
    intPot2      :      4.31s WALL     14.82% (     764 calls)     0.01s/call
    intPot3      :      6.73s WALL     23.17% (     764 calls)     0.01s/call
    intPot4      :      2.66s WALL      9.15% (     764 calls)     0.00s/call
    NextGradient :      0.01s WALL      0.04% (       7 calls)     0.00s/call
 -----------------------------------------------------------------------------
 ------------------------------- TOTAL ---------------------------------------
    PROFESS      :     29.07s WALL    100.00% (       1 calls)    29.07s/call
 -----------------------------------------------------------------------------

Run completed on: 07/30/2024 at 17:09:39 
  
