 ******************************************************************************
                             WELCOME TO PROFESS                   
            (PRinceton Orbital-Free Electronic Structure Software) 
 ******************************************************************************

 ------------------------------------------------------------------------------
                           READ GEOMETRY
 Cell length (Bohr)    2.016E+01   1.008E+01   1.008E+01
 Angle     (Degree)    9.000E+01   9.000E+01   9.000E+01
 Volume    (Bohr^3)    2.049E+03

 ------------------------------------------------------------------------------
                           READ PSEUDOPOTENTIAL
 Total electron number in ReadPseudo is    60.000000000000000     
 (System) Machine Precision              :    2.2204460492503131E-016

 ------------------------------------------------------------------------------
                           SETUP FFT
 Global FFT Dimension :    56   28   28
 Rank/Size in Global Communicator     :            0 /           1
 Rank/Size in Global FFT Communicator :            0 /           1
 Parallel FFT, totX    =    56
 Parallel FFT, totY    =    28
 Parallel FFT, locZ    =    28
 Parallel FFT, locZoff =     0
 Dimension of rho for this processor : 
 xmin, xmax :            0          55
 ymin, ymax :            0          27
 zmin, zmax :            0          27
 Total electron number =    60.000000000000000     
 Uniform rhoR =    2.9286633783164467E-002
 (GB INFO) FFT size      :       56      28      28
 (GB INFO) FFT offset    :        0
 (GB INFO) FFT G size    :       29      28      28
 (GB INFO) FFT G offset  :        0

 ------------------------------------------------------------------------------
                           SETUP KEDF
 kinetic energy density functional number is           11
 ( 1=TF, 2=VW, 3=TF+VW, 4=WT,  5=WGC,  
   7=LQ, 8=HQ, 10=CAT,  11=HC, 12=WGCD,
   15=GGA, 16=WGCD+GGA, 17=EVT, 18=EVC )
 qTable dimension:    29   28   28
 rhoS=   2.9286633783164467E-002
 rho0=   2.9286633783164467E-002
 coefficients for TF KEDF is     1.000000
 coefficients for VW KEDF is     1.000000
 Lambda in HC10 is set to     0.010000
 ALPHA  in HC10 is set to     2.016667
 BETA   in HC10 is set to     0.650000
 Sum of alpha and beta is     2.666667
  dV of each real space grid is now    4.6663542349047807E-002
 Cell length (Bohr)    2.016E+01   1.008E+01   1.008E+01
 Angle     (Degree)    9.000E+01   9.000E+01   9.000E+01
 Volume    (Bohr^3)    2.049E+03

 ------------------------------------------------------------------------------
                           SETUP EWALD 
 (Ewald) eta                             :   0.7502    
 (Ewald) Real Space Cutoff               :    6.852     (Bohr)
 (Ewald) Reciprocal Cutoff               :    8.415     (1/Bohr)

 ------------------------------------------------------------------------------
                           SETUP PLANE WAVE 

 ------------------------------------------------------------------------------
                           REFRESH ION POSITIONS
  
 Calculating Ion-Ion Energy ...                   complete.     0.005 s
  
 Calculating Ion-Electron Potential (spline) ... 
 complete.     0.004 s

 ------------------------------------------------------------------------------
                           DENSITY OPTIMIZATION
 Electron number for spin            1  is    59.999999999988113     
 Cell Volume      :           303.588410 Angstrom^3
 Ion number       :                   15
 Electron number  :            60.000000
 Ion density      :             0.049409 Ion/Angstrom^3
 Electron density :             0.197636 Electron/Angstrom^3
##############################################################################
#                               FINAL ENERGIES                       time    #
##############################################################################
# Thomas-Fermi Kin. Energy =   5.572742469641E+02 eV                 0.000 s #
# Von-Weizsacker Kin. Ener =   1.589318901924E+02 eV                 0.000 s #
#                                                                            #
#     LDA Exch-Corr Energy =  -4.857393051794E+02 eV                 0.000 s #
#         Coulombic Energy =   1.381878840533E+02 eV                 0.000 s #
#      Ion-Electron Energy =  -2.232772160397E+02 eV                 0.000 s #
#           Ion-Ion Energy =  -1.667601122109E+03 eV                 0.000 s #
#                                                                            #
#     TOTAL KINETIC ENERGY =   5.968193325966E+02 eV                         #
#   TOTAL POTENTIAL ENERGY =  -2.238429759275E+03 eV                         #
#             TOTAL ENERGY =  -1.641610426679E+03 eV                         #
##############################################################################
  
 ----------------------------- TIME INFORMATION ------------------------------
    PROFESS      :     92.16s WALL    100.00% (       1 calls)    92.16s/call
    InitPROFESS  :      0.03s WALL      0.03% (       1 calls)     0.03s/call
    KEDFRefresh  :      0.00s WALL      0.00% (       1 calls)     0.00s/call
    IonRefresh   :      0.01s WALL      0.01% (       1 calls)     0.01s/call
    EwaldEnergy  :      0.01s WALL      0.01% (       1 calls)     0.01s/call
    Pot_Ion      :      0.10s WALL      0.11% (     477 calls)     0.00s/call
    Pot_Har      :      0.86s WALL      0.93% (     477 calls)     0.00s/call
    Pot_Exc      :      2.60s WALL      2.82% (     477 calls)     0.01s/call
    Pot_KEDF     :     87.22s WALL     94.64% (     477 calls)     0.18s/call
    intPot       :     83.42s WALL     90.51% (     477 calls)     0.17s/call
    MakeXiG      :      2.04s WALL      2.22% (     477 calls)     0.00s/call
    intPot1      :     23.86s WALL     25.89% (    4854 calls)     0.00s/call
    MakeHC10Kern :      2.55s WALL      2.77% (    5331 calls)     0.00s/call
    intPot2      :     12.46s WALL     13.52% (    4854 calls)     0.00s/call
    intPot3      :     22.88s WALL     24.83% (    4854 calls)     0.00s/call
    intPot4      :      6.60s WALL      7.16% (    4854 calls)     0.00s/call
    VWPotSqrPlus :      0.80s WALL      0.86% (     477 calls)     0.00s/call
    NextGradient :      0.05s WALL      0.05% (      47 calls)     0.00s/call
 -----------------------------------------------------------------------------
 ------------------------------- TOTAL ---------------------------------------
    PROFESS      :     92.16s WALL    100.00% (       1 calls)    92.16s/call
 -----------------------------------------------------------------------------

Run completed on: 02/08/2023 at 19:14:20 
  
