 ******************************************************************************
                             WELCOME TO PROFESS                   
            (PRinceton Orbital-Free Electronic Structure Software) 
 ******************************************************************************

 ------------------------------------------------------------------------------
                           READ GEOMETRY
 Cell length (Bohr)    5.513E+00   5.513E+00   5.513E+00
 Angle     (Degree)    1.095E+02   1.095E+02   1.095E+02
 Volume    (Bohr^3)    1.290E+02

 ------------------------------------------------------------------------------
                           READ PSEUDOPOTENTIAL
 Total electron number in ReadPseudo is    1.0000000000000000     
 (System) Machine Precision              :    2.2204460492503131E-016

 ------------------------------------------------------------------------------
                           SETUP FFT
 Global FFT Dimension :    15   15   15
 Rank/Size in Global Communicator     :            0 /           1
 Rank/Size in Global FFT Communicator :            0 /           1
 Parallel FFT, totX    =    15
 Parallel FFT, totY    =    15
 Parallel FFT, locZ    =    15
 Parallel FFT, locZoff =     0
 Dimension of rho for this processor : 
 xmin, xmax :            0          14
 ymin, ymax :            0          14
 zmin, zmax :            0          14
 Total electron number =    1.0000000000000000     
 Uniform rhoR =    7.7528940206129660E-003
 (GB INFO) FFT size      :       15      15      15
 (GB INFO) FFT offset    :        0
 (GB INFO) FFT G size    :        8      15      15
 (GB INFO) FFT G offset  :        0

 ------------------------------------------------------------------------------
                           SETUP KEDF
 kinetic energy density functional number is            4
 ( 1=TF, 2=VW, 3=TF+VW, 4=WT,  5=WGC,  
   7=LQ, 8=HQ, 10=CAT,  11=HC, 12=WGCD,
   15=GGA, 16=WGCD+GGA, 17=EVT, 18=EVC )
 qTable dimension:     8   15   15
 Coefficient for TF KEDF is     1.0000
 Coefficient for VW KEDF is     1.0000
 Coefficient for alpha in WT KEDF is     0.8333
 Coefficient for beta  in WT KEDF is     0.8333
 rho0 (Electron/Bohr^3) in WGC KEDF is     0.0078
 hold0 =  F
  dV of each real space grid is now    3.8217508908095492E-002
 Cell length (Bohr)    5.513E+00   5.513E+00   5.513E+00
 Angle     (Degree)    1.095E+02   1.095E+02   1.095E+02
 Volume    (Bohr^3)    1.290E+02

 ------------------------------------------------------------------------------
                           SETUP EWALD 
 (Ewald) eta                             :   0.8243    
 (Ewald) Real Space Cutoff               :    6.000     (Bohr)
 (Ewald) Reciprocal Cutoff               :    7.978     (1/Bohr)

 ------------------------------------------------------------------------------
                           SETUP PLANE WAVE 
 Read in WT kernel.
 kernel file name  : PROFESS_KERNEL.dat            
 KEDF type         :     4
 Fermi vector      :   1.182014212099E+00
 Reference density :  -1.000000000000E+00
 Mesh points       :    20001
 Fermi vector in this cell is    1.2245925457006923     
 Fermi vector from kernel file is    1.1820142120987149     
 First qNorm is    0.0000000000000000     
 size of Wang-Teter kernel in this run is            8          15          15
 Max |G| in this calculation is   2.393388217125E+01
 Max eta used from kernel is   1.954436376024E+01

 ------------------------------------------------------------------------------
                           REFRESH ION POSITIONS
  
 Calculating Ion-Ion Energy ...                   complete.     0.000 s
  
 Calculating Ion-Electron Potential (spline) ... 
 complete.     0.000 s

 ------------------------------------------------------------------------------
                           DENSITY OPTIMIZATION
 Electron number for spin            1  is   0.99999999999993427     
 Cell Volume      :            19.113470 Angstrom^3
 Ion number       :                    1
 Electron number  :             1.000000
 Ion density      :             0.052319 Ion/Angstrom^3
 Electron density :             0.052319 Electron/Angstrom^3
##############################################################################
#                               FINAL ENERGIES                       time    #
##############################################################################
# Thomas-Fermi Kin. Energy =   3.100264401479E+00 eV                 0.000 s #
# Von-Weizsacker Kin. Ener =   2.451390264033E-01 eV                 0.000 s #
# Wang-Teter Kinetic Energ =  -7.466850048765E-02 eV                 0.000 s #
#                                                                            #
#     LDA Exch-Corr Energy =  -4.992317031716E+00 eV                 0.000 s #
#         Coulombic Energy =   1.419543074791E-02 eV                 0.000 s #
#      Ion-Electron Energy =   1.888178037974E+00 eV                 0.000 s #
#           Ion-Ion Energy =  -7.778129312233E+00 eV                 0.000 s #
#                                                                            #
#     TOTAL KINETIC ENERGY =   3.270734927395E+00 eV                         #
#   TOTAL POTENTIAL ENERGY =  -1.086807287523E+01 eV                         #
#             TOTAL ENERGY =  -7.597337947832E+00 eV                         #
##############################################################################
  
 ----------------------------- TIME INFORMATION ------------------------------
    PROFESS      :      0.49s WALL    100.00% (       1 calls)     0.49s/call
    InitPROFESS  :      0.06s WALL     12.06% (       1 calls)     0.06s/call
    KEDFRefresh  :      0.04s WALL      9.06% (       1 calls)     0.04s/call
    IonRefresh   :      0.00s WALL      0.20% (       1 calls)     0.00s/call
    EwaldEnergy  :      0.00s WALL      0.09% (       1 calls)     0.00s/call
    Pot_Ion      :      0.00s WALL      0.07% (      80 calls)     0.00s/call
    Pot_Har      :      0.01s WALL      1.67% (      80 calls)     0.00s/call
    Pot_Exc      :      0.03s WALL      7.09% (      80 calls)     0.00s/call
    Pot_KEDF     :      0.16s WALL     32.27% (      80 calls)     0.00s/call
    VWPotSqrPlus :      0.01s WALL      1.52% (      80 calls)     0.00s/call
    NextGradient :      0.00s WALL      0.06% (       6 calls)     0.00s/call
 -----------------------------------------------------------------------------
 ------------------------------- TOTAL ---------------------------------------
    PROFESS      :      0.49s WALL    100.00% (       1 calls)     0.49s/call
 -----------------------------------------------------------------------------

Run completed on: 08/14/2021 at 19:03:46 
  
