 ******************************************************************************
                             WELCOME TO PROFESS                   
            (PRinceton Orbital-Free Electronic Structure Software) 
 ******************************************************************************

 ------------------------------------------------------------------------------
                           READ GEOMETRY
 Cell length (Bohr)    2.268E+01   2.268E+01   2.268E+01
 Angle     (Degree)    9.000E+01   9.000E+01   9.000E+01
 Volume    (Bohr^3)    1.166E+04

 ------------------------------------------------------------------------------
                           READ PSEUDOPOTENTIAL
 Total electron number in ReadPseudo is    324.00000000000000     
 (System) Machine Precision              :    2.2204460492503131E-016

 ------------------------------------------------------------------------------
                           SETUP FFT
 Global FFT Dimension :    56   56   56
 Rank/Size in Global Communicator     :            0 /           1
 Rank/Size in Global FFT Communicator :            0 /           1
 Parallel FFT, totX    =    56
 Parallel FFT, totY    =    56
 Parallel FFT, locZ    =    56
 Parallel FFT, locZoff =     0
 Dimension of rho for this processor : 
 xmin, xmax :            0          55
 ymin, ymax :            0          55
 zmin, zmax :            0          55
 Total electron number =    324.00000000000000     
 Uniform rhoR =    2.7775426966742952E-002
 (GB INFO) FFT size      :       56      56      56
 (GB INFO) FFT offset    :        0
 (GB INFO) FFT G size    :       29      56      56
 (GB INFO) FFT G offset  :        0

 ------------------------------------------------------------------------------
                           SETUP KEDF
 kinetic energy density functional number is            4
 ( 1=TF, 2=VW, 3=TF+VW, 4=WT,  5=WGC,  
   7=LQ, 8=HQ, 10=CAT,  11=HC, 12=WGCD,
   15=GGA, 16=WGCD+GGA, 17=EVT, 18=EVC )
 qTable dimension:    29   56   56
 Coefficient for TF KEDF is     1.0000
 Coefficient for VW KEDF is     1.0000
 Coefficient for alpha in WT KEDF is     0.8333
 Coefficient for beta  in WT KEDF is     0.8333
 rho0 (Electron/Bohr^3) in WGC KEDF is     0.0278
 hold0 =  F
  dV of each real space grid is now    6.6423259831123502E-002
 Cell length (Bohr)    2.268E+01   2.268E+01   2.268E+01
 Angle     (Degree)    9.000E+01   9.000E+01   9.000E+01
 Volume    (Bohr^3)    1.166E+04

 ------------------------------------------------------------------------------
                           SETUP EWALD 
 (Ewald) eta                             :   0.6444    
 (Ewald) Real Space Cutoff               :    8.260     (Bohr)
 (Ewald) Reciprocal Cutoff               :    7.619     (1/Bohr)

 ------------------------------------------------------------------------------
                           SETUP PLANE WAVE 
 Read in WT kernel.
 kernel file name  : 1PROFESS_KERNEL.dat           
 KEDF type         :     4
 Fermi vector      :   1.182014212099E+00
 Reference density :  -1.000000000000E+00
 Mesh points       :   200002
 Fermi vector in this cell is    1.8738029151399329     
 Fermi vector from kernel file is    1.1820142120987149     
 First qNorm is    0.0000000000000000     
 size of Wang-Teter kernel in this run is           29          56          56
 Max |G| in this calculation is   1.343601370687E+01
 Max eta used from kernel is   7.170451918028E+00

 ------------------------------------------------------------------------------
                           REFRESH ION POSITIONS
  
 Calculating Ion-Ion Energy ...                   complete.     0.018 s
  
 Calculating Ion-Electron Potential (spline) ... 
 complete.     0.015 s

 ------------------------------------------------------------------------------
                           DENSITY OPTIMIZATION
 Electron number for spin            1  is    324.00000000017695     
 Cell Volume      :          1728.572740 Angstrom^3
 Ion number       :                  108
 Electron number  :           324.000000
 Ion density      :             0.062479 Ion/Angstrom^3
 Electron density :             0.187438 Electron/Angstrom^3
##############################################################################
#                               FINAL ENERGIES                       time    #
##############################################################################
# Thomas-Fermi Kin. Energy =   2.358742010791E+03 eV                 0.000 s #
# Von-Weizsacker Kin. Ener =   1.918085051336E+02 eV                 0.000 s #
# Wang-Teter Kinetic Energ =  -6.567586142170E+01 eV                 0.000 s #
#                                                                            #
#     LDA Exch-Corr Energy =  -2.379481113418E+03 eV                 0.000 s #
#         Coulombic Energy =   1.035262814001E+01 eV                 0.000 s #
#      Ion-Electron Energy =   1.650096263645E+03 eV                 0.000 s #
#           Ion-Ion Energy =  -8.020590314107E+03 eV                 0.000 s #
#                                                                            #
#     TOTAL KINETIC ENERGY =   2.484874654503E+03 eV                         #
#   TOTAL POTENTIAL ENERGY =  -8.739622535739E+03 eV                         #
#             TOTAL ENERGY =  -6.254747881236E+03 eV                         #
##############################################################################
  
 ----------------------------- TIME INFORMATION ------------------------------
    PROFESS      :      7.05s WALL    100.00% (       1 calls)     7.05s/call
    InitPROFESS  :      0.27s WALL      3.89% (       1 calls)     0.27s/call
    KEDFRefresh  :      0.21s WALL      2.91% (       1 calls)     0.21s/call
    IonRefresh   :      0.04s WALL      0.51% (       1 calls)     0.04s/call
    EwaldEnergy  :      0.02s WALL      0.25% (       1 calls)     0.02s/call
    Pot_Ion      :      0.01s WALL      0.16% (      67 calls)     0.00s/call
    Pot_Har      :      0.35s WALL      5.02% (      67 calls)     0.01s/call
    Pot_Exc      :      1.07s WALL     15.19% (      67 calls)     0.02s/call
    Pot_KEDF     :      4.95s WALL     70.21% (      67 calls)     0.07s/call
    VWPotSqrPlus :      0.34s WALL      4.84% (      67 calls)     0.01s/call
    NextGradient :      0.02s WALL      0.26% (       9 calls)     0.00s/call
 -----------------------------------------------------------------------------
 ------------------------------- TOTAL ---------------------------------------
    PROFESS      :      7.05s WALL    100.00% (       1 calls)     7.05s/call
 -----------------------------------------------------------------------------

Run completed on: 10/12/2021 at 22:20:57 
  
