 ******************************************************************************
                             WELCOME TO PROFESS                   
            (PRinceton Orbital-Free Electronic Structure Software) 
 ******************************************************************************

 ------------------------------------------------------------------------------
                           READ GEOMETRY
 Cell length (Bohr)    0.000E+00   0.000E+00   0.000E+00
 Angle     (Degree)          NaN         NaN         NaN
 Volume    (Bohr^3)    0.000E+00

 ------------------------------------------------------------------------------
                           READ PSEUDOPOTENTIAL
 Total electron number in ReadPseudo is    16.000000000000000     
 (System) Machine Precision              :    2.2204460492503131E-016

 ------------------------------------------------------------------------------
                           SETUP FFT
 Global FFT Dimension :     0    0    0
 Dimension of rho for this processor : 
 xmin, xmax :            0          -1
 ymin, ymax :            0          -1
 zmin, zmax :            0          -1
 The cell volume is 0, check the lattice vectors.
