 ******************************************************************************
                             WELCOME TO PROFESS                   
            (PRinceton Orbital-Free Electronic Structure Software) 
 ******************************************************************************

 ------------------------------------------------------------------------------
                           READ GEOMETRY
 Cell length (Bohr)    5.089E+00   5.089E+00   5.089E+00
 Angle     (Degree)    9.000E+01   9.000E+01   9.000E+01
 Volume    (Bohr^3)    1.318E+02

 ------------------------------------------------------------------------------
                           READ PSEUDOPOTENTIAL
 Total electron number in ReadPseudo is    3.0000000000000000     
 (System) Machine Precision              :    2.2204460492503131E-016

 ------------------------------------------------------------------------------
                           SETUP FFT
 Global FFT Dimension :    14   14   14
 Rank/Size in Global Communicator     :            0 /           1
 Rank/Size in Global FFT Communicator :            0 /           1
 Parallel FFT, totX    =    14
 Parallel FFT, totY    =    14
 Parallel FFT, locZ    =    14
 Parallel FFT, locZoff =     0
 Dimension of rho for this processor : 
 xmin, xmax :            0          13
 ymin, ymax :            0          13
 zmin, zmax :            0          13
 Total electron number =    3.0000000000000000     
 Uniform rhoR =    2.2763258936691372E-002
 (GB INFO) FFT size      :       14      14      14
 (GB INFO) FFT offset    :        0
 (GB INFO) FFT G size    :        8      14      14
 (GB INFO) FFT G offset  :        0

 ------------------------------------------------------------------------------
                           SETUP KEDF
 kinetic energy density functional number is            4
 ( 1=TF, 2=VW, 3=TF+VW, 4=WT,  5=WGC,  
   7=LQ, 8=HQ, 10=CAT,  11=HC, 12=WGCD,
   15=GGA, 16=WGCD+GGA, 17=EVT, 18=EVC )
 qTable dimension:     8   14   14
 Coefficient for TF KEDF is     1.0000
 Coefficient for VW KEDF is     1.0000
 Coefficient for alpha in WT KEDF is     0.8333
 Coefficient for beta  in WT KEDF is     0.8333
 rho0 (Electron/Bohr^3) in WGC KEDF is     0.0228
 hold0 =  F
  dV of each real space grid is now    4.8028907621797200E-002
 Cell length (Bohr)    5.089E+00   5.089E+00   5.089E+00
 Angle     (Degree)    9.000E+01   9.000E+01   9.000E+01
 Volume    (Bohr^3)    1.318E+02

 ------------------------------------------------------------------------------
                           SETUP EWALD 
 (Ewald) eta                             :   0.7925    
 (Ewald) Real Space Cutoff               :    6.064     (Bohr)
 (Ewald) Reciprocal Cutoff               :    8.025     (1/Bohr)

 ------------------------------------------------------------------------------
                           SETUP PLANE WAVE 
 Read in WT kernel.
 kernel file name  : 1PROFESS_KERNEL.dat           
 KEDF type         :     4
 Fermi vector      :   1.182014212099E+00
 Reference density :  -1.000000000000E+00
 Mesh points       :   200002
 Fermi vector in this cell is    1.7535378393620309     
 Fermi vector from kernel file is    1.1820142120987149     
 First qNorm is    0.0000000000000000     
 size of Wang-Teter kernel in this run is            8          14          14
 Max |G| in this calculation is   1.496957936131E+01
 Max eta used from kernel is   8.536787188323E+00

 ------------------------------------------------------------------------------
                           REFRESH ION POSITIONS
  
 Calculating Ion-Ion Energy ...                   complete.     0.000 s
  
 Calculating Ion-Electron Potential (spline) ... 
 complete.     0.000 s

 ------------------------------------------------------------------------------
                           DENSITY OPTIMIZATION
 Electron number for spin            1  is    3.0000000000000648     
 Cell Volume      :            19.529459 Angstrom^3
 Ion number       :                    1
 Electron number  :             3.000000
 Ion density      :             0.051205 Ion/Angstrom^3
 Electron density :             0.153614 Electron/Angstrom^3
##############################################################################
#                               FINAL ENERGIES                       time    #
##############################################################################
# Thomas-Fermi Kin. Energy =   1.982859541835E+01 eV                 0.000 s #
# Von-Weizsacker Kin. Ener =   3.152999352087E+00 eV                 0.000 s #
# Wang-Teter Kinetic Energ =  -1.606957562820E+00 eV                 0.000 s #
#                                                                            #
#     LDA Exch-Corr Energy =  -2.101894707890E+01 eV                 0.000 s #
#         Coulombic Energy =   5.011203324884E-01 eV                 0.000 s #
#      Ion-Electron Energy =   9.796124393832E+00 eV                 0.000 s #
#           Ion-Ion Energy =  -6.827144094427E+01 eV                 0.000 s #
#                                                                            #
#     TOTAL KINETIC ENERGY =   2.137463720762E+01 eV                         #
#   TOTAL POTENTIAL ENERGY =  -7.899314329685E+01 eV                         #
#             TOTAL ENERGY =  -5.761850608923E+01 eV                         #
##############################################################################
  
 ----------------------------- TIME INFORMATION ------------------------------
    PROFESS      :      0.52s WALL    100.00% (       1 calls)     0.52s/call
    InitPROFESS  :      0.34s WALL     64.44% (       1 calls)     0.34s/call
    KEDFRefresh  :      0.31s WALL     58.69% (       1 calls)     0.31s/call
    IonRefresh   :      0.00s WALL      0.10% (       1 calls)     0.00s/call
    EwaldEnergy  :      0.00s WALL      0.05% (       1 calls)     0.00s/call
    Pot_Ion      :      0.00s WALL      0.03% (      69 calls)     0.00s/call
    Pot_Har      :      0.00s WALL      0.73% (      69 calls)     0.00s/call
    Pot_Exc      :      0.02s WALL      3.77% (      69 calls)     0.00s/call
    Pot_KEDF     :      0.08s WALL     15.55% (      69 calls)     0.00s/call
    VWPotSqrPlus :      0.00s WALL      0.57% (      69 calls)     0.00s/call
    NextGradient :      0.00s WALL      0.04% (       7 calls)     0.00s/call
 -----------------------------------------------------------------------------
 ------------------------------- TOTAL ---------------------------------------
    PROFESS      :      0.52s WALL    100.00% (       1 calls)     0.52s/call
 -----------------------------------------------------------------------------

Run completed on: 08/13/2021 at 19:21:16 
  
