 ******************************************************************************
                             WELCOME TO PROFESS                   
            (PRinceton Orbital-Free Electronic Structure Software) 
 ******************************************************************************

 ------------------------------------------------------------------------------
                           READ GEOMETRY
 Cell length (Bohr)    1.287E+01   1.287E+01   1.287E+01
 Angle     (Degree)    9.000E+01   9.000E+01   9.000E+01
 Volume    (Bohr^3)    2.133E+03

 ------------------------------------------------------------------------------
                           READ PSEUDOPOTENTIAL
 Total electron number in ReadPseudo is    64.000000000000000     
 (System) Machine Precision              :    2.2204460492503131E-016

 ------------------------------------------------------------------------------
                           SETUP FFT
 Global FFT Dimension :    63   63   63
 Dimension of rho for this processor : 
 xmin, xmax :            0          62
 ymin, ymax :            0          62
 zmin, zmax :            0          62
 Total electron number =    64.000000000000000     
 Uniform rhoR =    3.0009419989718147E-002
 (GB INFO) FFT size      :       63      63      63
 (GB INFO) FFT offset    :        0
 (GB INFO) FFT G size    :       32      63      63
 (GB INFO) FFT G offset  :        0

 ------------------------------------------------------------------------------
                           SETUP KEDF
 kinetic energy density functional number is           11
 ( 1=TF, 2=VW, 3=TF+VW, 4=WT,  5=WGC,  
   7=LQ, 8=HQ, 10=CAT,  11=HC, 12=WGCD,
   15=GGA, 16=WGCD+GGA, 17=EVT, 18=EVC )
 qTable dimension:    32   63   63
 rhoS=   3.0009419989718147E-002
 rho0=   3.0009419989718147E-002
 coefficients for TF KEDF is     1.000000
 coefficients for VW KEDF is     1.000000
 Lambda in HC10 is set to     0.010000
 ALPHA  in HC10 is set to     2.016667
 BETA   in HC10 is set to     0.650000
 Sum of alpha and beta is     2.666667
  dV of each real space grid is now    8.5290512490430580E-003
 Cell length (Bohr)    1.287E+01   1.287E+01   1.287E+01
 Angle     (Degree)    9.000E+01   9.000E+01   9.000E+01
 Volume    (Bohr^3)    2.133E+03

 ------------------------------------------------------------------------------
                           SETUP EWALD 
 (Ewald) eta                             :    1.200    
 (Ewald) Real Space Cutoff               :    6.000     (Bohr)
 (Ewald) Reciprocal Cutoff               :    15.13     (1/Bohr)

 ------------------------------------------------------------------------------
                           SETUP PLANE WAVE 

 ------------------------------------------------------------------------------
                           REFRESH ION POSITIONS
  
 Calculating Ion-Ion Energy ...                   complete.     0.126 s
  
 Calculating Ion-Electron Potential (spline) ... 
 complete.     0.111 s

 ------------------------------------------------------------------------------
                           DENSITY OPTIMIZATION
 Electron number for spin            1  is    64.000000000424080     
 Cell Volume      :           316.028148 Angstrom^3
 Ion number       :                   16
 Electron number  :            64.000000
 Ion density      :             0.050628 Ion/Angstrom^3
 Electron density :             0.202514 Electron/Angstrom^3
##############################################################################
#                               FINAL ENERGIES                       time    #
##############################################################################
# Thomas-Fermi Kin. Energy =   5.749116248236E+02 eV                 0.000 s #
# Von-Weizsacker Kin. Ener =   1.601075349789E+02 eV                 0.000 s #
#                                                                            #
# GGA(PBE) Exch-Cor Energy =  -5.138621364896E+02 eV                 0.000 s #
#         Coulombic Energy =   7.730214702329E+01 eV                 0.000 s #
#      Ion-Electron Energy =  -3.265581499195E+01 eV                 0.000 s #
#           Ion-Ion Energy =  -1.884570695276E+03 eV                 0.000 s #
#                                                                            #
#     TOTAL KINETIC ENERGY =   6.179650468661E+02 eV                         #
#   TOTAL POTENTIAL ENERGY =  -2.353786499734E+03 eV                         #
#             TOTAL ENERGY =  -1.735821452868E+03 eV                         #
##############################################################################
  
 ----------------------------- TIME INFORMATION ------------------------------
    PROFESS      :    959.10s WALL    100.00% (       1 calls)   959.10s/call
    InitPROFESS  :      0.36s WALL      0.04% (       1 calls)     0.36s/call
    KEDFRefresh  :      0.03s WALL      0.00% (       1 calls)     0.03s/call
    IonRefresh   :      0.27s WALL      0.03% (       1 calls)     0.27s/call
    EwaldEnergy  :      0.13s WALL      0.01% (       1 calls)     0.13s/call
    ForwFFT_3D   :    199.80s WALL     20.83% (   20436 calls)     0.01s/call
    BackFFT_3D   :    108.54s WALL     11.32% (   13809 calls)     0.01s/call
    Pot_Ion      :      0.67s WALL      0.07% (     378 calls)     0.00s/call
    Pot_Har      :      6.76s WALL      0.70% (     378 calls)     0.02s/call
    Pot_Exc      :    117.97s WALL     12.30% (     378 calls)     0.31s/call
    PBEPot       :    117.17s WALL     12.22% (     378 calls)     0.31s/call
    Pot_KEDF     :    823.64s WALL     85.88% (     378 calls)     2.18s/call
    intPot       :    807.09s WALL     84.15% (     378 calls)     2.14s/call
    MakeXiG      :      5.60s WALL      0.58% (     378 calls)     0.01s/call
    intPot1      :    218.10s WALL     22.74% (    4069 calls)     0.05s/call
    MakeHC10Kern :     15.10s WALL      1.57% (    4447 calls)     0.00s/call
    intPot2      :    157.83s WALL     16.46% (    4069 calls)     0.04s/call
    intPot3      :    265.46s WALL     27.68% (    4069 calls)     0.07s/call
    intPot4      :     97.24s WALL     10.14% (    4069 calls)     0.02s/call
    VWPotSqrPlus :      6.34s WALL      0.66% (     378 calls)     0.02s/call
    NextGradient :      0.62s WALL      0.06% (      37 calls)     0.02s/call
 -----------------------------------------------------------------------------
 ------------------------------- TOTAL ---------------------------------------
    PROFESS      :    959.10s WALL    100.00% (       1 calls)   959.10s/call
 -----------------------------------------------------------------------------

Run completed on: 07/30/2024 at 18:18:08 
  
