 ******************************************************************************
                             WELCOME TO PROFESS                   
            (PRinceton Orbital-Free Electronic Structure Software) 
 ******************************************************************************

 ------------------------------------------------------------------------------
                           READ GEOMETRY
 Cell length (Bohr)    7.567E+00   7.567E+00   1.244E+01
 Angle     (Degree)    9.000E+01   9.000E+01   1.200E+02
 Volume    (Bohr^3)    6.168E+02

 ------------------------------------------------------------------------------
                           READ PSEUDOPOTENTIAL
 Total electron number in ReadPseudo is    16.000000000000000     
 (System) Machine Precision              :    2.2204460492503131E-016

 ------------------------------------------------------------------------------
                           SETUP FFT
 Global FFT Dimension :    40   40   63
 Dimension of rho for this processor : 
 xmin, xmax :            0          39
 ymin, ymax :            0          39
 zmin, zmax :            0          62
 Total electron number =    16.000000000000000     
 Uniform rhoR =    2.5942354343444218E-002
 (GB INFO) FFT size      :       40      40      63
 (GB INFO) FFT offset    :        0
 (GB INFO) FFT G size    :       21      40      63
 (GB INFO) FFT G offset  :        0

 ------------------------------------------------------------------------------
                           SETUP KEDF
 kinetic energy density functional number is           11
 ( 1=TF, 2=VW, 3=TF+VW, 4=WT,  5=WGC,  
   7=LQ, 8=HQ, 10=CAT,  11=HC, 12=WGCD,
   15=GGA, 16=WGCD+GGA, 17=EVT, 18=EVC )
 qTable dimension:    21   40   63
 rhoS=   2.5942354343444218E-002
 rho0=   2.5942354343444218E-002
 coefficients for TF KEDF is     1.000000
 coefficients for VW KEDF is     1.000000
 Lambda in HC10 is set to     0.012500
 ALPHA  in HC10 is set to     1.841667
 BETA   in HC10 is set to     0.825000
 Sum of alpha and beta is     2.666667
  dV of each real space grid is now    6.1185718392698912E-003
 Cell length (Bohr)    7.567E+00   7.567E+00   1.244E+01
 Angle     (Degree)    9.000E+01   9.000E+01   1.200E+02
 Volume    (Bohr^3)    6.168E+02

 ------------------------------------------------------------------------------
                           SETUP EWALD 
 (Ewald) eta                             :    1.200    
 (Ewald) Real Space Cutoff               :    6.000     (Bohr)
 (Ewald) Reciprocal Cutoff               :    15.66     (1/Bohr)

 ------------------------------------------------------------------------------
                           SETUP PLANE WAVE 

 ------------------------------------------------------------------------------
                           REFRESH ION POSITIONS
  
 Calculating Ion-Ion Energy ...                   complete.     0.011 s
  
 Calculating Ion-Electron Potential (spline) ... 
 complete.     0.021 s

 ------------------------------------------------------------------------------
                           DENSITY OPTIMIZATION
 Electron number for spin            1  is    15.999999999998826     
 Cell Volume      :            91.393222 Angstrom^3
 Ion number       :                    4
 Electron number  :            16.000000
 Ion density      :             0.043767 Ion/Angstrom^3
 Electron density :             0.175068 Electron/Angstrom^3
##############################################################################
#                               FINAL ENERGIES                       time    #
##############################################################################
# Thomas-Fermi Kin. Energy =   1.466892505437E+02 eV                 0.000 s #
# Von-Weizsacker Kin. Ener =   4.583018475748E+01 eV                 0.000 s #
#                                                                            #
# GGA(PBE) Exch-Cor Energy =  -1.287381480773E+02 eV                 0.000 s #
#         Coulombic Energy =   3.970064668364E+01 eV                 0.000 s #
#      Ion-Electron Energy =  -6.931715742766E+01 eV                 0.000 s #
#           Ion-Ion Energy =  -4.559925958684E+02 eV                 0.000 s #
#                                                                            #
#     TOTAL KINETIC ENERGY =   1.546673881406E+02 eV                         #
#   TOTAL POTENTIAL ENERGY =  -6.143472546897E+02 eV                         #
#             TOTAL ENERGY =  -4.596798665491E+02 eV                         #
##############################################################################
  
 ----------------------------- TIME INFORMATION ------------------------------
    PROFESS      :   7409.09s WALL    100.00% (       1 calls)  7409.09s/call
    InitPROFESS  :      0.07s WALL      0.00% (       1 calls)     0.07s/call
    KEDFRefresh  :      0.00s WALL      0.00% (       1 calls)     0.00s/call
    IonRefresh   :      0.04s WALL      0.00% (       1 calls)     0.04s/call
    EwaldEnergy  :      0.01s WALL      0.00% (       1 calls)     0.01s/call
    ForwFFT_3D   :   1584.70s WALL     21.39% (   90160 calls)     0.02s/call
    BackFFT_3D   :    780.15s WALL     10.53% (   56848 calls)     0.01s/call
    Pot_Ion      :      4.76s WALL      0.06% (    1239 calls)     0.00s/call
    Pot_Har      :     48.25s WALL      0.65% (    1239 calls)     0.04s/call
    Pot_Exc      :    895.02s WALL     12.08% (    1239 calls)     0.72s/call
    PBEPot       :    889.45s WALL     12.00% (    1239 calls)     0.72s/call
    Pot_KEDF     :   6388.57s WALL     86.23% (    1239 calls)     5.16s/call
    intPot       :   6287.41s WALL     84.86% (    1239 calls)     5.07s/call
    MakeXiG      :     32.25s WALL      0.44% (    1239 calls)     0.03s/call
    VWPotSqrPlus :     43.53s WALL      0.59% (    1239 calls)     0.04s/call
    intPot1      :   1769.84s WALL     23.89% (   19132 calls)     0.09s/call
    MakeHC10Kern :    182.57s WALL      2.46% (   20370 calls)     0.01s/call
    intPot2      :   1197.51s WALL     16.16% (   19132 calls)     0.06s/call
    intPot3      :   2131.16s WALL     28.76% (   19132 calls)     0.11s/call
    intPot4      :    740.20s WALL      9.99% (   19132 calls)     0.04s/call
    NextGradient :      3.68s WALL      0.05% (     115 calls)     0.03s/call
 -----------------------------------------------------------------------------
 ------------------------------- TOTAL ---------------------------------------
    PROFESS      :   7409.09s WALL    100.00% (       1 calls)  7409.09s/call
 -----------------------------------------------------------------------------

Run completed on: 07/31/2024 at 11:17:08 
  
