 ******************************************************************************
                             WELCOME TO PROFESS                   
            (PRinceton Orbital-Free Electronic Structure Software) 
 ******************************************************************************

 ------------------------------------------------------------------------------
                           READ GEOMETRY
 Cell length (Bohr)    5.302E+00   5.302E+00   8.658E+01
 Angle     (Degree)    9.000E+01   9.000E+01   6.000E+01
 Volume    (Bohr^3)    2.108E+03

 ------------------------------------------------------------------------------
                           READ PSEUDOPOTENTIAL
 Total electron number in ReadPseudo is    60.000000000000000     
 (System) Machine Precision              :    2.2204460492503131E-016

 ------------------------------------------------------------------------------
                           SETUP FFT
 Global FFT Dimension :    14   14  216
 Rank/Size in Global Communicator     :            0 /           1
 Rank/Size in Global FFT Communicator :            0 /           1
 Parallel FFT, totX    =    14
 Parallel FFT, totY    =    14
 Parallel FFT, locZ    =   216
 Parallel FFT, locZoff =     0
 Dimension of rho for this processor : 
 xmin, xmax :            0          13
 ymin, ymax :            0          13
 zmin, zmax :            0         215
 Total electron number =    60.000000000000000     
 Uniform rhoR =    2.8462277516174146E-002
 (GB INFO) FFT size      :       14      14     216
 (GB INFO) FFT offset    :        0
 (GB INFO) FFT G size    :        8      14     216
 (GB INFO) FFT G offset  :        0

 ------------------------------------------------------------------------------
                           SETUP KEDF
 kinetic energy density functional number is            4
 ( 1=TF, 2=VW, 3=TF+VW, 4=WT,  5=WGC,  
   7=LQ, 8=HQ, 10=CAT,  11=HC, 12=WGCD,
   15=GGA, 16=WGCD+GGA, 17=EVT, 18=EVC )
 qTable dimension:     8   14  216
 Coefficient for TF KEDF is     1.0000
 Coefficient for VW KEDF is     1.0000
 Coefficient for alpha in WT KEDF is     0.8333
 Coefficient for beta  in WT KEDF is     0.8333
 rho0 (Electron/Bohr^3) in WGC KEDF is     0.0285
 hold0 =  F
  dV of each real space grid is now    4.9793399677356708E-002
 Cell length (Bohr)    5.302E+00   5.302E+00   8.658E+01
 Angle     (Degree)    9.000E+01   9.000E+01   6.000E+01
 Volume    (Bohr^3)    2.108E+03

 ------------------------------------------------------------------------------
                           SETUP EWALD 
 (Ewald) eta                             :   0.6867    
 (Ewald) Real Space Cutoff               :    7.503     (Bohr)
 (Ewald) Reciprocal Cutoff               :    7.703     (1/Bohr)

 ------------------------------------------------------------------------------
                           SETUP PLANE WAVE 
 Fill the 3D Wang-Teter kernel in G space

 ------------------------------------------------------------------------------
                           REFRESH ION POSITIONS
  
 Calculating Ion-Ion Energy ...                   complete.     0.006 s
  
 Calculating Ion-Electron Potential (spline) ... 
 complete.     0.006 s

 ------------------------------------------------------------------------------
                           DENSITY OPTIMIZATION
 Electron number for spin            1  is    59.999999999970150     
 Cell Volume      :           312.381276 Angstrom^3
 Ion number       :                   20
 Electron number  :            60.000000
 Ion density      :             0.064024 Ion/Angstrom^3
 Electron density :             0.192073 Electron/Angstrom^3
  
 Calculating Ion-Ion Forces ...                complete.     0.008 s
  
 Calculating Ion-Electron Forces (spline) ...  complete.     0.004 s
  ------ ION (GRADIENT METHOD) STEP            1  ------

 ------------------------------------------------------------------------------
                           REFRESH ION POSITIONS
  
 Calculating Ion-Ion Energy ...                   complete.     0.007 s
  
 Calculating Ion-Electron Potential (spline) ... 
 complete.     0.007 s

 ------------------------------------------------------------------------------
                           DENSITY OPTIMIZATION
 Electron number for spin            1  is    59.999999999999531     
 Cell Volume      :           312.381276 Angstrom^3
 Ion number       :                   20
 Electron number  :            60.000000
 Ion density      :             0.064024 Ion/Angstrom^3
 Electron density :             0.192073 Electron/Angstrom^3
  
 Calculating Ion-Ion Forces ...                complete.     0.007 s
  
 Calculating Ion-Electron Forces (spline) ...  complete.     0.004 s

 ------------------------------------------------------------------------------
                           REFRESH ION POSITIONS
  
 Calculating Ion-Ion Energy ...                   complete.     0.005 s
  
 Calculating Ion-Electron Potential (spline) ... 
 complete.     0.007 s

 ------------------------------------------------------------------------------
                           DENSITY OPTIMIZATION
 Electron number for spin            1  is    59.999999999998984     
 Cell Volume      :           312.381276 Angstrom^3
 Ion number       :                   20
 Electron number  :            60.000000
 Ion density      :             0.064024 Ion/Angstrom^3
 Electron density :             0.192073 Electron/Angstrom^3
  
 Calculating Ion-Ion Forces ...                complete.     0.007 s
  
 Calculating Ion-Electron Forces (spline) ...  complete.     0.005 s
  ------ ION (GRADIENT METHOD) STEP            2  ------

 ------------------------------------------------------------------------------
                           REFRESH ION POSITIONS
  
 Calculating Ion-Ion Energy ...                   complete.     0.005 s
  
 Calculating Ion-Electron Potential (spline) ... 
 complete.     0.007 s

 ------------------------------------------------------------------------------
                           DENSITY OPTIMIZATION
 Electron number for spin            1  is    59.999999999999083     
 Cell Volume      :           312.381276 Angstrom^3
 Ion number       :                   20
 Electron number  :            60.000000
 Ion density      :             0.064024 Ion/Angstrom^3
 Electron density :             0.192073 Electron/Angstrom^3
  
 Calculating Ion-Ion Forces ...                complete.     0.008 s
  
 Calculating Ion-Electron Forces (spline) ...  complete.     0.004 s

 ------------------------------------------------------------------------------
                           REFRESH ION POSITIONS
  
 Calculating Ion-Ion Energy ...                   complete.     0.006 s
  
 Calculating Ion-Electron Potential (spline) ... 
 complete.     0.007 s

 ------------------------------------------------------------------------------
                           DENSITY OPTIMIZATION
 Electron number for spin            1  is    59.999999999999005     
 Cell Volume      :           312.381276 Angstrom^3
 Ion number       :                   20
 Electron number  :            60.000000
 Ion density      :             0.064024 Ion/Angstrom^3
 Electron density :             0.192073 Electron/Angstrom^3
  
 Calculating Ion-Ion Forces ...                complete.     0.007 s
  
 Calculating Ion-Electron Forces (spline) ...  complete.     0.004 s
  ------ ION (GRADIENT METHOD) STEP            3  ------

 ------------------------------------------------------------------------------
                           REFRESH ION POSITIONS
  
 Calculating Ion-Ion Energy ...                   complete.     0.005 s
  
 Calculating Ion-Electron Potential (spline) ... 
 complete.     0.007 s

 ------------------------------------------------------------------------------
                           DENSITY OPTIMIZATION
 Electron number for spin            1  is    59.999999999999687     
 Cell Volume      :           312.381276 Angstrom^3
 Ion number       :                   20
 Electron number  :            60.000000
 Ion density      :             0.064024 Ion/Angstrom^3
 Electron density :             0.192073 Electron/Angstrom^3
  
 Calculating Ion-Ion Forces ...                complete.     0.008 s
  
 Calculating Ion-Electron Forces (spline) ...  complete.     0.004 s

 ------------------------------------------------------------------------------
                           REFRESH ION POSITIONS
  
 Calculating Ion-Ion Energy ...                   complete.     0.006 s
  
 Calculating Ion-Electron Potential (spline) ... 
 complete.     0.007 s

 ------------------------------------------------------------------------------
                           DENSITY OPTIMIZATION
 Electron number for spin            1  is    59.999999999999581     
 Cell Volume      :           312.381276 Angstrom^3
 Ion number       :                   20
 Electron number  :            60.000000
 Ion density      :             0.064024 Ion/Angstrom^3
 Electron density :             0.192073 Electron/Angstrom^3
  
 Calculating Ion-Ion Forces ...                complete.     0.008 s
  
 Calculating Ion-Electron Forces (spline) ...  complete.     0.004 s
  ------ ION (GRADIENT METHOD) STEP            4  ------

 ------------------------------------------------------------------------------
                           REFRESH ION POSITIONS
  
 Calculating Ion-Ion Energy ...                   complete.     0.006 s
  
 Calculating Ion-Electron Potential (spline) ... 
 complete.     0.007 s

 ------------------------------------------------------------------------------
                           DENSITY OPTIMIZATION
 Electron number for spin            1  is    59.999999999998863     
 Cell Volume      :           312.381276 Angstrom^3
 Ion number       :                   20
 Electron number  :            60.000000
 Ion density      :             0.064024 Ion/Angstrom^3
 Electron density :             0.192073 Electron/Angstrom^3
  
 Calculating Ion-Ion Forces ...                complete.     0.008 s
  
 Calculating Ion-Electron Forces (spline) ...  complete.     0.004 s

 ------------------------------------------------------------------------------
                           REFRESH ION POSITIONS
  
 Calculating Ion-Ion Energy ...                   complete.     0.006 s
  
 Calculating Ion-Electron Potential (spline) ... 
 complete.     0.007 s

 ------------------------------------------------------------------------------
                           DENSITY OPTIMIZATION
 Electron number for spin            1  is    59.999999999999808     
 Cell Volume      :           312.381276 Angstrom^3
 Ion number       :                   20
 Electron number  :            60.000000
 Ion density      :             0.064024 Ion/Angstrom^3
 Electron density :             0.192073 Electron/Angstrom^3
  
 Calculating Ion-Ion Forces ...                complete.     0.007 s
  
 Calculating Ion-Electron Forces (spline) ...  complete.     0.004 s
  ------ ION (GRADIENT METHOD) STEP            5  ------

 ------------------------------------------------------------------------------
                           REFRESH ION POSITIONS
  
 Calculating Ion-Ion Energy ...                   complete.     0.005 s
  
 Calculating Ion-Electron Potential (spline) ... 
 complete.     0.006 s

 ------------------------------------------------------------------------------
                           DENSITY OPTIMIZATION
 Electron number for spin            1  is    60.000000000000057     
 Cell Volume      :           312.381276 Angstrom^3
 Ion number       :                   20
 Electron number  :            60.000000
 Ion density      :             0.064024 Ion/Angstrom^3
 Electron density :             0.192073 Electron/Angstrom^3
  
 Calculating Ion-Ion Forces ...                complete.     0.007 s
  
 Calculating Ion-Electron Forces (spline) ...  complete.     0.004 s

 ------------------------------------------------------------------------------
                           REFRESH ION POSITIONS
  
 Calculating Ion-Ion Energy ...                   complete.     0.006 s
  
 Calculating Ion-Electron Potential (spline) ... 
 complete.     0.007 s

 ------------------------------------------------------------------------------
                           DENSITY OPTIMIZATION
 Electron number for spin            1  is    59.999999999999169     
 Cell Volume      :           312.381276 Angstrom^3
 Ion number       :                   20
 Electron number  :            60.000000
 Ion density      :             0.064024 Ion/Angstrom^3
 Electron density :             0.192073 Electron/Angstrom^3
  
 Calculating Ion-Ion Forces ...                complete.     0.008 s
  
 Calculating Ion-Electron Forces (spline) ...  complete.     0.004 s
  ------ ION (GRADIENT METHOD) STEP            6  ------

 ------------------------------------------------------------------------------
                           REFRESH ION POSITIONS
  
 Calculating Ion-Ion Energy ...                   complete.     0.006 s
  
 Calculating Ion-Electron Potential (spline) ... 
 complete.     0.006 s

 ------------------------------------------------------------------------------
                           DENSITY OPTIMIZATION
 Electron number for spin            1  is    59.999999999999595     
 Cell Volume      :           312.381276 Angstrom^3
 Ion number       :                   20
 Electron number  :            60.000000
 Ion density      :             0.064024 Ion/Angstrom^3
 Electron density :             0.192073 Electron/Angstrom^3
  
 Calculating Ion-Ion Forces ...                complete.     0.007 s
  
 Calculating Ion-Electron Forces (spline) ...  complete.     0.004 s

 ------------------------------------------------------------------------------
                           REFRESH ION POSITIONS
  
 Calculating Ion-Ion Energy ...                   complete.     0.006 s
  
 Calculating Ion-Electron Potential (spline) ... 
 complete.     0.007 s

 ------------------------------------------------------------------------------
                           DENSITY OPTIMIZATION
 Electron number for spin            1  is    59.999999999999652     
 Cell Volume      :           312.381276 Angstrom^3
 Ion number       :                   20
 Electron number  :            60.000000
 Ion density      :             0.064024 Ion/Angstrom^3
 Electron density :             0.192073 Electron/Angstrom^3
  
 Calculating Ion-Ion Forces ...                complete.     0.008 s
  
 Calculating Ion-Electron Forces (spline) ...  complete.     0.005 s
  ------ ION (GRADIENT METHOD) STEP            7  ------

 ------------------------------------------------------------------------------
                           REFRESH ION POSITIONS
  
 Calculating Ion-Ion Energy ...                   complete.     0.006 s
  
 Calculating Ion-Electron Potential (spline) ... 
 complete.     0.006 s

 ------------------------------------------------------------------------------
                           DENSITY OPTIMIZATION
 Electron number for spin            1  is    59.999999999999652     
 Cell Volume      :           312.381276 Angstrom^3
 Ion number       :                   20
 Electron number  :            60.000000
 Ion density      :             0.064024 Ion/Angstrom^3
 Electron density :             0.192073 Electron/Angstrom^3
  
 Calculating Ion-Ion Forces ...                complete.     0.007 s
  
 Calculating Ion-Electron Forces (spline) ...  complete.     0.004 s

 ------------------------------------------------------------------------------
                           REFRESH ION POSITIONS
  
 Calculating Ion-Ion Energy ...                   complete.     0.006 s
  
 Calculating Ion-Electron Potential (spline) ... 
 complete.     0.007 s

 ------------------------------------------------------------------------------
                           DENSITY OPTIMIZATION
 Electron number for spin            1  is    59.999999999999233     
 Cell Volume      :           312.381276 Angstrom^3
 Ion number       :                   20
 Electron number  :            60.000000
 Ion density      :             0.064024 Ion/Angstrom^3
 Electron density :             0.192073 Electron/Angstrom^3
  
 Calculating Ion-Ion Forces ...                complete.     0.007 s
  
 Calculating Ion-Electron Forces (spline) ...  complete.     0.005 s
  ------ ION (GRADIENT METHOD) STEP            8  ------
  
 Calculating Ion-Electron Stress (spline) ...  complete.     0.008 s
  
 Calculating Ion-Ion Stress ...                complete.     0.004 s
  
 ------------------------------------------------------------------------------
                         LATTICE VECTORS (Angstrom)
 LAT 1           2.805800        0.000000        0.000000
 LAT 2           1.402900        2.429894        0.000000
 LAT 3           0.000000        0.000000       45.818517
 ------------------------------------------------------------------------------
                                STRESS (GPa)
 ST_GPa 1       -1.143387        0.019957       -0.000001
 ST_GPa 2        0.019957       -1.166431       -0.000001
 ST_GPa 3       -0.000001       -0.000001       -1.525634
  
 --------------------------------------------------
 STRESS (a.u.)
 --------------------------------------------------
 ST_AU  1  -3.8862949210E-05   6.7832503485E-07  -3.6497214537E-11
 ST_AU  2   6.7832503485E-07  -3.9646189264E-05  -3.2270003966E-11
 ST_AU  3  -3.6497214537E-11  -3.2270003966E-11  -5.1855249171E-05
; Cell optimization at step  1, max(stress):  0.5186E-04, total energy:  -42.577744    ;
  dV of each real space grid is now    4.9802112272839538E-002
 Cell length (Bohr)    5.302E+00   5.302E+00   8.660E+01
 Angle     (Degree)    9.000E+01   9.000E+01   6.000E+01
 Volume    (Bohr^3)    2.108E+03
  dV of each real space grid is now    4.9802112272839538E-002
 Cell length (Bohr)    5.302E+00   5.302E+00   8.660E+01
 Angle     (Degree)    9.000E+01   9.000E+01   6.000E+01
 Volume    (Bohr^3)    2.108E+03

 ------------------------------------------------------------------------------
                           SETUP EWALD 
 (Ewald) eta                             :   0.6867    
 (Ewald) Real Space Cutoff               :    7.503     (Bohr)
 (Ewald) Reciprocal Cutoff               :    7.703     (1/Bohr)

 ------------------------------------------------------------------------------
                           SETUP PLANE WAVE 
 Fill the 3D Wang-Teter kernel in G space

 ------------------------------------------------------------------------------
                           REFRESH ION POSITIONS
  
 Calculating Ion-Ion Energy ...                   complete.     0.006 s
  
 Calculating Ion-Electron Potential (spline) ... 
 complete.     0.006 s
 Rescale the total density from   2.988650 to         60

 ------------------------------------------------------------------------------
                           DENSITY OPTIMIZATION
 Electron number for spin            1  is    59.999999999999744     
 Cell Volume      :           312.435935 Angstrom^3
 Ion number       :                   20
 Electron number  :            60.000000
 Ion density      :             0.064013 Ion/Angstrom^3
 Electron density :             0.192039 Electron/Angstrom^3
  
 Calculating Ion-Ion Forces ...                complete.     0.007 s
  
 Calculating Ion-Electron Forces (spline) ...  complete.     0.004 s
  ------ ION (GRADIENT METHOD) STEP            1  ------
  
 Calculating Ion-Electron Stress (spline) ...  complete.     0.009 s
  
 Calculating Ion-Ion Stress ...                complete.     0.004 s
  
 ------------------------------------------------------------------------------
                         LATTICE VECTORS (Angstrom)
 LAT 1           2.805800        0.000000        0.000000
 LAT 2           1.402900        2.429894        0.000000
 LAT 3           0.000000        0.000000       45.826534
 ------------------------------------------------------------------------------
                                STRESS (GPa)
 ST_GPa 1       -1.131768        0.019823       -0.000001
 ST_GPa 2        0.019823       -1.154657       -0.000001
 ST_GPa 3       -0.000001       -0.000001       -1.501194
  
 --------------------------------------------------
 STRESS (a.u.)
 --------------------------------------------------
 ST_AU  1  -3.8468030032E-05   6.7377654365E-07  -3.7329899153E-11
 ST_AU  2   6.7377654365E-07  -3.9246017909E-05  -3.2827060261E-11
 ST_AU  3  -3.7329899153E-11  -3.2827060261E-11  -5.1024554497E-05
; Cell optimization at step  2, max(stress):  0.5102E-04, total energy:  -42.577763    ;
  dV of each real space grid is now    4.9812399901809835E-002
 Cell length (Bohr)    5.302E+00   5.302E+00   8.662E+01
 Angle     (Degree)    9.000E+01   9.000E+01   6.000E+01
 Volume    (Bohr^3)    2.109E+03
  dV of each real space grid is now    4.9812399901809835E-002
 Cell length (Bohr)    5.302E+00   5.302E+00   8.662E+01
 Angle     (Degree)    9.000E+01   9.000E+01   6.000E+01
 Volume    (Bohr^3)    2.109E+03

 ------------------------------------------------------------------------------
                           SETUP EWALD 
 (Ewald) eta                             :   0.6867    
 (Ewald) Real Space Cutoff               :    7.503     (Bohr)
 (Ewald) Reciprocal Cutoff               :    7.703     (1/Bohr)

 ------------------------------------------------------------------------------
                           SETUP PLANE WAVE 
 Fill the 3D Wang-Teter kernel in G space

 ------------------------------------------------------------------------------
                           REFRESH ION POSITIONS
  
 Calculating Ion-Ion Energy ...                   complete.     0.006 s
  
 Calculating Ion-Electron Potential (spline) ... 
 complete.     0.006 s
 Rescale the total density from   2.989361 to         60

 ------------------------------------------------------------------------------
                           DENSITY OPTIMIZATION
 Electron number for spin            1  is    59.999999999999837     
 Cell Volume      :           312.500475 Angstrom^3
 Ion number       :                   20
 Electron number  :            60.000000
 Ion density      :             0.064000 Ion/Angstrom^3
 Electron density :             0.192000 Electron/Angstrom^3
  
 Calculating Ion-Ion Forces ...                complete.     0.008 s
  
 Calculating Ion-Electron Forces (spline) ...  complete.     0.004 s
  ------ ION (GRADIENT METHOD) STEP            1  ------
  
 Calculating Ion-Electron Stress (spline) ...  complete.     0.009 s
  
 Calculating Ion-Ion Stress ...                complete.     0.005 s
  
 ------------------------------------------------------------------------------
                         LATTICE VECTORS (Angstrom)
 LAT 1           2.805800        0.000000        0.000000
 LAT 2           1.402900        2.429894        0.000000
 LAT 3           0.000000        0.000000       45.836001
 ------------------------------------------------------------------------------
                                STRESS (GPa)
 ST_GPa 1       -1.118126        0.019666       -0.000001
 ST_GPa 2        0.019666       -1.140834       -0.000001
 ST_GPa 3       -0.000001       -0.000001       -1.472271
  
 --------------------------------------------------
 STRESS (a.u.)
 --------------------------------------------------
 ST_AU  1  -3.8004333743E-05   6.6843384264E-07  -3.7300590327E-11
 ST_AU  2   6.6843384264E-07  -3.8776152513E-05  -3.2915672266E-11
 ST_AU  3  -3.7300590327E-11  -3.2915672266E-11  -5.0041499155E-05
; Cell optimization at step  3, max(stress):  0.5004E-04, total energy:  -42.577785    ;
  dV of each real space grid is now    4.9824507210884793E-002
 Cell length (Bohr)    5.302E+00   5.302E+00   8.664E+01
 Angle     (Degree)    9.000E+01   9.000E+01   6.000E+01
 Volume    (Bohr^3)    2.109E+03
  dV of each real space grid is now    4.9824507210884793E-002
 Cell length (Bohr)    5.302E+00   5.302E+00   8.664E+01
 Angle     (Degree)    9.000E+01   9.000E+01   6.000E+01
 Volume    (Bohr^3)    2.109E+03

 ------------------------------------------------------------------------------
                           SETUP EWALD 
 (Ewald) eta                             :   0.6867    
 (Ewald) Real Space Cutoff               :    7.503     (Bohr)
 (Ewald) Reciprocal Cutoff               :    7.703     (1/Bohr)

 ------------------------------------------------------------------------------
                           SETUP PLANE WAVE 
 Fill the 3D Wang-Teter kernel in G space

 ------------------------------------------------------------------------------
                           REFRESH ION POSITIONS
  
 Calculating Ion-Ion Energy ...                   complete.     0.006 s
  
 Calculating Ion-Electron Potential (spline) ... 
 complete.     0.007 s
 Rescale the total density from   2.990197 to         60

 ------------------------------------------------------------------------------
                           DENSITY OPTIMIZATION
 Electron number for spin            1  is    60.000000000000213     
 Cell Volume      :           312.576431 Angstrom^3
 Ion number       :                   20
 Electron number  :            60.000000
 Ion density      :             0.063984 Ion/Angstrom^3
 Electron density :             0.191953 Electron/Angstrom^3
  
 Calculating Ion-Ion Forces ...                complete.     0.008 s
  
 Calculating Ion-Electron Forces (spline) ...  complete.     0.004 s
  ------ ION (GRADIENT METHOD) STEP            1  ------
  
 Calculating Ion-Electron Stress (spline) ...  complete.     0.009 s
  
 Calculating Ion-Ion Stress ...                complete.     0.004 s
  
 ------------------------------------------------------------------------------
                         LATTICE VECTORS (Angstrom)
 LAT 1           2.805800        0.000000        0.000000
 LAT 2           1.402900        2.429894        0.000000
 LAT 3           0.000000        0.000000       45.847142
 ------------------------------------------------------------------------------
                                STRESS (GPa)
 ST_GPa 1       -1.101853        0.019482       -0.000001
 ST_GPa 2        0.019482       -1.124348       -0.000001
 ST_GPa 3       -0.000001       -0.000001       -1.438636
  
 --------------------------------------------------
 STRESS (a.u.)
 --------------------------------------------------
 ST_AU  1  -3.7451221613E-05   6.6218975306E-07  -3.7348645876E-11
 ST_AU  2   6.6218975306E-07  -3.8215830407E-05  -3.3096214942E-11
 ST_AU  3  -3.7348645876E-11  -3.3096214942E-11  -4.8898247947E-05
; Cell optimization at step  4, max(stress):  0.4890E-04, total energy:  -42.577811    ;
  dV of each real space grid is now    4.9838704056569656E-002
 Cell length (Bohr)    5.302E+00   5.302E+00   8.666E+01
 Angle     (Degree)    9.000E+01   9.000E+01   6.000E+01
 Volume    (Bohr^3)    2.110E+03
  dV of each real space grid is now    4.9838704056569656E-002
 Cell length (Bohr)    5.302E+00   5.302E+00   8.666E+01
 Angle     (Degree)    9.000E+01   9.000E+01   6.000E+01
 Volume    (Bohr^3)    2.110E+03

 ------------------------------------------------------------------------------
                           SETUP EWALD 
 (Ewald) eta                             :   0.6867    
 (Ewald) Real Space Cutoff               :    7.503     (Bohr)
 (Ewald) Reciprocal Cutoff               :    7.703     (1/Bohr)

 ------------------------------------------------------------------------------
                           SETUP PLANE WAVE 
 Fill the 3D Wang-Teter kernel in G space

 ------------------------------------------------------------------------------
                           REFRESH ION POSITIONS
  
 Calculating Ion-Ion Energy ...                   complete.     0.006 s
  
 Calculating Ion-Electron Potential (spline) ... 
 complete.     0.007 s
 Rescale the total density from   2.991174 to         60

 ------------------------------------------------------------------------------
                           DENSITY OPTIMIZATION
 Electron number for spin            1  is    59.999999999999275     
 Cell Volume      :           312.665495 Angstrom^3
 Ion number       :                   20
 Electron number  :            60.000000
 Ion density      :             0.063966 Ion/Angstrom^3
 Electron density :             0.191898 Electron/Angstrom^3
  
 Calculating Ion-Ion Forces ...                complete.     0.007 s
  
 Calculating Ion-Electron Forces (spline) ...  complete.     0.004 s
  ------ ION (GRADIENT METHOD) STEP            1  ------
  
 Calculating Ion-Electron Stress (spline) ...  complete.     0.009 s
  
 Calculating Ion-Ion Stress ...                complete.     0.004 s
  
 ------------------------------------------------------------------------------
                         LATTICE VECTORS (Angstrom)
 LAT 1           2.805800        0.000000        0.000000
 LAT 2           1.402900        2.429894        0.000000
 LAT 3           0.000000        0.000000       45.860205
 ------------------------------------------------------------------------------
                                STRESS (GPa)
 ST_GPa 1       -1.082940        0.019265       -0.000001
 ST_GPa 2        0.019265       -1.105185       -0.000001
 ST_GPa 3       -0.000001       -0.000001       -1.399100
  
 --------------------------------------------------
 STRESS (a.u.)
 --------------------------------------------------
 ST_AU  1  -3.6808387587E-05   6.5481078264E-07  -3.7407391455E-11
 ST_AU  2   6.5481078264E-07  -3.7564476115E-05  -3.3379835401E-11
 ST_AU  3  -3.7407391455E-11  -3.3379835401E-11  -4.7554454691E-05
; Cell optimization at step  5, max(stress):  0.4755E-04, total energy:  -42.577840    ;
  dV of each real space grid is now    4.9855272092028169E-002
 Cell length (Bohr)    5.302E+00   5.302E+00   8.669E+01
 Angle     (Degree)    9.000E+01   9.000E+01   6.000E+01
 Volume    (Bohr^3)    2.111E+03
  dV of each real space grid is now    4.9855272092028169E-002
 Cell length (Bohr)    5.302E+00   5.302E+00   8.669E+01
 Angle     (Degree)    9.000E+01   9.000E+01   6.000E+01
 Volume    (Bohr^3)    2.111E+03

 ------------------------------------------------------------------------------
                           SETUP EWALD 
 (Ewald) eta                             :   0.6867    
 (Ewald) Real Space Cutoff               :    7.503     (Bohr)
 (Ewald) Reciprocal Cutoff               :    7.703     (1/Bohr)

 ------------------------------------------------------------------------------
                           SETUP PLANE WAVE 
 Fill the 3D Wang-Teter kernel in G space

 ------------------------------------------------------------------------------
                           REFRESH ION POSITIONS
  
 Calculating Ion-Ion Energy ...                   complete.     0.006 s
  
 Calculating Ion-Electron Potential (spline) ... 
 complete.     0.007 s
 Rescale the total density from   2.992311 to         60

 ------------------------------------------------------------------------------
                           DENSITY OPTIMIZATION
 Electron number for spin            1  is    60.000000000000917     
 Cell Volume      :           312.769436 Angstrom^3
 Ion number       :                   20
 Electron number  :            60.000000
 Ion density      :             0.063945 Ion/Angstrom^3
 Electron density :             0.191835 Electron/Angstrom^3
  
 Calculating Ion-Ion Forces ...                complete.     0.008 s
  
 Calculating Ion-Electron Forces (spline) ...  complete.     0.004 s
  ------ ION (GRADIENT METHOD) STEP            1  ------

 ------------------------------------------------------------------------------
                           REFRESH ION POSITIONS
  
 Calculating Ion-Ion Energy ...                   complete.     0.006 s
  
 Calculating Ion-Electron Potential (spline) ... 
 complete.     0.007 s

 ------------------------------------------------------------------------------
                           DENSITY OPTIMIZATION
 Electron number for spin            1  is    60.000000000000313     
 Cell Volume      :           312.769436 Angstrom^3
 Ion number       :                   20
 Electron number  :            60.000000
 Ion density      :             0.063945 Ion/Angstrom^3
 Electron density :             0.191835 Electron/Angstrom^3
  
 Calculating Ion-Ion Forces ...                complete.     0.007 s
  
 Calculating Ion-Electron Forces (spline) ...  complete.     0.004 s

 ------------------------------------------------------------------------------
                           REFRESH ION POSITIONS
  
 Calculating Ion-Ion Energy ...                   complete.     0.006 s
  
 Calculating Ion-Electron Potential (spline) ... 
 complete.     0.007 s

 ------------------------------------------------------------------------------
                           DENSITY OPTIMIZATION
 Electron number for spin            1  is    60.000000000000696     
 Cell Volume      :           312.769436 Angstrom^3
 Ion number       :                   20
 Electron number  :            60.000000
 Ion density      :             0.063945 Ion/Angstrom^3
 Electron density :             0.191835 Electron/Angstrom^3
  
 Calculating Ion-Ion Forces ...                complete.     0.007 s
  
 Calculating Ion-Electron Forces (spline) ...  complete.     0.004 s
  ------ ION (GRADIENT METHOD) STEP            2  ------
  
 Calculating Ion-Electron Stress (spline) ...  complete.     0.009 s
  
 Calculating Ion-Ion Stress ...                complete.     0.004 s
  
 ------------------------------------------------------------------------------
                         LATTICE VECTORS (Angstrom)
 LAT 1           2.805800        0.000000        0.000000
 LAT 2           1.402900        2.429894        0.000000
 LAT 3           0.000000        0.000000       45.875451
 ------------------------------------------------------------------------------
                                STRESS (GPa)
 ST_GPa 1       -1.060836        0.019036       -0.000001
 ST_GPa 2        0.019036       -1.082816       -0.000001
 ST_GPa 3       -0.000001       -0.000001       -1.353361
  
 --------------------------------------------------
 STRESS (a.u.)
 --------------------------------------------------
 ST_AU  1  -3.6057084172E-05   6.4703095569E-07  -3.7185317352E-11
 ST_AU  2   6.4703095569E-07  -3.6804188246E-05  -3.3785011571E-11
 ST_AU  3  -3.7185317352E-11  -3.3785011571E-11  -4.5999798468E-05
; Cell optimization at step  6, max(stress):  0.4600E-04, total energy:  -42.577873    ;
  dV of each real space grid is now    4.9874503761415688E-002
 Cell length (Bohr)    5.302E+00   5.302E+00   8.673E+01
 Angle     (Degree)    9.000E+01   9.000E+01   6.000E+01
 Volume    (Bohr^3)    2.111E+03
  dV of each real space grid is now    4.9874503761415688E-002
 Cell length (Bohr)    5.302E+00   5.302E+00   8.673E+01
 Angle     (Degree)    9.000E+01   9.000E+01   6.000E+01
 Volume    (Bohr^3)    2.111E+03

 ------------------------------------------------------------------------------
                           SETUP EWALD 
 (Ewald) eta                             :   0.6867    
 (Ewald) Real Space Cutoff               :    7.503     (Bohr)
 (Ewald) Reciprocal Cutoff               :    7.703     (1/Bohr)

 ------------------------------------------------------------------------------
                           SETUP PLANE WAVE 
 Fill the 3D Wang-Teter kernel in G space

 ------------------------------------------------------------------------------
                           REFRESH ION POSITIONS
  
 Calculating Ion-Ion Energy ...                   complete.     0.006 s
  
 Calculating Ion-Electron Potential (spline) ... 
 complete.     0.006 s
 Rescale the total density from   2.993625 to         60

 ------------------------------------------------------------------------------
                           DENSITY OPTIMIZATION
 Electron number for spin            1  is    60.000000000000476     
 Cell Volume      :           312.890087 Angstrom^3
 Ion number       :                   20
 Electron number  :            60.000000
 Ion density      :             0.063920 Ion/Angstrom^3
 Electron density :             0.191761 Electron/Angstrom^3
  
 Calculating Ion-Ion Forces ...                complete.     0.008 s
  
 Calculating Ion-Electron Forces (spline) ...  complete.     0.004 s
  ------ ION (GRADIENT METHOD) STEP            1  ------
  
 Calculating Ion-Electron Stress (spline) ...  complete.     0.009 s
  
 Calculating Ion-Ion Stress ...                complete.     0.005 s
  
 ------------------------------------------------------------------------------
                         LATTICE VECTORS (Angstrom)
 LAT 1           2.805800        0.000000        0.000000
 LAT 2           1.402900        2.429894        0.000000
 LAT 3           0.000000        0.000000       45.893147
 ------------------------------------------------------------------------------
                                STRESS (GPa)
 ST_GPa 1       -1.035658        0.018737       -0.000001
 ST_GPa 2        0.018737       -1.057293       -0.000001
 ST_GPa 3       -0.000001       -0.000001       -1.299776
  
 --------------------------------------------------
 STRESS (a.u.)
 --------------------------------------------------
 ST_AU  1  -3.5201312690E-05   6.3685195385E-07  -3.7952053560E-11
 ST_AU  2   6.3685195385E-07  -3.5936664301E-05  -3.3964655762E-11
 ST_AU  3  -3.7952053560E-11  -3.3964655762E-11  -4.4178502318E-05
; Cell optimization at step  7, max(stress):  0.4418E-04, total energy:  -42.577909    ;
  dV of each real space grid is now    4.9896668024188455E-002
 Cell length (Bohr)    5.302E+00   5.302E+00   8.676E+01
 Angle     (Degree)    9.000E+01   9.000E+01   6.000E+01
 Volume    (Bohr^3)    2.112E+03
  dV of each real space grid is now    4.9896668024188455E-002
 Cell length (Bohr)    5.302E+00   5.302E+00   8.676E+01
 Angle     (Degree)    9.000E+01   9.000E+01   6.000E+01
 Volume    (Bohr^3)    2.112E+03

 ------------------------------------------------------------------------------
                           SETUP EWALD 
 (Ewald) eta                             :   0.6867    
 (Ewald) Real Space Cutoff               :    7.503     (Bohr)
 (Ewald) Reciprocal Cutoff               :    7.703     (1/Bohr)

 ------------------------------------------------------------------------------
                           SETUP PLANE WAVE 
 Fill the 3D Wang-Teter kernel in G space

 ------------------------------------------------------------------------------
                           REFRESH ION POSITIONS
  
 Calculating Ion-Ion Energy ...                   complete.     0.006 s
  
 Calculating Ion-Electron Potential (spline) ... 
 complete.     0.007 s
 Rescale the total density from   2.995131 to         60

 ------------------------------------------------------------------------------
                           DENSITY OPTIMIZATION
 Electron number for spin            1  is    60.000000000000306     
 Cell Volume      :           313.029135 Angstrom^3
 Ion number       :                   20
 Electron number  :            60.000000
 Ion density      :             0.063892 Ion/Angstrom^3
 Electron density :             0.191675 Electron/Angstrom^3
  
 Calculating Ion-Ion Forces ...                complete.     0.007 s
  
 Calculating Ion-Electron Forces (spline) ...  complete.     0.004 s
  ------ ION (GRADIENT METHOD) STEP            1  ------
  
 Calculating Ion-Electron Stress (spline) ...  complete.     0.009 s
  
 Calculating Ion-Ion Stress ...                complete.     0.005 s
  
 ------------------------------------------------------------------------------
                         LATTICE VECTORS (Angstrom)
 LAT 1           2.805800        0.000000        0.000000
 LAT 2           1.402900        2.429894        0.000000
 LAT 3           0.000000        0.000000       45.913542
 ------------------------------------------------------------------------------
                                STRESS (GPa)
 ST_GPa 1       -1.006089        0.018393       -0.000001
 ST_GPa 2        0.018393       -1.027327       -0.000001
 ST_GPa 3       -0.000001       -0.000001       -1.239013
  
 --------------------------------------------------
 STRESS (a.u.)
 --------------------------------------------------
 ST_AU  1  -3.4196284474E-05   6.2515593556E-07  -3.7898498024E-11
 ST_AU  2   6.2515593556E-07  -3.4918130298E-05  -3.4348588438E-11
 ST_AU  3  -3.7898498024E-11  -3.4348588438E-11  -4.2113212794E-05
; Cell optimization at step  8, max(stress):  0.4211E-04, total energy:  -42.577950    ;
  dV of each real space grid is now    4.9922021757762801E-002
 Cell length (Bohr)    5.302E+00   5.302E+00   8.681E+01
 Angle     (Degree)    9.000E+01   9.000E+01   6.000E+01
 Volume    (Bohr^3)    2.113E+03
  dV of each real space grid is now    4.9922021757762801E-002
 Cell length (Bohr)    5.302E+00   5.302E+00   8.681E+01
 Angle     (Degree)    9.000E+01   9.000E+01   6.000E+01
 Volume    (Bohr^3)    2.113E+03

 ------------------------------------------------------------------------------
                           SETUP EWALD 
 (Ewald) eta                             :   0.6867    
 (Ewald) Real Space Cutoff               :    7.503     (Bohr)
 (Ewald) Reciprocal Cutoff               :    7.703     (1/Bohr)

 ------------------------------------------------------------------------------
                           SETUP PLANE WAVE 
 Fill the 3D Wang-Teter kernel in G space

 ------------------------------------------------------------------------------
                           REFRESH ION POSITIONS
  
 Calculating Ion-Ion Energy ...                   complete.     0.005 s
  
 Calculating Ion-Electron Potential (spline) ... 
 complete.     0.006 s
 Rescale the total density from   2.996843 to         60

 ------------------------------------------------------------------------------
                           DENSITY OPTIMIZATION
 Electron number for spin            1  is    60.000000000000341     
 Cell Volume      :           313.188193 Angstrom^3
 Ion number       :                   20
 Electron number  :            60.000000
 Ion density      :             0.063859 Ion/Angstrom^3
 Electron density :             0.191578 Electron/Angstrom^3
  
 Calculating Ion-Ion Forces ...                complete.     0.007 s
  
 Calculating Ion-Electron Forces (spline) ...  complete.     0.004 s
  ------ ION (GRADIENT METHOD) STEP            1  ------
  
 Calculating Ion-Electron Stress (spline) ...  complete.     0.010 s
  
 Calculating Ion-Ion Stress ...                complete.     0.005 s
  
 ------------------------------------------------------------------------------
                         LATTICE VECTORS (Angstrom)
 LAT 1           2.805800        0.000000        0.000000
 LAT 2           1.402900        2.429894        0.000000
 LAT 3           0.000000        0.000000       45.936872
 ------------------------------------------------------------------------------
                                STRESS (GPa)
 ST_GPa 1       -0.972683        0.017992       -0.000001
 ST_GPa 2        0.017992       -0.993457       -0.000001
 ST_GPa 3       -0.000001       -0.000001       -1.169352
  
 --------------------------------------------------
 STRESS (a.u.)
 --------------------------------------------------
 ST_AU  1  -3.3060819801E-05   6.1152140525E-07  -3.7991179655E-11
 ST_AU  2   6.1152140525E-07  -3.3766922503E-05  -3.4655514078E-11
 ST_AU  3  -3.7991179655E-11  -3.4655514078E-11  -3.9745467225E-05
; Cell optimization at step  9, max(stress):  0.3975E-04, total energy:  -42.577994    ;
  dV of each real space grid is now    4.9950735672089526E-002
 Cell length (Bohr)    5.302E+00   5.302E+00   8.686E+01
 Angle     (Degree)    9.000E+01   9.000E+01   6.000E+01
 Volume    (Bohr^3)    2.115E+03
  dV of each real space grid is now    4.9950735672089526E-002
 Cell length (Bohr)    5.302E+00   5.302E+00   8.686E+01
 Angle     (Degree)    9.000E+01   9.000E+01   6.000E+01
 Volume    (Bohr^3)    2.115E+03

 ------------------------------------------------------------------------------
                           SETUP EWALD 
 (Ewald) eta                             :   0.6867    
 (Ewald) Real Space Cutoff               :    7.503     (Bohr)
 (Ewald) Reciprocal Cutoff               :    7.703     (1/Bohr)

 ------------------------------------------------------------------------------
                           SETUP PLANE WAVE 
 Fill the 3D Wang-Teter kernel in G space

 ------------------------------------------------------------------------------
                           REFRESH ION POSITIONS
  
 Calculating Ion-Ion Energy ...                   complete.     0.006 s
  
 Calculating Ion-Electron Potential (spline) ... 
 complete.     0.007 s
 Rescale the total density from   2.998768 to         60

 ------------------------------------------------------------------------------
                           DENSITY OPTIMIZATION
 Electron number for spin            1  is    59.999999999999915     
 Cell Volume      :           313.368331 Angstrom^3
 Ion number       :                   20
 Electron number  :            60.000000
 Ion density      :             0.063823 Ion/Angstrom^3
 Electron density :             0.191468 Electron/Angstrom^3
  
 Calculating Ion-Ion Forces ...                complete.     0.007 s
  
 Calculating Ion-Electron Forces (spline) ...  complete.     0.005 s
  ------ ION (GRADIENT METHOD) STEP            1  ------
  
 Calculating Ion-Electron Stress (spline) ...  complete.     0.009 s
  
 Calculating Ion-Ion Stress ...                complete.     0.005 s
  
 ------------------------------------------------------------------------------
                         LATTICE VECTORS (Angstrom)
 LAT 1           2.805800        0.000000        0.000000
 LAT 2           1.402900        2.429894        0.000000
 LAT 3           0.000000        0.000000       45.963294
 ------------------------------------------------------------------------------
                                STRESS (GPa)
 ST_GPa 1       -0.934853        0.017529       -0.000001
 ST_GPa 2        0.017529       -0.955093       -0.000001
 ST_GPa 3       -0.000001       -0.000001       -1.091045
  
 --------------------------------------------------
 STRESS (a.u.)
 --------------------------------------------------
 ST_AU  1  -3.1774998938E-05   5.9580818367E-07  -3.8042958542E-11
 ST_AU  2   5.9580818367E-07  -3.2462957270E-05  -3.5076915487E-11
 ST_AU  3  -3.8042958542E-11  -3.5076915487E-11  -3.7083867096E-05
; Cell optimization at step 10, max(stress):  0.3708E-04, total energy:  -42.578040    ;
  dV of each real space grid is now    4.9982884937614692E-002
 Cell length (Bohr)    5.302E+00   5.302E+00   8.691E+01
 Angle     (Degree)    9.000E+01   9.000E+01   6.000E+01
 Volume    (Bohr^3)    2.116E+03
  dV of each real space grid is now    4.9982884937614692E-002
 Cell length (Bohr)    5.302E+00   5.302E+00   8.691E+01
 Angle     (Degree)    9.000E+01   9.000E+01   6.000E+01
 Volume    (Bohr^3)    2.116E+03

 ------------------------------------------------------------------------------
                           SETUP EWALD 
 (Ewald) eta                             :   0.6867    
 (Ewald) Real Space Cutoff               :    7.503     (Bohr)
 (Ewald) Reciprocal Cutoff               :    7.703     (1/Bohr)

 ------------------------------------------------------------------------------
                           SETUP PLANE WAVE 
 Fill the 3D Wang-Teter kernel in G space

 ------------------------------------------------------------------------------
                           REFRESH ION POSITIONS
  
 Calculating Ion-Ion Energy ...                   complete.     0.006 s
  
 Calculating Ion-Electron Potential (spline) ... 
 complete.     0.006 s
 Rescale the total density from   3.000903 to         60

 ------------------------------------------------------------------------------
                           DENSITY OPTIMIZATION
 Electron number for spin            1  is    59.999999999999744     
 Cell Volume      :           313.570021 Angstrom^3
 Ion number       :                   20
 Electron number  :            60.000000
 Ion density      :             0.063782 Ion/Angstrom^3
 Electron density :             0.191345 Electron/Angstrom^3
  
 Calculating Ion-Ion Forces ...                complete.     0.007 s
  
 Calculating Ion-Electron Forces (spline) ...  complete.     0.005 s
  ------ ION (GRADIENT METHOD) STEP            1  ------
  
 Calculating Ion-Electron Stress (spline) ...  complete.     0.010 s
  
 Calculating Ion-Ion Stress ...                complete.     0.004 s
  
 ------------------------------------------------------------------------------
                         LATTICE VECTORS (Angstrom)
 LAT 1           2.805800        0.000000        0.000000
 LAT 2           1.402900        2.429894        0.000000
 LAT 3           0.000000        0.000000       45.992876
 ------------------------------------------------------------------------------
                                STRESS (GPa)
 ST_GPa 1       -0.892469        0.016999       -0.000001
 ST_GPa 2        0.016999       -0.912097       -0.000001
 ST_GPa 3       -0.000001       -0.000001       -1.004162
  
 --------------------------------------------------
 STRESS (a.u.)
 --------------------------------------------------
 ST_AU  1  -3.0334402355E-05   5.7778773495E-07  -3.8004964093E-11
 ST_AU  2   5.7778773495E-07  -3.1001552882E-05  -3.5470512722E-11
 ST_AU  3  -3.8004964093E-11  -3.5470512722E-11  -3.4130766239E-05
; Cell optimization at step 11, max(stress):  0.3413E-04, total energy:  -42.578089    ;
  dV of each real space grid is now    5.0018391883970670E-002
 Cell length (Bohr)    5.302E+00   5.302E+00   8.698E+01
 Angle     (Degree)    9.000E+01   9.000E+01   6.000E+01
 Volume    (Bohr^3)    2.118E+03
  dV of each real space grid is now    5.0018391883970670E-002
 Cell length (Bohr)    5.302E+00   5.302E+00   8.698E+01
 Angle     (Degree)    9.000E+01   9.000E+01   6.000E+01
 Volume    (Bohr^3)    2.118E+03

 ------------------------------------------------------------------------------
                           SETUP EWALD 
 (Ewald) eta                             :   0.6867    
 (Ewald) Real Space Cutoff               :    7.503     (Bohr)
 (Ewald) Reciprocal Cutoff               :    7.703     (1/Bohr)

 ------------------------------------------------------------------------------
                           SETUP PLANE WAVE 
 Fill the 3D Wang-Teter kernel in G space

 ------------------------------------------------------------------------------
                           REFRESH ION POSITIONS
  
 Calculating Ion-Ion Energy ...                   complete.     0.006 s
  
 Calculating Ion-Electron Potential (spline) ... 
 complete.     0.006 s
 Rescale the total density from   3.003235 to         60

 ------------------------------------------------------------------------------
                           DENSITY OPTIMIZATION
 Electron number for spin            1  is    60.000000000000057     
 Cell Volume      :           313.792776 Angstrom^3
 Ion number       :                   20
 Electron number  :            60.000000
 Ion density      :             0.063736 Ion/Angstrom^3
 Electron density :             0.191209 Electron/Angstrom^3
  
 Calculating Ion-Ion Forces ...                complete.     0.007 s
  
 Calculating Ion-Electron Forces (spline) ...  complete.     0.004 s
  ------ ION (GRADIENT METHOD) STEP            1  ------
  
 Calculating Ion-Electron Stress (spline) ...  complete.     0.009 s
  
 Calculating Ion-Ion Stress ...                complete.     0.004 s
  
 ------------------------------------------------------------------------------
                         LATTICE VECTORS (Angstrom)
 LAT 1           2.805800        0.000000        0.000000
 LAT 2           1.402900        2.429894        0.000000
 LAT 3           0.000000        0.000000       46.025549
 ------------------------------------------------------------------------------
                                STRESS (GPa)
 ST_GPa 1       -0.845929        0.016392       -0.000001
 ST_GPa 2        0.016392       -0.864856       -0.000001
 ST_GPa 3       -0.000001       -0.000001       -0.908720
  
 --------------------------------------------------
 STRESS (a.u.)
 --------------------------------------------------
 ST_AU  1  -2.8752535950E-05   5.5715075216E-07  -3.7655452641E-11
 ST_AU  2   5.5715075216E-07  -2.9395857363E-05  -3.5959119946E-11
 ST_AU  3  -3.7655452641E-11  -3.5959119946E-11  -3.0886770804E-05
; Cell optimization at step 12, max(stress):  0.3089E-04, total energy:  -42.578138    ;
  dV of each real space grid is now    5.0056950464451140E-002
 Cell length (Bohr)    5.302E+00   5.302E+00   8.704E+01
 Angle     (Degree)    9.000E+01   9.000E+01   6.000E+01
 Volume    (Bohr^3)    2.119E+03
  dV of each real space grid is now    5.0056950464451140E-002
 Cell length (Bohr)    5.302E+00   5.302E+00   8.704E+01
 Angle     (Degree)    9.000E+01   9.000E+01   6.000E+01
 Volume    (Bohr^3)    2.119E+03

 ------------------------------------------------------------------------------
                           SETUP EWALD 
 (Ewald) eta                             :   0.6867    
 (Ewald) Real Space Cutoff               :    7.503     (Bohr)
 (Ewald) Reciprocal Cutoff               :    7.703     (1/Bohr)

 ------------------------------------------------------------------------------
                           SETUP PLANE WAVE 
 Fill the 3D Wang-Teter kernel in G space

 ------------------------------------------------------------------------------
                           REFRESH ION POSITIONS
  
 Calculating Ion-Ion Energy ...                   complete.     0.006 s
  
 Calculating Ion-Electron Potential (spline) ... 
 complete.     0.006 s
 Rescale the total density from   3.005732 to         60

 ------------------------------------------------------------------------------
                           DENSITY OPTIMIZATION
 Electron number for spin            1  is    60.000000000000490     
 Cell Volume      :           314.034675 Angstrom^3
 Ion number       :                   20
 Electron number  :            60.000000
 Ion density      :             0.063687 Ion/Angstrom^3
 Electron density :             0.191062 Electron/Angstrom^3
  
 Calculating Ion-Ion Forces ...                complete.     0.007 s
  
 Calculating Ion-Electron Forces (spline) ...  complete.     0.004 s
  ------ ION (GRADIENT METHOD) STEP            1  ------
  
 Calculating Ion-Electron Stress (spline) ...  complete.     0.010 s
  
 Calculating Ion-Ion Stress ...                complete.     0.004 s
  
 ------------------------------------------------------------------------------
                         LATTICE VECTORS (Angstrom)
 LAT 1           2.805800        0.000000        0.000000
 LAT 2           1.402900        2.429894        0.000000
 LAT 3           0.000000        0.000000       46.061030
 ------------------------------------------------------------------------------
                                STRESS (GPa)
 ST_GPa 1       -0.795995        0.015695       -0.000001
 ST_GPa 2        0.015695       -0.814118       -0.000001
 ST_GPa 3       -0.000001       -0.000001       -0.805379
  
 --------------------------------------------------
 STRESS (a.u.)
 --------------------------------------------------
 ST_AU  1  -2.7055333034E-05   5.3347613310E-07  -3.8021889872E-11
 ST_AU  2   5.3347613310E-07  -2.7671317300E-05  -3.6563515507E-11
 ST_AU  3  -3.8021889872E-11  -3.6563515507E-11  -2.7374267576E-05
; Cell optimization at step 13, max(stress):  0.2767E-04, total energy:  -42.578185    ;
  dV of each real space grid is now    5.0097958813537236E-002
 Cell length (Bohr)    5.302E+00   5.302E+00   8.711E+01
 Angle     (Degree)    9.000E+01   9.000E+01   6.000E+01
 Volume    (Bohr^3)    2.121E+03
  dV of each real space grid is now    5.0097958813537236E-002
 Cell length (Bohr)    5.302E+00   5.302E+00   8.711E+01
 Angle     (Degree)    9.000E+01   9.000E+01   6.000E+01
 Volume    (Bohr^3)    2.121E+03

 ------------------------------------------------------------------------------
                           SETUP EWALD 
 (Ewald) eta                             :   0.6867    
 (Ewald) Real Space Cutoff               :    7.503     (Bohr)
 (Ewald) Reciprocal Cutoff               :    7.703     (1/Bohr)

 ------------------------------------------------------------------------------
                           SETUP PLANE WAVE 
 Fill the 3D Wang-Teter kernel in G space

 ------------------------------------------------------------------------------
                           REFRESH ION POSITIONS
  
 Calculating Ion-Ion Energy ...                   complete.     0.005 s
  
 Calculating Ion-Electron Potential (spline) ... 
 complete.     0.007 s
 Rescale the total density from   3.008340 to         60

 ------------------------------------------------------------------------------
                           DENSITY OPTIMIZATION
 Electron number for spin            1  is    59.999999999999140     
 Cell Volume      :           314.291942 Angstrom^3
 Ion number       :                   20
 Electron number  :            60.000000
 Ion density      :             0.063635 Ion/Angstrom^3
 Electron density :             0.190905 Electron/Angstrom^3
  
 Calculating Ion-Ion Forces ...                complete.     0.008 s
  
 Calculating Ion-Electron Forces (spline) ...  complete.     0.004 s
  ------ ION (GRADIENT METHOD) STEP            1  ------
  
 Calculating Ion-Electron Stress (spline) ...  complete.     0.009 s
  
 Calculating Ion-Ion Stress ...                complete.     0.005 s
  
 ------------------------------------------------------------------------------
                         LATTICE VECTORS (Angstrom)
 LAT 1           2.805800        0.000000        0.000000
 LAT 2           1.402900        2.429894        0.000000
 LAT 3           0.000000        0.000000       46.098764
 ------------------------------------------------------------------------------
                                STRESS (GPa)
 ST_GPa 1       -0.742984        0.014900       -0.000001
 ST_GPa 2        0.014900       -0.760188       -0.000001
 ST_GPa 3       -0.000001       -0.000001       -0.696620
  
 --------------------------------------------------
 STRESS (a.u.)
 --------------------------------------------------
 ST_AU  1  -2.5253513157E-05   5.0643321008E-07  -3.7755553905E-11
 ST_AU  2   5.0643321008E-07  -2.5838271802E-05  -3.7178090989E-11
 ST_AU  3  -3.7755553905E-11  -3.7178090989E-11  -2.3677633769E-05
; Cell optimization at step 14, max(stress):  0.2584E-04, total energy:  -42.578230    ;
  dV of each real space grid is now    5.0140523488633404E-002
 Cell length (Bohr)    5.302E+00   5.302E+00   8.719E+01
 Angle     (Degree)    9.000E+01   9.000E+01   6.000E+01
 Volume    (Bohr^3)    2.123E+03
  dV of each real space grid is now    5.0140523488633404E-002
 Cell length (Bohr)    5.302E+00   5.302E+00   8.719E+01
 Angle     (Degree)    9.000E+01   9.000E+01   6.000E+01
 Volume    (Bohr^3)    2.123E+03

 ------------------------------------------------------------------------------
                           SETUP EWALD 
 (Ewald) eta                             :   0.6867    
 (Ewald) Real Space Cutoff               :    7.503     (Bohr)
 (Ewald) Reciprocal Cutoff               :    7.703     (1/Bohr)

 ------------------------------------------------------------------------------
                           SETUP PLANE WAVE 
 Fill the 3D Wang-Teter kernel in G space

 ------------------------------------------------------------------------------
                           REFRESH ION POSITIONS
  
 Calculating Ion-Ion Energy ...                   complete.     0.006 s
  
 Calculating Ion-Electron Potential (spline) ... 
 complete.     0.008 s
 Rescale the total density from   3.010987 to         60

 ------------------------------------------------------------------------------
                           DENSITY OPTIMIZATION
 Electron number for spin            1  is    60.000000000000604     
 Cell Volume      :           314.558974 Angstrom^3
 Ion number       :                   20
 Electron number  :            60.000000
 Ion density      :             0.063581 Ion/Angstrom^3
 Electron density :             0.190743 Electron/Angstrom^3
  
 Calculating Ion-Ion Forces ...                complete.     0.008 s
  
 Calculating Ion-Electron Forces (spline) ...  complete.     0.004 s
  ------ ION (GRADIENT METHOD) STEP            1  ------

 ------------------------------------------------------------------------------
                           REFRESH ION POSITIONS
  
 Calculating Ion-Ion Energy ...                   complete.     0.006 s
  
 Calculating Ion-Electron Potential (spline) ... 
 complete.     0.007 s

 ------------------------------------------------------------------------------
                           DENSITY OPTIMIZATION
 Electron number for spin            1  is    59.999999999999872     
 Cell Volume      :           314.558974 Angstrom^3
 Ion number       :                   20
 Electron number  :            60.000000
 Ion density      :             0.063581 Ion/Angstrom^3
 Electron density :             0.190743 Electron/Angstrom^3
  
 Calculating Ion-Ion Forces ...                complete.     0.007 s
  
 Calculating Ion-Electron Forces (spline) ...  complete.     0.004 s

 ------------------------------------------------------------------------------
                           REFRESH ION POSITIONS
  
 Calculating Ion-Ion Energy ...                   complete.     0.006 s
  
 Calculating Ion-Electron Potential (spline) ... 
 complete.     0.006 s

 ------------------------------------------------------------------------------
                           DENSITY OPTIMIZATION
 Electron number for spin            1  is    60.000000000000156     
 Cell Volume      :           314.558974 Angstrom^3
 Ion number       :                   20
 Electron number  :            60.000000
 Ion density      :             0.063581 Ion/Angstrom^3
 Electron density :             0.190743 Electron/Angstrom^3
  
 Calculating Ion-Ion Forces ...                complete.     0.005 s
  
 Calculating Ion-Electron Forces (spline) ...  complete.     0.003 s
  ------ ION (GRADIENT METHOD) STEP            2  ------
  
 Calculating Ion-Electron Stress (spline) ...  complete.     0.006 s
  
 Calculating Ion-Ion Stress ...                complete.     0.003 s
  
 ------------------------------------------------------------------------------
                         LATTICE VECTORS (Angstrom)
 LAT 1           2.805800        0.000000        0.000000
 LAT 2           1.402900        2.429894        0.000000
 LAT 3           0.000000        0.000000       46.137931
 ------------------------------------------------------------------------------
                                STRESS (GPa)
 ST_GPa 1       -0.687130        0.013954       -0.000001
 ST_GPa 2        0.013954       -0.703243       -0.000001
 ST_GPa 3       -0.000001       -0.000001       -0.586668
  
 --------------------------------------------------
 STRESS (a.u.)
 --------------------------------------------------
 ST_AU  1  -2.3355087249E-05   4.7429971488E-07  -3.8081526008E-11
 ST_AU  2   4.7429971488E-07  -2.3902741095E-05  -3.7731645194E-11
 ST_AU  3  -3.8081526008E-11  -3.7731645194E-11  -1.9940455790E-05
; Cell optimization at step 15, max(stress):  0.2390E-04, total energy:  -42.578269    ;
  dV of each real space grid is now    5.0183539223918092E-002
 Cell length (Bohr)    5.302E+00   5.302E+00   8.726E+01
 Angle     (Degree)    9.000E+01   9.000E+01   6.000E+01
 Volume    (Bohr^3)    2.125E+03
  dV of each real space grid is now    5.0183539223918092E-002
 Cell length (Bohr)    5.302E+00   5.302E+00   8.726E+01
 Angle     (Degree)    9.000E+01   9.000E+01   6.000E+01
 Volume    (Bohr^3)    2.125E+03

 ------------------------------------------------------------------------------
                           SETUP EWALD 
 (Ewald) eta                             :   0.6867    
 (Ewald) Real Space Cutoff               :    7.503     (Bohr)
 (Ewald) Reciprocal Cutoff               :    7.703     (1/Bohr)

 ------------------------------------------------------------------------------
                           SETUP PLANE WAVE 
 Fill the 3D Wang-Teter kernel in G space

 ------------------------------------------------------------------------------
                           REFRESH ION POSITIONS
  
 Calculating Ion-Ion Energy ...                   complete.     0.004 s
  
 Calculating Ion-Electron Potential (spline) ... 
 complete.     0.004 s
 Rescale the total density from   3.013596 to         60

 ------------------------------------------------------------------------------
                           DENSITY OPTIMIZATION
 Electron number for spin            1  is    59.999999999999986     
 Cell Volume      :           314.828835 Angstrom^3
 Ion number       :                   20
 Electron number  :            60.000000
 Ion density      :             0.063527 Ion/Angstrom^3
 Electron density :             0.190580 Electron/Angstrom^3
  
 Calculating Ion-Ion Forces ...                complete.     0.008 s
  
 Calculating Ion-Electron Forces (spline) ...  complete.     0.005 s
  ------ ION (GRADIENT METHOD) STEP            1  ------
  
 Calculating Ion-Electron Stress (spline) ...  complete.     0.006 s
  
 Calculating Ion-Ion Stress ...                complete.     0.003 s
  
 ------------------------------------------------------------------------------
                         LATTICE VECTORS (Angstrom)
 LAT 1           2.805800        0.000000        0.000000
 LAT 2           1.402900        2.429894        0.000000
 LAT 3           0.000000        0.000000       46.177513
 ------------------------------------------------------------------------------
                                STRESS (GPa)
 ST_GPa 1       -0.632109        0.012847       -0.000001
 ST_GPa 2        0.012847       -0.646943       -0.000001
 ST_GPa 3       -0.000001       -0.000001       -0.475007
  
 --------------------------------------------------
 STRESS (a.u.)
 --------------------------------------------------
 ST_AU  1  -2.1484953599E-05   4.3665737789E-07  -3.9211069479E-11
 ST_AU  2   4.3665737789E-07  -2.1989141773E-05  -3.9155299450E-11
 ST_AU  3  -3.9211069479E-11  -3.9155299450E-11  -1.6145156680E-05
; Cell optimization at step 16, max(stress):  0.2199E-04, total energy:  -42.578302    ;
  dV of each real space grid is now    5.0225333401132555E-002
 Cell length (Bohr)    5.302E+00   5.302E+00   8.734E+01
 Angle     (Degree)    9.000E+01   9.000E+01   6.000E+01
 Volume    (Bohr^3)    2.126E+03
  dV of each real space grid is now    5.0225333401132555E-002
 Cell length (Bohr)    5.302E+00   5.302E+00   8.734E+01
 Angle     (Degree)    9.000E+01   9.000E+01   6.000E+01
 Volume    (Bohr^3)    2.126E+03

 ------------------------------------------------------------------------------
                           SETUP EWALD 
 (Ewald) eta                             :   0.6867    
 (Ewald) Real Space Cutoff               :    7.503     (Bohr)
 (Ewald) Reciprocal Cutoff               :    7.703     (1/Bohr)

 ------------------------------------------------------------------------------
                           SETUP PLANE WAVE 
 Fill the 3D Wang-Teter kernel in G space

 ------------------------------------------------------------------------------
                           REFRESH ION POSITIONS
  
 Calculating Ion-Ion Energy ...                   complete.     0.004 s
  
 Calculating Ion-Electron Potential (spline) ... 
 complete.     0.005 s
 Rescale the total density from   3.016030 to         60

 ------------------------------------------------------------------------------
                           DENSITY OPTIMIZATION
 Electron number for spin            1  is    59.999999999999893     
 Cell Volume      :           315.091033 Angstrom^3
 Ion number       :                   20
 Electron number  :            60.000000
 Ion density      :             0.063474 Ion/Angstrom^3
 Electron density :             0.190421 Electron/Angstrom^3
  
 Calculating Ion-Ion Forces ...                complete.     0.005 s
  
 Calculating Ion-Electron Forces (spline) ...  complete.     0.003 s
  ------ ION (GRADIENT METHOD) STEP            1  ------
  
 Calculating Ion-Electron Stress (spline) ...  complete.     0.006 s
  
 Calculating Ion-Ion Stress ...                complete.     0.003 s
  
 ------------------------------------------------------------------------------
                         LATTICE VECTORS (Angstrom)
 LAT 1           2.805800        0.000000        0.000000
 LAT 2           1.402900        2.429894        0.000000
 LAT 3           0.000000        0.000000       46.215971
 ------------------------------------------------------------------------------
                                STRESS (GPa)
 ST_GPa 1       -0.577426        0.011385       -0.000001
 ST_GPa 2        0.011385       -0.590572       -0.000001
 ST_GPa 3       -0.000001       -0.000001       -0.370331
  
 --------------------------------------------------
 STRESS (a.u.)
 --------------------------------------------------
 ST_AU  1  -1.9626301504E-05   3.8697485126E-07  -3.8540061059E-11
 ST_AU  2   3.8697485126E-07  -2.0073121944E-05  -3.9719873742E-11
 ST_AU  3  -3.8540061059E-11  -3.9719873742E-11  -1.2587295802E-05
; Cell optimization at step 17, max(stress):  0.2007E-04, total energy:  -42.578328    ;
  dV of each real space grid is now    5.0264434341322314E-002
 Cell length (Bohr)    5.302E+00   5.302E+00   8.740E+01
 Angle     (Degree)    9.000E+01   9.000E+01   6.000E+01
 Volume    (Bohr^3)    2.128E+03
  dV of each real space grid is now    5.0264434341322314E-002
 Cell length (Bohr)    5.302E+00   5.302E+00   8.740E+01
 Angle     (Degree)    9.000E+01   9.000E+01   6.000E+01
 Volume    (Bohr^3)    2.128E+03

 ------------------------------------------------------------------------------
                           SETUP EWALD 
 (Ewald) eta                             :   0.6867    
 (Ewald) Real Space Cutoff               :    7.503     (Bohr)
 (Ewald) Reciprocal Cutoff               :    7.703     (1/Bohr)

 ------------------------------------------------------------------------------
                           SETUP PLANE WAVE 
 Fill the 3D Wang-Teter kernel in G space

 ------------------------------------------------------------------------------
                           REFRESH ION POSITIONS
  
 Calculating Ion-Ion Energy ...                   complete.     0.004 s
  
 Calculating Ion-Electron Potential (spline) ... 
 complete.     0.004 s
 Rescale the total density from   3.018214 to         60

 ------------------------------------------------------------------------------
                           DENSITY OPTIMIZATION
 Electron number for spin            1  is    60.000000000000789     
 Cell Volume      :           315.336335 Angstrom^3
 Ion number       :                   20
 Electron number  :            60.000000
 Ion density      :             0.063424 Ion/Angstrom^3
 Electron density :             0.190273 Electron/Angstrom^3
  
 Calculating Ion-Ion Forces ...                complete.     0.005 s
  
 Calculating Ion-Electron Forces (spline) ...  complete.     0.003 s
  ------ ION (GRADIENT METHOD) STEP            1  ------
  
 Calculating Ion-Electron Stress (spline) ...  complete.     0.006 s
  
 Calculating Ion-Ion Stress ...                complete.     0.003 s
  
 ------------------------------------------------------------------------------
                         LATTICE VECTORS (Angstrom)
 LAT 1           2.805800        0.000000        0.000000
 LAT 2           1.402900        2.429894        0.000000
 LAT 3           0.000000        0.000000       46.251951
 ------------------------------------------------------------------------------
                                STRESS (GPa)
 ST_GPa 1       -0.523710        0.008523       -0.000001
 ST_GPa 2        0.008523       -0.533550       -0.000001
 ST_GPa 3       -0.000001       -0.000001       -0.280527
  
 --------------------------------------------------
 STRESS (a.u.)
 --------------------------------------------------
 ST_AU  1  -1.7800538039E-05   2.8968068568E-07  -4.1879473188E-11
 ST_AU  2   2.8968068568E-07  -1.8135012956E-05  -4.1697371241E-11
 ST_AU  3  -4.1879473188E-11  -4.1697371241E-11  -9.5349186659E-06
; Cell optimization at step 18, max(stress):  0.1814E-04, total energy:  -42.578346    ;
  dV of each real space grid is now    5.0299977252873683E-002
 Cell length (Bohr)    5.302E+00   5.302E+00   8.747E+01
 Angle     (Degree)    9.000E+01   9.000E+01   6.000E+01
 Volume    (Bohr^3)    2.129E+03
  dV of each real space grid is now    5.0299977252873683E-002
 Cell length (Bohr)    5.302E+00   5.302E+00   8.747E+01
 Angle     (Degree)    9.000E+01   9.000E+01   6.000E+01
 Volume    (Bohr^3)    2.129E+03

 ------------------------------------------------------------------------------
                           SETUP EWALD 
 (Ewald) eta                             :   0.6867    
 (Ewald) Real Space Cutoff               :    7.503     (Bohr)
 (Ewald) Reciprocal Cutoff               :    7.703     (1/Bohr)

 ------------------------------------------------------------------------------
                           SETUP PLANE WAVE 
 Fill the 3D Wang-Teter kernel in G space

 ------------------------------------------------------------------------------
                           REFRESH ION POSITIONS
  
 Calculating Ion-Ion Energy ...                   complete.     0.004 s
  
 Calculating Ion-Electron Potential (spline) ... 
 complete.     0.004 s
 Rescale the total density from   3.020133 to         60

 ------------------------------------------------------------------------------
                           DENSITY OPTIMIZATION
 Electron number for spin            1  is    60.000000000000036     
 Cell Volume      :           315.559315 Angstrom^3
 Ion number       :                   20
 Electron number  :            60.000000
 Ion density      :             0.063380 Ion/Angstrom^3
 Electron density :             0.190139 Electron/Angstrom^3
  
 Calculating Ion-Ion Forces ...                complete.     0.005 s
  
 Calculating Ion-Electron Forces (spline) ...  complete.     0.003 s
  ------ ION (GRADIENT METHOD) STEP            1  ------
  
 Calculating Ion-Electron Stress (spline) ...  complete.     0.006 s
  
 Calculating Ion-Ion Stress ...                complete.     0.003 s
  
 ------------------------------------------------------------------------------
                         LATTICE VECTORS (Angstrom)
 LAT 1           2.805800        0.000000        0.000000
 LAT 2           1.402900        2.429894        0.000000
 LAT 3           0.000000        0.000000       46.284656
 ------------------------------------------------------------------------------
                                STRESS (GPa)
 ST_GPa 1       -0.481135        0.009219       -0.000001
 ST_GPa 2        0.009219       -0.491779       -0.000001
 ST_GPa 3       -0.000001       -0.000001       -0.183349
  
 --------------------------------------------------
 STRESS (a.u.)
 --------------------------------------------------
 ST_AU  1  -1.6353437096E-05   3.1334521869E-07  -3.9582383010E-11
 ST_AU  2   3.1334521869E-07  -1.6715237208E-05  -4.1141203934E-11
 ST_AU  3  -3.9582383010E-11  -4.1141203934E-11  -6.2319065012E-06
; Cell optimization at step 19, max(stress):  0.1672E-04, total energy:  -42.578358    ;
  dV of each real space grid is now    5.0327853748856004E-002
 Cell length (Bohr)    5.302E+00   5.302E+00   8.751E+01
 Angle     (Degree)    9.000E+01   9.000E+01   6.000E+01
 Volume    (Bohr^3)    2.131E+03
  dV of each real space grid is now    5.0327853748856004E-002
 Cell length (Bohr)    5.302E+00   5.302E+00   8.751E+01
 Angle     (Degree)    9.000E+01   9.000E+01   6.000E+01
 Volume    (Bohr^3)    2.131E+03

 ------------------------------------------------------------------------------
                           SETUP EWALD 
 (Ewald) eta                             :   0.6867    
 (Ewald) Real Space Cutoff               :    7.503     (Bohr)
 (Ewald) Reciprocal Cutoff               :    7.703     (1/Bohr)

 ------------------------------------------------------------------------------
                           SETUP PLANE WAVE 
 Fill the 3D Wang-Teter kernel in G space

 ------------------------------------------------------------------------------
                           REFRESH ION POSITIONS
  
 Calculating Ion-Ion Energy ...                   complete.     0.004 s
  
 Calculating Ion-Electron Potential (spline) ... 
 complete.     0.004 s
 Rescale the total density from   3.021345 to         60

 ------------------------------------------------------------------------------
                           DENSITY OPTIMIZATION
 Electron number for spin            1  is    59.999999999999659     
 Cell Volume      :           315.734199 Angstrom^3
 Ion number       :                   20
 Electron number  :            60.000000
 Ion density      :             0.063344 Ion/Angstrom^3
 Electron density :             0.190033 Electron/Angstrom^3
  
 Calculating Ion-Ion Forces ...                complete.     0.004 s
  
 Calculating Ion-Electron Forces (spline) ...  complete.     0.003 s
  ------ ION (GRADIENT METHOD) STEP            1  ------
  
 Calculating Ion-Electron Stress (spline) ...  complete.     0.006 s
  
 Calculating Ion-Ion Stress ...                complete.     0.003 s
  
 ------------------------------------------------------------------------------
                         LATTICE VECTORS (Angstrom)
 LAT 1           2.805800        0.000000        0.000000
 LAT 2           1.402900        2.429894        0.000000
 LAT 3           0.000000        0.000000       46.310307
 ------------------------------------------------------------------------------
                                STRESS (GPa)
 ST_GPa 1       -0.449344        0.010367       -0.000001
 ST_GPa 2        0.010367       -0.461315       -0.000001
 ST_GPa 3       -0.000001       -0.000001       -0.104061
  
 --------------------------------------------------
 STRESS (a.u.)
 --------------------------------------------------
 ST_AU  1  -1.5272888420E-05   3.5238224664E-07  -3.7293446531E-11
 ST_AU  2   3.5238224664E-07  -1.5679765413E-05  -4.0383328104E-11
 ST_AU  3  -3.7293446531E-11  -4.0383328104E-11  -3.5369565471E-06
; Cell optimization at step 20, max(stress):  0.1568E-04, total energy:  -42.578364    ;
  dV of each real space grid is now    5.0346839519253603E-002
 Cell length (Bohr)    5.302E+00   5.302E+00   8.755E+01
 Angle     (Degree)    9.000E+01   9.000E+01   6.000E+01
 Volume    (Bohr^3)    2.131E+03
  dV of each real space grid is now    5.0346839519253603E-002
 Cell length (Bohr)    5.302E+00   5.302E+00   8.755E+01
 Angle     (Degree)    9.000E+01   9.000E+01   6.000E+01
 Volume    (Bohr^3)    2.131E+03

 ------------------------------------------------------------------------------
                           SETUP EWALD 
 (Ewald) eta                             :   0.6867    
 (Ewald) Real Space Cutoff               :    7.503     (Bohr)
 (Ewald) Reciprocal Cutoff               :    7.703     (1/Bohr)

 ------------------------------------------------------------------------------
                           SETUP PLANE WAVE 
 Fill the 3D Wang-Teter kernel in G space

 ------------------------------------------------------------------------------
                           REFRESH ION POSITIONS
  
 Calculating Ion-Ion Energy ...                   complete.     0.004 s
  
 Calculating Ion-Electron Potential (spline) ... 
 complete.     0.004 s
 Rescale the total density from   3.021950 to         60

 ------------------------------------------------------------------------------
                           DENSITY OPTIMIZATION
 Electron number for spin            1  is    59.999999999999766     
 Cell Volume      :           315.853307 Angstrom^3
 Ion number       :                   20
 Electron number  :            60.000000
 Ion density      :             0.063321 Ion/Angstrom^3
 Electron density :             0.189962 Electron/Angstrom^3
  
 Calculating Ion-Ion Forces ...                complete.     0.006 s
  
 Calculating Ion-Electron Forces (spline) ...  complete.     0.005 s
  ------ ION (GRADIENT METHOD) STEP            1  ------
  
 Calculating Ion-Electron Stress (spline) ...  complete.     0.006 s
  
 Calculating Ion-Ion Stress ...                complete.     0.003 s
  
 ------------------------------------------------------------------------------
                         LATTICE VECTORS (Angstrom)
 LAT 1           2.805800        0.000000        0.000000
 LAT 2           1.402900        2.429894        0.000000
 LAT 3           0.000000        0.000000       46.327777
 ------------------------------------------------------------------------------
                                STRESS (GPa)
 ST_GPa 1       -0.427026        0.010750       -0.000001
 ST_GPa 2        0.010750       -0.439438       -0.000001
 ST_GPa 3       -0.000001       -0.000001       -0.052245
  
 --------------------------------------------------
 STRESS (a.u.)
 --------------------------------------------------
 ST_AU  1  -1.4514318452E-05   3.6537611123E-07  -3.6657298609E-11
 ST_AU  2   3.6537611123E-07  -1.4936199280E-05  -4.0128511397E-11
 ST_AU  3  -3.6657298609E-11  -4.0128511397E-11  -1.7757588191E-06
; Cell optimization at step 21, max(stress):  0.1494E-04, total energy:  -42.578366    ;
  dV of each real space grid is now    5.0358277878341649E-002
 Cell length (Bohr)    5.302E+00   5.302E+00   8.757E+01
 Angle     (Degree)    9.000E+01   9.000E+01   6.000E+01
 Volume    (Bohr^3)    2.132E+03
  dV of each real space grid is now    5.0358277878341649E-002
 Cell length (Bohr)    5.302E+00   5.302E+00   8.757E+01
 Angle     (Degree)    9.000E+01   9.000E+01   6.000E+01
 Volume    (Bohr^3)    2.132E+03

 ------------------------------------------------------------------------------
                           SETUP EWALD 
 (Ewald) eta                             :   0.6867    
 (Ewald) Real Space Cutoff               :    7.503     (Bohr)
 (Ewald) Reciprocal Cutoff               :    7.703     (1/Bohr)

 ------------------------------------------------------------------------------
                           SETUP PLANE WAVE 
 Fill the 3D Wang-Teter kernel in G space

 ------------------------------------------------------------------------------
                           REFRESH ION POSITIONS
  
 Calculating Ion-Ion Energy ...                   complete.     0.004 s
  
 Calculating Ion-Electron Potential (spline) ... 
 complete.     0.004 s
 Rescale the total density from   3.022183 to         60

 ------------------------------------------------------------------------------
                           DENSITY OPTIMIZATION
 Electron number for spin            1  is    60.000000000000227     
 Cell Volume      :           315.925067 Angstrom^3
 Ion number       :                   20
 Electron number  :            60.000000
 Ion density      :             0.063306 Ion/Angstrom^3
 Electron density :             0.189918 Electron/Angstrom^3
  
 Calculating Ion-Ion Forces ...                complete.     0.005 s
  
 Calculating Ion-Electron Forces (spline) ...  complete.     0.003 s
  ------ ION (GRADIENT METHOD) STEP            1  ------
  
 Calculating Ion-Electron Stress (spline) ...  complete.     0.006 s
  
 Calculating Ion-Ion Stress ...                complete.     0.003 s
  
 ------------------------------------------------------------------------------
                         LATTICE VECTORS (Angstrom)
 LAT 1           2.805800        0.000000        0.000000
 LAT 2           1.402900        2.429894        0.000000
 LAT 3           0.000000        0.000000       46.338303
 ------------------------------------------------------------------------------
                                STRESS (GPa)
 ST_GPa 1       -0.413287        0.010912       -0.000001
 ST_GPa 2        0.010912       -0.425887       -0.000001
 ST_GPa 3       -0.000001       -0.000001       -0.021742
  
 --------------------------------------------------
 STRESS (a.u.)
 --------------------------------------------------
 ST_AU  1  -1.4047354709E-05   3.7088351811E-07  -3.5990005325E-11
 ST_AU  2   3.7088351811E-07  -1.4475595170E-05  -4.0046911858E-11
 ST_AU  3  -3.5990005325E-11  -4.0046911858E-11  -7.3898991470E-07
; Cell optimization at step 22, max(stress):  0.1448E-04, total energy:  -42.578367    ;
  dV of each real space grid is now    5.0363990027029334E-002
 Cell length (Bohr)    5.302E+00   5.302E+00   8.758E+01
 Angle     (Degree)    9.000E+01   9.000E+01   6.000E+01
 Volume    (Bohr^3)    2.132E+03
  dV of each real space grid is now    5.0363990027029334E-002
 Cell length (Bohr)    5.302E+00   5.302E+00   8.758E+01
 Angle     (Degree)    9.000E+01   9.000E+01   6.000E+01
 Volume    (Bohr^3)    2.132E+03

 ------------------------------------------------------------------------------
                           SETUP EWALD 
 (Ewald) eta                             :   0.6867    
 (Ewald) Real Space Cutoff               :    7.503     (Bohr)
 (Ewald) Reciprocal Cutoff               :    7.703     (1/Bohr)

 ------------------------------------------------------------------------------
                           SETUP PLANE WAVE 
 Fill the 3D Wang-Teter kernel in G space

 ------------------------------------------------------------------------------
                           REFRESH ION POSITIONS
  
 Calculating Ion-Ion Energy ...                   complete.     0.004 s
  
 Calculating Ion-Electron Potential (spline) ... 
 complete.     0.004 s
 Rescale the total density from   3.022182 to         60

 ------------------------------------------------------------------------------
                           DENSITY OPTIMIZATION
 Electron number for spin            1  is    60.000000000000739     
 Cell Volume      :           315.960902 Angstrom^3
 Ion number       :                   20
 Electron number  :            60.000000
 Ion density      :             0.063299 Ion/Angstrom^3
 Electron density :             0.189897 Electron/Angstrom^3
  
 Calculating Ion-Ion Forces ...                complete.     0.004 s
  
 Calculating Ion-Electron Forces (spline) ...  complete.     0.003 s
  ------ ION (GRADIENT METHOD) STEP            1  ------
  
 Calculating Ion-Electron Stress (spline) ...  complete.     0.006 s
  
 Calculating Ion-Ion Stress ...                complete.     0.003 s
  
 ------------------------------------------------------------------------------
                         LATTICE VECTORS (Angstrom)
 LAT 1           2.805800        0.000000        0.000000
 LAT 2           1.402900        2.429894        0.000000
 LAT 3           0.000000        0.000000       46.343559
 ------------------------------------------------------------------------------
                                STRESS (GPa)
 ST_GPa 1       -0.406400        0.010979       -0.000001
 ST_GPa 2        0.010979       -0.419077       -0.000001
 ST_GPa 3       -0.000001       -0.000001       -0.006607
  
 --------------------------------------------------
 STRESS (a.u.)
 --------------------------------------------------
 ST_AU  1  -1.3813246748E-05   3.7317042944E-07  -3.5585541857E-11
 ST_AU  2   3.7317042944E-07  -1.4244127836E-05  -3.9936388352E-11
 ST_AU  3  -3.5585541857E-11  -3.9936388352E-11  -2.2457693185E-07
; Cell optimization at step 23, max(stress):  0.1424E-04, total energy:  -42.578367    ;
##############################################################################
#                               FINAL ENERGIES                       time    #
##############################################################################
# Thomas-Fermi Kin. Energy =   4.409410859232E+02 eV                 0.000 s #
# Von-Weizsacker Kin. Ener =   3.616923245827E+01 eV                 0.000 s #
# Wang-Teter Kinetic Energ =  -1.320328857657E+01 eV                 0.000 s #
#                                                                            #
#     LDA Exch-Corr Energy =  -4.425152124961E+02 eV                 0.000 s #
#         Coulombic Energy =   2.472071496319E+00 eV                 0.000 s #
#      Ion-Electron Energy =   3.088244548528E+02 eV                 0.000 s #
#           Ion-Ion Energy =  -1.491304608302E+03 eV                 0.000 s #
#                                                                            #
#     TOTAL KINETIC ENERGY =   4.639070298049E+02 eV                         #
#   TOTAL POTENTIAL ENERGY =  -1.622523294449E+03 eV                         #
#             TOTAL ENERGY =  -1.158616264644E+03 eV                         #
##############################################################################
  
 ----------------------------- TIME INFORMATION ------------------------------
    PROFESS      :     63.68s WALL    100.00% (       1 calls)    63.68s/call
    InitPROFESS  :      0.05s WALL      0.07% (       1 calls)     0.05s/call
    KEDFRefresh  :      0.05s WALL      0.08% (      23 calls)     0.00s/call
    IonRefresh   :      0.54s WALL      0.84% (      41 calls)     0.01s/call
    EwaldEnergy  :      0.23s WALL      0.36% (      41 calls)     0.01s/call
    Pot_Ion      :      0.11s WALL      0.17% (    1571 calls)     0.00s/call
    Pot_Har      :      3.99s WALL      6.27% (    1571 calls)     0.00s/call
    Pot_Exc      :      8.97s WALL     14.09% (    1571 calls)     0.01s/call
    Pot_KEDF     :     45.39s WALL     71.28% (    1571 calls)     0.03s/call
    VWPotSqrPlus :      3.51s WALL      5.51% (    1571 calls)     0.00s/call
    NextGradient :      0.14s WALL      0.22% (     154 calls)     0.00s/call
    CalForce     :      0.53s WALL      0.83% (      41 calls)     0.01s/call
    EwaldForces  :      0.30s WALL      0.47% (      41 calls)     0.01s/call
    CalStress    :      1.29s WALL      2.02% (      23 calls)     0.06s/call
    EwaldStress  :      0.09s WALL      0.14% (      23 calls)     0.00s/call
 -----------------------------------------------------------------------------
 ------------------------------- TOTAL ---------------------------------------
    PROFESS      :     63.68s WALL    100.00% (       1 calls)    63.68s/call
 -----------------------------------------------------------------------------

Run completed on: 05/02/2022 at 14:03:13 
  
