 ******************************************************************************
                             WELCOME TO PROFESS                   
            (PRinceton Orbital-Free Electronic Structure Software) 
 ******************************************************************************

 ------------------------------------------------------------------------------
                           READ GEOMETRY
 Cell length (Bohr)    5.589E+00   5.589E+00   5.589E+00
 Angle     (Degree)    6.000E+01   6.000E+01   6.000E+01
 Volume    (Bohr^3)    1.235E+02

 ------------------------------------------------------------------------------
                           READ PSEUDOPOTENTIAL
 Total electron number in ReadPseudo is    1.0000000000000000     
 (System) Machine Precision              :    2.2204460492503131E-016

 ------------------------------------------------------------------------------
                           SETUP FFT
 Global FFT Dimension :    15   15   15
 Rank/Size in Global Communicator     :            0 /           1
 Rank/Size in Global FFT Communicator :            0 /           1
 Parallel FFT, totX    =    15
 Parallel FFT, totY    =    15
 Parallel FFT, locZ    =    15
 Parallel FFT, locZoff =     0
 Dimension of rho for this processor : 
 xmin, xmax :            0          14
 ymin, ymax :            0          14
 zmin, zmax :            0          14
 Total electron number =    1.0000000000000000     
 Uniform rhoR =    8.0996360202275075E-003
 (GB INFO) FFT size      :       15      15      15
 (GB INFO) FFT offset    :        0
 (GB INFO) FFT G size    :        8      15      15
 (GB INFO) FFT G offset  :        0

 ------------------------------------------------------------------------------
                           SETUP KEDF
 kinetic energy density functional number is            4
 ( 1=TF, 2=VW, 3=TF+VW, 4=WT,  5=WGC,  
   7=LQ, 8=HQ, 10=CAT,  11=HC, 12=WGCD,
   15=GGA, 16=WGCD+GGA, 17=EVT, 18=EVC )
 qTable dimension:     8   15   15
 Coefficient for TF KEDF is     1.0000
 Coefficient for VW KEDF is     1.0000
 Coefficient for alpha in WT KEDF is     0.8333
 Coefficient for beta  in WT KEDF is     0.8333
 rho0 (Electron/Bohr^3) in WGC KEDF is     0.0081
 hold0 =  F
  dV of each real space grid is now    3.6581433481250890E-002
 Cell length (Bohr)    5.589E+00   5.589E+00   5.589E+00
 Angle     (Degree)    6.000E+01   6.000E+01   6.000E+01
 Volume    (Bohr^3)    1.235E+02

 ------------------------------------------------------------------------------
                           SETUP EWALD 
 (Ewald) eta                             :   0.8084    
 (Ewald) Real Space Cutoff               :    6.000     (Bohr)
 (Ewald) Reciprocal Cutoff               :    7.869     (1/Bohr)

 ------------------------------------------------------------------------------
                           SETUP PLANE WAVE 
 Fill the 3D Wang-Teter kernel in G space

 ------------------------------------------------------------------------------
                           REFRESH ION POSITIONS
  
 Calculating Ion-Ion Energy ...                   complete.     0.000 s
  
 Calculating Ion-Electron Potential (spline) ... 
 complete.     0.000 s

 ------------------------------------------------------------------------------
                           DENSITY OPTIMIZATION
 Electron number for spin            1  is   0.99999999999995837     
 Cell Volume      :            18.295231 Angstrom^3
 Ion number       :                    1
 Electron number  :             1.000000
 Ion density      :             0.054659 Ion/Angstrom^3
 Electron density :             0.054659 Electron/Angstrom^3
##############################################################################
#                               FINAL ENERGIES                       time    #
##############################################################################
# Thomas-Fermi Kin. Energy =   3.193154588114E+00 eV                 0.000 s #
# Von-Weizsacker Kin. Ener =   2.579628039555E-01 eV                 0.000 s #
# Wang-Teter Kinetic Energ =  -7.658573637477E-02 eV                 0.000 s #
#                                                                            #
#     LDA Exch-Corr Energy =  -5.059072182224E+00 eV                 0.000 s #
#         Coulombic Energy =   1.475040695642E-02 eV                 0.000 s #
#      Ion-Electron Energy =   1.965269535981E+00 eV                 0.000 s #
#           Ion-Ion Energy =  -7.891909060722E+00 eV                 0.000 s #
#                                                                            #
#     TOTAL KINETIC ENERGY =   3.374531655694E+00 eV                         #
#   TOTAL POTENTIAL ENERGY =  -1.097096130001E+01 eV                         #
#             TOTAL ENERGY =  -7.596429644314E+00 eV                         #
##############################################################################
  
 ----------------------------- TIME INFORMATION ------------------------------
    PROFESS      :      0.42s WALL    100.00% (       1 calls)     0.42s/call
    InitPROFESS  :      0.02s WALL      3.83% (       1 calls)     0.02s/call
    KEDFRefresh  :      0.00s WALL      0.05% (       1 calls)     0.00s/call
    IonRefresh   :      0.00s WALL      0.21% (       1 calls)     0.00s/call
    EwaldEnergy  :      0.00s WALL      0.09% (       1 calls)     0.00s/call
    Pot_Ion      :      0.00s WALL      0.07% (      70 calls)     0.00s/call
    Pot_Har      :      0.01s WALL      1.63% (      70 calls)     0.00s/call
    Pot_Exc      :      0.03s WALL      7.25% (      70 calls)     0.00s/call
    Pot_KEDF     :      0.14s WALL     32.66% (      70 calls)     0.00s/call
    VWPotSqrPlus :      0.01s WALL      1.50% (      70 calls)     0.00s/call
    NextGradient :      0.00s WALL      0.07% (       6 calls)     0.00s/call
 -----------------------------------------------------------------------------
 ------------------------------- TOTAL ---------------------------------------
    PROFESS      :      0.42s WALL    100.00% (       1 calls)     0.42s/call
 -----------------------------------------------------------------------------

Run completed on: 08/14/2021 at 19:01:20 
  
