 ******************************************************************************
                             WELCOME TO PROFESS                   
            (PRinceton Orbital-Free Electronic Structure Software) 
 ******************************************************************************

 ------------------------------------------------------------------------------
                           READ GEOMETRY
 Cell length (Bohr)    8.797E+00   8.797E+00   8.797E+00
 Angle     (Degree)    6.000E+01   6.000E+01   6.000E+01
 Volume    (Bohr^3)    4.814E+02

 ------------------------------------------------------------------------------
                           READ PSEUDOPOTENTIAL
 Total electron number in ReadPseudo is    8.0000000000000000     
 (System) Machine Precision              :    2.2204460492503131E-016

 ------------------------------------------------------------------------------
                           SETUP FFT
 Global FFT Dimension :    45   45   45
 Dimension of rho for this processor : 
 xmin, xmax :            0          44
 ymin, ymax :            0          44
 zmin, zmax :            0          44
 Total electron number =    8.0000000000000000     
 Uniform rhoR =    1.6617333155971553E-002
 (GB INFO) FFT size      :       45      45      45
 (GB INFO) FFT offset    :        0
 (GB INFO) FFT G size    :       23      45      45
 (GB INFO) FFT G offset  :        0

 ------------------------------------------------------------------------------
                           SETUP KEDF
 kinetic energy density functional number is           11
 ( 1=TF, 2=VW, 3=TF+VW, 4=WT,  5=WGC,  
   7=LQ, 8=HQ, 10=CAT,  11=HC, 12=WGCD,
   15=GGA, 16=WGCD+GGA, 17=EVT, 18=EVC )
 qTable dimension:    23   45   45
 rhoS=   1.6617333155971553E-002
 rho0=   1.6617333155971553E-002
 coefficients for TF KEDF is     1.000000
 coefficients for VW KEDF is     1.000000
 Lambda in HC10 is set to     0.012000
 ALPHA  in HC10 is set to     1.856667
 BETA   in HC10 is set to     0.810000
 Sum of alpha and beta is     2.666667
  dV of each real space grid is now    5.2831278265221592E-003
 Cell length (Bohr)    8.797E+00   8.797E+00   8.797E+00
 Angle     (Degree)    6.000E+01   6.000E+01   6.000E+01
 Volume    (Bohr^3)    4.814E+02

 ------------------------------------------------------------------------------
                           SETUP EWALD 
 (Ewald) eta                             :    1.200    
 (Ewald) Real Space Cutoff               :    6.000     (Bohr)
 (Ewald) Reciprocal Cutoff               :    15.71     (1/Bohr)

 ------------------------------------------------------------------------------
                           SETUP PLANE WAVE 

 ------------------------------------------------------------------------------
                           REFRESH ION POSITIONS
  
 Calculating Ion-Ion Energy ...                   complete.     0.025 s
  
 Calculating Ion-Electron Potential (spline) ... 
 complete.     0.057 s

 ------------------------------------------------------------------------------
                           DENSITY OPTIMIZATION
 Electron number for spin            1  is    7.9999999999850413     
 Cell Volume      :            71.339827 Angstrom^3
 Ion number       :                    2
 Electron number  :             8.000000
 Ion density      :             0.028035 Ion/Angstrom^3
 Electron density :             0.112139 Electron/Angstrom^3
 Print density file to InSb/InSb.den                                     
##############################################################################
#                               FINAL ENERGIES                       time    #
##############################################################################
# Thomas-Fermi Kin. Energy =   5.482048613991E+01 eV                 0.000 s #
# Von-Weizsacker Kin. Ener =   2.025154622245E+01 eV                 0.000 s #
#                                                                            #
# GGA(PBE) Exch-Cor Energy =  -5.645800554474E+01 eV                 0.000 s #
#         Coulombic Energy =   1.650127015963E+01 eV                 0.000 s #
#      Ion-Electron Energy =  -2.432812423735E+01 eV                 0.000 s #
#           Ion-Ion Energy =  -1.967857471812E+02 eV                 0.000 s #
#                                                                            #
#     TOTAL KINETIC ENERGY =   6.004277008180E+01 eV                         #
#   TOTAL POTENTIAL ENERGY =  -2.610706068037E+02 eV                         #
#             TOTAL ENERGY =  -2.010278367219E+02 eV                         #
##############################################################################
  
 ----------------------------- TIME INFORMATION ------------------------------
    PROFESS      :   2394.48s WALL    100.00% (       1 calls)  2394.48s/call
    InitPROFESS  :      0.13s WALL      0.01% (       1 calls)     0.13s/call
    KEDFRefresh  :      0.01s WALL      0.00% (       1 calls)     0.01s/call
    IonRefresh   :      0.09s WALL      0.00% (       1 calls)     0.09s/call
    EwaldEnergy  :      0.03s WALL      0.00% (       1 calls)     0.03s/call
    ForwFFT_3D   :    514.31s WALL     21.48% (   68310 calls)     0.01s/call
    BackFFT_3D   :    315.25s WALL     13.17% (   44270 calls)     0.01s/call
    Pot_Ion      :      1.76s WALL      0.07% (    1065 calls)     0.00s/call
    Pot_Har      :     17.12s WALL      0.71% (    1065 calls)     0.02s/call
    Pot_Exc      :    279.90s WALL     11.69% (    1065 calls)     0.26s/call
    PBEPot       :    277.90s WALL     11.61% (    1065 calls)     0.26s/call
    Pot_KEDF     :   2071.63s WALL     86.52% (    1065 calls)     1.95s/call
    intPot       :   2037.12s WALL     85.08% (    1065 calls)     1.91s/call
    MakeXiG      :     12.66s WALL      0.53% (    1065 calls)     0.01s/call
    VWPotSqrPlus :     14.13s WALL      0.59% (    1065 calls)     0.01s/call
    intPot1      :    587.63s WALL     24.54% (   14148 calls)     0.04s/call
    MakeHC10Kern :     48.79s WALL      2.04% (   15212 calls)     0.00s/call
    intPot2      :    369.64s WALL     15.44% (   14148 calls)     0.03s/call
    intPot3      :    662.64s WALL     27.67% (   14148 calls)     0.05s/call
    intPot4      :    239.54s WALL     10.00% (   14148 calls)     0.02s/call
    NextGradient :      1.18s WALL      0.05% (      97 calls)     0.01s/call
 -----------------------------------------------------------------------------
 ------------------------------- TOTAL ---------------------------------------
    PROFESS      :   2394.48s WALL    100.00% (       1 calls)  2394.48s/call
 -----------------------------------------------------------------------------

Run completed on: 07/31/2024 at 02:34:09 
  
