 ******************************************************************************
                             WELCOME TO PROFESS                   
            (PRinceton Orbital-Free Electronic Structure Software) 
 ******************************************************************************

 ------------------------------------------------------------------------------
                           READ GEOMETRY
 Cell length (Bohr)    7.428E+00   7.428E+00   7.428E+00
 Angle     (Degree)    6.000E+01   6.000E+01   6.000E+01
 Volume    (Bohr^3)    2.898E+02

 ------------------------------------------------------------------------------
                           READ PSEUDOPOTENTIAL
 Total electron number in ReadPseudo is    2.0000000000000000     
 (System) Machine Precision              :    2.2204460492503131E-016

 ------------------------------------------------------------------------------
                           SETUP FFT
 Global FFT Dimension :    20   20   20
 Rank/Size in Global Communicator     :            0 /           1
 Rank/Size in Global FFT Communicator :            0 /           1
 Parallel FFT, totX    =    20
 Parallel FFT, totY    =    20
 Parallel FFT, locZ    =    20
 Parallel FFT, locZoff =     0
 Dimension of rho for this processor : 
 xmin, xmax :            0          19
 ymin, ymax :            0          19
 zmin, zmax :            0          19
 Total electron number =    2.0000000000000000     
 Uniform rhoR =    6.9020635580858076E-003
 (GB INFO) FFT size      :       20      20      20
 (GB INFO) FFT offset    :        0
 (GB INFO) FFT G size    :       11      20      20
 (GB INFO) FFT G offset  :        0

 ------------------------------------------------------------------------------
                           SETUP KEDF
 kinetic energy density functional number is            4
 ( 1=TF, 2=VW, 3=TF+VW, 4=WT,  5=WGC,  
   7=LQ, 8=HQ, 10=CAT,  11=HC, 12=WGCD,
   15=GGA, 16=WGCD+GGA, 17=EVT, 18=EVC )
 qTable dimension:    11   20   20
 Coefficient for TF KEDF is     1.0000
 Coefficient for VW KEDF is     1.0000
 Coefficient for alpha in WT KEDF is     0.8333
 Coefficient for beta  in WT KEDF is     0.8333
 rho0 (Electron/Bohr^3) in WGC KEDF is     0.0069
 hold0 =  F
  dV of each real space grid is now    3.6221051558866554E-002
 Cell length (Bohr)    7.428E+00   7.428E+00   7.428E+00
 Angle     (Degree)    6.000E+01   6.000E+01   6.000E+01
 Volume    (Bohr^3)    2.898E+02

 ------------------------------------------------------------------------------
                           SETUP EWALD 
 (Ewald) eta                             :   0.8031    
 (Ewald) Real Space Cutoff               :    6.000     (Bohr)
 (Ewald) Reciprocal Cutoff               :    8.036     (1/Bohr)

 ------------------------------------------------------------------------------
                           SETUP PLANE WAVE 
 Read in WT kernel.
 kernel file name  : 8PROFESS_KERNEL.dat           
 KEDF type         :     4
 Fermi vector      :   1.182014212099E+00
 Reference density :  -1.000000000000E+00
 Mesh points       :   200002
 Fermi vector in this cell is    1.1780488882725875     
 Fermi vector from kernel file is    1.1820142120987149     
 First qNorm is    0.0000000000000000     
 size of Wang-Teter kernel in this run is           11          20          20
 Max |G| in this calculation is   1.894348989348E+01
 Max eta used from kernel is   1.608039367641E+01

 ------------------------------------------------------------------------------
                           REFRESH ION POSITIONS
  
 Calculating Ion-Ion Energy ...                   complete.     0.001 s
  
 Calculating Ion-Electron Potential (spline) ... 
 complete.     0.001 s

 ------------------------------------------------------------------------------
                           DENSITY OPTIMIZATION
 Electron number for spin            1  is    2.0000000000002198     
 Cell Volume      :            42.939248 Angstrom^3
 Ion number       :                    2
 Electron number  :             2.000000
 Ion density      :             0.046577 Ion/Angstrom^3
 Electron density :             0.046577 Electron/Angstrom^3
##############################################################################
#                               FINAL ENERGIES                       time    #
##############################################################################
# Thomas-Fermi Kin. Energy =   5.709620300136E+00 eV                 0.000 s #
# Von-Weizsacker Kin. Ener =   4.116051775309E-01 eV                 0.000 s #
# Wang-Teter Kinetic Energ =  -7.443226788752E-02 eV                 0.000 s #
#                                                                            #
#     LDA Exch-Corr Energy =  -9.623665241584E+00 eV                 0.000 s #
#         Coulombic Energy =   1.063048447538E-02 eV                 0.000 s #
#      Ion-Electron Energy =   3.406046020921E+00 eV                 0.000 s #
#           Ion-Ion Energy =  -1.395439368974E+01 eV                 0.000 s #
#                                                                            #
#     TOTAL KINETIC ENERGY =   6.046793209779E+00 eV                         #
#   TOTAL POTENTIAL ENERGY =  -2.016138242593E+01 eV                         #
#             TOTAL ENERGY =  -1.411458921615E+01 eV                         #
##############################################################################
  
 ----------------------------- TIME INFORMATION ------------------------------
    PROFESS      :      0.63s WALL    100.00% (       1 calls)     0.63s/call
    InitPROFESS  :      0.25s WALL     39.12% (       1 calls)     0.25s/call
    KEDFRefresh  :      0.23s WALL     36.31% (       1 calls)     0.23s/call
    IonRefresh   :      0.00s WALL      0.22% (       1 calls)     0.00s/call
    EwaldEnergy  :      0.00s WALL      0.10% (       1 calls)     0.00s/call
    Pot_Ion      :      0.00s WALL      0.07% (      74 calls)     0.00s/call
    Pot_Har      :      0.01s WALL      1.42% (      74 calls)     0.00s/call
    Pot_Exc      :      0.06s WALL      9.24% (      74 calls)     0.00s/call
    Pot_KEDF     :      0.25s WALL     39.23% (      74 calls)     0.00s/call
    VWPotSqrPlus :      0.01s WALL      1.32% (      74 calls)     0.00s/call
    NextGradient :      0.00s WALL      0.08% (       6 calls)     0.00s/call
 -----------------------------------------------------------------------------
 ------------------------------- TOTAL ---------------------------------------
    PROFESS      :      0.63s WALL    100.00% (       1 calls)     0.63s/call
 -----------------------------------------------------------------------------

Run completed on: 08/14/2021 at 19:03:58 
  
