 ******************************************************************************
                             WELCOME TO PROFESS                   
            (PRinceton Orbital-Free Electronic Structure Software) 
 ******************************************************************************

 ------------------------------------------------------------------------------
                           READ GEOMETRY
 Cell length (Bohr)    5.668E+00   5.668E+00   5.668E+00
 Angle     (Degree)    6.000E+01   6.000E+01   6.000E+01
 Volume    (Bohr^3)    1.288E+02

 ------------------------------------------------------------------------------
                           READ PSEUDOPOTENTIAL
 Total electron number in ReadPseudo is    1.0000000000000000     
 (System) Machine Precision              :    2.2204460492503131E-016

 ------------------------------------------------------------------------------
                           SETUP FFT
 Global FFT Dimension :    15   15   15
 Rank/Size in Global Communicator     :            0 /           1
 Rank/Size in Global FFT Communicator :            0 /           1
 Parallel FFT, totX    =    15
 Parallel FFT, totY    =    15
 Parallel FFT, locZ    =    15
 Parallel FFT, locZoff =     0
 Dimension of rho for this processor : 
 xmin, xmax :            0          14
 ymin, ymax :            0          14
 zmin, zmax :            0          14
 Total electron number =    1.0000000000000000     
 Uniform rhoR =    7.7661643571748052E-003
 (GB INFO) FFT size      :       15      15      15
 (GB INFO) FFT offset    :        0
 (GB INFO) FFT G size    :        8      15      15
 (GB INFO) FFT G offset  :        0

 ------------------------------------------------------------------------------
                           SETUP KEDF
 kinetic energy density functional number is            5
 ( 1=TF, 2=VW, 3=TF+VW, 4=WT,  5=WGC,  
   7=LQ, 8=HQ, 10=CAT,  11=HC, 12=WGCD,
   15=GGA, 16=WGCD+GGA, 17=EVT, 18=EVC )
 qTable dimension:     8   15   15
 Coefficient for TF KEDF is     1.0000
 Coefficient for VW KEDF is     1.0000
 Coefficient for alpha in WGC KEDF is     1.2060
 Coefficient for beta  in WGC KEDF is     0.4607
 Coefficient for gamma in WGC KEDF is     2.7000
 rho0 (Electron/Bohr^3) in WGC KEDF is     0.0078
 rhoS (Electron/Bohr^3) in WGC KEDF is     0.0078
 hold0 =  F
 holdS =  F
  dV of each real space grid is now    3.8152205216022972E-002
 Cell length (Bohr)    5.668E+00   5.668E+00   5.668E+00
 Angle     (Degree)    6.000E+01   6.000E+01   6.000E+01
 Volume    (Bohr^3)    1.288E+02

 ------------------------------------------------------------------------------
                           SETUP EWALD 
 (Ewald) eta                             :   0.7978    
 (Ewald) Real Space Cutoff               :    6.000     (Bohr)
 (Ewald) Reciprocal Cutoff               :    7.760     (1/Bohr)

 ------------------------------------------------------------------------------
                           SETUP PLANE WAVE 

 ------------------------------------------------------------------------------
                           INITIALIZING WGC KERNEL
 Fermi vector :   0.61264542187050797     
 Reference density :    7.7661643571748052E-003
 Make WGC kernels.
 Dimension of KEDF Kernel :            8          15          15

 ------------------------------------------------------------------------------
                           REFRESH ION POSITIONS
  
 Calculating Ion-Ion Energy ...                   complete.     0.000 s
  
 Calculating Ion-Electron Potential (spline) ... 
 complete.     0.000 s

 ------------------------------------------------------------------------------
                           DENSITY OPTIMIZATION
 Electron number for spin            1  is    1.0000000000000351     
 Cell Volume      :            19.080810 Angstrom^3
 Ion number       :                    1
 Electron number  :             1.000000
 Ion density      :             0.052409 Ion/Angstrom^3
 Electron density :             0.052409 Electron/Angstrom^3
##############################################################################
#                               FINAL ENERGIES                       time    #
##############################################################################
# Thomas-Fermi Kin. Energy =   3.102737260855E+00 eV                 0.000 s #
# Von-Weizsacker Kin. Ener =   2.426943301355E-01 eV                 0.000 s #
#       WGC Kinetic Energy =  -6.972208979031E-02 eV                 0.000 s #
#                                                                            #
#     LDA Exch-Corr Energy =  -4.994242352229E+00 eV                 0.000 s #
#         Coulombic Energy =   1.365552854400E-02 eV                 0.000 s #
#      Ion-Electron Energy =   1.891128593323E+00 eV                 0.000 s #
#           Ion-Ion Energy =  -7.782081300439E+00 eV                 0.000 s #
#                                                                            #
#     TOTAL KINETIC ENERGY =   3.275709501200E+00 eV                         #
#   TOTAL POTENTIAL ENERGY =  -1.087153953080E+01 eV                         #
#             TOTAL ENERGY =  -7.595830029601E+00 eV                         #
##############################################################################
  
 ----------------------------- TIME INFORMATION ------------------------------
    PROFESS      :      0.48s WALL    100.00% (       1 calls)     0.48s/call
    InitPROFESS  :      0.03s WALL      7.09% (       1 calls)     0.03s/call
    KEDFRefresh  :      0.02s WALL      3.55% (       1 calls)     0.02s/call
    IonRefresh   :      0.00s WALL      0.16% (       1 calls)     0.00s/call
    EwaldEnergy  :      0.00s WALL      0.07% (       1 calls)     0.00s/call
    Pot_Ion      :      0.00s WALL      0.06% (      71 calls)     0.00s/call
    Pot_Har      :      0.01s WALL      1.35% (      71 calls)     0.00s/call
    Pot_Exc      :      0.03s WALL      6.42% (      71 calls)     0.00s/call
    Pot_KEDF     :      0.16s WALL     33.83% (      71 calls)     0.00s/call
    WGCPotPlus   :      0.12s WALL     26.09% (      71 calls)     0.00s/call
    VWPotSqrPlus :      0.01s WALL      1.27% (      71 calls)     0.00s/call
    NextGradient :      0.00s WALL      0.06% (       6 calls)     0.00s/call
 -----------------------------------------------------------------------------
 ------------------------------- TOTAL ---------------------------------------
    PROFESS      :      0.48s WALL    100.00% (       1 calls)     0.48s/call
 -----------------------------------------------------------------------------

Run completed on: 08/17/2021 at 14:23:03 
  
