 ******************************************************************************
                             WELCOME TO PROFESS                   
            (PRinceton Orbital-Free Electronic Structure Software) 
 ******************************************************************************

 ------------------------------------------------------------------------------
                           READ GEOMETRY
 Cell length (Bohr)    5.292E+01   5.292E+01   5.292E+01
 Angle     (Degree)    9.000E+01   9.000E+01   9.000E+01
 Volume    (Bohr^3)    1.482E+05

 ------------------------------------------------------------------------------
                           READ PSEUDOPOTENTIAL
 Total electron number in ReadPseudo is    4113.0000000000000     
 (System) Machine Precision              :    2.2204460492503131E-016

 ------------------------------------------------------------------------------
                           SETUP FFT
 Global FFT Dimension :   135  135  135
 Rank/Size in Global Communicator     :            0 /           1
 Rank/Size in Global FFT Communicator :            0 /           1
 Parallel FFT, totX    =   135
 Parallel FFT, totY    =   135
 Parallel FFT, locZ    =   135
 Parallel FFT, locZoff =     0
 Dimension of rho for this processor : 
 xmin, xmax :            0         134
 ymin, ymax :            0         134
 zmin, zmax :            0         134
 Total electron number =    4113.0000000000000     
 Uniform rhoR =    2.7755182486446490E-002
 (GB INFO) FFT size      :      135     135     135
 (GB INFO) FFT offset    :        0
 (GB INFO) FFT G size    :       68     135     135
 (GB INFO) FFT G offset  :        0

 ------------------------------------------------------------------------------
                           SETUP KEDF
 kinetic energy density functional number is            4
 ( 1=TF, 2=VW, 3=TF+VW, 4=WT,  5=WGC,  
   7=LQ, 8=HQ, 10=CAT,  11=HC, 12=WGCD,
   15=GGA, 16=WGCD+GGA, 17=EVT, 18=EVC )
 qTable dimension:    68  135  135
 Coefficient for TF KEDF is     1.0000
 Coefficient for VW KEDF is     1.0000
 Coefficient for alpha in WT KEDF is     0.8333
 Coefficient for beta  in WT KEDF is     0.8333
 rho0 (Electron/Bohr^3) in WGC KEDF is     0.0278
 hold0 =  F
  dV of each real space grid is now    6.0230062928323357E-002
 Cell length (Bohr)    5.292E+01   5.292E+01   5.292E+01
 Angle     (Degree)    9.000E+01   9.000E+01   9.000E+01
 Volume    (Bohr^3)    1.482E+05

 ------------------------------------------------------------------------------
                           SETUP EWALD 
 (Ewald) eta                             :   0.6285    
 (Ewald) Real Space Cutoff               :    8.836     (Bohr)
 (Ewald) Reciprocal Cutoff               :    7.955     (1/Bohr)

 ------------------------------------------------------------------------------
                           SETUP PLANE WAVE 
 Read in WT kernel.
 kernel file name  : 1PROFESS_KERNEL.dat           
 KEDF type         :     4
 Fermi vector      :   1.182014212099E+00
 Reference density :  -1.000000000000E+00
 Mesh points       :   200002
 Fermi vector in this cell is    1.8733475559688706     
 Fermi vector from kernel file is    1.1820142120987149     
 First qNorm is    0.0000000000000000     
 size of Wang-Teter kernel in this run is           68         135         135
 Max |G| in this calculation is   1.377876915858E+01
 Max eta used from kernel is   7.355159011831E+00

 ------------------------------------------------------------------------------
                           REFRESH ION POSITIONS
  
 Calculating Ion-Ion Energy ...                   complete.     0.599 s
  
 Calculating Ion-Electron Potential (spline) ... 
 complete.     0.262 s

 ------------------------------------------------------------------------------
                           DENSITY OPTIMIZATION
 Electron number for spin            1  is    4112.9999998200756     
 Cell Volume      :         21959.275917 Angstrom^3
 Ion number       :                 1371
 Electron number  :          4113.000000
 Ion density      :             0.062434 Ion/Angstrom^3
 Electron density :             0.187301 Electron/Angstrom^3
##############################################################################
#                               FINAL ENERGIES                       time    #
##############################################################################
# Thomas-Fermi Kin. Energy =   2.993510488985E+04 eV                 0.000 s #
# Von-Weizsacker Kin. Ener =   2.438946793976E+03 eV                 0.000 s #
# Wang-Teter Kinetic Energ =  -8.370338243943E+02 eV                 0.000 s #
#                                                                            #
#     LDA Exch-Corr Energy =  -3.020218522381E+04 eV                 0.000 s #
#         Coulombic Energy =   1.666435900264E+02 eV                 0.000 s #
#      Ion-Electron Energy =   2.084806006105E+04 eV                 0.000 s #
#           Ion-Ion Energy =  -1.017492387298E+05 eV                 0.000 s #
#                                                                            #
#     TOTAL KINETIC ENERGY =   3.153701785943E+04 eV                         #
#   TOTAL POTENTIAL ENERGY =  -1.109367203025E+05 eV                         #
#             TOTAL ENERGY =  -7.939970244308E+04 eV                         #
##############################################################################
  
 ----------------------------- TIME INFORMATION ------------------------------
    PROFESS      :    118.61s WALL    100.00% (       1 calls)   118.61s/call
    InitPROFESS  :      1.40s WALL      1.18% (       1 calls)     1.40s/call
    KEDFRefresh  :      0.41s WALL      0.35% (       1 calls)     0.41s/call
    IonRefresh   :      0.95s WALL      0.80% (       1 calls)     0.95s/call
    EwaldEnergy  :      0.60s WALL      0.50% (       1 calls)     0.60s/call
    Pot_Ion      :      0.24s WALL      0.20% (      77 calls)     0.00s/call
    Pot_Har      :      8.91s WALL      7.51% (      77 calls)     0.12s/call
    Pot_Exc      :     16.42s WALL     13.84% (      77 calls)     0.21s/call
    Pot_KEDF     :     86.26s WALL     72.73% (      77 calls)     1.12s/call
    VWPotSqrPlus :      8.32s WALL      7.02% (      77 calls)     0.11s/call
    NextGradient :      0.36s WALL      0.30% (       9 calls)     0.04s/call
 -----------------------------------------------------------------------------
 ------------------------------- TOTAL ---------------------------------------
    PROFESS      :    118.61s WALL    100.00% (       1 calls)   118.61s/call
 -----------------------------------------------------------------------------

Run completed on: 08/13/2021 at 20:01:44 
  
