 ******************************************************************************
                             WELCOME TO PROFESS                   
            (PRinceton Orbital-Free Electronic Structure Software) 
 ******************************************************************************

 ------------------------------------------------------------------------------
                           READ GEOMETRY
 Cell length (Bohr)    7.849E+00   7.849E+00   1.288E+01
 Angle     (Degree)    9.000E+01   9.000E+01   1.200E+02
 Volume    (Bohr^3)    6.873E+02

 ------------------------------------------------------------------------------
                           READ PSEUDOPOTENTIAL
 Total electron number in ReadPseudo is    16.000000000000000     
 (System) Machine Precision              :    2.2204460492503131E-016

 ------------------------------------------------------------------------------
                           SETUP FFT
 Global FFT Dimension :    40   40   63
 Dimension of rho for this processor : 
 xmin, xmax :            0          39
 ymin, ymax :            0          39
 zmin, zmax :            0          62
 Total electron number =    16.000000000000000     
 Uniform rhoR =    2.3278638812506972E-002
 (GB INFO) FFT size      :       40      40      63
 (GB INFO) FFT offset    :        0
 (GB INFO) FFT G size    :       21      40      63
 (GB INFO) FFT G offset  :        0

 ------------------------------------------------------------------------------
                           SETUP KEDF
 kinetic energy density functional number is           11
 ( 1=TF, 2=VW, 3=TF+VW, 4=WT,  5=WGC,  
   7=LQ, 8=HQ, 10=CAT,  11=HC, 12=WGCD,
   15=GGA, 16=WGCD+GGA, 17=EVT, 18=EVC )
 qTable dimension:    21   40   63
 rhoS=   2.3278638812506972E-002
 rho0=   2.3278638812506972E-002
 coefficients for TF KEDF is     1.000000
 coefficients for VW KEDF is     1.000000
 Lambda in HC10 is set to     0.012000
 ALPHA  in HC10 is set to     1.781667
 BETA   in HC10 is set to     0.885000
 Sum of alpha and beta is     2.666667
  dV of each real space grid is now    6.8187044787548909E-003
 Cell length (Bohr)    7.849E+00   7.849E+00   1.288E+01
 Angle     (Degree)    9.000E+01   9.000E+01   1.200E+02
 Volume    (Bohr^3)    6.873E+02

 ------------------------------------------------------------------------------
                           SETUP EWALD 
 (Ewald) eta                             :    1.200    
 (Ewald) Real Space Cutoff               :    6.000     (Bohr)
 (Ewald) Reciprocal Cutoff               :    15.12     (1/Bohr)

 ------------------------------------------------------------------------------
                           SETUP PLANE WAVE 

 ------------------------------------------------------------------------------
                           REFRESH ION POSITIONS
  
 Calculating Ion-Ion Energy ...                   complete.     0.112 s
  
 Calculating Ion-Electron Potential (spline) ... 
 complete.     0.127 s

 ------------------------------------------------------------------------------
                           DENSITY OPTIMIZATION
 Electron number for spin            1  is    16.000000000011088     
 Cell Volume      :           101.851116 Angstrom^3
 Ion number       :                    4
 Electron number  :            16.000000
 Ion density      :             0.039273 Ion/Angstrom^3
 Electron density :             0.157092 Electron/Angstrom^3
##############################################################################
#                               FINAL ENERGIES                       time    #
##############################################################################
# Thomas-Fermi Kin. Energy =   1.490754678830E+02 eV                 0.000 s #
# Von-Weizsacker Kin. Ener =   5.415609955821E+01 eV                 0.000 s #
#                                                                            #
# GGA(PBE) Exch-Cor Energy =  -1.290802229800E+02 eV                 0.000 s #
#         Coulombic Energy =   5.332971509769E+01 eV                 0.000 s #
#      Ion-Electron Energy =  -1.159999739418E+02 eV                 0.000 s #
#           Ion-Ion Energy =  -4.398144008636E+02 eV                 0.000 s #
#                                                                            #
#     TOTAL KINETIC ENERGY =   1.590313781473E+02 eV                         #
#   TOTAL POTENTIAL ENERGY =  -6.315648826877E+02 eV                         #
#             TOTAL ENERGY =  -4.725335045404E+02 eV                         #
##############################################################################
  
 ----------------------------- TIME INFORMATION ------------------------------
    PROFESS      :   4749.11s WALL    100.00% (       1 calls)  4749.11s/call
    InitPROFESS  :      0.38s WALL      0.01% (       1 calls)     0.38s/call
    KEDFRefresh  :      0.02s WALL      0.00% (       1 calls)     0.02s/call
    IonRefresh   :      0.25s WALL      0.01% (       1 calls)     0.25s/call
    EwaldEnergy  :      0.11s WALL      0.00% (       1 calls)     0.11s/call
    ForwFFT_3D   :    960.88s WALL     20.23% (  134901 calls)     0.01s/call
    BackFFT_3D   :    432.10s WALL      9.10% (   85329 calls)     0.01s/call
    Pot_Ion      :      3.13s WALL      0.07% (    1882 calls)     0.00s/call
    Pot_Har      :     25.59s WALL      0.54% (    1882 calls)     0.01s/call
    Pot_Exc      :    502.46s WALL     10.58% (    1882 calls)     0.27s/call
    PBEPot       :    498.86s WALL     10.50% (    1882 calls)     0.27s/call
    Pot_KEDF     :   4174.33s WALL     87.90% (    1882 calls)     2.22s/call
    intPot       :   4109.75s WALL     86.54% (    1882 calls)     2.18s/call
    MakeXiG      :     22.83s WALL      0.48% (    1882 calls)     0.01s/call
    intPot1      :   1138.85s WALL     23.98% (   28549 calls)     0.04s/call
    MakeHC10Kern :    110.98s WALL      2.34% (   30431 calls)     0.00s/call
    intPot2      :    819.58s WALL     17.26% (   28549 calls)     0.03s/call
    intPot3      :   1368.75s WALL     28.82% (   28549 calls)     0.05s/call
    intPot4      :    515.41s WALL     10.85% (   28549 calls)     0.02s/call
    VWPotSqrPlus :     22.77s WALL      0.48% (    1882 calls)     0.01s/call
    NextGradient :      2.15s WALL      0.05% (     155 calls)     0.01s/call
 -----------------------------------------------------------------------------
 ------------------------------- TOTAL ---------------------------------------
    PROFESS      :   4749.11s WALL    100.00% (       1 calls)  4749.11s/call
 -----------------------------------------------------------------------------

Run completed on: 07/31/2024 at 12:49:11 
  
