 ******************************************************************************
                             WELCOME TO PROFESS                   
            (PRinceton Orbital-Free Electronic Structure Software) 
 ******************************************************************************

 ------------------------------------------------------------------------------
                           READ GEOMETRY
 Cell length (Bohr)    5.305E+00   5.305E+00   3.751E+01
 Angle     (Degree)    9.000E+01   9.000E+01   9.000E+01
 Volume    (Bohr^3)    1.056E+03

 ------------------------------------------------------------------------------
                           READ PSEUDOPOTENTIAL
 Total electron number in ReadPseudo is    15.000000000000000     
 (System) Machine Precision              :    2.2204460492503131E-016

 ------------------------------------------------------------------------------
                           SETUP FFT
 Global FFT Dimension :    27   27  192
 Rank/Size in Global Communicator     :            0 /           1
 Rank/Size in Global FFT Communicator :            0 /           1
 Parallel FFT, totX    =    27
 Parallel FFT, totY    =    27
 Parallel FFT, locZ    =   192
 Parallel FFT, locZoff =     0
 Dimension of rho for this processor : 
 xmin, xmax :            0          26
 ymin, ymax :            0          26
 zmin, zmax :            0         191
 Total electron number =    15.000000000000000     
 Uniform rhoR =    1.4208511048333853E-002
 (GB INFO) FFT size      :       27      27     192
 (GB INFO) FFT offset    :        0
 (GB INFO) FFT G size    :       14      27     192
 (GB INFO) FFT G offset  :        0

 ------------------------------------------------------------------------------
                           SETUP KEDF
 kinetic energy density functional number is            4
 ( 1=TF, 2=VW, 3=TF+VW, 4=WT,  5=WGC,  
   7=LQ, 8=HQ, 10=CAT,  11=HC, 12=WGCD,
   15=GGA, 16=WGCD+GGA, 17=EVT, 18=EVC )
 qTable dimension:    14   27  192
 Coefficient for TF KEDF is     1.0000
 Coefficient for VW KEDF is     1.0000
 Coefficient for alpha in WT KEDF is     0.8333
 Coefficient for beta  in WT KEDF is     0.8333
 rho0 (Electron/Bohr^3) in WGC KEDF is     0.0142
 hold0 =  F
  dV of each real space grid is now    7.5424759267995068E-003
 Cell length (Bohr)    5.305E+00   5.305E+00   3.751E+01
 Angle     (Degree)    9.000E+01   9.000E+01   9.000E+01
 Volume    (Bohr^3)    1.056E+03

 ------------------------------------------------------------------------------
                           SETUP EWALD 
 (Ewald) eta                             :    1.200    
 (Ewald) Real Space Cutoff               :    6.000     (Bohr)
 (Ewald) Reciprocal Cutoff               :    15.40     (1/Bohr)

 ------------------------------------------------------------------------------
                           SETUP PLANE WAVE 
 Read in WT kernel.
 kernel file name  : 3PROFESS_KERNEL.dat           
 KEDF type         :     4
 Fermi vector      :   1.182014212099E+00
 Reference density :  -1.000000000000E+00
 Mesh points       :   200002
 Fermi vector in this cell is    1.4986027278932537     
 Fermi vector from kernel file is    1.1820142120987149     
 First qNorm is    0.0000000000000000     
 size of Wang-Teter kernel in this run is           14          27         192
 Max |G| in this calculation is   2.706838221841E+01
 Max eta used from kernel is   1.806241355003E+01

 ------------------------------------------------------------------------------
                           REFRESH ION POSITIONS
  
 Calculating Ion-Ion Energy ...                   complete.     0.010 s
  
 Calculating Ion-Electron Potential (spline) ... 
 complete.     0.011 s

 ------------------------------------------------------------------------------
                           DENSITY OPTIMIZATION
 Electron number for spin            1  is    14.999999999977913     
 Cell Volume      :           156.439379 Angstrom^3
 Ion number       :                    5
 Electron number  :            15.000000
 Ion density      :             0.031961 Ion/Angstrom^3
 Electron density :             0.095884 Electron/Angstrom^3
 Print density file to fcc100/Al.den                                     
##############################################################################
#                               FINAL ENERGIES                       time    #
##############################################################################
# Thomas-Fermi Kin. Energy =   1.055399647198E+02 eV                 0.000 s #
# Von-Weizsacker Kin. Ener =   1.396283825078E+01 eV                 0.000 s #
# Wang-Teter Kinetic Energ =  -7.839608116999E+00 eV                 0.000 s #
#                                                                            #
#     LDA Exch-Corr Energy =  -1.078658330248E+02 eV                 0.000 s #
#         Coulombic Energy =   1.022420095065E+03 eV                 0.000 s #
#      Ion-Electron Energy =  -2.054020899557E+03 eV                 0.000 s #
#           Ion-Ion Energy =   7.386858207377E+02 eV                 0.000 s #
#                                                                            #
#     TOTAL KINETIC ENERGY =   1.116631948536E+02 eV                         #
#   TOTAL POTENTIAL ENERGY =  -4.007808167795E+02 eV                         #
#             TOTAL ENERGY =  -2.891176219259E+02 eV                         #
##############################################################################
  
 ----------------------------- TIME INFORMATION ------------------------------
    PROFESS      :     34.21s WALL    100.00% (       1 calls)    34.21s/call
    InitPROFESS  :      0.26s WALL      0.75% (       1 calls)     0.26s/call
    KEDFRefresh  :      0.20s WALL      0.58% (       1 calls)     0.20s/call
    IonRefresh   :      0.02s WALL      0.07% (       1 calls)     0.02s/call
    EwaldEnergy  :      0.01s WALL      0.03% (       1 calls)     0.01s/call
    Pot_Ion      :      0.10s WALL      0.28% (     394 calls)     0.00s/call
    Pot_Har      :      2.10s WALL      6.14% (     394 calls)     0.01s/call
    Pot_Exc      :      4.66s WALL     13.61% (     394 calls)     0.01s/call
    Pot_KEDF     :     25.06s WALL     73.24% (     394 calls)     0.06s/call
    VWPotSqrPlus :      2.03s WALL      5.93% (     394 calls)     0.01s/call
    NextGradient :      0.04s WALL      0.11% (      17 calls)     0.00s/call
 -----------------------------------------------------------------------------
 ------------------------------- TOTAL ---------------------------------------
    PROFESS      :     34.21s WALL    100.00% (       1 calls)    34.21s/call
 -----------------------------------------------------------------------------

Run completed on: 02/08/2023 at 22:04:36 
  
