 ******************************************************************************
                             WELCOME TO PROFESS                   
            (PRinceton Orbital-Free Electronic Structure Software) 
 ******************************************************************************

 ------------------------------------------------------------------------------
                           READ GEOMETRY
 Cell length (Bohr)    8.277E+00   8.277E+00   8.277E+00
 Angle     (Degree)    9.000E+01   9.000E+01   9.000E+01
 Volume    (Bohr^3)    5.670E+02

 ------------------------------------------------------------------------------
                           READ PSEUDOPOTENTIAL
 Total electron number in ReadPseudo is    9.0000000000000000     
 (System) Machine Precision              :    2.2204460492503131E-016

 ------------------------------------------------------------------------------
                           SETUP FFT
 Global FFT Dimension :    18   18   18
 Rank/Size in Global Communicator     :            0 /           1
 Rank/Size in Global FFT Communicator :            0 /           1
 Parallel FFT, totX    =    18
 Parallel FFT, totY    =    18
 Parallel FFT, locZ    =    18
 Parallel FFT, locZoff =     0
 Dimension of rho for this processor : 
 xmin, xmax :            0          17
 ymin, ymax :            0          17
 zmin, zmax :            0          17
 Total electron number =    9.0000000000000000     
 Uniform rhoR =    1.5871704572427897E-002
 (GB INFO) FFT size      :       18      18      18
 (GB INFO) FFT offset    :        0
 (GB INFO) FFT G size    :       10      18      18
 (GB INFO) FFT G offset  :        0

 ------------------------------------------------------------------------------
                           SETUP KEDF
 kinetic energy density functional number is            4
 ( 1=TF, 2=VW, 3=TF+VW, 4=WT,  5=WGC,  
   7=LQ, 8=HQ, 10=CAT,  11=HC, 12=WGCD,
   15=GGA, 16=WGCD+GGA, 17=EVT, 18=EVC )
 qTable dimension:    10   18   18
 Coefficient for TF KEDF is     1.0000
 Coefficient for VW KEDF is     1.0000
 Coefficient for alpha in WT KEDF is     0.8333
 Coefficient for beta  in WT KEDF is     0.8333
 rho0 (Electron/Bohr^3) in WGC KEDF is     0.0159
 hold0 =  F
  dV of each real space grid is now    9.7230254601894009E-002
 Cell length (Bohr)    8.277E+00   8.277E+00   8.277E+00
 Angle     (Degree)    9.000E+01   9.000E+01   9.000E+01
 Volume    (Bohr^3)    5.670E+02

 ------------------------------------------------------------------------------
                           SETUP EWALD 
 (Ewald) eta                             :   0.6126    
 (Ewald) Real Space Cutoff               :    8.058     (Bohr)
 (Ewald) Reciprocal Cutoff               :    6.452     (1/Bohr)

 ------------------------------------------------------------------------------
                           SETUP PLANE WAVE 
 Read in WT kernel.
 kernel file name  : 1PROFESS_KERNEL.dat           
 KEDF type         :     4
 Fermi vector      :   1.182014212099E+00
 Reference density :  -1.000000000000E+00
 Mesh points       :   200002
 Fermi vector in this cell is    1.5549324229369876     
 Fermi vector from kernel file is    1.1820142120987149     
 First qNorm is    0.0000000000000000     
 size of Wang-Teter kernel in this run is           10          18          18
 Max |G| in this calculation is   1.183341309706E+01
 Max eta used from kernel is   7.610242684829E+00

 ------------------------------------------------------------------------------
                           REFRESH ION POSITIONS
  
 Calculating Ion-Ion Energy ...                   complete.     0.000 s
  
 Calculating Ion-Electron Potential (spline) ... 
 complete.     0.001 s

 ------------------------------------------------------------------------------
                           DENSITY OPTIMIZATION
 Electron number for spin            1  is    9.0000000000006501     
 Cell Volume      :            84.027672 Angstrom^3
 Ion number       :                    4
 Electron number  :             9.000000
 Ion density      :             0.047603 Ion/Angstrom^3
 Electron density :             0.107108 Electron/Angstrom^3
  
 Calculating Ion-Ion Forces ...                complete.     0.001 s
  
 Calculating Ion-Electron Forces (spline) ...  complete.     0.001 s
  
 Calculating Ion-Electron Stress (spline) ...  complete.     0.001 s
  
 Calculating Ion-Ion Stress ...                complete.     0.000 s
  
 ------------------------------------------------------------------------------
                         LATTICE VECTORS (Angstrom)
 LAT 1           4.380000        0.000000        0.000000
 LAT 2           0.000000        4.380000        0.000000
 LAT 3           0.000000        0.000000        4.380000
 ------------------------------------------------------------------------------
                                STRESS (GPa)
 ST_GPa 1        0.270221       -0.000012       -0.000020
 ST_GPa 2       -0.000012        0.270214       -0.000002
 ST_GPa 3       -0.000020       -0.000002        0.270214
  
 --------------------------------------------------
 STRESS (a.u.)
 --------------------------------------------------
 ST_AU  1   9.1846324379E-06  -4.0473985820E-10  -6.7375900108E-10
 ST_AU  2  -4.0473985820E-10   9.1843843640E-06  -8.0463361603E-11
 ST_AU  3  -6.7375900108E-10  -8.0463361603E-11   9.1843843656E-06
; Cell optimization at step  1, max(stress):  0.9185E-05, total energy:  -4.8594414    ;
  dV of each real space grid is now    9.6964405851252239E-002
 Cell length (Bohr)    8.269E+00   8.269E+00   8.269E+00
 Angle     (Degree)    9.000E+01   9.000E+01   9.000E+01
 Volume    (Bohr^3)    5.655E+02
  dV of each real space grid is now    9.6964405851252239E-002
 Cell length (Bohr)    8.269E+00   8.269E+00   8.269E+00
 Angle     (Degree)    9.000E+01   9.000E+01   9.000E+01
 Volume    (Bohr^3)    5.655E+02

 ------------------------------------------------------------------------------
                           SETUP EWALD 
 (Ewald) eta                             :   0.6126    
 (Ewald) Real Space Cutoff               :    8.058     (Bohr)
 (Ewald) Reciprocal Cutoff               :    6.458     (1/Bohr)

 ------------------------------------------------------------------------------
                           SETUP PLANE WAVE 
 Read in WT kernel.
 kernel file name  : 1PROFESS_KERNEL.dat           
 KEDF type         :     4
 Fermi vector      :   1.182014212099E+00
 Reference density :  -1.000000000000E+00
 Mesh points       :   200002
 Fermi vector in this cell is    1.5563521866313377     
 Fermi vector from kernel file is    1.1820142120987149     
 First qNorm is    0.0000000000000000     
 size of Wang-Teter kernel in this run is           10          18          18
 Max |G| in this calculation is   1.184421693355E+01
 Max eta used from kernel is   7.610242100272E+00

 ------------------------------------------------------------------------------
                           REFRESH ION POSITIONS
  
 Calculating Ion-Ion Energy ...                   complete.     0.000 s
  
 Calculating Ion-Electron Potential (spline) ... 
 complete.     0.001 s
 Rescale the total density from   0.870294 to          9

 ------------------------------------------------------------------------------
                           DENSITY OPTIMIZATION
 Electron number for spin            1  is    8.9999999999999822     
 Cell Volume      :            83.797922 Angstrom^3
 Ion number       :                    4
 Electron number  :             9.000000
 Ion density      :             0.047734 Ion/Angstrom^3
 Electron density :             0.107401 Electron/Angstrom^3
  
 Calculating Ion-Ion Forces ...                complete.     0.001 s
  
 Calculating Ion-Electron Forces (spline) ...  complete.     0.001 s
  
 Calculating Ion-Electron Stress (spline) ...  complete.     0.001 s
  
 Calculating Ion-Ion Stress ...                complete.     0.000 s
  
 ------------------------------------------------------------------------------
                         LATTICE VECTORS (Angstrom)
 LAT 1           4.376004        0.000000        0.000000
 LAT 2           0.000000        4.376004        0.000000
 LAT 3           0.000000        0.000000        4.376004
 ------------------------------------------------------------------------------
                                STRESS (GPa)
 ST_GPa 1        0.170919       -0.000010       -0.000016
 ST_GPa 2       -0.000010        0.170912       -0.000002
 ST_GPa 3       -0.000016       -0.000002        0.170912
  
 --------------------------------------------------
 STRESS (a.u.)
 --------------------------------------------------
 ST_AU  1   5.8094162686E-06  -3.3381910950E-10  -5.5316993294E-10
 ST_AU  2  -3.3381910950E-10   5.8091987616E-06  -6.7118369398E-11
 ST_AU  3  -5.5316993294E-10  -6.7118369398E-11   5.8091987608E-06
; Cell optimization at step  2, max(stress):  0.5809E-05, total energy:  -4.8594530    ;
  dV of each real space grid is now    9.6763314266548078E-002
 Cell length (Bohr)    8.264E+00   8.264E+00   8.264E+00
 Angle     (Degree)    9.000E+01   9.000E+01   9.000E+01
 Volume    (Bohr^3)    5.643E+02
  dV of each real space grid is now    9.6763314266548078E-002
 Cell length (Bohr)    8.264E+00   8.264E+00   8.264E+00
 Angle     (Degree)    9.000E+01   9.000E+01   9.000E+01
 Volume    (Bohr^3)    5.643E+02

 ------------------------------------------------------------------------------
                           SETUP EWALD 
 (Ewald) eta                             :   0.6126    
 (Ewald) Real Space Cutoff               :    8.058     (Bohr)
 (Ewald) Reciprocal Cutoff               :    6.463     (1/Bohr)

 ------------------------------------------------------------------------------
                           SETUP PLANE WAVE 
 Read in WT kernel.
 kernel file name  : 1PROFESS_KERNEL.dat           
 KEDF type         :     4
 Fermi vector      :   1.182014212099E+00
 Reference density :  -1.000000000000E+00
 Mesh points       :   200002
 Fermi vector in this cell is    1.5574295673091296     
 Fermi vector from kernel file is    1.1820142120987149     
 First qNorm is    0.0000000000000000     
 size of Wang-Teter kernel in this run is           10          18          18
 Max |G| in this calculation is   1.185241516172E+01
 Max eta used from kernel is   7.610241522638E+00

 ------------------------------------------------------------------------------
                           REFRESH ION POSITIONS
  
 Calculating Ion-Ion Energy ...                   complete.     0.000 s
  
 Calculating Ion-Electron Potential (spline) ... 
 complete.     0.001 s
 Rescale the total density from   0.869064 to          9

 ------------------------------------------------------------------------------
                           DENSITY OPTIMIZATION
 Electron number for spin            1  is    8.9999999999999662     
 Cell Volume      :            83.624136 Angstrom^3
 Ion number       :                    4
 Electron number  :             9.000000
 Ion density      :             0.047833 Ion/Angstrom^3
 Electron density :             0.107624 Electron/Angstrom^3
  
 Calculating Ion-Ion Forces ...                complete.     0.001 s
  
 Calculating Ion-Electron Forces (spline) ...  complete.     0.001 s
  
 Calculating Ion-Electron Stress (spline) ...  complete.     0.002 s
  
 Calculating Ion-Ion Stress ...                complete.     0.000 s
  
 ------------------------------------------------------------------------------
                         LATTICE VECTORS (Angstrom)
 LAT 1           4.372977        0.000000        0.000001
 LAT 2           0.000000        4.372977        0.000000
 LAT 3           0.000001        0.000000        4.372977
 ------------------------------------------------------------------------------
                                STRESS (GPa)
 ST_GPa 1        0.095376       -0.000008       -0.000013
 ST_GPa 2       -0.000008        0.095370       -0.000002
 ST_GPa 3       -0.000013       -0.000002        0.095370
  
 --------------------------------------------------
 STRESS (a.u.)
 --------------------------------------------------
 ST_AU  1   3.2417516453E-06  -2.6642964017E-10  -4.4127824358E-10
 ST_AU  2  -2.6642964017E-10   3.2415698390E-06  -5.2360998645E-11
 ST_AU  3  -4.4127824358E-10  -5.2360998645E-11   3.2415698377E-06
; Cell optimization at step  3, max(stress):  0.3242E-05, total energy:  -4.8594584    ;
  dV of each real space grid is now    9.6629002437062600E-002
 Cell length (Bohr)    8.260E+00   8.260E+00   8.260E+00
 Angle     (Degree)    9.000E+01   9.000E+01   9.000E+01
 Volume    (Bohr^3)    5.635E+02
  dV of each real space grid is now    9.6629002437062600E-002
 Cell length (Bohr)    8.260E+00   8.260E+00   8.260E+00
 Angle     (Degree)    9.000E+01   9.000E+01   9.000E+01
 Volume    (Bohr^3)    5.635E+02

 ------------------------------------------------------------------------------
                           SETUP EWALD 
 (Ewald) eta                             :   0.6126    
 (Ewald) Real Space Cutoff               :    8.058     (Bohr)
 (Ewald) Reciprocal Cutoff               :    6.466     (1/Bohr)

 ------------------------------------------------------------------------------
                           SETUP PLANE WAVE 
 Read in WT kernel.
 kernel file name  : 1PROFESS_KERNEL.dat           
 KEDF type         :     4
 Fermi vector      :   1.182014212099E+00
 Reference density :  -1.000000000000E+00
 Mesh points       :   200002
 Fermi vector in this cell is    1.5581508289219028     
 Fermi vector from kernel file is    1.1820142120987149     
 First qNorm is    0.0000000000000000     
 size of Wang-Teter kernel in this run is           10          18          18
 Max |G| in this calculation is   1.185790327671E+01
 Max eta used from kernel is   7.610240970651E+00

 ------------------------------------------------------------------------------
                           REFRESH ION POSITIONS
  
 Calculating Ion-Ion Energy ...                   complete.     0.000 s
  
 Calculating Ion-Electron Potential (spline) ... 
 complete.     0.001 s
 Rescale the total density from   0.868454 to          9

 ------------------------------------------------------------------------------
                           DENSITY OPTIMIZATION
 Electron number for spin            1  is    9.0000000000000444     
 Cell Volume      :            83.508062 Angstrom^3
 Ion number       :                    4
 Electron number  :             9.000000
 Ion density      :             0.047900 Ion/Angstrom^3
 Electron density :             0.107774 Electron/Angstrom^3
  
 Calculating Ion-Ion Forces ...                complete.     0.001 s
  
 Calculating Ion-Electron Forces (spline) ...  complete.     0.001 s
  
 Calculating Ion-Electron Stress (spline) ...  complete.     0.001 s
  
 Calculating Ion-Ion Stress ...                complete.     0.000 s
  
 ------------------------------------------------------------------------------
                         LATTICE VECTORS (Angstrom)
 LAT 1           4.370953        0.000001        0.000001
 LAT 2           0.000001        4.370953        0.000000
 LAT 3           0.000001        0.000000        4.370953
 ------------------------------------------------------------------------------
                                STRESS (GPa)
 ST_GPa 1        0.044282       -0.000006       -0.000010
 ST_GPa 2       -0.000006        0.044278       -0.000001
 ST_GPa 3       -0.000010       -0.000001        0.044278
  
 --------------------------------------------------
 STRESS (a.u.)
 --------------------------------------------------
 ST_AU  1   1.5051297144E-06  -2.0488043035E-10  -3.3870449119E-10
 ST_AU  2  -2.0488043035E-10   1.5049828131E-06  -3.9950664154E-11
 ST_AU  3  -3.3870449119E-10  -3.9950664154E-11   1.5049828109E-06
; Cell optimization at step  4, max(stress):  0.1505E-05, total energy:  -4.8594602    ;
  dV of each real space grid is now    9.6554295238208659E-002
 Cell length (Bohr)    8.258E+00   8.258E+00   8.258E+00
 Angle     (Degree)    9.000E+01   9.000E+01   9.000E+01
 Volume    (Bohr^3)    5.631E+02
  dV of each real space grid is now    9.6554295238208659E-002
 Cell length (Bohr)    8.258E+00   8.258E+00   8.258E+00
 Angle     (Degree)    9.000E+01   9.000E+01   9.000E+01
 Volume    (Bohr^3)    5.631E+02

 ------------------------------------------------------------------------------
                           SETUP EWALD 
 (Ewald) eta                             :   0.6126    
 (Ewald) Real Space Cutoff               :    8.058     (Bohr)
 (Ewald) Reciprocal Cutoff               :    6.467     (1/Bohr)

 ------------------------------------------------------------------------------
                           SETUP PLANE WAVE 
 Read in WT kernel.
 kernel file name  : 1PROFESS_KERNEL.dat           
 KEDF type         :     4
 Fermi vector      :   1.182014212099E+00
 Reference density :  -1.000000000000E+00
 Mesh points       :   200002
 Fermi vector in this cell is    1.5585525893141559     
 Fermi vector from kernel file is    1.1820142120987149     
 First qNorm is    0.0000000000000000     
 size of Wang-Teter kernel in this run is           10          18          18
 Max |G| in this calculation is   1.186095997822E+01
 Max eta used from kernel is   7.610240462559E+00

 ------------------------------------------------------------------------------
                           REFRESH ION POSITIONS
  
 Calculating Ion-Ion Energy ...                   complete.     0.000 s
  
 Calculating Ion-Electron Potential (spline) ... 
 complete.     0.001 s
 Rescale the total density from   0.868317 to          9

 ------------------------------------------------------------------------------
                           DENSITY OPTIMIZATION
 Electron number for spin            1  is    8.9999999999999858     
 Cell Volume      :            83.443499 Angstrom^3
 Ion number       :                    4
 Electron number  :             9.000000
 Ion density      :             0.047937 Ion/Angstrom^3
 Electron density :             0.107857 Electron/Angstrom^3
  
 Calculating Ion-Ion Forces ...                complete.     0.001 s
  
 Calculating Ion-Electron Forces (spline) ...  complete.     0.001 s
  
 Calculating Ion-Electron Stress (spline) ...  complete.     0.001 s
  
 Calculating Ion-Ion Stress ...                complete.     0.000 s
  
 ------------------------------------------------------------------------------
                         LATTICE VECTORS (Angstrom)
 LAT 1           4.369826        0.000001        0.000001
 LAT 2           0.000001        4.369826        0.000000
 LAT 3           0.000001        0.000000        4.369826
 ------------------------------------------------------------------------------
                                STRESS (GPa)
 ST_GPa 1        0.015756       -0.000004       -0.000007
 ST_GPa 2       -0.000004        0.015753       -0.000001
 ST_GPa 3       -0.000007       -0.000001        0.015753
  
 --------------------------------------------------
 STRESS (a.u.)
 --------------------------------------------------
 ST_AU  1   5.3553799283E-07  -1.5066153949E-10  -2.4905629746E-10
 ST_AU  2  -1.5066153949E-10   5.3542449912E-07  -2.8799025060E-11
 ST_AU  3  -2.4905629746E-10  -2.8799025060E-11   5.3542449686E-07
; Cell optimization at step  5, max(stress):  0.5355E-06, total energy:  -4.8594607    ;
  dV of each real space grid is now    9.6522428085657586E-002
 Cell length (Bohr)    8.257E+00   8.257E+00   8.257E+00
 Angle     (Degree)    9.000E+01   9.000E+01   9.000E+01
 Volume    (Bohr^3)    5.629E+02
  dV of each real space grid is now    9.6522428085657586E-002
 Cell length (Bohr)    8.257E+00   8.257E+00   8.257E+00
 Angle     (Degree)    9.000E+01   9.000E+01   9.000E+01
 Volume    (Bohr^3)    5.629E+02

 ------------------------------------------------------------------------------
                           SETUP EWALD 
 (Ewald) eta                             :   0.6126    
 (Ewald) Real Space Cutoff               :    8.058     (Bohr)
 (Ewald) Reciprocal Cutoff               :    6.468     (1/Bohr)

 ------------------------------------------------------------------------------
                           SETUP PLANE WAVE 
 Read in WT kernel.
 kernel file name  : 1PROFESS_KERNEL.dat           
 KEDF type         :     4
 Fermi vector      :   1.182014212099E+00
 Reference density :  -1.000000000000E+00
 Mesh points       :   200002
 Fermi vector in this cell is    1.5587240906230573     
 Fermi vector from kernel file is    1.1820142120987149     
 First qNorm is    0.0000000000000000     
 size of Wang-Teter kernel in this run is           10          18          18
 Max |G| in this calculation is   1.186226444726E+01
 Max eta used from kernel is   7.610240015291E+00

 ------------------------------------------------------------------------------
                           REFRESH ION POSITIONS
  
 Calculating Ion-Ion Energy ...                   complete.     0.000 s
  
 Calculating Ion-Electron Potential (spline) ... 
 complete.     0.001 s
 Rescale the total density from   0.868415 to          9

 ------------------------------------------------------------------------------
                           DENSITY OPTIMIZATION
 Electron number for spin            1  is    8.9999999999999982     
 Cell Volume      :            83.415959 Angstrom^3
 Ion number       :                    4
 Electron number  :             9.000000
 Ion density      :             0.047952 Ion/Angstrom^3
 Electron density :             0.107893 Electron/Angstrom^3
  
 Calculating Ion-Ion Forces ...                complete.     0.001 s
  
 Calculating Ion-Electron Forces (spline) ...  complete.     0.001 s
  
 Calculating Ion-Electron Stress (spline) ...  complete.     0.001 s
  
 Calculating Ion-Ion Stress ...                complete.     0.000 s
  
 ------------------------------------------------------------------------------
                         LATTICE VECTORS (Angstrom)
 LAT 1           4.369345        0.000001        0.000001
 LAT 2           0.000001        4.369346        0.000000
 LAT 3           0.000001        0.000000        4.369346
 ------------------------------------------------------------------------------
                                STRESS (GPa)
 ST_GPa 1        0.003516       -0.000003       -0.000005
 ST_GPa 2       -0.000003        0.003514       -0.000001
 ST_GPa 3       -0.000005       -0.000001        0.003514
  
 --------------------------------------------------
 STRESS (a.u.)
 --------------------------------------------------
 ST_AU  1   1.1951461426E-07  -1.0441846971E-10  -1.7222086930E-10
 ST_AU  2  -1.0441846971E-10   1.1943251478E-07  -2.0063385261E-11
 ST_AU  3  -1.7222086930E-10  -2.0063385261E-11   1.1943251172E-07
; Cell optimization at step  6, max(stress):  0.1195E-06, total energy:  -4.8594607    ;
##############################################################################
#                               FINAL ENERGIES                       time    #
##############################################################################
# Thomas-Fermi Kin. Energy =   4.732513655743E+01 eV                 0.000 s #
# Von-Weizsacker Kin. Ener =   6.211218171166E+00 eV                 0.000 s #
# Wang-Teter Kinetic Energ =  -3.364489265723E+00 eV                 0.000 s #
#                                                                            #
#     LDA Exch-Corr Energy =  -5.677505775955E+01 eV                 0.000 s #
#         Coulombic Energy =   2.946001661512E+00 eV                 0.000 s #
#      Ion-Electron Energy =   2.719886900356E+01 eV                 0.000 s #
#           Ion-Ion Energy =  -1.557743276833E+02 eV                 0.000 s #
#                                                                            #
#     TOTAL KINETIC ENERGY =   5.017186546287E+01 eV                         #
#   TOTAL POTENTIAL ENERGY =  -1.824045147778E+02 eV                         #
#             TOTAL ENERGY =  -1.322326493150E+02 eV                         #
##############################################################################
  
 ----------------------------- TIME INFORMATION ------------------------------
    PROFESS      :      2.00s WALL    100.00% (       1 calls)     2.00s/call
    InitPROFESS  :      0.23s WALL     11.67% (       1 calls)     0.23s/call
    KEDFRefresh  :      1.11s WALL     55.36% (       6 calls)     0.18s/call
    IonRefresh   :      0.01s WALL      0.43% (       6 calls)     0.00s/call
    EwaldEnergy  :      0.00s WALL      0.14% (       6 calls)     0.00s/call
    Pot_Ion      :      0.00s WALL      0.04% (     217 calls)     0.00s/call
    Pot_Har      :      0.04s WALL      1.98% (     217 calls)     0.00s/call
    Pot_Exc      :      0.11s WALL      5.64% (     217 calls)     0.00s/call
    Pot_KEDF     :      0.53s WALL     26.53% (     217 calls)     0.00s/call
    VWPotSqrPlus :      0.04s WALL      1.94% (     217 calls)     0.00s/call
    NextGradient :      0.00s WALL      0.06% (      22 calls)     0.00s/call
    CalForce     :      0.01s WALL      0.40% (       6 calls)     0.00s/call
    EwaldForces  :      0.00s WALL      0.20% (       6 calls)     0.00s/call
    CalStress    :      0.03s WALL      1.59% (       6 calls)     0.01s/call
    EwaldStress  :      0.00s WALL      0.09% (       6 calls)     0.00s/call
 -----------------------------------------------------------------------------
 ------------------------------- TOTAL ---------------------------------------
    PROFESS      :      2.00s WALL    100.00% (       1 calls)     2.00s/call
 -----------------------------------------------------------------------------

Run completed on: 11/17/2021 at 21:09:21 
  
