 ******************************************************************************
                             WELCOME TO PROFESS                   
            (PRinceton Orbital-Free Electronic Structure Software) 
 ******************************************************************************

 ------------------------------------------------------------------------------
                           READ GEOMETRY
 Cell length (Bohr)    5.251E+00   5.251E+00   5.251E+00
 Angle     (Degree)    6.000E+01   6.000E+01   6.000E+01
 Volume    (Bohr^3)    1.024E+02

 ------------------------------------------------------------------------------
                           READ PSEUDOPOTENTIAL
 Total electron number in ReadPseudo is    4.0000000000000000     
 (System) Machine Precision              :    2.2204460492503131E-016

 ------------------------------------------------------------------------------
                           SETUP FFT
 Global FFT Dimension :    27   27   27
 Dimension of rho for this processor : 
 xmin, xmax :            0          26
 ymin, ymax :            0          26
 zmin, zmax :            0          26
 Total electron number =    4.0000000000000000     
 Uniform rhoR =    3.9062241571747619E-002
 (GB INFO) FFT size      :       27      27      27
 (GB INFO) FFT offset    :        0
 (GB INFO) FFT G size    :       14      27      27
 (GB INFO) FFT G offset  :        0

 ------------------------------------------------------------------------------
                           SETUP KEDF
 kinetic energy density functional number is           11
 ( 1=TF, 2=VW, 3=TF+VW, 4=WT,  5=WGC,  
   7=LQ, 8=HQ, 10=CAT,  11=HC, 12=WGCD,
   15=GGA, 16=WGCD+GGA, 17=EVT, 18=EVC )
 qTable dimension:    14   27   27
 rhoS=   3.9062241571747619E-002
 rho0=   3.9062241571747619E-002
 coefficients for TF KEDF is     1.000000
 coefficients for VW KEDF is     1.000000
 Lambda in HC10 is set to     0.000000
 ALPHA  in HC10 is set to     2.016667
 BETA   in HC10 is set to     0.650000
 Sum of alpha and beta is     2.666667
  dV of each real space grid is now    5.2024933932144400E-003
 Cell length (Bohr)    5.251E+00   5.251E+00   5.251E+00
 Angle     (Degree)    6.000E+01   6.000E+01   6.000E+01
 Volume    (Bohr^3)    1.024E+02

 ------------------------------------------------------------------------------
                           SETUP EWALD 
 (Ewald) eta                             :    1.200    
 (Ewald) Real Space Cutoff               :    6.000     (Bohr)
 (Ewald) Reciprocal Cutoff               :    15.55     (1/Bohr)

 ------------------------------------------------------------------------------
                           SETUP PLANE WAVE 

 ------------------------------------------------------------------------------
                           REFRESH ION POSITIONS
  
 Calculating Ion-Ion Energy ...                   complete.     0.006 s
  
 Calculating Ion-Electron Potential (spline) ... 
 complete.     0.006 s

 ------------------------------------------------------------------------------
                           DENSITY OPTIMIZATION
 Electron number for spin            1  is    3.9999999999994467     
 Cell Volume      :            15.174215 Angstrom^3
 Ion number       :                    1
 Electron number  :             4.000000
 Ion density      :             0.065901 Ion/Angstrom^3
 Electron density :             0.263605 Electron/Angstrom^3
##############################################################################
#                               FINAL ENERGIES                       time    #
##############################################################################
# Thomas-Fermi Kin. Energy =   3.732755561733E+01 eV                 0.000 s #
# Von-Weizsacker Kin. Ener =   4.657668939048E+00 eV                 0.000 s #
#                                                                            #
# GGA(PBE) Exch-Cor Energy =  -3.283654968084E+01 eV                 0.000 s #
#         Coulombic Energy =   5.199089708475E-01 eV                 0.000 s #
#      Ion-Electron Energy =   1.856869999424E+01 eV                 0.000 s #
#           Ion-Ion Energy =  -1.343938134182E+02 eV                 0.000 s #
#                                                                            #
#     TOTAL KINETIC ENERGY =   3.990731310175E+01 eV                         #
#   TOTAL POTENTIAL ENERGY =  -1.481417541339E+02 eV                         #
#             TOTAL ENERGY =  -1.082344410322E+02 eV                         #
##############################################################################
  
 ----------------------------- TIME INFORMATION ------------------------------
    PROFESS      :     24.28s WALL    100.00% (       1 calls)    24.28s/call
    InitPROFESS  :      0.04s WALL      0.17% (       1 calls)     0.04s/call
    KEDFRefresh  :      0.00s WALL      0.01% (       1 calls)     0.00s/call
    IonRefresh   :      0.01s WALL      0.06% (       1 calls)     0.01s/call
    EwaldEnergy  :      0.01s WALL      0.03% (       1 calls)     0.01s/call
    ForwFFT_3D   :      2.98s WALL     12.26% (    4288 calls)     0.00s/call
    BackFFT_3D   :      2.28s WALL      9.41% (    3377 calls)     0.00s/call
    Pot_Ion      :      0.05s WALL      0.20% (     130 calls)     0.00s/call
    Pot_Har      :      0.26s WALL      1.07% (     130 calls)     0.00s/call
    Pot_Exc      :      4.48s WALL     18.45% (     130 calls)     0.03s/call
    PBEPot       :      4.42s WALL     18.22% (     130 calls)     0.03s/call
    Pot_KEDF     :     19.00s WALL     78.25% (     130 calls)     0.15s/call
    intPot       :     18.38s WALL     75.71% (     130 calls)     0.14s/call
    MakeXiG      :      0.27s WALL      1.11% (     130 calls)     0.00s/call
    VWPotSqrPlus :      0.19s WALL      0.79% (     130 calls)     0.00s/call
    intPot1      :      5.09s WALL     20.96% (     714 calls)     0.01s/call
    MakeHC10Kern :      0.75s WALL      3.10% (     843 calls)     0.00s/call
    intPot2      :      3.59s WALL     14.78% (     714 calls)     0.01s/call
    intPot3      :      4.40s WALL     18.14% (     714 calls)     0.01s/call
    intPot4      :      2.17s WALL      8.92% (     714 calls)     0.00s/call
    NextGradient :      0.01s WALL      0.04% (       7 calls)     0.00s/call
 -----------------------------------------------------------------------------
 ------------------------------- TOTAL ---------------------------------------
    PROFESS      :     24.28s WALL    100.00% (       1 calls)    24.28s/call
 -----------------------------------------------------------------------------

Run completed on: 07/30/2024 at 18:03:23 
  
