 ******************************************************************************
                             WELCOME TO PROFESS                   
            (PRinceton Orbital-Free Electronic Structure Software) 
 ******************************************************************************

 ------------------------------------------------------------------------------
                           READ GEOMETRY
 Cell length (Bohr)    5.173E+00   5.173E+00   5.173E+00
 Angle     (Degree)    9.000E+01   9.000E+01   9.000E+01
 Volume    (Bohr^3)    1.384E+02

 ------------------------------------------------------------------------------
                           READ PSEUDOPOTENTIAL
 Total electron number in ReadPseudo is    1.0000000000000000     
 (System) Machine Precision              :    2.2204460492503131E-016

 ------------------------------------------------------------------------------
                           SETUP FFT
 Global FFT Dimension :    14   14   14
 Rank/Size in Global Communicator     :            0 /           1
 Rank/Size in Global FFT Communicator :            0 /           1
 Parallel FFT, totX    =    14
 Parallel FFT, totY    =    14
 Parallel FFT, locZ    =    14
 Parallel FFT, locZoff =     0
 Dimension of rho for this processor : 
 xmin, xmax :            0          13
 ymin, ymax :            0          13
 zmin, zmax :            0          13
 Total electron number =    1.0000000000000000     
 Uniform rhoR =    7.2253503117454682E-003
 (GB INFO) FFT size      :       14      14      14
 (GB INFO) FFT offset    :        0
 (GB INFO) FFT G size    :        8      14      14
 (GB INFO) FFT G offset  :        0

 ------------------------------------------------------------------------------
                           SETUP KEDF
 kinetic energy density functional number is            4
 ( 1=TF, 2=VW, 3=TF+VW, 4=WT,  5=WGC,  
   7=LQ, 8=HQ, 10=CAT,  11=HC, 12=WGCD,
   15=GGA, 16=WGCD+GGA, 17=EVT, 18=EVC )
 qTable dimension:     8   14   14
 Coefficient for TF KEDF is     1.0000
 Coefficient for VW KEDF is     1.0000
 Coefficient for alpha in WT KEDF is     0.8333
 Coefficient for beta  in WT KEDF is     0.8333
 rho0 (Electron/Bohr^3) in WGC KEDF is     0.0072
 hold0 =  F
  dV of each real space grid is now    5.0437898670193160E-002
 Cell length (Bohr)    5.173E+00   5.173E+00   5.173E+00
 Angle     (Degree)    9.000E+01   9.000E+01   9.000E+01
 Volume    (Bohr^3)    1.384E+02

 ------------------------------------------------------------------------------
                           SETUP EWALD 
 (Ewald) eta                             :   0.8137    
 (Ewald) Real Space Cutoff               :    6.000     (Bohr)
 (Ewald) Reciprocal Cutoff               :    7.895     (1/Bohr)

 ------------------------------------------------------------------------------
                           SETUP PLANE WAVE 
 Read in WT kernel.
 kernel file name  : 11PROFESS_KERNEL.dat          
 KEDF type         :     4
 Fermi vector      :   1.182014212099E+00
 Reference density :  -1.000000000000E+00
 Mesh points       :   200002
 Fermi vector in this cell is    1.1961618996660315     
 Fermi vector from kernel file is    1.1820142120987149     
 First qNorm is    0.0000000000000000     
 size of Wang-Teter kernel in this run is            8          14          14
 Max |G| in this calculation is   1.472735781183E+01
 Max eta used from kernel is   1.231217765417E+01

 ------------------------------------------------------------------------------
                           REFRESH ION POSITIONS
  
 Calculating Ion-Ion Energy ...                   complete.     0.000 s
  
 Calculating Ion-Electron Potential (spline) ... 
 complete.     0.000 s

 ------------------------------------------------------------------------------
                           DENSITY OPTIMIZATION
 Electron number for spin            1  is    1.0000000000000433     
 Cell Volume      :            20.509000 Angstrom^3
 Ion number       :                    1
 Electron number  :             1.000000
 Ion density      :             0.048759 Ion/Angstrom^3
 Electron density :             0.048759 Electron/Angstrom^3
  
 Calculating Ion-Ion Forces ...                complete.     0.000 s
  
 Calculating Ion-Electron Forces (spline) ...  complete.     0.000 s
  
 Calculating Ion-Electron Stress (spline) ...  complete.     0.000 s
  
 Calculating Ion-Ion Stress ...                complete.     0.000 s
  
 ------------------------------------------------------------------------------
                         LATTICE VECTORS (Angstrom)
 LAT 1           2.737252        0.000000        0.000000
 LAT 2           0.000000        2.737252        0.000000
 LAT 3           0.000000        0.000000        2.737252
 ------------------------------------------------------------------------------
                                STRESS (GPa)
 ST_GPa 1        0.666586        0.000208        0.000356
 ST_GPa 2        0.000208        0.666563        0.000067
 ST_GPa 3        0.000356        0.000067        0.666563
  
 --------------------------------------------------
 STRESS (a.u.)
 --------------------------------------------------
 ST_AU  1   2.2656805420E-05   7.0691587809E-09   1.2100758510E-08
 ST_AU  2   7.0691587809E-09   2.2656033224E-05   2.2927558265E-09
 ST_AU  3   1.2100758510E-08   2.2927558265E-09   2.2656033224E-05
; Cell optimization at step  1, max(stress):  0.2266E-04, total energy: -0.27367343    ;
  dV of each real space grid is now    5.0225402508267035E-002
 Cell length (Bohr)    5.165E+00   5.165E+00   5.165E+00
 Angle     (Degree)    9.000E+01   9.000E+01   9.000E+01
 Volume    (Bohr^3)    1.378E+02
  dV of each real space grid is now    5.0225402508267035E-002
 Cell length (Bohr)    5.165E+00   5.165E+00   5.165E+00
 Angle     (Degree)    9.000E+01   9.000E+01   9.000E+01
 Volume    (Bohr^3)    1.378E+02

 ------------------------------------------------------------------------------
                           SETUP EWALD 
 (Ewald) eta                             :   0.8137    
 (Ewald) Real Space Cutoff               :    6.000     (Bohr)
 (Ewald) Reciprocal Cutoff               :    7.907     (1/Bohr)

 ------------------------------------------------------------------------------
                           SETUP PLANE WAVE 
 Read in WT kernel.
 kernel file name  : 11PROFESS_KERNEL.dat          
 KEDF type         :     4
 Fermi vector      :   1.182014212099E+00
 Reference density :  -1.000000000000E+00
 Mesh points       :   200002
 Fermi vector in this cell is    1.1978464535282620     
 Fermi vector from kernel file is    1.1820142120987149     
 First qNorm is    0.0000000000000000     
 size of Wang-Teter kernel in this run is            8          14          14
 Max |G| in this calculation is   1.474811145527E+01
 Max eta used from kernel is   1.231218860466E+01

 ------------------------------------------------------------------------------
                           REFRESH ION POSITIONS
  
 Calculating Ion-Ion Energy ...                   complete.     0.000 s
  
 Calculating Ion-Electron Potential (spline) ... 
 complete.     0.000 s
 Rescale the total density from   0.050014 to          1

 ------------------------------------------------------------------------------
                           DENSITY OPTIMIZATION
 Electron number for spin            1  is   0.99999999999999889     
 Cell Volume      :            20.422595 Angstrom^3
 Ion number       :                    1
 Electron number  :             1.000000
 Ion density      :             0.048965 Ion/Angstrom^3
 Electron density :             0.048965 Electron/Angstrom^3
  
 Calculating Ion-Ion Forces ...                complete.     0.000 s
  
 Calculating Ion-Electron Forces (spline) ...  complete.     0.000 s
  
 Calculating Ion-Electron Stress (spline) ...  complete.     0.000 s
  
 Calculating Ion-Ion Stress ...                complete.     0.000 s
  
 ------------------------------------------------------------------------------
                         LATTICE VECTORS (Angstrom)
 LAT 1           2.733403       -0.000001       -0.000002
 LAT 2          -0.000001        2.733403       -0.000000
 LAT 3          -0.000002       -0.000000        2.733403
 ------------------------------------------------------------------------------
                                STRESS (GPa)
 ST_GPa 1        0.602740        0.000213        0.000365
 ST_GPa 2        0.000213        0.602720        0.000069
 ST_GPa 3        0.000365        0.000069        0.602720
  
 --------------------------------------------------
 STRESS (a.u.)
 --------------------------------------------------
 ST_AU  1   2.0486710704E-05   7.2416797029E-09   1.2402393861E-08
 ST_AU  2   7.2416797029E-09   2.0486037752E-05   2.3436711330E-09
 ST_AU  3   1.2402393861E-08   2.3436711330E-09   2.0486037725E-05
; Cell optimization at step  2, max(stress):  0.2049E-04, total energy: -0.27368601    ;
  dV of each real space grid is now    4.9996151918059548E-002
 Cell length (Bohr)    5.158E+00   5.158E+00   5.158E+00
 Angle     (Degree)    9.000E+01   9.000E+01   9.000E+01
 Volume    (Bohr^3)    1.372E+02
  dV of each real space grid is now    4.9996151918059548E-002
 Cell length (Bohr)    5.158E+00   5.158E+00   5.158E+00
 Angle     (Degree)    9.000E+01   9.000E+01   9.000E+01
 Volume    (Bohr^3)    1.372E+02

 ------------------------------------------------------------------------------
                           SETUP EWALD 
 (Ewald) eta                             :   0.8137    
 (Ewald) Real Space Cutoff               :    6.000     (Bohr)
 (Ewald) Reciprocal Cutoff               :    7.919     (1/Bohr)

 ------------------------------------------------------------------------------
                           SETUP PLANE WAVE 
 Read in WT kernel.
 kernel file name  : 11PROFESS_KERNEL.dat          
 KEDF type         :     4
 Fermi vector      :   1.182014212099E+00
 Reference density :  -1.000000000000E+00
 Mesh points       :   200002
 Fermi vector in this cell is    1.1996745165388769     
 Fermi vector from kernel file is    1.1820142120987149     
 First qNorm is    0.0000000000000000     
 size of Wang-Teter kernel in this run is            8          14          14
 Max |G| in this calculation is   1.477063508126E+01
 Max eta used from kernel is   1.231220208284E+01

 ------------------------------------------------------------------------------
                           REFRESH ION POSITIONS
  
 Calculating Ion-Ion Energy ...                   complete.     0.000 s
  
 Calculating Ion-Electron Potential (spline) ... 
 complete.     0.000 s
 Rescale the total density from   0.049768 to          1

 ------------------------------------------------------------------------------
                           DENSITY OPTIMIZATION
 Electron number for spin            1  is    1.0000000000000038     
 Cell Volume      :            20.329377 Angstrom^3
 Ion number       :                    1
 Electron number  :             1.000000
 Ion density      :             0.049190 Ion/Angstrom^3
 Electron density :             0.049190 Electron/Angstrom^3
  
 Calculating Ion-Ion Forces ...                complete.     0.000 s
  
 Calculating Ion-Electron Forces (spline) ...  complete.     0.000 s
  
 Calculating Ion-Electron Stress (spline) ...  complete.     0.000 s
  
 Calculating Ion-Ion Stress ...                complete.     0.000 s
  
 ------------------------------------------------------------------------------
                         LATTICE VECTORS (Angstrom)
 LAT 1           2.729238       -0.000003       -0.000005
 LAT 2          -0.000003        2.729238       -0.000001
 LAT 3          -0.000005       -0.000001        2.729238
 ------------------------------------------------------------------------------
                                STRESS (GPa)
 ST_GPa 1        0.532327        0.000220        0.000377
 ST_GPa 2        0.000220        0.532310        0.000071
 ST_GPa 3        0.000377        0.000071        0.532310
  
 --------------------------------------------------
 STRESS (a.u.)
 --------------------------------------------------
 ST_AU  1   1.8093430697E-05   7.4673111842E-09   1.2798952798E-08
 ST_AU  2   7.4673111842E-09   1.8092860468E-05   2.4086110263E-09
 ST_AU  3   1.2798952798E-08   2.4086110263E-09   1.8092860412E-05
; Cell optimization at step  3, max(stress):  0.1809E-04, total energy: -0.27369815    ;
  dV of each real space grid is now    4.9754687514804934E-002
 Cell length (Bohr)    5.149E+00   5.149E+00   5.149E+00
 Angle     (Degree)    9.000E+01   9.000E+01   9.000E+01
 Volume    (Bohr^3)    1.365E+02
  dV of each real space grid is now    4.9754687514804934E-002
 Cell length (Bohr)    5.149E+00   5.149E+00   5.149E+00
 Angle     (Degree)    9.000E+01   9.000E+01   9.000E+01
 Volume    (Bohr^3)    1.365E+02

 ------------------------------------------------------------------------------
                           SETUP EWALD 
 (Ewald) eta                             :   0.8190    
 (Ewald) Real Space Cutoff               :    6.000     (Bohr)
 (Ewald) Reciprocal Cutoff               :    7.931     (1/Bohr)

 ------------------------------------------------------------------------------
                           SETUP PLANE WAVE 
 Read in WT kernel.
 kernel file name  : 11PROFESS_KERNEL.dat          
 KEDF type         :     4
 Fermi vector      :   1.182014212099E+00
 Reference density :  -1.000000000000E+00
 Mesh points       :   200002
 Fermi vector in this cell is    1.2016120983828222     
 Fermi vector from kernel file is    1.1820142120987149     
 First qNorm is    0.0000000000000000     
 size of Wang-Teter kernel in this run is            8          14          14
 Max |G| in this calculation is   1.479451103894E+01
 Max eta used from kernel is   1.231221877580E+01

 ------------------------------------------------------------------------------
                           REFRESH ION POSITIONS
  
 Calculating Ion-Ion Energy ...                   complete.     0.000 s
  
 Calculating Ion-Electron Potential (spline) ... 
 complete.     0.000 s
 Rescale the total density from   0.049514 to          1

 ------------------------------------------------------------------------------
                           DENSITY OPTIMIZATION
 Electron number for spin            1  is    1.0000000000000007     
 Cell Volume      :            20.231193 Angstrom^3
 Ion number       :                    1
 Electron number  :             1.000000
 Ion density      :             0.049429 Ion/Angstrom^3
 Electron density :             0.049429 Electron/Angstrom^3
  
 Calculating Ion-Ion Forces ...                complete.     0.000 s
  
 Calculating Ion-Electron Forces (spline) ...  complete.     0.000 s
  
 Calculating Ion-Electron Stress (spline) ...  complete.     0.000 s
  
 Calculating Ion-Ion Stress ...                complete.     0.000 s
  
 ------------------------------------------------------------------------------
                         LATTICE VECTORS (Angstrom)
 LAT 1           2.724837       -0.000004       -0.000008
 LAT 2          -0.000004        2.724837       -0.000001
 LAT 3          -0.000008       -0.000001        2.724837
 ------------------------------------------------------------------------------
                                STRESS (GPa)
 ST_GPa 1        0.456586        0.000228        0.000392
 ST_GPa 2        0.000228        0.456572        0.000073
 ST_GPa 3        0.000392        0.000073        0.456572
  
 --------------------------------------------------
 STRESS (a.u.)
 --------------------------------------------------
 ST_AU  1   1.5519029388E-05   7.7608611346E-09   1.3312902764E-08
 ST_AU  2   7.7608611346E-09   1.5518564967E-05   2.4946115371E-09
 ST_AU  3   1.3312902764E-08   2.4946115371E-09   1.5518564872E-05
; Cell optimization at step  4, max(stress):  0.1552E-04, total energy: -0.27370929    ;
  dV of each real space grid is now    4.9507767847415299E-002
 Cell length (Bohr)    5.141E+00   5.141E+00   5.141E+00
 Angle     (Degree)    9.000E+01   9.000E+01   9.000E+01
 Volume    (Bohr^3)    1.358E+02
  dV of each real space grid is now    4.9507767847415299E-002
 Cell length (Bohr)    5.141E+00   5.141E+00   5.141E+00
 Angle     (Degree)    9.000E+01   9.000E+01   9.000E+01
 Volume    (Bohr^3)    1.358E+02

 ------------------------------------------------------------------------------
                           SETUP EWALD 
 (Ewald) eta                             :   0.8190    
 (Ewald) Real Space Cutoff               :    6.000     (Bohr)
 (Ewald) Reciprocal Cutoff               :    7.945     (1/Bohr)

 ------------------------------------------------------------------------------
                           SETUP PLANE WAVE 
 Read in WT kernel.
 kernel file name  : 11PROFESS_KERNEL.dat          
 KEDF type         :     4
 Fermi vector      :   1.182014212099E+00
 Reference density :  -1.000000000000E+00
 Mesh points       :   200002
 Fermi vector in this cell is    1.2036064639063924     
 Fermi vector from kernel file is    1.1820142120987149     
 First qNorm is    0.0000000000000000     
 size of Wang-Teter kernel in this run is            8          14          14
 Max |G| in this calculation is   1.481909117055E+01
 Max eta used from kernel is   1.231223960234E+01

 ------------------------------------------------------------------------------
                           REFRESH ION POSITIONS
  
 Calculating Ion-Ion Energy ...                   complete.     0.000 s
  
 Calculating Ion-Electron Potential (spline) ... 
 complete.     0.000 s
 Rescale the total density from   0.049262 to          1

 ------------------------------------------------------------------------------
                           DENSITY OPTIMIZATION
 Electron number for spin            1  is    1.0000000000000024     
 Cell Volume      :            20.130791 Angstrom^3
 Ion number       :                    1
 Electron number  :             1.000000
 Ion density      :             0.049675 Ion/Angstrom^3
 Electron density :             0.049675 Electron/Angstrom^3
  
 Calculating Ion-Ion Forces ...                complete.     0.000 s
  
 Calculating Ion-Electron Forces (spline) ...  complete.     0.000 s
  
 Calculating Ion-Electron Stress (spline) ...  complete.     0.000 s
  
 Calculating Ion-Ion Stress ...                complete.     0.000 s
  
 ------------------------------------------------------------------------------
                         LATTICE VECTORS (Angstrom)
 LAT 1           2.720321       -0.000007       -0.000012
 LAT 2          -0.000007        2.720322       -0.000002
 LAT 3          -0.000012       -0.000002        2.720322
 ------------------------------------------------------------------------------
                                STRESS (GPa)
 ST_GPa 1        0.377429        0.000239        0.000411
 ST_GPa 2        0.000239        0.377418        0.000077
 ST_GPa 3        0.000411        0.000077        0.377418
  
 --------------------------------------------------
 STRESS (a.u.)
 --------------------------------------------------
 ST_AU  1   1.2828547062E-05   8.1390600995E-09   1.3970364654E-08
 ST_AU  2   8.1390600995E-09   1.2828188289E-05   2.6093069300E-09
 ST_AU  3   1.3970364654E-08   2.6093069300E-09   1.2828188173E-05
; Cell optimization at step  5, max(stress):  0.1283E-04, total energy: -0.27371890    ;
  dV of each real space grid is now    4.9264448574826501E-002
 Cell length (Bohr)    5.132E+00   5.132E+00   5.132E+00
 Angle     (Degree)    9.000E+01   9.000E+01   9.000E+01
 Volume    (Bohr^3)    1.352E+02
  dV of each real space grid is now    4.9264448574826501E-002
 Cell length (Bohr)    5.132E+00   5.132E+00   5.132E+00
 Angle     (Degree)    9.000E+01   9.000E+01   9.000E+01
 Volume    (Bohr^3)    1.352E+02

 ------------------------------------------------------------------------------
                           SETUP EWALD 
 (Ewald) eta                             :   0.8190    
 (Ewald) Real Space Cutoff               :    6.000     (Bohr)
 (Ewald) Reciprocal Cutoff               :    7.958     (1/Bohr)

 ------------------------------------------------------------------------------
                           SETUP PLANE WAVE 
 Read in WT kernel.
 kernel file name  : 11PROFESS_KERNEL.dat          
 KEDF type         :     4
 Fermi vector      :   1.182014212099E+00
 Reference density :  -1.000000000000E+00
 Mesh points       :   200002
 Fermi vector in this cell is    1.2055847655407128     
 Fermi vector from kernel file is    1.1820142120987149     
 First qNorm is    0.0000000000000000     
 size of Wang-Teter kernel in this run is            8          14          14
 Max |G| in this calculation is   1.484348008067E+01
 Max eta used from kernel is   1.231226580241E+01

 ------------------------------------------------------------------------------
                           REFRESH ION POSITIONS
  
 Calculating Ion-Ion Energy ...                   complete.     0.000 s
  
 Calculating Ion-Electron Potential (spline) ... 
 complete.     0.000 s
 Rescale the total density from   0.049022 to          1

 ------------------------------------------------------------------------------
                           DENSITY OPTIMIZATION
 Electron number for spin            1  is   0.99999999999999911     
 Cell Volume      :            20.031853 Angstrom^3
 Ion number       :                    1
 Electron number  :             1.000000
 Ion density      :             0.049920 Ion/Angstrom^3
 Electron density :             0.049920 Electron/Angstrom^3
  
 Calculating Ion-Ion Forces ...                complete.     0.000 s
  
 Calculating Ion-Electron Forces (spline) ...  complete.     0.000 s
  
 Calculating Ion-Electron Stress (spline) ...  complete.     0.000 s
  
 Calculating Ion-Ion Stress ...                complete.     0.000 s
  
 ------------------------------------------------------------------------------
                         LATTICE VECTORS (Angstrom)
 LAT 1           2.715857       -0.000010       -0.000016
 LAT 2          -0.000010        2.715858       -0.000003
 LAT 3          -0.000016       -0.000003        2.715858
 ------------------------------------------------------------------------------
                                STRESS (GPa)
 ST_GPa 1        0.297697        0.000254        0.000436
 ST_GPa 2        0.000254        0.297689        0.000081
 ST_GPa 3        0.000436        0.000081        0.297689
  
 --------------------------------------------------
 STRESS (a.u.)
 --------------------------------------------------
 ST_AU  1   1.0118501463E-05   8.6333797656E-09   1.4826890330E-08
 ST_AU  2   8.6333797656E-09   1.0118241681E-05   2.7615310148E-09
 ST_AU  3   1.4826890330E-08   2.7615310148E-09   1.0118241525E-05
; Cell optimization at step  6, max(stress):  0.1012E-04, total energy: -0.27372656    ;
  dV of each real space grid is now    4.9035634126486115E-002
 Cell length (Bohr)    5.124E+00   5.124E+00   5.124E+00
 Angle     (Degree)    9.000E+01   9.000E+01   9.000E+01
 Volume    (Bohr^3)    1.346E+02
  dV of each real space grid is now    4.9035634126486115E-002
 Cell length (Bohr)    5.124E+00   5.124E+00   5.124E+00
 Angle     (Degree)    9.000E+01   9.000E+01   9.000E+01
 Volume    (Bohr^3)    1.346E+02

 ------------------------------------------------------------------------------
                           SETUP EWALD 
 (Ewald) eta                             :   0.8190    
 (Ewald) Real Space Cutoff               :    6.000     (Bohr)
 (Ewald) Reciprocal Cutoff               :    7.970     (1/Bohr)

 ------------------------------------------------------------------------------
                           SETUP PLANE WAVE 
 Read in WT kernel.
 kernel file name  : 11PROFESS_KERNEL.dat          
 KEDF type         :     4
 Fermi vector      :   1.182014212099E+00
 Reference density :  -1.000000000000E+00
 Mesh points       :   200002
 Fermi vector in this cell is    1.2074570587103486     
 Fermi vector from kernel file is    1.1820142120987149     
 First qNorm is    0.0000000000000000     
 size of Wang-Teter kernel in this run is            8          14          14
 Max |G| in this calculation is   1.486657247136E+01
 Max eta used from kernel is   1.231229911169E+01

 ------------------------------------------------------------------------------
                           REFRESH ION POSITIONS
  
 Calculating Ion-Ion Energy ...                   complete.     0.000 s
  
 Calculating Ion-Electron Potential (spline) ... 
 complete.     0.000 s
 Rescale the total density from   0.048808 to          1

 ------------------------------------------------------------------------------
                           DENSITY OPTIMIZATION
 Electron number for spin            1  is   0.99999999999999933     
 Cell Volume      :            19.938813 Angstrom^3
 Ion number       :                    1
 Electron number  :             1.000000
 Ion density      :             0.050153 Ion/Angstrom^3
 Electron density :             0.050153 Electron/Angstrom^3
  
 Calculating Ion-Ion Forces ...                complete.     0.000 s
  
 Calculating Ion-Electron Forces (spline) ...  complete.     0.000 s
  
 Calculating Ion-Electron Stress (spline) ...  complete.     0.000 s
  
 Calculating Ion-Ion Stress ...                complete.     0.000 s
  
 ------------------------------------------------------------------------------
                         LATTICE VECTORS (Angstrom)
 LAT 1           2.711646       -0.000013       -0.000023
 LAT 2          -0.000013        2.711647       -0.000004
 LAT 3          -0.000023       -0.000004        2.711647
 ------------------------------------------------------------------------------
                                STRESS (GPa)
 ST_GPa 1        0.221120        0.000273        0.000469
 ST_GPa 2        0.000273        0.221115        0.000087
 ST_GPa 3        0.000469        0.000087        0.221115
  
 --------------------------------------------------
 STRESS (a.u.)
 --------------------------------------------------
 ST_AU  1   7.5157325398E-06   9.2758485921E-09   1.5936497895E-08
 ST_AU  2   9.2758485921E-09   7.5155602418E-06   2.9624145613E-09
 ST_AU  3   1.5936497895E-08   2.9624145613E-09   7.5155600285E-06
; Cell optimization at step  7, max(stress):  0.7516E-05, total energy: -0.27373210    ;
  dV of each real space grid is now    4.8832913011718666E-002
 Cell length (Bohr)    5.117E+00   5.117E+00   5.117E+00
 Angle     (Degree)    9.000E+01   9.000E+01   9.000E+01
 Volume    (Bohr^3)    1.340E+02
  dV of each real space grid is now    4.8832913011718666E-002
 Cell length (Bohr)    5.117E+00   5.117E+00   5.117E+00
 Angle     (Degree)    9.000E+01   9.000E+01   9.000E+01
 Volume    (Bohr^3)    1.340E+02

 ------------------------------------------------------------------------------
                           SETUP EWALD 
 (Ewald) eta                             :   0.8243    
 (Ewald) Real Space Cutoff               :    6.000     (Bohr)
 (Ewald) Reciprocal Cutoff               :    7.981     (1/Bohr)

 ------------------------------------------------------------------------------
                           SETUP PLANE WAVE 
 Read in WT kernel.
 kernel file name  : 11PROFESS_KERNEL.dat          
 KEDF type         :     4
 Fermi vector      :   1.182014212099E+00
 Reference density :  -1.000000000000E+00
 Mesh points       :   200002
 Fermi vector in this cell is    1.2091255993787167     
 Fermi vector from kernel file is    1.1820142120987149     
 First qNorm is    0.0000000000000000     
 size of Wang-Teter kernel in this run is            8          14          14
 Max |G| in this calculation is   1.488716786352E+01
 Max eta used from kernel is   1.231234196941E+01

 ------------------------------------------------------------------------------
                           REFRESH ION POSITIONS
  
 Calculating Ion-Ion Energy ...                   complete.     0.000 s
  
 Calculating Ion-Electron Potential (spline) ... 
 complete.     0.000 s
 Rescale the total density from   0.048631 to          1

 ------------------------------------------------------------------------------
                           DENSITY OPTIMIZATION
 Electron number for spin            1  is    1.0000000000000004     
 Cell Volume      :            19.856383 Angstrom^3
 Ion number       :                    1
 Electron number  :             1.000000
 Ion density      :             0.050362 Ion/Angstrom^3
 Electron density :             0.050362 Electron/Angstrom^3
  
 Calculating Ion-Ion Forces ...                complete.     0.000 s
  
 Calculating Ion-Electron Forces (spline) ...  complete.     0.000 s
  
 Calculating Ion-Electron Stress (spline) ...  complete.     0.000 s
  
 Calculating Ion-Ion Stress ...                complete.     0.000 s
  
 ------------------------------------------------------------------------------
                         LATTICE VECTORS (Angstrom)
 LAT 1           2.707904       -0.000018       -0.000031
 LAT 2          -0.000018        2.707905       -0.000006
 LAT 3          -0.000031       -0.000006        2.707905
 ------------------------------------------------------------------------------
                                STRESS (GPa)
 ST_GPa 1        0.151952        0.000298        0.000512
 ST_GPa 2        0.000298        0.151949        0.000095
 ST_GPa 3        0.000512        0.000095        0.151949
  
 --------------------------------------------------
 STRESS (a.u.)
 --------------------------------------------------
 ST_AU  1   5.1647573183E-06   1.0119709817E-08   1.7390533230E-08
 ST_AU  2   1.0119709817E-08   5.1646558767E-06   3.2289139076E-09
 ST_AU  3   1.7390533230E-08   3.2289139076E-09   5.1646556247E-06
; Cell optimization at step  8, max(stress):  0.5165E-05, total energy: -0.27373563    ;
  dV of each real space grid is now    4.8666622779475088E-002
 Cell length (Bohr)    5.111E+00   5.111E+00   5.111E+00
 Angle     (Degree)    9.000E+01   9.000E+01   9.000E+01
 Volume    (Bohr^3)    1.335E+02
  dV of each real space grid is now    4.8666622779475088E-002
 Cell length (Bohr)    5.111E+00   5.111E+00   5.111E+00
 Angle     (Degree)    9.000E+01   9.000E+01   9.000E+01
 Volume    (Bohr^3)    1.335E+02

 ------------------------------------------------------------------------------
                           SETUP EWALD 
 (Ewald) eta                             :   0.8243    
 (Ewald) Real Space Cutoff               :    6.000     (Bohr)
 (Ewald) Reciprocal Cutoff               :    7.990     (1/Bohr)

 ------------------------------------------------------------------------------
                           SETUP PLANE WAVE 
 Read in WT kernel.
 kernel file name  : 11PROFESS_KERNEL.dat          
 KEDF type         :     4
 Fermi vector      :   1.182014212099E+00
 Reference density :  -1.000000000000E+00
 Mesh points       :   200002
 Fermi vector in this cell is    1.2105011978899936     
 Fermi vector from kernel file is    1.1820142120987149     
 First qNorm is    0.0000000000000000     
 size of Wang-Teter kernel in this run is            8          14          14
 Max |G| in this calculation is   1.490417243602E+01
 Max eta used from kernel is   1.231239792410E+01

 ------------------------------------------------------------------------------
                           REFRESH ION POSITIONS
  
 Calculating Ion-Ion Energy ...                   complete.     0.000 s
  
 Calculating Ion-Electron Potential (spline) ... 
 complete.     0.000 s
 Rescale the total density from   0.048501 to          1

 ------------------------------------------------------------------------------
                           DENSITY OPTIMIZATION
 Electron number for spin            1  is    1.0000000000000002     
 Cell Volume      :            19.788766 Angstrom^3
 Ion number       :                    1
 Electron number  :             1.000000
 Ion density      :             0.050534 Ion/Angstrom^3
 Electron density :             0.050534 Electron/Angstrom^3
  
 Calculating Ion-Ion Forces ...                complete.     0.000 s
  
 Calculating Ion-Electron Forces (spline) ...  complete.     0.000 s
  
 Calculating Ion-Electron Stress (spline) ...  complete.     0.000 s
  
 Calculating Ion-Ion Stress ...                complete.     0.000 s
  
 ------------------------------------------------------------------------------
                         LATTICE VECTORS (Angstrom)
 LAT 1           2.704827       -0.000024       -0.000041
 LAT 2          -0.000024        2.704828       -0.000008
 LAT 3          -0.000041       -0.000008        2.704828
 ------------------------------------------------------------------------------
                                STRESS (GPa)
 ST_GPa 1        0.094278        0.000330        0.000568
 ST_GPa 2        0.000330        0.094276        0.000105
 ST_GPa 3        0.000568        0.000105        0.094276
  
 --------------------------------------------------
 STRESS (a.u.)
 --------------------------------------------------
 ST_AU  1   3.2044389415E-06   1.1229186352E-08   1.9299883344E-08
 ST_AU  2   1.1229186352E-08   3.2043885035E-06   3.5812053299E-09
 ST_AU  3   1.9299883344E-08   3.5812053299E-09   3.2043881527E-06
; Cell optimization at step  9, max(stress):  0.3204E-05, total energy: -0.27373754    ;
  dV of each real space grid is now    4.8543339964438256E-002
 Cell length (Bohr)    5.107E+00   5.107E+00   5.107E+00
 Angle     (Degree)    9.000E+01   9.000E+01   9.000E+01
 Volume    (Bohr^3)    1.332E+02
  dV of each real space grid is now    4.8543339964438256E-002
 Cell length (Bohr)    5.107E+00   5.107E+00   5.107E+00
 Angle     (Degree)    9.000E+01   9.000E+01   9.000E+01
 Volume    (Bohr^3)    1.332E+02

 ------------------------------------------------------------------------------
                           SETUP EWALD 
 (Ewald) eta                             :   0.8243    
 (Ewald) Real Space Cutoff               :    6.000     (Bohr)
 (Ewald) Reciprocal Cutoff               :    7.997     (1/Bohr)

 ------------------------------------------------------------------------------
                           SETUP PLANE WAVE 
 Read in WT kernel.
 kernel file name  : 11PROFESS_KERNEL.dat          
 KEDF type         :     4
 Fermi vector      :   1.182014212099E+00
 Reference density :  -1.000000000000E+00
 Mesh points       :   200002
 Fermi vector in this cell is    1.2115250790896379     
 Fermi vector from kernel file is    1.1820142120987149     
 First qNorm is    0.0000000000000000     
 size of Wang-Teter kernel in this run is            8          14          14
 Max |G| in this calculation is   1.491686885995E+01
 Max eta used from kernel is   1.231247220335E+01

 ------------------------------------------------------------------------------
                           REFRESH ION POSITIONS
  
 Calculating Ion-Ion Energy ...                   complete.     0.000 s
  
 Calculating Ion-Electron Potential (spline) ... 
 complete.     0.000 s
 Rescale the total density from   0.048420 to          1

 ------------------------------------------------------------------------------
                           DENSITY OPTIMIZATION
 Electron number for spin            1  is   0.99999999999999767     
 Cell Volume      :            19.738637 Angstrom^3
 Ion number       :                    1
 Electron number  :             1.000000
 Ion density      :             0.050662 Ion/Angstrom^3
 Electron density :             0.050662 Electron/Angstrom^3
  
 Calculating Ion-Ion Forces ...                complete.     0.000 s
  
 Calculating Ion-Electron Forces (spline) ...  complete.     0.000 s
  
 Calculating Ion-Electron Stress (spline) ...  complete.     0.000 s
  
 Calculating Ion-Ion Stress ...                complete.     0.000 s
  
 ------------------------------------------------------------------------------
                         LATTICE VECTORS (Angstrom)
 LAT 1           2.702541       -0.000032       -0.000055
 LAT 2          -0.000032        2.702542       -0.000010
 LAT 3          -0.000055       -0.000010        2.702542
 ------------------------------------------------------------------------------
                                STRESS (GPa)
 ST_GPa 1        0.050960        0.000374        0.000643
 ST_GPa 2        0.000374        0.050959        0.000119
 ST_GPa 3        0.000643        0.000119        0.050959
  
 --------------------------------------------------
 STRESS (a.u.)
 --------------------------------------------------
 ST_AU  1   1.7320882998E-06   1.2712329341E-08   2.1849974474E-08
 ST_AU  2   1.2712329341E-08   1.7320691683E-06   4.0538880920E-09
 ST_AU  3   2.1849974474E-08   4.0538880920E-09   1.7320687174E-06
; Cell optimization at step 10, max(stress):  0.1732E-05, total energy: -0.27373838    ;
  dV of each real space grid is now    4.8463620614695481E-002
 Cell length (Bohr)    5.104E+00   5.104E+00   5.104E+00
 Angle     (Degree)    9.000E+01   9.000E+01   9.000E+01
 Volume    (Bohr^3)    1.330E+02
  dV of each real space grid is now    4.8463620614695481E-002
 Cell length (Bohr)    5.104E+00   5.104E+00   5.104E+00
 Angle     (Degree)    9.000E+01   9.000E+01   9.000E+01
 Volume    (Bohr^3)    1.330E+02

 ------------------------------------------------------------------------------
                           SETUP EWALD 
 (Ewald) eta                             :   0.8243    
 (Ewald) Real Space Cutoff               :    6.000     (Bohr)
 (Ewald) Reciprocal Cutoff               :    8.001     (1/Bohr)

 ------------------------------------------------------------------------------
                           SETUP PLANE WAVE 
 Read in WT kernel.
 kernel file name  : 11PROFESS_KERNEL.dat          
 KEDF type         :     4
 Fermi vector      :   1.182014212099E+00
 Reference density :  -1.000000000000E+00
 Mesh points       :   200002
 Fermi vector in this cell is    1.2121890072188919     
 Fermi vector from kernel file is    1.1820142120987149     
 First qNorm is    0.0000000000000000     
 size of Wang-Teter kernel in this run is            8          14          14
 Max |G| in this calculation is   1.492516541858E+01
 Max eta used from kernel is   1.231257281636E+01

 ------------------------------------------------------------------------------
                           REFRESH ION POSITIONS
  
 Calculating Ion-Ion Energy ...                   complete.     0.000 s
  
 Calculating Ion-Electron Potential (spline) ... 
 complete.     0.000 s
 Rescale the total density from   0.048384 to          1

 ------------------------------------------------------------------------------
                           DENSITY OPTIMIZATION
 Electron number for spin            1  is   0.99999999999999933     
 Cell Volume      :            19.706221 Angstrom^3
 Ion number       :                    1
 Electron number  :             1.000000
 Ion density      :             0.050745 Ion/Angstrom^3
 Electron density :             0.050745 Electron/Angstrom^3
  
 Calculating Ion-Ion Forces ...                complete.     0.000 s
  
 Calculating Ion-Electron Forces (spline) ...  complete.     0.000 s
  
 Calculating Ion-Electron Stress (spline) ...  complete.     0.000 s
  
 Calculating Ion-Ion Stress ...                complete.     0.000 s
  
 ------------------------------------------------------------------------------
                         LATTICE VECTORS (Angstrom)
 LAT 1           2.701061       -0.000043       -0.000074
 LAT 2          -0.000043        2.701062       -0.000014
 LAT 3          -0.000074       -0.000014        2.701062
 ------------------------------------------------------------------------------
                                STRESS (GPa)
 ST_GPa 1        0.022694        0.000433        0.000744
 ST_GPa 2        0.000433        0.022694        0.000138
 ST_GPa 3        0.000744        0.000138        0.022694
  
 --------------------------------------------------
 STRESS (a.u.)
 --------------------------------------------------
 ST_AU  1   7.7136468152E-07   1.4718033500E-08   2.5297830964E-08
 ST_AU  2   1.4718033500E-08   7.7136081680E-07   4.6934800307E-09
 ST_AU  3   2.5297830964E-08   4.6934800307E-09   7.7135999960E-07
; Cell optimization at step 11, max(stress):  0.7714E-06, total energy: -0.27373865    ;
  dV of each real space grid is now    4.8421100345736108E-002
 Cell length (Bohr)    5.103E+00   5.103E+00   5.103E+00
 Angle     (Degree)    9.000E+01   9.000E+01   9.000E+01
 Volume    (Bohr^3)    1.329E+02
  dV of each real space grid is now    4.8421100345736108E-002
 Cell length (Bohr)    5.103E+00   5.103E+00   5.103E+00
 Angle     (Degree)    9.000E+01   9.000E+01   9.000E+01
 Volume    (Bohr^3)    1.329E+02

 ------------------------------------------------------------------------------
                           SETUP EWALD 
 (Ewald) eta                             :   0.8243    
 (Ewald) Real Space Cutoff               :    6.000     (Bohr)
 (Ewald) Reciprocal Cutoff               :    8.004     (1/Bohr)

 ------------------------------------------------------------------------------
                           SETUP PLANE WAVE 
 Read in WT kernel.
 kernel file name  : 11PROFESS_KERNEL.dat          
 KEDF type         :     4
 Fermi vector      :   1.182014212099E+00
 Reference density :  -1.000000000000E+00
 Mesh points       :   200002
 Fermi vector in this cell is    1.2125437253237494     
 Fermi vector from kernel file is    1.1820142120987149     
 First qNorm is    0.0000000000000000     
 size of Wang-Teter kernel in this run is            8          14          14
 Max |G| in this calculation is   1.492970201204E+01
 Max eta used from kernel is   1.231271227605E+01

 ------------------------------------------------------------------------------
                           REFRESH ION POSITIONS
  
 Calculating Ion-Ion Energy ...                   complete.     0.000 s
  
 Calculating Ion-Electron Potential (spline) ... 
 complete.     0.000 s
 Rescale the total density from   0.048379 to          1

 ------------------------------------------------------------------------------
                           DENSITY OPTIMIZATION
 Electron number for spin            1  is    1.0000000000000004     
 Cell Volume      :            19.688932 Angstrom^3
 Ion number       :                    1
 Electron number  :             1.000000
 Ion density      :             0.050790 Ion/Angstrom^3
 Electron density :             0.050790 Electron/Angstrom^3
  
 Calculating Ion-Ion Forces ...                complete.     0.000 s
  
 Calculating Ion-Electron Forces (spline) ...  complete.     0.000 s
  
 Calculating Ion-Electron Stress (spline) ...  complete.     0.000 s
  
 Calculating Ion-Ion Stress ...                complete.     0.000 s
  
 ------------------------------------------------------------------------------
                         LATTICE VECTORS (Angstrom)
 LAT 1           2.700271       -0.000058       -0.000099
 LAT 2          -0.000058        2.700272       -0.000019
 LAT 3          -0.000099       -0.000019        2.700272
 ------------------------------------------------------------------------------
                                STRESS (GPa)
 ST_GPa 1        0.007538        0.000515        0.000885
 ST_GPa 2        0.000515        0.007538        0.000164
 ST_GPa 3        0.000885        0.000164        0.007538
  
 --------------------------------------------------
 STRESS (a.u.)
 --------------------------------------------------
 ST_AU  1   2.5619607970E-07   1.7497970554E-08   3.0076531082E-08
 ST_AU  2   1.7497970554E-08   2.5619706953E-07   5.5798155878E-09
 ST_AU  3   3.0076531082E-08   5.5798155878E-09   2.5619608390E-07
; Cell optimization at step 12, max(stress):  0.2562E-06, total energy: -0.27373871    ;
##############################################################################
#                               FINAL ENERGIES                       time    #
##############################################################################
# Thomas-Fermi Kin. Energy =   3.032004606450E+00 eV                 0.000 s #
# Von-Weizsacker Kin. Ener =   2.216870534586E-01 eV                 0.000 s #
# Wang-Teter Kinetic Energ =  -5.183385611903E-02 eV                 0.000 s #
#                                                                            #
#     LDA Exch-Corr Energy =  -4.943416992497E+00 eV                 0.000 s #
#         Coulombic Energy =   1.080659453026E-02 eV                 0.000 s #
#      Ion-Electron Energy =   1.847123222470E+00 eV                 0.000 s #
#           Ion-Ion Energy =  -7.565179636442E+00 eV                 0.000 s #
#                                                                            #
#     TOTAL KINETIC ENERGY =   3.201857803789E+00 eV                         #
#   TOTAL POTENTIAL ENERGY =  -1.065066681194E+01 eV                         #
#             TOTAL ENERGY =  -7.448809008150E+00 eV                         #
##############################################################################
  
 ----------------------------- TIME INFORMATION ------------------------------
    PROFESS      :      3.04s WALL    100.00% (       1 calls)     3.04s/call
    InitPROFESS  :      0.20s WALL      6.62% (       1 calls)     0.20s/call
    KEDFRefresh  :      2.23s WALL     73.49% (      12 calls)     0.19s/call
    IonRefresh   :      0.01s WALL      0.17% (      12 calls)     0.00s/call
    EwaldEnergy  :      0.00s WALL      0.08% (      12 calls)     0.00s/call
    Pot_Ion      :      0.00s WALL      0.03% (     468 calls)     0.00s/call
    Pot_Har      :      0.02s WALL      0.62% (     468 calls)     0.00s/call
    Pot_Exc      :      0.11s WALL      3.76% (     468 calls)     0.00s/call
    Pot_KEDF     :      0.48s WALL     15.64% (     468 calls)     0.00s/call
    VWPotSqrPlus :      0.02s WALL      0.59% (     468 calls)     0.00s/call
    NextGradient :      0.00s WALL      0.03% (      39 calls)     0.00s/call
    CalForce     :      0.00s WALL      0.16% (      12 calls)     0.00s/call
    EwaldForces  :      0.00s WALL      0.09% (      12 calls)     0.00s/call
    CalStress    :      0.02s WALL      0.72% (      12 calls)     0.00s/call
    EwaldStress  :      0.00s WALL      0.04% (      12 calls)     0.00s/call
 -----------------------------------------------------------------------------
 ------------------------------- TOTAL ---------------------------------------
    PROFESS      :      3.04s WALL    100.00% (       1 calls)     3.04s/call
 -----------------------------------------------------------------------------

Run completed on: 08/14/2021 at 17:32:14 
  
