 ******************************************************************************
                             WELCOME TO PROFESS                   
            (PRinceton Orbital-Free Electronic Structure Software) 
 ******************************************************************************

 ------------------------------------------------------------------------------
                           READ GEOMETRY
 Cell length (Bohr)    7.763E+00   7.763E+00   7.763E+00
 Angle     (Degree)    9.000E+01   9.000E+01   9.000E+01
 Volume    (Bohr^3)    4.679E+02

 ------------------------------------------------------------------------------
                           READ PSEUDOPOTENTIAL
 Total electron number in ReadPseudo is    11.000000000000000     
 (System) Machine Precision              :    2.2204460492503131E-016

 ------------------------------------------------------------------------------
                           SETUP FFT
 Global FFT Dimension :    18   18   18
 Rank/Size in Global Communicator     :            0 /           1
 Rank/Size in Global FFT Communicator :            0 /           1
 Parallel FFT, totX    =    18
 Parallel FFT, totY    =    18
 Parallel FFT, locZ    =    18
 Parallel FFT, locZoff =     0
 Dimension of rho for this processor : 
 xmin, xmax :            0          17
 ymin, ymax :            0          17
 zmin, zmax :            0          17
 Total electron number =    11.000000000000000     
 Uniform rhoR =    2.3509389081719435E-002
 (GB INFO) FFT size      :       18      18      18
 (GB INFO) FFT offset    :        0
 (GB INFO) FFT G size    :       10      18      18
 (GB INFO) FFT G offset  :        0

 ------------------------------------------------------------------------------
                           SETUP KEDF
 kinetic energy density functional number is            4
 ( 1=TF, 2=VW, 3=TF+VW, 4=WT,  5=WGC,  
   7=LQ, 8=HQ, 10=CAT,  11=HC, 12=WGCD,
   15=GGA, 16=WGCD+GGA, 17=EVT, 18=EVC )
 qTable dimension:    10   18   18
 Coefficient for TF KEDF is     1.0000
 Coefficient for VW KEDF is     1.0000
 Coefficient for alpha in WT KEDF is     0.8333
 Coefficient for beta  in WT KEDF is     0.8333
 rho0 (Electron/Bohr^3) in WGC KEDF is     0.0235
 hold0 =  F
  dV of each real space grid is now    8.0229452075833096E-002
 Cell length (Bohr)    7.763E+00   7.763E+00   7.763E+00
 Angle     (Degree)    9.000E+01   9.000E+01   9.000E+01
 Volume    (Bohr^3)    4.679E+02

 ------------------------------------------------------------------------------
                           SETUP EWALD 
 (Ewald) eta                             :   0.6497    
 (Ewald) Real Space Cutoff               :    7.672     (Bohr)
 (Ewald) Reciprocal Cutoff               :    6.879     (1/Bohr)

 ------------------------------------------------------------------------------
                           SETUP PLANE WAVE 
 Fill the 3D Wang-Teter kernel in G space

 ------------------------------------------------------------------------------
                           REFRESH ION POSITIONS
  
 Calculating Ion-Ion Energy ...                   complete.     0.000 s
  
 Calculating Ion-Electron Potential (spline) ... 
 complete.     0.001 s

 ------------------------------------------------------------------------------
                           DENSITY OPTIMIZATION
 Electron number for spin            1  is    11.000000000000435     
 Cell Volume      :            69.335354 Angstrom^3
 Ion number       :                    4
 Electron number  :            11.000000
 Ion density      :             0.057691 Ion/Angstrom^3
 Electron density :             0.158649 Electron/Angstrom^3
##############################################################################
#                               FINAL ENERGIES                       time    #
##############################################################################
# Thomas-Fermi Kin. Energy =   7.292965561488E+01 eV                 0.000 s #
# Von-Weizsacker Kin. Ener =   7.537871983044E+00 eV                 0.000 s #
# Wang-Teter Kinetic Energ =  -3.125657749986E+00 eV                 0.000 s #
#                                                                            #
#     LDA Exch-Corr Energy =  -7.731490610403E+01 eV                 0.000 s #
#         Coulombic Energy =   1.971052062217E+00 eV                 0.000 s #
#      Ion-Electron Energy =   4.570640760871E+01 eV                 0.000 s #
#           Ion-Ion Energy =  -2.460283716412E+02 eV                 0.000 s #
#                                                                            #
#     TOTAL KINETIC ENERGY =   7.734186984794E+01 eV                         #
#   TOTAL POTENTIAL ENERGY =  -2.756658180743E+02 eV                         #
#             TOTAL ENERGY =  -1.983239482263E+02 eV                         #
##############################################################################
  
 ----------------------------- TIME INFORMATION ------------------------------
    PROFESS      :      0.39s WALL    100.00% (       1 calls)     0.39s/call
    InitPROFESS  :      0.04s WALL     10.51% (       1 calls)     0.04s/call
    KEDFRefresh  :      0.00s WALL      0.05% (       1 calls)     0.00s/call
    IonRefresh   :      0.00s WALL      0.36% (       1 calls)     0.00s/call
    EwaldEnergy  :      0.00s WALL      0.11% (       1 calls)     0.00s/call
    Pot_Ion      :      0.00s WALL      0.06% (      58 calls)     0.00s/call
    Pot_Har      :      0.01s WALL      3.03% (      58 calls)     0.00s/call
    Pot_Exc      :      0.03s WALL      8.61% (      58 calls)     0.00s/call
    Pot_KEDF     :      0.16s WALL     40.01% (      58 calls)     0.00s/call
    VWPotSqrPlus :      0.01s WALL      2.89% (      58 calls)     0.00s/call
    NextGradient :      0.00s WALL      0.11% (       7 calls)     0.00s/call
 -----------------------------------------------------------------------------
 ------------------------------- TOTAL ---------------------------------------
    PROFESS      :      0.39s WALL    100.00% (       1 calls)     0.39s/call
 -----------------------------------------------------------------------------

Run completed on: 11/10/2021 at 11:00:28 
  
