 ******************************************************************************
                             WELCOME TO PROFESS                   
            (PRinceton Orbital-Free Electronic Structure Software) 
 ******************************************************************************

 ------------------------------------------------------------------------------
                           READ GEOMETRY
 Cell length (Bohr)    7.573E+00   7.573E+00   7.573E+00
 Angle     (Degree)    6.000E+01   6.000E+01   6.000E+01
 Volume    (Bohr^3)    3.071E+02

 ------------------------------------------------------------------------------
                           READ PSEUDOPOTENTIAL
 Total electron number in ReadPseudo is    8.0000000000000000     
 (System) Machine Precision              :    2.2204460492503131E-016

 ------------------------------------------------------------------------------
                           SETUP FFT
 Global FFT Dimension :    40   40   40
 Dimension of rho for this processor : 
 xmin, xmax :            0          39
 ymin, ymax :            0          39
 zmin, zmax :            0          39
 Total electron number =    8.0000000000000000     
 Uniform rhoR =    2.6047045377279487E-002
 (GB INFO) FFT size      :       40      40      40
 (GB INFO) FFT offset    :        0
 (GB INFO) FFT G size    :       21      40      40
 (GB INFO) FFT G offset  :        0

 ------------------------------------------------------------------------------
                           SETUP KEDF
 kinetic energy density functional number is            5
 ( 1=TF, 2=VW, 3=TF+VW, 4=WT,  5=WGC,  
   7=LQ, 8=HQ, 10=CAT,  11=HC, 12=WGCD,
   15=GGA, 16=WGCD+GGA, 17=EVT, 18=EVC )
 qTable dimension:    21   40   40
 Coefficient for TF KEDF is     1.0000
 Coefficient for VW KEDF is     1.0000
 Coefficient for alpha in WGC KEDF is     1.2060
 Coefficient for beta  in WGC KEDF is     0.4607
 Coefficient for gamma in WGC KEDF is     4.2000
 rho0 (Electron/Bohr^3) in WGC KEDF is     0.0260
 rhoS (Electron/Bohr^3) in WGC KEDF is     0.0260
 hold0 =  F
 holdS =  F
  dV of each real space grid is now    4.7990088007845962E-003
 Cell length (Bohr)    7.573E+00   7.573E+00   7.573E+00
 Angle     (Degree)    6.000E+01   6.000E+01   6.000E+01
 Volume    (Bohr^3)    3.071E+02

 ------------------------------------------------------------------------------
                           SETUP EWALD 
 (Ewald) eta                             :    1.200    
 (Ewald) Real Space Cutoff               :    6.000     (Bohr)
 (Ewald) Reciprocal Cutoff               :    16.18     (1/Bohr)

 ------------------------------------------------------------------------------
                           SETUP PLANE WAVE 

 ------------------------------------------------------------------------------
                           INITIALIZING WGC KERNEL
 Fermi vector :   0.91705029641783953     
 Reference density :    2.6047045377279487E-002
 Make WGC kernels.
 Dimension of KEDF Kernel :           21          40          40

 ------------------------------------------------------------------------------
                           REFRESH ION POSITIONS
  
 Calculating Ion-Ion Energy ...                   complete.     0.003 s
  
 Calculating Ion-Electron Potential (spline) ... 
 complete.     0.004 s

 ------------------------------------------------------------------------------
                           DENSITY OPTIMIZATION
 Electron number for spin            1  is    7.9999999999935261     
 Cell Volume      :            45.512942 Angstrom^3
 Ion number       :                    2
 Electron number  :             8.000000
 Ion density      :             0.043944 Ion/Angstrom^3
 Electron density :             0.175774 Electron/Angstrom^3
##############################################################################
#                               FINAL ENERGIES                       time    #
##############################################################################
# Thomas-Fermi Kin. Energy =   7.181327734327E+01 eV                 0.000 s #
# Von-Weizsacker Kin. Ener =   2.362948827591E+01 eV                 0.000 s #
#       WGC Kinetic Energy =  -1.740303031366E+01 eV                 0.000 s #
#                                                                            #
# GGA(PBE) Exch-Cor Energy =  -6.382843146600E+01 eV                 0.000 s #
#         Coulombic Energy =   1.665772765371E+01 eV                 0.000 s #
#      Ion-Electron Energy =  -2.847047003139E+01 eV                 0.000 s #
#           Ion-Ion Energy =  -2.189798367923E+02 eV                 0.000 s #
#                                                                            #
#     TOTAL KINETIC ENERGY =   7.803973530551E+01 eV                         #
#   TOTAL POTENTIAL ENERGY =  -2.946210106360E+02 eV                         #
#             TOTAL ENERGY =  -2.165812753305E+02 eV                         #
##############################################################################
  
 ----------------------------- TIME INFORMATION ------------------------------
    PROFESS      :     27.27s WALL    100.00% (       1 calls)    27.27s/call
    InitPROFESS  :      0.06s WALL      0.21% (       1 calls)     0.06s/call
    KEDFRefresh  :      0.02s WALL      0.09% (       1 calls)     0.02s/call
    IonRefresh   :      0.01s WALL      0.03% (       1 calls)     0.01s/call
    EwaldEnergy  :      0.00s WALL      0.01% (       1 calls)     0.00s/call
    ForwFFT_3D   :      4.79s WALL     17.55% (    2462 calls)     0.00s/call
    BackFFT_3D   :      3.92s WALL     14.39% (    2461 calls)     0.00s/call
    Pot_Ion      :      0.09s WALL      0.35% (     205 calls)     0.00s/call
    Pot_Har      :      0.85s WALL      3.10% (     205 calls)     0.00s/call
    Pot_Exc      :     14.47s WALL     53.04% (     205 calls)     0.07s/call
    PBEPot       :     13.66s WALL     50.09% (     205 calls)     0.07s/call
    Pot_KEDF     :     10.31s WALL     37.83% (     205 calls)     0.05s/call
    WGCPotPlus   :      8.22s WALL     30.13% (     205 calls)     0.04s/call
    VWPotSqrPlus :      0.68s WALL      2.48% (     205 calls)     0.00s/call
    NextGradient :      0.02s WALL      0.09% (      11 calls)     0.00s/call
 -----------------------------------------------------------------------------
 ------------------------------- TOTAL ---------------------------------------
    PROFESS      :     27.27s WALL    100.00% (       1 calls)    27.27s/call
 -----------------------------------------------------------------------------

Run completed on: 07/30/2024 at 16:54:17 
  
