 ******************************************************************************
                             WELCOME TO PROFESS                   
            (PRinceton Orbital-Free Electronic Structure Software) 
 ******************************************************************************

 ------------------------------------------------------------------------------
                           READ GEOMETRY
 Cell length (Bohr)    5.544E+00   5.544E+00   1.361E+01
 Angle     (Degree)    9.000E+01   9.000E+01   1.200E+02
 Volume    (Bohr^3)    3.624E+02

 ------------------------------------------------------------------------------
                           READ PSEUDOPOTENTIAL
 Total electron number in ReadPseudo is    8.0000000000000000     
 (System) Machine Precision              :    2.2204460492503131E-016

 ------------------------------------------------------------------------------
                           SETUP FFT
 Global FFT Dimension :    28   28   70
 Rank/Size in Global Communicator     :            0 /           1
 Rank/Size in Global FFT Communicator :            0 /           1
 Parallel FFT, totX    =    28
 Parallel FFT, totY    =    28
 Parallel FFT, locZ    =    70
 Parallel FFT, locZoff =     0
 Dimension of rho for this processor : 
 xmin, xmax :            0          27
 ymin, ymax :            0          27
 zmin, zmax :            0          69
 Total electron number =    8.0000000000000000     
 Uniform rhoR =    2.2077637570232879E-002
 (GB INFO) FFT size      :       28      28      70
 (GB INFO) FFT offset    :        0
 (GB INFO) FFT G size    :       15      28      70
 (GB INFO) FFT G offset  :        0

 ------------------------------------------------------------------------------
                           SETUP KEDF
 kinetic energy density functional number is            5
 ( 1=TF, 2=VW, 3=TF+VW, 4=WT,  5=WGC,  
   7=LQ, 8=HQ, 10=CAT,  11=HC, 12=WGCD,
   15=GGA, 16=WGCD+GGA, 17=EVT, 18=EVC )
 qTable dimension:    15   28   70
 Coefficient for TF KEDF is     1.0000
 Coefficient for VW KEDF is     1.0000
 Coefficient for alpha in WGC KEDF is     1.2060
 Coefficient for beta  in WGC KEDF is     0.4607
 Coefficient for gamma in WGC KEDF is     2.7000
 rho0 (Electron/Bohr^3) in WGC KEDF is     0.0221
 rhoS (Electron/Bohr^3) in WGC KEDF is     0.0221
 hold0 =  F
 holdS =  F
  dV of each real space grid is now    6.6027261426163976E-003
 Cell length (Bohr)    5.544E+00   5.544E+00   1.361E+01
 Angle     (Degree)    9.000E+01   9.000E+01   1.200E+02
 Volume    (Bohr^3)    3.624E+02

 ------------------------------------------------------------------------------
                           SETUP EWALD 
 (Ewald) eta                             :    1.200    
 (Ewald) Real Space Cutoff               :    6.000     (Bohr)
 (Ewald) Reciprocal Cutoff               :    15.30     (1/Bohr)

 ------------------------------------------------------------------------------
                           SETUP PLANE WAVE 

 ------------------------------------------------------------------------------
                           INITIALIZING WGC KERNEL
 Fermi vector :   0.86787637549435992     
 Reference density :    2.2077637570232879E-002
 Make WGC kernels.
 Dimension of KEDF Kernel :           15          28          70

 ------------------------------------------------------------------------------
                           REFRESH ION POSITIONS
  
 Calculating Ion-Ion Energy ...                   complete.     0.007 s
  
 Calculating Ion-Electron Potential (spline) ... 
 complete.     0.013 s

 ------------------------------------------------------------------------------
                           DENSITY OPTIMIZATION
 Electron number for spin            1  is    7.9999999999921263     
 Cell Volume      :            53.695857 Angstrom^3
 Ion number       :                    3
 Electron number  :             8.000000
 Ion density      :             0.055870 Ion/Angstrom^3
 Electron density :             0.148987 Electron/Angstrom^3
 Print density file to mp-1222013/mp-1222013.den                         
##############################################################################
#                               FINAL ENERGIES                       time    #
##############################################################################
# Thomas-Fermi Kin. Energy =   5.143590230433E+01 eV                 0.000 s #
# Von-Weizsacker Kin. Ener =   5.328771369407E+00 eV                 0.000 s #
#       WGC Kinetic Energy =  -2.234046017312E+00 eV                 0.000 s #
#                                                                            #
# GGA(PBE) Exch-Cor Energy =  -5.542244083922E+01 eV                 0.000 s #
#         Coulombic Energy =   6.184967684696E+00 eV                 0.000 s #
#      Ion-Electron Energy =   2.401976871963E+01 eV                 0.000 s #
#           Ion-Ion Energy =  -1.678300028890E+02 eV                 0.000 s #
#                                                                            #
#     TOTAL KINETIC ENERGY =   5.453062765642E+01 eV                         #
#   TOTAL POTENTIAL ENERGY =  -1.930477073239E+02 eV                         #
#             TOTAL ENERGY =  -1.385170796675E+02 eV                         #
##############################################################################
  
 ----------------------------- TIME INFORMATION ------------------------------
    PROFESS      :     18.34s WALL    100.00% (       1 calls)    18.34s/call
    InitPROFESS  :      0.09s WALL      0.47% (       1 calls)     0.09s/call
    KEDFRefresh  :      0.03s WALL      0.17% (       1 calls)     0.03s/call
    IonRefresh   :      0.02s WALL      0.12% (       1 calls)     0.02s/call
    EwaldEnergy  :      0.01s WALL      0.04% (       1 calls)     0.01s/call
    Pot_Ion      :      0.03s WALL      0.14% (     145 calls)     0.00s/call
    Pot_Har      :      0.54s WALL      2.96% (     145 calls)     0.00s/call
    Pot_Exc      :      7.95s WALL     43.31% (     145 calls)     0.05s/call
    PBEPot       :      7.70s WALL     41.99% (     145 calls)     0.05s/call
    Pot_KEDF     :      8.90s WALL     48.51% (     145 calls)     0.06s/call
    WGCPotPlus   :      7.10s WALL     38.69% (     145 calls)     0.05s/call
    VWPotSqrPlus :      0.48s WALL      2.61% (     145 calls)     0.00s/call
    NextGradient :      0.01s WALL      0.06% (       9 calls)     0.00s/call
 -----------------------------------------------------------------------------
 ------------------------------- TOTAL ---------------------------------------
    PROFESS      :     18.34s WALL    100.00% (       1 calls)    18.34s/call
 -----------------------------------------------------------------------------

Run completed on: 05/15/2023 at 18:59:01 
  
