 ******************************************************************************
                             WELCOME TO PROFESS                   
            (PRinceton Orbital-Free Electronic Structure Software) 
 ******************************************************************************

 ------------------------------------------------------------------------------
                           READ GEOMETRY
 Cell length (Bohr)    7.337E+00   7.337E+00   7.337E+00
 Angle     (Degree)    6.000E+01   6.000E+01   6.000E+01
 Volume    (Bohr^3)    2.793E+02

 ------------------------------------------------------------------------------
                           READ PSEUDOPOTENTIAL
 Total electron number in ReadPseudo is    8.0000000000000000     
 (System) Machine Precision              :    2.2204460492503131E-016

 ------------------------------------------------------------------------------
                           SETUP FFT
 Global FFT Dimension :    36   36   36
 Dimension of rho for this processor : 
 xmin, xmax :            0          35
 ymin, ymax :            0          35
 zmin, zmax :            0          35
 Total electron number =    8.0000000000000000     
 Uniform rhoR =    2.8640191901166314E-002
 (GB INFO) FFT size      :       36      36      36
 (GB INFO) FFT offset    :        0
 (GB INFO) FFT G size    :       19      36      36
 (GB INFO) FFT G offset  :        0

 ------------------------------------------------------------------------------
                           SETUP KEDF
 kinetic energy density functional number is           11
 ( 1=TF, 2=VW, 3=TF+VW, 4=WT,  5=WGC,  
   7=LQ, 8=HQ, 10=CAT,  11=HC, 12=WGCD,
   15=GGA, 16=WGCD+GGA, 17=EVT, 18=EVC )
 qTable dimension:    19   36   36
 rhoS=   2.8640191901166314E-002
 rho0=   2.8640191901166314E-002
 coefficients for TF KEDF is     1.000000
 coefficients for VW KEDF is     1.000000
 Lambda in HC10 is set to     0.012000
 ALPHA  in HC10 is set to     1.821667
 BETA   in HC10 is set to     0.845000
 Sum of alpha and beta is     2.666667
  dV of each real space grid is now    5.9869628196651146E-003
 Cell length (Bohr)    7.337E+00   7.337E+00   7.337E+00
 Angle     (Degree)    6.000E+01   6.000E+01   6.000E+01
 Volume    (Bohr^3)    2.793E+02

 ------------------------------------------------------------------------------
                           SETUP EWALD 
 (Ewald) eta                             :    1.200    
 (Ewald) Real Space Cutoff               :    6.000     (Bohr)
 (Ewald) Reciprocal Cutoff               :    14.99     (1/Bohr)

 ------------------------------------------------------------------------------
                           SETUP PLANE WAVE 

 ------------------------------------------------------------------------------
                           REFRESH ION POSITIONS
  
 Calculating Ion-Ion Energy ...                   complete.     0.008 s
  
 Calculating Ion-Electron Potential (spline) ... 
 complete.     0.022 s

 ------------------------------------------------------------------------------
                           DENSITY OPTIMIZATION
 Electron number for spin            1  is    8.0000000000009681     
 Cell Volume      :            41.392100 Angstrom^3
 Ion number       :                    2
 Electron number  :             8.000000
 Ion density      :             0.048318 Ion/Angstrom^3
 Electron density :             0.193274 Electron/Angstrom^3
##############################################################################
#                               FINAL ENERGIES                       time    #
##############################################################################
# Thomas-Fermi Kin. Energy =   7.996183716896E+01 eV                 0.000 s #
# Von-Weizsacker Kin. Ener =   2.595019514782E+01 eV                 0.000 s #
#                                                                            #
# GGA(PBE) Exch-Cor Energy =  -6.688076935917E+01 eV                 0.000 s #
#         Coulombic Energy =   2.208568135079E+01 eV                 0.000 s #
#      Ion-Electron Energy =  -4.489078922610E+01 eV                 0.000 s #
#           Ion-Ion Energy =  -2.359383321594E+02 eV                 0.000 s #
#                                                                            #
#     TOTAL KINETIC ENERGY =   8.449737544181E+01 eV                         #
#   TOTAL POTENTIAL ENERGY =  -3.256242093939E+02 eV                         #
#             TOTAL ENERGY =  -2.411268339521E+02 eV                         #
##############################################################################
  
 ----------------------------- TIME INFORMATION ------------------------------
    PROFESS      :   2483.73s WALL    100.00% (       1 calls)  2483.73s/call
    InitPROFESS  :      0.08s WALL      0.00% (       1 calls)     0.08s/call
    KEDFRefresh  :      0.00s WALL      0.00% (       1 calls)     0.00s/call
    IonRefresh   :      0.03s WALL      0.00% (       1 calls)     0.03s/call
    EwaldEnergy  :      0.01s WALL      0.00% (       1 calls)     0.01s/call
    ForwFFT_3D   :    395.51s WALL     15.92% (   76444 calls)     0.01s/call
    BackFFT_3D   :    206.55s WALL      8.32% (   49192 calls)     0.00s/call
    Pot_Ion      :      2.27s WALL      0.09% (    1155 calls)     0.00s/call
    Pot_Har      :     13.88s WALL      0.56% (    1155 calls)     0.01s/call
    Pot_Exc      :    259.67s WALL     10.45% (    1155 calls)     0.22s/call
    PBEPot       :    257.33s WALL     10.36% (    1155 calls)     0.22s/call
    Pot_KEDF     :   2182.25s WALL     87.86% (    1155 calls)     1.89s/call
    intPot       :   2147.67s WALL     86.47% (    1155 calls)     1.86s/call
    MakeXiG      :     13.79s WALL      0.56% (    1155 calls)     0.01s/call
    VWPotSqrPlus :     12.03s WALL      0.48% (    1155 calls)     0.01s/call
    intPot1      :    607.42s WALL     24.46% (   15934 calls)     0.04s/call
    MakeHC10Kern :     59.48s WALL      2.39% (   17088 calls)     0.00s/call
    intPot2      :    448.06s WALL     18.04% (   15934 calls)     0.03s/call
    intPot3      :    646.59s WALL     26.03% (   15934 calls)     0.04s/call
    intPot4      :    288.79s WALL     11.63% (   15934 calls)     0.02s/call
    NextGradient :      1.15s WALL      0.05% (     101 calls)     0.01s/call
 -----------------------------------------------------------------------------
 ------------------------------- TOTAL ---------------------------------------
    PROFESS      :   2483.73s WALL    100.00% (       1 calls)  2483.73s/call
 -----------------------------------------------------------------------------

Run completed on: 07/31/2024 at 09:56:00 
  
