 ******************************************************************************
                             WELCOME TO PROFESS                   
            (PRinceton Orbital-Free Electronic Structure Software) 
 ******************************************************************************

 ------------------------------------------------------------------------------
                           READ GEOMETRY
 Cell length (Bohr)    5.511E+00   5.511E+00   5.511E+00
 Angle     (Degree)    1.095E+02   1.095E+02   1.095E+02
 Volume    (Bohr^3)    1.288E+02

 ------------------------------------------------------------------------------
                           READ PSEUDOPOTENTIAL
 Total electron number in ReadPseudo is    2.0000000000000000     
 (System) Machine Precision              :    2.2204460492503131E-016

 ------------------------------------------------------------------------------
                           SETUP FFT
 Global FFT Dimension :    27   27   27
 Rank/Size in Global Communicator     :            0 /           1
 Rank/Size in Global FFT Communicator :            0 /           1
 Parallel FFT, totX    =    27
 Parallel FFT, totY    =    27
 Parallel FFT, locZ    =    27
 Parallel FFT, locZoff =     0
 Dimension of rho for this processor : 
 xmin, xmax :            0          26
 ymin, ymax :            0          26
 zmin, zmax :            0          26
 Total electron number =    2.0000000000000000     
 Uniform rhoR =    1.5522573109627021E-002
 (GB INFO) FFT size      :       27      27      27
 (GB INFO) FFT offset    :        0
 (GB INFO) FFT G size    :       14      27      27
 (GB INFO) FFT G offset  :        0

 ------------------------------------------------------------------------------
                           SETUP KEDF
 kinetic energy density functional number is            5
 ( 1=TF, 2=VW, 3=TF+VW, 4=WT,  5=WGC,  
   7=LQ, 8=HQ, 10=CAT,  11=HC, 12=WGCD,
   15=GGA, 16=WGCD+GGA, 17=EVT, 18=EVC )
 qTable dimension:    14   27   27
 Coefficient for TF KEDF is     1.0000
 Coefficient for VW KEDF is     1.0000
 Coefficient for alpha in WGC KEDF is     1.2060
 Coefficient for beta  in WGC KEDF is     0.4607
 Coefficient for gamma in WGC KEDF is     2.7000
 rho0 (Electron/Bohr^3) in WGC KEDF is     0.0155
 rhoS (Electron/Bohr^3) in WGC KEDF is     0.0155
 hold0 =  F
 holdS =  F
  dV of each real space grid is now    6.5459847496265548E-003
 Cell length (Bohr)    5.511E+00   5.511E+00   5.511E+00
 Angle     (Degree)    1.095E+02   1.095E+02   1.095E+02
 Volume    (Bohr^3)    1.288E+02

 ------------------------------------------------------------------------------
                           SETUP EWALD 
 (Ewald) eta                             :    1.200    
 (Ewald) Real Space Cutoff               :    6.000     (Bohr)
 (Ewald) Reciprocal Cutoff               :    14.82     (1/Bohr)

 ------------------------------------------------------------------------------
                           SETUP PLANE WAVE 

 ------------------------------------------------------------------------------
                           INITIALIZING WGC KERNEL
 Fermi vector :   0.77172322648725200     
 Reference density :    1.5522573109627021E-002
 Make WGC kernels.
 Dimension of KEDF Kernel :           14          27          27

 ------------------------------------------------------------------------------
                           REFRESH ION POSITIONS
  
 Calculating Ion-Ion Energy ...                   complete.     0.002 s
  
 Calculating Ion-Electron Potential (spline) ... 
 complete.     0.003 s

 ------------------------------------------------------------------------------
                           DENSITY OPTIMIZATION
 Electron number for spin            1  is    1.9999999999999889     
 Cell Volume      :            19.092802 Angstrom^3
 Ion number       :                    1
 Electron number  :             2.000000
 Ion density      :             0.052376 Ion/Angstrom^3
 Electron density :             0.104752 Electron/Angstrom^3
##############################################################################
#                               FINAL ENERGIES                       time    #
##############################################################################
# Thomas-Fermi Kin. Energy =   9.963659401455E+00 eV                 0.000 s #
# Von-Weizsacker Kin. Ener =   1.085711980445E+00 eV                 0.000 s #
#       WGC Kinetic Energy =  -4.746940544173E-01 eV                 0.000 s #
#                                                                            #
# GGA(PBE) Exch-Cor Energy =  -1.237144218378E+01 eV                 0.000 s #
#         Coulombic Energy =   1.002907459207E-01 eV                 0.000 s #
#      Ion-Electron Energy =   8.724892978718E+00 eV                 0.000 s #
#           Ion-Ion Energy =  -3.112373966850E+01 eV                 0.000 s #
#                                                                            #
#     TOTAL KINETIC ENERGY =   1.057467732748E+01 eV                         #
#   TOTAL POTENTIAL ENERGY =  -3.466999812765E+01 eV                         #
#             TOTAL ENERGY =  -2.409532080016E+01 eV                         #
##############################################################################
  
 ----------------------------- TIME INFORMATION ------------------------------
    PROFESS      :      6.22s WALL    100.00% (       1 calls)     6.22s/call
    InitPROFESS  :      0.04s WALL      0.67% (       1 calls)     0.04s/call
    KEDFRefresh  :      0.02s WALL      0.33% (       1 calls)     0.02s/call
    IonRefresh   :      0.01s WALL      0.09% (       1 calls)     0.01s/call
    EwaldEnergy  :      0.00s WALL      0.04% (       1 calls)     0.00s/call
    Pot_Ion      :      0.01s WALL      0.14% (     147 calls)     0.00s/call
    Pot_Har      :      0.21s WALL      3.34% (     147 calls)     0.00s/call
    Pot_Exc      :      2.42s WALL     39.01% (     147 calls)     0.02s/call
    PBEPot       :      2.35s WALL     37.76% (     147 calls)     0.02s/call
    Pot_KEDF     :      3.09s WALL     49.71% (     147 calls)     0.02s/call
    WGCPotPlus   :      2.46s WALL     39.65% (     147 calls)     0.02s/call
    VWPotSqrPlus :      0.19s WALL      2.98% (     147 calls)     0.00s/call
    NextGradient :      0.00s WALL      0.05% (       8 calls)     0.00s/call
 -----------------------------------------------------------------------------
 ------------------------------- TOTAL ---------------------------------------
    PROFESS      :      6.22s WALL    100.00% (       1 calls)     6.22s/call
 -----------------------------------------------------------------------------

Run completed on: 05/02/2023 at 14:05:31 
  
