 ******************************************************************************
                             WELCOME TO PROFESS                   
            (PRinceton Orbital-Free Electronic Structure Software) 
 ******************************************************************************

 ------------------------------------------------------------------------------
                           READ GEOMETRY
 Cell length (Bohr)    8.037E+00   8.037E+00   8.037E+00
 Angle     (Degree)    9.000E+01   9.000E+01   9.000E+01
 Volume    (Bohr^3)    5.191E+02

 ------------------------------------------------------------------------------
                           READ PSEUDOPOTENTIAL
 Total electron number in ReadPseudo is    9.0000000000000000     
 (System) Machine Precision              :    2.2204460492503131E-016

 ------------------------------------------------------------------------------
                           SETUP FFT
 Global FFT Dimension :    18   18   18
 Rank/Size in Global Communicator     :            0 /           1
 Rank/Size in Global FFT Communicator :            0 /           1
 Parallel FFT, totX    =    18
 Parallel FFT, totY    =    18
 Parallel FFT, locZ    =    18
 Parallel FFT, locZoff =     0
 Dimension of rho for this processor : 
 xmin, xmax :            0          17
 ymin, ymax :            0          17
 zmin, zmax :            0          17
 Total electron number =    9.0000000000000000     
 Uniform rhoR =    1.7337411704431403E-002
 (GB INFO) FFT size      :       18      18      18
 (GB INFO) FFT offset    :        0
 (GB INFO) FFT G size    :       10      18      18
 (GB INFO) FFT G offset  :        0

 ------------------------------------------------------------------------------
                           SETUP KEDF
 kinetic energy density functional number is            5
 ( 1=TF, 2=VW, 3=TF+VW, 4=WT,  5=WGC,  
   7=LQ, 8=HQ, 10=CAT,  11=HC, 12=WGCD,
   15=GGA, 16=WGCD+GGA, 17=EVT, 18=EVC )
 qTable dimension:    10   18   18
 Coefficient for TF KEDF is     1.0000
 Coefficient for VW KEDF is     1.0000
 Coefficient for alpha in WGC KEDF is     1.2060
 Coefficient for beta  in WGC KEDF is     0.4607
 Coefficient for gamma in WGC KEDF is     2.7000
 rho0 (Electron/Bohr^3) in WGC KEDF is     0.0173
 rhoS (Electron/Bohr^3) in WGC KEDF is     0.0173
 hold0 =  F
 holdS =  F
  dV of each real space grid is now    8.9010395718339491E-002
 Cell length (Bohr)    8.037E+00   8.037E+00   8.037E+00
 Angle     (Degree)    9.000E+01   9.000E+01   9.000E+01
 Volume    (Bohr^3)    5.191E+02

 ------------------------------------------------------------------------------
                           SETUP EWALD 
 (Ewald) eta                             :   0.6285    
 (Ewald) Real Space Cutoff               :    7.863     (Bohr)
 (Ewald) Reciprocal Cutoff               :    6.645     (1/Bohr)

 ------------------------------------------------------------------------------
                           SETUP PLANE WAVE 

 ------------------------------------------------------------------------------
                           INITIALIZING WGC KERNEL
 Fermi vector :   0.80069740466126882     
 Reference density :    1.7337411704431403E-002
 Make WGC kernels.
 Dimension of KEDF Kernel :           10          18          18

 ------------------------------------------------------------------------------
                           REFRESH ION POSITIONS
  
 Calculating Ion-Ion Energy ...                   complete.     0.000 s
  
 Calculating Ion-Electron Potential (spline) ... 
 complete.     0.001 s

 ------------------------------------------------------------------------------
                           DENSITY OPTIMIZATION
 Electron number for spin            1  is    9.0000000000002043     
 Cell Volume      :            76.923961 Angstrom^3
 Ion number       :                    4
 Electron number  :             9.000000
 Ion density      :             0.051999 Ion/Angstrom^3
 Electron density :             0.116999 Electron/Angstrom^3
##############################################################################
#                               FINAL ENERGIES                       time    #
##############################################################################
# Thomas-Fermi Kin. Energy =   4.932760483347E+01 eV                 0.000 s #
# Von-Weizsacker Kin. Ener =   5.924577328539E+00 eV                 0.000 s #
#       WGC Kinetic Energy =  -2.747962740869E+00 eV                 0.000 s #
#                                                                            #
#     LDA Exch-Corr Energy =  -5.794841779678E+01 eV                 0.000 s #
#         Coulombic Energy =   2.164376214585E+00 eV                 0.000 s #
#      Ion-Electron Energy =   3.146090279572E+01 eV                 0.000 s #
#           Ion-Ion Energy =  -1.600387145349E+02 eV                 0.000 s #
#                                                                            #
#     TOTAL KINETIC ENERGY =   5.250421942113E+01 eV                         #
#   TOTAL POTENTIAL ENERGY =  -1.843618533213E+02 eV                         #
#             TOTAL ENERGY =  -1.318576339002E+02 eV                         #
##############################################################################
  
 ----------------------------- TIME INFORMATION ------------------------------
    PROFESS      :      0.53s WALL    100.00% (       1 calls)     0.53s/call
    InitPROFESS  :      0.05s WALL      9.14% (       1 calls)     0.05s/call
    KEDFRefresh  :      0.01s WALL      1.89% (       1 calls)     0.01s/call
    IonRefresh   :      0.00s WALL      0.32% (       1 calls)     0.00s/call
    EwaldEnergy  :      0.00s WALL      0.10% (       1 calls)     0.00s/call
    Pot_Ion      :      0.00s WALL      0.06% (      72 calls)     0.00s/call
    Pot_Har      :      0.02s WALL      3.06% (      72 calls)     0.00s/call
    Pot_Exc      :      0.04s WALL      8.12% (      72 calls)     0.00s/call
    Pot_KEDF     :      0.27s WALL     50.76% (      72 calls)     0.00s/call
    WGCPotPlus   :      0.21s WALL     39.75% (      72 calls)     0.00s/call
    VWPotSqrPlus :      0.02s WALL      2.92% (      72 calls)     0.00s/call
    NextGradient :      0.00s WALL      0.08% (       7 calls)     0.00s/call
 -----------------------------------------------------------------------------
 ------------------------------- TOTAL ---------------------------------------
    PROFESS      :      0.53s WALL    100.00% (       1 calls)     0.53s/call
 -----------------------------------------------------------------------------

Run completed on: 11/17/2021 at 21:20:42 
  
