 ******************************************************************************
                             WELCOME TO PROFESS                   
            (PRinceton Orbital-Free Electronic Structure Software) 
 ******************************************************************************

 ------------------------------------------------------------------------------
                           READ GEOMETRY
 Cell length (Bohr)    7.310E+00   7.310E+00   7.310E+00
 Angle     (Degree)    6.000E+01   6.000E+01   6.000E+01
 Volume    (Bohr^3)    2.762E+02

 ------------------------------------------------------------------------------
                           READ PSEUDOPOTENTIAL
 Total electron number in ReadPseudo is    8.0000000000000000     
 (System) Machine Precision              :    2.2204460492503131E-016

 ------------------------------------------------------------------------------
                           SETUP FFT
 Global FFT Dimension :    36   36   36
 Dimension of rho for this processor : 
 xmin, xmax :            0          35
 ymin, ymax :            0          35
 zmin, zmax :            0          35
 Total electron number =    8.0000000000000000     
 Uniform rhoR =    2.8960308623914331E-002
 (GB INFO) FFT size      :       36      36      36
 (GB INFO) FFT offset    :        0
 (GB INFO) FFT G size    :       19      36      36
 (GB INFO) FFT G offset  :        0

 ------------------------------------------------------------------------------
                           SETUP KEDF
 kinetic energy density functional number is           11
 ( 1=TF, 2=VW, 3=TF+VW, 4=WT,  5=WGC,  
   7=LQ, 8=HQ, 10=CAT,  11=HC, 12=WGCD,
   15=GGA, 16=WGCD+GGA, 17=EVT, 18=EVC )
 qTable dimension:    19   36   36
 rhoS=   2.8960308623914331E-002
 rho0=   2.8960308623914331E-002
 coefficients for TF KEDF is     1.000000
 coefficients for VW KEDF is     1.000000
 Lambda in HC10 is set to     0.010000
 ALPHA  in HC10 is set to     2.016667
 BETA   in HC10 is set to     0.650000
 Sum of alpha and beta is     2.666667
  dV of each real space grid is now    5.9207851092707292E-003
 Cell length (Bohr)    7.310E+00   7.310E+00   7.310E+00
 Angle     (Degree)    6.000E+01   6.000E+01   6.000E+01
 Volume    (Bohr^3)    2.762E+02

 ------------------------------------------------------------------------------
                           SETUP EWALD 
 (Ewald) eta                             :    1.200    
 (Ewald) Real Space Cutoff               :    6.000     (Bohr)
 (Ewald) Reciprocal Cutoff               :    15.04     (1/Bohr)

 ------------------------------------------------------------------------------
                           SETUP PLANE WAVE 

 ------------------------------------------------------------------------------
                           REFRESH ION POSITIONS
  
 Calculating Ion-Ion Energy ...                   complete.     0.004 s
  
 Calculating Ion-Electron Potential (spline) ... 
 complete.     0.004 s

 ------------------------------------------------------------------------------
                           DENSITY OPTIMIZATION
 Electron number for spin            1  is    8.0000000000047855     
 Cell Volume      :            40.934566 Angstrom^3
 Ion number       :                    2
 Electron number  :             8.000000
 Ion density      :             0.048858 Ion/Angstrom^3
 Electron density :             0.195434 Electron/Angstrom^3
##############################################################################
#                               FINAL ENERGIES                       time    #
##############################################################################
# Thomas-Fermi Kin. Energy =   7.297401984738E+01 eV                 0.000 s #
# Von-Weizsacker Kin. Ener =   2.083137145448E+01 eV                 0.000 s #
#                                                                            #
# GGA(PBE) Exch-Cor Energy =  -6.460181079030E+01 eV                 0.000 s #
#         Coulombic Energy =   1.349663577326E+01 eV                 0.000 s #
#      Ion-Electron Energy =  -1.713054869661E+01 eV                 0.000 s #
#           Ion-Ion Energy =  -2.268570955173E+02 eV                 0.000 s #
#                                                                            #
#     TOTAL KINETIC ENERGY =   7.795395421602E+01 eV                         #
#   TOTAL POTENTIAL ENERGY =  -2.950928192309E+02 eV                         #
#             TOTAL ENERGY =  -2.171388650149E+02 eV                         #
##############################################################################
  
 ----------------------------- TIME INFORMATION ------------------------------
    PROFESS      :    407.63s WALL    100.00% (       1 calls)   407.63s/call
    InitPROFESS  :      0.06s WALL      0.01% (       1 calls)     0.06s/call
    KEDFRefresh  :      0.00s WALL      0.00% (       1 calls)     0.00s/call
    IonRefresh   :      0.01s WALL      0.00% (       1 calls)     0.01s/call
    EwaldEnergy  :      0.00s WALL      0.00% (       1 calls)     0.00s/call
    ForwFFT_3D   :     62.28s WALL     15.28% (   28977 calls)     0.00s/call
    BackFFT_3D   :     33.98s WALL      8.34% (   19360 calls)     0.00s/call
    Pot_Ion      :      0.41s WALL      0.10% (     513 calls)     0.00s/call
    Pot_Har      :      2.63s WALL      0.64% (     513 calls)     0.01s/call
    Pot_Exc      :     44.35s WALL     10.88% (     513 calls)     0.09s/call
    PBEPot       :     43.87s WALL     10.76% (     513 calls)     0.09s/call
    Pot_KEDF     :    355.60s WALL     87.24% (     513 calls)     0.69s/call
    intPot       :    348.81s WALL     85.57% (     513 calls)     0.68s/call
    MakeXiG      :      2.75s WALL      0.68% (     513 calls)     0.01s/call
    VWPotSqrPlus :      2.17s WALL      0.53% (     513 calls)     0.00s/call
    intPot1      :     98.82s WALL     24.24% (    5833 calls)     0.02s/call
    MakeHC10Kern :     10.57s WALL      2.59% (    6345 calls)     0.00s/call
    intPot2      :     72.11s WALL     17.69% (    5833 calls)     0.01s/call
    intPot3      :    100.11s WALL     24.56% (    5833 calls)     0.02s/call
    intPot4      :     47.49s WALL     11.65% (    5833 calls)     0.01s/call
    NextGradient :      0.24s WALL      0.06% (      51 calls)     0.00s/call
 -----------------------------------------------------------------------------
 ------------------------------- TOTAL ---------------------------------------
    PROFESS      :    407.63s WALL    100.00% (       1 calls)   407.63s/call
 -----------------------------------------------------------------------------

Run completed on: 07/30/2024 at 18:06:50 
  
