 ******************************************************************************
                             WELCOME TO PROFESS                   
            (PRinceton Orbital-Free Electronic Structure Software) 
 ******************************************************************************

 ------------------------------------------------------------------------------
                           READ GEOMETRY
 Cell length (Bohr)    7.455E+00   7.455E+00   7.455E+00
 Angle     (Degree)    6.000E+01   6.000E+01   6.000E+01
 Volume    (Bohr^3)    2.929E+02

 ------------------------------------------------------------------------------
                           READ PSEUDOPOTENTIAL
 Total electron number in ReadPseudo is    8.0000000000000000     
 (System) Machine Precision              :    2.2204460492503131E-016

 ------------------------------------------------------------------------------
                           SETUP FFT
 Global FFT Dimension :    40   40   40
 Dimension of rho for this processor : 
 xmin, xmax :            0          39
 ymin, ymax :            0          39
 zmin, zmax :            0          39
 Total electron number =    8.0000000000000000     
 Uniform rhoR =    2.7309727570820407E-002
 (GB INFO) FFT size      :       40      40      40
 (GB INFO) FFT offset    :        0
 (GB INFO) FFT G size    :       21      40      40
 (GB INFO) FFT G offset  :        0

 ------------------------------------------------------------------------------
                           SETUP KEDF
 kinetic energy density functional number is            5
 ( 1=TF, 2=VW, 3=TF+VW, 4=WT,  5=WGC,  
   7=LQ, 8=HQ, 10=CAT,  11=HC, 12=WGCD,
   15=GGA, 16=WGCD+GGA, 17=EVT, 18=EVC )
 qTable dimension:    21   40   40
 Coefficient for TF KEDF is     1.0000
 Coefficient for VW KEDF is     1.0000
 Coefficient for alpha in WGC KEDF is     1.2060
 Coefficient for beta  in WGC KEDF is     0.4607
 Coefficient for gamma in WGC KEDF is     4.2000
 rho0 (Electron/Bohr^3) in WGC KEDF is     0.0273
 rhoS (Electron/Bohr^3) in WGC KEDF is     0.0273
 hold0 =  F
 holdS =  F
  dV of each real space grid is now    4.5771236522168237E-003
 Cell length (Bohr)    7.455E+00   7.455E+00   7.455E+00
 Angle     (Degree)    6.000E+01   6.000E+01   6.000E+01
 Volume    (Bohr^3)    2.929E+02

 ------------------------------------------------------------------------------
                           SETUP EWALD 
 (Ewald) eta                             :    1.200    
 (Ewald) Real Space Cutoff               :    6.000     (Bohr)
 (Ewald) Reciprocal Cutoff               :    16.44     (1/Bohr)

 ------------------------------------------------------------------------------
                           SETUP PLANE WAVE 

 ------------------------------------------------------------------------------
                           INITIALIZING WGC KERNEL
 Fermi vector :   0.93163570093123993     
 Reference density :    2.7309727570820407E-002
 Make WGC kernels.
 Dimension of KEDF Kernel :           21          40          40

 ------------------------------------------------------------------------------
                           REFRESH ION POSITIONS
  
 Calculating Ion-Ion Energy ...                   complete.     0.003 s
  
 Calculating Ion-Electron Potential (spline) ... 
 complete.     0.007 s

 ------------------------------------------------------------------------------
                           DENSITY OPTIMIZATION
 Electron number for spin            1  is    7.9999999999971276     
 Cell Volume      :            43.408623 Angstrom^3
 Ion number       :                    2
 Electron number  :             8.000000
 Ion density      :             0.046074 Ion/Angstrom^3
 Electron density :             0.184295 Electron/Angstrom^3
##############################################################################
#                               FINAL ENERGIES                       time    #
##############################################################################
# Thomas-Fermi Kin. Energy =   7.826981488303E+01 eV                 0.000 s #
# Von-Weizsacker Kin. Ener =   2.612014004644E+01 eV                 0.000 s #
#       WGC Kinetic Energy =  -1.794596366111E+01 eV                 0.000 s #
#                                                                            #
# GGA(PBE) Exch-Cor Energy =  -6.588773778865E+01 eV                 0.000 s #
#         Coulombic Energy =   2.182672950468E+01 eV                 0.000 s #
#      Ion-Electron Energy =  -4.814529097779E+01 eV                 0.000 s #
#           Ion-Ion Energy =  -2.322267903889E+02 eV                 0.000 s #
#                                                                            #
#     TOTAL KINETIC ENERGY =   8.644399126837E+01 eV                         #
#   TOTAL POTENTIAL ENERGY =  -3.244330896506E+02 eV                         #
#             TOTAL ENERGY =  -2.379890983823E+02 eV                         #
##############################################################################
  
 ----------------------------- TIME INFORMATION ------------------------------
    PROFESS      :     45.02s WALL    100.00% (       1 calls)    45.02s/call
    InitPROFESS  :      0.05s WALL      0.11% (       1 calls)     0.05s/call
    KEDFRefresh  :      0.02s WALL      0.04% (       1 calls)     0.02s/call
    IonRefresh   :      0.01s WALL      0.03% (       1 calls)     0.01s/call
    EwaldEnergy  :      0.00s WALL      0.01% (       1 calls)     0.00s/call
    ForwFFT_3D   :      8.51s WALL     18.91% (    3483 calls)     0.00s/call
    BackFFT_3D   :      6.47s WALL     14.36% (    3481 calls)     0.00s/call
    Pot_Ion      :      0.17s WALL      0.39% (     290 calls)     0.00s/call
    Pot_Har      :      1.47s WALL      3.27% (     290 calls)     0.01s/call
    Pot_Exc      :     21.93s WALL     48.71% (     290 calls)     0.08s/call
    PBEPot       :     20.25s WALL     44.98% (     290 calls)     0.07s/call
    Pot_KEDF     :     18.41s WALL     40.89% (     290 calls)     0.06s/call
    WGCPotPlus   :     14.92s WALL     33.15% (     290 calls)     0.05s/call
    VWPotSqrPlus :      1.13s WALL      2.51% (     290 calls)     0.00s/call
    NextGradient :      0.03s WALL      0.07% (      10 calls)     0.00s/call
 -----------------------------------------------------------------------------
 ------------------------------- TOTAL ---------------------------------------
    PROFESS      :     45.02s WALL    100.00% (       1 calls)    45.02s/call
 -----------------------------------------------------------------------------

Run completed on: 07/30/2024 at 20:55:12 
  
