 ******************************************************************************
                             WELCOME TO PROFESS                   
            (PRinceton Orbital-Free Electronic Structure Software) 
 ******************************************************************************

 ------------------------------------------------------------------------------
                           READ GEOMETRY
 Cell length (Bohr)    8.406E+00   1.013E+01   1.812E+01
 Angle     (Degree)    1.051E+02   1.032E+02   9.007E+01
 Volume    (Bohr^3)    1.448E+03

 ------------------------------------------------------------------------------
                           READ PSEUDOPOTENTIAL
 Total electron number in ReadPseudo is    21.000000000000000     
 (System) Machine Precision              :    2.2204460492503131E-016

 ------------------------------------------------------------------------------
                           SETUP FFT
 Global FFT Dimension :    42   50   90
 Rank/Size in Global Communicator     :            0 /           1
 Rank/Size in Global FFT Communicator :            0 /           1
 Parallel FFT, totX    =    42
 Parallel FFT, totY    =    50
 Parallel FFT, locZ    =    90
 Parallel FFT, locZoff =     0
 Dimension of rho for this processor : 
 xmin, xmax :            0          41
 ymin, ymax :            0          49
 zmin, zmax :            0          89
 Total electron number =    21.000000000000000     
 Uniform rhoR =    1.4507238317386133E-002
 (GB INFO) FFT size      :       42      50      90
 (GB INFO) FFT offset    :        0
 (GB INFO) FFT G size    :       22      50      90
 (GB INFO) FFT G offset  :        0

 ------------------------------------------------------------------------------
                           SETUP KEDF
 kinetic energy density functional number is            5
 ( 1=TF, 2=VW, 3=TF+VW, 4=WT,  5=WGC,  
   7=LQ, 8=HQ, 10=CAT,  11=HC, 12=WGCD,
   15=GGA, 16=WGCD+GGA, 17=EVT, 18=EVC )
 qTable dimension:    22   50   90
 Coefficient for TF KEDF is     1.0000
 Coefficient for VW KEDF is     1.0000
 Coefficient for alpha in WGC KEDF is     1.2060
 Coefficient for beta  in WGC KEDF is     0.4607
 Coefficient for gamma in WGC KEDF is     2.7000
 rho0 (Electron/Bohr^3) in WGC KEDF is     0.0145
 rhoS (Electron/Bohr^3) in WGC KEDF is     0.0145
 hold0 =  F
 holdS =  F
  dV of each real space grid is now    7.6590119139319929E-003
 Cell length (Bohr)    8.406E+00   1.013E+01   1.812E+01
 Angle     (Degree)    1.051E+02   1.032E+02   9.007E+01
 Volume    (Bohr^3)    1.448E+03

 ------------------------------------------------------------------------------
                           SETUP EWALD 
 (Ewald) eta                             :    1.200    
 (Ewald) Real Space Cutoff               :    6.000     (Bohr)
 (Ewald) Reciprocal Cutoff               :    15.19     (1/Bohr)

 ------------------------------------------------------------------------------
                           SETUP PLANE WAVE 

 ------------------------------------------------------------------------------
                           INITIALIZING WGC KERNEL
 Fermi vector :   0.75451622264883844     
 Reference density :    1.4507238317386133E-002
 Make WGC kernels.
 Dimension of KEDF Kernel :           22          50          90

 ------------------------------------------------------------------------------
                           REFRESH ION POSITIONS
  
 ----------------------------- TIME INFORMATION ------------------------------
    PROFESS      :      0.39s WALL    100.00% (       1 calls)     0.39s/call
    KEDFRefresh  :      0.07s WALL     18.80% (       1 calls)     0.07s/call
 -----------------------------------------------------------------------------
