 ******************************************************************************
                             WELCOME TO PROFESS                   
            (PRinceton Orbital-Free Electronic Structure Software) 
 ******************************************************************************

 ------------------------------------------------------------------------------
                           READ GEOMETRY
 Cell length (Bohr)    7.079E+00   7.079E+00   7.079E+00
 Angle     (Degree)    9.744E+01   9.744E+01   1.378E+02
 Volume    (Bohr^3)    2.222E+02

 ------------------------------------------------------------------------------
                           READ PSEUDOPOTENTIAL
 Total electron number in ReadPseudo is    8.0000000000000000     
 (System) Machine Precision              :    2.2204460492503131E-016

 ------------------------------------------------------------------------------
                           SETUP FFT
 Global FFT Dimension :    35   35   35
 Dimension of rho for this processor : 
 xmin, xmax :            0          34
 ymin, ymax :            0          34
 zmin, zmax :            0          34
 Total electron number =    8.0000000000000000     
 Uniform rhoR =    3.5995988954870967E-002
 (GB INFO) FFT size      :       35      35      35
 (GB INFO) FFT offset    :        0
 (GB INFO) FFT G size    :       18      35      35
 (GB INFO) FFT G offset  :        0

 ------------------------------------------------------------------------------
                           SETUP KEDF
 kinetic energy density functional number is           11
 ( 1=TF, 2=VW, 3=TF+VW, 4=WT,  5=WGC,  
   7=LQ, 8=HQ, 10=CAT,  11=HC, 12=WGCD,
   15=GGA, 16=WGCD+GGA, 17=EVT, 18=EVC )
 qTable dimension:    18   35   35
 rhoS=   3.5995988954870967E-002
 rho0=   3.5995988954870967E-002
 coefficients for TF KEDF is     1.000000
 coefficients for VW KEDF is     1.000000
 Lambda in HC10 is set to     0.005500
 ALPHA  in HC10 is set to     2.016667
 BETA   in HC10 is set to     0.650000
 Sum of alpha and beta is     2.666667
  dV of each real space grid is now    5.1836031374698395E-003
 Cell length (Bohr)    7.079E+00   7.079E+00   7.079E+00
 Angle     (Degree)    9.744E+01   9.744E+01   1.378E+02
 Volume    (Bohr^3)    2.222E+02

 ------------------------------------------------------------------------------
                           SETUP EWALD 
 (Ewald) eta                             :    1.200    
 (Ewald) Real Space Cutoff               :    6.000     (Bohr)
 (Ewald) Reciprocal Cutoff               :    15.09     (1/Bohr)

 ------------------------------------------------------------------------------
                           SETUP PLANE WAVE 

 ------------------------------------------------------------------------------
                           REFRESH ION POSITIONS
  
 Calculating Ion-Ion Energy ...                   complete.     0.004 s
  
 Calculating Ion-Electron Potential (spline) ... 
 complete.     0.003 s

 ------------------------------------------------------------------------------
                           DENSITY OPTIMIZATION
 Electron number for spin            1  is    8.0000000000019540     
 Cell Volume      :            32.933605 Angstrom^3
 Ion number       :                    2
 Electron number  :             8.000000
 Ion density      :             0.060728 Ion/Angstrom^3
 Electron density :             0.242913 Electron/Angstrom^3
##############################################################################
#                               FINAL ENERGIES                       time    #
##############################################################################
# Thomas-Fermi Kin. Energy =   7.364161811254E+01 eV                 0.000 s #
# Von-Weizsacker Kin. Ener =   1.383425421590E+01 eV                 0.000 s #
#                                                                            #
# GGA(PBE) Exch-Cor Energy =  -6.513792079474E+01 eV                 0.000 s #
#         Coulombic Energy =   2.895166285463E+00 eV                 0.000 s #
#      Ion-Electron Energy =   2.528827981759E+01 eV                 0.000 s #
#           Ion-Ion Energy =  -2.588429935114E+02 eV                 0.000 s #
#                                                                            #
#     TOTAL KINETIC ENERGY =   7.914111553608E+01 eV                         #
#   TOTAL POTENTIAL ENERGY =  -2.957974682031E+02 eV                         #
#             TOTAL ENERGY =  -2.166563526670E+02 eV                         #
##############################################################################
  
 ----------------------------- TIME INFORMATION ------------------------------
    PROFESS      :    184.20s WALL    100.00% (       1 calls)   184.20s/call
    InitPROFESS  :      0.03s WALL      0.02% (       1 calls)     0.03s/call
    KEDFRefresh  :      0.00s WALL      0.00% (       1 calls)     0.00s/call
    IonRefresh   :      0.01s WALL      0.00% (       1 calls)     0.01s/call
    EwaldEnergy  :      0.00s WALL      0.00% (       1 calls)     0.00s/call
    ForwFFT_3D   :     25.53s WALL     13.86% (   13770 calls)     0.00s/call
    BackFFT_3D   :     17.74s WALL      9.63% (    9201 calls)     0.00s/call
    Pot_Ion      :      0.18s WALL      0.10% (     244 calls)     0.00s/call
    Pot_Har      :      1.16s WALL      0.63% (     244 calls)     0.00s/call
    Pot_Exc      :     22.39s WALL     12.16% (     244 calls)     0.09s/call
    PBEPot       :     22.17s WALL     12.04% (     244 calls)     0.09s/call
    Pot_KEDF     :    158.42s WALL     86.00% (     244 calls)     0.65s/call
    intPot       :    155.49s WALL     84.41% (     244 calls)     0.64s/call
    MakeXiG      :      1.28s WALL      0.69% (     244 calls)     0.01s/call
    VWPotSqrPlus :      0.96s WALL      0.52% (     244 calls)     0.00s/call
    intPot1      :     48.25s WALL     26.19% (    2771 calls)     0.02s/call
    MakeHC10Kern :      7.59s WALL      4.12% (    3014 calls)     0.00s/call
    intPot2      :     31.11s WALL     16.89% (    2771 calls)     0.01s/call
    intPot3      :     42.01s WALL     22.81% (    2771 calls)     0.02s/call
    intPot4      :     20.31s WALL     11.03% (    2771 calls)     0.01s/call
    NextGradient :      0.06s WALL      0.03% (      15 calls)     0.00s/call
 -----------------------------------------------------------------------------
 ------------------------------- TOTAL ---------------------------------------
    PROFESS      :    184.20s WALL    100.00% (       1 calls)   184.20s/call
 -----------------------------------------------------------------------------

Run completed on: 07/30/2024 at 17:09:10 
  
