 ******************************************************************************
                             WELCOME TO PROFESS                   
            (PRinceton Orbital-Free Electronic Structure Software) 
 ******************************************************************************

 ------------------------------------------------------------------------------
                           READ GEOMETRY
 Cell length (Bohr)    7.564E+00   7.564E+00   7.564E+00
 Angle     (Degree)    6.000E+01   6.000E+01   6.000E+01
 Volume    (Bohr^3)    3.060E+02

 ------------------------------------------------------------------------------
                           READ PSEUDOPOTENTIAL
 Total electron number in ReadPseudo is    2.0000000000000000     
 (System) Machine Precision              :    2.2204460492503131E-016

 ------------------------------------------------------------------------------
                           SETUP FFT
 Global FFT Dimension :    20   20   20
 Rank/Size in Global Communicator     :            0 /           1
 Rank/Size in Global FFT Communicator :            0 /           1
 Parallel FFT, totX    =    20
 Parallel FFT, totY    =    20
 Parallel FFT, locZ    =    20
 Parallel FFT, locZoff =     0
 Dimension of rho for this processor : 
 xmin, xmax :            0          19
 ymin, ymax :            0          19
 zmin, zmax :            0          19
 Total electron number =    2.0000000000000000     
 Uniform rhoR =    6.5363024666476701E-003
 (GB INFO) FFT size      :       20      20      20
 (GB INFO) FFT offset    :        0
 (GB INFO) FFT G size    :       11      20      20
 (GB INFO) FFT G offset  :        0

 ------------------------------------------------------------------------------
                           SETUP KEDF
 kinetic energy density functional number is            4
 ( 1=TF, 2=VW, 3=TF+VW, 4=WT,  5=WGC,  
   7=LQ, 8=HQ, 10=CAT,  11=HC, 12=WGCD,
   15=GGA, 16=WGCD+GGA, 17=EVT, 18=EVC )
 qTable dimension:    11   20   20
 Coefficient for TF KEDF is     1.0000
 Coefficient for VW KEDF is     1.0000
 Coefficient for alpha in WT KEDF is     0.8333
 Coefficient for beta  in WT KEDF is     0.8333
 rho0 (Electron/Bohr^3) in WGC KEDF is     0.0065
 hold0 =  F
  dV of each real space grid is now    3.8247924002240925E-002
 Cell length (Bohr)    7.564E+00   7.564E+00   7.564E+00
 Angle     (Degree)    6.000E+01   6.000E+01   6.000E+01
 Volume    (Bohr^3)    3.060E+02

 ------------------------------------------------------------------------------
                           SETUP EWALD 
 (Ewald) eta                             :   0.7925    
 (Ewald) Real Space Cutoff               :    6.000     (Bohr)
 (Ewald) Reciprocal Cutoff               :    7.892     (1/Bohr)

 ------------------------------------------------------------------------------
                           SETUP PLANE WAVE 
 Fill the 3D Wang-Teter kernel in G space

 ------------------------------------------------------------------------------
                           REFRESH ION POSITIONS
  
 Calculating Ion-Ion Energy ...                   complete.     0.001 s
  
 Calculating Ion-Electron Potential (spline) ... 
 complete.     0.001 s

 ------------------------------------------------------------------------------
                           DENSITY OPTIMIZATION
 Electron number for spin            1  is    2.0000000000000897     
 Cell Volume      :            45.342060 Angstrom^3
 Ion number       :                    2
 Electron number  :             2.000000
 Ion density      :             0.044109 Ion/Angstrom^3
 Electron density :             0.044109 Electron/Angstrom^3
##############################################################################
#                               FINAL ENERGIES                       time    #
##############################################################################
# Thomas-Fermi Kin. Energy =   5.507169162770E+00 eV                 0.000 s #
# Von-Weizsacker Kin. Ener =   4.088342902747E-01 eV                 0.000 s #
# Wang-Teter Kinetic Energ =  -7.631594370996E-02 eV                 0.000 s #
#                                                                            #
#     LDA Exch-Corr Energy =  -9.468076622526E+00 eV                 0.000 s #
#         Coulombic Energy =   1.030068406238E-02 eV                 0.000 s #
#      Ion-Electron Energy =   3.204150316151E+00 eV                 0.000 s #
#           Ion-Ion Energy =  -1.370341152961E+01 eV                 0.000 s #
#                                                                            #
#     TOTAL KINETIC ENERGY =   5.839687509335E+00 eV                         #
#   TOTAL POTENTIAL ENERGY =  -1.995703715192E+01 eV                         #
#             TOTAL ENERGY =  -1.411734964258E+01 eV                         #
##############################################################################
  
 ----------------------------- TIME INFORMATION ------------------------------
    PROFESS      :      0.41s WALL    100.00% (       1 calls)     0.41s/call
    InitPROFESS  :      0.01s WALL      3.01% (       1 calls)     0.01s/call
    KEDFRefresh  :      0.00s WALL      0.07% (       1 calls)     0.00s/call
    IonRefresh   :      0.00s WALL      0.32% (       1 calls)     0.00s/call
    EwaldEnergy  :      0.00s WALL      0.15% (       1 calls)     0.00s/call
    Pot_Ion      :      0.00s WALL      0.10% (      72 calls)     0.00s/call
    Pot_Har      :      0.01s WALL      2.53% (      72 calls)     0.00s/call
    Pot_Exc      :      0.06s WALL     13.71% (      72 calls)     0.00s/call
    Pot_KEDF     :      0.24s WALL     58.81% (      72 calls)     0.00s/call
    VWPotSqrPlus :      0.01s WALL      2.03% (      72 calls)     0.00s/call
    NextGradient :      0.00s WALL      0.12% (       6 calls)     0.00s/call
 -----------------------------------------------------------------------------
 ------------------------------- TOTAL ---------------------------------------
    PROFESS      :      0.41s WALL    100.00% (       1 calls)     0.41s/call
 -----------------------------------------------------------------------------

Run completed on: 08/14/2021 at 19:01:21 
  
