 ******************************************************************************
                             WELCOME TO PROFESS                   
            (PRinceton Orbital-Free Electronic Structure Software) 
 ******************************************************************************

 ------------------------------------------------------------------------------
                           READ GEOMETRY
 Cell length (Bohr)    5.040E+01   5.040E+01   5.040E+01
 Angle     (Degree)    9.000E+01   9.000E+01   9.000E+01
 Volume    (Bohr^3)    1.280E+05

 ------------------------------------------------------------------------------
                           READ PSEUDOPOTENTIAL
 Total electron number in ReadPseudo is    4000.0000000000000     
 (System) Machine Precision              :    2.2204460492503131E-016

 ------------------------------------------------------------------------------
                           SETUP FFT
 Global FFT Dimension :   140  140  140
 Rank/Size in Global Communicator     :            0 /           1
 Rank/Size in Global FFT Communicator :            0 /           1
 Parallel FFT, totX    =   140
 Parallel FFT, totY    =   140
 Parallel FFT, locZ    =   140
 Parallel FFT, locZoff =     0
 Dimension of rho for this processor : 
 xmin, xmax :            0         139
 ymin, ymax :            0         139
 zmin, zmax :            0         139
 Total electron number =    4000.0000000000000     
 Uniform rhoR =    3.1239076035375422E-002
 (GB INFO) FFT size      :      140     140     140
 (GB INFO) FFT offset    :        0
 (GB INFO) FFT G size    :       71     140     140
 (GB INFO) FFT G offset  :        0

 ------------------------------------------------------------------------------
                           SETUP KEDF
 kinetic energy density functional number is            4
 ( 1=TF, 2=VW, 3=TF+VW, 4=WT,  5=WGC,  
   7=LQ, 8=HQ, 10=CAT,  11=HC, 12=WGCD,
   15=GGA, 16=WGCD+GGA, 17=EVT, 18=EVC )
 qTable dimension:    71  140  140
 Coefficient for TF KEDF is     1.0000
 Coefficient for VW KEDF is     1.0000
 Coefficient for alpha in WT KEDF is     0.8333
 Coefficient for beta  in WT KEDF is     0.8333
 rho0 (Electron/Bohr^3) in WGC KEDF is     0.0312
 hold0 =  F
  dV of each real space grid is now    4.6663542349047821E-002
 Cell length (Bohr)    5.040E+01   5.040E+01   5.040E+01
 Angle     (Degree)    9.000E+01   9.000E+01   9.000E+01
 Volume    (Bohr^3)    1.280E+05

 ------------------------------------------------------------------------------
                           SETUP EWALD 
 (Ewald) eta                             :   0.6867    
 (Ewald) Real Space Cutoff               :    8.080     (Bohr)
 (Ewald) Reciprocal Cutoff               :    8.664     (1/Bohr)

 ------------------------------------------------------------------------------
                           SETUP PLANE WAVE 
 Read in WT kernel.
 kernel file name  : 1PROFESS_KERNEL.dat           
 KEDF type         :     4
 Fermi vector      :   1.182014212099E+00
 Reference density :  -1.000000000000E+00
 Mesh points       :   200002
 Fermi vector in this cell is    1.9486614294394180     
 Fermi vector from kernel file is    1.1820142120987149     
 First qNorm is    0.0000000000000000     
 size of Wang-Teter kernel in this run is           71         140         140
 Max |G| in this calculation is   1.511418029951E+01
 Max eta used from kernel is   7.756185898264E+00

 ------------------------------------------------------------------------------
                           REFRESH ION POSITIONS
  
 Calculating Ion-Ion Energy ...                   complete.     0.423 s
  
 Calculating Ion-Electron Potential (spline) ... 
 complete.     0.246 s

 ------------------------------------------------------------------------------
                           DENSITY OPTIMIZATION
 Electron number for spin            1  is    4000.0000001135277     
 Cell Volume      :         18974.275600 Angstrom^3
 Ion number       :                 1000
 Electron number  :          4000.000000
 Ion density      :             0.052703 Ion/Angstrom^3
 Electron density :             0.210812 Electron/Angstrom^3
##############################################################################
#                               FINAL ENERGIES                       time    #
##############################################################################
# Thomas-Fermi Kin. Energy =   3.892909963515E+04 eV                 0.000 s #
# Von-Weizsacker Kin. Ener =   1.172113290769E+04 eV                 0.000 s #
# Wang-Teter Kinetic Energ =  -9.259119425770E+03 eV                 0.000 s #
#                                                                            #
#     LDA Exch-Corr Energy =  -3.297657194295E+04 eV                 0.000 s #
#         Coulombic Energy =   6.951678285508E+03 eV                 0.000 s #
#      Ion-Electron Energy =  -8.582702873588E+03 eV                 0.000 s #
#           Ion-Ion Energy =  -1.163288326303E+05 eV                 0.000 s #
#                                                                            #
#     TOTAL KINETIC ENERGY =   4.139111311707E+04 eV                         #
#   TOTAL POTENTIAL ENERGY =  -1.509364291613E+05 eV                         #
#             TOTAL ENERGY =  -1.095453160442E+05 eV                         #
##############################################################################
  
 ----------------------------- TIME INFORMATION ------------------------------
    PROFESS      :    170.42s WALL    100.00% (       1 calls)   170.42s/call
    InitPROFESS  :      1.24s WALL      0.73% (       1 calls)     1.24s/call
    KEDFRefresh  :      0.45s WALL      0.26% (       1 calls)     0.45s/call
    IonRefresh   :      0.75s WALL      0.44% (       1 calls)     0.75s/call
    EwaldEnergy  :      0.42s WALL      0.25% (       1 calls)     0.42s/call
    Pot_Ion      :      0.43s WALL      0.25% (      94 calls)     0.00s/call
    Pot_Har      :     11.79s WALL      6.92% (      94 calls)     0.13s/call
    Pot_Exc      :     23.57s WALL     13.83% (      94 calls)     0.25s/call
    Pot_KEDF     :    125.12s WALL     73.42% (      94 calls)     1.33s/call
    VWPotSqrPlus :     11.54s WALL      6.77% (      94 calls)     0.12s/call
    NextGradient :      0.45s WALL      0.26% (       9 calls)     0.05s/call
 -----------------------------------------------------------------------------
 ------------------------------- TOTAL ---------------------------------------
    PROFESS      :    170.42s WALL    100.00% (       1 calls)   170.42s/call
 -----------------------------------------------------------------------------

Run completed on: 11/28/2022 at 19:38:32 
  
