 ******************************************************************************
                             WELCOME TO PROFESS                   
            (PRinceton Orbital-Free Electronic Structure Software) 
 ******************************************************************************

 ------------------------------------------------------------------------------
                           READ GEOMETRY
 Cell length (Bohr)    5.305E+00   5.305E+00   9.530E+01
 Angle     (Degree)    9.000E+01   9.000E+01   6.000E+01
 Volume    (Bohr^3)    2.323E+03

 ------------------------------------------------------------------------------
                           READ PSEUDOPOTENTIAL
 Total electron number in ReadPseudo is    66.000000000000000     
 (System) Machine Precision              :    2.2204460492503131E-016

 ------------------------------------------------------------------------------
                           SETUP FFT
 Global FFT Dimension :    14   14  240
 Rank/Size in Global Communicator     :            0 /           1
 Rank/Size in Global FFT Communicator :            0 /           1
 Parallel FFT, totX    =    14
 Parallel FFT, totY    =    14
 Parallel FFT, locZ    =   240
 Parallel FFT, locZoff =     0
 Dimension of rho for this processor : 
 xmin, xmax :            0          13
 ymin, ymax :            0          13
 zmin, zmax :            0         239
 Total electron number =    66.000000000000000     
 Uniform rhoR =    2.8413447255360460E-002
 (GB INFO) FFT size      :       14      14     240
 (GB INFO) FFT offset    :        0
 (GB INFO) FFT G size    :        8      14     240
 (GB INFO) FFT G offset  :        0

 ------------------------------------------------------------------------------
                           SETUP KEDF
 kinetic energy density functional number is            4
 ( 1=TF, 2=VW, 3=TF+VW, 4=WT,  5=WGC,  
   7=LQ, 8=HQ, 10=CAT,  11=HC, 12=WGCD,
   15=GGA, 16=WGCD+GGA, 17=EVT, 18=EVC )
 qTable dimension:     8   14  240
 Coefficient for TF KEDF is     1.0000
 Coefficient for VW KEDF is     1.0000
 Coefficient for alpha in WT KEDF is     0.8333
 Coefficient for beta  in WT KEDF is     0.8333
 rho0 (Electron/Bohr^3) in WGC KEDF is     0.0284
 hold0 =  F
  dV of each real space grid is now    4.9380182977449012E-002
 Cell length (Bohr)    5.305E+00   5.305E+00   9.530E+01
 Angle     (Degree)    9.000E+01   9.000E+01   6.000E+01
 Volume    (Bohr^3)    2.323E+03

 ------------------------------------------------------------------------------
                           SETUP EWALD 
 (Ewald) eta                             :   0.6814    
 (Ewald) Real Space Cutoff               :    7.577     (Bohr)
 (Ewald) Reciprocal Cutoff               :    7.698     (1/Bohr)

 ------------------------------------------------------------------------------
                           SETUP PLANE WAVE 
 Read in WT kernel.
 kernel file name  : 4PROFESS_KERNEL.dat           
 KEDF type         :     4
 Fermi vector      :   1.182014212099E+00
 Reference density :  -1.000000000000E+00
 Mesh points       :   200002
 Fermi vector in this cell is    1.8880419442144798     
 Fermi vector from kernel file is    1.1820142120987149     
 First qNorm is    0.0000000000000000     
 size of Wang-Teter kernel in this run is            8          14         240
 Max |G| in this calculation is   1.732381385188E+01
 Max eta used from kernel is   9.175545016339E+00

 ------------------------------------------------------------------------------
                           REFRESH ION POSITIONS
  
 Calculating Ion-Ion Energy ...                   complete.     0.005 s
  
 Calculating Ion-Electron Potential (spline) ... 
 complete.     0.004 s

 ------------------------------------------------------------------------------
                           DENSITY OPTIMIZATION
 Electron number for spin            1  is    66.000000000053063     
 Cell Volume      :           344.209935 Angstrom^3
 Ion number       :                   22
 Electron number  :            66.000000
 Ion density      :             0.063914 Ion/Angstrom^3
 Electron density :             0.191743 Electron/Angstrom^3
  
 Calculating Ion-Ion Forces ...                complete.     0.007 s
  
 Calculating Ion-Electron Forces (spline) ...  complete.     0.005 s
  ------ ION (GRADIENT METHOD) STEP            1  ------

 ------------------------------------------------------------------------------
                           REFRESH ION POSITIONS
  
 Calculating Ion-Ion Energy ...                   complete.     0.005 s
  
 Calculating Ion-Electron Potential (spline) ... 
 complete.     0.008 s

 ------------------------------------------------------------------------------
                           DENSITY OPTIMIZATION
 Electron number for spin            1  is    66.000000000000995     
 Cell Volume      :           344.209935 Angstrom^3
 Ion number       :                   22
 Electron number  :            66.000000
 Ion density      :             0.063914 Ion/Angstrom^3
 Electron density :             0.191743 Electron/Angstrom^3
  
 Calculating Ion-Ion Forces ...                complete.     0.009 s
  
 Calculating Ion-Electron Forces (spline) ...  complete.     0.004 s

 ------------------------------------------------------------------------------
                           REFRESH ION POSITIONS
  
 Calculating Ion-Ion Energy ...                   complete.     0.005 s
  
 Calculating Ion-Electron Potential (spline) ... 
 complete.     0.007 s

 ------------------------------------------------------------------------------
                           DENSITY OPTIMIZATION
 Electron number for spin            1  is    66.000000000001322     
 Cell Volume      :           344.209935 Angstrom^3
 Ion number       :                   22
 Electron number  :            66.000000
 Ion density      :             0.063914 Ion/Angstrom^3
 Electron density :             0.191743 Electron/Angstrom^3
  
 Calculating Ion-Ion Forces ...                complete.     0.008 s
  
 Calculating Ion-Electron Forces (spline) ...  complete.     0.004 s

 ------------------------------------------------------------------------------
                           REFRESH ION POSITIONS
  
 Calculating Ion-Ion Energy ...                   complete.     0.005 s
  
 Calculating Ion-Electron Potential (spline) ... 
 complete.     0.007 s

 ------------------------------------------------------------------------------
                           DENSITY OPTIMIZATION
 Electron number for spin            1  is    66.000000000001876     
 Cell Volume      :           344.209935 Angstrom^3
 Ion number       :                   22
 Electron number  :            66.000000
 Ion density      :             0.063914 Ion/Angstrom^3
 Electron density :             0.191743 Electron/Angstrom^3
  
 Calculating Ion-Ion Forces ...                complete.     0.008 s
  
 Calculating Ion-Electron Forces (spline) ...  complete.     0.004 s

 ------------------------------------------------------------------------------
                           REFRESH ION POSITIONS
  
 Calculating Ion-Ion Energy ...                   complete.     0.006 s
  
 Calculating Ion-Electron Potential (spline) ... 
 complete.     0.006 s

 ------------------------------------------------------------------------------
                           DENSITY OPTIMIZATION
 Electron number for spin            1  is    66.000000000000639     
 Cell Volume      :           344.209935 Angstrom^3
 Ion number       :                   22
 Electron number  :            66.000000
 Ion density      :             0.063914 Ion/Angstrom^3
 Electron density :             0.191743 Electron/Angstrom^3
  
 Calculating Ion-Ion Forces ...                complete.     0.008 s
  
 Calculating Ion-Electron Forces (spline) ...  complete.     0.005 s
  ------ ION (GRADIENT METHOD) STEP            2  ------

 ------------------------------------------------------------------------------
                           REFRESH ION POSITIONS
  
 Calculating Ion-Ion Energy ...                   complete.     0.005 s
  
 Calculating Ion-Electron Potential (spline) ... 
 complete.     0.007 s

 ------------------------------------------------------------------------------
                           DENSITY OPTIMIZATION
 Electron number for spin            1  is    66.000000000000625     
 Cell Volume      :           344.209935 Angstrom^3
 Ion number       :                   22
 Electron number  :            66.000000
 Ion density      :             0.063914 Ion/Angstrom^3
 Electron density :             0.191743 Electron/Angstrom^3
  
 Calculating Ion-Ion Forces ...                complete.     0.008 s
  
 Calculating Ion-Electron Forces (spline) ...  complete.     0.004 s

 ------------------------------------------------------------------------------
                           REFRESH ION POSITIONS
  
 Calculating Ion-Ion Energy ...                   complete.     0.006 s
  
 Calculating Ion-Electron Potential (spline) ... 
 complete.     0.007 s

 ------------------------------------------------------------------------------
                           DENSITY OPTIMIZATION
 Electron number for spin            1  is    66.000000000001549     
 Cell Volume      :           344.209935 Angstrom^3
 Ion number       :                   22
 Electron number  :            66.000000
 Ion density      :             0.063914 Ion/Angstrom^3
 Electron density :             0.191743 Electron/Angstrom^3
  
 Calculating Ion-Ion Forces ...                complete.     0.008 s
  
 Calculating Ion-Electron Forces (spline) ...  complete.     0.005 s
  ------ ION (GRADIENT METHOD) STEP            3  ------

 ------------------------------------------------------------------------------
                           REFRESH ION POSITIONS
  
 Calculating Ion-Ion Energy ...                   complete.     0.005 s
  
 Calculating Ion-Electron Potential (spline) ... 
 complete.     0.007 s

 ------------------------------------------------------------------------------
                           DENSITY OPTIMIZATION
 Electron number for spin            1  is    66.000000000000782     
 Cell Volume      :           344.209935 Angstrom^3
 Ion number       :                   22
 Electron number  :            66.000000
 Ion density      :             0.063914 Ion/Angstrom^3
 Electron density :             0.191743 Electron/Angstrom^3
  
 Calculating Ion-Ion Forces ...                complete.     0.009 s
  
 Calculating Ion-Electron Forces (spline) ...  complete.     0.005 s

 ------------------------------------------------------------------------------
                           REFRESH ION POSITIONS
  
 Calculating Ion-Ion Energy ...                   complete.     0.005 s
  
 Calculating Ion-Electron Potential (spline) ... 
 complete.     0.007 s

 ------------------------------------------------------------------------------
                           DENSITY OPTIMIZATION
 Electron number for spin            1  is    66.000000000000995     
 Cell Volume      :           344.209935 Angstrom^3
 Ion number       :                   22
 Electron number  :            66.000000
 Ion density      :             0.063914 Ion/Angstrom^3
 Electron density :             0.191743 Electron/Angstrom^3
  
 Calculating Ion-Ion Forces ...                complete.     0.008 s
  
 Calculating Ion-Electron Forces (spline) ...  complete.     0.004 s
  ------ ION (GRADIENT METHOD) STEP            4  ------

 ------------------------------------------------------------------------------
                           REFRESH ION POSITIONS
  
 Calculating Ion-Ion Energy ...                   complete.     0.006 s
  
 Calculating Ion-Electron Potential (spline) ... 
 complete.     0.007 s

 ------------------------------------------------------------------------------
                           DENSITY OPTIMIZATION
 Electron number for spin            1  is    66.000000000002217     
 Cell Volume      :           344.209935 Angstrom^3
 Ion number       :                   22
 Electron number  :            66.000000
 Ion density      :             0.063914 Ion/Angstrom^3
 Electron density :             0.191743 Electron/Angstrom^3
  
 Calculating Ion-Ion Forces ...                complete.     0.009 s
  
 Calculating Ion-Electron Forces (spline) ...  complete.     0.004 s

 ------------------------------------------------------------------------------
                           REFRESH ION POSITIONS
  
 Calculating Ion-Ion Energy ...                   complete.     0.005 s
  
 Calculating Ion-Electron Potential (spline) ... 
 complete.     0.007 s

 ------------------------------------------------------------------------------
                           DENSITY OPTIMIZATION
 Electron number for spin            1  is    66.000000000000497     
 Cell Volume      :           344.209935 Angstrom^3
 Ion number       :                   22
 Electron number  :            66.000000
 Ion density      :             0.063914 Ion/Angstrom^3
 Electron density :             0.191743 Electron/Angstrom^3
  
 Calculating Ion-Ion Forces ...                complete.     0.008 s
  
 Calculating Ion-Electron Forces (spline) ...  complete.     0.005 s
  ------ ION (GRADIENT METHOD) STEP            5  ------
  
 Calculating Ion-Electron Stress (spline) ...  complete.     0.009 s
  
 Calculating Ion-Ion Stress ...                complete.     0.004 s
  
 ------------------------------------------------------------------------------
                         LATTICE VECTORS (Angstrom)
 LAT 1           2.807406        0.000000        0.000000
 LAT 2           1.403703        2.431285        0.000000
 LAT 3           0.000000        0.000000       50.429225
 ------------------------------------------------------------------------------
                                STRESS (GPa)
 ST_GPa 1        0.049218        0.007231       -0.000006
 ST_GPa 2        0.007231        0.040870       -0.000004
 ST_GPa 3       -0.000006       -0.000004       -0.470230
  
 --------------------------------------------------
 STRESS (a.u.)
 --------------------------------------------------
 ST_AU  1   1.6728741916E-06   2.4576328431E-07  -2.1243006118E-10
 ST_AU  2   2.4576328431E-07   1.3891370750E-06  -1.3666283629E-10
 ST_AU  3  -2.1243006118E-10  -1.3666283629E-10  -1.5982792447E-05
; Cell optimization at step  1, max(stress):  0.1598E-04, total energy:  -46.845749    ;
  dV of each real space grid is now    4.9382605368700608E-002
 Cell length (Bohr)    5.305E+00   5.305E+00   9.530E+01
 Angle     (Degree)    9.000E+01   9.000E+01   6.000E+01
 Volume    (Bohr^3)    2.323E+03
  dV of each real space grid is now    4.9382605368700608E-002
 Cell length (Bohr)    5.305E+00   5.305E+00   9.530E+01
 Angle     (Degree)    9.000E+01   9.000E+01   6.000E+01
 Volume    (Bohr^3)    2.323E+03

 ------------------------------------------------------------------------------
                           SETUP EWALD 
 (Ewald) eta                             :   0.6814    
 (Ewald) Real Space Cutoff               :    7.577     (Bohr)
 (Ewald) Reciprocal Cutoff               :    7.698     (1/Bohr)

 ------------------------------------------------------------------------------
                           SETUP PLANE WAVE 
 Read in WT kernel.
 kernel file name  : 4PROFESS_KERNEL.dat           
 KEDF type         :     4
 Fermi vector      :   1.182014212099E+00
 Reference density :  -1.000000000000E+00
 Mesh points       :   200002
 Fermi vector in this cell is    1.8880110720005390     
 Fermi vector from kernel file is    1.1820142120987149     
 First qNorm is    0.0000000000000000     
 size of Wang-Teter kernel in this run is            8          14         240
 Max |G| in this calculation is   1.732363660513E+01
 Max eta used from kernel is   9.175601172073E+00

 ------------------------------------------------------------------------------
                           REFRESH ION POSITIONS
  
 Calculating Ion-Ion Energy ...                   complete.     0.006 s
  
 Calculating Ion-Electron Potential (spline) ... 
 complete.     0.007 s
 Rescale the total density from   3.259412 to         66

 ------------------------------------------------------------------------------
                           DENSITY OPTIMIZATION
 Electron number for spin            1  is    65.999999999999304     
 Cell Volume      :           344.226820 Angstrom^3
 Ion number       :                   22
 Electron number  :            66.000000
 Ion density      :             0.063911 Ion/Angstrom^3
 Electron density :             0.191734 Electron/Angstrom^3
  
 Calculating Ion-Ion Forces ...                complete.     0.008 s
  
 Calculating Ion-Electron Forces (spline) ...  complete.     0.005 s
  ------ ION (GRADIENT METHOD) STEP            1  ------
  
 Calculating Ion-Electron Stress (spline) ...  complete.     0.009 s
  
 Calculating Ion-Ion Stress ...                complete.     0.004 s
  
 ------------------------------------------------------------------------------
                         LATTICE VECTORS (Angstrom)
 LAT 1           2.807406        0.000000        0.000000
 LAT 2           1.403703        2.431285        0.000000
 LAT 3           0.000000        0.000000       50.431698
 ------------------------------------------------------------------------------
                                STRESS (GPa)
 ST_GPa 1        0.052398        0.007168       -0.000006
 ST_GPa 2        0.007168        0.044122       -0.000004
 ST_GPa 3       -0.000006       -0.000004       -0.463848
  
 --------------------------------------------------
 STRESS (a.u.)
 --------------------------------------------------
 ST_AU  1   1.7809567027E-06   2.4363236305E-07  -2.1549772810E-10
 ST_AU  2   2.4363236305E-07   1.4996802393E-06  -1.3839200746E-10
 ST_AU  3  -2.1549772810E-10  -1.3839200746E-10  -1.5765870267E-05
; Cell optimization at step  2, max(stress):  0.1577E-04, total energy:  -46.845751    ;
  dV of each real space grid is now    4.9385472785492796E-002
 Cell length (Bohr)    5.305E+00   5.305E+00   9.531E+01
 Angle     (Degree)    9.000E+01   9.000E+01   6.000E+01
 Volume    (Bohr^3)    2.323E+03
  dV of each real space grid is now    4.9385472785492796E-002
 Cell length (Bohr)    5.305E+00   5.305E+00   9.531E+01
 Angle     (Degree)    9.000E+01   9.000E+01   6.000E+01
 Volume    (Bohr^3)    2.323E+03

 ------------------------------------------------------------------------------
                           SETUP EWALD 
 (Ewald) eta                             :   0.6814    
 (Ewald) Real Space Cutoff               :    7.577     (Bohr)
 (Ewald) Reciprocal Cutoff               :    7.698     (1/Bohr)

 ------------------------------------------------------------------------------
                           SETUP PLANE WAVE 
 Read in WT kernel.
 kernel file name  : 4PROFESS_KERNEL.dat           
 KEDF type         :     4
 Fermi vector      :   1.182014212099E+00
 Reference density :  -1.000000000000E+00
 Mesh points       :   200002
 Fermi vector in this cell is    1.8879745307592477     
 Fermi vector from kernel file is    1.1820142120987149     
 First qNorm is    0.0000000000000000     
 size of Wang-Teter kernel in this run is            8          14         240
 Max |G| in this calculation is   1.732342682717E+01
 Max eta used from kernel is   9.175667650667E+00

 ------------------------------------------------------------------------------
                           REFRESH ION POSITIONS
  
 Calculating Ion-Ion Energy ...                   complete.     0.007 s
  
 Calculating Ion-Electron Potential (spline) ... 
 complete.     0.006 s
 Rescale the total density from   3.259630 to         66

 ------------------------------------------------------------------------------
                           DENSITY OPTIMIZATION
 Electron number for spin            1  is    65.999999999999773     
 Cell Volume      :           344.246808 Angstrom^3
 Ion number       :                   22
 Electron number  :            66.000000
 Ion density      :             0.063908 Ion/Angstrom^3
 Electron density :             0.191723 Electron/Angstrom^3
  
 Calculating Ion-Ion Forces ...                complete.     0.008 s
  
 Calculating Ion-Electron Forces (spline) ...  complete.     0.005 s
  ------ ION (GRADIENT METHOD) STEP            1  ------
  
 Calculating Ion-Electron Stress (spline) ...  complete.     0.009 s
  
 Calculating Ion-Ion Stress ...                complete.     0.004 s
  
 ------------------------------------------------------------------------------
                         LATTICE VECTORS (Angstrom)
 LAT 1           2.807406        0.000000        0.000000
 LAT 2           1.403703        2.431285        0.000000
 LAT 3           0.000000        0.000000       50.434627
 ------------------------------------------------------------------------------
                                STRESS (GPa)
 ST_GPa 1        0.056247        0.007132       -0.000006
 ST_GPa 2        0.007132        0.048013       -0.000004
 ST_GPa 3       -0.000006       -0.000004       -0.456351
  
 --------------------------------------------------
 STRESS (a.u.)
 --------------------------------------------------
 ST_AU  1   1.9117861647E-06   2.4241756612E-07  -2.1549470545E-10
 ST_AU  2   2.4241756612E-07   1.6319124193E-06  -1.3838513126E-10
 ST_AU  3  -2.1549470545E-10  -1.3838513126E-10  -1.5511044976E-05
; Cell optimization at step  3, max(stress):  0.1551E-04, total energy:  -46.845754    ;
  dV of each real space grid is now    4.9388858070040488E-002
 Cell length (Bohr)    5.305E+00   5.305E+00   9.531E+01
 Angle     (Degree)    9.000E+01   9.000E+01   6.000E+01
 Volume    (Bohr^3)    2.323E+03
  dV of each real space grid is now    4.9388858070040488E-002
 Cell length (Bohr)    5.305E+00   5.305E+00   9.531E+01
 Angle     (Degree)    9.000E+01   9.000E+01   6.000E+01
 Volume    (Bohr^3)    2.323E+03

 ------------------------------------------------------------------------------
                           SETUP EWALD 
 (Ewald) eta                             :   0.6814    
 (Ewald) Real Space Cutoff               :    7.577     (Bohr)
 (Ewald) Reciprocal Cutoff               :    7.698     (1/Bohr)

 ------------------------------------------------------------------------------
                           SETUP PLANE WAVE 
 Read in WT kernel.
 kernel file name  : 4PROFESS_KERNEL.dat           
 KEDF type         :     4
 Fermi vector      :   1.182014212099E+00
 Reference density :  -1.000000000000E+00
 Mesh points       :   200002
 Fermi vector in this cell is    1.8879313936544513     
 Fermi vector from kernel file is    1.1820142120987149     
 First qNorm is    0.0000000000000000     
 size of Wang-Teter kernel in this run is            8          14         240
 Max |G| in this calculation is   1.732317920617E+01
 Max eta used from kernel is   9.175746144375E+00

 ------------------------------------------------------------------------------
                           REFRESH ION POSITIONS
  
 Calculating Ion-Ion Energy ...                   complete.     0.006 s
  
 Calculating Ion-Electron Potential (spline) ... 
 complete.     0.007 s
 Rescale the total density from   3.259888 to         66

 ------------------------------------------------------------------------------
                           DENSITY OPTIMIZATION
 Electron number for spin            1  is    66.000000000000057     
 Cell Volume      :           344.270406 Angstrom^3
 Ion number       :                   22
 Electron number  :            66.000000
 Ion density      :             0.063903 Ion/Angstrom^3
 Electron density :             0.191710 Electron/Angstrom^3
  
 Calculating Ion-Ion Forces ...                complete.     0.008 s
  
 Calculating Ion-Electron Forces (spline) ...  complete.     0.005 s
  ------ ION (GRADIENT METHOD) STEP            1  ------
  
 Calculating Ion-Electron Stress (spline) ...  complete.     0.009 s
  
 Calculating Ion-Ion Stress ...                complete.     0.004 s
  
 ------------------------------------------------------------------------------
                         LATTICE VECTORS (Angstrom)
 LAT 1           2.807406        0.000000        0.000000
 LAT 2           1.403703        2.431285        0.000000
 LAT 3           0.000000        0.000000       50.438084
 ------------------------------------------------------------------------------
                                STRESS (GPa)
 ST_GPa 1        0.060846        0.007091       -0.000006
 ST_GPa 2        0.007091        0.052659       -0.000004
 ST_GPa 3       -0.000006       -0.000004       -0.447561
  
 --------------------------------------------------
 STRESS (a.u.)
 --------------------------------------------------
 ST_AU  1   2.0681059757E-06   2.4101022318E-07  -2.1532012972E-10
 ST_AU  2   2.4101022318E-07   1.7898573272E-06  -1.3827926536E-10
 ST_AU  3  -2.1532012972E-10  -1.3827926536E-10  -1.5212304696E-05
; Cell optimization at step  4, max(stress):  0.1521E-04, total energy:  -46.845757    ;
  dV of each real space grid is now    4.9392842171441916E-002
 Cell length (Bohr)    5.305E+00   5.305E+00   9.532E+01
 Angle     (Degree)    9.000E+01   9.000E+01   6.000E+01
 Volume    (Bohr^3)    2.323E+03
  dV of each real space grid is now    4.9392842171441916E-002
 Cell length (Bohr)    5.305E+00   5.305E+00   9.532E+01
 Angle     (Degree)    9.000E+01   9.000E+01   6.000E+01
 Volume    (Bohr^3)    2.323E+03

 ------------------------------------------------------------------------------
                           SETUP EWALD 
 (Ewald) eta                             :   0.6814    
 (Ewald) Real Space Cutoff               :    7.577     (Bohr)
 (Ewald) Reciprocal Cutoff               :    7.698     (1/Bohr)

 ------------------------------------------------------------------------------
                           SETUP PLANE WAVE 
 Read in WT kernel.
 kernel file name  : 4PROFESS_KERNEL.dat           
 KEDF type         :     4
 Fermi vector      :   1.182014212099E+00
 Reference density :  -1.000000000000E+00
 Mesh points       :   200002
 Fermi vector in this cell is    1.8878806311550882     
 Fermi vector from kernel file is    1.1820142120987149     
 First qNorm is    0.0000000000000000     
 size of Wang-Teter kernel in this run is            8          14         240
 Max |G| in this calculation is   1.732288784462E+01
 Max eta used from kernel is   9.175838534888E+00

 ------------------------------------------------------------------------------
                           REFRESH ION POSITIONS
  
 Calculating Ion-Ion Energy ...                   complete.     0.006 s
  
 Calculating Ion-Electron Potential (spline) ... 
 complete.     0.006 s
 Rescale the total density from   3.260191 to         66

 ------------------------------------------------------------------------------
                           DENSITY OPTIMIZATION
 Electron number for spin            1  is    65.999999999999588     
 Cell Volume      :           344.298177 Angstrom^3
 Ion number       :                   22
 Electron number  :            66.000000
 Ion density      :             0.063898 Ion/Angstrom^3
 Electron density :             0.191694 Electron/Angstrom^3
  
 Calculating Ion-Ion Forces ...                complete.     0.008 s
  
 Calculating Ion-Electron Forces (spline) ...  complete.     0.005 s
  ------ ION (GRADIENT METHOD) STEP            1  ------
  
 Calculating Ion-Electron Stress (spline) ...  complete.     0.009 s
  
 Calculating Ion-Ion Stress ...                complete.     0.004 s
  
 ------------------------------------------------------------------------------
                         LATTICE VECTORS (Angstrom)
 LAT 1           2.807406        0.000000        0.000000
 LAT 2           1.403703        2.431285        0.000000
 LAT 3           0.000000        0.000000       50.442153
 ------------------------------------------------------------------------------
                                STRESS (GPa)
 ST_GPa 1        0.066260        0.007042       -0.000006
 ST_GPa 2        0.007042        0.058129       -0.000004
 ST_GPa 3       -0.000006       -0.000004       -0.437242
  
 --------------------------------------------------
 STRESS (a.u.)
 --------------------------------------------------
 ST_AU  1   2.2521178987E-06   2.3935505646E-07  -2.1518251470E-10
 ST_AU  2   2.3935505646E-07   1.9757804078E-06  -1.3818388512E-10
 ST_AU  3  -2.1518251470E-10  -1.3818388512E-10  -1.4861560165E-05
; Cell optimization at step  5, max(stress):  0.1486E-04, total energy:  -46.845760    ;
  dV of each real space grid is now    4.9397512861165387E-002
 Cell length (Bohr)    5.305E+00   5.305E+00   9.533E+01
 Angle     (Degree)    9.000E+01   9.000E+01   6.000E+01
 Volume    (Bohr^3)    2.324E+03
  dV of each real space grid is now    4.9397512861165387E-002
 Cell length (Bohr)    5.305E+00   5.305E+00   9.533E+01
 Angle     (Degree)    9.000E+01   9.000E+01   6.000E+01
 Volume    (Bohr^3)    2.324E+03

 ------------------------------------------------------------------------------
                           SETUP EWALD 
 (Ewald) eta                             :   0.6814    
 (Ewald) Real Space Cutoff               :    7.577     (Bohr)
 (Ewald) Reciprocal Cutoff               :    7.698     (1/Bohr)

 ------------------------------------------------------------------------------
                           SETUP PLANE WAVE 
 Read in WT kernel.
 kernel file name  : 4PROFESS_KERNEL.dat           
 KEDF type         :     4
 Fermi vector      :   1.182014212099E+00
 Reference density :  -1.000000000000E+00
 Mesh points       :   200002
 Fermi vector in this cell is    1.8878211276019683     
 Fermi vector from kernel file is    1.1820142120987149     
 First qNorm is    0.0000000000000000     
 size of Wang-Teter kernel in this run is            8          14         240
 Max |G| in this calculation is   1.732254635567E+01
 Max eta used from kernel is   9.175946864032E+00

 ------------------------------------------------------------------------------
                           REFRESH ION POSITIONS
  
 Calculating Ion-Ion Energy ...                   complete.     0.006 s
  
 Calculating Ion-Electron Potential (spline) ... 
 complete.     0.007 s
 Rescale the total density from   3.260544 to         66

 ------------------------------------------------------------------------------
                           DENSITY OPTIMIZATION
 Electron number for spin            1  is    65.999999999999972     
 Cell Volume      :           344.330735 Angstrom^3
 Ion number       :                   22
 Electron number  :            66.000000
 Ion density      :             0.063892 Ion/Angstrom^3
 Electron density :             0.191676 Electron/Angstrom^3
  
 Calculating Ion-Ion Forces ...                complete.     0.008 s
  
 Calculating Ion-Electron Forces (spline) ...  complete.     0.005 s
  ------ ION (GRADIENT METHOD) STEP            1  ------
  
 Calculating Ion-Electron Stress (spline) ...  complete.     0.009 s
  
 Calculating Ion-Ion Stress ...                complete.     0.004 s
  
 ------------------------------------------------------------------------------
                         LATTICE VECTORS (Angstrom)
 LAT 1           2.807406        0.000000        0.000000
 LAT 2           1.403703        2.431285        0.000000
 LAT 3           0.000000        0.000000       50.446923
 ------------------------------------------------------------------------------
                                STRESS (GPa)
 ST_GPa 1        0.072571        0.006985       -0.000006
 ST_GPa 2        0.006985        0.064507       -0.000004
 ST_GPa 3       -0.000006       -0.000004       -0.425104
  
 --------------------------------------------------
 STRESS (a.u.)
 --------------------------------------------------
 ST_AU  1   2.4666355100E-06   2.3740939889E-07  -2.1496977566E-10
 ST_AU  2   2.3740939889E-07   2.1925446921E-06  -1.3805945787E-10
 ST_AU  3  -2.1496977566E-10  -1.3805945787E-10  -1.4448998832E-05
; Cell optimization at step  6, max(stress):  0.1445E-04, total energy:  -46.845764    ;
  dV of each real space grid is now    4.9402962097149783E-002
 Cell length (Bohr)    5.305E+00   5.305E+00   9.534E+01
 Angle     (Degree)    9.000E+01   9.000E+01   6.000E+01
 Volume    (Bohr^3)    2.324E+03
  dV of each real space grid is now    4.9402962097149783E-002
 Cell length (Bohr)    5.305E+00   5.305E+00   9.534E+01
 Angle     (Degree)    9.000E+01   9.000E+01   6.000E+01
 Volume    (Bohr^3)    2.324E+03

 ------------------------------------------------------------------------------
                           SETUP EWALD 
 (Ewald) eta                             :   0.6814    
 (Ewald) Real Space Cutoff               :    7.577     (Bohr)
 (Ewald) Reciprocal Cutoff               :    7.698     (1/Bohr)

 ------------------------------------------------------------------------------
                           SETUP PLANE WAVE 
 Read in WT kernel.
 kernel file name  : 4PROFESS_KERNEL.dat           
 KEDF type         :     4
 Fermi vector      :   1.182014212099E+00
 Reference density :  -1.000000000000E+00
 Mesh points       :   200002
 Fermi vector in this cell is    1.8877517150226497     
 Fermi vector from kernel file is    1.1820142120987149     
 First qNorm is    0.0000000000000000     
 size of Wang-Teter kernel in this run is            8          14         240
 Max |G| in this calculation is   1.732214805864E+01
 Max eta used from kernel is   9.176073273192E+00

 ------------------------------------------------------------------------------
                           REFRESH ION POSITIONS
  
 Calculating Ion-Ion Energy ...                   complete.     0.007 s
  
 Calculating Ion-Electron Potential (spline) ... 
 complete.     0.007 s
 Rescale the total density from   3.260955 to         66

 ------------------------------------------------------------------------------
                           DENSITY OPTIMIZATION
 Electron number for spin            1  is    66.000000000000043     
 Cell Volume      :           344.368719 Angstrom^3
 Ion number       :                   22
 Electron number  :            66.000000
 Ion density      :             0.063885 Ion/Angstrom^3
 Electron density :             0.191655 Electron/Angstrom^3
  
 Calculating Ion-Ion Forces ...                complete.     0.008 s
  
 Calculating Ion-Electron Forces (spline) ...  complete.     0.004 s
  ------ ION (GRADIENT METHOD) STEP            1  ------
  
 Calculating Ion-Electron Stress (spline) ...  complete.     0.009 s
  
 Calculating Ion-Ion Stress ...                complete.     0.004 s
  
 ------------------------------------------------------------------------------
                         LATTICE VECTORS (Angstrom)
 LAT 1           2.807406        0.000000        0.000000
 LAT 2           1.403703        2.431285        0.000000
 LAT 3           0.000000        0.000000       50.452488
 ------------------------------------------------------------------------------
                                STRESS (GPa)
 ST_GPa 1        0.079941        0.006918       -0.000006
 ST_GPa 2        0.006918        0.071954       -0.000004
 ST_GPa 3       -0.000006       -0.000004       -0.410967
  
 --------------------------------------------------
 STRESS (a.u.)
 --------------------------------------------------
 ST_AU  1   2.7171288721E-06   2.3514596526E-07  -2.1475487419E-10
 ST_AU  2   2.3514596526E-07   2.4456514816E-06  -1.3792211169E-10
 ST_AU  3  -2.1475487419E-10  -1.3792211169E-10  -1.3968493213E-05
; Cell optimization at step  7, max(stress):  0.1397E-04, total energy:  -46.845768    ;
  dV of each real space grid is now    4.9409283721235590E-002
 Cell length (Bohr)    5.305E+00   5.305E+00   9.535E+01
 Angle     (Degree)    9.000E+01   9.000E+01   6.000E+01
 Volume    (Bohr^3)    2.324E+03
  dV of each real space grid is now    4.9409283721235590E-002
 Cell length (Bohr)    5.305E+00   5.305E+00   9.535E+01
 Angle     (Degree)    9.000E+01   9.000E+01   6.000E+01
 Volume    (Bohr^3)    2.324E+03

 ------------------------------------------------------------------------------
                           SETUP EWALD 
 (Ewald) eta                             :   0.6814    
 (Ewald) Real Space Cutoff               :    7.577     (Bohr)
 (Ewald) Reciprocal Cutoff               :    7.698     (1/Bohr)

 ------------------------------------------------------------------------------
                           SETUP PLANE WAVE 
 Read in WT kernel.
 kernel file name  : 4PROFESS_KERNEL.dat           
 KEDF type         :     4
 Fermi vector      :   1.182014212099E+00
 Reference density :  -1.000000000000E+00
 Mesh points       :   200002
 Fermi vector in this cell is    1.8876712027194693     
 Fermi vector from kernel file is    1.1820142120987149     
 First qNorm is    0.0000000000000000     
 size of Wang-Teter kernel in this run is            8          14         240
 Max |G| in this calculation is   1.732168615042E+01
 Max eta used from kernel is   9.176219950523E+00

 ------------------------------------------------------------------------------
                           REFRESH ION POSITIONS
  
 Calculating Ion-Ion Energy ...                   complete.     0.007 s
  
 Calculating Ion-Electron Potential (spline) ... 
 complete.     0.007 s
 Rescale the total density from   3.261430 to         66

 ------------------------------------------------------------------------------
                           DENSITY OPTIMIZATION
 Electron number for spin            1  is    65.999999999999218     
 Cell Volume      :           344.412785 Angstrom^3
 Ion number       :                   22
 Electron number  :            66.000000
 Ion density      :             0.063877 Ion/Angstrom^3
 Electron density :             0.191631 Electron/Angstrom^3
  
 Calculating Ion-Ion Forces ...                complete.     0.008 s
  
 Calculating Ion-Electron Forces (spline) ...  complete.     0.005 s
  ------ ION (GRADIENT METHOD) STEP            1  ------
  
 Calculating Ion-Electron Stress (spline) ...  complete.     0.009 s
  
 Calculating Ion-Ion Stress ...                complete.     0.004 s
  
 ------------------------------------------------------------------------------
                         LATTICE VECTORS (Angstrom)
 LAT 1           2.807406        0.000000        0.000000
 LAT 2           1.403703        2.431285        0.000000
 LAT 3           0.000000        0.000000       50.458944
 ------------------------------------------------------------------------------
                                STRESS (GPa)
 ST_GPa 1        0.088401        0.006841       -0.000006
 ST_GPa 2        0.006841        0.080503       -0.000004
 ST_GPa 3       -0.000006       -0.000004       -0.394475
  
 --------------------------------------------------
 STRESS (a.u.)
 --------------------------------------------------
 ST_AU  1   3.0046757322E-06   2.3250669622E-07  -2.1448536230E-10
 ST_AU  2   2.3250669622E-07   2.7362461399E-06  -1.3774316216E-10
 ST_AU  3  -2.1448536230E-10  -1.3774316216E-10  -1.3407937980E-05
; Cell optimization at step  8, max(stress):  0.1341E-04, total energy:  -46.845773    ;
  dV of each real space grid is now    4.9416565246226174E-002
 Cell length (Bohr)    5.305E+00   5.305E+00   9.537E+01
 Angle     (Degree)    9.000E+01   9.000E+01   6.000E+01
 Volume    (Bohr^3)    2.325E+03
  dV of each real space grid is now    4.9416565246226174E-002
 Cell length (Bohr)    5.305E+00   5.305E+00   9.537E+01
 Angle     (Degree)    9.000E+01   9.000E+01   6.000E+01
 Volume    (Bohr^3)    2.325E+03

 ------------------------------------------------------------------------------
                           SETUP EWALD 
 (Ewald) eta                             :   0.6814    
 (Ewald) Real Space Cutoff               :    7.577     (Bohr)
 (Ewald) Reciprocal Cutoff               :    7.698     (1/Bohr)

 ------------------------------------------------------------------------------
                           SETUP PLANE WAVE 
 Read in WT kernel.
 kernel file name  : 4PROFESS_KERNEL.dat           
 KEDF type         :     4
 Fermi vector      :   1.182014212099E+00
 Reference density :  -1.000000000000E+00
 Mesh points       :   200002
 Fermi vector in this cell is    1.8875784821230621     
 Fermi vector from kernel file is    1.1820142120987149     
 First qNorm is    0.0000000000000000     
 size of Wang-Teter kernel in this run is            8          14         240
 Max |G| in this calculation is   1.732115430861E+01
 Max eta used from kernel is   9.176388940994E+00

 ------------------------------------------------------------------------------
                           REFRESH ION POSITIONS
  
 Calculating Ion-Ion Energy ...                   complete.     0.006 s
  
 Calculating Ion-Electron Potential (spline) ... 
 complete.     0.006 s
 Rescale the total density from   3.261974 to         66

 ------------------------------------------------------------------------------
                           DENSITY OPTIMIZATION
 Electron number for spin            1  is    66.000000000000611     
 Cell Volume      :           344.463541 Angstrom^3
 Ion number       :                   22
 Electron number  :            66.000000
 Ion density      :             0.063867 Ion/Angstrom^3
 Electron density :             0.191602 Electron/Angstrom^3
  
 Calculating Ion-Ion Forces ...                complete.     0.008 s
  
 Calculating Ion-Electron Forces (spline) ...  complete.     0.005 s
  ------ ION (GRADIENT METHOD) STEP            1  ------
  
 Calculating Ion-Electron Stress (spline) ...  complete.     0.009 s
  
 Calculating Ion-Ion Stress ...                complete.     0.004 s
  
 ------------------------------------------------------------------------------
                         LATTICE VECTORS (Angstrom)
 LAT 1           2.807406        0.000000        0.000000
 LAT 2           1.403703        2.431285        0.000000
 LAT 3           0.000000        0.000000       50.466380
 ------------------------------------------------------------------------------
                                STRESS (GPa)
 ST_GPa 1        0.098264        0.006752       -0.000006
 ST_GPa 2        0.006752        0.090469       -0.000004
 ST_GPa 3       -0.000006       -0.000004       -0.375680
  
 --------------------------------------------------
 STRESS (a.u.)
 --------------------------------------------------
 ST_AU  1   3.3399277589E-06   2.2950072270E-07  -2.1417985475E-10
 ST_AU  2   2.2950072270E-07   3.0749689063E-06  -1.3756512274E-10
 ST_AU  3  -2.1417985475E-10  -1.3756512274E-10  -1.2769093026E-05
; Cell optimization at step  9, max(stress):  0.1277E-04, total energy:  -46.845779    ;
  dV of each real space grid is now    4.9424886746828399E-002
 Cell length (Bohr)    5.305E+00   5.305E+00   9.538E+01
 Angle     (Degree)    9.000E+01   9.000E+01   6.000E+01
 Volume    (Bohr^3)    2.325E+03
  dV of each real space grid is now    4.9424886746828399E-002
 Cell length (Bohr)    5.305E+00   5.305E+00   9.538E+01
 Angle     (Degree)    9.000E+01   9.000E+01   6.000E+01
 Volume    (Bohr^3)    2.325E+03

 ------------------------------------------------------------------------------
                           SETUP EWALD 
 (Ewald) eta                             :   0.6814    
 (Ewald) Real Space Cutoff               :    7.577     (Bohr)
 (Ewald) Reciprocal Cutoff               :    7.698     (1/Bohr)

 ------------------------------------------------------------------------------
                           SETUP PLANE WAVE 
 Read in WT kernel.
 kernel file name  : 4PROFESS_KERNEL.dat           
 KEDF type         :     4
 Fermi vector      :   1.182014212099E+00
 Reference density :  -1.000000000000E+00
 Mesh points       :   200002
 Fermi vector in this cell is    1.8874725411141842     
 Fermi vector from kernel file is    1.1820142120987149     
 First qNorm is    0.0000000000000000     
 size of Wang-Teter kernel in this run is            8          14         240
 Max |G| in this calculation is   1.732054677491E+01
 Max eta used from kernel is   9.176582121127E+00

 ------------------------------------------------------------------------------
                           REFRESH ION POSITIONS
  
 Calculating Ion-Ion Energy ...                   complete.     0.006 s
  
 Calculating Ion-Electron Potential (spline) ... 
 complete.     0.006 s
 Rescale the total density from   3.262592 to         66

 ------------------------------------------------------------------------------
                           DENSITY OPTIMIZATION
 Electron number for spin            1  is    65.999999999998792     
 Cell Volume      :           344.521547 Angstrom^3
 Ion number       :                   22
 Electron number  :            66.000000
 Ion density      :             0.063857 Ion/Angstrom^3
 Electron density :             0.191570 Electron/Angstrom^3
  
 Calculating Ion-Ion Forces ...                complete.     0.008 s
  
 Calculating Ion-Electron Forces (spline) ...  complete.     0.005 s
  ------ ION (GRADIENT METHOD) STEP            1  ------
  
 Calculating Ion-Electron Stress (spline) ...  complete.     0.009 s
  
 Calculating Ion-Ion Stress ...                complete.     0.004 s
  
 ------------------------------------------------------------------------------
                         LATTICE VECTORS (Angstrom)
 LAT 1           2.807406        0.000000        0.000000
 LAT 2           1.403703        2.431285        0.000000
 LAT 3           0.000000        0.000000       50.474878
 ------------------------------------------------------------------------------
                                STRESS (GPa)
 ST_GPa 1        0.109439        0.006651       -0.000006
 ST_GPa 2        0.006651        0.101761       -0.000004
 ST_GPa 3       -0.000006       -0.000004       -0.354100
  
 --------------------------------------------------
 STRESS (a.u.)
 --------------------------------------------------
 ST_AU  1   3.7197636268E-06   2.2605487081E-07  -2.1377706232E-10
 ST_AU  2   2.2605487081E-07   3.4587836809E-06  -1.3732927796E-10
 ST_AU  3  -2.1377706232E-10  -1.3732927796E-10  -1.2035618303E-05
; Cell optimization at step 10, max(stress):  0.1204E-04, total energy:  -46.845785    ;
  dV of each real space grid is now    4.9434298949065140E-002
 Cell length (Bohr)    5.305E+00   5.305E+00   9.540E+01
 Angle     (Degree)    9.000E+01   9.000E+01   6.000E+01
 Volume    (Bohr^3)    2.325E+03
  dV of each real space grid is now    4.9434298949065140E-002
 Cell length (Bohr)    5.305E+00   5.305E+00   9.540E+01
 Angle     (Degree)    9.000E+01   9.000E+01   6.000E+01
 Volume    (Bohr^3)    2.325E+03

 ------------------------------------------------------------------------------
                           SETUP EWALD 
 (Ewald) eta                             :   0.6814    
 (Ewald) Real Space Cutoff               :    7.577     (Bohr)
 (Ewald) Reciprocal Cutoff               :    7.698     (1/Bohr)

 ------------------------------------------------------------------------------
                           SETUP PLANE WAVE 
 Read in WT kernel.
 kernel file name  : 4PROFESS_KERNEL.dat           
 KEDF type         :     4
 Fermi vector      :   1.182014212099E+00
 Reference density :  -1.000000000000E+00
 Mesh points       :   200002
 Fermi vector in this cell is    1.8873527430437329     
 Fermi vector from kernel file is    1.1820142120987149     
 First qNorm is    0.0000000000000000     
 size of Wang-Teter kernel in this run is            8          14         240
 Max |G| in this calculation is   1.731985995564E+01
 Max eta used from kernel is   9.176800690531E+00

 ------------------------------------------------------------------------------
                           REFRESH ION POSITIONS
  
 Calculating Ion-Ion Energy ...                   complete.     0.006 s
  
 Calculating Ion-Electron Potential (spline) ... 
 complete.     0.006 s
 Rescale the total density from   3.263285 to         66

 ------------------------------------------------------------------------------
                           DENSITY OPTIMIZATION
 Electron number for spin            1  is    66.000000000000412     
 Cell Volume      :           344.587156 Angstrom^3
 Ion number       :                   22
 Electron number  :            66.000000
 Ion density      :             0.063845 Ion/Angstrom^3
 Electron density :             0.191534 Electron/Angstrom^3
  
 Calculating Ion-Ion Forces ...                complete.     0.008 s
  
 Calculating Ion-Electron Forces (spline) ...  complete.     0.005 s
  ------ ION (GRADIENT METHOD) STEP            1  ------
  
 Calculating Ion-Electron Stress (spline) ...  complete.     0.009 s
  
 Calculating Ion-Ion Stress ...                complete.     0.004 s
  
 ------------------------------------------------------------------------------
                         LATTICE VECTORS (Angstrom)
 LAT 1           2.807406        0.000000        0.000000
 LAT 2           1.403703        2.431285        0.000000
 LAT 3           0.000000        0.000000       50.484490
 ------------------------------------------------------------------------------
                                STRESS (GPa)
 ST_GPa 1        0.122031        0.006536       -0.000006
 ST_GPa 2        0.006536        0.114485       -0.000004
 ST_GPa 3       -0.000006       -0.000004       -0.329662
  
 --------------------------------------------------
 STRESS (a.u.)
 --------------------------------------------------
 ST_AU  1   4.1477604335E-06   2.2216441206E-07  -2.1361369320E-10
 ST_AU  2   2.2216441206E-07   3.8912725888E-06  -1.3718793391E-10
 ST_AU  3  -2.1361369320E-10  -1.3718793391E-10  -1.1204994396E-05
; Cell optimization at step 11, max(stress):  0.1120E-04, total energy:  -46.845792    ;
  dV of each real space grid is now    4.9444814105395224E-002
 Cell length (Bohr)    5.305E+00   5.305E+00   9.542E+01
 Angle     (Degree)    9.000E+01   9.000E+01   6.000E+01
 Volume    (Bohr^3)    2.326E+03
  dV of each real space grid is now    4.9444814105395224E-002
 Cell length (Bohr)    5.305E+00   5.305E+00   9.542E+01
 Angle     (Degree)    9.000E+01   9.000E+01   6.000E+01
 Volume    (Bohr^3)    2.326E+03

 ------------------------------------------------------------------------------
                           SETUP EWALD 
 (Ewald) eta                             :   0.6814    
 (Ewald) Real Space Cutoff               :    7.577     (Bohr)
 (Ewald) Reciprocal Cutoff               :    7.698     (1/Bohr)

 ------------------------------------------------------------------------------
                           SETUP PLANE WAVE 
 Read in WT kernel.
 kernel file name  : 4PROFESS_KERNEL.dat           
 KEDF type         :     4
 Fermi vector      :   1.182014212099E+00
 Reference density :  -1.000000000000E+00
 Mesh points       :   200002
 Fermi vector in this cell is    1.8872189425869244     
 Fermi vector from kernel file is    1.1820142120987149     
 First qNorm is    0.0000000000000000     
 size of Wang-Teter kernel in this run is            8          14         240
 Max |G| in this calculation is   1.731909308417E+01
 Max eta used from kernel is   9.177044959302E+00

 ------------------------------------------------------------------------------
                           REFRESH ION POSITIONS
  
 Calculating Ion-Ion Energy ...                   complete.     0.006 s
  
 Calculating Ion-Electron Potential (spline) ... 
 complete.     0.007 s
 Rescale the total density from   3.264052 to         66

 ------------------------------------------------------------------------------
                           DENSITY OPTIMIZATION
 Electron number for spin            1  is    65.999999999999545     
 Cell Volume      :           344.660453 Angstrom^3
 Ion number       :                   22
 Electron number  :            66.000000
 Ion density      :             0.063831 Ion/Angstrom^3
 Electron density :             0.191493 Electron/Angstrom^3
  
 Calculating Ion-Ion Forces ...                complete.     0.009 s
  
 Calculating Ion-Electron Forces (spline) ...  complete.     0.004 s
  ------ ION (GRADIENT METHOD) STEP            1  ------
  
 Calculating Ion-Electron Stress (spline) ...  complete.     0.009 s
  
 Calculating Ion-Ion Stress ...                complete.     0.004 s
  
 ------------------------------------------------------------------------------
                         LATTICE VECTORS (Angstrom)
 LAT 1           2.807406        0.000000        0.000000
 LAT 2           1.403703        2.431285        0.000000
 LAT 3           0.000000        0.000000       50.495229
 ------------------------------------------------------------------------------
                                STRESS (GPa)
 ST_GPa 1        0.136265        0.006410       -0.000006
 ST_GPa 2        0.006410        0.128864       -0.000004
 ST_GPa 3       -0.000006       -0.000004       -0.302653
  
 --------------------------------------------------
 STRESS (a.u.)
 --------------------------------------------------
 ST_AU  1   4.6315431910E-06   2.1787163927E-07  -2.1301738230E-10
 ST_AU  2   2.1787163927E-07   4.3800123779E-06  -1.3684324311E-10
 ST_AU  3  -2.1301738230E-10  -1.3684324311E-10  -1.0286956451E-05
; Cell optimization at step 12, max(stress):  0.1029E-04, total energy:  -46.845798    ;
  dV of each real space grid is now    4.9456398470518553E-002
 Cell length (Bohr)    5.305E+00   5.305E+00   9.544E+01
 Angle     (Degree)    9.000E+01   9.000E+01   6.000E+01
 Volume    (Bohr^3)    2.326E+03
  dV of each real space grid is now    4.9456398470518553E-002
 Cell length (Bohr)    5.305E+00   5.305E+00   9.544E+01
 Angle     (Degree)    9.000E+01   9.000E+01   6.000E+01
 Volume    (Bohr^3)    2.326E+03

 ------------------------------------------------------------------------------
                           SETUP EWALD 
 (Ewald) eta                             :   0.6814    
 (Ewald) Real Space Cutoff               :    7.577     (Bohr)
 (Ewald) Reciprocal Cutoff               :    7.698     (1/Bohr)

 ------------------------------------------------------------------------------
                           SETUP PLANE WAVE 
 Read in WT kernel.
 kernel file name  : 4PROFESS_KERNEL.dat           
 KEDF type         :     4
 Fermi vector      :   1.182014212099E+00
 Reference density :  -1.000000000000E+00
 Mesh points       :   200002
 Fermi vector in this cell is    1.8870715808625527     
 Fermi vector from kernel file is    1.1820142120987149     
 First qNorm is    0.0000000000000000     
 size of Wang-Teter kernel in this run is            8          14         240
 Max |G| in this calculation is   1.731824876213E+01
 Max eta used from kernel is   9.177314171733E+00

 ------------------------------------------------------------------------------
                           REFRESH ION POSITIONS
  
 Calculating Ion-Ion Energy ...                   complete.     0.006 s
  
 Calculating Ion-Electron Potential (spline) ... 
 complete.     0.007 s
 Rescale the total density from   3.264887 to         66

 ------------------------------------------------------------------------------
                           DENSITY OPTIMIZATION
 Electron number for spin            1  is    66.000000000000483     
 Cell Volume      :           344.741203 Angstrom^3
 Ion number       :                   22
 Electron number  :            66.000000
 Ion density      :             0.063816 Ion/Angstrom^3
 Electron density :             0.191448 Electron/Angstrom^3
  
 Calculating Ion-Ion Forces ...                complete.     0.008 s
  
 Calculating Ion-Electron Forces (spline) ...  complete.     0.004 s
  ------ ION (GRADIENT METHOD) STEP            1  ------
  
 Calculating Ion-Electron Stress (spline) ...  complete.     0.009 s
  
 Calculating Ion-Ion Stress ...                complete.     0.004 s
  
 ------------------------------------------------------------------------------
                         LATTICE VECTORS (Angstrom)
 LAT 1           2.807406        0.000000        0.000000
 LAT 2           1.403703        2.431285        0.000000
 LAT 3           0.000000        0.000000       50.507059
 ------------------------------------------------------------------------------
                                STRESS (GPa)
 ST_GPa 1        0.151791        0.006270       -0.000006
 ST_GPa 2        0.006270        0.144552       -0.000004
 ST_GPa 3       -0.000006       -0.000004       -0.272765
  
 --------------------------------------------------
 STRESS (a.u.)
 --------------------------------------------------
 ST_AU  1   5.1592731865E-06   2.1312938052E-07  -2.1254758267E-10
 ST_AU  2   2.1312938052E-07   4.9132181528E-06  -1.3655998991E-10
 ST_AU  3  -2.1254758267E-10  -1.3655998991E-10  -9.2711068448E-06
; Cell optimization at step 13, max(stress):  0.9271E-05, total energy:  -46.845805    ;
  dV of each real space grid is now    4.9468926944296172E-002
 Cell length (Bohr)    5.305E+00   5.305E+00   9.547E+01
 Angle     (Degree)    9.000E+01   9.000E+01   6.000E+01
 Volume    (Bohr^3)    2.327E+03
  dV of each real space grid is now    4.9468926944296172E-002
 Cell length (Bohr)    5.305E+00   5.305E+00   9.547E+01
 Angle     (Degree)    9.000E+01   9.000E+01   6.000E+01
 Volume    (Bohr^3)    2.327E+03

 ------------------------------------------------------------------------------
                           SETUP EWALD 
 (Ewald) eta                             :   0.6814    
 (Ewald) Real Space Cutoff               :    7.577     (Bohr)
 (Ewald) Reciprocal Cutoff               :    7.698     (1/Bohr)

 ------------------------------------------------------------------------------
                           SETUP PLANE WAVE 
 Read in WT kernel.
 kernel file name  : 4PROFESS_KERNEL.dat           
 KEDF type         :     4
 Fermi vector      :   1.182014212099E+00
 Reference density :  -1.000000000000E+00
 Mesh points       :   200002
 Fermi vector in this cell is    1.8869122611681992     
 Fermi vector from kernel file is    1.1820142120987149     
 First qNorm is    0.0000000000000000     
 size of Wang-Teter kernel in this run is            8          14         240
 Max |G| in this calculation is   1.731733625036E+01
 Max eta used from kernel is   9.177605449252E+00

 ------------------------------------------------------------------------------
                           REFRESH ION POSITIONS
  
 Calculating Ion-Ion Energy ...                   complete.     0.006 s
  
 Calculating Ion-Electron Potential (spline) ... 
 complete.     0.006 s
 Rescale the total density from   3.265776 to         66

 ------------------------------------------------------------------------------
                           DENSITY OPTIMIZATION
 Electron number for spin            1  is    65.999999999999602     
 Cell Volume      :           344.828534 Angstrom^3
 Ion number       :                   22
 Electron number  :            66.000000
 Ion density      :             0.063800 Ion/Angstrom^3
 Electron density :             0.191399 Electron/Angstrom^3
  
 Calculating Ion-Ion Forces ...                complete.     0.008 s
  
 Calculating Ion-Electron Forces (spline) ...  complete.     0.004 s
  ------ ION (GRADIENT METHOD) STEP            1  ------
  
 Calculating Ion-Electron Stress (spline) ...  complete.     0.009 s
  
 Calculating Ion-Ion Stress ...                complete.     0.004 s
  
 ------------------------------------------------------------------------------
                         LATTICE VECTORS (Angstrom)
 LAT 1           2.807406        0.000000        0.000000
 LAT 2           1.403703        2.431285        0.000000
 LAT 3           0.000000        0.000000       50.519854
 ------------------------------------------------------------------------------
                                STRESS (GPa)
 ST_GPa 1        0.168429        0.006120       -0.000006
 ST_GPa 2        0.006120        0.161365       -0.000004
 ST_GPa 3       -0.000006       -0.000004       -0.240341
  
 --------------------------------------------------
 STRESS (a.u.)
 --------------------------------------------------
 ST_AU  1   5.7248034347E-06   2.0799929150E-07  -2.1204526241E-10
 ST_AU  2   2.0799929150E-07   5.4846716409E-06  -1.3626050113E-10
 ST_AU  3  -2.1204526241E-10  -1.3626050113E-10  -8.1690319764E-06
; Cell optimization at step 14, max(stress):  0.8169E-05, total energy:  -46.845812    ;
  dV of each real space grid is now    4.9482173971381799E-002
 Cell length (Bohr)    5.305E+00   5.305E+00   9.549E+01
 Angle     (Degree)    9.000E+01   9.000E+01   6.000E+01
 Volume    (Bohr^3)    2.328E+03
  dV of each real space grid is now    4.9482173971381799E-002
 Cell length (Bohr)    5.305E+00   5.305E+00   9.549E+01
 Angle     (Degree)    9.000E+01   9.000E+01   6.000E+01
 Volume    (Bohr^3)    2.328E+03

 ------------------------------------------------------------------------------
                           SETUP EWALD 
 (Ewald) eta                             :   0.6814    
 (Ewald) Real Space Cutoff               :    7.577     (Bohr)
 (Ewald) Reciprocal Cutoff               :    7.698     (1/Bohr)

 ------------------------------------------------------------------------------
                           SETUP PLANE WAVE 
 Read in WT kernel.
 kernel file name  : 4PROFESS_KERNEL.dat           
 KEDF type         :     4
 Fermi vector      :   1.182014212099E+00
 Reference density :  -1.000000000000E+00
 Mesh points       :   200002
 Fermi vector in this cell is    1.8867438624180966     
 Fermi vector from kernel file is    1.1820142120987149     
 First qNorm is    0.0000000000000000     
 size of Wang-Teter kernel in this run is            8          14         240
 Max |G| in this calculation is   1.731637210429E+01
 Max eta used from kernel is   9.177913573332E+00

 ------------------------------------------------------------------------------
                           REFRESH ION POSITIONS
  
 Calculating Ion-Ion Energy ...                   complete.     0.007 s
  
 Calculating Ion-Electron Potential (spline) ... 
 complete.     0.006 s
 Rescale the total density from   3.266698 to         66

 ------------------------------------------------------------------------------
                           DENSITY OPTIMIZATION
 Electron number for spin            1  is    65.999999999999531     
 Cell Volume      :           344.920874 Angstrom^3
 Ion number       :                   22
 Electron number  :            66.000000
 Ion density      :             0.063783 Ion/Angstrom^3
 Electron density :             0.191348 Electron/Angstrom^3
  
 Calculating Ion-Ion Forces ...                complete.     0.008 s
  
 Calculating Ion-Electron Forces (spline) ...  complete.     0.005 s
  ------ ION (GRADIENT METHOD) STEP            1  ------
  
 Calculating Ion-Electron Stress (spline) ...  complete.     0.009 s
  
 Calculating Ion-Ion Stress ...                complete.     0.004 s
  
 ------------------------------------------------------------------------------
                         LATTICE VECTORS (Angstrom)
 LAT 1           2.807406        0.000000        0.000000
 LAT 2           1.403703        2.431285        0.000000
 LAT 3           0.000000        0.000000       50.533382
 ------------------------------------------------------------------------------
                                STRESS (GPa)
 ST_GPa 1        0.186220        0.005962       -0.000006
 ST_GPa 2        0.005962        0.179337       -0.000004
 ST_GPa 3       -0.000006       -0.000004       -0.206440
  
 --------------------------------------------------
 STRESS (a.u.)
 --------------------------------------------------
 ST_AU  1   6.3294956657E-06   2.0263590150E-07  -2.1147034843E-10
 ST_AU  2   2.0263590150E-07   6.0955573011E-06  -1.3587047201E-10
 ST_AU  3  -2.1147034843E-10  -1.3587047201E-10  -7.0167603602E-06
; Cell optimization at step 15, max(stress):  0.7017E-05, total energy:  -46.845819    ;
  dV of each real space grid is now    4.9495828154371313E-002
 Cell length (Bohr)    5.305E+00   5.305E+00   9.552E+01
 Angle     (Degree)    9.000E+01   9.000E+01   6.000E+01
 Volume    (Bohr^3)    2.328E+03
  dV of each real space grid is now    4.9495828154371313E-002
 Cell length (Bohr)    5.305E+00   5.305E+00   9.552E+01
 Angle     (Degree)    9.000E+01   9.000E+01   6.000E+01
 Volume    (Bohr^3)    2.328E+03

 ------------------------------------------------------------------------------
                           SETUP EWALD 
 (Ewald) eta                             :   0.6814    
 (Ewald) Real Space Cutoff               :    7.577     (Bohr)
 (Ewald) Reciprocal Cutoff               :    7.698     (1/Bohr)

 ------------------------------------------------------------------------------
                           SETUP PLANE WAVE 
 Read in WT kernel.
 kernel file name  : 4PROFESS_KERNEL.dat           
 KEDF type         :     4
 Fermi vector      :   1.182014212099E+00
 Reference density :  -1.000000000000E+00
 Mesh points       :   200002
 Fermi vector in this cell is    1.8865703507221401     
 Fermi vector from kernel file is    1.1820142120987149     
 First qNorm is    0.0000000000000000     
 size of Wang-Teter kernel in this run is            8          14         240
 Max |G| in this calculation is   1.731537907853E+01
 Max eta used from kernel is   9.178231319017E+00

 ------------------------------------------------------------------------------
                           REFRESH ION POSITIONS
  
 Calculating Ion-Ion Energy ...                   complete.     0.006 s
  
 Calculating Ion-Electron Potential (spline) ... 
 complete.     0.006 s
 Rescale the total density from   3.267626 to         66

 ------------------------------------------------------------------------------
                           DENSITY OPTIMIZATION
 Electron number for spin            1  is    66.000000000000171     
 Cell Volume      :           345.016052 Angstrom^3
 Ion number       :                   22
 Electron number  :            66.000000
 Ion density      :             0.063765 Ion/Angstrom^3
 Electron density :             0.191295 Electron/Angstrom^3
  
 Calculating Ion-Ion Forces ...                complete.     0.005 s
  
 Calculating Ion-Electron Forces (spline) ...  complete.     0.003 s
  ------ ION (GRADIENT METHOD) STEP            1  ------
  
 Calculating Ion-Electron Stress (spline) ...  complete.     0.006 s
  
 Calculating Ion-Ion Stress ...                complete.     0.002 s
  
 ------------------------------------------------------------------------------
                         LATTICE VECTORS (Angstrom)
 LAT 1           2.807406        0.000000        0.000000
 LAT 2           1.403703        2.431285        0.000000
 LAT 3           0.000000        0.000000       50.547327
 ------------------------------------------------------------------------------
                                STRESS (GPa)
 ST_GPa 1        0.204358        0.005798       -0.000006
 ST_GPa 2        0.005798        0.197664       -0.000004
 ST_GPa 3       -0.000006       -0.000004       -0.171345
  
 --------------------------------------------------
 STRESS (a.u.)
 --------------------------------------------------
 ST_AU  1   6.9459766637E-06   1.9707978379E-07  -2.1096628682E-10
 ST_AU  2   1.9707978379E-07   6.7184536911E-06  -1.3558919491E-10
 ST_AU  3  -2.1096628682E-10  -1.3558919491E-10  -5.8238992416E-06
; Cell optimization at step 16, max(stress):  0.6946E-05, total energy:  -46.845825    ;
  dV of each real space grid is now    4.9509427692940609E-002
 Cell length (Bohr)    5.305E+00   5.305E+00   9.555E+01
 Angle     (Degree)    9.000E+01   9.000E+01   6.000E+01
 Volume    (Bohr^3)    2.329E+03
  dV of each real space grid is now    4.9509427692940609E-002
 Cell length (Bohr)    5.305E+00   5.305E+00   9.555E+01
 Angle     (Degree)    9.000E+01   9.000E+01   6.000E+01
 Volume    (Bohr^3)    2.329E+03

 ------------------------------------------------------------------------------
                           SETUP EWALD 
 (Ewald) eta                             :   0.6814    
 (Ewald) Real Space Cutoff               :    7.577     (Bohr)
 (Ewald) Reciprocal Cutoff               :    7.698     (1/Bohr)

 ------------------------------------------------------------------------------
                           SETUP PLANE WAVE 
 Read in WT kernel.
 kernel file name  : 4PROFESS_KERNEL.dat           
 KEDF type         :     4
 Fermi vector      :   1.182014212099E+00
 Reference density :  -1.000000000000E+00
 Mesh points       :   200002
 Fermi vector in this cell is    1.8863975968517472     
 Fermi vector from kernel file is    1.1820142120987149     
 First qNorm is    0.0000000000000000     
 size of Wang-Teter kernel in this run is            8          14         240
 Max |G| in this calculation is   1.731439078690E+01
 Max eta used from kernel is   9.178547945459E+00

 ------------------------------------------------------------------------------
                           REFRESH ION POSITIONS
  
 Calculating Ion-Ion Energy ...                   complete.     0.004 s
  
 Calculating Ion-Electron Potential (spline) ... 
 complete.     0.004 s
 Rescale the total density from   3.268520 to         66

 ------------------------------------------------------------------------------
                           DENSITY OPTIMIZATION
 Electron number for spin            1  is    66.000000000000028     
 Cell Volume      :           345.110849 Angstrom^3
 Ion number       :                   22
 Electron number  :            66.000000
 Ion density      :             0.063748 Ion/Angstrom^3
 Electron density :             0.191243 Electron/Angstrom^3
  
 Calculating Ion-Ion Forces ...                complete.     0.005 s
  
 Calculating Ion-Electron Forces (spline) ...  complete.     0.003 s
  ------ ION (GRADIENT METHOD) STEP            1  ------
  
 Calculating Ion-Electron Stress (spline) ...  complete.     0.006 s
  
 Calculating Ion-Ion Stress ...                complete.     0.002 s
  
 ------------------------------------------------------------------------------
                         LATTICE VECTORS (Angstrom)
 LAT 1           2.807406        0.000000        0.000000
 LAT 2           1.403703        2.431285        0.000000
 LAT 3           0.000000        0.000000       50.561215
 ------------------------------------------------------------------------------
                                STRESS (GPa)
 ST_GPa 1        0.222430        0.005636       -0.000006
 ST_GPa 2        0.005636        0.215924       -0.000004
 ST_GPa 3       -0.000006       -0.000004       -0.136589
  
 --------------------------------------------------
 STRESS (a.u.)
 --------------------------------------------------
 ST_AU  1   7.5602561678E-06   1.9155465064E-07  -2.1030643575E-10
 ST_AU  2   1.9155465064E-07   7.3391128880E-06  -1.3521395130E-10
 ST_AU  3  -2.1030643575E-10  -1.3521395130E-10  -4.6425587385E-06
; Cell optimization at step 17, max(stress):  0.7560E-05, total energy:  -46.845830    ;
  dV of each real space grid is now    4.9522436844508300E-002
 Cell length (Bohr)    5.305E+00   5.305E+00   9.557E+01
 Angle     (Degree)    9.000E+01   9.000E+01   6.000E+01
 Volume    (Bohr^3)    2.330E+03
  dV of each real space grid is now    4.9522436844508300E-002
 Cell length (Bohr)    5.305E+00   5.305E+00   9.557E+01
 Angle     (Degree)    9.000E+01   9.000E+01   6.000E+01
 Volume    (Bohr^3)    2.330E+03

 ------------------------------------------------------------------------------
                           SETUP EWALD 
 (Ewald) eta                             :   0.6814    
 (Ewald) Real Space Cutoff               :    7.577     (Bohr)
 (Ewald) Reciprocal Cutoff               :    7.698     (1/Bohr)

 ------------------------------------------------------------------------------
                           SETUP PLANE WAVE 
 Read in WT kernel.
 kernel file name  : 4PROFESS_KERNEL.dat           
 KEDF type         :     4
 Fermi vector      :   1.182014212099E+00
 Reference density :  -1.000000000000E+00
 Mesh points       :   200002
 Fermi vector in this cell is    1.8862324018210308     
 Fermi vector from kernel file is    1.1820142120987149     
 First qNorm is    0.0000000000000000     
 size of Wang-Teter kernel in this run is            8          14         240
 Max |G| in this calculation is   1.731344610838E+01
 Max eta used from kernel is   9.178850968560E+00

 ------------------------------------------------------------------------------
                           REFRESH ION POSITIONS
  
 Calculating Ion-Ion Energy ...                   complete.     0.004 s
  
 Calculating Ion-Electron Potential (spline) ... 
 complete.     0.004 s
 Rescale the total density from   3.269340 to         66

 ------------------------------------------------------------------------------
                           DENSITY OPTIMIZATION
 Electron number for spin            1  is    65.999999999999886     
 Cell Volume      :           345.201531 Angstrom^3
 Ion number       :                   22
 Electron number  :            66.000000
 Ion density      :             0.063731 Ion/Angstrom^3
 Electron density :             0.191193 Electron/Angstrom^3
  
 Calculating Ion-Ion Forces ...                complete.     0.005 s
  
 Calculating Ion-Electron Forces (spline) ...  complete.     0.003 s
  ------ ION (GRADIENT METHOD) STEP            1  ------
  
 Calculating Ion-Electron Stress (spline) ...  complete.     0.006 s
  
 Calculating Ion-Ion Stress ...                complete.     0.002 s
  
 ------------------------------------------------------------------------------
                         LATTICE VECTORS (Angstrom)
 LAT 1           2.807406        0.000000        0.000000
 LAT 2           1.403703        2.431285        0.000000
 LAT 3           0.000000        0.000000       50.574501
 ------------------------------------------------------------------------------
                                STRESS (GPa)
 ST_GPa 1        0.239773        0.005481       -0.000006
 ST_GPa 2        0.005481        0.233446       -0.000004
 ST_GPa 3       -0.000006       -0.000004       -0.103502
  
 --------------------------------------------------
 STRESS (a.u.)
 --------------------------------------------------
 ST_AU  1   8.1497234459E-06   1.8628600633E-07  -2.0986111785E-10
 ST_AU  2   1.8628600633E-07   7.9346639981E-06  -1.3492203230E-10
 ST_AU  3  -2.0986111785E-10  -1.3492203230E-10  -3.5179505687E-06
; Cell optimization at step 18, max(stress):  0.8150E-05, total energy:  -46.845835    ;
  dV of each real space grid is now    4.9534266239822586E-002
 Cell length (Bohr)    5.305E+00   5.305E+00   9.559E+01
 Angle     (Degree)    9.000E+01   9.000E+01   6.000E+01
 Volume    (Bohr^3)    2.330E+03
  dV of each real space grid is now    4.9534266239822586E-002
 Cell length (Bohr)    5.305E+00   5.305E+00   9.559E+01
 Angle     (Degree)    9.000E+01   9.000E+01   6.000E+01
 Volume    (Bohr^3)    2.330E+03

 ------------------------------------------------------------------------------
                           SETUP EWALD 
 (Ewald) eta                             :   0.6814    
 (Ewald) Real Space Cutoff               :    7.577     (Bohr)
 (Ewald) Reciprocal Cutoff               :    7.698     (1/Bohr)

 ------------------------------------------------------------------------------
                           SETUP PLANE WAVE 
 Read in WT kernel.
 kernel file name  : 4PROFESS_KERNEL.dat           
 KEDF type         :     4
 Fermi vector      :   1.182014212099E+00
 Reference density :  -1.000000000000E+00
 Mesh points       :   200002
 Fermi vector in this cell is    1.8860822379925590     
 Fermi vector from kernel file is    1.1820142120987149     
 First qNorm is    0.0000000000000000     
 size of Wang-Teter kernel in this run is            8          14         240
 Max |G| in this calculation is   1.731258770092E+01
 Max eta used from kernel is   9.179126632013E+00

 ------------------------------------------------------------------------------
                           REFRESH ION POSITIONS
  
 Calculating Ion-Ion Energy ...                   complete.     0.004 s
  
 Calculating Ion-Electron Potential (spline) ... 
 complete.     0.004 s
 Rescale the total density from   3.270042 to         66

 ------------------------------------------------------------------------------
                           DENSITY OPTIMIZATION
 Electron number for spin            1  is    66.000000000000114     
 Cell Volume      :           345.283989 Angstrom^3
 Ion number       :                   22
 Electron number  :            66.000000
 Ion density      :             0.063716 Ion/Angstrom^3
 Electron density :             0.191147 Electron/Angstrom^3
  
 Calculating Ion-Ion Forces ...                complete.     0.005 s
  
 Calculating Ion-Electron Forces (spline) ...  complete.     0.003 s
  ------ ION (GRADIENT METHOD) STEP            1  ------
  
 Calculating Ion-Electron Stress (spline) ...  complete.     0.006 s
  
 Calculating Ion-Ion Stress ...                complete.     0.003 s
  
 ------------------------------------------------------------------------------
                         LATTICE VECTORS (Angstrom)
 LAT 1           2.807406        0.000000        0.000000
 LAT 2           1.403703        2.431285        0.000000
 LAT 3           0.000000        0.000000       50.586581
 ------------------------------------------------------------------------------
                                STRESS (GPa)
 ST_GPa 1        0.255325        0.005338       -0.000006
 ST_GPa 2        0.005338        0.249162       -0.000004
 ST_GPa 3       -0.000006       -0.000004       -0.073203
  
 --------------------------------------------------
 STRESS (a.u.)
 --------------------------------------------------
 ST_AU  1   8.6783247291E-06   1.8144792117E-07  -2.0948254573E-10
 ST_AU  2   1.8144792117E-07   8.4688517939E-06  -1.3466443866E-10
 ST_AU  3  -2.0948254573E-10  -1.3466443866E-10  -2.4881036109E-06
; Cell optimization at step 19, max(stress):  0.8678E-05, total energy:  -46.845838    ;
  dV of each real space grid is now    4.9544305981071006E-002
 Cell length (Bohr)    5.305E+00   5.305E+00   9.561E+01
 Angle     (Degree)    9.000E+01   9.000E+01   6.000E+01
 Volume    (Bohr^3)    2.331E+03
  dV of each real space grid is now    4.9544305981071006E-002
 Cell length (Bohr)    5.305E+00   5.305E+00   9.561E+01
 Angle     (Degree)    9.000E+01   9.000E+01   6.000E+01
 Volume    (Bohr^3)    2.331E+03

 ------------------------------------------------------------------------------
                           SETUP EWALD 
 (Ewald) eta                             :   0.6814    
 (Ewald) Real Space Cutoff               :    7.577     (Bohr)
 (Ewald) Reciprocal Cutoff               :    7.698     (1/Bohr)

 ------------------------------------------------------------------------------
                           SETUP PLANE WAVE 
 Read in WT kernel.
 kernel file name  : 4PROFESS_KERNEL.dat           
 KEDF type         :     4
 Fermi vector      :   1.182014212099E+00
 Reference density :  -1.000000000000E+00
 Mesh points       :   200002
 Fermi vector in this cell is    1.8859548297635613     
 Fermi vector from kernel file is    1.1820142120987149     
 First qNorm is    0.0000000000000000     
 size of Wang-Teter kernel in this run is            8          14         240
 Max |G| in this calculation is   1.731185960979E+01
 Max eta used from kernel is   9.179360680638E+00

 ------------------------------------------------------------------------------
                           REFRESH ION POSITIONS
  
 Calculating Ion-Ion Energy ...                   complete.     0.004 s
  
 Calculating Ion-Electron Potential (spline) ... 
 complete.     0.004 s
 Rescale the total density from   3.270587 to         66

 ------------------------------------------------------------------------------
                           DENSITY OPTIMIZATION
 Electron number for spin            1  is    66.000000000001307     
 Cell Volume      :           345.353972 Angstrom^3
 Ion number       :                   22
 Electron number  :            66.000000
 Ion density      :             0.063703 Ion/Angstrom^3
 Electron density :             0.191108 Electron/Angstrom^3
  
 Calculating Ion-Ion Forces ...                complete.     0.005 s
  
 Calculating Ion-Electron Forces (spline) ...  complete.     0.003 s
  ------ ION (GRADIENT METHOD) STEP            1  ------
  
 Calculating Ion-Electron Stress (spline) ...  complete.     0.006 s
  
 Calculating Ion-Ion Stress ...                complete.     0.002 s
  
 ------------------------------------------------------------------------------
                         LATTICE VECTORS (Angstrom)
 LAT 1           2.807406        0.000000        0.000000
 LAT 2           1.403703        2.431285        0.000000
 LAT 3           0.000000        0.000000       50.596834
 ------------------------------------------------------------------------------
                                STRESS (GPa)
 ST_GPa 1        0.268749        0.005220       -0.000006
 ST_GPa 2        0.005220        0.262724       -0.000004
 ST_GPa 3       -0.000006       -0.000004       -0.047884
  
 --------------------------------------------------
 STRESS (a.u.)
 --------------------------------------------------
 ST_AU  1   9.1346106538E-06   1.7741459048E-07  -2.0909728801E-10
 ST_AU  2   1.7741459048E-07   8.9297948607E-06  -1.3446620797E-10
 ST_AU  3  -2.0909728801E-10  -1.3446620797E-10  -1.6275492623E-06
; Cell optimization at step 20, max(stress):  0.9135E-05, total energy:  -46.845840    ;
  dV of each real space grid is now    4.9552186765484348E-002
 Cell length (Bohr)    5.305E+00   5.305E+00   9.563E+01
 Angle     (Degree)    9.000E+01   9.000E+01   6.000E+01
 Volume    (Bohr^3)    2.331E+03
  dV of each real space grid is now    4.9552186765484348E-002
 Cell length (Bohr)    5.305E+00   5.305E+00   9.563E+01
 Angle     (Degree)    9.000E+01   9.000E+01   6.000E+01
 Volume    (Bohr^3)    2.331E+03

 ------------------------------------------------------------------------------
                           SETUP EWALD 
 (Ewald) eta                             :   0.6814    
 (Ewald) Real Space Cutoff               :    7.577     (Bohr)
 (Ewald) Reciprocal Cutoff               :    7.698     (1/Bohr)

 ------------------------------------------------------------------------------
                           SETUP PLANE WAVE 
 Read in WT kernel.
 kernel file name  : 4PROFESS_KERNEL.dat           
 KEDF type         :     4
 Fermi vector      :   1.182014212099E+00
 Reference density :  -1.000000000000E+00
 Mesh points       :   200002
 Fermi vector in this cell is    1.8858548436519904     
 Fermi vector from kernel file is    1.1820142120987149     
 First qNorm is    0.0000000000000000     
 size of Wang-Teter kernel in this run is            8          14         240
 Max |G| in this calculation is   1.731128837674E+01
 Max eta used from kernel is   9.179544456991E+00

 ------------------------------------------------------------------------------
                           REFRESH ION POSITIONS
  
 Calculating Ion-Ion Energy ...                   complete.     0.004 s
  
 Calculating Ion-Electron Potential (spline) ... 
 complete.     0.004 s
 Rescale the total density from   3.270965 to         66

 ------------------------------------------------------------------------------
                           DENSITY OPTIMIZATION
 Electron number for spin            1  is    66.000000000000526     
 Cell Volume      :           345.408906 Angstrom^3
 Ion number       :                   22
 Electron number  :            66.000000
 Ion density      :             0.063693 Ion/Angstrom^3
 Electron density :             0.191078 Electron/Angstrom^3
  
 Calculating Ion-Ion Forces ...                complete.     0.005 s
  
 Calculating Ion-Electron Forces (spline) ...  complete.     0.003 s
  ------ ION (GRADIENT METHOD) STEP            1  ------
  
 Calculating Ion-Electron Stress (spline) ...  complete.     0.006 s
  
 Calculating Ion-Ion Stress ...                complete.     0.002 s
  
 ------------------------------------------------------------------------------
                         LATTICE VECTORS (Angstrom)
 LAT 1           2.807406        0.000000        0.000000
 LAT 2           1.403703        2.431285        0.000000
 LAT 3           0.000000        0.000000       50.604882
 ------------------------------------------------------------------------------
                                STRESS (GPa)
 ST_GPa 1        0.279160        0.005126       -0.000006
 ST_GPa 2        0.005126        0.273242       -0.000004
 ST_GPa 3       -0.000006       -0.000004       -0.027881
  
 --------------------------------------------------
 STRESS (a.u.)
 --------------------------------------------------
 ST_AU  1   9.4884742349E-06   1.7424008413E-07  -2.0891697114E-10
 ST_AU  2   1.7424008413E-07   9.2873238841E-06  -1.3429503785E-10
 ST_AU  3  -2.0891697114E-10  -1.3429503785E-10  -9.4764420815E-07
; Cell optimization at step 21, max(stress):  0.9488E-05, total energy:  -46.845842    ;
  dV of each real space grid is now    4.9557693090763417E-002
 Cell length (Bohr)    5.305E+00   5.305E+00   9.564E+01
 Angle     (Degree)    9.000E+01   9.000E+01   6.000E+01
 Volume    (Bohr^3)    2.331E+03
  dV of each real space grid is now    4.9557693090763417E-002
 Cell length (Bohr)    5.305E+00   5.305E+00   9.564E+01
 Angle     (Degree)    9.000E+01   9.000E+01   6.000E+01
 Volume    (Bohr^3)    2.331E+03

 ------------------------------------------------------------------------------
                           SETUP EWALD 
 (Ewald) eta                             :   0.6814    
 (Ewald) Real Space Cutoff               :    7.577     (Bohr)
 (Ewald) Reciprocal Cutoff               :    7.698     (1/Bohr)

 ------------------------------------------------------------------------------
                           SETUP PLANE WAVE 
 Read in WT kernel.
 kernel file name  : 4PROFESS_KERNEL.dat           
 KEDF type         :     4
 Fermi vector      :   1.182014212099E+00
 Reference density :  -1.000000000000E+00
 Mesh points       :   200002
 Fermi vector in this cell is    1.8857849956683186     
 Fermi vector from kernel file is    1.1820142120987149     
 First qNorm is    0.0000000000000000     
 size of Wang-Teter kernel in this run is            8          14         240
 Max |G| in this calculation is   1.731088940520E+01
 Max eta used from kernel is   9.179672892169E+00

 ------------------------------------------------------------------------------
                           REFRESH ION POSITIONS
  
 Calculating Ion-Ion Energy ...                   complete.     0.004 s
  
 Calculating Ion-Electron Potential (spline) ... 
 complete.     0.004 s
 Rescale the total density from   3.271171 to         66

 ------------------------------------------------------------------------------
                           DENSITY OPTIMIZATION
 Electron number for spin            1  is    65.999999999999517     
 Cell Volume      :           345.447288 Angstrom^3
 Ion number       :                   22
 Electron number  :            66.000000
 Ion density      :             0.063686 Ion/Angstrom^3
 Electron density :             0.191057 Electron/Angstrom^3
  
 Calculating Ion-Ion Forces ...                complete.     0.005 s
  
 Calculating Ion-Electron Forces (spline) ...  complete.     0.003 s
  ------ ION (GRADIENT METHOD) STEP            1  ------
  
 Calculating Ion-Electron Stress (spline) ...  complete.     0.006 s
  
 Calculating Ion-Ion Stress ...                complete.     0.002 s
  
 ------------------------------------------------------------------------------
                         LATTICE VECTORS (Angstrom)
 LAT 1           2.807406        0.000000        0.000000
 LAT 2           1.403703        2.431285        0.000000
 LAT 3           0.000000        0.000000       50.610506
 ------------------------------------------------------------------------------
                                STRESS (GPa)
 ST_GPa 1        0.286503        0.005062       -0.000006
 ST_GPa 2        0.005062        0.280660       -0.000004
 ST_GPa 3       -0.000006       -0.000004       -0.014017
  
 --------------------------------------------------
 STRESS (a.u.)
 --------------------------------------------------
 ST_AU  1   9.7380576458E-06   1.7204507855E-07  -2.0868167127E-10
 ST_AU  2   1.7204507855E-07   9.5394420098E-06  -1.3418438249E-10
 ST_AU  3  -2.0868167127E-10  -1.3418438249E-10  -4.7643763465E-07
; Cell optimization at step 22, max(stress):  0.9738E-05, total energy:  -46.845843    ;
##############################################################################
#                               FINAL ENERGIES                       time    #
##############################################################################
# Thomas-Fermi Kin. Energy =   4.872281217479E+02 eV                 0.000 s #
# Von-Weizsacker Kin. Ener =   4.020908908438E+01 eV                 0.000 s #
# Wang-Teter Kinetic Energ =  -1.532796042719E+01 eV                 0.000 s #
#                                                                            #
#     LDA Exch-Corr Energy =  -4.877531461011E+02 eV                 0.000 s #
#         Coulombic Energy =   2.679180908955E+00 eV                 0.000 s #
#      Ion-Electron Energy =   3.422069362176E+02 eV                 0.000 s #
#           Ion-Ion Energy =  -1.643982416079E+03 eV                 0.000 s #
#                                                                            #
#     TOTAL KINETIC ENERGY =   5.121092504051E+02 eV                         #
#   TOTAL POTENTIAL ENERGY =  -1.786849445053E+03 eV                         #
#             TOTAL ENERGY =  -1.274740194648E+03 eV                         #
##############################################################################
  
 ----------------------------- TIME INFORMATION ------------------------------
    PROFESS      :     65.84s WALL    100.00% (       1 calls)    65.84s/call
    InitPROFESS  :      0.26s WALL      0.39% (       1 calls)     0.26s/call
    KEDFRefresh  :      7.30s WALL     11.09% (      22 calls)     0.33s/call
    IonRefresh   :      0.41s WALL      0.63% (      32 calls)     0.01s/call
    EwaldEnergy  :      0.18s WALL      0.28% (      32 calls)     0.01s/call
    Pot_Ion      :      0.10s WALL      0.16% (    1398 calls)     0.00s/call
    Pot_Har      :      3.46s WALL      5.26% (    1398 calls)     0.00s/call
    Pot_Exc      :      8.52s WALL     12.94% (    1398 calls)     0.01s/call
    Pot_KEDF     :     41.76s WALL     63.42% (    1398 calls)     0.03s/call
    VWPotSqrPlus :      2.80s WALL      4.26% (    1398 calls)     0.00s/call
    NextGradient :      0.09s WALL      0.13% (     120 calls)     0.00s/call
    CalForce     :      0.41s WALL      0.63% (      32 calls)     0.01s/call
    EwaldForces  :      0.24s WALL      0.37% (      32 calls)     0.01s/call
    CalStress    :      1.20s WALL      1.83% (      22 calls)     0.05s/call
    EwaldStress  :      0.08s WALL      0.12% (      22 calls)     0.00s/call
 -----------------------------------------------------------------------------
 ------------------------------- TOTAL ---------------------------------------
    PROFESS      :     65.84s WALL    100.00% (       1 calls)    65.84s/call
 -----------------------------------------------------------------------------

Run completed on: 08/13/2021 at 22:04:49 
  
