 ******************************************************************************
                             WELCOME TO PROFESS                   
            (PRinceton Orbital-Free Electronic Structure Software) 
 ******************************************************************************

 ------------------------------------------------------------------------------
                           READ GEOMETRY
 Cell length (Bohr)    2.036E+01   1.018E+01   1.018E+01
 Angle     (Degree)    9.000E+01   9.000E+01   9.000E+01
 Volume    (Bohr^3)    2.110E+03

 ------------------------------------------------------------------------------
                           READ PSEUDOPOTENTIAL
 Total electron number in ReadPseudo is    60.000000000000000     
 (System) Machine Precision              :    2.2204460492503131E-016

 ------------------------------------------------------------------------------
                           SETUP FFT
 Global FFT Dimension :    56   28   28
 Rank/Size in Global Communicator     :            0 /           1
 Rank/Size in Global FFT Communicator :            0 /           1
 Parallel FFT, totX    =    56
 Parallel FFT, totY    =    28
 Parallel FFT, locZ    =    28
 Parallel FFT, locZoff =     0
 Dimension of rho for this processor : 
 xmin, xmax :            0          55
 ymin, ymax :            0          27
 zmin, zmax :            0          27
 Total electron number =    60.000000000000000     
 Uniform rhoR =    2.8438326357485975E-002
 (GB INFO) FFT size      :       56      28      28
 (GB INFO) FFT offset    :        0
 (GB INFO) FFT G size    :       29      28      28
 (GB INFO) FFT G offset  :        0

 ------------------------------------------------------------------------------
                           SETUP KEDF
 kinetic energy density functional number is            4
 ( 1=TF, 2=VW, 3=TF+VW, 4=WT,  5=WGC,  
   7=LQ, 8=HQ, 10=CAT,  11=HC, 12=WGCD,
   15=GGA, 16=WGCD+GGA, 17=EVT, 18=EVC )
 qTable dimension:    29   28   28
 Coefficient for TF KEDF is     1.0000
 Coefficient for VW KEDF is     1.0000
 Coefficient for alpha in WT KEDF is     0.8333
 Coefficient for beta  in WT KEDF is     0.8333
 rho0 (Electron/Bohr^3) in WGC KEDF is     0.0284
 hold0 =  F
  dV of each real space grid is now    4.8055502937218629E-002
 Cell length (Bohr)    2.036E+01   1.018E+01   1.018E+01
 Angle     (Degree)    9.000E+01   9.000E+01   9.000E+01
 Volume    (Bohr^3)    2.110E+03

 ------------------------------------------------------------------------------
                           SETUP EWALD 
 (Ewald) eta                             :   0.7396    
 (Ewald) Real Space Cutoff               :    6.947     (Bohr)
 (Ewald) Reciprocal Cutoff               :    8.332     (1/Bohr)

 ------------------------------------------------------------------------------
                           SETUP PLANE WAVE 
 Read in WT kernel.
 kernel file name  : 4PROFESS_KERNEL.dat           
 KEDF type         :     4
 Fermi vector      :   1.182014212099E+00
 Reference density :  -1.000000000000E+00
 Mesh points       :   200002
 Fermi vector in this cell is    1.8885928463353541     
 Fermi vector from kernel file is    1.1820142120987149     
 First qNorm is    0.0000000000000000     
 size of Wang-Teter kernel in this run is           29          28          28
 Max |G| in this calculation is   1.496681731793E+01
 Max eta used from kernel is   7.924851217650E+00

 ------------------------------------------------------------------------------
                           REFRESH ION POSITIONS
  
 Calculating Ion-Ion Energy ...                   complete.     0.009 s
  
 Calculating Ion-Electron Potential (spline) ... 
 complete.     0.008 s

 ------------------------------------------------------------------------------
                           DENSITY OPTIMIZATION
 Electron number for spin            1  is    59.999999999954369     
 Cell Volume      :           312.644368 Angstrom^3
 Ion number       :                   15
 Electron number  :            60.000000
 Ion density      :             0.047978 Ion/Angstrom^3
 Electron density :             0.191911 Electron/Angstrom^3
##############################################################################
#                               FINAL ENERGIES                       time    #
##############################################################################
# Thomas-Fermi Kin. Energy =   5.678647658499E+02 eV                 0.000 s #
# Von-Weizsacker Kin. Ener =   1.871512349419E+02 eV                 0.000 s #
# Wang-Teter Kinetic Energ =  -1.446275597459E+02 eV                 0.000 s #
#                                                                            #
#     LDA Exch-Corr Energy =  -4.870421371498E+02 eV                 0.000 s #
#         Coulombic Energy =   1.455328290000E+02 eV                 0.000 s #
#      Ion-Electron Energy =  -2.579500008996E+02 eV                 0.000 s #
#           Ion-Ion Energy =  -1.651342041658E+03 eV                 0.000 s #
#                                                                            #
#     TOTAL KINETIC ENERGY =   6.103884410459E+02 eV                         #
#   TOTAL POTENTIAL ENERGY =  -2.250801350708E+03 eV                         #
#             TOTAL ENERGY =  -1.640412909662E+03 eV                         #
##############################################################################
  
 ----------------------------- TIME INFORMATION ------------------------------
    PROFESS      :      3.14s WALL    100.00% (       1 calls)     3.14s/call
    InitPROFESS  :      0.23s WALL      7.30% (       1 calls)     0.23s/call
    KEDFRefresh  :      0.20s WALL      6.29% (       1 calls)     0.20s/call
    IonRefresh   :      0.02s WALL      0.63% (       1 calls)     0.02s/call
    EwaldEnergy  :      0.01s WALL      0.30% (       1 calls)     0.01s/call
    Pot_Ion      :      0.01s WALL      0.16% (     112 calls)     0.00s/call
    Pot_Har      :      0.16s WALL      5.12% (     112 calls)     0.00s/call
    Pot_Exc      :      0.45s WALL     14.18% (     112 calls)     0.00s/call
    Pot_KEDF     :      2.06s WALL     65.54% (     112 calls)     0.02s/call
    VWPotSqrPlus :      0.13s WALL      4.04% (     112 calls)     0.00s/call
    NextGradient :      0.00s WALL      0.12% (       9 calls)     0.00s/call
 -----------------------------------------------------------------------------
 ------------------------------- TOTAL ---------------------------------------
    PROFESS      :      3.14s WALL    100.00% (       1 calls)     3.14s/call
 -----------------------------------------------------------------------------

Run completed on: 11/17/2021 at 17:12:27 
  
