 ******************************************************************************
                             WELCOME TO PROFESS                   
            (PRinceton Orbital-Free Electronic Structure Software) 
 ******************************************************************************

 ------------------------------------------------------------------------------
                           READ GEOMETRY
 Cell length (Bohr)    1.022E+01   1.022E+01   1.022E+01
 Angle     (Degree)    9.000E+01   9.000E+01   9.000E+01
 Volume    (Bohr^3)    1.068E+03

 ------------------------------------------------------------------------------
                           READ PSEUDOPOTENTIAL
 Total electron number in ReadPseudo is    32.000000000000000     
 (System) Machine Precision              :    2.2204460492503131E-016

 ------------------------------------------------------------------------------
                           SETUP FFT
 Global FFT Dimension :    54   54   54
 Rank/Size in Global Communicator     :            0 /           1
 Rank/Size in Global FFT Communicator :            0 /           1
 Parallel FFT, totX    =    54
 Parallel FFT, totY    =    54
 Parallel FFT, locZ    =    54
 Parallel FFT, locZoff =     0
 Dimension of rho for this processor : 
 xmin, xmax :            0          53
 ymin, ymax :            0          53
 zmin, zmax :            0          53
 Total electron number =    32.000000000000000     
 Uniform rhoR =    2.9974952676790713E-002
 (GB INFO) FFT size      :       54      54      54
 (GB INFO) FFT offset    :        0
 (GB INFO) FFT G size    :       28      54      54
 (GB INFO) FFT G offset  :        0

 ------------------------------------------------------------------------------
                           SETUP KEDF
 kinetic energy density functional number is            4
 ( 1=TF, 2=VW, 3=TF+VW, 4=WT,  5=WGC,  
   7=LQ, 8=HQ, 10=CAT,  11=HC, 12=WGCD,
   15=GGA, 16=WGCD+GGA, 17=EVT, 18=EVC )
 qTable dimension:    28   54   54
 Coefficient for TF KEDF is     1.0000
 Coefficient for VW KEDF is     1.0000
 Coefficient for alpha in WT KEDF is     0.8333
 Coefficient for beta  in WT KEDF is     0.8333
 rho0 (Electron/Bohr^3) in WGC KEDF is     0.0300
 hold0 =  F
  dV of each real space grid is now    6.7796955642407180E-003
 Cell length (Bohr)    1.022E+01   1.022E+01   1.022E+01
 Angle     (Degree)    9.000E+01   9.000E+01   9.000E+01
 Volume    (Bohr^3)    1.068E+03

 ------------------------------------------------------------------------------
                           SETUP EWALD 
 (Ewald) eta                             :    1.200    
 (Ewald) Real Space Cutoff               :    6.000     (Bohr)
 (Ewald) Reciprocal Cutoff               :    16.29     (1/Bohr)

 ------------------------------------------------------------------------------
                           SETUP PLANE WAVE 
 Read in WT kernel.
 kernel file name  : 4PROFESS_KERNEL.dat           
 KEDF type         :     4
 Fermi vector      :   1.182014212099E+00
 Reference density :  -1.000000000000E+00
 Mesh points       :   200002
 Fermi vector in this cell is    1.9220137830808923     
 Fermi vector from kernel file is    1.1820142120987149     
 First qNorm is    0.0000000000000000     
 size of Wang-Teter kernel in this run is           28          54          54
 Max |G| in this calculation is   2.875017124402E+01
 Max eta used from kernel is   1.495835851808E+01

 ------------------------------------------------------------------------------
                           REFRESH ION POSITIONS
  
 Calculating Ion-Ion Energy ...                   complete.     0.009 s
  
 Calculating Ion-Electron Potential (spline) ... 
 complete.     0.010 s

 ------------------------------------------------------------------------------
                           DENSITY OPTIMIZATION
 Electron number for spin            1  is    31.999999999922380     
 Cell Volume      :           158.195770 Angstrom^3
 Ion number       :                    8
 Electron number  :            32.000000
 Ion density      :             0.050570 Ion/Angstrom^3
 Electron density :             0.202281 Electron/Angstrom^3
 Print density file to cd100/Si.den                                      
##############################################################################
#                               FINAL ENERGIES                       time    #
##############################################################################
# Thomas-Fermi Kin. Energy =   3.063651349594E+02 eV                 0.000 s #
# Von-Weizsacker Kin. Ener =   9.631741693175E+01 eV                 0.000 s #
# Wang-Teter Kinetic Energ =  -7.538814458984E+01 eV                 0.000 s #
#                                                                            #
#     LDA Exch-Corr Energy =  -2.615729649353E+02 eV                 0.000 s #
#         Coulombic Energy =   5.805912272124E+01 eV                 0.000 s #
#      Ion-Electron Energy =  -8.237106458425E+01 eV                 0.000 s #
#           Ion-Ion Energy =  -9.179044302883E+02 eV                 0.000 s #
#                                                                            #
#     TOTAL KINETIC ENERGY =   3.272944073013E+02 eV                         #
#   TOTAL POTENTIAL ENERGY =  -1.203789337087E+03 eV                         #
#             TOTAL ENERGY =  -8.764949297853E+02 eV                         #
##############################################################################
  
 ----------------------------- TIME INFORMATION ------------------------------
    PROFESS      :     12.29s WALL    100.00% (       1 calls)    12.29s/call
    InitPROFESS  :      0.25s WALL      2.01% (       1 calls)     0.25s/call
    KEDFRefresh  :      0.21s WALL      1.68% (       1 calls)     0.21s/call
    IonRefresh   :      0.02s WALL      0.19% (       1 calls)     0.02s/call
    EwaldEnergy  :      0.01s WALL      0.08% (       1 calls)     0.01s/call
    Pot_Ion      :      0.02s WALL      0.17% (     139 calls)     0.00s/call
    Pot_Har      :      0.65s WALL      5.30% (     139 calls)     0.00s/call
    Pot_Exc      :      1.69s WALL     13.77% (     139 calls)     0.01s/call
    Pot_KEDF     :      8.81s WALL     71.65% (     139 calls)     0.06s/call
    VWPotSqrPlus :      0.62s WALL      5.08% (     139 calls)     0.00s/call
    NextGradient :      0.01s WALL      0.11% (       7 calls)     0.00s/call
 -----------------------------------------------------------------------------
 ------------------------------- TOTAL ---------------------------------------
    PROFESS      :     12.29s WALL    100.00% (       1 calls)    12.29s/call
 -----------------------------------------------------------------------------

Run completed on: 02/09/2023 at 14:04:30 
  
