 ******************************************************************************
                             WELCOME TO PROFESS                   
            (PRinceton Orbital-Free Electronic Structure Software) 
 ******************************************************************************

 ------------------------------------------------------------------------------
                           READ GEOMETRY
 Cell length (Bohr)    5.302E+00   5.302E+00   9.524E+01
 Angle     (Degree)    9.000E+01   9.000E+01   6.000E+01
 Volume    (Bohr^3)    2.319E+03

 ------------------------------------------------------------------------------
                           READ PSEUDOPOTENTIAL
 Total electron number in ReadPseudo is    66.000000000000000     
 (System) Machine Precision              :    2.2204460492503131E-016

 ------------------------------------------------------------------------------
                           SETUP FFT
 Global FFT Dimension :    14   14  240
 Rank/Size in Global Communicator     :            0 /           1
 Rank/Size in Global FFT Communicator :            0 /           1
 Parallel FFT, totX    =    14
 Parallel FFT, totY    =    14
 Parallel FFT, locZ    =   240
 Parallel FFT, locZoff =     0
 Dimension of rho for this processor : 
 xmin, xmax :            0          13
 ymin, ymax :            0          13
 zmin, zmax :            0         239
 Total electron number =    66.000000000000000     
 Uniform rhoR =    2.8462277516168498E-002
 (GB INFO) FFT size      :       14      14     240
 (GB INFO) FFT offset    :        0
 (GB INFO) FFT G size    :        8      14     240
 (GB INFO) FFT G offset  :        0

 ------------------------------------------------------------------------------
                           SETUP KEDF
 kinetic energy density functional number is            4
 ( 1=TF, 2=VW, 3=TF+VW, 4=WT,  5=WGC,  
   7=LQ, 8=HQ, 10=CAT,  11=HC, 12=WGCD,
   15=GGA, 16=WGCD+GGA, 17=EVT, 18=EVC )
 qTable dimension:     8   14  240
 Coefficient for TF KEDF is     1.0000
 Coefficient for VW KEDF is     1.0000
 Coefficient for alpha in WT KEDF is     0.8333
 Coefficient for beta  in WT KEDF is     0.8333
 rho0 (Electron/Bohr^3) in WGC KEDF is     0.0285
 hold0 =  F
  dV of each real space grid is now    4.9295465680592926E-002
 Cell length (Bohr)    5.302E+00   5.302E+00   9.524E+01
 Angle     (Degree)    9.000E+01   9.000E+01   6.000E+01
 Volume    (Bohr^3)    2.319E+03

 ------------------------------------------------------------------------------
                           SETUP EWALD 
 (Ewald) eta                             :   0.6867    
 (Ewald) Real Space Cutoff               :    7.519     (Bohr)
 (Ewald) Reciprocal Cutoff               :    7.703     (1/Bohr)

 ------------------------------------------------------------------------------
                           SETUP PLANE WAVE 
 Fill the 3D Wang-Teter kernel in G space

 ------------------------------------------------------------------------------
                           REFRESH ION POSITIONS
  
 Calculating Ion-Ion Energy ...                   complete.     0.007 s
  
 Calculating Ion-Electron Potential (spline) ... 
 complete.     0.007 s

 ------------------------------------------------------------------------------
                           DENSITY OPTIMIZATION
 Electron number for spin            1  is    65.999999999972189     
 Cell Volume      :           343.619404 Angstrom^3
 Ion number       :                   22
 Electron number  :            66.000000
 Ion density      :             0.064024 Ion/Angstrom^3
 Electron density :             0.192073 Electron/Angstrom^3
  
 Calculating Ion-Ion Forces ...                complete.     0.008 s
  
 Calculating Ion-Electron Forces (spline) ...  complete.     0.005 s
  ------ ION (GRADIENT METHOD) STEP            1  ------

 ------------------------------------------------------------------------------
                           REFRESH ION POSITIONS
  
 Calculating Ion-Ion Energy ...                   complete.     0.007 s
  
 Calculating Ion-Electron Potential (spline) ... 
 complete.     0.007 s

 ------------------------------------------------------------------------------
                           DENSITY OPTIMIZATION
 Electron number for spin            1  is    65.999999999999233     
 Cell Volume      :           343.619404 Angstrom^3
 Ion number       :                   22
 Electron number  :            66.000000
 Ion density      :             0.064024 Ion/Angstrom^3
 Electron density :             0.192073 Electron/Angstrom^3
  
 Calculating Ion-Ion Forces ...                complete.     0.008 s
  
 Calculating Ion-Electron Forces (spline) ...  complete.     0.005 s

 ------------------------------------------------------------------------------
                           REFRESH ION POSITIONS
  
 Calculating Ion-Ion Energy ...                   complete.     0.006 s
  
 Calculating Ion-Electron Potential (spline) ... 
 complete.     0.007 s

 ------------------------------------------------------------------------------
                           DENSITY OPTIMIZATION
 Electron number for spin            1  is    65.999999999999744     
 Cell Volume      :           343.619404 Angstrom^3
 Ion number       :                   22
 Electron number  :            66.000000
 Ion density      :             0.064024 Ion/Angstrom^3
 Electron density :             0.192073 Electron/Angstrom^3
  
 Calculating Ion-Ion Forces ...                complete.     0.008 s
  
 Calculating Ion-Electron Forces (spline) ...  complete.     0.005 s
  ------ ION (GRADIENT METHOD) STEP            2  ------

 ------------------------------------------------------------------------------
                           REFRESH ION POSITIONS
  
 Calculating Ion-Ion Energy ...                   complete.     0.006 s
  
 Calculating Ion-Electron Potential (spline) ... 
 complete.     0.007 s

 ------------------------------------------------------------------------------
                           DENSITY OPTIMIZATION
 Electron number for spin            1  is    65.999999999999503     
 Cell Volume      :           343.619404 Angstrom^3
 Ion number       :                   22
 Electron number  :            66.000000
 Ion density      :             0.064024 Ion/Angstrom^3
 Electron density :             0.192073 Electron/Angstrom^3
  
 Calculating Ion-Ion Forces ...                complete.     0.008 s
  
 Calculating Ion-Electron Forces (spline) ...  complete.     0.004 s

 ------------------------------------------------------------------------------
                           REFRESH ION POSITIONS
  
 Calculating Ion-Ion Energy ...                   complete.     0.006 s
  
 Calculating Ion-Electron Potential (spline) ... 
 complete.     0.008 s

 ------------------------------------------------------------------------------
                           DENSITY OPTIMIZATION
 Electron number for spin            1  is    65.999999999999346     
 Cell Volume      :           343.619404 Angstrom^3
 Ion number       :                   22
 Electron number  :            66.000000
 Ion density      :             0.064024 Ion/Angstrom^3
 Electron density :             0.192073 Electron/Angstrom^3
  
 Calculating Ion-Ion Forces ...                complete.     0.008 s
  
 Calculating Ion-Electron Forces (spline) ...  complete.     0.005 s
  ------ ION (GRADIENT METHOD) STEP            3  ------

 ------------------------------------------------------------------------------
                           REFRESH ION POSITIONS
  
 Calculating Ion-Ion Energy ...                   complete.     0.006 s
  
 Calculating Ion-Electron Potential (spline) ... 
 complete.     0.008 s

 ------------------------------------------------------------------------------
                           DENSITY OPTIMIZATION
 Electron number for spin            1  is    65.999999999999076     
 Cell Volume      :           343.619404 Angstrom^3
 Ion number       :                   22
 Electron number  :            66.000000
 Ion density      :             0.064024 Ion/Angstrom^3
 Electron density :             0.192073 Electron/Angstrom^3
  
 Calculating Ion-Ion Forces ...                complete.     0.008 s
  
 Calculating Ion-Electron Forces (spline) ...  complete.     0.005 s

 ------------------------------------------------------------------------------
                           REFRESH ION POSITIONS
  
 Calculating Ion-Ion Energy ...                   complete.     0.007 s
  
 Calculating Ion-Electron Potential (spline) ... 
 complete.     0.007 s

 ------------------------------------------------------------------------------
                           DENSITY OPTIMIZATION
 Electron number for spin            1  is    65.999999999999361     
 Cell Volume      :           343.619404 Angstrom^3
 Ion number       :                   22
 Electron number  :            66.000000
 Ion density      :             0.064024 Ion/Angstrom^3
 Electron density :             0.192073 Electron/Angstrom^3
  
 Calculating Ion-Ion Forces ...                complete.     0.008 s
  
 Calculating Ion-Electron Forces (spline) ...  complete.     0.005 s
  ------ ION (GRADIENT METHOD) STEP            4  ------

 ------------------------------------------------------------------------------
                           REFRESH ION POSITIONS
  
 Calculating Ion-Ion Energy ...                   complete.     0.007 s
  
 Calculating Ion-Electron Potential (spline) ... 
 complete.     0.007 s

 ------------------------------------------------------------------------------
                           DENSITY OPTIMIZATION
 Electron number for spin            1  is    65.999999999999417     
 Cell Volume      :           343.619404 Angstrom^3
 Ion number       :                   22
 Electron number  :            66.000000
 Ion density      :             0.064024 Ion/Angstrom^3
 Electron density :             0.192073 Electron/Angstrom^3
  
 Calculating Ion-Ion Forces ...                complete.     0.008 s
  
 Calculating Ion-Electron Forces (spline) ...  complete.     0.005 s

 ------------------------------------------------------------------------------
                           REFRESH ION POSITIONS
  
 Calculating Ion-Ion Energy ...                   complete.     0.006 s
  
 Calculating Ion-Electron Potential (spline) ... 
 complete.     0.007 s

 ------------------------------------------------------------------------------
                           DENSITY OPTIMIZATION
 Electron number for spin            1  is    65.999999999999346     
 Cell Volume      :           343.619404 Angstrom^3
 Ion number       :                   22
 Electron number  :            66.000000
 Ion density      :             0.064024 Ion/Angstrom^3
 Electron density :             0.192073 Electron/Angstrom^3
  
 Calculating Ion-Ion Forces ...                complete.     0.008 s
  
 Calculating Ion-Electron Forces (spline) ...  complete.     0.005 s
  ------ ION (GRADIENT METHOD) STEP            5  ------

 ------------------------------------------------------------------------------
                           REFRESH ION POSITIONS
  
 Calculating Ion-Ion Energy ...                   complete.     0.006 s
  
 Calculating Ion-Electron Potential (spline) ... 
 complete.     0.007 s

 ------------------------------------------------------------------------------
                           DENSITY OPTIMIZATION
 Electron number for spin            1  is    65.999999999998906     
 Cell Volume      :           343.619404 Angstrom^3
 Ion number       :                   22
 Electron number  :            66.000000
 Ion density      :             0.064024 Ion/Angstrom^3
 Electron density :             0.192073 Electron/Angstrom^3
  
 Calculating Ion-Ion Forces ...                complete.     0.005 s
  
 Calculating Ion-Electron Forces (spline) ...  complete.     0.003 s
  ------ ION (GRADIENT METHOD) STEP            6  ------

 ------------------------------------------------------------------------------
                           REFRESH ION POSITIONS
  
 Calculating Ion-Ion Energy ...                   complete.     0.004 s
  
 Calculating Ion-Electron Potential (spline) ... 
 complete.     0.005 s

 ------------------------------------------------------------------------------
                           DENSITY OPTIMIZATION
 Electron number for spin            1  is    65.999999999998963     
 Cell Volume      :           343.619404 Angstrom^3
 Ion number       :                   22
 Electron number  :            66.000000
 Ion density      :             0.064024 Ion/Angstrom^3
 Electron density :             0.192073 Electron/Angstrom^3
  
 Calculating Ion-Ion Forces ...                complete.     0.005 s
  
 Calculating Ion-Electron Forces (spline) ...  complete.     0.003 s

 ------------------------------------------------------------------------------
                           REFRESH ION POSITIONS
  
 Calculating Ion-Ion Energy ...                   complete.     0.004 s
  
 Calculating Ion-Electron Potential (spline) ... 
 complete.     0.005 s

 ------------------------------------------------------------------------------
                           DENSITY OPTIMIZATION
 Electron number for spin            1  is    65.999999999999034     
 Cell Volume      :           343.619404 Angstrom^3
 Ion number       :                   22
 Electron number  :            66.000000
 Ion density      :             0.064024 Ion/Angstrom^3
 Electron density :             0.192073 Electron/Angstrom^3
  
 Calculating Ion-Ion Forces ...                complete.     0.005 s
  
 Calculating Ion-Electron Forces (spline) ...  complete.     0.003 s
  ------ ION (GRADIENT METHOD) STEP            7  ------

 ------------------------------------------------------------------------------
                           REFRESH ION POSITIONS
  
 Calculating Ion-Ion Energy ...                   complete.     0.004 s
  
 Calculating Ion-Electron Potential (spline) ... 
 complete.     0.005 s

 ------------------------------------------------------------------------------
                           DENSITY OPTIMIZATION
 Electron number for spin            1  is    65.999999999999829     
 Cell Volume      :           343.619404 Angstrom^3
 Ion number       :                   22
 Electron number  :            66.000000
 Ion density      :             0.064024 Ion/Angstrom^3
 Electron density :             0.192073 Electron/Angstrom^3
  
 Calculating Ion-Ion Forces ...                complete.     0.005 s
  
 Calculating Ion-Electron Forces (spline) ...  complete.     0.003 s

 ------------------------------------------------------------------------------
                           REFRESH ION POSITIONS
  
 Calculating Ion-Ion Energy ...                   complete.     0.004 s
  
 Calculating Ion-Electron Potential (spline) ... 
 complete.     0.005 s

 ------------------------------------------------------------------------------
                           DENSITY OPTIMIZATION
 Electron number for spin            1  is    65.999999999999929     
 Cell Volume      :           343.619404 Angstrom^3
 Ion number       :                   22
 Electron number  :            66.000000
 Ion density      :             0.064024 Ion/Angstrom^3
 Electron density :             0.192073 Electron/Angstrom^3
  
 Calculating Ion-Ion Forces ...                complete.     0.005 s
  
 Calculating Ion-Electron Forces (spline) ...  complete.     0.003 s

 ------------------------------------------------------------------------------
                           REFRESH ION POSITIONS
  
 Calculating Ion-Ion Energy ...                   complete.     0.004 s
  
 Calculating Ion-Electron Potential (spline) ... 
 complete.     0.005 s

 ------------------------------------------------------------------------------
                           DENSITY OPTIMIZATION
 Electron number for spin            1  is    65.999999999999716     
 Cell Volume      :           343.619404 Angstrom^3
 Ion number       :                   22
 Electron number  :            66.000000
 Ion density      :             0.064024 Ion/Angstrom^3
 Electron density :             0.192073 Electron/Angstrom^3
  
 Calculating Ion-Ion Forces ...                complete.     0.006 s
  
 Calculating Ion-Electron Forces (spline) ...  complete.     0.003 s
  ------ ION (GRADIENT METHOD) STEP            8  ------

 ------------------------------------------------------------------------------
                           REFRESH ION POSITIONS
  
 Calculating Ion-Ion Energy ...                   complete.     0.004 s
  
 Calculating Ion-Electron Potential (spline) ... 
 complete.     0.005 s

 ------------------------------------------------------------------------------
                           DENSITY OPTIMIZATION
 Electron number for spin            1  is    65.999999999999176     
 Cell Volume      :           343.619404 Angstrom^3
 Ion number       :                   22
 Electron number  :            66.000000
 Ion density      :             0.064024 Ion/Angstrom^3
 Electron density :             0.192073 Electron/Angstrom^3
  
 Calculating Ion-Ion Forces ...                complete.     0.005 s
  
 Calculating Ion-Electron Forces (spline) ...  complete.     0.003 s

 ------------------------------------------------------------------------------
                           REFRESH ION POSITIONS
  
 Calculating Ion-Ion Energy ...                   complete.     0.004 s
  
 Calculating Ion-Electron Potential (spline) ... 
 complete.     0.005 s

 ------------------------------------------------------------------------------
                           DENSITY OPTIMIZATION
 Electron number for spin            1  is    65.999999999999503     
 Cell Volume      :           343.619404 Angstrom^3
 Ion number       :                   22
 Electron number  :            66.000000
 Ion density      :             0.064024 Ion/Angstrom^3
 Electron density :             0.192073 Electron/Angstrom^3
  
 Calculating Ion-Ion Forces ...                complete.     0.005 s
  
 Calculating Ion-Electron Forces (spline) ...  complete.     0.003 s
  ------ ION (GRADIENT METHOD) STEP            9  ------
  
 Calculating Ion-Electron Stress (spline) ...  complete.     0.007 s
  
 Calculating Ion-Ion Stress ...                complete.     0.003 s
  
 ------------------------------------------------------------------------------
                         LATTICE VECTORS (Angstrom)
 LAT 1           2.805800        0.000000        0.000000
 LAT 2           1.402900        2.429894        0.000000
 LAT 3           0.000000        0.000000       50.400369
 ------------------------------------------------------------------------------
                                STRESS (GPa)
 ST_GPa 1       -1.149657       -0.000007        0.000000
 ST_GPa 2       -0.000007       -1.149648       -0.000000
 ST_GPa 3        0.000000       -0.000000       -1.428498
  
 --------------------------------------------------
 STRESS (a.u.)
 --------------------------------------------------
 ST_AU  1  -3.9076070389E-05  -2.4319310857E-10   1.0866243405E-11
 ST_AU  2  -2.4319310857E-10  -3.9075754051E-05  -6.5332926612E-12
 ST_AU  3   1.0866243405E-11  -6.5332926612E-12  -4.8553654758E-05
; Cell optimization at step  1, max(stress):  0.4855E-04, total energy:  -46.836115    ;
  dV of each real space grid is now    4.9302807763099421E-002
 Cell length (Bohr)    5.302E+00   5.302E+00   9.526E+01
 Angle     (Degree)    9.000E+01   9.000E+01   6.000E+01
 Volume    (Bohr^3)    2.319E+03
  dV of each real space grid is now    4.9302807763099421E-002
 Cell length (Bohr)    5.302E+00   5.302E+00   9.526E+01
 Angle     (Degree)    9.000E+01   9.000E+01   6.000E+01
 Volume    (Bohr^3)    2.319E+03

 ------------------------------------------------------------------------------
                           SETUP EWALD 
 (Ewald) eta                             :   0.6867    
 (Ewald) Real Space Cutoff               :    7.519     (Bohr)
 (Ewald) Reciprocal Cutoff               :    7.703     (1/Bohr)

 ------------------------------------------------------------------------------
                           SETUP PLANE WAVE 
 Fill the 3D Wang-Teter kernel in G space

 ------------------------------------------------------------------------------
                           REFRESH ION POSITIONS
  
 Calculating Ion-Ion Energy ...                   complete.     0.004 s
  
 Calculating Ion-Electron Potential (spline) ... 
 complete.     0.005 s
 Rescale the total density from   3.254470 to         66

 ------------------------------------------------------------------------------
                           DENSITY OPTIMIZATION
 Electron number for spin            1  is    66.000000000000497     
 Cell Volume      :           343.670583 Angstrom^3
 Ion number       :                   22
 Electron number  :            66.000000
 Ion density      :             0.064015 Ion/Angstrom^3
 Electron density :             0.192044 Electron/Angstrom^3
  
 Calculating Ion-Ion Forces ...                complete.     0.005 s
  
 Calculating Ion-Electron Forces (spline) ...  complete.     0.003 s
  ------ ION (GRADIENT METHOD) STEP            1  ------
  
 Calculating Ion-Electron Stress (spline) ...  complete.     0.007 s
  
 Calculating Ion-Ion Stress ...                complete.     0.003 s
  
 ------------------------------------------------------------------------------
                         LATTICE VECTORS (Angstrom)
 LAT 1           2.805800        0.000000        0.000000
 LAT 2           1.402900        2.429894        0.000000
 LAT 3           0.000000        0.000000       50.407876
 ------------------------------------------------------------------------------
                                STRESS (GPa)
 ST_GPa 1       -1.139828       -0.000007        0.000000
 ST_GPa 2       -0.000007       -1.139819       -0.000000
 ST_GPa 3        0.000000       -0.000000       -1.407582
  
 --------------------------------------------------
 STRESS (a.u.)
 --------------------------------------------------
 ST_AU  1  -3.8741985000E-05  -2.4311782164E-10   1.0799406548E-11
 ST_AU  2  -2.4311782164E-10  -3.8741668879E-05  -6.5641453113E-12
 ST_AU  3   1.0799406548E-11  -6.5641453113E-12  -4.7842755052E-05
; Cell optimization at step  2, max(stress):  0.4784E-04, total energy:  -46.836132    ;
  dV of each real space grid is now    4.9311489262937436E-002
 Cell length (Bohr)    5.302E+00   5.302E+00   9.527E+01
 Angle     (Degree)    9.000E+01   9.000E+01   6.000E+01
 Volume    (Bohr^3)    2.320E+03
  dV of each real space grid is now    4.9311489262937436E-002
 Cell length (Bohr)    5.302E+00   5.302E+00   9.527E+01
 Angle     (Degree)    9.000E+01   9.000E+01   6.000E+01
 Volume    (Bohr^3)    2.320E+03

 ------------------------------------------------------------------------------
                           SETUP EWALD 
 (Ewald) eta                             :   0.6867    
 (Ewald) Real Space Cutoff               :    7.519     (Bohr)
 (Ewald) Reciprocal Cutoff               :    7.703     (1/Bohr)

 ------------------------------------------------------------------------------
                           SETUP PLANE WAVE 
 Fill the 3D Wang-Teter kernel in G space

 ------------------------------------------------------------------------------
                           REFRESH ION POSITIONS
  
 Calculating Ion-Ion Energy ...                   complete.     0.004 s
  
 Calculating Ion-Electron Potential (spline) ... 
 complete.     0.005 s
 Rescale the total density from   3.255131 to         66

 ------------------------------------------------------------------------------
                           DENSITY OPTIMIZATION
 Electron number for spin            1  is    66.000000000000753     
 Cell Volume      :           343.731098 Angstrom^3
 Ion number       :                   22
 Electron number  :            66.000000
 Ion density      :             0.064004 Ion/Angstrom^3
 Electron density :             0.192011 Electron/Angstrom^3
  
 Calculating Ion-Ion Forces ...                complete.     0.005 s
  
 Calculating Ion-Electron Forces (spline) ...  complete.     0.003 s
  ------ ION (GRADIENT METHOD) STEP            1  ------
  
 Calculating Ion-Electron Stress (spline) ...  complete.     0.007 s
  
 Calculating Ion-Ion Stress ...                complete.     0.003 s
  
 ------------------------------------------------------------------------------
                         LATTICE VECTORS (Angstrom)
 LAT 1           2.805800        0.000000        0.000000
 LAT 2           1.402900        2.429894        0.000000
 LAT 3           0.000000        0.000000       50.416752
 ------------------------------------------------------------------------------
                                STRESS (GPa)
 ST_GPa 1       -1.128049       -0.000007        0.000000
 ST_GPa 2       -0.000007       -1.128040       -0.000000
 ST_GPa 3        0.000000       -0.000000       -1.383126
  
 --------------------------------------------------
 STRESS (a.u.)
 --------------------------------------------------
 ST_AU  1  -3.8341629384E-05  -2.4293287018E-10   1.0711568521E-11
 ST_AU  2  -2.4293287018E-10  -3.8341313363E-05  -6.5937866551E-12
 ST_AU  3   1.0711568521E-11  -6.5937866551E-12  -4.7011501726E-05
; Cell optimization at step  3, max(stress):  0.4701E-04, total energy:  -46.836151    ;
  dV of each real space grid is now    4.9321726056638128E-002
 Cell length (Bohr)    5.302E+00   5.302E+00   9.529E+01
 Angle     (Degree)    9.000E+01   9.000E+01   6.000E+01
 Volume    (Bohr^3)    2.320E+03
  dV of each real space grid is now    4.9321726056638128E-002
 Cell length (Bohr)    5.302E+00   5.302E+00   9.529E+01
 Angle     (Degree)    9.000E+01   9.000E+01   6.000E+01
 Volume    (Bohr^3)    2.320E+03

 ------------------------------------------------------------------------------
                           SETUP EWALD 
 (Ewald) eta                             :   0.6867    
 (Ewald) Real Space Cutoff               :    7.519     (Bohr)
 (Ewald) Reciprocal Cutoff               :    7.703     (1/Bohr)

 ------------------------------------------------------------------------------
                           SETUP PLANE WAVE 
 Fill the 3D Wang-Teter kernel in G space

 ------------------------------------------------------------------------------
                           REFRESH ION POSITIONS
  
 Calculating Ion-Ion Energy ...                   complete.     0.004 s
  
 Calculating Ion-Electron Potential (spline) ... 
 complete.     0.005 s
 Rescale the total density from   3.255910 to         66

 ------------------------------------------------------------------------------
                           DENSITY OPTIMIZATION
 Electron number for spin            1  is    65.999999999999702     
 Cell Volume      :           343.802455 Angstrom^3
 Ion number       :                   22
 Electron number  :            66.000000
 Ion density      :             0.063990 Ion/Angstrom^3
 Electron density :             0.191971 Electron/Angstrom^3
  
 Calculating Ion-Ion Forces ...                complete.     0.005 s
  
 Calculating Ion-Electron Forces (spline) ...  complete.     0.003 s
  ------ ION (GRADIENT METHOD) STEP            1  ------
  
 Calculating Ion-Electron Stress (spline) ...  complete.     0.007 s
  
 Calculating Ion-Ion Stress ...                complete.     0.003 s
  
 ------------------------------------------------------------------------------
                         LATTICE VECTORS (Angstrom)
 LAT 1           2.805800        0.000000        0.000000
 LAT 2           1.402900        2.429894        0.000000
 LAT 3           0.000000        0.000000       50.427218
 ------------------------------------------------------------------------------
                                STRESS (GPa)
 ST_GPa 1       -1.114323       -0.000007        0.000000
 ST_GPa 2       -0.000007       -1.114313       -0.000000
 ST_GPa 3        0.000000       -0.000000       -1.354114
  
 --------------------------------------------------
 STRESS (a.u.)
 --------------------------------------------------
 ST_AU  1  -3.7875063469E-05  -2.4301375119E-10   1.0622911209E-11
 ST_AU  2  -2.4301375119E-10  -3.7874747441E-05  -6.6514893876E-12
 ST_AU  3   1.0622911209E-11  -6.6514893876E-12  -4.6025395476E-05
; Cell optimization at step  4, max(stress):  0.4603E-04, total energy:  -46.836174    ;
  dV of each real space grid is now    4.9333752538529077E-002
 Cell length (Bohr)    5.302E+00   5.302E+00   9.532E+01
 Angle     (Degree)    9.000E+01   9.000E+01   6.000E+01
 Volume    (Bohr^3)    2.321E+03
  dV of each real space grid is now    4.9333752538529077E-002
 Cell length (Bohr)    5.302E+00   5.302E+00   9.532E+01
 Angle     (Degree)    9.000E+01   9.000E+01   6.000E+01
 Volume    (Bohr^3)    2.321E+03

 ------------------------------------------------------------------------------
                           SETUP EWALD 
 (Ewald) eta                             :   0.6867    
 (Ewald) Real Space Cutoff               :    7.519     (Bohr)
 (Ewald) Reciprocal Cutoff               :    7.703     (1/Bohr)

 ------------------------------------------------------------------------------
                           SETUP PLANE WAVE 
 Fill the 3D Wang-Teter kernel in G space

 ------------------------------------------------------------------------------
                           REFRESH ION POSITIONS
  
 Calculating Ion-Ion Energy ...                   complete.     0.004 s
  
 Calculating Ion-Electron Potential (spline) ... 
 complete.     0.005 s
 Rescale the total density from   3.256822 to         66

 ------------------------------------------------------------------------------
                           DENSITY OPTIMIZATION
 Electron number for spin            1  is    65.999999999999318     
 Cell Volume      :           343.886286 Angstrom^3
 Ion number       :                   22
 Electron number  :            66.000000
 Ion density      :             0.063975 Ion/Angstrom^3
 Electron density :             0.191924 Electron/Angstrom^3
  
 Calculating Ion-Ion Forces ...                complete.     0.005 s
  
 Calculating Ion-Electron Forces (spline) ...  complete.     0.003 s
  ------ ION (GRADIENT METHOD) STEP            1  ------
  
 Calculating Ion-Electron Stress (spline) ...  complete.     0.007 s
  
 Calculating Ion-Ion Stress ...                complete.     0.003 s
  
 ------------------------------------------------------------------------------
                         LATTICE VECTORS (Angstrom)
 LAT 1           2.805800        0.000000        0.000000
 LAT 2           1.402900        2.429894        0.000000
 LAT 3           0.000000        0.000000       50.439514
 ------------------------------------------------------------------------------
                                STRESS (GPa)
 ST_GPa 1       -1.098056       -0.000007        0.000000
 ST_GPa 2       -0.000007       -1.098046       -0.000000
 ST_GPa 3        0.000000       -0.000000       -1.320346
  
 --------------------------------------------------
 STRESS (a.u.)
 --------------------------------------------------
 ST_AU  1  -3.7322156536E-05  -2.4279261119E-10   1.0485080733E-11
 ST_AU  2  -2.4279261119E-10  -3.7321840987E-05  -6.6813732408E-12
 ST_AU  3   1.0485080733E-11  -6.6813732408E-12  -4.4877671414E-05
; Cell optimization at step  5, max(stress):  0.4488E-04, total energy:  -46.836199    ;
  dV of each real space grid is now    4.9347824435063248E-002
 Cell length (Bohr)    5.302E+00   5.302E+00   9.534E+01
 Angle     (Degree)    9.000E+01   9.000E+01   6.000E+01
 Volume    (Bohr^3)    2.321E+03
  dV of each real space grid is now    4.9347824435063248E-002
 Cell length (Bohr)    5.302E+00   5.302E+00   9.534E+01
 Angle     (Degree)    9.000E+01   9.000E+01   6.000E+01
 Volume    (Bohr^3)    2.321E+03

 ------------------------------------------------------------------------------
                           SETUP EWALD 
 (Ewald) eta                             :   0.6867    
 (Ewald) Real Space Cutoff               :    7.519     (Bohr)
 (Ewald) Reciprocal Cutoff               :    7.703     (1/Bohr)

 ------------------------------------------------------------------------------
                           SETUP PLANE WAVE 
 Fill the 3D Wang-Teter kernel in G space

 ------------------------------------------------------------------------------
                           REFRESH ION POSITIONS
  
 Calculating Ion-Ion Energy ...                   complete.     0.005 s
  
 Calculating Ion-Electron Potential (spline) ... 
 complete.     0.005 s
 Rescale the total density from   3.257885 to         66

 ------------------------------------------------------------------------------
                           DENSITY OPTIMIZATION
 Electron number for spin            1  is    65.999999999998948     
 Cell Volume      :           343.984376 Angstrom^3
 Ion number       :                   22
 Electron number  :            66.000000
 Ion density      :             0.063956 Ion/Angstrom^3
 Electron density :             0.191869 Electron/Angstrom^3
  
 Calculating Ion-Ion Forces ...                complete.     0.005 s
  
 Calculating Ion-Electron Forces (spline) ...  complete.     0.003 s
  ------ ION (GRADIENT METHOD) STEP            1  ------
  
 Calculating Ion-Electron Stress (spline) ...  complete.     0.007 s
  
 Calculating Ion-Ion Stress ...                complete.     0.003 s
  
 ------------------------------------------------------------------------------
                         LATTICE VECTORS (Angstrom)
 LAT 1           2.805800        0.000000        0.000000
 LAT 2           1.402900        2.429894        0.000000
 LAT 3           0.000000        0.000000       50.453901
 ------------------------------------------------------------------------------
                                STRESS (GPa)
 ST_GPa 1       -1.079087       -0.000007        0.000000
 ST_GPa 2       -0.000007       -1.079078       -0.000000
 ST_GPa 3        0.000000       -0.000000       -1.280913
  
 --------------------------------------------------
 STRESS (a.u.)
 --------------------------------------------------
 ST_AU  1  -3.6677442577E-05  -2.4257362997E-10   1.0396389004E-11
 ST_AU  2  -2.4257362997E-10  -3.6677127442E-05  -6.7295681718E-12
 ST_AU  3   1.0396389004E-11  -6.7295681718E-12  -4.3537340162E-05
; Cell optimization at step  6, max(stress):  0.4354E-04, total energy:  -46.836229    ;
  dV of each real space grid is now    4.9364206379852150E-002
 Cell length (Bohr)    5.302E+00   5.302E+00   9.538E+01
 Angle     (Degree)    9.000E+01   9.000E+01   6.000E+01
 Volume    (Bohr^3)    2.322E+03
  dV of each real space grid is now    4.9364206379852150E-002
 Cell length (Bohr)    5.302E+00   5.302E+00   9.538E+01
 Angle     (Degree)    9.000E+01   9.000E+01   6.000E+01
 Volume    (Bohr^3)    2.322E+03

 ------------------------------------------------------------------------------
                           SETUP EWALD 
 (Ewald) eta                             :   0.6867    
 (Ewald) Real Space Cutoff               :    7.519     (Bohr)
 (Ewald) Reciprocal Cutoff               :    7.703     (1/Bohr)

 ------------------------------------------------------------------------------
                           SETUP PLANE WAVE 
 Fill the 3D Wang-Teter kernel in G space

 ------------------------------------------------------------------------------
                           REFRESH ION POSITIONS
  
 Calculating Ion-Ion Energy ...                   complete.     0.005 s
  
 Calculating Ion-Electron Potential (spline) ... 
 complete.     0.005 s
 Rescale the total density from   3.259119 to         66

 ------------------------------------------------------------------------------
                           DENSITY OPTIMIZATION
 Electron number for spin            1  is    65.999999999999972     
 Cell Volume      :           344.098568 Angstrom^3
 Ion number       :                   22
 Electron number  :            66.000000
 Ion density      :             0.063935 Ion/Angstrom^3
 Electron density :             0.191806 Electron/Angstrom^3
  
 Calculating Ion-Ion Forces ...                complete.     0.005 s
  
 Calculating Ion-Electron Forces (spline) ...  complete.     0.003 s
  ------ ION (GRADIENT METHOD) STEP            1  ------
  
 Calculating Ion-Electron Stress (spline) ...  complete.     0.007 s
  
 Calculating Ion-Ion Stress ...                complete.     0.003 s
  
 ------------------------------------------------------------------------------
                         LATTICE VECTORS (Angstrom)
 LAT 1           2.805800        0.000000        0.000000
 LAT 2           1.402900        2.429894        0.000000
 LAT 3           0.000000        0.000000       50.470651
 ------------------------------------------------------------------------------
                                STRESS (GPa)
 ST_GPa 1       -1.057097       -0.000007        0.000000
 ST_GPa 2       -0.000007       -1.057088       -0.000000
 ST_GPa 3        0.000000       -0.000000       -1.235056
  
 --------------------------------------------------
 STRESS (a.u.)
 --------------------------------------------------
 ST_AU  1  -3.5930009946E-05  -2.4246419066E-10   1.0259266971E-11
 ST_AU  2  -2.4246419066E-10  -3.5929694867E-05  -6.8030837087E-12
 ST_AU  3   1.0259266971E-11  -6.8030837087E-12  -4.1978701036E-05
; Cell optimization at step  7, max(stress):  0.4198E-04, total energy:  -46.836262    ;
  dV of each real space grid is now    4.9383160944190360E-002
 Cell length (Bohr)    5.302E+00   5.302E+00   9.541E+01
 Angle     (Degree)    9.000E+01   9.000E+01   6.000E+01
 Volume    (Bohr^3)    2.323E+03
  dV of each real space grid is now    4.9383160944190360E-002
 Cell length (Bohr)    5.302E+00   5.302E+00   9.541E+01
 Angle     (Degree)    9.000E+01   9.000E+01   6.000E+01
 Volume    (Bohr^3)    2.323E+03

 ------------------------------------------------------------------------------
                           SETUP EWALD 
 (Ewald) eta                             :   0.6867    
 (Ewald) Real Space Cutoff               :    7.519     (Bohr)
 (Ewald) Reciprocal Cutoff               :    7.703     (1/Bohr)

 ------------------------------------------------------------------------------
                           SETUP PLANE WAVE 
 Fill the 3D Wang-Teter kernel in G space

 ------------------------------------------------------------------------------
                           REFRESH ION POSITIONS
  
 Calculating Ion-Ion Energy ...                   complete.     0.004 s
  
 Calculating Ion-Electron Potential (spline) ... 
 complete.     0.005 s
 Rescale the total density from   3.260540 to         66

 ------------------------------------------------------------------------------
                           DENSITY OPTIMIZATION
 Electron number for spin            1  is    65.999999999999659     
 Cell Volume      :           344.230693 Angstrom^3
 Ion number       :                   22
 Electron number  :            66.000000
 Ion density      :             0.063911 Ion/Angstrom^3
 Electron density :             0.191732 Electron/Angstrom^3
  
 Calculating Ion-Ion Forces ...                complete.     0.005 s
  
 Calculating Ion-Electron Forces (spline) ...  complete.     0.003 s
  ------ ION (GRADIENT METHOD) STEP            1  ------
  
 Calculating Ion-Electron Stress (spline) ...  complete.     0.007 s
  
 Calculating Ion-Ion Stress ...                complete.     0.003 s
  
 ------------------------------------------------------------------------------
                         LATTICE VECTORS (Angstrom)
 LAT 1           2.805800        0.000000        0.000000
 LAT 2           1.402900        2.429894        0.000000
 LAT 3           0.000000        0.000000       50.490030
 ------------------------------------------------------------------------------
                                STRESS (GPa)
 ST_GPa 1       -1.031707       -0.000007        0.000000
 ST_GPa 2       -0.000007       -1.031698       -0.000000
 ST_GPa 3        0.000000       -0.000000       -1.182167
  
 --------------------------------------------------
 STRESS (a.u.)
 --------------------------------------------------
 ST_AU  1  -3.5067018794E-05  -2.4284913410E-10   1.0200072940E-11
 ST_AU  2  -2.4284913410E-10  -3.5066703206E-05  -6.8568883585E-12
 ST_AU  3   1.0200072940E-11  -6.8568883585E-12  -4.0181051559E-05
; Cell optimization at step  8, max(stress):  0.4018E-04, total energy:  -46.836298    ;
  dV of each real space grid is now    4.9404932394230598E-002
 Cell length (Bohr)    5.302E+00   5.302E+00   9.545E+01
 Angle     (Degree)    9.000E+01   9.000E+01   6.000E+01
 Volume    (Bohr^3)    2.324E+03
  dV of each real space grid is now    4.9404932394230598E-002
 Cell length (Bohr)    5.302E+00   5.302E+00   9.545E+01
 Angle     (Degree)    9.000E+01   9.000E+01   6.000E+01
 Volume    (Bohr^3)    2.324E+03

 ------------------------------------------------------------------------------
                           SETUP EWALD 
 (Ewald) eta                             :   0.6867    
 (Ewald) Real Space Cutoff               :    7.519     (Bohr)
 (Ewald) Reciprocal Cutoff               :    7.703     (1/Bohr)

 ------------------------------------------------------------------------------
                           SETUP PLANE WAVE 
 Fill the 3D Wang-Teter kernel in G space

 ------------------------------------------------------------------------------
                           REFRESH ION POSITIONS
  
 Calculating Ion-Ion Energy ...                   complete.     0.004 s
  
 Calculating Ion-Electron Potential (spline) ... 
 complete.     0.005 s
 Rescale the total density from   3.262163 to         66

 ------------------------------------------------------------------------------
                           DENSITY OPTIMIZATION
 Electron number for spin            1  is    65.999999999999062     
 Cell Volume      :           344.382453 Angstrom^3
 Ion number       :                   22
 Electron number  :            66.000000
 Ion density      :             0.063882 Ion/Angstrom^3
 Electron density :             0.191647 Electron/Angstrom^3
  
 Calculating Ion-Ion Forces ...                complete.     0.005 s
  
 Calculating Ion-Electron Forces (spline) ...  complete.     0.003 s
  ------ ION (GRADIENT METHOD) STEP            1  ------
  
 Calculating Ion-Electron Stress (spline) ...  complete.     0.007 s
  
 Calculating Ion-Ion Stress ...                complete.     0.003 s
  
 ------------------------------------------------------------------------------
                         LATTICE VECTORS (Angstrom)
 LAT 1           2.805800        0.000000        0.000000
 LAT 2           1.402900        2.429894        0.000000
 LAT 3           0.000000        0.000000       50.512289
 ------------------------------------------------------------------------------
                                STRESS (GPa)
 ST_GPa 1       -1.002650       -0.000007        0.000000
 ST_GPa 2       -0.000007       -1.002641       -0.000000
 ST_GPa 3        0.000000       -0.000000       -1.121551
  
 --------------------------------------------------
 STRESS (a.u.)
 --------------------------------------------------
 ST_AU  1  -3.4079393831E-05  -2.4250874877E-10   1.0069674927E-11
 ST_AU  2  -2.4250874877E-10  -3.4079079319E-05  -6.9025759005E-12
 ST_AU  3   1.0069674927E-11  -6.9025759005E-12  -3.8120743471E-05
; Cell optimization at step  9, max(stress):  0.3812E-04, total energy:  -46.836338    ;
  dV of each real space grid is now    4.9429718520917695E-002
 Cell length (Bohr)    5.302E+00   5.302E+00   9.550E+01
 Angle     (Degree)    9.000E+01   9.000E+01   6.000E+01
 Volume    (Bohr^3)    2.325E+03
  dV of each real space grid is now    4.9429718520917695E-002
 Cell length (Bohr)    5.302E+00   5.302E+00   9.550E+01
 Angle     (Degree)    9.000E+01   9.000E+01   6.000E+01
 Volume    (Bohr^3)    2.325E+03

 ------------------------------------------------------------------------------
                           SETUP EWALD 
 (Ewald) eta                             :   0.6867    
 (Ewald) Real Space Cutoff               :    7.519     (Bohr)
 (Ewald) Reciprocal Cutoff               :    7.703     (1/Bohr)

 ------------------------------------------------------------------------------
                           SETUP PLANE WAVE 
 Fill the 3D Wang-Teter kernel in G space

 ------------------------------------------------------------------------------
                           REFRESH ION POSITIONS
  
 Calculating Ion-Ion Energy ...                   complete.     0.004 s
  
 Calculating Ion-Electron Potential (spline) ... 
 complete.     0.005 s
 Rescale the total density from   3.263998 to         66

 ------------------------------------------------------------------------------
                           DENSITY OPTIMIZATION
 Electron number for spin            1  is    66.000000000000455     
 Cell Volume      :           344.555228 Angstrom^3
 Ion number       :                   22
 Electron number  :            66.000000
 Ion density      :             0.063850 Ion/Angstrom^3
 Electron density :             0.191551 Electron/Angstrom^3
  
 Calculating Ion-Ion Forces ...                complete.     0.005 s
  
 Calculating Ion-Electron Forces (spline) ...  complete.     0.003 s
  ------ ION (GRADIENT METHOD) STEP            1  ------

 ------------------------------------------------------------------------------
                           REFRESH ION POSITIONS
  
 Calculating Ion-Ion Energy ...                   complete.     0.004 s
  
 Calculating Ion-Electron Potential (spline) ... 
 complete.     0.005 s

 ------------------------------------------------------------------------------
                           DENSITY OPTIMIZATION
 Electron number for spin            1  is    66.000000000000767     
 Cell Volume      :           344.555228 Angstrom^3
 Ion number       :                   22
 Electron number  :            66.000000
 Ion density      :             0.063850 Ion/Angstrom^3
 Electron density :             0.191551 Electron/Angstrom^3
  
 Calculating Ion-Ion Forces ...                complete.     0.005 s
  
 Calculating Ion-Electron Forces (spline) ...  complete.     0.003 s

 ------------------------------------------------------------------------------
                           REFRESH ION POSITIONS
  
 Calculating Ion-Ion Energy ...                   complete.     0.004 s
  
 Calculating Ion-Electron Potential (spline) ... 
 complete.     0.005 s

 ------------------------------------------------------------------------------
                           DENSITY OPTIMIZATION
 Electron number for spin            1  is    66.000000000000995     
 Cell Volume      :           344.555228 Angstrom^3
 Ion number       :                   22
 Electron number  :            66.000000
 Ion density      :             0.063850 Ion/Angstrom^3
 Electron density :             0.191551 Electron/Angstrom^3
  
 Calculating Ion-Ion Forces ...                complete.     0.005 s
  
 Calculating Ion-Electron Forces (spline) ...  complete.     0.003 s

 ------------------------------------------------------------------------------
                           REFRESH ION POSITIONS
  
 Calculating Ion-Ion Energy ...                   complete.     0.004 s
  
 Calculating Ion-Electron Potential (spline) ... 
 complete.     0.005 s

 ------------------------------------------------------------------------------
                           DENSITY OPTIMIZATION
 Electron number for spin            1  is    66.000000000001151     
 Cell Volume      :           344.555228 Angstrom^3
 Ion number       :                   22
 Electron number  :            66.000000
 Ion density      :             0.063850 Ion/Angstrom^3
 Electron density :             0.191551 Electron/Angstrom^3
  
 Calculating Ion-Ion Forces ...                complete.     0.009 s
  
 Calculating Ion-Electron Forces (spline) ...  complete.     0.005 s

 ------------------------------------------------------------------------------
                           REFRESH ION POSITIONS
  
 Calculating Ion-Ion Energy ...                   complete.     0.007 s
  
 Calculating Ion-Electron Potential (spline) ... 
 complete.     0.008 s

 ------------------------------------------------------------------------------
                           DENSITY OPTIMIZATION
 Electron number for spin            1  is    66.000000000000867     
 Cell Volume      :           344.555228 Angstrom^3
 Ion number       :                   22
 Electron number  :            66.000000
 Ion density      :             0.063850 Ion/Angstrom^3
 Electron density :             0.191551 Electron/Angstrom^3
  
 Calculating Ion-Ion Forces ...                complete.     0.008 s
  
 Calculating Ion-Electron Forces (spline) ...  complete.     0.005 s

 ------------------------------------------------------------------------------
                           REFRESH ION POSITIONS
  
 Calculating Ion-Ion Energy ...                   complete.     0.006 s
  
 Calculating Ion-Electron Potential (spline) ... 
 complete.     0.007 s

 ------------------------------------------------------------------------------
                           DENSITY OPTIMIZATION
 Electron number for spin            1  is    66.000000000000782     
 Cell Volume      :           344.555228 Angstrom^3
 Ion number       :                   22
 Electron number  :            66.000000
 Ion density      :             0.063850 Ion/Angstrom^3
 Electron density :             0.191551 Electron/Angstrom^3
  
 Calculating Ion-Ion Forces ...                complete.     0.005 s
  
 Calculating Ion-Electron Forces (spline) ...  complete.     0.003 s
  ------ ION (GRADIENT METHOD) STEP            2  ------
  
 Calculating Ion-Electron Stress (spline) ...  complete.     0.010 s
  
 Calculating Ion-Ion Stress ...                complete.     0.003 s
  
 ------------------------------------------------------------------------------
                         LATTICE VECTORS (Angstrom)
 LAT 1           2.805800        0.000000        0.000000
 LAT 2           1.402900        2.429894        0.000000
 LAT 3           0.000000        0.000000       50.537631
 ------------------------------------------------------------------------------
                                STRESS (GPa)
 ST_GPa 1       -0.969507       -0.000007        0.000000
 ST_GPa 2       -0.000007       -0.969498       -0.000000
 ST_GPa 3        0.000000       -0.000000       -1.053325
  
 --------------------------------------------------
 STRESS (a.u.)
 --------------------------------------------------
 ST_AU  1  -3.2952894129E-05  -2.4283908236E-10   9.8684747847E-12
 ST_AU  2  -2.4283908236E-10  -3.2952578947E-05  -7.0065979605E-12
 ST_AU  3   9.8684747847E-12  -7.0065979605E-12  -3.5801807282E-05
; Cell optimization at step 10, max(stress):  0.3580E-04, total energy:  -46.836382    ;
  dV of each real space grid is now    4.9457652544762594E-002
 Cell length (Bohr)    5.302E+00   5.302E+00   9.556E+01
 Angle     (Degree)    9.000E+01   9.000E+01   6.000E+01
 Volume    (Bohr^3)    2.326E+03
  dV of each real space grid is now    4.9457652544762594E-002
 Cell length (Bohr)    5.302E+00   5.302E+00   9.556E+01
 Angle     (Degree)    9.000E+01   9.000E+01   6.000E+01
 Volume    (Bohr^3)    2.326E+03

 ------------------------------------------------------------------------------
                           SETUP EWALD 
 (Ewald) eta                             :   0.6867    
 (Ewald) Real Space Cutoff               :    7.519     (Bohr)
 (Ewald) Reciprocal Cutoff               :    7.703     (1/Bohr)

 ------------------------------------------------------------------------------
                           SETUP PLANE WAVE 
 Fill the 3D Wang-Teter kernel in G space

 ------------------------------------------------------------------------------
                           REFRESH ION POSITIONS
  
 Calculating Ion-Ion Energy ...                   complete.     0.004 s
  
 Calculating Ion-Electron Potential (spline) ... 
 complete.     0.005 s
 Rescale the total density from   3.266050 to         66

 ------------------------------------------------------------------------------
                           DENSITY OPTIMIZATION
 Electron number for spin            1  is    66.000000000000483     
 Cell Volume      :           344.749945 Angstrom^3
 Ion number       :                   22
 Electron number  :            66.000000
 Ion density      :             0.063814 Ion/Angstrom^3
 Electron density :             0.191443 Electron/Angstrom^3
  
 Calculating Ion-Ion Forces ...                complete.     0.005 s
  
 Calculating Ion-Electron Forces (spline) ...  complete.     0.003 s
  ------ ION (GRADIENT METHOD) STEP            1  ------
  
 Calculating Ion-Electron Stress (spline) ...  complete.     0.007 s
  
 Calculating Ion-Ion Stress ...                complete.     0.003 s
  
 ------------------------------------------------------------------------------
                         LATTICE VECTORS (Angstrom)
 LAT 1           2.805800        0.000000        0.000000
 LAT 2           1.402900        2.429894        0.000000
 LAT 3           0.000000        0.000000       50.566191
 ------------------------------------------------------------------------------
                                STRESS (GPa)
 ST_GPa 1       -0.932856       -0.000007        0.000000
 ST_GPa 2       -0.000007       -0.932847       -0.000000
 ST_GPa 3        0.000000       -0.000000       -0.975650
  
 --------------------------------------------------
 STRESS (a.u.)
 --------------------------------------------------
 ST_AU  1  -3.1707147577E-05  -2.4248267367E-10   9.5169434110E-12
 ST_AU  2  -2.4248267367E-10  -3.1706833227E-05  -7.1632832688E-12
 ST_AU  3   9.5169434110E-12  -7.1632832688E-12  -3.3161662842E-05
; Cell optimization at step 11, max(stress):  0.3316E-04, total energy:  -46.836427    ;
  dV of each real space grid is now    4.9488701435895947E-002
 Cell length (Bohr)    5.302E+00   5.302E+00   9.562E+01
 Angle     (Degree)    9.000E+01   9.000E+01   6.000E+01
 Volume    (Bohr^3)    2.328E+03
  dV of each real space grid is now    4.9488701435895947E-002
 Cell length (Bohr)    5.302E+00   5.302E+00   9.562E+01
 Angle     (Degree)    9.000E+01   9.000E+01   6.000E+01
 Volume    (Bohr^3)    2.328E+03

 ------------------------------------------------------------------------------
                           SETUP EWALD 
 (Ewald) eta                             :   0.6867    
 (Ewald) Real Space Cutoff               :    7.519     (Bohr)
 (Ewald) Reciprocal Cutoff               :    7.703     (1/Bohr)

 ------------------------------------------------------------------------------
                           SETUP PLANE WAVE 
 Fill the 3D Wang-Teter kernel in G space

 ------------------------------------------------------------------------------
                           REFRESH ION POSITIONS
  
 Calculating Ion-Ion Energy ...                   complete.     0.005 s
  
 Calculating Ion-Electron Potential (spline) ... 
 complete.     0.005 s
 Rescale the total density from   3.268305 to         66

 ------------------------------------------------------------------------------
                           DENSITY OPTIMIZATION
 Electron number for spin            1  is    65.999999999998934     
 Cell Volume      :           344.966375 Angstrom^3
 Ion number       :                   22
 Electron number  :            66.000000
 Ion density      :             0.063774 Ion/Angstrom^3
 Electron density :             0.191323 Electron/Angstrom^3
  
 Calculating Ion-Ion Forces ...                complete.     0.005 s
  
 Calculating Ion-Electron Forces (spline) ...  complete.     0.003 s
  ------ ION (GRADIENT METHOD) STEP            1  ------
  
 Calculating Ion-Electron Stress (spline) ...  complete.     0.007 s
  
 Calculating Ion-Ion Stress ...                complete.     0.003 s
  
 ------------------------------------------------------------------------------
                         LATTICE VECTORS (Angstrom)
 LAT 1           2.805800        0.000000        0.000000
 LAT 2           1.402900        2.429894        0.000000
 LAT 3           0.000000        0.000000       50.597936
 ------------------------------------------------------------------------------
                                STRESS (GPa)
 ST_GPa 1       -0.892227       -0.000007        0.000000
 ST_GPa 2       -0.000007       -0.892217       -0.000000
 ST_GPa 3        0.000000       -0.000000       -0.889944
  
 --------------------------------------------------
 STRESS (a.u.)
 --------------------------------------------------
 ST_AU  1  -3.0326170112E-05  -2.4231091004E-10   9.3549267363E-12
 ST_AU  2  -2.4231091004E-10  -3.0325855775E-05  -7.3191437053E-12
 ST_AU  3   9.3549267363E-12  -7.3191437053E-12  -3.0248603469E-05
; Cell optimization at step 12, max(stress):  0.3033E-04, total energy:  -46.836473    ;
  dV of each real space grid is now    4.9522687147668235E-002
 Cell length (Bohr)    5.302E+00   5.302E+00   9.568E+01
 Angle     (Degree)    9.000E+01   9.000E+01   6.000E+01
 Volume    (Bohr^3)    2.330E+03
  dV of each real space grid is now    4.9522687147668235E-002
 Cell length (Bohr)    5.302E+00   5.302E+00   9.568E+01
 Angle     (Degree)    9.000E+01   9.000E+01   6.000E+01
 Volume    (Bohr^3)    2.330E+03

 ------------------------------------------------------------------------------
                           SETUP EWALD 
 (Ewald) eta                             :   0.6867    
 (Ewald) Real Space Cutoff               :    7.519     (Bohr)
 (Ewald) Reciprocal Cutoff               :    7.703     (1/Bohr)

 ------------------------------------------------------------------------------
                           SETUP PLANE WAVE 
 Fill the 3D Wang-Teter kernel in G space

 ------------------------------------------------------------------------------
                           REFRESH ION POSITIONS
  
 Calculating Ion-Ion Energy ...                   complete.     0.004 s
  
 Calculating Ion-Electron Potential (spline) ... 
 complete.     0.005 s
 Rescale the total density from   3.270742 to         66

 ------------------------------------------------------------------------------
                           DENSITY OPTIMIZATION
 Electron number for spin            1  is    66.000000000000526     
 Cell Volume      :           345.203276 Angstrom^3
 Ion number       :                   22
 Electron number  :            66.000000
 Ion density      :             0.063731 Ion/Angstrom^3
 Electron density :             0.191192 Electron/Angstrom^3
  
 Calculating Ion-Ion Forces ...                complete.     0.005 s
  
 Calculating Ion-Electron Forces (spline) ...  complete.     0.003 s
  ------ ION (GRADIENT METHOD) STEP            1  ------
  
 Calculating Ion-Electron Stress (spline) ...  complete.     0.007 s
  
 Calculating Ion-Ion Stress ...                complete.     0.003 s
  
 ------------------------------------------------------------------------------
                         LATTICE VECTORS (Angstrom)
 LAT 1           2.805800        0.000000        0.000000
 LAT 2           1.402900        2.429894        0.000000
 LAT 3           0.000000        0.000000       50.632683
 ------------------------------------------------------------------------------
                                STRESS (GPa)
 ST_GPa 1       -0.847251       -0.000007        0.000000
 ST_GPa 2       -0.000007       -0.847242       -0.000000
 ST_GPa 3        0.000000       -0.000000       -0.797684
  
 --------------------------------------------------
 STRESS (a.u.)
 --------------------------------------------------
 ST_AU  1  -2.8797480849E-05  -2.4162550221E-10   8.8399627408E-12
 ST_AU  2  -2.4162550221E-10  -2.8797168222E-05  -7.5447318797E-12
 ST_AU  3   8.8399627408E-12  -7.5447318797E-12  -2.7112737202E-05
; Cell optimization at step 13, max(stress):  0.2880E-04, total energy:  -46.836519    ;
  dV of each real space grid is now    4.9559242052011315E-002
 Cell length (Bohr)    5.302E+00   5.302E+00   9.575E+01
 Angle     (Degree)    9.000E+01   9.000E+01   6.000E+01
 Volume    (Bohr^3)    2.331E+03
  dV of each real space grid is now    4.9559242052011315E-002
 Cell length (Bohr)    5.302E+00   5.302E+00   9.575E+01
 Angle     (Degree)    9.000E+01   9.000E+01   6.000E+01
 Volume    (Bohr^3)    2.331E+03

 ------------------------------------------------------------------------------
                           SETUP EWALD 
 (Ewald) eta                             :   0.6867    
 (Ewald) Real Space Cutoff               :    7.513     (Bohr)
 (Ewald) Reciprocal Cutoff               :    7.703     (1/Bohr)

 ------------------------------------------------------------------------------
                           SETUP PLANE WAVE 
 Fill the 3D Wang-Teter kernel in G space

 ------------------------------------------------------------------------------
                           REFRESH ION POSITIONS
  
 Calculating Ion-Ion Energy ...                   complete.     0.004 s
  
 Calculating Ion-Electron Potential (spline) ... 
 complete.     0.005 s
 Rescale the total density from   3.273324 to         66

 ------------------------------------------------------------------------------
                           DENSITY OPTIMIZATION
 Electron number for spin            1  is    65.999999999999801     
 Cell Volume      :           345.458086 Angstrom^3
 Ion number       :                   22
 Electron number  :            66.000000
 Ion density      :             0.063684 Ion/Angstrom^3
 Electron density :             0.191051 Electron/Angstrom^3
  
 Calculating Ion-Ion Forces ...                complete.     0.005 s
  
 Calculating Ion-Electron Forces (spline) ...  complete.     0.003 s
  ------ ION (GRADIENT METHOD) STEP            1  ------
  
 Calculating Ion-Electron Stress (spline) ...  complete.     0.009 s
  
 Calculating Ion-Ion Stress ...                complete.     0.003 s
  
 ------------------------------------------------------------------------------
                         LATTICE VECTORS (Angstrom)
 LAT 1           2.805800        0.000000        0.000000
 LAT 2           1.402900        2.429894        0.000000
 LAT 3           0.000000        0.000000       50.670058
 ------------------------------------------------------------------------------
                                STRESS (GPa)
 ST_GPa 1       -0.799276       -0.000007        0.000000
 ST_GPa 2       -0.000007       -0.799267       -0.000000
 ST_GPa 3        0.000000       -0.000000       -0.698751
  
 --------------------------------------------------
 STRESS (a.u.)
 --------------------------------------------------
 ST_AU  1  -2.7166834604E-05  -2.4023021475E-10   8.7175385020E-12
 ST_AU  2  -2.4023021475E-10  -2.7166523671E-05  -7.6604979233E-12
 ST_AU  3   8.7175385020E-12  -7.6604979233E-12  -2.3750059822E-05
; Cell optimization at step 14, max(stress):  0.2717E-04, total energy:  -46.836563    ;
  dV of each real space grid is now    4.9597667438210521E-002
 Cell length (Bohr)    5.302E+00   5.302E+00   9.583E+01
 Angle     (Degree)    9.000E+01   9.000E+01   6.000E+01
 Volume    (Bohr^3)    2.333E+03
  dV of each real space grid is now    4.9597667438210521E-002
 Cell length (Bohr)    5.302E+00   5.302E+00   9.583E+01
 Angle     (Degree)    9.000E+01   9.000E+01   6.000E+01
 Volume    (Bohr^3)    2.333E+03

 ------------------------------------------------------------------------------
                           SETUP EWALD 
 (Ewald) eta                             :   0.6867    
 (Ewald) Real Space Cutoff               :    7.513     (Bohr)
 (Ewald) Reciprocal Cutoff               :    7.703     (1/Bohr)

 ------------------------------------------------------------------------------
                           SETUP PLANE WAVE 
 Fill the 3D Wang-Teter kernel in G space

 ------------------------------------------------------------------------------
                           REFRESH ION POSITIONS
  
 Calculating Ion-Ion Energy ...                   complete.     0.005 s
  
 Calculating Ion-Electron Potential (spline) ... 
 complete.     0.005 s
 Rescale the total density from   3.275984 to         66

 ------------------------------------------------------------------------------
                           DENSITY OPTIMIZATION
 Electron number for spin            1  is    65.999999999999105     
 Cell Volume      :           345.725934 Angstrom^3
 Ion number       :                   22
 Electron number  :            66.000000
 Ion density      :             0.063634 Ion/Angstrom^3
 Electron density :             0.190903 Electron/Angstrom^3
  
 Calculating Ion-Ion Forces ...                complete.     0.005 s
  
 Calculating Ion-Electron Forces (spline) ...  complete.     0.003 s
  ------ ION (GRADIENT METHOD) STEP            1  ------
  
 Calculating Ion-Electron Stress (spline) ...  complete.     0.007 s
  
 Calculating Ion-Ion Stress ...                complete.     0.003 s
  
 ------------------------------------------------------------------------------
                         LATTICE VECTORS (Angstrom)
 LAT 1           2.805800        0.000000        0.000000
 LAT 2           1.402900        2.429894        0.000000
 LAT 3           0.000000        0.000000       50.709344
 ------------------------------------------------------------------------------
                                STRESS (GPa)
 ST_GPa 1       -0.749270       -0.000007        0.000000
 ST_GPa 2       -0.000007       -0.749260       -0.000000
 ST_GPa 3        0.000000       -0.000000       -0.595173
  
 --------------------------------------------------
 STRESS (a.u.)
 --------------------------------------------------
 ST_AU  1  -2.5467162094E-05  -2.4033865271E-10   8.4546784757E-12
 ST_AU  2  -2.4033865271E-10  -2.5466850839E-05  -7.7216287239E-12
 ST_AU  3   8.4546784757E-12  -7.7216287239E-12  -2.0229525582E-05
; Cell optimization at step 15, max(stress):  0.2547E-04, total energy:  -46.836603    ;
  dV of each real space grid is now    4.9636942825586977E-002
 Cell length (Bohr)    5.302E+00   5.302E+00   9.590E+01
 Angle     (Degree)    9.000E+01   9.000E+01   6.000E+01
 Volume    (Bohr^3)    2.335E+03
  dV of each real space grid is now    4.9636942825586977E-002
 Cell length (Bohr)    5.302E+00   5.302E+00   9.590E+01
 Angle     (Degree)    9.000E+01   9.000E+01   6.000E+01
 Volume    (Bohr^3)    2.335E+03

 ------------------------------------------------------------------------------
                           SETUP EWALD 
 (Ewald) eta                             :   0.6867    
 (Ewald) Real Space Cutoff               :    7.513     (Bohr)
 (Ewald) Reciprocal Cutoff               :    7.703     (1/Bohr)

 ------------------------------------------------------------------------------
                           SETUP PLANE WAVE 
 Fill the 3D Wang-Teter kernel in G space

 ------------------------------------------------------------------------------
                           REFRESH ION POSITIONS
  
 Calculating Ion-Ion Energy ...                   complete.     0.004 s
  
 Calculating Ion-Electron Potential (spline) ... 
 complete.     0.005 s
 Rescale the total density from   3.278632 to         66

 ------------------------------------------------------------------------------
                           DENSITY OPTIMIZATION
 Electron number for spin            1  is    65.999999999999332     
 Cell Volume      :           345.999707 Angstrom^3
 Ion number       :                   22
 Electron number  :            66.000000
 Ion density      :             0.063584 Ion/Angstrom^3
 Electron density :             0.190752 Electron/Angstrom^3
  
 Calculating Ion-Ion Forces ...                complete.     0.005 s
  
 Calculating Ion-Electron Forces (spline) ...  complete.     0.003 s
  ------ ION (GRADIENT METHOD) STEP            1  ------
  
 Calculating Ion-Electron Stress (spline) ...  complete.     0.007 s
  
 Calculating Ion-Ion Stress ...                complete.     0.003 s
  
 ------------------------------------------------------------------------------
                         LATTICE VECTORS (Angstrom)
 LAT 1           2.805800        0.000000        0.000000
 LAT 2           1.402900        2.429894        0.000000
 LAT 3           0.000000        0.000000       50.749500
 ------------------------------------------------------------------------------
                                STRESS (GPa)
 ST_GPa 1       -0.698617       -0.000007        0.000000
 ST_GPa 2       -0.000007       -0.698608       -0.000000
 ST_GPa 3        0.000000       -0.000000       -0.489788
  
 --------------------------------------------------
 STRESS (a.u.)
 --------------------------------------------------
 ST_AU  1  -2.3745523788E-05  -2.4098266627E-10   8.3979805919E-12
 ST_AU  2  -2.4098266627E-10  -2.3745212749E-05  -7.8765699567E-12
 ST_AU  3   8.3979805919E-12  -7.8765699567E-12  -1.6647542949E-05
; Cell optimization at step 16, max(stress):  0.2375E-04, total energy:  -46.836637    ;
  dV of each real space grid is now    4.9675728037561880E-002
 Cell length (Bohr)    5.302E+00   5.302E+00   9.598E+01
 Angle     (Degree)    9.000E+01   9.000E+01   6.000E+01
 Volume    (Bohr^3)    2.337E+03
  dV of each real space grid is now    4.9675728037561880E-002
 Cell length (Bohr)    5.302E+00   5.302E+00   9.598E+01
 Angle     (Degree)    9.000E+01   9.000E+01   6.000E+01
 Volume    (Bohr^3)    2.337E+03

 ------------------------------------------------------------------------------
                           SETUP EWALD 
 (Ewald) eta                             :   0.6867    
 (Ewald) Real Space Cutoff               :    7.513     (Bohr)
 (Ewald) Reciprocal Cutoff               :    7.703     (1/Bohr)

 ------------------------------------------------------------------------------
                           SETUP PLANE WAVE 
 Fill the 3D Wang-Teter kernel in G space

 ------------------------------------------------------------------------------
                           REFRESH ION POSITIONS
  
 Calculating Ion-Ion Energy ...                   complete.     0.004 s
  
 Calculating Ion-Electron Potential (spline) ... 
 complete.     0.005 s
 Rescale the total density from   3.281160 to         66

 ------------------------------------------------------------------------------
                           DENSITY OPTIMIZATION
 Electron number for spin            1  is    66.000000000000767     
 Cell Volume      :           346.270064 Angstrom^3
 Ion number       :                   22
 Electron number  :            66.000000
 Ion density      :             0.063534 Ion/Angstrom^3
 Electron density :             0.190603 Electron/Angstrom^3
  
 Calculating Ion-Ion Forces ...                complete.     0.005 s
  
 Calculating Ion-Electron Forces (spline) ...  complete.     0.003 s
  ------ ION (GRADIENT METHOD) STEP            1  ------
  
 Calculating Ion-Electron Stress (spline) ...  complete.     0.007 s
  
 Calculating Ion-Ion Stress ...                complete.     0.003 s
  
 ------------------------------------------------------------------------------
                         LATTICE VECTORS (Angstrom)
 LAT 1           2.805800        0.000000        0.000000
 LAT 2           1.402900        2.429894        0.000000
 LAT 3           0.000000        0.000000       50.789155
 ------------------------------------------------------------------------------
                                STRESS (GPa)
 ST_GPa 1       -0.648506       -0.000007        0.000000
 ST_GPa 2       -0.000007       -0.648496       -0.000000
 ST_GPa 3        0.000000       -0.000000       -0.386891
  
 --------------------------------------------------
 STRESS (a.u.)
 --------------------------------------------------
 ST_AU  1  -2.2042262563E-05  -2.4081412328E-10   8.3696237923E-12
 ST_AU  2  -2.4081412328E-10  -2.2041951479E-05  -7.9886142761E-12
 ST_AU  3   8.3696237923E-12  -7.9886142761E-12  -1.3150158046E-05
; Cell optimization at step 17, max(stress):  0.2204E-04, total energy:  -46.836664    ;
  dV of each real space grid is now    4.9712492502002180E-002
 Cell length (Bohr)    5.302E+00   5.302E+00   9.605E+01
 Angle     (Degree)    9.000E+01   9.000E+01   6.000E+01
 Volume    (Bohr^3)    2.338E+03
  dV of each real space grid is now    4.9712492502002180E-002
 Cell length (Bohr)    5.302E+00   5.302E+00   9.605E+01
 Angle     (Degree)    9.000E+01   9.000E+01   6.000E+01
 Volume    (Bohr^3)    2.338E+03

 ------------------------------------------------------------------------------
                           SETUP EWALD 
 (Ewald) eta                             :   0.6867    
 (Ewald) Real Space Cutoff               :    7.513     (Bohr)
 (Ewald) Reciprocal Cutoff               :    7.703     (1/Bohr)

 ------------------------------------------------------------------------------
                           SETUP PLANE WAVE 
 Fill the 3D Wang-Teter kernel in G space

 ------------------------------------------------------------------------------
                           REFRESH ION POSITIONS
  
 Calculating Ion-Ion Energy ...                   complete.     0.004 s
  
 Calculating Ion-Electron Potential (spline) ... 
 complete.     0.005 s
 Rescale the total density from   3.283453 to         66

 ------------------------------------------------------------------------------
                           DENSITY OPTIMIZATION
 Electron number for spin            1  is    65.999999999999318     
 Cell Volume      :           346.526335 Angstrom^3
 Ion number       :                   22
 Electron number  :            66.000000
 Ion density      :             0.063487 Ion/Angstrom^3
 Electron density :             0.190462 Electron/Angstrom^3
  
 Calculating Ion-Ion Forces ...                complete.     0.006 s
  
 Calculating Ion-Electron Forces (spline) ...  complete.     0.003 s
  ------ ION (GRADIENT METHOD) STEP            1  ------
  
 Calculating Ion-Electron Stress (spline) ...  complete.     0.006 s
  
 Calculating Ion-Ion Stress ...                complete.     0.003 s
  
 ------------------------------------------------------------------------------
                         LATTICE VECTORS (Angstrom)
 LAT 1           2.805800        0.000000        0.000000
 LAT 2           1.402900        2.429894        0.000000
 LAT 3           0.000000        0.000000       50.826743
 ------------------------------------------------------------------------------
                                STRESS (GPa)
 ST_GPa 1       -0.601454       -0.000007        0.000000
 ST_GPa 2       -0.000007       -0.601445       -0.000000
 ST_GPa 3        0.000000       -0.000000       -0.289751
  
 --------------------------------------------------
 STRESS (a.u.)
 --------------------------------------------------
 ST_AU  1  -2.0442997712E-05  -2.3992574448E-10   7.8298014091E-12
 ST_AU  2  -2.3992574448E-10  -2.0442687418E-05  -8.1469901798E-12
 ST_AU  3   7.8298014091E-12  -8.1469901798E-12  -9.8484431054E-06
; Cell optimization at step 18, max(stress):  0.2044E-04, total energy:  -46.836684    ;
  dV of each real space grid is now    4.9745532962968055E-002
 Cell length (Bohr)    5.302E+00   5.302E+00   9.611E+01
 Angle     (Degree)    9.000E+01   9.000E+01   6.000E+01
 Volume    (Bohr^3)    2.340E+03
  dV of each real space grid is now    4.9745532962968055E-002
 Cell length (Bohr)    5.302E+00   5.302E+00   9.611E+01
 Angle     (Degree)    9.000E+01   9.000E+01   6.000E+01
 Volume    (Bohr^3)    2.340E+03

 ------------------------------------------------------------------------------
                           SETUP EWALD 
 (Ewald) eta                             :   0.6867    
 (Ewald) Real Space Cutoff               :    7.513     (Bohr)
 (Ewald) Reciprocal Cutoff               :    7.703     (1/Bohr)

 ------------------------------------------------------------------------------
                           SETUP PLANE WAVE 
 Fill the 3D Wang-Teter kernel in G space

 ------------------------------------------------------------------------------
                           REFRESH ION POSITIONS
  
 Calculating Ion-Ion Energy ...                   complete.     0.005 s
  
 Calculating Ion-Electron Potential (spline) ... 
 complete.     0.005 s
 Rescale the total density from   3.285387 to         66

 ------------------------------------------------------------------------------
                           DENSITY OPTIMIZATION
 Electron number for spin            1  is    66.000000000000227     
 Cell Volume      :           346.756647 Angstrom^3
 Ion number       :                   22
 Electron number  :            66.000000
 Ion density      :             0.063445 Ion/Angstrom^3
 Electron density :             0.190335 Electron/Angstrom^3
  
 Calculating Ion-Ion Forces ...                complete.     0.005 s
  
 Calculating Ion-Electron Forces (spline) ...  complete.     0.003 s
  ------ ION (GRADIENT METHOD) STEP            1  ------
  
 Calculating Ion-Electron Stress (spline) ...  complete.     0.007 s
  
 Calculating Ion-Ion Stress ...                complete.     0.003 s
  
 ------------------------------------------------------------------------------
                         LATTICE VECTORS (Angstrom)
 LAT 1           2.805800        0.000000        0.000000
 LAT 2           1.402900        2.429894        0.000000
 LAT 3           0.000000        0.000000       50.860524
 ------------------------------------------------------------------------------
                                STRESS (GPa)
 ST_GPa 1       -0.559488       -0.000007        0.000000
 ST_GPa 2       -0.000007       -0.559479       -0.000000
 ST_GPa 3        0.000000       -0.000000       -0.202842
  
 --------------------------------------------------
 STRESS (a.u.)
 --------------------------------------------------
 ST_AU  1  -1.9016620071E-05  -2.3980030523E-10   7.7956240582E-12
 ST_AU  2  -2.3980030523E-10  -1.9016310817E-05  -8.2907718490E-12
 ST_AU  3   7.7956240582E-12  -8.2907718490E-12  -6.8944718583E-06
; Cell optimization at step 19, max(stress):  0.1902E-04, total energy:  -46.836697    ;
  dV of each real space grid is now    4.9773289211448267E-002
 Cell length (Bohr)    5.302E+00   5.302E+00   9.617E+01
 Angle     (Degree)    9.000E+01   9.000E+01   6.000E+01
 Volume    (Bohr^3)    2.341E+03
  dV of each real space grid is now    4.9773289211448267E-002
 Cell length (Bohr)    5.302E+00   5.302E+00   9.617E+01
 Angle     (Degree)    9.000E+01   9.000E+01   6.000E+01
 Volume    (Bohr^3)    2.341E+03

 ------------------------------------------------------------------------------
                           SETUP EWALD 
 (Ewald) eta                             :   0.6867    
 (Ewald) Real Space Cutoff               :    7.513     (Bohr)
 (Ewald) Reciprocal Cutoff               :    7.703     (1/Bohr)

 ------------------------------------------------------------------------------
                           SETUP PLANE WAVE 
 Fill the 3D Wang-Teter kernel in G space

 ------------------------------------------------------------------------------
                           REFRESH ION POSITIONS
  
 Calculating Ion-Ion Energy ...                   complete.     0.004 s
  
 Calculating Ion-Electron Potential (spline) ... 
 complete.     0.005 s
 Rescale the total density from   3.286870 to         66

 ------------------------------------------------------------------------------
                           DENSITY OPTIMIZATION
 Electron number for spin            1  is    66.000000000000398     
 Cell Volume      :           346.950125 Angstrom^3
 Ion number       :                   22
 Electron number  :            66.000000
 Ion density      :             0.063410 Ion/Angstrom^3
 Electron density :             0.190229 Electron/Angstrom^3
  
 Calculating Ion-Ion Forces ...                complete.     0.005 s
  
 Calculating Ion-Electron Forces (spline) ...  complete.     0.003 s
  ------ ION (GRADIENT METHOD) STEP            1  ------
  
 Calculating Ion-Electron Stress (spline) ...  complete.     0.007 s
  
 Calculating Ion-Ion Stress ...                complete.     0.003 s
  
 ------------------------------------------------------------------------------
                         LATTICE VECTORS (Angstrom)
 LAT 1           2.805800        0.000000        0.000000
 LAT 2           1.402900        2.429894        0.000000
 LAT 3           0.000000        0.000000       50.888903
 ------------------------------------------------------------------------------
                                STRESS (GPa)
 ST_GPa 1       -0.524143       -0.000007        0.000000
 ST_GPa 2       -0.000007       -0.524134       -0.000000
 ST_GPa 3        0.000000       -0.000000       -0.130531
  
 --------------------------------------------------
 STRESS (a.u.)
 --------------------------------------------------
 ST_AU  1  -1.7815266416E-05  -2.4014136329E-10   7.7643312407E-12
 ST_AU  2  -2.4014136329E-10  -1.7814956406E-05  -8.3875780180E-12
 ST_AU  3   7.7643312407E-12  -8.3875780180E-12  -4.4366479989E-06
; Cell optimization at step 20, max(stress):  0.1782E-04, total energy:  -46.836705    ;
  dV of each real space grid is now    4.9794722853962151E-002
 Cell length (Bohr)    5.302E+00   5.302E+00   9.621E+01
 Angle     (Degree)    9.000E+01   9.000E+01   6.000E+01
 Volume    (Bohr^3)    2.342E+03
  dV of each real space grid is now    4.9794722853962151E-002
 Cell length (Bohr)    5.302E+00   5.302E+00   9.621E+01
 Angle     (Degree)    9.000E+01   9.000E+01   6.000E+01
 Volume    (Bohr^3)    2.342E+03

 ------------------------------------------------------------------------------
                           SETUP EWALD 
 (Ewald) eta                             :   0.6867    
 (Ewald) Real Space Cutoff               :    7.513     (Bohr)
 (Ewald) Reciprocal Cutoff               :    7.703     (1/Bohr)

 ------------------------------------------------------------------------------
                           SETUP PLANE WAVE 
 Fill the 3D Wang-Teter kernel in G space

 ------------------------------------------------------------------------------
                           REFRESH ION POSITIONS
  
 Calculating Ion-Ion Energy ...                   complete.     0.004 s
  
 Calculating Ion-Electron Potential (spline) ... 
 complete.     0.006 s
 Rescale the total density from   3.287867 to         66

 ------------------------------------------------------------------------------
                           DENSITY OPTIMIZATION
 Electron number for spin            1  is    65.999999999999645     
 Cell Volume      :           347.099530 Angstrom^3
 Ion number       :                   22
 Electron number  :            66.000000
 Ion density      :             0.063382 Ion/Angstrom^3
 Electron density :             0.190147 Electron/Angstrom^3
  
 Calculating Ion-Ion Forces ...                complete.     0.005 s
  
 Calculating Ion-Electron Forces (spline) ...  complete.     0.003 s
  ------ ION (GRADIENT METHOD) STEP            1  ------
  
 Calculating Ion-Electron Stress (spline) ...  complete.     0.006 s
  
 Calculating Ion-Ion Stress ...                complete.     0.003 s
  
 ------------------------------------------------------------------------------
                         LATTICE VECTORS (Angstrom)
 LAT 1           2.805800        0.000000        0.000000
 LAT 2           1.402900        2.429894        0.000000
 LAT 3           0.000000        0.000000       50.910817
 ------------------------------------------------------------------------------
                                STRESS (GPa)
 ST_GPa 1       -0.497011       -0.000007        0.000000
 ST_GPa 2       -0.000007       -0.497002       -0.000000
 ST_GPa 3        0.000000       -0.000000       -0.074819
  
 --------------------------------------------------
 STRESS (a.u.)
 --------------------------------------------------
 ST_AU  1  -1.6893050580E-05  -2.3996683414E-10   7.6833742881E-12
 ST_AU  2  -2.3996683414E-10  -1.6892741200E-05  -8.4886013605E-12
 ST_AU  3   7.6833742881E-12  -8.4886013605E-12  -2.5430390332E-06
; Cell optimization at step 21, max(stress):  0.1689E-04, total energy:  -46.836708    ;
  dV of each real space grid is now    4.9809465494681120E-002
 Cell length (Bohr)    5.302E+00   5.302E+00   9.624E+01
 Angle     (Degree)    9.000E+01   9.000E+01   6.000E+01
 Volume    (Bohr^3)    2.343E+03
  dV of each real space grid is now    4.9809465494681120E-002
 Cell length (Bohr)    5.302E+00   5.302E+00   9.624E+01
 Angle     (Degree)    9.000E+01   9.000E+01   6.000E+01
 Volume    (Bohr^3)    2.343E+03

 ------------------------------------------------------------------------------
                           SETUP EWALD 
 (Ewald) eta                             :   0.6867    
 (Ewald) Real Space Cutoff               :    7.513     (Bohr)
 (Ewald) Reciprocal Cutoff               :    7.703     (1/Bohr)

 ------------------------------------------------------------------------------
                           SETUP PLANE WAVE 
 Fill the 3D Wang-Teter kernel in G space

 ------------------------------------------------------------------------------
                           REFRESH ION POSITIONS
  
 Calculating Ion-Ion Energy ...                   complete.     0.004 s
  
 Calculating Ion-Electron Potential (spline) ... 
 complete.     0.005 s
 Rescale the total density from   3.288398 to         66

 ------------------------------------------------------------------------------
                           DENSITY OPTIMIZATION
 Electron number for spin            1  is    66.000000000000085     
 Cell Volume      :           347.202295 Angstrom^3
 Ion number       :                   22
 Electron number  :            66.000000
 Ion density      :             0.063364 Ion/Angstrom^3
 Electron density :             0.190091 Electron/Angstrom^3
  
 Calculating Ion-Ion Forces ...                complete.     0.005 s
  
 Calculating Ion-Electron Forces (spline) ...  complete.     0.003 s
  ------ ION (GRADIENT METHOD) STEP            1  ------
  
 Calculating Ion-Electron Stress (spline) ...  complete.     0.006 s
  
 Calculating Ion-Ion Stress ...                complete.     0.003 s
  
 ------------------------------------------------------------------------------
                         LATTICE VECTORS (Angstrom)
 LAT 1           2.805800        0.000000        0.000000
 LAT 2           1.402900        2.429894        0.000000
 LAT 3           0.000000        0.000000       50.925890
 ------------------------------------------------------------------------------
                                STRESS (GPa)
 ST_GPa 1       -0.478257       -0.000007        0.000000
 ST_GPa 2       -0.000007       -0.478247       -0.000000
 ST_GPa 3        0.000000       -0.000000       -0.036799
  
 --------------------------------------------------
 STRESS (a.u.)
 --------------------------------------------------
 ST_AU  1  -1.6255611823E-05  -2.3940399757E-10   7.4966556840E-12
 ST_AU  2  -2.3940399757E-10  -1.6255303237E-05  -8.4811520869E-12
 ST_AU  3   7.4966556840E-12  -8.4811520869E-12  -1.2507839087E-06
; Cell optimization at step 22, max(stress):  0.1626E-04, total energy:  -46.836709    ;
  dV of each real space grid is now    4.9818166827633875E-002
 Cell length (Bohr)    5.302E+00   5.302E+00   9.625E+01
 Angle     (Degree)    9.000E+01   9.000E+01   6.000E+01
 Volume    (Bohr^3)    2.343E+03
  dV of each real space grid is now    4.9818166827633875E-002
 Cell length (Bohr)    5.302E+00   5.302E+00   9.625E+01
 Angle     (Degree)    9.000E+01   9.000E+01   6.000E+01
 Volume    (Bohr^3)    2.343E+03

 ------------------------------------------------------------------------------
                           SETUP EWALD 
 (Ewald) eta                             :   0.6867    
 (Ewald) Real Space Cutoff               :    7.513     (Bohr)
 (Ewald) Reciprocal Cutoff               :    7.703     (1/Bohr)

 ------------------------------------------------------------------------------
                           SETUP PLANE WAVE 
 Fill the 3D Wang-Teter kernel in G space

 ------------------------------------------------------------------------------
                           REFRESH ION POSITIONS
  
 Calculating Ion-Ion Energy ...                   complete.     0.006 s
  
 Calculating Ion-Electron Potential (spline) ... 
 complete.     0.005 s
 Rescale the total density from   3.288573 to         66

 ------------------------------------------------------------------------------
                           DENSITY OPTIMIZATION
 Electron number for spin            1  is    65.999999999999318     
 Cell Volume      :           347.262949 Angstrom^3
 Ion number       :                   22
 Electron number  :            66.000000
 Ion density      :             0.063353 Ion/Angstrom^3
 Electron density :             0.190058 Electron/Angstrom^3
  
 Calculating Ion-Ion Forces ...                complete.     0.005 s
  
 Calculating Ion-Electron Forces (spline) ...  complete.     0.003 s
  ------ ION (GRADIENT METHOD) STEP            1  ------
  
 Calculating Ion-Electron Stress (spline) ...  complete.     0.007 s
  
 Calculating Ion-Ion Stress ...                complete.     0.003 s
  
 ------------------------------------------------------------------------------
                         LATTICE VECTORS (Angstrom)
 LAT 1           2.805800        0.000000        0.000000
 LAT 2           1.402900        2.429894        0.000000
 LAT 3           0.000000        0.000000       50.934786
 ------------------------------------------------------------------------------
                                STRESS (GPa)
 ST_GPa 1       -0.467309       -0.000007        0.000000
 ST_GPa 2       -0.000007       -0.467300       -0.000000
 ST_GPa 3        0.000000       -0.000000       -0.014295
  
 --------------------------------------------------
 STRESS (a.u.)
 --------------------------------------------------
 ST_AU  1  -1.5883510010E-05  -2.3930750808E-10   7.4710074529E-12
 ST_AU  2  -2.3930750808E-10  -1.5883201764E-05  -8.5063463281E-12
 ST_AU  3   7.4710074529E-12  -8.5063463281E-12  -4.8588806272E-07
; Cell optimization at step 23, max(stress):  0.1588E-04, total energy:  -46.836710    ;
##############################################################################
#                               FINAL ENERGIES                       time    #
##############################################################################
# Thomas-Fermi Kin. Energy =   4.852799028796E+02 eV                 0.000 s #
# Von-Weizsacker Kin. Ener =   3.974511449522E+01 eV                 0.000 s #
# Wang-Teter Kinetic Energ =  -1.450213344480E+01 eV                 0.000 s #
#                                                                            #
#     LDA Exch-Corr Energy =  -4.868815922651E+02 eV                 0.000 s #
#         Coulombic Energy =   2.493826376685E+00 eV                 0.000 s #
#      Ion-Electron Energy =   3.405456527247E+02 eV                 0.000 s #
#           Ion-Ion Energy =  -1.641172439879E+03 eV                 0.000 s #
#                                                                            #
#     TOTAL KINETIC ENERGY =   5.105228839300E+02 eV                         #
#   TOTAL POTENTIAL ENERGY =  -1.785014553043E+03 eV                         #
#             TOTAL ENERGY =  -1.274491669112E+03 eV                         #
##############################################################################
  
 ----------------------------- TIME INFORMATION ------------------------------
    PROFESS      :     66.06s WALL    100.00% (       1 calls)    66.06s/call
    InitPROFESS  :      0.04s WALL      0.06% (       1 calls)     0.04s/call
    KEDFRefresh  :      0.04s WALL      0.06% (      23 calls)     0.00s/call
    IonRefresh   :      0.50s WALL      0.76% (      44 calls)     0.01s/call
    EwaldEnergy  :      0.22s WALL      0.33% (      44 calls)     0.00s/call
    Pot_Ion      :      0.12s WALL      0.18% (    1735 calls)     0.00s/call
    Pot_Har      :      3.69s WALL      5.59% (    1735 calls)     0.00s/call
    Pot_Exc      :      9.76s WALL     14.78% (    1735 calls)     0.01s/call
    Pot_KEDF     :     47.38s WALL     71.72% (    1735 calls)     0.03s/call
    VWPotSqrPlus :      3.32s WALL      5.02% (    1735 calls)     0.00s/call
    NextGradient :      0.14s WALL      0.22% (     165 calls)     0.00s/call
    CalForce     :      0.48s WALL      0.73% (      44 calls)     0.01s/call
    EwaldForces  :      0.26s WALL      0.40% (      44 calls)     0.01s/call
    CalStress    :      1.12s WALL      1.70% (      23 calls)     0.05s/call
    EwaldStress  :      0.07s WALL      0.11% (      23 calls)     0.00s/call
 -----------------------------------------------------------------------------
 ------------------------------- TOTAL ---------------------------------------
    PROFESS      :     66.06s WALL    100.00% (       1 calls)    66.06s/call
 -----------------------------------------------------------------------------

Run completed on: 05/02/2022 at 14:03:15 
  
