 ******************************************************************************
                             WELCOME TO PROFESS                   
            (PRinceton Orbital-Free Electronic Structure Software) 
 ******************************************************************************

 ------------------------------------------------------------------------------
                           READ GEOMETRY
 Cell length (Bohr)    7.986E+00   7.986E+00   1.316E+01
 Angle     (Degree)    9.000E+01   9.000E+01   1.200E+02
 Volume    (Bohr^3)    7.270E+02

 ------------------------------------------------------------------------------
                           READ PSEUDOPOTENTIAL
 Total electron number in ReadPseudo is    16.000000000000000     
 (System) Machine Precision              :    2.2204460492503131E-016

 ------------------------------------------------------------------------------
                           SETUP FFT
 Global FFT Dimension :    40   40   70
 Dimension of rho for this processor : 
 xmin, xmax :            0          39
 ymin, ymax :            0          39
 zmin, zmax :            0          69
 Total electron number =    16.000000000000000     
 Uniform rhoR =    2.2006888797004884E-002
 (GB INFO) FFT size      :       40      40      70
 (GB INFO) FFT offset    :        0
 (GB INFO) FFT G size    :       21      40      70
 (GB INFO) FFT G offset  :        0

 ------------------------------------------------------------------------------
                           SETUP KEDF
 kinetic energy density functional number is            5
 ( 1=TF, 2=VW, 3=TF+VW, 4=WT,  5=WGC,  
   7=LQ, 8=HQ, 10=CAT,  11=HC, 12=WGCD,
   15=GGA, 16=WGCD+GGA, 17=EVT, 18=EVC )
 qTable dimension:    21   40   70
 Coefficient for TF KEDF is     1.0000
 Coefficient for VW KEDF is     1.0000
 Coefficient for alpha in WGC KEDF is     1.2060
 Coefficient for beta  in WGC KEDF is     0.4607
 Coefficient for gamma in WGC KEDF is     4.2000
 rho0 (Electron/Bohr^3) in WGC KEDF is     0.0220
 rhoS (Electron/Bohr^3) in WGC KEDF is     0.0220
 hold0 =  F
 holdS =  F
  dV of each real space grid is now    6.4914738368917271E-003
 Cell length (Bohr)    7.986E+00   7.986E+00   1.316E+01
 Angle     (Degree)    9.000E+01   9.000E+01   1.200E+02
 Volume    (Bohr^3)    7.270E+02

 ------------------------------------------------------------------------------
                           SETUP EWALD 
 (Ewald) eta                             :    1.200    
 (Ewald) Real Space Cutoff               :    6.000     (Bohr)
 (Ewald) Reciprocal Cutoff               :    15.34     (1/Bohr)

 ------------------------------------------------------------------------------
                           SETUP PLANE WAVE 

 ------------------------------------------------------------------------------
                           INITIALIZING WGC KERNEL
 Fermi vector :   0.86694833396643800     
 Reference density :    2.2006888797004884E-002
 Make WGC kernels.
 Dimension of KEDF Kernel :           21          40          70

 ------------------------------------------------------------------------------
                           REFRESH ION POSITIONS
  
 Calculating Ion-Ion Energy ...                   complete.     0.024 s
  
 Calculating Ion-Electron Potential (spline) ... 
 complete.     0.037 s

 ------------------------------------------------------------------------------
                           DENSITY OPTIMIZATION
 Electron number for spin            1  is    16.000000000011344     
 Cell Volume      :           107.736962 Angstrom^3
 Ion number       :                    4
 Electron number  :            16.000000
 Ion density      :             0.037127 Ion/Angstrom^3
 Electron density :             0.148510 Electron/Angstrom^3
  
 ----------------------------- TIME INFORMATION ------------------------------
    PROFESS      :     27.08s WALL    100.00% (       1 calls)    27.08s/call
    InitPROFESS  :      0.15s WALL      0.54% (       1 calls)     0.15s/call
    KEDFRefresh  :      0.05s WALL      0.18% (       1 calls)     0.05s/call
    IonRefresh   :      0.07s WALL      0.25% (       1 calls)     0.07s/call
    EwaldEnergy  :      0.02s WALL      0.09% (       1 calls)     0.02s/call
    ForwFFT_3D   :      4.95s WALL     18.29% (     855 calls)     0.01s/call
    BackFFT_3D   :      3.63s WALL     13.39% (     853 calls)     0.00s/call
    Pot_Ion      :      0.07s WALL      0.27% (      71 calls)     0.00s/call
    Pot_Har      :      0.82s WALL      3.01% (      71 calls)     0.01s/call
    Pot_Exc      :     15.72s WALL     58.04% (      71 calls)     0.22s/call
    PBEPot       :     15.20s WALL     56.13% (      71 calls)     0.21s/call
    Pot_KEDF     :      9.24s WALL     34.11% (      71 calls)     0.13s/call
    WGCPotPlus   :      7.40s WALL     27.34% (      71 calls)     0.10s/call
    VWPotSqrPlus :      0.66s WALL      2.43% (      71 calls)     0.01s/call
    NextGradient :      0.05s WALL      0.19% (       8 calls)     0.01s/call
 -----------------------------------------------------------------------------
