 ******************************************************************************
                             WELCOME TO PROFESS                   
            (PRinceton Orbital-Free Electronic Structure Software) 
 ******************************************************************************

 ------------------------------------------------------------------------------
                           READ GEOMETRY
 Cell length (Bohr)    5.307E+00   5.307E+00   5.307E+00
 Angle     (Degree)    6.000E+01   6.000E+01   6.000E+01
 Volume    (Bohr^3)    1.057E+02

 ------------------------------------------------------------------------------
                           READ PSEUDOPOTENTIAL
 Total electron number in ReadPseudo is    3.0000000000000000     
 (System) Machine Precision              :    2.2204460492503131E-016

 ------------------------------------------------------------------------------
                           SETUP FFT
 Global FFT Dimension :    14   14   14
 Rank/Size in Global Communicator     :            0 /           1
 Rank/Size in Global FFT Communicator :            0 /           1
 Parallel FFT, totX    =    14
 Parallel FFT, totY    =    14
 Parallel FFT, locZ    =    14
 Parallel FFT, locZoff =     0
 Dimension of rho for this processor : 
 xmin, xmax :            0          13
 ymin, ymax :            0          13
 zmin, zmax :            0          13
 Total electron number =    3.0000000000000000     
 Uniform rhoR =    2.8377838550584497E-002
 (GB INFO) FFT size      :       14      14      14
 (GB INFO) FFT offset    :        0
 (GB INFO) FFT G size    :        8      14      14
 (GB INFO) FFT G offset  :        0

 ------------------------------------------------------------------------------
                           SETUP KEDF
 kinetic energy density functional number is            4
 ( 1=TF, 2=VW, 3=TF+VW, 4=WT,  5=WGC,  
   7=LQ, 8=HQ, 10=CAT,  11=HC, 12=WGCD,
   15=GGA, 16=WGCD+GGA, 17=EVT, 18=EVC )
 qTable dimension:     8   14   14
 Coefficient for TF KEDF is     1.0000
 Coefficient for VW KEDF is     1.0000
 Coefficient for alpha in WT KEDF is     0.8333
 Coefficient for beta  in WT KEDF is     0.8333
 rho0 (Electron/Bohr^3) in WGC KEDF is     0.0284
 hold0 =  F
  dV of each real space grid is now    3.8526347194926897E-002
 Cell length (Bohr)    5.307E+00   5.307E+00   5.307E+00
 Angle     (Degree)    6.000E+01   6.000E+01   6.000E+01
 Volume    (Bohr^3)    1.057E+02

 ------------------------------------------------------------------------------
                           SETUP EWALD 
 (Ewald) eta                             :   0.7608    
 (Ewald) Real Space Cutoff               :    6.360     (Bohr)
 (Ewald) Reciprocal Cutoff               :    7.695     (1/Bohr)

 ------------------------------------------------------------------------------
                           SETUP PLANE WAVE 
 Read in WT kernel.
 kernel file name  : 8PROFESS_KERNEL.dat           
 KEDF type         :     4
 Fermi vector      :   1.182014212099E+00
 Reference density :  -1.000000000000E+00
 Mesh points       :   200002
 Fermi vector in this cell is    1.8872528949021883     
 Fermi vector from kernel file is    1.1820142120987149     
 First qNorm is    0.0000000000000000     
 size of Wang-Teter kernel in this run is            8          14          14
 Max |G| in this calculation is   1.818654592008E+01
 Max eta used from kernel is   9.636517696808E+00

 ------------------------------------------------------------------------------
                           REFRESH ION POSITIONS
  
 Calculating Ion-Ion Energy ...                   complete.     0.000 s
  
 Calculating Ion-Electron Potential (spline) ... 
 complete.     0.000 s

 ------------------------------------------------------------------------------
                           DENSITY OPTIMIZATION
 Electron number for spin            1  is    2.9999999999999178     
 Cell Volume      :            15.665539 Angstrom^3
 Ion number       :                    1
 Electron number  :             3.000000
 Ion density      :             0.063834 Ion/Angstrom^3
 Electron density :             0.191503 Electron/Angstrom^3
##############################################################################
#                               FINAL ENERGIES                       time    #
##############################################################################
# Thomas-Fermi Kin. Energy =   2.222764270711E+01 eV                 0.000 s #
# Von-Weizsacker Kin. Ener =   1.917220998025E+00 eV                 0.000 s #
# Wang-Teter Kinetic Energ =  -8.491827665704E-01 eV                 0.000 s #
#                                                                            #
#     LDA Exch-Corr Energy =  -2.220383026266E+01 eV                 0.000 s #
#         Coulombic Energy =   1.344795761584E-01 eV                 0.000 s #
#      Ion-Electron Energy =   1.558348808282E+01 eV                 0.000 s #
#           Ion-Ion Energy =  -7.479779010796E+01 eV                 0.000 s #
#                                                                            #
#     TOTAL KINETIC ENERGY =   2.329568093856E+01 eV                         #
#   TOTAL POTENTIAL ENERGY =  -8.128365271164E+01 eV                         #
#             TOTAL ENERGY =  -5.798797177308E+01 eV                         #
##############################################################################
  
 ----------------------------- TIME INFORMATION ------------------------------
    PROFESS      :      0.87s WALL    100.00% (       1 calls)     0.87s/call
    InitPROFESS  :      0.44s WALL     50.97% (       1 calls)     0.44s/call
    KEDFRefresh  :      0.41s WALL     47.47% (       1 calls)     0.41s/call
    IonRefresh   :      0.00s WALL      0.09% (       1 calls)     0.00s/call
    EwaldEnergy  :      0.00s WALL      0.04% (       1 calls)     0.00s/call
    Pot_Ion      :      0.00s WALL      0.03% (      70 calls)     0.00s/call
    Pot_Har      :      0.01s WALL      0.68% (      70 calls)     0.00s/call
    Pot_Exc      :      0.03s WALL      2.90% (      70 calls)     0.00s/call
    Pot_KEDF     :      0.11s WALL     13.13% (      70 calls)     0.00s/call
    VWPotSqrPlus :      0.01s WALL      0.63% (      70 calls)     0.00s/call
    NextGradient :      0.00s WALL      0.03% (       7 calls)     0.00s/call
 -----------------------------------------------------------------------------
 ------------------------------- TOTAL ---------------------------------------
    PROFESS      :      0.87s WALL    100.00% (       1 calls)     0.87s/call
 -----------------------------------------------------------------------------

Run completed on: 08/06/2021 at 18:31:27 
  
