 ******************************************************************************
                             WELCOME TO PROFESS                   
            (PRinceton Orbital-Free Electronic Structure Software) 
 ******************************************************************************

 ------------------------------------------------------------------------------
                           READ GEOMETRY
 Cell length (Bohr)    5.946E+00   5.946E+00   5.946E+00
 Angle     (Degree)    6.000E+01   6.000E+01   6.000E+01
 Volume    (Bohr^3)    1.487E+02

 ------------------------------------------------------------------------------
                           READ PSEUDOPOTENTIAL
 Total electron number in ReadPseudo is    2.0000000000000000     
 (System) Machine Precision              :    2.2204460492503131E-016

 ------------------------------------------------------------------------------
                           SETUP FFT
 Global FFT Dimension :    15   15   15
 Rank/Size in Global Communicator     :            0 /           1
 Rank/Size in Global FFT Communicator :            0 /           1
 Parallel FFT, totX    =    15
 Parallel FFT, totY    =    15
 Parallel FFT, locZ    =    15
 Parallel FFT, locZoff =     0
 Dimension of rho for this processor : 
 xmin, xmax :            0          14
 ymin, ymax :            0          14
 zmin, zmax :            0          14
 Total electron number =    2.0000000000000000     
 Uniform rhoR =    1.3451904228024076E-002
 (GB INFO) FFT size      :       15      15      15
 (GB INFO) FFT offset    :        0
 (GB INFO) FFT G size    :        8      15      15
 (GB INFO) FFT G offset  :        0

 ------------------------------------------------------------------------------
                           SETUP KEDF
 kinetic energy density functional number is            5
 ( 1=TF, 2=VW, 3=TF+VW, 4=WT,  5=WGC,  
   7=LQ, 8=HQ, 10=CAT,  11=HC, 12=WGCD,
   15=GGA, 16=WGCD+GGA, 17=EVT, 18=EVC )
 qTable dimension:     8   15   15
 Coefficient for TF KEDF is     1.0000
 Coefficient for VW KEDF is     1.0000
 Coefficient for alpha in WGC KEDF is     1.2060
 Coefficient for beta  in WGC KEDF is     0.4607
 Coefficient for gamma in WGC KEDF is     2.7000
 rho0 (Electron/Bohr^3) in WGC KEDF is     0.0135
 rhoS (Electron/Bohr^3) in WGC KEDF is     0.0135
 hold0 =  F
 holdS =  F
  dV of each real space grid is now    4.4052691912425057E-002
 Cell length (Bohr)    5.946E+00   5.946E+00   5.946E+00
 Angle     (Degree)    6.000E+01   6.000E+01   6.000E+01
 Volume    (Bohr^3)    1.487E+02

 ------------------------------------------------------------------------------
                           SETUP EWALD 
 (Ewald) eta                             :   0.7396    
 (Ewald) Real Space Cutoff               :    6.392     (Bohr)
 (Ewald) Reciprocal Cutoff               :    7.396     (1/Bohr)

 ------------------------------------------------------------------------------
                           SETUP PLANE WAVE 

 ------------------------------------------------------------------------------
                           INITIALIZING WGC KERNEL
 Fermi vector :   0.73575788024567823     
 Reference density :    1.3451904228024076E-002
 Make WGC kernels.
 Dimension of KEDF Kernel :            8          15          15

 ------------------------------------------------------------------------------
                           REFRESH ION POSITIONS
  
 Calculating Ion-Ion Energy ...                   complete.     0.000 s
  
 Calculating Ion-Electron Potential (spline) ... 
 complete.     0.000 s

 ------------------------------------------------------------------------------
                           DENSITY OPTIMIZATION
 Electron number for spin            1  is    2.0000000000001301     
 Cell Volume      :            22.031782 Angstrom^3
 Ion number       :                    1
 Electron number  :             2.000000
 Ion density      :             0.045389 Ion/Angstrom^3
 Electron density :             0.090778 Electron/Angstrom^3
##############################################################################
#                               FINAL ENERGIES                       time    #
##############################################################################
# Thomas-Fermi Kin. Energy =   8.996275465547E+00 eV                 0.000 s #
# Von-Weizsacker Kin. Ener =   8.978954405854E-01 eV                 0.000 s #
#       WGC Kinetic Energy =  -3.012497393547E-01 eV                 0.000 s #
#                                                                            #
#     LDA Exch-Corr Energy =  -1.180891104902E+01 eV                 0.000 s #
#         Coulombic Energy =   5.616436097452E-02 eV                 0.000 s #
#      Ion-Electron Energy =   7.191707020146E+00 eV                 0.000 s #
#           Ion-Ion Energy =  -2.967140782203E+01 eV                 0.000 s #
#                                                                            #
#     TOTAL KINETIC ENERGY =   9.592921166778E+00 eV                         #
#   TOTAL POTENTIAL ENERGY =  -3.423244748993E+01 eV                         #
#             TOTAL ENERGY =  -2.463952632315E+01 eV                         #
##############################################################################
  
 ----------------------------- TIME INFORMATION ------------------------------
    PROFESS      :      0.61s WALL    100.00% (       1 calls)     0.61s/call
    InitPROFESS  :      0.10s WALL     15.84% (       1 calls)     0.10s/call
    KEDFRefresh  :      0.03s WALL      5.22% (       1 calls)     0.03s/call
    IonRefresh   :      0.00s WALL      0.13% (       1 calls)     0.00s/call
    EwaldEnergy  :      0.00s WALL      0.06% (       1 calls)     0.00s/call
    Pot_Ion      :      0.00s WALL      0.04% (      61 calls)     0.00s/call
    Pot_Har      :      0.01s WALL      1.03% (      61 calls)     0.00s/call
    Pot_Exc      :      0.03s WALL      4.57% (      61 calls)     0.00s/call
    Pot_KEDF     :      0.16s WALL     26.81% (      61 calls)     0.00s/call
    WGCPotPlus   :      0.13s WALL     21.34% (      61 calls)     0.00s/call
    VWPotSqrPlus :      0.01s WALL      0.95% (      61 calls)     0.00s/call
    NextGradient :      0.00s WALL      0.05% (       6 calls)     0.00s/call
 -----------------------------------------------------------------------------
 ------------------------------- TOTAL ---------------------------------------
    PROFESS      :      0.61s WALL    100.00% (       1 calls)     0.61s/call
 -----------------------------------------------------------------------------

Run completed on: 08/19/2021 at 15:44:00 
  
