 ******************************************************************************
                             WELCOME TO PROFESS                   
            (PRinceton Orbital-Free Electronic Structure Software) 
 ******************************************************************************

 ------------------------------------------------------------------------------
                           READ GEOMETRY
 Cell length (Bohr)    5.679E+00   5.679E+00   5.679E+00
 Angle     (Degree)    6.000E+01   6.000E+01   6.000E+01
 Volume    (Bohr^3)    1.295E+02

 ------------------------------------------------------------------------------
                           READ PSEUDOPOTENTIAL
 Total electron number in ReadPseudo is    1.0000000000000000     
 (System) Machine Precision              :    2.2204460492503131E-016

 ------------------------------------------------------------------------------
                           SETUP FFT
 Global FFT Dimension :    15   15   15
 Rank/Size in Global Communicator     :            0 /           1
 Rank/Size in Global FFT Communicator :            0 /           1
 Parallel FFT, totX    =    15
 Parallel FFT, totY    =    15
 Parallel FFT, locZ    =    15
 Parallel FFT, locZoff =     0
 Dimension of rho for this processor : 
 xmin, xmax :            0          14
 ymin, ymax :            0          14
 zmin, zmax :            0          14
 Total electron number =    1.0000000000000000     
 Uniform rhoR =    7.7200288482935789E-003
 (GB INFO) FFT size      :       15      15      15
 (GB INFO) FFT offset    :        0
 (GB INFO) FFT G size    :        8      15      15
 (GB INFO) FFT G offset  :        0

 ------------------------------------------------------------------------------
                           SETUP KEDF
 kinetic energy density functional number is            4
 ( 1=TF, 2=VW, 3=TF+VW, 4=WT,  5=WGC,  
   7=LQ, 8=HQ, 10=CAT,  11=HC, 12=WGCD,
   15=GGA, 16=WGCD+GGA, 17=EVT, 18=EVC )
 qTable dimension:     8   15   15
 Coefficient for TF KEDF is     1.0000
 Coefficient for VW KEDF is     1.0000
 Coefficient for alpha in WT KEDF is     0.8333
 Coefficient for beta  in WT KEDF is     0.8333
 rho0 (Electron/Bohr^3) in WGC KEDF is     0.0077
 hold0 =  F
  dV of each real space grid is now    3.8380205841042819E-002
 Cell length (Bohr)    5.679E+00   5.679E+00   5.679E+00
 Angle     (Degree)    6.000E+01   6.000E+01   6.000E+01
 Volume    (Bohr^3)    1.295E+02

 ------------------------------------------------------------------------------
                           SETUP EWALD 
 (Ewald) eta                             :   0.7978    
 (Ewald) Real Space Cutoff               :    6.000     (Bohr)
 (Ewald) Reciprocal Cutoff               :    7.744     (1/Bohr)

 ------------------------------------------------------------------------------
                           SETUP PLANE WAVE 
 Fill the 3D Wang-Teter kernel in G space

 ------------------------------------------------------------------------------
                           REFRESH ION POSITIONS
  
 Calculating Ion-Ion Energy ...                   complete.     0.000 s
  
 Calculating Ion-Electron Potential (spline) ... 
 complete.     0.000 s

 ------------------------------------------------------------------------------
                           DENSITY OPTIMIZATION
 Electron number for spin            1  is   0.99999999999998779     
 Cell Volume      :            19.194839 Angstrom^3
 Ion number       :                    1
 Electron number  :             1.000000
 Ion density      :             0.052097 Ion/Angstrom^3
 Electron density :             0.052097 Electron/Angstrom^3
##############################################################################
#                               FINAL ENERGIES                       time    #
##############################################################################
# Thomas-Fermi Kin. Energy =   3.085366779297E+00 eV                 0.000 s #
# Von-Weizsacker Kin. Ener =   2.065136137474E-01 eV                 0.000 s #
# Wang-Teter Kinetic Energ =  -6.080860390749E-02 eV                 0.000 s #
#                                                                            #
#     LDA Exch-Corr Energy =  -4.982113562328E+00 eV                 0.000 s #
#         Coulombic Energy =   1.194000793731E-02 eV                 0.000 s #
#      Ion-Electron Energy =   1.957858658473E+00 eV                 0.000 s #
#           Ion-Ion Energy =  -7.766640662950E+00 eV                 0.000 s #
#                                                                            #
#     TOTAL KINETIC ENERGY =   3.231071789137E+00 eV                         #
#   TOTAL POTENTIAL ENERGY =  -1.077895555887E+01 eV                         #
#             TOTAL ENERGY =  -7.547883769730E+00 eV                         #
##############################################################################
  
 ----------------------------- TIME INFORMATION ------------------------------
    PROFESS      :      0.41s WALL    100.00% (       1 calls)     0.41s/call
    InitPROFESS  :      0.01s WALL      3.32% (       1 calls)     0.01s/call
    KEDFRefresh  :      0.00s WALL      0.05% (       1 calls)     0.00s/call
    IonRefresh   :      0.00s WALL      0.24% (       1 calls)     0.00s/call
    EwaldEnergy  :      0.00s WALL      0.11% (       1 calls)     0.00s/call
    Pot_Ion      :      0.00s WALL      0.07% (      66 calls)     0.00s/call
    Pot_Har      :      0.01s WALL      1.65% (      66 calls)     0.00s/call
    Pot_Exc      :      0.03s WALL      7.34% (      66 calls)     0.00s/call
    Pot_KEDF     :      0.13s WALL     31.92% (      66 calls)     0.00s/call
    VWPotSqrPlus :      0.01s WALL      1.48% (      66 calls)     0.00s/call
    NextGradient :      0.00s WALL      0.07% (       6 calls)     0.00s/call
 -----------------------------------------------------------------------------
 ------------------------------- TOTAL ---------------------------------------
    PROFESS      :      0.41s WALL    100.00% (       1 calls)     0.41s/call
 -----------------------------------------------------------------------------

Run completed on: 07/15/2022 at 11:17:25 
  
