 ******************************************************************************
                             WELCOME TO PROFESS                   
            (PRinceton Orbital-Free Electronic Structure Software) 
 ******************************************************************************

 ------------------------------------------------------------------------------
                           READ GEOMETRY
 Cell length (Bohr)    7.301E+00   7.301E+00   1.198E+01
 Angle     (Degree)    9.000E+01   9.000E+01   1.200E+02
 Volume    (Bohr^3)    5.532E+02

 ------------------------------------------------------------------------------
                           READ PSEUDOPOTENTIAL
 Total electron number in ReadPseudo is    16.000000000000000     
 (System) Machine Precision              :    2.2204460492503131E-016

 ------------------------------------------------------------------------------
                           SETUP FFT
 Global FFT Dimension :    36   36   60
 Dimension of rho for this processor : 
 xmin, xmax :            0          35
 ymin, ymax :            0          35
 zmin, zmax :            0          59
 Total electron number =    16.000000000000000     
 Uniform rhoR =    2.8923222397848877E-002
 (GB INFO) FFT size      :       36      36      60
 (GB INFO) FFT offset    :        0
 (GB INFO) FFT G size    :       19      36      60
 (GB INFO) FFT G offset  :        0

 ------------------------------------------------------------------------------
                           SETUP KEDF
 kinetic energy density functional number is            5
 ( 1=TF, 2=VW, 3=TF+VW, 4=WT,  5=WGC,  
   7=LQ, 8=HQ, 10=CAT,  11=HC, 12=WGCD,
   15=GGA, 16=WGCD+GGA, 17=EVT, 18=EVC )
 qTable dimension:    19   36   60
 Coefficient for TF KEDF is     1.0000
 Coefficient for VW KEDF is     1.0000
 Coefficient for alpha in WGC KEDF is     1.2060
 Coefficient for beta  in WGC KEDF is     0.4607
 Coefficient for gamma in WGC KEDF is     4.2000
 rho0 (Electron/Bohr^3) in WGC KEDF is     0.0289
 rhoS (Electron/Bohr^3) in WGC KEDF is     0.0289
 hold0 =  F
 holdS =  F
  dV of each real space grid is now    7.1140523017148736E-003
 Cell length (Bohr)    7.301E+00   7.301E+00   1.198E+01
 Angle     (Degree)    9.000E+01   9.000E+01   1.200E+02
 Volume    (Bohr^3)    5.532E+02

 ------------------------------------------------------------------------------
                           SETUP EWALD 
 (Ewald) eta                             :    1.200    
 (Ewald) Real Space Cutoff               :    6.000     (Bohr)
 (Ewald) Reciprocal Cutoff               :    15.06     (1/Bohr)

 ------------------------------------------------------------------------------
                           SETUP PLANE WAVE 

 ------------------------------------------------------------------------------
                           INITIALIZING WGC KERNEL
 Fermi vector :   0.94963320621660119     
 Reference density :    2.8923222397848877E-002
 Make WGC kernels.
 Dimension of KEDF Kernel :           19          36          60

 ------------------------------------------------------------------------------
                           REFRESH ION POSITIONS
  
 Calculating Ion-Ion Energy ...                   complete.     0.008 s
  
 Calculating Ion-Electron Potential (spline) ... 
 complete.     0.018 s

 ------------------------------------------------------------------------------
                           DENSITY OPTIMIZATION
 Electron number for spin            1  is    15.999999999999433     
 Cell Volume      :            81.974108 Angstrom^3
 Ion number       :                    4
 Electron number  :            16.000000
 Ion density      :             0.048796 Ion/Angstrom^3
 Electron density :             0.195184 Electron/Angstrom^3
  
 ----------------------------- TIME INFORMATION ------------------------------
    PROFESS      :     24.59s WALL    100.00% (       1 calls)    24.59s/call
    InitPROFESS  :      0.12s WALL      0.48% (       1 calls)     0.12s/call
    KEDFRefresh  :      0.04s WALL      0.16% (       1 calls)     0.04s/call
    IonRefresh   :      0.03s WALL      0.12% (       1 calls)     0.03s/call
    EwaldEnergy  :      0.01s WALL      0.03% (       1 calls)     0.01s/call
    ForwFFT_3D   :      4.23s WALL     17.21% (    1407 calls)     0.00s/call
    BackFFT_3D   :      3.34s WALL     13.56% (    1405 calls)     0.00s/call
    Pot_Ion      :      0.09s WALL      0.37% (     117 calls)     0.00s/call
    Pot_Har      :      0.78s WALL      3.16% (     117 calls)     0.01s/call
    Pot_Exc      :     13.84s WALL     56.25% (     117 calls)     0.12s/call
    PBEPot       :     13.23s WALL     53.80% (     117 calls)     0.11s/call
    Pot_KEDF     :      8.61s WALL     35.01% (     117 calls)     0.07s/call
    WGCPotPlus   :      6.88s WALL     27.97% (     117 calls)     0.06s/call
    VWPotSqrPlus :      0.55s WALL      2.24% (     117 calls)     0.00s/call
    NextGradient :      0.05s WALL      0.19% (       8 calls)     0.01s/call
 -----------------------------------------------------------------------------
