 ******************************************************************************
                             WELCOME TO PROFESS                   
            (PRinceton Orbital-Free Electronic Structure Software) 
 ******************************************************************************

 ------------------------------------------------------------------------------
                           READ GEOMETRY
 Cell length (Bohr)    3.054E+01   3.054E+01   3.054E+01
 Angle     (Degree)    9.000E+01   9.000E+01   9.000E+01
 Volume    (Bohr^3)    2.848E+04

 ------------------------------------------------------------------------------
                           READ PSEUDOPOTENTIAL
 Total electron number in ReadPseudo is    860.00000000000000     
 (System) Machine Precision              :    2.2204460492503131E-016

 ------------------------------------------------------------------------------
                           SETUP FFT
 Global FFT Dimension :    84   84   84
 Rank/Size in Global Communicator     :            0 /           1
 Rank/Size in Global FFT Communicator :            0 /           1
 Parallel FFT, totX    =    84
 Parallel FFT, totY    =    84
 Parallel FFT, locZ    =    84
 Parallel FFT, locZoff =     0
 Dimension of rho for this processor : 
 xmin, xmax :            0          83
 ymin, ymax :            0          83
 zmin, zmax :            0          83
 Total electron number =    860.00000000000000     
 Uniform rhoR =    3.0193778601772435E-002
 (GB INFO) FFT size      :       84      84      84
 (GB INFO) FFT offset    :        0
 (GB INFO) FFT G size    :       43      84      84
 (GB INFO) FFT G offset  :        0

 ------------------------------------------------------------------------------
                           SETUP KEDF
 kinetic energy density functional number is            4
 ( 1=TF, 2=VW, 3=TF+VW, 4=WT,  5=WGC,  
   7=LQ, 8=HQ, 10=CAT,  11=HC, 12=WGCD,
   15=GGA, 16=WGCD+GGA, 17=EVT, 18=EVC )
 qTable dimension:    43   84   84
 Coefficient for TF KEDF is     1.0000
 Coefficient for VW KEDF is     1.0000
 Coefficient for alpha in WT KEDF is     0.8333
 Coefficient for beta  in WT KEDF is     0.8333
 rho0 (Electron/Bohr^3) in WGC KEDF is     0.0302
 hold0 =  F
  dV of each real space grid is now    4.8055502937223084E-002
 Cell length (Bohr)    3.054E+01   3.054E+01   3.054E+01
 Angle     (Degree)    9.000E+01   9.000E+01   9.000E+01
 Volume    (Bohr^3)    2.848E+04

 ------------------------------------------------------------------------------
                           SETUP EWALD 
 (Ewald) eta                             :   0.7026    
 (Ewald) Real Space Cutoff               :    7.688     (Bohr)
 (Ewald) Reciprocal Cutoff               :    8.538     (1/Bohr)

 ------------------------------------------------------------------------------
                           SETUP PLANE WAVE 
 Read in WT kernel.
 kernel file name  : 4PROFESS_KERNEL.dat           
 KEDF type         :     4
 Fermi vector      :   1.182014212099E+00
 Reference density :  -1.000000000000E+00
 Mesh points       :   200002
 Fermi vector in this cell is    1.9266795353085853     
 Fermi vector from kernel file is    1.1820142120987149     
 First qNorm is    0.0000000000000000     
 size of Wang-Teter kernel in this run is           43          84          84
 Max |G| in this calculation is   1.496681731793E+01
 Max eta used from kernel is   7.768192397148E+00

 ------------------------------------------------------------------------------
                           REFRESH ION POSITIONS
  
 Calculating Ion-Ion Energy ...                   complete.     0.059 s
  
 Calculating Ion-Electron Potential (spline) ... 
 complete.     0.049 s

 ------------------------------------------------------------------------------
                           DENSITY OPTIMIZATION
 Electron number for spin            1  is    860.00000001090780     
 Cell Volume      :          4220.698969 Angstrom^3
 Ion number       :                  215
 Electron number  :           860.000000
 Ion density      :             0.050939 Ion/Angstrom^3
 Electron density :             0.203758 Electron/Angstrom^3
##############################################################################
#                               FINAL ENERGIES                       time    #
##############################################################################
# Thomas-Fermi Kin. Energy =   8.272532154356E+03 eV                 0.000 s #
# Von-Weizsacker Kin. Ener =   2.601321932608E+03 eV                 0.000 s #
# Wang-Teter Kinetic Energ =  -2.039776129701E+03 eV                 0.000 s #
#                                                                            #
#     LDA Exch-Corr Energy =  -7.044548934309E+03 eV                 0.000 s #
#         Coulombic Energy =   1.598006344710E+03 eV                 0.000 s #
#      Ion-Electron Energy =  -2.268536357423E+03 eV                 0.000 s #
#           Ion-Ion Energy =  -2.467187537146E+04 eV                 0.000 s #
#                                                                            #
#     TOTAL KINETIC ENERGY =   8.834077957263E+03 eV                         #
#   TOTAL POTENTIAL ENERGY =  -3.238695431849E+04 eV                         #
#             TOTAL ENERGY =  -2.355287636122E+04 eV                         #
##############################################################################
  
 ----------------------------- TIME INFORMATION ------------------------------
    PROFESS      :     43.36s WALL    100.00% (       1 calls)    43.36s/call
    InitPROFESS  :      0.45s WALL      1.05% (       1 calls)     0.45s/call
    KEDFRefresh  :      0.31s WALL      0.71% (       1 calls)     0.31s/call
    IonRefresh   :      0.12s WALL      0.28% (       1 calls)     0.12s/call
    EwaldEnergy  :      0.06s WALL      0.14% (       1 calls)     0.06s/call
    Pot_Ion      :      0.12s WALL      0.28% (     108 calls)     0.00s/call
    Pot_Har      :      2.65s WALL      6.12% (     108 calls)     0.02s/call
    Pot_Exc      :      6.14s WALL     14.17% (     108 calls)     0.06s/call
    Pot_KEDF     :     31.51s WALL     72.67% (     108 calls)     0.29s/call
    VWPotSqrPlus :      2.42s WALL      5.59% (     108 calls)     0.02s/call
    NextGradient :      0.11s WALL      0.24% (       9 calls)     0.01s/call
 -----------------------------------------------------------------------------
 ------------------------------- TOTAL ---------------------------------------
    PROFESS      :     43.36s WALL    100.00% (       1 calls)    43.36s/call
 -----------------------------------------------------------------------------

Run completed on: 11/28/2022 at 19:46:10 
  
