 ******************************************************************************
                             WELCOME TO PROFESS                   
            (PRinceton Orbital-Free Electronic Structure Software) 
 ******************************************************************************

 ------------------------------------------------------------------------------
                           READ GEOMETRY
 Cell length (Bohr)    5.305E+00   5.305E+00   5.305E+00
 Angle     (Degree)    6.000E+01   6.000E+01   6.000E+01
 Volume    (Bohr^3)    1.056E+02

 ------------------------------------------------------------------------------
                           READ PSEUDOPOTENTIAL
 Total electron number in ReadPseudo is    3.0000000000000000     
 (System) Machine Precision              :    2.2204460492503131E-016

 ------------------------------------------------------------------------------
                           SETUP FFT
 Global FFT Dimension :    14   14   14
 Rank/Size in Global Communicator     :            0 /           1
 Rank/Size in Global FFT Communicator :            0 /           1
 Parallel FFT, totX    =    14
 Parallel FFT, totY    =    14
 Parallel FFT, locZ    =    14
 Parallel FFT, locZoff =     0
 Dimension of rho for this processor : 
 xmin, xmax :            0          13
 ymin, ymax :            0          13
 zmin, zmax :            0          13
 Total electron number =    3.0000000000000000     
 Uniform rhoR =    2.8417022096674124E-002
 (GB INFO) FFT size      :       14      14      14
 (GB INFO) FFT offset    :        0
 (GB INFO) FFT G size    :        8      14      14
 (GB INFO) FFT G offset  :        0

 ------------------------------------------------------------------------------
                           SETUP KEDF
 kinetic energy density functional number is            4
 ( 1=TF, 2=VW, 3=TF+VW, 4=WT,  5=WGC,  
   7=LQ, 8=HQ, 10=CAT,  11=HC, 12=WGCD,
   15=GGA, 16=WGCD+GGA, 17=EVT, 18=EVC )
 qTable dimension:     8   14   14
 Coefficient for TF KEDF is     1.0000
 Coefficient for VW KEDF is     1.0000
 Coefficient for alpha in WT KEDF is     0.8333
 Coefficient for beta  in WT KEDF is     0.8333
 rho0 (Electron/Bohr^3) in WGC KEDF is     0.0284
 hold0 =  F
  dV of each real space grid is now    3.8473224144389029E-002
 Cell length (Bohr)    5.305E+00   5.305E+00   5.305E+00
 Angle     (Degree)    6.000E+01   6.000E+01   6.000E+01
 Volume    (Bohr^3)    1.056E+02

 ------------------------------------------------------------------------------
                           SETUP EWALD 
 (Ewald) eta                             :   0.7608    
 (Ewald) Real Space Cutoff               :    6.360     (Bohr)
 (Ewald) Reciprocal Cutoff               :    7.699     (1/Bohr)

 ------------------------------------------------------------------------------
                           SETUP PLANE WAVE 
 Read in WT kernel.
 kernel file name  : 3PROFESS_KERNEL.dat           
 KEDF type         :     4
 Fermi vector      :   1.182014212099E+00
 Reference density :  -1.000000000000E+00
 Mesh points       :   200002
 Fermi vector in this cell is    1.8881211223027310     
 Fermi vector from kernel file is    1.1820142120987149     
 First qNorm is    0.0000000000000000     
 size of Wang-Teter kernel in this run is            8          14          14
 Max |G| in this calculation is   1.819491260879E+01
 Max eta used from kernel is   9.636517696808E+00

 ------------------------------------------------------------------------------
                           REFRESH ION POSITIONS
  
 Calculating Ion-Ion Energy ...                   complete.     0.000 s
  
 Calculating Ion-Electron Potential (spline) ... 
 complete.     0.000 s

 ------------------------------------------------------------------------------
                           DENSITY OPTIMIZATION
 Electron number for spin            1  is    3.0000000000001319     
 Cell Volume      :            15.643938 Angstrom^3
 Ion number       :                    1
 Electron number  :             3.000000
 Ion density      :             0.063923 Ion/Angstrom^3
 Electron density :             0.191768 Electron/Angstrom^3
  
 Calculating Ion-Ion Forces ...                complete.     0.000 s
  
 Calculating Ion-Electron Forces (spline) ...  complete.     0.000 s
  
 Calculating Ion-Electron Stress (spline) ...  complete.     0.000 s
  
 Calculating Ion-Ion Stress ...                complete.     0.000 s
  
 ------------------------------------------------------------------------------
                         LATTICE VECTORS (Angstrom)
 LAT 1           0.000000        1.985053        1.985053
 LAT 2           1.985053        0.000000        1.985053
 LAT 3           1.985053        1.985053        0.000000
 ------------------------------------------------------------------------------
                                STRESS (GPa)
 ST_GPa 1       -0.487430       -0.000000       -0.000000
 ST_GPa 2       -0.000000       -0.487431        0.000000
 ST_GPa 3       -0.000000        0.000000       -0.487430
  
 --------------------------------------------------
 STRESS (a.u.)
 --------------------------------------------------
 ST_AU  1  -1.6567403777E-05  -1.5449470579E-12  -9.5741028587E-12
 ST_AU  2  -1.5449470579E-12  -1.6567439765E-05   5.1575030760E-12
 ST_AU  3  -9.5741028587E-12   5.1575030760E-12  -1.6567421178E-05
; Cell optimization at step  1, max(stress):  0.1657E-04, total energy:  -2.1277993    ;
  dV of each real space grid is now    3.8602467989187018E-002
 Cell length (Bohr)    5.309E+00   5.309E+00   5.309E+00
 Angle     (Degree)    6.005E+01   6.005E+01   6.005E+01
 Volume    (Bohr^3)    1.059E+02
  dV of each real space grid is now    3.8602467989187018E-002
 Cell length (Bohr)    5.309E+00   5.309E+00   5.309E+00
 Angle     (Degree)    6.005E+01   6.005E+01   6.005E+01
 Volume    (Bohr^3)    1.059E+02

 ------------------------------------------------------------------------------
                           SETUP EWALD 
 (Ewald) eta                             :   0.7608    
 (Ewald) Real Space Cutoff               :    6.360     (Bohr)
 (Ewald) Reciprocal Cutoff               :    7.693     (1/Bohr)

 ------------------------------------------------------------------------------
                           SETUP PLANE WAVE 
 Read in WT kernel.
 kernel file name  : 3PROFESS_KERNEL.dat           
 KEDF type         :     4
 Fermi vector      :   1.182014212099E+00
 Reference density :  -1.000000000000E+00
 Mesh points       :   200002
 Fermi vector in this cell is    1.8860115777160540     
 Fermi vector from kernel file is    1.1820142120987149     
 First qNorm is    0.0000000000000000     
 size of Wang-Teter kernel in this run is            8          14          14
 Max |G| in this calculation is   1.816873318551E+01
 Max eta used from kernel is   9.633415510373E+00

 ------------------------------------------------------------------------------
                           REFRESH ION POSITIONS
  
 Calculating Ion-Ion Energy ...                   complete.     0.000 s
  
 Calculating Ion-Electron Potential (spline) ... 
 complete.     0.000 s
 Rescale the total density from   0.116196 to          3

 ------------------------------------------------------------------------------
                           DENSITY OPTIMIZATION
 Electron number for spin            1  is    3.0000000000000022     
 Cell Volume      :            15.696491 Angstrom^3
 Ion number       :                    1
 Electron number  :             3.000000
 Ion density      :             0.063709 Ion/Angstrom^3
 Electron density :             0.191126 Electron/Angstrom^3
  
 Calculating Ion-Ion Forces ...                complete.     0.000 s
  
 Calculating Ion-Electron Forces (spline) ...  complete.     0.000 s
  
 Calculating Ion-Electron Stress (spline) ...  complete.     0.000 s
  
 Calculating Ion-Ion Stress ...                complete.     0.000 s
  
 ------------------------------------------------------------------------------
                         LATTICE VECTORS (Angstrom)
 LAT 1          -0.001480        1.986533        1.986533
 LAT 2           1.986533       -0.001480        1.986533
 LAT 3           1.986533        1.986533       -0.001480
 ------------------------------------------------------------------------------
                                STRESS (GPa)
 ST_GPa 1       -0.186440       -0.027890       -0.027890
 ST_GPa 2       -0.027890       -0.186441       -0.027890
 ST_GPa 3       -0.027890       -0.027890       -0.186441
  
 --------------------------------------------------
 STRESS (a.u.)
 --------------------------------------------------
 ST_AU  1  -6.3369813233E-06  -9.4795670509E-07  -9.4796281015E-07
 ST_AU  2  -9.4795670509E-07  -6.3370155716E-06  -9.4795151715E-07
 ST_AU  3  -9.4796281015E-07  -9.4795151715E-07  -6.3369980951E-06
; Cell optimization at step  2, max(stress):  0.6337E-05, total energy:  -2.1278033    ;
  dV of each real space grid is now    3.8656062930166497E-002
 Cell length (Bohr)    5.311E+00   5.311E+00   5.311E+00
 Angle     (Degree)    6.007E+01   6.007E+01   6.007E+01
 Volume    (Bohr^3)    1.061E+02
  dV of each real space grid is now    3.8656062930166497E-002
 Cell length (Bohr)    5.311E+00   5.311E+00   5.311E+00
 Angle     (Degree)    6.007E+01   6.007E+01   6.007E+01
 Volume    (Bohr^3)    1.061E+02

 ------------------------------------------------------------------------------
                           SETUP EWALD 
 (Ewald) eta                             :   0.7608    
 (Ewald) Real Space Cutoff               :    6.360     (Bohr)
 (Ewald) Reciprocal Cutoff               :    7.690     (1/Bohr)

 ------------------------------------------------------------------------------
                           SETUP PLANE WAVE 
 Read in WT kernel.
 kernel file name  : 3PROFESS_KERNEL.dat           
 KEDF type         :     4
 Fermi vector      :   1.182014212099E+00
 Reference density :  -1.000000000000E+00
 Mesh points       :   200002
 Fermi vector in this cell is    1.8851395503875967     
 Fermi vector from kernel file is    1.1820142120987149     
 First qNorm is    0.0000000000000000     
 size of Wang-Teter kernel in this run is            8          14          14
 Max |G| in this calculation is   1.815845314227E+01
 Max eta used from kernel is   9.632418532908E+00

 ------------------------------------------------------------------------------
                           REFRESH ION POSITIONS
  
 Calculating Ion-Ion Energy ...                   complete.     0.000 s
  
 Calculating Ion-Electron Potential (spline) ... 
 complete.     0.000 s
 Rescale the total density from   0.116129 to          3

 ------------------------------------------------------------------------------
                           DENSITY OPTIMIZATION
 Electron number for spin            1  is    3.0000000000000036     
 Cell Volume      :            15.718284 Angstrom^3
 Ion number       :                    1
 Electron number  :             3.000000
 Ion density      :             0.063620 Ion/Angstrom^3
 Electron density :             0.190861 Electron/Angstrom^3
  
 Calculating Ion-Ion Forces ...                complete.     0.000 s
  
 Calculating Ion-Electron Forces (spline) ...  complete.     0.000 s
  
 Calculating Ion-Electron Stress (spline) ...  complete.     0.000 s
  
 Calculating Ion-Ion Stress ...                complete.     0.000 s
  
 ------------------------------------------------------------------------------
                         LATTICE VECTORS (Angstrom)
 LAT 1          -0.001957        1.987214        1.987214
 LAT 2           1.987214       -0.001957        1.987214
 LAT 3           1.987214        1.987214       -0.001957
 ------------------------------------------------------------------------------
                                STRESS (GPa)
 ST_GPa 1       -0.062664       -0.036523       -0.036524
 ST_GPa 2       -0.036523       -0.062665       -0.036523
 ST_GPa 3       -0.036524       -0.036523       -0.062664
  
 --------------------------------------------------
 STRESS (a.u.)
 --------------------------------------------------
 ST_AU  1  -2.1299011485E-06  -1.2414080480E-06  -1.2414124628E-06
 ST_AU  2  -1.2414080480E-06  -2.1299351909E-06  -1.2414087449E-06
 ST_AU  3  -1.2414124628E-06  -1.2414087449E-06  -2.1299188401E-06
; Cell optimization at step  3, max(stress):  0.2130E-05, total energy:  -2.1278038    ;
  dV of each real space grid is now    3.8670775158400374E-002
 Cell length (Bohr)    5.312E+00   5.312E+00   5.312E+00
 Angle     (Degree)    6.006E+01   6.006E+01   6.006E+01
 Volume    (Bohr^3)    1.061E+02
  dV of each real space grid is now    3.8670775158400374E-002
 Cell length (Bohr)    5.312E+00   5.312E+00   5.312E+00
 Angle     (Degree)    6.006E+01   6.006E+01   6.006E+01
 Volume    (Bohr^3)    1.061E+02

 ------------------------------------------------------------------------------
                           SETUP EWALD 
 (Ewald) eta                             :   0.7608    
 (Ewald) Real Space Cutoff               :    6.360     (Bohr)
 (Ewald) Reciprocal Cutoff               :    7.689     (1/Bohr)

 ------------------------------------------------------------------------------
                           SETUP PLANE WAVE 
 Read in WT kernel.
 kernel file name  : 3PROFESS_KERNEL.dat           
 KEDF type         :     4
 Fermi vector      :   1.182014212099E+00
 Reference density :  -1.000000000000E+00
 Mesh points       :   200002
 Fermi vector in this cell is    1.8849004540576024     
 Fermi vector from kernel file is    1.1820142120987149     
 First qNorm is    0.0000000000000000     
 size of Wang-Teter kernel in this run is            8          14          14
 Max |G| in this calculation is   1.815633189418E+01
 Max eta used from kernel is   9.632514998387E+00

 ------------------------------------------------------------------------------
                           REFRESH ION POSITIONS
  
 Calculating Ion-Ion Energy ...                   complete.     0.001 s
  
 Calculating Ion-Electron Potential (spline) ... 
 complete.     0.000 s
 Rescale the total density from   0.116056 to          3

 ------------------------------------------------------------------------------
                           DENSITY OPTIMIZATION
 Electron number for spin            1  is    2.9999999999999920     
 Cell Volume      :            15.724266 Angstrom^3
 Ion number       :                    1
 Electron number  :             3.000000
 Ion density      :             0.063596 Ion/Angstrom^3
 Electron density :             0.190788 Electron/Angstrom^3
  
 Calculating Ion-Ion Forces ...                complete.     0.000 s
  
 Calculating Ion-Electron Forces (spline) ...  complete.     0.000 s
  
 Calculating Ion-Electron Stress (spline) ...  complete.     0.000 s
  
 Calculating Ion-Ion Stress ...                complete.     0.000 s
  
 ------------------------------------------------------------------------------
                         LATTICE VECTORS (Angstrom)
 LAT 1          -0.001911        1.987489        1.987489
 LAT 2           1.987489       -0.001911        1.987489
 LAT 3           1.987489        1.987489       -0.001911
 ------------------------------------------------------------------------------
                                STRESS (GPa)
 ST_GPa 1       -0.028730       -0.035378       -0.035378
 ST_GPa 2       -0.035378       -0.028731       -0.035378
 ST_GPa 3       -0.035378       -0.035378       -0.028731
  
 --------------------------------------------------
 STRESS (a.u.)
 --------------------------------------------------
 ST_AU  1  -9.7652420226E-07  -1.2024577427E-06  -1.2024600333E-06
 ST_AU  2  -1.2024577427E-06  -9.7655379764E-07  -1.2024582164E-06
 ST_AU  3  -1.2024600333E-06  -1.2024582164E-06  -9.7653977341E-07
; Cell optimization at step  4, max(stress):  0.1202E-05, total energy:  -2.1278039    ;
  dV of each real space grid is now    3.8673158768065825E-002
 Cell length (Bohr)    5.312E+00   5.312E+00   5.312E+00
 Angle     (Degree)    6.006E+01   6.006E+01   6.006E+01
 Volume    (Bohr^3)    1.061E+02
  dV of each real space grid is now    3.8673158768065825E-002
 Cell length (Bohr)    5.312E+00   5.312E+00   5.312E+00
 Angle     (Degree)    6.006E+01   6.006E+01   6.006E+01
 Volume    (Bohr^3)    1.061E+02

 ------------------------------------------------------------------------------
                           SETUP EWALD 
 (Ewald) eta                             :   0.7608    
 (Ewald) Real Space Cutoff               :    6.360     (Bohr)
 (Ewald) Reciprocal Cutoff               :    7.688     (1/Bohr)

 ------------------------------------------------------------------------------
                           SETUP PLANE WAVE 
 Read in WT kernel.
 kernel file name  : 3PROFESS_KERNEL.dat           
 KEDF type         :     4
 Fermi vector      :   1.182014212099E+00
 Reference density :  -1.000000000000E+00
 Mesh points       :   200002
 Fermi vector in this cell is    1.8848617281523274     
 Fermi vector from kernel file is    1.1820142120987149     
 First qNorm is    0.0000000000000000     
 size of Wang-Teter kernel in this run is            8          14          14
 Max |G| in this calculation is   1.815683298829E+01
 Max eta used from kernel is   9.632978757592E+00

 ------------------------------------------------------------------------------
                           REFRESH ION POSITIONS
  
 Calculating Ion-Ion Energy ...                   complete.     0.000 s
  
 Calculating Ion-Electron Potential (spline) ... 
 complete.     0.000 s
 Rescale the total density from   0.116027 to          3

 ------------------------------------------------------------------------------
                           DENSITY OPTIMIZATION
 Electron number for spin            1  is    3.0000000000000022     
 Cell Volume      :            15.725235 Angstrom^3
 Ion number       :                    1
 Electron number  :             3.000000
 Ion density      :             0.063592 Ion/Angstrom^3
 Electron density :             0.190776 Electron/Angstrom^3
  
 Calculating Ion-Ion Forces ...                complete.     0.000 s
  
 Calculating Ion-Electron Forces (spline) ...  complete.     0.000 s
  
 Calculating Ion-Electron Stress (spline) ...  complete.     0.000 s
  
 Calculating Ion-Ion Stress ...                complete.     0.000 s
  
 ------------------------------------------------------------------------------
                         LATTICE VECTORS (Angstrom)
 LAT 1          -0.001690        1.987641        1.987641
 LAT 2           1.987641       -0.001690        1.987641
 LAT 3           1.987641        1.987641       -0.001690
 ------------------------------------------------------------------------------
                                STRESS (GPa)
 ST_GPa 1       -0.023283       -0.031270       -0.031270
 ST_GPa 2       -0.031270       -0.023284       -0.031270
 ST_GPa 3       -0.031270       -0.031270       -0.023283
  
 --------------------------------------------------
 STRESS (a.u.)
 --------------------------------------------------
 ST_AU  1  -7.9137236024E-07  -1.0628339117E-06  -1.0628349539E-06
 ST_AU  2  -1.0628339117E-06  -7.9139750373E-07  -1.0628351119E-06
 ST_AU  3  -1.0628349539E-06  -1.0628351119E-06  -7.9138560354E-07
; Cell optimization at step  5, max(stress):  0.1063E-05, total energy:  -2.1278039    ;
  dV of each real space grid is now    3.8674518457420183E-002
 Cell length (Bohr)    5.312E+00   5.312E+00   5.312E+00
 Angle     (Degree)    6.005E+01   6.005E+01   6.005E+01
 Volume    (Bohr^3)    1.061E+02
  dV of each real space grid is now    3.8674518457420183E-002
 Cell length (Bohr)    5.312E+00   5.312E+00   5.312E+00
 Angle     (Degree)    6.005E+01   6.005E+01   6.005E+01
 Volume    (Bohr^3)    1.061E+02

 ------------------------------------------------------------------------------
                           SETUP EWALD 
 (Ewald) eta                             :   0.7608    
 (Ewald) Real Space Cutoff               :    6.360     (Bohr)
 (Ewald) Reciprocal Cutoff               :    7.688     (1/Bohr)

 ------------------------------------------------------------------------------
                           SETUP PLANE WAVE 
 Read in WT kernel.
 kernel file name  : 3PROFESS_KERNEL.dat           
 KEDF type         :     4
 Fermi vector      :   1.182014212099E+00
 Reference density :  -1.000000000000E+00
 Mesh points       :   200002
 Fermi vector in this cell is    1.8848396390476407     
 Fermi vector from kernel file is    1.1820142120987149     
 First qNorm is    0.0000000000000000     
 size of Wang-Teter kernel in this run is            8          14          14
 Max |G| in this calculation is   1.815759986760E+01
 Max eta used from kernel is   9.633498517028E+00

 ------------------------------------------------------------------------------
                           REFRESH ION POSITIONS
  
 Calculating Ion-Ion Energy ...                   complete.     0.000 s
  
 Calculating Ion-Electron Potential (spline) ... 
 complete.     0.000 s
 Rescale the total density from   0.116028 to          3

 ------------------------------------------------------------------------------
                           DENSITY OPTIMIZATION
 Electron number for spin            1  is    2.9999999999999902     
 Cell Volume      :            15.725788 Angstrom^3
 Ion number       :                    1
 Electron number  :             3.000000
 Ion density      :             0.063590 Ion/Angstrom^3
 Electron density :             0.190769 Electron/Angstrom^3
  
 Calculating Ion-Ion Forces ...                complete.     0.000 s
  
 Calculating Ion-Electron Forces (spline) ...  complete.     0.000 s
  
 Calculating Ion-Electron Stress (spline) ...  complete.     0.000 s
  
 Calculating Ion-Ion Stress ...                complete.     0.000 s
  
 ------------------------------------------------------------------------------
                         LATTICE VECTORS (Angstrom)
 LAT 1          -0.001442        1.987788        1.987788
 LAT 2           1.987788       -0.001442        1.987788
 LAT 3           1.987788        1.987788       -0.001442
 ------------------------------------------------------------------------------
                                STRESS (GPa)
 ST_GPa 1       -0.020153       -0.026592       -0.026592
 ST_GPa 2       -0.026592       -0.020154       -0.026592
 ST_GPa 3       -0.026592       -0.026592       -0.020154
  
 --------------------------------------------------
 STRESS (a.u.)
 --------------------------------------------------
 ST_AU  1  -6.8499548414E-07  -9.0385440854E-07  -9.0385434004E-07
 ST_AU  2  -9.0385440854E-07  -6.8501658603E-07  -9.0385610609E-07
 ST_AU  3  -9.0385434004E-07  -9.0385610609E-07  -6.8500686222E-07
; Cell optimization at step  6, max(stress):  0.9039E-06, total energy:  -2.1278040    ;
  dV of each real space grid is now    3.8676138414896581E-002
 Cell length (Bohr)    5.313E+00   5.313E+00   5.313E+00
 Angle     (Degree)    6.004E+01   6.004E+01   6.004E+01
 Volume    (Bohr^3)    1.061E+02
  dV of each real space grid is now    3.8676138414896581E-002
 Cell length (Bohr)    5.313E+00   5.313E+00   5.313E+00
 Angle     (Degree)    6.004E+01   6.004E+01   6.004E+01
 Volume    (Bohr^3)    1.061E+02

 ------------------------------------------------------------------------------
                           SETUP EWALD 
 (Ewald) eta                             :   0.7608    
 (Ewald) Real Space Cutoff               :    6.360     (Bohr)
 (Ewald) Reciprocal Cutoff               :    7.687     (1/Bohr)

 ------------------------------------------------------------------------------
                           SETUP PLANE WAVE 
 Read in WT kernel.
 kernel file name  : 3PROFESS_KERNEL.dat           
 KEDF type         :     4
 Fermi vector      :   1.182014212099E+00
 Reference density :  -1.000000000000E+00
 Mesh points       :   200002
 Fermi vector in this cell is    1.8848133230569428     
 Fermi vector from kernel file is    1.1820142120987149     
 First qNorm is    0.0000000000000000     
 size of Wang-Teter kernel in this run is            8          14          14
 Max |G| in this calculation is   1.815833551314E+01
 Max eta used from kernel is   9.634023322632E+00

 ------------------------------------------------------------------------------
                           REFRESH ION POSITIONS
  
 Calculating Ion-Ion Energy ...                   complete.     0.000 s
  
 Calculating Ion-Electron Potential (spline) ... 
 complete.     0.000 s
 Rescale the total density from   0.116033 to          3

 ------------------------------------------------------------------------------
                           DENSITY OPTIMIZATION
 Electron number for spin            1  is    3.0000000000000124     
 Cell Volume      :            15.726447 Angstrom^3
 Ion number       :                    1
 Electron number  :             3.000000
 Ion density      :             0.063587 Ion/Angstrom^3
 Electron density :             0.190761 Electron/Angstrom^3
  
 Calculating Ion-Ion Forces ...                complete.     0.000 s
  
 Calculating Ion-Electron Forces (spline) ...  complete.     0.000 s
  
 Calculating Ion-Electron Stress (spline) ...  complete.     0.000 s
  
 Calculating Ion-Ion Stress ...                complete.     0.000 s
  
 ------------------------------------------------------------------------------
                         LATTICE VECTORS (Angstrom)
 LAT 1          -0.001191        1.987941        1.987941
 LAT 2           1.987941       -0.001191        1.987941
 LAT 3           1.987941        1.987941       -0.001191
 ------------------------------------------------------------------------------
                                STRESS (GPa)
 ST_GPa 1       -0.016405       -0.021985       -0.021985
 ST_GPa 2       -0.021985       -0.016406       -0.021985
 ST_GPa 3       -0.021985       -0.021985       -0.016406
  
 --------------------------------------------------
 STRESS (a.u.)
 --------------------------------------------------
 ST_AU  1  -5.5760629501E-07  -7.4724447633E-07  -7.4724380185E-07
 ST_AU  2  -7.4724447633E-07  -5.5762369025E-07  -7.4724665750E-07
 ST_AU  3  -7.4724380185E-07  -7.4724665750E-07  -5.5761598465E-07
; Cell optimization at step  7, max(stress):  0.7472E-06, total energy:  -2.1278040    ;
  dV of each real space grid is now    3.8677539972400615E-002
 Cell length (Bohr)    5.313E+00   5.313E+00   5.313E+00
 Angle     (Degree)    6.003E+01   6.003E+01   6.003E+01
 Volume    (Bohr^3)    1.061E+02
  dV of each real space grid is now    3.8677539972400615E-002
 Cell length (Bohr)    5.313E+00   5.313E+00   5.313E+00
 Angle     (Degree)    6.003E+01   6.003E+01   6.003E+01
 Volume    (Bohr^3)    1.061E+02

 ------------------------------------------------------------------------------
                           SETUP EWALD 
 (Ewald) eta                             :   0.7608    
 (Ewald) Real Space Cutoff               :    6.360     (Bohr)
 (Ewald) Reciprocal Cutoff               :    7.687     (1/Bohr)

 ------------------------------------------------------------------------------
                           SETUP PLANE WAVE 
 Read in WT kernel.
 kernel file name  : 3PROFESS_KERNEL.dat           
 KEDF type         :     4
 Fermi vector      :   1.182014212099E+00
 Reference density :  -1.000000000000E+00
 Mesh points       :   200002
 Fermi vector in this cell is    1.8847905561301255     
 Fermi vector from kernel file is    1.1820142120987149     
 First qNorm is    0.0000000000000000     
 size of Wang-Teter kernel in this run is            8          14          14
 Max |G| in this calculation is   1.815910664191E+01
 Max eta used from kernel is   9.634548827108E+00

 ------------------------------------------------------------------------------
                           REFRESH ION POSITIONS
  
 Calculating Ion-Ion Energy ...                   complete.     0.000 s
  
 Calculating Ion-Electron Potential (spline) ... 
 complete.     0.000 s
 Rescale the total density from   0.116037 to          3

 ------------------------------------------------------------------------------
                           DENSITY OPTIMIZATION
 Electron number for spin            1  is    2.9999999999999947     
 Cell Volume      :            15.727017 Angstrom^3
 Ion number       :                    1
 Electron number  :             3.000000
 Ion density      :             0.063585 Ion/Angstrom^3
 Electron density :             0.190755 Electron/Angstrom^3
  
 Calculating Ion-Ion Forces ...                complete.     0.000 s
  
 Calculating Ion-Electron Forces (spline) ...  complete.     0.000 s
  
 Calculating Ion-Electron Stress (spline) ...  complete.     0.000 s
  
 Calculating Ion-Ion Stress ...                complete.     0.000 s
  
 ------------------------------------------------------------------------------
                         LATTICE VECTORS (Angstrom)
 LAT 1          -0.000940        1.988090        1.988090
 LAT 2           1.988090       -0.000940        1.988090
 LAT 3           1.988090        1.988090       -0.000940
 ------------------------------------------------------------------------------
                                STRESS (GPa)
 ST_GPa 1       -0.013162       -0.017358       -0.017358
 ST_GPa 2       -0.017358       -0.013162       -0.017358
 ST_GPa 3       -0.017358       -0.017358       -0.013162
  
 --------------------------------------------------
 STRESS (a.u.)
 --------------------------------------------------
 ST_AU  1  -4.4735198976E-07  -5.9000047964E-07  -5.8999952468E-07
 ST_AU  2  -5.9000047964E-07  -4.4736525108E-07  -5.9000240479E-07
 ST_AU  3  -5.8999952468E-07  -5.9000240479E-07  -4.4735954698E-07
; Cell optimization at step  8, max(stress):  0.5900E-06, total energy:  -2.1278040    ;
  dV of each real space grid is now    3.8679065419515594E-002
 Cell length (Bohr)    5.314E+00   5.314E+00   5.314E+00
 Angle     (Degree)    6.002E+01   6.002E+01   6.002E+01
 Volume    (Bohr^3)    1.061E+02
  dV of each real space grid is now    3.8679065419515594E-002
 Cell length (Bohr)    5.314E+00   5.314E+00   5.314E+00
 Angle     (Degree)    6.002E+01   6.002E+01   6.002E+01
 Volume    (Bohr^3)    1.061E+02

 ------------------------------------------------------------------------------
                           SETUP EWALD 
 (Ewald) eta                             :   0.7608    
 (Ewald) Real Space Cutoff               :    6.360     (Bohr)
 (Ewald) Reciprocal Cutoff               :    7.686     (1/Bohr)

 ------------------------------------------------------------------------------
                           SETUP PLANE WAVE 
 Read in WT kernel.
 kernel file name  : 3PROFESS_KERNEL.dat           
 KEDF type         :     4
 Fermi vector      :   1.182014212099E+00
 Reference density :  -1.000000000000E+00
 Mesh points       :   200002
 Fermi vector in this cell is    1.8847657779882283     
 Fermi vector from kernel file is    1.1820142120987149     
 First qNorm is    0.0000000000000000     
 size of Wang-Teter kernel in this run is            8          14          14
 Max |G| in this calculation is   1.815979735058E+01
 Max eta used from kernel is   9.635041957292E+00

 ------------------------------------------------------------------------------
                           REFRESH ION POSITIONS
  
 Calculating Ion-Ion Energy ...                   complete.     0.000 s
  
 Calculating Ion-Electron Potential (spline) ... 
 complete.     0.000 s
 Rescale the total density from   0.116042 to          3

 ------------------------------------------------------------------------------
                           DENSITY OPTIMIZATION
 Electron number for spin            1  is    2.9999999999999951     
 Cell Volume      :            15.727637 Angstrom^3
 Ion number       :                    1
 Electron number  :             3.000000
 Ion density      :             0.063582 Ion/Angstrom^3
 Electron density :             0.190747 Electron/Angstrom^3
  
 Calculating Ion-Ion Forces ...                complete.     0.000 s
  
 Calculating Ion-Electron Forces (spline) ...  complete.     0.000 s
  
 Calculating Ion-Electron Stress (spline) ...  complete.     0.000 s
  
 Calculating Ion-Ion Stress ...                complete.     0.000 s
  
 ------------------------------------------------------------------------------
                         LATTICE VECTORS (Angstrom)
 LAT 1          -0.000705        1.988234        1.988234
 LAT 2           1.988234       -0.000705        1.988234
 LAT 3           1.988234        1.988234       -0.000705
 ------------------------------------------------------------------------------
                                STRESS (GPa)
 ST_GPa 1       -0.009663       -0.012936       -0.012936
 ST_GPa 2       -0.012936       -0.009663       -0.012936
 ST_GPa 3       -0.012936       -0.012936       -0.009663
  
 --------------------------------------------------
 STRESS (a.u.)
 --------------------------------------------------
 ST_AU  1  -3.2842314099E-07  -4.3969367724E-07  -4.3969281110E-07
 ST_AU  2  -4.3969367724E-07  -3.2843231534E-07  -4.3969502104E-07
 ST_AU  3  -4.3969281110E-07  -4.3969502104E-07  -3.2842829494E-07
; Cell optimization at step  9, max(stress):  0.4397E-06, total energy:  -2.1278040    ;
##############################################################################
#                               FINAL ENERGIES                       time    #
##############################################################################
# Thomas-Fermi Kin. Energy =   2.210635509639E+01 eV                 0.000 s #
# Von-Weizsacker Kin. Ener =   1.755019120409E+00 eV                 0.000 s #
# Wang-Teter Kinetic Energ =  -6.246202642500E-01 eV                 0.000 s #
#                                                                            #
#     LDA Exch-Corr Energy =  -2.215345747830E+01 eV                 0.000 s #
#         Coulombic Energy =   1.057790474418E-01 eV                 0.000 s #
#      Ion-Electron Energy =   1.560964791373E+01 eV                 0.000 s #
#           Ion-Ion Energy =  -7.469921490445E+01 eV                 0.000 s #
#                                                                            #
#     TOTAL KINETIC ENERGY =   2.323675395255E+01 eV                         #
#   TOTAL POTENTIAL ENERGY =  -8.113724542158E+01 eV                         #
#             TOTAL ENERGY =  -5.790049146903E+01 eV                         #
##############################################################################
  
 ----------------------------- TIME INFORMATION ------------------------------
    PROFESS      :      2.28s WALL    100.00% (       1 calls)     2.28s/call
    InitPROFESS  :      0.21s WALL      9.27% (       1 calls)     0.21s/call
    KEDFRefresh  :      1.66s WALL     72.81% (       9 calls)     0.18s/call
    IonRefresh   :      0.00s WALL      0.19% (       9 calls)     0.00s/call
    EwaldEnergy  :      0.00s WALL      0.09% (       9 calls)     0.00s/call
    Pot_Ion      :      0.00s WALL      0.03% (     343 calls)     0.00s/call
    Pot_Har      :      0.01s WALL      0.64% (     343 calls)     0.00s/call
    Pot_Exc      :      0.09s WALL      3.74% (     343 calls)     0.00s/call
    Pot_KEDF     :      0.35s WALL     15.37% (     343 calls)     0.00s/call
    VWPotSqrPlus :      0.01s WALL      0.60% (     343 calls)     0.00s/call
    NextGradient :      0.00s WALL      0.03% (      31 calls)     0.00s/call
    CalForce     :      0.00s WALL      0.13% (       9 calls)     0.00s/call
    EwaldForces  :      0.00s WALL      0.07% (       9 calls)     0.00s/call
    CalStress    :      0.02s WALL      0.73% (       9 calls)     0.00s/call
    EwaldStress  :      0.00s WALL      0.04% (       9 calls)     0.00s/call
 -----------------------------------------------------------------------------
 ------------------------------- TOTAL ---------------------------------------
    PROFESS      :      2.28s WALL    100.00% (       1 calls)     2.28s/call
 -----------------------------------------------------------------------------

Run completed on: 08/13/2021 at 19:03:19 
  
