 ******************************************************************************
                             WELCOME TO PROFESS                   
            (PRinceton Orbital-Free Electronic Structure Software) 
 ******************************************************************************

 ------------------------------------------------------------------------------
                           READ GEOMETRY
 Cell length (Bohr)    5.210E+00   5.210E+00   8.814E+00
 Angle     (Degree)    9.000E+01   9.000E+01   1.200E+02
 Volume    (Bohr^3)    2.072E+02

 ------------------------------------------------------------------------------
                           READ PSEUDOPOTENTIAL
 Total electron number in ReadPseudo is    6.0000000000000000     
 (System) Machine Precision              :    2.2204460492503131E-016

 ------------------------------------------------------------------------------
                           SETUP FFT
 Global FFT Dimension :    14   14   24
 Rank/Size in Global Communicator     :            0 /           1
 Rank/Size in Global FFT Communicator :            0 /           1
 Parallel FFT, totX    =    14
 Parallel FFT, totY    =    14
 Parallel FFT, locZ    =    24
 Parallel FFT, locZoff =     0
 Dimension of rho for this processor : 
 xmin, xmax :            0          13
 ymin, ymax :            0          13
 zmin, zmax :            0          23
 Total electron number =    6.0000000000000000     
 Uniform rhoR =    2.8958153633179082E-002
 (GB INFO) FFT size      :       14      14      24
 (GB INFO) FFT offset    :        0
 (GB INFO) FFT G size    :        8      14      24
 (GB INFO) FFT G offset  :        0

 ------------------------------------------------------------------------------
                           SETUP KEDF
 kinetic energy density functional number is            4
 ( 1=TF, 2=VW, 3=TF+VW, 4=WT,  5=WGC,  
   7=LQ, 8=HQ, 10=CAT,  11=HC, 12=WGCD,
   15=GGA, 16=WGCD+GGA, 17=EVT, 18=EVC )
 qTable dimension:     8   14   24
 Coefficient for TF KEDF is     1.0000
 Coefficient for VW KEDF is     1.0000
 Coefficient for alpha in WT KEDF is     0.8333
 Coefficient for beta  in WT KEDF is     0.8333
 rho0 (Electron/Bohr^3) in WGC KEDF is     0.0290
 hold0 =  F
  dV of each real space grid is now    4.4046668867044225E-002
 Cell length (Bohr)    5.210E+00   5.210E+00   8.814E+00
 Angle     (Degree)    9.000E+01   9.000E+01   1.200E+02
 Volume    (Bohr^3)    2.072E+02

 ------------------------------------------------------------------------------
                           SETUP EWALD 
 (Ewald) eta                             :   0.7555    
 (Ewald) Real Space Cutoff               :    6.503     (Bohr)
 (Ewald) Reciprocal Cutoff               :    7.839     (1/Bohr)

 ------------------------------------------------------------------------------
                           SETUP PLANE WAVE 
 Read in WT kernel.
 kernel file name  : 13PROFESS_KERNEL.dat          
 KEDF type         :     4
 Fermi vector      :   1.182014212099E+00
 Reference density :  -1.000000000000E+00
 Mesh points       :   200002
 Fermi vector in this cell is    1.9000307006203385     
 Fermi vector from kernel file is    1.1820142120987149     
 First qNorm is    0.0000000000000000     
 size of Wang-Teter kernel in this run is            8          14          24
 Max |G| in this calculation is   1.892717699660E+01
 Max eta used from kernel is   9.961511143173E+00

 ------------------------------------------------------------------------------
                           REFRESH ION POSITIONS
  
 Calculating Ion-Ion Energy ...                   complete.     0.001 s
  
 Calculating Ion-Electron Potential (spline) ... 
 complete.     0.019 s

 ------------------------------------------------------------------------------
                           DENSITY OPTIMIZATION
 Electron number for spin            1  is    6.0000000000002407     
 Cell Volume      :            30.703209 Angstrom^3
 Ion number       :                    2
 Electron number  :             6.000000
 Ion density      :             0.065140 Ion/Angstrom^3
 Electron density :             0.195419 Electron/Angstrom^3
##############################################################################
#                               FINAL ENERGIES                       time    #
##############################################################################
# Thomas-Fermi Kin. Energy =   4.501571085253E+01 eV                 0.000 s #
# Von-Weizsacker Kin. Ener =   3.622182825675E+00 eV                 0.000 s #
# Wang-Teter Kinetic Energ =  -1.489727029738E+00 eV                 0.000 s #
#                                                                            #
#     LDA Exch-Corr Energy =  -4.466442599141E+01 eV                 0.000 s #
#         Coulombic Energy =   2.787840974870E-01 eV                 0.000 s #
#      Ion-Electron Energy =   3.195754551048E+01 eV                 0.000 s #
#           Ion-Ion Energy =  -1.505773914185E+02 eV                 0.000 s #
#                                                                            #
#     TOTAL KINETIC ENERGY =   4.714816664847E+01 eV                         #
#   TOTAL POTENTIAL ENERGY =  -1.630054878020E+02 eV                         #
#             TOTAL ENERGY =  -1.158573211535E+02 eV                         #
##############################################################################
  
 ----------------------------- TIME INFORMATION ------------------------------
    PROFESS      :      1.71s WALL    100.00% (       1 calls)     1.71s/call
    InitPROFESS  :      0.80s WALL     46.52% (       1 calls)     0.80s/call
    KEDFRefresh  :      0.63s WALL     37.07% (       1 calls)     0.63s/call
    IonRefresh   :      0.02s WALL      1.18% (       1 calls)     0.02s/call
    EwaldEnergy  :      0.00s WALL      0.05% (       1 calls)     0.00s/call
    Pot_Ion      :      0.00s WALL      0.04% (      82 calls)     0.00s/call
    Pot_Har      :      0.02s WALL      1.15% (      82 calls)     0.00s/call
    Pot_Exc      :      0.08s WALL      4.64% (      82 calls)     0.00s/call
    Pot_KEDF     :      0.36s WALL     21.29% (      82 calls)     0.00s/call
    VWPotSqrPlus :      0.02s WALL      1.13% (      82 calls)     0.00s/call
    NextGradient :      0.00s WALL      0.04% (       7 calls)     0.00s/call
 -----------------------------------------------------------------------------
 ------------------------------- TOTAL ---------------------------------------
    PROFESS      :      1.71s WALL    100.00% (       1 calls)     1.71s/call
 -----------------------------------------------------------------------------

Run completed on: 09/27/2021 at 11:16:10 
  
