 ******************************************************************************
                             WELCOME TO PROFESS                   
            (PRinceton Orbital-Free Electronic Structure Software) 
 ******************************************************************************

 ------------------------------------------------------------------------------
                           READ GEOMETRY
 Cell length (Bohr)    7.496E+00   7.496E+00   1.232E+01
 Angle     (Degree)    9.000E+01   9.000E+01   1.200E+02
 Volume    (Bohr^3)    5.997E+02

 ------------------------------------------------------------------------------
                           READ PSEUDOPOTENTIAL
 Total electron number in ReadPseudo is    16.000000000000000     
 (System) Machine Precision              :    2.2204460492503131E-016

 ------------------------------------------------------------------------------
                           SETUP FFT
 Global FFT Dimension :    40   40   63
 Dimension of rho for this processor : 
 xmin, xmax :            0          39
 ymin, ymax :            0          39
 zmin, zmax :            0          62
 Total electron number =    16.000000000000000     
 Uniform rhoR =    2.6682151614321234E-002
 (GB INFO) FFT size      :       40      40      63
 (GB INFO) FFT offset    :        0
 (GB INFO) FFT G size    :       21      40      63
 (GB INFO) FFT G offset  :        0

 ------------------------------------------------------------------------------
                           SETUP KEDF
 kinetic energy density functional number is           11
 ( 1=TF, 2=VW, 3=TF+VW, 4=WT,  5=WGC,  
   7=LQ, 8=HQ, 10=CAT,  11=HC, 12=WGCD,
   15=GGA, 16=WGCD+GGA, 17=EVT, 18=EVC )
 qTable dimension:    21   40   63
 rhoS=   2.6682151614321234E-002
 rho0=   2.6682151614321234E-002
 coefficients for TF KEDF is     1.000000
 coefficients for VW KEDF is     1.000000
 Lambda in HC10 is set to     0.014200
 ALPHA  in HC10 is set to     1.791667
 BETA   in HC10 is set to     0.875000
 Sum of alpha and beta is     2.666667
  dV of each real space grid is now    5.9489264968033070E-003
 Cell length (Bohr)    7.496E+00   7.496E+00   1.232E+01
 Angle     (Degree)    9.000E+01   9.000E+01   1.200E+02
 Volume    (Bohr^3)    5.997E+02

 ------------------------------------------------------------------------------
                           SETUP EWALD 
 (Ewald) eta                             :    1.200    
 (Ewald) Real Space Cutoff               :    6.000     (Bohr)
 (Ewald) Reciprocal Cutoff               :    15.80     (1/Bohr)

 ------------------------------------------------------------------------------
                           SETUP PLANE WAVE 

 ------------------------------------------------------------------------------
                           REFRESH ION POSITIONS
  
 Calculating Ion-Ion Energy ...                   complete.     0.067 s
  
 Calculating Ion-Electron Potential (spline) ... 
 complete.     0.141 s

 ------------------------------------------------------------------------------
                           DENSITY OPTIMIZATION
 Electron number for spin            1  is    15.999999999986130     
 Cell Volume      :            88.859226 Angstrom^3
 Ion number       :                    4
 Electron number  :            16.000000
 Ion density      :             0.045015 Ion/Angstrom^3
 Electron density :             0.180060 Electron/Angstrom^3
##############################################################################
#                               FINAL ENERGIES                       time    #
##############################################################################
# Thomas-Fermi Kin. Energy =   1.489122514305E+02 eV                 0.000 s #
# Von-Weizsacker Kin. Ener =   4.794704613219E+01 eV                 0.000 s #
#                                                                            #
# GGA(PBE) Exch-Cor Energy =  -1.296772670213E+02 eV                 0.000 s #
#         Coulombic Energy =   3.893518705042E+01 eV                 0.000 s #
#      Ion-Electron Energy =  -5.506906295803E+01 eV                 0.000 s #
#           Ion-Ion Energy =  -4.602919159799E+02 eV                 0.000 s #
#                                                                            #
#     TOTAL KINETIC ENERGY =   1.567137293651E+02 eV                         #
#   TOTAL POTENTIAL ENERGY =  -6.061030589088E+02 eV                         #
#             TOTAL ENERGY =  -4.493893295437E+02 eV                         #
##############################################################################
  
 ----------------------------- TIME INFORMATION ------------------------------
    PROFESS      :   5623.06s WALL    100.00% (       1 calls)  5623.06s/call
    InitPROFESS  :      0.34s WALL      0.01% (       1 calls)     0.34s/call
    KEDFRefresh  :      0.01s WALL      0.00% (       1 calls)     0.01s/call
    IonRefresh   :      0.23s WALL      0.00% (       1 calls)     0.23s/call
    EwaldEnergy  :      0.08s WALL      0.00% (       1 calls)     0.08s/call
    ForwFFT_3D   :   1113.98s WALL     19.81% (  105805 calls)     0.01s/call
    BackFFT_3D   :    551.71s WALL      9.81% (   68651 calls)     0.01s/call
    Pot_Ion      :      4.35s WALL      0.08% (    1658 calls)     0.00s/call
    Pot_Har      :     39.73s WALL      0.71% (    1658 calls)     0.02s/call
    Pot_Exc      :    811.35s WALL     14.43% (    1658 calls)     0.49s/call
    PBEPot       :    806.22s WALL     14.34% (    1658 calls)     0.49s/call
    Pot_KEDF     :   4704.01s WALL     83.66% (    1658 calls)     2.84s/call
    intPot       :   4614.49s WALL     82.06% (    1658 calls)     2.78s/call
    MakeXiG      :     31.33s WALL      0.56% (    1658 calls)     0.02s/call
    VWPotSqrPlus :     36.21s WALL      0.64% (    1658 calls)     0.02s/call
    intPot1      :   1271.45s WALL     22.61% (   21891 calls)     0.06s/call
    MakeHC10Kern :    140.27s WALL      2.49% (   23548 calls)     0.01s/call
    intPot2      :    888.69s WALL     15.80% (   21891 calls)     0.04s/call
    intPot3      :   1491.50s WALL     26.52% (   21891 calls)     0.07s/call
    intPot4      :    558.83s WALL      9.94% (   21891 calls)     0.03s/call
    NextGradient :      3.19s WALL      0.06% (     150 calls)     0.02s/call
 -----------------------------------------------------------------------------
 ------------------------------- TOTAL ---------------------------------------
    PROFESS      :   5623.06s WALL    100.00% (       1 calls)  5623.06s/call
 -----------------------------------------------------------------------------

Run completed on: 07/31/2024 at 02:34:44 
  
