 ******************************************************************************
                             WELCOME TO PROFESS                   
            (PRinceton Orbital-Free Electronic Structure Software) 
 ******************************************************************************

 ------------------------------------------------------------------------------
                           READ GEOMETRY
 Cell length (Bohr)    8.165E+00   8.165E+00   8.165E+00
 Angle     (Degree)    6.000E+01   6.000E+01   6.000E+01
 Volume    (Bohr^3)    3.849E+02

 ------------------------------------------------------------------------------
                           READ PSEUDOPOTENTIAL
 Total electron number in ReadPseudo is    8.0000000000000000     
 (System) Machine Precision              :    2.2204460492503131E-016

 ------------------------------------------------------------------------------
                           SETUP FFT
 Global FFT Dimension :    40   40   40
 Dimension of rho for this processor : 
 xmin, xmax :            0          39
 ymin, ymax :            0          39
 zmin, zmax :            0          39
 Total electron number =    8.0000000000000000     
 Uniform rhoR =    2.0783590131684938E-002
 (GB INFO) FFT size      :       40      40      40
 (GB INFO) FFT offset    :        0
 (GB INFO) FFT G size    :       21      40      40
 (GB INFO) FFT G offset  :        0

 ------------------------------------------------------------------------------
                           SETUP KEDF
 kinetic energy density functional number is           11
 ( 1=TF, 2=VW, 3=TF+VW, 4=WT,  5=WGC,  
   7=LQ, 8=HQ, 10=CAT,  11=HC, 12=WGCD,
   15=GGA, 16=WGCD+GGA, 17=EVT, 18=EVC )
 qTable dimension:    21   40   40
 rhoS=   2.0783590131684938E-002
 rho0=   2.0783590131684938E-002
 coefficients for TF KEDF is     1.000000
 coefficients for VW KEDF is     1.000000
 Lambda in HC10 is set to     0.010000
 ALPHA  in HC10 is set to     1.946667
 BETA   in HC10 is set to     0.720000
 Sum of alpha and beta is     2.666667
  dV of each real space grid is now    6.0143603298563591E-003
 Cell length (Bohr)    8.165E+00   8.165E+00   8.165E+00
 Angle     (Degree)    6.000E+01   6.000E+01   6.000E+01
 Volume    (Bohr^3)    3.849E+02

 ------------------------------------------------------------------------------
                           SETUP EWALD 
 (Ewald) eta                             :    1.200    
 (Ewald) Real Space Cutoff               :    6.000     (Bohr)
 (Ewald) Reciprocal Cutoff               :    15.01     (1/Bohr)

 ------------------------------------------------------------------------------
                           SETUP PLANE WAVE 

 ------------------------------------------------------------------------------
                           REFRESH ION POSITIONS
  
 Calculating Ion-Ion Energy ...                   complete.     0.016 s
  
 Calculating Ion-Electron Potential (spline) ... 
 complete.     0.039 s

 ------------------------------------------------------------------------------
                           DENSITY OPTIMIZATION
 Electron number for spin            1  is    8.0000000000048441     
 Cell Volume      :            57.039119 Angstrom^3
 Ion number       :                    2
 Electron number  :             8.000000
 Ion density      :             0.035064 Ion/Angstrom^3
 Electron density :             0.140255 Electron/Angstrom^3
##############################################################################
#                               FINAL ENERGIES                       time    #
##############################################################################
# Thomas-Fermi Kin. Energy =   6.061372116599E+01 eV                 0.000 s #
# Von-Weizsacker Kin. Ener =   2.005463919622E+01 eV                 0.000 s #
#                                                                            #
# GGA(PBE) Exch-Cor Energy =  -5.926253363451E+01 eV                 0.000 s #
#         Coulombic Energy =   1.422070432957E+01 eV                 0.000 s #
#      Ion-Electron Energy =  -1.637419971711E+01 eV                 0.000 s #
#           Ion-Ion Energy =  -2.120215736680E+02 eV                 0.000 s #
#                                                                            #
#     TOTAL KINETIC ENERGY =   6.583189992614E+01 eV                         #
#   TOTAL POTENTIAL ENERGY =  -2.734376026900E+02 eV                         #
#             TOTAL ENERGY =  -2.076057027639E+02 eV                         #
##############################################################################
  
 ----------------------------- TIME INFORMATION ------------------------------
    PROFESS      :   2417.29s WALL    100.00% (       1 calls)  2417.29s/call
    InitPROFESS  :      0.11s WALL      0.00% (       1 calls)     0.11s/call
    KEDFRefresh  :      0.00s WALL      0.00% (       1 calls)     0.00s/call
    IonRefresh   :      0.06s WALL      0.00% (       1 calls)     0.06s/call
    EwaldEnergy  :      0.02s WALL      0.00% (       1 calls)     0.02s/call
    ForwFFT_3D   :    432.62s WALL     17.90% (   51297 calls)     0.01s/call
    BackFFT_3D   :    218.77s WALL      9.05% (   33493 calls)     0.01s/call
    Pot_Ion      :      2.21s WALL      0.09% (     826 calls)     0.00s/call
    Pot_Har      :     15.67s WALL      0.65% (     826 calls)     0.02s/call
    Pot_Exc      :    294.02s WALL     12.16% (     826 calls)     0.36s/call
    PBEPot       :    291.51s WALL     12.06% (     826 calls)     0.35s/call
    Pot_KEDF     :   2077.58s WALL     85.95% (     826 calls)     2.52s/call
    intPot       :   2040.72s WALL     84.42% (     826 calls)     2.47s/call
    MakeXiG      :     13.66s WALL      0.57% (     826 calls)     0.02s/call
    VWPotSqrPlus :     14.02s WALL      0.58% (     826 calls)     0.02s/call
    intPot1      :    560.59s WALL     23.19% (   10552 calls)     0.05s/call
    MakeHC10Kern :     56.02s WALL      2.32% (   11377 calls)     0.00s/call
    intPot2      :    413.42s WALL     17.10% (   10552 calls)     0.04s/call
    intPot3      :    640.62s WALL     26.50% (   10552 calls)     0.06s/call
    intPot4      :    260.38s WALL     10.77% (   10552 calls)     0.02s/call
    NextGradient :      1.35s WALL      0.06% (      75 calls)     0.02s/call
 -----------------------------------------------------------------------------
 ------------------------------- TOTAL ---------------------------------------
    PROFESS      :   2417.29s WALL    100.00% (       1 calls)  2417.29s/call
 -----------------------------------------------------------------------------

Run completed on: 07/31/2024 at 10:47:19 
  
