 ******************************************************************************
                             WELCOME TO PROFESS                   
            (PRinceton Orbital-Free Electronic Structure Software) 
 ******************************************************************************

 ------------------------------------------------------------------------------
                           READ GEOMETRY
 Cell length (Bohr)    5.945E+00   5.945E+00   1.913E+01
 Angle     (Degree)    9.000E+01   9.000E+01   1.200E+02
 Volume    (Bohr^3)    5.855E+02

 ------------------------------------------------------------------------------
                           READ PSEUDOPOTENTIAL
 Total electron number in ReadPseudo is    7.0000000000000000     
 (System) Machine Precision              :    2.2204460492503131E-016

 ------------------------------------------------------------------------------
                           SETUP FFT
 Global FFT Dimension :    30   30   96
 Rank/Size in Global Communicator     :            0 /           1
 Rank/Size in Global FFT Communicator :            0 /           1
 Parallel FFT, totX    =    30
 Parallel FFT, totY    =    30
 Parallel FFT, locZ    =    96
 Parallel FFT, locZoff =     0
 Dimension of rho for this processor : 
 xmin, xmax :            0          29
 ymin, ymax :            0          29
 zmin, zmax :            0          95
 Total electron number =    7.0000000000000000     
 Uniform rhoR =    1.1955183605730012E-002
 (GB INFO) FFT size      :       30      30      96
 (GB INFO) FFT offset    :        0
 (GB INFO) FFT G size    :       16      30      96
 (GB INFO) FFT G offset  :        0

 ------------------------------------------------------------------------------
                           SETUP KEDF
 kinetic energy density functional number is            5
 ( 1=TF, 2=VW, 3=TF+VW, 4=WT,  5=WGC,  
   7=LQ, 8=HQ, 10=CAT,  11=HC, 12=WGCD,
   15=GGA, 16=WGCD+GGA, 17=EVT, 18=EVC )
 qTable dimension:    16   30   96
 Coefficient for TF KEDF is     1.0000
 Coefficient for VW KEDF is     1.0000
 Coefficient for alpha in WGC KEDF is     1.2060
 Coefficient for beta  in WGC KEDF is     0.4607
 Coefficient for gamma in WGC KEDF is     2.7000
 rho0 (Electron/Bohr^3) in WGC KEDF is     0.0120
 rhoS (Electron/Bohr^3) in WGC KEDF is     0.0120
 hold0 =  F
 holdS =  F
  dV of each real space grid is now    6.7768527184883277E-003
 Cell length (Bohr)    5.945E+00   5.945E+00   1.913E+01
 Angle     (Degree)    9.000E+01   9.000E+01   1.200E+02
 Volume    (Bohr^3)    5.855E+02

 ------------------------------------------------------------------------------
                           SETUP EWALD 
 (Ewald) eta                             :    1.200    
 (Ewald) Real Space Cutoff               :    6.000     (Bohr)
 (Ewald) Reciprocal Cutoff               :    15.32     (1/Bohr)

 ------------------------------------------------------------------------------
                           SETUP PLANE WAVE 

 ------------------------------------------------------------------------------
                           INITIALIZING WGC KERNEL
 Fermi vector :   0.70739027258110554     
 Reference density :    1.1955183605730012E-002
 Make WGC kernels.
 Dimension of KEDF Kernel :           16          30          96

 ------------------------------------------------------------------------------
                           REFRESH ION POSITIONS
  
 Calculating Ion-Ion Energy ...                   complete.     0.011 s
  
 Calculating Ion-Electron Potential (spline) ... 
 complete.     0.022 s

 ------------------------------------------------------------------------------
                           DENSITY OPTIMIZATION
 Electron number for spin            1  is    7.0000000000124327     
 Cell Volume      :            86.765122 Angstrom^3
 Ion number       :                    4
 Electron number  :             7.000000
 Ion density      :             0.046101 Ion/Angstrom^3
 Electron density :             0.080678 Electron/Angstrom^3
 Print density file to mp-1094665/mp-1094665.den                         
##############################################################################
#                               FINAL ENERGIES                       time    #
##############################################################################
# Thomas-Fermi Kin. Energy =   2.977610854531E+01 eV                 0.000 s #
# Von-Weizsacker Kin. Ener =   3.330468033948E+00 eV                 0.000 s #
#       WGC Kinetic Energy =  -1.413263298529E+00 eV                 0.000 s #
#                                                                            #
# GGA(PBE) Exch-Cor Energy =  -4.023387034144E+01 eV                 0.000 s #
#         Coulombic Energy =   3.314864203624E+00 eV                 0.000 s #
#      Ion-Electron Energy =   1.629791929911E+01 eV                 0.000 s #
#           Ion-Ion Energy =  -9.161316006162E+01 eV                 0.000 s #
#                                                                            #
#     TOTAL KINETIC ENERGY =   3.169331328073E+01 eV                         #
#   TOTAL POTENTIAL ENERGY =  -1.122342469003E+02 eV                         #
#             TOTAL ENERGY =  -8.054093361960E+01 eV                         #
##############################################################################
  
 ----------------------------- TIME INFORMATION ------------------------------
    PROFESS      :     27.60s WALL    100.00% (       1 calls)    27.60s/call
    InitPROFESS  :      0.11s WALL      0.40% (       1 calls)     0.11s/call
    KEDFRefresh  :      0.04s WALL      0.15% (       1 calls)     0.04s/call
    IonRefresh   :      0.04s WALL      0.14% (       1 calls)     0.04s/call
    EwaldEnergy  :      0.01s WALL      0.04% (       1 calls)     0.01s/call
    Pot_Ion      :      0.04s WALL      0.16% (     194 calls)     0.00s/call
    Pot_Har      :      0.76s WALL      2.74% (     194 calls)     0.00s/call
    Pot_Exc      :     12.37s WALL     44.83% (     194 calls)     0.06s/call
    PBEPot       :     12.06s WALL     43.71% (     194 calls)     0.06s/call
    Pot_KEDF     :     13.10s WALL     47.48% (     194 calls)     0.07s/call
    WGCPotPlus   :     10.30s WALL     37.32% (     194 calls)     0.05s/call
    VWPotSqrPlus :      0.66s WALL      2.38% (     194 calls)     0.00s/call
    NextGradient :      0.01s WALL      0.04% (       8 calls)     0.00s/call
 -----------------------------------------------------------------------------
 ------------------------------- TOTAL ---------------------------------------
    PROFESS      :     27.60s WALL    100.00% (       1 calls)    27.60s/call
 -----------------------------------------------------------------------------

Run completed on: 05/15/2023 at 18:58:02 
  
