 ******************************************************************************
                             WELCOME TO PROFESS                   
            (PRinceton Orbital-Free Electronic Structure Software) 
 ******************************************************************************

 ------------------------------------------------------------------------------
                           READ GEOMETRY
 Cell length (Bohr)    5.024E+00   5.024E+00   5.024E+00
 Angle     (Degree)    1.095E+02   1.095E+02   1.095E+02
 Volume    (Bohr^3)    9.761E+01

 ------------------------------------------------------------------------------
                           READ PSEUDOPOTENTIAL
 Total electron number in ReadPseudo is    4.0000000000000000     
 (System) Machine Precision              :    2.2204460492503131E-016

 ------------------------------------------------------------------------------
                           SETUP FFT
 Global FFT Dimension :    25   25   25
 Dimension of rho for this processor : 
 xmin, xmax :            0          24
 ymin, ymax :            0          24
 zmin, zmax :            0          24
 Total electron number =    4.0000000000000000     
 Uniform rhoR =    4.0981457183739564E-002
 (GB INFO) FFT size      :       25      25      25
 (GB INFO) FFT offset    :        0
 (GB INFO) FFT G size    :       13      25      25
 (GB INFO) FFT G offset  :        0

 ------------------------------------------------------------------------------
                           SETUP KEDF
 kinetic energy density functional number is            5
 ( 1=TF, 2=VW, 3=TF+VW, 4=WT,  5=WGC,  
   7=LQ, 8=HQ, 10=CAT,  11=HC, 12=WGCD,
   15=GGA, 16=WGCD+GGA, 17=EVT, 18=EVC )
 qTable dimension:    13   25   25
 Coefficient for TF KEDF is     1.0000
 Coefficient for VW KEDF is     1.0000
 Coefficient for alpha in WGC KEDF is     1.2060
 Coefficient for beta  in WGC KEDF is     0.4607
 Coefficient for gamma in WGC KEDF is     4.2000
 rho0 (Electron/Bohr^3) in WGC KEDF is     0.0410
 rhoS (Electron/Bohr^3) in WGC KEDF is     0.0410
 hold0 =  F
 holdS =  F
  dV of each real space grid is now    6.2467276078600380E-003
 Cell length (Bohr)    5.024E+00   5.024E+00   5.024E+00
 Angle     (Degree)    1.095E+02   1.095E+02   1.095E+02
 Volume    (Bohr^3)    9.761E+01

 ------------------------------------------------------------------------------
                           SETUP EWALD 
 (Ewald) eta                             :    1.200    
 (Ewald) Real Space Cutoff               :    6.000     (Bohr)
 (Ewald) Reciprocal Cutoff               :    15.01     (1/Bohr)

 ------------------------------------------------------------------------------
                           SETUP PLANE WAVE 

 ------------------------------------------------------------------------------
                           INITIALIZING WGC KERNEL
 Fermi vector :    1.0666029951672653     
 Reference density :    4.0981457183739564E-002
 Make WGC kernels.
 Dimension of KEDF Kernel :           13          25          25

 ------------------------------------------------------------------------------
                           REFRESH ION POSITIONS
  
 Calculating Ion-Ion Energy ...                   complete.     0.003 s
  
 Calculating Ion-Electron Potential (spline) ... 
 complete.     0.003 s

 ------------------------------------------------------------------------------
                           DENSITY OPTIMIZATION
 Electron number for spin            1  is    4.0000000000010960     
 Cell Volume      :            14.463586 Angstrom^3
 Ion number       :                    1
 Electron number  :             4.000000
 Ion density      :             0.069139 Ion/Angstrom^3
 Electron density :             0.276557 Electron/Angstrom^3
##############################################################################
#                               FINAL ENERGIES                       time    #
##############################################################################
# Thomas-Fermi Kin. Energy =   3.828661229869E+01 eV                 0.000 s #
# Von-Weizsacker Kin. Ener =   4.328287216096E+00 eV                 0.000 s #
#       WGC Kinetic Energy =  -1.841626302538E+00 eV                 0.000 s #
#                                                                            #
# GGA(PBE) Exch-Cor Energy =  -3.323329500371E+01 eV                 0.000 s #
#         Coulombic Energy =   3.601759995945E-01 eV                 0.000 s #
#      Ion-Electron Energy =   2.048837987404E+01 eV                 0.000 s #
#           Ion-Ion Energy =  -1.365682237967E+02 eV                 0.000 s #
#                                                                            #
#     TOTAL KINETIC ENERGY =   4.077327321225E+01 eV                         #
#   TOTAL POTENTIAL ENERGY =  -1.489529629268E+02 eV                         #
#             TOTAL ENERGY =  -1.081796897146E+02 eV                         #
##############################################################################
  
 ----------------------------- TIME INFORMATION ------------------------------
    PROFESS      :      2.43s WALL    100.00% (       1 calls)     2.43s/call
    InitPROFESS  :      0.04s WALL      1.77% (       1 calls)     0.04s/call
    KEDFRefresh  :      0.02s WALL      0.85% (       1 calls)     0.02s/call
    IonRefresh   :      0.01s WALL      0.27% (       1 calls)     0.01s/call
    EwaldEnergy  :      0.00s WALL      0.12% (       1 calls)     0.00s/call
    ForwFFT_3D   :      0.40s WALL     16.37% (    1298 calls)     0.00s/call
    BackFFT_3D   :      0.32s WALL     13.14% (    1297 calls)     0.00s/call
    Pot_Ion      :      0.01s WALL      0.54% (     108 calls)     0.00s/call
    Pot_Har      :      0.08s WALL      3.24% (     108 calls)     0.00s/call
    Pot_Exc      :      1.23s WALL     50.62% (     108 calls)     0.01s/call
    PBEPot       :      1.16s WALL     47.66% (     108 calls)     0.01s/call
    Pot_KEDF     :      0.92s WALL     38.02% (     108 calls)     0.01s/call
    WGCPotPlus   :      0.70s WALL     28.96% (     108 calls)     0.01s/call
    VWPotSqrPlus :      0.06s WALL      2.39% (     108 calls)     0.00s/call
    NextGradient :      0.00s WALL      0.13% (       6 calls)     0.00s/call
 -----------------------------------------------------------------------------
 ------------------------------- TOTAL ---------------------------------------
    PROFESS      :      2.43s WALL    100.00% (       1 calls)     2.43s/call
 -----------------------------------------------------------------------------

Run completed on: 07/30/2024 at 16:54:00 
  
