 ******************************************************************************
                             WELCOME TO PROFESS                   
            (PRinceton Orbital-Free Electronic Structure Software) 
 ******************************************************************************

 ------------------------------------------------------------------------------
                           READ GEOMETRY
 Cell length (Bohr)    5.029E+00   5.029E+00   5.029E+00
 Angle     (Degree)    9.000E+01   9.000E+01   9.000E+01
 Volume    (Bohr^3)    1.272E+02

 ------------------------------------------------------------------------------
                           READ PSEUDOPOTENTIAL
 Total electron number in ReadPseudo is    3.0000000000000000     
 (System) Machine Precision              :    2.2204460492503131E-016

 ------------------------------------------------------------------------------
                           SETUP FFT
 Global FFT Dimension :    14   14   14
 Rank/Size in Global Communicator     :            0 /           1
 Rank/Size in Global FFT Communicator :            0 /           1
 Parallel FFT, totX    =    14
 Parallel FFT, totY    =    14
 Parallel FFT, locZ    =    14
 Parallel FFT, locZoff =     0
 Dimension of rho for this processor : 
 xmin, xmax :            0          13
 ymin, ymax :            0          13
 zmin, zmax :            0          13
 Total electron number =    3.0000000000000000     
 Uniform rhoR =    2.3592194536362698E-002
 (GB INFO) FFT size      :       14      14      14
 (GB INFO) FFT offset    :        0
 (GB INFO) FFT G size    :        8      14      14
 (GB INFO) FFT G offset  :        0

 ------------------------------------------------------------------------------
                           SETUP KEDF
 kinetic energy density functional number is            4
 ( 1=TF, 2=VW, 3=TF+VW, 4=WT,  5=WGC,  
   7=LQ, 8=HQ, 10=CAT,  11=HC, 12=WGCD,
   15=GGA, 16=WGCD+GGA, 17=EVT, 18=EVC )
 qTable dimension:     8   14   14
 Coefficient for TF KEDF is     1.0000
 Coefficient for VW KEDF is     1.0000
 Coefficient for alpha in WT KEDF is     0.8333
 Coefficient for beta  in WT KEDF is     0.8333
 rho0 (Electron/Bohr^3) in WGC KEDF is     0.0236
 hold0 =  F
  dV of each real space grid is now    4.6341363409677823E-002
 Cell length (Bohr)    5.029E+00   5.029E+00   5.029E+00
 Angle     (Degree)    9.000E+01   9.000E+01   9.000E+01
 Volume    (Bohr^3)    1.272E+02

 ------------------------------------------------------------------------------
                           SETUP EWALD 
 (Ewald) eta                             :   0.8031    
 (Ewald) Real Space Cutoff               :    6.000     (Bohr)
 (Ewald) Reciprocal Cutoff               :    8.122     (1/Bohr)

 ------------------------------------------------------------------------------
                           SETUP PLANE WAVE 
 Read in WT kernel.
 kernel file name  : 3PROFESS_KERNEL.dat           
 KEDF type         :     4
 Fermi vector      :   1.182014212099E+00
 Reference density :  -1.000000000000E+00
 Mesh points       :   200002
 Fermi vector in this cell is    1.7745698936622236     
 Fermi vector from kernel file is    1.1820142120987149     
 First qNorm is    0.0000000000000000     
 size of Wang-Teter kernel in this run is            8          14          14
 Max |G| in this calculation is   1.514912553300E+01
 Max eta used from kernel is   8.536787188323E+00

 ------------------------------------------------------------------------------
                           REFRESH ION POSITIONS
  
 Calculating Ion-Ion Energy ...                   complete.     0.000 s
  
 Calculating Ion-Electron Potential (spline) ... 
 complete.     0.000 s

 ------------------------------------------------------------------------------
                           DENSITY OPTIMIZATION
 Electron number for spin            1  is    3.0000000000000182     
 Cell Volume      :            18.843272 Angstrom^3
 Ion number       :                    1
 Electron number  :             3.000000
 Ion density      :             0.053069 Ion/Angstrom^3
 Electron density :             0.159208 Electron/Angstrom^3
##############################################################################
#                               FINAL ENERGIES                       time    #
##############################################################################
# Thomas-Fermi Kin. Energy =   2.020057520086E+01 eV                 0.000 s #
# Von-Weizsacker Kin. Ener =   3.060055019211E+00 eV                 0.000 s #
# Wang-Teter Kinetic Energ =  -1.541883022105E+00 eV                 0.000 s #
#                                                                            #
#     LDA Exch-Corr Energy =  -2.120707069625E+01 eV                 0.000 s #
#         Coulombic Energy =   4.233865779653E-01 eV                 0.000 s #
#      Ion-Electron Energy =   1.053606794875E+01 eV                 0.000 s #
#           Ion-Ion Energy =  -6.909029333563E+01 eV                 0.000 s #
#                                                                            #
#     TOTAL KINETIC ENERGY =   2.171874719796E+01 eV                         #
#   TOTAL POTENTIAL ENERGY =  -7.933790950517E+01 eV                         #
#             TOTAL ENERGY =  -5.761916230721E+01 eV                         #
##############################################################################
  
 ----------------------------- TIME INFORMATION ------------------------------
    PROFESS      :      0.53s WALL    100.00% (       1 calls)     0.53s/call
    InitPROFESS  :      0.36s WALL     68.35% (       1 calls)     0.36s/call
    KEDFRefresh  :      0.33s WALL     62.45% (       1 calls)     0.33s/call
    IonRefresh   :      0.00s WALL      0.09% (       1 calls)     0.00s/call
    EwaldEnergy  :      0.00s WALL      0.04% (       1 calls)     0.00s/call
    Pot_Ion      :      0.00s WALL      0.02% (      59 calls)     0.00s/call
    Pot_Har      :      0.00s WALL      0.56% (      59 calls)     0.00s/call
    Pot_Exc      :      0.02s WALL      3.05% (      59 calls)     0.00s/call
    Pot_KEDF     :      0.07s WALL     12.26% (      59 calls)     0.00s/call
    VWPotSqrPlus :      0.00s WALL      0.45% (      59 calls)     0.00s/call
    NextGradient :      0.00s WALL      0.04% (       7 calls)     0.00s/call
 -----------------------------------------------------------------------------
 ------------------------------- TOTAL ---------------------------------------
    PROFESS      :      0.53s WALL    100.00% (       1 calls)     0.53s/call
 -----------------------------------------------------------------------------

Run completed on: 08/13/2021 at 19:21:19 
  
