 ******************************************************************************
                             WELCOME TO PROFESS                   
            (PRinceton Orbital-Free Electronic Structure Software) 
 ******************************************************************************

 ------------------------------------------------------------------------------
                           READ GEOMETRY
 Cell length (Bohr)    1.184E+01   2.069E+01   9.475E+00
 Angle     (Degree)    9.000E+01   9.000E+01   9.000E+01
 Volume    (Bohr^3)    2.322E+03

 ------------------------------------------------------------------------------
                           READ PSEUDOPOTENTIAL
 Total electron number in ReadPseudo is    32.000000000000000     
 (System) Machine Precision              :    2.2204460492503131E-016

 ------------------------------------------------------------------------------
                           SETUP FFT
 Global FFT Dimension :    60  105   48
 Rank/Size in Global Communicator     :            0 /           1
 Rank/Size in Global FFT Communicator :            0 /           1
 Parallel FFT, totX    =    60
 Parallel FFT, totY    =   105
 Parallel FFT, locZ    =    48
 Parallel FFT, locZoff =     0
 Dimension of rho for this processor : 
 xmin, xmax :            0          59
 ymin, ymax :            0         104
 zmin, zmax :            0          47
 Total electron number =    32.000000000000000     
 Uniform rhoR =    1.3782258834182277E-002
 (GB INFO) FFT size      :       60     105      48
 (GB INFO) FFT offset    :        0
 (GB INFO) FFT G size    :       31     105      48
 (GB INFO) FFT G offset  :        0

 ------------------------------------------------------------------------------
                           SETUP KEDF
 kinetic energy density functional number is            5
 ( 1=TF, 2=VW, 3=TF+VW, 4=WT,  5=WGC,  
   7=LQ, 8=HQ, 10=CAT,  11=HC, 12=WGCD,
   15=GGA, 16=WGCD+GGA, 17=EVT, 18=EVC )
 qTable dimension:    31  105   48
 Coefficient for TF KEDF is     1.0000
 Coefficient for VW KEDF is     1.0000
 Coefficient for alpha in WGC KEDF is     1.2060
 Coefficient for beta  in WGC KEDF is     0.4607
 Coefficient for gamma in WGC KEDF is     2.7000
 rho0 (Electron/Bohr^3) in WGC KEDF is     0.0138
 rhoS (Electron/Bohr^3) in WGC KEDF is     0.0138
 hold0 =  F
 holdS =  F
  dV of each real space grid is now    7.6779943761943062E-003
 Cell length (Bohr)    1.184E+01   2.069E+01   9.475E+00
 Angle     (Degree)    9.000E+01   9.000E+01   9.000E+01
 Volume    (Bohr^3)    2.322E+03

 ------------------------------------------------------------------------------
                           SETUP EWALD 
 (Ewald) eta                             :    1.200    
 (Ewald) Real Space Cutoff               :    6.000     (Bohr)
 (Ewald) Reciprocal Cutoff               :    15.58     (1/Bohr)

 ------------------------------------------------------------------------------
                           SETUP PLANE WAVE 

 ------------------------------------------------------------------------------
                           INITIALIZING WGC KERNEL
 Fermi vector :   0.74173220171797294     
 Reference density :    1.3782258834182277E-002
 Make WGC kernels.
 Dimension of KEDF Kernel :           31         105          48

 ------------------------------------------------------------------------------
                           REFRESH ION POSITIONS
  
 Calculating Ion-Ion Energy ...                   complete.     0.046 s
  
 Calculating Ion-Electron Potential (spline) ... 
 complete.     0.140 s

 ------------------------------------------------------------------------------
                           DENSITY OPTIMIZATION
 Electron number for spin            1  is    31.999999999817831     
 Cell Volume      :           344.059037 Angstrom^3
 Ion number       :                   16
 Electron number  :            32.000000
 Ion density      :             0.046504 Ion/Angstrom^3
 Electron density :             0.093007 Electron/Angstrom^3
 Print density file to mp-1023399/mp-1023399.den                         
##############################################################################
#                               FINAL ENERGIES                       time    #
##############################################################################
# Thomas-Fermi Kin. Energy =   1.518885937833E+02 eV                 0.000 s #
# Von-Weizsacker Kin. Ener =   1.948756169798E+01 eV                 0.000 s #
#       WGC Kinetic Energy =  -9.262951615172E+00 eV                 0.000 s #
#                                                                            #
# GGA(PBE) Exch-Cor Energy =  -1.929402345765E+02 eV                 0.000 s #
#         Coulombic Energy =   1.099668744877E+01 eV                 0.000 s #
#      Ion-Electron Energy =   8.911357449190E+01 eV                 0.000 s #
#           Ion-Ion Energy =  -4.910765851107E+02 eV                 0.000 s #
#                                                                            #
#     TOTAL KINETIC ENERGY =   1.621132038661E+02 eV                         #
#   TOTAL POTENTIAL ENERGY =  -5.839065577466E+02 eV                         #
#             TOTAL ENERGY =  -4.217933538804E+02 eV                         #
##############################################################################
  
 ----------------------------- TIME INFORMATION ------------------------------
    PROFESS      :     93.12s WALL    100.00% (       1 calls)    93.12s/call
    InitPROFESS  :      0.37s WALL      0.40% (       1 calls)     0.37s/call
    KEDFRefresh  :      0.09s WALL      0.10% (       1 calls)     0.09s/call
    IonRefresh   :      0.22s WALL      0.23% (       1 calls)     0.22s/call
    EwaldEnergy  :      0.05s WALL      0.05% (       1 calls)     0.05s/call
    Pot_Ion      :      0.12s WALL      0.13% (     153 calls)     0.00s/call
    Pot_Har      :      3.17s WALL      3.40% (     153 calls)     0.02s/call
    Pot_Exc      :     42.03s WALL     45.14% (     153 calls)     0.27s/call
    PBEPot       :     41.33s WALL     44.38% (     153 calls)     0.27s/call
    Pot_KEDF     :     44.59s WALL     47.88% (     153 calls)     0.29s/call
    WGCPotPlus   :     35.67s WALL     38.31% (     153 calls)     0.23s/call
    VWPotSqrPlus :      2.79s WALL      2.99% (     153 calls)     0.02s/call
    NextGradient :      0.04s WALL      0.04% (       8 calls)     0.01s/call
 -----------------------------------------------------------------------------
 ------------------------------- TOTAL ---------------------------------------
    PROFESS      :     93.12s WALL    100.00% (       1 calls)    93.12s/call
 -----------------------------------------------------------------------------

Run completed on: 05/15/2023 at 19:06:42 
  
