 ******************************************************************************
                             WELCOME TO PROFESS                   
            (PRinceton Orbital-Free Electronic Structure Software) 
 ******************************************************************************

 ------------------------------------------------------------------------------
                           READ GEOMETRY
 Cell length (Bohr)    5.105E+00   5.105E+00   5.105E+00
 Angle     (Degree)    9.000E+01   9.000E+01   9.000E+01
 Volume    (Bohr^3)    1.331E+02

 ------------------------------------------------------------------------------
                           READ PSEUDOPOTENTIAL
 Total electron number in ReadPseudo is    1.0000000000000000     
 (System) Machine Precision              :    2.2204460492503131E-016

 ------------------------------------------------------------------------------
                           SETUP FFT
 Global FFT Dimension :    25   25   25
 Rank/Size in Global Communicator     :            0 /           1
 Rank/Size in Global FFT Communicator :            0 /           1
 Parallel FFT, totX    =    25
 Parallel FFT, totY    =    25
 Parallel FFT, locZ    =    25
 Parallel FFT, locZoff =     0
 Dimension of rho for this processor : 
 xmin, xmax :            0          24
 ymin, ymax :            0          24
 zmin, zmax :            0          24
 Total electron number =    1.0000000000000000     
 Uniform rhoR =    7.5154730480637170E-003
 (GB INFO) FFT size      :       25      25      25
 (GB INFO) FFT offset    :        0
 (GB INFO) FFT G size    :       13      25      25
 (GB INFO) FFT G offset  :        0

 ------------------------------------------------------------------------------
                           SETUP KEDF
 kinetic energy density functional number is            5
 ( 1=TF, 2=VW, 3=TF+VW, 4=WT,  5=WGC,  
   7=LQ, 8=HQ, 10=CAT,  11=HC, 12=WGCD,
   15=GGA, 16=WGCD+GGA, 17=EVT, 18=EVC )
 qTable dimension:    13   25   25
 Coefficient for TF KEDF is     1.0000
 Coefficient for VW KEDF is     1.0000
 Coefficient for alpha in WGC KEDF is     1.2060
 Coefficient for beta  in WGC KEDF is     0.4607
 Coefficient for gamma in WGC KEDF is     2.7000
 rho0 (Electron/Bohr^3) in WGC KEDF is     0.0075
 rhoS (Electron/Bohr^3) in WGC KEDF is     0.0075
 hold0 =  F
 holdS =  F
  dV of each real space grid is now    8.5157646884900916E-003
 Cell length (Bohr)    5.105E+00   5.105E+00   5.105E+00
 Angle     (Degree)    9.000E+01   9.000E+01   9.000E+01
 Volume    (Bohr^3)    1.331E+02

 ------------------------------------------------------------------------------
                           SETUP EWALD 
 (Ewald) eta                             :    1.200    
 (Ewald) Real Space Cutoff               :    6.000     (Bohr)
 (Ewald) Reciprocal Cutoff               :    14.77     (1/Bohr)

 ------------------------------------------------------------------------------
                           SETUP PLANE WAVE 

 ------------------------------------------------------------------------------
                           INITIALIZING WGC KERNEL
 Fermi vector :   0.60598113925614427     
 Reference density :    7.5154730480637170E-003
 Make WGC kernels.
 Dimension of KEDF Kernel :           13          25          25

 ------------------------------------------------------------------------------
                           REFRESH ION POSITIONS
  
 Calculating Ion-Ion Energy ...                   complete.     0.002 s
  
 Calculating Ion-Electron Potential (spline) ... 
 complete.     0.002 s

 ------------------------------------------------------------------------------
                           DENSITY OPTIMIZATION
 Electron number for spin            1  is   0.99999999999979772     
 Cell Volume      :            19.717283 Angstrom^3
 Ion number       :                    1
 Electron number  :             1.000000
 Ion density      :             0.050717 Ion/Angstrom^3
 Electron density :             0.050717 Electron/Angstrom^3
##############################################################################
#                               FINAL ENERGIES                       time    #
##############################################################################
# Thomas-Fermi Kin. Energy =   3.027572889556E+00 eV                 0.000 s #
# Von-Weizsacker Kin. Ener =   2.019816167603E-01 eV                 0.000 s #
#       WGC Kinetic Energy =  -5.450558670853E-02 eV                 0.000 s #
#                                                                            #
# GGA(PBE) Exch-Cor Energy =  -4.936729014744E+00 eV                 0.000 s #
#         Coulombic Energy =   1.078114167903E-02 eV                 0.000 s #
#      Ion-Electron Energy =   1.906692744468E+00 eV                 0.000 s #
#           Ion-Ion Energy =  -7.561551929232E+00 eV                 0.000 s #
#                                                                            #
#     TOTAL KINETIC ENERGY =   3.175048919608E+00 eV                         #
#   TOTAL POTENTIAL ENERGY =  -1.058080705783E+01 eV                         #
#             TOTAL ENERGY =  -7.405758138220E+00 eV                         #
##############################################################################
  
 ----------------------------- TIME INFORMATION ------------------------------
    PROFESS      :      2.87s WALL    100.00% (       1 calls)     2.87s/call
    InitPROFESS  :      0.05s WALL      1.85% (       1 calls)     0.05s/call
    KEDFRefresh  :      0.02s WALL      0.75% (       1 calls)     0.02s/call
    IonRefresh   :      0.00s WALL      0.14% (       1 calls)     0.00s/call
    EwaldEnergy  :      0.00s WALL      0.05% (       1 calls)     0.00s/call
    Pot_Ion      :      0.00s WALL      0.15% (     104 calls)     0.00s/call
    Pot_Har      :      0.07s WALL      2.55% (     104 calls)     0.00s/call
    Pot_Exc      :      1.02s WALL     35.54% (     104 calls)     0.01s/call
    PBEPot       :      0.98s WALL     34.32% (     104 calls)     0.01s/call
    Pot_KEDF     :      1.37s WALL     47.75% (     104 calls)     0.01s/call
    WGCPotPlus   :      1.08s WALL     37.60% (     104 calls)     0.01s/call
    VWPotSqrPlus :      0.06s WALL      2.12% (     104 calls)     0.00s/call
    NextGradient :      0.00s WALL      0.06% (       6 calls)     0.00s/call
 -----------------------------------------------------------------------------
 ------------------------------- TOTAL ---------------------------------------
    PROFESS      :      2.87s WALL    100.00% (       1 calls)     2.87s/call
 -----------------------------------------------------------------------------

Run completed on: 05/02/2023 at 14:01:13 
  
