 ******************************************************************************
                             WELCOME TO PROFESS                   
            (PRinceton Orbital-Free Electronic Structure Software) 
 ******************************************************************************

 ------------------------------------------------------------------------------
                           READ GEOMETRY
 Cell length (Bohr)    7.465E+00   7.465E+00   7.465E+00
 Angle     (Degree)    6.000E+01   6.000E+01   6.000E+01
 Volume    (Bohr^3)    2.942E+02

 ------------------------------------------------------------------------------
                           READ PSEUDOPOTENTIAL
 Total electron number in ReadPseudo is    8.0000000000000000     
 (System) Machine Precision              :    2.2204460492503131E-016

 ------------------------------------------------------------------------------
                           SETUP FFT
 Global FFT Dimension :    40   40   40
 Dimension of rho for this processor : 
 xmin, xmax :            0          39
 ymin, ymax :            0          39
 zmin, zmax :            0          39
 Total electron number =    8.0000000000000000     
 Uniform rhoR =    2.7192541166086603E-002
 (GB INFO) FFT size      :       40      40      40
 (GB INFO) FFT offset    :        0
 (GB INFO) FFT G size    :       21      40      40
 (GB INFO) FFT G offset  :        0

 ------------------------------------------------------------------------------
                           SETUP KEDF
 kinetic energy density functional number is            5
 ( 1=TF, 2=VW, 3=TF+VW, 4=WT,  5=WGC,  
   7=LQ, 8=HQ, 10=CAT,  11=HC, 12=WGCD,
   15=GGA, 16=WGCD+GGA, 17=EVT, 18=EVC )
 qTable dimension:    21   40   40
 Coefficient for TF KEDF is     1.0000
 Coefficient for VW KEDF is     1.0000
 Coefficient for alpha in WGC KEDF is     1.2060
 Coefficient for beta  in WGC KEDF is     0.4607
 Coefficient for gamma in WGC KEDF is     4.2000
 rho0 (Electron/Bohr^3) in WGC KEDF is     0.0272
 rhoS (Electron/Bohr^3) in WGC KEDF is     0.0272
 hold0 =  F
 holdS =  F
  dV of each real space grid is now    4.5968487916052047E-003
 Cell length (Bohr)    7.465E+00   7.465E+00   7.465E+00
 Angle     (Degree)    6.000E+01   6.000E+01   6.000E+01
 Volume    (Bohr^3)    2.942E+02

 ------------------------------------------------------------------------------
                           SETUP EWALD 
 (Ewald) eta                             :    1.200    
 (Ewald) Real Space Cutoff               :    6.000     (Bohr)
 (Ewald) Reciprocal Cutoff               :    16.41     (1/Bohr)

 ------------------------------------------------------------------------------
                           SETUP PLANE WAVE 

 ------------------------------------------------------------------------------
                           INITIALIZING WGC KERNEL
 Fermi vector :   0.93030123663895636     
 Reference density :    2.7192541166086603E-002
 Make WGC kernels.
 Dimension of KEDF Kernel :           21          40          40

 ------------------------------------------------------------------------------
                           REFRESH ION POSITIONS
  
 Calculating Ion-Ion Energy ...                   complete.     0.012 s
  
 Calculating Ion-Electron Potential (spline) ... 
 complete.     0.020 s

 ------------------------------------------------------------------------------
                           DENSITY OPTIMIZATION
 Electron number for spin            1  is    8.0000000000101199     
 Cell Volume      :            43.595693 Angstrom^3
 Ion number       :                    2
 Electron number  :             8.000000
 Ion density      :             0.045876 Ion/Angstrom^3
 Electron density :             0.183504 Electron/Angstrom^3
##############################################################################
#                               FINAL ENERGIES                       time    #
##############################################################################
# Thomas-Fermi Kin. Energy =   7.888756858947E+01 eV                 0.000 s #
# Von-Weizsacker Kin. Ener =   2.792794636689E+01 eV                 0.000 s #
#       WGC Kinetic Energy =  -1.929739323781E+01 eV                 0.000 s #
#                                                                            #
# GGA(PBE) Exch-Cor Energy =  -6.608688502324E+01 eV                 0.000 s #
#         Coulombic Energy =   2.219069139447E+01 eV                 0.000 s #
#      Ion-Electron Energy =  -4.389189723134E+01 eV                 0.000 s #
#           Ion-Ion Energy =  -2.318941513979E+02 eV                 0.000 s #
#                                                                            #
#     TOTAL KINETIC ENERGY =   8.751812171855E+01 eV                         #
#   TOTAL POTENTIAL ENERGY =  -3.196822422580E+02 eV                         #
#             TOTAL ENERGY =  -2.321641205395E+02 eV                         #
##############################################################################
  
 ----------------------------- TIME INFORMATION ------------------------------
    PROFESS      :     37.97s WALL    100.00% (       1 calls)    37.97s/call
    InitPROFESS  :      0.13s WALL      0.34% (       1 calls)     0.13s/call
    KEDFRefresh  :      0.04s WALL      0.11% (       1 calls)     0.04s/call
    IonRefresh   :      0.04s WALL      0.11% (       1 calls)     0.04s/call
    EwaldEnergy  :      0.01s WALL      0.04% (       1 calls)     0.01s/call
    ForwFFT_3D   :      6.72s WALL     17.71% (    3099 calls)     0.00s/call
    BackFFT_3D   :      5.43s WALL     14.31% (    3097 calls)     0.00s/call
    Pot_Ion      :      0.13s WALL      0.35% (     258 calls)     0.00s/call
    Pot_Har      :      1.16s WALL      3.05% (     258 calls)     0.00s/call
    Pot_Exc      :     20.41s WALL     53.75% (     258 calls)     0.08s/call
    PBEPot       :     19.27s WALL     50.76% (     258 calls)     0.07s/call
    Pot_KEDF     :     14.08s WALL     37.08% (     258 calls)     0.05s/call
    WGCPotPlus   :     11.23s WALL     29.58% (     258 calls)     0.04s/call
    VWPotSqrPlus :      0.90s WALL      2.38% (     258 calls)     0.00s/call
    NextGradient :      0.03s WALL      0.09% (      11 calls)     0.00s/call
 -----------------------------------------------------------------------------
 ------------------------------- TOTAL ---------------------------------------
    PROFESS      :     37.97s WALL    100.00% (       1 calls)    37.97s/call
 -----------------------------------------------------------------------------

Run completed on: 07/30/2024 at 20:42:52 
  
