 ******************************************************************************
                             WELCOME TO PROFESS                   
            (PRinceton Orbital-Free Electronic Structure Software) 
 ******************************************************************************

 ------------------------------------------------------------------------------
                           READ GEOMETRY
 Cell length (Bohr)    8.147E+00   8.147E+00   8.147E+00
 Angle     (Degree)    9.000E+01   9.000E+01   9.000E+01
 Volume    (Bohr^3)    5.408E+02

 ------------------------------------------------------------------------------
                           READ PSEUDOPOTENTIAL
 Total electron number in ReadPseudo is    9.0000000000000000     
 (System) Machine Precision              :    2.2204460492503131E-016

 ------------------------------------------------------------------------------
                           SETUP FFT
 Global FFT Dimension :    18   18   18
 Rank/Size in Global Communicator     :            0 /           1
 Rank/Size in Global FFT Communicator :            0 /           1
 Parallel FFT, totX    =    18
 Parallel FFT, totY    =    18
 Parallel FFT, locZ    =    18
 Parallel FFT, locZoff =     0
 Dimension of rho for this processor : 
 xmin, xmax :            0          17
 ymin, ymax :            0          17
 zmin, zmax :            0          17
 Total electron number =    9.0000000000000000     
 Uniform rhoR =    1.6642456834545235E-002
 (GB INFO) FFT size      :       18      18      18
 (GB INFO) FFT offset    :        0
 (GB INFO) FFT G size    :       10      18      18
 (GB INFO) FFT G offset  :        0

 ------------------------------------------------------------------------------
                           SETUP KEDF
 kinetic energy density functional number is            4
 ( 1=TF, 2=VW, 3=TF+VW, 4=WT,  5=WGC,  
   7=LQ, 8=HQ, 10=CAT,  11=HC, 12=WGCD,
   15=GGA, 16=WGCD+GGA, 17=EVT, 18=EVC )
 qTable dimension:    10   18   18
 Coefficient for TF KEDF is     1.0000
 Coefficient for VW KEDF is     1.0000
 Coefficient for alpha in WT KEDF is     0.8333
 Coefficient for beta  in WT KEDF is     0.8333
 rho0 (Electron/Bohr^3) in WGC KEDF is     0.0166
 hold0 =  F
  dV of each real space grid is now    9.2727287316132542E-002
 Cell length (Bohr)    8.147E+00   8.147E+00   8.147E+00
 Angle     (Degree)    9.000E+01   9.000E+01   9.000E+01
 Volume    (Bohr^3)    5.408E+02

 ------------------------------------------------------------------------------
                           SETUP EWALD 
 (Ewald) eta                             :   0.6232    
 (Ewald) Real Space Cutoff               :    7.926     (Bohr)
 (Ewald) Reciprocal Cutoff               :    6.555     (1/Bohr)

 ------------------------------------------------------------------------------
                           SETUP PLANE WAVE 
 Fill the 3D Wang-Teter kernel in G space

 ------------------------------------------------------------------------------
                           REFRESH ION POSITIONS
  
 Calculating Ion-Ion Energy ...                   complete.     0.001 s
  
 Calculating Ion-Electron Potential (spline) ... 
 complete.     0.001 s

 ------------------------------------------------------------------------------
                           DENSITY OPTIMIZATION
 Electron number for spin            1  is    9.0000000000004192     
 Cell Volume      :            80.136148 Angstrom^3
 Ion number       :                    4
 Electron number  :             9.000000
 Ion density      :             0.049915 Ion/Angstrom^3
 Electron density :             0.112309 Electron/Angstrom^3
##############################################################################
#                               FINAL ENERGIES                       time    #
##############################################################################
# Thomas-Fermi Kin. Energy =   4.818932102556E+01 eV                 0.000 s #
# Von-Weizsacker Kin. Ener =   6.047602249334E+00 eV                 0.000 s #
# Wang-Teter Kinetic Energ =  -2.866426148340E+00 eV                 0.000 s #
#                                                                            #
#     LDA Exch-Corr Energy =  -5.730514152184E+01 eV                 0.000 s #
#         Coulombic Energy =   2.374964915112E+00 eV                 0.000 s #
#      Ion-Electron Energy =   2.946046313928E+01 eV                 0.000 s #
#           Ion-Ion Energy =  -1.578711527034E+02 eV                 0.000 s #
#                                                                            #
#     TOTAL KINETIC ENERGY =   5.137049712655E+01 eV                         #
#   TOTAL POTENTIAL ENERGY =  -1.833408661708E+02 eV                         #
#             TOTAL ENERGY =  -1.319703690443E+02 eV                         #
##############################################################################
  
 ----------------------------- TIME INFORMATION ------------------------------
    PROFESS      :      0.46s WALL    100.00% (       1 calls)     0.46s/call
    InitPROFESS  :      0.07s WALL     14.43% (       1 calls)     0.07s/call
    KEDFRefresh  :      0.00s WALL      0.07% (       1 calls)     0.00s/call
    IonRefresh   :      0.00s WALL      0.54% (       1 calls)     0.00s/call
    EwaldEnergy  :      0.00s WALL      0.17% (       1 calls)     0.00s/call
    Pot_Ion      :      0.00s WALL      0.06% (      65 calls)     0.00s/call
    Pot_Har      :      0.01s WALL      2.92% (      65 calls)     0.00s/call
    Pot_Exc      :      0.04s WALL      8.56% (      65 calls)     0.00s/call
    Pot_KEDF     :      0.18s WALL     39.28% (      65 calls)     0.00s/call
    VWPotSqrPlus :      0.01s WALL      2.80% (      65 calls)     0.00s/call
    NextGradient :      0.00s WALL      0.09% (       7 calls)     0.00s/call
 -----------------------------------------------------------------------------
 ------------------------------- TOTAL ---------------------------------------
    PROFESS      :      0.46s WALL    100.00% (       1 calls)     0.46s/call
 -----------------------------------------------------------------------------

Run completed on: 11/17/2021 at 21:07:40 
  
