 ******************************************************************************
                             WELCOME TO PROFESS                   
            (PRinceton Orbital-Free Electronic Structure Software) 
 ******************************************************************************

 ------------------------------------------------------------------------------
                           READ GEOMETRY
 Cell length (Bohr)    8.218E+00   8.218E+00   1.351E+01
 Angle     (Degree)    9.000E+01   9.000E+01   1.200E+02
 Volume    (Bohr^3)    7.903E+02

 ------------------------------------------------------------------------------
                           READ PSEUDOPOTENTIAL
 Total electron number in ReadPseudo is    16.000000000000000     
 (System) Machine Precision              :    2.2204460492503131E-016

 ------------------------------------------------------------------------------
                           SETUP FFT
 Global FFT Dimension :    45   45   75
 Dimension of rho for this processor : 
 xmin, xmax :            0          44
 ymin, ymax :            0          44
 zmin, zmax :            0          74
 Total electron number =    16.000000000000000     
 Uniform rhoR =    2.0245190663432538E-002
 (GB INFO) FFT size      :       45      45      75
 (GB INFO) FFT offset    :        0
 (GB INFO) FFT G size    :       23      45      75
 (GB INFO) FFT G offset  :        0

 ------------------------------------------------------------------------------
                           SETUP KEDF
 kinetic energy density functional number is           11
 ( 1=TF, 2=VW, 3=TF+VW, 4=WT,  5=WGC,  
   7=LQ, 8=HQ, 10=CAT,  11=HC, 12=WGCD,
   15=GGA, 16=WGCD+GGA, 17=EVT, 18=EVC )
 qTable dimension:    23   45   75
 rhoS=   2.0245190663432538E-002
 rho0=   2.0245190663432538E-002
 coefficients for TF KEDF is     1.000000
 coefficients for VW KEDF is     1.000000
 Lambda in HC10 is set to     0.014200
 ALPHA  in HC10 is set to     1.791667
 BETA   in HC10 is set to     0.875000
 Sum of alpha and beta is     2.666667
  dV of each real space grid is now    5.2036948423987454E-003
 Cell length (Bohr)    8.218E+00   8.218E+00   1.351E+01
 Angle     (Degree)    9.000E+01   9.000E+01   1.200E+02
 Volume    (Bohr^3)    7.903E+02

 ------------------------------------------------------------------------------
                           SETUP EWALD 
 (Ewald) eta                             :    1.200    
 (Ewald) Real Space Cutoff               :    6.000     (Bohr)
 (Ewald) Reciprocal Cutoff               :    16.82     (1/Bohr)

 ------------------------------------------------------------------------------
                           SETUP PLANE WAVE 

 ------------------------------------------------------------------------------
                           REFRESH ION POSITIONS
  
 Calculating Ion-Ion Energy ...                   complete.     0.064 s
  
 Calculating Ion-Electron Potential (spline) ... 
 complete.     0.154 s

 ------------------------------------------------------------------------------
                           DENSITY OPTIMIZATION
 Electron number for spin            1  is    16.000000000009468     
 Cell Volume      :           117.112029 Angstrom^3
 Ion number       :                    4
 Electron number  :            16.000000
 Ion density      :             0.034155 Ion/Angstrom^3
 Electron density :             0.136621 Electron/Angstrom^3
 Print density file to InAs/InAs.den                                     
##############################################################################
#                               FINAL ENERGIES                       time    #
##############################################################################
# Thomas-Fermi Kin. Energy =   1.336169299816E+02 eV                 0.000 s #
# Von-Weizsacker Kin. Ener =   4.711760804758E+01 eV                 0.000 s #
#                                                                            #
# GGA(PBE) Exch-Cor Energy =  -1.228582550891E+02 eV                 0.000 s #
#         Coulombic Energy =   4.815197572980E+01 eV                 0.000 s #
#      Ion-Electron Energy =  -9.820519797260E+01 eV                 0.000 s #
#           Ion-Ion Energy =  -4.198237673614E+02 eV                 0.000 s #
#                                                                            #
#     TOTAL KINETIC ENERGY =   1.423394565983E+02 eV                         #
#   TOTAL POTENTIAL ENERGY =  -5.927352446933E+02 eV                         #
#             TOTAL ENERGY =  -4.503957880950E+02 eV                         #
##############################################################################
  
 ----------------------------- TIME INFORMATION ------------------------------
    PROFESS      :   9048.24s WALL    100.00% (       1 calls)  9048.24s/call
    InitPROFESS  :      0.30s WALL      0.00% (       1 calls)     0.30s/call
    KEDFRefresh  :      0.01s WALL      0.00% (       1 calls)     0.01s/call
    IonRefresh   :      0.24s WALL      0.00% (       1 calls)     0.24s/call
    EwaldEnergy  :      0.06s WALL      0.00% (       1 calls)     0.06s/call
    ForwFFT_3D   :   2353.69s WALL     26.01% (  131490 calls)     0.02s/call
    BackFFT_3D   :   1342.43s WALL     14.84% (   85248 calls)     0.02s/call
    Pot_Ion      :      5.71s WALL      0.06% (    2053 calls)     0.00s/call
    Pot_Har      :     77.63s WALL      0.86% (    2053 calls)     0.04s/call
    Pot_Exc      :   1153.96s WALL     12.75% (    2053 calls)     0.56s/call
    PBEPot       :   1147.21s WALL     12.68% (    2053 calls)     0.56s/call
    Pot_KEDF     :   7724.56s WALL     85.37% (    2053 calls)     3.76s/call
    intPot       :   7572.80s WALL     83.69% (    2053 calls)     3.69s/call
    MakeXiG      :     44.85s WALL      0.50% (    2053 calls)     0.02s/call
    intPot1      :   2125.84s WALL     23.49% (   27226 calls)     0.08s/call
    MakeHC10Kern :    179.88s WALL      1.99% (   29279 calls)     0.01s/call
    intPot2      :   1244.68s WALL     13.76% (   27226 calls)     0.05s/call
    intPot3      :   2747.67s WALL     30.37% (   27226 calls)     0.10s/call
    intPot4      :    763.04s WALL      8.43% (   27226 calls)     0.03s/call
    VWPotSqrPlus :     73.48s WALL      0.81% (    2053 calls)     0.04s/call
    NextGradient :      4.69s WALL      0.05% (     203 calls)     0.02s/call
 -----------------------------------------------------------------------------
 ------------------------------- TOTAL ---------------------------------------
    PROFESS      :   9048.24s WALL    100.00% (       1 calls)  9048.24s/call
 -----------------------------------------------------------------------------

Run completed on: 07/31/2024 at 04:27:49 
  
