 ******************************************************************************
                             WELCOME TO PROFESS                   
            (PRinceton Orbital-Free Electronic Structure Software) 
 ******************************************************************************

 ------------------------------------------------------------------------------
                           READ GEOMETRY
 Cell length (Bohr)    7.269E+00   7.269E+00   1.193E+01
 Angle     (Degree)    9.000E+01   9.000E+01   1.200E+02
 Volume    (Bohr^3)    5.460E+02

 ------------------------------------------------------------------------------
                           READ PSEUDOPOTENTIAL
 Total electron number in ReadPseudo is    16.000000000000000     
 (System) Machine Precision              :    2.2204460492503131E-016

 ------------------------------------------------------------------------------
                           SETUP FFT
 Global FFT Dimension :    36   36   60
 Dimension of rho for this processor : 
 xmin, xmax :            0          35
 ymin, ymax :            0          35
 zmin, zmax :            0          59
 Total electron number =    16.000000000000000     
 Uniform rhoR =    2.9302324118059050E-002
 (GB INFO) FFT size      :       36      36      60
 (GB INFO) FFT offset    :        0
 (GB INFO) FFT G size    :       19      36      60
 (GB INFO) FFT G offset  :        0

 ------------------------------------------------------------------------------
                           SETUP KEDF
 kinetic energy density functional number is           11
 ( 1=TF, 2=VW, 3=TF+VW, 4=WT,  5=WGC,  
   7=LQ, 8=HQ, 10=CAT,  11=HC, 12=WGCD,
   15=GGA, 16=WGCD+GGA, 17=EVT, 18=EVC )
 qTable dimension:    19   36   60
 rhoS=   2.9302324118059050E-002
 rho0=   2.9302324118059050E-002
 coefficients for TF KEDF is     1.000000
 coefficients for VW KEDF is     1.000000
 Lambda in HC10 is set to     0.012000
 ALPHA  in HC10 is set to     1.821667
 BETA   in HC10 is set to     0.845000
 Sum of alpha and beta is     2.666667
  dV of each real space grid is now    7.0220135455268239E-003
 Cell length (Bohr)    7.269E+00   7.269E+00   1.193E+01
 Angle     (Degree)    9.000E+01   9.000E+01   1.200E+02
 Volume    (Bohr^3)    5.460E+02

 ------------------------------------------------------------------------------
                           SETUP EWALD 
 (Ewald) eta                             :    1.200    
 (Ewald) Real Space Cutoff               :    6.000     (Bohr)
 (Ewald) Reciprocal Cutoff               :    15.13     (1/Bohr)

 ------------------------------------------------------------------------------
                           SETUP PLANE WAVE 

 ------------------------------------------------------------------------------
                           REFRESH ION POSITIONS
  
 Calculating Ion-Ion Energy ...                   complete.     0.005 s
  
 Calculating Ion-Electron Potential (spline) ... 
 complete.     0.009 s

 ------------------------------------------------------------------------------
                           DENSITY OPTIMIZATION
 Electron number for spin            1  is    16.000000000006317     
 Cell Volume      :            80.913560 Angstrom^3
 Ion number       :                    4
 Electron number  :            16.000000
 Ion density      :             0.049435 Ion/Angstrom^3
 Electron density :             0.197742 Electron/Angstrom^3
##############################################################################
#                               FINAL ENERGIES                       time    #
##############################################################################
# Thomas-Fermi Kin. Energy =   1.614922025477E+02 eV                 0.000 s #
# Von-Weizsacker Kin. Ener =   5.193491809681E+01 eV                 0.000 s #
#                                                                            #
# GGA(PBE) Exch-Cor Energy =  -1.344152745616E+02 eV                 0.000 s #
#         Coulombic Energy =   4.400440913599E+01 eV                 0.000 s #
#      Ion-Electron Energy =  -8.742765274837E+01 eV                 0.000 s #
#           Ion-Ion Energy =  -4.748781645593E+02 eV                 0.000 s #
#                                                                            #
#     TOTAL KINETIC ENERGY =   1.705253057923E+02 eV                         #
#   TOTAL POTENTIAL ENERGY =  -6.527166827333E+02 eV                         #
#             TOTAL ENERGY =  -4.821913769410E+02 eV                         #
##############################################################################
  
 ----------------------------- TIME INFORMATION ------------------------------
    PROFESS      :   5419.80s WALL    100.00% (       1 calls)  5419.80s/call
    InitPROFESS  :      0.05s WALL      0.00% (       1 calls)     0.05s/call
    KEDFRefresh  :      0.00s WALL      0.00% (       1 calls)     0.00s/call
    IonRefresh   :      0.01s WALL      0.00% (       1 calls)     0.01s/call
    EwaldEnergy  :      0.00s WALL      0.00% (       1 calls)     0.00s/call
    ForwFFT_3D   :   1073.96s WALL     19.82% (   89876 calls)     0.01s/call
    BackFFT_3D   :    524.61s WALL      9.68% (   57354 calls)     0.01s/call
    Pot_Ion      :      3.90s WALL      0.07% (    1307 calls)     0.00s/call
    Pot_Har      :     33.31s WALL      0.61% (    1307 calls)     0.03s/call
    Pot_Exc      :    639.55s WALL     11.80% (    1307 calls)     0.49s/call
    PBEPot       :    635.25s WALL     11.72% (    1307 calls)     0.49s/call
    Pot_KEDF     :   4689.46s WALL     86.52% (    1307 calls)     3.59s/call
    intPot       :   4610.86s WALL     85.07% (    1307 calls)     3.53s/call
    MakeXiG      :     27.63s WALL      0.51% (    1307 calls)     0.02s/call
    intPot1      :   1288.75s WALL     23.78% (   18874 calls)     0.07s/call
    MakeHC10Kern :    135.80s WALL      2.51% (   20181 calls)     0.01s/call
    intPot2      :    903.50s WALL     16.67% (   18874 calls)     0.05s/call
    intPot3      :   1518.82s WALL     28.02% (   18874 calls)     0.08s/call
    intPot4      :    564.83s WALL     10.42% (   18874 calls)     0.03s/call
    VWPotSqrPlus :     30.19s WALL      0.56% (    1307 calls)     0.02s/call
    NextGradient :      2.81s WALL      0.05% (     118 calls)     0.02s/call
 -----------------------------------------------------------------------------
 ------------------------------- TOTAL ---------------------------------------
    PROFESS      :   5419.80s WALL    100.00% (       1 calls)  5419.80s/call
 -----------------------------------------------------------------------------

Run completed on: 07/31/2024 at 10:43:59 
  
