 ******************************************************************************
                             WELCOME TO PROFESS                   
            (PRinceton Orbital-Free Electronic Structure Software) 
 ******************************************************************************

 ------------------------------------------------------------------------------
                           READ GEOMETRY
 Cell length (Bohr)    8.407E+00   8.407E+00   1.383E+01
 Angle     (Degree)    9.000E+01   9.000E+01   1.200E+02
 Volume    (Bohr^3)    8.467E+02

 ------------------------------------------------------------------------------
                           READ PSEUDOPOTENTIAL
 Total electron number in ReadPseudo is    16.000000000000000     
 (System) Machine Precision              :    2.2204460492503131E-016

 ------------------------------------------------------------------------------
                           SETUP FFT
 Global FFT Dimension :    42   42   70
 Dimension of rho for this processor : 
 xmin, xmax :            0          41
 ymin, ymax :            0          41
 zmin, zmax :            0          69
 Total electron number =    16.000000000000000     
 Uniform rhoR =    1.8897000369721247E-002
 (GB INFO) FFT size      :       42      42      70
 (GB INFO) FFT offset    :        0
 (GB INFO) FFT G size    :       22      42      70
 (GB INFO) FFT G offset  :        0

 ------------------------------------------------------------------------------
                           SETUP KEDF
 kinetic energy density functional number is            5
 ( 1=TF, 2=VW, 3=TF+VW, 4=WT,  5=WGC,  
   7=LQ, 8=HQ, 10=CAT,  11=HC, 12=WGCD,
   15=GGA, 16=WGCD+GGA, 17=EVT, 18=EVC )
 qTable dimension:    22   42   70
 Coefficient for TF KEDF is     1.0000
 Coefficient for VW KEDF is     1.0000
 Coefficient for alpha in WGC KEDF is     1.2060
 Coefficient for beta  in WGC KEDF is     0.4607
 Coefficient for gamma in WGC KEDF is     4.2000
 rho0 (Electron/Bohr^3) in WGC KEDF is     0.0189
 rhoS (Electron/Bohr^3) in WGC KEDF is     0.0189
 hold0 =  F
 holdS =  F
  dV of each real space grid is now    6.8569422259916486E-003
 Cell length (Bohr)    8.407E+00   8.407E+00   1.383E+01
 Angle     (Degree)    9.000E+01   9.000E+01   1.200E+02
 Volume    (Bohr^3)    8.467E+02

 ------------------------------------------------------------------------------
                           SETUP EWALD 
 (Ewald) eta                             :    1.200    
 (Ewald) Real Space Cutoff               :    6.000     (Bohr)
 (Ewald) Reciprocal Cutoff               :    15.32     (1/Bohr)

 ------------------------------------------------------------------------------
                           SETUP PLANE WAVE 

 ------------------------------------------------------------------------------
                           INITIALIZING WGC KERNEL
 Fermi vector :   0.82402038806556321     
 Reference density :    1.8897000369721247E-002
 Make WGC kernels.
 Dimension of KEDF Kernel :           22          42          70

 ------------------------------------------------------------------------------
                           REFRESH ION POSITIONS
  
 Calculating Ion-Ion Energy ...                   complete.     0.018 s
  
 Calculating Ion-Electron Potential (spline) ... 
 complete.     0.040 s

 ------------------------------------------------------------------------------
                           DENSITY OPTIMIZATION
 Electron number for spin            1  is    15.999999999965800     
 Cell Volume      :           125.467286 Angstrom^3
 Ion number       :                    4
 Electron number  :            16.000000
 Ion density      :             0.031881 Ion/Angstrom^3
 Electron density :             0.127523 Electron/Angstrom^3
  
 ----------------------------- TIME INFORMATION ------------------------------
    PROFESS      :     51.43s WALL    100.00% (       1 calls)    51.43s/call
    InitPROFESS  :      0.15s WALL      0.29% (       1 calls)     0.15s/call
    KEDFRefresh  :      0.05s WALL      0.10% (       1 calls)     0.05s/call
    IonRefresh   :      0.06s WALL      0.12% (       1 calls)     0.06s/call
    EwaldEnergy  :      0.02s WALL      0.03% (       1 calls)     0.02s/call
    ForwFFT_3D   :      9.36s WALL     18.20% (    1419 calls)     0.01s/call
    BackFFT_3D   :      7.24s WALL     14.07% (    1417 calls)     0.01s/call
    Pot_Ion      :      0.13s WALL      0.25% (     118 calls)     0.00s/call
    Pot_Har      :      1.55s WALL      3.01% (     118 calls)     0.01s/call
    Pot_Exc      :     29.84s WALL     58.02% (     118 calls)     0.25s/call
    PBEPot       :     28.77s WALL     55.95% (     118 calls)     0.24s/call
    Pot_KEDF     :     17.76s WALL     34.54% (     118 calls)     0.15s/call
    WGCPotPlus   :     14.34s WALL     27.88% (     118 calls)     0.12s/call
    VWPotSqrPlus :      1.26s WALL      2.45% (     118 calls)     0.01s/call
    NextGradient :      0.05s WALL      0.10% (       7 calls)     0.01s/call
 -----------------------------------------------------------------------------
