 ******************************************************************************
                             WELCOME TO PROFESS                   
            (PRinceton Orbital-Free Electronic Structure Software) 
 ******************************************************************************

 ------------------------------------------------------------------------------
                           READ GEOMETRY
 Cell length (Bohr)    7.453E+00   7.453E+00   7.453E+00
 Angle     (Degree)    6.000E+01   6.000E+01   6.000E+01
 Volume    (Bohr^3)    2.927E+02

 ------------------------------------------------------------------------------
                           READ PSEUDOPOTENTIAL
 Total electron number in ReadPseudo is    8.0000000000000000     
 (System) Machine Precision              :    2.2204460492503131E-016

 ------------------------------------------------------------------------------
                           SETUP FFT
 Global FFT Dimension :    40   40   40
 Dimension of rho for this processor : 
 xmin, xmax :            0          39
 ymin, ymax :            0          39
 zmin, zmax :            0          39
 Total electron number =    8.0000000000000000     
 Uniform rhoR =    2.7330452676081880E-002
 (GB INFO) FFT size      :       40      40      40
 (GB INFO) FFT offset    :        0
 (GB INFO) FFT G size    :       21      40      40
 (GB INFO) FFT G offset  :        0

 ------------------------------------------------------------------------------
                           SETUP KEDF
 kinetic energy density functional number is            5
 ( 1=TF, 2=VW, 3=TF+VW, 4=WT,  5=WGC,  
   7=LQ, 8=HQ, 10=CAT,  11=HC, 12=WGCD,
   15=GGA, 16=WGCD+GGA, 17=EVT, 18=EVC )
 qTable dimension:    21   40   40
 Coefficient for TF KEDF is     1.0000
 Coefficient for VW KEDF is     1.0000
 Coefficient for alpha in WGC KEDF is     1.2060
 Coefficient for beta  in WGC KEDF is     0.4607
 Coefficient for gamma in WGC KEDF is     4.2000
 rho0 (Electron/Bohr^3) in WGC KEDF is     0.0273
 rhoS (Electron/Bohr^3) in WGC KEDF is     0.0273
 hold0 =  F
 holdS =  F
  dV of each real space grid is now    4.5736527485105722E-003
 Cell length (Bohr)    7.453E+00   7.453E+00   7.453E+00
 Angle     (Degree)    6.000E+01   6.000E+01   6.000E+01
 Volume    (Bohr^3)    2.927E+02

 ------------------------------------------------------------------------------
                           SETUP EWALD 
 (Ewald) eta                             :    1.200    
 (Ewald) Real Space Cutoff               :    6.000     (Bohr)
 (Ewald) Reciprocal Cutoff               :    16.44     (1/Bohr)

 ------------------------------------------------------------------------------
                           SETUP PLANE WAVE 

 ------------------------------------------------------------------------------
                           INITIALIZING WGC KERNEL
 Fermi vector :   0.93187131130963430     
 Reference density :    2.7330452676081880E-002
 Make WGC kernels.
 Dimension of KEDF Kernel :           21          40          40

 ------------------------------------------------------------------------------
                           REFRESH ION POSITIONS
  
 Calculating Ion-Ion Energy ...                   complete.     0.003 s
  
 Calculating Ion-Electron Potential (spline) ... 
 complete.     0.004 s

 ------------------------------------------------------------------------------
                           DENSITY OPTIMIZATION
 Electron number for spin            1  is    8.0000000000034195     
 Cell Volume      :            43.375706 Angstrom^3
 Ion number       :                    2
 Electron number  :             8.000000
 Ion density      :             0.046109 Ion/Angstrom^3
 Electron density :             0.184435 Electron/Angstrom^3
##############################################################################
#                               FINAL ENERGIES                       time    #
##############################################################################
# Thomas-Fermi Kin. Energy =   7.328435062919E+01 eV                 0.000 s #
# Von-Weizsacker Kin. Ener =   2.346648572926E+01 eV                 0.000 s #
#       WGC Kinetic Energy =  -1.733820422325E+01 eV                 0.000 s #
#                                                                            #
# GGA(PBE) Exch-Cor Energy =  -6.443891506166E+01 eV                 0.000 s #
#         Coulombic Energy =   1.594274952830E+01 eV                 0.000 s #
#      Ion-Electron Energy =  -2.497493418355E+01 eV                 0.000 s #
#           Ion-Ion Energy =  -2.225189048618E+02 eV                 0.000 s #
#                                                                            #
#     TOTAL KINETIC ENERGY =   7.941263213520E+01 eV                         #
#   TOTAL POTENTIAL ENERGY =  -2.959900045787E+02 eV                         #
#             TOTAL ENERGY =  -2.165773724435E+02 eV                         #
##############################################################################
  
 ----------------------------- TIME INFORMATION ------------------------------
    PROFESS      :     29.44s WALL    100.00% (       1 calls)    29.44s/call
    InitPROFESS  :      0.06s WALL      0.19% (       1 calls)     0.06s/call
    KEDFRefresh  :      0.02s WALL      0.08% (       1 calls)     0.02s/call
    IonRefresh   :      0.01s WALL      0.03% (       1 calls)     0.01s/call
    EwaldEnergy  :      0.00s WALL      0.01% (       1 calls)     0.00s/call
    ForwFFT_3D   :      5.13s WALL     17.43% (    3062 calls)     0.00s/call
    BackFFT_3D   :      4.32s WALL     14.66% (    3061 calls)     0.00s/call
    Pot_Ion      :      0.10s WALL      0.35% (     255 calls)     0.00s/call
    Pot_Har      :      0.93s WALL      3.14% (     255 calls)     0.00s/call
    Pot_Exc      :     15.62s WALL     53.05% (     255 calls)     0.06s/call
    PBEPot       :     14.76s WALL     50.13% (     255 calls)     0.06s/call
    Pot_KEDF     :     11.07s WALL     37.61% (     255 calls)     0.04s/call
    WGCPotPlus   :      8.82s WALL     29.96% (     255 calls)     0.03s/call
    VWPotSqrPlus :      0.73s WALL      2.49% (     255 calls)     0.00s/call
    NextGradient :      0.02s WALL      0.07% (      10 calls)     0.00s/call
 -----------------------------------------------------------------------------
 ------------------------------- TOTAL ---------------------------------------
    PROFESS      :     29.44s WALL    100.00% (       1 calls)    29.44s/call
 -----------------------------------------------------------------------------

Run completed on: 07/30/2024 at 16:54:19 
  
