 ******************************************************************************
                             WELCOME TO PROFESS                   
            (PRinceton Orbital-Free Electronic Structure Software) 
 ******************************************************************************

 ------------------------------------------------------------------------------
                           READ GEOMETRY
 Cell length (Bohr)    7.593E+00   7.593E+00   7.593E+00
 Angle     (Degree)    6.000E+01   6.000E+01   6.000E+01
 Volume    (Bohr^3)    3.096E+02

 ------------------------------------------------------------------------------
                           READ PSEUDOPOTENTIAL
 Total electron number in ReadPseudo is    8.0000000000000000     
 (System) Machine Precision              :    2.2204460492503131E-016

 ------------------------------------------------------------------------------
                           SETUP FFT
 Global FFT Dimension :    40   40   40
 Dimension of rho for this processor : 
 xmin, xmax :            0          39
 ymin, ymax :            0          39
 zmin, zmax :            0          39
 Total electron number =    8.0000000000000000     
 Uniform rhoR =    2.5840575730656023E-002
 (GB INFO) FFT size      :       40      40      40
 (GB INFO) FFT offset    :        0
 (GB INFO) FFT G size    :       21      40      40
 (GB INFO) FFT G offset  :        0

 ------------------------------------------------------------------------------
                           SETUP KEDF
 kinetic energy density functional number is           11
 ( 1=TF, 2=VW, 3=TF+VW, 4=WT,  5=WGC,  
   7=LQ, 8=HQ, 10=CAT,  11=HC, 12=WGCD,
   15=GGA, 16=WGCD+GGA, 17=EVT, 18=EVC )
 qTable dimension:    21   40   40
 rhoS=   2.5840575730656023E-002
 rho0=   2.5840575730656023E-002
 coefficients for TF KEDF is     1.000000
 coefficients for VW KEDF is     1.000000
 Lambda in HC10 is set to     0.013000
 ALPHA  in HC10 is set to     1.883667
 BETA   in HC10 is set to     0.783000
 Sum of alpha and beta is     2.666667
  dV of each real space grid is now    4.8373535211797148E-003
 Cell length (Bohr)    7.593E+00   7.593E+00   7.593E+00
 Angle     (Degree)    6.000E+01   6.000E+01   6.000E+01
 Volume    (Bohr^3)    3.096E+02

 ------------------------------------------------------------------------------
                           SETUP EWALD 
 (Ewald) eta                             :    1.200    
 (Ewald) Real Space Cutoff               :    6.000     (Bohr)
 (Ewald) Reciprocal Cutoff               :    16.14     (1/Bohr)

 ------------------------------------------------------------------------------
                           SETUP PLANE WAVE 

 ------------------------------------------------------------------------------
                           REFRESH ION POSITIONS
  
 Calculating Ion-Ion Energy ...                   complete.     0.039 s
  
 Calculating Ion-Electron Potential (spline) ... 
 complete.     0.080 s

 ------------------------------------------------------------------------------
                           DENSITY OPTIMIZATION
 Electron number for spin            1  is    7.9999999999949098     
 Cell Volume      :            45.876597 Angstrom^3
 Ion number       :                    2
 Electron number  :             8.000000
 Ion density      :             0.043595 Ion/Angstrom^3
 Electron density :             0.174381 Electron/Angstrom^3
##############################################################################
#                               FINAL ENERGIES                       time    #
##############################################################################
# Thomas-Fermi Kin. Energy =   7.288482186623E+01 eV                 0.000 s #
# Von-Weizsacker Kin. Ener =   2.279384400792E+01 eV                 0.000 s #
#                                                                            #
# GGA(PBE) Exch-Cor Energy =  -6.421772787118E+01 eV                 0.000 s #
#         Coulombic Energy =   1.927870786722E+01 eV                 0.000 s #
#      Ion-Electron Energy =  -3.624563397847E+01 eV                 0.000 s #
#           Ion-Ion Energy =  -2.279855170855E+02 eV                 0.000 s #
#                                                                            #
#     TOTAL KINETIC ENERGY =   7.742827917740E+01 eV                         #
#   TOTAL POTENTIAL ENERGY =  -3.091701710679E+02 eV                         #
#             TOTAL ENERGY =  -2.317418918905E+02 eV                         #
##############################################################################
  
 ----------------------------- TIME INFORMATION ------------------------------
    PROFESS      :   3491.03s WALL    100.00% (       1 calls)  3491.03s/call
    InitPROFESS  :      0.23s WALL      0.01% (       1 calls)     0.23s/call
    KEDFRefresh  :      0.01s WALL      0.00% (       1 calls)     0.01s/call
    IonRefresh   :      0.13s WALL      0.00% (       1 calls)     0.13s/call
    EwaldEnergy  :      0.04s WALL      0.00% (       1 calls)     0.04s/call
    ForwFFT_3D   :    609.72s WALL     17.47% (   73623 calls)     0.01s/call
    BackFFT_3D   :    326.22s WALL      9.34% (   49121 calls)     0.01s/call
    Pot_Ion      :      3.43s WALL      0.10% (    1296 calls)     0.00s/call
    Pot_Har      :     24.51s WALL      0.70% (    1296 calls)     0.02s/call
    Pot_Exc      :    463.29s WALL     13.27% (    1296 calls)     0.36s/call
    PBEPot       :    459.43s WALL     13.16% (    1296 calls)     0.35s/call
    Pot_KEDF     :   2956.42s WALL     84.69% (    1296 calls)     2.28s/call
    intPot       :   2899.01s WALL     83.04% (    1296 calls)     2.24s/call
    MakeXiG      :     21.69s WALL      0.62% (    1296 calls)     0.02s/call
    VWPotSqrPlus :     21.31s WALL      0.61% (    1296 calls)     0.02s/call
    intPot1      :    795.32s WALL     22.78% (   14841 calls)     0.05s/call
    MakeHC10Kern :     77.62s WALL      2.22% (   16136 calls)     0.00s/call
    intPot2      :    585.41s WALL     16.77% (   14841 calls)     0.04s/call
    intPot3      :    891.63s WALL     25.54% (   14841 calls)     0.06s/call
    intPot4      :    367.00s WALL     10.51% (   14841 calls)     0.02s/call
    NextGradient :      1.91s WALL      0.05% (     104 calls)     0.02s/call
 -----------------------------------------------------------------------------
 ------------------------------- TOTAL ---------------------------------------
    PROFESS      :   3491.03s WALL    100.00% (       1 calls)  3491.03s/call
 -----------------------------------------------------------------------------

Run completed on: 07/31/2024 at 10:54:12 
  
