 ******************************************************************************
                             WELCOME TO PROFESS                   
            (PRinceton Orbital-Free Electronic Structure Software) 
 ******************************************************************************

 ------------------------------------------------------------------------------
                           READ GEOMETRY
 Cell length (Bohr)    7.535E+00   7.535E+00   1.243E+01
 Angle     (Degree)    9.000E+01   9.000E+01   1.200E+02
 Volume    (Bohr^3)    6.111E+02

 ------------------------------------------------------------------------------
                           READ PSEUDOPOTENTIAL
 Total electron number in ReadPseudo is    16.000000000000000     
 (System) Machine Precision              :    2.2204460492503131E-016

 ------------------------------------------------------------------------------
                           SETUP FFT
 Global FFT Dimension :    40   40   63
 Dimension of rho for this processor : 
 xmin, xmax :            0          39
 ymin, ymax :            0          39
 zmin, zmax :            0          62
 Total electron number =    16.000000000000000     
 Uniform rhoR =    2.6184183993921369E-002
 (GB INFO) FFT size      :       40      40      63
 (GB INFO) FFT offset    :        0
 (GB INFO) FFT G size    :       21      40      63
 (GB INFO) FFT G offset  :        0

 ------------------------------------------------------------------------------
                           SETUP KEDF
 kinetic energy density functional number is           11
 ( 1=TF, 2=VW, 3=TF+VW, 4=WT,  5=WGC,  
   7=LQ, 8=HQ, 10=CAT,  11=HC, 12=WGCD,
   15=GGA, 16=WGCD+GGA, 17=EVT, 18=EVC )
 qTable dimension:    21   40   63
 rhoS=   2.6184183993921369E-002
 rho0=   2.6184183993921369E-002
 coefficients for TF KEDF is     1.000000
 coefficients for VW KEDF is     1.000000
 Lambda in HC10 is set to     0.013000
 ALPHA  in HC10 is set to     1.883667
 BETA   in HC10 is set to     0.783000
 Sum of alpha and beta is     2.666667
  dV of each real space grid is now    6.0620624559851767E-003
 Cell length (Bohr)    7.535E+00   7.535E+00   1.243E+01
 Angle     (Degree)    9.000E+01   9.000E+01   1.200E+02
 Volume    (Bohr^3)    6.111E+02

 ------------------------------------------------------------------------------
                           SETUP EWALD 
 (Ewald) eta                             :    1.200    
 (Ewald) Real Space Cutoff               :    6.000     (Bohr)
 (Ewald) Reciprocal Cutoff               :    15.67     (1/Bohr)

 ------------------------------------------------------------------------------
                           SETUP PLANE WAVE 

 ------------------------------------------------------------------------------
                           REFRESH ION POSITIONS
  
 Calculating Ion-Ion Energy ...                   complete.     0.032 s
  
 Calculating Ion-Electron Potential (spline) ... 
 complete.     0.155 s

 ------------------------------------------------------------------------------
                           DENSITY OPTIMIZATION
 Electron number for spin            1  is    16.000000000002796     
 Cell Volume      :            90.549140 Angstrom^3
 Ion number       :                    4
 Electron number  :            16.000000
 Ion density      :             0.044175 Ion/Angstrom^3
 Electron density :             0.176700 Electron/Angstrom^3
##############################################################################
#                               FINAL ENERGIES                       time    #
##############################################################################
# Thomas-Fermi Kin. Energy =   1.466393519753E+02 eV                 0.000 s #
# Von-Weizsacker Kin. Ener =   4.555886297130E+01 eV                 0.000 s #
#                                                                            #
# GGA(PBE) Exch-Cor Energy =  -1.288149239353E+02 eV                 0.000 s #
#         Coulombic Energy =   3.873247190849E+01 eV                 0.000 s #
#      Ion-Electron Energy =  -7.163082978959E+01 eV                 0.000 s #
#           Ion-Ion Energy =  -4.574238715751E+02 eV                 0.000 s #
#                                                                            #
#     TOTAL KINETIC ENERGY =   1.556614330754E+02 eV                         #
#   TOTAL POTENTIAL ENERGY =  -6.191371533915E+02 eV                         #
#             TOTAL ENERGY =  -4.634757203160E+02 eV                         #
##############################################################################
  
 ----------------------------- TIME INFORMATION ------------------------------
    PROFESS      :   5570.75s WALL    100.00% (       1 calls)  5570.75s/call
    InitPROFESS  :      0.35s WALL      0.01% (       1 calls)     0.35s/call
    KEDFRefresh  :      0.01s WALL      0.00% (       1 calls)     0.01s/call
    IonRefresh   :      0.23s WALL      0.00% (       1 calls)     0.23s/call
    EwaldEnergy  :      0.03s WALL      0.00% (       1 calls)     0.03s/call
    ForwFFT_3D   :   1178.38s WALL     21.15% (   97015 calls)     0.01s/call
    BackFFT_3D   :    550.28s WALL      9.88% (   63401 calls)     0.01s/call
    Pot_Ion      :      3.83s WALL      0.07% (    1568 calls)     0.00s/call
    Pot_Har      :     34.40s WALL      0.62% (    1568 calls)     0.02s/call
    Pot_Exc      :    668.75s WALL     12.00% (    1568 calls)     0.43s/call
    PBEPot       :    664.11s WALL     11.92% (    1568 calls)     0.42s/call
    Pot_KEDF     :   4808.21s WALL     86.31% (    1568 calls)     3.07s/call
    intPot       :   4731.62s WALL     84.94% (    1568 calls)     3.02s/call
    MakeXiG      :     25.77s WALL      0.46% (    1568 calls)     0.02s/call
    VWPotSqrPlus :     31.47s WALL      0.56% (    1568 calls)     0.02s/call
    intPot1      :   1309.61s WALL     23.51% (   19941 calls)     0.07s/call
    MakeHC10Kern :    135.73s WALL      2.44% (   21508 calls)     0.01s/call
    intPot2      :    911.03s WALL     16.35% (   19941 calls)     0.05s/call
    intPot3      :   1598.94s WALL     28.70% (   19941 calls)     0.08s/call
    intPot4      :    569.36s WALL     10.22% (   19941 calls)     0.03s/call
    NextGradient :      2.99s WALL      0.05% (     133 calls)     0.02s/call
 -----------------------------------------------------------------------------
 ------------------------------- TOTAL ---------------------------------------
    PROFESS      :   5570.75s WALL    100.00% (       1 calls)  5570.75s/call
 -----------------------------------------------------------------------------

Run completed on: 07/31/2024 at 12:15:12 
  
