 ******************************************************************************
                             WELCOME TO PROFESS                   
            (PRinceton Orbital-Free Electronic Structure Software) 
 ******************************************************************************

 ------------------------------------------------------------------------------
                           READ GEOMETRY
 Cell length (Bohr)    5.128E+00   5.128E+00   5.128E+00
 Angle     (Degree)    9.000E+01   9.000E+01   9.000E+01
 Volume    (Bohr^3)    1.348E+02

 ------------------------------------------------------------------------------
                           READ PSEUDOPOTENTIAL
 Total electron number in ReadPseudo is    1.0000000000000000     
 (System) Machine Precision              :    2.2204460492503131E-016

 ------------------------------------------------------------------------------
                           SETUP FFT
 Global FFT Dimension :    14   14   14
 Rank/Size in Global Communicator     :            0 /           1
 Rank/Size in Global FFT Communicator :            0 /           1
 Parallel FFT, totX    =    14
 Parallel FFT, totY    =    14
 Parallel FFT, locZ    =    14
 Parallel FFT, locZoff =     0
 Dimension of rho for this processor : 
 xmin, xmax :            0          13
 ymin, ymax :            0          13
 zmin, zmax :            0          13
 Total electron number =    1.0000000000000000     
 Uniform rhoR =    7.4175012369992492E-003
 (GB INFO) FFT size      :       14      14      14
 (GB INFO) FFT offset    :        0
 (GB INFO) FFT G size    :        8      14      14
 (GB INFO) FFT G offset  :        0

 ------------------------------------------------------------------------------
                           SETUP KEDF
 kinetic energy density functional number is            5
 ( 1=TF, 2=VW, 3=TF+VW, 4=WT,  5=WGC,  
   7=LQ, 8=HQ, 10=CAT,  11=HC, 12=WGCD,
   15=GGA, 16=WGCD+GGA, 17=EVT, 18=EVC )
 qTable dimension:     8   14   14
 Coefficient for TF KEDF is     1.0000
 Coefficient for VW KEDF is     1.0000
 Coefficient for alpha in WGC KEDF is     1.2060
 Coefficient for beta  in WGC KEDF is     0.4607
 Coefficient for gamma in WGC KEDF is     2.7000
 rho0 (Electron/Bohr^3) in WGC KEDF is     0.0074
 rhoS (Electron/Bohr^3) in WGC KEDF is     0.0074
 hold0 =  F
 holdS =  F
  dV of each real space grid is now    4.9131301126401600E-002
 Cell length (Bohr)    5.128E+00   5.128E+00   5.128E+00
 Angle     (Degree)    9.000E+01   9.000E+01   9.000E+01
 Volume    (Bohr^3)    1.348E+02

 ------------------------------------------------------------------------------
                           SETUP EWALD 
 (Ewald) eta                             :   0.8190    
 (Ewald) Real Space Cutoff               :    6.000     (Bohr)
 (Ewald) Reciprocal Cutoff               :    7.965     (1/Bohr)

 ------------------------------------------------------------------------------
                           SETUP PLANE WAVE 

 ------------------------------------------------------------------------------
                           INITIALIZING WGC KERNEL
 Fermi vector :   0.60333642069974247     
 Reference density :    7.4175012369992492E-003
 Make WGC kernels.
 Dimension of KEDF Kernel :            8          14          14

 ------------------------------------------------------------------------------
                           REFRESH ION POSITIONS
  
 Calculating Ion-Ion Energy ...                   complete.     0.000 s
  
 Calculating Ion-Electron Potential (spline) ... 
 complete.     0.000 s

 ------------------------------------------------------------------------------
                           DENSITY OPTIMIZATION
 Electron number for spin            1  is    1.0000000000000264     
 Cell Volume      :            19.977713 Angstrom^3
 Ion number       :                    1
 Electron number  :             1.000000
 Ion density      :             0.050056 Ion/Angstrom^3
 Electron density :             0.050056 Electron/Angstrom^3
##############################################################################
#                               FINAL ENERGIES                       time    #
##############################################################################
# Thomas-Fermi Kin. Energy =   3.004371926268E+00 eV                 0.000 s #
# Von-Weizsacker Kin. Ener =   2.246665484492E-01 eV                 0.000 s #
#       WGC Kinetic Energy =  -5.977024275475E-02 eV                 0.000 s #
#                                                                            #
#     LDA Exch-Corr Energy =  -4.922864591680E+00 eV                 0.000 s #
#         Coulombic Energy =   1.167913921779E-02 eV                 0.000 s #
#      Ion-Electron Energy =   1.816577565581E+00 eV                 0.000 s #
#           Ion-Ion Energy =  -7.528550610583E+00 eV                 0.000 s #
#                                                                            #
#     TOTAL KINETIC ENERGY =   3.169268231962E+00 eV                         #
#   TOTAL POTENTIAL ENERGY =  -1.062315849746E+01 eV                         #
#             TOTAL ENERGY =  -7.453890265502E+00 eV                         #
##############################################################################
  
 ----------------------------- TIME INFORMATION ------------------------------
    PROFESS      :      0.48s WALL    100.00% (       1 calls)     0.48s/call
    InitPROFESS  :      0.04s WALL      7.47% (       1 calls)     0.04s/call
    KEDFRefresh  :      0.02s WALL      3.26% (       1 calls)     0.02s/call
    IonRefresh   :      0.00s WALL      0.16% (       1 calls)     0.00s/call
    EwaldEnergy  :      0.00s WALL      0.07% (       1 calls)     0.00s/call
    Pot_Ion      :      0.00s WALL      0.04% (      64 calls)     0.00s/call
    Pot_Har      :      0.00s WALL      0.90% (      64 calls)     0.00s/call
    Pot_Exc      :      0.02s WALL      4.28% (      64 calls)     0.00s/call
    Pot_KEDF     :      0.11s WALL     22.82% (      64 calls)     0.00s/call
    WGCPotPlus   :      0.08s WALL     17.57% (      64 calls)     0.00s/call
    VWPotSqrPlus :      0.00s WALL      0.84% (      64 calls)     0.00s/call
    NextGradient :      0.00s WALL      0.05% (       6 calls)     0.00s/call
 -----------------------------------------------------------------------------
 ------------------------------- TOTAL ---------------------------------------
    PROFESS      :      0.48s WALL    100.00% (       1 calls)     0.48s/call
 -----------------------------------------------------------------------------

Run completed on: 08/17/2021 at 14:23:03 
  
