 ******************************************************************************
                             WELCOME TO PROFESS                   
            (PRinceton Orbital-Free Electronic Structure Software) 
 ******************************************************************************

 ------------------------------------------------------------------------------
                           READ GEOMETRY
 Cell length (Bohr)    5.615E+00   5.615E+00   5.615E+00
 Angle     (Degree)    1.095E+02   1.095E+02   1.095E+02
 Volume    (Bohr^3)    1.363E+02

 ------------------------------------------------------------------------------
                           READ PSEUDOPOTENTIAL
 Total electron number in ReadPseudo is    1.0000000000000000     
 (System) Machine Precision              :    2.2204460492503131E-016

 ------------------------------------------------------------------------------
                           SETUP FFT
 Global FFT Dimension :    15   15   15
 Rank/Size in Global Communicator     :            0 /           1
 Rank/Size in Global FFT Communicator :            0 /           1
 Parallel FFT, totX    =    15
 Parallel FFT, totY    =    15
 Parallel FFT, locZ    =    15
 Parallel FFT, locZoff =     0
 Dimension of rho for this processor : 
 xmin, xmax :            0          14
 ymin, ymax :            0          14
 zmin, zmax :            0          14
 Total electron number =    1.0000000000000000     
 Uniform rhoR =    7.3362398902790931E-003
 (GB INFO) FFT size      :       15      15      15
 (GB INFO) FFT offset    :        0
 (GB INFO) FFT G size    :        8      15      15
 (GB INFO) FFT G offset  :        0

 ------------------------------------------------------------------------------
                           SETUP KEDF
 kinetic energy density functional number is            4
 ( 1=TF, 2=VW, 3=TF+VW, 4=WT,  5=WGC,  
   7=LQ, 8=HQ, 10=CAT,  11=HC, 12=WGCD,
   15=GGA, 16=WGCD+GGA, 17=EVT, 18=EVC )
 qTable dimension:     8   15   15
 Coefficient for TF KEDF is     1.0000
 Coefficient for VW KEDF is     1.0000
 Coefficient for alpha in WT KEDF is     0.8333
 Coefficient for beta  in WT KEDF is     0.8333
 rho0 (Electron/Bohr^3) in WGC KEDF is     0.0073
 hold0 =  F
  dV of each real space grid is now    4.0388032660832775E-002
 Cell length (Bohr)    5.615E+00   5.615E+00   5.615E+00
 Angle     (Degree)    1.095E+02   1.095E+02   1.095E+02
 Volume    (Bohr^3)    1.363E+02

 ------------------------------------------------------------------------------
                           SETUP EWALD 
 (Ewald) eta                             :   0.8084    
 (Ewald) Real Space Cutoff               :    6.000     (Bohr)
 (Ewald) Reciprocal Cutoff               :    7.832     (1/Bohr)

 ------------------------------------------------------------------------------
                           SETUP PLANE WAVE 
 Fill the 3D Wang-Teter kernel in G space

 ------------------------------------------------------------------------------
                           REFRESH ION POSITIONS
  
 Calculating Ion-Ion Energy ...                   complete.     0.000 s
  
 Calculating Ion-Electron Potential (spline) ... 
 complete.     0.000 s

 ------------------------------------------------------------------------------
                           DENSITY OPTIMIZATION
 Electron number for spin            1  is   0.99999999999996281     
 Cell Volume      :            20.199000 Angstrom^3
 Ion number       :                    1
 Electron number  :             1.000000
 Ion density      :             0.049507 Ion/Angstrom^3
 Electron density :             0.049507 Electron/Angstrom^3
  
 Calculating Ion-Ion Forces ...                complete.     0.000 s
  
 Calculating Ion-Electron Forces (spline) ...  complete.     0.000 s
  
 Calculating Ion-Electron Stress (spline) ...  complete.     0.000 s
  
 Calculating Ion-Ion Stress ...                complete.     0.000 s
  
 ------------------------------------------------------------------------------
                         LATTICE VECTORS (Angstrom)
 LAT 1          -1.715629        1.715629        1.715629
 LAT 2           1.715629       -1.715629        1.715629
 LAT 3           1.715629        1.715629       -1.715629
 ------------------------------------------------------------------------------
                                STRESS (GPa)
 ST_GPa 1        1.085285        0.000255        0.000266
 ST_GPa 2        0.000255        1.085330        0.000231
 ST_GPa 3        0.000266        0.000231        1.085279
  
 --------------------------------------------------
 STRESS (a.u.)
 --------------------------------------------------
 ST_AU  1   3.6888085433E-05   8.6754022290E-09   9.0408143784E-09
 ST_AU  2   8.6754022290E-09   3.6889612347E-05   7.8611453597E-09
 ST_AU  3   9.0408143784E-09   7.8611453597E-09   3.6887877256E-05
; Cell optimization at step  1, max(stress):  0.3689E-04, total energy: -0.27893913    ;
  dV of each real space grid is now    4.0040925349237366E-002
 Cell length (Bohr)    5.605E+00   5.605E+00   5.605E+00
 Angle     (Degree)    1.095E+02   1.095E+02   1.095E+02
 Volume    (Bohr^3)    1.351E+02
  dV of each real space grid is now    4.0040925349237366E-002
 Cell length (Bohr)    5.605E+00   5.605E+00   5.605E+00
 Angle     (Degree)    1.095E+02   1.095E+02   1.095E+02
 Volume    (Bohr^3)    1.351E+02

 ------------------------------------------------------------------------------
                           SETUP EWALD 
 (Ewald) eta                             :   0.8084    
 (Ewald) Real Space Cutoff               :    6.000     (Bohr)
 (Ewald) Reciprocal Cutoff               :    7.847     (1/Bohr)

 ------------------------------------------------------------------------------
                           SETUP PLANE WAVE 
 Fill the 3D Wang-Teter kernel in G space

 ------------------------------------------------------------------------------
                           REFRESH ION POSITIONS
  
 Calculating Ion-Ion Energy ...                   complete.     0.000 s
  
 Calculating Ion-Electron Potential (spline) ... 
 complete.     0.000 s
 Rescale the total density from   0.039697 to          1

 ------------------------------------------------------------------------------
                           DENSITY OPTIMIZATION
 Electron number for spin            1  is    1.0000000000000062     
 Cell Volume      :            20.025404 Angstrom^3
 Ion number       :                    1
 Electron number  :             1.000000
 Ion density      :             0.049937 Ion/Angstrom^3
 Electron density :             0.049937 Electron/Angstrom^3
  
 Calculating Ion-Ion Forces ...                complete.     0.000 s
  
 Calculating Ion-Electron Forces (spline) ...  complete.     0.000 s
  
 Calculating Ion-Electron Stress (spline) ...  complete.     0.000 s
  
 Calculating Ion-Ion Stress ...                complete.     0.000 s
  
 ------------------------------------------------------------------------------
                         LATTICE VECTORS (Angstrom)
 LAT 1          -1.715631        1.710703        1.710703
 LAT 2           1.710703       -1.715631        1.710703
 LAT 3           1.710703        1.710703       -1.715631
 ------------------------------------------------------------------------------
                                STRESS (GPa)
 ST_GPa 1        0.968843       -0.037678       -0.037667
 ST_GPa 2       -0.037678        0.968889       -0.037703
 ST_GPa 3       -0.037667       -0.037703        0.968838
  
 --------------------------------------------------
 STRESS (a.u.)
 --------------------------------------------------
 ST_AU  1   3.2930310919E-05  -1.2806492969E-06  -1.2802698181E-06
 ST_AU  2  -1.2806492969E-06   3.2931875987E-05  -1.2815127392E-06
 ST_AU  3  -1.2802698181E-06  -1.2815127392E-06   3.2930129309E-05
; Cell optimization at step  2, max(stress):  0.3293E-04, total energy: -0.27897932    ;
  dV of each real space grid is now    3.9686839260453438E-002
 Cell length (Bohr)    5.593E+00   5.593E+00   5.593E+00
 Angle     (Degree)    1.096E+02   1.096E+02   1.096E+02
 Volume    (Bohr^3)    1.339E+02
  dV of each real space grid is now    3.9686839260453438E-002
 Cell length (Bohr)    5.593E+00   5.593E+00   5.593E+00
 Angle     (Degree)    1.096E+02   1.096E+02   1.096E+02
 Volume    (Bohr^3)    1.339E+02

 ------------------------------------------------------------------------------
                           SETUP EWALD 
 (Ewald) eta                             :   0.8084    
 (Ewald) Real Space Cutoff               :    6.000     (Bohr)
 (Ewald) Reciprocal Cutoff               :    7.863     (1/Bohr)

 ------------------------------------------------------------------------------
                           SETUP PLANE WAVE 
 Fill the 3D Wang-Teter kernel in G space

 ------------------------------------------------------------------------------
                           REFRESH ION POSITIONS
  
 Calculating Ion-Ion Energy ...                   complete.     0.000 s
  
 Calculating Ion-Electron Potential (spline) ... 
 complete.     0.000 s
 Rescale the total density from   0.039336 to          1

 ------------------------------------------------------------------------------
                           DENSITY OPTIMIZATION
 Electron number for spin            1  is   0.99999999999999867     
 Cell Volume      :            19.848317 Angstrom^3
 Ion number       :                    1
 Electron number  :             1.000000
 Ion density      :             0.050382 Ion/Angstrom^3
 Electron density :             0.050382 Electron/Angstrom^3
  
 Calculating Ion-Ion Forces ...                complete.     0.000 s
  
 Calculating Ion-Electron Forces (spline) ...  complete.     0.000 s
  
 Calculating Ion-Electron Stress (spline) ...  complete.     0.000 s
  
 Calculating Ion-Ion Stress ...                complete.     0.000 s
  
 ------------------------------------------------------------------------------
                         LATTICE VECTORS (Angstrom)
 LAT 1          -1.715238        1.705655        1.705656
 LAT 2           1.705656       -1.715237        1.705656
 LAT 3           1.705656        1.705655       -1.715237
 ------------------------------------------------------------------------------
                                STRESS (GPa)
 ST_GPa 1        0.844799       -0.075280       -0.075269
 ST_GPa 2       -0.075280        0.844846       -0.075308
 ST_GPa 3       -0.075269       -0.075308        0.844794
  
 --------------------------------------------------
 STRESS (a.u.)
 --------------------------------------------------
 ST_AU  1   2.8714147300E-05  -2.5587283306E-06  -2.5583369463E-06
 ST_AU  2  -2.5587283306E-06   2.8715727418E-05  -2.5596574394E-06
 ST_AU  3  -2.5583369463E-06  -2.5596574394E-06   2.8713975182E-05
; Cell optimization at step  3, max(stress):  0.2872E-04, total energy: -0.27901405    ;
  dV of each real space grid is now    3.9339211128322345E-002
 Cell length (Bohr)    5.581E+00   5.581E+00   5.581E+00
 Angle     (Degree)    1.097E+02   1.097E+02   1.097E+02
 Volume    (Bohr^3)    1.328E+02
  dV of each real space grid is now    3.9339211128322345E-002
 Cell length (Bohr)    5.581E+00   5.581E+00   5.581E+00
 Angle     (Degree)    1.097E+02   1.097E+02   1.097E+02
 Volume    (Bohr^3)    1.328E+02

 ------------------------------------------------------------------------------
                           SETUP EWALD 
 (Ewald) eta                             :   0.8137    
 (Ewald) Real Space Cutoff               :    6.000     (Bohr)
 (Ewald) Reciprocal Cutoff               :    7.880     (1/Bohr)

 ------------------------------------------------------------------------------
                           SETUP PLANE WAVE 
 Fill the 3D Wang-Teter kernel in G space

 ------------------------------------------------------------------------------
                           REFRESH ION POSITIONS
  
 Calculating Ion-Ion Energy ...                   complete.     0.000 s
  
 Calculating Ion-Electron Potential (spline) ... 
 complete.     0.000 s
 Rescale the total density from   0.038995 to          1

 ------------------------------------------------------------------------------
                           DENSITY OPTIMIZATION
 Electron number for spin            1  is   0.99999999999999634     
 Cell Volume      :            19.674460 Angstrom^3
 Ion number       :                    1
 Electron number  :             1.000000
 Ion density      :             0.050827 Ion/Angstrom^3
 Electron density :             0.050827 Electron/Angstrom^3
  
 Calculating Ion-Ion Forces ...                complete.     0.000 s
  
 Calculating Ion-Electron Forces (spline) ...  complete.     0.000 s
  
 Calculating Ion-Electron Stress (spline) ...  complete.     0.000 s
  
 Calculating Ion-Ion Stress ...                complete.     0.000 s
  
 ------------------------------------------------------------------------------
                         LATTICE VECTORS (Angstrom)
 LAT 1          -1.714293        1.700675        1.700675
 LAT 2           1.700675       -1.714293        1.700675
 LAT 3           1.700675        1.700674       -1.714293
 ------------------------------------------------------------------------------
                                STRESS (GPa)
 ST_GPa 1        0.718030       -0.109638       -0.109626
 ST_GPa 2       -0.109638        0.718077       -0.109667
 ST_GPa 3       -0.109626       -0.109667        0.718025
  
 --------------------------------------------------
 STRESS (a.u.)
 --------------------------------------------------
 ST_AU  1   2.4405351293E-05  -3.7265135791E-06  -3.7261113070E-06
 ST_AU  2  -3.7265135791E-06   2.4406930206E-05  -3.7274907182E-06
 ST_AU  3  -3.7261113070E-06  -3.7274907182E-06   2.4405181430E-05
; Cell optimization at step  4, max(stress):  0.2441E-04, total energy: -0.27904223    ;
  dV of each real space grid is now    3.9013049287762183E-002
 Cell length (Bohr)    5.569E+00   5.569E+00   5.569E+00
 Angle     (Degree)    1.097E+02   1.097E+02   1.097E+02
 Volume    (Bohr^3)    1.317E+02
  dV of each real space grid is now    3.9013049287762183E-002
 Cell length (Bohr)    5.569E+00   5.569E+00   5.569E+00
 Angle     (Degree)    1.097E+02   1.097E+02   1.097E+02
 Volume    (Bohr^3)    1.317E+02

 ------------------------------------------------------------------------------
                           SETUP EWALD 
 (Ewald) eta                             :   0.8137    
 (Ewald) Real Space Cutoff               :    6.000     (Bohr)
 (Ewald) Reciprocal Cutoff               :    7.897     (1/Bohr)

 ------------------------------------------------------------------------------
                           SETUP PLANE WAVE 
 Fill the 3D Wang-Teter kernel in G space

 ------------------------------------------------------------------------------
                           REFRESH ION POSITIONS
  
 Calculating Ion-Ion Energy ...                   complete.     0.000 s
  
 Calculating Ion-Electron Potential (spline) ... 
 complete.     0.000 s
 Rescale the total density from   0.038690 to          1

 ------------------------------------------------------------------------------
                           DENSITY OPTIMIZATION
 Electron number for spin            1  is   0.99999999999999800     
 Cell Volume      :            19.511339 Angstrom^3
 Ion number       :                    1
 Electron number  :             1.000000
 Ion density      :             0.051252 Ion/Angstrom^3
 Electron density :             0.051252 Electron/Angstrom^3
  
 Calculating Ion-Ion Forces ...                complete.     0.000 s
  
 Calculating Ion-Electron Forces (spline) ...  complete.     0.000 s
  
 Calculating Ion-Electron Stress (spline) ...  complete.     0.000 s
  
 Calculating Ion-Ion Stress ...                complete.     0.000 s
  
 ------------------------------------------------------------------------------
                         LATTICE VECTORS (Angstrom)
 LAT 1          -1.712642        1.695975        1.695976
 LAT 2           1.695975       -1.712641        1.695975
 LAT 3           1.695976        1.695974       -1.712641
 ------------------------------------------------------------------------------
                                STRESS (GPa)
 ST_GPa 1        0.594720       -0.137037       -0.137025
 ST_GPa 2       -0.137037        0.594766       -0.137068
 ST_GPa 3       -0.137025       -0.137068        0.594715
  
 --------------------------------------------------
 STRESS (a.u.)
 --------------------------------------------------
 ST_AU  1   2.0214119263E-05  -4.6578029641E-06  -4.6573900871E-06
 ST_AU  2  -4.6578029641E-06   2.0215677690E-05  -4.6588625529E-06
 ST_AU  3  -4.6573900871E-06  -4.6588625529E-06   2.0213948277E-05
; Cell optimization at step  5, max(stress):  0.2022E-04, total energy: -0.27906377    ;
  dV of each real space grid is now    3.8722166193994260E-002
 Cell length (Bohr)    5.557E+00   5.557E+00   5.557E+00
 Angle     (Degree)    1.098E+02   1.098E+02   1.098E+02
 Volume    (Bohr^3)    1.307E+02
  dV of each real space grid is now    3.8722166193994260E-002
 Cell length (Bohr)    5.557E+00   5.557E+00   5.557E+00
 Angle     (Degree)    1.098E+02   1.098E+02   1.098E+02
 Volume    (Bohr^3)    1.307E+02

 ------------------------------------------------------------------------------
                           SETUP EWALD 
 (Ewald) eta                             :   0.8137    
 (Ewald) Real Space Cutoff               :    6.000     (Bohr)
 (Ewald) Reciprocal Cutoff               :    7.914     (1/Bohr)

 ------------------------------------------------------------------------------
                           SETUP PLANE WAVE 
 Fill the 3D Wang-Teter kernel in G space

 ------------------------------------------------------------------------------
                           REFRESH ION POSITIONS
  
 Calculating Ion-Ion Energy ...                   complete.     0.000 s
  
 Calculating Ion-Electron Potential (spline) ... 
 complete.     0.000 s
 Rescale the total density from   0.038433 to          1

 ------------------------------------------------------------------------------
                           DENSITY OPTIMIZATION
 Electron number for spin            1  is   0.99999999999999845     
 Cell Volume      :            19.365861 Angstrom^3
 Ion number       :                    1
 Electron number  :             1.000000
 Ion density      :             0.051637 Ion/Angstrom^3
 Electron density :             0.051637 Electron/Angstrom^3
  
 Calculating Ion-Ion Forces ...                complete.     0.000 s
  
 Calculating Ion-Electron Forces (spline) ...  complete.     0.000 s
  
 Calculating Ion-Electron Stress (spline) ...  complete.     0.000 s
  
 Calculating Ion-Ion Stress ...                complete.     0.000 s
  
 ------------------------------------------------------------------------------
                         LATTICE VECTORS (Angstrom)
 LAT 1          -1.710164        1.691759        1.691760
 LAT 2           1.691759       -1.710162        1.691759
 LAT 3           1.691759        1.691758       -1.710163
 ------------------------------------------------------------------------------
                                STRESS (GPa)
 ST_GPa 1        0.480962       -0.153892       -0.153880
 ST_GPa 2       -0.153892        0.481007       -0.153923
 ST_GPa 3       -0.153880       -0.153923        0.480957
  
 --------------------------------------------------
 STRESS (a.u.)
 --------------------------------------------------
 ST_AU  1   1.6347559714E-05  -5.2306979481E-06  -5.2302708030E-06
 ST_AU  2  -5.2306979481E-06   1.6349097582E-05  -5.2317288036E-06
 ST_AU  3  -5.2302708030E-06  -5.2317288036E-06   1.6347388643E-05
; Cell optimization at step  6, max(stress):  0.1635E-04, total energy: -0.27907968    ;
  dV of each real space grid is now    3.8475944526854301E-002
 Cell length (Bohr)    5.546E+00   5.546E+00   5.546E+00
 Angle     (Degree)    1.098E+02   1.098E+02   1.098E+02
 Volume    (Bohr^3)    1.299E+02
  dV of each real space grid is now    3.8475944526854301E-002
 Cell length (Bohr)    5.546E+00   5.546E+00   5.546E+00
 Angle     (Degree)    1.098E+02   1.098E+02   1.098E+02
 Volume    (Bohr^3)    1.299E+02

 ------------------------------------------------------------------------------
                           SETUP EWALD 
 (Ewald) eta                             :   0.8190    
 (Ewald) Real Space Cutoff               :    6.000     (Bohr)
 (Ewald) Reciprocal Cutoff               :    7.930     (1/Bohr)

 ------------------------------------------------------------------------------
                           SETUP PLANE WAVE 
 Fill the 3D Wang-Teter kernel in G space

 ------------------------------------------------------------------------------
                           REFRESH ION POSITIONS
  
 Calculating Ion-Ion Energy ...                   complete.     0.000 s
  
 Calculating Ion-Electron Potential (spline) ... 
 complete.     0.000 s
 Rescale the total density from   0.038231 to          1

 ------------------------------------------------------------------------------
                           DENSITY OPTIMIZATION
 Electron number for spin            1  is    1.0000000000000033     
 Cell Volume      :            19.242720 Angstrom^3
 Ion number       :                    1
 Electron number  :             1.000000
 Ion density      :             0.051968 Ion/Angstrom^3
 Electron density :             0.051968 Electron/Angstrom^3
  
 Calculating Ion-Ion Forces ...                complete.     0.000 s
  
 Calculating Ion-Electron Forces (spline) ...  complete.     0.000 s
  
 Calculating Ion-Electron Stress (spline) ...  complete.     0.000 s
  
 Calculating Ion-Ion Stress ...                complete.     0.000 s
  
 ------------------------------------------------------------------------------
                         LATTICE VECTORS (Angstrom)
 LAT 1          -1.706824        1.688167        1.688169
 LAT 2           1.688167       -1.706822        1.688167
 LAT 3           1.688168        1.688166       -1.706823
 ------------------------------------------------------------------------------
                                STRESS (GPa)
 ST_GPa 1        0.381873       -0.157910       -0.157897
 ST_GPa 2       -0.157910        0.381917       -0.157940
 ST_GPa 3       -0.157897       -0.157940        0.381868
  
 --------------------------------------------------
 STRESS (a.u.)
 --------------------------------------------------
 ST_AU  1   1.2979612137E-05  -5.3672653443E-06  -5.3668235297E-06
 ST_AU  2  -5.3672653443E-06   1.2981113855E-05  -5.3682623419E-06
 ST_AU  3  -5.3668235297E-06  -5.3682623419E-06   1.2979441944E-05
; Cell optimization at step  7, max(stress):  0.1298E-04, total energy: -0.27909151    ;
  dV of each real space grid is now    3.8276287603424539E-002
 Cell length (Bohr)    5.535E+00   5.535E+00   5.535E+00
 Angle     (Degree)    1.097E+02   1.097E+02   1.097E+02
 Volume    (Bohr^3)    1.292E+02
  dV of each real space grid is now    3.8276287603424539E-002
 Cell length (Bohr)    5.535E+00   5.535E+00   5.535E+00
 Angle     (Degree)    1.097E+02   1.097E+02   1.097E+02
 Volume    (Bohr^3)    1.292E+02

 ------------------------------------------------------------------------------
                           SETUP EWALD 
 (Ewald) eta                             :   0.8190    
 (Ewald) Real Space Cutoff               :    6.000     (Bohr)
 (Ewald) Reciprocal Cutoff               :    7.946     (1/Bohr)

 ------------------------------------------------------------------------------
                           SETUP PLANE WAVE 
 Fill the 3D Wang-Teter kernel in G space

 ------------------------------------------------------------------------------
                           REFRESH ION POSITIONS
  
 Calculating Ion-Ion Energy ...                   complete.     0.000 s
  
 Calculating Ion-Electron Potential (spline) ... 
 complete.     0.000 s
 Rescale the total density from   0.038078 to          1

 ------------------------------------------------------------------------------
                           DENSITY OPTIMIZATION
 Electron number for spin            1  is   0.99999999999999434     
 Cell Volume      :            19.142867 Angstrom^3
 Ion number       :                    1
 Electron number  :             1.000000
 Ion density      :             0.052239 Ion/Angstrom^3
 Electron density :             0.052239 Electron/Angstrom^3
  
 Calculating Ion-Ion Forces ...                complete.     0.000 s
  
 Calculating Ion-Electron Forces (spline) ...  complete.     0.000 s
  
 Calculating Ion-Electron Stress (spline) ...  complete.     0.000 s
  
 Calculating Ion-Ion Stress ...                complete.     0.000 s
  
 ------------------------------------------------------------------------------
                         LATTICE VECTORS (Angstrom)
 LAT 1          -1.702714        1.685235        1.685238
 LAT 2           1.685236       -1.702712        1.685236
 LAT 3           1.685236        1.685234       -1.702713
 ------------------------------------------------------------------------------
                                STRESS (GPa)
 ST_GPa 1        0.299708       -0.149022       -0.149009
 ST_GPa 2       -0.149022        0.299751       -0.149050
 ST_GPa 3       -0.149009       -0.149050        0.299703
  
 --------------------------------------------------
 STRESS (a.u.)
 --------------------------------------------------
 ST_AU  1   1.0186866962E-05  -5.0651690514E-06  -5.0647097733E-06
 ST_AU  2  -5.0651690514E-06   1.0188329066E-05  -5.0661131885E-06
 ST_AU  3  -5.0647097733E-06  -5.0661131885E-06   1.0186697051E-05
; Cell optimization at step  8, max(stress):  0.1019E-04, total energy: -0.27910071    ;
  dV of each real space grid is now    3.8117014624241975E-002
 Cell length (Bohr)    5.525E+00   5.525E+00   5.525E+00
 Angle     (Degree)    1.097E+02   1.097E+02   1.097E+02
 Volume    (Bohr^3)    1.286E+02
  dV of each real space grid is now    3.8117014624241975E-002
 Cell length (Bohr)    5.525E+00   5.525E+00   5.525E+00
 Angle     (Degree)    1.097E+02   1.097E+02   1.097E+02
 Volume    (Bohr^3)    1.286E+02

 ------------------------------------------------------------------------------
                           SETUP EWALD 
 (Ewald) eta                             :   0.8190    
 (Ewald) Real Space Cutoff               :    6.000     (Bohr)
 (Ewald) Reciprocal Cutoff               :    7.961     (1/Bohr)

 ------------------------------------------------------------------------------
                           SETUP PLANE WAVE 
 Fill the 3D Wang-Teter kernel in G space

 ------------------------------------------------------------------------------
                           REFRESH ION POSITIONS
  
 Calculating Ion-Ion Energy ...                   complete.     0.000 s
  
 Calculating Ion-Electron Potential (spline) ... 
 complete.     0.000 s
 Rescale the total density from   0.037958 to          1

 ------------------------------------------------------------------------------
                           DENSITY OPTIMIZATION
 Electron number for spin            1  is    1.0000000000000016     
 Cell Volume      :            19.063211 Angstrom^3
 Ion number       :                    1
 Electron number  :             1.000000
 Ion density      :             0.052457 Ion/Angstrom^3
 Electron density :             0.052457 Electron/Angstrom^3
  
 Calculating Ion-Ion Forces ...                complete.     0.000 s
  
 Calculating Ion-Electron Forces (spline) ...  complete.     0.000 s
  
 Calculating Ion-Electron Stress (spline) ...  complete.     0.000 s
  
 Calculating Ion-Ion Stress ...                complete.     0.000 s
  
 ------------------------------------------------------------------------------
                         LATTICE VECTORS (Angstrom)
 LAT 1          -1.698064        1.682883        1.682887
 LAT 2           1.682884       -1.698061        1.682884
 LAT 3           1.682885        1.682881       -1.698062
 ------------------------------------------------------------------------------
                                STRESS (GPa)
 ST_GPa 1        0.232984       -0.129896       -0.129882
 ST_GPa 2       -0.129896        0.233025       -0.129921
 ST_GPa 3       -0.129882       -0.129921        0.232979
  
 --------------------------------------------------
 STRESS (a.u.)
 --------------------------------------------------
 ST_AU  1   7.9189530510E-06  -4.4150670936E-06  -4.4145889790E-06
 ST_AU  2  -4.4150670936E-06   7.9203733639E-06  -4.4159188033E-06
 ST_AU  3  -4.4145889790E-06  -4.4159188033E-06   7.9187833609E-06
; Cell optimization at step  9, max(stress):  0.7920E-05, total energy: -0.27910807    ;
  dV of each real space grid is now    3.7987377400912833E-002
 Cell length (Bohr)    5.515E+00   5.515E+00   5.515E+00
 Angle     (Degree)    1.097E+02   1.097E+02   1.097E+02
 Volume    (Bohr^3)    1.282E+02
  dV of each real space grid is now    3.7987377400912833E-002
 Cell length (Bohr)    5.515E+00   5.515E+00   5.515E+00
 Angle     (Degree)    1.097E+02   1.097E+02   1.097E+02
 Volume    (Bohr^3)    1.282E+02

 ------------------------------------------------------------------------------
                           SETUP EWALD 
 (Ewald) eta                             :   0.8243    
 (Ewald) Real Space Cutoff               :    6.000     (Bohr)
 (Ewald) Reciprocal Cutoff               :    7.975     (1/Bohr)

 ------------------------------------------------------------------------------
                           SETUP PLANE WAVE 
 Fill the 3D Wang-Teter kernel in G space

 ------------------------------------------------------------------------------
                           REFRESH ION POSITIONS
  
 Calculating Ion-Ion Energy ...                   complete.     0.000 s
  
 Calculating Ion-Electron Potential (spline) ... 
 complete.     0.000 s
 Rescale the total density from   0.037858 to          1

 ------------------------------------------------------------------------------
                           DENSITY OPTIMIZATION
 Electron number for spin            1  is    1.0000000000000042     
 Cell Volume      :            18.998376 Angstrom^3
 Ion number       :                    1
 Electron number  :             1.000000
 Ion density      :             0.052636 Ion/Angstrom^3
 Electron density :             0.052636 Electron/Angstrom^3
  
 Calculating Ion-Ion Forces ...                complete.     0.000 s
  
 Calculating Ion-Electron Forces (spline) ...  complete.     0.000 s
  
 Calculating Ion-Electron Stress (spline) ...  complete.     0.001 s
  
 Calculating Ion-Ion Stress ...                complete.     0.000 s
  
 ------------------------------------------------------------------------------
                         LATTICE VECTORS (Angstrom)
 LAT 1          -1.693205        1.680961        1.680966
 LAT 2           1.680962       -1.693201        1.680962
 LAT 3           1.680963        1.680959       -1.693202
 ------------------------------------------------------------------------------
                                STRESS (GPa)
 ST_GPa 1        0.177922       -0.104767       -0.104752
 ST_GPa 2       -0.104767        0.177963       -0.104788
 ST_GPa 3       -0.104752       -0.104788        0.177917
  
 --------------------------------------------------
 STRESS (a.u.)
 --------------------------------------------------
 ST_AU  1   6.0474523638E-06  -3.5609494357E-06  -3.5604558952E-06
 ST_AU  2  -3.5609494357E-06   6.0488246873E-06  -3.5616697926E-06
 ST_AU  3  -3.5604558952E-06  -3.5616697926E-06   6.0472885583E-06
; Cell optimization at step 10, max(stress):  0.6049E-05, total energy: -0.27911381    ;
  dV of each real space grid is now    3.7877423670009902E-002
 Cell length (Bohr)    5.507E+00   5.507E+00   5.507E+00
 Angle     (Degree)    1.096E+02   1.096E+02   1.096E+02
 Volume    (Bohr^3)    1.278E+02
  dV of each real space grid is now    3.7877423670009902E-002
 Cell length (Bohr)    5.507E+00   5.507E+00   5.507E+00
 Angle     (Degree)    1.096E+02   1.096E+02   1.096E+02
 Volume    (Bohr^3)    1.278E+02

 ------------------------------------------------------------------------------
                           SETUP EWALD 
 (Ewald) eta                             :   0.8243    
 (Ewald) Real Space Cutoff               :    6.000     (Bohr)
 (Ewald) Reciprocal Cutoff               :    7.987     (1/Bohr)

 ------------------------------------------------------------------------------
                           SETUP PLANE WAVE 
 Fill the 3D Wang-Teter kernel in G space

 ------------------------------------------------------------------------------
                           REFRESH ION POSITIONS
  
 Calculating Ion-Ion Energy ...                   complete.     0.000 s
  
 Calculating Ion-Electron Potential (spline) ... 
 complete.     0.000 s
 Rescale the total density from   0.037768 to          1

 ------------------------------------------------------------------------------
                           DENSITY OPTIMIZATION
 Electron number for spin            1  is   0.99999999999999922     
 Cell Volume      :            18.943386 Angstrom^3
 Ion number       :                    1
 Electron number  :             1.000000
 Ion density      :             0.052789 Ion/Angstrom^3
 Electron density :             0.052789 Electron/Angstrom^3
  
 Calculating Ion-Ion Forces ...                complete.     0.000 s
  
 Calculating Ion-Electron Forces (spline) ...  complete.     0.000 s
  
 Calculating Ion-Electron Stress (spline) ...  complete.     0.000 s
  
 Calculating Ion-Ion Stress ...                complete.     0.000 s
  
 ------------------------------------------------------------------------------
                         LATTICE VECTORS (Angstrom)
 LAT 1          -1.688508        1.679328        1.679334
 LAT 2           1.679328       -1.688503        1.679329
 LAT 3           1.679330        1.679325       -1.688505
 ------------------------------------------------------------------------------
                                STRESS (GPa)
 ST_GPa 1        0.130568       -0.078468       -0.078453
 ST_GPa 2       -0.078468        0.130607       -0.078485
 ST_GPa 3       -0.078453       -0.078485        0.130564
  
 --------------------------------------------------
 STRESS (a.u.)
 --------------------------------------------------
 ST_AU  1   4.4379200089E-06  -2.6670813461E-06  -2.6665758238E-06
 ST_AU  2  -2.6670813461E-06   4.4392444254E-06  -2.6676633873E-06
 ST_AU  3  -2.6665758238E-06  -2.6676633873E-06   4.4377641706E-06
; Cell optimization at step 11, max(stress):  0.4439E-05, total energy: -0.27911794    ;
  dV of each real space grid is now    3.7783552998852485E-002
 Cell length (Bohr)    5.499E+00   5.499E+00   5.499E+00
 Angle     (Degree)    1.096E+02   1.096E+02   1.096E+02
 Volume    (Bohr^3)    1.275E+02
  dV of each real space grid is now    3.7783552998852485E-002
 Cell length (Bohr)    5.499E+00   5.499E+00   5.499E+00
 Angle     (Degree)    1.096E+02   1.096E+02   1.096E+02
 Volume    (Bohr^3)    1.275E+02

 ------------------------------------------------------------------------------
                           SETUP EWALD 
 (Ewald) eta                             :   0.8243    
 (Ewald) Real Space Cutoff               :    6.000     (Bohr)
 (Ewald) Reciprocal Cutoff               :    7.998     (1/Bohr)

 ------------------------------------------------------------------------------
                           SETUP PLANE WAVE 
 Fill the 3D Wang-Teter kernel in G space

 ------------------------------------------------------------------------------
                           REFRESH ION POSITIONS
  
 Calculating Ion-Ion Energy ...                   complete.     0.000 s
  
 Calculating Ion-Electron Potential (spline) ... 
 complete.     0.000 s
 Rescale the total density from   0.037690 to          1

 ------------------------------------------------------------------------------
                           DENSITY OPTIMIZATION
 Electron number for spin            1  is   0.99999999999999989     
 Cell Volume      :            18.896439 Angstrom^3
 Ion number       :                    1
 Electron number  :             1.000000
 Ion density      :             0.052920 Ion/Angstrom^3
 Electron density :             0.052920 Electron/Angstrom^3
  
 Calculating Ion-Ion Forces ...                complete.     0.000 s
  
 Calculating Ion-Electron Forces (spline) ...  complete.     0.000 s
  
 Calculating Ion-Electron Stress (spline) ...  complete.     0.000 s
  
 Calculating Ion-Ion Stress ...                complete.     0.000 s
  
 ------------------------------------------------------------------------------
                         LATTICE VECTORS (Angstrom)
 LAT 1          -1.684292        1.677933        1.677940
 LAT 2           1.677933       -1.684286        1.677934
 LAT 3           1.677935        1.677929       -1.684288
 ------------------------------------------------------------------------------
                                STRESS (GPa)
 ST_GPa 1        0.089605       -0.054252       -0.054237
 ST_GPa 2       -0.054252        0.089643       -0.054265
 ST_GPa 3       -0.054237       -0.054265        0.089601
  
 --------------------------------------------------
 STRESS (a.u.)
 --------------------------------------------------
 ST_AU  1   3.0456291479E-06  -1.8440004096E-06  -1.8434899195E-06
 ST_AU  2  -1.8440004096E-06   3.0469079724E-06  -1.8444312164E-06
 ST_AU  3  -1.8434899195E-06  -1.8444312164E-06   3.0454876548E-06
; Cell optimization at step 12, max(stress):  0.3047E-05, total energy: -0.27912058    ;
  dV of each real space grid is now    3.7707112288473843E-002
 Cell length (Bohr)    5.493E+00   5.493E+00   5.493E+00
 Angle     (Degree)    1.095E+02   1.095E+02   1.095E+02
 Volume    (Bohr^3)    1.273E+02
  dV of each real space grid is now    3.7707112288473843E-002
 Cell length (Bohr)    5.493E+00   5.493E+00   5.493E+00
 Angle     (Degree)    1.095E+02   1.095E+02   1.095E+02
 Volume    (Bohr^3)    1.273E+02

 ------------------------------------------------------------------------------
                           SETUP EWALD 
 (Ewald) eta                             :   0.8243    
 (Ewald) Real Space Cutoff               :    6.000     (Bohr)
 (Ewald) Reciprocal Cutoff               :    8.007     (1/Bohr)

 ------------------------------------------------------------------------------
                           SETUP PLANE WAVE 
 Fill the 3D Wang-Teter kernel in G space

 ------------------------------------------------------------------------------
                           REFRESH ION POSITIONS
  
 Calculating Ion-Ion Energy ...                   complete.     0.000 s
  
 Calculating Ion-Electron Potential (spline) ... 
 complete.     0.000 s
 Rescale the total density from   0.037631 to          1

 ------------------------------------------------------------------------------
                           DENSITY OPTIMIZATION
 Electron number for spin            1  is    1.0000000000000033     
 Cell Volume      :            18.858209 Angstrom^3
 Ion number       :                    1
 Electron number  :             1.000000
 Ion density      :             0.053027 Ion/Angstrom^3
 Electron density :             0.053027 Electron/Angstrom^3
  
 Calculating Ion-Ion Forces ...                complete.     0.000 s
  
 Calculating Ion-Electron Forces (spline) ...  complete.     0.000 s
  
 Calculating Ion-Electron Stress (spline) ...  complete.     0.000 s
  
 Calculating Ion-Ion Stress ...                complete.     0.000 s
  
 ------------------------------------------------------------------------------
                         LATTICE VECTORS (Angstrom)
 LAT 1          -1.680798        1.676796        1.676804
 LAT 2           1.676797       -1.680791        1.676798
 LAT 3           1.676800        1.676792       -1.680794
 ------------------------------------------------------------------------------
                                STRESS (GPa)
 ST_GPa 1        0.055839       -0.034043       -0.034028
 ST_GPa 2       -0.034043        0.055876       -0.034051
 ST_GPa 3       -0.034028       -0.034051        0.055836
  
 --------------------------------------------------
 STRESS (a.u.)
 --------------------------------------------------
 ST_AU  1   1.8979422959E-06  -1.1570925252E-06  -1.1565880599E-06
 ST_AU  2  -1.1570925252E-06   1.8991707927E-06  -1.1573615631E-06
 ST_AU  3  -1.1565880599E-06  -1.1573615631E-06   1.8978159798E-06
; Cell optimization at step 13, max(stress):  0.1899E-05, total energy: -0.27912203    ;
  dV of each real space grid is now    3.7650536851972845E-002
 Cell length (Bohr)    5.488E+00   5.488E+00   5.488E+00
 Angle     (Degree)    1.095E+02   1.095E+02   1.095E+02
 Volume    (Bohr^3)    1.271E+02
  dV of each real space grid is now    3.7650536851972845E-002
 Cell length (Bohr)    5.488E+00   5.488E+00   5.488E+00
 Angle     (Degree)    1.095E+02   1.095E+02   1.095E+02
 Volume    (Bohr^3)    1.271E+02

 ------------------------------------------------------------------------------
                           SETUP EWALD 
 (Ewald) eta                             :   0.8243    
 (Ewald) Real Space Cutoff               :    6.000     (Bohr)
 (Ewald) Reciprocal Cutoff               :    8.014     (1/Bohr)

 ------------------------------------------------------------------------------
                           SETUP PLANE WAVE 
 Fill the 3D Wang-Teter kernel in G space

 ------------------------------------------------------------------------------
                           REFRESH ION POSITIONS
  
 Calculating Ion-Ion Energy ...                   complete.     0.000 s
  
 Calculating Ion-Electron Potential (spline) ... 
 complete.     0.000 s
 Rescale the total density from   0.037594 to          1

 ------------------------------------------------------------------------------
                           DENSITY OPTIMIZATION
 Electron number for spin            1  is   0.99999999999999933     
 Cell Volume      :            18.829914 Angstrom^3
 Ion number       :                    1
 Electron number  :             1.000000
 Ion density      :             0.053107 Ion/Angstrom^3
 Electron density :             0.053107 Electron/Angstrom^3
  
 Calculating Ion-Ion Forces ...                complete.     0.000 s
  
 Calculating Ion-Electron Forces (spline) ...  complete.     0.000 s
  
 Calculating Ion-Electron Stress (spline) ...  complete.     0.000 s
  
 Calculating Ion-Ion Stress ...                complete.     0.000 s
  
 ------------------------------------------------------------------------------
                         LATTICE VECTORS (Angstrom)
 LAT 1          -1.678169        1.675955        1.675965
 LAT 2           1.675957       -1.678162        1.675958
 LAT 3           1.675960        1.675951       -1.678165
 ------------------------------------------------------------------------------
                                STRESS (GPa)
 ST_GPa 1        0.030690       -0.018681       -0.018667
 ST_GPa 2       -0.018681        0.030724       -0.018686
 ST_GPa 3       -0.018667       -0.018686        0.030687
  
 --------------------------------------------------
 STRESS (a.u.)
 --------------------------------------------------
 ST_AU  1   1.0431314858E-06  -6.3496030741E-07  -6.3447378865E-07
 ST_AU  2  -6.3496030741E-07   1.0443019644E-06  -6.3512474275E-07
 ST_AU  3  -6.3447378865E-07  -6.3512474275E-07   1.0430225931E-06
; Cell optimization at step 14, max(stress):  0.1044E-05, total energy: -0.27912267    ;
  dV of each real space grid is now    3.7613103102685785E-002
 Cell length (Bohr)    5.485E+00   5.485E+00   5.485E+00
 Angle     (Degree)    1.095E+02   1.095E+02   1.095E+02
 Volume    (Bohr^3)    1.269E+02
  dV of each real space grid is now    3.7613103102685785E-002
 Cell length (Bohr)    5.485E+00   5.485E+00   5.485E+00
 Angle     (Degree)    1.095E+02   1.095E+02   1.095E+02
 Volume    (Bohr^3)    1.269E+02

 ------------------------------------------------------------------------------
                           SETUP EWALD 
 (Ewald) eta                             :   0.8243    
 (Ewald) Real Space Cutoff               :    6.000     (Bohr)
 (Ewald) Reciprocal Cutoff               :    8.019     (1/Bohr)

 ------------------------------------------------------------------------------
                           SETUP PLANE WAVE 
 Fill the 3D Wang-Teter kernel in G space

 ------------------------------------------------------------------------------
                           REFRESH ION POSITIONS
  
 Calculating Ion-Ion Energy ...                   complete.     0.000 s
  
 Calculating Ion-Electron Potential (spline) ... 
 complete.     0.000 s
 Rescale the total density from   0.037576 to          1

 ------------------------------------------------------------------------------
                           DENSITY OPTIMIZATION
 Electron number for spin            1  is   0.99999999999999800     
 Cell Volume      :            18.811193 Angstrom^3
 Ion number       :                    1
 Electron number  :             1.000000
 Ion density      :             0.053160 Ion/Angstrom^3
 Electron density :             0.053160 Electron/Angstrom^3
  
 Calculating Ion-Ion Forces ...                complete.     0.000 s
  
 Calculating Ion-Electron Forces (spline) ...  complete.     0.000 s
  
 Calculating Ion-Electron Stress (spline) ...  complete.     0.000 s
  
 Calculating Ion-Ion Stress ...                complete.     0.000 s
  
 ------------------------------------------------------------------------------
                         LATTICE VECTORS (Angstrom)
 LAT 1          -1.676440        1.675398        1.675410
 LAT 2           1.675400       -1.676431        1.675401
 LAT 3           1.675404        1.675394       -1.676435
 ------------------------------------------------------------------------------
                                STRESS (GPa)
 ST_GPa 1        0.013924       -0.008631       -0.008617
 ST_GPa 2       -0.008631        0.013956       -0.008633
 ST_GPa 3       -0.008617       -0.008633        0.013921
  
 --------------------------------------------------
 STRESS (a.u.)
 --------------------------------------------------
 ST_AU  1   4.7326711841E-07  -2.9335858496E-07  -2.9290157959E-07
 ST_AU  2  -2.9335858496E-07   4.7437120668E-07  -2.9342227484E-07
 ST_AU  3  -2.9290157959E-07  -2.9342227484E-07   4.7317173635E-07
; Cell optimization at step 15, max(stress):  0.4744E-06, total energy: -0.27912289    ;
##############################################################################
#                               FINAL ENERGIES                       time    #
##############################################################################
# Thomas-Fermi Kin. Energy =   3.133255341518E+00 eV                 0.000 s #
# Von-Weizsacker Kin. Ener =   2.469610294205E-01 eV                 0.000 s #
# Wang-Teter Kinetic Energ =  -7.286445318652E-02 eV                 0.000 s #
#                                                                            #
#     LDA Exch-Corr Energy =  -5.016209537738E+00 eV                 0.000 s #
#         Coulombic Energy =   1.421808891844E-02 eV                 0.000 s #
#      Ion-Electron Energy =   1.918888980197E+00 eV                 0.000 s #
#           Ion-Ion Energy =  -7.819569524817E+00 eV                 0.000 s #
#                                                                            #
#     TOTAL KINETIC ENERGY =   3.307351917752E+00 eV                         #
#   TOTAL POTENTIAL ENERGY =  -1.090267199344E+01 eV                         #
#             TOTAL ENERGY =  -7.595320075687E+00 eV                         #
##############################################################################
  
 ----------------------------- TIME INFORMATION ------------------------------
    PROFESS      :      1.35s WALL    100.00% (       1 calls)     1.35s/call
    InitPROFESS  :      0.02s WALL      1.25% (       1 calls)     0.02s/call
    KEDFRefresh  :      0.00s WALL      0.11% (      15 calls)     0.00s/call
    IonRefresh   :      0.01s WALL      0.50% (      15 calls)     0.00s/call
    EwaldEnergy  :      0.00s WALL      0.22% (      15 calls)     0.00s/call
    Pot_Ion      :      0.00s WALL      0.12% (     709 calls)     0.00s/call
    Pot_Har      :      0.03s WALL      2.53% (     709 calls)     0.00s/call
    Pot_Exc      :      0.21s WALL     15.60% (     709 calls)     0.00s/call
    Pot_KEDF     :      0.89s WALL     66.06% (     709 calls)     0.00s/call
    VWPotSqrPlus :      0.03s WALL      2.37% (     709 calls)     0.00s/call
    NextGradient :      0.00s WALL      0.11% (      48 calls)     0.00s/call
    CalForce     :      0.01s WALL      0.43% (      15 calls)     0.00s/call
    EwaldForces  :      0.00s WALL      0.25% (      15 calls)     0.00s/call
    CalStress    :      0.04s WALL      2.63% (      15 calls)     0.00s/call
    EwaldStress  :      0.00s WALL      0.13% (      15 calls)     0.00s/call
 -----------------------------------------------------------------------------
 ------------------------------- TOTAL ---------------------------------------
    PROFESS      :      1.35s WALL    100.00% (       1 calls)     1.35s/call
 -----------------------------------------------------------------------------

Run completed on: 08/14/2021 at 18:41:55 
  
