 ******************************************************************************
                             WELCOME TO PROFESS                   
            (PRinceton Orbital-Free Electronic Structure Software) 
 ******************************************************************************

 ------------------------------------------------------------------------------
                           READ GEOMETRY
 Cell length (Bohr)    3.780E+01   3.780E+01   3.780E+01
 Angle     (Degree)    9.000E+01   9.000E+01   9.000E+01
 Volume    (Bohr^3)    5.400E+04

 ------------------------------------------------------------------------------
                           READ PSEUDOPOTENTIAL
 Total electron number in ReadPseudo is    1497.0000000000000     
 (System) Machine Precision              :    2.2204460492503131E-016

 ------------------------------------------------------------------------------
                           SETUP FFT
 Global FFT Dimension :    96   96   96
 Rank/Size in Global Communicator     :            0 /           1
 Rank/Size in Global FFT Communicator :            0 /           1
 Parallel FFT, totX    =    96
 Parallel FFT, totY    =    96
 Parallel FFT, locZ    =    96
 Parallel FFT, locZoff =     0
 Dimension of rho for this processor : 
 xmin, xmax :            0          95
 ymin, ymax :            0          95
 zmin, zmax :            0          95
 Total electron number =    1497.0000000000000     
 Uniform rhoR =    2.7719876112809457E-002
 (GB INFO) FFT size      :       96      96      96
 (GB INFO) FFT offset    :        0
 (GB INFO) FFT G size    :       49      96      96
 (GB INFO) FFT G offset  :        0

 ------------------------------------------------------------------------------
                           SETUP KEDF
 kinetic energy density functional number is            4
 ( 1=TF, 2=VW, 3=TF+VW, 4=WT,  5=WGC,  
   7=LQ, 8=HQ, 10=CAT,  11=HC, 12=WGCD,
   15=GGA, 16=WGCD+GGA, 17=EVT, 18=EVC )
 qTable dimension:    49   96   96
 Coefficient for TF KEDF is     1.0000
 Coefficient for VW KEDF is     1.0000
 Coefficient for alpha in WT KEDF is     0.8333
 Coefficient for beta  in WT KEDF is     0.8333
 rho0 (Electron/Bohr^3) in WGC KEDF is     0.0277
 hold0 =  F
  dV of each real space grid is now    6.1040322043454671E-002
 Cell length (Bohr)    3.780E+01   3.780E+01   3.780E+01
 Angle     (Degree)    9.000E+01   9.000E+01   9.000E+01
 Volume    (Bohr^3)    5.400E+04

 ------------------------------------------------------------------------------
                           SETUP EWALD 
 (Ewald) eta                             :   0.6391    
 (Ewald) Real Space Cutoff               :    8.545     (Bohr)
 (Ewald) Reciprocal Cutoff               :    7.896     (1/Bohr)

 ------------------------------------------------------------------------------
                           SETUP PLANE WAVE 
 Read in WT kernel.
 kernel file name  : 1PROFESS_KERNEL.dat           
 KEDF type         :     4
 Fermi vector      :   1.182014212099E+00
 Reference density :  -1.000000000000E+00
 Mesh points       :   200002
 Fermi vector in this cell is    1.8725528794686399     
 Fermi vector from kernel file is    1.1820142120987149     
 First qNorm is    0.0000000000000000     
 size of Wang-Teter kernel in this run is           49          96          96
 Max |G| in this calculation is   1.381989981278E+01
 Max eta used from kernel is   7.380245420200E+00

 ------------------------------------------------------------------------------
                           REFRESH ION POSITIONS
  
 Calculating Ion-Ion Energy ...                   complete.     0.131 s
  
 Calculating Ion-Electron Potential (spline) ... 
 complete.     0.085 s

 ------------------------------------------------------------------------------
                           DENSITY OPTIMIZATION
 Electron number for spin            1  is    1497.0000000182361     
 Cell Volume      :          8002.651573 Angstrom^3
 Ion number       :                  499
 Electron number  :          1497.000000
 Ion density      :             0.062354 Ion/Angstrom^3
 Electron density :             0.187063 Electron/Angstrom^3
##############################################################################
#                               FINAL ENERGIES                       time    #
##############################################################################
# Thomas-Fermi Kin. Energy =   1.089044581118E+04 eV                 0.000 s #
# Von-Weizsacker Kin. Ener =   8.902682116393E+02 eV                 0.000 s #
# Wang-Teter Kinetic Energ =  -3.067608608692E+02 eV                 0.000 s #
#                                                                            #
#     LDA Exch-Corr Energy =  -1.099007808919E+04 eV                 0.000 s #
#         Coulombic Energy =   8.047855121832E+01 eV                 0.000 s #
#      Ion-Electron Energy =   7.530264144428E+03 eV                 0.000 s #
#           Ion-Ion Energy =  -3.699302468335E+04 eV                 0.000 s #
#                                                                            #
#     TOTAL KINETIC ENERGY =   1.147395316195E+04 eV                         #
#   TOTAL POTENTIAL ENERGY =  -4.037236007689E+04 eV                         #
#             TOTAL ENERGY =  -2.889840691494E+04 eV                         #
##############################################################################
  
 ----------------------------- TIME INFORMATION ------------------------------
    PROFESS      :     40.16s WALL    100.00% (       1 calls)    40.16s/call
    InitPROFESS  :      0.55s WALL      1.37% (       1 calls)     0.55s/call
    KEDFRefresh  :      0.28s WALL      0.69% (       1 calls)     0.28s/call
    IonRefresh   :      0.24s WALL      0.60% (       1 calls)     0.24s/call
    EwaldEnergy  :      0.13s WALL      0.33% (       1 calls)     0.13s/call
    Pot_Ion      :      0.09s WALL      0.22% (      75 calls)     0.00s/call
    Pot_Har      :      2.44s WALL      6.08% (      75 calls)     0.03s/call
    Pot_Exc      :      5.90s WALL     14.68% (      75 calls)     0.08s/call
    Pot_KEDF     :     29.32s WALL     73.00% (      75 calls)     0.39s/call
    VWPotSqrPlus :      2.37s WALL      5.91% (      75 calls)     0.03s/call
    NextGradient :      0.11s WALL      0.27% (       9 calls)     0.01s/call
 -----------------------------------------------------------------------------
 ------------------------------- TOTAL ---------------------------------------
    PROFESS      :     40.16s WALL    100.00% (       1 calls)    40.16s/call
 -----------------------------------------------------------------------------

Run completed on: 08/13/2021 at 20:00:25 
  
