 ******************************************************************************
                             WELCOME TO PROFESS                   
            (PRinceton Orbital-Free Electronic Structure Software) 
 ******************************************************************************

 ------------------------------------------------------------------------------
                           READ GEOMETRY
 Cell length (Bohr)    5.766E+00   9.553E+00   9.972E+00
 Angle     (Degree)    9.000E+01   9.000E+01   9.000E+01
 Volume    (Bohr^3)    5.493E+02

 ------------------------------------------------------------------------------
                           READ PSEUDOPOTENTIAL
 Total electron number in ReadPseudo is    5.0000000000000000     
 (System) Machine Precision              :    2.2204460492503131E-016

 ------------------------------------------------------------------------------
                           SETUP FFT
 Global FFT Dimension :    30   48   49
 Rank/Size in Global Communicator     :            0 /           1
 Rank/Size in Global FFT Communicator :            0 /           1
 Parallel FFT, totX    =    30
 Parallel FFT, totY    =    48
 Parallel FFT, locZ    =    49
 Parallel FFT, locZoff =     0
 Dimension of rho for this processor : 
 xmin, xmax :            0          29
 ymin, ymax :            0          47
 zmin, zmax :            0          48
 Total electron number =    5.0000000000000000     
 Uniform rhoR =    9.1026604068634807E-003
 (GB INFO) FFT size      :       30      48      49
 (GB INFO) FFT offset    :        0
 (GB INFO) FFT G size    :       16      48      49
 (GB INFO) FFT G offset  :        0

 ------------------------------------------------------------------------------
                           SETUP KEDF
 kinetic energy density functional number is            5
 ( 1=TF, 2=VW, 3=TF+VW, 4=WT,  5=WGC,  
   7=LQ, 8=HQ, 10=CAT,  11=HC, 12=WGCD,
   15=GGA, 16=WGCD+GGA, 17=EVT, 18=EVC )
 qTable dimension:    16   48   49
 Coefficient for TF KEDF is     1.0000
 Coefficient for VW KEDF is     1.0000
 Coefficient for alpha in WGC KEDF is     1.2060
 Coefficient for beta  in WGC KEDF is     0.4607
 Coefficient for gamma in WGC KEDF is     2.7000
 rho0 (Electron/Bohr^3) in WGC KEDF is     0.0091
 rhoS (Electron/Bohr^3) in WGC KEDF is     0.0091
 hold0 =  F
 holdS =  F
  dV of each real space grid is now    7.7847217008232958E-003
 Cell length (Bohr)    5.766E+00   9.553E+00   9.972E+00
 Angle     (Degree)    9.000E+01   9.000E+01   9.000E+01
 Volume    (Bohr^3)    5.493E+02

 ------------------------------------------------------------------------------
                           SETUP EWALD 
 (Ewald) eta                             :    1.200    
 (Ewald) Real Space Cutoff               :    6.000     (Bohr)
 (Ewald) Reciprocal Cutoff               :    15.12     (1/Bohr)

 ------------------------------------------------------------------------------
                           SETUP PLANE WAVE 

 ------------------------------------------------------------------------------
                           INITIALIZING WGC KERNEL
 Fermi vector :   0.64594634766067283     
 Reference density :    9.1026604068634807E-003
 Make WGC kernels.
 Dimension of KEDF Kernel :           16          48          49

 ------------------------------------------------------------------------------
                           REFRESH ION POSITIONS
  
 Calculating Ion-Ion Energy ...                   complete.     0.010 s
  
 Calculating Ion-Electron Potential (spline) ... 
 complete.     0.019 s

 ------------------------------------------------------------------------------
                           DENSITY OPTIMIZATION
 Electron number for spin            1  is    4.9999999999986429     
 Cell Volume      :            81.396374 Angstrom^3
 Ion number       :                    4
 Electron number  :             5.000000
 Ion density      :             0.049142 Ion/Angstrom^3
 Electron density :             0.061428 Electron/Angstrom^3
 Print density file to mp-976139/mp-976139.den                           
##############################################################################
#                               FINAL ENERGIES                       time    #
##############################################################################
# Thomas-Fermi Kin. Energy =   1.799260002154E+01 eV                 0.000 s #
# Von-Weizsacker Kin. Ener =   2.220913034718E+00 eV                 0.000 s #
#       WGC Kinetic Energy =  -1.036551026190E+00 eV                 0.000 s #
#                                                                            #
# GGA(PBE) Exch-Cor Energy =  -2.657945936787E+01 eV                 0.000 s #
#         Coulombic Energy =   1.313366443291E+00 eV                 0.000 s #
#      Ion-Electron Energy =   8.638932628097E+00 eV                 0.000 s #
#           Ion-Ion Energy =  -4.993314971772E+01 eV                 0.000 s #
#                                                                            #
#     TOTAL KINETIC ENERGY =   1.917696203007E+01 eV                         #
#   TOTAL POTENTIAL ENERGY =  -6.656031001420E+01 eV                         #
#             TOTAL ENERGY =  -4.738334798413E+01 eV                         #
##############################################################################
  
 ----------------------------- TIME INFORMATION ------------------------------
    PROFESS      :     26.82s WALL    100.00% (       1 calls)    26.82s/call
    InitPROFESS  :      0.10s WALL      0.37% (       1 calls)     0.10s/call
    KEDFRefresh  :      0.04s WALL      0.14% (       1 calls)     0.04s/call
    IonRefresh   :      0.03s WALL      0.12% (       1 calls)     0.03s/call
    EwaldEnergy  :      0.01s WALL      0.04% (       1 calls)     0.01s/call
    Pot_Ion      :      0.04s WALL      0.13% (     172 calls)     0.00s/call
    Pot_Har      :      0.83s WALL      3.11% (     172 calls)     0.00s/call
    Pot_Exc      :     12.23s WALL     45.60% (     172 calls)     0.07s/call
    PBEPot       :     11.92s WALL     44.45% (     172 calls)     0.07s/call
    Pot_KEDF     :     12.59s WALL     46.97% (     172 calls)     0.07s/call
    WGCPotPlus   :      9.96s WALL     37.14% (     172 calls)     0.06s/call
    VWPotSqrPlus :      0.75s WALL      2.79% (     172 calls)     0.00s/call
    NextGradient :      0.01s WALL      0.04% (       8 calls)     0.00s/call
 -----------------------------------------------------------------------------
 ------------------------------- TOTAL ---------------------------------------
    PROFESS      :     26.82s WALL    100.00% (       1 calls)    26.82s/call
 -----------------------------------------------------------------------------

Run completed on: 05/15/2023 at 18:58:02 
  
