 ******************************************************************************
                             WELCOME TO PROFESS                   
            (PRinceton Orbital-Free Electronic Structure Software) 
 ******************************************************************************

 ------------------------------------------------------------------------------
                           READ GEOMETRY
 Cell length (Bohr)    7.913E+00   7.913E+00   1.302E+01
 Angle     (Degree)    9.000E+01   9.000E+01   1.200E+02
 Volume    (Bohr^3)    7.059E+02

 ------------------------------------------------------------------------------
                           READ PSEUDOPOTENTIAL
 Total electron number in ReadPseudo is    16.000000000000000     
 (System) Machine Precision              :    2.2204460492503131E-016

 ------------------------------------------------------------------------------
                           SETUP FFT
 Global FFT Dimension :    40   40   64
 Dimension of rho for this processor : 
 xmin, xmax :            0          39
 ymin, ymax :            0          39
 zmin, zmax :            0          63
 Total electron number =    16.000000000000000     
 Uniform rhoR =    2.2666250687602221E-002
 (GB INFO) FFT size      :       40      40      64
 (GB INFO) FFT offset    :        0
 (GB INFO) FFT G size    :       21      40      64
 (GB INFO) FFT G offset  :        0

 ------------------------------------------------------------------------------
                           SETUP KEDF
 kinetic energy density functional number is           11
 ( 1=TF, 2=VW, 3=TF+VW, 4=WT,  5=WGC,  
   7=LQ, 8=HQ, 10=CAT,  11=HC, 12=WGCD,
   15=GGA, 16=WGCD+GGA, 17=EVT, 18=EVC )
 qTable dimension:    21   40   64
 rhoS=   2.2666250687602221E-002
 rho0=   2.2666250687602221E-002
 coefficients for TF KEDF is     1.000000
 coefficients for VW KEDF is     1.000000
 Lambda in HC10 is set to     0.012000
 ALPHA  in HC10 is set to     1.916667
 BETA   in HC10 is set to     0.750000
 Sum of alpha and beta is     2.666667
  dV of each real space grid is now    6.8935088627368000E-003
 Cell length (Bohr)    7.913E+00   7.913E+00   1.302E+01
 Angle     (Degree)    9.000E+01   9.000E+01   1.200E+02
 Volume    (Bohr^3)    7.059E+02

 ------------------------------------------------------------------------------
                           SETUP EWALD 
 (Ewald) eta                             :    1.200    
 (Ewald) Real Space Cutoff               :    6.000     (Bohr)
 (Ewald) Reciprocal Cutoff               :    15.20     (1/Bohr)

 ------------------------------------------------------------------------------
                           SETUP PLANE WAVE 

 ------------------------------------------------------------------------------
                           REFRESH ION POSITIONS
  
 Calculating Ion-Ion Energy ...                   complete.     0.017 s
  
 Calculating Ion-Electron Potential (spline) ... 
 complete.     0.038 s

 ------------------------------------------------------------------------------
                           DENSITY OPTIMIZATION
 Electron number for spin            1  is    15.999999999966612     
 Cell Volume      :           104.602891 Angstrom^3
 Ion number       :                    4
 Electron number  :            16.000000
 Ion density      :             0.038240 Ion/Angstrom^3
 Electron density :             0.152959 Electron/Angstrom^3
##############################################################################
#                               FINAL ENERGIES                       time    #
##############################################################################
# Thomas-Fermi Kin. Energy =   1.249754711175E+02 eV                 0.000 s #
# Von-Weizsacker Kin. Ener =   3.892101901653E+01 eV                 0.000 s #
#                                                                            #
# GGA(PBE) Exch-Cor Energy =  -1.202729449081E+02 eV                 0.000 s #
#         Coulombic Energy =   2.539898929801E+01 eV                 0.000 s #
#      Ion-Electron Energy =  -1.391284156440E+01 eV                 0.000 s #
#           Ion-Ion Energy =  -4.359343768258E+02 eV                 0.000 s #
#                                                                            #
#     TOTAL KINETIC ENERGY =   1.343001995283E+02 eV                         #
#   TOTAL POTENTIAL ENERGY =  -5.447211740004E+02 eV                         #
#             TOTAL ENERGY =  -4.104209744721E+02 eV                         #
##############################################################################
  
 ----------------------------- TIME INFORMATION ------------------------------
    PROFESS      :   2767.94s WALL    100.00% (       1 calls)  2767.94s/call
    InitPROFESS  :      0.09s WALL      0.00% (       1 calls)     0.09s/call
    KEDFRefresh  :      0.01s WALL      0.00% (       1 calls)     0.01s/call
    IonRefresh   :      0.06s WALL      0.00% (       1 calls)     0.06s/call
    EwaldEnergy  :      0.02s WALL      0.00% (       1 calls)     0.02s/call
    ForwFFT_3D   :    593.18s WALL     21.43% (   66894 calls)     0.01s/call
    BackFFT_3D   :    287.70s WALL     10.39% (   44020 calls)     0.01s/call
    Pot_Ion      :      2.19s WALL      0.08% (    1113 calls)     0.00s/call
    Pot_Har      :     20.11s WALL      0.73% (    1113 calls)     0.02s/call
    Pot_Exc      :    364.45s WALL     13.17% (    1113 calls)     0.33s/call
    PBEPot       :    361.78s WALL     13.07% (    1113 calls)     0.33s/call
    Pot_KEDF     :   2350.56s WALL     84.92% (    1113 calls)     2.11s/call
    intPot       :   2304.49s WALL     83.26% (    1113 calls)     2.07s/call
    MakeXiG      :     16.22s WALL      0.59% (    1113 calls)     0.01s/call
    intPot1      :    626.93s WALL     22.65% (   13662 calls)     0.05s/call
    MakeHC10Kern :     67.26s WALL      2.43% (   14775 calls)     0.00s/call
    intPot2      :    432.13s WALL     15.61% (   13662 calls)     0.03s/call
    intPot3      :    773.32s WALL     27.94% (   13662 calls)     0.06s/call
    intPot4      :    270.17s WALL      9.76% (   13662 calls)     0.02s/call
    VWPotSqrPlus :     17.54s WALL      0.63% (    1113 calls)     0.02s/call
    NextGradient :      1.56s WALL      0.06% (     101 calls)     0.02s/call
 -----------------------------------------------------------------------------
 ------------------------------- TOTAL ---------------------------------------
    PROFESS      :   2767.94s WALL    100.00% (       1 calls)  2767.94s/call
 -----------------------------------------------------------------------------

Run completed on: 07/31/2024 at 00:29:55 
  
