 ******************************************************************************
                             WELCOME TO PROFESS                   
            (PRinceton Orbital-Free Electronic Structure Software) 
 ******************************************************************************

 ------------------------------------------------------------------------------
                           READ GEOMETRY
 Cell length (Bohr)    7.126E+01   7.126E+01   7.126E+01
 Angle     (Degree)    9.000E+01   9.000E+01   9.000E+01
 Volume    (Bohr^3)    3.618E+05

 ------------------------------------------------------------------------------
                           READ PSEUDOPOTENTIAL
 Total electron number in ReadPseudo is    10972.000000000000     
 (System) Machine Precision              :    2.2204460492503131E-016

 ------------------------------------------------------------------------------
                           SETUP FFT
 Global FFT Dimension :   196  196  196
 Rank/Size in Global Communicator     :            0 /           1
 Rank/Size in Global FFT Communicator :            0 /           1
 Parallel FFT, totX    =   196
 Parallel FFT, totY    =   196
 Parallel FFT, locZ    =   196
 Parallel FFT, locZoff =     0
 Dimension of rho for this processor : 
 xmin, xmax :            0         195
 ymin, ymax :            0         195
 zmin, zmax :            0         195
 Total electron number =    10972.000000000000     
 Uniform rhoR =    3.0323160038317847E-002
 (GB INFO) FFT size      :      196     196     196
 (GB INFO) FFT offset    :        0
 (GB INFO) FFT G size    :       99     196     196
 (GB INFO) FFT G offset  :        0

 ------------------------------------------------------------------------------
                           SETUP KEDF
 kinetic energy density functional number is            4
 ( 1=TF, 2=VW, 3=TF+VW, 4=WT,  5=WGC,  
   7=LQ, 8=HQ, 10=CAT,  11=HC, 12=WGCD,
   15=GGA, 16=WGCD+GGA, 17=EVT, 18=EVC )
 qTable dimension:    99  196  196
 Coefficient for TF KEDF is     1.0000
 Coefficient for VW KEDF is     1.0000
 Coefficient for alpha in WT KEDF is     0.8333
 Coefficient for beta  in WT KEDF is     0.8333
 rho0 (Electron/Bohr^3) in WGC KEDF is     0.0303
 hold0 =  F
  dV of each real space grid is now    4.8055502937225637E-002
 Cell length (Bohr)    7.126E+01   7.126E+01   7.126E+01
 Angle     (Degree)    9.000E+01   9.000E+01   9.000E+01
 Volume    (Bohr^3)    3.618E+05

 ------------------------------------------------------------------------------
                           SETUP EWALD 
 (Ewald) eta                             :   0.6655    
 (Ewald) Real Space Cutoff               :    8.471     (Bohr)
 (Ewald) Reciprocal Cutoff               :    8.597     (1/Bohr)

 ------------------------------------------------------------------------------
                           SETUP PLANE WAVE 
 Read in WT kernel.
 kernel file name  : 4PROFESS_KERNEL.dat           
 KEDF type         :     4
 Fermi vector      :   1.182014212099E+00
 Reference density :  -1.000000000000E+00
 Mesh points       :   200002
 Fermi vector in this cell is    1.9294275777831493     
 Fermi vector from kernel file is    1.1820142120987149     
 First qNorm is    0.0000000000000000     
 size of Wang-Teter kernel in this run is           99         196         196
 Max |G| in this calculation is   1.496681731793E+01
 Max eta used from kernel is   7.757128326694E+00

 ------------------------------------------------------------------------------
                           REFRESH ION POSITIONS
  
 Calculating Ion-Ion Energy ...                   complete.     2.223 s
  
 Calculating Ion-Electron Potential (spline) ... 
 complete.     0.751 s

 ------------------------------------------------------------------------------
                           DENSITY OPTIMIZATION
 Electron number for spin            1  is    10971.999998576974     
 Cell Volume      :         53618.509122 Angstrom^3
 Ion number       :                 2743
 Electron number  :         10971.999999
 Ion density      :             0.051158 Ion/Angstrom^3
 Electron density :             0.204631 Electron/Angstrom^3
##############################################################################
#                               FINAL ENERGIES                       time    #
##############################################################################
# Thomas-Fermi Kin. Energy =   1.056457970129E+05 eV                 0.000 s #
# Von-Weizsacker Kin. Ener =   3.309331927564E+04 eV                 0.000 s #
# Wang-Teter Kinetic Energ =  -2.596971077548E+04 eV                 0.000 s #
#                                                                            #
#     LDA Exch-Corr Energy =  -8.992734746691E+04 eV                 0.000 s #
#         Coulombic Energy =   1.977346762812E+04 eV                 0.000 s #
#      Ion-Electron Energy =  -2.727006188385E+04 eV                 0.000 s #
#           Ion-Ion Energy =  -3.158723395181E+05 eV                 0.000 s #
#                                                                            #
#     TOTAL KINETIC ENERGY =   1.127694055131E+05 eV                         #
#   TOTAL POTENTIAL ENERGY =  -4.132962812407E+05 eV                         #
#             TOTAL ENERGY =  -3.005268757277E+05 eV                         #
##############################################################################
  
 ----------------------------- TIME INFORMATION ------------------------------
    PROFESS      :    599.04s WALL    100.00% (       1 calls)   599.04s/call
    InitPROFESS  :      4.29s WALL      0.72% (       1 calls)     4.29s/call
    KEDFRefresh  :      0.90s WALL      0.15% (       1 calls)     0.90s/call
    IonRefresh   :      3.31s WALL      0.55% (       1 calls)     3.31s/call
    EwaldEnergy  :      2.22s WALL      0.37% (       1 calls)     2.22s/call
    Pot_Ion      :      1.40s WALL      0.23% (     114 calls)     0.01s/call
    Pot_Har      :     46.87s WALL      7.82% (     114 calls)     0.41s/call
    Pot_Exc      :     79.91s WALL     13.34% (     114 calls)     0.70s/call
    Pot_KEDF     :    438.46s WALL     73.19% (     114 calls)     3.85s/call
    VWPotSqrPlus :     45.57s WALL      7.61% (     114 calls)     0.40s/call
    NextGradient :      1.51s WALL      0.25% (      11 calls)     0.14s/call
 -----------------------------------------------------------------------------
 ------------------------------- TOTAL ---------------------------------------
    PROFESS      :    599.04s WALL    100.00% (       1 calls)   599.04s/call
 -----------------------------------------------------------------------------

Run completed on: 11/28/2022 at 19:55:26 
  
