 ******************************************************************************
                             WELCOME TO PROFESS                   
            (PRinceton Orbital-Free Electronic Structure Software) 
 ******************************************************************************

 ------------------------------------------------------------------------------
                           READ GEOMETRY
 Cell length (Bohr)    5.507E+00   5.507E+00   5.507E+00
 Angle     (Degree)    1.095E+02   1.095E+02   1.095E+02
 Volume    (Bohr^3)    1.286E+02

 ------------------------------------------------------------------------------
                           READ PSEUDOPOTENTIAL
 Total electron number in ReadPseudo is    1.0000000000000000     
 (System) Machine Precision              :    2.2204460492503131E-016

 ------------------------------------------------------------------------------
                           SETUP FFT
 Global FFT Dimension :    15   15   15
 Rank/Size in Global Communicator     :            0 /           1
 Rank/Size in Global FFT Communicator :            0 /           1
 Parallel FFT, totX    =    15
 Parallel FFT, totY    =    15
 Parallel FFT, locZ    =    15
 Parallel FFT, locZoff =     0
 Dimension of rho for this processor : 
 xmin, xmax :            0          14
 ymin, ymax :            0          14
 zmin, zmax :            0          14
 Total electron number =    1.0000000000000000     
 Uniform rhoR =    7.7788471887199869E-003
 (GB INFO) FFT size      :       15      15      15
 (GB INFO) FFT offset    :        0
 (GB INFO) FFT G size    :        8      15      15
 (GB INFO) FFT G offset  :        0

 ------------------------------------------------------------------------------
                           SETUP KEDF
 kinetic energy density functional number is            4
 ( 1=TF, 2=VW, 3=TF+VW, 4=WT,  5=WGC,  
   7=LQ, 8=HQ, 10=CAT,  11=HC, 12=WGCD,
   15=GGA, 16=WGCD+GGA, 17=EVT, 18=EVC )
 qTable dimension:     8   15   15
 Coefficient for TF KEDF is     1.0000
 Coefficient for VW KEDF is     1.0000
 Coefficient for alpha in WT KEDF is     0.8333
 Coefficient for beta  in WT KEDF is     0.8333
 rho0 (Electron/Bohr^3) in WGC KEDF is     0.0078
 hold0 =  F
  dV of each real space grid is now    3.8090000884186542E-002
 Cell length (Bohr)    5.507E+00   5.507E+00   5.507E+00
 Angle     (Degree)    1.095E+02   1.095E+02   1.095E+02
 Volume    (Bohr^3)    1.286E+02

 ------------------------------------------------------------------------------
                           SETUP EWALD 
 (Ewald) eta                             :   0.8243    
 (Ewald) Real Space Cutoff               :    6.000     (Bohr)
 (Ewald) Reciprocal Cutoff               :    7.987     (1/Bohr)

 ------------------------------------------------------------------------------
                           SETUP PLANE WAVE 
 Fill the 3D Wang-Teter kernel in G space

 ------------------------------------------------------------------------------
                           REFRESH ION POSITIONS
  
 Calculating Ion-Ion Energy ...                   complete.     0.000 s
  
 Calculating Ion-Electron Potential (spline) ... 
 complete.     0.000 s

 ------------------------------------------------------------------------------
                           DENSITY OPTIMIZATION
 Electron number for spin            1  is    1.0000000000000262     
 Cell Volume      :            19.049701 Angstrom^3
 Ion number       :                    1
 Electron number  :             1.000000
 Ion density      :             0.052494 Ion/Angstrom^3
 Electron density :             0.052494 Electron/Angstrom^3
##############################################################################
#                               FINAL ENERGIES                       time    #
##############################################################################
# Thomas-Fermi Kin. Energy =   3.101273575020E+00 eV                 0.000 s #
# Von-Weizsacker Kin. Ener =   2.074556305577E-01 eV                 0.000 s #
# Wang-Teter Kinetic Energ =  -6.157021481069E-02 eV                 0.000 s #
#                                                                            #
#     LDA Exch-Corr Energy =  -4.993641132312E+00 eV                 0.000 s #
#         Coulombic Energy =   1.216022709114E-02 eV                 0.000 s #
#      Ion-Electron Energy =   1.974347839385E+00 eV                 0.000 s #
#           Ion-Ion Energy =  -7.786798860308E+00 eV                 0.000 s #
#                                                                            #
#     TOTAL KINETIC ENERGY =   3.247158990767E+00 eV                         #
#   TOTAL POTENTIAL ENERGY =  -1.079393192614E+01 eV                         #
#             TOTAL ENERGY =  -7.546772935377E+00 eV                         #
##############################################################################
  
 ----------------------------- TIME INFORMATION ------------------------------
    PROFESS      :      0.45s WALL    100.00% (       1 calls)     0.45s/call
    InitPROFESS  :      0.02s WALL      3.49% (       1 calls)     0.02s/call
    KEDFRefresh  :      0.00s WALL      0.06% (       1 calls)     0.00s/call
    IonRefresh   :      0.00s WALL      0.22% (       1 calls)     0.00s/call
    EwaldEnergy  :      0.00s WALL      0.11% (       1 calls)     0.00s/call
    Pot_Ion      :      0.00s WALL      0.07% (      84 calls)     0.00s/call
    Pot_Har      :      0.01s WALL      1.78% (      84 calls)     0.00s/call
    Pot_Exc      :      0.04s WALL      7.84% (      84 calls)     0.00s/call
    Pot_KEDF     :      0.16s WALL     35.89% (      84 calls)     0.00s/call
    VWPotSqrPlus :      0.01s WALL      1.64% (      84 calls)     0.00s/call
    NextGradient :      0.00s WALL      0.06% (       6 calls)     0.00s/call
 -----------------------------------------------------------------------------
 ------------------------------- TOTAL ---------------------------------------
    PROFESS      :      0.45s WALL    100.00% (       1 calls)     0.45s/call
 -----------------------------------------------------------------------------

Run completed on: 07/15/2022 at 11:17:25 
  
