 ******************************************************************************
                             WELCOME TO PROFESS                   
            (PRinceton Orbital-Free Electronic Structure Software) 
 ******************************************************************************

 ------------------------------------------------------------------------------
                           READ GEOMETRY
 Cell length (Bohr)    6.398E+00   6.398E+00   6.398E+00
 Angle     (Degree)    6.000E+01   6.000E+01   6.000E+01
 Volume    (Bohr^3)    1.852E+02

 ------------------------------------------------------------------------------
                           READ PSEUDOPOTENTIAL
 Total electron number in ReadPseudo is    8.0000000000000000     
 (System) Machine Precision              :    2.2204460492503131E-016

 ------------------------------------------------------------------------------
                           SETUP FFT
 Global FFT Dimension :    32   32   32
 Dimension of rho for this processor : 
 xmin, xmax :            0          31
 ymin, ymax :            0          31
 zmin, zmax :            0          31
 Total electron number =    8.0000000000000000     
 Uniform rhoR =    4.3196346279993553E-002
 (GB INFO) FFT size      :       32      32      32
 (GB INFO) FFT offset    :        0
 (GB INFO) FFT G size    :       17      32      32
 (GB INFO) FFT G offset  :        0

 ------------------------------------------------------------------------------
                           SETUP KEDF
 kinetic energy density functional number is           11
 ( 1=TF, 2=VW, 3=TF+VW, 4=WT,  5=WGC,  
   7=LQ, 8=HQ, 10=CAT,  11=HC, 12=WGCD,
   15=GGA, 16=WGCD+GGA, 17=EVT, 18=EVC )
 qTable dimension:    17   32   32
 rhoS=   4.3196346279993553E-002
 rho0=   4.3196346279993553E-002
 coefficients for TF KEDF is     1.000000
 coefficients for VW KEDF is     1.000000
 Lambda in HC10 is set to     0.010000
 ALPHA  in HC10 is set to     1.875667
 BETA   in HC10 is set to     0.791000
 Sum of alpha and beta is     2.666667
  dV of each real space grid is now    5.6518813748160472E-003
 Cell length (Bohr)    6.398E+00   6.398E+00   6.398E+00
 Angle     (Degree)    6.000E+01   6.000E+01   6.000E+01
 Volume    (Bohr^3)    1.852E+02

 ------------------------------------------------------------------------------
                           SETUP EWALD 
 (Ewald) eta                             :    1.200    
 (Ewald) Real Space Cutoff               :    6.000     (Bohr)
 (Ewald) Reciprocal Cutoff               :    15.22     (1/Bohr)

 ------------------------------------------------------------------------------
                           SETUP PLANE WAVE 

 ------------------------------------------------------------------------------
                           REFRESH ION POSITIONS
  
 Calculating Ion-Ion Energy ...                   complete.     0.005 s
  
 Calculating Ion-Electron Potential (spline) ... 
 complete.     0.044 s

 ------------------------------------------------------------------------------
                           DENSITY OPTIMIZATION
 Electron number for spin            1  is    7.9999999999960600     
 Cell Volume      :            27.443934 Angstrom^3
 Ion number       :                    2
 Electron number  :             8.000000
 Ion density      :             0.072876 Ion/Angstrom^3
 Electron density :             0.291503 Electron/Angstrom^3
##############################################################################
#                               FINAL ENERGIES                       time    #
##############################################################################
# Thomas-Fermi Kin. Energy =   9.549101974437E+01 eV                 0.000 s #
# Von-Weizsacker Kin. Ener =   2.727230443293E+01 eV                 0.000 s #
#                                                                            #
# GGA(PBE) Exch-Cor Energy =  -7.298430812105E+01 eV                 0.000 s #
#         Coulombic Energy =   1.534071819467E+01 eV                 0.000 s #
#      Ion-Electron Energy =  -1.337976878939E+01 eV                 0.000 s #
#           Ion-Ion Energy =  -2.705757485160E+02 eV                 0.000 s #
#                                                                            #
#     TOTAL KINETIC ENERGY =   1.006453149548E+02 eV                         #
#   TOTAL POTENTIAL ENERGY =  -3.415991072318E+02 eV                         #
#             TOTAL ENERGY =  -2.409537922770E+02 eV                         #
##############################################################################
  
 ----------------------------- TIME INFORMATION ------------------------------
    PROFESS      :   1223.74s WALL    100.00% (       1 calls)  1223.74s/call
    InitPROFESS  :      0.12s WALL      0.01% (       1 calls)     0.12s/call
    KEDFRefresh  :      0.00s WALL      0.00% (       1 calls)     0.00s/call
    IonRefresh   :      0.05s WALL      0.00% (       1 calls)     0.05s/call
    EwaldEnergy  :      0.01s WALL      0.00% (       1 calls)     0.01s/call
    ForwFFT_3D   :    106.78s WALL      8.73% (   36399 calls)     0.00s/call
    BackFFT_3D   :     73.24s WALL      5.99% (   24543 calls)     0.00s/call
    Pot_Ion      :      1.61s WALL      0.13% (     668 calls)     0.00s/call
    Pot_Har      :      6.04s WALL      0.49% (     668 calls)     0.01s/call
    Pot_Exc      :    150.91s WALL     12.33% (     668 calls)     0.23s/call
    PBEPot       :    148.99s WALL     12.18% (     668 calls)     0.22s/call
    Pot_KEDF     :   1050.51s WALL     85.84% (     668 calls)     1.57s/call
    intPot       :   1032.79s WALL     84.40% (     668 calls)     1.55s/call
    MakeXiG      :      8.31s WALL      0.68% (     668 calls)     0.01s/call
    VWPotSqrPlus :      3.99s WALL      0.33% (     668 calls)     0.01s/call
    intPot1      :    297.74s WALL     24.33% (    7262 calls)     0.04s/call
    MakeHC10Kern :     34.60s WALL      2.83% (    7929 calls)     0.00s/call
    intPot2      :    242.66s WALL     19.83% (    7262 calls)     0.03s/call
    intPot3      :    250.75s WALL     20.49% (    7262 calls)     0.03s/call
    intPot4      :    157.79s WALL     12.89% (    7262 calls)     0.02s/call
    NextGradient :      0.52s WALL      0.04% (      53 calls)     0.01s/call
 -----------------------------------------------------------------------------
 ------------------------------- TOTAL ---------------------------------------
    PROFESS      :   1223.74s WALL    100.00% (       1 calls)  1223.74s/call
 -----------------------------------------------------------------------------

Run completed on: 07/31/2024 at 02:40:44 
  
