 ******************************************************************************
                             WELCOME TO PROFESS                   
            (PRinceton Orbital-Free Electronic Structure Software) 
 ******************************************************************************

 ------------------------------------------------------------------------------
                           READ GEOMETRY
 Cell length (Bohr)    4.427E+00   4.427E+00   4.427E+00
 Angle     (Degree)    9.000E+01   9.000E+01   9.000E+01
 Volume    (Bohr^3)    8.677E+01

 ------------------------------------------------------------------------------
                           READ PSEUDOPOTENTIAL
 Total electron number in ReadPseudo is    4.0000000000000000     
 (System) Machine Precision              :    2.2204460492503131E-016

 ------------------------------------------------------------------------------
                           SETUP FFT
 Global FFT Dimension :    24   24   24
 Dimension of rho for this processor : 
 xmin, xmax :            0          23
 ymin, ymax :            0          23
 zmin, zmax :            0          23
 Total electron number =    4.0000000000000000     
 Uniform rhoR =    4.6099891213861217E-002
 (GB INFO) FFT size      :       24      24      24
 (GB INFO) FFT offset    :        0
 (GB INFO) FFT G size    :       13      24      24
 (GB INFO) FFT G offset  :        0

 ------------------------------------------------------------------------------
                           SETUP KEDF
 kinetic energy density functional number is           11
 ( 1=TF, 2=VW, 3=TF+VW, 4=WT,  5=WGC,  
   7=LQ, 8=HQ, 10=CAT,  11=HC, 12=WGCD,
   15=GGA, 16=WGCD+GGA, 17=EVT, 18=EVC )
 qTable dimension:    13   24   24
 rhoS=   4.6099891213861217E-002
 rho0=   4.6099891213861217E-002
 coefficients for TF KEDF is     1.000000
 coefficients for VW KEDF is     1.000000
 Lambda in HC10 is set to     0.003000
 ALPHA  in HC10 is set to     2.016667
 BETA   in HC10 is set to     0.650000
 Sum of alpha and beta is     2.666667
  dV of each real space grid is now    6.2766276499335895E-003
 Cell length (Bohr)    4.427E+00   4.427E+00   4.427E+00
 Angle     (Degree)    9.000E+01   9.000E+01   9.000E+01
 Volume    (Bohr^3)    8.677E+01

 ------------------------------------------------------------------------------
                           SETUP EWALD 
 (Ewald) eta                             :    1.200    
 (Ewald) Real Space Cutoff               :    6.000     (Bohr)
 (Ewald) Reciprocal Cutoff               :    16.32     (1/Bohr)

 ------------------------------------------------------------------------------
                           SETUP PLANE WAVE 

 ------------------------------------------------------------------------------
                           REFRESH ION POSITIONS
  
 Calculating Ion-Ion Energy ...                   complete.     0.003 s
  
 Calculating Ion-Electron Potential (spline) ... 
 complete.     0.003 s

 ------------------------------------------------------------------------------
                           DENSITY OPTIMIZATION
 Electron number for spin            1  is    4.0000000000011058     
 Cell Volume      :            12.857706 Angstrom^3
 Ion number       :                    1
 Electron number  :             4.000000
 Ion density      :             0.077774 Ion/Angstrom^3
 Electron density :             0.311097 Electron/Angstrom^3
##############################################################################
#                               FINAL ENERGIES                       time    #
##############################################################################
# Thomas-Fermi Kin. Energy =   4.262921034932E+01 eV                 0.000 s #
# Von-Weizsacker Kin. Ener =   6.579337509789E+00 eV                 0.000 s #
#                                                                            #
# GGA(PBE) Exch-Cor Energy =  -3.487048154403E+01 eV                 0.000 s #
#         Coulombic Energy =   1.120788403558E+00 eV                 0.000 s #
#      Ion-Electron Energy =   2.004306556338E+01 eV                 0.000 s #
#           Ion-Ion Energy =  -1.395164608518E+02 eV                 0.000 s #
#                                                                            #
#     TOTAL KINETIC ENERGY =   4.522660033573E+01 eV                         #
#   TOTAL POTENTIAL ENERGY =  -1.532230884289E+02 eV                         #
#             TOTAL ENERGY =  -1.079964880932E+02 eV                         #
##############################################################################
  
 ----------------------------- TIME INFORMATION ------------------------------
    PROFESS      :     12.97s WALL    100.00% (       1 calls)    12.97s/call
    InitPROFESS  :      0.03s WALL      0.24% (       1 calls)     0.03s/call
    KEDFRefresh  :      0.00s WALL      0.01% (       1 calls)     0.00s/call
    IonRefresh   :      0.01s WALL      0.05% (       1 calls)     0.01s/call
    EwaldEnergy  :      0.00s WALL      0.02% (       1 calls)     0.00s/call
    ForwFFT_3D   :      1.86s WALL     14.34% (    3690 calls)     0.00s/call
    BackFFT_3D   :      1.13s WALL      8.68% (    2757 calls)     0.00s/call
    Pot_Ion      :      0.02s WALL      0.18% (      96 calls)     0.00s/call
    Pot_Har      :      0.12s WALL      0.94% (      96 calls)     0.00s/call
    Pot_Exc      :      1.71s WALL     13.15% (      96 calls)     0.02s/call
    PBEPot       :      1.56s WALL     12.05% (      96 calls)     0.02s/call
    Pot_KEDF     :     10.78s WALL     83.08% (      96 calls)     0.11s/call
    intPot       :     10.14s WALL     78.21% (      96 calls)     0.11s/call
    MakeXiG      :      0.14s WALL      1.07% (      96 calls)     0.00s/call
    intPot1      :      3.02s WALL     23.27% (     658 calls)     0.00s/call
    MakeHC10Kern :      0.48s WALL      3.71% (     754 calls)     0.00s/call
    intPot2      :      1.90s WALL     14.65% (     658 calls)     0.00s/call
    intPot3      :      2.64s WALL     20.33% (     658 calls)     0.00s/call
    intPot4      :      1.06s WALL      8.19% (     658 calls)     0.00s/call
    VWPotSqrPlus :      0.12s WALL      0.90% (      96 calls)     0.00s/call
    NextGradient :      0.01s WALL      0.04% (       7 calls)     0.00s/call
 -----------------------------------------------------------------------------
 ------------------------------- TOTAL ---------------------------------------
    PROFESS      :     12.97s WALL    100.00% (       1 calls)    12.97s/call
 -----------------------------------------------------------------------------

Run completed on: 07/30/2024 at 17:10:58 
  
