 ******************************************************************************
                             WELCOME TO PROFESS                   
            (PRinceton Orbital-Free Electronic Structure Software) 
 ******************************************************************************

 ------------------------------------------------------------------------------
                           READ GEOMETRY
 Cell length (Bohr)    3.001E+01   3.001E+01   3.001E+01
 Angle     (Degree)    9.000E+01   9.000E+01   9.000E+01
 Volume    (Bohr^3)    2.703E+04

 ------------------------------------------------------------------------------
                           READ PSEUDOPOTENTIAL
 Total electron number in ReadPseudo is    765.00000000000000     
 (System) Machine Precision              :    2.2204460492503131E-016

 ------------------------------------------------------------------------------
                           SETUP FFT
 Global FFT Dimension :    75   75   75
 Rank/Size in Global Communicator     :            0 /           1
 Rank/Size in Global FFT Communicator :            0 /           1
 Parallel FFT, totX    =    75
 Parallel FFT, totY    =    75
 Parallel FFT, locZ    =    75
 Parallel FFT, locZoff =     0
 Dimension of rho for this processor : 
 xmin, xmax :            0          74
 ymin, ymax :            0          74
 zmin, zmax :            0          74
 Total electron number =    765.00000000000000     
 Uniform rhoR =    2.8302457227133752E-002
 (GB INFO) FFT size      :       75      75      75
 (GB INFO) FFT offset    :        0
 (GB INFO) FFT G size    :       38      75      75
 (GB INFO) FFT G offset  :        0

 ------------------------------------------------------------------------------
                           SETUP KEDF
 kinetic energy density functional number is            4
 ( 1=TF, 2=VW, 3=TF+VW, 4=WT,  5=WGC,  
   7=LQ, 8=HQ, 10=CAT,  11=HC, 12=WGCD,
   15=GGA, 16=WGCD+GGA, 17=EVT, 18=EVC )
 qTable dimension:    38   75   75
 Coefficient for TF KEDF is     1.0000
 Coefficient for VW KEDF is     1.0000
 Coefficient for alpha in WT KEDF is     0.8333
 Coefficient for beta  in WT KEDF is     0.8333
 rho0 (Electron/Bohr^3) in WGC KEDF is     0.0283
 hold0 =  F
  dV of each real space grid is now    6.4069819760910321E-002
 Cell length (Bohr)    3.001E+01   3.001E+01   3.001E+01
 Angle     (Degree)    9.000E+01   9.000E+01   9.000E+01
 Volume    (Bohr^3)    2.703E+04

 ------------------------------------------------------------------------------
                           SETUP EWALD 
 (Ewald) eta                             :   0.6391    
 (Ewald) Real Space Cutoff               :    8.455     (Bohr)
 (Ewald) Reciprocal Cutoff               :    7.746     (1/Bohr)

 ------------------------------------------------------------------------------
                           SETUP PLANE WAVE 
 Read in WT kernel.
 kernel file name  : 4PROFESS_KERNEL.dat           
 KEDF type         :     4
 Fermi vector      :   1.182014212099E+00
 Reference density :  -1.000000000000E+00
 Mesh points       :   200002
 Fermi vector in this cell is    1.8855803482780402     
 Fermi vector from kernel file is    1.1820142120987149     
 First qNorm is    0.0000000000000000     
 size of Wang-Teter kernel in this run is           38          75          75
 Max |G| in this calculation is   1.341723796255E+01
 Max eta used from kernel is   7.115707360230E+00

 ------------------------------------------------------------------------------
                           REFRESH ION POSITIONS
  
 Calculating Ion-Ion Energy ...                   complete.     0.049 s
  
 Calculating Ion-Electron Potential (spline) ... 
 complete.     0.037 s

 ------------------------------------------------------------------------------
                           DENSITY OPTIMIZATION
 Electron number for spin            1  is    765.00000000248929     
 Cell Volume      :          4005.351970 Angstrom^3
 Ion number       :                  255
 Electron number  :           765.000000
 Ion density      :             0.063665 Ion/Angstrom^3
 Electron density :             0.190994 Electron/Angstrom^3
##############################################################################
#                               FINAL ENERGIES                       time    #
##############################################################################
# Thomas-Fermi Kin. Energy =   5.654138368482E+03 eV                 0.000 s #
# Von-Weizsacker Kin. Ener =   4.736903523079E+02 eV                 0.000 s #
# Wang-Teter Kinetic Energ =  -1.861218367156E+02 eV                 0.000 s #
#                                                                            #
#     LDA Exch-Corr Energy =  -5.656062796055E+03 eV                 0.000 s #
#         Coulombic Energy =   5.980272930887E+01 eV                 0.000 s #
#      Ion-Electron Energy =   3.896246245034E+03 eV                 0.000 s #
#           Ion-Ion Energy =  -1.901815875220E+04 eV                 0.000 s #
#                                                                            #
#     TOTAL KINETIC ENERGY =   5.941706884074E+03 eV                         #
#   TOTAL POTENTIAL ENERGY =  -2.071817257392E+04 eV                         #
#             TOTAL ENERGY =  -1.477646568984E+04 eV                         #
##############################################################################
  
 ----------------------------- TIME INFORMATION ------------------------------
    PROFESS      :     17.56s WALL    100.00% (       1 calls)    17.56s/call
    InitPROFESS  :      0.37s WALL      2.09% (       1 calls)     0.37s/call
    KEDFRefresh  :      0.24s WALL      1.39% (       1 calls)     0.24s/call
    IonRefresh   :      0.10s WALL      0.55% (       1 calls)     0.10s/call
    EwaldEnergy  :      0.05s WALL      0.28% (       1 calls)     0.05s/call
    Pot_Ion      :      0.04s WALL      0.21% (      67 calls)     0.00s/call
    Pot_Har      :      0.98s WALL      5.56% (      67 calls)     0.01s/call
    Pot_Exc      :      2.62s WALL     14.93% (      67 calls)     0.04s/call
    Pot_KEDF     :     12.65s WALL     72.04% (      67 calls)     0.19s/call
    VWPotSqrPlus :      0.89s WALL      5.06% (      67 calls)     0.01s/call
    NextGradient :      0.05s WALL      0.31% (       8 calls)     0.01s/call
 -----------------------------------------------------------------------------
 ------------------------------- TOTAL ---------------------------------------
    PROFESS      :     17.56s WALL    100.00% (       1 calls)    17.56s/call
 -----------------------------------------------------------------------------

Run completed on: 08/13/2021 at 20:03:51 
  
