 ******************************************************************************
                             WELCOME TO PROFESS                   
            (PRinceton Orbital-Free Electronic Structure Software) 
 ******************************************************************************

 ------------------------------------------------------------------------------
                           READ GEOMETRY
 Cell length (Bohr)    7.340E+00   7.340E+00   1.215E+01
 Angle     (Degree)    9.000E+01   9.000E+01   1.200E+02
 Volume    (Bohr^3)    5.671E+02

 ------------------------------------------------------------------------------
                           READ PSEUDOPOTENTIAL
 Total electron number in ReadPseudo is    16.000000000000000     
 (System) Machine Precision              :    2.2204460492503131E-016

 ------------------------------------------------------------------------------
                           SETUP FFT
 Global FFT Dimension :    36   36   60
 Dimension of rho for this processor : 
 xmin, xmax :            0          35
 ymin, ymax :            0          35
 zmin, zmax :            0          59
 Total electron number =    16.000000000000000     
 Uniform rhoR =    2.8215511049850713E-002
 (GB INFO) FFT size      :       36      36      60
 (GB INFO) FFT offset    :        0
 (GB INFO) FFT G size    :       19      36      60
 (GB INFO) FFT G offset  :        0

 ------------------------------------------------------------------------------
                           SETUP KEDF
 kinetic energy density functional number is           11
 ( 1=TF, 2=VW, 3=TF+VW, 4=WT,  5=WGC,  
   7=LQ, 8=HQ, 10=CAT,  11=HC, 12=WGCD,
   15=GGA, 16=WGCD+GGA, 17=EVT, 18=EVC )
 qTable dimension:    19   36   60
 rhoS=   2.8215511049850713E-002
 rho0=   2.8215511049850713E-002
 coefficients for TF KEDF is     1.000000
 coefficients for VW KEDF is     1.000000
 Lambda in HC10 is set to     0.010000
 ALPHA  in HC10 is set to     2.016667
 BETA   in HC10 is set to     0.650000
 Sum of alpha and beta is     2.666667
  dV of each real space grid is now    7.2924894576211008E-003
 Cell length (Bohr)    7.340E+00   7.340E+00   1.215E+01
 Angle     (Degree)    9.000E+01   9.000E+01   1.200E+02
 Volume    (Bohr^3)    5.671E+02

 ------------------------------------------------------------------------------
                           SETUP EWALD 
 (Ewald) eta                             :    1.200    
 (Ewald) Real Space Cutoff               :    6.000     (Bohr)
 (Ewald) Reciprocal Cutoff               :    14.98     (1/Bohr)

 ------------------------------------------------------------------------------
                           SETUP PLANE WAVE 

 ------------------------------------------------------------------------------
                           REFRESH ION POSITIONS
  
 Calculating Ion-Ion Energy ...                   complete.     0.009 s
  
 Calculating Ion-Electron Potential (spline) ... 
 complete.     0.013 s

 ------------------------------------------------------------------------------
                           DENSITY OPTIMIZATION
 Electron number for spin            1  is    16.000000000017149     
 Cell Volume      :            84.030211 Angstrom^3
 Ion number       :                    4
 Electron number  :            16.000000
 Ion density      :             0.047602 Ion/Angstrom^3
 Electron density :             0.190408 Electron/Angstrom^3
##############################################################################
#                               FINAL ENERGIES                       time    #
##############################################################################
# Thomas-Fermi Kin. Energy =   1.442733451114E+02 eV                 0.000 s #
# Von-Weizsacker Kin. Ener =   4.155099734243E+01 eV                 0.000 s #
#                                                                            #
# GGA(PBE) Exch-Cor Energy =  -1.284982360078E+02 eV                 0.000 s #
#         Coulombic Energy =   2.826125388916E+01 eV                 0.000 s #
#      Ion-Electron Energy =  -3.912049176307E+01 eV                 0.000 s #
#           Ion-Ion Energy =  -4.491978902074E+02 eV                 0.000 s #
#                                                                            #
#     TOTAL KINETIC ENERGY =   1.542978002889E+02 eV                         #
#   TOTAL POTENTIAL ENERGY =  -5.885553640891E+02 eV                         #
#             TOTAL ENERGY =  -4.342575638002E+02 eV                         #
##############################################################################
  
 ----------------------------- TIME INFORMATION ------------------------------
    PROFESS      :    845.40s WALL    100.00% (       1 calls)   845.40s/call
    InitPROFESS  :      0.05s WALL      0.01% (       1 calls)     0.05s/call
    KEDFRefresh  :      0.00s WALL      0.00% (       1 calls)     0.00s/call
    IonRefresh   :      0.03s WALL      0.00% (       1 calls)     0.03s/call
    EwaldEnergy  :      0.01s WALL      0.00% (       1 calls)     0.01s/call
    ForwFFT_3D   :    147.58s WALL     17.46% (   47088 calls)     0.00s/call
    BackFFT_3D   :     71.50s WALL      8.46% (   30249 calls)     0.00s/call
    Pot_Ion      :      0.65s WALL      0.08% (     706 calls)     0.00s/call
    Pot_Har      :      4.35s WALL      0.51% (     706 calls)     0.01s/call
    Pot_Exc      :     80.17s WALL      9.48% (     706 calls)     0.11s/call
    PBEPot       :     79.45s WALL      9.40% (     706 calls)     0.11s/call
    Pot_KEDF     :    751.90s WALL     88.94% (     706 calls)     1.07s/call
    intPot       :    740.98s WALL     87.65% (     706 calls)     1.05s/call
    MakeXiG      :      4.04s WALL      0.48% (     706 calls)     0.01s/call
    VWPotSqrPlus :      3.74s WALL      0.44% (     706 calls)     0.01s/call
    intPot1      :    212.81s WALL     25.17% (    9830 calls)     0.02s/call
    MakeHC10Kern :     23.20s WALL      2.74% (   10535 calls)     0.00s/call
    intPot2      :    153.85s WALL     18.20% (    9830 calls)     0.02s/call
    intPot3      :    227.83s WALL     26.95% (    9830 calls)     0.02s/call
    intPot4      :     98.22s WALL     11.62% (    9830 calls)     0.01s/call
    NextGradient :      0.42s WALL      0.05% (      65 calls)     0.01s/call
 -----------------------------------------------------------------------------
 ------------------------------- TOTAL ---------------------------------------
    PROFESS      :    845.40s WALL    100.00% (       1 calls)   845.40s/call
 -----------------------------------------------------------------------------

Run completed on: 07/30/2024 at 18:14:07 
  
