 ******************************************************************************
                             WELCOME TO PROFESS                   
            (PRinceton Orbital-Free Electronic Structure Software) 
 ******************************************************************************

 ------------------------------------------------------------------------------
                           READ GEOMETRY
 Cell length (Bohr)    7.755E+00   7.755E+00   1.284E+01
 Angle     (Degree)    9.000E+01   9.000E+01   1.200E+02
 Volume    (Bohr^3)    6.690E+02

 ------------------------------------------------------------------------------
                           READ PSEUDOPOTENTIAL
 Total electron number in ReadPseudo is    16.000000000000000     
 (System) Machine Precision              :    2.2204460492503131E-016

 ------------------------------------------------------------------------------
                           SETUP FFT
 Global FFT Dimension :    40   40   63
 Dimension of rho for this processor : 
 xmin, xmax :            0          39
 ymin, ymax :            0          39
 zmin, zmax :            0          62
 Total electron number =    16.000000000000000     
 Uniform rhoR =    2.3917816309045704E-002
 (GB INFO) FFT size      :       40      40      63
 (GB INFO) FFT offset    :        0
 (GB INFO) FFT G size    :       21      40      63
 (GB INFO) FFT G offset  :        0

 ------------------------------------------------------------------------------
                           SETUP KEDF
 kinetic energy density functional number is            5
 ( 1=TF, 2=VW, 3=TF+VW, 4=WT,  5=WGC,  
   7=LQ, 8=HQ, 10=CAT,  11=HC, 12=WGCD,
   15=GGA, 16=WGCD+GGA, 17=EVT, 18=EVC )
 qTable dimension:    21   40   63
 Coefficient for TF KEDF is     1.0000
 Coefficient for VW KEDF is     1.0000
 Coefficient for alpha in WGC KEDF is     1.2060
 Coefficient for beta  in WGC KEDF is     0.4607
 Coefficient for gamma in WGC KEDF is     4.2000
 rho0 (Electron/Bohr^3) in WGC KEDF is     0.0239
 rhoS (Electron/Bohr^3) in WGC KEDF is     0.0239
 hold0 =  F
 holdS =  F
  dV of each real space grid is now    6.6364820550163300E-003
 Cell length (Bohr)    7.755E+00   7.755E+00   1.284E+01
 Angle     (Degree)    9.000E+01   9.000E+01   1.200E+02
 Volume    (Bohr^3)    6.690E+02

 ------------------------------------------------------------------------------
                           SETUP EWALD 
 (Ewald) eta                             :    1.200    
 (Ewald) Real Space Cutoff               :    6.000     (Bohr)
 (Ewald) Reciprocal Cutoff               :    15.17     (1/Bohr)

 ------------------------------------------------------------------------------
                           SETUP PLANE WAVE 

 ------------------------------------------------------------------------------
                           INITIALIZING WGC KERNEL
 Fermi vector :   0.89134844002739644     
 Reference density :    2.3917816309045704E-002
 Make WGC kernels.
 Dimension of KEDF Kernel :           21          40          63

 ------------------------------------------------------------------------------
                           REFRESH ION POSITIONS
  
 Calculating Ion-Ion Energy ...                   complete.     0.015 s
  
 Calculating Ion-Electron Potential (spline) ... 
 complete.     0.025 s

 ------------------------------------------------------------------------------
                           DENSITY OPTIMIZATION
 Electron number for spin            1  is    15.999999999996657     
 Cell Volume      :            99.129257 Angstrom^3
 Ion number       :                    4
 Electron number  :            16.000000
 Ion density      :             0.040351 Ion/Angstrom^3
 Electron density :             0.161405 Electron/Angstrom^3
  
 ----------------------------- TIME INFORMATION ------------------------------
    PROFESS      :     37.28s WALL    100.00% (       1 calls)    37.28s/call
    InitPROFESS  :      0.11s WALL      0.29% (       1 calls)     0.11s/call
    KEDFRefresh  :      0.05s WALL      0.12% (       1 calls)     0.05s/call
    IonRefresh   :      0.05s WALL      0.12% (       1 calls)     0.05s/call
    EwaldEnergy  :      0.01s WALL      0.04% (       1 calls)     0.01s/call
    ForwFFT_3D   :      6.94s WALL     18.62% (    2294 calls)     0.00s/call
    BackFFT_3D   :      5.33s WALL     14.29% (    2293 calls)     0.00s/call
    Pot_Ion      :      0.10s WALL      0.27% (     191 calls)     0.00s/call
    Pot_Har      :      1.14s WALL      3.07% (     191 calls)     0.01s/call
    Pot_Exc      :     20.98s WALL     56.29% (     191 calls)     0.11s/call
    PBEPot       :     20.10s WALL     53.92% (     191 calls)     0.11s/call
    Pot_KEDF     :     13.37s WALL     35.88% (     191 calls)     0.07s/call
    WGCPotPlus   :     10.68s WALL     28.65% (     191 calls)     0.06s/call
    VWPotSqrPlus :      0.91s WALL      2.45% (     191 calls)     0.00s/call
    NextGradient :      0.02s WALL      0.05% (       8 calls)     0.00s/call
 -----------------------------------------------------------------------------
