 ******************************************************************************
                             WELCOME TO PROFESS                   
            (PRinceton Orbital-Free Electronic Structure Software) 
 ******************************************************************************

 ------------------------------------------------------------------------------
                           READ GEOMETRY
 Cell length (Bohr)    6.101E+01   6.101E+01   6.101E+01
 Angle     (Degree)    9.000E+01   9.000E+01   9.000E+01
 Volume    (Bohr^3)    2.270E+05

 ------------------------------------------------------------------------------
                           READ PSEUDOPOTENTIAL
 Total electron number in ReadPseudo is    6912.0000000000000     
 (System) Machine Precision              :    2.2204460492503131E-016

 ------------------------------------------------------------------------------
                           SETUP FFT
 Global FFT Dimension :   168  168  168
 Rank/Size in Global Communicator     :            0 /           1
 Rank/Size in Global FFT Communicator :            0 /           1
 Parallel FFT, totX    =   168
 Parallel FFT, totY    =   168
 Parallel FFT, locZ    =   168
 Parallel FFT, locZoff =     0
 Dimension of rho for this processor : 
 xmin, xmax :            0         167
 ymin, ymax :            0         167
 zmin, zmax :            0         167
 Total electron number =    6912.0000000000000     
 Uniform rhoR =    3.0443138491541386E-002
 (GB INFO) FFT size      :      168     168     168
 (GB INFO) FFT offset    :        0
 (GB INFO) FFT G size    :       85     168     168
 (GB INFO) FFT G offset  :        0

 ------------------------------------------------------------------------------
                           SETUP KEDF
 kinetic energy density functional number is            4
 ( 1=TF, 2=VW, 3=TF+VW, 4=WT,  5=WGC,  
   7=LQ, 8=HQ, 10=CAT,  11=HC, 12=WGCD,
   15=GGA, 16=WGCD+GGA, 17=EVT, 18=EVC )
 qTable dimension:    85  168  168
 Coefficient for TF KEDF is     1.0000
 Coefficient for VW KEDF is     1.0000
 Coefficient for alpha in WT KEDF is     0.8333
 Coefficient for beta  in WT KEDF is     0.8333
 rho0 (Electron/Bohr^3) in WGC KEDF is     0.0304
 hold0 =  F
  dV of each real space grid is now    4.7883563251104828E-002
 Cell length (Bohr)    6.101E+01   6.101E+01   6.101E+01
 Angle     (Degree)    9.000E+01   9.000E+01   9.000E+01
 Volume    (Bohr^3)    2.270E+05

 ------------------------------------------------------------------------------
                           SETUP EWALD 
 (Ewald) eta                             :   0.6708    
 (Ewald) Real Space Cutoff               :    8.344     (Bohr)
 (Ewald) Reciprocal Cutoff               :    8.600     (1/Bohr)

 ------------------------------------------------------------------------------
                           SETUP PLANE WAVE 
 Read in WT kernel.
 kernel file name  : 7PROFESS_KERNEL.dat           
 KEDF type         :     4
 Fermi vector      :   1.182014212099E+00
 Reference density :  -1.000000000000E+00
 Mesh points       :   200002
 Fermi vector in this cell is    1.9319689256799406     
 Fermi vector from kernel file is    1.1820142120987149     
 First qNorm is    0.0000000000000000     
 size of Wang-Teter kernel in this run is           85         168         168
 Max |G| in this calculation is   1.498471013724E+01
 Max eta used from kernel is   7.756185898264E+00

 ------------------------------------------------------------------------------
                           REFRESH ION POSITIONS
  
 Calculating Ion-Ion Energy ...                   complete.     1.067 s
  
 Calculating Ion-Electron Potential (spline) ... 
 complete.     0.584 s

 ------------------------------------------------------------------------------
                           DENSITY OPTIMIZATION
 Electron number for spin            1  is    6911.9999997801151     
 Cell Volume      :         33644.780503 Angstrom^3
 Ion number       :                 1728
 Electron number  :          6912.000000
 Ion density      :             0.051360 Ion/Angstrom^3
 Electron density :             0.205440 Electron/Angstrom^3
##############################################################################
#                               FINAL ENERGIES                       time    #
##############################################################################
# Thomas-Fermi Kin. Energy =   6.652009057938E+04 eV                 0.000 s #
# Von-Weizsacker Kin. Ener =   2.035133687883E+04 eV                 0.000 s #
# Wang-Teter Kinetic Energ =  -1.599012263940E+04 eV                 0.000 s #
#                                                                            #
#     LDA Exch-Corr Energy =  -5.667002585867E+04 eV                 0.000 s #
#         Coulombic Energy =   1.235962585271E+04 eV                 0.000 s #
#      Ion-Electron Energy =  -1.663595356547E+04 eV                 0.000 s #
#           Ion-Ion Energy =  -1.992942899733E+05 eV                 0.000 s #
#                                                                            #
#     TOTAL KINETIC ENERGY =   7.088130481881E+04 eV                         #
#   TOTAL POTENTIAL ENERGY =  -2.602406435447E+05 eV                         #
#             TOTAL ENERGY =  -1.893593387259E+05 eV                         #
##############################################################################
  
 ----------------------------- TIME INFORMATION ------------------------------
    PROFESS      :    323.39s WALL    100.00% (       1 calls)   323.39s/call
    InitPROFESS  :      2.62s WALL      0.81% (       1 calls)     2.62s/call
    KEDFRefresh  :      0.69s WALL      0.21% (       1 calls)     0.69s/call
    IonRefresh   :      1.87s WALL      0.58% (       1 calls)     1.87s/call
    EwaldEnergy  :      1.07s WALL      0.33% (       1 calls)     1.07s/call
    Pot_Ion      :      0.83s WALL      0.26% (      96 calls)     0.01s/call
    Pot_Har      :     25.05s WALL      7.75% (      96 calls)     0.26s/call
    Pot_Exc      :     42.34s WALL     13.09% (      96 calls)     0.44s/call
    Pot_KEDF     :    236.65s WALL     73.18% (      96 calls)     2.47s/call
    VWPotSqrPlus :     24.80s WALL      7.67% (      96 calls)     0.26s/call
    NextGradient :      0.79s WALL      0.25% (       9 calls)     0.09s/call
 -----------------------------------------------------------------------------
 ------------------------------- TOTAL ---------------------------------------
    PROFESS      :    323.39s WALL    100.00% (       1 calls)   323.39s/call
 -----------------------------------------------------------------------------

Run completed on: 11/28/2022 at 20:00:49 
  
