 ******************************************************************************
                             WELCOME TO PROFESS                   
            (PRinceton Orbital-Free Electronic Structure Software) 
 ******************************************************************************

 ------------------------------------------------------------------------------
                           READ GEOMETRY
 Cell length (Bohr)    5.871E+00   5.871E+00   9.577E+00
 Angle     (Degree)    9.000E+01   9.000E+01   1.200E+02
 Volume    (Bohr^3)    2.859E+02

 ------------------------------------------------------------------------------
                           READ PSEUDOPOTENTIAL
 Total electron number in ReadPseudo is    4.0000000000000000     
 (System) Machine Precision              :    2.2204460492503131E-016

 ------------------------------------------------------------------------------
                           SETUP FFT
 Global FFT Dimension :    15   15   24
 Rank/Size in Global Communicator     :            0 /           1
 Rank/Size in Global FFT Communicator :            0 /           1
 Parallel FFT, totX    =    15
 Parallel FFT, totY    =    15
 Parallel FFT, locZ    =    24
 Parallel FFT, locZoff =     0
 Dimension of rho for this processor : 
 xmin, xmax :            0          14
 ymin, ymax :            0          14
 zmin, zmax :            0          23
 Total electron number =    4.0000000000000000     
 Uniform rhoR =    1.3990997886421257E-002
 (GB INFO) FFT size      :       15      15      24
 (GB INFO) FFT offset    :        0
 (GB INFO) FFT G size    :        8      15      24
 (GB INFO) FFT G offset  :        0

 ------------------------------------------------------------------------------
                           SETUP KEDF
 kinetic energy density functional number is            4
 ( 1=TF, 2=VW, 3=TF+VW, 4=WT,  5=WGC,  
   7=LQ, 8=HQ, 10=CAT,  11=HC, 12=WGCD,
   15=GGA, 16=WGCD+GGA, 17=EVT, 18=EVC )
 qTable dimension:     8   15   24
 Coefficient for TF KEDF is     1.0000
 Coefficient for VW KEDF is     1.0000
 Coefficient for alpha in WT KEDF is     0.8333
 Coefficient for beta  in WT KEDF is     0.8333
 rho0 (Electron/Bohr^3) in WGC KEDF is     0.0140
 hold0 =  F
  dV of each real space grid is now    5.2944096393557100E-002
 Cell length (Bohr)    5.871E+00   5.871E+00   9.577E+00
 Angle     (Degree)    9.000E+01   9.000E+01   1.200E+02
 Volume    (Bohr^3)    2.859E+02

 ------------------------------------------------------------------------------
                           SETUP EWALD 
 (Ewald) eta                             :   0.7343    
 (Ewald) Real Space Cutoff               :    6.540     (Bohr)
 (Ewald) Reciprocal Cutoff               :    7.491     (1/Bohr)

 ------------------------------------------------------------------------------
                           SETUP PLANE WAVE 
 Read in WT kernel.
 kernel file name  : PROFESS_KERNEL.dat            
 KEDF type         :     4
 Fermi vector      :   1.182014212099E+00
 Reference density :  -1.000000000000E+00
 Mesh points       :    20001
 Fermi vector in this cell is    1.4909161735657732     
 Fermi vector from kernel file is    1.1820142120987149     
 First qNorm is    0.0000000000000000     
 size of Wang-Teter kernel in this run is            8          15          24
 Max |G| in this calculation is   1.692502276249E+01
 Max eta used from kernel is   1.135209548503E+01

 ------------------------------------------------------------------------------
                           REFRESH ION POSITIONS
  
 Calculating Ion-Ion Energy ...                   complete.     0.000 s
  
 Calculating Ion-Electron Potential (spline) ... 
 complete.     0.000 s

 ------------------------------------------------------------------------------
                           DENSITY OPTIMIZATION
 Electron number for spin            1  is    4.0000000000004006     
 Cell Volume      :            42.365730 Angstrom^3
 Ion number       :                    2
 Electron number  :             4.000000
 Ion density      :             0.047208 Ion/Angstrom^3
 Electron density :             0.094416 Electron/Angstrom^3
##############################################################################
#                               FINAL ENERGIES                       time    #
##############################################################################
# Thomas-Fermi Kin. Energy =   1.848569919603E+01 eV                 0.000 s #
# Von-Weizsacker Kin. Ener =   1.859438736058E+00 eV                 0.000 s #
# Wang-Teter Kinetic Energ =  -6.170214291738E-01 eV                 0.000 s #
#                                                                            #
#     LDA Exch-Corr Energy =  -2.390688095876E+01 eV                 0.000 s #
#         Coulombic Energy =   1.246243662469E-01 eV                 0.000 s #
#      Ion-Electron Energy =   1.492386019336E+01 eV                 0.000 s #
#           Ion-Ion Energy =  -6.012276749174E+01 eV                 0.000 s #
#                                                                            #
#     TOTAL KINETIC ENERGY =   1.972811650292E+01 eV                         #
#   TOTAL POTENTIAL ENERGY =  -6.898116389090E+01 eV                         #
#             TOTAL ENERGY =  -4.925304738798E+01 eV                         #
##############################################################################
  
 ----------------------------- TIME INFORMATION ------------------------------
    PROFESS      :      0.49s WALL    100.00% (       1 calls)     0.49s/call
    InitPROFESS  :      0.05s WALL     10.94% (       1 calls)     0.05s/call
    KEDFRefresh  :      0.03s WALL      6.44% (       1 calls)     0.03s/call
    IonRefresh   :      0.00s WALL      0.23% (       1 calls)     0.00s/call
    EwaldEnergy  :      0.00s WALL      0.10% (       1 calls)     0.00s/call
    Pot_Ion      :      0.00s WALL      0.09% (      70 calls)     0.00s/call
    Pot_Har      :      0.01s WALL      2.62% (      70 calls)     0.00s/call
    Pot_Exc      :      0.05s WALL     10.05% (      70 calls)     0.00s/call
    Pot_KEDF     :      0.24s WALL     48.37% (      70 calls)     0.00s/call
    VWPotSqrPlus :      0.01s WALL      2.42% (      70 calls)     0.00s/call
    NextGradient :      0.00s WALL      0.09% (       6 calls)     0.00s/call
 -----------------------------------------------------------------------------
 ------------------------------- TOTAL ---------------------------------------
    PROFESS      :      0.49s WALL    100.00% (       1 calls)     0.49s/call
 -----------------------------------------------------------------------------

Run completed on: 08/19/2021 at 16:12:59 
  
