 ******************************************************************************
                             WELCOME TO PROFESS                   
            (PRinceton Orbital-Free Electronic Structure Software) 
 ******************************************************************************

 ------------------------------------------------------------------------------
                           READ GEOMETRY
 Cell length (Bohr)    8.192E+00   8.192E+00   1.344E+01
 Angle     (Degree)    9.000E+01   9.000E+01   1.200E+02
 Volume    (Bohr^3)    7.812E+02

 ------------------------------------------------------------------------------
                           READ PSEUDOPOTENTIAL
 Total electron number in ReadPseudo is    16.000000000000000     
 (System) Machine Precision              :    2.2204460492503131E-016

 ------------------------------------------------------------------------------
                           SETUP FFT
 Global FFT Dimension :    40   40   70
 Dimension of rho for this processor : 
 xmin, xmax :            0          39
 ymin, ymax :            0          39
 zmin, zmax :            0          69
 Total electron number =    16.000000000000000     
 Uniform rhoR =    2.0481359246131491E-002
 (GB INFO) FFT size      :       40      40      70
 (GB INFO) FFT offset    :        0
 (GB INFO) FFT G size    :       21      40      70
 (GB INFO) FFT G offset  :        0

 ------------------------------------------------------------------------------
                           SETUP KEDF
 kinetic energy density functional number is            5
 ( 1=TF, 2=VW, 3=TF+VW, 4=WT,  5=WGC,  
   7=LQ, 8=HQ, 10=CAT,  11=HC, 12=WGCD,
   15=GGA, 16=WGCD+GGA, 17=EVT, 18=EVC )
 qTable dimension:    21   40   70
 Coefficient for TF KEDF is     1.0000
 Coefficient for VW KEDF is     1.0000
 Coefficient for alpha in WGC KEDF is     1.2060
 Coefficient for beta  in WGC KEDF is     0.4607
 Coefficient for gamma in WGC KEDF is     4.2000
 rho0 (Electron/Bohr^3) in WGC KEDF is     0.0205
 rhoS (Electron/Bohr^3) in WGC KEDF is     0.0205
 hold0 =  F
 holdS =  F
  dV of each real space grid is now    6.9749835028222375E-003
 Cell length (Bohr)    8.192E+00   8.192E+00   1.344E+01
 Angle     (Degree)    9.000E+01   9.000E+01   1.200E+02
 Volume    (Bohr^3)    7.812E+02

 ------------------------------------------------------------------------------
                           SETUP EWALD 
 (Ewald) eta                             :    1.200    
 (Ewald) Real Space Cutoff               :    6.000     (Bohr)
 (Ewald) Reciprocal Cutoff               :    14.96     (1/Bohr)

 ------------------------------------------------------------------------------
                           SETUP PLANE WAVE 

 ------------------------------------------------------------------------------
                           INITIALIZING WGC KERNEL
 Fermi vector :   0.84643430879370030     
 Reference density :    2.0481359246131491E-002
 Make WGC kernels.
 Dimension of KEDF Kernel :           21          40          70

 ------------------------------------------------------------------------------
                           REFRESH ION POSITIONS
  
 Calculating Ion-Ion Energy ...                   complete.     0.018 s
  
 Calculating Ion-Electron Potential (spline) ... 
 complete.     0.041 s

 ------------------------------------------------------------------------------
                           DENSITY OPTIMIZATION
 Electron number for spin            1  is    16.000000000000838     
 Cell Volume      :           115.761621 Angstrom^3
 Ion number       :                    4
 Electron number  :            16.000000
 Ion density      :             0.034554 Ion/Angstrom^3
 Electron density :             0.138215 Electron/Angstrom^3
  
 ----------------------------- TIME INFORMATION ------------------------------
    PROFESS      :     18.08s WALL    100.00% (       1 calls)    18.08s/call
    InitPROFESS  :      0.14s WALL      0.79% (       1 calls)     0.14s/call
    KEDFRefresh  :      0.05s WALL      0.26% (       1 calls)     0.05s/call
    IonRefresh   :      0.07s WALL      0.37% (       1 calls)     0.07s/call
    EwaldEnergy  :      0.02s WALL      0.10% (       1 calls)     0.02s/call
    ForwFFT_3D   :      3.29s WALL     18.19% (     591 calls)     0.01s/call
    BackFFT_3D   :      2.36s WALL     13.05% (     589 calls)     0.00s/call
    Pot_Ion      :      0.05s WALL      0.26% (      49 calls)     0.00s/call
    Pot_Har      :      0.52s WALL      2.89% (      49 calls)     0.01s/call
    Pot_Exc      :     10.47s WALL     57.92% (      49 calls)     0.21s/call
    PBEPot       :     10.07s WALL     55.71% (      49 calls)     0.21s/call
    Pot_KEDF     :      6.20s WALL     34.27% (      49 calls)     0.13s/call
    WGCPotPlus   :      4.91s WALL     27.17% (      49 calls)     0.10s/call
    VWPotSqrPlus :      0.43s WALL      2.40% (      49 calls)     0.01s/call
    NextGradient :      0.06s WALL      0.32% (       6 calls)     0.01s/call
 -----------------------------------------------------------------------------
