 ******************************************************************************
                             WELCOME TO PROFESS                   
            (PRinceton Orbital-Free Electronic Structure Software) 
 ******************************************************************************

 ------------------------------------------------------------------------------
                           READ GEOMETRY
 Cell length (Bohr)    7.447E+00   7.447E+00   1.222E+01
 Angle     (Degree)    9.000E+01   9.000E+01   1.200E+02
 Volume    (Bohr^3)    5.870E+02

 ------------------------------------------------------------------------------
                           READ PSEUDOPOTENTIAL
 Total electron number in ReadPseudo is    16.000000000000000     
 (System) Machine Precision              :    2.2204460492503131E-016

 ------------------------------------------------------------------------------
                           SETUP FFT
 Global FFT Dimension :    40   40   60
 Dimension of rho for this processor : 
 xmin, xmax :            0          39
 ymin, ymax :            0          39
 zmin, zmax :            0          59
 Total electron number =    16.000000000000000     
 Uniform rhoR =    2.7254998452570064E-002
 (GB INFO) FFT size      :       40      40      60
 (GB INFO) FFT offset    :        0
 (GB INFO) FFT G size    :       21      40      60
 (GB INFO) FFT G offset  :        0

 ------------------------------------------------------------------------------
                           SETUP KEDF
 kinetic energy density functional number is            5
 ( 1=TF, 2=VW, 3=TF+VW, 4=WT,  5=WGC,  
   7=LQ, 8=HQ, 10=CAT,  11=HC, 12=WGCD,
   15=GGA, 16=WGCD+GGA, 17=EVT, 18=EVC )
 qTable dimension:    21   40   60
 Coefficient for TF KEDF is     1.0000
 Coefficient for VW KEDF is     1.0000
 Coefficient for alpha in WGC KEDF is     1.2060
 Coefficient for beta  in WGC KEDF is     0.4607
 Coefficient for gamma in WGC KEDF is     4.2000
 rho0 (Electron/Bohr^3) in WGC KEDF is     0.0273
 rhoS (Electron/Bohr^3) in WGC KEDF is     0.0273
 hold0 =  F
 holdS =  F
  dV of each real space grid is now    6.1150862641472835E-003
 Cell length (Bohr)    7.447E+00   7.447E+00   1.222E+01
 Angle     (Degree)    9.000E+01   9.000E+01   1.200E+02
 Volume    (Bohr^3)    5.870E+02

 ------------------------------------------------------------------------------
                           SETUP EWALD 
 (Ewald) eta                             :    1.200    
 (Ewald) Real Space Cutoff               :    6.000     (Bohr)
 (Ewald) Reciprocal Cutoff               :    15.16     (1/Bohr)

 ------------------------------------------------------------------------------
                           SETUP PLANE WAVE 

 ------------------------------------------------------------------------------
                           INITIALIZING WGC KERNEL
 Fermi vector :   0.93101294727124306     
 Reference density :    2.7254998452570064E-002
 Make WGC kernels.
 Dimension of KEDF Kernel :           21          40          60

 ------------------------------------------------------------------------------
                           REFRESH ION POSITIONS
  
 Calculating Ion-Ion Energy ...                   complete.     0.011 s
  
 Calculating Ion-Electron Potential (spline) ... 
 complete.     0.023 s

 ------------------------------------------------------------------------------
                           DENSITY OPTIMIZATION
 Electron number for spin            1  is    15.999999999963190     
 Cell Volume      :            86.991579 Angstrom^3
 Ion number       :                    4
 Electron number  :            16.000000
 Ion density      :             0.045981 Ion/Angstrom^3
 Electron density :             0.183926 Electron/Angstrom^3
  
 ----------------------------- TIME INFORMATION ------------------------------
    PROFESS      :     27.37s WALL    100.00% (       1 calls)    27.37s/call
    InitPROFESS  :      0.13s WALL      0.47% (       1 calls)     0.13s/call
    KEDFRefresh  :      0.05s WALL      0.16% (       1 calls)     0.05s/call
    IonRefresh   :      0.04s WALL      0.13% (       1 calls)     0.04s/call
    EwaldEnergy  :      0.01s WALL      0.04% (       1 calls)     0.01s/call
    ForwFFT_3D   :      5.10s WALL     18.64% (    1227 calls)     0.00s/call
    BackFFT_3D   :      3.54s WALL     12.95% (    1225 calls)     0.00s/call
    Pot_Ion      :      0.08s WALL      0.30% (     102 calls)     0.00s/call
    Pot_Har      :      0.89s WALL      3.24% (     102 calls)     0.01s/call
    Pot_Exc      :     15.02s WALL     54.88% (     102 calls)     0.15s/call
    PBEPot       :     14.37s WALL     52.50% (     102 calls)     0.14s/call
    Pot_KEDF     :      9.96s WALL     36.40% (     102 calls)     0.10s/call
    WGCPotPlus   :      8.01s WALL     29.26% (     102 calls)     0.08s/call
    VWPotSqrPlus :      0.60s WALL      2.18% (     102 calls)     0.01s/call
    NextGradient :      0.04s WALL      0.15% (       8 calls)     0.01s/call
 -----------------------------------------------------------------------------
