 ******************************************************************************
                             WELCOME TO PROFESS                   
            (PRinceton Orbital-Free Electronic Structure Software) 
 ******************************************************************************

 ------------------------------------------------------------------------------
                           READ GEOMETRY
 Cell length (Bohr)    5.741E+00   5.741E+00   5.741E+00
 Angle     (Degree)    1.095E+02   1.095E+02   1.095E+02
 Volume    (Bohr^3)    1.456E+02

 ------------------------------------------------------------------------------
                           READ PSEUDOPOTENTIAL
 Total electron number in ReadPseudo is    2.0000000000000000     
 (System) Machine Precision              :    2.2204460492503131E-016

 ------------------------------------------------------------------------------
                           SETUP FFT
 Global FFT Dimension :    15   15   15
 Rank/Size in Global Communicator     :            0 /           1
 Rank/Size in Global FFT Communicator :            0 /           1
 Parallel FFT, totX    =    15
 Parallel FFT, totY    =    15
 Parallel FFT, locZ    =    15
 Parallel FFT, locZoff =     0
 Dimension of rho for this processor : 
 xmin, xmax :            0          14
 ymin, ymax :            0          14
 zmin, zmax :            0          14
 Total electron number =    2.0000000000000000     
 Uniform rhoR =    1.3733379242716032E-002
 (GB INFO) FFT size      :       15      15      15
 (GB INFO) FFT offset    :        0
 (GB INFO) FFT G size    :        8      15      15
 (GB INFO) FFT G offset  :        0

 ------------------------------------------------------------------------------
                           SETUP KEDF
 kinetic energy density functional number is            4
 ( 1=TF, 2=VW, 3=TF+VW, 4=WT,  5=WGC,  
   7=LQ, 8=HQ, 10=CAT,  11=HC, 12=WGCD,
   15=GGA, 16=WGCD+GGA, 17=EVT, 18=EVC )
 qTable dimension:     8   15   15
 Coefficient for TF KEDF is     1.0000
 Coefficient for VW KEDF is     1.0000
 Coefficient for alpha in WT KEDF is     0.8333
 Coefficient for beta  in WT KEDF is     0.8333
 rho0 (Electron/Bohr^3) in WGC KEDF is     0.0137
 hold0 =  F
  dV of each real space grid is now    4.3149801816395217E-002
 Cell length (Bohr)    5.741E+00   5.741E+00   5.741E+00
 Angle     (Degree)    1.095E+02   1.095E+02   1.095E+02
 Volume    (Bohr^3)    1.456E+02

 ------------------------------------------------------------------------------
                           SETUP EWALD 
 (Ewald) eta                             :   0.7661    
 (Ewald) Real Space Cutoff               :    6.164     (Bohr)
 (Ewald) Reciprocal Cutoff               :    7.662     (1/Bohr)

 ------------------------------------------------------------------------------
                           SETUP PLANE WAVE 
 Read in WT kernel.
 kernel file name  : 4PROFESS_KERNEL.dat           
 KEDF type         :     4
 Fermi vector      :   1.182014212099E+00
 Reference density :  -1.000000000000E+00
 Mesh points       :   200002
 Fermi vector in this cell is    1.4817085948554181     
 Fermi vector from kernel file is    1.1820142120987149     
 First qNorm is    0.0000000000000000     
 size of Wang-Teter kernel in this run is            8          15          15
 Max |G| in this calculation is   2.298481461751E+01
 Max eta used from kernel is   1.551237179653E+01

 ------------------------------------------------------------------------------
                           REFRESH ION POSITIONS
  
 Calculating Ion-Ion Energy ...                   complete.     0.000 s
  
 Calculating Ion-Electron Potential (spline) ... 
 complete.     0.000 s

 ------------------------------------------------------------------------------
                           DENSITY OPTIMIZATION
 Electron number for spin            1  is    1.9999999999999529     
 Cell Volume      :            21.580225 Angstrom^3
 Ion number       :                    1
 Electron number  :             2.000000
 Ion density      :             0.046339 Ion/Angstrom^3
 Electron density :             0.092677 Electron/Angstrom^3
  
 Calculating Ion-Ion Forces ...                complete.     0.000 s
  
 Calculating Ion-Electron Forces (spline) ...  complete.     0.000 s
  
 Calculating Ion-Electron Stress (spline) ...  complete.     0.000 s
  
 Calculating Ion-Ion Stress ...                complete.     0.000 s
  
 ------------------------------------------------------------------------------
                         LATTICE VECTORS (Angstrom)
 LAT 1          -1.753875        1.753875        1.753875
 LAT 2           1.753875       -1.753875        1.753875
 LAT 3           1.753875        1.753875       -1.753875
 ------------------------------------------------------------------------------
                                STRESS (GPa)
 ST_GPa 1        0.329538       -0.000000        0.000000
 ST_GPa 2       -0.000000        0.329538       -0.000000
 ST_GPa 3        0.000000       -0.000000        0.329538
  
 --------------------------------------------------
 STRESS (a.u.)
 --------------------------------------------------
 ST_AU  1   1.1200757613E-05  -3.3026793542E-12   9.7465452495E-14
 ST_AU  2  -3.3026793542E-12   1.1200773333E-05  -1.6086863537E-11
 ST_AU  3   9.7465452495E-14  -1.6086863537E-11   1.1200756800E-05
; Cell optimization at step  1, max(stress):  0.1120E-04, total energy: -0.90494257    ;
  dV of each real space grid is now    4.3034545182414480E-002
 Cell length (Bohr)    5.737E+00   5.737E+00   5.737E+00
 Angle     (Degree)    1.095E+02   1.095E+02   1.095E+02
 Volume    (Bohr^3)    1.452E+02
  dV of each real space grid is now    4.3034545182414480E-002
 Cell length (Bohr)    5.737E+00   5.737E+00   5.737E+00
 Angle     (Degree)    1.095E+02   1.095E+02   1.095E+02
 Volume    (Bohr^3)    1.452E+02

 ------------------------------------------------------------------------------
                           SETUP EWALD 
 (Ewald) eta                             :   0.7714    
 (Ewald) Real Space Cutoff               :    6.116     (Bohr)
 (Ewald) Reciprocal Cutoff               :    7.666     (1/Bohr)

 ------------------------------------------------------------------------------
                           SETUP PLANE WAVE 
 Read in WT kernel.
 kernel file name  : 4PROFESS_KERNEL.dat           
 KEDF type         :     4
 Fermi vector      :   1.182014212099E+00
 Reference density :  -1.000000000000E+00
 Mesh points       :   200002
 Fermi vector in this cell is    1.4830302037381227     
 Fermi vector from kernel file is    1.1820142120987149     
 First qNorm is    0.0000000000000000     
 size of Wang-Teter kernel in this run is            8          15          15
 Max |G| in this calculation is   2.302584460933E+01
 Max eta used from kernel is   1.552621420069E+01

 ------------------------------------------------------------------------------
                           REFRESH ION POSITIONS
  
 Calculating Ion-Ion Energy ...                   complete.     0.000 s
  
 Calculating Ion-Electron Potential (spline) ... 
 complete.     0.000 s
 Rescale the total density from   0.085839 to          2

 ------------------------------------------------------------------------------
                           DENSITY OPTIMIZATION
 Electron number for spin            1  is    2.0000000000000044     
 Cell Volume      :            21.522583 Angstrom^3
 Ion number       :                    1
 Electron number  :             2.000000
 Ion density      :             0.046463 Ion/Angstrom^3
 Electron density :             0.092926 Electron/Angstrom^3
  
 Calculating Ion-Ion Forces ...                complete.     0.000 s
  
 Calculating Ion-Electron Forces (spline) ...  complete.     0.000 s
  
 Calculating Ion-Electron Stress (spline) ...  complete.     0.000 s
  
 Calculating Ion-Ion Stress ...                complete.     0.000 s
  
 ------------------------------------------------------------------------------
                         LATTICE VECTORS (Angstrom)
 LAT 1          -1.753875        1.752312        1.752312
 LAT 2           1.752312       -1.753875        1.752312
 LAT 3           1.752312        1.752312       -1.753875
 ------------------------------------------------------------------------------
                                STRESS (GPa)
 ST_GPa 1        0.230553       -0.026474       -0.026473
 ST_GPa 2       -0.026474        0.230553       -0.026474
 ST_GPa 3       -0.026473       -0.026474        0.230553
  
 --------------------------------------------------
 STRESS (a.u.)
 --------------------------------------------------
 ST_AU  1   7.8363249223E-06  -8.9981909335E-07  -8.9981467011E-07
 ST_AU  2  -8.9981909335E-07   7.8363421817E-06  -8.9982924790E-07
 ST_AU  3  -8.9981467011E-07  -8.9982924790E-07   7.8363235639E-06
; Cell optimization at step  2, max(stress):  0.7836E-05, total energy: -0.90494606    ;
  dV of each real space grid is now    4.2949132645733662E-002
 Cell length (Bohr)    5.734E+00   5.734E+00   5.734E+00
 Angle     (Degree)    1.095E+02   1.095E+02   1.095E+02
 Volume    (Bohr^3)    1.450E+02
  dV of each real space grid is now    4.2949132645733662E-002
 Cell length (Bohr)    5.734E+00   5.734E+00   5.734E+00
 Angle     (Degree)    1.095E+02   1.095E+02   1.095E+02
 Volume    (Bohr^3)    1.450E+02

 ------------------------------------------------------------------------------
                           SETUP EWALD 
 (Ewald) eta                             :   0.7714    
 (Ewald) Real Space Cutoff               :    6.116     (Bohr)
 (Ewald) Reciprocal Cutoff               :    7.670     (1/Bohr)

 ------------------------------------------------------------------------------
                           SETUP PLANE WAVE 
 Read in WT kernel.
 kernel file name  : 4PROFESS_KERNEL.dat           
 KEDF type         :     4
 Fermi vector      :   1.182014212099E+00
 Reference density :  -1.000000000000E+00
 Mesh points       :   200002
 Fermi vector in this cell is    1.4840126488446628     
 Fermi vector from kernel file is    1.1820142120987149     
 First qNorm is    0.0000000000000000     
 size of Wang-Teter kernel in this run is            8          15          15
 Max |G| in this calculation is   2.305243490119E+01
 Max eta used from kernel is   1.553385337998E+01

 ------------------------------------------------------------------------------
                           REFRESH ION POSITIONS
  
 Calculating Ion-Ion Energy ...                   complete.     0.000 s
  
 Calculating Ion-Electron Potential (spline) ... 
 complete.     0.000 s
 Rescale the total density from   0.085728 to          2

 ------------------------------------------------------------------------------
                           DENSITY OPTIMIZATION
 Electron number for spin            1  is    1.9999999999999998     
 Cell Volume      :            21.479866 Angstrom^3
 Ion number       :                    1
 Electron number  :             2.000000
 Ion density      :             0.046555 Ion/Angstrom^3
 Electron density :             0.093110 Electron/Angstrom^3
  
 Calculating Ion-Ion Forces ...                complete.     0.000 s
  
 Calculating Ion-Electron Forces (spline) ...  complete.     0.000 s
  
 Calculating Ion-Electron Stress (spline) ...  complete.     0.000 s
  
 Calculating Ion-Ion Stress ...                complete.     0.000 s
  
 ------------------------------------------------------------------------------
                         LATTICE VECTORS (Angstrom)
 LAT 1          -1.753575        1.751153        1.751153
 LAT 2           1.751153       -1.753575        1.751153
 LAT 3           1.751153        1.751153       -1.753575
 ------------------------------------------------------------------------------
                                STRESS (GPa)
 ST_GPa 1        0.160000       -0.040919       -0.040919
 ST_GPa 2       -0.040919        0.160001       -0.040919
 ST_GPa 3       -0.040919       -0.040919        0.160000
  
 --------------------------------------------------
 STRESS (a.u.)
 --------------------------------------------------
 ST_AU  1   5.4382976524E-06  -1.3908112836E-06  -1.3908061050E-06
 ST_AU  2  -1.3908112836E-06   5.4383170700E-06  -1.3908185998E-06
 ST_AU  3  -1.3908061050E-06  -1.3908185998E-06   5.4382963341E-06
; Cell optimization at step  3, max(stress):  0.5438E-05, total energy: -0.90494772    ;
  dV of each real space grid is now    4.2889490831683454E-002
 Cell length (Bohr)    5.732E+00   5.732E+00   5.732E+00
 Angle     (Degree)    1.095E+02   1.095E+02   1.095E+02
 Volume    (Bohr^3)    1.448E+02
  dV of each real space grid is now    4.2889490831683454E-002
 Cell length (Bohr)    5.732E+00   5.732E+00   5.732E+00
 Angle     (Degree)    1.095E+02   1.095E+02   1.095E+02
 Volume    (Bohr^3)    1.448E+02

 ------------------------------------------------------------------------------
                           SETUP EWALD 
 (Ewald) eta                             :   0.7714    
 (Ewald) Real Space Cutoff               :    6.122     (Bohr)
 (Ewald) Reciprocal Cutoff               :    7.673     (1/Bohr)

 ------------------------------------------------------------------------------
                           SETUP PLANE WAVE 
 Read in WT kernel.
 kernel file name  : 4PROFESS_KERNEL.dat           
 KEDF type         :     4
 Fermi vector      :   1.182014212099E+00
 Reference density :  -1.000000000000E+00
 Mesh points       :   200002
 Fermi vector in this cell is    1.4847002159669580     
 Fermi vector from kernel file is    1.1820142120987149     
 First qNorm is    0.0000000000000000     
 size of Wang-Teter kernel in this run is            8          15          15
 Max |G| in this calculation is   2.306649049406E+01
 Max eta used from kernel is   1.553612658367E+01

 ------------------------------------------------------------------------------
                           REFRESH ION POSITIONS
  
 Calculating Ion-Ion Energy ...                   complete.     0.000 s
  
 Calculating Ion-Electron Potential (spline) ... 
 complete.     0.000 s
 Rescale the total density from   0.085660 to          2

 ------------------------------------------------------------------------------
                           DENSITY OPTIMIZATION
 Electron number for spin            1  is    2.0000000000000022     
 Cell Volume      :            21.450038 Angstrom^3
 Ion number       :                    1
 Electron number  :             2.000000
 Ion density      :             0.046620 Ion/Angstrom^3
 Electron density :             0.093240 Electron/Angstrom^3
  
 Calculating Ion-Ion Forces ...                complete.     0.000 s
  
 Calculating Ion-Electron Forces (spline) ...  complete.     0.000 s
  
 Calculating Ion-Electron Stress (spline) ...  complete.     0.001 s
  
 Calculating Ion-Ion Stress ...                complete.     0.000 s
  
 ------------------------------------------------------------------------------
                         LATTICE VECTORS (Angstrom)
 LAT 1          -1.753019        1.750342        1.750342
 LAT 2           1.750342       -1.753019        1.750342
 LAT 3           1.750342        1.750342       -1.753019
 ------------------------------------------------------------------------------
                                STRESS (GPa)
 ST_GPa 1        0.110389       -0.045413       -0.045413
 ST_GPa 2       -0.045413        0.110390       -0.045414
 ST_GPa 3       -0.045413       -0.045414        0.110389
  
 --------------------------------------------------
 STRESS (a.u.)
 --------------------------------------------------
 ST_AU  1   3.7520456423E-06  -1.5435734795E-06  -1.5435676596E-06
 ST_AU  2  -1.5435734795E-06   3.7520660583E-06  -1.5435816637E-06
 ST_AU  3  -1.5435676596E-06  -1.5435816637E-06   3.7520441182E-06
; Cell optimization at step  4, max(stress):  0.3752E-05, total energy: -0.90494854    ;
  dV of each real space grid is now    4.2850545833926425E-002
 Cell length (Bohr)    5.730E+00   5.730E+00   5.730E+00
 Angle     (Degree)    1.095E+02   1.095E+02   1.095E+02
 Volume    (Bohr^3)    1.446E+02
  dV of each real space grid is now    4.2850545833926425E-002
 Cell length (Bohr)    5.730E+00   5.730E+00   5.730E+00
 Angle     (Degree)    1.095E+02   1.095E+02   1.095E+02
 Volume    (Bohr^3)    1.446E+02

 ------------------------------------------------------------------------------
                           SETUP EWALD 
 (Ewald) eta                             :   0.7714    
 (Ewald) Real Space Cutoff               :    6.122     (Bohr)
 (Ewald) Reciprocal Cutoff               :    7.676     (1/Bohr)

 ------------------------------------------------------------------------------
                           SETUP PLANE WAVE 
 Read in WT kernel.
 kernel file name  : 4PROFESS_KERNEL.dat           
 KEDF type         :     4
 Fermi vector      :   1.182014212099E+00
 Reference density :  -1.000000000000E+00
 Mesh points       :   200002
 Fermi vector in this cell is    1.4851498729246606     
 Fermi vector from kernel file is    1.1820142120987149     
 First qNorm is    0.0000000000000000     
 size of Wang-Teter kernel in this run is            8          15          15
 Max |G| in this calculation is   2.307071188115E+01
 Max eta used from kernel is   1.553426512822E+01

 ------------------------------------------------------------------------------
                           REFRESH ION POSITIONS
  
 Calculating Ion-Ion Energy ...                   complete.     0.000 s
  
 Calculating Ion-Electron Potential (spline) ... 
 complete.     0.000 s
 Rescale the total density from   0.085623 to          2

 ------------------------------------------------------------------------------
                           DENSITY OPTIMIZATION
 Electron number for spin            1  is    2.0000000000000031     
 Cell Volume      :            21.430560 Angstrom^3
 Ion number       :                    1
 Electron number  :             2.000000
 Ion density      :             0.046662 Ion/Angstrom^3
 Electron density :             0.093325 Electron/Angstrom^3
  
 Calculating Ion-Ion Forces ...                complete.     0.000 s
  
 Calculating Ion-Electron Forces (spline) ...  complete.     0.000 s
  
 Calculating Ion-Electron Stress (spline) ...  complete.     0.000 s
  
 Calculating Ion-Ion Stress ...                complete.     0.000 s
  
 ------------------------------------------------------------------------------
                         LATTICE VECTORS (Angstrom)
 LAT 1          -1.752279        1.749812        1.749812
 LAT 2           1.749812       -1.752279        1.749812
 LAT 3           1.749812        1.749812       -1.752279
 ------------------------------------------------------------------------------
                                STRESS (GPa)
 ST_GPa 1        0.077842       -0.041941       -0.041941
 ST_GPa 2       -0.041941        0.077843       -0.041942
 ST_GPa 3       -0.041941       -0.041942        0.077842
  
 --------------------------------------------------
 STRESS (a.u.)
 --------------------------------------------------
 ST_AU  1   2.6458013059E-06  -1.4255602681E-06  -1.4255540302E-06
 ST_AU  2  -1.4255602681E-06   2.6458230673E-06  -1.4255678106E-06
 ST_AU  3  -1.4255540302E-06  -1.4255678106E-06   2.6458003845E-06
; Cell optimization at step  5, max(stress):  0.2646E-05, total energy: -0.90494904    ;
  dV of each real space grid is now    4.2824783533928663E-002
 Cell length (Bohr)    5.728E+00   5.728E+00   5.728E+00
 Angle     (Degree)    1.095E+02   1.095E+02   1.095E+02
 Volume    (Bohr^3)    1.445E+02
  dV of each real space grid is now    4.2824783533928663E-002
 Cell length (Bohr)    5.728E+00   5.728E+00   5.728E+00
 Angle     (Degree)    1.095E+02   1.095E+02   1.095E+02
 Volume    (Bohr^3)    1.445E+02

 ------------------------------------------------------------------------------
                           SETUP EWALD 
 (Ewald) eta                             :   0.7714    
 (Ewald) Real Space Cutoff               :    6.122     (Bohr)
 (Ewald) Reciprocal Cutoff               :    7.678     (1/Bohr)

 ------------------------------------------------------------------------------
                           SETUP PLANE WAVE 
 Read in WT kernel.
 kernel file name  : 4PROFESS_KERNEL.dat           
 KEDF type         :     4
 Fermi vector      :   1.182014212099E+00
 Reference density :  -1.000000000000E+00
 Mesh points       :   200002
 Fermi vector in this cell is    1.4854476226832332     
 Fermi vector from kernel file is    1.1820142120987149     
 First qNorm is    0.0000000000000000     
 size of Wang-Teter kernel in this run is            8          15          15
 Max |G| in this calculation is   2.306914862688E+01
 Max eta used from kernel is   1.553009899144E+01

 ------------------------------------------------------------------------------
                           REFRESH ION POSITIONS
  
 Calculating Ion-Ion Energy ...                   complete.     0.000 s
  
 Calculating Ion-Electron Potential (spline) ... 
 complete.     0.000 s
 Rescale the total density from   0.085598 to          2

 ------------------------------------------------------------------------------
                           DENSITY OPTIMIZATION
 Electron number for spin            1  is    2.0000000000000027     
 Cell Volume      :            21.417676 Angstrom^3
 Ion number       :                    1
 Electron number  :             2.000000
 Ion density      :             0.046690 Ion/Angstrom^3
 Electron density :             0.093381 Electron/Angstrom^3
  
 Calculating Ion-Ion Forces ...                complete.     0.000 s
  
 Calculating Ion-Electron Forces (spline) ...  complete.     0.000 s
  
 Calculating Ion-Electron Stress (spline) ...  complete.     0.000 s
  
 Calculating Ion-Ion Stress ...                complete.     0.000 s
  
 ------------------------------------------------------------------------------
                         LATTICE VECTORS (Angstrom)
 LAT 1          -1.751459        1.749461        1.749461
 LAT 2           1.749461       -1.751459        1.749461
 LAT 3           1.749461        1.749461       -1.751459
 ------------------------------------------------------------------------------
                                STRESS (GPa)
 ST_GPa 1        0.056241       -0.033897       -0.033896
 ST_GPa 2       -0.033897        0.056242       -0.033897
 ST_GPa 3       -0.033896       -0.033897        0.056241
  
 --------------------------------------------------
 STRESS (a.u.)
 --------------------------------------------------
 ST_AU  1   1.9115882569E-06  -1.1521208094E-06  -1.1521140029E-06
 ST_AU  2  -1.1521208094E-06   1.9116110181E-06  -1.1521270529E-06
 ST_AU  3  -1.1521140029E-06  -1.1521270529E-06   1.9115869102E-06
; Cell optimization at step  6, max(stress):  0.1912E-05, total energy: -0.90494940    ;
  dV of each real space grid is now    4.2805564007139564E-002
 Cell length (Bohr)    5.727E+00   5.727E+00   5.727E+00
 Angle     (Degree)    1.095E+02   1.095E+02   1.095E+02
 Volume    (Bohr^3)    1.445E+02
  dV of each real space grid is now    4.2805564007139564E-002
 Cell length (Bohr)    5.727E+00   5.727E+00   5.727E+00
 Angle     (Degree)    1.095E+02   1.095E+02   1.095E+02
 Volume    (Bohr^3)    1.445E+02

 ------------------------------------------------------------------------------
                           SETUP EWALD 
 (Ewald) eta                             :   0.7714    
 (Ewald) Real Space Cutoff               :    6.122     (Bohr)
 (Ewald) Reciprocal Cutoff               :    7.680     (1/Bohr)

 ------------------------------------------------------------------------------
                           SETUP PLANE WAVE 
 Read in WT kernel.
 kernel file name  : 4PROFESS_KERNEL.dat           
 KEDF type         :     4
 Fermi vector      :   1.182014212099E+00
 Reference density :  -1.000000000000E+00
 Mesh points       :   200002
 Fermi vector in this cell is    1.4856699094288948     
 Fermi vector from kernel file is    1.1820142120987149     
 First qNorm is    0.0000000000000000     
 size of Wang-Teter kernel in this run is            8          15          15
 Max |G| in this calculation is   2.306556430018E+01
 Max eta used from kernel is   1.552536276988E+01

 ------------------------------------------------------------------------------
                           REFRESH ION POSITIONS
  
 Calculating Ion-Ion Energy ...                   complete.     0.000 s
  
 Calculating Ion-Electron Potential (spline) ... 
 complete.     0.000 s
 Rescale the total density from   0.085573 to          2

 ------------------------------------------------------------------------------
                           DENSITY OPTIMIZATION
 Electron number for spin            1  is    2.0000000000000036     
 Cell Volume      :            21.408064 Angstrom^3
 Ion number       :                    1
 Electron number  :             2.000000
 Ion density      :             0.046711 Ion/Angstrom^3
 Electron density :             0.093423 Electron/Angstrom^3
  
 Calculating Ion-Ion Forces ...                complete.     0.000 s
  
 Calculating Ion-Electron Forces (spline) ...  complete.     0.000 s
  
 Calculating Ion-Electron Stress (spline) ...  complete.     0.000 s
  
 Calculating Ion-Ion Stress ...                complete.     0.000 s
  
 ------------------------------------------------------------------------------
                         LATTICE VECTORS (Angstrom)
 LAT 1          -1.750663        1.749199        1.749199
 LAT 2           1.749199       -1.750663        1.749199
 LAT 3           1.749199        1.749199       -1.750663
 ------------------------------------------------------------------------------
                                STRESS (GPa)
 ST_GPa 1        0.040073       -0.024776       -0.024776
 ST_GPa 2       -0.024776        0.040073       -0.024777
 ST_GPa 3       -0.024776       -0.024777        0.040073
  
 --------------------------------------------------
 STRESS (a.u.)
 --------------------------------------------------
 ST_AU  1   1.3620412719E-06  -8.4213195002E-07  -8.4212463316E-07
 ST_AU  2  -8.4213195002E-07   1.3620652891E-06  -8.4213688105E-07
 ST_AU  3  -8.4212463316E-07  -8.4213688105E-07   1.3620398827E-06
; Cell optimization at step  7, max(stress):  0.1362E-05, total energy: -0.90494965    ;
  dV of each real space grid is now    4.2789777298127420E-002
 Cell length (Bohr)    5.726E+00   5.726E+00   5.726E+00
 Angle     (Degree)    1.095E+02   1.095E+02   1.095E+02
 Volume    (Bohr^3)    1.444E+02
  dV of each real space grid is now    4.2789777298127420E-002
 Cell length (Bohr)    5.726E+00   5.726E+00   5.726E+00
 Angle     (Degree)    1.095E+02   1.095E+02   1.095E+02
 Volume    (Bohr^3)    1.444E+02

 ------------------------------------------------------------------------------
                           SETUP EWALD 
 (Ewald) eta                             :   0.7714    
 (Ewald) Real Space Cutoff               :    6.122     (Bohr)
 (Ewald) Reciprocal Cutoff               :    7.682     (1/Bohr)

 ------------------------------------------------------------------------------
                           SETUP PLANE WAVE 
 Read in WT kernel.
 kernel file name  : 4PROFESS_KERNEL.dat           
 KEDF type         :     4
 Fermi vector      :   1.182014212099E+00
 Reference density :  -1.000000000000E+00
 Mesh points       :   200002
 Fermi vector in this cell is    1.4858525928975070     
 Fermi vector from kernel file is    1.1820142120987149     
 First qNorm is    0.0000000000000000     
 size of Wang-Teter kernel in this run is            8          15          15
 Max |G| in this calculation is   2.306203787052E+01
 Max eta used from kernel is   1.552108061106E+01

 ------------------------------------------------------------------------------
                           REFRESH ION POSITIONS
  
 Calculating Ion-Ion Energy ...                   complete.     0.000 s
  
 Calculating Ion-Electron Potential (spline) ... 
 complete.     0.000 s
 Rescale the total density from   0.085548 to          2

 ------------------------------------------------------------------------------
                           DENSITY OPTIMIZATION
 Electron number for spin            1  is    1.9999999999999984     
 Cell Volume      :            21.400169 Angstrom^3
 Ion number       :                    1
 Electron number  :             2.000000
 Ion density      :             0.046729 Ion/Angstrom^3
 Electron density :             0.093457 Electron/Angstrom^3
  
 Calculating Ion-Ion Forces ...                complete.     0.000 s
  
 Calculating Ion-Electron Forces (spline) ...  complete.     0.000 s
  
 Calculating Ion-Electron Stress (spline) ...  complete.     0.000 s
  
 Calculating Ion-Ion Stress ...                complete.     0.000 s
  
 ------------------------------------------------------------------------------
                         LATTICE VECTORS (Angstrom)
 LAT 1          -1.749965        1.748984        1.748984
 LAT 2           1.748984       -1.749965        1.748984
 LAT 3           1.748984        1.748984       -1.749965
 ------------------------------------------------------------------------------
                                STRESS (GPa)
 ST_GPa 1        0.026874       -0.016642       -0.016642
 ST_GPa 2       -0.016642        0.026874       -0.016642
 ST_GPa 3       -0.016642       -0.016642        0.026874
  
 --------------------------------------------------
 STRESS (a.u.)
 --------------------------------------------------
 ST_AU  1   9.1341978291E-07  -5.6566290034E-07  -5.6565504393E-07
 ST_AU  2  -5.6566290034E-07   9.1344505121E-07  -5.6566525042E-07
 ST_AU  3  -5.6565504393E-07  -5.6566525042E-07   9.1341830651E-07
; Cell optimization at step  8, max(stress):  0.9134E-06, total energy: -0.90494980    ;
  dV of each real space grid is now    4.2777104401397648E-002
 Cell length (Bohr)    5.725E+00   5.725E+00   5.725E+00
 Angle     (Degree)    1.095E+02   1.095E+02   1.095E+02
 Volume    (Bohr^3)    1.444E+02
  dV of each real space grid is now    4.2777104401397648E-002
 Cell length (Bohr)    5.725E+00   5.725E+00   5.725E+00
 Angle     (Degree)    1.095E+02   1.095E+02   1.095E+02
 Volume    (Bohr^3)    1.444E+02

 ------------------------------------------------------------------------------
                           SETUP EWALD 
 (Ewald) eta                             :   0.7714    
 (Ewald) Real Space Cutoff               :    6.122     (Bohr)
 (Ewald) Reciprocal Cutoff               :    7.683     (1/Bohr)

 ------------------------------------------------------------------------------
                           SETUP PLANE WAVE 
 Read in WT kernel.
 kernel file name  : 4PROFESS_KERNEL.dat           
 KEDF type         :     4
 Fermi vector      :   1.182014212099E+00
 Reference density :  -1.000000000000E+00
 Mesh points       :   200002
 Fermi vector in this cell is    1.4859993084325305     
 Fermi vector from kernel file is    1.1820142120987149     
 First qNorm is    0.0000000000000000     
 size of Wang-Teter kernel in this run is            8          15          15
 Max |G| in this calculation is   2.305917848973E+01
 Max eta used from kernel is   1.551762397121E+01

 ------------------------------------------------------------------------------
                           REFRESH ION POSITIONS
  
 Calculating Ion-Ion Energy ...                   complete.     0.000 s
  
 Calculating Ion-Electron Potential (spline) ... 
 complete.     0.000 s
 Rescale the total density from   0.085529 to          2

 ------------------------------------------------------------------------------
                           DENSITY OPTIMIZATION
 Electron number for spin            1  is    1.9999999999999938     
 Cell Volume      :            21.393831 Angstrom^3
 Ion number       :                    1
 Electron number  :             2.000000
 Ion density      :             0.046742 Ion/Angstrom^3
 Electron density :             0.093485 Electron/Angstrom^3
  
 Calculating Ion-Ion Forces ...                complete.     0.000 s
  
 Calculating Ion-Electron Forces (spline) ...  complete.     0.000 s
  
 Calculating Ion-Electron Stress (spline) ...  complete.     0.000 s
  
 Calculating Ion-Ion Stress ...                complete.     0.000 s
  
 ------------------------------------------------------------------------------
                         LATTICE VECTORS (Angstrom)
 LAT 1          -1.749403        1.748811        1.748811
 LAT 2           1.748811       -1.749403        1.748811
 LAT 3           1.748811        1.748811       -1.749403
 ------------------------------------------------------------------------------
                                STRESS (GPa)
 ST_GPa 1        0.016193       -0.010034       -0.010034
 ST_GPa 2       -0.010034        0.016193       -0.010034
 ST_GPa 3       -0.010034       -0.010034        0.016192
  
 --------------------------------------------------
 STRESS (a.u.)
 --------------------------------------------------
 ST_AU  1   5.5037207491E-07  -3.4104814484E-07  -3.4103977663E-07
 ST_AU  2  -3.4104814484E-07   5.5039898880E-07  -3.4105013650E-07
 ST_AU  3  -3.4103977663E-07  -3.4105013650E-07   5.5037049163E-07
; Cell optimization at step  9, max(stress):  0.5504E-06, total energy: -0.90494988    ;
  dV of each real space grid is now    4.2767949518295476E-002
 Cell length (Bohr)    5.724E+00   5.724E+00   5.724E+00
 Angle     (Degree)    1.095E+02   1.095E+02   1.095E+02
 Volume    (Bohr^3)    1.443E+02
  dV of each real space grid is now    4.2767949518295476E-002
 Cell length (Bohr)    5.724E+00   5.724E+00   5.724E+00
 Angle     (Degree)    1.095E+02   1.095E+02   1.095E+02
 Volume    (Bohr^3)    1.443E+02

 ------------------------------------------------------------------------------
                           SETUP EWALD 
 (Ewald) eta                             :   0.7714    
 (Ewald) Real Space Cutoff               :    6.122     (Bohr)
 (Ewald) Reciprocal Cutoff               :    7.684     (1/Bohr)

 ------------------------------------------------------------------------------
                           SETUP PLANE WAVE 
 Read in WT kernel.
 kernel file name  : 4PROFESS_KERNEL.dat           
 KEDF type         :     4
 Fermi vector      :   1.182014212099E+00
 Reference density :  -1.000000000000E+00
 Mesh points       :   200002
 Fermi vector in this cell is    1.4861053315918382     
 Fermi vector from kernel file is    1.1820142120987149     
 First qNorm is    0.0000000000000000     
 size of Wang-Teter kernel in this run is            8          15          15
 Max |G| in this calculation is   2.305710569871E+01
 Max eta used from kernel is   1.551512211723E+01

 ------------------------------------------------------------------------------
                           REFRESH ION POSITIONS
  
 Calculating Ion-Ion Energy ...                   complete.     0.000 s
  
 Calculating Ion-Electron Potential (spline) ... 
 complete.     0.000 s
 Rescale the total density from   0.085518 to          2

 ------------------------------------------------------------------------------
                           DENSITY OPTIMIZATION
 Electron number for spin            1  is    2.0000000000000027     
 Cell Volume      :            21.389252 Angstrom^3
 Ion number       :                    1
 Electron number  :             2.000000
 Ion density      :             0.046752 Ion/Angstrom^3
 Electron density :             0.093505 Electron/Angstrom^3
  
 Calculating Ion-Ion Forces ...                complete.     0.000 s
  
 Calculating Ion-Electron Forces (spline) ...  complete.     0.000 s
  
 Calculating Ion-Electron Stress (spline) ...  complete.     0.000 s
  
 Calculating Ion-Ion Stress ...                complete.     0.000 s
  
 ------------------------------------------------------------------------------
                         LATTICE VECTORS (Angstrom)
 LAT 1          -1.748996        1.748686        1.748686
 LAT 2           1.748686       -1.748996        1.748686
 LAT 3           1.748686        1.748686       -1.748996
 ------------------------------------------------------------------------------
                                STRESS (GPa)
 ST_GPa 1        0.008452       -0.005243       -0.005243
 ST_GPa 2       -0.005243        0.008452       -0.005243
 ST_GPa 3       -0.005243       -0.005243        0.008452
  
 --------------------------------------------------
 STRESS (a.u.)
 --------------------------------------------------
 ST_AU  1   2.8726449175E-07  -1.7819850078E-07  -1.7818949510E-07
 ST_AU  2  -1.7819850078E-07   2.8729316908E-07  -1.7819929012E-07
 ST_AU  3  -1.7818949510E-07  -1.7819929012E-07   2.8726266668E-07
; Cell optimization at step 10, max(stress):  0.2873E-06, total energy: -0.90494991    ;
##############################################################################
#                               FINAL ENERGIES                       time    #
##############################################################################
# Thomas-Fermi Kin. Energy =   9.176097358672E+00 eV                 0.000 s #
# Von-Weizsacker Kin. Ener =   8.982441334359E-01 eV                 0.000 s #
# Wang-Teter Kinetic Energ =  -3.132044282055E-01 eV                 0.000 s #
#                                                                            #
#     LDA Exch-Corr Energy =  -1.191558432659E+01 eV                 0.000 s #
#         Coulombic Energy =   6.033440757849E-02 eV                 0.000 s #
#      Ion-Electron Energy =   7.436624254971E+00 eV                 0.000 s #
#           Ion-Ion Energy =  -2.996745039427E+01 eV                 0.000 s #
#                                                                            #
#     TOTAL KINETIC ENERGY =   9.761137063902E+00 eV                         #
#   TOTAL POTENTIAL ENERGY =  -3.438607605831E+01 eV                         #
#             TOTAL ENERGY =  -2.462493899441E+01 eV                         #
##############################################################################
  
 ----------------------------- TIME INFORMATION ------------------------------
    PROFESS      :      2.97s WALL    100.00% (       1 calls)     2.97s/call
    InitPROFESS  :      0.21s WALL      7.15% (       1 calls)     0.21s/call
    KEDFRefresh  :      1.86s WALL     62.63% (      10 calls)     0.19s/call
    IonRefresh   :      0.01s WALL      0.20% (      10 calls)     0.00s/call
    EwaldEnergy  :      0.00s WALL      0.09% (      10 calls)     0.00s/call
    Pot_Ion      :      0.00s WALL      0.04% (     588 calls)     0.00s/call
    Pot_Har      :      0.03s WALL      0.95% (     588 calls)     0.00s/call
    Pot_Exc      :      0.17s WALL      5.62% (     588 calls)     0.00s/call
    Pot_KEDF     :      0.72s WALL     24.06% (     588 calls)     0.00s/call
    VWPotSqrPlus :      0.03s WALL      0.88% (     588 calls)     0.00s/call
    NextGradient :      0.00s WALL      0.03% (      33 calls)     0.00s/call
    CalForce     :      0.00s WALL      0.16% (      10 calls)     0.00s/call
    EwaldForces  :      0.00s WALL      0.09% (      10 calls)     0.00s/call
    CalStress    :      0.02s WALL      0.83% (      10 calls)     0.00s/call
    EwaldStress  :      0.00s WALL      0.05% (      10 calls)     0.00s/call
 -----------------------------------------------------------------------------
 ------------------------------- TOTAL ---------------------------------------
    PROFESS      :      2.97s WALL    100.00% (       1 calls)     2.97s/call
 -----------------------------------------------------------------------------

Run completed on: 08/19/2021 at 15:54:56 
  
