 ******************************************************************************
                             WELCOME TO PROFESS                   
            (PRinceton Orbital-Free Electronic Structure Software) 
 ******************************************************************************

 ------------------------------------------------------------------------------
                           READ GEOMETRY
 Cell length (Bohr)    5.615E+00   5.615E+00   5.615E+00
 Angle     (Degree)    1.095E+02   1.095E+02   1.095E+02
 Volume    (Bohr^3)    1.363E+02

 ------------------------------------------------------------------------------
                           READ PSEUDOPOTENTIAL
 Total electron number in ReadPseudo is    1.0000000000000000     
 (System) Machine Precision              :    2.2204460492503131E-016

 ------------------------------------------------------------------------------
                           SETUP FFT
 Global FFT Dimension :    15   15   15
 Rank/Size in Global Communicator     :            0 /           1
 Rank/Size in Global FFT Communicator :            0 /           1
 Parallel FFT, totX    =    15
 Parallel FFT, totY    =    15
 Parallel FFT, locZ    =    15
 Parallel FFT, locZoff =     0
 Dimension of rho for this processor : 
 xmin, xmax :            0          14
 ymin, ymax :            0          14
 zmin, zmax :            0          14
 Total electron number =    1.0000000000000000     
 Uniform rhoR =    7.3362398902790931E-003
 (GB INFO) FFT size      :       15      15      15
 (GB INFO) FFT offset    :        0
 (GB INFO) FFT G size    :        8      15      15
 (GB INFO) FFT G offset  :        0

 ------------------------------------------------------------------------------
                           SETUP KEDF
 kinetic energy density functional number is            4
 ( 1=TF, 2=VW, 3=TF+VW, 4=WT,  5=WGC,  
   7=LQ, 8=HQ, 10=CAT,  11=HC, 12=WGCD,
   15=GGA, 16=WGCD+GGA, 17=EVT, 18=EVC )
 qTable dimension:     8   15   15
 Coefficient for TF KEDF is     1.0000
 Coefficient for VW KEDF is     1.0000
 Coefficient for alpha in WT KEDF is     0.8333
 Coefficient for beta  in WT KEDF is     0.8333
 rho0 (Electron/Bohr^3) in WGC KEDF is     0.0073
 hold0 =  F
  dV of each real space grid is now    4.0388032660832775E-002
 Cell length (Bohr)    5.615E+00   5.615E+00   5.615E+00
 Angle     (Degree)    1.095E+02   1.095E+02   1.095E+02
 Volume    (Bohr^3)    1.363E+02

 ------------------------------------------------------------------------------
                           SETUP EWALD 
 (Ewald) eta                             :   0.8084    
 (Ewald) Real Space Cutoff               :    6.000     (Bohr)
 (Ewald) Reciprocal Cutoff               :    7.832     (1/Bohr)

 ------------------------------------------------------------------------------
                           SETUP PLANE WAVE 
 Read in WT kernel.
 kernel file name  : PROFESS_KERNEL.dat            
 KEDF type         :     4
 Fermi vector      :   1.182014212099E+00
 Reference density :  -1.000000000000E+00
 Mesh points       :    20001
 Fermi vector in this cell is    1.2022501420165688     
 Fermi vector from kernel file is    1.1820142120987149     
 First qNorm is    0.0000000000000000     
 size of Wang-Teter kernel in this run is            8          15          15
 Max |G| in this calculation is   2.349721410637E+01
 Max eta used from kernel is   1.954436376024E+01

 ------------------------------------------------------------------------------
                           REFRESH ION POSITIONS
  
 Calculating Ion-Ion Energy ...                   complete.     0.000 s
  
 Calculating Ion-Electron Potential (spline) ... 
 complete.     0.000 s

 ------------------------------------------------------------------------------
                           DENSITY OPTIMIZATION
 Electron number for spin            1  is   0.99999999999996281     
 Cell Volume      :            20.199000 Angstrom^3
 Ion number       :                    1
 Electron number  :             1.000000
 Ion density      :             0.049507 Ion/Angstrom^3
 Electron density :             0.049507 Electron/Angstrom^3
  
 Calculating Ion-Ion Forces ...                complete.     0.000 s
  
 Calculating Ion-Electron Forces (spline) ...  complete.     0.000 s
  
 Calculating Ion-Electron Stress (spline) ...  complete.     0.000 s
  
 Calculating Ion-Ion Stress ...                complete.     0.000 s
  
 ------------------------------------------------------------------------------
                         LATTICE VECTORS (Angstrom)
 LAT 1          -1.715629        1.715629        1.715629
 LAT 2           1.715629       -1.715629        1.715629
 LAT 3           1.715629        1.715629       -1.715629
 ------------------------------------------------------------------------------
                                STRESS (GPa)
 ST_GPa 1        1.122849        0.000253        0.000263
 ST_GPa 2        0.000253        1.122894        0.000230
 ST_GPa 3        0.000263        0.000230        1.122843
  
 --------------------------------------------------
 STRESS (a.u.)
 --------------------------------------------------
 ST_AU  1   3.8164878584E-05   8.5844843281E-09   8.9451246128E-09
 ST_AU  2   8.5844843281E-09   3.8166388826E-05   7.8294958066E-09
 ST_AU  3   8.9451246128E-09   7.8294958066E-09   3.8164674036E-05
; Cell optimization at step  1, max(stress):  0.3817E-04, total energy: -0.27901338    ;
  dV of each real space grid is now    4.0028941482824022E-002
 Cell length (Bohr)    5.604E+00   5.604E+00   5.604E+00
 Angle     (Degree)    1.096E+02   1.096E+02   1.096E+02
 Volume    (Bohr^3)    1.351E+02
  dV of each real space grid is now    4.0028941482824022E-002
 Cell length (Bohr)    5.604E+00   5.604E+00   5.604E+00
 Angle     (Degree)    1.096E+02   1.096E+02   1.096E+02
 Volume    (Bohr^3)    1.351E+02

 ------------------------------------------------------------------------------
                           SETUP EWALD 
 (Ewald) eta                             :   0.8084    
 (Ewald) Real Space Cutoff               :    6.000     (Bohr)
 (Ewald) Reciprocal Cutoff               :    7.848     (1/Bohr)

 ------------------------------------------------------------------------------
                           SETUP PLANE WAVE 
 Read in WT kernel.
 kernel file name  : PROFESS_KERNEL.dat            
 KEDF type         :     4
 Fermi vector      :   1.182014212099E+00
 Reference density :  -1.000000000000E+00
 Mesh points       :    20001
 Fermi vector in this cell is    1.2058344891646466     
 Fermi vector from kernel file is    1.1820142120987149     
 First qNorm is    0.0000000000000000     
 size of Wang-Teter kernel in this run is            8          15          15
 Max |G| in this calculation is   2.363766650952E+01
 Max eta used from kernel is   1.960274541981E+01

 ------------------------------------------------------------------------------
                           REFRESH ION POSITIONS
  
 Calculating Ion-Ion Energy ...                   complete.     0.000 s
  
 Calculating Ion-Electron Potential (spline) ... 
 complete.     0.001 s
 Rescale the total density from   0.039673 to          1

 ------------------------------------------------------------------------------
                           DENSITY OPTIMIZATION
 Electron number for spin            1  is   0.99999999999999944     
 Cell Volume      :            20.019410 Angstrom^3
 Ion number       :                    1
 Electron number  :             1.000000
 Ion density      :             0.049952 Ion/Angstrom^3
 Electron density :             0.049952 Electron/Angstrom^3
  
 Calculating Ion-Ion Forces ...                complete.     0.000 s
  
 Calculating Ion-Electron Forces (spline) ...  complete.     0.000 s
  
 Calculating Ion-Electron Stress (spline) ...  complete.     0.001 s
  
 Calculating Ion-Ion Stress ...                complete.     0.000 s
  
 ------------------------------------------------------------------------------
                         LATTICE VECTORS (Angstrom)
 LAT 1          -1.715631        1.710533        1.710533
 LAT 2           1.710533       -1.715631        1.710533
 LAT 3           1.710533        1.710533       -1.715631
 ------------------------------------------------------------------------------
                                STRESS (GPa)
 ST_GPa 1        1.002654       -0.039126       -0.039115
 ST_GPa 2       -0.039126        1.002700       -0.039149
 ST_GPa 3       -0.039115       -0.039149        1.002649
  
 --------------------------------------------------
 STRESS (a.u.)
 --------------------------------------------------
 ST_AU  1   3.4079539761E-05  -1.3298569028E-06  -1.3294832835E-06
 ST_AU  2  -1.3298569028E-06   3.4081083519E-05  -1.3306591066E-06
 ST_AU  3  -1.3294832835E-06  -1.3306591066E-06   3.4079365556E-05
; Cell optimization at step  2, max(stress):  0.3408E-04, total energy: -0.27905640    ;
  dV of each real space grid is now    3.9662690913849913E-002
 Cell length (Bohr)    5.592E+00   5.592E+00   5.592E+00
 Angle     (Degree)    1.096E+02   1.096E+02   1.096E+02
 Volume    (Bohr^3)    1.339E+02
  dV of each real space grid is now    3.9662690913849913E-002
 Cell length (Bohr)    5.592E+00   5.592E+00   5.592E+00
 Angle     (Degree)    1.096E+02   1.096E+02   1.096E+02
 Volume    (Bohr^3)    1.339E+02

 ------------------------------------------------------------------------------
                           SETUP EWALD 
 (Ewald) eta                             :   0.8084    
 (Ewald) Real Space Cutoff               :    6.000     (Bohr)
 (Ewald) Reciprocal Cutoff               :    7.865     (1/Bohr)

 ------------------------------------------------------------------------------
                           SETUP PLANE WAVE 
 Read in WT kernel.
 kernel file name  : PROFESS_KERNEL.dat            
 KEDF type         :     4
 Fermi vector      :   1.182014212099E+00
 Reference density :  -1.000000000000E+00
 Mesh points       :    20001
 Fermi vector in this cell is    1.2095347349846171     
 Fermi vector from kernel file is    1.1820142120987149     
 First qNorm is    0.0000000000000000     
 size of Wang-Teter kernel in this run is            8          15          15
 Max |G| in this calculation is   2.377759837662E+01
 Max eta used from kernel is   1.965846675492E+01

 ------------------------------------------------------------------------------
                           REFRESH ION POSITIONS
  
 Calculating Ion-Ion Energy ...                   complete.     0.000 s
  
 Calculating Ion-Electron Potential (spline) ... 
 complete.     0.000 s
 Rescale the total density from   0.039300 to          1

 ------------------------------------------------------------------------------
                           DENSITY OPTIMIZATION
 Electron number for spin            1  is    1.0000000000000044     
 Cell Volume      :            19.836240 Angstrom^3
 Ion number       :                    1
 Electron number  :             1.000000
 Ion density      :             0.050413 Ion/Angstrom^3
 Electron density :             0.050413 Electron/Angstrom^3
  
 Calculating Ion-Ion Forces ...                complete.     0.000 s
  
 Calculating Ion-Electron Forces (spline) ...  complete.     0.000 s
  
 Calculating Ion-Electron Stress (spline) ...  complete.     0.000 s
  
 Calculating Ion-Ion Stress ...                complete.     0.000 s
  
 ------------------------------------------------------------------------------
                         LATTICE VECTORS (Angstrom)
 LAT 1          -1.715223        1.705310        1.705311
 LAT 2           1.705310       -1.715223        1.705311
 LAT 3           1.705311        1.705310       -1.715223
 ------------------------------------------------------------------------------
                                STRESS (GPa)
 ST_GPa 1        0.875466       -0.078233       -0.078222
 ST_GPa 2       -0.078233        0.875512       -0.078259
 ST_GPa 3       -0.078222       -0.078259        0.875461
  
 --------------------------------------------------
 STRESS (a.u.)
 --------------------------------------------------
 ST_AU  1   2.9756478548E-05  -2.6590875068E-06  -2.6587015565E-06
 ST_AU  2  -2.6590875068E-06   2.9758042385E-05  -2.6599672129E-06
 ST_AU  3  -2.6587015565E-06  -2.6599672129E-06   2.9756309786E-05
; Cell optimization at step  3, max(stress):  0.2976E-04, total energy: -0.27909357    ;
  dV of each real space grid is now    3.9302810807142811E-002
 Cell length (Bohr)    5.580E+00   5.580E+00   5.580E+00
 Angle     (Degree)    1.097E+02   1.097E+02   1.097E+02
 Volume    (Bohr^3)    1.326E+02
  dV of each real space grid is now    3.9302810807142811E-002
 Cell length (Bohr)    5.580E+00   5.580E+00   5.580E+00
 Angle     (Degree)    1.097E+02   1.097E+02   1.097E+02
 Volume    (Bohr^3)    1.326E+02

 ------------------------------------------------------------------------------
                           SETUP EWALD 
 (Ewald) eta                             :   0.8137    
 (Ewald) Real Space Cutoff               :    6.000     (Bohr)
 (Ewald) Reciprocal Cutoff               :    7.882     (1/Bohr)

 ------------------------------------------------------------------------------
                           SETUP PLANE WAVE 
 Read in WT kernel.
 kernel file name  : PROFESS_KERNEL.dat            
 KEDF type         :     4
 Fermi vector      :   1.182014212099E+00
 Reference density :  -1.000000000000E+00
 Mesh points       :    20001
 Fermi vector in this cell is    1.2132152658310673     
 Fermi vector from kernel file is    1.1820142120987149     
 First qNorm is    0.0000000000000000     
 size of Wang-Teter kernel in this run is            8          15          15
 Max |G| in this calculation is   2.390927188683E+01
 Max eta used from kernel is   1.970736155422E+01

 ------------------------------------------------------------------------------
                           REFRESH ION POSITIONS
  
 Calculating Ion-Ion Energy ...                   complete.     0.000 s
  
 Calculating Ion-Electron Potential (spline) ... 
 complete.     0.000 s
 Rescale the total density from   0.038946 to          1

 ------------------------------------------------------------------------------
                           DENSITY OPTIMIZATION
 Electron number for spin            1  is   0.99999999999999833     
 Cell Volume      :            19.656255 Angstrom^3
 Ion number       :                    1
 Electron number  :             1.000000
 Ion density      :             0.050874 Ion/Angstrom^3
 Electron density :             0.050874 Electron/Angstrom^3
  
 Calculating Ion-Ion Forces ...                complete.     0.000 s
  
 Calculating Ion-Electron Forces (spline) ...  complete.     0.000 s
  
 Calculating Ion-Electron Stress (spline) ...  complete.     0.000 s
  
 Calculating Ion-Ion Stress ...                complete.     0.000 s
  
 ------------------------------------------------------------------------------
                         LATTICE VECTORS (Angstrom)
 LAT 1          -1.714243        1.700152        1.700153
 LAT 2           1.700152       -1.714243        1.700152
 LAT 3           1.700152        1.700151       -1.714243
 ------------------------------------------------------------------------------
                                STRESS (GPa)
 ST_GPa 1        0.744712       -0.114026       -0.114014
 ST_GPa 2       -0.114026        0.744758       -0.114053
 ST_GPa 3       -0.114014       -0.114053        0.744707
  
 --------------------------------------------------
 STRESS (a.u.)
 --------------------------------------------------
 ST_AU  1   2.5312265684E-05  -3.8756489470E-06  -3.8752519947E-06
 ST_AU  2  -3.8756489470E-06   2.5313826019E-05  -3.8765897996E-06
 ST_AU  3  -3.8752519947E-06  -3.8765897996E-06   2.5312096234E-05
; Cell optimization at step  4, max(stress):  0.2531E-04, total energy: -0.27912373    ;
  dV of each real space grid is now    3.8965085305207592E-002
 Cell length (Bohr)    5.568E+00   5.568E+00   5.568E+00
 Angle     (Degree)    1.097E+02   1.097E+02   1.097E+02
 Volume    (Bohr^3)    1.315E+02
  dV of each real space grid is now    3.8965085305207592E-002
 Cell length (Bohr)    5.568E+00   5.568E+00   5.568E+00
 Angle     (Degree)    1.097E+02   1.097E+02   1.097E+02
 Volume    (Bohr^3)    1.315E+02

 ------------------------------------------------------------------------------
                           SETUP EWALD 
 (Ewald) eta                             :   0.8137    
 (Ewald) Real Space Cutoff               :    6.000     (Bohr)
 (Ewald) Reciprocal Cutoff               :    7.900     (1/Bohr)

 ------------------------------------------------------------------------------
                           SETUP PLANE WAVE 
 Read in WT kernel.
 kernel file name  : PROFESS_KERNEL.dat            
 KEDF type         :     4
 Fermi vector      :   1.182014212099E+00
 Reference density :  -1.000000000000E+00
 Mesh points       :    20001
 Fermi vector in this cell is    1.2167103232231848     
 Fermi vector from kernel file is    1.1820142120987149     
 First qNorm is    0.0000000000000000     
 size of Wang-Teter kernel in this run is            8          15          15
 Max |G| in this calculation is   2.402357725420E+01
 Max eta used from kernel is   1.974469748112E+01

 ------------------------------------------------------------------------------
                           REFRESH ION POSITIONS
  
 Calculating Ion-Ion Energy ...                   complete.     0.000 s
  
 Calculating Ion-Electron Potential (spline) ... 
 complete.     0.000 s
 Rescale the total density from   0.038630 to          1

 ------------------------------------------------------------------------------
                           DENSITY OPTIMIZATION
 Electron number for spin            1  is    1.0000000000000020     
 Cell Volume      :            19.487351 Angstrom^3
 Ion number       :                    1
 Electron number  :             1.000000
 Ion density      :             0.051315 Ion/Angstrom^3
 Electron density :             0.051315 Electron/Angstrom^3
  
 Calculating Ion-Ion Forces ...                complete.     0.000 s
  
 Calculating Ion-Electron Forces (spline) ...  complete.     0.000 s
  
 Calculating Ion-Electron Stress (spline) ...  complete.     0.000 s
  
 Calculating Ion-Ion Stress ...                complete.     0.000 s
  
 ------------------------------------------------------------------------------
                         LATTICE VECTORS (Angstrom)
 LAT 1          -1.712528        1.695283        1.695284
 LAT 2           1.695283       -1.712527        1.695283
 LAT 3           1.695283        1.695282       -1.712527
 ------------------------------------------------------------------------------
                                STRESS (GPa)
 ST_GPa 1        0.617251       -0.142610       -0.142598
 ST_GPa 2       -0.142610        0.617296       -0.142640
 ST_GPa 3       -0.142598       -0.142640        0.617246
  
 --------------------------------------------------
 STRESS (a.u.)
 --------------------------------------------------
 ST_AU  1   2.0979941443E-05  -4.8472254152E-06  -4.8468175299E-06
 ST_AU  2  -4.8472254152E-06   2.0981484919E-05  -4.8482205152E-06
 ST_AU  3  -4.8468175299E-06  -4.8482205152E-06   2.0979772431E-05
; Cell optimization at step  5, max(stress):  0.2098E-04, total energy: -0.27914680    ;
  dV of each real space grid is now    3.8663907286741607E-002
 Cell length (Bohr)    5.555E+00   5.555E+00   5.555E+00
 Angle     (Degree)    1.098E+02   1.098E+02   1.098E+02
 Volume    (Bohr^3)    1.305E+02
  dV of each real space grid is now    3.8663907286741607E-002
 Cell length (Bohr)    5.555E+00   5.555E+00   5.555E+00
 Angle     (Degree)    1.098E+02   1.098E+02   1.098E+02
 Volume    (Bohr^3)    1.305E+02

 ------------------------------------------------------------------------------
                           SETUP EWALD 
 (Ewald) eta                             :   0.8137    
 (Ewald) Real Space Cutoff               :    6.000     (Bohr)
 (Ewald) Reciprocal Cutoff               :    7.917     (1/Bohr)

 ------------------------------------------------------------------------------
                           SETUP PLANE WAVE 
 Read in WT kernel.
 kernel file name  : PROFESS_KERNEL.dat            
 KEDF type         :     4
 Fermi vector      :   1.182014212099E+00
 Reference density :  -1.000000000000E+00
 Mesh points       :    20001
 Fermi vector in this cell is    1.2198614015867055     
 Fermi vector from kernel file is    1.1820142120987149     
 First qNorm is    0.0000000000000000     
 size of Wang-Teter kernel in this run is            8          15          15
 Max |G| in this calculation is   2.411213214381E+01
 Max eta used from kernel is   1.976628829509E+01

 ------------------------------------------------------------------------------
                           REFRESH ION POSITIONS
  
 Calculating Ion-Ion Energy ...                   complete.     0.000 s
  
 Calculating Ion-Electron Potential (spline) ... 
 complete.     0.000 s
 Rescale the total density from   0.038365 to          1

 ------------------------------------------------------------------------------
                           DENSITY OPTIMIZATION
 Electron number for spin            1  is   0.99999999999999711     
 Cell Volume      :            19.336725 Angstrom^3
 Ion number       :                    1
 Electron number  :             1.000000
 Ion density      :             0.051715 Ion/Angstrom^3
 Electron density :             0.051715 Electron/Angstrom^3
  
 Calculating Ion-Ion Forces ...                complete.     0.000 s
  
 Calculating Ion-Electron Forces (spline) ...  complete.     0.000 s
  
 Calculating Ion-Electron Stress (spline) ...  complete.     0.000 s
  
 Calculating Ion-Ion Stress ...                complete.     0.000 s
  
 ------------------------------------------------------------------------------
                         LATTICE VECTORS (Angstrom)
 LAT 1          -1.709952        1.690913        1.690915
 LAT 2           1.690914       -1.709951        1.690914
 LAT 3           1.690914        1.690913       -1.709951
 ------------------------------------------------------------------------------
                                STRESS (GPa)
 ST_GPa 1        0.499499       -0.160252       -0.160239
 ST_GPa 2       -0.160252        0.499543       -0.160281
 ST_GPa 3       -0.160239       -0.160281        0.499494
  
 --------------------------------------------------
 STRESS (a.u.)
 --------------------------------------------------
 ST_AU  1   1.6977620594E-05  -5.4468440470E-06  -5.4464234498E-06
 ST_AU  2  -5.4468440470E-06   1.6979136466E-05  -5.4478548626E-06
 ST_AU  3  -5.4464234498E-06  -5.4478548626E-06   1.6977448552E-05
; Cell optimization at step  6, max(stress):  0.1698E-04, total energy: -0.27916386    ;
  dV of each real space grid is now    3.8409053168341131E-002
 Cell length (Bohr)    5.543E+00   5.543E+00   5.543E+00
 Angle     (Degree)    1.098E+02   1.098E+02   1.098E+02
 Volume    (Bohr^3)    1.296E+02
  dV of each real space grid is now    3.8409053168341131E-002
 Cell length (Bohr)    5.543E+00   5.543E+00   5.543E+00
 Angle     (Degree)    1.098E+02   1.098E+02   1.098E+02
 Volume    (Bohr^3)    1.296E+02

 ------------------------------------------------------------------------------
                           SETUP EWALD 
 (Ewald) eta                             :   0.8190    
 (Ewald) Real Space Cutoff               :    6.000     (Bohr)
 (Ewald) Reciprocal Cutoff               :    7.934     (1/Bohr)

 ------------------------------------------------------------------------------
                           SETUP PLANE WAVE 
 Read in WT kernel.
 kernel file name  : PROFESS_KERNEL.dat            
 KEDF type         :     4
 Fermi vector      :   1.182014212099E+00
 Reference density :  -1.000000000000E+00
 Mesh points       :    20001
 Fermi vector in this cell is    1.2225534893033658     
 Fermi vector from kernel file is    1.1820142120987149     
 First qNorm is    0.0000000000000000     
 size of Wang-Teter kernel in this run is            8          15          15
 Max |G| in this calculation is   2.416953290945E+01
 Max eta used from kernel is   1.976971406234E+01

 ------------------------------------------------------------------------------
                           REFRESH ION POSITIONS
  
 Calculating Ion-Ion Energy ...                   complete.     0.000 s
  
 Calculating Ion-Electron Potential (spline) ... 
 complete.     0.000 s
 Rescale the total density from   0.038156 to          1

 ------------------------------------------------------------------------------
                           DENSITY OPTIMIZATION
 Electron number for spin            1  is    1.0000000000000018     
 Cell Volume      :            19.209266 Angstrom^3
 Ion number       :                    1
 Electron number  :             1.000000
 Ion density      :             0.052058 Ion/Angstrom^3
 Electron density :             0.052058 Electron/Angstrom^3
  
 Calculating Ion-Ion Forces ...                complete.     0.000 s
  
 Calculating Ion-Electron Forces (spline) ...  complete.     0.000 s
  
 Calculating Ion-Electron Stress (spline) ...  complete.     0.000 s
  
 Calculating Ion-Ion Stress ...                complete.     0.000 s
  
 ------------------------------------------------------------------------------
                         LATTICE VECTORS (Angstrom)
 LAT 1          -1.706480        1.687192        1.687194
 LAT 2           1.687192       -1.706478        1.687192
 LAT 3           1.687192        1.687190       -1.706478
 ------------------------------------------------------------------------------
                                STRESS (GPa)
 ST_GPa 1        0.396897       -0.164407       -0.164395
 ST_GPa 2       -0.164407        0.396941       -0.164437
 ST_GPa 3       -0.164395       -0.164437        0.396892
  
 --------------------------------------------------
 STRESS (a.u.)
 --------------------------------------------------
 ST_AU  1   1.3490269539E-05  -5.5880982210E-06  -5.5876619893E-06
 ST_AU  2  -5.5880982210E-06   1.3491749011E-05  -5.5890845894E-06
 ST_AU  3  -5.5876619893E-06  -5.5890845894E-06   1.3490103472E-05
; Cell optimization at step  7, max(stress):  0.1349E-04, total energy: -0.27917659    ;
  dV of each real space grid is now    3.8202329080125323E-002
 Cell length (Bohr)    5.532E+00   5.532E+00   5.532E+00
 Angle     (Degree)    1.098E+02   1.098E+02   1.098E+02
 Volume    (Bohr^3)    1.289E+02
  dV of each real space grid is now    3.8202329080125323E-002
 Cell length (Bohr)    5.532E+00   5.532E+00   5.532E+00
 Angle     (Degree)    1.098E+02   1.098E+02   1.098E+02
 Volume    (Bohr^3)    1.289E+02

 ------------------------------------------------------------------------------
                           SETUP EWALD 
 (Ewald) eta                             :   0.8190    
 (Ewald) Real Space Cutoff               :    6.000     (Bohr)
 (Ewald) Reciprocal Cutoff               :    7.950     (1/Bohr)

 ------------------------------------------------------------------------------
                           SETUP PLANE WAVE 
 Read in WT kernel.
 kernel file name  : PROFESS_KERNEL.dat            
 KEDF type         :     4
 Fermi vector      :   1.182014212099E+00
 Reference density :  -1.000000000000E+00
 Mesh points       :    20001
 Fermi vector in this cell is    1.2247547229205973     
 Fermi vector from kernel file is    1.1820142120987149     
 First qNorm is    0.0000000000000000     
 size of Wang-Teter kernel in this run is            8          15          15
 Max |G| in this calculation is   2.419571259151E+01
 Max eta used from kernel is   1.975555769551E+01

 ------------------------------------------------------------------------------
                           REFRESH ION POSITIONS
  
 Calculating Ion-Ion Energy ...                   complete.     0.000 s
  
 Calculating Ion-Electron Potential (spline) ... 
 complete.     0.000 s
 Rescale the total density from   0.037997 to          1

 ------------------------------------------------------------------------------
                           DENSITY OPTIMIZATION
 Electron number for spin            1  is    1.0000000000000002     
 Cell Volume      :            19.105879 Angstrom^3
 Ion number       :                    1
 Electron number  :             1.000000
 Ion density      :             0.052340 Ion/Angstrom^3
 Electron density :             0.052340 Electron/Angstrom^3
  
 Calculating Ion-Ion Forces ...                complete.     0.000 s
  
 Calculating Ion-Electron Forces (spline) ...  complete.     0.000 s
  
 Calculating Ion-Electron Stress (spline) ...  complete.     0.000 s
  
 Calculating Ion-Ion Stress ...                complete.     0.000 s
  
 ------------------------------------------------------------------------------
                         LATTICE VECTORS (Angstrom)
 LAT 1          -1.702206        1.684152        1.684155
 LAT 2           1.684153       -1.702204        1.684153
 LAT 3           1.684153        1.684151       -1.702205
 ------------------------------------------------------------------------------
                                STRESS (GPa)
 ST_GPa 1        0.311775       -0.155085       -0.155071
 ST_GPa 2       -0.155085        0.311817       -0.155113
 ST_GPa 3       -0.155071       -0.155113        0.311770
  
 --------------------------------------------------
 STRESS (a.u.)
 --------------------------------------------------
 ST_AU  1   1.0597018538E-05  -5.2712239551E-06  -5.2707711026E-06
 ST_AU  2  -5.2712239551E-06   1.0598456503E-05  -5.2721732074E-06
 ST_AU  3  -5.2707711026E-06  -5.2721732074E-06   1.0596852457E-05
; Cell optimization at step  8, max(stress):  0.1060E-04, total energy: -0.27918654    ;
  dV of each real space grid is now    3.8037202342053093E-002
 Cell length (Bohr)    5.522E+00   5.522E+00   5.522E+00
 Angle     (Degree)    1.097E+02   1.097E+02   1.097E+02
 Volume    (Bohr^3)    1.284E+02
  dV of each real space grid is now    3.8037202342053093E-002
 Cell length (Bohr)    5.522E+00   5.522E+00   5.522E+00
 Angle     (Degree)    1.097E+02   1.097E+02   1.097E+02
 Volume    (Bohr^3)    1.284E+02

 ------------------------------------------------------------------------------
                           SETUP EWALD 
 (Ewald) eta                             :   0.8190    
 (Ewald) Real Space Cutoff               :    6.000     (Bohr)
 (Ewald) Reciprocal Cutoff               :    7.966     (1/Bohr)

 ------------------------------------------------------------------------------
                           SETUP PLANE WAVE 
 Read in WT kernel.
 kernel file name  : PROFESS_KERNEL.dat            
 KEDF type         :     4
 Fermi vector      :   1.182014212099E+00
 Reference density :  -1.000000000000E+00
 Mesh points       :    20001
 Fermi vector in this cell is    1.2265244622803131     
 Fermi vector from kernel file is    1.1820142120987149     
 First qNorm is    0.0000000000000000     
 size of Wang-Teter kernel in this run is            8          15          15
 Max |G| in this calculation is   2.419645230531E+01
 Max eta used from kernel is   1.972765570474E+01

 ------------------------------------------------------------------------------
                           REFRESH ION POSITIONS
  
 Calculating Ion-Ion Energy ...                   complete.     0.000 s
  
 Calculating Ion-Electron Potential (spline) ... 
 complete.     0.000 s
 Rescale the total density from   0.037873 to          1

 ------------------------------------------------------------------------------
                           DENSITY OPTIMIZATION
 Electron number for spin            1  is   0.99999999999999878     
 Cell Volume      :            19.023295 Angstrom^3
 Ion number       :                    1
 Electron number  :             1.000000
 Ion density      :             0.052567 Ion/Angstrom^3
 Electron density :             0.052567 Electron/Angstrom^3
  
 Calculating Ion-Ion Forces ...                complete.     0.000 s
  
 Calculating Ion-Electron Forces (spline) ...  complete.     0.000 s
  
 Calculating Ion-Electron Stress (spline) ...  complete.     0.000 s
  
 Calculating Ion-Ion Stress ...                complete.     0.000 s
  
 ------------------------------------------------------------------------------
                         LATTICE VECTORS (Angstrom)
 LAT 1          -1.697374        1.681710        1.681714
 LAT 2           1.681711       -1.697371        1.681711
 LAT 3           1.681712        1.681708       -1.697372
 ------------------------------------------------------------------------------
                                STRESS (GPa)
 ST_GPa 1        0.242490       -0.134964       -0.134950
 ST_GPa 2       -0.134964        0.242531       -0.134989
 ST_GPa 3       -0.134950       -0.134989        0.242485
  
 --------------------------------------------------
 STRESS (a.u.)
 --------------------------------------------------
 ST_AU  1   8.2420790511E-06  -4.5873296609E-06  -4.5868586138E-06
 ST_AU  2  -4.5873296609E-06   8.2434721383E-06  -4.5881724975E-06
 ST_AU  3  -4.5868586138E-06  -4.5881724975E-06   8.2419153336E-06
; Cell optimization at step  9, max(stress):  0.8243E-05, total energy: -0.27919454    ;
  dV of each real space grid is now    3.7902413972295733E-002
 Cell length (Bohr)    5.512E+00   5.512E+00   5.512E+00
 Angle     (Degree)    1.097E+02   1.097E+02   1.097E+02
 Volume    (Bohr^3)    1.279E+02
  dV of each real space grid is now    3.7902413972295733E-002
 Cell length (Bohr)    5.512E+00   5.512E+00   5.512E+00
 Angle     (Degree)    1.097E+02   1.097E+02   1.097E+02
 Volume    (Bohr^3)    1.279E+02

 ------------------------------------------------------------------------------
                           SETUP EWALD 
 (Ewald) eta                             :   0.8243    
 (Ewald) Real Space Cutoff               :    6.000     (Bohr)
 (Ewald) Reciprocal Cutoff               :    7.980     (1/Bohr)

 ------------------------------------------------------------------------------
                           SETUP PLANE WAVE 
 Read in WT kernel.
 kernel file name  : PROFESS_KERNEL.dat            
 KEDF type         :     4
 Fermi vector      :   1.182014212099E+00
 Reference density :  -1.000000000000E+00
 Mesh points       :    20001
 Fermi vector in this cell is    1.2279766621992174     
 Fermi vector from kernel file is    1.1820142120987149     
 First qNorm is    0.0000000000000000     
 size of Wang-Teter kernel in this run is            8          15          15
 Max |G| in this calculation is   2.418138512948E+01
 Max eta used from kernel is   1.969205594361E+01

 ------------------------------------------------------------------------------
                           REFRESH ION POSITIONS
  
 Calculating Ion-Ion Energy ...                   complete.     0.000 s
  
 Calculating Ion-Electron Potential (spline) ... 
 complete.     0.000 s
 Rescale the total density from   0.037768 to          1

 ------------------------------------------------------------------------------
                           DENSITY OPTIMIZATION
 Electron number for spin            1  is   0.99999999999999867     
 Cell Volume      :            18.955884 Angstrom^3
 Ion number       :                    1
 Electron number  :             1.000000
 Ion density      :             0.052754 Ion/Angstrom^3
 Electron density :             0.052754 Electron/Angstrom^3
  
 Calculating Ion-Ion Forces ...                complete.     0.000 s
  
 Calculating Ion-Electron Forces (spline) ...  complete.     0.000 s
  
 Calculating Ion-Electron Stress (spline) ...  complete.     0.000 s
  
 Calculating Ion-Ion Stress ...                complete.     0.000 s
  
 ------------------------------------------------------------------------------
                         LATTICE VECTORS (Angstrom)
 LAT 1          -1.692333        1.679709        1.679713
 LAT 2           1.679709       -1.692329        1.679709
 LAT 3           1.679710        1.679706       -1.692331
 ------------------------------------------------------------------------------
                                STRESS (GPa)
 ST_GPa 1        0.185156       -0.108859       -0.108844
 ST_GPa 2       -0.108859        0.185196       -0.108880
 ST_GPa 3       -0.108844       -0.108880        0.185152
  
 --------------------------------------------------
 STRESS (a.u.)
 --------------------------------------------------
 ST_AU  1   6.2933372292E-06  -3.7000338205E-06  -3.6995473358E-06
 ST_AU  2  -3.7000338205E-06   6.2946810312E-06  -3.7007536961E-06
 ST_AU  3  -3.6995473358E-06  -3.7007536961E-06   6.2931766318E-06
; Cell optimization at step 10, max(stress):  0.6295E-05, total energy: -0.27920079    ;
  dV of each real space grid is now    3.7788123057323521E-002
 Cell length (Bohr)    5.503E+00   5.503E+00   5.503E+00
 Angle     (Degree)    1.096E+02   1.096E+02   1.096E+02
 Volume    (Bohr^3)    1.275E+02
  dV of each real space grid is now    3.7788123057323521E-002
 Cell length (Bohr)    5.503E+00   5.503E+00   5.503E+00
 Angle     (Degree)    1.096E+02   1.096E+02   1.096E+02
 Volume    (Bohr^3)    1.275E+02

 ------------------------------------------------------------------------------
                           SETUP EWALD 
 (Ewald) eta                             :   0.8243    
 (Ewald) Real Space Cutoff               :    6.000     (Bohr)
 (Ewald) Reciprocal Cutoff               :    7.993     (1/Bohr)

 ------------------------------------------------------------------------------
                           SETUP PLANE WAVE 
 Read in WT kernel.
 kernel file name  : PROFESS_KERNEL.dat            
 KEDF type         :     4
 Fermi vector      :   1.182014212099E+00
 Reference density :  -1.000000000000E+00
 Mesh points       :    20001
 Fermi vector in this cell is    1.2292134292798358     
 Fermi vector from kernel file is    1.1820142120987149     
 First qNorm is    0.0000000000000000     
 size of Wang-Teter kernel in this run is            8          15          15
 Max |G| in this calculation is   2.416005053728E+01
 Max eta used from kernel is   1.965488658177E+01

 ------------------------------------------------------------------------------
                           REFRESH ION POSITIONS
  
 Calculating Ion-Ion Energy ...                   complete.     0.000 s
  
 Calculating Ion-Electron Potential (spline) ... 
 complete.     0.000 s
 Rescale the total density from   0.037674 to          1

 ------------------------------------------------------------------------------
                           DENSITY OPTIMIZATION
 Electron number for spin            1  is    1.0000000000000027     
 Cell Volume      :            18.898724 Angstrom^3
 Ion number       :                    1
 Electron number  :             1.000000
 Ion density      :             0.052914 Ion/Angstrom^3
 Electron density :             0.052914 Electron/Angstrom^3
  
 Calculating Ion-Ion Forces ...                complete.     0.000 s
  
 Calculating Ion-Electron Forces (spline) ...  complete.     0.000 s
  
 Calculating Ion-Electron Stress (spline) ...  complete.     0.000 s
  
 Calculating Ion-Ion Stress ...                complete.     0.000 s
  
 ------------------------------------------------------------------------------
                         LATTICE VECTORS (Angstrom)
 LAT 1          -1.687460        1.678008        1.678013
 LAT 2           1.678008       -1.687456        1.678009
 LAT 3           1.678010        1.678005       -1.687457
 ------------------------------------------------------------------------------
                                STRESS (GPa)
 ST_GPa 1        0.135721       -0.081420       -0.081406
 ST_GPa 2       -0.081420        0.135759       -0.081438
 ST_GPa 3       -0.081406       -0.081438        0.135716
  
 --------------------------------------------------
 STRESS (a.u.)
 --------------------------------------------------
 ST_AU  1   4.6130564510E-06  -2.7674266842E-06  -2.7669285792E-06
 ST_AU  2  -2.7674266842E-06   4.6143534510E-06  -2.7680147721E-06
 ST_AU  3  -2.7669285792E-06  -2.7680147721E-06   4.6129049071E-06
; Cell optimization at step 11, max(stress):  0.4614E-05, total energy: -0.27920529    ;
  dV of each real space grid is now    3.7690623409398619E-002
 Cell length (Bohr)    5.495E+00   5.495E+00   5.495E+00
 Angle     (Degree)    1.096E+02   1.096E+02   1.096E+02
 Volume    (Bohr^3)    1.272E+02
  dV of each real space grid is now    3.7690623409398619E-002
 Cell length (Bohr)    5.495E+00   5.495E+00   5.495E+00
 Angle     (Degree)    1.096E+02   1.096E+02   1.096E+02
 Volume    (Bohr^3)    1.272E+02

 ------------------------------------------------------------------------------
                           SETUP EWALD 
 (Ewald) eta                             :   0.8243    
 (Ewald) Real Space Cutoff               :    6.000     (Bohr)
 (Ewald) Reciprocal Cutoff               :    8.005     (1/Bohr)

 ------------------------------------------------------------------------------
                           SETUP PLANE WAVE 
 Read in WT kernel.
 kernel file name  : PROFESS_KERNEL.dat            
 KEDF type         :     4
 Fermi vector      :   1.182014212099E+00
 Reference density :  -1.000000000000E+00
 Mesh points       :    20001
 Fermi vector in this cell is    1.2302724431807661     
 Fermi vector from kernel file is    1.1820142120987149     
 First qNorm is    0.0000000000000000     
 size of Wang-Teter kernel in this run is            8          15          15
 Max |G| in this calculation is   2.413885025769E+01
 Max eta used from kernel is   1.962073554641E+01

 ------------------------------------------------------------------------------
                           REFRESH ION POSITIONS
  
 Calculating Ion-Ion Energy ...                   complete.     0.000 s
  
 Calculating Ion-Electron Potential (spline) ... 
 complete.     0.000 s
 Rescale the total density from   0.037593 to          1

 ------------------------------------------------------------------------------
                           DENSITY OPTIMIZATION
 Electron number for spin            1  is   0.99999999999999922     
 Cell Volume      :            18.849963 Angstrom^3
 Ion number       :                    1
 Electron number  :             1.000000
 Ion density      :             0.053051 Ion/Angstrom^3
 Electron density :             0.053051 Electron/Angstrom^3
  
 Calculating Ion-Ion Forces ...                complete.     0.000 s
  
 Calculating Ion-Electron Forces (spline) ...  complete.     0.000 s
  
 Calculating Ion-Electron Stress (spline) ...  complete.     0.000 s
  
 Calculating Ion-Ion Stress ...                complete.     0.000 s
  
 ------------------------------------------------------------------------------
                         LATTICE VECTORS (Angstrom)
 LAT 1          -1.683093        1.676556        1.676563
 LAT 2           1.676557       -1.683087        1.676558
 LAT 3           1.676559        1.676553       -1.683089
 ------------------------------------------------------------------------------
                                STRESS (GPa)
 ST_GPa 1        0.093145       -0.056211       -0.056196
 ST_GPa 2       -0.056211        0.093181       -0.056224
 ST_GPa 3       -0.056196       -0.056224        0.093141
  
 --------------------------------------------------
 STRESS (a.u.)
 --------------------------------------------------
 ST_AU  1   3.1659201055E-06  -1.9105715244E-06  -1.9100699029E-06
 ST_AU  2  -1.9105715244E-06   3.1671672336E-06  -1.9110011936E-06
 ST_AU  3  -1.9100699029E-06  -1.9110011936E-06   3.1657821189E-06
; Cell optimization at step 12, max(stress):  0.3167E-05, total energy: -0.27920816    ;
  dV of each real space grid is now    3.7611040517186146E-002
 Cell length (Bohr)    5.488E+00   5.488E+00   5.488E+00
 Angle     (Degree)    1.095E+02   1.095E+02   1.095E+02
 Volume    (Bohr^3)    1.269E+02
  dV of each real space grid is now    3.7611040517186146E-002
 Cell length (Bohr)    5.488E+00   5.488E+00   5.488E+00
 Angle     (Degree)    1.095E+02   1.095E+02   1.095E+02
 Volume    (Bohr^3)    1.269E+02

 ------------------------------------------------------------------------------
                           SETUP EWALD 
 (Ewald) eta                             :   0.8243    
 (Ewald) Real Space Cutoff               :    6.000     (Bohr)
 (Ewald) Reciprocal Cutoff               :    8.014     (1/Bohr)

 ------------------------------------------------------------------------------
                           SETUP PLANE WAVE 
 Read in WT kernel.
 kernel file name  : PROFESS_KERNEL.dat            
 KEDF type         :     4
 Fermi vector      :   1.182014212099E+00
 Reference density :  -1.000000000000E+00
 Mesh points       :    20001
 Fermi vector in this cell is    1.2311395614747951     
 Fermi vector from kernel file is    1.1820142120987149     
 First qNorm is    0.0000000000000000     
 size of Wang-Teter kernel in this run is            8          15          15
 Max |G| in this calculation is   2.412086390279E+01
 Max eta used from kernel is   1.959230671939E+01

 ------------------------------------------------------------------------------
                           REFRESH ION POSITIONS
  
 Calculating Ion-Ion Energy ...                   complete.     0.000 s
  
 Calculating Ion-Electron Potential (spline) ... 
 complete.     0.000 s
 Rescale the total density from   0.037532 to          1

 ------------------------------------------------------------------------------
                           DENSITY OPTIMIZATION
 Electron number for spin            1  is    1.0000000000000000     
 Cell Volume      :            18.810161 Angstrom^3
 Ion number       :                    1
 Electron number  :             1.000000
 Ion density      :             0.053163 Ion/Angstrom^3
 Electron density :             0.053163 Electron/Angstrom^3
  
 Calculating Ion-Ion Forces ...                complete.     0.000 s
  
 Calculating Ion-Electron Forces (spline) ...  complete.     0.000 s
  
 Calculating Ion-Electron Stress (spline) ...  complete.     0.000 s
  
 Calculating Ion-Ion Stress ...                complete.     0.000 s
  
 ------------------------------------------------------------------------------
                         LATTICE VECTORS (Angstrom)
 LAT 1          -1.679478        1.675371        1.675379
 LAT 2           1.675372       -1.679472        1.675373
 LAT 3           1.675375        1.675367       -1.679475
 ------------------------------------------------------------------------------
                                STRESS (GPa)
 ST_GPa 1        0.057895       -0.035203       -0.035188
 ST_GPa 2       -0.035203        0.057930       -0.035211
 ST_GPa 3       -0.035188       -0.035211        0.057891
  
 --------------------------------------------------
 STRESS (a.u.)
 --------------------------------------------------
 ST_AU  1   1.9678027360E-06  -1.1965187502E-06  -1.1960247541E-06
 ST_AU  2  -1.1965187502E-06   1.9689978503E-06  -1.1968036291E-06
 ST_AU  3  -1.1960247541E-06  -1.1968036291E-06   1.9676802296E-06
; Cell optimization at step 13, max(stress):  0.1969E-05, total energy: -0.27920973    ;
  dV of each real space grid is now    3.7552349460414733E-002
 Cell length (Bohr)    5.483E+00   5.483E+00   5.483E+00
 Angle     (Degree)    1.095E+02   1.095E+02   1.095E+02
 Volume    (Bohr^3)    1.267E+02
  dV of each real space grid is now    3.7552349460414733E-002
 Cell length (Bohr)    5.483E+00   5.483E+00   5.483E+00
 Angle     (Degree)    1.095E+02   1.095E+02   1.095E+02
 Volume    (Bohr^3)    1.267E+02

 ------------------------------------------------------------------------------
                           SETUP EWALD 
 (Ewald) eta                             :   0.8243    
 (Ewald) Real Space Cutoff               :    6.000     (Bohr)
 (Ewald) Reciprocal Cutoff               :    8.021     (1/Bohr)

 ------------------------------------------------------------------------------
                           SETUP PLANE WAVE 
 Read in WT kernel.
 kernel file name  : PROFESS_KERNEL.dat            
 KEDF type         :     4
 Fermi vector      :   1.182014212099E+00
 Reference density :  -1.000000000000E+00
 Mesh points       :    20001
 Fermi vector in this cell is    1.2317806156462312     
 Fermi vector from kernel file is    1.1820142120987149     
 First qNorm is    0.0000000000000000     
 size of Wang-Teter kernel in this run is            8          15          15
 Max |G| in this calculation is   2.410692217289E+01
 Max eta used from kernel is   1.957079196302E+01

 ------------------------------------------------------------------------------
                           REFRESH ION POSITIONS
  
 Calculating Ion-Ion Energy ...                   complete.     0.000 s
  
 Calculating Ion-Electron Potential (spline) ... 
 complete.     0.000 s
 Rescale the total density from   0.037494 to          1

 ------------------------------------------------------------------------------
                           DENSITY OPTIMIZATION
 Electron number for spin            1  is    1.0000000000000022     
 Cell Volume      :            18.780808 Angstrom^3
 Ion number       :                    1
 Electron number  :             1.000000
 Ion density      :             0.053246 Ion/Angstrom^3
 Electron density :             0.053246 Electron/Angstrom^3
  
 Calculating Ion-Ion Forces ...                complete.     0.000 s
  
 Calculating Ion-Electron Forces (spline) ...  complete.     0.000 s
  
 Calculating Ion-Electron Stress (spline) ...  complete.     0.000 s
  
 Calculating Ion-Ion Stress ...                complete.     0.000 s
  
 ------------------------------------------------------------------------------
                         LATTICE VECTORS (Angstrom)
 LAT 1          -1.676765        1.674497        1.674507
 LAT 2           1.674498       -1.676758        1.674499
 LAT 3           1.674501        1.674493       -1.676761
 ------------------------------------------------------------------------------
                                STRESS (GPa)
 ST_GPa 1        0.031631       -0.019282       -0.019268
 ST_GPa 2       -0.019282        0.031665       -0.019287
 ST_GPa 3       -0.019268       -0.019287        0.031628
  
 --------------------------------------------------
 STRESS (a.u.)
 --------------------------------------------------
 ST_AU  1   1.0751323542E-06  -6.5539227140E-07  -6.5491720611E-07
 ST_AU  2  -6.5539227140E-07   1.0762694698E-06  -6.5554720041E-07
 ST_AU  3  -6.5491720611E-07  -6.5554720041E-07   1.0750265662E-06
; Cell optimization at step 14, max(stress):  0.1076E-05, total energy: -0.27921043    ;
  dV of each real space grid is now    3.7513993808164413E-002
 Cell length (Bohr)    5.480E+00   5.480E+00   5.480E+00
 Angle     (Degree)    1.095E+02   1.095E+02   1.095E+02
 Volume    (Bohr^3)    1.266E+02
  dV of each real space grid is now    3.7513993808164413E-002
 Cell length (Bohr)    5.480E+00   5.480E+00   5.480E+00
 Angle     (Degree)    1.095E+02   1.095E+02   1.095E+02
 Volume    (Bohr^3)    1.266E+02

 ------------------------------------------------------------------------------
                           SETUP EWALD 
 (Ewald) eta                             :   0.8243    
 (Ewald) Real Space Cutoff               :    6.000     (Bohr)
 (Ewald) Reciprocal Cutoff               :    8.026     (1/Bohr)

 ------------------------------------------------------------------------------
                           SETUP PLANE WAVE 
 Read in WT kernel.
 kernel file name  : PROFESS_KERNEL.dat            
 KEDF type         :     4
 Fermi vector      :   1.182014212099E+00
 Reference density :  -1.000000000000E+00
 Mesh points       :    20001
 Fermi vector in this cell is    1.2322002782074259     
 Fermi vector from kernel file is    1.1820142120987149     
 First qNorm is    0.0000000000000000     
 size of Wang-Teter kernel in this run is            8          15          15
 Max |G| in this calculation is   2.409769064490E+01
 Max eta used from kernel is   1.955663464056E+01

 ------------------------------------------------------------------------------
                           REFRESH ION POSITIONS
  
 Calculating Ion-Ion Energy ...                   complete.     0.000 s
  
 Calculating Ion-Electron Potential (spline) ... 
 complete.     0.000 s
 Rescale the total density from   0.037476 to          1

 ------------------------------------------------------------------------------
                           DENSITY OPTIMIZATION
 Electron number for spin            1  is   0.99999999999999689     
 Cell Volume      :            18.761626 Angstrom^3
 Ion number       :                    1
 Electron number  :             1.000000
 Ion density      :             0.053300 Ion/Angstrom^3
 Electron density :             0.053300 Electron/Angstrom^3
  
 Calculating Ion-Ion Forces ...                complete.     0.000 s
  
 Calculating Ion-Electron Forces (spline) ...  complete.     0.000 s
  
 Calculating Ion-Electron Stress (spline) ...  complete.     0.000 s
  
 Calculating Ion-Ion Stress ...                complete.     0.000 s
  
 ------------------------------------------------------------------------------
                         LATTICE VECTORS (Angstrom)
 LAT 1          -1.674983        1.673925        1.673937
 LAT 2           1.673927       -1.674975        1.673929
 LAT 3           1.673931        1.673921       -1.674979
 ------------------------------------------------------------------------------
                                STRESS (GPa)
 ST_GPa 1        0.014402       -0.008842       -0.008829
 ST_GPa 2       -0.008842        0.014434       -0.008844
 ST_GPa 3       -0.008829       -0.008844        0.014400
  
 --------------------------------------------------
 STRESS (a.u.)
 --------------------------------------------------
 ST_AU  1   4.8952063286E-07  -3.0052775995E-07  -3.0008191342E-07
 ST_AU  2  -3.0052775995E-07   4.9059557867E-07  -3.0060124863E-07
 ST_AU  3  -3.0008191342E-07  -3.0060124863E-07   4.8943117006E-07
; Cell optimization at step 15, max(stress):  0.4906E-06, total energy: -0.27921066    ;
##############################################################################
#                               FINAL ENERGIES                       time    #
##############################################################################
# Thomas-Fermi Kin. Energy =   3.139808917381E+00 eV                 0.000 s #
# Von-Weizsacker Kin. Ener =   2.515005468683E-01 eV                 0.000 s #
# Wang-Teter Kinetic Energ =  -7.734217375841E-02 eV                 0.000 s #
#                                                                            #
#     LDA Exch-Corr Energy =  -5.020813264279E+00 eV                 0.000 s #
#         Coulombic Energy =   1.465638412407E-02 eV                 0.000 s #
#      Ion-Electron Energy =   1.920930910345E+00 eV                 0.000 s #
#           Ion-Ion Energy =  -7.826449686794E+00 eV                 0.000 s #
#                                                                            #
#     TOTAL KINETIC ENERGY =   3.313967290491E+00 eV                         #
#   TOTAL POTENTIAL ENERGY =  -1.091167565660E+01 eV                         #
#             TOTAL ENERGY =  -7.597708366113E+00 eV                         #
##############################################################################
  
 ----------------------------- TIME INFORMATION ------------------------------
    PROFESS      :      1.69s WALL    100.00% (       1 calls)     1.69s/call
    InitPROFESS  :      0.04s WALL      2.34% (       1 calls)     0.04s/call
    KEDFRefresh  :      0.34s WALL     19.99% (      15 calls)     0.02s/call
    IonRefresh   :      0.01s WALL      0.45% (      15 calls)     0.00s/call
    EwaldEnergy  :      0.00s WALL      0.19% (      15 calls)     0.00s/call
    Pot_Ion      :      0.00s WALL      0.10% (     702 calls)     0.00s/call
    Pot_Har      :      0.03s WALL      1.99% (     702 calls)     0.00s/call
    Pot_Exc      :      0.21s WALL     12.41% (     702 calls)     0.00s/call
    Pot_KEDF     :      0.89s WALL     52.58% (     702 calls)     0.00s/call
    VWPotSqrPlus :      0.03s WALL      1.85% (     702 calls)     0.00s/call
    NextGradient :      0.00s WALL      0.09% (      48 calls)     0.00s/call
    CalForce     :      0.01s WALL      0.34% (      15 calls)     0.00s/call
    EwaldForces  :      0.00s WALL      0.20% (      15 calls)     0.00s/call
    CalStress    :      0.03s WALL      2.02% (      15 calls)     0.00s/call
    EwaldStress  :      0.00s WALL      0.10% (      15 calls)     0.00s/call
 -----------------------------------------------------------------------------
 ------------------------------- TOTAL ---------------------------------------
    PROFESS      :      1.69s WALL    100.00% (       1 calls)     1.69s/call
 -----------------------------------------------------------------------------

Run completed on: 08/14/2021 at 17:31:22 
  
