 ******************************************************************************
                             WELCOME TO PROFESS                   
            (PRinceton Orbital-Free Electronic Structure Software) 
 ******************************************************************************

 ------------------------------------------------------------------------------
                           READ GEOMETRY
 Cell length (Bohr)    3.787E+01   3.787E+01   3.787E+01
 Angle     (Degree)    9.000E+01   9.000E+01   9.000E+01
 Volume    (Bohr^3)    5.429E+04

 ------------------------------------------------------------------------------
                           READ PSEUDOPOTENTIAL
 Total electron number in ReadPseudo is    1500.0000000000000     
 (System) Machine Precision              :    2.2204460492503131E-016

 ------------------------------------------------------------------------------
                           SETUP FFT
 Global FFT Dimension :    96   96   96
 Rank/Size in Global Communicator     :            0 /           1
 Rank/Size in Global FFT Communicator :            0 /           1
 Parallel FFT, totX    =    96
 Parallel FFT, totY    =    96
 Parallel FFT, locZ    =    96
 Parallel FFT, locZoff =     0
 Dimension of rho for this processor : 
 xmin, xmax :            0          95
 ymin, ymax :            0          95
 zmin, zmax :            0          95
 Total electron number =    1500.0000000000000     
 Uniform rhoR =    2.7629067229357453E-002
 (GB INFO) FFT size      :       96      96      96
 (GB INFO) FFT offset    :        0
 (GB INFO) FFT G size    :       49      96      96
 (GB INFO) FFT G offset  :        0

 ------------------------------------------------------------------------------
                           SETUP KEDF
 kinetic energy density functional number is            4
 ( 1=TF, 2=VW, 3=TF+VW, 4=WT,  5=WGC,  
   7=LQ, 8=HQ, 10=CAT,  11=HC, 12=WGCD,
   15=GGA, 16=WGCD+GGA, 17=EVT, 18=EVC )
 qTable dimension:    49   96   96
 Coefficient for TF KEDF is     1.0000
 Coefficient for VW KEDF is     1.0000
 Coefficient for alpha in WT KEDF is     0.8333
 Coefficient for beta  in WT KEDF is     0.8333
 rho0 (Electron/Bohr^3) in WGC KEDF is     0.0276
 hold0 =  F
  dV of each real space grid is now    6.1363671559022573E-002
 Cell length (Bohr)    3.787E+01   3.787E+01   3.787E+01
 Angle     (Degree)    9.000E+01   9.000E+01   9.000E+01
 Volume    (Bohr^3)    5.429E+04

 ------------------------------------------------------------------------------
                           SETUP EWALD 
 (Ewald) eta                             :   0.6391    
 (Ewald) Real Space Cutoff               :    8.545     (Bohr)
 (Ewald) Reciprocal Cutoff               :    7.882     (1/Bohr)

 ------------------------------------------------------------------------------
                           SETUP PLANE WAVE 
 Read in WT kernel.
 kernel file name  : 11PROFESS_KERNEL.dat          
 KEDF type         :     4
 Fermi vector      :   1.182014212099E+00
 Reference density :  -1.000000000000E+00
 Mesh points       :   200002
 Fermi vector in this cell is    1.8705058469857898     
 Fermi vector from kernel file is    1.1820142120987149     
 First qNorm is    0.0000000000000000     
 size of Wang-Teter kernel in this run is           49          96          96
 Max |G| in this calculation is   1.379558287358E+01
 Max eta used from kernel is   7.375321972829E+00

 ------------------------------------------------------------------------------
                           REFRESH ION POSITIONS
  
 Calculating Ion-Ion Energy ...                   complete.     0.109 s
  
 Calculating Ion-Electron Potential (spline) ... 
 complete.     0.071 s

 ------------------------------------------------------------------------------
                           DENSITY OPTIMIZATION
 Electron number for spin            1  is    1500.0000000219898     
 Cell Volume      :          8045.044100 Angstrom^3
 Ion number       :                  500
 Electron number  :          1500.000000
 Ion density      :             0.062150 Ion/Angstrom^3
 Electron density :             0.186450 Electron/Angstrom^3
##############################################################################
#                               FINAL ENERGIES                       time    #
##############################################################################
# Thomas-Fermi Kin. Energy =   1.087284603152E+04 eV                 0.000 s #
# Von-Weizsacker Kin. Ener =   8.529663694296E+02 eV                 0.000 s #
# Wang-Teter Kinetic Energ =  -2.666134550133E+02 eV                 0.000 s #
#                                                                            #
#     LDA Exch-Corr Energy =  -1.099506603407E+04 eV                 0.000 s #
#         Coulombic Energy =   4.450748470998E+01 eV                 0.000 s #
#      Ion-Electron Energy =   7.622339401934E+03 eV                 0.000 s #
#           Ion-Ion Energy =  -3.706702592363E+04 eV                 0.000 s #
#                                                                            #
#     TOTAL KINETIC ENERGY =   1.145919894594E+04 eV                         #
#   TOTAL POTENTIAL ENERGY =  -4.039524507106E+04 eV                         #
#             TOTAL ENERGY =  -2.893604612512E+04 eV                         #
##############################################################################
  
 ----------------------------- TIME INFORMATION ------------------------------
    PROFESS      :     36.87s WALL    100.00% (       1 calls)    36.87s/call
    InitPROFESS  :      0.51s WALL      1.37% (       1 calls)     0.51s/call
    KEDFRefresh  :      0.26s WALL      0.70% (       1 calls)     0.26s/call
    IonRefresh   :      0.21s WALL      0.56% (       1 calls)     0.21s/call
    EwaldEnergy  :      0.11s WALL      0.30% (       1 calls)     0.11s/call
    Pot_Ion      :      0.08s WALL      0.23% (      68 calls)     0.00s/call
    Pot_Har      :      2.26s WALL      6.13% (      68 calls)     0.03s/call
    Pot_Exc      :      5.41s WALL     14.68% (      68 calls)     0.08s/call
    Pot_KEDF     :     26.71s WALL     72.47% (      68 calls)     0.39s/call
    VWPotSqrPlus :      2.17s WALL      5.89% (      68 calls)     0.03s/call
    NextGradient :      0.11s WALL      0.30% (       9 calls)     0.01s/call
 -----------------------------------------------------------------------------
 ------------------------------- TOTAL ---------------------------------------
    PROFESS      :     36.87s WALL    100.00% (       1 calls)    36.87s/call
 -----------------------------------------------------------------------------

Run completed on: 11/28/2022 at 18:09:37 
  
