                                                                                     
                             WELCOME TO ABACUS                                       
                                                                                     
               'Atomic-orbital Based Ab-initio Computation at UStc'                  
                                                                                     
                     Website: http://abacus.ustc.edu.cn/                             
                                                                                     
    Version: Parallel, in development
    Processor Number is 16
    Start Time is Tue Apr 19 16:08:23 2022
                                                                                     
 ------------------------------------------------------------------------------------

 READING GENERAL INFORMATION
                           global_out_dir = OUT.stack/
                           global_in_card = INPUT
                               pseudo_dir = 
                              orbital_dir = 
                              pseudo_type = blps
                                    DRANK = 1
                                    DSIZE = 16
                                   DCOLOR = 1
                                    GRANK = 1
                                    GSIZE = 1




 >>>>>>>>>>>>>>>>>>>>>>>>>>>>>>>>>>>>>>>>>>>>>>>>>>>>>>>>>>>>>>>>>>>>>>
 |                                                                    |
 | Reading atom information in unitcell:                              |
 | From the input file and the structure file we know the number of   |
 | different elments in this unitcell, then we list the detail        |
 | information for each element, especially the zeta and polar atomic |
 | orbital number for each element. The total atom number is counted. |
 | We calculate the nearest atom distance for each atom and show the  |
 | Cartesian and Direct coordinates for each atom. We list the file   |
 | address for atomic orbitals. The volume and the lattice vectors    |
 | in real and reciprocal space is also shown.                        |
 |                                                                    |
 <<<<<<<<<<<<<<<<<<<<<<<<<<<<<<<<<<<<<<<<<<<<<<<<<<<<<<<<<<<<<<<<<<<<<<




 READING UNITCELL INFORMATION
                                    ntype = 1
                 atom label for species 1 = Al
                  lattice constant (Bohr) = 7.50241
              lattice constant (Angstrom) = 3.9701

 READING ATOM TYPE 1
                               atom label = Al
                      L=0, number of zeta = 1
                      L=1, number of zeta = 1
                      L=2, number of zeta = 1
             number of atom for this type = 22
                      start magnetization = FALSE
                      start magnetization = FALSE
                      start magnetization = FALSE
                      start magnetization = FALSE
                      start magnetization = FALSE
                      start magnetization = FALSE
                      start magnetization = FALSE
                      start magnetization = FALSE
                      start magnetization = FALSE
                      start magnetization = FALSE
                      start magnetization = FALSE
                      start magnetization = FALSE
                      start magnetization = FALSE
                      start magnetization = FALSE
                      start magnetization = FALSE
                      start magnetization = FALSE
                      start magnetization = FALSE
                      start magnetization = FALSE
                      start magnetization = FALSE
                      start magnetization = FALSE
                      start magnetization = FALSE
                      start magnetization = FALSE

                        TOTAL ATOM NUMBER = 22

 DIRECT COORDINATES
         atom                   x                   y                   z                 mag                  vx                  vy                  vz
     taud_Al1                   0                   0                   0                   0                   0                   0                   0
     taud_Al2            0.333333            0.333333           0.0454545                   0                   0                   0                   0
     taud_Al3            0.666667            0.666667           0.0909091                   0                   0                   0                   0
     taud_Al4                   0                   0            0.136364                   0                   0                   0                   0
     taud_Al5            0.333333            0.333333            0.181818                   0                   0                   0                   0
     taud_Al6                   0                   0            0.227273                   0                   0                   0                   0
     taud_Al7                 0.5                 0.5            0.272727                   0                   0                   0                   0
     taud_Al8            0.833333            0.833333            0.318182                   0                   0                   0                   0
     taud_Al9            0.166667            0.166667            0.363636                   0                   0                   0                   0
    taud_Al10                 0.5                 0.5            0.409091                   0                   0                   0                   0
    taud_Al11            0.833333            0.833333            0.454545                   0                   0                   0                   0
    taud_Al12                 0.5                 0.5                 0.5                   0                   0                   0                   0
    taud_Al13            0.166667            0.166667            0.545455                   0                   0                   0                   0
    taud_Al14            0.833333            0.833333            0.590909                   0                   0                   0                   0
    taud_Al15                 0.5                 0.5            0.636364                   0                   0                   0                   0
    taud_Al16                   0                   0            0.681818                   0                   0                   0                   0
    taud_Al17            0.333333            0.333333            0.727273                   0                   0                   0                   0
    taud_Al18                   0                   0            0.772727                   0                   0                   0                   0
    taud_Al19            0.666667            0.666667            0.818182                   0                   0                   0                   0
    taud_Al20            0.333333            0.333333            0.863636                   0                   0                   0                   0
    taud_Al21                   0                   0            0.909091                   0                   0                   0                   0
    taud_Al22            0.666667            0.666667            0.954545                   0                   0                   0                   0


                          Volume (Bohr^3) = 2322.55
                             Volume (A^3) = 344.166

 Lattice vectors: (Cartesian coordinate: in unit of a_0)
            +0.707107                  +0                  +0
            +0.353553           +0.612372                  +0
                   +0                  +0            +12.7017
 Reciprocal vectors: (Cartesian coordinate: in unit of 2 pi/a_0)
             +1.41421           -0.816497                  +0
                   +0            +1.63299                  -0
                   +0                  -0          +0.0787296




 >>>>>>>>>>>>>>>>>>>>>>>>>>>>>>>>>>>>>>>>>>>>>>>>>>>>>>>>>>>>>>>>>>>>>>
 |                                                                    |
 | Reading pseudopotentials files:                                    |
 | The pseudopotential file is in UPF format. The 'NC' indicates that |
 | the type of pseudopotential is 'norm conserving'. Functional of    |
 | exchange and correlation is decided by 4 given parameters in UPF   |
 | file.  We also read in the 'core correction' if there exists.      |
 | Also we can read the valence electrons number and the maximal      |
 | angular momentum used in this pseudopotential. We also read in the |
 | trail wave function, trail atomic density and local-pseudopotential|
 | on logrithmic grid. The non-local pseudopotential projector is also|
 | read in if there is any.                                           |
 |                                                                    |
 <<<<<<<<<<<<<<<<<<<<<<<<<<<<<<<<<<<<<<<<<<<<<<<<<<<<<<<<<<<<<<<<<<<<<<




                PAO radial cut off (Bohr) = 16

 Read in pseudopotential file is al.lda.lps
                     pseudopotential type = 
                            functional Ex = LDA
                            functional Ec = LDA
                          functional GCEx = NOGX
                          functional GCEc = NOGC
                 nonlocal core correction = 0
                        valence electrons = 3
                                     lmax = 0
                           number of zeta = 0
                     number of projectors = 0
     initial pseudo atomic orbital number = 0
                                   NLOCAL = 198

 SETUP THE ELECTRONS NUMBER
            electron number of element Al = 3
      total electron number of element Al = 66
                           occupied bands = 33
                                   NBANDS = 36
 DONE : SETUP UNITCELL Time : 0.00899276 (SEC)





 >>>>>>>>>>>>>>>>>>>>>>>>>>>>>>>>>>>>>>>>>>>>>>>>>>>>>>>>>>>>>>>>>>>>>>
 |                                                                    |
 | Doing symmetry analysis:                                           |
 | We calculate the norm of 3 vectors and the angles between them,    |
 | the type of Bravais lattice is given. We can judge if the unticell |
 | is a primitive cell. Finally we give the point group operation for |
 | this unitcell. We we use the point group operations to do symmetry |
 | analysis on given k-point mesh and the charge density.             |
 |                                                                    |
 <<<<<<<<<<<<<<<<<<<<<<<<<<<<<<<<<<<<<<<<<<<<<<<<<<<<<<<<<<<<<<<<<<<<<<




 LATTICE VECTORS: (CARTESIAN COORDINATE: IN UNIT OF A0)
            +0.707107                  +0                  +0
            +0.353553           +0.612372                  +0
                   +0                  +0            +12.7017
                       right hand lattice = 1
                                   NORM_A = 0.707107
                                   NORM_B = 0.707107
                                   NORM_C = 12.7017
                           ALPHA (DEGREE) = 60
                           BETA  (DEGREE) = 90
                           GAMMA (DEGREE) = 90
                             BRAVAIS TYPE = 4
                     BRAVAIS LATTICE NAME = 04. Hexagonal cell
 STANDARD LATTICE VECTORS: (CARTESIAN COORDINATE: IN UNIT OF A0)
            +0.707107                  +0                  +0
            +0.353553           +0.612372                  +0
                   +0                  +0            +12.7017
                                    IBRAV = 4
                                  BRAVAIS = HEXAGONAL CELL
                       LATTICE CONSTANT A = 38.1903
                                C/A RATIO = 0.666981
                                    ibrav = 4
                        ROTATION MATRICES = 24
              PURE POINT GROUP OPERATIONS = 2
                   SPACE GROUP OPERATIONS = 4
                                       C2 = 0
                                       C3 = 0
                                       C4 = 0
                                       C6 = 0
                                       S1 = 1
                                       S3 = 0
                                       S4 = 0
                                       S6 = 0
                              POINT GROUP = C_1h
 DONE : SYMMETRY Time : 0.0430738 (SEC)





 >>>>>>>>>>>>>>>>>>>>>>>>>>>>>>>>>>>>>>>>>>>>>>>>>>>>>>>>>>>>>>>>>>>>>>
 |                                                                    |
 | Setup K-points                                                     |
 | We setup the k-points according to input parameters.               |
 | The reduced k-points are set according to symmetry operations.     |
 | We treat the spin as another set of k-points.                      |
 |                                                                    |
 <<<<<<<<<<<<<<<<<<<<<<<<<<<<<<<<<<<<<<<<<<<<<<<<<<<<<<<<<<<<<<<<<<<<<<





 SETUP K-POINTS
                                    nspin = 1
                   Input type of k points = Monkhorst-Pack(Gamma)
                                   nkstot = 100
                               nkstot_ibz = 31
      IBZ             DirectX             DirectY             DirectZ              Weight    ibz2bz
        1                   0                   0                 0.5                0.01         0
        2                   0                 0.9                 0.5                0.04         1
        3                 0.8                   0                 0.5                0.04         2
        4                   0                 0.7                 0.5                0.04         3
        5                 0.6                   0                 0.5                0.04         4
        6                   0                 0.5                 0.5                0.02         5
        7                 0.9                 0.9                 0.5                0.02        11
        8                 0.9                 0.8                 0.5                0.04        12
        9                 0.9                 0.7                 0.5                0.04        13
       10                 0.9                 0.6                 0.5                0.04        14
       11                 0.9                 0.5                 0.5                0.04        15
       12                 0.9                 0.4                 0.5                0.04        16
       13                 0.9                 0.3                 0.5                0.04        17
       14                 0.9                 0.2                 0.5                0.04        18
       15                 0.9                 0.1                 0.5                0.02        19
       16                 0.8                 0.8                 0.5                0.02        22
       17                 0.8                 0.7                 0.5                0.04        23
       18                 0.8                 0.6                 0.5                0.04        24
       19                 0.8                 0.5                 0.5                0.04        25
       20                 0.8                 0.4                 0.5                0.04        26
       21                 0.8                 0.3                 0.5                0.04        27
       22                 0.2                 0.8                 0.5                0.02        28
       23                 0.7                 0.7                 0.5                0.02        33
       24                 0.7                 0.6                 0.5                0.04        34
       25                 0.7                 0.5                 0.5                0.04        35
       26                 0.7                 0.4                 0.5                0.04        36
       27                 0.7                 0.3                 0.5                0.02        37
       28                 0.6                 0.6                 0.5                0.02        44
       29                 0.6                 0.5                 0.5                0.04        45
       30                 0.4                 0.6                 0.5                0.02        46
       31                 0.5                 0.5                 0.5                0.01        55
                               nkstot now = 31

  KPOINTS            DIRECT_X            DIRECT_Y            DIRECT_Z              WEIGHT
        1                   0                   0                 0.5                0.01
        2                   0                 0.9                 0.5                0.04
        3                 0.8                   0                 0.5                0.04
        4                   0                 0.7                 0.5                0.04
        5                 0.6                   0                 0.5                0.04
        6                   0                 0.5                 0.5                0.02
        7                 0.9                 0.9                 0.5                0.02
        8                 0.9                 0.8                 0.5                0.04
        9                 0.9                 0.7                 0.5                0.04
       10                 0.9                 0.6                 0.5                0.04
       11                 0.9                 0.5                 0.5                0.04
       12                 0.9                 0.4                 0.5                0.04
       13                 0.9                 0.3                 0.5                0.04
       14                 0.9                 0.2                 0.5                0.04
       15                 0.9                 0.1                 0.5                0.02
       16                 0.8                 0.8                 0.5                0.02
       17                 0.8                 0.7                 0.5                0.04
       18                 0.8                 0.6                 0.5                0.04
       19                 0.8                 0.5                 0.5                0.04
       20                 0.8                 0.4                 0.5                0.04
       21                 0.8                 0.3                 0.5                0.04
       22                 0.2                 0.8                 0.5                0.02
       23                 0.7                 0.7                 0.5                0.02
       24                 0.7                 0.6                 0.5                0.04
       25                 0.7                 0.5                 0.5                0.04
       26                 0.7                 0.4                 0.5                0.04
       27                 0.7                 0.3                 0.5                0.02
       28                 0.6                 0.6                 0.5                0.02
       29                 0.6                 0.5                 0.5                0.04
       30                 0.4                 0.6                 0.5                0.02
       31                 0.5                 0.5                 0.5                0.01

           k-point number in this process = 31
       minimum distributed K point number = 31

  KPOINTS         CARTESIAN_X         CARTESIAN_Y         CARTESIAN_Z              WEIGHT
        1                   0                   0           0.0393648                0.02
        2                   0             1.46969           0.0393648                0.08
        3             1.13137           -0.653197           0.0393648                0.08
        4                   0              1.1431           0.0393648                0.08
        5            0.848528           -0.489898           0.0393648                0.08
        6                   0            0.816497           0.0393648                0.04
        7             1.27279            0.734847           0.0393648                0.04
        8             1.27279            0.571548           0.0393648                0.08
        9             1.27279            0.408248           0.0393648                0.08
       10             1.27279            0.244949           0.0393648                0.08
       11             1.27279           0.0816497           0.0393648                0.08
       12             1.27279          -0.0816497           0.0393648                0.08
       13             1.27279           -0.244949           0.0393648                0.08
       14             1.27279           -0.408248           0.0393648                0.08
       15             1.27279           -0.571548           0.0393648                0.04
       16             1.13137            0.653197           0.0393648                0.04
       17             1.13137            0.489898           0.0393648                0.08
       18             1.13137            0.326599           0.0393648                0.08
       19             1.13137            0.163299           0.0393648                0.08
       20             1.13137                   0           0.0393648                0.08
       21             1.13137           -0.163299           0.0393648                0.08
       22            0.282843              1.1431           0.0393648                0.04
       23            0.989949            0.571548           0.0393648                0.04
       24            0.989949            0.408248           0.0393648                0.08
       25            0.989949            0.244949           0.0393648                0.08
       26            0.989949           0.0816497           0.0393648                0.08
       27            0.989949          -0.0816497           0.0393648                0.04
       28            0.848528            0.489898           0.0393648                0.04
       29            0.848528            0.326599           0.0393648                0.08
       30            0.565685            0.653197           0.0393648                0.04
       31            0.707107            0.408248           0.0393648                0.02

  KPOINTS            DIRECT_X            DIRECT_Y            DIRECT_Z              WEIGHT
        1                   0                   0                 0.5                0.02
        2                   0                 0.9                 0.5                0.08
        3                 0.8                   0                 0.5                0.08
        4                   0                 0.7                 0.5                0.08
        5                 0.6                   0                 0.5                0.08
        6                   0                 0.5                 0.5                0.04
        7                 0.9                 0.9                 0.5                0.04
        8                 0.9                 0.8                 0.5                0.08
        9                 0.9                 0.7                 0.5                0.08
       10                 0.9                 0.6                 0.5                0.08
       11                 0.9                 0.5                 0.5                0.08
       12                 0.9                 0.4                 0.5                0.08
       13                 0.9                 0.3                 0.5                0.08
       14                 0.9                 0.2                 0.5                0.08
       15                 0.9                 0.1                 0.5                0.04
       16                 0.8                 0.8                 0.5                0.04
       17                 0.8                 0.7                 0.5                0.08
       18                 0.8                 0.6                 0.5                0.08
       19                 0.8                 0.5                 0.5                0.08
       20                 0.8                 0.4                 0.5                0.08
       21                 0.8                 0.3                 0.5                0.08
       22                 0.2                 0.8                 0.5                0.04
       23                 0.7                 0.7                 0.5                0.04
       24                 0.7                 0.6                 0.5                0.08
       25                 0.7                 0.5                 0.5                0.08
       26                 0.7                 0.4                 0.5                0.08
       27                 0.7                 0.3                 0.5                0.04
       28                 0.6                 0.6                 0.5                0.04
       29                 0.6                 0.5                 0.5                0.08
       30                 0.4                 0.6                 0.5                0.04
       31                 0.5                 0.5                 0.5                0.02
 DONE : INIT K-POINTS Time : 0.0436617 (SEC)





 >>>>>>>>>>>>>>>>>>>>>>>>>>>>>>>>>>>>>>>>>>>>>>>>>>>>>>>>>>>>>>>>>>>>>>
 |                                                                    |
 | Setup plane waves:                                                 |
 | Use the energy cutoff and the lattice vectors to generate the      |
 | dimensions of FFT grid. The number of FFT grid on each processor   |
 | is 'nrxx'. The number of plane wave basis in reciprocal space is   |
 | different for charege/potential and wave functions. We also set    |
 | the 'sticks' for the parallel of FFT.                              |
 |                                                                    |
 <<<<<<<<<<<<<<<<<<<<<<<<<<<<<<<<<<<<<<<<<<<<<<<<<<<<<<<<<<<<<<<<<<<<<<





 SETUP THE PLANE WAVE BASIS
     energy cutoff for wavefunc (unit:Ry) = 40
            [fft grid for wave functions] = 24, 24, 384
          [fft grid for charge/potential] = 24, 24, 384
                      [fft grid division] = 1, 1, 1
      [big fft grid for charge/potential] = 24, 24, 384
                                     nbxx = 13824
                                     nrxx = 13824

 SETUP PLANE WAVES FOR CHARGE/POTENTIAL
                    number of plane waves = 79703
                         number of sticks = 313

 SETUP PLANE WAVES FOR WAVE FUNCTIONS
                    number of plane waves = 16897
                         number of sticks = 109

 PARALLEL PW FOR CHARGE/POTENTIAL
     PROC   COLUMNS(POT)             PW
        1             20           5012
        2             19           4961
        3             19           4961
        4             20           4976
        5             20           4976
        6             20           5010
        7             20           5008
        8             20           5000
        9             19           4961
       10             20           5010
       11             19           4961
       12             19           4961
       13             19           4961
       14             19           4961
       15             20           5010
       16             20           4974
 --------------- sum -------------------
       16            313          79703

 PARALLEL PW FOR WAVE FUNCTIONS
     PROC     COLUMNS(W)             PW
        1              7           1065
        2              7           1067
        3              7           1059
        4              7           1047
        5              7           1047
        6              6           1030
        7              7           1063
        8              7           1053
        9              7           1053
       10              7           1087
       11              7           1087
       12              6           1022
       13              6           1028
       14              7           1063
       15              7           1063
       16              7           1063
 --------------- sum -------------------
       16            109          16897

 SETUP COORDINATES OF PLANE WAVES
              number of total plane waves = 79703

 SETUP COORDINATES OF PLANE WAVES
                            number of |g| = 2270
                                  max |g| = 228.078
                                  min |g| = 0
 DONE : INIT PLANEWAVE Time : 0.0852214 (SEC)

                                     npwx = 748

 SETUP NONLOCAL PSEUDOPOTENTIALS IN PLANE WAVE BASIS
 Al non-local projectors:
      TOTAL NUMBER OF NONLOCAL PROJECTORS = 0

 nhm = 0, not allocate some matrix. DONE : LOCAL POTENTIAL Time : 0.128609 (SEC)


 Init Non-Local PseudoPotential table : 
 Init Non-Local-Pseudopotential done.
 DONE : NON-LOCAL POTENTIAL Time : 0.128764 (SEC)

                                start_pot = atomic
 DONE : INIT POTENTIAL Time : 0.209297 (SEC)


 Make real space PAO into reciprocal space.
       max mesh points in Pseudopotential = 1601
     dq(describe PAO in reciprocal space) = 0.01
                                    max q = 764

 number of pseudo atomic orbitals for Al is 0
 DONE : INIT BASIS Time : 2.59075 (SEC)


 -------------------------------------------
 RELAX CELL : 1
 RELAX IONS : 1 (in total: 1)
 -------------------------------------------

 PW ALGORITHM --------------- ION=   1  ELEC=   1--------------------------------
  K-point    CG iter num      Time(Sec)
        1       8.027778       0.110677
        2       8.166667       0.113485
        3       8.500000       0.117109
        4       8.055556       0.111484
        5       8.000000       0.109597
        6       7.972222       0.110121
        7       7.972222       0.111182
        8       7.888889       0.111855
        9       8.416667       0.115380
       10       8.111111       0.111501
       11       8.500000       0.117465
       12       8.611111       0.118405
       13       8.083333       0.112014
       14       8.416667       0.116907
       15       8.333333       0.115865
       16       8.000000       0.110985
       17       8.500000       0.116781
       18       8.250000       0.112659
       19       8.694444       0.130034
       20       7.944444       0.114727
       21       8.527778       0.117337
       22       8.166667       0.118815
       23       8.305556       0.114535
       24       7.972222       0.109511
       25       8.055556       0.110634
       26       7.833333       0.108038
       27       7.861111       0.107601
       28       8.250000       0.115107
       29       8.166667       0.111898
       30       7.972222       0.110204
       31       7.666667       0.106593
