 ******************************************************************************
                             WELCOME TO PROFESS                   
            (PRinceton Orbital-Free Electronic Structure Software) 
 ******************************************************************************

 ------------------------------------------------------------------------------
                           READ GEOMETRY
 Cell length (Bohr)    5.882E+00   5.882E+00   9.620E+00
 Angle     (Degree)    9.000E+01   9.000E+01   1.200E+02
 Volume    (Bohr^3)    2.882E+02

 ------------------------------------------------------------------------------
                           READ PSEUDOPOTENTIAL
 Total electron number in ReadPseudo is    4.0000000000000000     
 (System) Machine Precision              :    2.2204460492503131E-016

 ------------------------------------------------------------------------------
                           SETUP FFT
 Global FFT Dimension :    15   15   24
 Rank/Size in Global Communicator     :            0 /           1
 Rank/Size in Global FFT Communicator :            0 /           1
 Parallel FFT, totX    =    15
 Parallel FFT, totY    =    15
 Parallel FFT, locZ    =    24
 Parallel FFT, locZoff =     0
 Dimension of rho for this processor : 
 xmin, xmax :            0          14
 ymin, ymax :            0          14
 zmin, zmax :            0          23
 Total electron number =    4.0000000000000000     
 Uniform rhoR =    1.3877528423460791E-002
 (GB INFO) FFT size      :       15      15      24
 (GB INFO) FFT offset    :        0
 (GB INFO) FFT G size    :        8      15      24
 (GB INFO) FFT G offset  :        0

 ------------------------------------------------------------------------------
                           SETUP KEDF
 kinetic energy density functional number is            4
 ( 1=TF, 2=VW, 3=TF+VW, 4=WT,  5=WGC,  
   7=LQ, 8=HQ, 10=CAT,  11=HC, 12=WGCD,
   15=GGA, 16=WGCD+GGA, 17=EVT, 18=EVC )
 qTable dimension:     8   15   24
 Coefficient for TF KEDF is     1.0000
 Coefficient for VW KEDF is     1.0000
 Coefficient for alpha in WT KEDF is     0.8333
 Coefficient for beta  in WT KEDF is     0.8333
 rho0 (Electron/Bohr^3) in WGC KEDF is     0.0139
 hold0 =  F
  dV of each real space grid is now    5.3376993232344905E-002
 Cell length (Bohr)    5.882E+00   5.882E+00   9.620E+00
 Angle     (Degree)    9.000E+01   9.000E+01   1.200E+02
 Volume    (Bohr^3)    2.882E+02

 ------------------------------------------------------------------------------
                           SETUP EWALD 
 (Ewald) eta                             :   0.7290    
 (Ewald) Real Space Cutoff               :    6.587     (Bohr)
 (Ewald) Reciprocal Cutoff               :    7.477     (1/Bohr)

 ------------------------------------------------------------------------------
                           SETUP PLANE WAVE 
 Fill the 3D Wang-Teter kernel in G space

 ------------------------------------------------------------------------------
                           REFRESH ION POSITIONS
  
 Calculating Ion-Ion Energy ...                   complete.     0.001 s
  
 Calculating Ion-Electron Potential (spline) ... 
 complete.     0.001 s

 ------------------------------------------------------------------------------
                           DENSITY OPTIMIZATION
 Electron number for spin            1  is    4.0000000000004974     
 Cell Volume      :            42.712133 Angstrom^3
 Ion number       :                    2
 Electron number  :             4.000000
 Ion density      :             0.046825 Ion/Angstrom^3
 Electron density :             0.093650 Electron/Angstrom^3
##############################################################################
#                               FINAL ENERGIES                       time    #
##############################################################################
# Thomas-Fermi Kin. Energy =   1.840889812210E+01 eV                 0.000 s #
# Von-Weizsacker Kin. Ener =   1.902059423033E+00 eV                 0.000 s #
# Wang-Teter Kinetic Energ =  -7.134109272309E-01 eV                 0.000 s #
#                                                                            #
#     LDA Exch-Corr Energy =  -2.385964338125E+01 eV                 0.000 s #
#         Coulombic Energy =   1.373962871599E-01 eV                 0.000 s #
#      Ion-Electron Energy =   1.477727916501E+01 eV                 0.000 s #
#           Ion-Ion Energy =  -5.995985217781E+01 eV                 0.000 s #
#                                                                            #
#     TOTAL KINETIC ENERGY =   1.959754661790E+01 eV                         #
#   TOTAL POTENTIAL ENERGY =  -6.890482010689E+01 eV                         #
#             TOTAL ENERGY =  -4.930727348899E+01 eV                         #
##############################################################################
  
 ----------------------------- TIME INFORMATION ------------------------------
    PROFESS      :      0.58s WALL    100.00% (       1 calls)     0.58s/call
    InitPROFESS  :      0.03s WALL      5.13% (       1 calls)     0.03s/call
    KEDFRefresh  :      0.00s WALL      0.06% (       1 calls)     0.00s/call
    IonRefresh   :      0.00s WALL      0.28% (       1 calls)     0.00s/call
    EwaldEnergy  :      0.00s WALL      0.12% (       1 calls)     0.00s/call
    Pot_Ion      :      0.00s WALL      0.08% (      71 calls)     0.00s/call
    Pot_Har      :      0.01s WALL      2.35% (      71 calls)     0.00s/call
    Pot_Exc      :      0.05s WALL      8.83% (      71 calls)     0.00s/call
    Pot_KEDF     :      0.24s WALL     40.83% (      71 calls)     0.00s/call
    VWPotSqrPlus :      0.01s WALL      2.14% (      71 calls)     0.00s/call
    NextGradient :      0.00s WALL      0.08% (       6 calls)     0.00s/call
 -----------------------------------------------------------------------------
 ------------------------------- TOTAL ---------------------------------------
    PROFESS      :      0.58s WALL    100.00% (       1 calls)     0.58s/call
 -----------------------------------------------------------------------------

Run completed on: 08/19/2021 at 15:41:40 
  
