 ******************************************************************************
                             WELCOME TO PROFESS                   
            (PRinceton Orbital-Free Electronic Structure Software) 
 ******************************************************************************

 ------------------------------------------------------------------------------
                           READ GEOMETRY
 Cell length (Bohr)    5.203E+00   5.203E+00   5.203E+00
 Angle     (Degree)    1.095E+02   1.095E+02   1.095E+02
 Volume    (Bohr^3)    1.084E+02

 ------------------------------------------------------------------------------
                           READ PSEUDOPOTENTIAL
 Total electron number in ReadPseudo is    3.0000000000000000     
 (System) Machine Precision              :    2.2204460492503131E-016

 ------------------------------------------------------------------------------
                           SETUP FFT
 Global FFT Dimension :    14   14   14
 Rank/Size in Global Communicator     :            0 /           1
 Rank/Size in Global FFT Communicator :            0 /           1
 Parallel FFT, totX    =    14
 Parallel FFT, totY    =    14
 Parallel FFT, locZ    =    14
 Parallel FFT, locZoff =     0
 Dimension of rho for this processor : 
 xmin, xmax :            0          13
 ymin, ymax :            0          13
 zmin, zmax :            0          13
 Total electron number =    3.0000000000000000     
 Uniform rhoR =    2.7672299636316289E-002
 (GB INFO) FFT size      :       14      14      14
 (GB INFO) FFT offset    :        0
 (GB INFO) FFT G size    :        8      14      14
 (GB INFO) FFT G offset  :        0

 ------------------------------------------------------------------------------
                           SETUP KEDF
 kinetic energy density functional number is            4
 ( 1=TF, 2=VW, 3=TF+VW, 4=WT,  5=WGC,  
   7=LQ, 8=HQ, 10=CAT,  11=HC, 12=WGCD,
   15=GGA, 16=WGCD+GGA, 17=EVT, 18=EVC )
 qTable dimension:     8   14   14
 Coefficient for TF KEDF is     1.0000
 Coefficient for VW KEDF is     1.0000
 Coefficient for alpha in WT KEDF is     0.8333
 Coefficient for beta  in WT KEDF is     0.8333
 rho0 (Electron/Bohr^3) in WGC KEDF is     0.0277
 hold0 =  F
  dV of each real space grid is now    3.9508623244545703E-002
 Cell length (Bohr)    5.203E+00   5.203E+00   5.203E+00
 Angle     (Degree)    1.095E+02   1.095E+02   1.095E+02
 Volume    (Bohr^3)    1.084E+02

 ------------------------------------------------------------------------------
                           SETUP EWALD 
 (Ewald) eta                             :   0.7767    
 (Ewald) Real Space Cutoff               :    6.222     (Bohr)
 (Ewald) Reciprocal Cutoff               :    7.850     (1/Bohr)

 ------------------------------------------------------------------------------
                           SETUP PLANE WAVE 
 Read in WT kernel.
 kernel file name  : 8PROFESS_KERNEL.dat           
 KEDF type         :     4
 Fermi vector      :   1.182014212099E+00
 Reference density :  -1.000000000000E+00
 Mesh points       :   200002
 Fermi vector in this cell is    1.8714809592654424     
 Fermi vector from kernel file is    1.1820142120987149     
 First qNorm is    0.0000000000000000     
 size of Wang-Teter kernel in this run is            8          14          14
 Max |G| in this calculation is   2.536100921178E+01
 Max eta used from kernel is   1.355130496317E+01

 ------------------------------------------------------------------------------
                           REFRESH ION POSITIONS
  
 Calculating Ion-Ion Energy ...                   complete.     0.000 s
  
 Calculating Ion-Electron Potential (spline) ... 
 complete.     0.000 s

 ------------------------------------------------------------------------------
                           DENSITY OPTIMIZATION
 Electron number for spin            1  is    2.9999999999999973     
 Cell Volume      :            16.064951 Angstrom^3
 Ion number       :                    1
 Electron number  :             3.000000
 Ion density      :             0.062247 Ion/Angstrom^3
 Electron density :             0.186742 Electron/Angstrom^3
##############################################################################
#                               FINAL ENERGIES                       time    #
##############################################################################
# Thomas-Fermi Kin. Energy =   2.172258613448E+01 eV                 0.000 s #
# Von-Weizsacker Kin. Ener =   1.632761970221E+00 eV                 0.000 s #
# Wang-Teter Kinetic Energ =  -4.462034883149E-01 eV                 0.000 s #
#                                                                            #
#     LDA Exch-Corr Energy =  -2.198314041928E+01 eV                 0.000 s #
#         Coulombic Energy =   6.275951824413E-02 eV                 0.000 s #
#      Ion-Electron Energy =   1.538560143143E+01 eV                 0.000 s #
#           Ion-Ion Energy =  -7.417730519034E+01 eV                 0.000 s #
#                                                                            #
#     TOTAL KINETIC ENERGY =   2.290914461638E+01 eV                         #
#   TOTAL POTENTIAL ENERGY =  -8.071208465994E+01 eV                         #
#             TOTAL ENERGY =  -5.780294004356E+01 eV                         #
##############################################################################
  
 ----------------------------- TIME INFORMATION ------------------------------
    PROFESS      :      0.88s WALL    100.00% (       1 calls)     0.88s/call
    InitPROFESS  :      0.49s WALL     55.76% (       1 calls)     0.49s/call
    KEDFRefresh  :      0.46s WALL     52.30% (       1 calls)     0.46s/call
    IonRefresh   :      0.00s WALL      0.09% (       1 calls)     0.00s/call
    EwaldEnergy  :      0.00s WALL      0.04% (       1 calls)     0.00s/call
    Pot_Ion      :      0.00s WALL      0.02% (      61 calls)     0.00s/call
    Pot_Har      :      0.01s WALL      0.58% (      61 calls)     0.00s/call
    Pot_Exc      :      0.02s WALL      2.51% (      61 calls)     0.00s/call
    Pot_KEDF     :      0.10s WALL     11.50% (      61 calls)     0.00s/call
    VWPotSqrPlus :      0.00s WALL      0.55% (      61 calls)     0.00s/call
    NextGradient :      0.00s WALL      0.03% (       6 calls)     0.00s/call
 -----------------------------------------------------------------------------
 ------------------------------- TOTAL ---------------------------------------
    PROFESS      :      0.88s WALL    100.00% (       1 calls)     0.88s/call
 -----------------------------------------------------------------------------

Run completed on: 08/13/2021 at 19:21:25 
  
