 ******************************************************************************
                             WELCOME TO PROFESS                   
            (PRinceton Orbital-Free Electronic Structure Software) 
 ******************************************************************************

 ------------------------------------------------------------------------------
                           READ GEOMETRY
 Cell length (Bohr)    5.882E+00   5.882E+00   9.620E+00
 Angle     (Degree)    9.000E+01   9.000E+01   1.200E+02
 Volume    (Bohr^3)    2.882E+02

 ------------------------------------------------------------------------------
                           READ PSEUDOPOTENTIAL
 Total electron number in ReadPseudo is    4.0000000000000000     
 (System) Machine Precision              :    2.2204460492503131E-016

 ------------------------------------------------------------------------------
                           SETUP FFT
 Global FFT Dimension :    15   15   24
 Rank/Size in Global Communicator     :            0 /           1
 Rank/Size in Global FFT Communicator :            0 /           1
 Parallel FFT, totX    =    15
 Parallel FFT, totY    =    15
 Parallel FFT, locZ    =    24
 Parallel FFT, locZoff =     0
 Dimension of rho for this processor : 
 xmin, xmax :            0          14
 ymin, ymax :            0          14
 zmin, zmax :            0          23
 Total electron number =    4.0000000000000000     
 Uniform rhoR =    1.3877528423460791E-002
 (GB INFO) FFT size      :       15      15      24
 (GB INFO) FFT offset    :        0
 (GB INFO) FFT G size    :        8      15      24
 (GB INFO) FFT G offset  :        0

 ------------------------------------------------------------------------------
                           SETUP KEDF
 kinetic energy density functional number is            4
 ( 1=TF, 2=VW, 3=TF+VW, 4=WT,  5=WGC,  
   7=LQ, 8=HQ, 10=CAT,  11=HC, 12=WGCD,
   15=GGA, 16=WGCD+GGA, 17=EVT, 18=EVC )
 qTable dimension:     8   15   24
 Coefficient for TF KEDF is     1.0000
 Coefficient for VW KEDF is     1.0000
 Coefficient for alpha in WT KEDF is     0.8333
 Coefficient for beta  in WT KEDF is     0.8333
 rho0 (Electron/Bohr^3) in WGC KEDF is     0.0139
 hold0 =  F
  dV of each real space grid is now    5.3376993232344905E-002
 Cell length (Bohr)    5.882E+00   5.882E+00   9.620E+00
 Angle     (Degree)    9.000E+01   9.000E+01   1.200E+02
 Volume    (Bohr^3)    2.882E+02

 ------------------------------------------------------------------------------
                           SETUP EWALD 
 (Ewald) eta                             :   0.7290    
 (Ewald) Real Space Cutoff               :    6.587     (Bohr)
 (Ewald) Reciprocal Cutoff               :    7.477     (1/Bohr)

 ------------------------------------------------------------------------------
                           SETUP PLANE WAVE 
 Read in WT kernel.
 kernel file name  : 8PROFESS_KERNEL.dat           
 KEDF type         :     4
 Fermi vector      :   1.182014212099E+00
 Reference density :  -1.000000000000E+00
 Mesh points       :   200002
 Fermi vector in this cell is    1.4868746969690132     
 Fermi vector from kernel file is    1.1820142120987149     
 First qNorm is    0.0000000000000000     
 size of Wang-Teter kernel in this run is            8          15          24
 Max |G| in this calculation is   1.688423805941E+01
 Max eta used from kernel is   1.135552181622E+01

 ------------------------------------------------------------------------------
                           REFRESH ION POSITIONS
  
 Calculating Ion-Ion Energy ...                   complete.     0.000 s
  
 Calculating Ion-Electron Potential (spline) ... 
 complete.     0.000 s

 ------------------------------------------------------------------------------
                           DENSITY OPTIMIZATION
 Electron number for spin            1  is    4.0000000000004974     
 Cell Volume      :            42.712133 Angstrom^3
 Ion number       :                    2
 Electron number  :             4.000000
 Ion density      :             0.046825 Ion/Angstrom^3
 Electron density :             0.093650 Electron/Angstrom^3
  
 Calculating Ion-Ion Forces ...                complete.     0.000 s
  
 Calculating Ion-Electron Forces (spline) ...  complete.     0.000 s
  
 Calculating Ion-Electron Stress (spline) ...  complete.     0.001 s
  
 Calculating Ion-Ion Stress ...                complete.     0.000 s
  
 ------------------------------------------------------------------------------
                         LATTICE VECTORS (Angstrom)
 LAT 1           3.112650        0.000000        0.000000
 LAT 2          -1.556325        2.695634        0.000000
 LAT 3           0.000000        0.000000        5.090495
 ------------------------------------------------------------------------------
                                STRESS (GPa)
 ST_GPa 1        0.912502        0.000000        0.000000
 ST_GPa 2        0.000000        0.912503        0.000000
 ST_GPa 3        0.000000        0.000000        1.133508
  
 --------------------------------------------------
 STRESS (a.u.)
 --------------------------------------------------
 ST_AU  1   3.1015326950E-05   7.6086604761E-12   2.7359895191E-12
 ST_AU  2   7.6086604761E-12   3.1015366918E-05   7.7521054622E-12
 ST_AU  3   2.7359895191E-12   7.7521054622E-12   3.8527154592E-05
; Cell optimization at step  1, max(stress):  0.3853E-04, total energy:  -1.8138678    ;
  dV of each real space grid is now    5.2860109313269385E-002
 Cell length (Bohr)    5.864E+00   5.864E+00   9.606E+00
 Angle     (Degree)    9.000E+01   9.000E+01   1.202E+02
 Volume    (Bohr^3)    2.854E+02
  dV of each real space grid is now    5.2860109313269385E-002
 Cell length (Bohr)    5.864E+00   5.864E+00   9.606E+00
 Angle     (Degree)    9.000E+01   9.000E+01   1.202E+02
 Volume    (Bohr^3)    2.854E+02

 ------------------------------------------------------------------------------
                           SETUP EWALD 
 (Ewald) eta                             :   0.7343    
 (Ewald) Real Space Cutoff               :    6.540     (Bohr)
 (Ewald) Reciprocal Cutoff               :    7.501     (1/Bohr)

 ------------------------------------------------------------------------------
                           SETUP PLANE WAVE 
 Read in WT kernel.
 kernel file name  : 8PROFESS_KERNEL.dat           
 KEDF type         :     4
 Fermi vector      :   1.182014212099E+00
 Reference density :  -1.000000000000E+00
 Mesh points       :   200002
 Fermi vector in this cell is    1.4917053725721161     
 Fermi vector from kernel file is    1.1820142120987149     
 First qNorm is    0.0000000000000000     
 size of Wang-Teter kernel in this run is            8          15          24
 Max |G| in this calculation is   1.697217029402E+01
 Max eta used from kernel is   1.137769602905E+01

 ------------------------------------------------------------------------------
                           REFRESH ION POSITIONS
  
 Calculating Ion-Ion Energy ...                   complete.     0.000 s
  
 Calculating Ion-Electron Potential (spline) ... 
 complete.     0.000 s
 Rescale the total density from   0.209393 to          4

 ------------------------------------------------------------------------------
                           DENSITY OPTIMIZATION
 Electron number for spin            1  is    4.0000000000000107     
 Cell Volume      :            42.298524 Angstrom^3
 Ion number       :                    2
 Electron number  :             4.000000
 Ion density      :             0.047283 Ion/Angstrom^3
 Electron density :             0.094566 Electron/Angstrom^3
  
 Calculating Ion-Ion Forces ...                complete.     0.000 s
  
 Calculating Ion-Electron Forces (spline) ...  complete.     0.000 s
  
 Calculating Ion-Electron Stress (spline) ...  complete.     0.001 s
  
 Calculating Ion-Ion Stress ...                complete.     0.000 s
  
 ------------------------------------------------------------------------------
                         LATTICE VECTORS (Angstrom)
 LAT 1           3.102999       -0.005572       -0.000000
 LAT 2          -1.556325        2.684490       -0.000000
 LAT 3          -0.000000       -0.000000        5.083164
 ------------------------------------------------------------------------------
                                STRESS (GPa)
 ST_GPa 1        0.578472       -0.088439       -0.000000
 ST_GPa 2       -0.088439        0.476351        0.000000
 ST_GPa 3       -0.000000        0.000000        0.864120
  
 --------------------------------------------------
 STRESS (a.u.)
 --------------------------------------------------
 ST_AU  1   1.9661868697E-05  -3.0059818396E-06  -1.0865297521E-11
 ST_AU  2  -3.0059818396E-06   1.6190852750E-05   2.9095460184E-12
 ST_AU  3  -1.0865297521E-11   2.9095460184E-12   2.9370849925E-05
; Cell optimization at step  2, max(stress):  0.2937E-04, total energy:  -1.8139208    ;
  dV of each real space grid is now    5.2517834983074552E-002
 Cell length (Bohr)    5.851E+00   5.851E+00   9.593E+00
 Angle     (Degree)    9.000E+01   9.000E+01   1.203E+02
 Volume    (Bohr^3)    2.836E+02
  dV of each real space grid is now    5.2517834983074552E-002
 Cell length (Bohr)    5.851E+00   5.851E+00   9.593E+00
 Angle     (Degree)    9.000E+01   9.000E+01   1.203E+02
 Volume    (Bohr^3)    2.836E+02

 ------------------------------------------------------------------------------
                           SETUP EWALD 
 (Ewald) eta                             :   0.7343    
 (Ewald) Real Space Cutoff               :    6.540     (Bohr)
 (Ewald) Reciprocal Cutoff               :    7.517     (1/Bohr)

 ------------------------------------------------------------------------------
                           SETUP PLANE WAVE 
 Read in WT kernel.
 kernel file name  : 8PROFESS_KERNEL.dat           
 KEDF type         :     4
 Fermi vector      :   1.182014212099E+00
 Reference density :  -1.000000000000E+00
 Mesh points       :   200002
 Fermi vector in this cell is    1.4949389869050274     
 Fermi vector from kernel file is    1.1820142120987149     
 First qNorm is    0.0000000000000000     
 size of Wang-Teter kernel in this run is            8          15          24
 Max |G| in this calculation is   1.702349399155E+01
 Max eta used from kernel is   1.138741723955E+01

 ------------------------------------------------------------------------------
                           REFRESH ION POSITIONS
  
 Calculating Ion-Ion Energy ...                   complete.     0.000 s
  
 Calculating Ion-Electron Potential (spline) ... 
 complete.     0.000 s
 Rescale the total density from   0.208711 to          4

 ------------------------------------------------------------------------------
                           DENSITY OPTIMIZATION
 Electron number for spin            1  is    3.9999999999999911     
 Cell Volume      :            42.024637 Angstrom^3
 Ion number       :                    2
 Electron number  :             4.000000
 Ion density      :             0.047591 Ion/Angstrom^3
 Electron density :             0.095182 Electron/Angstrom^3
  
 Calculating Ion-Ion Forces ...                complete.     0.001 s
  
 Calculating Ion-Electron Forces (spline) ...  complete.     0.000 s
  
 Calculating Ion-Electron Stress (spline) ...  complete.     0.001 s
  
 Calculating Ion-Ion Stress ...                complete.     0.000 s
  
 ------------------------------------------------------------------------------
                         LATTICE VECTORS (Angstrom)
 LAT 1           3.096345       -0.007941        0.000000
 LAT 2          -1.555050        2.677543       -0.000000
 LAT 3           0.000000       -0.000000        5.076514
 ------------------------------------------------------------------------------
                                STRESS (GPa)
 ST_GPa 1        0.343004       -0.130363       -0.000000
 ST_GPa 2       -0.130363        0.192473        0.000000
 ST_GPa 3       -0.000000        0.000000        0.662954
  
 --------------------------------------------------
 STRESS (a.u.)
 --------------------------------------------------
 ST_AU  1   1.1658465976E-05  -4.4309424073E-06  -1.3294104077E-11
 ST_AU  2  -4.4309424073E-06   6.5420321381E-06   5.9044676636E-12
 ST_AU  3  -1.3294104077E-11   5.9044676636E-12   2.2533341979E-05
; Cell optimization at step  3, max(stress):  0.2253E-04, total energy:  -1.8139392    ;
  dV of each real space grid is now    5.2323593185933125E-002
 Cell length (Bohr)    5.844E+00   5.844E+00   9.582E+00
 Angle     (Degree)    9.000E+01   9.000E+01   1.203E+02
 Volume    (Bohr^3)    2.825E+02
  dV of each real space grid is now    5.2323593185933125E-002
 Cell length (Bohr)    5.844E+00   5.844E+00   9.582E+00
 Angle     (Degree)    9.000E+01   9.000E+01   1.203E+02
 Volume    (Bohr^3)    2.825E+02

 ------------------------------------------------------------------------------
                           SETUP EWALD 
 (Ewald) eta                             :   0.7343    
 (Ewald) Real Space Cutoff               :    6.540     (Bohr)
 (Ewald) Reciprocal Cutoff               :    7.527     (1/Bohr)

 ------------------------------------------------------------------------------
                           SETUP PLANE WAVE 
 Read in WT kernel.
 kernel file name  : 8PROFESS_KERNEL.dat           
 KEDF type         :     4
 Fermi vector      :   1.182014212099E+00
 Reference density :  -1.000000000000E+00
 Mesh points       :   200002
 Fermi vector in this cell is    1.4967865985965210     
 Fermi vector from kernel file is    1.1820142120987149     
 First qNorm is    0.0000000000000000     
 size of Wang-Teter kernel in this run is            8          15          24
 Max |G| in this calculation is   1.704328382860E+01
 Max eta used from kernel is   1.138658232549E+01

 ------------------------------------------------------------------------------
                           REFRESH ION POSITIONS
  
 Calculating Ion-Ion Energy ...                   complete.     0.000 s
  
 Calculating Ion-Electron Potential (spline) ... 
 complete.     0.000 s
 Rescale the total density from   0.208520 to          4

 ------------------------------------------------------------------------------
                           DENSITY OPTIMIZATION
 Electron number for spin            1  is    3.9999999999999862     
 Cell Volume      :            41.869205 Angstrom^3
 Ion number       :                    2
 Electron number  :             4.000000
 Ion density      :             0.047768 Ion/Angstrom^3
 Electron density :             0.095536 Electron/Angstrom^3
  
 Calculating Ion-Ion Forces ...                complete.     0.000 s
  
 Calculating Ion-Electron Forces (spline) ...  complete.     0.000 s
  
 Calculating Ion-Electron Stress (spline) ...  complete.     0.001 s
  
 Calculating Ion-Ion Stress ...                complete.     0.000 s
  
 ------------------------------------------------------------------------------
                         LATTICE VECTORS (Angstrom)
 LAT 1           3.092313       -0.007661        0.000000
 LAT 2          -1.552791        2.674191       -0.000000
 LAT 3           0.000000       -0.000000        5.070423
 ------------------------------------------------------------------------------
                                STRESS (GPa)
 ST_GPa 1        0.202057       -0.127125       -0.000000
 ST_GPa 2       -0.127125        0.055265        0.000000
 ST_GPa 3       -0.000000        0.000000        0.532828
  
 --------------------------------------------------
 STRESS (a.u.)
 --------------------------------------------------
 ST_AU  1   6.8677880187E-06  -4.3208891897E-06  -1.5429934863E-11
 ST_AU  2  -4.3208891897E-06   1.8784325156E-06   5.9109782327E-12
 ST_AU  3  -1.5429934863E-11   5.9109782327E-12   1.8110444593E-05
; Cell optimization at step  4, max(stress):  0.1811E-04, total energy:  -1.8139509    ;
  dV of each real space grid is now    5.2218446873026347E-002
 Cell length (Bohr)    5.839E+00   5.839E+00   9.571E+00
 Angle     (Degree)    9.000E+01   9.000E+01   1.202E+02
 Volume    (Bohr^3)    2.820E+02
  dV of each real space grid is now    5.2218446873026347E-002
 Cell length (Bohr)    5.839E+00   5.839E+00   9.571E+00
 Angle     (Degree)    9.000E+01   9.000E+01   1.202E+02
 Volume    (Bohr^3)    2.820E+02

 ------------------------------------------------------------------------------
                           SETUP EWALD 
 (Ewald) eta                             :   0.7343    
 (Ewald) Real Space Cutoff               :    6.540     (Bohr)
 (Ewald) Reciprocal Cutoff               :    7.532     (1/Bohr)

 ------------------------------------------------------------------------------
                           SETUP PLANE WAVE 
 Read in WT kernel.
 kernel file name  : 8PROFESS_KERNEL.dat           
 KEDF type         :     4
 Fermi vector      :   1.182014212099E+00
 Reference density :  -1.000000000000E+00
 Mesh points       :   200002
 Fermi vector in this cell is    1.4977905610255675     
 Fermi vector from kernel file is    1.1820142120987149     
 First qNorm is    0.0000000000000000     
 size of Wang-Teter kernel in this run is            8          15          24
 Max |G| in this calculation is   1.704463076813E+01
 Max eta used from kernel is   1.137984923370E+01

 ------------------------------------------------------------------------------
                           REFRESH ION POSITIONS
  
 Calculating Ion-Ion Energy ...                   complete.     0.000 s
  
 Calculating Ion-Electron Potential (spline) ... 
 complete.     0.000 s
 Rescale the total density from   0.208454 to          4

 ------------------------------------------------------------------------------
                           DENSITY OPTIMIZATION
 Electron number for spin            1  is    3.9999999999999862     
 Cell Volume      :            41.785067 Angstrom^3
 Ion number       :                    2
 Electron number  :             4.000000
 Ion density      :             0.047864 Ion/Angstrom^3
 Electron density :             0.095728 Electron/Angstrom^3
  
 Calculating Ion-Ion Forces ...                complete.     0.000 s
  
 Calculating Ion-Electron Forces (spline) ...  complete.     0.000 s
  
 Calculating Ion-Electron Stress (spline) ...  complete.     0.001 s
  
 Calculating Ion-Ion Stress ...                complete.     0.000 s
  
 ------------------------------------------------------------------------------
                         LATTICE VECTORS (Angstrom)
 LAT 1           3.089997       -0.005945        0.000000
 LAT 2          -1.550147        2.673043       -0.000000
 LAT 3           0.000000       -0.000000        5.064562
 ------------------------------------------------------------------------------
                                STRESS (GPa)
 ST_GPa 1        0.122725       -0.099038       -0.000000
 ST_GPa 2       -0.099038        0.008365        0.000000
 ST_GPa 3       -0.000000        0.000000        0.448352
  
 --------------------------------------------------
 STRESS (a.u.)
 --------------------------------------------------
 ST_AU  1   4.1713264850E-06  -3.3662399151E-06  -1.5592847345E-11
 ST_AU  2  -3.3662399151E-06   2.8431103245E-07   4.9386209252E-12
 ST_AU  3  -1.5592847345E-11   4.9386209252E-12   1.5239166401E-05
; Cell optimization at step  5, max(stress):  0.1524E-04, total energy:  -1.8139642    ;
  dV of each real space grid is now    5.2149657265870154E-002
 Cell length (Bohr)    5.837E+00   5.837E+00   9.559E+00
 Angle     (Degree)    9.000E+01   9.000E+01   1.201E+02
 Volume    (Bohr^3)    2.816E+02
  dV of each real space grid is now    5.2149657265870154E-002
 Cell length (Bohr)    5.837E+00   5.837E+00   9.559E+00
 Angle     (Degree)    9.000E+01   9.000E+01   1.201E+02
 Volume    (Bohr^3)    2.816E+02

 ------------------------------------------------------------------------------
                           SETUP EWALD 
 (Ewald) eta                             :   0.7343    
 (Ewald) Real Space Cutoff               :    6.540     (Bohr)
 (Ewald) Reciprocal Cutoff               :    7.536     (1/Bohr)

 ------------------------------------------------------------------------------
                           SETUP PLANE WAVE 
 Read in WT kernel.
 kernel file name  : 8PROFESS_KERNEL.dat           
 KEDF type         :     4
 Fermi vector      :   1.182014212099E+00
 Reference density :  -1.000000000000E+00
 Mesh points       :   200002
 Fermi vector in this cell is    1.4984488405501111     
 Fermi vector from kernel file is    1.1820142120987149     
 First qNorm is    0.0000000000000000     
 size of Wang-Teter kernel in this run is            8          15          24
 Max |G| in this calculation is   1.703968365791E+01
 Max eta used from kernel is   1.137154849521E+01

 ------------------------------------------------------------------------------
                           REFRESH ION POSITIONS
  
 Calculating Ion-Ion Energy ...                   complete.     0.000 s
  
 Calculating Ion-Electron Potential (spline) ... 
 complete.     0.000 s
 Rescale the total density from   0.208324 to          4

 ------------------------------------------------------------------------------
                           DENSITY OPTIMIZATION
 Electron number for spin            1  is    3.9999999999999920     
 Cell Volume      :            41.730022 Angstrom^3
 Ion number       :                    2
 Electron number  :             4.000000
 Ion density      :             0.047927 Ion/Angstrom^3
 Electron density :             0.095854 Electron/Angstrom^3
  
 Calculating Ion-Ion Forces ...                complete.     0.000 s
  
 Calculating Ion-Electron Forces (spline) ...  complete.     0.000 s
  
 Calculating Ion-Electron Stress (spline) ...  complete.     0.001 s
  
 Calculating Ion-Ion Stress ...                complete.     0.000 s
  
 ------------------------------------------------------------------------------
                         LATTICE VECTORS (Angstrom)
 LAT 1           3.088584       -0.003907        0.000000
 LAT 2          -1.547675        2.672839       -0.000000
 LAT 3           0.000000       -0.000000        5.058650
 ------------------------------------------------------------------------------
                                STRESS (GPa)
 ST_GPa 1        0.071802       -0.064786       -0.000000
 ST_GPa 2       -0.064786       -0.003007        0.000000
 ST_GPa 3       -0.000000        0.000000        0.379477
  
 --------------------------------------------------
 STRESS (a.u.)
 --------------------------------------------------
 ST_AU  1   2.4405109269E-06  -2.2020373404E-06  -1.6602631396E-11
 ST_AU  2  -2.2020373404E-06  -1.0219211646E-07   4.3982242231E-12
 ST_AU  3  -1.6602631396E-11   4.3982242231E-12   1.2898150477E-05
; Cell optimization at step  6, max(stress):  0.1290E-04, total energy:  -1.8139781    ;
  dV of each real space grid is now    5.2091447569602878E-002
 Cell length (Bohr)    5.835E+00   5.835E+00   9.548E+00
 Angle     (Degree)    9.000E+01   9.000E+01   1.201E+02
 Volume    (Bohr^3)    2.813E+02
  dV of each real space grid is now    5.2091447569602878E-002
 Cell length (Bohr)    5.835E+00   5.835E+00   9.548E+00
 Angle     (Degree)    9.000E+01   9.000E+01   1.201E+02
 Volume    (Bohr^3)    2.813E+02

 ------------------------------------------------------------------------------
                           SETUP EWALD 
 (Ewald) eta                             :   0.7343    
 (Ewald) Real Space Cutoff               :    6.545     (Bohr)
 (Ewald) Reciprocal Cutoff               :    7.538     (1/Bohr)

 ------------------------------------------------------------------------------
                           SETUP PLANE WAVE 
 Read in WT kernel.
 kernel file name  : 8PROFESS_KERNEL.dat           
 KEDF type         :     4
 Fermi vector      :   1.182014212099E+00
 Reference density :  -1.000000000000E+00
 Mesh points       :   200002
 Fermi vector in this cell is    1.4990067810340282     
 Fermi vector from kernel file is    1.1820142120987149     
 First qNorm is    0.0000000000000000     
 size of Wang-Teter kernel in this run is            8          15          24
 Max |G| in this calculation is   1.703491425626E+01
 Max eta used from kernel is   1.136413421993E+01

 ------------------------------------------------------------------------------
                           REFRESH ION POSITIONS
  
 Calculating Ion-Ion Energy ...                   complete.     0.000 s
  
 Calculating Ion-Electron Potential (spline) ... 
 complete.     0.000 s
 Rescale the total density from   0.208133 to          4

 ------------------------------------------------------------------------------
                           DENSITY OPTIMIZATION
 Electron number for spin            1  is    4.0000000000000018     
 Cell Volume      :            41.683443 Angstrom^3
 Ion number       :                    2
 Electron number  :             4.000000
 Ion density      :             0.047981 Ion/Angstrom^3
 Electron density :             0.095961 Electron/Angstrom^3
  
 Calculating Ion-Ion Forces ...                complete.     0.000 s
  
 Calculating Ion-Electron Forces (spline) ...  complete.     0.000 s
  
 Calculating Ion-Electron Stress (spline) ...  complete.     0.001 s
  
 Calculating Ion-Ion Stress ...                complete.     0.000 s
  
 ------------------------------------------------------------------------------
                         LATTICE VECTORS (Angstrom)
 LAT 1           3.087695       -0.002182        0.000000
 LAT 2          -1.545737        2.672931       -0.000000
 LAT 3           0.000000       -0.000000        5.052646
 ------------------------------------------------------------------------------
                                STRESS (GPa)
 ST_GPa 1        0.032386       -0.036516       -0.000000
 ST_GPa 2       -0.036516       -0.009779        0.000000
 ST_GPa 3       -0.000000        0.000000        0.315478
  
 --------------------------------------------------
 STRESS (a.u.)
 --------------------------------------------------
 ST_AU  1   1.1007848291E-06  -1.2411519952E-06  -1.2644385105E-11
 ST_AU  2  -1.2411519952E-06  -3.3237869323E-07   4.6671377365E-12
 ST_AU  3  -1.2644385105E-11   4.6671377365E-12   1.0722885002E-05
; Cell optimization at step  7, max(stress):  0.1072E-04, total energy:  -1.8139912    ;
  dV of each real space grid is now    5.2043428054446408E-002
 Cell length (Bohr)    5.834E+00   5.834E+00   9.537E+00
 Angle     (Degree)    9.000E+01   9.000E+01   1.200E+02
 Volume    (Bohr^3)    2.810E+02
  dV of each real space grid is now    5.2043428054446408E-002
 Cell length (Bohr)    5.834E+00   5.834E+00   9.537E+00
 Angle     (Degree)    9.000E+01   9.000E+01   1.200E+02
 Volume    (Bohr^3)    2.810E+02

 ------------------------------------------------------------------------------
                           SETUP EWALD 
 (Ewald) eta                             :   0.7343    
 (Ewald) Real Space Cutoff               :    6.545     (Bohr)
 (Ewald) Reciprocal Cutoff               :    7.539     (1/Bohr)

 ------------------------------------------------------------------------------
                           SETUP PLANE WAVE 
 Read in WT kernel.
 kernel file name  : 8PROFESS_KERNEL.dat           
 KEDF type         :     4
 Fermi vector      :   1.182014212099E+00
 Reference density :  -1.000000000000E+00
 Mesh points       :   200002
 Fermi vector in this cell is    1.4994676746516560     
 Fermi vector from kernel file is    1.1820142120987149     
 First qNorm is    0.0000000000000000     
 size of Wang-Teter kernel in this run is            8          15          24
 Max |G| in this calculation is   1.703094193490E+01
 Max eta used from kernel is   1.135799205465E+01

 ------------------------------------------------------------------------------
                           REFRESH ION POSITIONS
  
 Calculating Ion-Ion Energy ...                   complete.     0.000 s
  
 Calculating Ion-Electron Potential (spline) ... 
 complete.     0.000 s
 Rescale the total density from   0.207982 to          4

 ------------------------------------------------------------------------------
                           DENSITY OPTIMIZATION
 Electron number for spin            1  is    4.0000000000000044     
 Cell Volume      :            41.645017 Angstrom^3
 Ion number       :                    2
 Electron number  :             4.000000
 Ion density      :             0.048025 Ion/Angstrom^3
 Electron density :             0.096050 Electron/Angstrom^3
  
 Calculating Ion-Ion Forces ...                complete.     0.000 s
  
 Calculating Ion-Electron Forces (spline) ...  complete.     0.000 s
  
 Calculating Ion-Electron Stress (spline) ...  complete.     0.001 s
  
 Calculating Ion-Ion Stress ...                complete.     0.000 s
  
 ------------------------------------------------------------------------------
                         LATTICE VECTORS (Angstrom)
 LAT 1           3.087345       -0.000871        0.000000
 LAT 2          -1.544427        2.673283       -0.000000
 LAT 3           0.000000       -0.000000        5.046656
 ------------------------------------------------------------------------------
                                STRESS (GPa)
 ST_GPa 1        0.006887       -0.014431       -0.000000
 ST_GPa 2       -0.014431       -0.009776        0.000000
 ST_GPa 3       -0.000000        0.000000        0.255645
  
 --------------------------------------------------
 STRESS (a.u.)
 --------------------------------------------------
 ST_AU  1   2.3408746927E-07  -4.9049668557E-07  -1.1232314003E-11
 ST_AU  2  -4.9049668557E-07  -3.3229156089E-07   4.0152468690E-12
 ST_AU  3  -1.1232314003E-11   4.0152468690E-12   8.6891881272E-06
; Cell optimization at step  8, max(stress):  0.8689E-05, total energy:  -1.8140034    ;
  dV of each real space grid is now    5.1999719680365764E-002
 Cell length (Bohr)    5.834E+00   5.834E+00   9.526E+00
 Angle     (Degree)    9.000E+01   9.000E+01   1.200E+02
 Volume    (Bohr^3)    2.808E+02
  dV of each real space grid is now    5.1999719680365764E-002
 Cell length (Bohr)    5.834E+00   5.834E+00   9.526E+00
 Angle     (Degree)    9.000E+01   9.000E+01   1.200E+02
 Volume    (Bohr^3)    2.808E+02

 ------------------------------------------------------------------------------
                           SETUP EWALD 
 (Ewald) eta                             :   0.7343    
 (Ewald) Real Space Cutoff               :    6.545     (Bohr)
 (Ewald) Reciprocal Cutoff               :    7.539     (1/Bohr)

 ------------------------------------------------------------------------------
                           SETUP PLANE WAVE 
 Read in WT kernel.
 kernel file name  : 8PROFESS_KERNEL.dat           
 KEDF type         :     4
 Fermi vector      :   1.182014212099E+00
 Reference density :  -1.000000000000E+00
 Mesh points       :   200002
 Fermi vector in this cell is    1.4998876829388579     
 Fermi vector from kernel file is    1.1820142120987149     
 First qNorm is    0.0000000000000000     
 size of Wang-Teter kernel in this run is            8          15          24
 Max |G| in this calculation is   1.702934561549E+01
 Max eta used from kernel is   1.135374722334E+01

 ------------------------------------------------------------------------------
                           REFRESH ION POSITIONS
  
 Calculating Ion-Ion Energy ...                   complete.     0.000 s
  
 Calculating Ion-Electron Potential (spline) ... 
 complete.     0.000 s
 Rescale the total density from   0.207824 to          4

 ------------------------------------------------------------------------------
                           DENSITY OPTIMIZATION
 Electron number for spin            1  is    3.9999999999999996     
 Cell Volume      :            41.610042 Angstrom^3
 Ion number       :                    2
 Electron number  :             4.000000
 Ion density      :             0.048065 Ion/Angstrom^3
 Electron density :             0.096131 Electron/Angstrom^3
  
 Calculating Ion-Ion Forces ...                complete.     0.000 s
  
 Calculating Ion-Electron Forces (spline) ...  complete.     0.000 s
  
 Calculating Ion-Electron Stress (spline) ...  complete.     0.001 s
  
 Calculating Ion-Ion Stress ...                complete.     0.000 s
  
 ------------------------------------------------------------------------------
                         LATTICE VECTORS (Angstrom)
 LAT 1           3.087399       -0.000123        0.000000
 LAT 2          -1.543806        2.673704       -0.000000
 LAT 3           0.000000       -0.000000        5.040830
 ------------------------------------------------------------------------------
                                STRESS (GPa)
 ST_GPa 1       -0.010951       -0.002032       -0.000000
 ST_GPa 2       -0.002032       -0.013297        0.000000
 ST_GPa 3       -0.000000        0.000000        0.198005
  
 --------------------------------------------------
 STRESS (a.u.)
 --------------------------------------------------
 ST_AU  1  -3.7221228717E-07  -6.9053211113E-08  -7.8842672005E-12
 ST_AU  2  -6.9053211113E-08  -4.5194847512E-07   3.2939932153E-12
 ST_AU  3  -7.8842672005E-12   3.2939932153E-12   6.7300441591E-06
; Cell optimization at step  9, max(stress):  0.6730E-05, total energy:  -1.8140146    ;
  dV of each real space grid is now    5.1970492373072510E-002
 Cell length (Bohr)    5.835E+00   5.835E+00   9.516E+00
 Angle     (Degree)    9.000E+01   9.000E+01   1.200E+02
 Volume    (Bohr^3)    2.806E+02
  dV of each real space grid is now    5.1970492373072510E-002
 Cell length (Bohr)    5.835E+00   5.835E+00   9.516E+00
 Angle     (Degree)    9.000E+01   9.000E+01   1.200E+02
 Volume    (Bohr^3)    2.806E+02

 ------------------------------------------------------------------------------
                           SETUP EWALD 
 (Ewald) eta                             :   0.7343    
 (Ewald) Real Space Cutoff               :    6.545     (Bohr)
 (Ewald) Reciprocal Cutoff               :    7.537     (1/Bohr)

 ------------------------------------------------------------------------------
                           SETUP PLANE WAVE 
 Read in WT kernel.
 kernel file name  : 8PROFESS_KERNEL.dat           
 KEDF type         :     4
 Fermi vector      :   1.182014212099E+00
 Reference density :  -1.000000000000E+00
 Mesh points       :   200002
 Fermi vector in this cell is    1.5001688005559826     
 Fermi vector from kernel file is    1.1820142120987149     
 First qNorm is    0.0000000000000000     
 size of Wang-Teter kernel in this run is            8          15          24
 Max |G| in this calculation is   1.702771852701E+01
 Max eta used from kernel is   1.135053503359E+01

 ------------------------------------------------------------------------------
                           REFRESH ION POSITIONS
  
 Calculating Ion-Ion Energy ...                   complete.     0.000 s
  
 Calculating Ion-Electron Potential (spline) ... 
 complete.     0.000 s
 Rescale the total density from   0.207765 to          4

 ------------------------------------------------------------------------------
                           DENSITY OPTIMIZATION
 Electron number for spin            1  is    4.0000000000000062     
 Cell Volume      :            41.586655 Angstrom^3
 Ion number       :                    2
 Electron number  :             4.000000
 Ion density      :             0.048092 Ion/Angstrom^3
 Electron density :             0.096185 Electron/Angstrom^3
  
 Calculating Ion-Ion Forces ...                complete.     0.000 s
  
 Calculating Ion-Electron Forces (spline) ...  complete.     0.000 s
  
 Calculating Ion-Electron Stress (spline) ...  complete.     0.001 s
  
 Calculating Ion-Ion Stress ...                complete.     0.000 s
  
 ------------------------------------------------------------------------------
                         LATTICE VECTORS (Angstrom)
 LAT 1           3.087940        0.000311        0.000000
 LAT 2          -1.543701        2.674390       -0.000000
 LAT 3           0.000000       -0.000000        5.035413
 ------------------------------------------------------------------------------
                                STRESS (GPa)
 ST_GPa 1       -0.015015        0.005124       -0.000000
 ST_GPa 2        0.005124       -0.009099        0.000000
 ST_GPa 3       -0.000000        0.000000        0.149446
  
 --------------------------------------------------
 STRESS (a.u.)
 --------------------------------------------------
 ST_AU  1  -5.1034746741E-07   1.7414958882E-07  -5.6894848935E-12
 ST_AU  2   1.7414958882E-07  -3.0925655013E-07   2.0765207541E-12
 ST_AU  3  -5.6894848935E-12   2.0765207541E-12   5.0795559019E-06
; Cell optimization at step 10, max(stress):  0.5080E-05, total energy:  -1.8140251    ;
  dV of each real space grid is now    5.1941680478308973E-002
 Cell length (Bohr)    5.837E+00   5.837E+00   9.506E+00
 Angle     (Degree)    9.000E+01   9.000E+01   1.200E+02
 Volume    (Bohr^3)    2.805E+02
  dV of each real space grid is now    5.1941680478308973E-002
 Cell length (Bohr)    5.837E+00   5.837E+00   9.506E+00
 Angle     (Degree)    9.000E+01   9.000E+01   1.200E+02
 Volume    (Bohr^3)    2.805E+02

 ------------------------------------------------------------------------------
                           SETUP EWALD 
 (Ewald) eta                             :   0.7343    
 (Ewald) Real Space Cutoff               :    6.545     (Bohr)
 (Ewald) Reciprocal Cutoff               :    7.536     (1/Bohr)

 ------------------------------------------------------------------------------
                           SETUP PLANE WAVE 
 Read in WT kernel.
 kernel file name  : 8PROFESS_KERNEL.dat           
 KEDF type         :     4
 Fermi vector      :   1.182014212099E+00
 Reference density :  -1.000000000000E+00
 Mesh points       :   200002
 Fermi vector in this cell is    1.5004461289997166     
 Fermi vector from kernel file is    1.1820142120987149     
 First qNorm is    0.0000000000000000     
 size of Wang-Teter kernel in this run is            8          15          24
 Max |G| in this calculation is   1.702847831109E+01
 Max eta used from kernel is   1.134894347886E+01

 ------------------------------------------------------------------------------
                           REFRESH ION POSITIONS
  
 Calculating Ion-Ion Energy ...                   complete.     0.000 s
  
 Calculating Ion-Electron Potential (spline) ... 
 complete.     0.000 s
 Rescale the total density from   0.207652 to          4

 ------------------------------------------------------------------------------
                           DENSITY OPTIMIZATION
 Electron number for spin            1  is    4.0000000000000018     
 Cell Volume      :            41.563599 Angstrom^3
 Ion number       :                    2
 Electron number  :             4.000000
 Ion density      :             0.048119 Ion/Angstrom^3
 Electron density :             0.096238 Electron/Angstrom^3
  
 Calculating Ion-Ion Forces ...                complete.     0.000 s
  
 Calculating Ion-Electron Forces (spline) ...  complete.     0.000 s
  
 Calculating Ion-Electron Stress (spline) ...  complete.     0.001 s
  
 Calculating Ion-Ion Stress ...                complete.     0.000 s
  
 ------------------------------------------------------------------------------
                         LATTICE VECTORS (Angstrom)
 LAT 1           3.088586        0.000318        0.000000
 LAT 2          -1.544018        2.674953       -0.000000
 LAT 3           0.000000       -0.000000        5.030505
 ------------------------------------------------------------------------------
                                STRESS (GPa)
 ST_GPa 1       -0.017002        0.005242       -0.000000
 ST_GPa 2        0.005242       -0.010949        0.000000
 ST_GPa 3       -0.000000        0.000000        0.103706
  
 --------------------------------------------------
 STRESS (a.u.)
 --------------------------------------------------
 ST_AU  1  -5.7788900634E-07   1.7817803943E-07  -3.1916245729E-12
 ST_AU  2   1.7817803943E-07  -3.7214641822E-07   1.1957964857E-12
 ST_AU  3  -3.1916245729E-12   1.1957964857E-12   3.5248914629E-06
; Cell optimization at step 11, max(stress):  0.3525E-05, total energy:  -1.8140340    ;
  dV of each real space grid is now    5.1930967110205208E-002
 Cell length (Bohr)    5.838E+00   5.838E+00   9.499E+00
 Angle     (Degree)    9.000E+01   9.000E+01   1.200E+02
 Volume    (Bohr^3)    2.804E+02
  dV of each real space grid is now    5.1930967110205208E-002
 Cell length (Bohr)    5.838E+00   5.838E+00   9.499E+00
 Angle     (Degree)    9.000E+01   9.000E+01   1.200E+02
 Volume    (Bohr^3)    2.804E+02

 ------------------------------------------------------------------------------
                           SETUP EWALD 
 (Ewald) eta                             :   0.7343    
 (Ewald) Real Space Cutoff               :    6.545     (Bohr)
 (Ewald) Reciprocal Cutoff               :    7.533     (1/Bohr)

 ------------------------------------------------------------------------------
                           SETUP PLANE WAVE 
 Read in WT kernel.
 kernel file name  : 8PROFESS_KERNEL.dat           
 KEDF type         :     4
 Fermi vector      :   1.182014212099E+00
 Reference density :  -1.000000000000E+00
 Mesh points       :   200002
 Fermi vector in this cell is    1.5005493026762811     
 Fermi vector from kernel file is    1.1820142120987149     
 First qNorm is    0.0000000000000000     
 size of Wang-Teter kernel in this run is            8          15          24
 Max |G| in this calculation is   1.702709543717E+01
 Max eta used from kernel is   1.134724157800E+01

 ------------------------------------------------------------------------------
                           REFRESH ION POSITIONS
  
 Calculating Ion-Ion Energy ...                   complete.     0.000 s
  
 Calculating Ion-Electron Potential (spline) ... 
 complete.     0.000 s
 Rescale the total density from   0.207681 to          4

 ------------------------------------------------------------------------------
                           DENSITY OPTIMIZATION
 Electron number for spin            1  is    3.9999999999999920     
 Cell Volume      :            41.555026 Angstrom^3
 Ion number       :                    2
 Electron number  :             4.000000
 Ion density      :             0.048129 Ion/Angstrom^3
 Electron density :             0.096258 Electron/Angstrom^3
  
 Calculating Ion-Ion Forces ...                complete.     0.000 s
  
 Calculating Ion-Electron Forces (spline) ...  complete.     0.000 s
  
 Calculating Ion-Electron Stress (spline) ...  complete.     0.001 s
  
 Calculating Ion-Ion Stress ...                complete.     0.000 s
  
 ------------------------------------------------------------------------------
                         LATTICE VECTORS (Angstrom)
 LAT 1           3.089483        0.000387        0.000000
 LAT 2          -1.544407        2.675765       -0.000000
 LAT 3           0.000000       -0.000000        5.026416
 ------------------------------------------------------------------------------
                                STRESS (GPa)
 ST_GPa 1       -0.007508        0.006368       -0.000000
 ST_GPa 2        0.006368       -0.000156        0.000000
 ST_GPa 3       -0.000000        0.000000        0.071643
  
 --------------------------------------------------
 STRESS (a.u.)
 --------------------------------------------------
 ST_AU  1  -2.5520136623E-07   2.1643196063E-07  -1.6897632847E-12
 ST_AU  2   2.1643196063E-07  -5.2870579585E-09   1.0445269471E-12
 ST_AU  3  -1.6897632847E-12   1.0445269471E-12   2.4350956714E-06
; Cell optimization at step 12, max(stress):  0.2435E-05, total energy:  -1.8140419    ;
  dV of each real space grid is now    5.1896462729846812E-002
 Cell length (Bohr)    5.839E+00   5.839E+00   9.492E+00
 Angle     (Degree)    9.000E+01   9.000E+01   1.200E+02
 Volume    (Bohr^3)    2.802E+02
  dV of each real space grid is now    5.1896462729846812E-002
 Cell length (Bohr)    5.839E+00   5.839E+00   9.492E+00
 Angle     (Degree)    9.000E+01   9.000E+01   1.200E+02
 Volume    (Bohr^3)    2.802E+02

 ------------------------------------------------------------------------------
                           SETUP EWALD 
 (Ewald) eta                             :   0.7343    
 (Ewald) Real Space Cutoff               :    6.545     (Bohr)
 (Ewald) Reciprocal Cutoff               :    7.533     (1/Bohr)

 ------------------------------------------------------------------------------
                           SETUP PLANE WAVE 
 Read in WT kernel.
 kernel file name  : 8PROFESS_KERNEL.dat           
 KEDF type         :     4
 Fermi vector      :   1.182014212099E+00
 Reference density :  -1.000000000000E+00
 Mesh points       :   200002
 Fermi vector in this cell is    1.5008817855389045     
 Fermi vector from kernel file is    1.1820142120987149     
 First qNorm is    0.0000000000000000     
 size of Wang-Teter kernel in this run is            8          15          24
 Max |G| in this calculation is   1.703193382998E+01
 Max eta used from kernel is   1.134795158025E+01

 ------------------------------------------------------------------------------
                           REFRESH ION POSITIONS
  
 Calculating Ion-Ion Energy ...                   complete.     0.000 s
  
 Calculating Ion-Electron Potential (spline) ... 
 complete.     0.000 s
 Rescale the total density from   0.207448 to          4

 ------------------------------------------------------------------------------
                           DENSITY OPTIMIZATION
 Electron number for spin            1  is    3.9999999999999964     
 Cell Volume      :            41.527416 Angstrom^3
 Ion number       :                    2
 Electron number  :             4.000000
 Ion density      :             0.048161 Ion/Angstrom^3
 Electron density :             0.096322 Electron/Angstrom^3
  
 Calculating Ion-Ion Forces ...                complete.     0.000 s
  
 Calculating Ion-Electron Forces (spline) ...  complete.     0.000 s
  
 Calculating Ion-Electron Stress (spline) ...  complete.     0.001 s
  
 Calculating Ion-Ion Stress ...                complete.     0.000 s
  
 ------------------------------------------------------------------------------
                         LATTICE VECTORS (Angstrom)
 LAT 1           3.089779       -0.000097        0.000000
 LAT 2          -1.544973        2.675779       -0.000000
 LAT 3           0.000000       -0.000000        5.023024
 ------------------------------------------------------------------------------
                                STRESS (GPa)
 ST_GPa 1       -0.017091       -0.001615       -0.000000
 ST_GPa 2       -0.001615       -0.018955       -0.000000
 ST_GPa 3       -0.000000       -0.000000        0.032605
  
 --------------------------------------------------
 STRESS (a.u.)
 --------------------------------------------------
 ST_AU  1  -5.8089702675E-07  -5.4876649381E-08  -9.5126244005E-13
 ST_AU  2  -5.4876649381E-08  -6.4426307552E-07  -8.6378752252E-14
 ST_AU  3  -9.5126244005E-13  -8.6378752252E-14   1.1082288654E-06
; Cell optimization at step 13, max(stress):  0.1108E-05, total energy:  -1.8140466    ;
  dV of each real space grid is now    5.1955736475473573E-002
 Cell length (Bohr)    5.842E+00   5.842E+00   9.489E+00
 Angle     (Degree)    9.000E+01   9.000E+01   1.200E+02
 Volume    (Bohr^3)    2.806E+02
  dV of each real space grid is now    5.1955736475473573E-002
 Cell length (Bohr)    5.842E+00   5.842E+00   9.489E+00
 Angle     (Degree)    9.000E+01   9.000E+01   1.200E+02
 Volume    (Bohr^3)    2.806E+02

 ------------------------------------------------------------------------------
                           SETUP EWALD 
 (Ewald) eta                             :   0.7343    
 (Ewald) Real Space Cutoff               :    6.545     (Bohr)
 (Ewald) Reciprocal Cutoff               :    7.529     (1/Bohr)

 ------------------------------------------------------------------------------
                           SETUP PLANE WAVE 
 Read in WT kernel.
 kernel file name  : 8PROFESS_KERNEL.dat           
 KEDF type         :     4
 Fermi vector      :   1.182014212099E+00
 Reference density :  -1.000000000000E+00
 Mesh points       :   200002
 Fermi vector in this cell is    1.5003108076014311     
 Fermi vector from kernel file is    1.1820142120987149     
 First qNorm is    0.0000000000000000     
 size of Wang-Teter kernel in this run is            8          15          24
 Max |G| in this calculation is   1.701747501359E+01
 Max eta used from kernel is   1.134263309134E+01

 ------------------------------------------------------------------------------
                           REFRESH ION POSITIONS
  
 Calculating Ion-Ion Energy ...                   complete.     0.000 s
  
 Calculating Ion-Electron Potential (spline) ... 
 complete.     0.000 s
 Rescale the total density from   0.208060 to          4

 ------------------------------------------------------------------------------
                           DENSITY OPTIMIZATION
 Electron number for spin            1  is    4.0000000000000187     
 Cell Volume      :            41.574847 Angstrom^3
 Ion number       :                    2
 Electron number  :             4.000000
 Ion density      :             0.048106 Ion/Angstrom^3
 Electron density :             0.096212 Electron/Angstrom^3
  
 Calculating Ion-Ion Forces ...                complete.     0.000 s
  
 Calculating Ion-Electron Forces (spline) ...  complete.     0.000 s
  
 Calculating Ion-Electron Stress (spline) ...  complete.     0.001 s
  
 Calculating Ion-Ion Stress ...                complete.     0.000 s
  
 ------------------------------------------------------------------------------
                         LATTICE VECTORS (Angstrom)
 LAT 1           3.091443        0.001063        0.000000
 LAT 2          -1.544801        2.677800       -0.000000
 LAT 3           0.000000       -0.000000        5.021171
 ------------------------------------------------------------------------------
                                STRESS (GPa)
 ST_GPa 1        0.033289        0.017403        0.000000
 ST_GPa 2        0.017403        0.053384        0.000000
 ST_GPa 3        0.000000        0.000000        0.049953
  
 --------------------------------------------------
 STRESS (a.u.)
 --------------------------------------------------
 ST_AU  1   1.1314609063E-06   5.9152205266E-07   5.4148265640E-13
 ST_AU  2   5.9152205266E-07   1.8144938001E-06   2.3992919881E-13
 ST_AU  3   5.4148265640E-13   2.3992919881E-13   1.6978538634E-06
; Cell optimization at step 14, max(stress):  0.1814E-05, total energy:  -1.8140535    ;
  dV of each real space grid is now    5.1655685131063299E-002
 Cell length (Bohr)    5.833E+00   5.833E+00   9.482E+00
 Angle     (Degree)    9.000E+01   9.000E+01   1.202E+02
 Volume    (Bohr^3)    2.789E+02
  dV of each real space grid is now    5.1655685131063299E-002
 Cell length (Bohr)    5.833E+00   5.833E+00   9.482E+00
 Angle     (Degree)    9.000E+01   9.000E+01   1.202E+02
 Volume    (Bohr^3)    2.789E+02

 ------------------------------------------------------------------------------
                           SETUP EWALD 
 (Ewald) eta                             :   0.7343    
 (Ewald) Real Space Cutoff               :    6.545     (Bohr)
 (Ewald) Reciprocal Cutoff               :    7.540     (1/Bohr)

 ------------------------------------------------------------------------------
                           SETUP PLANE WAVE 
 Read in WT kernel.
 kernel file name  : 8PROFESS_KERNEL.dat           
 KEDF type         :     4
 Fermi vector      :   1.182014212099E+00
 Reference density :  -1.000000000000E+00
 Mesh points       :   200002
 Fermi vector in this cell is    1.5032101428438371     
 Fermi vector from kernel file is    1.1820142120987149     
 First qNorm is    0.0000000000000000     
 size of Wang-Teter kernel in this run is            8          15          24
 Max |G| in this calculation is   1.708078621255E+01
 Max eta used from kernel is   1.136287317769E+01

 ------------------------------------------------------------------------------
                           REFRESH ION POSITIONS
  
 Calculating Ion-Ion Energy ...                   complete.     0.000 s
  
 Calculating Ion-Electron Potential (spline) ... 
 complete.     0.000 s
 Rescale the total density from   0.205429 to          4

 ------------------------------------------------------------------------------
                           DENSITY OPTIMIZATION
 Electron number for spin            1  is    4.0000000000000009     
 Cell Volume      :            41.334747 Angstrom^3
 Ion number       :                    2
 Electron number  :             4.000000
 Ion density      :             0.048385 Ion/Angstrom^3
 Electron density :             0.096771 Electron/Angstrom^3
  
 Calculating Ion-Ion Forces ...                complete.     0.000 s
  
 Calculating Ion-Electron Forces (spline) ...  complete.     0.000 s
  
 Calculating Ion-Electron Stress (spline) ...  complete.     0.001 s
  
 Calculating Ion-Ion Stress ...                complete.     0.000 s
  
 ------------------------------------------------------------------------------
                         LATTICE VECTORS (Angstrom)
 LAT 1           3.086639       -0.004281        0.000000
 LAT 2          -1.547027        2.670967       -0.000000
 LAT 3           0.000000       -0.000000        5.017760
 ------------------------------------------------------------------------------
                                STRESS (GPa)
 ST_GPa 1       -0.169215       -0.072079       -0.000000
 ST_GPa 2       -0.072079       -0.252446       -0.000000
 ST_GPa 3       -0.000000       -0.000000       -0.123549
  
 --------------------------------------------------
 STRESS (a.u.)
 --------------------------------------------------
 ST_AU  1  -5.7515176610E-06  -2.4499295047E-06  -9.0313451769E-13
 ST_AU  2  -2.4499295047E-06  -8.5804651480E-06  -6.3178647836E-13
 ST_AU  3  -9.0313451769E-13  -6.3178647836E-13  -4.1993612154E-06
; Cell optimization at step 15, max(stress):  0.8580E-05, total energy:  -1.8140356    ;
  dV of each real space grid is now    5.1989912455934255E-002
 Cell length (Bohr)    5.844E+00   5.844E+00   9.486E+00
 Angle     (Degree)    9.000E+01   9.000E+01   1.199E+02
 Volume    (Bohr^3)    2.807E+02
  dV of each real space grid is now    5.1989912455934255E-002
 Cell length (Bohr)    5.844E+00   5.844E+00   9.486E+00
 Angle     (Degree)    9.000E+01   9.000E+01   1.199E+02
 Volume    (Bohr^3)    2.807E+02

 ------------------------------------------------------------------------------
                           SETUP EWALD 
 (Ewald) eta                             :   0.7343    
 (Ewald) Real Space Cutoff               :    6.545     (Bohr)
 (Ewald) Reciprocal Cutoff               :    7.526     (1/Bohr)

 ------------------------------------------------------------------------------
                           SETUP PLANE WAVE 
 Read in WT kernel.
 kernel file name  : 8PROFESS_KERNEL.dat           
 KEDF type         :     4
 Fermi vector      :   1.182014212099E+00
 Reference density :  -1.000000000000E+00
 Mesh points       :   200002
 Fermi vector in this cell is    1.4999819884787662     
 Fermi vector from kernel file is    1.1820142120987149     
 First qNorm is    0.0000000000000000     
 size of Wang-Teter kernel in this run is            8          15          24
 Max |G| in this calculation is   1.700892419929E+01
 Max eta used from kernel is   1.133941895965E+01

 ------------------------------------------------------------------------------
                           REFRESH ION POSITIONS
  
 Calculating Ion-Ion Energy ...                   complete.     0.000 s
  
 Calculating Ion-Electron Potential (spline) ... 
 complete.     0.000 s
 Rescale the total density from   0.209305 to          4

 ------------------------------------------------------------------------------
                           DENSITY OPTIMIZATION
 Electron number for spin            1  is    4.0000000000000258     
 Cell Volume      :            41.602194 Angstrom^3
 Ion number       :                    2
 Electron number  :             4.000000
 Ion density      :             0.048074 Ion/Angstrom^3
 Electron density :             0.096149 Electron/Angstrom^3
  
 Calculating Ion-Ion Forces ...                complete.     0.000 s
  
 Calculating Ion-Electron Forces (spline) ...  complete.     0.000 s
  
 Calculating Ion-Electron Stress (spline) ...  complete.     0.001 s
  
 Calculating Ion-Ion Stress ...                complete.     0.000 s
  
 ------------------------------------------------------------------------------
                         LATTICE VECTORS (Angstrom)
 LAT 1           3.092468        0.001751        0.000000
 LAT 2          -1.544718        2.679031       -0.000000
 LAT 3           0.000000       -0.000000        5.019859
 ------------------------------------------------------------------------------
                                STRESS (GPa)
 ST_GPa 1        0.064169        0.028740        0.000000
 ST_GPa 2        0.028740        0.097355        0.000000
 ST_GPa 3        0.000000        0.000000        0.057070
  
 --------------------------------------------------
 STRESS (a.u.)
 --------------------------------------------------
 ST_AU  1   2.1810547457E-06   9.7683851852E-07   5.6663504914E-13
 ST_AU  2   9.7683851852E-07   3.3090163283E-06   1.8621679062E-13
 ST_AU  3   5.6663504914E-13   1.8621679062E-13   1.9397601201E-06
; Cell optimization at step 16, max(stress):  0.3309E-05, total energy:  -1.8140574    ;
  dV of each real space grid is now    5.1832847798384520E-002
 Cell length (Bohr)    5.839E+00   5.839E+00   9.484E+00
 Angle     (Degree)    9.000E+01   9.000E+01   1.200E+02
 Volume    (Bohr^3)    2.799E+02
  dV of each real space grid is now    5.1832847798384520E-002
 Cell length (Bohr)    5.839E+00   5.839E+00   9.484E+00
 Angle     (Degree)    9.000E+01   9.000E+01   1.200E+02
 Volume    (Bohr^3)    2.799E+02

 ------------------------------------------------------------------------------
                           SETUP EWALD 
 (Ewald) eta                             :   0.7343    
 (Ewald) Real Space Cutoff               :    6.545     (Bohr)
 (Ewald) Reciprocal Cutoff               :    7.533     (1/Bohr)

 ------------------------------------------------------------------------------
                           SETUP PLANE WAVE 
 Read in WT kernel.
 kernel file name  : 8PROFESS_KERNEL.dat           
 KEDF type         :     4
 Fermi vector      :   1.182014212099E+00
 Reference density :  -1.000000000000E+00
 Mesh points       :   200002
 Fermi vector in this cell is    1.5014955498604428     
 Fermi vector from kernel file is    1.1820142120987149     
 First qNorm is    0.0000000000000000     
 size of Wang-Teter kernel in this run is            8          15          24
 Max |G| in this calculation is   1.704242098079E+01
 Max eta used from kernel is   1.135029736343E+01

 ------------------------------------------------------------------------------
                           REFRESH ION POSITIONS
  
 Calculating Ion-Ion Energy ...                   complete.     0.000 s
  
 Calculating Ion-Electron Potential (spline) ... 
 complete.     0.000 s
 Rescale the total density from   0.206705 to          4

 ------------------------------------------------------------------------------
                           DENSITY OPTIMIZATION
 Electron number for spin            1  is    4.0000000000000000     
 Cell Volume      :            41.476512 Angstrom^3
 Ion number       :                    2
 Electron number  :             4.000000
 Ion density      :             0.048220 Ion/Angstrom^3
 Electron density :             0.096440 Electron/Angstrom^3
  
 Calculating Ion-Ion Forces ...                complete.     0.000 s
  
 Calculating Ion-Electron Forces (spline) ...  complete.     0.000 s
  
 Calculating Ion-Electron Stress (spline) ...  complete.     0.001 s
  
 Calculating Ion-Ion Stress ...                complete.     0.000 s
  
 ------------------------------------------------------------------------------
                         LATTICE VECTORS (Angstrom)
 LAT 1           3.089782       -0.001073        0.000000
 LAT 2          -1.545820        2.675293       -0.000000
 LAT 3           0.000000       -0.000000        5.018689
 ------------------------------------------------------------------------------
                                STRESS (GPa)
 ST_GPa 1       -0.044512       -0.017867       -0.000000
 ST_GPa 2       -0.017867       -0.065144       -0.000000
 ST_GPa 3       -0.000000       -0.000000       -0.027045
  
 --------------------------------------------------
 STRESS (a.u.)
 --------------------------------------------------
 ST_AU  1  -1.5129470515E-06  -6.0729797446E-07  -8.1110788858E-13
 ST_AU  2  -6.0729797446E-07  -2.2141982098E-06  -5.7801502930E-13
 ST_AU  3  -8.1110788858E-13  -5.7801502930E-13  -9.1923921209E-07
; Cell optimization at step 17, max(stress):  0.2214E-05, total energy:  -1.8140507    ;
  dV of each real space grid is now    5.1858497025573984E-002
 Cell length (Bohr)    5.840E+00   5.840E+00   9.484E+00
 Angle     (Degree)    9.000E+01   9.000E+01   1.200E+02
 Volume    (Bohr^3)    2.800E+02
  dV of each real space grid is now    5.1858497025573984E-002
 Cell length (Bohr)    5.840E+00   5.840E+00   9.484E+00
 Angle     (Degree)    9.000E+01   9.000E+01   1.200E+02
 Volume    (Bohr^3)    2.800E+02

 ------------------------------------------------------------------------------
                           SETUP EWALD 
 (Ewald) eta                             :   0.7343    
 (Ewald) Real Space Cutoff               :    6.545     (Bohr)
 (Ewald) Reciprocal Cutoff               :    7.532     (1/Bohr)

 ------------------------------------------------------------------------------
                           SETUP PLANE WAVE 
 Read in WT kernel.
 kernel file name  : 8PROFESS_KERNEL.dat           
 KEDF type         :     4
 Fermi vector      :   1.182014212099E+00
 Reference density :  -1.000000000000E+00
 Mesh points       :   200002
 Fermi vector in this cell is    1.5012479623301529     
 Fermi vector from kernel file is    1.1820142120987149     
 First qNorm is    0.0000000000000000     
 size of Wang-Teter kernel in this run is            8          15          24
 Max |G| in this calculation is   1.703690736263E+01
 Max eta used from kernel is   1.134849657760E+01

 ------------------------------------------------------------------------------
                           REFRESH ION POSITIONS
  
 Calculating Ion-Ion Energy ...                   complete.     0.000 s
  
 Calculating Ion-Electron Potential (spline) ... 
 complete.     0.000 s
 Rescale the total density from   0.207537 to          4

 ------------------------------------------------------------------------------
                           DENSITY OPTIMIZATION
 Electron number for spin            1  is    3.9999999999999725     
 Cell Volume      :            41.497036 Angstrom^3
 Ion number       :                    2
 Electron number  :             4.000000
 Ion density      :             0.048196 Ion/Angstrom^3
 Electron density :             0.096392 Electron/Angstrom^3
  
 Calculating Ion-Ion Forces ...                complete.     0.000 s
  
 Calculating Ion-Electron Forces (spline) ...  complete.     0.000 s
  
 Calculating Ion-Electron Stress (spline) ...  complete.     0.001 s
  
 Calculating Ion-Ion Stress ...                complete.     0.000 s
  
 ------------------------------------------------------------------------------
                         LATTICE VECTORS (Angstrom)
 LAT 1           3.090237       -0.000612        0.000000
 LAT 2          -1.545649        2.675918       -0.000000
 LAT 3           0.000000       -0.000000        5.018827
 ------------------------------------------------------------------------------
                                STRESS (GPa)
 ST_GPa 1       -0.026148       -0.010062       -0.000000
 ST_GPa 2       -0.010062       -0.037767       -0.000000
 ST_GPa 3       -0.000000       -0.000000       -0.014112
  
 --------------------------------------------------
 STRESS (a.u.)
 --------------------------------------------------
 ST_AU  1  -8.8876847155E-07  -3.4200050465E-07  -3.1784676070E-13
 ST_AU  2  -3.4200050465E-07  -1.2836777985E-06  -3.4093755446E-13
 ST_AU  3  -3.1784676070E-13  -3.4093755446E-13  -4.7965276207E-07
; Cell optimization at step 18, max(stress):  0.1284E-05, total energy:  -1.8140523    ;
  dV of each real space grid is now    5.1876246719520923E-002
 Cell length (Bohr)    5.840E+00   5.840E+00   9.484E+00
 Angle     (Degree)    9.000E+01   9.000E+01   1.200E+02
 Volume    (Bohr^3)    2.801E+02
  dV of each real space grid is now    5.1876246719520923E-002
 Cell length (Bohr)    5.840E+00   5.840E+00   9.484E+00
 Angle     (Degree)    9.000E+01   9.000E+01   1.200E+02
 Volume    (Bohr^3)    2.801E+02

 ------------------------------------------------------------------------------
                           SETUP EWALD 
 (Ewald) eta                             :   0.7343    
 (Ewald) Real Space Cutoff               :    6.545     (Bohr)
 (Ewald) Reciprocal Cutoff               :    7.531     (1/Bohr)

 ------------------------------------------------------------------------------
                           SETUP PLANE WAVE 
 Read in WT kernel.
 kernel file name  : 8PROFESS_KERNEL.dat           
 KEDF type         :     4
 Fermi vector      :   1.182014212099E+00
 Reference density :  -1.000000000000E+00
 Mesh points       :   200002
 Fermi vector in this cell is    1.5010767231906719     
 Fermi vector from kernel file is    1.1820142120987149     
 First qNorm is    0.0000000000000000     
 size of Wang-Teter kernel in this run is            8          15          24
 Max |G| in this calculation is   1.703309585023E+01
 Max eta used from kernel is   1.134725200057E+01

 ------------------------------------------------------------------------------
                           REFRESH ION POSITIONS
  
 Calculating Ion-Ion Energy ...                   complete.     0.000 s
  
 Calculating Ion-Electron Potential (spline) ... 
 complete.     0.000 s
 Rescale the total density from   0.207576 to          4

 ------------------------------------------------------------------------------
                           DENSITY OPTIMIZATION
 Electron number for spin            1  is    4.0000000000000009     
 Cell Volume      :            41.511239 Angstrom^3
 Ion number       :                    2
 Electron number  :             4.000000
 Ion density      :             0.048180 Ion/Angstrom^3
 Electron density :             0.096359 Electron/Angstrom^3
  
 Calculating Ion-Ion Forces ...                complete.     0.000 s
  
 Calculating Ion-Electron Forces (spline) ...  complete.     0.000 s
  
 Calculating Ion-Electron Stress (spline) ...  complete.     0.000 s
  
 Calculating Ion-Ion Stress ...                complete.     0.000 s
  
 ------------------------------------------------------------------------------
                         LATTICE VECTORS (Angstrom)
 LAT 1           3.090556       -0.000295        0.000000
 LAT 2          -1.545533        2.676353       -0.000000
 LAT 3           0.000000       -0.000000        5.018913
 ------------------------------------------------------------------------------
                                STRESS (GPa)
 ST_GPa 1       -0.013728       -0.004828       -0.000000
 ST_GPa 2       -0.004828       -0.019304       -0.000000
 ST_GPa 3       -0.000000       -0.000000       -0.004495
  
 --------------------------------------------------
 STRESS (a.u.)
 --------------------------------------------------
 ST_AU  1  -4.6661611116E-07  -1.6410943622E-07  -3.1947559692E-13
 ST_AU  2  -1.6410943622E-07  -6.5611395558E-07  -2.8212814468E-13
 ST_AU  3  -3.1947559692E-13  -2.8212814468E-13  -1.5279028528E-07
; Cell optimization at step 19, max(stress):  0.6561E-06, total energy:  -1.8140533    ;
  dV of each real space grid is now    5.1886928470864478E-002
 Cell length (Bohr)    5.841E+00   5.841E+00   9.484E+00
 Angle     (Degree)    9.000E+01   9.000E+01   1.200E+02
 Volume    (Bohr^3)    2.802E+02
  dV of each real space grid is now    5.1886928470864478E-002
 Cell length (Bohr)    5.841E+00   5.841E+00   9.484E+00
 Angle     (Degree)    9.000E+01   9.000E+01   1.200E+02
 Volume    (Bohr^3)    2.802E+02

 ------------------------------------------------------------------------------
                           SETUP EWALD 
 (Ewald) eta                             :   0.7343    
 (Ewald) Real Space Cutoff               :    6.545     (Bohr)
 (Ewald) Reciprocal Cutoff               :    7.530     (1/Bohr)

 ------------------------------------------------------------------------------
                           SETUP PLANE WAVE 
 Read in WT kernel.
 kernel file name  : 8PROFESS_KERNEL.dat           
 KEDF type         :     4
 Fermi vector      :   1.182014212099E+00
 Reference density :  -1.000000000000E+00
 Mesh points       :   200002
 Fermi vector in this cell is    1.5009737092640638     
 Fermi vector from kernel file is    1.1820142120987149     
 First qNorm is    0.0000000000000000     
 size of Wang-Teter kernel in this run is            8          15          24
 Max |G| in this calculation is   1.703079260596E+01
 Max eta used from kernel is   1.134649627828E+01

 ------------------------------------------------------------------------------
                           REFRESH ION POSITIONS
  
 Calculating Ion-Ion Energy ...                   complete.     0.000 s
  
 Calculating Ion-Electron Potential (spline) ... 
 complete.     0.000 s
 Rescale the total density from   0.207590 to          4

 ------------------------------------------------------------------------------
                           DENSITY OPTIMIZATION
 Electron number for spin            1  is    3.9999999999999925     
 Cell Volume      :            41.519787 Angstrom^3
 Ion number       :                    2
 Electron number  :             4.000000
 Ion density      :             0.048170 Ion/Angstrom^3
 Electron density :             0.096340 Electron/Angstrom^3
  
 Calculating Ion-Ion Forces ...                complete.     0.000 s
  
 Calculating Ion-Electron Forces (spline) ...  complete.     0.000 s
  
 Calculating Ion-Electron Stress (spline) ...  complete.     0.000 s
  
 Calculating Ion-Ion Stress ...                complete.     0.000 s
  
 ------------------------------------------------------------------------------
                         LATTICE VECTORS (Angstrom)
 LAT 1           3.090753       -0.000103        0.000000
 LAT 2          -1.545466        2.676619       -0.000000
 LAT 3           0.000000       -0.000000        5.018946
 ------------------------------------------------------------------------------
                                STRESS (GPa)
 ST_GPa 1       -0.006209       -0.001688       -0.000000
 ST_GPa 2       -0.001688       -0.008158       -0.000000
 ST_GPa 3       -0.000000       -0.000000        0.001183
  
 --------------------------------------------------
 STRESS (a.u.)
 --------------------------------------------------
 ST_AU  1  -2.1104748165E-07  -5.7367363024E-08  -2.5026297136E-13
 ST_AU  2  -5.7367363024E-08  -2.7728964930E-07  -1.9499371786E-13
 ST_AU  3  -2.5026297136E-13  -1.9499371786E-13   4.0219449115E-08
; Cell optimization at step 20, max(stress):  0.2773E-06, total energy:  -1.8140539    ;
##############################################################################
#                               FINAL ENERGIES                       time    #
##############################################################################
# Thomas-Fermi Kin. Energy =   1.881914085108E+01 eV                 0.000 s #
# Von-Weizsacker Kin. Ener =   2.056345703342E+00 eV                 0.000 s #
# Wang-Teter Kinetic Energ =  -9.220550361742E-01 eV                 0.000 s #
#                                                                            #
#     LDA Exch-Corr Energy =  -2.409333288871E+01 eV                 0.000 s #
#         Coulombic Energy =   1.722604459108E-01 eV                 0.000 s #
#      Ion-Electron Energy =   1.513269469665E+01 eV                 0.000 s #
#           Ion-Ion Energy =  -6.052797035373E+01 eV                 0.000 s #
#                                                                            #
#     TOTAL KINETIC ENERGY =   1.995343151825E+01 eV                         #
#   TOTAL POTENTIAL ENERGY =  -6.931634809987E+01 eV                         #
#             TOTAL ENERGY =  -4.936291658162E+01 eV                         #
##############################################################################
  
 ----------------------------- TIME INFORMATION ------------------------------
    PROFESS      :      6.40s WALL    100.00% (       1 calls)     6.40s/call
    InitPROFESS  :      0.27s WALL      4.17% (       1 calls)     0.27s/call
    KEDFRefresh  :      3.63s WALL     56.79% (      20 calls)     0.18s/call
    IonRefresh   :      0.02s WALL      0.24% (      20 calls)     0.00s/call
    EwaldEnergy  :      0.01s WALL      0.10% (      20 calls)     0.00s/call
    Pot_Ion      :      0.00s WALL      0.05% (     984 calls)     0.00s/call
    Pot_Har      :      0.08s WALL      1.32% (     984 calls)     0.00s/call
    Pot_Exc      :      0.44s WALL      6.82% (     984 calls)     0.00s/call
    Pot_KEDF     :      1.90s WALL     29.73% (     984 calls)     0.00s/call
    VWPotSqrPlus :      0.08s WALL      1.27% (     984 calls)     0.00s/call
    NextGradient :      0.00s WALL      0.05% (      64 calls)     0.00s/call
    CalForce     :      0.01s WALL      0.21% (      20 calls)     0.00s/call
    EwaldForces  :      0.01s WALL      0.12% (      20 calls)     0.00s/call
    CalStress    :      0.07s WALL      1.12% (      20 calls)     0.00s/call
    EwaldStress  :      0.00s WALL      0.06% (      20 calls)     0.00s/call
 -----------------------------------------------------------------------------
 ------------------------------- TOTAL ---------------------------------------
    PROFESS      :      6.40s WALL    100.00% (       1 calls)     6.40s/call
 -----------------------------------------------------------------------------

Run completed on: 08/19/2021 at 15:55:09 
  
