 ******************************************************************************
                             WELCOME TO PROFESS                   
            (PRinceton Orbital-Free Electronic Structure Software) 
 ******************************************************************************

 ------------------------------------------------------------------------------
                           READ GEOMETRY
 Cell length (Bohr)    5.346E+00   5.346E+00   3.780E+01
 Angle     (Degree)    9.000E+01   9.000E+01   9.000E+01
 Volume    (Bohr^3)    1.080E+03

 ------------------------------------------------------------------------------
                           READ PSEUDOPOTENTIAL
 Total electron number in ReadPseudo is    15.000000000000000     
 (System) Machine Precision              :    2.2204460492503131E-016

 ------------------------------------------------------------------------------
                           SETUP FFT
 Global FFT Dimension :    14   14   96
 Rank/Size in Global Communicator     :            0 /           1
 Rank/Size in Global FFT Communicator :            0 /           1
 Parallel FFT, totX    =    14
 Parallel FFT, totY    =    14
 Parallel FFT, locZ    =    96
 Parallel FFT, locZoff =     0
 Dimension of rho for this processor : 
 xmin, xmax :            0          13
 ymin, ymax :            0          13
 zmin, zmax :            0          95
 Total electron number =    15.000000000000000     
 Uniform rhoR =    1.3887713483374215E-002
 (GB INFO) FFT size      :       14      14      96
 (GB INFO) FFT offset    :        0
 (GB INFO) FFT G size    :        8      14      96
 (GB INFO) FFT G offset  :        0

 ------------------------------------------------------------------------------
                           SETUP KEDF
 kinetic energy density functional number is            4
 ( 1=TF, 2=VW, 3=TF+VW, 4=WT,  5=WGC,  
   7=LQ, 8=HQ, 10=CAT,  11=HC, 12=WGCD,
   15=GGA, 16=WGCD+GGA, 17=EVT, 18=EVC )
 qTable dimension:     8   14   96
 Coefficient for TF KEDF is     1.0000
 Coefficient for VW KEDF is     1.0000
 Coefficient for alpha in WT KEDF is     0.8333
 Coefficient for beta  in WT KEDF is     0.8333
 rho0 (Electron/Bohr^3) in WGC KEDF is     0.0139
 hold0 =  F
  dV of each real space grid is now    5.7402817137996644E-002
 Cell length (Bohr)    5.346E+00   5.346E+00   3.780E+01
 Angle     (Degree)    9.000E+01   9.000E+01   9.000E+01
 Volume    (Bohr^3)    1.080E+03

 ------------------------------------------------------------------------------
                           SETUP EWALD 
 (Ewald) eta                             :   0.7132    
 (Ewald) Real Space Cutoff               :    6.926     (Bohr)
 (Ewald) Reciprocal Cutoff               :    7.640     (1/Bohr)

 ------------------------------------------------------------------------------
                           SETUP PLANE WAVE 
 Read in WT kernel.
 kernel file name  : 1PROFESS_KERNEL.dat           
 KEDF type         :     4
 Fermi vector      :   1.182014212099E+00
 Reference density :  -1.000000000000E+00
 Mesh points       :   200002
 Fermi vector in this cell is    1.4872383593372021     
 Fermi vector from kernel file is    1.1820142120987149     
 First qNorm is    0.0000000000000000     
 size of Wang-Teter kernel in this run is            8          14          96
 Max |G| in this calculation is   1.410879365952E+01
 Max eta used from kernel is   9.486571920998E+00

 ------------------------------------------------------------------------------
                           REFRESH ION POSITIONS
  
 Calculating Ion-Ion Energy ...                   complete.     0.001 s
  
 Calculating Ion-Electron Potential (spline) ... 
 complete.     0.001 s

 ------------------------------------------------------------------------------
                           DENSITY OPTIMIZATION
 Electron number for spin            1  is    14.999999999997497     
 Cell Volume      :           160.053031 Angstrom^3
 Ion number       :                    5
 Electron number  :            15.000000
 Ion density      :             0.031240 Ion/Angstrom^3
 Electron density :             0.093719 Electron/Angstrom^3
##############################################################################
#                               FINAL ENERGIES                       time    #
##############################################################################
# Thomas-Fermi Kin. Energy =   1.039393152680E+02 eV                 0.000 s #
# Von-Weizsacker Kin. Ener =   1.351419120852E+01 eV                 0.000 s #
# Wang-Teter Kinetic Energ =  -7.122340967962E+00 eV                 0.000 s #
#                                                                            #
#     LDA Exch-Corr Energy =  -1.071373758447E+02 eV                 0.000 s #
#         Coulombic Energy =   1.015671531646E+03 eV                 0.000 s #
#      Ion-Electron Energy =  -2.040674337817E+03 eV                 0.000 s #
#           Ion-Ion Energy =   7.330841369847E+02 eV                 0.000 s #
#                                                                            #
#     TOTAL KINETIC ENERGY =   1.103311655086E+02 eV                         #
#   TOTAL POTENTIAL ENERGY =  -3.990560450311E+02 eV                         #
#             TOTAL ENERGY =  -2.887248795225E+02 eV                         #
##############################################################################
  
 ----------------------------- TIME INFORMATION ------------------------------
    PROFESS      :      2.82s WALL    100.00% (       1 calls)     2.82s/call
    InitPROFESS  :      0.21s WALL      7.44% (       1 calls)     0.21s/call
    KEDFRefresh  :      0.18s WALL      6.46% (       1 calls)     0.18s/call
    IonRefresh   :      0.00s WALL      0.10% (       1 calls)     0.00s/call
    EwaldEnergy  :      0.00s WALL      0.05% (       1 calls)     0.00s/call
    Pot_Ion      :      0.00s WALL      0.14% (     265 calls)     0.00s/call
    Pot_Har      :      0.09s WALL      3.31% (     265 calls)     0.00s/call
    Pot_Exc      :      0.44s WALL     15.54% (     265 calls)     0.00s/call
    Pot_KEDF     :      1.88s WALL     66.44% (     265 calls)     0.01s/call
    VWPotSqrPlus :      0.09s WALL      3.07% (     265 calls)     0.00s/call
    NextGradient :      0.00s WALL      0.09% (      16 calls)     0.00s/call
 -----------------------------------------------------------------------------
 ------------------------------- TOTAL ---------------------------------------
    PROFESS      :      2.82s WALL    100.00% (       1 calls)     2.82s/call
 -----------------------------------------------------------------------------

Run completed on: 08/13/2021 at 19:56:58 
  
