 ******************************************************************************
                             WELCOME TO PROFESS                   
            (PRinceton Orbital-Free Electronic Structure Software) 
 ******************************************************************************

 ------------------------------------------------------------------------------
                           READ GEOMETRY
 Cell length (Bohr)    5.474E+00   5.474E+00   5.474E+00
 Angle     (Degree)    1.095E+02   1.095E+02   1.095E+02
 Volume    (Bohr^3)    1.263E+02

 ------------------------------------------------------------------------------
                           READ PSEUDOPOTENTIAL
 Total electron number in ReadPseudo is    1.0000000000000000     
 (System) Machine Precision              :    2.2204460492503131E-016

 ------------------------------------------------------------------------------
                           SETUP FFT
 Global FFT Dimension :    15   15   15
 Rank/Size in Global Communicator     :            0 /           1
 Rank/Size in Global FFT Communicator :            0 /           1
 Parallel FFT, totX    =    15
 Parallel FFT, totY    =    15
 Parallel FFT, locZ    =    15
 Parallel FFT, locZoff =     0
 Dimension of rho for this processor : 
 xmin, xmax :            0          14
 ymin, ymax :            0          14
 zmin, zmax :            0          14
 Total electron number =    1.0000000000000000     
 Uniform rhoR =    7.9199922142428568E-003
 (GB INFO) FFT size      :       15      15      15
 (GB INFO) FFT offset    :        0
 (GB INFO) FFT G size    :        8      15      15
 (GB INFO) FFT G offset  :        0

 ------------------------------------------------------------------------------
                           SETUP KEDF
 kinetic energy density functional number is            5
 ( 1=TF, 2=VW, 3=TF+VW, 4=WT,  5=WGC,  
   7=LQ, 8=HQ, 10=CAT,  11=HC, 12=WGCD,
   15=GGA, 16=WGCD+GGA, 17=EVT, 18=EVC )
 qTable dimension:     8   15   15
 Coefficient for TF KEDF is     1.0000
 Coefficient for VW KEDF is     1.0000
 Coefficient for alpha in WGC KEDF is     1.2060
 Coefficient for beta  in WGC KEDF is     0.4607
 Coefficient for gamma in WGC KEDF is     2.7000
 rho0 (Electron/Bohr^3) in WGC KEDF is     0.0079
 rhoS (Electron/Bohr^3) in WGC KEDF is     0.0079
 hold0 =  F
 holdS =  F
  dV of each real space grid is now    3.7411185299330740E-002
 Cell length (Bohr)    5.474E+00   5.474E+00   5.474E+00
 Angle     (Degree)    1.095E+02   1.095E+02   1.095E+02
 Volume    (Bohr^3)    1.263E+02

 ------------------------------------------------------------------------------
                           SETUP EWALD 
 (Ewald) eta                             :   0.8296    
 (Ewald) Real Space Cutoff               :    6.000     (Bohr)
 (Ewald) Reciprocal Cutoff               :    8.035     (1/Bohr)

 ------------------------------------------------------------------------------
                           SETUP PLANE WAVE 

 ------------------------------------------------------------------------------
                           INITIALIZING WGC KERNEL
 Fermi vector :   0.61666398476739859     
 Reference density :    7.9199922142428568E-003
 Make WGC kernels.
 Dimension of KEDF Kernel :            8          15          15

 ------------------------------------------------------------------------------
                           REFRESH ION POSITIONS
  
 Calculating Ion-Ion Energy ...                   complete.     0.000 s
  
 Calculating Ion-Electron Potential (spline) ... 
 complete.     0.000 s

 ------------------------------------------------------------------------------
                           DENSITY OPTIMIZATION
 Electron number for spin            1  is    1.0000000000000586     
 Cell Volume      :            18.710209 Angstrom^3
 Ion number       :                    1
 Electron number  :             1.000000
 Ion density      :             0.053447 Ion/Angstrom^3
 Electron density :             0.053447 Electron/Angstrom^3
##############################################################################
#                               FINAL ENERGIES                       time    #
##############################################################################
# Thomas-Fermi Kin. Energy =   3.144488865655E+00 eV                 0.000 s #
# Von-Weizsacker Kin. Ener =   2.476540137316E-01 eV                 0.000 s #
#       WGC Kinetic Energy =  -7.232729558670E-02 eV                 0.000 s #
#                                                                            #
#     LDA Exch-Corr Energy =  -5.024312112039E+00 eV                 0.000 s #
#         Coulombic Energy =   1.423639293150E-02 eV                 0.000 s #
#      Ion-Electron Energy =   1.929320519708E+00 eV                 0.000 s #
#           Ion-Ion Energy =  -7.833613282319E+00 eV                 0.000 s #
#                                                                            #
#     TOTAL KINETIC ENERGY =   3.319815583800E+00 eV                         #
#   TOTAL POTENTIAL ENERGY =  -1.091436848172E+01 eV                         #
#             TOTAL ENERGY =  -7.594552897919E+00 eV                         #
##############################################################################
  
 ----------------------------- TIME INFORMATION ------------------------------
    PROFESS      :      0.49s WALL    100.00% (       1 calls)     0.49s/call
    InitPROFESS  :      0.03s WALL      5.50% (       1 calls)     0.03s/call
    KEDFRefresh  :      0.02s WALL      3.19% (       1 calls)     0.02s/call
    IonRefresh   :      0.00s WALL      0.20% (       1 calls)     0.00s/call
    EwaldEnergy  :      0.00s WALL      0.09% (       1 calls)     0.00s/call
    Pot_Ion      :      0.00s WALL      0.07% (      81 calls)     0.00s/call
    Pot_Har      :      0.01s WALL      1.64% (      81 calls)     0.00s/call
    Pot_Exc      :      0.04s WALL      7.22% (      81 calls)     0.00s/call
    Pot_KEDF     :      0.19s WALL     39.11% (      81 calls)     0.00s/call
    WGCPotPlus   :      0.15s WALL     30.18% (      81 calls)     0.00s/call
    VWPotSqrPlus :      0.01s WALL      1.54% (      81 calls)     0.00s/call
    NextGradient :      0.00s WALL      0.07% (       6 calls)     0.00s/call
 -----------------------------------------------------------------------------
 ------------------------------- TOTAL ---------------------------------------
    PROFESS      :      0.49s WALL    100.00% (       1 calls)     0.49s/call
 -----------------------------------------------------------------------------

Run completed on: 08/17/2021 at 14:23:02 
  
