 ******************************************************************************
                             WELCOME TO PROFESS                   
            (PRinceton Orbital-Free Electronic Structure Software) 
 ******************************************************************************

 ------------------------------------------------------------------------------
                           READ GEOMETRY
 Cell length (Bohr)    5.741E+00   5.741E+00   5.741E+00
 Angle     (Degree)    1.095E+02   1.095E+02   1.095E+02
 Volume    (Bohr^3)    1.456E+02

 ------------------------------------------------------------------------------
                           READ PSEUDOPOTENTIAL
 Total electron number in ReadPseudo is    2.0000000000000000     
 (System) Machine Precision              :    2.2204460492503131E-016

 ------------------------------------------------------------------------------
                           SETUP FFT
 Global FFT Dimension :    15   15   15
 Rank/Size in Global Communicator     :            0 /           1
 Rank/Size in Global FFT Communicator :            0 /           1
 Parallel FFT, totX    =    15
 Parallel FFT, totY    =    15
 Parallel FFT, locZ    =    15
 Parallel FFT, locZoff =     0
 Dimension of rho for this processor : 
 xmin, xmax :            0          14
 ymin, ymax :            0          14
 zmin, zmax :            0          14
 Total electron number =    2.0000000000000000     
 Uniform rhoR =    1.3733379242716032E-002
 (GB INFO) FFT size      :       15      15      15
 (GB INFO) FFT offset    :        0
 (GB INFO) FFT G size    :        8      15      15
 (GB INFO) FFT G offset  :        0

 ------------------------------------------------------------------------------
                           SETUP KEDF
 kinetic energy density functional number is            4
 ( 1=TF, 2=VW, 3=TF+VW, 4=WT,  5=WGC,  
   7=LQ, 8=HQ, 10=CAT,  11=HC, 12=WGCD,
   15=GGA, 16=WGCD+GGA, 17=EVT, 18=EVC )
 qTable dimension:     8   15   15
 Coefficient for TF KEDF is     1.0000
 Coefficient for VW KEDF is     1.0000
 Coefficient for alpha in WT KEDF is     0.8333
 Coefficient for beta  in WT KEDF is     0.8333
 rho0 (Electron/Bohr^3) in WGC KEDF is     0.0137
 hold0 =  F
  dV of each real space grid is now    4.3149801816395217E-002
 Cell length (Bohr)    5.741E+00   5.741E+00   5.741E+00
 Angle     (Degree)    1.095E+02   1.095E+02   1.095E+02
 Volume    (Bohr^3)    1.456E+02

 ------------------------------------------------------------------------------
                           SETUP EWALD 
 (Ewald) eta                             :   0.7661    
 (Ewald) Real Space Cutoff               :    6.164     (Bohr)
 (Ewald) Reciprocal Cutoff               :    7.662     (1/Bohr)

 ------------------------------------------------------------------------------
                           SETUP PLANE WAVE 
 Read in WT kernel.
 kernel file name  : 11PROFESS_KERNEL.dat          
 KEDF type         :     4
 Fermi vector      :   1.182014212099E+00
 Reference density :  -1.000000000000E+00
 Mesh points       :   200002
 Fermi vector in this cell is    1.4817085948554181     
 Fermi vector from kernel file is    1.1820142120987149     
 First qNorm is    0.0000000000000000     
 size of Wang-Teter kernel in this run is            8          15          15
 Max |G| in this calculation is   2.298481461751E+01
 Max eta used from kernel is   1.551237179653E+01

 ------------------------------------------------------------------------------
                           REFRESH ION POSITIONS
  
 Calculating Ion-Ion Energy ...                   complete.     0.000 s
  
 Calculating Ion-Electron Potential (spline) ... 
 complete.     0.000 s

 ------------------------------------------------------------------------------
                           DENSITY OPTIMIZATION
 Electron number for spin            1  is    1.9999999999999529     
 Cell Volume      :            21.580225 Angstrom^3
 Ion number       :                    1
 Electron number  :             2.000000
 Ion density      :             0.046339 Ion/Angstrom^3
 Electron density :             0.092677 Electron/Angstrom^3
  
 Calculating Ion-Ion Forces ...                complete.     0.000 s
  
 Calculating Ion-Electron Forces (spline) ...  complete.     0.000 s
  
 Calculating Ion-Electron Stress (spline) ...  complete.     0.000 s
  
 Calculating Ion-Ion Stress ...                complete.     0.000 s
  
 ------------------------------------------------------------------------------
                         LATTICE VECTORS (Angstrom)
 LAT 1          -1.753875        1.753875        1.753875
 LAT 2           1.753875       -1.753875        1.753875
 LAT 3           1.753875        1.753875       -1.753875
 ------------------------------------------------------------------------------
                                STRESS (GPa)
 ST_GPa 1       -1.058685       -0.000000       -0.000000
 ST_GPa 2       -0.000000       -1.058684       -0.000000
 ST_GPa 3       -0.000000       -0.000000       -1.058685
  
 --------------------------------------------------
 STRESS (a.u.)
 --------------------------------------------------
 ST_AU  1  -3.5983970597E-05  -9.2901505902E-12  -5.6443202111E-12
 ST_AU  2  -9.2901505902E-12  -3.5983953876E-05  -1.3884189681E-11
 ST_AU  3  -5.6443202111E-12  -1.3884189681E-11  -3.5983970379E-05
; Cell optimization at step  1, max(stress):  0.3598E-04, total energy: -0.90363191    ;
  dV of each real space grid is now    4.3521123124800332E-002
 Cell length (Bohr)    5.752E+00   5.752E+00   5.752E+00
 Angle     (Degree)    1.094E+02   1.094E+02   1.094E+02
 Volume    (Bohr^3)    1.469E+02
  dV of each real space grid is now    4.3521123124800332E-002
 Cell length (Bohr)    5.752E+00   5.752E+00   5.752E+00
 Angle     (Degree)    1.094E+02   1.094E+02   1.094E+02
 Volume    (Bohr^3)    1.469E+02

 ------------------------------------------------------------------------------
                           SETUP EWALD 
 (Ewald) eta                             :   0.7661    
 (Ewald) Real Space Cutoff               :    6.159     (Bohr)
 (Ewald) Reciprocal Cutoff               :    7.647     (1/Bohr)

 ------------------------------------------------------------------------------
                           SETUP PLANE WAVE 
 Read in WT kernel.
 kernel file name  : 11PROFESS_KERNEL.dat          
 KEDF type         :     4
 Fermi vector      :   1.182014212099E+00
 Reference density :  -1.000000000000E+00
 Mesh points       :   200002
 Fermi vector in this cell is    1.4774825843558421     
 Fermi vector from kernel file is    1.1820142120987149     
 First qNorm is    0.0000000000000000     
 size of Wang-Teter kernel in this run is            8          15          15
 Max |G| in this calculation is   2.285398383750E+01
 Max eta used from kernel is   1.546819169274E+01

 ------------------------------------------------------------------------------
                           REFRESH ION POSITIONS
  
 Calculating Ion-Ion Energy ...                   complete.     0.000 s
  
 Calculating Ion-Electron Potential (spline) ... 
 complete.     0.000 s
 Rescale the total density from   0.087791 to          2

 ------------------------------------------------------------------------------
                           DENSITY OPTIMIZATION
 Electron number for spin            1  is    1.9999999999999969     
 Cell Volume      :            21.765932 Angstrom^3
 Ion number       :                    1
 Electron number  :             2.000000
 Ion density      :             0.045943 Ion/Angstrom^3
 Electron density :             0.091887 Electron/Angstrom^3
  
 Calculating Ion-Ion Forces ...                complete.     0.000 s
  
 Calculating Ion-Electron Forces (spline) ...  complete.     0.000 s
  
 Calculating Ion-Electron Stress (spline) ...  complete.     0.000 s
  
 Calculating Ion-Ion Stress ...                complete.     0.000 s
  
 ------------------------------------------------------------------------------
                         LATTICE VECTORS (Angstrom)
 LAT 1          -1.753875        1.758895        1.758895
 LAT 2           1.758895       -1.753875        1.758895
 LAT 3           1.758895        1.758895       -1.753875
 ------------------------------------------------------------------------------
                                STRESS (GPa)
 ST_GPa 1       -0.719377        0.090877        0.090877
 ST_GPa 2        0.090877       -0.719377        0.090877
 ST_GPa 3        0.090877        0.090877       -0.719378
  
 --------------------------------------------------
 STRESS (a.u.)
 --------------------------------------------------
 ST_AU  1  -2.4451148911E-05   3.0888475542E-06   3.0888505856E-06
 ST_AU  2   3.0888475542E-06  -2.4451137645E-05   3.0888341722E-06
 ST_AU  3   3.0888505856E-06   3.0888341722E-06  -2.4451150983E-05
; Cell optimization at step  2, max(stress):  0.2445E-04, total energy: -0.90366756    ;
  dV of each real space grid is now    4.3788054333203881E-002
 Cell length (Bohr)    5.761E+00   5.761E+00   5.761E+00
 Angle     (Degree)    1.094E+02   1.094E+02   1.094E+02
 Volume    (Bohr^3)    1.478E+02
  dV of each real space grid is now    4.3788054333203881E-002
 Cell length (Bohr)    5.761E+00   5.761E+00   5.761E+00
 Angle     (Degree)    1.094E+02   1.094E+02   1.094E+02
 Volume    (Bohr^3)    1.478E+02

 ------------------------------------------------------------------------------
                           SETUP EWALD 
 (Ewald) eta                             :   0.7661    
 (Ewald) Real Space Cutoff               :    6.159     (Bohr)
 (Ewald) Reciprocal Cutoff               :    7.635     (1/Bohr)

 ------------------------------------------------------------------------------
                           SETUP PLANE WAVE 
 Read in WT kernel.
 kernel file name  : 11PROFESS_KERNEL.dat          
 KEDF type         :     4
 Fermi vector      :   1.182014212099E+00
 Reference density :  -1.000000000000E+00
 Mesh points       :   200002
 Fermi vector in this cell is    1.4744742271433788     
 Fermi vector from kernel file is    1.1820142120987149     
 First qNorm is    0.0000000000000000     
 size of Wang-Teter kernel in this run is            8          15          15
 Max |G| in this calculation is   2.277475967484E+01
 Max eta used from kernel is   1.544602086329E+01

 ------------------------------------------------------------------------------
                           REFRESH ION POSITIONS
  
 Calculating Ion-Ion Energy ...                   complete.     0.000 s
  
 Calculating Ion-Electron Potential (spline) ... 
 complete.     0.000 s
 Rescale the total density from   0.088113 to          2

 ------------------------------------------------------------------------------
                           DENSITY OPTIMIZATION
 Electron number for spin            1  is    2.0000000000000115     
 Cell Volume      :            21.899430 Angstrom^3
 Ion number       :                    1
 Electron number  :             2.000000
 Ion density      :             0.045663 Ion/Angstrom^3
 Electron density :             0.091327 Electron/Angstrom^3
  
 Calculating Ion-Ion Forces ...                complete.     0.000 s
  
 Calculating Ion-Electron Forces (spline) ...  complete.     0.000 s
  
 Calculating Ion-Electron Stress (spline) ...  complete.     0.000 s
  
 Calculating Ion-Ion Stress ...                complete.     0.000 s
  
 ------------------------------------------------------------------------------
                         LATTICE VECTORS (Angstrom)
 LAT 1          -1.754925        1.762488        1.762488
 LAT 2           1.762488       -1.754925        1.762488
 LAT 3           1.762488        1.762488       -1.754925
 ------------------------------------------------------------------------------
                                STRESS (GPa)
 ST_GPa 1       -0.488425        0.131788        0.131788
 ST_GPa 2        0.131788       -0.488424        0.131788
 ST_GPa 3        0.131788        0.131788       -0.488425
  
 --------------------------------------------------
 STRESS (a.u.)
 --------------------------------------------------
 ST_AU  1  -1.6601221200E-05   4.4793853503E-06   4.4793870098E-06
 ST_AU  2   4.4793853503E-06  -1.6601214251E-05   4.4793839568E-06
 ST_AU  3   4.4793870098E-06   4.4793839568E-06  -1.6601221279E-05
; Cell optimization at step  3, max(stress):  0.1660E-04, total energy: -0.90368349    ;
  dV of each real space grid is now    4.3971395784136211E-002
 Cell length (Bohr)    5.768E+00   5.768E+00   5.768E+00
 Angle     (Degree)    1.093E+02   1.093E+02   1.093E+02
 Volume    (Bohr^3)    1.484E+02
  dV of each real space grid is now    4.3971395784136211E-002
 Cell length (Bohr)    5.768E+00   5.768E+00   5.768E+00
 Angle     (Degree)    1.093E+02   1.093E+02   1.093E+02
 Volume    (Bohr^3)    1.484E+02

 ------------------------------------------------------------------------------
                           SETUP EWALD 
 (Ewald) eta                             :   0.7661    
 (Ewald) Real Space Cutoff               :    6.159     (Bohr)
 (Ewald) Reciprocal Cutoff               :    7.625     (1/Bohr)

 ------------------------------------------------------------------------------
                           SETUP PLANE WAVE 
 Read in WT kernel.
 kernel file name  : 11PROFESS_KERNEL.dat          
 KEDF type         :     4
 Fermi vector      :   1.182014212099E+00
 Reference density :  -1.000000000000E+00
 Mesh points       :   200002
 Fermi vector in this cell is    1.4724220685038190     
 Fermi vector from kernel file is    1.1820142120987149     
 First qNorm is    0.0000000000000000     
 size of Wang-Teter kernel in this run is            8          15          15
 Max |G| in this calculation is   2.273510146660E+01
 Max eta used from kernel is   1.544061444943E+01

 ------------------------------------------------------------------------------
                           REFRESH ION POSITIONS
  
 Calculating Ion-Ion Energy ...                   complete.     0.000 s
  
 Calculating Ion-Electron Potential (spline) ... 
 complete.     0.000 s
 Rescale the total density from   0.088311 to          2

 ------------------------------------------------------------------------------
                           DENSITY OPTIMIZATION
 Electron number for spin            1  is    2.0000000000000067     
 Cell Volume      :            21.991124 Angstrom^3
 Ion number       :                    1
 Electron number  :             2.000000
 Ion density      :             0.045473 Ion/Angstrom^3
 Electron density :             0.090946 Electron/Angstrom^3
  
 Calculating Ion-Ion Forces ...                complete.     0.000 s
  
 Calculating Ion-Electron Forces (spline) ...  complete.     0.000 s
  
 Calculating Ion-Electron Stress (spline) ...  complete.     0.000 s
  
 Calculating Ion-Ion Stress ...                complete.     0.000 s
  
 ------------------------------------------------------------------------------
                         LATTICE VECTORS (Angstrom)
 LAT 1          -1.756754        1.764946        1.764946
 LAT 2           1.764946       -1.756754        1.764946
 LAT 3           1.764946        1.764946       -1.756754
 ------------------------------------------------------------------------------
                                STRESS (GPa)
 ST_GPa 1       -0.332546        0.140909        0.140909
 ST_GPa 2        0.140909       -0.332546        0.140908
 ST_GPa 3        0.140909        0.140908       -0.332546
  
 --------------------------------------------------
 STRESS (a.u.)
 --------------------------------------------------
 ST_AU  1  -1.1303015329E-05   4.7893935669E-06   4.7893951232E-06
 ST_AU  2   4.7893935669E-06  -1.1303010150E-05   4.7893831022E-06
 ST_AU  3   4.7893951232E-06   4.7893831022E-06  -1.1303015498E-05
; Cell optimization at step  4, max(stress):  0.1130E-04, total energy: -0.90369136    ;
  dV of each real space grid is now    4.4090607951506287E-002
 Cell length (Bohr)    5.774E+00   5.774E+00   5.774E+00
 Angle     (Degree)    1.094E+02   1.094E+02   1.094E+02
 Volume    (Bohr^3)    1.488E+02
  dV of each real space grid is now    4.4090607951506287E-002
 Cell length (Bohr)    5.774E+00   5.774E+00   5.774E+00
 Angle     (Degree)    1.094E+02   1.094E+02   1.094E+02
 Volume    (Bohr^3)    1.488E+02

 ------------------------------------------------------------------------------
                           SETUP EWALD 
 (Ewald) eta                             :   0.7661    
 (Ewald) Real Space Cutoff               :    6.159     (Bohr)
 (Ewald) Reciprocal Cutoff               :    7.617     (1/Bohr)

 ------------------------------------------------------------------------------
                           SETUP PLANE WAVE 
 Read in WT kernel.
 kernel file name  : 11PROFESS_KERNEL.dat          
 KEDF type         :     4
 Fermi vector      :   1.182014212099E+00
 Reference density :  -1.000000000000E+00
 Mesh points       :   200002
 Fermi vector in this cell is    1.4710938259583477     
 Fermi vector from kernel file is    1.1820142120987149     
 First qNorm is    0.0000000000000000     
 size of Wang-Teter kernel in this run is            8          15          15
 Max |G| in this calculation is   2.272436223381E+01
 Max eta used from kernel is   1.544725552703E+01

 ------------------------------------------------------------------------------
                           REFRESH ION POSITIONS
  
 Calculating Ion-Ion Energy ...                   complete.     0.000 s
  
 Calculating Ion-Electron Potential (spline) ... 
 complete.     0.000 s
 Rescale the total density from   0.088420 to          2

 ------------------------------------------------------------------------------
                           DENSITY OPTIMIZATION
 Electron number for spin            1  is    1.9999999999999940     
 Cell Volume      :            22.050745 Angstrom^3
 Ion number       :                    1
 Electron number  :             2.000000
 Ion density      :             0.045350 Ion/Angstrom^3
 Electron density :             0.090700 Electron/Angstrom^3
  
 Calculating Ion-Ion Forces ...                complete.     0.000 s
  
 Calculating Ion-Electron Forces (spline) ...  complete.     0.000 s
  
 Calculating Ion-Electron Stress (spline) ...  complete.     0.000 s
  
 Calculating Ion-Ion Stress ...                complete.     0.000 s
  
 ------------------------------------------------------------------------------
                         LATTICE VECTORS (Angstrom)
 LAT 1          -1.759099        1.766538        1.766538
 LAT 2           1.766538       -1.759099        1.766538
 LAT 3           1.766538        1.766538       -1.759099
 ------------------------------------------------------------------------------
                                STRESS (GPa)
 ST_GPa 1       -0.232635        0.126484        0.126484
 ST_GPa 2        0.126484       -0.232635        0.126484
 ST_GPa 3        0.126484        0.126484       -0.232635
  
 --------------------------------------------------
 STRESS (a.u.)
 --------------------------------------------------
 ST_AU  1  -7.9070970187E-06   4.2991077987E-06   4.2991082850E-06
 ST_AU  2   4.2991077987E-06  -7.9070958175E-06   4.2991072038E-06
 ST_AU  3   4.2991082850E-06   4.2991072038E-06  -7.9070984724E-06
; Cell optimization at step  5, max(stress):  0.7907E-05, total energy: -0.90369615    ;
  dV of each real space grid is now    4.4170379512159144E-002
 Cell length (Bohr)    5.779E+00   5.779E+00   5.779E+00
 Angle     (Degree)    1.094E+02   1.094E+02   1.094E+02
 Volume    (Bohr^3)    1.491E+02
  dV of each real space grid is now    4.4170379512159144E-002
 Cell length (Bohr)    5.779E+00   5.779E+00   5.779E+00
 Angle     (Degree)    1.094E+02   1.094E+02   1.094E+02
 Volume    (Bohr^3)    1.491E+02

 ------------------------------------------------------------------------------
                           SETUP EWALD 
 (Ewald) eta                             :   0.7608    
 (Ewald) Real Space Cutoff               :    6.206     (Bohr)
 (Ewald) Reciprocal Cutoff               :    7.611     (1/Bohr)

 ------------------------------------------------------------------------------
                           SETUP PLANE WAVE 
 Read in WT kernel.
 kernel file name  : 11PROFESS_KERNEL.dat          
 KEDF type         :     4
 Fermi vector      :   1.182014212099E+00
 Reference density :  -1.000000000000E+00
 Mesh points       :   200002
 Fermi vector in this cell is    1.4702076954181416     
 Fermi vector from kernel file is    1.1820142120987149     
 First qNorm is    0.0000000000000000     
 size of Wang-Teter kernel in this run is            8          15          15
 Max |G| in this calculation is   2.272953801024E+01
 Max eta used from kernel is   1.546008640893E+01

 ------------------------------------------------------------------------------
                           REFRESH ION POSITIONS
  
 Calculating Ion-Ion Energy ...                   complete.     0.000 s
  
 Calculating Ion-Electron Potential (spline) ... 
 complete.     0.000 s
 Rescale the total density from   0.088501 to          2

 ------------------------------------------------------------------------------
                           DENSITY OPTIMIZATION
 Electron number for spin            1  is    1.9999999999999980     
 Cell Volume      :            22.090640 Angstrom^3
 Ion number       :                    1
 Electron number  :             2.000000
 Ion density      :             0.045268 Ion/Angstrom^3
 Electron density :             0.090536 Electron/Angstrom^3
  
 Calculating Ion-Ion Forces ...                complete.     0.000 s
  
 Calculating Ion-Electron Forces (spline) ...  complete.     0.000 s
  
 Calculating Ion-Electron Stress (spline) ...  complete.     0.000 s
  
 Calculating Ion-Ion Stress ...                complete.     0.000 s
  
 ------------------------------------------------------------------------------
                         LATTICE VECTORS (Angstrom)
 LAT 1          -1.761627        1.767600        1.767600
 LAT 2           1.767600       -1.761627        1.767600
 LAT 3           1.767600        1.767600       -1.761627
 ------------------------------------------------------------------------------
                                STRESS (GPa)
 ST_GPa 1       -0.166414        0.101471        0.101471
 ST_GPa 2        0.101471       -0.166414        0.101471
 ST_GPa 3        0.101471        0.101471       -0.166414
  
 --------------------------------------------------
 STRESS (a.u.)
 --------------------------------------------------
 ST_AU  1  -5.6563046242E-06   3.4489382258E-06   3.4489385213E-06
 ST_AU  2   3.4489382258E-06  -5.6563043651E-06   3.4489335419E-06
 ST_AU  3   3.4489385213E-06   3.4489335419E-06  -5.6563047124E-06
; Cell optimization at step  6, max(stress):  0.5656E-05, total energy: -0.90369951    ;
  dV of each real space grid is now    4.4229143162050608E-002
 Cell length (Bohr)    5.783E+00   5.783E+00   5.783E+00
 Angle     (Degree)    1.094E+02   1.094E+02   1.094E+02
 Volume    (Bohr^3)    1.493E+02
  dV of each real space grid is now    4.4229143162050608E-002
 Cell length (Bohr)    5.783E+00   5.783E+00   5.783E+00
 Angle     (Degree)    1.094E+02   1.094E+02   1.094E+02
 Volume    (Bohr^3)    1.493E+02

 ------------------------------------------------------------------------------
                           SETUP EWALD 
 (Ewald) eta                             :   0.7608    
 (Ewald) Real Space Cutoff               :    6.206     (Bohr)
 (Ewald) Reciprocal Cutoff               :    7.605     (1/Bohr)

 ------------------------------------------------------------------------------
                           SETUP PLANE WAVE 
 Read in WT kernel.
 kernel file name  : 11PROFESS_KERNEL.dat          
 KEDF type         :     4
 Fermi vector      :   1.182014212099E+00
 Reference density :  -1.000000000000E+00
 Mesh points       :   200002
 Fermi vector in this cell is    1.4695562918844798     
 Fermi vector from kernel file is    1.1820142120987149     
 First qNorm is    0.0000000000000000     
 size of Wang-Teter kernel in this run is            8          15          15
 Max |G| in this calculation is   2.274072650624E+01
 Max eta used from kernel is   1.547455285097E+01

 ------------------------------------------------------------------------------
                           REFRESH ION POSITIONS
  
 Calculating Ion-Ion Energy ...                   complete.     0.000 s
  
 Calculating Ion-Electron Potential (spline) ... 
 complete.     0.000 s
 Rescale the total density from   0.088576 to          2

 ------------------------------------------------------------------------------
                           DENSITY OPTIMIZATION
 Electron number for spin            1  is    2.0000000000000067     
 Cell Volume      :            22.120029 Angstrom^3
 Ion number       :                    1
 Electron number  :             2.000000
 Ion density      :             0.045208 Ion/Angstrom^3
 Electron density :             0.090416 Electron/Angstrom^3
  
 Calculating Ion-Ion Forces ...                complete.     0.000 s
  
 Calculating Ion-Electron Forces (spline) ...  complete.     0.000 s
  
 Calculating Ion-Electron Stress (spline) ...  complete.     0.000 s
  
 Calculating Ion-Ion Stress ...                complete.     0.000 s
  
 ------------------------------------------------------------------------------
                         LATTICE VECTORS (Angstrom)
 LAT 1          -1.764062        1.768381        1.768381
 LAT 2           1.768381       -1.764062        1.768381
 LAT 3           1.768381        1.768381       -1.764062
 ------------------------------------------------------------------------------
                                STRESS (GPa)
 ST_GPa 1       -0.117438        0.073025        0.073025
 ST_GPa 2        0.073025       -0.117438        0.073025
 ST_GPa 3        0.073025        0.073025       -0.117438
  
 --------------------------------------------------
 STRESS (a.u.)
 --------------------------------------------------
 ST_AU  1  -3.9916423040E-06   2.4820807537E-06   2.4820805397E-06
 ST_AU  2   2.4820807537E-06  -3.9916455809E-06   2.4820804526E-06
 ST_AU  3   2.4820805397E-06   2.4820804526E-06  -3.9916441170E-06
; Cell optimization at step  7, max(stress):  0.3992E-05, total energy: -0.90370178    ;
  dV of each real space grid is now    4.4277374168353902E-002
 Cell length (Bohr)    5.787E+00   5.787E+00   5.787E+00
 Angle     (Degree)    1.094E+02   1.094E+02   1.094E+02
 Volume    (Bohr^3)    1.494E+02
  dV of each real space grid is now    4.4277374168353902E-002
 Cell length (Bohr)    5.787E+00   5.787E+00   5.787E+00
 Angle     (Degree)    1.094E+02   1.094E+02   1.094E+02
 Volume    (Bohr^3)    1.494E+02

 ------------------------------------------------------------------------------
                           SETUP EWALD 
 (Ewald) eta                             :   0.7608    
 (Ewald) Real Space Cutoff               :    6.201     (Bohr)
 (Ewald) Reciprocal Cutoff               :    7.600     (1/Bohr)

 ------------------------------------------------------------------------------
                           SETUP PLANE WAVE 
 Read in WT kernel.
 kernel file name  : 11PROFESS_KERNEL.dat          
 KEDF type         :     4
 Fermi vector      :   1.182014212099E+00
 Reference density :  -1.000000000000E+00
 Mesh points       :   200002
 Fermi vector in this cell is    1.4690225058641102     
 Fermi vector from kernel file is    1.1820142120987149     
 First qNorm is    0.0000000000000000     
 size of Wang-Teter kernel in this run is            8          15          15
 Max |G| in this calculation is   2.275127245338E+01
 Max eta used from kernel is   1.548735459297E+01

 ------------------------------------------------------------------------------
                           REFRESH ION POSITIONS
  
 Calculating Ion-Ion Energy ...                   complete.     0.000 s
  
 Calculating Ion-Electron Potential (spline) ... 
 complete.     0.000 s
 Rescale the total density from   0.088651 to          2

 ------------------------------------------------------------------------------
                           DENSITY OPTIMIZATION
 Electron number for spin            1  is    1.9999999999999942     
 Cell Volume      :            22.144151 Angstrom^3
 Ion number       :                    1
 Electron number  :             2.000000
 Ion density      :             0.045159 Ion/Angstrom^3
 Electron density :             0.090317 Electron/Angstrom^3
  
 Calculating Ion-Ion Forces ...                complete.     0.000 s
  
 Calculating Ion-Electron Forces (spline) ...  complete.     0.000 s
  
 Calculating Ion-Electron Stress (spline) ...  complete.     0.000 s
  
 Calculating Ion-Ion Stress ...                complete.     0.000 s
  
 ------------------------------------------------------------------------------
                         LATTICE VECTORS (Angstrom)
 LAT 1          -1.766166        1.769022        1.769022
 LAT 2           1.769022       -1.766166        1.769022
 LAT 3           1.769022        1.769022       -1.766166
 ------------------------------------------------------------------------------
                                STRESS (GPa)
 ST_GPa 1       -0.077956        0.048282        0.048282
 ST_GPa 2        0.048282       -0.077956        0.048282
 ST_GPa 3        0.048282        0.048282       -0.077956
  
 --------------------------------------------------
 STRESS (a.u.)
 --------------------------------------------------
 ST_AU  1  -2.6496575382E-06   1.6410744609E-06   1.6410742586E-06
 ST_AU  2   1.6410744609E-06  -2.6496599071E-06   1.6410678412E-06
 ST_AU  3   1.6410742586E-06   1.6410678412E-06  -2.6496584590E-06
; Cell optimization at step  8, max(stress):  0.2650E-05, total energy: -0.90370314    ;
  dV of each real space grid is now    4.4316026186084906E-002
 Cell length (Bohr)    5.790E+00   5.790E+00   5.790E+00
 Angle     (Degree)    1.094E+02   1.094E+02   1.094E+02
 Volume    (Bohr^3)    1.496E+02
  dV of each real space grid is now    4.4316026186084906E-002
 Cell length (Bohr)    5.790E+00   5.790E+00   5.790E+00
 Angle     (Degree)    1.094E+02   1.094E+02   1.094E+02
 Volume    (Bohr^3)    1.496E+02

 ------------------------------------------------------------------------------
                           SETUP EWALD 
 (Ewald) eta                             :   0.7608    
 (Ewald) Real Space Cutoff               :    6.201     (Bohr)
 (Ewald) Reciprocal Cutoff               :    7.596     (1/Bohr)

 ------------------------------------------------------------------------------
                           SETUP PLANE WAVE 
 Read in WT kernel.
 kernel file name  : 11PROFESS_KERNEL.dat          
 KEDF type         :     4
 Fermi vector      :   1.182014212099E+00
 Reference density :  -1.000000000000E+00
 Mesh points       :   200002
 Fermi vector in this cell is    1.4685952924705707     
 Fermi vector from kernel file is    1.1820142120987149     
 First qNorm is    0.0000000000000000     
 size of Wang-Teter kernel in this run is            8          15          15
 Max |G| in this calculation is   2.275952245050E+01
 Max eta used from kernel is   1.549747746516E+01

 ------------------------------------------------------------------------------
                           REFRESH ION POSITIONS
  
 Calculating Ion-Ion Energy ...                   complete.     0.000 s
  
 Calculating Ion-Electron Potential (spline) ... 
 complete.     0.000 s
 Rescale the total density from   0.088709 to          2

 ------------------------------------------------------------------------------
                           DENSITY OPTIMIZATION
 Electron number for spin            1  is    1.9999999999999964     
 Cell Volume      :            22.163481 Angstrom^3
 Ion number       :                    1
 Electron number  :             2.000000
 Ion density      :             0.045119 Ion/Angstrom^3
 Electron density :             0.090239 Electron/Angstrom^3
  
 Calculating Ion-Ion Forces ...                complete.     0.000 s
  
 Calculating Ion-Electron Forces (spline) ...  complete.     0.000 s
  
 Calculating Ion-Electron Stress (spline) ...  complete.     0.000 s
  
 Calculating Ion-Ion Stress ...                complete.     0.000 s
  
 ------------------------------------------------------------------------------
                         LATTICE VECTORS (Angstrom)
 LAT 1          -1.767836        1.769536        1.769536
 LAT 2           1.769536       -1.767836        1.769536
 LAT 3           1.769536        1.769536       -1.767836
 ------------------------------------------------------------------------------
                                STRESS (GPa)
 ST_GPa 1       -0.046368        0.028681        0.028681
 ST_GPa 2        0.028681       -0.046368        0.028681
 ST_GPa 3        0.028681        0.028681       -0.046368
  
 --------------------------------------------------
 STRESS (a.u.)
 --------------------------------------------------
 ST_AU  1  -1.5760258814E-06   9.7484376549E-07   9.7484328381E-07
 ST_AU  2   9.7484376549E-07  -1.5760274934E-06   9.7483920175E-07
 ST_AU  3   9.7484328381E-07   9.7483920175E-07  -1.5760268262E-06
; Cell optimization at step  9, max(stress):  0.1576E-05, total energy: -0.90370382    ;
  dV of each real space grid is now    4.4343665119997745E-002
 Cell length (Bohr)    5.792E+00   5.792E+00   5.792E+00
 Angle     (Degree)    1.095E+02   1.095E+02   1.095E+02
 Volume    (Bohr^3)    1.497E+02
  dV of each real space grid is now    4.4343665119997745E-002
 Cell length (Bohr)    5.792E+00   5.792E+00   5.792E+00
 Angle     (Degree)    1.095E+02   1.095E+02   1.095E+02
 Volume    (Bohr^3)    1.497E+02

 ------------------------------------------------------------------------------
                           SETUP EWALD 
 (Ewald) eta                             :   0.7608    
 (Ewald) Real Space Cutoff               :    6.201     (Bohr)
 (Ewald) Reciprocal Cutoff               :    7.593     (1/Bohr)

 ------------------------------------------------------------------------------
                           SETUP PLANE WAVE 
 Read in WT kernel.
 kernel file name  : 11PROFESS_KERNEL.dat          
 KEDF type         :     4
 Fermi vector      :   1.182014212099E+00
 Reference density :  -1.000000000000E+00
 Mesh points       :   200002
 Fermi vector in this cell is    1.4682901091241298     
 Fermi vector from kernel file is    1.1820142120987149     
 First qNorm is    0.0000000000000000     
 size of Wang-Teter kernel in this run is            8          15          15
 Max |G| in this calculation is   2.276538199140E+01
 Max eta used from kernel is   1.550468933212E+01

 ------------------------------------------------------------------------------
                           REFRESH ION POSITIONS
  
 Calculating Ion-Ion Energy ...                   complete.     0.000 s
  
 Calculating Ion-Electron Potential (spline) ... 
 complete.     0.000 s
 Rescale the total density from   0.088743 to          2

 ------------------------------------------------------------------------------
                           DENSITY OPTIMIZATION
 Electron number for spin            1  is    1.9999999999999944     
 Cell Volume      :            22.177304 Angstrom^3
 Ion number       :                    1
 Electron number  :             2.000000
 Ion density      :             0.045091 Ion/Angstrom^3
 Electron density :             0.090182 Electron/Angstrom^3
  
 Calculating Ion-Ion Forces ...                complete.     0.000 s
  
 Calculating Ion-Electron Forces (spline) ...  complete.     0.000 s
  
 Calculating Ion-Electron Stress (spline) ...  complete.     0.000 s
  
 Calculating Ion-Ion Stress ...                complete.     0.000 s
  
 ------------------------------------------------------------------------------
                         LATTICE VECTORS (Angstrom)
 LAT 1          -1.769027        1.769904        1.769904
 LAT 2           1.769904       -1.769027        1.769904
 LAT 3           1.769904        1.769904       -1.769027
 ------------------------------------------------------------------------------
                                STRESS (GPa)
 ST_GPa 1       -0.024006        0.014753        0.014753
 ST_GPa 2        0.014753       -0.024007        0.014753
 ST_GPa 3        0.014753        0.014753       -0.024007
  
 --------------------------------------------------
 STRESS (a.u.)
 --------------------------------------------------
 ST_AU  1  -8.1596301608E-07   5.0143541468E-07   5.0143497366E-07
 ST_AU  2   5.0143541468E-07  -8.1596681548E-07   5.0143335285E-07
 ST_AU  3   5.0143497366E-07   5.0143335285E-07  -8.1596454221E-07
; Cell optimization at step 10, max(stress):  0.8160E-06, total energy: -0.90370410    ;
  dV of each real space grid is now    4.4361013768042759E-002
 Cell length (Bohr)    5.793E+00   5.793E+00   5.793E+00
 Angle     (Degree)    1.095E+02   1.095E+02   1.095E+02
 Volume    (Bohr^3)    1.497E+02
  dV of each real space grid is now    4.4361013768042759E-002
 Cell length (Bohr)    5.793E+00   5.793E+00   5.793E+00
 Angle     (Degree)    1.095E+02   1.095E+02   1.095E+02
 Volume    (Bohr^3)    1.497E+02

 ------------------------------------------------------------------------------
                           SETUP EWALD 
 (Ewald) eta                             :   0.7608    
 (Ewald) Real Space Cutoff               :    6.201     (Bohr)
 (Ewald) Reciprocal Cutoff               :    7.592     (1/Bohr)

 ------------------------------------------------------------------------------
                           SETUP PLANE WAVE 
 Read in WT kernel.
 kernel file name  : 11PROFESS_KERNEL.dat          
 KEDF type         :     4
 Fermi vector      :   1.182014212099E+00
 Reference density :  -1.000000000000E+00
 Mesh points       :   200002
 Fermi vector in this cell is    1.4680986784998165     
 Fermi vector from kernel file is    1.1820142120987149     
 First qNorm is    0.0000000000000000     
 size of Wang-Teter kernel in this run is            8          15          15
 Max |G| in this calculation is   2.276890369021E+01
 Max eta used from kernel is   1.550910986002E+01

 ------------------------------------------------------------------------------
                           REFRESH ION POSITIONS
  
 Calculating Ion-Ion Energy ...                   complete.     0.000 s
  
 Calculating Ion-Electron Potential (spline) ... 
 complete.     0.000 s
 Rescale the total density from   0.088757 to          2

 ------------------------------------------------------------------------------
                           DENSITY OPTIMIZATION
 Electron number for spin            1  is    2.0000000000000022     
 Cell Volume      :            22.185981 Angstrom^3
 Ion number       :                    1
 Electron number  :             2.000000
 Ion density      :             0.045074 Ion/Angstrom^3
 Electron density :             0.090147 Electron/Angstrom^3
  
 Calculating Ion-Ion Forces ...                complete.     0.000 s
  
 Calculating Ion-Electron Forces (spline) ...  complete.     0.000 s
  
 Calculating Ion-Electron Stress (spline) ...  complete.     0.000 s
  
 Calculating Ion-Ion Stress ...                complete.     0.000 s
  
 ------------------------------------------------------------------------------
                         LATTICE VECTORS (Angstrom)
 LAT 1          -1.769762        1.770134        1.770134
 LAT 2           1.770134       -1.769762        1.770134
 LAT 3           1.770134        1.770134       -1.769762
 ------------------------------------------------------------------------------
                                STRESS (GPa)
 ST_GPa 1       -0.009948        0.006291        0.006291
 ST_GPa 2        0.006291       -0.009948        0.006291
 ST_GPa 3        0.006291        0.006291       -0.009948
  
 --------------------------------------------------
 STRESS (a.u.)
 --------------------------------------------------
 ST_AU  1  -3.3811392415E-07   2.1382459460E-07   2.1382386888E-07
 ST_AU  2   2.1382459460E-07  -3.3811835954E-07   2.1382407529E-07
 ST_AU  3   2.1382386888E-07   2.1382407529E-07  -3.3811573090E-07
; Cell optimization at step 11, max(stress):  0.3381E-06, total energy: -0.90370418    ;
##############################################################################
#                               FINAL ENERGIES                       time    #
##############################################################################
# Thomas-Fermi Kin. Energy =   8.931590075912E+00 eV                 0.000 s #
# Von-Weizsacker Kin. Ener =   8.339401541647E-01 eV                 0.000 s #
# Wang-Teter Kinetic Energ =  -2.248441612337E-01 eV                 0.000 s #
#                                                                            #
#     LDA Exch-Corr Energy =  -1.177268583572E+01 eV                 0.000 s #
#         Coulombic Energy =   4.536843572359E-02 eV                 0.000 s #
#      Ion-Electron Energy =   7.199934866323E+00 eV                 0.000 s #
#           Ion-Ion Energy =  -2.960434446646E+01 eV                 0.000 s #
#                                                                            #
#     TOTAL KINETIC ENERGY =   9.540686068843E+00 eV                         #
#   TOTAL POTENTIAL ENERGY =  -3.413172700014E+01 eV                         #
#             TOTAL ENERGY =  -2.459104093130E+01 eV                         #
##############################################################################
  
 ----------------------------- TIME INFORMATION ------------------------------
    PROFESS      :      3.12s WALL    100.00% (       1 calls)     3.12s/call
    InitPROFESS  :      0.21s WALL      6.66% (       1 calls)     0.21s/call
    KEDFRefresh  :      2.05s WALL     65.61% (      11 calls)     0.19s/call
    IonRefresh   :      0.01s WALL      0.17% (      11 calls)     0.00s/call
    EwaldEnergy  :      0.00s WALL      0.07% (      11 calls)     0.00s/call
    Pot_Ion      :      0.00s WALL      0.04% (     562 calls)     0.00s/call
    Pot_Har      :      0.03s WALL      0.83% (     562 calls)     0.00s/call
    Pot_Exc      :      0.16s WALL      5.13% (     562 calls)     0.00s/call
    Pot_KEDF     :      0.69s WALL     22.00% (     562 calls)     0.00s/call
    VWPotSqrPlus :      0.02s WALL      0.78% (     562 calls)     0.00s/call
    NextGradient :      0.00s WALL      0.04% (      36 calls)     0.00s/call
    CalForce     :      0.00s WALL      0.13% (      11 calls)     0.00s/call
    EwaldForces  :      0.00s WALL      0.08% (      11 calls)     0.00s/call
    CalStress    :      0.03s WALL      0.86% (      11 calls)     0.00s/call
    EwaldStress  :      0.00s WALL      0.04% (      11 calls)     0.00s/call
 -----------------------------------------------------------------------------
 ------------------------------- TOTAL ---------------------------------------
    PROFESS      :      3.12s WALL    100.00% (       1 calls)     3.12s/call
 -----------------------------------------------------------------------------

Run completed on: 08/19/2021 at 15:55:12 
  
