 ******************************************************************************
                             WELCOME TO PROFESS                   
            (PRinceton Orbital-Free Electronic Structure Software) 
 ******************************************************************************

 ------------------------------------------------------------------------------
                           READ GEOMETRY
 Cell length (Bohr)    5.864E+00   5.864E+00   5.864E+00
 Angle     (Degree)    6.000E+01   6.000E+01   6.000E+01
 Volume    (Bohr^3)    1.426E+02

 ------------------------------------------------------------------------------
                           READ PSEUDOPOTENTIAL
 Total electron number in ReadPseudo is    2.0000000000000000     
 (System) Machine Precision              :    2.2204460492503131E-016

 ------------------------------------------------------------------------------
                           SETUP FFT
 Global FFT Dimension :    15   15   15
 Rank/Size in Global Communicator     :            0 /           1
 Rank/Size in Global FFT Communicator :            0 /           1
 Parallel FFT, totX    =    15
 Parallel FFT, totY    =    15
 Parallel FFT, locZ    =    15
 Parallel FFT, locZoff =     0
 Dimension of rho for this processor : 
 xmin, xmax :            0          14
 ymin, ymax :            0          14
 zmin, zmax :            0          14
 Total electron number =    2.0000000000000000     
 Uniform rhoR =    1.4029120349133688E-002
 (GB INFO) FFT size      :       15      15      15
 (GB INFO) FFT offset    :        0
 (GB INFO) FFT G size    :        8      15      15
 (GB INFO) FFT G offset  :        0

 ------------------------------------------------------------------------------
                           SETUP KEDF
 kinetic energy density functional number is            4
 ( 1=TF, 2=VW, 3=TF+VW, 4=WT,  5=WGC,  
   7=LQ, 8=HQ, 10=CAT,  11=HC, 12=WGCD,
   15=GGA, 16=WGCD+GGA, 17=EVT, 18=EVC )
 qTable dimension:     8   15   15
 Coefficient for TF KEDF is     1.0000
 Coefficient for VW KEDF is     1.0000
 Coefficient for alpha in WT KEDF is     0.8333
 Coefficient for beta  in WT KEDF is     0.8333
 rho0 (Electron/Bohr^3) in WGC KEDF is     0.0140
 hold0 =  F
  dV of each real space grid is now    4.2240181696722404E-002
 Cell length (Bohr)    5.864E+00   5.864E+00   5.864E+00
 Angle     (Degree)    6.000E+01   6.000E+01   6.000E+01
 Volume    (Bohr^3)    1.426E+02

 ------------------------------------------------------------------------------
                           SETUP EWALD 
 (Ewald) eta                             :   0.7502    
 (Ewald) Real Space Cutoff               :    6.302     (Bohr)
 (Ewald) Reciprocal Cutoff               :    7.501     (1/Bohr)

 ------------------------------------------------------------------------------
                           SETUP PLANE WAVE 
 Read in WT kernel.
 kernel file name  : 1PROFESS_KERNEL.dat           
 KEDF type         :     4
 Fermi vector      :   1.182014212099E+00
 Reference density :  -1.000000000000E+00
 Mesh points       :   200002
 Fermi vector in this cell is    1.4922690875720697     
 Fermi vector from kernel file is    1.1820142120987149     
 First qNorm is    0.0000000000000000     
 size of Wang-Teter kernel in this run is            8          15          15
 Max |G| in this calculation is   1.759088686898E+01
 Max eta used from kernel is   1.178801264161E+01

 ------------------------------------------------------------------------------
                           REFRESH ION POSITIONS
  
 Calculating Ion-Ion Energy ...                   complete.     0.000 s
  
 Calculating Ion-Electron Potential (spline) ... 
 complete.     0.000 s

 ------------------------------------------------------------------------------
                           DENSITY OPTIMIZATION
 Electron number for spin            1  is    2.0000000000000449     
 Cell Volume      :            21.125303 Angstrom^3
 Ion number       :                    1
 Electron number  :             2.000000
 Ion density      :             0.047337 Ion/Angstrom^3
 Electron density :             0.094673 Electron/Angstrom^3
##############################################################################
#                               FINAL ENERGIES                       time    #
##############################################################################
# Thomas-Fermi Kin. Energy =   9.257840428583E+00 eV                 0.000 s #
# Von-Weizsacker Kin. Ener =   9.303052979809E-01 eV                 0.000 s #
# Wang-Teter Kinetic Energ =  -3.081337913113E-01 eV                 0.000 s #
#                                                                            #
#     LDA Exch-Corr Energy =  -1.196250266434E+01 eV                 0.000 s #
#         Coulombic Energy =   6.052279133224E-02 eV                 0.000 s #
#      Ion-Electron Energy =   7.486445749381E+00 eV                 0.000 s #
#           Ion-Ion Energy =  -3.008987458128E+01 eV                 0.000 s #
#                                                                            #
#     TOTAL KINETIC ENERGY =   9.880011935253E+00 eV                         #
#   TOTAL POTENTIAL ENERGY =  -3.450540870491E+01 eV                         #
#             TOTAL ENERGY =  -2.462539676966E+01 eV                         #
##############################################################################
  
 ----------------------------- TIME INFORMATION ------------------------------
    PROFESS      :      0.91s WALL    100.00% (       1 calls)     0.91s/call
    InitPROFESS  :      0.50s WALL     55.34% (       1 calls)     0.50s/call
    KEDFRefresh  :      0.47s WALL     52.13% (       1 calls)     0.47s/call
    IonRefresh   :      0.00s WALL      0.09% (       1 calls)     0.00s/call
    EwaldEnergy  :      0.00s WALL      0.04% (       1 calls)     0.00s/call
    Pot_Ion      :      0.00s WALL      0.02% (      62 calls)     0.00s/call
    Pot_Har      :      0.01s WALL      0.57% (      62 calls)     0.00s/call
    Pot_Exc      :      0.03s WALL      2.89% (      62 calls)     0.00s/call
    Pot_KEDF     :      0.11s WALL     12.44% (      62 calls)     0.00s/call
    VWPotSqrPlus :      0.00s WALL      0.53% (      62 calls)     0.00s/call
    NextGradient :      0.00s WALL      0.03% (       6 calls)     0.00s/call
 -----------------------------------------------------------------------------
 ------------------------------- TOTAL ---------------------------------------
    PROFESS      :      0.91s WALL    100.00% (       1 calls)     0.91s/call
 -----------------------------------------------------------------------------

Run completed on: 08/19/2021 at 16:13:01 
  
