 ******************************************************************************
                             WELCOME TO PROFESS                   
            (PRinceton Orbital-Free Electronic Structure Software) 
 ******************************************************************************

 ------------------------------------------------------------------------------
                           READ GEOMETRY
 Cell length (Bohr)    8.289E+00   8.289E+00   8.289E+00
 Angle     (Degree)    6.000E+01   6.000E+01   6.000E+01
 Volume    (Bohr^3)    4.026E+02

 ------------------------------------------------------------------------------
                           READ PSEUDOPOTENTIAL
 Total electron number in ReadPseudo is    8.0000000000000000     
 (System) Machine Precision              :    2.2204460492503131E-016

 ------------------------------------------------------------------------------
                           SETUP FFT
 Global FFT Dimension :    45   45   45
 Dimension of rho for this processor : 
 xmin, xmax :            0          44
 ymin, ymax :            0          44
 zmin, zmax :            0          44
 Total electron number =    8.0000000000000000     
 Uniform rhoR =    1.9868851811823518E-002
 (GB INFO) FFT size      :       45      45      45
 (GB INFO) FFT offset    :        0
 (GB INFO) FFT G size    :       23      45      45
 (GB INFO) FFT G offset  :        0

 ------------------------------------------------------------------------------
                           SETUP KEDF
 kinetic energy density functional number is           11
 ( 1=TF, 2=VW, 3=TF+VW, 4=WT,  5=WGC,  
   7=LQ, 8=HQ, 10=CAT,  11=HC, 12=WGCD,
   15=GGA, 16=WGCD+GGA, 17=EVT, 18=EVC )
 qTable dimension:    23   45   45
 rhoS=   1.9868851811823518E-002
 rho0=   1.9868851811823518E-002
 coefficients for TF KEDF is     1.000000
 coefficients for VW KEDF is     1.000000
 Lambda in HC10 is set to     0.012000
 ALPHA  in HC10 is set to     1.916667
 BETA   in HC10 is set to     0.750000
 Sum of alpha and beta is     2.666667
  dV of each real space grid is now    4.4185489946963023E-003
 Cell length (Bohr)    8.289E+00   8.289E+00   8.289E+00
 Angle     (Degree)    6.000E+01   6.000E+01   6.000E+01
 Volume    (Bohr^3)    4.026E+02

 ------------------------------------------------------------------------------
                           SETUP EWALD 
 (Ewald) eta                             :    1.200    
 (Ewald) Real Space Cutoff               :    6.000     (Bohr)
 (Ewald) Reciprocal Cutoff               :    16.68     (1/Bohr)

 ------------------------------------------------------------------------------
                           SETUP PLANE WAVE 

 ------------------------------------------------------------------------------
                           REFRESH ION POSITIONS
  
 Calculating Ion-Ion Energy ...                   complete.     0.037 s
  
 Calculating Ion-Electron Potential (spline) ... 
 complete.     0.059 s

 ------------------------------------------------------------------------------
                           DENSITY OPTIMIZATION
 Electron number for spin            1  is    8.0000000000125873     
 Cell Volume      :            59.665133 Angstrom^3
 Ion number       :                    2
 Electron number  :             8.000000
 Ion density      :             0.033520 Ion/Angstrom^3
 Electron density :             0.134082 Electron/Angstrom^3
 Print density file to AlSb/AlSb.den                                     
##############################################################################
#                               FINAL ENERGIES                       time    #
##############################################################################
# Thomas-Fermi Kin. Energy =   5.883408357499E+01 eV                 0.000 s #
# Von-Weizsacker Kin. Ener =   1.930009231202E+01 eV                 0.000 s #
#                                                                            #
# GGA(PBE) Exch-Cor Energy =  -5.842952940434E+01 eV                 0.000 s #
#         Coulombic Energy =   1.402717478428E+01 eV                 0.000 s #
#      Ion-Electron Energy =  -1.567172441060E+01 eV                 0.000 s #
#           Ion-Ion Energy =  -2.088642548988E+02 eV                 0.000 s #
#                                                                            #
#     TOTAL KINETIC ENERGY =   6.361756344519E+01 eV                         #
#   TOTAL POTENTIAL ENERGY =  -2.689383339295E+02 eV                         #
#             TOTAL ENERGY =  -2.053207704843E+02 eV                         #
##############################################################################
  
 ----------------------------- TIME INFORMATION ------------------------------
    PROFESS      :   2203.39s WALL    100.00% (       1 calls)  2203.39s/call
    InitPROFESS  :      0.14s WALL      0.01% (       1 calls)     0.14s/call
    KEDFRefresh  :      0.00s WALL      0.00% (       1 calls)     0.00s/call
    IonRefresh   :      0.10s WALL      0.00% (       1 calls)     0.10s/call
    EwaldEnergy  :      0.04s WALL      0.00% (       1 calls)     0.04s/call
    ForwFFT_3D   :    487.42s WALL     22.12% (   61233 calls)     0.01s/call
    BackFFT_3D   :    286.54s WALL     13.00% (   39753 calls)     0.01s/call
    Pot_Ion      :      1.62s WALL      0.07% (     962 calls)     0.00s/call
    Pot_Har      :     15.28s WALL      0.69% (     962 calls)     0.02s/call
    Pot_Exc      :    254.10s WALL     11.53% (     962 calls)     0.26s/call
    PBEPot       :    252.28s WALL     11.45% (     962 calls)     0.26s/call
    Pot_KEDF     :   1909.91s WALL     86.68% (     962 calls)     1.99s/call
    intPot       :   1877.63s WALL     85.22% (     962 calls)     1.95s/call
    MakeXiG      :     11.84s WALL      0.54% (     962 calls)     0.01s/call
    VWPotSqrPlus :     13.43s WALL      0.61% (     962 calls)     0.01s/call
    intPot1      :    530.01s WALL     24.05% (   12662 calls)     0.04s/call
    MakeHC10Kern :     43.31s WALL      1.97% (   13623 calls)     0.00s/call
    intPot2      :    341.16s WALL     15.48% (   12662 calls)     0.03s/call
    intPot3      :    623.31s WALL     28.29% (   12662 calls)     0.05s/call
    intPot4      :    218.10s WALL      9.90% (   12662 calls)     0.02s/call
    NextGradient :      1.14s WALL      0.05% (      93 calls)     0.01s/call
 -----------------------------------------------------------------------------
 ------------------------------- TOTAL ---------------------------------------
    PROFESS      :   2203.39s WALL    100.00% (       1 calls)  2203.39s/call
 -----------------------------------------------------------------------------

Run completed on: 07/31/2024 at 02:30:57 
  
