 ******************************************************************************
                             WELCOME TO PROFESS                   
            (PRinceton Orbital-Free Electronic Structure Software) 
 ******************************************************************************

 ------------------------------------------------------------------------------
                           READ GEOMETRY
 Cell length (Bohr)    5.041E+00   5.041E+00   5.041E+00
 Angle     (Degree)    1.095E+02   1.095E+02   1.095E+02
 Volume    (Bohr^3)    9.861E+01

 ------------------------------------------------------------------------------
                           READ PSEUDOPOTENTIAL
 Total electron number in ReadPseudo is    4.0000000000000000     
 (System) Machine Precision              :    2.2204460492503131E-016

 ------------------------------------------------------------------------------
                           SETUP FFT
 Global FFT Dimension :    25   25   25
 Dimension of rho for this processor : 
 xmin, xmax :            0          24
 ymin, ymax :            0          24
 zmin, zmax :            0          24
 Total electron number =    4.0000000000000000     
 Uniform rhoR =    4.0565739721183700E-002
 (GB INFO) FFT size      :       25      25      25
 (GB INFO) FFT offset    :        0
 (GB INFO) FFT G size    :       13      25      25
 (GB INFO) FFT G offset  :        0

 ------------------------------------------------------------------------------
                           SETUP KEDF
 kinetic energy density functional number is           11
 ( 1=TF, 2=VW, 3=TF+VW, 4=WT,  5=WGC,  
   7=LQ, 8=HQ, 10=CAT,  11=HC, 12=WGCD,
   15=GGA, 16=WGCD+GGA, 17=EVT, 18=EVC )
 qTable dimension:    13   25   25
 rhoS=   4.0565739721183700E-002
 rho0=   4.0565739721183700E-002
 coefficients for TF KEDF is     1.000000
 coefficients for VW KEDF is     1.000000
 Lambda in HC10 is set to     0.000000
 ALPHA  in HC10 is set to     2.016667
 BETA   in HC10 is set to     0.650000
 Sum of alpha and beta is     2.666667
  dV of each real space grid is now    6.3107440357192618E-003
 Cell length (Bohr)    5.041E+00   5.041E+00   5.041E+00
 Angle     (Degree)    1.095E+02   1.095E+02   1.095E+02
 Volume    (Bohr^3)    9.861E+01

 ------------------------------------------------------------------------------
                           SETUP EWALD 
 (Ewald) eta                             :    1.200    
 (Ewald) Real Space Cutoff               :    6.000     (Bohr)
 (Ewald) Reciprocal Cutoff               :    14.96     (1/Bohr)

 ------------------------------------------------------------------------------
                           SETUP PLANE WAVE 

 ------------------------------------------------------------------------------
                           REFRESH ION POSITIONS
  
 Calculating Ion-Ion Energy ...                   complete.     0.002 s
  
 Calculating Ion-Electron Potential (spline) ... 
 complete.     0.008 s

 ------------------------------------------------------------------------------
                           DENSITY OPTIMIZATION
 Electron number for spin            1  is    3.9999999999987228     
 Cell Volume      :            14.611809 Angstrom^3
 Ion number       :                    1
 Electron number  :             4.000000
 Ion density      :             0.068438 Ion/Angstrom^3
 Electron density :             0.273751 Electron/Angstrom^3
 Print density file to bcc/Si.den                                        
##############################################################################
#                               FINAL ENERGIES                       time    #
##############################################################################
# Thomas-Fermi Kin. Energy =   3.810271632885E+01 eV                 0.000 s #
# Von-Weizsacker Kin. Ener =   4.501711379351E+00 eV                 0.000 s #
#                                                                            #
# GGA(PBE) Exch-Cor Energy =  -3.315567541441E+01 eV                 0.000 s #
#         Coulombic Energy =   3.940169017640E-01 eV                 0.000 s #
#      Ion-Electron Energy =   2.000728549756E+01 eV                 0.000 s #
#           Ion-Ion Energy =  -1.361048690629E+02 eV                 0.000 s #
#                                                                            #
#     TOTAL KINETIC ENERGY =   4.064678601530E+01 eV                         #
#   TOTAL POTENTIAL ENERGY =  -1.488592420780E+02 eV                         #
#             TOTAL ENERGY =  -1.082124560627E+02 eV                         #
##############################################################################
  
 ----------------------------- TIME INFORMATION ------------------------------
    PROFESS      :     16.21s WALL    100.00% (       1 calls)    16.21s/call
    InitPROFESS  :      0.03s WALL      0.20% (       1 calls)     0.03s/call
    KEDFRefresh  :      0.00s WALL      0.01% (       1 calls)     0.00s/call
    IonRefresh   :      0.01s WALL      0.07% (       1 calls)     0.01s/call
    EwaldEnergy  :      0.00s WALL      0.02% (       1 calls)     0.00s/call
    ForwFFT_3D   :      1.67s WALL     10.33% (    4310 calls)     0.00s/call
    BackFFT_3D   :      1.30s WALL      8.00% (    3369 calls)     0.00s/call
    Pot_Ion      :      0.03s WALL      0.20% (     128 calls)     0.00s/call
    Pot_Har      :      0.15s WALL      0.91% (     128 calls)     0.00s/call
    Pot_Exc      :      2.77s WALL     17.12% (     128 calls)     0.02s/call
    PBEPot       :      2.59s WALL     15.95% (     128 calls)     0.02s/call
    Pot_KEDF     :     12.77s WALL     78.80% (     128 calls)     0.10s/call
    intPot       :     11.99s WALL     73.96% (     128 calls)     0.09s/call
    MakeXiG      :      0.22s WALL      1.37% (     128 calls)     0.00s/call
    VWPotSqrPlus :      0.10s WALL      0.64% (     128 calls)     0.00s/call
    intPot1      :      3.55s WALL     21.93% (     725 calls)     0.00s/call
    MakeHC10Kern :      0.68s WALL      4.21% (     852 calls)     0.00s/call
    intPot2      :      2.33s WALL     14.40% (     725 calls)     0.00s/call
    intPot3      :      2.63s WALL     16.20% (     725 calls)     0.00s/call
    intPot4      :      1.24s WALL      7.65% (     725 calls)     0.00s/call
    NextGradient :      0.01s WALL      0.05% (       7 calls)     0.00s/call
 -----------------------------------------------------------------------------
 ------------------------------- TOTAL ---------------------------------------
    PROFESS      :     16.21s WALL    100.00% (       1 calls)    16.21s/call
 -----------------------------------------------------------------------------

Run completed on: 07/31/2024 at 01:52:01 
  
