 ******************************************************************************
                             WELCOME TO PROFESS                   
            (PRinceton Orbital-Free Electronic Structure Software) 
 ******************************************************************************

 ------------------------------------------------------------------------------
                           READ GEOMETRY
 Cell length (Bohr)    5.507E+00   5.507E+00   5.507E+00
 Angle     (Degree)    9.000E+01   9.000E+01   9.000E+01
 Volume    (Bohr^3)    1.670E+02

 ------------------------------------------------------------------------------
                           READ PSEUDOPOTENTIAL
 Total electron number in ReadPseudo is    2.0000000000000000     
 (System) Machine Precision              :    2.2204460492503131E-016

 ------------------------------------------------------------------------------
                           SETUP FFT
 Global FFT Dimension :    14   14   14
 Rank/Size in Global Communicator     :            0 /           1
 Rank/Size in Global FFT Communicator :            0 /           1
 Parallel FFT, totX    =    14
 Parallel FFT, totY    =    14
 Parallel FFT, locZ    =    14
 Parallel FFT, locZoff =     0
 Dimension of rho for this processor : 
 xmin, xmax :            0          13
 ymin, ymax :            0          13
 zmin, zmax :            0          13
 Total electron number =    2.0000000000000000     
 Uniform rhoR =    1.1973332522039569E-002
 (GB INFO) FFT size      :       14      14      14
 (GB INFO) FFT offset    :        0
 (GB INFO) FFT G size    :        8      14      14
 (GB INFO) FFT G offset  :        0

 ------------------------------------------------------------------------------
                           SETUP KEDF
 kinetic energy density functional number is            4
 ( 1=TF, 2=VW, 3=TF+VW, 4=WT,  5=WGC,  
   7=LQ, 8=HQ, 10=CAT,  11=HC, 12=WGCD,
   15=GGA, 16=WGCD+GGA, 17=EVT, 18=EVC )
 qTable dimension:     8   14   14
 Coefficient for TF KEDF is     1.0000
 Coefficient for VW KEDF is     1.0000
 Coefficient for alpha in WT KEDF is     0.8333
 Coefficient for beta  in WT KEDF is     0.8333
 rho0 (Electron/Bohr^3) in WGC KEDF is     0.0120
 hold0 =  F
  dV of each real space grid is now    6.0873860507866071E-002
 Cell length (Bohr)    5.507E+00   5.507E+00   5.507E+00
 Angle     (Degree)    9.000E+01   9.000E+01   9.000E+01
 Volume    (Bohr^3)    1.670E+02

 ------------------------------------------------------------------------------
                           SETUP EWALD 
 (Ewald) eta                             :   0.7449    
 (Ewald) Real Space Cutoff               :    6.328     (Bohr)
 (Ewald) Reciprocal Cutoff               :    7.416     (1/Bohr)

 ------------------------------------------------------------------------------
                           SETUP PLANE WAVE 
 Read in WT kernel.
 kernel file name  : 5PROFESS_KERNEL.dat           
 KEDF type         :     4
 Fermi vector      :   1.182014212099E+00
 Reference density :  -1.000000000000E+00
 Mesh points       :   200002
 Fermi vector in this cell is    1.4154960995303205     
 Fermi vector from kernel file is    1.1820142120987149     
 First qNorm is    0.0000000000000000     
 size of Wang-Teter kernel in this run is            8          14          14
 Max |G| in this calculation is   1.383248533521E+01
 Max eta used from kernel is   9.772181880121E+00

 ------------------------------------------------------------------------------
                           REFRESH ION POSITIONS
  
 Calculating Ion-Ion Energy ...                   complete.     0.000 s
  
 Calculating Ion-Electron Potential (spline) ... 
 complete.     0.000 s

 ------------------------------------------------------------------------------
                           DENSITY OPTIMIZATION
 Electron number for spin            1  is    1.9999999999999845     
 Cell Volume      :            24.752459 Angstrom^3
 Ion number       :                    1
 Electron number  :             2.000000
 Ion density      :             0.040400 Ion/Angstrom^3
 Electron density :             0.080800 Electron/Angstrom^3
##############################################################################
#                               FINAL ENERGIES                       time    #
##############################################################################
# Thomas-Fermi Kin. Energy =   8.389474606257E+00 eV                 0.000 s #
# Von-Weizsacker Kin. Ener =   1.146642638716E+00 eV                 0.000 s #
# Wang-Teter Kinetic Energ =  -3.704848969576E-01 eV                 0.000 s #
#                                                                            #
#     LDA Exch-Corr Energy =  -1.143147986530E+01 eV                 0.000 s #
#         Coulombic Energy =   7.043334442794E-02 eV                 0.000 s #
#      Ion-Electron Energy =   5.934960203969E+00 eV                 0.000 s #
#           Ion-Ion Energy =  -2.803800911118E+01 eV                 0.000 s #
#                                                                            #
#     TOTAL KINETIC ENERGY =   9.165632348016E+00 eV                         #
#   TOTAL POTENTIAL ENERGY =  -3.346409542809E+01 eV                         #
#             TOTAL ENERGY =  -2.429846308007E+01 eV                         #
##############################################################################
  
 ----------------------------- TIME INFORMATION ------------------------------
    PROFESS      :      0.39s WALL    100.00% (       1 calls)     0.39s/call
    InitPROFESS  :      0.23s WALL     59.37% (       1 calls)     0.23s/call
    KEDFRefresh  :      0.21s WALL     54.98% (       1 calls)     0.21s/call
    IonRefresh   :      0.00s WALL      0.14% (       1 calls)     0.00s/call
    EwaldEnergy  :      0.00s WALL      0.07% (       1 calls)     0.00s/call
    Pot_Ion      :      0.00s WALL      0.03% (      57 calls)     0.00s/call
    Pot_Har      :      0.00s WALL      0.73% (      57 calls)     0.00s/call
    Pot_Exc      :      0.02s WALL      4.20% (      57 calls)     0.00s/call
    Pot_KEDF     :      0.07s WALL     18.08% (      57 calls)     0.00s/call
    VWPotSqrPlus :      0.00s WALL      0.69% (      57 calls)     0.00s/call
    NextGradient :      0.00s WALL      0.05% (       6 calls)     0.00s/call
 -----------------------------------------------------------------------------
 ------------------------------- TOTAL ---------------------------------------
    PROFESS      :      0.39s WALL    100.00% (       1 calls)     0.39s/call
 -----------------------------------------------------------------------------

Run completed on: 08/19/2021 at 16:13:08 
  
