 ******************************************************************************
                             WELCOME TO PROFESS                   
            (PRinceton Orbital-Free Electronic Structure Software) 
 ******************************************************************************

 ------------------------------------------------------------------------------
                           READ GEOMETRY
 Cell length (Bohr)    5.304E+00   5.304E+00   8.662E+01
 Angle     (Degree)    9.000E+01   9.000E+01   6.000E+01
 Volume    (Bohr^3)    2.110E+03

 ------------------------------------------------------------------------------
                           READ PSEUDOPOTENTIAL
 Total electron number in ReadPseudo is    60.000000000000000     
 (System) Machine Precision              :    2.2204460492503131E-016

 ------------------------------------------------------------------------------
                           SETUP FFT
 Global FFT Dimension :    14   14  216
 Rank/Size in Global Communicator     :            0 /           1
 Rank/Size in Global FFT Communicator :            0 /           1
 Parallel FFT, totX    =    14
 Parallel FFT, totY    =    14
 Parallel FFT, locZ    =   216
 Parallel FFT, locZoff =     0
 Dimension of rho for this processor : 
 xmin, xmax :            0          13
 ymin, ymax :            0          13
 zmin, zmax :            0         215
 Total electron number =    60.000000000000000     
 Uniform rhoR =    2.8430529462104222E-002
 (GB INFO) FFT size      :       14      14     216
 (GB INFO) FFT offset    :        0
 (GB INFO) FFT G size    :        8      14     216
 (GB INFO) FFT G offset  :        0

 ------------------------------------------------------------------------------
                           SETUP KEDF
 kinetic energy density functional number is            4
 ( 1=TF, 2=VW, 3=TF+VW, 4=WT,  5=WGC,  
   7=LQ, 8=HQ, 10=CAT,  11=HC, 12=WGCD,
   15=GGA, 16=WGCD+GGA, 17=EVT, 18=EVC )
 qTable dimension:     8   14  216
 Coefficient for TF KEDF is     1.0000
 Coefficient for VW KEDF is     1.0000
 Coefficient for alpha in WT KEDF is     0.8333
 Coefficient for beta  in WT KEDF is     0.8333
 rho0 (Electron/Bohr^3) in WGC KEDF is     0.0284
 hold0 =  F
  dV of each real space grid is now    4.9849003409513343E-002
 Cell length (Bohr)    5.304E+00   5.304E+00   8.662E+01
 Angle     (Degree)    9.000E+01   9.000E+01   6.000E+01
 Volume    (Bohr^3)    2.110E+03

 ------------------------------------------------------------------------------
                           SETUP EWALD 
 (Ewald) eta                             :   0.6867    
 (Ewald) Real Space Cutoff               :    7.503     (Bohr)
 (Ewald) Reciprocal Cutoff               :    7.700     (1/Bohr)

 ------------------------------------------------------------------------------
                           SETUP PLANE WAVE 
 Read in WT kernel.
 kernel file name  : 5PROFESS_KERNEL.dat           
 KEDF type         :     4
 Fermi vector      :   1.182014212099E+00
 Reference density :  -1.000000000000E+00
 Mesh points       :   200002
 Fermi vector in this cell is    1.8884202329568809     
 Fermi vector from kernel file is    1.1820142120987149     
 First qNorm is    0.0000000000000000     
 size of Wang-Teter kernel in this run is            8          14         216
 Max |G| in this calculation is   1.729128690037E+01
 Max eta used from kernel is   9.156482544828E+00

 ------------------------------------------------------------------------------
                           REFRESH ION POSITIONS
  
 Calculating Ion-Ion Energy ...                   complete.     0.006 s
  
 Calculating Ion-Electron Potential (spline) ... 
 complete.     0.006 s

 ------------------------------------------------------------------------------
                           DENSITY OPTIMIZATION
 Electron number for spin            1  is    60.000000000004206     
 Cell Volume      :           312.730109 Angstrom^3
 Ion number       :                   20
 Electron number  :            60.000000
 Ion density      :             0.063953 Ion/Angstrom^3
 Electron density :             0.191859 Electron/Angstrom^3
  
 Calculating Ion-Ion Forces ...                complete.     0.004 s
  
 Calculating Ion-Electron Forces (spline) ...  complete.     0.003 s
  ------ ION (GRADIENT METHOD) STEP            1  ------

 ------------------------------------------------------------------------------
                           REFRESH ION POSITIONS
  
 Calculating Ion-Ion Energy ...                   complete.     0.003 s
  
 Calculating Ion-Electron Potential (spline) ... 
 complete.     0.005 s

 ------------------------------------------------------------------------------
                           DENSITY OPTIMIZATION
 Electron number for spin            1  is    60.000000000000341     
 Cell Volume      :           312.730109 Angstrom^3
 Ion number       :                   20
 Electron number  :            60.000000
 Ion density      :             0.063953 Ion/Angstrom^3
 Electron density :             0.191859 Electron/Angstrom^3
  
 Calculating Ion-Ion Forces ...                complete.     0.007 s
  
 Calculating Ion-Electron Forces (spline) ...  complete.     0.004 s

 ------------------------------------------------------------------------------
                           REFRESH ION POSITIONS
  
 Calculating Ion-Ion Energy ...                   complete.     0.005 s
  
 Calculating Ion-Electron Potential (spline) ... 
 complete.     0.005 s

 ------------------------------------------------------------------------------
                           DENSITY OPTIMIZATION
 Electron number for spin            1  is    60.000000000000007     
 Cell Volume      :           312.730109 Angstrom^3
 Ion number       :                   20
 Electron number  :            60.000000
 Ion density      :             0.063953 Ion/Angstrom^3
 Electron density :             0.191859 Electron/Angstrom^3
  
 Calculating Ion-Ion Forces ...                complete.     0.007 s
  
 Calculating Ion-Electron Forces (spline) ...  complete.     0.004 s
  ------ ION (GRADIENT METHOD) STEP            2  ------

 ------------------------------------------------------------------------------
                           REFRESH ION POSITIONS
  
 Calculating Ion-Ion Energy ...                   complete.     0.005 s
  
 Calculating Ion-Electron Potential (spline) ... 
 complete.     0.005 s

 ------------------------------------------------------------------------------
                           DENSITY OPTIMIZATION
 Electron number for spin            1  is    59.999999999999979     
 Cell Volume      :           312.730109 Angstrom^3
 Ion number       :                   20
 Electron number  :            60.000000
 Ion density      :             0.063953 Ion/Angstrom^3
 Electron density :             0.191859 Electron/Angstrom^3
  
 Calculating Ion-Ion Forces ...                complete.     0.006 s
  
 Calculating Ion-Electron Forces (spline) ...  complete.     0.004 s

 ------------------------------------------------------------------------------
                           REFRESH ION POSITIONS
  
 Calculating Ion-Ion Energy ...                   complete.     0.005 s
  
 Calculating Ion-Electron Potential (spline) ... 
 complete.     0.005 s

 ------------------------------------------------------------------------------
                           DENSITY OPTIMIZATION
 Electron number for spin            1  is    60.000000000000512     
 Cell Volume      :           312.730109 Angstrom^3
 Ion number       :                   20
 Electron number  :            60.000000
 Ion density      :             0.063953 Ion/Angstrom^3
 Electron density :             0.191859 Electron/Angstrom^3
  
 Calculating Ion-Ion Forces ...                complete.     0.007 s
  
 Calculating Ion-Electron Forces (spline) ...  complete.     0.004 s
  ------ ION (GRADIENT METHOD) STEP            3  ------

 ------------------------------------------------------------------------------
                           REFRESH ION POSITIONS
  
 Calculating Ion-Ion Energy ...                   complete.     0.005 s
  
 Calculating Ion-Electron Potential (spline) ... 
 complete.     0.006 s

 ------------------------------------------------------------------------------
                           DENSITY OPTIMIZATION
 Electron number for spin            1  is    59.999999999999361     
 Cell Volume      :           312.730109 Angstrom^3
 Ion number       :                   20
 Electron number  :            60.000000
 Ion density      :             0.063953 Ion/Angstrom^3
 Electron density :             0.191859 Electron/Angstrom^3
  
 Calculating Ion-Ion Forces ...                complete.     0.006 s
  
 Calculating Ion-Electron Forces (spline) ...  complete.     0.004 s
  ------ ION (GRADIENT METHOD) STEP            4  ------

 ------------------------------------------------------------------------------
                           REFRESH ION POSITIONS
  
 Calculating Ion-Ion Energy ...                   complete.     0.005 s
  
 Calculating Ion-Electron Potential (spline) ... 
 complete.     0.005 s

 ------------------------------------------------------------------------------
                           DENSITY OPTIMIZATION
 Electron number for spin            1  is    60.000000000000732     
 Cell Volume      :           312.730109 Angstrom^3
 Ion number       :                   20
 Electron number  :            60.000000
 Ion density      :             0.063953 Ion/Angstrom^3
 Electron density :             0.191859 Electron/Angstrom^3
  
 Calculating Ion-Ion Forces ...                complete.     0.007 s
  
 Calculating Ion-Electron Forces (spline) ...  complete.     0.004 s

 ------------------------------------------------------------------------------
                           REFRESH ION POSITIONS
  
 Calculating Ion-Ion Energy ...                   complete.     0.005 s
  
 Calculating Ion-Electron Potential (spline) ... 
 complete.     0.005 s

 ------------------------------------------------------------------------------
                           DENSITY OPTIMIZATION
 Electron number for spin            1  is    59.999999999999979     
 Cell Volume      :           312.730109 Angstrom^3
 Ion number       :                   20
 Electron number  :            60.000000
 Ion density      :             0.063953 Ion/Angstrom^3
 Electron density :             0.191859 Electron/Angstrom^3
  
 Calculating Ion-Ion Forces ...                complete.     0.007 s
  
 Calculating Ion-Electron Forces (spline) ...  complete.     0.004 s
  ------ ION (GRADIENT METHOD) STEP            5  ------
  
 Calculating Ion-Electron Stress (spline) ...  complete.     0.009 s
  
 Calculating Ion-Ion Stress ...                complete.     0.003 s
  
 ------------------------------------------------------------------------------
                         LATTICE VECTORS (Angstrom)
 LAT 1           2.806844        0.000000        0.000000
 LAT 2           1.403422        2.430798        0.000000
 LAT 3           0.000000        0.000000       45.835566
 ------------------------------------------------------------------------------
                                STRESS (GPa)
 ST_GPa 1        0.003037        0.019696       -0.000003
 ST_GPa 2        0.019696       -0.019705       -0.000002
 ST_GPa 3       -0.000003       -0.000002       -0.221249
  
 --------------------------------------------------
 STRESS (a.u.)
 --------------------------------------------------
 ST_AU  1   1.0323452456E-07   6.6945681189E-07  -9.1128931937E-11
 ST_AU  2   6.6945681189E-07  -6.6976019743E-07  -6.6441926445E-11
 ST_AU  3  -9.1128931937E-11  -6.6441926445E-11  -7.5200957653E-06
; Cell optimization at step  1, max(stress):  0.7520E-05, total energy:  -42.576495    ;
  dV of each real space grid is now    4.9850268799707484E-002
 Cell length (Bohr)    5.304E+00   5.304E+00   8.662E+01
 Angle     (Degree)    9.000E+01   9.000E+01   6.000E+01
 Volume    (Bohr^3)    2.110E+03
  dV of each real space grid is now    4.9850268799707484E-002
 Cell length (Bohr)    5.304E+00   5.304E+00   8.662E+01
 Angle     (Degree)    9.000E+01   9.000E+01   6.000E+01
 Volume    (Bohr^3)    2.110E+03

 ------------------------------------------------------------------------------
                           SETUP EWALD 
 (Ewald) eta                             :   0.6867    
 (Ewald) Real Space Cutoff               :    7.503     (Bohr)
 (Ewald) Reciprocal Cutoff               :    7.700     (1/Bohr)

 ------------------------------------------------------------------------------
                           SETUP PLANE WAVE 
 Read in WT kernel.
 kernel file name  : 5PROFESS_KERNEL.dat           
 KEDF type         :     4
 Fermi vector      :   1.182014212099E+00
 Reference density :  -1.000000000000E+00
 Mesh points       :   200002
 Fermi vector in this cell is    1.8884042543826294     
 Fermi vector from kernel file is    1.1820142120987149     
 First qNorm is    0.0000000000000000     
 size of Wang-Teter kernel in this run is            8          14         216
 Max |G| in this calculation is   1.729119679938E+01
 Max eta used from kernel is   9.156512308870E+00

 ------------------------------------------------------------------------------
                           REFRESH ION POSITIONS
  
 Calculating Ion-Ion Energy ...                   complete.     0.006 s
  
 Calculating Ion-Electron Potential (spline) ... 
 complete.     0.005 s
 Rescale the total density from   2.991092 to         60

 ------------------------------------------------------------------------------
                           DENSITY OPTIMIZATION
 Electron number for spin            1  is    59.999999999999858     
 Cell Volume      :           312.738047 Angstrom^3
 Ion number       :                   20
 Electron number  :            60.000000
 Ion density      :             0.063951 Ion/Angstrom^3
 Electron density :             0.191854 Electron/Angstrom^3
  
 Calculating Ion-Ion Forces ...                complete.     0.007 s
  
 Calculating Ion-Electron Forces (spline) ...  complete.     0.004 s
  ------ ION (GRADIENT METHOD) STEP            1  ------
  
 Calculating Ion-Electron Stress (spline) ...  complete.     0.008 s
  
 Calculating Ion-Ion Stress ...                complete.     0.003 s
  
 ------------------------------------------------------------------------------
                         LATTICE VECTORS (Angstrom)
 LAT 1           2.806844        0.000000        0.000000
 LAT 2           1.403422        2.430798        0.000000
 LAT 3           0.000000        0.000000       45.836730
 ------------------------------------------------------------------------------
                                STRESS (GPa)
 ST_GPa 1        0.004705        0.019687       -0.000003
 ST_GPa 2        0.019687       -0.018027       -0.000002
 ST_GPa 3       -0.000003       -0.000002       -0.217969
  
 --------------------------------------------------
 STRESS (a.u.)
 --------------------------------------------------
 ST_AU  1   1.5992780379E-07   6.6916004942E-07  -9.1425023429E-11
 ST_AU  2   6.6916004942E-07  -6.1272454882E-07  -6.6606733736E-11
 ST_AU  3  -9.1425023429E-11  -6.6606733736E-11  -7.4086126197E-06
; Cell optimization at step  2, max(stress):  0.7409E-05, total energy:  -42.576495    ;
  dV of each real space grid is now    4.9851764757108098E-002
 Cell length (Bohr)    5.304E+00   5.304E+00   8.662E+01
 Angle     (Degree)    9.000E+01   9.000E+01   6.000E+01
 Volume    (Bohr^3)    2.111E+03
  dV of each real space grid is now    4.9851764757108098E-002
 Cell length (Bohr)    5.304E+00   5.304E+00   8.662E+01
 Angle     (Degree)    9.000E+01   9.000E+01   6.000E+01
 Volume    (Bohr^3)    2.111E+03

 ------------------------------------------------------------------------------
                           SETUP EWALD 
 (Ewald) eta                             :   0.6867    
 (Ewald) Real Space Cutoff               :    7.503     (Bohr)
 (Ewald) Reciprocal Cutoff               :    7.700     (1/Bohr)

 ------------------------------------------------------------------------------
                           SETUP PLANE WAVE 
 Read in WT kernel.
 kernel file name  : 5PROFESS_KERNEL.dat           
 KEDF type         :     4
 Fermi vector      :   1.182014212099E+00
 Reference density :  -1.000000000000E+00
 Mesh points       :   200002
 Fermi vector in this cell is    1.8883853650441320     
 Fermi vector from kernel file is    1.1820142120987149     
 First qNorm is    0.0000000000000000     
 size of Wang-Teter kernel in this run is            8          14         216
 Max |G| in this calculation is   1.729109028929E+01
 Max eta used from kernel is   9.156547497862E+00

 ------------------------------------------------------------------------------
                           REFRESH ION POSITIONS
  
 Calculating Ion-Ion Energy ...                   complete.     0.006 s
  
 Calculating Ion-Electron Potential (spline) ... 
 complete.     0.006 s
 Rescale the total density from   2.991196 to         60

 ------------------------------------------------------------------------------
                           DENSITY OPTIMIZATION
 Electron number for spin            1  is    59.999999999999943     
 Cell Volume      :           312.747432 Angstrom^3
 Ion number       :                   20
 Electron number  :            60.000000
 Ion density      :             0.063949 Ion/Angstrom^3
 Electron density :             0.191848 Electron/Angstrom^3
  
 Calculating Ion-Ion Forces ...                complete.     0.007 s
  
 Calculating Ion-Electron Forces (spline) ...  complete.     0.004 s
  ------ ION (GRADIENT METHOD) STEP            1  ------
  
 Calculating Ion-Electron Stress (spline) ...  complete.     0.008 s
  
 Calculating Ion-Ion Stress ...                complete.     0.004 s
  
 ------------------------------------------------------------------------------
                         LATTICE VECTORS (Angstrom)
 LAT 1           2.806844        0.000000        0.000000
 LAT 2           1.403422        2.430798        0.000000
 LAT 3           0.000000        0.000000       45.838105
 ------------------------------------------------------------------------------
                                STRESS (GPa)
 ST_GPa 1        0.006657        0.019666       -0.000003
 ST_GPa 2        0.019666       -0.016051       -0.000002
 ST_GPa 3       -0.000003       -0.000002       -0.214084
  
 --------------------------------------------------
 STRESS (a.u.)
 --------------------------------------------------
 ST_AU  1   2.2625224366E-07   6.6843990599E-07  -9.1427213704E-11
 ST_AU  2   6.6843990599E-07  -5.4556857593E-07  -6.6612574487E-11
 ST_AU  3  -9.1427213704E-11  -6.6612574487E-11  -7.2765647051E-06
; Cell optimization at step  3, max(stress):  0.7277E-05, total energy:  -42.576496    ;
  dV of each real space grid is now    4.9853527910029755E-002
 Cell length (Bohr)    5.304E+00   5.304E+00   8.662E+01
 Angle     (Degree)    9.000E+01   9.000E+01   6.000E+01
 Volume    (Bohr^3)    2.111E+03
  dV of each real space grid is now    4.9853527910029755E-002
 Cell length (Bohr)    5.304E+00   5.304E+00   8.662E+01
 Angle     (Degree)    9.000E+01   9.000E+01   6.000E+01
 Volume    (Bohr^3)    2.111E+03

 ------------------------------------------------------------------------------
                           SETUP EWALD 
 (Ewald) eta                             :   0.6867    
 (Ewald) Real Space Cutoff               :    7.503     (Bohr)
 (Ewald) Reciprocal Cutoff               :    7.700     (1/Bohr)

 ------------------------------------------------------------------------------
                           SETUP PLANE WAVE 
 Read in WT kernel.
 kernel file name  : 5PROFESS_KERNEL.dat           
 KEDF type         :     4
 Fermi vector      :   1.182014212099E+00
 Reference density :  -1.000000000000E+00
 Mesh points       :   200002
 Fermi vector in this cell is    1.8883631028187344     
 Fermi vector from kernel file is    1.1820142120987149     
 First qNorm is    0.0000000000000000     
 size of Wang-Teter kernel in this run is            8          14         216
 Max |G| in this calculation is   1.729096476673E+01
 Max eta used from kernel is   9.156588974292E+00

 ------------------------------------------------------------------------------
                           REFRESH ION POSITIONS
  
 Calculating Ion-Ion Energy ...                   complete.     0.006 s
  
 Calculating Ion-Electron Potential (spline) ... 
 complete.     0.005 s
 Rescale the total density from   2.991317 to         60

 ------------------------------------------------------------------------------
                           DENSITY OPTIMIZATION
 Electron number for spin            1  is    59.999999999999694     
 Cell Volume      :           312.758493 Angstrom^3
 Ion number       :                   20
 Electron number  :            60.000000
 Ion density      :             0.063947 Ion/Angstrom^3
 Electron density :             0.191841 Electron/Angstrom^3
  
 Calculating Ion-Ion Forces ...                complete.     0.007 s
  
 Calculating Ion-Electron Forces (spline) ...  complete.     0.004 s
  ------ ION (GRADIENT METHOD) STEP            1  ------
  
 Calculating Ion-Electron Stress (spline) ...  complete.     0.009 s
  
 Calculating Ion-Ion Stress ...                complete.     0.004 s
  
 ------------------------------------------------------------------------------
                         LATTICE VECTORS (Angstrom)
 LAT 1           2.806844        0.000000        0.000000
 LAT 2           1.403422        2.430798        0.000000
 LAT 3           0.000000        0.000000       45.839726
 ------------------------------------------------------------------------------
                                STRESS (GPa)
 ST_GPa 1        0.008973        0.019641       -0.000003
 ST_GPa 2        0.019641       -0.013706       -0.000002
 ST_GPa 3       -0.000003       -0.000002       -0.209525
  
 --------------------------------------------------
 STRESS (a.u.)
 --------------------------------------------------
 ST_AU  1   3.0498002198E-07   6.6759426145E-07  -9.1401796174E-11
 ST_AU  2   6.6759426145E-07  -4.6586433647E-07  -6.6597695361E-11
 ST_AU  3  -9.1401796174E-11  -6.6597695361E-11  -7.1216105216E-06
; Cell optimization at step  4, max(stress):  0.7122E-05, total energy:  -42.576496    ;
  dV of each real space grid is now    4.9855598638002138E-002
 Cell length (Bohr)    5.304E+00   5.304E+00   8.663E+01
 Angle     (Degree)    9.000E+01   9.000E+01   6.000E+01
 Volume    (Bohr^3)    2.111E+03
  dV of each real space grid is now    4.9855598638002138E-002
 Cell length (Bohr)    5.304E+00   5.304E+00   8.663E+01
 Angle     (Degree)    9.000E+01   9.000E+01   6.000E+01
 Volume    (Bohr^3)    2.111E+03

 ------------------------------------------------------------------------------
                           SETUP EWALD 
 (Ewald) eta                             :   0.6867    
 (Ewald) Real Space Cutoff               :    7.503     (Bohr)
 (Ewald) Reciprocal Cutoff               :    7.700     (1/Bohr)

 ------------------------------------------------------------------------------
                           SETUP PLANE WAVE 
 Read in WT kernel.
 kernel file name  : 5PROFESS_KERNEL.dat           
 KEDF type         :     4
 Fermi vector      :   1.182014212099E+00
 Reference density :  -1.000000000000E+00
 Mesh points       :   200002
 Fermi vector in this cell is    1.8883369583766230     
 Fermi vector from kernel file is    1.1820142120987149     
 First qNorm is    0.0000000000000000     
 size of Wang-Teter kernel in this run is            8          14         216
 Max |G| in this calculation is   1.729081736309E+01
 Max eta used from kernel is   9.156637689260E+00

 ------------------------------------------------------------------------------
                           REFRESH ION POSITIONS
  
 Calculating Ion-Ion Energy ...                   complete.     0.006 s
  
 Calculating Ion-Electron Potential (spline) ... 
 complete.     0.006 s
 Rescale the total density from   2.991460 to         60

 ------------------------------------------------------------------------------
                           DENSITY OPTIMIZATION
 Electron number for spin            1  is    59.999999999998749     
 Cell Volume      :           312.771484 Angstrom^3
 Ion number       :                   20
 Electron number  :            60.000000
 Ion density      :             0.063944 Ion/Angstrom^3
 Electron density :             0.191833 Electron/Angstrom^3
  
 Calculating Ion-Ion Forces ...                complete.     0.006 s
  
 Calculating Ion-Electron Forces (spline) ...  complete.     0.004 s
  ------ ION (GRADIENT METHOD) STEP            1  ------
  
 Calculating Ion-Electron Stress (spline) ...  complete.     0.008 s
  
 Calculating Ion-Ion Stress ...                complete.     0.003 s
  
 ------------------------------------------------------------------------------
                         LATTICE VECTORS (Angstrom)
 LAT 1           2.806844        0.000000        0.000000
 LAT 2           1.403422        2.430798        0.000000
 LAT 3           0.000000        0.000000       45.841630
 ------------------------------------------------------------------------------
                                STRESS (GPa)
 ST_GPa 1        0.011688        0.019612       -0.000003
 ST_GPa 2        0.019612       -0.010957       -0.000002
 ST_GPa 3       -0.000003       -0.000002       -0.204166
  
 --------------------------------------------------
 STRESS (a.u.)
 --------------------------------------------------
 ST_AU  1   3.9727160888E-07   6.6659998709E-07  -9.1399557022E-11
 ST_AU  2   6.6659998709E-07  -3.7242467732E-07  -6.6597752071E-11
 ST_AU  3  -9.1399557022E-11  -6.6597752071E-11  -6.9394605755E-06
; Cell optimization at step  5, max(stress):  0.6939E-05, total energy:  -42.576497    ;
  dV of each real space grid is now    4.9858019955778501E-002
 Cell length (Bohr)    5.304E+00   5.304E+00   8.663E+01
 Angle     (Degree)    9.000E+01   9.000E+01   6.000E+01
 Volume    (Bohr^3)    2.111E+03
  dV of each real space grid is now    4.9858019955778501E-002
 Cell length (Bohr)    5.304E+00   5.304E+00   8.663E+01
 Angle     (Degree)    9.000E+01   9.000E+01   6.000E+01
 Volume    (Bohr^3)    2.111E+03

 ------------------------------------------------------------------------------
                           SETUP EWALD 
 (Ewald) eta                             :   0.6867    
 (Ewald) Real Space Cutoff               :    7.503     (Bohr)
 (Ewald) Reciprocal Cutoff               :    7.700     (1/Bohr)

 ------------------------------------------------------------------------------
                           SETUP PLANE WAVE 
 Read in WT kernel.
 kernel file name  : 5PROFESS_KERNEL.dat           
 KEDF type         :     4
 Fermi vector      :   1.182014212099E+00
 Reference density :  -1.000000000000E+00
 Mesh points       :   200002
 Fermi vector in this cell is    1.8883063893202818     
 Fermi vector from kernel file is    1.1820142120987149     
 First qNorm is    0.0000000000000000     
 size of Wang-Teter kernel in this run is            8          14         216
 Max |G| in this calculation is   1.729064502461E+01
 Max eta used from kernel is   9.156694656335E+00

 ------------------------------------------------------------------------------
                           REFRESH ION POSITIONS
  
 Calculating Ion-Ion Energy ...                   complete.     0.006 s
  
 Calculating Ion-Electron Potential (spline) ... 
 complete.     0.006 s
 Rescale the total density from   2.991626 to         60

 ------------------------------------------------------------------------------
                           DENSITY OPTIMIZATION
 Electron number for spin            1  is    60.000000000000078     
 Cell Volume      :           312.786675 Angstrom^3
 Ion number       :                   20
 Electron number  :            60.000000
 Ion density      :             0.063941 Ion/Angstrom^3
 Electron density :             0.191824 Electron/Angstrom^3
  
 Calculating Ion-Ion Forces ...                complete.     0.007 s
  
 Calculating Ion-Electron Forces (spline) ...  complete.     0.004 s
  ------ ION (GRADIENT METHOD) STEP            1  ------
  
 Calculating Ion-Electron Stress (spline) ...  complete.     0.008 s
  
 Calculating Ion-Ion Stress ...                complete.     0.003 s
  
 ------------------------------------------------------------------------------
                         LATTICE VECTORS (Angstrom)
 LAT 1           2.806844        0.000000        0.000000
 LAT 2           1.403422        2.430798        0.000000
 LAT 3           0.000000        0.000000       45.843857
 ------------------------------------------------------------------------------
                                STRESS (GPa)
 ST_GPa 1        0.014867        0.019578       -0.000003
 ST_GPa 2        0.019578       -0.007739       -0.000002
 ST_GPa 3       -0.000003       -0.000002       -0.197910
  
 --------------------------------------------------
 STRESS (a.u.)
 --------------------------------------------------
 ST_AU  1   5.0532654879E-07   6.6543875364E-07  -9.1358001095E-11
 ST_AU  2   6.6543875364E-07  -2.6302887454E-07  -6.6575983802E-11
 ST_AU  3  -9.1358001095E-11  -6.6575983802E-11  -6.7268199943E-06
; Cell optimization at step  6, max(stress):  0.6727E-05, total energy:  -42.576498    ;
  dV of each real space grid is now    4.9860836503604400E-002
 Cell length (Bohr)    5.304E+00   5.304E+00   8.664E+01
 Angle     (Degree)    9.000E+01   9.000E+01   6.000E+01
 Volume    (Bohr^3)    2.111E+03
  dV of each real space grid is now    4.9860836503604400E-002
 Cell length (Bohr)    5.304E+00   5.304E+00   8.664E+01
 Angle     (Degree)    9.000E+01   9.000E+01   6.000E+01
 Volume    (Bohr^3)    2.111E+03

 ------------------------------------------------------------------------------
                           SETUP EWALD 
 (Ewald) eta                             :   0.6867    
 (Ewald) Real Space Cutoff               :    7.503     (Bohr)
 (Ewald) Reciprocal Cutoff               :    7.700     (1/Bohr)

 ------------------------------------------------------------------------------
                           SETUP PLANE WAVE 
 Read in WT kernel.
 kernel file name  : 5PROFESS_KERNEL.dat           
 KEDF type         :     4
 Fermi vector      :   1.182014212099E+00
 Reference density :  -1.000000000000E+00
 Mesh points       :   200002
 Fermi vector in this cell is    1.8882708329880593     
 Fermi vector from kernel file is    1.1820142120987149     
 First qNorm is    0.0000000000000000     
 size of Wang-Teter kernel in this run is            8          14         216
 Max |G| in this calculation is   1.729044458487E+01
 Max eta used from kernel is   9.156760927936E+00

 ------------------------------------------------------------------------------
                           REFRESH ION POSITIONS
  
 Calculating Ion-Ion Energy ...                   complete.     0.006 s
  
 Calculating Ion-Electron Potential (spline) ... 
 complete.     0.006 s
 Rescale the total density from   2.991819 to         60

 ------------------------------------------------------------------------------
                           DENSITY OPTIMIZATION
 Electron number for spin            1  is    59.999999999999638     
 Cell Volume      :           312.804344 Angstrom^3
 Ion number       :                   20
 Electron number  :            60.000000
 Ion density      :             0.063938 Ion/Angstrom^3
 Electron density :             0.191813 Electron/Angstrom^3
  
 Calculating Ion-Ion Forces ...                complete.     0.007 s
  
 Calculating Ion-Electron Forces (spline) ...  complete.     0.004 s
  ------ ION (GRADIENT METHOD) STEP            1  ------
  
 Calculating Ion-Electron Stress (spline) ...  complete.     0.008 s
  
 Calculating Ion-Ion Stress ...                complete.     0.003 s
  
 ------------------------------------------------------------------------------
                         LATTICE VECTORS (Angstrom)
 LAT 1           2.806844        0.000000        0.000000
 LAT 2           1.403422        2.430798        0.000000
 LAT 3           0.000000        0.000000       45.846446
 ------------------------------------------------------------------------------
                                STRESS (GPa)
 ST_GPa 1        0.018558        0.019538       -0.000003
 ST_GPa 2        0.019538       -0.004002       -0.000002
 ST_GPa 3       -0.000003       -0.000002       -0.190628
  
 --------------------------------------------------
 STRESS (a.u.)
 --------------------------------------------------
 ST_AU  1   6.3077256858E-07   6.6408576916E-07  -9.1341799341E-11
 ST_AU  2   6.6408576916E-07  -1.3602057267E-07  -6.6571797193E-11
 ST_AU  3  -9.1341799341E-11  -6.6571797193E-11  -6.4793150649E-06
; Cell optimization at step  7, max(stress):  0.6479E-05, total energy:  -42.576498    ;
  dV of each real space grid is now    4.9864092003369442E-002
 Cell length (Bohr)    5.304E+00   5.304E+00   8.664E+01
 Angle     (Degree)    9.000E+01   9.000E+01   6.000E+01
 Volume    (Bohr^3)    2.111E+03
  dV of each real space grid is now    4.9864092003369442E-002
 Cell length (Bohr)    5.304E+00   5.304E+00   8.664E+01
 Angle     (Degree)    9.000E+01   9.000E+01   6.000E+01
 Volume    (Bohr^3)    2.111E+03

 ------------------------------------------------------------------------------
                           SETUP EWALD 
 (Ewald) eta                             :   0.6867    
 (Ewald) Real Space Cutoff               :    7.503     (Bohr)
 (Ewald) Reciprocal Cutoff               :    7.700     (1/Bohr)

 ------------------------------------------------------------------------------
                           SETUP PLANE WAVE 
 Read in WT kernel.
 kernel file name  : 5PROFESS_KERNEL.dat           
 KEDF type         :     4
 Fermi vector      :   1.182014212099E+00
 Reference density :  -1.000000000000E+00
 Mesh points       :   200002
 Fermi vector in this cell is    1.8882297386267615     
 Fermi vector from kernel file is    1.1820142120987149     
 First qNorm is    0.0000000000000000     
 size of Wang-Teter kernel in this run is            8          14         216
 Max |G| in this calculation is   1.729021294651E+01
 Max eta used from kernel is   9.156837535608E+00

 ------------------------------------------------------------------------------
                           REFRESH ION POSITIONS
  
 Calculating Ion-Ion Energy ...                   complete.     0.007 s
  
 Calculating Ion-Electron Potential (spline) ... 
 complete.     0.006 s
 Rescale the total density from   2.992041 to         60

 ------------------------------------------------------------------------------
                           DENSITY OPTIMIZATION
 Electron number for spin            1  is    59.999999999999417     
 Cell Volume      :           312.824768 Angstrom^3
 Ion number       :                   20
 Electron number  :            60.000000
 Ion density      :             0.063934 Ion/Angstrom^3
 Electron density :             0.191801 Electron/Angstrom^3
  
 Calculating Ion-Ion Forces ...                complete.     0.006 s
  
 Calculating Ion-Electron Forces (spline) ...  complete.     0.004 s
  ------ ION (GRADIENT METHOD) STEP            1  ------
  
 Calculating Ion-Electron Stress (spline) ...  complete.     0.008 s
  
 Calculating Ion-Ion Stress ...                complete.     0.004 s
  
 ------------------------------------------------------------------------------
                         LATTICE VECTORS (Angstrom)
 LAT 1           2.806844        0.000000        0.000000
 LAT 2           1.403422        2.430798        0.000000
 LAT 3           0.000000        0.000000       45.849440
 ------------------------------------------------------------------------------
                                STRESS (GPa)
 ST_GPa 1        0.022830        0.019492       -0.000003
 ST_GPa 2        0.019492        0.000323       -0.000002
 ST_GPa 3       -0.000003       -0.000002       -0.182229
  
 --------------------------------------------------
 STRESS (a.u.)
 --------------------------------------------------
 ST_AU  1   7.7598281715E-07   6.6252364769E-07  -9.1274935000E-11
 ST_AU  2   6.6252364769E-07   1.0993465700E-08  -6.6543434927E-11
 ST_AU  3  -9.1274935000E-11  -6.6543434927E-11  -6.1938336322E-06
; Cell optimization at step  8, max(stress):  0.6194E-05, total energy:  -42.576499    ;
  dV of each real space grid is now    4.9867826476609117E-002
 Cell length (Bohr)    5.304E+00   5.304E+00   8.665E+01
 Angle     (Degree)    9.000E+01   9.000E+01   6.000E+01
 Volume    (Bohr^3)    2.111E+03
  dV of each real space grid is now    4.9867826476609117E-002
 Cell length (Bohr)    5.304E+00   5.304E+00   8.665E+01
 Angle     (Degree)    9.000E+01   9.000E+01   6.000E+01
 Volume    (Bohr^3)    2.111E+03

 ------------------------------------------------------------------------------
                           SETUP EWALD 
 (Ewald) eta                             :   0.6867    
 (Ewald) Real Space Cutoff               :    7.503     (Bohr)
 (Ewald) Reciprocal Cutoff               :    7.700     (1/Bohr)

 ------------------------------------------------------------------------------
                           SETUP PLANE WAVE 
 Read in WT kernel.
 kernel file name  : 5PROFESS_KERNEL.dat           
 KEDF type         :     4
 Fermi vector      :   1.182014212099E+00
 Reference density :  -1.000000000000E+00
 Mesh points       :   200002
 Fermi vector in this cell is    1.8881826025608928     
 Fermi vector from kernel file is    1.1820142120987149     
 First qNorm is    0.0000000000000000     
 size of Wang-Teter kernel in this run is            8          14         216
 Max |G| in this calculation is   1.728994727983E+01
 Max eta used from kernel is   9.156925424681E+00

 ------------------------------------------------------------------------------
                           REFRESH ION POSITIONS
  
 Calculating Ion-Ion Energy ...                   complete.     0.006 s
  
 Calculating Ion-Electron Potential (spline) ... 
 complete.     0.006 s
 Rescale the total density from   2.992294 to         60

 ------------------------------------------------------------------------------
                           DENSITY OPTIMIZATION
 Electron number for spin            1  is    59.999999999999815     
 Cell Volume      :           312.848196 Angstrom^3
 Ion number       :                   20
 Electron number  :            60.000000
 Ion density      :             0.063929 Ion/Angstrom^3
 Electron density :             0.191786 Electron/Angstrom^3
  
 Calculating Ion-Ion Forces ...                complete.     0.006 s
  
 Calculating Ion-Electron Forces (spline) ...  complete.     0.005 s
  ------ ION (GRADIENT METHOD) STEP            1  ------
  
 Calculating Ion-Electron Stress (spline) ...  complete.     0.008 s
  
 Calculating Ion-Ion Stress ...                complete.     0.004 s
  
 ------------------------------------------------------------------------------
                         LATTICE VECTORS (Angstrom)
 LAT 1           2.806844        0.000000        0.000000
 LAT 2           1.403422        2.430798        0.000000
 LAT 3           0.000000        0.000000       45.852874
 ------------------------------------------------------------------------------
                                STRESS (GPa)
 ST_GPa 1        0.027704        0.019439       -0.000003
 ST_GPa 2        0.019439        0.005259       -0.000002
 ST_GPa 3       -0.000003       -0.000002       -0.172564
  
 --------------------------------------------------
 STRESS (a.u.)
 --------------------------------------------------
 ST_AU  1   9.4165385352E-07   6.6072414229E-07  -9.1233669227E-11
 ST_AU  2   6.6072414229E-07   1.7874232971E-07  -6.6496615001E-11
 ST_AU  3  -9.1233669227E-11  -6.6496615001E-11  -5.8653315298E-06
; Cell optimization at step  9, max(stress):  0.5865E-05, total energy:  -42.576500    ;
  dV of each real space grid is now    4.9872070166370366E-002
 Cell length (Bohr)    5.304E+00   5.304E+00   8.666E+01
 Angle     (Degree)    9.000E+01   9.000E+01   6.000E+01
 Volume    (Bohr^3)    2.111E+03
  dV of each real space grid is now    4.9872070166370366E-002
 Cell length (Bohr)    5.304E+00   5.304E+00   8.666E+01
 Angle     (Degree)    9.000E+01   9.000E+01   6.000E+01
 Volume    (Bohr^3)    2.111E+03

 ------------------------------------------------------------------------------
                           SETUP EWALD 
 (Ewald) eta                             :   0.6867    
 (Ewald) Real Space Cutoff               :    7.503     (Bohr)
 (Ewald) Reciprocal Cutoff               :    7.700     (1/Bohr)

 ------------------------------------------------------------------------------
                           SETUP PLANE WAVE 
 Read in WT kernel.
 kernel file name  : 5PROFESS_KERNEL.dat           
 KEDF type         :     4
 Fermi vector      :   1.182014212099E+00
 Reference density :  -1.000000000000E+00
 Mesh points       :   200002
 Fermi vector in this cell is    1.8881290449387784     
 Fermi vector from kernel file is    1.1820142120987149     
 First qNorm is    0.0000000000000000     
 size of Wang-Teter kernel in this run is            8          14         216
 Max |G| in this calculation is   1.728964545548E+01
 Max eta used from kernel is   9.157025311289E+00

 ------------------------------------------------------------------------------
                           REFRESH ION POSITIONS
  
 Calculating Ion-Ion Energy ...                   complete.     0.006 s
  
 Calculating Ion-Electron Potential (spline) ... 
 complete.     0.006 s
 Rescale the total density from   2.992579 to         60

 ------------------------------------------------------------------------------
                           DENSITY OPTIMIZATION
 Electron number for spin            1  is    59.999999999999829     
 Cell Volume      :           312.874819 Angstrom^3
 Ion number       :                   20
 Electron number  :            60.000000
 Ion density      :             0.063923 Ion/Angstrom^3
 Electron density :             0.191770 Electron/Angstrom^3
  
 Calculating Ion-Ion Forces ...                complete.     0.007 s
  
 Calculating Ion-Electron Forces (spline) ...  complete.     0.004 s
  ------ ION (GRADIENT METHOD) STEP            1  ------
  
 Calculating Ion-Electron Stress (spline) ...  complete.     0.008 s
  
 Calculating Ion-Ion Stress ...                complete.     0.004 s
  
 ------------------------------------------------------------------------------
                         LATTICE VECTORS (Angstrom)
 LAT 1           2.806844        0.000000        0.000000
 LAT 2           1.403422        2.430798        0.000000
 LAT 3           0.000000        0.000000       45.856776
 ------------------------------------------------------------------------------
                                STRESS (GPa)
 ST_GPa 1        0.033303        0.019379       -0.000003
 ST_GPa 2        0.019379        0.010926       -0.000002
 ST_GPa 3       -0.000003       -0.000002       -0.161686
  
 --------------------------------------------------
 STRESS (a.u.)
 --------------------------------------------------
 ST_AU  1   1.1319527120E-06   6.5869588719E-07  -9.1251986337E-11
 ST_AU  2   6.5869588719E-07   3.7138317839E-07  -6.6511167173E-11
 ST_AU  3  -9.1251986337E-11  -6.6511167173E-11  -5.4956099888E-06
; Cell optimization at step 10, max(stress):  0.5496E-05, total energy:  -42.576501    ;
  dV of each real space grid is now    4.9876841592583411E-002
 Cell length (Bohr)    5.304E+00   5.304E+00   8.667E+01
 Angle     (Degree)    9.000E+01   9.000E+01   6.000E+01
 Volume    (Bohr^3)    2.112E+03
  dV of each real space grid is now    4.9876841592583411E-002
 Cell length (Bohr)    5.304E+00   5.304E+00   8.667E+01
 Angle     (Degree)    9.000E+01   9.000E+01   6.000E+01
 Volume    (Bohr^3)    2.112E+03

 ------------------------------------------------------------------------------
                           SETUP EWALD 
 (Ewald) eta                             :   0.6867    
 (Ewald) Real Space Cutoff               :    7.503     (Bohr)
 (Ewald) Reciprocal Cutoff               :    7.700     (1/Bohr)

 ------------------------------------------------------------------------------
                           SETUP PLANE WAVE 
 Read in WT kernel.
 kernel file name  : 5PROFESS_KERNEL.dat           
 KEDF type         :     4
 Fermi vector      :   1.182014212099E+00
 Reference density :  -1.000000000000E+00
 Mesh points       :   200002
 Fermi vector in this cell is    1.8880688342583112     
 Fermi vector from kernel file is    1.1820142120987149     
 First qNorm is    0.0000000000000000     
 size of Wang-Teter kernel in this run is            8          14         216
 Max |G| in this calculation is   1.728930618260E+01
 Max eta used from kernel is   9.157137636559E+00

 ------------------------------------------------------------------------------
                           REFRESH ION POSITIONS
  
 Calculating Ion-Ion Energy ...                   complete.     0.006 s
  
 Calculating Ion-Electron Potential (spline) ... 
 complete.     0.005 s
 Rescale the total density from   2.992897 to         60

 ------------------------------------------------------------------------------
                           DENSITY OPTIMIZATION
 Electron number for spin            1  is    59.999999999999950     
 Cell Volume      :           312.904753 Angstrom^3
 Ion number       :                   20
 Electron number  :            60.000000
 Ion density      :             0.063917 Ion/Angstrom^3
 Electron density :             0.191752 Electron/Angstrom^3
  
 Calculating Ion-Ion Forces ...                complete.     0.006 s
  
 Calculating Ion-Electron Forces (spline) ...  complete.     0.004 s
  ------ ION (GRADIENT METHOD) STEP            1  ------
  
 Calculating Ion-Electron Stress (spline) ...  complete.     0.009 s
  
 Calculating Ion-Ion Stress ...                complete.     0.004 s
  
 ------------------------------------------------------------------------------
                         LATTICE VECTORS (Angstrom)
 LAT 1           2.806844        0.000000        0.000000
 LAT 2           1.403422        2.430798        0.000000
 LAT 3           0.000000        0.000000       45.861163
 ------------------------------------------------------------------------------
                                STRESS (GPa)
 ST_GPa 1        0.039548        0.019312       -0.000003
 ST_GPa 2        0.019312        0.017249       -0.000002
 ST_GPa 3       -0.000003       -0.000002       -0.149398
  
 --------------------------------------------------
 STRESS (a.u.)
 --------------------------------------------------
 ST_AU  1   1.3442139894E-06   6.5639998265E-07  -9.1206179532E-11
 ST_AU  2   6.5639998265E-07   5.8629556558E-07  -6.6499174037E-11
 ST_AU  3  -9.1206179532E-11  -6.6499174037E-11  -5.0779292781E-06
; Cell optimization at step 11, max(stress):  0.5078E-05, total energy:  -42.576502    ;
  dV of each real space grid is now    4.9882132135015966E-002
 Cell length (Bohr)    5.304E+00   5.304E+00   8.667E+01
 Angle     (Degree)    9.000E+01   9.000E+01   6.000E+01
 Volume    (Bohr^3)    2.112E+03
  dV of each real space grid is now    4.9882132135015966E-002
 Cell length (Bohr)    5.304E+00   5.304E+00   8.667E+01
 Angle     (Degree)    9.000E+01   9.000E+01   6.000E+01
 Volume    (Bohr^3)    2.112E+03

 ------------------------------------------------------------------------------
                           SETUP EWALD 
 (Ewald) eta                             :   0.6867    
 (Ewald) Real Space Cutoff               :    7.503     (Bohr)
 (Ewald) Reciprocal Cutoff               :    7.700     (1/Bohr)

 ------------------------------------------------------------------------------
                           SETUP PLANE WAVE 
 Read in WT kernel.
 kernel file name  : 5PROFESS_KERNEL.dat           
 KEDF type         :     4
 Fermi vector      :   1.182014212099E+00
 Reference density :  -1.000000000000E+00
 Mesh points       :   200002
 Fermi vector in this cell is    1.8880020818226486     
 Fermi vector from kernel file is    1.1820142120987149     
 First qNorm is    0.0000000000000000     
 size of Wang-Teter kernel in this run is            8          14         216
 Max |G| in this calculation is   1.728893010393E+01
 Max eta used from kernel is   9.157262203461E+00

 ------------------------------------------------------------------------------
                           REFRESH ION POSITIONS
  
 Calculating Ion-Ion Energy ...                   complete.     0.006 s
  
 Calculating Ion-Electron Potential (spline) ... 
 complete.     0.006 s
 Rescale the total density from   2.993245 to         60

 ------------------------------------------------------------------------------
                           DENSITY OPTIMIZATION
 Electron number for spin            1  is    60.000000000000739     
 Cell Volume      :           312.937943 Angstrom^3
 Ion number       :                   20
 Electron number  :            60.000000
 Ion density      :             0.063910 Ion/Angstrom^3
 Electron density :             0.191731 Electron/Angstrom^3
  
 Calculating Ion-Ion Forces ...                complete.     0.006 s
  
 Calculating Ion-Electron Forces (spline) ...  complete.     0.004 s
  ------ ION (GRADIENT METHOD) STEP            1  ------
  
 Calculating Ion-Electron Stress (spline) ...  complete.     0.008 s
  
 Calculating Ion-Ion Stress ...                complete.     0.004 s
  
 ------------------------------------------------------------------------------
                         LATTICE VECTORS (Angstrom)
 LAT 1           2.806844        0.000000        0.000000
 LAT 2           1.403422        2.430798        0.000000
 LAT 3           0.000000        0.000000       45.866027
 ------------------------------------------------------------------------------
                                STRESS (GPa)
 ST_GPa 1        0.046448        0.019237       -0.000003
 ST_GPa 2        0.019237        0.024236       -0.000002
 ST_GPa 3       -0.000003       -0.000002       -0.135763
  
 --------------------------------------------------
 STRESS (a.u.)
 --------------------------------------------------
 ST_AU  1   1.5787495812E-06   6.5384854401E-07  -9.1156385929E-11
 ST_AU  2   6.5384854401E-07   8.2377718109E-07  -6.6467865068E-11
 ST_AU  3  -9.1156385929E-11  -6.6467865068E-11  -4.6144989869E-06
; Cell optimization at step 12, max(stress):  0.4614E-05, total energy:  -42.576503    ;
  dV of each real space grid is now    4.9887901384966148E-002
 Cell length (Bohr)    5.304E+00   5.304E+00   8.668E+01
 Angle     (Degree)    9.000E+01   9.000E+01   6.000E+01
 Volume    (Bohr^3)    2.112E+03
  dV of each real space grid is now    4.9887901384966148E-002
 Cell length (Bohr)    5.304E+00   5.304E+00   8.668E+01
 Angle     (Degree)    9.000E+01   9.000E+01   6.000E+01
 Volume    (Bohr^3)    2.112E+03

 ------------------------------------------------------------------------------
                           SETUP EWALD 
 (Ewald) eta                             :   0.6867    
 (Ewald) Real Space Cutoff               :    7.503     (Bohr)
 (Ewald) Reciprocal Cutoff               :    7.700     (1/Bohr)

 ------------------------------------------------------------------------------
                           SETUP PLANE WAVE 
 Read in WT kernel.
 kernel file name  : 5PROFESS_KERNEL.dat           
 KEDF type         :     4
 Fermi vector      :   1.182014212099E+00
 Reference density :  -1.000000000000E+00
 Mesh points       :   200002
 Fermi vector in this cell is    1.8879293001426516     
 Fermi vector from kernel file is    1.1820142120987149     
 First qNorm is    0.0000000000000000     
 size of Wang-Teter kernel in this run is            8          14         216
 Max |G| in this calculation is   1.728852012334E+01
 Max eta used from kernel is   9.157398066779E+00

 ------------------------------------------------------------------------------
                           REFRESH ION POSITIONS
  
 Calculating Ion-Ion Energy ...                   complete.     0.006 s
  
 Calculating Ion-Electron Potential (spline) ... 
 complete.     0.005 s
 Rescale the total density from   2.993620 to         60

 ------------------------------------------------------------------------------
                           DENSITY OPTIMIZATION
 Electron number for spin            1  is    60.000000000000369     
 Cell Volume      :           312.974137 Angstrom^3
 Ion number       :                   20
 Electron number  :            60.000000
 Ion density      :             0.063903 Ion/Angstrom^3
 Electron density :             0.191709 Electron/Angstrom^3
  
 Calculating Ion-Ion Forces ...                complete.     0.006 s
  
 Calculating Ion-Electron Forces (spline) ...  complete.     0.004 s
  ------ ION (GRADIENT METHOD) STEP            1  ------
  
 Calculating Ion-Electron Stress (spline) ...  complete.     0.008 s
  
 Calculating Ion-Ion Stress ...                complete.     0.003 s
  
 ------------------------------------------------------------------------------
                         LATTICE VECTORS (Angstrom)
 LAT 1           2.806844        0.000000        0.000000
 LAT 2           1.403422        2.430798        0.000000
 LAT 3           0.000000        0.000000       45.871332
 ------------------------------------------------------------------------------
                                STRESS (GPa)
 ST_GPa 1        0.053990        0.019155       -0.000003
 ST_GPa 2        0.019155        0.031872       -0.000002
 ST_GPa 3       -0.000003       -0.000002       -0.120945
  
 --------------------------------------------------
 STRESS (a.u.)
 --------------------------------------------------
 ST_AU  1   1.8350828672E-06   6.5106911319E-07  -9.1069899711E-11
 ST_AU  2   6.5106911319E-07   1.0833199827E-06  -6.6452908711E-11
 ST_AU  3  -9.1069899711E-11  -6.6452908711E-11  -4.1108501478E-06
; Cell optimization at step 13, max(stress):  0.4111E-05, total energy:  -42.576505    ;
  dV of each real space grid is now    4.9894068864142715E-002
 Cell length (Bohr)    5.304E+00   5.304E+00   8.669E+01
 Angle     (Degree)    9.000E+01   9.000E+01   6.000E+01
 Volume    (Bohr^3)    2.112E+03
  dV of each real space grid is now    4.9894068864142715E-002
 Cell length (Bohr)    5.304E+00   5.304E+00   8.669E+01
 Angle     (Degree)    9.000E+01   9.000E+01   6.000E+01
 Volume    (Bohr^3)    2.112E+03

 ------------------------------------------------------------------------------
                           SETUP EWALD 
 (Ewald) eta                             :   0.6867    
 (Ewald) Real Space Cutoff               :    7.503     (Bohr)
 (Ewald) Reciprocal Cutoff               :    7.700     (1/Bohr)

 ------------------------------------------------------------------------------
                           SETUP PLANE WAVE 
 Read in WT kernel.
 kernel file name  : 5PROFESS_KERNEL.dat           
 KEDF type         :     4
 Fermi vector      :   1.182014212099E+00
 Reference density :  -1.000000000000E+00
 Mesh points       :   200002
 Fermi vector in this cell is    1.8878515070320934     
 Fermi vector from kernel file is    1.1820142120987149     
 First qNorm is    0.0000000000000000     
 size of Wang-Teter kernel in this run is            8          14         216
 Max |G| in this calculation is   1.728808198989E+01
 Max eta used from kernel is   9.157543337224E+00

 ------------------------------------------------------------------------------
                           REFRESH ION POSITIONS
  
 Calculating Ion-Ion Energy ...                   complete.     0.006 s
  
 Calculating Ion-Electron Potential (spline) ... 
 complete.     0.006 s
 Rescale the total density from   2.994014 to         60

 ------------------------------------------------------------------------------
                           DENSITY OPTIMIZATION
 Electron number for spin            1  is    59.999999999999993     
 Cell Volume      :           313.012829 Angstrom^3
 Ion number       :                   20
 Electron number  :            60.000000
 Ion density      :             0.063895 Ion/Angstrom^3
 Electron density :             0.191685 Electron/Angstrom^3
  
 Calculating Ion-Ion Forces ...                complete.     0.007 s
  
 Calculating Ion-Electron Forces (spline) ...  complete.     0.004 s
  ------ ION (GRADIENT METHOD) STEP            1  ------
  
 Calculating Ion-Electron Stress (spline) ...  complete.     0.009 s
  
 Calculating Ion-Ion Stress ...                complete.     0.004 s
  
 ------------------------------------------------------------------------------
                         LATTICE VECTORS (Angstrom)
 LAT 1           2.806844        0.000000        0.000000
 LAT 2           1.403422        2.430798        0.000000
 LAT 3           0.000000        0.000000       45.877003
 ------------------------------------------------------------------------------
                                STRESS (GPa)
 ST_GPa 1        0.062043        0.019068       -0.000003
 ST_GPa 2        0.019068        0.040027       -0.000002
 ST_GPa 3       -0.000003       -0.000002       -0.105124
  
 --------------------------------------------------
 STRESS (a.u.)
 --------------------------------------------------
 ST_AU  1   2.1088144937E-06   6.4809431664E-07  -9.1016148145E-11
 ST_AU  2   6.4809431664E-07   1.3604864759E-06  -6.6414077731E-11
 ST_AU  3  -9.1016148145E-11  -6.6414077731E-11  -3.5730825980E-06
; Cell optimization at step 14, max(stress):  0.3573E-05, total energy:  -42.576506    ;
  dV of each real space grid is now    4.9900501668568312E-002
 Cell length (Bohr)    5.304E+00   5.304E+00   8.671E+01
 Angle     (Degree)    9.000E+01   9.000E+01   6.000E+01
 Volume    (Bohr^3)    2.113E+03
  dV of each real space grid is now    4.9900501668568312E-002
 Cell length (Bohr)    5.304E+00   5.304E+00   8.671E+01
 Angle     (Degree)    9.000E+01   9.000E+01   6.000E+01
 Volume    (Bohr^3)    2.113E+03

 ------------------------------------------------------------------------------
                           SETUP EWALD 
 (Ewald) eta                             :   0.6867    
 (Ewald) Real Space Cutoff               :    7.503     (Bohr)
 (Ewald) Reciprocal Cutoff               :    7.700     (1/Bohr)

 ------------------------------------------------------------------------------
                           SETUP PLANE WAVE 
 Read in WT kernel.
 kernel file name  : 5PROFESS_KERNEL.dat           
 KEDF type         :     4
 Fermi vector      :   1.182014212099E+00
 Reference density :  -1.000000000000E+00
 Mesh points       :   200002
 Fermi vector in this cell is    1.8877703809177486     
 Fermi vector from kernel file is    1.1820142120987149     
 First qNorm is    0.0000000000000000     
 size of Wang-Teter kernel in this run is            8          14         216
 Max |G| in this calculation is   1.728762516917E+01
 Max eta used from kernel is   9.157694889124E+00

 ------------------------------------------------------------------------------
                           REFRESH ION POSITIONS
  
 Calculating Ion-Ion Energy ...                   complete.     0.006 s
  
 Calculating Ion-Electron Potential (spline) ... 
 complete.     0.006 s
 Rescale the total density from   2.994416 to         60

 ------------------------------------------------------------------------------
                           DENSITY OPTIMIZATION
 Electron number for spin            1  is    59.999999999999773     
 Cell Volume      :           313.053186 Angstrom^3
 Ion number       :                   20
 Electron number  :            60.000000
 Ion density      :             0.063887 Ion/Angstrom^3
 Electron density :             0.191661 Electron/Angstrom^3
  
 Calculating Ion-Ion Forces ...                complete.     0.006 s
  
 Calculating Ion-Electron Forces (spline) ...  complete.     0.004 s
  ------ ION (GRADIENT METHOD) STEP            1  ------
  
 Calculating Ion-Electron Stress (spline) ...  complete.     0.009 s
  
 Calculating Ion-Ion Stress ...                complete.     0.003 s
  
 ------------------------------------------------------------------------------
                         LATTICE VECTORS (Angstrom)
 LAT 1           2.806844        0.000000        0.000000
 LAT 2           1.403422        2.430798        0.000000
 LAT 3           0.000000        0.000000       45.882918
 ------------------------------------------------------------------------------
                                STRESS (GPa)
 ST_GPa 1        0.070443        0.018976       -0.000003
 ST_GPa 2        0.018976        0.048532       -0.000002
 ST_GPa 3       -0.000003       -0.000002       -0.088652
  
 --------------------------------------------------
 STRESS (a.u.)
 --------------------------------------------------
 ST_AU  1   2.3942939778E-06   6.4498825262E-07  -9.0975023397E-11
 ST_AU  2   6.4498825262E-07   1.6495525361E-06  -6.6408844516E-11
 ST_AU  3  -9.0975023397E-11  -6.6408844516E-11  -3.0132285916E-06
; Cell optimization at step 15, max(stress):  0.3013E-05, total energy:  -42.576506    ;
  dV of each real space grid is now    4.9907011513114358E-002
 Cell length (Bohr)    5.304E+00   5.304E+00   8.672E+01
 Angle     (Degree)    9.000E+01   9.000E+01   6.000E+01
 Volume    (Bohr^3)    2.113E+03
  dV of each real space grid is now    4.9907011513114358E-002
 Cell length (Bohr)    5.304E+00   5.304E+00   8.672E+01
 Angle     (Degree)    9.000E+01   9.000E+01   6.000E+01
 Volume    (Bohr^3)    2.113E+03

 ------------------------------------------------------------------------------
                           SETUP EWALD 
 (Ewald) eta                             :   0.6867    
 (Ewald) Real Space Cutoff               :    7.503     (Bohr)
 (Ewald) Reciprocal Cutoff               :    7.700     (1/Bohr)

 ------------------------------------------------------------------------------
                           SETUP PLANE WAVE 
 Read in WT kernel.
 kernel file name  : 5PROFESS_KERNEL.dat           
 KEDF type         :     4
 Fermi vector      :   1.182014212099E+00
 Reference density :  -1.000000000000E+00
 Mesh points       :   200002
 Fermi vector in this cell is    1.8876882974207803     
 Fermi vector from kernel file is    1.1820142120987149     
 First qNorm is    0.0000000000000000     
 size of Wang-Teter kernel in this run is            8          14         216
 Max |G| in this calculation is   1.728716304504E+01
 Max eta used from kernel is   9.157848289181E+00

 ------------------------------------------------------------------------------
                           REFRESH ION POSITIONS
  
 Calculating Ion-Ion Energy ...                   complete.     0.006 s
  
 Calculating Ion-Electron Potential (spline) ... 
 complete.     0.005 s
 Rescale the total density from   2.994811 to         60

 ------------------------------------------------------------------------------
                           DENSITY OPTIMIZATION
 Electron number for spin            1  is    60.000000000000803     
 Cell Volume      :           313.094025 Angstrom^3
 Ion number       :                   20
 Electron number  :            60.000000
 Ion density      :             0.063879 Ion/Angstrom^3
 Electron density :             0.191636 Electron/Angstrom^3
  
 Calculating Ion-Ion Forces ...                complete.     0.006 s
  
 Calculating Ion-Electron Forces (spline) ...  complete.     0.005 s
  ------ ION (GRADIENT METHOD) STEP            1  ------
  
 Calculating Ion-Electron Stress (spline) ...  complete.     0.009 s
  
 Calculating Ion-Ion Stress ...                complete.     0.003 s
  
 ------------------------------------------------------------------------------
                         LATTICE VECTORS (Angstrom)
 LAT 1           2.806844        0.000000        0.000000
 LAT 2           1.403422        2.430798        0.000000
 LAT 3           0.000000        0.000000       45.888904
 ------------------------------------------------------------------------------
                                STRESS (GPa)
 ST_GPa 1        0.078940        0.018884       -0.000003
 ST_GPa 2        0.018884        0.057136       -0.000002
 ST_GPa 3       -0.000003       -0.000002       -0.072007
  
 --------------------------------------------------
 STRESS (a.u.)
 --------------------------------------------------
 ST_AU  1   2.6831179060E-06   6.4184299212E-07  -9.0927391235E-11
 ST_AU  2   6.4184299212E-07   1.9420082354E-06  -6.6381779554E-11
 ST_AU  3  -9.0927391235E-11  -6.6381779554E-11  -2.4474518216E-06
; Cell optimization at step 16, max(stress):  0.2683E-05, total energy:  -42.576507    ;
  dV of each real space grid is now    4.9913356546851362E-002
 Cell length (Bohr)    5.304E+00   5.304E+00   8.673E+01
 Angle     (Degree)    9.000E+01   9.000E+01   6.000E+01
 Volume    (Bohr^3)    2.113E+03
  dV of each real space grid is now    4.9913356546851362E-002
 Cell length (Bohr)    5.304E+00   5.304E+00   8.673E+01
 Angle     (Degree)    9.000E+01   9.000E+01   6.000E+01
 Volume    (Bohr^3)    2.113E+03

 ------------------------------------------------------------------------------
                           SETUP EWALD 
 (Ewald) eta                             :   0.6867    
 (Ewald) Real Space Cutoff               :    7.503     (Bohr)
 (Ewald) Reciprocal Cutoff               :    7.700     (1/Bohr)

 ------------------------------------------------------------------------------
                           SETUP PLANE WAVE 
 Read in WT kernel.
 kernel file name  : 5PROFESS_KERNEL.dat           
 KEDF type         :     4
 Fermi vector      :   1.182014212099E+00
 Reference density :  -1.000000000000E+00
 Mesh points       :   200002
 Fermi vector in this cell is    1.8876083057824378     
 Fermi vector from kernel file is    1.1820142120987149     
 First qNorm is    0.0000000000000000     
 size of Wang-Teter kernel in this run is            8          14         216
 Max |G| in this calculation is   1.728671278270E+01
 Max eta used from kernel is   9.157997837657E+00

 ------------------------------------------------------------------------------
                           REFRESH ION POSITIONS
  
 Calculating Ion-Ion Energy ...                   complete.     0.006 s
  
 Calculating Ion-Electron Potential (spline) ... 
 complete.     0.006 s
 Rescale the total density from   2.995182 to         60

 ------------------------------------------------------------------------------
                           DENSITY OPTIMIZATION
 Electron number for spin            1  is    60.000000000000057     
 Cell Volume      :           313.133831 Angstrom^3
 Ion number       :                   20
 Electron number  :            60.000000
 Ion density      :             0.063870 Ion/Angstrom^3
 Electron density :             0.191611 Electron/Angstrom^3
  
 Calculating Ion-Ion Forces ...                complete.     0.006 s
  
 Calculating Ion-Electron Forces (spline) ...  complete.     0.004 s
  ------ ION (GRADIENT METHOD) STEP            1  ------
  
 Calculating Ion-Electron Stress (spline) ...  complete.     0.008 s
  
 Calculating Ion-Ion Stress ...                complete.     0.004 s
  
 ------------------------------------------------------------------------------
                         LATTICE VECTORS (Angstrom)
 LAT 1           2.806844        0.000000        0.000000
 LAT 2           1.403422        2.430798        0.000000
 LAT 3           0.000000        0.000000       45.894738
 ------------------------------------------------------------------------------
                                STRESS (GPa)
 ST_GPa 1        0.087216        0.018793       -0.000003
 ST_GPa 2        0.018793        0.065516       -0.000002
 ST_GPa 3       -0.000003       -0.000002       -0.055789
  
 --------------------------------------------------
 STRESS (a.u.)
 --------------------------------------------------
 ST_AU  1   2.9644105574E-06   6.3877663247E-07  -9.0876961201E-11
 ST_AU  2   6.3877663247E-07   2.2268416628E-06  -6.6372449211E-11
 ST_AU  3  -9.0876961201E-11  -6.6372449211E-11  -1.8962278572E-06
; Cell optimization at step 17, max(stress):  0.2964E-05, total energy:  -42.576508    ;
  dV of each real space grid is now    4.9919255725558234E-002
 Cell length (Bohr)    5.304E+00   5.304E+00   8.674E+01
 Angle     (Degree)    9.000E+01   9.000E+01   6.000E+01
 Volume    (Bohr^3)    2.113E+03
  dV of each real space grid is now    4.9919255725558234E-002
 Cell length (Bohr)    5.304E+00   5.304E+00   8.674E+01
 Angle     (Degree)    9.000E+01   9.000E+01   6.000E+01
 Volume    (Bohr^3)    2.113E+03

 ------------------------------------------------------------------------------
                           SETUP EWALD 
 (Ewald) eta                             :   0.6867    
 (Ewald) Real Space Cutoff               :    7.503     (Bohr)
 (Ewald) Reciprocal Cutoff               :    7.700     (1/Bohr)

 ------------------------------------------------------------------------------
                           SETUP PLANE WAVE 
 Read in WT kernel.
 kernel file name  : 5PROFESS_KERNEL.dat           
 KEDF type         :     4
 Fermi vector      :   1.182014212099E+00
 Reference density :  -1.000000000000E+00
 Mesh points       :   200002
 Fermi vector in this cell is    1.8875339471858821     
 Fermi vector from kernel file is    1.1820142120987149     
 First qNorm is    0.0000000000000000     
 size of Wang-Teter kernel in this run is            8          14         216
 Max |G| in this calculation is   1.728629430304E+01
 Max eta used from kernel is   9.158136905996E+00

 ------------------------------------------------------------------------------
                           REFRESH ION POSITIONS
  
 Calculating Ion-Ion Energy ...                   complete.     0.006 s
  
 Calculating Ion-Electron Potential (spline) ... 
 complete.     0.006 s
 Rescale the total density from   2.995509 to         60

 ------------------------------------------------------------------------------
                           DENSITY OPTIMIZATION
 Electron number for spin            1  is    60.000000000000547     
 Cell Volume      :           313.170840 Angstrom^3
 Ion number       :                   20
 Electron number  :            60.000000
 Ion density      :             0.063863 Ion/Angstrom^3
 Electron density :             0.191589 Electron/Angstrom^3
  
 Calculating Ion-Ion Forces ...                complete.     0.006 s
  
 Calculating Ion-Electron Forces (spline) ...  complete.     0.004 s
  ------ ION (GRADIENT METHOD) STEP            1  ------
  
 Calculating Ion-Electron Stress (spline) ...  complete.     0.008 s
  
 Calculating Ion-Ion Stress ...                complete.     0.004 s
  
 ------------------------------------------------------------------------------
                         LATTICE VECTORS (Angstrom)
 LAT 1           2.806844        0.000000        0.000000
 LAT 2           1.403422        2.430798        0.000000
 LAT 3           0.000000        0.000000       45.900162
 ------------------------------------------------------------------------------
                                STRESS (GPa)
 ST_GPa 1        0.094912        0.018710       -0.000003
 ST_GPa 2        0.018710        0.073309       -0.000002
 ST_GPa 3       -0.000003       -0.000002       -0.040730
  
 --------------------------------------------------
 STRESS (a.u.)
 --------------------------------------------------
 ST_AU  1   3.2260088663E-06   6.3592696389E-07  -9.0801931393E-11
 ST_AU  2   6.3592696389E-07   2.4917303945E-06  -6.6325583753E-11
 ST_AU  3  -9.0801931393E-11  -6.6325583753E-11  -1.3843813011E-06
; Cell optimization at step 18, max(stress):  0.3226E-05, total energy:  -42.576508    ;
  dV of each real space grid is now    4.9924423909959277E-002
 Cell length (Bohr)    5.304E+00   5.304E+00   8.675E+01
 Angle     (Degree)    9.000E+01   9.000E+01   6.000E+01
 Volume    (Bohr^3)    2.114E+03
  dV of each real space grid is now    4.9924423909959277E-002
 Cell length (Bohr)    5.304E+00   5.304E+00   8.675E+01
 Angle     (Degree)    9.000E+01   9.000E+01   6.000E+01
 Volume    (Bohr^3)    2.114E+03

 ------------------------------------------------------------------------------
                           SETUP EWALD 
 (Ewald) eta                             :   0.6867    
 (Ewald) Real Space Cutoff               :    7.503     (Bohr)
 (Ewald) Reciprocal Cutoff               :    7.700     (1/Bohr)

 ------------------------------------------------------------------------------
                           SETUP PLANE WAVE 
 Read in WT kernel.
 kernel file name  : 5PROFESS_KERNEL.dat           
 KEDF type         :     4
 Fermi vector      :   1.182014212099E+00
 Reference density :  -1.000000000000E+00
 Mesh points       :   200002
 Fermi vector in this cell is    1.8874688123322045     
 Fermi vector from kernel file is    1.1820142120987149     
 First qNorm is    0.0000000000000000     
 size of Wang-Teter kernel in this run is            8          14         216
 Max |G| in this calculation is   1.728592779271E+01
 Max eta used from kernel is   9.158258764205E+00

 ------------------------------------------------------------------------------
                           REFRESH ION POSITIONS
  
 Calculating Ion-Ion Energy ...                   complete.     0.006 s
  
 Calculating Ion-Electron Potential (spline) ... 
 complete.     0.006 s
 Rescale the total density from   2.995776 to         60

 ------------------------------------------------------------------------------
                           DENSITY OPTIMIZATION
 Electron number for spin            1  is    60.000000000000128     
 Cell Volume      :           313.203263 Angstrom^3
 Ion number       :                   20
 Electron number  :            60.000000
 Ion density      :             0.063856 Ion/Angstrom^3
 Electron density :             0.191569 Electron/Angstrom^3
  
 Calculating Ion-Ion Forces ...                complete.     0.006 s
  
 Calculating Ion-Electron Forces (spline) ...  complete.     0.004 s
  ------ ION (GRADIENT METHOD) STEP            1  ------
  
 Calculating Ion-Electron Stress (spline) ...  complete.     0.008 s
  
 Calculating Ion-Ion Stress ...                complete.     0.004 s
  
 ------------------------------------------------------------------------------
                         LATTICE VECTORS (Angstrom)
 LAT 1           2.806844        0.000000        0.000000
 LAT 2           1.403422        2.430798        0.000000
 LAT 3           0.000000        0.000000       45.904914
 ------------------------------------------------------------------------------
                                STRESS (GPa)
 ST_GPa 1        0.101656        0.018636       -0.000003
 ST_GPa 2        0.018636        0.080138       -0.000002
 ST_GPa 3       -0.000003       -0.000002       -0.027551
  
 --------------------------------------------------
 STRESS (a.u.)
 --------------------------------------------------
 ST_AU  1   3.4552173054E-06   6.3343116115E-07  -9.0758379551E-11
 ST_AU  2   6.3343116115E-07   2.7238207401E-06  -6.6307612512E-11
 ST_AU  3  -9.0758379551E-11  -6.6307612512E-11  -9.3642398843E-07
; Cell optimization at step 19, max(stress):  0.3455E-05, total energy:  -42.576509    ;
  dV of each real space grid is now    4.9928618949443844E-002
 Cell length (Bohr)    5.304E+00   5.304E+00   8.676E+01
 Angle     (Degree)    9.000E+01   9.000E+01   6.000E+01
 Volume    (Bohr^3)    2.114E+03
  dV of each real space grid is now    4.9928618949443844E-002
 Cell length (Bohr)    5.304E+00   5.304E+00   8.676E+01
 Angle     (Degree)    9.000E+01   9.000E+01   6.000E+01
 Volume    (Bohr^3)    2.114E+03

 ------------------------------------------------------------------------------
                           SETUP EWALD 
 (Ewald) eta                             :   0.6867    
 (Ewald) Real Space Cutoff               :    7.503     (Bohr)
 (Ewald) Reciprocal Cutoff               :    7.700     (1/Bohr)

 ------------------------------------------------------------------------------
                           SETUP PLANE WAVE 
 Read in WT kernel.
 kernel file name  : 5PROFESS_KERNEL.dat           
 KEDF type         :     4
 Fermi vector      :   1.182014212099E+00
 Reference density :  -1.000000000000E+00
 Mesh points       :   200002
 Fermi vector in this cell is    1.8874159486765196     
 Fermi vector from kernel file is    1.1820142120987149     
 First qNorm is    0.0000000000000000     
 size of Wang-Teter kernel in this run is            8          14         216
 Max |G| in this calculation is   1.728563037252E+01
 Max eta used from kernel is   9.158357692504E+00

 ------------------------------------------------------------------------------
                           REFRESH ION POSITIONS
  
 Calculating Ion-Ion Energy ...                   complete.     0.006 s
  
 Calculating Ion-Electron Potential (spline) ... 
 complete.     0.006 s
 Rescale the total density from   2.995969 to         60

 ------------------------------------------------------------------------------
                           DENSITY OPTIMIZATION
 Electron number for spin            1  is    60.000000000000306     
 Cell Volume      :           313.229581 Angstrom^3
 Ion number       :                   20
 Electron number  :            60.000000
 Ion density      :             0.063851 Ion/Angstrom^3
 Electron density :             0.191553 Electron/Angstrom^3
  
 Calculating Ion-Ion Forces ...                complete.     0.007 s
  
 Calculating Ion-Electron Forces (spline) ...  complete.     0.004 s
  ------ ION (GRADIENT METHOD) STEP            1  ------
  
 Calculating Ion-Electron Stress (spline) ...  complete.     0.008 s
  
 Calculating Ion-Ion Stress ...                complete.     0.003 s
  
 ------------------------------------------------------------------------------
                         LATTICE VECTORS (Angstrom)
 LAT 1           2.806844        0.000000        0.000000
 LAT 2           1.403422        2.430798        0.000000
 LAT 3           0.000000        0.000000       45.908772
 ------------------------------------------------------------------------------
                                STRESS (GPa)
 ST_GPa 1        0.107134        0.018577       -0.000003
 ST_GPa 2        0.018577        0.085684       -0.000002
 ST_GPa 3       -0.000003       -0.000002       -0.016867
  
 --------------------------------------------------
 STRESS (a.u.)
 --------------------------------------------------
 ST_AU  1   3.6413964895E-06   6.3140690697E-07  -9.0712642693E-11
 ST_AU  2   6.3140690697E-07   2.9123373009E-06  -6.6276358014E-11
 ST_AU  3  -9.0712642693E-11  -6.6276358014E-11  -5.7328438380E-07
; Cell optimization at step 20, max(stress):  0.3641E-05, total energy:  -42.576509    ;
  dV of each real space grid is now    4.9931700823452593E-002
 Cell length (Bohr)    5.304E+00   5.304E+00   8.676E+01
 Angle     (Degree)    9.000E+01   9.000E+01   6.000E+01
 Volume    (Bohr^3)    2.114E+03
  dV of each real space grid is now    4.9931700823452593E-002
 Cell length (Bohr)    5.304E+00   5.304E+00   8.676E+01
 Angle     (Degree)    9.000E+01   9.000E+01   6.000E+01
 Volume    (Bohr^3)    2.114E+03

 ------------------------------------------------------------------------------
                           SETUP EWALD 
 (Ewald) eta                             :   0.6867    
 (Ewald) Real Space Cutoff               :    7.503     (Bohr)
 (Ewald) Reciprocal Cutoff               :    7.700     (1/Bohr)

 ------------------------------------------------------------------------------
                           SETUP PLANE WAVE 
 Read in WT kernel.
 kernel file name  : 5PROFESS_KERNEL.dat           
 KEDF type         :     4
 Fermi vector      :   1.182014212099E+00
 Reference density :  -1.000000000000E+00
 Mesh points       :   200002
 Fermi vector in this cell is    1.8873771163132573     
 Fermi vector from kernel file is    1.1820142120987149     
 First qNorm is    0.0000000000000000     
 size of Wang-Teter kernel in this run is            8          14         216
 Max |G| in this calculation is   1.728541191811E+01
 Max eta used from kernel is   9.158430378703E+00

 ------------------------------------------------------------------------------
                           REFRESH ION POSITIONS
  
 Calculating Ion-Ion Energy ...                   complete.     0.006 s
  
 Calculating Ion-Electron Potential (spline) ... 
 complete.     0.005 s
 Rescale the total density from   2.996087 to         60

 ------------------------------------------------------------------------------
                           DENSITY OPTIMIZATION
 Electron number for spin            1  is    60.000000000000931     
 Cell Volume      :           313.248915 Angstrom^3
 Ion number       :                   20
 Electron number  :            60.000000
 Ion density      :             0.063847 Ion/Angstrom^3
 Electron density :             0.191541 Electron/Angstrom^3
  
 Calculating Ion-Ion Forces ...                complete.     0.008 s
  
 Calculating Ion-Electron Forces (spline) ...  complete.     0.004 s
  ------ ION (GRADIENT METHOD) STEP            1  ------
  
 Calculating Ion-Electron Stress (spline) ...  complete.     0.008 s
  
 Calculating Ion-Ion Stress ...                complete.     0.003 s
  
 ------------------------------------------------------------------------------
                         LATTICE VECTORS (Angstrom)
 LAT 1           2.806844        0.000000        0.000000
 LAT 2           1.403422        2.430798        0.000000
 LAT 3           0.000000        0.000000       45.911605
 ------------------------------------------------------------------------------
                                STRESS (GPa)
 ST_GPa 1        0.111162        0.018533       -0.000003
 ST_GPa 2        0.018533        0.089763       -0.000002
 ST_GPa 3       -0.000003       -0.000002       -0.009028
  
 --------------------------------------------------
 STRESS (a.u.)
 --------------------------------------------------
 ST_AU  1   3.7783172111E-06   6.2992156281E-07  -9.0695317336E-11
 ST_AU  2   6.2992156281E-07   3.0509731336E-06  -6.6272269216E-11
 ST_AU  3  -9.0695317336E-11  -6.6272269216E-11  -3.0686919813E-07
; Cell optimization at step 21, max(stress):  0.3778E-05, total energy:  -42.576509    ;
##############################################################################
#                               FINAL ENERGIES                       time    #
##############################################################################
# Thomas-Fermi Kin. Energy =   4.436952811486E+02 eV                 0.000 s #
# Von-Weizsacker Kin. Ener =   3.615474804198E+01 eV                 0.000 s #
# Wang-Teter Kinetic Energ =  -1.375972167596E+01 eV                 0.000 s #
#                                                                            #
#     LDA Exch-Corr Energy =  -4.437563977122E+02 eV                 0.000 s #
#         Coulombic Energy =   2.389888348128E+00 eV                 0.000 s #
#      Ion-Electron Energy =   3.126058647507E+02 eV                 0.000 s #
#           Ion-Ion Energy =  -1.495895371925E+03 eV                 0.000 s #
#                                                                            #
#     TOTAL KINETIC ENERGY =   4.660903075146E+02 eV                         #
#   TOTAL POTENTIAL ENERGY =  -1.624656016538E+03 eV                         #
#             TOTAL ENERGY =  -1.158565709023E+03 eV                         #
##############################################################################
  
 ----------------------------- TIME INFORMATION ------------------------------
    PROFESS      :     53.21s WALL    100.00% (       1 calls)    53.21s/call
    InitPROFESS  :      0.43s WALL      0.80% (       1 calls)     0.43s/call
    KEDFRefresh  :      7.73s WALL     14.53% (      21 calls)     0.37s/call
    IonRefresh   :      0.35s WALL      0.65% (      28 calls)     0.01s/call
    EwaldEnergy  :      0.16s WALL      0.30% (      28 calls)     0.01s/call
    Pot_Ion      :      0.08s WALL      0.15% (    1138 calls)     0.00s/call
    Pot_Har      :      2.90s WALL      5.44% (    1138 calls)     0.00s/call
    Pot_Exc      :      6.48s WALL     12.18% (    1138 calls)     0.01s/call
    Pot_KEDF     :     32.09s WALL     60.31% (    1138 calls)     0.03s/call
    VWPotSqrPlus :      2.29s WALL      4.30% (    1138 calls)     0.00s/call
    NextGradient :      0.07s WALL      0.12% (     101 calls)     0.00s/call
    CalForce     :      0.33s WALL      0.62% (      28 calls)     0.01s/call
    EwaldForces  :      0.18s WALL      0.34% (      28 calls)     0.01s/call
    CalStress    :      1.17s WALL      2.19% (      21 calls)     0.06s/call
    EwaldStress  :      0.08s WALL      0.14% (      21 calls)     0.00s/call
 -----------------------------------------------------------------------------
 ------------------------------- TOTAL ---------------------------------------
    PROFESS      :     53.21s WALL    100.00% (       1 calls)    53.21s/call
 -----------------------------------------------------------------------------

Run completed on: 08/13/2021 at 22:06:02 
  
