 ******************************************************************************
                             WELCOME TO PROFESS                   
            (PRinceton Orbital-Free Electronic Structure Software) 
 ******************************************************************************

 ------------------------------------------------------------------------------
                           READ GEOMETRY
 Cell length (Bohr)    7.812E+00   7.812E+00   7.812E+00
 Angle     (Degree)    9.000E+01   9.000E+01   9.000E+01
 Volume    (Bohr^3)    4.767E+02

 ------------------------------------------------------------------------------
                           READ PSEUDOPOTENTIAL
 Total electron number in ReadPseudo is    11.000000000000000     
 (System) Machine Precision              :    2.2204460492503131E-016

 ------------------------------------------------------------------------------
                           SETUP FFT
 Global FFT Dimension :    18   18   18
 Rank/Size in Global Communicator     :            0 /           1
 Rank/Size in Global FFT Communicator :            0 /           1
 Parallel FFT, totX    =    18
 Parallel FFT, totY    =    18
 Parallel FFT, locZ    =    18
 Parallel FFT, locZoff =     0
 Dimension of rho for this processor : 
 xmin, xmax :            0          17
 ymin, ymax :            0          17
 zmin, zmax :            0          17
 Total electron number =    11.000000000000000     
 Uniform rhoR =    2.3075233086007767E-002
 (GB INFO) FFT size      :       18      18      18
 (GB INFO) FFT offset    :        0
 (GB INFO) FFT G size    :       10      18      18
 (GB INFO) FFT G offset  :        0

 ------------------------------------------------------------------------------
                           SETUP KEDF
 kinetic energy density functional number is            4
 ( 1=TF, 2=VW, 3=TF+VW, 4=WT,  5=WGC,  
   7=LQ, 8=HQ, 10=CAT,  11=HC, 12=WGCD,
   15=GGA, 16=WGCD+GGA, 17=EVT, 18=EVC )
 qTable dimension:    10   18   18
 Coefficient for TF KEDF is     1.0000
 Coefficient for VW KEDF is     1.0000
 Coefficient for alpha in WT KEDF is     0.8333
 Coefficient for beta  in WT KEDF is     0.8333
 rho0 (Electron/Bohr^3) in WGC KEDF is     0.0231
 hold0 =  F
  dV of each real space grid is now    8.1738953519287894E-002
 Cell length (Bohr)    7.812E+00   7.812E+00   7.812E+00
 Angle     (Degree)    9.000E+01   9.000E+01   9.000E+01
 Volume    (Bohr^3)    4.767E+02

 ------------------------------------------------------------------------------
                           SETUP EWALD 
 (Ewald) eta                             :   0.6444    
 (Ewald) Real Space Cutoff               :    7.730     (Bohr)
 (Ewald) Reciprocal Cutoff               :    6.837     (1/Bohr)

 ------------------------------------------------------------------------------
                           SETUP PLANE WAVE 
 Read in WT kernel.
 kernel file name  : PROFESS_KERNEL.dat            
 KEDF type         :     4
 Fermi vector      :   1.182014212099E+00
 Reference density :  -1.000000000000E+00
 Mesh points       :    20001
 Fermi vector in this cell is    1.7615123588685579     
 Fermi vector from kernel file is    1.1820142120987149     
 First qNorm is    0.0000000000000000     
 size of Wang-Teter kernel in this run is           10          18          18
 Max |G| in this calculation is   1.253816966318E+01
 Max eta used from kernel is   7.117843709725E+00

 ------------------------------------------------------------------------------
                           REFRESH ION POSITIONS
  
 Calculating Ion-Ion Energy ...                   complete.     0.000 s
  
 Calculating Ion-Electron Potential (spline) ... 
 complete.     0.001 s

 ------------------------------------------------------------------------------
                           DENSITY OPTIMIZATION
 Electron number for spin            1  is    10.999999999999048     
 Cell Volume      :            70.639885 Angstrom^3
 Ion number       :                    4
 Electron number  :            11.000000
 Ion density      :             0.056625 Ion/Angstrom^3
 Electron density :             0.155719 Electron/Angstrom^3
##############################################################################
#                               FINAL ENERGIES                       time    #
##############################################################################
# Thomas-Fermi Kin. Energy =   7.202384700639E+01 eV                 0.000 s #
# Von-Weizsacker Kin. Ener =   7.438832054604E+00 eV                 0.000 s #
# Wang-Teter Kinetic Energ =  -2.945804278994E+00 eV                 0.000 s #
#                                                                            #
#     LDA Exch-Corr Energy =  -7.687499361565E+01 eV                 0.000 s #
#         Coulombic Energy =   1.989202221500E+00 eV                 0.000 s #
#      Ion-Electron Energy =   4.461709426632E+01 eV                 0.000 s #
#           Ion-Ion Energy =  -2.445044549569E+02 eV                 0.000 s #
#                                                                            #
#     TOTAL KINETIC ENERGY =   7.651687478200E+01 eV                         #
#   TOTAL POTENTIAL ENERGY =  -2.747731520848E+02 eV                         #
#             TOTAL ENERGY =  -1.982562773027E+02 eV                         #
##############################################################################
  
 ----------------------------- TIME INFORMATION ------------------------------
    PROFESS      :      0.39s WALL    100.00% (       1 calls)     0.39s/call
    InitPROFESS  :      0.06s WALL     15.99% (       1 calls)     0.06s/call
    KEDFRefresh  :      0.02s WALL      6.21% (       1 calls)     0.02s/call
    IonRefresh   :      0.00s WALL      0.36% (       1 calls)     0.00s/call
    EwaldEnergy  :      0.00s WALL      0.11% (       1 calls)     0.00s/call
    Pot_Ion      :      0.00s WALL      0.06% (      57 calls)     0.00s/call
    Pot_Har      :      0.01s WALL      2.96% (      57 calls)     0.00s/call
    Pot_Exc      :      0.03s WALL      8.35% (      57 calls)     0.00s/call
    Pot_KEDF     :      0.15s WALL     39.26% (      57 calls)     0.00s/call
    VWPotSqrPlus :      0.01s WALL      2.92% (      57 calls)     0.00s/call
    NextGradient :      0.00s WALL      0.11% (       7 calls)     0.00s/call
 -----------------------------------------------------------------------------
 ------------------------------- TOTAL ---------------------------------------
    PROFESS      :      0.39s WALL    100.00% (       1 calls)     0.39s/call
 -----------------------------------------------------------------------------

Run completed on: 11/10/2021 at 11:17:55 
  
