 ******************************************************************************
                             WELCOME TO PROFESS                   
            (PRinceton Orbital-Free Electronic Structure Software) 
 ******************************************************************************

 ------------------------------------------------------------------------------
                           READ GEOMETRY
 Cell length (Bohr)    6.682E+00   6.682E+00   6.682E+00
 Angle     (Degree)    6.000E+01   6.000E+01   6.000E+01
 Volume    (Bohr^3)    2.110E+02

 ------------------------------------------------------------------------------
                           READ PSEUDOPOTENTIAL
 Total electron number in ReadPseudo is    8.0000000000000000     
 (System) Machine Precision              :    2.2204460492503131E-016

 ------------------------------------------------------------------------------
                           SETUP FFT
 Global FFT Dimension :    35   35   35
 Dimension of rho for this processor : 
 xmin, xmax :            0          34
 ymin, ymax :            0          34
 zmin, zmax :            0          34
 Total electron number =    8.0000000000000000     
 Uniform rhoR =    3.7913247110613779E-002
 (GB INFO) FFT size      :       35      35      35
 (GB INFO) FFT offset    :        0
 (GB INFO) FFT G size    :       18      35      35
 (GB INFO) FFT G offset  :        0

 ------------------------------------------------------------------------------
                           SETUP KEDF
 kinetic energy density functional number is           11
 ( 1=TF, 2=VW, 3=TF+VW, 4=WT,  5=WGC,  
   7=LQ, 8=HQ, 10=CAT,  11=HC, 12=WGCD,
   15=GGA, 16=WGCD+GGA, 17=EVT, 18=EVC )
 qTable dimension:    18   35   35
 rhoS=   3.7913247110613779E-002
 rho0=   3.7913247110613779E-002
 coefficients for TF KEDF is     1.000000
 coefficients for VW KEDF is     1.000000
 Lambda in HC10 is set to     0.010000
 ALPHA  in HC10 is set to     1.875667
 BETA   in HC10 is set to     0.791000
 Sum of alpha and beta is     2.666667
  dV of each real space grid is now    4.9214703435560775E-003
 Cell length (Bohr)    6.682E+00   6.682E+00   6.682E+00
 Angle     (Degree)    6.000E+01   6.000E+01   6.000E+01
 Volume    (Bohr^3)    2.110E+02

 ------------------------------------------------------------------------------
                           SETUP EWALD 
 (Ewald) eta                             :    1.200    
 (Ewald) Real Space Cutoff               :    6.000     (Bohr)
 (Ewald) Reciprocal Cutoff               :    15.98     (1/Bohr)

 ------------------------------------------------------------------------------
                           SETUP PLANE WAVE 

 ------------------------------------------------------------------------------
                           REFRESH ION POSITIONS
  
 Calculating Ion-Ion Energy ...                   complete.     0.008 s
  
 Calculating Ion-Electron Potential (spline) ... 
 complete.     0.093 s

 ------------------------------------------------------------------------------
                           DENSITY OPTIMIZATION
 Electron number for spin            1  is    7.9999999999929150     
 Cell Volume      :            31.268165 Angstrom^3
 Ion number       :                    2
 Electron number  :             8.000000
 Ion density      :             0.063963 Ion/Angstrom^3
 Electron density :             0.255851 Electron/Angstrom^3
##############################################################################
#                               FINAL ENERGIES                       time    #
##############################################################################
# Thomas-Fermi Kin. Energy =   8.993204104061E+01 eV                 0.000 s #
# Von-Weizsacker Kin. Ener =   2.676578489290E+01 eV                 0.000 s #
#                                                                            #
# GGA(PBE) Exch-Cor Energy =  -7.090252666085E+01 eV                 0.000 s #
#         Coulombic Energy =   1.732095320235E+01 eV                 0.000 s #
#      Ion-Electron Energy =  -2.449275104058E+01 eV                 0.000 s #
#           Ion-Ion Energy =  -2.590618870700E+02 eV                 0.000 s #
#                                                                            #
#     TOTAL KINETIC ENERGY =   9.502179746637E+01 eV                         #
#   TOTAL POTENTIAL ENERGY =  -3.371362115691E+02 eV                         #
#             TOTAL ENERGY =  -2.421144141028E+02 eV                         #
##############################################################################
  
 ----------------------------- TIME INFORMATION ------------------------------
    PROFESS      :   2168.22s WALL    100.00% (       1 calls)  2168.22s/call
    InitPROFESS  :      0.23s WALL      0.01% (       1 calls)     0.23s/call
    KEDFRefresh  :      0.00s WALL      0.00% (       1 calls)     0.00s/call
    IonRefresh   :      0.10s WALL      0.00% (       1 calls)     0.10s/call
    EwaldEnergy  :      0.01s WALL      0.00% (       1 calls)     0.01s/call
    ForwFFT_3D   :    306.34s WALL     14.13% (   48758 calls)     0.01s/call
    BackFFT_3D   :    213.58s WALL      9.85% (   32670 calls)     0.01s/call
    Pot_Ion      :      2.06s WALL      0.09% (     873 calls)     0.00s/call
    Pot_Har      :     13.23s WALL      0.61% (     873 calls)     0.02s/call
    Pot_Exc      :    280.55s WALL     12.94% (     873 calls)     0.32s/call
    PBEPot       :    278.39s WALL     12.84% (     873 calls)     0.32s/call
    Pot_KEDF     :   1848.37s WALL     85.25% (     873 calls)     2.12s/call
    intPot       :   1814.62s WALL     83.69% (     873 calls)     2.08s/call
    MakeXiG      :     13.27s WALL      0.61% (     873 calls)     0.02s/call
    VWPotSqrPlus :     11.75s WALL      0.54% (     873 calls)     0.01s/call
    intPot1      :    532.01s WALL     24.54% (    9788 calls)     0.05s/call
    MakeHC10Kern :     51.71s WALL      2.38% (   10660 calls)     0.00s/call
    intPot2      :    372.72s WALL     17.19% (    9788 calls)     0.04s/call
    intPot3      :    511.23s WALL     23.58% (    9788 calls)     0.05s/call
    intPot4      :    240.51s WALL     11.09% (    9788 calls)     0.02s/call
    NextGradient :      1.00s WALL      0.05% (      82 calls)     0.01s/call
 -----------------------------------------------------------------------------
 ------------------------------- TOTAL ---------------------------------------
    PROFESS      :   2168.22s WALL    100.00% (       1 calls)  2168.22s/call
 -----------------------------------------------------------------------------

Run completed on: 07/31/2024 at 02:56:29 
  
