 AUTO_SET ks_solver to cg
 In SCAN_BEGIN, can't find: LATTICE_PARAMETERS block.
 functional  warning : file /home/dell/1_work/abacus-develop/source/src_pw/xc_type.cpp line 297 may error 
                            startmag_type = 1
                       charge from rho_at = 3
                         charge should be = 3

 SETUP ATOMIC RHO FOR SPIN 1
                 Electron number from rho = 62.9869
           total electron number from rho = 62.9869
                                should be = 63
                 charge before normalized = 63
                  charge after normalized = 63
                            startmag_type = 1
                       charge from rho_at = 2.99999999999999
                         charge should be = 3

 SETUP ATOMIC RHO FOR SPIN 1
                 Electron number from rho = 62.986875
           total electron number from rho = 62.986875
                                should be = 63
                            startmag_type = 1
                       charge from rho_at = 2.99999999999999
                         charge should be = 3

 SETUP ATOMIC RHO FOR SPIN 1
                 Electron number from rho = 62.986875
           total electron number from rho = 62.986875
                                should be = 63
                 charge before normalized = 62.9999999898635
                  charge after normalized = 63
                            startmag_type = 1
                       charge from rho_at = 2.99999999999999
                         charge should be = 3

 SETUP ATOMIC RHO FOR SPIN 1
                 Electron number from rho = 62.986875
           total electron number from rho = 62.986875
                                should be = 63
                            startmag_type = 1
                       charge from rho_at = 2.99999999999999
                         charge should be = 3

 SETUP ATOMIC RHO FOR SPIN 1
                 Electron number from rho = 62.986875
           total electron number from rho = 62.986875
                                should be = 63
                 charge before normalized = 62.9999999890956
                  charge after normalized = 63
                            startmag_type = 1
                       charge from rho_at = 2.99999999999999
                         charge should be = 3

 SETUP ATOMIC RHO FOR SPIN 1
                 Electron number from rho = 62.986875
           total electron number from rho = 62.986875
                                should be = 63
                            startmag_type = 1
                       charge from rho_at = 2.99999999999999
                         charge should be = 3

 SETUP ATOMIC RHO FOR SPIN 1
                 Electron number from rho = 62.986875
           total electron number from rho = 62.986875
                                should be = 63
                 charge before normalized = 62.9999999925268
                  charge after normalized = 63
                            startmag_type = 1
                       charge from rho_at = 2.99999999999999
                         charge should be = 3

 SETUP ATOMIC RHO FOR SPIN 1
                 Electron number from rho = 62.986875
           total electron number from rho = 62.986875
                                should be = 63
                            startmag_type = 1
                       charge from rho_at = 2.99999999999999
                         charge should be = 3

 SETUP ATOMIC RHO FOR SPIN 1
                 Electron number from rho = 62.986875
           total electron number from rho = 62.986875
                                should be = 63
                 charge before normalized = 62.999999991328
                  charge after normalized = 63
                            startmag_type = 1
                       charge from rho_at = 2.99999999999999
                         charge should be = 3

 SETUP ATOMIC RHO FOR SPIN 1
                 Electron number from rho = 62.986875
           total electron number from rho = 62.986875
                                should be = 63
                            startmag_type = 1
                       charge from rho_at = 2.99999999999999
                         charge should be = 3

 SETUP ATOMIC RHO FOR SPIN 1
                 Electron number from rho = 62.986875
           total electron number from rho = 62.986875
                                should be = 63
                 charge before normalized = 62.9999999899289
                  charge after normalized = 63
                            startmag_type = 1
                       charge from rho_at = 2.99999999999999
                         charge should be = 3

 SETUP ATOMIC RHO FOR SPIN 1
                 Electron number from rho = 62.986875
           total electron number from rho = 62.986875
                                should be = 63
                            startmag_type = 1
                       charge from rho_at = 2.99999999999999
                         charge should be = 3

 SETUP ATOMIC RHO FOR SPIN 1
                 Electron number from rho = 62.986875
           total electron number from rho = 62.986875
                                should be = 63
                 charge before normalized = 62.9999999898386
                  charge after normalized = 63
                            startmag_type = 1
                       charge from rho_at = 2.99999999999999
                         charge should be = 3

 SETUP ATOMIC RHO FOR SPIN 1
                 Electron number from rho = 62.986875
           total electron number from rho = 62.986875
                                should be = 63
                            startmag_type = 1
                       charge from rho_at = 2.99999999999999
                         charge should be = 3

 SETUP ATOMIC RHO FOR SPIN 1
                 Electron number from rho = 62.986875
           total electron number from rho = 62.986875
                                should be = 63
                 charge before normalized = 62.9999999899621
                  charge after normalized = 63
                            startmag_type = 1
                       charge from rho_at = 2.99999999999999
                         charge should be = 3

 SETUP ATOMIC RHO FOR SPIN 1
                 Electron number from rho = 62.986875
           total electron number from rho = 62.986875
                                should be = 63
                            startmag_type = 1
                       charge from rho_at = 2.99999999999999
                         charge should be = 3

 SETUP ATOMIC RHO FOR SPIN 1
                 Electron number from rho = 62.986875
           total electron number from rho = 62.986875
                                should be = 63
                 charge before normalized = 62.9999999899622
                  charge after normalized = 63
                            startmag_type = 1
                       charge from rho_at = 2.99999999999999
                         charge should be = 3

 SETUP ATOMIC RHO FOR SPIN 1
                 Electron number from rho = 62.986875
           total electron number from rho = 62.986875
                                should be = 63
                            startmag_type = 1
                       charge from rho_at = 2.99999999999999
                         charge should be = 3

 SETUP ATOMIC RHO FOR SPIN 1
                 Electron number from rho = 62.986875
           total electron number from rho = 62.986875
                                should be = 63
                 charge before normalized = 62.9999999898204
                  charge after normalized = 63
                            startmag_type = 1
                       charge from rho_at = 2.99999999999999
                         charge should be = 3

 SETUP ATOMIC RHO FOR SPIN 1
                 Electron number from rho = 62.986875
           total electron number from rho = 62.986875
                                should be = 63
                            startmag_type = 1
                       charge from rho_at = 2.99999999999999
                         charge should be = 3

 SETUP ATOMIC RHO FOR SPIN 1
                 Electron number from rho = 62.986875
           total electron number from rho = 62.986875
                                should be = 63
                 charge before normalized = 62.9999999898736
                  charge after normalized = 63
                            startmag_type = 1
                       charge from rho_at = 2.99999999999999
                         charge should be = 3

 SETUP ATOMIC RHO FOR SPIN 1
                 Electron number from rho = 62.986875
           total electron number from rho = 62.986875
                                should be = 63
                            startmag_type = 1
                       charge from rho_at = 2.99999999999999
                         charge should be = 3

 SETUP ATOMIC RHO FOR SPIN 1
                 Electron number from rho = 62.986875
           total electron number from rho = 62.986875
                                should be = 63
                 charge before normalized = 62.9999999899325
                  charge after normalized = 63
                            startmag_type = 1
                       charge from rho_at = 2.99999999999999
                         charge should be = 3

 SETUP ATOMIC RHO FOR SPIN 1
                 Electron number from rho = 62.986875
           total electron number from rho = 62.986875
                                should be = 63
                            startmag_type = 1
                       charge from rho_at = 2.99999999999999
                         charge should be = 3

 SETUP ATOMIC RHO FOR SPIN 1
                 Electron number from rho = 62.986875
           total electron number from rho = 62.986875
                                should be = 63
                 charge before normalized = 62.9999999899687
                  charge after normalized = 63
                            startmag_type = 1
                       charge from rho_at = 2.99999999999999
                         charge should be = 3

 SETUP ATOMIC RHO FOR SPIN 1
                 Electron number from rho = 62.986875
           total electron number from rho = 62.986875
                                should be = 63
                            startmag_type = 1
                       charge from rho_at = 2.99999999999999
                         charge should be = 3

 SETUP ATOMIC RHO FOR SPIN 1
                 Electron number from rho = 62.986875
           total electron number from rho = 62.986875
                                should be = 63
                 charge before normalized = 62.9999999899199
                  charge after normalized = 63
                            startmag_type = 1
                       charge from rho_at = 2.99999999999999
                         charge should be = 3

 SETUP ATOMIC RHO FOR SPIN 1
                 Electron number from rho = 62.986875
           total electron number from rho = 62.986875
                                should be = 63
                            startmag_type = 1
                       charge from rho_at = 2.99999999999999
                         charge should be = 3

 SETUP ATOMIC RHO FOR SPIN 1
                 Electron number from rho = 62.986875
           total electron number from rho = 62.986875
                                should be = 63
                 charge before normalized = 62.9999999899432
                  charge after normalized = 63
                            startmag_type = 1
                       charge from rho_at = 2.99999999999999
                         charge should be = 3

 SETUP ATOMIC RHO FOR SPIN 1
                 Electron number from rho = 62.986875
           total electron number from rho = 62.986875
                                should be = 63
                            startmag_type = 1
                       charge from rho_at = 2.99999999999999
                         charge should be = 3

 SETUP ATOMIC RHO FOR SPIN 1
                 Electron number from rho = 62.986875
           total electron number from rho = 62.986875
                                should be = 63
                 charge before normalized = 62.9999999898834
                  charge after normalized = 63
                            startmag_type = 1
                       charge from rho_at = 2.99999999999999
                         charge should be = 3

 SETUP ATOMIC RHO FOR SPIN 1
                 Electron number from rho = 62.986875
           total electron number from rho = 62.986875
                                should be = 63
                            startmag_type = 1
                       charge from rho_at = 2.99999999999999
                         charge should be = 3

 SETUP ATOMIC RHO FOR SPIN 1
                 Electron number from rho = 62.986875
           total electron number from rho = 62.986875
                                should be = 63
                 charge before normalized = 62.9999999898319
                  charge after normalized = 63
                            startmag_type = 1
                       charge from rho_at = 2.99999999999999
                         charge should be = 3

 SETUP ATOMIC RHO FOR SPIN 1
                 Electron number from rho = 62.986875
           total electron number from rho = 62.986875
                                should be = 63
                            startmag_type = 1
                       charge from rho_at = 2.99999999999999
                         charge should be = 3

 SETUP ATOMIC RHO FOR SPIN 1
                 Electron number from rho = 62.986875
           total electron number from rho = 62.986875
                                should be = 63
                 charge before normalized = 62.9999999899598
                  charge after normalized = 63
                            startmag_type = 1
                       charge from rho_at = 2.99999999999999
                         charge should be = 3

 SETUP ATOMIC RHO FOR SPIN 1
                 Electron number from rho = 62.986875
           total electron number from rho = 62.986875
                                should be = 63
                            startmag_type = 1
                       charge from rho_at = 2.99999999999999
                         charge should be = 3

 SETUP ATOMIC RHO FOR SPIN 1
                 Electron number from rho = 62.986875
           total electron number from rho = 62.986875
                                should be = 63
                 charge before normalized = 62.9999999898338
                  charge after normalized = 63
                            startmag_type = 1
                       charge from rho_at = 2.99999999999999
                         charge should be = 3

 SETUP ATOMIC RHO FOR SPIN 1
                 Electron number from rho = 62.986875
           total electron number from rho = 62.986875
                                should be = 63
                            startmag_type = 1
                       charge from rho_at = 2.99999999999999
                         charge should be = 3

 SETUP ATOMIC RHO FOR SPIN 1
                 Electron number from rho = 62.986875
           total electron number from rho = 62.986875
                                should be = 63
                 charge before normalized = 62.999999989863
                  charge after normalized = 63
                            startmag_type = 1
                       charge from rho_at = 2.99999999999999
                         charge should be = 3

 SETUP ATOMIC RHO FOR SPIN 1
                 Electron number from rho = 62.9868750000001
           total electron number from rho = 62.9868750000001
                                should be = 63
                            startmag_type = 1
                       charge from rho_at = 2.99999999999999
                         charge should be = 3

 SETUP ATOMIC RHO FOR SPIN 1
                 Electron number from rho = 62.9868750000001
           total electron number from rho = 62.9868750000001
                                should be = 63
                 charge before normalized = 62.9999999899594
                  charge after normalized = 63
                            startmag_type = 1
                       charge from rho_at = 2.99999999999999
                         charge should be = 3

 SETUP ATOMIC RHO FOR SPIN 1
                 Electron number from rho = 62.986875
           total electron number from rho = 62.986875
                                should be = 63
                            startmag_type = 1
                       charge from rho_at = 2.99999999999999
                         charge should be = 3

 SETUP ATOMIC RHO FOR SPIN 1
                 Electron number from rho = 62.986875
           total electron number from rho = 62.986875
                                should be = 63
                 charge before normalized = 62.9999999900136
                  charge after normalized = 63
                            startmag_type = 1
                       charge from rho_at = 2.99999999999999
                         charge should be = 3

 SETUP ATOMIC RHO FOR SPIN 1
                 Electron number from rho = 62.986875
           total electron number from rho = 62.986875
                                should be = 63
                            startmag_type = 1
                       charge from rho_at = 2.99999999999999
                         charge should be = 3

 SETUP ATOMIC RHO FOR SPIN 1
                 Electron number from rho = 62.986875
           total electron number from rho = 62.986875
                                should be = 63
                 charge before normalized = 62.9999999899751
                  charge after normalized = 63
                            startmag_type = 1
                       charge from rho_at = 2.99999999999999
                         charge should be = 3

 SETUP ATOMIC RHO FOR SPIN 1
                 Electron number from rho = 62.986875
           total electron number from rho = 62.986875
                                should be = 63
                            startmag_type = 1
                       charge from rho_at = 2.99999999999999
                         charge should be = 3

 SETUP ATOMIC RHO FOR SPIN 1
                 Electron number from rho = 62.986875
           total electron number from rho = 62.986875
                                should be = 63
                 charge before normalized = 62.999999989854
                  charge after normalized = 63
                            startmag_type = 1
                       charge from rho_at = 2.99999999999999
                         charge should be = 3

 SETUP ATOMIC RHO FOR SPIN 1
                 Electron number from rho = 62.986875
           total electron number from rho = 62.986875
                                should be = 63
                            startmag_type = 1
                       charge from rho_at = 2.99999999999999
                         charge should be = 3

 SETUP ATOMIC RHO FOR SPIN 1
                 Electron number from rho = 62.986875
           total electron number from rho = 62.986875
                                should be = 63
                 charge before normalized = 62.9999999900059
                  charge after normalized = 63
                            startmag_type = 1
                       charge from rho_at = 2.99999999999999
                         charge should be = 3

 SETUP ATOMIC RHO FOR SPIN 1
                 Electron number from rho = 62.986875
           total electron number from rho = 62.986875
                                should be = 63
                            startmag_type = 1
                       charge from rho_at = 2.99999999999999
                         charge should be = 3

 SETUP ATOMIC RHO FOR SPIN 1
                 Electron number from rho = 62.986875
           total electron number from rho = 62.986875
                                should be = 63
                 charge before normalized = 62.9999999899903
                  charge after normalized = 63
                            startmag_type = 1
                       charge from rho_at = 2.99999999999999
                         charge should be = 3

 SETUP ATOMIC RHO FOR SPIN 1
                 Electron number from rho = 62.986875
           total electron number from rho = 62.986875
                                should be = 63
                            startmag_type = 1
                       charge from rho_at = 2.99999999999999
                         charge should be = 3

 SETUP ATOMIC RHO FOR SPIN 1
                 Electron number from rho = 62.986875
           total electron number from rho = 62.986875
                                should be = 63
                 charge before normalized = 62.9999999898281
                  charge after normalized = 63
                            startmag_type = 1
                       charge from rho_at = 2.99999999999999
                         charge should be = 3

 SETUP ATOMIC RHO FOR SPIN 1
                 Electron number from rho = 62.986875
           total electron number from rho = 62.986875
                                should be = 63
                            startmag_type = 1
                       charge from rho_at = 2.99999999999999
                         charge should be = 3

 SETUP ATOMIC RHO FOR SPIN 1
                 Electron number from rho = 62.986875
           total electron number from rho = 62.986875
                                should be = 63
                 charge before normalized = 62.9999999898511
                  charge after normalized = 63
                            startmag_type = 1
                       charge from rho_at = 2.99999999999999
                         charge should be = 3

 SETUP ATOMIC RHO FOR SPIN 1
                 Electron number from rho = 62.986875
           total electron number from rho = 62.986875
                                should be = 63
                            startmag_type = 1
                       charge from rho_at = 2.99999999999999
                         charge should be = 3

 SETUP ATOMIC RHO FOR SPIN 1
                 Electron number from rho = 62.986875
           total electron number from rho = 62.986875
                                should be = 63
                 charge before normalized = 62.9999999899442
                  charge after normalized = 63
                            startmag_type = 1
                       charge from rho_at = 2.99999999999999
                         charge should be = 3

 SETUP ATOMIC RHO FOR SPIN 1
                 Electron number from rho = 62.986875
           total electron number from rho = 62.986875
                                should be = 63
                            startmag_type = 1
                       charge from rho_at = 2.99999999999999
                         charge should be = 3

 SETUP ATOMIC RHO FOR SPIN 1
                 Electron number from rho = 62.986875
           total electron number from rho = 62.986875
                                should be = 63
                 charge before normalized = 62.999999989817
                  charge after normalized = 63
                            startmag_type = 1
                       charge from rho_at = 2.99999999999999
                         charge should be = 3

 SETUP ATOMIC RHO FOR SPIN 1
                 Electron number from rho = 62.986875
           total electron number from rho = 62.986875
                                should be = 63
                            startmag_type = 1
                       charge from rho_at = 2.99999999999999
                         charge should be = 3

 SETUP ATOMIC RHO FOR SPIN 1
                 Electron number from rho = 62.986875
           total electron number from rho = 62.986875
                                should be = 63
                 charge before normalized = 62.9999999898365
                  charge after normalized = 63
                            startmag_type = 1
                       charge from rho_at = 2.99999999999999
                         charge should be = 3

 SETUP ATOMIC RHO FOR SPIN 1
                 Electron number from rho = 62.986875
           total electron number from rho = 62.986875
                                should be = 63
                            startmag_type = 1
                       charge from rho_at = 2.99999999999999
                         charge should be = 3

 SETUP ATOMIC RHO FOR SPIN 1
                 Electron number from rho = 62.986875
           total electron number from rho = 62.986875
                                should be = 63
                 charge before normalized = 62.9999999899025
                  charge after normalized = 63
                            startmag_type = 1
                       charge from rho_at = 2.99999999999999
                         charge should be = 3

 SETUP ATOMIC RHO FOR SPIN 1
                 Electron number from rho = 62.986875
           total electron number from rho = 62.986875
                                should be = 63
                            startmag_type = 1
                       charge from rho_at = 2.99999999999999
                         charge should be = 3

 SETUP ATOMIC RHO FOR SPIN 1
                 Electron number from rho = 62.986875
           total electron number from rho = 62.986875
                                should be = 63
                 charge before normalized = 62.9999999898552
                  charge after normalized = 63
                            startmag_type = 1
                       charge from rho_at = 2.99999999999999
                         charge should be = 3

 SETUP ATOMIC RHO FOR SPIN 1
                 Electron number from rho = 62.986875
           total electron number from rho = 62.986875
                                should be = 63
                            startmag_type = 1
                       charge from rho_at = 2.99999999999999
                         charge should be = 3

 SETUP ATOMIC RHO FOR SPIN 1
                 Electron number from rho = 62.986875
           total electron number from rho = 62.986875
                                should be = 63
                 charge before normalized = 62.9999999898988
                  charge after normalized = 63
                            startmag_type = 1
                       charge from rho_at = 2.99999999999999
                         charge should be = 3

 SETUP ATOMIC RHO FOR SPIN 1
                 Electron number from rho = 62.986875
           total electron number from rho = 62.986875
                                should be = 63
                            startmag_type = 1
                       charge from rho_at = 2.99999999999999
                         charge should be = 3

 SETUP ATOMIC RHO FOR SPIN 1
                 Electron number from rho = 62.986875
           total electron number from rho = 62.986875
                                should be = 63
                 charge before normalized = 62.9999999898815
                  charge after normalized = 63
                            startmag_type = 1
                       charge from rho_at = 2.99999999999999
                         charge should be = 3

 SETUP ATOMIC RHO FOR SPIN 1
                 Electron number from rho = 62.986875
           total electron number from rho = 62.986875
                                should be = 63
                            startmag_type = 1
                       charge from rho_at = 2.99999999999999
                         charge should be = 3

 SETUP ATOMIC RHO FOR SPIN 1
                 Electron number from rho = 62.986875
           total electron number from rho = 62.986875
                                should be = 63
                 charge before normalized = 62.9999999899252
                  charge after normalized = 63
                            startmag_type = 1
                       charge from rho_at = 2.99999999999999
                         charge should be = 3

 SETUP ATOMIC RHO FOR SPIN 1
                 Electron number from rho = 62.986875
           total electron number from rho = 62.986875
                                should be = 63
                            startmag_type = 1
                       charge from rho_at = 2.99999999999999
                         charge should be = 3

 SETUP ATOMIC RHO FOR SPIN 1
                 Electron number from rho = 62.986875
           total electron number from rho = 62.986875
                                should be = 63
                 charge before normalized = 62.9999999899547
                  charge after normalized = 63
                            startmag_type = 1
                       charge from rho_at = 2.99999999999999
                         charge should be = 3

 SETUP ATOMIC RHO FOR SPIN 1
                 Electron number from rho = 62.986875
           total electron number from rho = 62.986875
                                should be = 63
                            startmag_type = 1
                       charge from rho_at = 2.99999999999999
                         charge should be = 3

 SETUP ATOMIC RHO FOR SPIN 1
                 Electron number from rho = 62.986875
           total electron number from rho = 62.986875
                                should be = 63
                 charge before normalized = 62.999999989958
                  charge after normalized = 63
                            startmag_type = 1
                       charge from rho_at = 2.99999999999999
                         charge should be = 3

 SETUP ATOMIC RHO FOR SPIN 1
                 Electron number from rho = 62.986875
           total electron number from rho = 62.986875
                                should be = 63
                            startmag_type = 1
                       charge from rho_at = 2.99999999999999
                         charge should be = 3

 SETUP ATOMIC RHO FOR SPIN 1
                 Electron number from rho = 62.986875
           total electron number from rho = 62.986875
                                should be = 63
                 charge before normalized = 62.9999999899871
                  charge after normalized = 63
                            startmag_type = 1
                       charge from rho_at = 2.99999999999999
                         charge should be = 3

 SETUP ATOMIC RHO FOR SPIN 1
                 Electron number from rho = 62.986875
           total electron number from rho = 62.986875
                                should be = 63
                            startmag_type = 1
                       charge from rho_at = 2.99999999999999
                         charge should be = 3

 SETUP ATOMIC RHO FOR SPIN 1
                 Electron number from rho = 62.986875
           total electron number from rho = 62.986875
                                should be = 63
                 charge before normalized = 62.9999999899768
                  charge after normalized = 63
                            startmag_type = 1
                       charge from rho_at = 2.99999999999999
                         charge should be = 3

 SETUP ATOMIC RHO FOR SPIN 1
                 Electron number from rho = 62.986875
           total electron number from rho = 62.986875
                                should be = 63
                            startmag_type = 1
                       charge from rho_at = 2.99999999999999
                         charge should be = 3

 SETUP ATOMIC RHO FOR SPIN 1
                 Electron number from rho = 62.986875
           total electron number from rho = 62.986875
                                should be = 63
                 charge before normalized = 62.9999999898509
                  charge after normalized = 63
                            startmag_type = 1
                       charge from rho_at = 2.99999999999999
                         charge should be = 3

 SETUP ATOMIC RHO FOR SPIN 1
                 Electron number from rho = 62.986875
           total electron number from rho = 62.986875
                                should be = 63
                            startmag_type = 1
                       charge from rho_at = 2.99999999999999
                         charge should be = 3

 SETUP ATOMIC RHO FOR SPIN 1
                 Electron number from rho = 62.986875
           total electron number from rho = 62.986875
                                should be = 63
                 charge before normalized = 62.9999999898957
                  charge after normalized = 63
                            startmag_type = 1
                       charge from rho_at = 2.99999999999999
                         charge should be = 3

 SETUP ATOMIC RHO FOR SPIN 1
                 Electron number from rho = 62.986875
           total electron number from rho = 62.986875
                                should be = 63
                            startmag_type = 1
                       charge from rho_at = 2.99999999999999
                         charge should be = 3

 SETUP ATOMIC RHO FOR SPIN 1
                 Electron number from rho = 62.986875
           total electron number from rho = 62.986875
                                should be = 63
                 charge before normalized = 62.9999999898546
                  charge after normalized = 63
                            startmag_type = 1
                       charge from rho_at = 2.99999999999999
                         charge should be = 3

 SETUP ATOMIC RHO FOR SPIN 1
                 Electron number from rho = 62.986875
           total electron number from rho = 62.986875
                                should be = 63
                            startmag_type = 1
                       charge from rho_at = 2.99999999999999
                         charge should be = 3

 SETUP ATOMIC RHO FOR SPIN 1
                 Electron number from rho = 62.986875
           total electron number from rho = 62.986875
                                should be = 63
                 charge before normalized = 62.9999999898652
                  charge after normalized = 63
                            startmag_type = 1
                       charge from rho_at = 2.99999999999999
                         charge should be = 3

 SETUP ATOMIC RHO FOR SPIN 1
                 Electron number from rho = 62.986875
           total electron number from rho = 62.986875
                                should be = 63
                            startmag_type = 1
                       charge from rho_at = 2.99999999999999
                         charge should be = 3

 SETUP ATOMIC RHO FOR SPIN 1
                 Electron number from rho = 62.986875
           total electron number from rho = 62.986875
                                should be = 63
                 charge before normalized = 62.9999999899713
                  charge after normalized = 63
                            startmag_type = 1
                       charge from rho_at = 2.99999999999999
                         charge should be = 3

 SETUP ATOMIC RHO FOR SPIN 1
                 Electron number from rho = 62.986875
           total electron number from rho = 62.986875
                                should be = 63
                            startmag_type = 1
                       charge from rho_at = 2.99999999999999
                         charge should be = 3

 SETUP ATOMIC RHO FOR SPIN 1
                 Electron number from rho = 62.986875
           total electron number from rho = 62.986875
                                should be = 63
                 charge before normalized = 62.9999999899468
                  charge after normalized = 63
                            startmag_type = 1
                       charge from rho_at = 2.99999999999999
                         charge should be = 3

 SETUP ATOMIC RHO FOR SPIN 1
                 Electron number from rho = 62.986875
           total electron number from rho = 62.986875
                                should be = 63
                            startmag_type = 1
                       charge from rho_at = 2.99999999999999
                         charge should be = 3

 SETUP ATOMIC RHO FOR SPIN 1
                 Electron number from rho = 62.986875
           total electron number from rho = 62.986875
                                should be = 63
                 charge before normalized = 62.9999999899977
                  charge after normalized = 63
                            startmag_type = 1
                       charge from rho_at = 2.99999999999999
                         charge should be = 3

 SETUP ATOMIC RHO FOR SPIN 1
                 Electron number from rho = 62.986875
           total electron number from rho = 62.986875
                                should be = 63
                            startmag_type = 1
                       charge from rho_at = 2.99999999999999
                         charge should be = 3

 SETUP ATOMIC RHO FOR SPIN 1
                 Electron number from rho = 62.986875
           total electron number from rho = 62.986875
                                should be = 63
                 charge before normalized = 62.999999989947
                  charge after normalized = 63
                            startmag_type = 1
                       charge from rho_at = 2.99999999999999
                         charge should be = 3

 SETUP ATOMIC RHO FOR SPIN 1
                 Electron number from rho = 62.986875
           total electron number from rho = 62.986875
                                should be = 63
                            startmag_type = 1
                       charge from rho_at = 2.99999999999999
                         charge should be = 3

 SETUP ATOMIC RHO FOR SPIN 1
                 Electron number from rho = 62.986875
           total electron number from rho = 62.986875
                                should be = 63
                 charge before normalized = 62.9999999899612
                  charge after normalized = 63
                            startmag_type = 1
                       charge from rho_at = 2.99999999999999
                         charge should be = 3

 SETUP ATOMIC RHO FOR SPIN 1
                 Electron number from rho = 62.986875
           total electron number from rho = 62.986875
                                should be = 63
                            startmag_type = 1
                       charge from rho_at = 2.99999999999999
                         charge should be = 3

 SETUP ATOMIC RHO FOR SPIN 1
                 Electron number from rho = 62.986875
           total electron number from rho = 62.986875
                                should be = 63
                 charge before normalized = 62.9999999898642
                  charge after normalized = 63
