 ******************************************************************************
                             WELCOME TO PROFESS                   
            (PRinceton Orbital-Free Electronic Structure Software) 
 ******************************************************************************

 ------------------------------------------------------------------------------
                           READ GEOMETRY
 Cell length (Bohr)    7.227E+00   7.227E+00   4.088E+01
 Angle     (Degree)    9.000E+01   9.000E+01   9.000E+01
 Volume    (Bohr^3)    2.135E+03

 ------------------------------------------------------------------------------
                           READ PSEUDOPOTENTIAL
 Total electron number in ReadPseudo is    36.000000000000000     
 (System) Machine Precision              :    2.2204460492503131E-016

 ------------------------------------------------------------------------------
                           SETUP FFT
 Global FFT Dimension :    40   40  216
 Rank/Size in Global Communicator     :            0 /           1
 Rank/Size in Global FFT Communicator :            0 /           1
 Parallel FFT, totX    =    40
 Parallel FFT, totY    =    40
 Parallel FFT, locZ    =   216
 Parallel FFT, locZoff =     0
 Dimension of rho for this processor : 
 xmin, xmax :            0          39
 ymin, ymax :            0          39
 zmin, zmax :            0         215
 Total electron number =    36.000000000000000     
 Uniform rhoR =    1.6860910880697379E-002
 (GB INFO) FFT size      :       40      40     216
 (GB INFO) FFT offset    :        0
 (GB INFO) FFT G size    :       21      40     216
 (GB INFO) FFT G offset  :        0

 ------------------------------------------------------------------------------
                           SETUP KEDF
 kinetic energy density functional number is            4
 ( 1=TF, 2=VW, 3=TF+VW, 4=WT,  5=WGC,  
   7=LQ, 8=HQ, 10=CAT,  11=HC, 12=WGCD,
   15=GGA, 16=WGCD+GGA, 17=EVT, 18=EVC )
 qTable dimension:    21   40  216
 Coefficient for TF KEDF is     1.0000
 Coefficient for VW KEDF is     1.0000
 Coefficient for alpha in WT KEDF is     0.8333
 Coefficient for beta  in WT KEDF is     0.8333
 rho0 (Electron/Bohr^3) in WGC KEDF is     0.0169
 hold0 =  F
  dV of each real space grid is now    6.1779975829134009E-003
 Cell length (Bohr)    7.227E+00   7.227E+00   4.088E+01
 Angle     (Degree)    9.000E+01   9.000E+01   9.000E+01
 Volume    (Bohr^3)    2.135E+03

 ------------------------------------------------------------------------------
                           SETUP EWALD 
 (Ewald) eta                             :    1.200    
 (Ewald) Real Space Cutoff               :    6.000     (Bohr)
 (Ewald) Reciprocal Cutoff               :    16.52     (1/Bohr)

 ------------------------------------------------------------------------------
                           SETUP PLANE WAVE 
 Read in WT kernel.
 kernel file name  : 10PROFESS_KERNEL.dat          
 KEDF type         :     4
 Fermi vector      :   1.182014212099E+00
 Reference density :  -1.000000000000E+00
 Mesh points       :   200002
 Fermi vector in this cell is    1.5865874207765427     
 Fermi vector from kernel file is    1.1820142120987149     
 First qNorm is    0.0000000000000000     
 size of Wang-Teter kernel in this run is           21          40         216
 Max |G| in this calculation is   2.966885517073E+01
 Max eta used from kernel is   1.869979225992E+01

 ------------------------------------------------------------------------------
                           REFRESH ION POSITIONS
  
 Calculating Ion-Ion Energy ...                   complete.     0.042 s
  
 Calculating Ion-Electron Potential (spline) ... 
 complete.     0.064 s

 ------------------------------------------------------------------------------
                           DENSITY OPTIMIZATION
 Electron number for spin            1  is    35.999999999737589     
 Cell Volume      :           316.391539 Angstrom^3
 Ion number       :                    9
 Electron number  :            36.000000
 Ion density      :             0.028446 Ion/Angstrom^3
 Electron density :             0.113783 Electron/Angstrom^3
 Print density file to cd100/Si.den                                      
##############################################################################
#                               FINAL ENERGIES                       time    #
##############################################################################
# Thomas-Fermi Kin. Energy =   3.422610047002E+02 eV                 0.000 s #
# Von-Weizsacker Kin. Ener =   1.211151418630E+02 eV                 0.000 s #
# Wang-Teter Kinetic Energ =  -9.043484503295E+01 eV                 0.000 s #
#                                                                            #
#     LDA Exch-Corr Energy =  -2.921582377284E+02 eV                 0.000 s #
#         Coulombic Energy =   2.712369786416E+03 eV                 0.000 s #
#      Ion-Electron Energy =  -5.562771514121E+03 eV                 0.000 s #
#           Ion-Ion Energy =   1.788649797208E+03 eV                 0.000 s #
#                                                                            #
#     TOTAL KINETIC ENERGY =   3.729413015302E+02 eV                         #
#   TOTAL POTENTIAL ENERGY =  -1.353910168226E+03 eV                         #
#             TOTAL ENERGY =  -9.809688666957E+02 eV                         #
##############################################################################
  
 ----------------------------- TIME INFORMATION ------------------------------
    PROFESS      :    165.14s WALL    100.00% (       1 calls)   165.14s/call
    InitPROFESS  :      0.67s WALL      0.40% (       1 calls)     0.67s/call
    KEDFRefresh  :      0.52s WALL      0.32% (       1 calls)     0.52s/call
    IonRefresh   :      0.13s WALL      0.08% (       1 calls)     0.13s/call
    EwaldEnergy  :      0.04s WALL      0.03% (       1 calls)     0.04s/call
    Pot_Ion      :      0.43s WALL      0.26% (     375 calls)     0.00s/call
    Pot_Har      :     11.49s WALL      6.96% (     375 calls)     0.03s/call
    Pot_Exc      :     21.84s WALL     13.23% (     375 calls)     0.06s/call
    Pot_KEDF     :    122.22s WALL     74.01% (     375 calls)     0.33s/call
    VWPotSqrPlus :     10.57s WALL      6.40% (     375 calls)     0.03s/call
    NextGradient :      0.19s WALL      0.11% (      15 calls)     0.01s/call
 -----------------------------------------------------------------------------
 ------------------------------- TOTAL ---------------------------------------
    PROFESS      :    165.14s WALL    100.00% (       1 calls)   165.14s/call
 -----------------------------------------------------------------------------

Run completed on: 02/08/2023 at 18:44:41 
  
