 ******************************************************************************
                             WELCOME TO PROFESS                   
            (PRinceton Orbital-Free Electronic Structure Software) 
 ******************************************************************************

 ------------------------------------------------------------------------------
                           READ GEOMETRY
 Cell length (Bohr)    9.090E+00   1.573E+01   1.497E+01
 Angle     (Degree)    9.000E+01   9.000E+01   9.000E+01
 Volume    (Bohr^3)    2.141E+03

 ------------------------------------------------------------------------------
                           READ PSEUDOPOTENTIAL
 Total electron number in ReadPseudo is    32.000000000000000     
 (System) Machine Precision              :    2.2204460492503131E-016

 ------------------------------------------------------------------------------
                           SETUP FFT
 Global FFT Dimension :    45   80   75
 Dimension of rho for this processor : 
 xmin, xmax :            0          44
 ymin, ymax :            0          79
 zmin, zmax :            0          74
 Total electron number =    32.000000000000000     
 Uniform rhoR =    1.4949067654497350E-002
 (GB INFO) FFT size      :       45      80      75
 (GB INFO) FFT offset    :        0
 (GB INFO) FFT G size    :       23      80      75
 (GB INFO) FFT G offset  :        0

 ------------------------------------------------------------------------------
                           SETUP KEDF
 kinetic energy density functional number is           11
 ( 1=TF, 2=VW, 3=TF+VW, 4=WT,  5=WGC,  
   7=LQ, 8=HQ, 10=CAT,  11=HC, 12=WGCD,
   15=GGA, 16=WGCD+GGA, 17=EVT, 18=EVC )
 qTable dimension:    23   80   75
 rhoS=   1.4949067654497350E-002
 rho0=   1.4949067654497350E-002
 coefficients for TF KEDF is     1.000000
 coefficients for VW KEDF is     1.000000
 Lambda in HC10 is set to     0.012000
 ALPHA  in HC10 is set to     1.856667
 BETA   in HC10 is set to     0.810000
 Sum of alpha and beta is     2.666667
  dV of each real space grid is now    7.9281545349661215E-003
 Cell length (Bohr)    9.090E+00   1.573E+01   1.497E+01
 Angle     (Degree)    9.000E+01   9.000E+01   9.000E+01
 Volume    (Bohr^3)    2.141E+03

 ------------------------------------------------------------------------------
                           SETUP EWALD 
 (Ewald) eta                             :    1.200    
 (Ewald) Real Space Cutoff               :    6.000     (Bohr)
 (Ewald) Reciprocal Cutoff               :    15.21     (1/Bohr)

 ------------------------------------------------------------------------------
                           SETUP PLANE WAVE 

 ------------------------------------------------------------------------------
                           REFRESH ION POSITIONS
  
 Calculating Ion-Ion Energy ...                   complete.     0.136 s
  
 Calculating Ion-Electron Potential (spline) ... 
 complete.     0.265 s

 ------------------------------------------------------------------------------
                           DENSITY OPTIMIZATION
 Electron number for spin            1  is    31.999999999945576     
 Cell Volume      :           317.204445 Angstrom^3
 Ion number       :                    8
 Electron number  :            32.000000
 Ion density      :             0.025220 Ion/Angstrom^3
 Electron density :             0.100881 Electron/Angstrom^3
##############################################################################
#                               FINAL ENERGIES                       time    #
##############################################################################
# Thomas-Fermi Kin. Energy =   2.106314669174E+02 eV                 0.000 s #
# Von-Weizsacker Kin. Ener =   8.131770909462E+01 eV                 0.000 s #
#                                                                            #
# GGA(PBE) Exch-Cor Energy =  -2.214406692563E+02 eV                 0.000 s #
#         Coulombic Energy =   7.321023596904E+01 eV                 0.000 s #
#      Ion-Electron Energy =  -1.289241721537E+02 eV                 0.000 s #
#           Ion-Ion Energy =  -7.589443756449E+02 eV                 0.000 s #
#                                                                            #
#     TOTAL KINETIC ENERGY =   2.325546703824E+02 eV                         #
#   TOTAL POTENTIAL ENERGY =  -1.036098981086E+03 eV                         #
#             TOTAL ENERGY =  -8.035443107034E+02 eV                         #
##############################################################################
  
 ----------------------------- TIME INFORMATION ------------------------------
    PROFESS      :  11777.44s WALL    100.00% (       1 calls) 11777.44s/call
    InitPROFESS  :      0.57s WALL      0.00% (       1 calls)     0.57s/call
    KEDFRefresh  :      0.04s WALL      0.00% (       1 calls)     0.04s/call
    IonRefresh   :      0.43s WALL      0.00% (       1 calls)     0.43s/call
    EwaldEnergy  :      0.14s WALL      0.00% (       1 calls)     0.14s/call
    ForwFFT_3D   :   2721.87s WALL     23.11% (  102452 calls)     0.03s/call
    BackFFT_3D   :   1350.45s WALL     11.47% (   63110 calls)     0.02s/call
    Pot_Ion      :      6.21s WALL      0.05% (    1251 calls)     0.00s/call
    Pot_Har      :     71.98s WALL      0.61% (    1251 calls)     0.06s/call
    Pot_Exc      :   1344.83s WALL     11.42% (    1251 calls)     1.08s/call
    PBEPot       :   1337.38s WALL     11.36% (    1251 calls)     1.07s/call
    Pot_KEDF     :  10257.30s WALL     87.09% (    1251 calls)     8.20s/call
    intPot       :  10103.17s WALL     85.78% (    1251 calls)     8.08s/call
    MakeXiG      :     50.88s WALL      0.43% (    1251 calls)     0.04s/call
    intPot1      :   2764.55s WALL     23.47% (   22172 calls)     0.12s/call
    MakeHC10Kern :    196.71s WALL      1.67% (   23423 calls)     0.01s/call
    intPot2      :   1921.38s WALL     16.31% (   22172 calls)     0.09s/call
    intPot3      :   3583.80s WALL     30.43% (   22172 calls)     0.16s/call
    intPot4      :   1182.92s WALL     10.04% (   22172 calls)     0.05s/call
    VWPotSqrPlus :     67.02s WALL      0.57% (    1251 calls)     0.05s/call
    NextGradient :      4.85s WALL      0.04% (     100 calls)     0.05s/call
 -----------------------------------------------------------------------------
 ------------------------------- TOTAL ---------------------------------------
    PROFESS      :  11777.44s WALL    100.00% (       1 calls) 11777.44s/call
 -----------------------------------------------------------------------------

Run completed on: 07/31/2024 at 04:47:36 
  
