 ******************************************************************************
                             WELCOME TO PROFESS                   
            (PRinceton Orbital-Free Electronic Structure Software) 
 ******************************************************************************

 ------------------------------------------------------------------------------
                           READ GEOMETRY
 Cell length (Bohr)    5.489E+00   5.489E+00   5.489E+00
 Angle     (Degree)    9.000E+01   9.000E+01   9.000E+01
 Volume    (Bohr^3)    1.654E+02

 ------------------------------------------------------------------------------
                           READ PSEUDOPOTENTIAL
 Total electron number in ReadPseudo is    2.0000000000000000     
 (System) Machine Precision              :    2.2204460492503131E-016

 ------------------------------------------------------------------------------
                           SETUP FFT
 Global FFT Dimension :    14   14   14
 Rank/Size in Global Communicator     :            0 /           1
 Rank/Size in Global FFT Communicator :            0 /           1
 Parallel FFT, totX    =    14
 Parallel FFT, totY    =    14
 Parallel FFT, locZ    =    14
 Parallel FFT, locZoff =     0
 Dimension of rho for this processor : 
 xmin, xmax :            0          13
 ymin, ymax :            0          13
 zmin, zmax :            0          13
 Total electron number =    2.0000000000000000     
 Uniform rhoR =    1.2090198643138064E-002
 (GB INFO) FFT size      :       14      14      14
 (GB INFO) FFT offset    :        0
 (GB INFO) FFT G size    :        8      14      14
 (GB INFO) FFT G offset  :        0

 ------------------------------------------------------------------------------
                           SETUP KEDF
 kinetic energy density functional number is            4
 ( 1=TF, 2=VW, 3=TF+VW, 4=WT,  5=WGC,  
   7=LQ, 8=HQ, 10=CAT,  11=HC, 12=WGCD,
   15=GGA, 16=WGCD+GGA, 17=EVT, 18=EVC )
 qTable dimension:     8   14   14
 Coefficient for TF KEDF is     1.0000
 Coefficient for VW KEDF is     1.0000
 Coefficient for alpha in WT KEDF is     0.8333
 Coefficient for beta  in WT KEDF is     0.8333
 rho0 (Electron/Bohr^3) in WGC KEDF is     0.0121
 hold0 =  F
  dV of each real space grid is now    6.0285442388046104E-002
 Cell length (Bohr)    5.489E+00   5.489E+00   5.489E+00
 Angle     (Degree)    9.000E+01   9.000E+01   9.000E+01
 Volume    (Bohr^3)    1.654E+02

 ------------------------------------------------------------------------------
                           SETUP EWALD 
 (Ewald) eta                             :   0.7449    
 (Ewald) Real Space Cutoff               :    6.328     (Bohr)
 (Ewald) Reciprocal Cutoff               :    7.440     (1/Bohr)

 ------------------------------------------------------------------------------
                           SETUP PLANE WAVE 
 Read in WT kernel.
 kernel file name  : 11PROFESS_KERNEL.dat          
 KEDF type         :     4
 Fermi vector      :   1.182014212099E+00
 Reference density :  -1.000000000000E+00
 Mesh points       :   200002
 Fermi vector in this cell is    1.4200865294293319     
 Fermi vector from kernel file is    1.1820142120987149     
 First qNorm is    0.0000000000000000     
 size of Wang-Teter kernel in this run is            8          14          14
 Max |G| in this calculation is   1.387734385109E+01
 Max eta used from kernel is   9.772181880121E+00

 ------------------------------------------------------------------------------
                           REFRESH ION POSITIONS
  
 Calculating Ion-Ion Energy ...                   complete.     0.000 s
  
 Calculating Ion-Electron Potential (spline) ... 
 complete.     0.000 s

 ------------------------------------------------------------------------------
                           DENSITY OPTIMIZATION
 Electron number for spin            1  is    1.9999999999998530     
 Cell Volume      :            24.513197 Angstrom^3
 Ion number       :                    1
 Electron number  :             2.000000
 Ion density      :             0.040794 Ion/Angstrom^3
 Electron density :             0.081589 Electron/Angstrom^3
##############################################################################
#                               FINAL ENERGIES                       time    #
##############################################################################
# Thomas-Fermi Kin. Energy =   8.428187611534E+00 eV                 0.000 s #
# Von-Weizsacker Kin. Ener =   1.096494337834E+00 eV                 0.000 s #
# Wang-Teter Kinetic Energ =  -3.199970578533E-01 eV                 0.000 s #
#                                                                            #
#     LDA Exch-Corr Energy =  -1.145712553801E+01 eV                 0.000 s #
#         Coulombic Energy =   6.360725137462E-02 eV                 0.000 s #
#      Ion-Electron Energy =   6.046501474272E+00 eV                 0.000 s #
#           Ion-Ion Energy =  -2.812893590029E+01 eV                 0.000 s #
#                                                                            #
#     TOTAL KINETIC ENERGY =   9.204684891515E+00 eV                         #
#   TOTAL POTENTIAL ENERGY =  -3.347595271265E+01 eV                         #
#             TOTAL ENERGY =  -2.427126782114E+01 eV                         #
##############################################################################
  
 ----------------------------- TIME INFORMATION ------------------------------
    PROFESS      :      0.42s WALL    100.00% (       1 calls)     0.42s/call
    InitPROFESS  :      0.25s WALL     59.41% (       1 calls)     0.25s/call
    KEDFRefresh  :      0.22s WALL     52.89% (       1 calls)     0.22s/call
    IonRefresh   :      0.00s WALL      0.12% (       1 calls)     0.00s/call
    EwaldEnergy  :      0.00s WALL      0.06% (       1 calls)     0.00s/call
    Pot_Ion      :      0.00s WALL      0.03% (      55 calls)     0.00s/call
    Pot_Har      :      0.00s WALL      0.60% (      55 calls)     0.00s/call
    Pot_Exc      :      0.02s WALL      3.77% (      55 calls)     0.00s/call
    Pot_KEDF     :      0.06s WALL     15.12% (      55 calls)     0.00s/call
    VWPotSqrPlus :      0.00s WALL      0.57% (      55 calls)     0.00s/call
    NextGradient :      0.00s WALL      0.04% (       6 calls)     0.00s/call
 -----------------------------------------------------------------------------
 ------------------------------- TOTAL ---------------------------------------
    PROFESS      :      0.42s WALL    100.00% (       1 calls)     0.42s/call
 -----------------------------------------------------------------------------

Run completed on: 08/19/2021 at 16:13:12 
  
