 ******************************************************************************
                             WELCOME TO PROFESS                   
            (PRinceton Orbital-Free Electronic Structure Software) 
 ******************************************************************************

 ------------------------------------------------------------------------------
                           READ GEOMETRY
 Cell length (Bohr)    5.219E+00   5.219E+00   8.312E+00
 Angle     (Degree)    9.000E+01   9.000E+01   1.200E+02
 Volume    (Bohr^3)    1.961E+02

 ------------------------------------------------------------------------------
                           READ PSEUDOPOTENTIAL
 Total electron number in ReadPseudo is    8.0000000000000000     
 (System) Machine Precision              :    2.2204460492503131E-016

 ------------------------------------------------------------------------------
                           SETUP FFT
 Global FFT Dimension :    25   25   45
 Dimension of rho for this processor : 
 xmin, xmax :            0          24
 ymin, ymax :            0          24
 zmin, zmax :            0          44
 Total electron number =    8.0000000000000000     
 Uniform rhoR =    4.0802105494773352E-002
 (GB INFO) FFT size      :       25      25      45
 (GB INFO) FFT offset    :        0
 (GB INFO) FFT G size    :       13      25      45
 (GB INFO) FFT G offset  :        0

 ------------------------------------------------------------------------------
                           SETUP KEDF
 kinetic energy density functional number is           11
 ( 1=TF, 2=VW, 3=TF+VW, 4=WT,  5=WGC,  
   7=LQ, 8=HQ, 10=CAT,  11=HC, 12=WGCD,
   15=GGA, 16=WGCD+GGA, 17=EVT, 18=EVC )
 qTable dimension:    13   25   45
 rhoS=   4.0802105494773352E-002
 rho0=   4.0802105494773352E-002
 coefficients for TF KEDF is     1.000000
 coefficients for VW KEDF is     1.000000
 Lambda in HC10 is set to     0.000000
 ALPHA  in HC10 is set to     2.016667
 BETA   in HC10 is set to     0.650000
 Sum of alpha and beta is     2.666667
  dV of each real space grid is now    6.9713178032168232E-003
 Cell length (Bohr)    5.219E+00   5.219E+00   8.312E+00
 Angle     (Degree)    9.000E+01   9.000E+01   1.200E+02
 Volume    (Bohr^3)    1.961E+02

 ------------------------------------------------------------------------------
                           SETUP EWALD 
 (Ewald) eta                             :    1.200    
 (Ewald) Real Space Cutoff               :    6.000     (Bohr)
 (Ewald) Reciprocal Cutoff               :    14.45     (1/Bohr)

 ------------------------------------------------------------------------------
                           SETUP PLANE WAVE 

 ------------------------------------------------------------------------------
                           REFRESH ION POSITIONS
  
 Calculating Ion-Ion Energy ...                   complete.     0.002 s
  
 Calculating Ion-Electron Potential (spline) ... 
 complete.     0.003 s

 ------------------------------------------------------------------------------
                           DENSITY OPTIMIZATION
 Electron number for spin            1  is    8.0000000000006342     
 Cell Volume      :            29.054326 Angstrom^3
 Ion number       :                    2
 Electron number  :             8.000000
 Ion density      :             0.068837 Ion/Angstrom^3
 Electron density :             0.275346 Electron/Angstrom^3
 Print density file to hcp/Si.den                                        
##############################################################################
#                               FINAL ENERGIES                       time    #
##############################################################################
# Thomas-Fermi Kin. Energy =   7.645768268142E+01 eV                 0.000 s #
# Von-Weizsacker Kin. Ener =   8.724420351164E+00 eV                 0.000 s #
#                                                                            #
# GGA(PBE) Exch-Cor Energy =  -6.641970571979E+01 eV                 0.000 s #
#         Coulombic Energy =   8.623557967570E-01 eV                 0.000 s #
#      Ion-Electron Energy =   4.033088970920E+01 eV                 0.000 s #
#           Ion-Ion Energy =  -2.726834020850E+02 eV                 0.000 s #
#                                                                            #
#     TOTAL KINETIC ENERGY =   8.145788681746E+01 eV                         #
#   TOTAL POTENTIAL ENERGY =  -2.979098622989E+02 eV                         #
#             TOTAL ENERGY =  -2.164519754814E+02 eV                         #
##############################################################################
  
 ----------------------------- TIME INFORMATION ------------------------------
    PROFESS      :      3.00s WALL    100.00% (       1 calls)     3.00s/call
    InitPROFESS  :      0.03s WALL      0.87% (       1 calls)     0.03s/call
    KEDFRefresh  :      0.00s WALL      0.03% (       1 calls)     0.00s/call
    IonRefresh   :      0.01s WALL      0.18% (       1 calls)     0.01s/call
    EwaldEnergy  :      0.00s WALL      0.08% (       1 calls)     0.00s/call
    ForwFFT_3D   :      0.81s WALL     27.12% (    3799 calls)     0.00s/call
    BackFFT_3D   :      0.56s WALL     18.69% (    2990 calls)     0.00s/call
    Pot_Ion      :      0.00s WALL      0.13% (     115 calls)     0.00s/call
    Pot_Har      :      0.05s WALL      1.79% (     115 calls)     0.00s/call
    Pot_Exc      :      0.48s WALL     16.09% (     115 calls)     0.00s/call
    PBEPot       :      0.48s WALL     15.96% (     115 calls)     0.00s/call
    Pot_KEDF     :      2.36s WALL     78.83% (     115 calls)     0.02s/call
    intPot       :      2.22s WALL     74.01% (     115 calls)     0.02s/call
    MakeXiG      :      0.06s WALL      1.97% (     115 calls)     0.00s/call
    VWPotSqrPlus :      0.05s WALL      1.66% (     115 calls)     0.00s/call
    intPot1      :      0.58s WALL     19.43% (     633 calls)     0.00s/call
    MakeHC10Kern :      0.14s WALL      4.58% (     747 calls)     0.00s/call
    intPot2      :      0.20s WALL      6.55% (     633 calls)     0.00s/call
    intPot3      :      0.64s WALL     21.43% (     633 calls)     0.00s/call
    intPot4      :      0.10s WALL      3.46% (     633 calls)     0.00s/call
    NextGradient :      0.00s WALL      0.05% (       7 calls)     0.00s/call
 -----------------------------------------------------------------------------
 ------------------------------- TOTAL ---------------------------------------
    PROFESS      :      3.00s WALL    100.00% (       1 calls)     3.00s/call
 -----------------------------------------------------------------------------

Run completed on: 07/31/2024 at 19:49:13 
  
