 ******************************************************************************
                             WELCOME TO PROFESS                   
            (PRinceton Orbital-Free Electronic Structure Software) 
 ******************************************************************************

 ------------------------------------------------------------------------------
                           READ GEOMETRY
 Cell length (Bohr)    5.084E+01   5.084E+01   5.084E+01
 Angle     (Degree)    9.000E+01   9.000E+01   9.000E+01
 Volume    (Bohr^3)    1.314E+05

 ------------------------------------------------------------------------------
                           READ PSEUDOPOTENTIAL
 Total electron number in ReadPseudo is    3996.0000000000000     
 (System) Machine Precision              :    2.2204460492503131E-016

 ------------------------------------------------------------------------------
                           SETUP FFT
 Global FFT Dimension :   140  140  140
 Rank/Size in Global Communicator     :            0 /           1
 Rank/Size in Global FFT Communicator :            0 /           1
 Parallel FFT, totX    =   140
 Parallel FFT, totY    =   140
 Parallel FFT, locZ    =   140
 Parallel FFT, locZoff =     0
 Dimension of rho for this processor : 
 xmin, xmax :            0         139
 ymin, ymax :            0         139
 zmin, zmax :            0         139
 Total electron number =    3996.0000000000000     
 Uniform rhoR =    3.0412695353047570E-002
 (GB INFO) FFT size      :      140     140     140
 (GB INFO) FFT offset    :        0
 (GB INFO) FFT G size    :       71     140     140
 (GB INFO) FFT G offset  :        0

 ------------------------------------------------------------------------------
                           SETUP KEDF
 kinetic energy density functional number is            4
 ( 1=TF, 2=VW, 3=TF+VW, 4=WT,  5=WGC,  
   7=LQ, 8=HQ, 10=CAT,  11=HC, 12=WGCD,
   15=GGA, 16=WGCD+GGA, 17=EVT, 18=EVC )
 qTable dimension:    71  140  140
 Coefficient for TF KEDF is     1.0000
 Coefficient for VW KEDF is     1.0000
 Coefficient for alpha in WT KEDF is     0.8333
 Coefficient for beta  in WT KEDF is     0.8333
 rho0 (Electron/Bohr^3) in WGC KEDF is     0.0304
 hold0 =  F
  dV of each real space grid is now    4.7883563251108409E-002
 Cell length (Bohr)    5.084E+01   5.084E+01   5.084E+01
 Angle     (Degree)    9.000E+01   9.000E+01   9.000E+01
 Volume    (Bohr^3)    1.314E+05

 ------------------------------------------------------------------------------
                           SETUP EWALD 
 (Ewald) eta                             :   0.6814    
 (Ewald) Real Space Cutoff               :    8.138     (Bohr)
 (Ewald) Reciprocal Cutoff               :    8.590     (1/Bohr)

 ------------------------------------------------------------------------------
                           SETUP PLANE WAVE 
 Read in WT kernel.
 kernel file name  : 7PROFESS_KERNEL.dat           
 KEDF type         :     4
 Fermi vector      :   1.182014212099E+00
 Reference density :  -1.000000000000E+00
 Mesh points       :   200002
 Fermi vector in this cell is    1.9313247212554483     
 Fermi vector from kernel file is    1.1820142120987149     
 First qNorm is    0.0000000000000000     
 size of Wang-Teter kernel in this run is           71         140         140
 Max |G| in this calculation is   1.498471013724E+01
 Max eta used from kernel is   7.758773018502E+00

 ------------------------------------------------------------------------------
                           REFRESH ION POSITIONS
  
 Calculating Ion-Ion Energy ...                   complete.     0.430 s
  
 Calculating Ion-Electron Potential (spline) ... 
 complete.     0.247 s

 ------------------------------------------------------------------------------
                           DENSITY OPTIMIZATION
 Electron number for spin            1  is    3996.0000002178576     
 Cell Volume      :         19470.359087 Angstrom^3
 Ion number       :                  999
 Electron number  :          3996.000000
 Ion density      :             0.051309 Ion/Angstrom^3
 Electron density :             0.205235 Electron/Angstrom^3
##############################################################################
#                               FINAL ENERGIES                       time    #
##############################################################################
# Thomas-Fermi Kin. Energy =   3.844701565828E+04 eV                 0.000 s #
# Von-Weizsacker Kin. Ener =   1.177147807841E+04 eV                 0.000 s #
# Wang-Teter Kinetic Energ =  -9.246673498298E+03 eV                 0.000 s #
#                                                                            #
#     LDA Exch-Corr Energy =  -3.275758907183E+04 eV                 0.000 s #
#         Coulombic Energy =   7.206426046527E+03 eV                 0.000 s #
#      Ion-Electron Energy =  -9.776696652364E+03 eV                 0.000 s #
#           Ion-Ion Energy =  -1.151138284600E+05 eV                 0.000 s #
#                                                                            #
#     TOTAL KINETIC ENERGY =   4.097182023839E+04 eV                         #
#   TOTAL POTENTIAL ENERGY =  -1.504416881377E+05 eV                         #
#             TOTAL ENERGY =  -1.094698678993E+05 eV                         #
##############################################################################
  
 ----------------------------- TIME INFORMATION ------------------------------
    PROFESS      :    228.49s WALL    100.00% (       1 calls)   228.49s/call
    InitPROFESS  :      1.30s WALL      0.57% (       1 calls)     1.30s/call
    KEDFRefresh  :      0.49s WALL      0.21% (       1 calls)     0.49s/call
    IonRefresh   :      0.76s WALL      0.33% (       1 calls)     0.76s/call
    EwaldEnergy  :      0.43s WALL      0.19% (       1 calls)     0.43s/call
    Pot_Ion      :      0.52s WALL      0.23% (     126 calls)     0.00s/call
    Pot_Har      :     15.48s WALL      6.77% (     126 calls)     0.12s/call
    Pot_Exc      :     32.37s WALL     14.17% (     126 calls)     0.26s/call
    Pot_KEDF     :    168.14s WALL     73.59% (     126 calls)     1.33s/call
    VWPotSqrPlus :     15.49s WALL      6.78% (     126 calls)     0.12s/call
    NextGradient :      0.48s WALL      0.21% (      11 calls)     0.04s/call
 -----------------------------------------------------------------------------
 ------------------------------- TOTAL ---------------------------------------
    PROFESS      :    228.49s WALL    100.00% (       1 calls)   228.49s/call
 -----------------------------------------------------------------------------

Run completed on: 11/28/2022 at 19:59:15 
  
