 ******************************************************************************
                             WELCOME TO PROFESS                   
            (PRinceton Orbital-Free Electronic Structure Software) 
 ******************************************************************************

 ------------------------------------------------------------------------------
                           READ GEOMETRY
 Cell length (Bohr)    8.736E+00   8.736E+00   8.736E+00
 Angle     (Degree)    6.000E+01   6.000E+01   6.000E+01
 Volume    (Bohr^3)    4.714E+02

 ------------------------------------------------------------------------------
                           READ PSEUDOPOTENTIAL
 Total electron number in ReadPseudo is    8.0000000000000000     
 (System) Machine Precision              :    2.2204460492503131E-016

 ------------------------------------------------------------------------------
                           SETUP FFT
 Global FFT Dimension :    45   45   45
 Dimension of rho for this processor : 
 xmin, xmax :            0          44
 ymin, ymax :            0          44
 zmin, zmax :            0          44
 Total electron number =    8.0000000000000000     
 Uniform rhoR =    1.6968962893981806E-002
 (GB INFO) FFT size      :       45      45      45
 (GB INFO) FFT offset    :        0
 (GB INFO) FFT G size    :       23      45      45
 (GB INFO) FFT G offset  :        0

 ------------------------------------------------------------------------------
                           SETUP KEDF
 kinetic energy density functional number is           11
 ( 1=TF, 2=VW, 3=TF+VW, 4=WT,  5=WGC,  
   7=LQ, 8=HQ, 10=CAT,  11=HC, 12=WGCD,
   15=GGA, 16=WGCD+GGA, 17=EVT, 18=EVC )
 qTable dimension:    23   45   45
 rhoS=   1.6968962893981806E-002
 rho0=   1.6968962893981806E-002
 coefficients for TF KEDF is     1.000000
 coefficients for VW KEDF is     1.000000
 Lambda in HC10 is set to     0.014200
 ALPHA  in HC10 is set to     1.791667
 BETA   in HC10 is set to     0.875000
 Sum of alpha and beta is     2.666667
  dV of each real space grid is now    5.1736511976249672E-003
 Cell length (Bohr)    8.736E+00   8.736E+00   8.736E+00
 Angle     (Degree)    6.000E+01   6.000E+01   6.000E+01
 Volume    (Bohr^3)    4.714E+02

 ------------------------------------------------------------------------------
                           SETUP EWALD 
 (Ewald) eta                             :    1.200    
 (Ewald) Real Space Cutoff               :    6.000     (Bohr)
 (Ewald) Reciprocal Cutoff               :    15.82     (1/Bohr)

 ------------------------------------------------------------------------------
                           SETUP PLANE WAVE 

 ------------------------------------------------------------------------------
                           REFRESH ION POSITIONS
  
 Calculating Ion-Ion Energy ...                   complete.     0.021 s
  
 Calculating Ion-Electron Potential (spline) ... 
 complete.     0.063 s

 ------------------------------------------------------------------------------
                           DENSITY OPTIMIZATION
 Electron number for spin            1  is    8.0000000000058389     
 Cell Volume      :            69.861528 Angstrom^3
 Ion number       :                    2
 Electron number  :             8.000000
 Ion density      :             0.028628 Ion/Angstrom^3
 Electron density :             0.114512 Electron/Angstrom^3
##############################################################################
#                               FINAL ENERGIES                       time    #
##############################################################################
# Thomas-Fermi Kin. Energy =   6.287616230463E+01 eV                 0.000 s #
# Von-Weizsacker Kin. Ener =   2.377253875537E+01 eV                 0.000 s #
#                                                                            #
# GGA(PBE) Exch-Cor Energy =  -5.954899525982E+01 eV                 0.000 s #
#         Coulombic Energy =   2.699819501952E+01 eV                 0.000 s #
#      Ion-Electron Energy =  -6.194394366846E+01 eV                 0.000 s #
#           Ion-Ion Energy =  -1.981640932483E+02 eV                 0.000 s #
#                                                                            #
#     TOTAL KINETIC ENERGY =   6.780906267756E+01 eV                         #
#   TOTAL POTENTIAL ENERGY =  -2.926588371570E+02 eV                         #
#             TOTAL ENERGY =  -2.248497744795E+02 eV                         #
##############################################################################
  
 ----------------------------- TIME INFORMATION ------------------------------
    PROFESS      :   3261.12s WALL    100.00% (       1 calls)  3261.12s/call
    InitPROFESS  :      0.15s WALL      0.00% (       1 calls)     0.15s/call
    KEDFRefresh  :      0.01s WALL      0.00% (       1 calls)     0.01s/call
    IonRefresh   :      0.10s WALL      0.00% (       1 calls)     0.10s/call
    EwaldEnergy  :      0.02s WALL      0.00% (       1 calls)     0.02s/call
    ForwFFT_3D   :    746.32s WALL     22.89% (  137354 calls)     0.01s/call
    BackFFT_3D   :    413.17s WALL     12.67% (   85100 calls)     0.00s/call
    Pot_Ion      :      1.34s WALL      0.04% (    1729 calls)     0.00s/call
    Pot_Har      :     13.70s WALL      0.42% (    1729 calls)     0.01s/call
    Pot_Exc      :    228.41s WALL      7.00% (    1729 calls)     0.13s/call
    PBEPot       :    226.78s WALL      6.95% (    1729 calls)     0.13s/call
    Pot_KEDF     :   2998.63s WALL     91.95% (    1729 calls)     1.73s/call
    intPot       :   2969.33s WALL     91.05% (    1729 calls)     1.72s/call
    MakeXiG      :     10.38s WALL      0.32% (    1729 calls)     0.01s/call
    VWPotSqrPlus :     12.04s WALL      0.37% (    1729 calls)     0.01s/call
    intPot1      :    888.38s WALL     27.24% (   29583 calls)     0.03s/call
    MakeHC10Kern :     61.78s WALL      1.89% (   31311 calls)     0.00s/call
    intPot2      :    548.27s WALL     16.81% (   29583 calls)     0.02s/call
    intPot3      :   1035.32s WALL     31.75% (   29583 calls)     0.03s/call
    intPot4      :    349.84s WALL     10.73% (   29583 calls)     0.01s/call
    NextGradient :      1.17s WALL      0.04% (     167 calls)     0.01s/call
 -----------------------------------------------------------------------------
 ------------------------------- TOTAL ---------------------------------------
    PROFESS      :   3261.12s WALL    100.00% (       1 calls)  3261.12s/call
 -----------------------------------------------------------------------------

Run completed on: 07/31/2024 at 04:47:02 
  
