 ******************************************************************************
                             WELCOME TO PROFESS                   
            (PRinceton Orbital-Free Electronic Structure Software) 
 ******************************************************************************

 ------------------------------------------------------------------------------
                           READ GEOMETRY
 Cell length (Bohr)    5.304E+00   5.304E+00   9.528E+01
 Angle     (Degree)    9.000E+01   9.000E+01   6.000E+01
 Volume    (Bohr^3)    2.321E+03

 ------------------------------------------------------------------------------
                           READ PSEUDOPOTENTIAL
 Total electron number in ReadPseudo is    66.000000000000000     
 (System) Machine Precision              :    2.2204460492503131E-016

 ------------------------------------------------------------------------------
                           SETUP FFT
 Global FFT Dimension :    14   14  240
 Rank/Size in Global Communicator     :            0 /           1
 Rank/Size in Global FFT Communicator :            0 /           1
 Parallel FFT, totX    =    14
 Parallel FFT, totY    =    14
 Parallel FFT, locZ    =   240
 Parallel FFT, locZoff =     0
 Dimension of rho for this processor : 
 xmin, xmax :            0          13
 ymin, ymax :            0          13
 zmin, zmax :            0         239
 Total electron number =    66.000000000000000     
 Uniform rhoR =    2.8430529462092943E-002
 (GB INFO) FFT size      :       14      14     240
 (GB INFO) FFT offset    :        0
 (GB INFO) FFT G size    :        8      14     240
 (GB INFO) FFT G offset  :        0

 ------------------------------------------------------------------------------
                           SETUP KEDF
 kinetic energy density functional number is            4
 ( 1=TF, 2=VW, 3=TF+VW, 4=WT,  5=WGC,  
   7=LQ, 8=HQ, 10=CAT,  11=HC, 12=WGCD,
   15=GGA, 16=WGCD+GGA, 17=EVT, 18=EVC )
 qTable dimension:     8   14  240
 Coefficient for TF KEDF is     1.0000
 Coefficient for VW KEDF is     1.0000
 Coefficient for alpha in WT KEDF is     0.8333
 Coefficient for beta  in WT KEDF is     0.8333
 rho0 (Electron/Bohr^3) in WGC KEDF is     0.0284
 hold0 =  F
  dV of each real space grid is now    4.9350513375437791E-002
 Cell length (Bohr)    5.304E+00   5.304E+00   9.528E+01
 Angle     (Degree)    9.000E+01   9.000E+01   6.000E+01
 Volume    (Bohr^3)    2.321E+03

 ------------------------------------------------------------------------------
                           SETUP EWALD 
 (Ewald) eta                             :   0.6814    
 (Ewald) Real Space Cutoff               :    7.577     (Bohr)
 (Ewald) Reciprocal Cutoff               :    7.700     (1/Bohr)

 ------------------------------------------------------------------------------
                           SETUP PLANE WAVE 
 Read in WT kernel.
 kernel file name  : 5PROFESS_KERNEL.dat           
 KEDF type         :     4
 Fermi vector      :   1.182014212099E+00
 Reference density :  -1.000000000000E+00
 Mesh points       :   200002
 Fermi vector in this cell is    1.8884202329566311     
 Fermi vector from kernel file is    1.1820142120987149     
 First qNorm is    0.0000000000000000     
 size of Wang-Teter kernel in this run is            8          14         240
 Max |G| in this calculation is   1.732728485729E+01
 Max eta used from kernel is   9.175545016356E+00

 ------------------------------------------------------------------------------
                           REFRESH ION POSITIONS
  
 Calculating Ion-Ion Energy ...                   complete.     0.008 s
  
 Calculating Ion-Electron Potential (spline) ... 
 complete.     0.006 s

 ------------------------------------------------------------------------------
                           DENSITY OPTIMIZATION
 Electron number for spin            1  is    66.000000000022311     
 Cell Volume      :           344.003120 Angstrom^3
 Ion number       :                   22
 Electron number  :            66.000000
 Ion density      :             0.063953 Ion/Angstrom^3
 Electron density :             0.191859 Electron/Angstrom^3
  
 Calculating Ion-Ion Forces ...                complete.     0.007 s
  
 Calculating Ion-Electron Forces (spline) ...  complete.     0.005 s
  ------ ION (GRADIENT METHOD) STEP            1  ------

 ------------------------------------------------------------------------------
                           REFRESH ION POSITIONS
  
 Calculating Ion-Ion Energy ...                   complete.     0.005 s
  
 Calculating Ion-Electron Potential (spline) ... 
 complete.     0.008 s

 ------------------------------------------------------------------------------
                           DENSITY OPTIMIZATION
 Electron number for spin            1  is    65.999999999999886     
 Cell Volume      :           344.003120 Angstrom^3
 Ion number       :                   22
 Electron number  :            66.000000
 Ion density      :             0.063953 Ion/Angstrom^3
 Electron density :             0.191859 Electron/Angstrom^3
  
 Calculating Ion-Ion Forces ...                complete.     0.008 s
  
 Calculating Ion-Electron Forces (spline) ...  complete.     0.004 s

 ------------------------------------------------------------------------------
                           REFRESH ION POSITIONS
  
 Calculating Ion-Ion Energy ...                   complete.     0.005 s
  
 Calculating Ion-Electron Potential (spline) ... 
 complete.     0.006 s

 ------------------------------------------------------------------------------
                           DENSITY OPTIMIZATION
 Electron number for spin            1  is    66.000000000000227     
 Cell Volume      :           344.003120 Angstrom^3
 Ion number       :                   22
 Electron number  :            66.000000
 Ion density      :             0.063953 Ion/Angstrom^3
 Electron density :             0.191859 Electron/Angstrom^3
  
 Calculating Ion-Ion Forces ...                complete.     0.008 s
  
 Calculating Ion-Electron Forces (spline) ...  complete.     0.004 s
  ------ ION (GRADIENT METHOD) STEP            2  ------

 ------------------------------------------------------------------------------
                           REFRESH ION POSITIONS
  
 Calculating Ion-Ion Energy ...                   complete.     0.006 s
  
 Calculating Ion-Electron Potential (spline) ... 
 complete.     0.006 s

 ------------------------------------------------------------------------------
                           DENSITY OPTIMIZATION
 Electron number for spin            1  is    66.000000000000085     
 Cell Volume      :           344.003120 Angstrom^3
 Ion number       :                   22
 Electron number  :            66.000000
 Ion density      :             0.063953 Ion/Angstrom^3
 Electron density :             0.191859 Electron/Angstrom^3
  
 Calculating Ion-Ion Forces ...                complete.     0.009 s
  
 Calculating Ion-Electron Forces (spline) ...  complete.     0.004 s

 ------------------------------------------------------------------------------
                           REFRESH ION POSITIONS
  
 Calculating Ion-Ion Energy ...                   complete.     0.005 s
  
 Calculating Ion-Electron Potential (spline) ... 
 complete.     0.006 s

 ------------------------------------------------------------------------------
                           DENSITY OPTIMIZATION
 Electron number for spin            1  is    66.000000000001137     
 Cell Volume      :           344.003120 Angstrom^3
 Ion number       :                   22
 Electron number  :            66.000000
 Ion density      :             0.063953 Ion/Angstrom^3
 Electron density :             0.191859 Electron/Angstrom^3
  
 Calculating Ion-Ion Forces ...                complete.     0.008 s
  
 Calculating Ion-Electron Forces (spline) ...  complete.     0.004 s
  ------ ION (GRADIENT METHOD) STEP            3  ------

 ------------------------------------------------------------------------------
                           REFRESH ION POSITIONS
  
 Calculating Ion-Ion Energy ...                   complete.     0.006 s
  
 Calculating Ion-Electron Potential (spline) ... 
 complete.     0.006 s

 ------------------------------------------------------------------------------
                           DENSITY OPTIMIZATION
 Electron number for spin            1  is    66.000000000000256     
 Cell Volume      :           344.003120 Angstrom^3
 Ion number       :                   22
 Electron number  :            66.000000
 Ion density      :             0.063953 Ion/Angstrom^3
 Electron density :             0.191859 Electron/Angstrom^3
  
 Calculating Ion-Ion Forces ...                complete.     0.008 s
  
 Calculating Ion-Electron Forces (spline) ...  complete.     0.005 s

 ------------------------------------------------------------------------------
                           REFRESH ION POSITIONS
  
 Calculating Ion-Ion Energy ...                   complete.     0.005 s
  
 Calculating Ion-Electron Potential (spline) ... 
 complete.     0.006 s

 ------------------------------------------------------------------------------
                           DENSITY OPTIMIZATION
 Electron number for spin            1  is    66.000000000000554     
 Cell Volume      :           344.003120 Angstrom^3
 Ion number       :                   22
 Electron number  :            66.000000
 Ion density      :             0.063953 Ion/Angstrom^3
 Electron density :             0.191859 Electron/Angstrom^3
  
 Calculating Ion-Ion Forces ...                complete.     0.008 s
  
 Calculating Ion-Electron Forces (spline) ...  complete.     0.004 s
  ------ ION (GRADIENT METHOD) STEP            4  ------

 ------------------------------------------------------------------------------
                           REFRESH ION POSITIONS
  
 Calculating Ion-Ion Energy ...                   complete.     0.006 s
  
 Calculating Ion-Electron Potential (spline) ... 
 complete.     0.006 s

 ------------------------------------------------------------------------------
                           DENSITY OPTIMIZATION
 Electron number for spin            1  is    65.999999999999872     
 Cell Volume      :           344.003120 Angstrom^3
 Ion number       :                   22
 Electron number  :            66.000000
 Ion density      :             0.063953 Ion/Angstrom^3
 Electron density :             0.191859 Electron/Angstrom^3
  
 Calculating Ion-Ion Forces ...                complete.     0.008 s
  
 Calculating Ion-Electron Forces (spline) ...  complete.     0.005 s

 ------------------------------------------------------------------------------
                           REFRESH ION POSITIONS
  
 Calculating Ion-Ion Energy ...                   complete.     0.005 s
  
 Calculating Ion-Electron Potential (spline) ... 
 complete.     0.006 s

 ------------------------------------------------------------------------------
                           DENSITY OPTIMIZATION
 Electron number for spin            1  is    65.999999999999872     
 Cell Volume      :           344.003120 Angstrom^3
 Ion number       :                   22
 Electron number  :            66.000000
 Ion density      :             0.063953 Ion/Angstrom^3
 Electron density :             0.191859 Electron/Angstrom^3
  
 Calculating Ion-Ion Forces ...                complete.     0.008 s
  
 Calculating Ion-Electron Forces (spline) ...  complete.     0.004 s
  ------ ION (GRADIENT METHOD) STEP            5  ------

 ------------------------------------------------------------------------------
                           REFRESH ION POSITIONS
  
 Calculating Ion-Ion Energy ...                   complete.     0.006 s
  
 Calculating Ion-Electron Potential (spline) ... 
 complete.     0.006 s

 ------------------------------------------------------------------------------
                           DENSITY OPTIMIZATION
 Electron number for spin            1  is    66.000000000000810     
 Cell Volume      :           344.003120 Angstrom^3
 Ion number       :                   22
 Electron number  :            66.000000
 Ion density      :             0.063953 Ion/Angstrom^3
 Electron density :             0.191859 Electron/Angstrom^3
  
 Calculating Ion-Ion Forces ...                complete.     0.008 s
  
 Calculating Ion-Electron Forces (spline) ...  complete.     0.005 s

 ------------------------------------------------------------------------------
                           REFRESH ION POSITIONS
  
 Calculating Ion-Ion Energy ...                   complete.     0.005 s
  
 Calculating Ion-Electron Potential (spline) ... 
 complete.     0.006 s

 ------------------------------------------------------------------------------
                           DENSITY OPTIMIZATION
 Electron number for spin            1  is    66.000000000000767     
 Cell Volume      :           344.003120 Angstrom^3
 Ion number       :                   22
 Electron number  :            66.000000
 Ion density      :             0.063953 Ion/Angstrom^3
 Electron density :             0.191859 Electron/Angstrom^3
  
 Calculating Ion-Ion Forces ...                complete.     0.009 s
  
 Calculating Ion-Electron Forces (spline) ...  complete.     0.004 s
  ------ ION (GRADIENT METHOD) STEP            6  ------

 ------------------------------------------------------------------------------
                           REFRESH ION POSITIONS
  
 Calculating Ion-Ion Energy ...                   complete.     0.005 s
  
 Calculating Ion-Electron Potential (spline) ... 
 complete.     0.007 s

 ------------------------------------------------------------------------------
                           DENSITY OPTIMIZATION
 Electron number for spin            1  is    66.000000000000142     
 Cell Volume      :           344.003120 Angstrom^3
 Ion number       :                   22
 Electron number  :            66.000000
 Ion density      :             0.063953 Ion/Angstrom^3
 Electron density :             0.191859 Electron/Angstrom^3
  
 Calculating Ion-Ion Forces ...                complete.     0.008 s
  
 Calculating Ion-Electron Forces (spline) ...  complete.     0.004 s

 ------------------------------------------------------------------------------
                           REFRESH ION POSITIONS
  
 Calculating Ion-Ion Energy ...                   complete.     0.005 s
  
 Calculating Ion-Electron Potential (spline) ... 
 complete.     0.007 s

 ------------------------------------------------------------------------------
                           DENSITY OPTIMIZATION
 Electron number for spin            1  is    66.000000000001194     
 Cell Volume      :           344.003120 Angstrom^3
 Ion number       :                   22
 Electron number  :            66.000000
 Ion density      :             0.063953 Ion/Angstrom^3
 Electron density :             0.191859 Electron/Angstrom^3
  
 Calculating Ion-Ion Forces ...                complete.     0.008 s
  
 Calculating Ion-Electron Forces (spline) ...  complete.     0.004 s

 ------------------------------------------------------------------------------
                           REFRESH ION POSITIONS
  
 Calculating Ion-Ion Energy ...                   complete.     0.006 s
  
 Calculating Ion-Electron Potential (spline) ... 
 complete.     0.006 s

 ------------------------------------------------------------------------------
                           DENSITY OPTIMIZATION
 Electron number for spin            1  is    66.000000000000540     
 Cell Volume      :           344.003120 Angstrom^3
 Ion number       :                   22
 Electron number  :            66.000000
 Ion density      :             0.063953 Ion/Angstrom^3
 Electron density :             0.191859 Electron/Angstrom^3
  
 Calculating Ion-Ion Forces ...                complete.     0.008 s
  
 Calculating Ion-Electron Forces (spline) ...  complete.     0.004 s
  ------ ION (GRADIENT METHOD) STEP            7  ------

 ------------------------------------------------------------------------------
                           REFRESH ION POSITIONS
  
 Calculating Ion-Ion Energy ...                   complete.     0.005 s
  
 Calculating Ion-Electron Potential (spline) ... 
 complete.     0.006 s

 ------------------------------------------------------------------------------
                           DENSITY OPTIMIZATION
 Electron number for spin            1  is    66.000000000000497     
 Cell Volume      :           344.003120 Angstrom^3
 Ion number       :                   22
 Electron number  :            66.000000
 Ion density      :             0.063953 Ion/Angstrom^3
 Electron density :             0.191859 Electron/Angstrom^3
  
 Calculating Ion-Ion Forces ...                complete.     0.008 s
  
 Calculating Ion-Electron Forces (spline) ...  complete.     0.004 s

 ------------------------------------------------------------------------------
                           REFRESH ION POSITIONS
  
 Calculating Ion-Ion Energy ...                   complete.     0.005 s
  
 Calculating Ion-Electron Potential (spline) ... 
 complete.     0.006 s

 ------------------------------------------------------------------------------
                           DENSITY OPTIMIZATION
 Electron number for spin            1  is    66.000000000001194     
 Cell Volume      :           344.003120 Angstrom^3
 Ion number       :                   22
 Electron number  :            66.000000
 Ion density      :             0.063953 Ion/Angstrom^3
 Electron density :             0.191859 Electron/Angstrom^3
  
 Calculating Ion-Ion Forces ...                complete.     0.008 s
  
 Calculating Ion-Electron Forces (spline) ...  complete.     0.004 s
  ------ ION (GRADIENT METHOD) STEP            8  ------
  
 Calculating Ion-Electron Stress (spline) ...  complete.     0.009 s
  
 Calculating Ion-Ion Stress ...                complete.     0.004 s
  
 ------------------------------------------------------------------------------
                         LATTICE VECTORS (Angstrom)
 LAT 1           2.806844        0.000000        0.000000
 LAT 2           1.403422        2.430798        0.000000
 LAT 3           0.000000        0.000000       50.419123
 ------------------------------------------------------------------------------
                                STRESS (GPa)
 ST_GPa 1       -0.011161        0.010171       -0.000008
 ST_GPa 2        0.010171       -0.022905       -0.000005
 ST_GPa 3       -0.000008       -0.000005       -0.477774
  
 --------------------------------------------------
 STRESS (a.u.)
 --------------------------------------------------
 ST_AU  1  -3.7936561447E-07   3.4571156543E-07  -2.8171148521E-10
 ST_AU  2   3.4571156543E-07  -7.7852135006E-07  -1.7383177129E-10
 ST_AU  3  -2.8171148521E-10  -1.7383177129E-10  -1.6239203967E-05
; Cell optimization at step  1, max(stress):  0.1624E-04, total energy:  -46.832277    ;
  dV of each real space grid is now    4.9352972657485734E-002
 Cell length (Bohr)    5.304E+00   5.304E+00   9.528E+01
 Angle     (Degree)    9.000E+01   9.000E+01   6.000E+01
 Volume    (Bohr^3)    2.322E+03
  dV of each real space grid is now    4.9352972657485734E-002
 Cell length (Bohr)    5.304E+00   5.304E+00   9.528E+01
 Angle     (Degree)    9.000E+01   9.000E+01   6.000E+01
 Volume    (Bohr^3)    2.322E+03

 ------------------------------------------------------------------------------
                           SETUP EWALD 
 (Ewald) eta                             :   0.6814    
 (Ewald) Real Space Cutoff               :    7.577     (Bohr)
 (Ewald) Reciprocal Cutoff               :    7.700     (1/Bohr)

 ------------------------------------------------------------------------------
                           SETUP PLANE WAVE 
 Read in WT kernel.
 kernel file name  : 5PROFESS_KERNEL.dat           
 KEDF type         :     4
 Fermi vector      :   1.182014212099E+00
 Reference density :  -1.000000000000E+00
 Mesh points       :   200002
 Fermi vector in this cell is    1.8883888654768211     
 Fermi vector from kernel file is    1.1820142120987149     
 First qNorm is    0.0000000000000000     
 size of Wang-Teter kernel in this run is            8          14         240
 Max |G| in this calculation is   1.732710476718E+01
 Max eta used from kernel is   9.175602061604E+00

 ------------------------------------------------------------------------------
                           REFRESH ION POSITIONS
  
 Calculating Ion-Ion Energy ...                   complete.     0.007 s
  
 Calculating Ion-Electron Potential (spline) ... 
 complete.     0.007 s
 Rescale the total density from   3.257459 to         66

 ------------------------------------------------------------------------------
                           DENSITY OPTIMIZATION
 Electron number for spin            1  is    65.999999999999858     
 Cell Volume      :           344.020262 Angstrom^3
 Ion number       :                   22
 Electron number  :            66.000000
 Ion density      :             0.063950 Ion/Angstrom^3
 Electron density :             0.191849 Electron/Angstrom^3
  
 Calculating Ion-Ion Forces ...                complete.     0.008 s
  
 Calculating Ion-Electron Forces (spline) ...  complete.     0.004 s
  ------ ION (GRADIENT METHOD) STEP            1  ------
  
 Calculating Ion-Electron Stress (spline) ...  complete.     0.009 s
  
 Calculating Ion-Ion Stress ...                complete.     0.004 s
  
 ------------------------------------------------------------------------------
                         LATTICE VECTORS (Angstrom)
 LAT 1           2.806844        0.000000        0.000000
 LAT 2           1.403422        2.430798        0.000000
 LAT 3           0.000000        0.000000       50.421635
 ------------------------------------------------------------------------------
                                STRESS (GPa)
 ST_GPa 1       -0.007936        0.010142       -0.000008
 ST_GPa 2        0.010142       -0.019646       -0.000005
 ST_GPa 3       -0.000008       -0.000005       -0.471196
  
 --------------------------------------------------
 STRESS (a.u.)
 --------------------------------------------------
 ST_AU  1  -2.6974920968E-07   3.4471031124E-07  -2.8349769191E-10
 ST_AU  2   3.4471031124E-07  -6.6774879165E-07  -1.7486225210E-10
 ST_AU  3  -2.8349769191E-10  -1.7486225210E-10  -1.6015642229E-05
; Cell optimization at step  2, max(stress):  0.1602E-04, total energy:  -46.832279    ;
  dV of each real space grid is now    4.9355883168234971E-002
 Cell length (Bohr)    5.304E+00   5.304E+00   9.529E+01
 Angle     (Degree)    9.000E+01   9.000E+01   6.000E+01
 Volume    (Bohr^3)    2.322E+03
  dV of each real space grid is now    4.9355883168234971E-002
 Cell length (Bohr)    5.304E+00   5.304E+00   9.529E+01
 Angle     (Degree)    9.000E+01   9.000E+01   6.000E+01
 Volume    (Bohr^3)    2.322E+03

 ------------------------------------------------------------------------------
                           SETUP EWALD 
 (Ewald) eta                             :   0.6814    
 (Ewald) Real Space Cutoff               :    7.577     (Bohr)
 (Ewald) Reciprocal Cutoff               :    7.700     (1/Bohr)

 ------------------------------------------------------------------------------
                           SETUP PLANE WAVE 
 Read in WT kernel.
 kernel file name  : 5PROFESS_KERNEL.dat           
 KEDF type         :     4
 Fermi vector      :   1.182014212099E+00
 Reference density :  -1.000000000000E+00
 Mesh points       :   200002
 Fermi vector in this cell is    1.8883517453891454     
 Fermi vector from kernel file is    1.1820142120987149     
 First qNorm is    0.0000000000000000     
 size of Wang-Teter kernel in this run is            8          14         240
 Max |G| in this calculation is   1.732689166652E+01
 Max eta used from kernel is   9.175669580009E+00

 ------------------------------------------------------------------------------
                           REFRESH ION POSITIONS
  
 Calculating Ion-Ion Energy ...                   complete.     0.006 s
  
 Calculating Ion-Electron Potential (spline) ... 
 complete.     0.007 s
 Rescale the total density from   3.257680 to         66

 ------------------------------------------------------------------------------
                           DENSITY OPTIMIZATION
 Electron number for spin            1  is    65.999999999999773     
 Cell Volume      :           344.040550 Angstrom^3
 Ion number       :                   22
 Electron number  :            66.000000
 Ion density      :             0.063946 Ion/Angstrom^3
 Electron density :             0.191838 Electron/Angstrom^3
  
 Calculating Ion-Ion Forces ...                complete.     0.008 s
  
 Calculating Ion-Electron Forces (spline) ...  complete.     0.004 s
  ------ ION (GRADIENT METHOD) STEP            1  ------
  
 Calculating Ion-Electron Stress (spline) ...  complete.     0.009 s
  
 Calculating Ion-Ion Stress ...                complete.     0.004 s
  
 ------------------------------------------------------------------------------
                         LATTICE VECTORS (Angstrom)
 LAT 1           2.806844        0.000000        0.000000
 LAT 2           1.403422        2.430798        0.000000
 LAT 3           0.000000        0.000000       50.424609
 ------------------------------------------------------------------------------
                                STRESS (GPa)
 ST_GPa 1       -0.004091        0.010108       -0.000008
 ST_GPa 2        0.010108       -0.015762       -0.000005
 ST_GPa 3       -0.000008       -0.000005       -0.463475
  
 --------------------------------------------------
 STRESS (a.u.)
 --------------------------------------------------
 ST_AU  1  -1.3905132868E-07   3.4357888989E-07  -2.8341054978E-10
 ST_AU  2   3.4357888989E-07  -5.3574441144E-07  -1.7481567020E-10
 ST_AU  3  -2.8341054978E-10  -1.7481567020E-10  -1.5753208578E-05
; Cell optimization at step  3, max(stress):  0.1575E-04, total energy:  -46.832281    ;
  dV of each real space grid is now    4.9359318550887411E-002
 Cell length (Bohr)    5.304E+00   5.304E+00   9.530E+01
 Angle     (Degree)    9.000E+01   9.000E+01   6.000E+01
 Volume    (Bohr^3)    2.322E+03
  dV of each real space grid is now    4.9359318550887411E-002
 Cell length (Bohr)    5.304E+00   5.304E+00   9.530E+01
 Angle     (Degree)    9.000E+01   9.000E+01   6.000E+01
 Volume    (Bohr^3)    2.322E+03

 ------------------------------------------------------------------------------
                           SETUP EWALD 
 (Ewald) eta                             :   0.6814    
 (Ewald) Real Space Cutoff               :    7.577     (Bohr)
 (Ewald) Reciprocal Cutoff               :    7.700     (1/Bohr)

 ------------------------------------------------------------------------------
                           SETUP PLANE WAVE 
 Read in WT kernel.
 kernel file name  : 5PROFESS_KERNEL.dat           
 KEDF type         :     4
 Fermi vector      :   1.182014212099E+00
 Reference density :  -1.000000000000E+00
 Mesh points       :   200002
 Fermi vector in this cell is    1.8883079349427681     
 Fermi vector from kernel file is    1.1820142120987149     
 First qNorm is    0.0000000000000000     
 size of Wang-Teter kernel in this run is            8          14         240
 Max |G| in this calculation is   1.732664018114E+01
 Max eta used from kernel is   9.175749283530E+00

 ------------------------------------------------------------------------------
                           REFRESH ION POSITIONS
  
 Calculating Ion-Ion Energy ...                   complete.     0.006 s
  
 Calculating Ion-Electron Potential (spline) ... 
 complete.     0.006 s
 Rescale the total density from   3.257942 to         66

 ------------------------------------------------------------------------------
                           DENSITY OPTIMIZATION
 Electron number for spin            1  is    66.000000000000696     
 Cell Volume      :           344.064497 Angstrom^3
 Ion number       :                   22
 Electron number  :            66.000000
 Ion density      :             0.063941 Ion/Angstrom^3
 Electron density :             0.191824 Electron/Angstrom^3
  
 Calculating Ion-Ion Forces ...                complete.     0.009 s
  
 Calculating Ion-Electron Forces (spline) ...  complete.     0.004 s
  ------ ION (GRADIENT METHOD) STEP            1  ------
  
 Calculating Ion-Electron Stress (spline) ...  complete.     0.009 s
  
 Calculating Ion-Ion Stress ...                complete.     0.004 s
  
 ------------------------------------------------------------------------------
                         LATTICE VECTORS (Angstrom)
 LAT 1           2.806844        0.000000        0.000000
 LAT 2           1.403422        2.430798        0.000000
 LAT 3           0.000000        0.000000       50.428118
 ------------------------------------------------------------------------------
                                STRESS (GPa)
 ST_GPa 1        0.000485        0.010070       -0.000008
 ST_GPa 2        0.010070       -0.011141       -0.000005
 ST_GPa 3       -0.000008       -0.000005       -0.454407
  
 --------------------------------------------------
 STRESS (a.u.)
 --------------------------------------------------
 ST_AU  1   1.6482770650E-08   3.4225748274E-07  -2.8328833644E-10
 ST_AU  2   3.4225748274E-07  -3.7868454355E-07  -1.7474162874E-10
 ST_AU  3  -2.8328833644E-10  -1.7474162874E-10  -1.5444982771E-05
; Cell optimization at step  4, max(stress):  0.1544E-04, total energy:  -46.832284    ;
  dV of each real space grid is now    4.9363360350419085E-002
 Cell length (Bohr)    5.304E+00   5.304E+00   9.530E+01
 Angle     (Degree)    9.000E+01   9.000E+01   6.000E+01
 Volume    (Bohr^3)    2.322E+03
  dV of each real space grid is now    4.9363360350419085E-002
 Cell length (Bohr)    5.304E+00   5.304E+00   9.530E+01
 Angle     (Degree)    9.000E+01   9.000E+01   6.000E+01
 Volume    (Bohr^3)    2.322E+03

 ------------------------------------------------------------------------------
                           SETUP EWALD 
 (Ewald) eta                             :   0.6814    
 (Ewald) Real Space Cutoff               :    7.577     (Bohr)
 (Ewald) Reciprocal Cutoff               :    7.700     (1/Bohr)

 ------------------------------------------------------------------------------
                           SETUP PLANE WAVE 
 Read in WT kernel.
 kernel file name  : 5PROFESS_KERNEL.dat           
 KEDF type         :     4
 Fermi vector      :   1.182014212099E+00
 Reference density :  -1.000000000000E+00
 Mesh points       :   200002
 Fermi vector in this cell is    1.8882563962415544     
 Fermi vector from kernel file is    1.1820142120987149     
 First qNorm is    0.0000000000000000     
 size of Wang-Teter kernel in this run is            8          14         240
 Max |G| in this calculation is   1.732634436587E+01
 Max eta used from kernel is   9.175843068957E+00

 ------------------------------------------------------------------------------
                           REFRESH ION POSITIONS
  
 Calculating Ion-Ion Energy ...                   complete.     0.006 s
  
 Calculating Ion-Electron Potential (spline) ... 
 complete.     0.006 s
 Rescale the total density from   3.258249 to         66

 ------------------------------------------------------------------------------
                           DENSITY OPTIMIZATION
 Electron number for spin            1  is    65.999999999999829     
 Cell Volume      :           344.092671 Angstrom^3
 Ion number       :                   22
 Electron number  :            66.000000
 Ion density      :             0.063936 Ion/Angstrom^3
 Electron density :             0.191809 Electron/Angstrom^3
  
 Calculating Ion-Ion Forces ...                complete.     0.008 s
  
 Calculating Ion-Electron Forces (spline) ...  complete.     0.004 s
  ------ ION (GRADIENT METHOD) STEP            1  ------
  
 Calculating Ion-Electron Stress (spline) ...  complete.     0.009 s
  
 Calculating Ion-Ion Stress ...                complete.     0.004 s
  
 ------------------------------------------------------------------------------
                         LATTICE VECTORS (Angstrom)
 LAT 1           2.806844        0.000000        0.000000
 LAT 2           1.403422        2.430798        0.000000
 LAT 3           0.000000        0.000000       50.432248
 ------------------------------------------------------------------------------
                                STRESS (GPa)
 ST_GPa 1        0.005776        0.010023       -0.000008
 ST_GPa 2        0.010023       -0.005796       -0.000005
 ST_GPa 3       -0.000008       -0.000005       -0.443621
  
 --------------------------------------------------
 STRESS (a.u.)
 --------------------------------------------------
 ST_AU  1   1.9632517196E-07   3.4067733878E-07  -2.8314822470E-10
 ST_AU  2   3.4067733878E-07  -1.9701756256E-07  -1.7466569077E-10
 ST_AU  3  -2.8314822470E-10  -1.7466569077E-10  -1.5078388074E-05
; Cell optimization at step  5, max(stress):  0.1508E-04, total energy:  -46.832287    ;
  dV of each real space grid is now    4.9368095388800909E-002
 Cell length (Bohr)    5.304E+00   5.304E+00   9.531E+01
 Angle     (Degree)    9.000E+01   9.000E+01   6.000E+01
 Volume    (Bohr^3)    2.322E+03
  dV of each real space grid is now    4.9368095388800909E-002
 Cell length (Bohr)    5.304E+00   5.304E+00   9.531E+01
 Angle     (Degree)    9.000E+01   9.000E+01   6.000E+01
 Volume    (Bohr^3)    2.322E+03

 ------------------------------------------------------------------------------
                           SETUP EWALD 
 (Ewald) eta                             :   0.6814    
 (Ewald) Real Space Cutoff               :    7.577     (Bohr)
 (Ewald) Reciprocal Cutoff               :    7.700     (1/Bohr)

 ------------------------------------------------------------------------------
                           SETUP PLANE WAVE 
 Read in WT kernel.
 kernel file name  : 5PROFESS_KERNEL.dat           
 KEDF type         :     4
 Fermi vector      :   1.182014212099E+00
 Reference density :  -1.000000000000E+00
 Mesh points       :   200002
 Fermi vector in this cell is    1.8881960249139647     
 Fermi vector from kernel file is    1.1820142120987149     
 First qNorm is    0.0000000000000000     
 size of Wang-Teter kernel in this run is            8          14         240
 Max |G| in this calculation is   1.732599789913E+01
 Max eta used from kernel is   9.175952957491E+00

 ------------------------------------------------------------------------------
                           REFRESH ION POSITIONS
  
 Calculating Ion-Ion Energy ...                   complete.     0.006 s
  
 Calculating Ion-Electron Potential (spline) ... 
 complete.     0.006 s
 Rescale the total density from   3.258607 to         66

 ------------------------------------------------------------------------------
                           DENSITY OPTIMIZATION
 Electron number for spin            1  is    66.000000000000512     
 Cell Volume      :           344.125677 Angstrom^3
 Ion number       :                   22
 Electron number  :            66.000000
 Ion density      :             0.063930 Ion/Angstrom^3
 Electron density :             0.191790 Electron/Angstrom^3
  
 Calculating Ion-Ion Forces ...                complete.     0.008 s
  
 Calculating Ion-Electron Forces (spline) ...  complete.     0.004 s
  ------ ION (GRADIENT METHOD) STEP            1  ------
  
 Calculating Ion-Electron Stress (spline) ...  complete.     0.009 s
  
 Calculating Ion-Ion Stress ...                complete.     0.004 s
  
 ------------------------------------------------------------------------------
                         LATTICE VECTORS (Angstrom)
 LAT 1           2.806844        0.000000        0.000000
 LAT 2           1.403422        2.430798        0.000000
 LAT 3           0.000000        0.000000       50.437085
 ------------------------------------------------------------------------------
                                STRESS (GPa)
 ST_GPa 1        0.012041        0.009969       -0.000008
 ST_GPa 2        0.009969        0.000531       -0.000005
 ST_GPa 3       -0.000008       -0.000005       -0.431102
  
 --------------------------------------------------
 STRESS (a.u.)
 --------------------------------------------------
 ST_AU  1   4.0928020924E-07   3.3884636216E-07  -2.8292937744E-10
 ST_AU  2   3.3884636216E-07   1.8051734881E-08  -1.7452785435E-10
 ST_AU  3  -2.8292937744E-10  -1.7452785435E-10  -1.4652862947E-05
; Cell optimization at step  6, max(stress):  0.1465E-04, total energy:  -46.832291    ;
  dV of each real space grid is now    4.9373617082614750E-002
 Cell length (Bohr)    5.304E+00   5.304E+00   9.532E+01
 Angle     (Degree)    9.000E+01   9.000E+01   6.000E+01
 Volume    (Bohr^3)    2.323E+03
  dV of each real space grid is now    4.9373617082614750E-002
 Cell length (Bohr)    5.304E+00   5.304E+00   9.532E+01
 Angle     (Degree)    9.000E+01   9.000E+01   6.000E+01
 Volume    (Bohr^3)    2.323E+03

 ------------------------------------------------------------------------------
                           SETUP EWALD 
 (Ewald) eta                             :   0.6814    
 (Ewald) Real Space Cutoff               :    7.577     (Bohr)
 (Ewald) Reciprocal Cutoff               :    7.700     (1/Bohr)

 ------------------------------------------------------------------------------
                           SETUP PLANE WAVE 
 Read in WT kernel.
 kernel file name  : 5PROFESS_KERNEL.dat           
 KEDF type         :     4
 Fermi vector      :   1.182014212099E+00
 Reference density :  -1.000000000000E+00
 Mesh points       :   200002
 Fermi vector in this cell is    1.8881256335483232     
 Fermi vector from kernel file is    1.1820142120987149     
 First qNorm is    0.0000000000000000     
 size of Wang-Teter kernel in this run is            8          14         240
 Max |G| in this calculation is   1.732559398930E+01
 Max eta used from kernel is   9.176081125884E+00

 ------------------------------------------------------------------------------
                           REFRESH ION POSITIONS
  
 Calculating Ion-Ion Energy ...                   complete.     0.007 s
  
 Calculating Ion-Electron Potential (spline) ... 
 complete.     0.007 s
 Rescale the total density from   3.259023 to         66

 ------------------------------------------------------------------------------
                           DENSITY OPTIMIZATION
 Electron number for spin            1  is    65.999999999999559     
 Cell Volume      :           344.164167 Angstrom^3
 Ion number       :                   22
 Electron number  :            66.000000
 Ion density      :             0.063923 Ion/Angstrom^3
 Electron density :             0.191769 Electron/Angstrom^3
  
 Calculating Ion-Ion Forces ...                complete.     0.008 s
  
 Calculating Ion-Electron Forces (spline) ...  complete.     0.004 s
  ------ ION (GRADIENT METHOD) STEP            1  ------
  
 Calculating Ion-Electron Stress (spline) ...  complete.     0.009 s
  
 Calculating Ion-Ion Stress ...                complete.     0.004 s
  
 ------------------------------------------------------------------------------
                         LATTICE VECTORS (Angstrom)
 LAT 1           2.806844        0.000000        0.000000
 LAT 2           1.403422        2.430798        0.000000
 LAT 3           0.000000        0.000000       50.442727
 ------------------------------------------------------------------------------
                                STRESS (GPa)
 ST_GPa 1        0.019315        0.009906       -0.000008
 ST_GPa 2        0.009906        0.007877       -0.000005
 ST_GPa 3       -0.000008       -0.000005       -0.416478
  
 --------------------------------------------------
 STRESS (a.u.)
 --------------------------------------------------
 ST_AU  1   6.5649992321E-07   3.3670839561E-07  -2.8272948749E-10
 ST_AU  2   3.3670839561E-07   2.6774001260E-07  -1.7442204122E-10
 ST_AU  3  -2.8272948749E-10  -1.7442204122E-10  -1.4155807304E-05
; Cell optimization at step  7, max(stress):  0.1416E-04, total energy:  -46.832294    ;
  dV of each real space grid is now    4.9380018346359529E-002
 Cell length (Bohr)    5.304E+00   5.304E+00   9.534E+01
 Angle     (Degree)    9.000E+01   9.000E+01   6.000E+01
 Volume    (Bohr^3)    2.323E+03
  dV of each real space grid is now    4.9380018346359529E-002
 Cell length (Bohr)    5.304E+00   5.304E+00   9.534E+01
 Angle     (Degree)    9.000E+01   9.000E+01   6.000E+01
 Volume    (Bohr^3)    2.323E+03

 ------------------------------------------------------------------------------
                           SETUP EWALD 
 (Ewald) eta                             :   0.6814    
 (Ewald) Real Space Cutoff               :    7.577     (Bohr)
 (Ewald) Reciprocal Cutoff               :    7.700     (1/Bohr)

 ------------------------------------------------------------------------------
                           SETUP PLANE WAVE 
 Read in WT kernel.
 kernel file name  : 5PROFESS_KERNEL.dat           
 KEDF type         :     4
 Fermi vector      :   1.182014212099E+00
 Reference density :  -1.000000000000E+00
 Mesh points       :   200002
 Fermi vector in this cell is    1.8880440424319860     
 Fermi vector from kernel file is    1.1820142120987149     
 First qNorm is    0.0000000000000000     
 size of Wang-Teter kernel in this run is            8          14         240
 Max |G| in this calculation is   1.732512589706E+01
 Max eta used from kernel is   9.176229742366E+00

 ------------------------------------------------------------------------------
                           REFRESH ION POSITIONS
  
 Calculating Ion-Ion Energy ...                   complete.     0.007 s
  
 Calculating Ion-Electron Potential (spline) ... 
 complete.     0.007 s
 Rescale the total density from   3.259504 to         66

 ------------------------------------------------------------------------------
                           DENSITY OPTIMIZATION
 Electron number for spin            1  is    66.000000000000028     
 Cell Volume      :           344.208787 Angstrom^3
 Ion number       :                   22
 Electron number  :            66.000000
 Ion density      :             0.063915 Ion/Angstrom^3
 Electron density :             0.191744 Electron/Angstrom^3
  
 Calculating Ion-Ion Forces ...                complete.     0.005 s
  
 Calculating Ion-Electron Forces (spline) ...  complete.     0.003 s
  ------ ION (GRADIENT METHOD) STEP            1  ------
  
 Calculating Ion-Electron Stress (spline) ...  complete.     0.006 s
  
 Calculating Ion-Ion Stress ...                complete.     0.002 s
  
 ------------------------------------------------------------------------------
                         LATTICE VECTORS (Angstrom)
 LAT 1           2.806844        0.000000        0.000000
 LAT 2           1.403422        2.430798        0.000000
 LAT 3           0.000000        0.000000       50.449266
 ------------------------------------------------------------------------------
                                STRESS (GPa)
 ST_GPa 1        0.027655        0.009833       -0.000008
 ST_GPa 2        0.009833        0.016302       -0.000005
 ST_GPa 3       -0.000008       -0.000005       -0.399420
  
 --------------------------------------------------
 STRESS (a.u.)
 --------------------------------------------------
 ST_AU  1   9.3997080690E-07   3.3420852509E-07  -2.8242586814E-10
 ST_AU  2   3.3420852509E-07   5.5409758665E-07  -1.7426823204E-10
 ST_AU  3  -2.8242586814E-10  -1.7426823204E-10  -1.3576018433E-05
; Cell optimization at step  8, max(stress):  0.1358E-04, total energy:  -46.832299    ;
  dV of each real space grid is now    4.9387385245843123E-002
 Cell length (Bohr)    5.304E+00   5.304E+00   9.535E+01
 Angle     (Degree)    9.000E+01   9.000E+01   6.000E+01
 Volume    (Bohr^3)    2.323E+03
  dV of each real space grid is now    4.9387385245843123E-002
 Cell length (Bohr)    5.304E+00   5.304E+00   9.535E+01
 Angle     (Degree)    9.000E+01   9.000E+01   6.000E+01
 Volume    (Bohr^3)    2.323E+03

 ------------------------------------------------------------------------------
                           SETUP EWALD 
 (Ewald) eta                             :   0.6814    
 (Ewald) Real Space Cutoff               :    7.577     (Bohr)
 (Ewald) Reciprocal Cutoff               :    7.700     (1/Bohr)

 ------------------------------------------------------------------------------
                           SETUP PLANE WAVE 
 Read in WT kernel.
 kernel file name  : 5PROFESS_KERNEL.dat           
 KEDF type         :     4
 Fermi vector      :   1.182014212099E+00
 Reference density :  -1.000000000000E+00
 Mesh points       :   200002
 Fermi vector in this cell is    1.8879501606829503     
 Fermi vector from kernel file is    1.1820142120987149     
 First qNorm is    0.0000000000000000     
 size of Wang-Teter kernel in this run is            8          14         240
 Max |G| in this calculation is   1.732458740234E+01
 Max eta used from kernel is   9.176400819859E+00

 ------------------------------------------------------------------------------
                           REFRESH ION POSITIONS
  
 Calculating Ion-Ion Energy ...                   complete.     0.004 s
  
 Calculating Ion-Electron Potential (spline) ... 
 complete.     0.004 s
 Rescale the total density from   3.260054 to         66

 ------------------------------------------------------------------------------
                           DENSITY OPTIMIZATION
 Electron number for spin            1  is    66.000000000000441     
 Cell Volume      :           344.260139 Angstrom^3
 Ion number       :                   22
 Electron number  :            66.000000
 Ion density      :             0.063905 Ion/Angstrom^3
 Electron density :             0.191715 Electron/Angstrom^3
  
 Calculating Ion-Ion Forces ...                complete.     0.006 s
  
 Calculating Ion-Electron Forces (spline) ...  complete.     0.003 s
  ------ ION (GRADIENT METHOD) STEP            1  ------
  
 Calculating Ion-Electron Stress (spline) ...  complete.     0.006 s
  
 Calculating Ion-Ion Stress ...                complete.     0.002 s
  
 ------------------------------------------------------------------------------
                         LATTICE VECTORS (Angstrom)
 LAT 1           2.806844        0.000000        0.000000
 LAT 2           1.403422        2.430798        0.000000
 LAT 3           0.000000        0.000000       50.456793
 ------------------------------------------------------------------------------
                                STRESS (GPa)
 ST_GPa 1        0.037390        0.009749       -0.000008
 ST_GPa 2        0.009749        0.026134       -0.000005
 ST_GPa 3       -0.000008       -0.000005       -0.380013
  
 --------------------------------------------------
 STRESS (a.u.)
 --------------------------------------------------
 ST_AU  1   1.2708712615E-06   3.3137346964E-07  -2.8211755627E-10
 ST_AU  2   3.3137346964E-07   8.8827149649E-07  -1.7406274169E-10
 ST_AU  3  -2.8211755627E-10  -1.7406274169E-10  -1.2916393897E-05
; Cell optimization at step  9, max(stress):  0.1292E-04, total energy:  -46.832304    ;
  dV of each real space grid is now    4.9395795998317601E-002
 Cell length (Bohr)    5.304E+00   5.304E+00   9.537E+01
 Angle     (Degree)    9.000E+01   9.000E+01   6.000E+01
 Volume    (Bohr^3)    2.324E+03
  dV of each real space grid is now    4.9395795998317601E-002
 Cell length (Bohr)    5.304E+00   5.304E+00   9.537E+01
 Angle     (Degree)    9.000E+01   9.000E+01   6.000E+01
 Volume    (Bohr^3)    2.324E+03

 ------------------------------------------------------------------------------
                           SETUP EWALD 
 (Ewald) eta                             :   0.6814    
 (Ewald) Real Space Cutoff               :    7.577     (Bohr)
 (Ewald) Reciprocal Cutoff               :    7.700     (1/Bohr)

 ------------------------------------------------------------------------------
                           SETUP PLANE WAVE 
 Read in WT kernel.
 kernel file name  : 5PROFESS_KERNEL.dat           
 KEDF type         :     4
 Fermi vector      :   1.182014212099E+00
 Reference density :  -1.000000000000E+00
 Mesh points       :   200002
 Fermi vector in this cell is    1.8878429991826129     
 Fermi vector from kernel file is    1.1820142120987149     
 First qNorm is    0.0000000000000000     
 size of Wang-Teter kernel in this run is            8          14         240
 Max |G| in this calculation is   1.732397287969E+01
 Max eta used from kernel is   9.176596193218E+00

 ------------------------------------------------------------------------------
                           REFRESH ION POSITIONS
  
 Calculating Ion-Ion Energy ...                   complete.     0.004 s
  
 Calculating Ion-Electron Potential (spline) ... 
 complete.     0.004 s
 Rescale the total density from   3.260678 to         66

 ------------------------------------------------------------------------------
                           DENSITY OPTIMIZATION
 Electron number for spin            1  is    66.000000000000540     
 Cell Volume      :           344.318767 Angstrom^3
 Ion number       :                   22
 Electron number  :            66.000000
 Ion density      :             0.063894 Ion/Angstrom^3
 Electron density :             0.191683 Electron/Angstrom^3
  
 Calculating Ion-Ion Forces ...                complete.     0.005 s
  
 Calculating Ion-Electron Forces (spline) ...  complete.     0.003 s
  ------ ION (GRADIENT METHOD) STEP            1  ------
  
 Calculating Ion-Electron Stress (spline) ...  complete.     0.006 s
  
 Calculating Ion-Ion Stress ...                complete.     0.003 s
  
 ------------------------------------------------------------------------------
                         LATTICE VECTORS (Angstrom)
 LAT 1           2.806844        0.000000        0.000000
 LAT 2           1.403422        2.430798        0.000000
 LAT 3           0.000000        0.000000       50.465386
 ------------------------------------------------------------------------------
                                STRESS (GPa)
 ST_GPa 1        0.048513        0.009655       -0.000008
 ST_GPa 2        0.009655        0.037366       -0.000005
 ST_GPa 3       -0.000008       -0.000005       -0.357937
  
 --------------------------------------------------
 STRESS (a.u.)
 --------------------------------------------------
 ST_AU  1   1.6489348221E-06   3.2815029345E-07  -2.8177140206E-10
 ST_AU  2   3.2815029345E-07   1.2700568915E-06  -1.7389759182E-10
 ST_AU  3  -2.8177140206E-10  -1.7389759182E-10  -1.2166031478E-05
; Cell optimization at step 10, max(stress):  0.1217E-04, total energy:  -46.832309    ;
  dV of each real space grid is now    4.9405302566188906E-002
 Cell length (Bohr)    5.304E+00   5.304E+00   9.538E+01
 Angle     (Degree)    9.000E+01   9.000E+01   6.000E+01
 Volume    (Bohr^3)    2.324E+03
  dV of each real space grid is now    4.9405302566188906E-002
 Cell length (Bohr)    5.304E+00   5.304E+00   9.538E+01
 Angle     (Degree)    9.000E+01   9.000E+01   6.000E+01
 Volume    (Bohr^3)    2.324E+03

 ------------------------------------------------------------------------------
                           SETUP EWALD 
 (Ewald) eta                             :   0.6814    
 (Ewald) Real Space Cutoff               :    7.577     (Bohr)
 (Ewald) Reciprocal Cutoff               :    7.700     (1/Bohr)

 ------------------------------------------------------------------------------
                           SETUP PLANE WAVE 
 Read in WT kernel.
 kernel file name  : 5PROFESS_KERNEL.dat           
 KEDF type         :     4
 Fermi vector      :   1.182014212099E+00
 Reference density :  -1.000000000000E+00
 Mesh points       :   200002
 Fermi vector in this cell is    1.8877219051710559     
 Fermi vector from kernel file is    1.1820142120987149     
 First qNorm is    0.0000000000000000     
 size of Wang-Teter kernel in this run is            8          14         240
 Max |G| in this calculation is   1.732327864405E+01
 Max eta used from kernel is   9.176817091858E+00

 ------------------------------------------------------------------------------
                           REFRESH ION POSITIONS
  
 Calculating Ion-Ion Energy ...                   complete.     0.004 s
  
 Calculating Ion-Electron Potential (spline) ... 
 complete.     0.004 s
 Rescale the total density from   3.261378 to         66

 ------------------------------------------------------------------------------
                           DENSITY OPTIMIZATION
 Electron number for spin            1  is    66.000000000001776     
 Cell Volume      :           344.385034 Angstrom^3
 Ion number       :                   22
 Electron number  :            66.000000
 Ion density      :             0.063882 Ion/Angstrom^3
 Electron density :             0.191646 Electron/Angstrom^3
  
 Calculating Ion-Ion Forces ...                complete.     0.005 s
  
 Calculating Ion-Electron Forces (spline) ...  complete.     0.003 s
  ------ ION (GRADIENT METHOD) STEP            1  ------
  
 Calculating Ion-Electron Stress (spline) ...  complete.     0.006 s
  
 Calculating Ion-Ion Stress ...                complete.     0.002 s
  
 ------------------------------------------------------------------------------
                         LATTICE VECTORS (Angstrom)
 LAT 1           2.806844        0.000000        0.000000
 LAT 2           1.403422        2.430798        0.000000
 LAT 3           0.000000        0.000000       50.475098
 ------------------------------------------------------------------------------
                                STRESS (GPa)
 ST_GPa 1        0.060943        0.009547       -0.000008
 ST_GPa 2        0.009547        0.049921       -0.000005
 ST_GPa 3       -0.000008       -0.000005       -0.332821
  
 --------------------------------------------------
 STRESS (a.u.)
 --------------------------------------------------
 ST_AU  1   2.0714220661E-06   3.2449254278E-07  -2.8139162028E-10
 ST_AU  2   3.2449254278E-07   1.6967677301E-06  -1.7363988912E-10
 ST_AU  3  -2.8139162028E-10  -1.7363988912E-10  -1.1312373656E-05
; Cell optimization at step 11, max(stress):  0.1131E-04, total energy:  -46.832315    ;
  dV of each real space grid is now    4.9415909987168591E-002
 Cell length (Bohr)    5.304E+00   5.304E+00   9.540E+01
 Angle     (Degree)    9.000E+01   9.000E+01   6.000E+01
 Volume    (Bohr^3)    2.325E+03
  dV of each real space grid is now    4.9415909987168591E-002
 Cell length (Bohr)    5.304E+00   5.304E+00   9.540E+01
 Angle     (Degree)    9.000E+01   9.000E+01   6.000E+01
 Volume    (Bohr^3)    2.325E+03

 ------------------------------------------------------------------------------
                           SETUP EWALD 
 (Ewald) eta                             :   0.6814    
 (Ewald) Real Space Cutoff               :    7.577     (Bohr)
 (Ewald) Reciprocal Cutoff               :    7.700     (1/Bohr)

 ------------------------------------------------------------------------------
                           SETUP PLANE WAVE 
 Read in WT kernel.
 kernel file name  : 5PROFESS_KERNEL.dat           
 KEDF type         :     4
 Fermi vector      :   1.182014212099E+00
 Reference density :  -1.000000000000E+00
 Mesh points       :   200002
 Fermi vector in this cell is    1.8875868252351675     
 Fermi vector from kernel file is    1.1820142120987149     
 First qNorm is    0.0000000000000000     
 size of Wang-Teter kernel in this run is            8          14         240
 Max |G| in this calculation is   1.732250445655E+01
 Max eta used from kernel is   9.177063658725E+00

 ------------------------------------------------------------------------------
                           REFRESH ION POSITIONS
  
 Calculating Ion-Ion Energy ...                   complete.     0.004 s
  
 Calculating Ion-Electron Potential (spline) ... 
 complete.     0.004 s
 Rescale the total density from   3.262150 to         66

 ------------------------------------------------------------------------------
                           DENSITY OPTIMIZATION
 Electron number for spin            1  is    66.000000000000099     
 Cell Volume      :           344.458974 Angstrom^3
 Ion number       :                   22
 Electron number  :            66.000000
 Ion density      :             0.063868 Ion/Angstrom^3
 Electron density :             0.191605 Electron/Angstrom^3
  
 Calculating Ion-Ion Forces ...                complete.     0.005 s
  
 Calculating Ion-Electron Forces (spline) ...  complete.     0.003 s
  ------ ION (GRADIENT METHOD) STEP            1  ------
  
 Calculating Ion-Electron Stress (spline) ...  complete.     0.006 s
  
 Calculating Ion-Ion Stress ...                complete.     0.002 s
  
 ------------------------------------------------------------------------------
                         LATTICE VECTORS (Angstrom)
 LAT 1           2.806844        0.000000        0.000000
 LAT 2           1.403422        2.430798        0.000000
 LAT 3           0.000000        0.000000       50.485935
 ------------------------------------------------------------------------------
                                STRESS (GPa)
 ST_GPa 1        0.074744        0.009427       -0.000008
 ST_GPa 2        0.009427        0.063859       -0.000005
 ST_GPa 3       -0.000008       -0.000005       -0.304774
  
 --------------------------------------------------
 STRESS (a.u.)
 --------------------------------------------------
 ST_AU  1   2.5404808878E-06   3.2041552584E-07  -2.8092032694E-10
 ST_AU  2   3.2041552584E-07   2.1705342675E-06  -1.7340456222E-10
 ST_AU  3  -2.8092032694E-10  -1.7340456222E-10  -1.0359073905E-05
; Cell optimization at step 12, max(stress):  0.1036E-04, total energy:  -46.832320    ;
  dV of each real space grid is now    4.9427566220727019E-002
 Cell length (Bohr)    5.304E+00   5.304E+00   9.543E+01
 Angle     (Degree)    9.000E+01   9.000E+01   6.000E+01
 Volume    (Bohr^3)    2.325E+03
  dV of each real space grid is now    4.9427566220727019E-002
 Cell length (Bohr)    5.304E+00   5.304E+00   9.543E+01
 Angle     (Degree)    9.000E+01   9.000E+01   6.000E+01
 Volume    (Bohr^3)    2.325E+03

 ------------------------------------------------------------------------------
                           SETUP EWALD 
 (Ewald) eta                             :   0.6814    
 (Ewald) Real Space Cutoff               :    7.577     (Bohr)
 (Ewald) Reciprocal Cutoff               :    7.700     (1/Bohr)

 ------------------------------------------------------------------------------
                           SETUP PLANE WAVE 
 Read in WT kernel.
 kernel file name  : 5PROFESS_KERNEL.dat           
 KEDF type         :     4
 Fermi vector      :   1.182014212099E+00
 Reference density :  -1.000000000000E+00
 Mesh points       :   200002
 Fermi vector in this cell is    1.8874384337985994     
 Fermi vector from kernel file is    1.1820142120987149     
 First qNorm is    0.0000000000000000     
 size of Wang-Teter kernel in this run is            8          14         240
 Max |G| in this calculation is   1.732165425586E+01
 Max eta used from kernel is   9.177334712314E+00

 ------------------------------------------------------------------------------
                           REFRESH ION POSITIONS
  
 Calculating Ion-Ion Energy ...                   complete.     0.004 s
  
 Calculating Ion-Electron Potential (spline) ... 
 complete.     0.004 s
 Rescale the total density from   3.262989 to         66

 ------------------------------------------------------------------------------
                           DENSITY OPTIMIZATION
 Electron number for spin            1  is    66.000000000000554     
 Cell Volume      :           344.540225 Angstrom^3
 Ion number       :                   22
 Electron number  :            66.000000
 Ion density      :             0.063853 Ion/Angstrom^3
 Electron density :             0.191560 Electron/Angstrom^3
  
 Calculating Ion-Ion Forces ...                complete.     0.006 s
  
 Calculating Ion-Electron Forces (spline) ...  complete.     0.003 s
  ------ ION (GRADIENT METHOD) STEP            1  ------
  
 Calculating Ion-Electron Stress (spline) ...  complete.     0.006 s
  
 Calculating Ion-Ion Stress ...                complete.     0.002 s
  
 ------------------------------------------------------------------------------
                         LATTICE VECTORS (Angstrom)
 LAT 1           2.806844        0.000000        0.000000
 LAT 2           1.403422        2.430798        0.000000
 LAT 3           0.000000        0.000000       50.497844
 ------------------------------------------------------------------------------
                                STRESS (GPa)
 ST_GPa 1        0.090136        0.009298       -0.000008
 ST_GPa 2        0.009298        0.079401       -0.000005
 ST_GPa 3       -0.000008       -0.000005       -0.274332
  
 --------------------------------------------------
 STRESS (a.u.)
 --------------------------------------------------
 ST_AU  1   3.0636544880E-06   3.1602095234E-07  -2.8046424448E-10
 ST_AU  2   3.1602095234E-07   2.6987819749E-06  -1.7314255411E-10
 ST_AU  3  -2.8046424448E-10  -1.7314255411E-10  -9.3243686983E-06
; Cell optimization at step 13, max(stress):  0.9324E-05, total energy:  -46.832326    ;
  dV of each real space grid is now    4.9440156576235697E-002
 Cell length (Bohr)    5.304E+00   5.304E+00   9.545E+01
 Angle     (Degree)    9.000E+01   9.000E+01   6.000E+01
 Volume    (Bohr^3)    2.326E+03
  dV of each real space grid is now    4.9440156576235697E-002
 Cell length (Bohr)    5.304E+00   5.304E+00   9.545E+01
 Angle     (Degree)    9.000E+01   9.000E+01   6.000E+01
 Volume    (Bohr^3)    2.326E+03

 ------------------------------------------------------------------------------
                           SETUP EWALD 
 (Ewald) eta                             :   0.6814    
 (Ewald) Real Space Cutoff               :    7.577     (Bohr)
 (Ewald) Reciprocal Cutoff               :    7.700     (1/Bohr)

 ------------------------------------------------------------------------------
                           SETUP PLANE WAVE 
 Read in WT kernel.
 kernel file name  : 5PROFESS_KERNEL.dat           
 KEDF type         :     4
 Fermi vector      :   1.182014212099E+00
 Reference density :  -1.000000000000E+00
 Mesh points       :   200002
 Fermi vector in this cell is    1.8872782027906660     
 Fermi vector from kernel file is    1.1820142120987149     
 First qNorm is    0.0000000000000000     
 size of Wang-Teter kernel in this run is            8          14         240
 Max |G| in this calculation is   1.732073654935E+01
 Max eta used from kernel is   9.177627614061E+00

 ------------------------------------------------------------------------------
                           REFRESH ION POSITIONS
  
 Calculating Ion-Ion Energy ...                   complete.     0.004 s
  
 Calculating Ion-Electron Potential (spline) ... 
 complete.     0.004 s
 Rescale the total density from   3.263882 to         66

 ------------------------------------------------------------------------------
                           DENSITY OPTIMIZATION
 Electron number for spin            1  is    65.999999999999574     
 Cell Volume      :           344.627987 Angstrom^3
 Ion number       :                   22
 Electron number  :            66.000000
 Ion density      :             0.063837 Ion/Angstrom^3
 Electron density :             0.191511 Electron/Angstrom^3
  
 Calculating Ion-Ion Forces ...                complete.     0.005 s
  
 Calculating Ion-Electron Forces (spline) ...  complete.     0.003 s
  ------ ION (GRADIENT METHOD) STEP            1  ------
  
 Calculating Ion-Electron Stress (spline) ...  complete.     0.006 s
  
 Calculating Ion-Ion Stress ...                complete.     0.003 s
  
 ------------------------------------------------------------------------------
                         LATTICE VECTORS (Angstrom)
 LAT 1           2.806844        0.000000        0.000000
 LAT 2           1.403422        2.430798        0.000000
 LAT 3           0.000000        0.000000       50.510707
 ------------------------------------------------------------------------------
                                STRESS (GPa)
 ST_GPa 1        0.106668        0.009158       -0.000008
 ST_GPa 2        0.009158        0.096094       -0.000005
 ST_GPa 3       -0.000008       -0.000005       -0.241410
  
 --------------------------------------------------
 STRESS (a.u.)
 --------------------------------------------------
 ST_AU  1   3.6255716949E-06   3.1127820965E-07  -2.7994888541E-10
 ST_AU  2   3.1127820965E-07   3.2661759201E-06  -1.7288244685E-10
 ST_AU  3  -2.7994888541E-10  -1.7288244685E-10  -8.2053557544E-06
; Cell optimization at step 14, max(stress):  0.8205E-05, total energy:  -46.832332    ;
  dV of each real space grid is now    4.9453451847930582E-002
 Cell length (Bohr)    5.304E+00   5.304E+00   9.548E+01
 Angle     (Degree)    9.000E+01   9.000E+01   6.000E+01
 Volume    (Bohr^3)    2.326E+03
  dV of each real space grid is now    4.9453451847930582E-002
 Cell length (Bohr)    5.304E+00   5.304E+00   9.548E+01
 Angle     (Degree)    9.000E+01   9.000E+01   6.000E+01
 Volume    (Bohr^3)    2.326E+03

 ------------------------------------------------------------------------------
                           SETUP EWALD 
 (Ewald) eta                             :   0.6814    
 (Ewald) Real Space Cutoff               :    7.577     (Bohr)
 (Ewald) Reciprocal Cutoff               :    7.700     (1/Bohr)

 ------------------------------------------------------------------------------
                           SETUP PLANE WAVE 
 Read in WT kernel.
 kernel file name  : 5PROFESS_KERNEL.dat           
 KEDF type         :     4
 Fermi vector      :   1.182014212099E+00
 Reference density :  -1.000000000000E+00
 Mesh points       :   200002
 Fermi vector in this cell is    1.8871090597246809     
 Fermi vector from kernel file is    1.1820142120987149     
 First qNorm is    0.0000000000000000     
 size of Wang-Teter kernel in this run is            8          14         240
 Max |G| in this calculation is   1.731976816981E+01
 Max eta used from kernel is   9.177937056978E+00

 ------------------------------------------------------------------------------
                           REFRESH ION POSITIONS
  
 Calculating Ion-Ion Energy ...                   complete.     0.004 s
  
 Calculating Ion-Electron Potential (spline) ... 
 complete.     0.004 s
 Rescale the total density from   3.264806 to         66

 ------------------------------------------------------------------------------
                           DENSITY OPTIMIZATION
 Electron number for spin            1  is    66.000000000000526     
 Cell Volume      :           344.720664 Angstrom^3
 Ion number       :                   22
 Electron number  :            66.000000
 Ion density      :             0.063820 Ion/Angstrom^3
 Electron density :             0.191459 Electron/Angstrom^3
  
 Calculating Ion-Ion Forces ...                complete.     0.005 s
  
 Calculating Ion-Electron Forces (spline) ...  complete.     0.003 s
  ------ ION (GRADIENT METHOD) STEP            1  ------
  
 Calculating Ion-Electron Stress (spline) ...  complete.     0.006 s
  
 Calculating Ion-Ion Stress ...                complete.     0.002 s
  
 ------------------------------------------------------------------------------
                         LATTICE VECTORS (Angstrom)
 LAT 1           2.806844        0.000000        0.000000
 LAT 2           1.403422        2.430798        0.000000
 LAT 3           0.000000        0.000000       50.524290
 ------------------------------------------------------------------------------
                                STRESS (GPa)
 ST_GPa 1        0.123959        0.009011       -0.000008
 ST_GPa 2        0.009011        0.113555       -0.000005
 ST_GPa 3       -0.000008       -0.000005       -0.206530
  
 --------------------------------------------------
 STRESS (a.u.)
 --------------------------------------------------
 ST_AU  1   4.2132780466E-06   3.0626507028E-07  -2.7957928767E-10
 ST_AU  2   3.0626507028E-07   3.8596706866E-06  -1.7259787550E-10
 ST_AU  3  -2.7957928767E-10  -1.7259787550E-10  -7.0198212904E-06
; Cell optimization at step 15, max(stress):  0.7020E-05, total energy:  -46.832337    ;
  dV of each real space grid is now    4.9467101044981698E-002
 Cell length (Bohr)    5.304E+00   5.304E+00   9.550E+01
 Angle     (Degree)    9.000E+01   9.000E+01   6.000E+01
 Volume    (Bohr^3)    2.327E+03
  dV of each real space grid is now    4.9467101044981698E-002
 Cell length (Bohr)    5.304E+00   5.304E+00   9.550E+01
 Angle     (Degree)    9.000E+01   9.000E+01   6.000E+01
 Volume    (Bohr^3)    2.327E+03

 ------------------------------------------------------------------------------
                           SETUP EWALD 
 (Ewald) eta                             :   0.6814    
 (Ewald) Real Space Cutoff               :    7.577     (Bohr)
 (Ewald) Reciprocal Cutoff               :    7.700     (1/Bohr)

 ------------------------------------------------------------------------------
                           SETUP PLANE WAVE 
 Read in WT kernel.
 kernel file name  : 5PROFESS_KERNEL.dat           
 KEDF type         :     4
 Fermi vector      :   1.182014212099E+00
 Reference density :  -1.000000000000E+00
 Mesh points       :   200002
 Fermi vector in this cell is    1.8869354770655116     
 Fermi vector from kernel file is    1.1820142120987149     
 First qNorm is    0.0000000000000000     
 size of Wang-Teter kernel in this run is            8          14         240
 Max |G| in this calculation is   1.731877476752E+01
 Max eta used from kernel is   9.178254888955E+00

 ------------------------------------------------------------------------------
                           REFRESH ION POSITIONS
  
 Calculating Ion-Ion Energy ...                   complete.     0.004 s
  
 Calculating Ion-Electron Potential (spline) ... 
 complete.     0.004 s
 Rescale the total density from   3.265730 to         66

 ------------------------------------------------------------------------------
                           DENSITY OPTIMIZATION
 Electron number for spin            1  is    66.000000000000597     
 Cell Volume      :           344.815807 Angstrom^3
 Ion number       :                   22
 Electron number  :            66.000000
 Ion density      :             0.063802 Ion/Angstrom^3
 Electron density :             0.191407 Electron/Angstrom^3
  
 Calculating Ion-Ion Forces ...                complete.     0.005 s
  
 Calculating Ion-Electron Forces (spline) ...  complete.     0.003 s
  ------ ION (GRADIENT METHOD) STEP            1  ------
  
 Calculating Ion-Electron Stress (spline) ...  complete.     0.005 s
  
 Calculating Ion-Ion Stress ...                complete.     0.002 s
  
 ------------------------------------------------------------------------------
                         LATTICE VECTORS (Angstrom)
 LAT 1           2.806844        0.000000        0.000000
 LAT 2           1.403422        2.430798        0.000000
 LAT 3           0.000000        0.000000       50.538235
 ------------------------------------------------------------------------------
                                STRESS (GPa)
 ST_GPa 1        0.141609        0.008859       -0.000008
 ST_GPa 2        0.008859        0.131380       -0.000005
 ST_GPa 3       -0.000008       -0.000005       -0.170708
  
 --------------------------------------------------
 STRESS (a.u.)
 --------------------------------------------------
 ST_AU  1   4.8131788448E-06   3.0110912064E-07  -2.7896175260E-10
 ST_AU  2   3.0110912064E-07   4.4655247547E-06  -1.7223100831E-10
 ST_AU  3  -2.7896175260E-10  -1.7223100831E-10  -5.8022350642E-06
; Cell optimization at step 16, max(stress):  0.5802E-05, total energy:  -46.832342    ;
  dV of each real space grid is now    4.9480639141714251E-002
 Cell length (Bohr)    5.304E+00   5.304E+00   9.553E+01
 Angle     (Degree)    9.000E+01   9.000E+01   6.000E+01
 Volume    (Bohr^3)    2.328E+03
  dV of each real space grid is now    4.9480639141714251E-002
 Cell length (Bohr)    5.304E+00   5.304E+00   9.553E+01
 Angle     (Degree)    9.000E+01   9.000E+01   6.000E+01
 Volume    (Bohr^3)    2.328E+03

 ------------------------------------------------------------------------------
                           SETUP EWALD 
 (Ewald) eta                             :   0.6814    
 (Ewald) Real Space Cutoff               :    7.577     (Bohr)
 (Ewald) Reciprocal Cutoff               :    7.700     (1/Bohr)

 ------------------------------------------------------------------------------
                           SETUP PLANE WAVE 
 Read in WT kernel.
 kernel file name  : 5PROFESS_KERNEL.dat           
 KEDF type         :     4
 Fermi vector      :   1.182014212099E+00
 Reference density :  -1.000000000000E+00
 Mesh points       :   200002
 Fermi vector in this cell is    1.8867633703883797     
 Fermi vector from kernel file is    1.1820142120987149     
 First qNorm is    0.0000000000000000     
 size of Wang-Teter kernel in this run is            8          14         240
 Max |G| in this calculation is   1.731779020697E+01
 Max eta used from kernel is   9.178570285370E+00

 ------------------------------------------------------------------------------
                           REFRESH ION POSITIONS
  
 Calculating Ion-Ion Energy ...                   complete.     0.004 s
  
 Calculating Ion-Electron Potential (spline) ... 
 complete.     0.004 s
 Rescale the total density from   3.266616 to         66

 ------------------------------------------------------------------------------
                           DENSITY OPTIMIZATION
 Electron number for spin            1  is    65.999999999999901     
 Cell Volume      :           344.910176 Angstrom^3
 Ion number       :                   22
 Electron number  :            66.000000
 Ion density      :             0.063785 Ion/Angstrom^3
 Electron density :             0.191354 Electron/Angstrom^3
  
 Calculating Ion-Ion Forces ...                complete.     0.005 s
  
 Calculating Ion-Electron Forces (spline) ...  complete.     0.003 s
  ------ ION (GRADIENT METHOD) STEP            1  ------
  
 Calculating Ion-Electron Stress (spline) ...  complete.     0.005 s
  
 Calculating Ion-Ion Stress ...                complete.     0.002 s
  
 ------------------------------------------------------------------------------
                         LATTICE VECTORS (Angstrom)
 LAT 1           2.806844        0.000000        0.000000
 LAT 2           1.403422        2.430798        0.000000
 LAT 3           0.000000        0.000000       50.552066
 ------------------------------------------------------------------------------
                                STRESS (GPa)
 ST_GPa 1        0.159341        0.008711       -0.000008
 ST_GPa 2        0.008711        0.149284       -0.000005
 ST_GPa 3       -0.000008       -0.000005       -0.135664
  
 --------------------------------------------------
 STRESS (a.u.)
 --------------------------------------------------
 ST_AU  1   5.4158947404E-06   2.9607254667E-07  -2.7807238893E-10
 ST_AU  2   2.9607254667E-07   5.0740563388E-06  -1.7178011357E-10
 ST_AU  3  -2.7807238893E-10  -1.7178011357E-10  -4.6111129442E-06
; Cell optimization at step 17, max(stress):  0.5416E-05, total energy:  -46.832346    ;
  dV of each real space grid is now    4.9493549827143400E-002
 Cell length (Bohr)    5.304E+00   5.304E+00   9.555E+01
 Angle     (Degree)    9.000E+01   9.000E+01   6.000E+01
 Volume    (Bohr^3)    2.328E+03
  dV of each real space grid is now    4.9493549827143400E-002
 Cell length (Bohr)    5.304E+00   5.304E+00   9.555E+01
 Angle     (Degree)    9.000E+01   9.000E+01   6.000E+01
 Volume    (Bohr^3)    2.328E+03

 ------------------------------------------------------------------------------
                           SETUP EWALD 
 (Ewald) eta                             :   0.6814    
 (Ewald) Real Space Cutoff               :    7.577     (Bohr)
 (Ewald) Reciprocal Cutoff               :    7.700     (1/Bohr)

 ------------------------------------------------------------------------------
                           SETUP PLANE WAVE 
 Read in WT kernel.
 kernel file name  : 5PROFESS_KERNEL.dat           
 KEDF type         :     4
 Fermi vector      :   1.182014212099E+00
 Reference density :  -1.000000000000E+00
 Mesh points       :   200002
 Fermi vector in this cell is    1.8865992983234672     
 Fermi vector from kernel file is    1.1820142120987149     
 First qNorm is    0.0000000000000000     
 size of Wang-Teter kernel in this run is            8          14         240
 Max |G| in this calculation is   1.731685197547E+01
 Max eta used from kernel is   9.178871205380E+00

 ------------------------------------------------------------------------------
                           REFRESH ION POSITIONS
  
 Calculating Ion-Ion Energy ...                   complete.     0.004 s
  
 Calculating Ion-Electron Potential (spline) ... 
 complete.     0.004 s
 Rescale the total density from   3.267427 to         66

 ------------------------------------------------------------------------------
                           DENSITY OPTIMIZATION
 Electron number for spin            1  is    65.999999999999062     
 Cell Volume      :           345.000171 Angstrom^3
 Ion number       :                   22
 Electron number  :            66.000000
 Ion density      :             0.063768 Ion/Angstrom^3
 Electron density :             0.191304 Electron/Angstrom^3
  
 Calculating Ion-Ion Forces ...                complete.     0.005 s
  
 Calculating Ion-Electron Forces (spline) ...  complete.     0.003 s
  ------ ION (GRADIENT METHOD) STEP            1  ------
  
 Calculating Ion-Electron Stress (spline) ...  complete.     0.005 s
  
 Calculating Ion-Ion Stress ...                complete.     0.002 s
  
 ------------------------------------------------------------------------------
                         LATTICE VECTORS (Angstrom)
 LAT 1           2.806844        0.000000        0.000000
 LAT 2           1.403422        2.430798        0.000000
 LAT 3           0.000000        0.000000       50.565256
 ------------------------------------------------------------------------------
                                STRESS (GPa)
 ST_GPa 1        0.176222        0.008569       -0.000008
 ST_GPa 2        0.008569        0.166328       -0.000005
 ST_GPa 3       -0.000008       -0.000005       -0.102343
  
 --------------------------------------------------
 STRESS (a.u.)
 --------------------------------------------------
 ST_AU  1   5.9896620365E-06   2.9126692578E-07  -2.7770875180E-10
 ST_AU  2   2.9126692578E-07   5.6533727503E-06  -1.7157833512E-10
 ST_AU  3  -2.7770875180E-10  -1.7157833512E-10  -3.4785717320E-06
; Cell optimization at step 18, max(stress):  0.5990E-05, total energy:  -46.832349    ;
  dV of each real space grid is now    4.9505237438160744E-002
 Cell length (Bohr)    5.304E+00   5.304E+00   9.558E+01
 Angle     (Degree)    9.000E+01   9.000E+01   6.000E+01
 Volume    (Bohr^3)    2.329E+03
  dV of each real space grid is now    4.9505237438160744E-002
 Cell length (Bohr)    5.304E+00   5.304E+00   9.558E+01
 Angle     (Degree)    9.000E+01   9.000E+01   6.000E+01
 Volume    (Bohr^3)    2.329E+03

 ------------------------------------------------------------------------------
                           SETUP EWALD 
 (Ewald) eta                             :   0.6814    
 (Ewald) Real Space Cutoff               :    7.577     (Bohr)
 (Ewald) Reciprocal Cutoff               :    7.700     (1/Bohr)

 ------------------------------------------------------------------------------
                           SETUP PLANE WAVE 
 Read in WT kernel.
 kernel file name  : 5PROFESS_KERNEL.dat           
 KEDF type         :     4
 Fermi vector      :   1.182014212099E+00
 Reference density :  -1.000000000000E+00
 Mesh points       :   200002
 Fermi vector in this cell is    1.8864508185844200     
 Fermi vector from kernel file is    1.1820142120987149     
 First qNorm is    0.0000000000000000     
 size of Wang-Teter kernel in this run is            8          14         240
 Max |G| in this calculation is   1.731600321510E+01
 Max eta used from kernel is   9.179143736221E+00

 ------------------------------------------------------------------------------
                           REFRESH ION POSITIONS
  
 Calculating Ion-Ion Energy ...                   complete.     0.004 s
  
 Calculating Ion-Electron Potential (spline) ... 
 complete.     0.004 s
 Rescale the total density from   3.268117 to         66

 ------------------------------------------------------------------------------
                           DENSITY OPTIMIZATION
 Electron number for spin            1  is    65.999999999999972     
 Cell Volume      :           345.081641 Angstrom^3
 Ion number       :                   22
 Electron number  :            66.000000
 Ion density      :             0.063753 Ion/Angstrom^3
 Electron density :             0.191259 Electron/Angstrom^3
  
 Calculating Ion-Ion Forces ...                complete.     0.005 s
  
 Calculating Ion-Electron Forces (spline) ...  complete.     0.003 s
  ------ ION (GRADIENT METHOD) STEP            1  ------
  
 Calculating Ion-Electron Stress (spline) ...  complete.     0.005 s
  
 Calculating Ion-Ion Stress ...                complete.     0.002 s
  
 ------------------------------------------------------------------------------
                         LATTICE VECTORS (Angstrom)
 LAT 1           2.806844        0.000000        0.000000
 LAT 2           1.403422        2.430798        0.000000
 LAT 3           0.000000        0.000000       50.577197
 ------------------------------------------------------------------------------
                                STRESS (GPa)
 ST_GPa 1        0.191320        0.008440       -0.000008
 ST_GPa 2        0.008440        0.181575       -0.000005
 ST_GPa 3       -0.000008       -0.000005       -0.072025
  
 --------------------------------------------------
 STRESS (a.u.)
 --------------------------------------------------
 ST_AU  1   6.5028255612E-06   2.8687358064E-07  -2.7730474906E-10
 ST_AU  2   2.8687358064E-07   6.1716092043E-06  -1.7134898292E-10
 ST_AU  3  -2.7730474906E-10  -1.7134898292E-10  -2.4480969926E-06
; Cell optimization at step 19, max(stress):  0.6503E-05, total energy:  -46.832351    ;
  dV of each real space grid is now    4.9515107835871125E-002
 Cell length (Bohr)    5.304E+00   5.304E+00   9.560E+01
 Angle     (Degree)    9.000E+01   9.000E+01   6.000E+01
 Volume    (Bohr^3)    2.329E+03
  dV of each real space grid is now    4.9515107835871125E-002
 Cell length (Bohr)    5.304E+00   5.304E+00   9.560E+01
 Angle     (Degree)    9.000E+01   9.000E+01   6.000E+01
 Volume    (Bohr^3)    2.329E+03

 ------------------------------------------------------------------------------
                           SETUP EWALD 
 (Ewald) eta                             :   0.6814    
 (Ewald) Real Space Cutoff               :    7.577     (Bohr)
 (Ewald) Reciprocal Cutoff               :    7.700     (1/Bohr)

 ------------------------------------------------------------------------------
                           SETUP PLANE WAVE 
 Read in WT kernel.
 kernel file name  : 5PROFESS_KERNEL.dat           
 KEDF type         :     4
 Fermi vector      :   1.182014212099E+00
 Reference density :  -1.000000000000E+00
 Mesh points       :   200002
 Fermi vector in this cell is    1.8863254611730718     
 Fermi vector from kernel file is    1.1820142120987149     
 First qNorm is    0.0000000000000000     
 size of Wang-Teter kernel in this run is            8          14         240
 Max |G| in this calculation is   1.731528685739E+01
 Max eta used from kernel is   9.179373980683E+00

 ------------------------------------------------------------------------------
                           REFRESH ION POSITIONS
  
 Calculating Ion-Ion Energy ...                   complete.     0.004 s
  
 Calculating Ion-Electron Potential (spline) ... 
 complete.     0.004 s
 Rescale the total density from   3.268649 to         66

 ------------------------------------------------------------------------------
                           DENSITY OPTIMIZATION
 Electron number for spin            1  is    65.999999999999332     
 Cell Volume      :           345.150443 Angstrom^3
 Ion number       :                   22
 Electron number  :            66.000000
 Ion density      :             0.063740 Ion/Angstrom^3
 Electron density :             0.191221 Electron/Angstrom^3
  
 Calculating Ion-Ion Forces ...                complete.     0.005 s
  
 Calculating Ion-Electron Forces (spline) ...  complete.     0.003 s
  ------ ION (GRADIENT METHOD) STEP            1  ------
  
 Calculating Ion-Electron Stress (spline) ...  complete.     0.005 s
  
 Calculating Ion-Ion Stress ...                complete.     0.002 s
  
 ------------------------------------------------------------------------------
                         LATTICE VECTORS (Angstrom)
 LAT 1           2.806844        0.000000        0.000000
 LAT 2           1.403422        2.430798        0.000000
 LAT 3           0.000000        0.000000       50.587281
 ------------------------------------------------------------------------------
                                STRESS (GPa)
 ST_GPa 1        0.204168        0.008332       -0.000008
 ST_GPa 2        0.008332        0.194549       -0.000005
 ST_GPa 3       -0.000008       -0.000005       -0.046570
  
 --------------------------------------------------
 STRESS (a.u.)
 --------------------------------------------------
 ST_AU  1   6.9395360689E-06   2.8319037698E-07  -2.7677558377E-10
 ST_AU  2   2.8319037698E-07   6.6125728044E-06  -1.7106906075E-10
 ST_AU  3  -2.7677558377E-10  -1.7106906075E-10  -1.5828745261E-06
; Cell optimization at step 20, max(stress):  0.6940E-05, total energy:  -46.832352    ;
  dV of each real space grid is now    4.9522766160428673E-002
 Cell length (Bohr)    5.304E+00   5.304E+00   9.561E+01
 Angle     (Degree)    9.000E+01   9.000E+01   6.000E+01
 Volume    (Bohr^3)    2.330E+03
  dV of each real space grid is now    4.9522766160428673E-002
 Cell length (Bohr)    5.304E+00   5.304E+00   9.561E+01
 Angle     (Degree)    9.000E+01   9.000E+01   6.000E+01
 Volume    (Bohr^3)    2.330E+03

 ------------------------------------------------------------------------------
                           SETUP EWALD 
 (Ewald) eta                             :   0.6814    
 (Ewald) Real Space Cutoff               :    7.577     (Bohr)
 (Ewald) Reciprocal Cutoff               :    7.700     (1/Bohr)

 ------------------------------------------------------------------------------
                           SETUP PLANE WAVE 
 Read in WT kernel.
 kernel file name  : 5PROFESS_KERNEL.dat           
 KEDF type         :     4
 Fermi vector      :   1.182014212099E+00
 Reference density :  -1.000000000000E+00
 Mesh points       :   200002
 Fermi vector in this cell is    1.8862282207962586     
 Fermi vector from kernel file is    1.1820142120987149     
 First qNorm is    0.0000000000000000     
 size of Wang-Teter kernel in this run is            8          14         240
 Max |G| in this calculation is   1.731473131861E+01
 Max eta used from kernel is   9.179552679633E+00

 ------------------------------------------------------------------------------
                           REFRESH ION POSITIONS
  
 Calculating Ion-Ion Energy ...                   complete.     0.004 s
  
 Calculating Ion-Electron Potential (spline) ... 
 complete.     0.003 s
 Rescale the total density from   3.269008 to         66

 ------------------------------------------------------------------------------
                           DENSITY OPTIMIZATION
 Electron number for spin            1  is    66.000000000000369     
 Cell Volume      :           345.203826 Angstrom^3
 Ion number       :                   22
 Electron number  :            66.000000
 Ion density      :             0.063730 Ion/Angstrom^3
 Electron density :             0.191191 Electron/Angstrom^3
  
 Calculating Ion-Ion Forces ...                complete.     0.005 s
  
 Calculating Ion-Electron Forces (spline) ...  complete.     0.003 s
  ------ ION (GRADIENT METHOD) STEP            1  ------
  
 Calculating Ion-Electron Stress (spline) ...  complete.     0.005 s
  
 Calculating Ion-Ion Stress ...                complete.     0.002 s
  
 ------------------------------------------------------------------------------
                         LATTICE VECTORS (Angstrom)
 LAT 1           2.806844        0.000000        0.000000
 LAT 2           1.403422        2.430798        0.000000
 LAT 3           0.000000        0.000000       50.595105
 ------------------------------------------------------------------------------
                                STRESS (GPa)
 ST_GPa 1        0.213968        0.008247       -0.000008
 ST_GPa 2        0.008247        0.204447       -0.000005
 ST_GPa 3       -0.000008       -0.000005       -0.026746
  
 --------------------------------------------------
 STRESS (a.u.)
 --------------------------------------------------
 ST_AU  1   7.2726267972E-06   2.8029624520E-07  -2.7638805959E-10
 ST_AU  2   2.8029624520E-07   6.9490052045E-06  -1.7085166195E-10
 ST_AU  3  -2.7638805959E-10  -1.7085166195E-10  -9.0907312852E-07
; Cell optimization at step 21, max(stress):  0.7273E-05, total energy:  -46.832353    ;
  dV of each real space grid is now    4.9528044135618760E-002
 Cell length (Bohr)    5.304E+00   5.304E+00   9.562E+01
 Angle     (Degree)    9.000E+01   9.000E+01   6.000E+01
 Volume    (Bohr^3)    2.330E+03
  dV of each real space grid is now    4.9528044135618760E-002
 Cell length (Bohr)    5.304E+00   5.304E+00   9.562E+01
 Angle     (Degree)    9.000E+01   9.000E+01   6.000E+01
 Volume    (Bohr^3)    2.330E+03

 ------------------------------------------------------------------------------
                           SETUP EWALD 
 (Ewald) eta                             :   0.6814    
 (Ewald) Real Space Cutoff               :    7.577     (Bohr)
 (Ewald) Reciprocal Cutoff               :    7.700     (1/Bohr)

 ------------------------------------------------------------------------------
                           SETUP PLANE WAVE 
 Read in WT kernel.
 kernel file name  : 5PROFESS_KERNEL.dat           
 KEDF type         :     4
 Fermi vector      :   1.182014212099E+00
 Reference density :  -1.000000000000E+00
 Mesh points       :   200002
 Fermi vector in this cell is    1.8861612162026462     
 Fermi vector from kernel file is    1.1820142120987149     
 First qNorm is    0.0000000000000000     
 size of Wang-Teter kernel in this run is            8          14         240
 Max |G| in this calculation is   1.731434859121E+01
 Max eta used from kernel is   9.179675863589E+00

 ------------------------------------------------------------------------------
                           REFRESH ION POSITIONS
  
 Calculating Ion-Ion Energy ...                   complete.     0.004 s
  
 Calculating Ion-Electron Potential (spline) ... 
 complete.     0.004 s
 Rescale the total density from   3.269199 to         66

 ------------------------------------------------------------------------------
                           DENSITY OPTIMIZATION
 Electron number for spin            1  is    65.999999999999162     
 Cell Volume      :           345.240617 Angstrom^3
 Ion number       :                   22
 Electron number  :            66.000000
 Ion density      :             0.063724 Ion/Angstrom^3
 Electron density :             0.191171 Electron/Angstrom^3
  
 Calculating Ion-Ion Forces ...                complete.     0.005 s
  
 Calculating Ion-Electron Forces (spline) ...  complete.     0.002 s
  ------ ION (GRADIENT METHOD) STEP            1  ------
  
 Calculating Ion-Electron Stress (spline) ...  complete.     0.005 s
  
 Calculating Ion-Ion Stress ...                complete.     0.002 s
  
 ------------------------------------------------------------------------------
                         LATTICE VECTORS (Angstrom)
 LAT 1           2.806844        0.000000        0.000000
 LAT 2           1.403422        2.430798        0.000000
 LAT 3           0.000000        0.000000       50.600498
 ------------------------------------------------------------------------------
                                STRESS (GPa)
 ST_GPa 1        0.220955        0.008190       -0.000008
 ST_GPa 2        0.008190        0.211499       -0.000005
 ST_GPa 3       -0.000008       -0.000005       -0.013384
  
 --------------------------------------------------
 STRESS (a.u.)
 --------------------------------------------------
 ST_AU  1   7.5101217122E-06   2.7837339880E-07  -2.7624204076E-10
 ST_AU  2   2.7837339880E-07   7.1887203754E-06  -1.7074329073E-10
 ST_AU  3  -2.7624204076E-10  -1.7074329073E-10  -4.5492242549E-07
; Cell optimization at step 22, max(stress):  0.7510E-05, total energy:  -46.832354    ;
##############################################################################
#                               FINAL ENERGIES                       time    #
##############################################################################
# Thomas-Fermi Kin. Energy =   4.873686588973E+02 eV                 0.000 s #
# Von-Weizsacker Kin. Ener =   3.961336353724E+01 eV                 0.000 s #
# Wang-Teter Kinetic Energ =  -1.490043918954E+01 eV                 0.000 s #
#                                                                            #
#     LDA Exch-Corr Energy =  -4.878201735115E+02 eV                 0.000 s #
#         Coulombic Energy =   2.726430097226E+00 eV                 0.000 s #
#      Ion-Electron Energy =   3.429200174775E+02 eV                 0.000 s #
#           Ion-Ion Energy =  -1.644280990729E+03 eV                 0.000 s #
#                                                                            #
#     TOTAL KINETIC ENERGY =   5.120815832450E+02 eV                         #
#   TOTAL POTENTIAL ENERGY =  -1.786454716666E+03 eV                         #
#             TOTAL ENERGY =  -1.274373133421E+03 eV                         #
##############################################################################
  
 ----------------------------- TIME INFORMATION ------------------------------
    PROFESS      :     68.33s WALL    100.00% (       1 calls)    68.33s/call
    InitPROFESS  :      0.47s WALL      0.69% (       1 calls)     0.47s/call
    KEDFRefresh  :      6.16s WALL      9.02% (      22 calls)     0.28s/call
    IonRefresh   :      0.44s WALL      0.64% (      37 calls)     0.01s/call
    EwaldEnergy  :      0.19s WALL      0.28% (      37 calls)     0.01s/call
    Pot_Ion      :      0.11s WALL      0.16% (    1568 calls)     0.00s/call
    Pot_Har      :      3.61s WALL      5.28% (    1568 calls)     0.00s/call
    Pot_Exc      :      9.32s WALL     13.64% (    1568 calls)     0.01s/call
    Pot_KEDF     :     44.38s WALL     64.95% (    1568 calls)     0.03s/call
    VWPotSqrPlus :      2.90s WALL      4.24% (    1568 calls)     0.00s/call
    NextGradient :      0.10s WALL      0.14% (     143 calls)     0.00s/call
    CalForce     :      0.44s WALL      0.64% (      37 calls)     0.01s/call
    EwaldForces  :      0.26s WALL      0.38% (      37 calls)     0.01s/call
    CalStress    :      1.01s WALL      1.48% (      22 calls)     0.05s/call
    EwaldStress  :      0.06s WALL      0.09% (      22 calls)     0.00s/call
 -----------------------------------------------------------------------------
 ------------------------------- TOTAL ---------------------------------------
    PROFESS      :     68.33s WALL    100.00% (       1 calls)    68.33s/call
 -----------------------------------------------------------------------------

Run completed on: 08/13/2021 at 22:06:17 
  
