 ******************************************************************************
                             WELCOME TO PROFESS                   
            (PRinceton Orbital-Free Electronic Structure Software) 
 ******************************************************************************

 ------------------------------------------------------------------------------
                           READ GEOMETRY
 Cell length (Bohr)    8.234E+00   8.234E+00   8.234E+00
 Angle     (Degree)    6.000E+01   6.000E+01   6.000E+01
 Volume    (Bohr^3)    3.948E+02

 ------------------------------------------------------------------------------
                           READ PSEUDOPOTENTIAL
 Total electron number in ReadPseudo is    8.0000000000000000     
 (System) Machine Precision              :    2.2204460492503131E-016

 ------------------------------------------------------------------------------
                           SETUP FFT
 Global FFT Dimension :    45   45   45
 Dimension of rho for this processor : 
 xmin, xmax :            0          44
 ymin, ymax :            0          44
 zmin, zmax :            0          44
 Total electron number =    8.0000000000000000     
 Uniform rhoR =    2.0265620572562273E-002
 (GB INFO) FFT size      :       45      45      45
 (GB INFO) FFT offset    :        0
 (GB INFO) FFT G size    :       23      45      45
 (GB INFO) FFT G offset  :        0

 ------------------------------------------------------------------------------
                           SETUP KEDF
 kinetic energy density functional number is            5
 ( 1=TF, 2=VW, 3=TF+VW, 4=WT,  5=WGC,  
   7=LQ, 8=HQ, 10=CAT,  11=HC, 12=WGCD,
   15=GGA, 16=WGCD+GGA, 17=EVT, 18=EVC )
 qTable dimension:    23   45   45
 Coefficient for TF KEDF is     1.0000
 Coefficient for VW KEDF is     1.0000
 Coefficient for alpha in WGC KEDF is     1.2060
 Coefficient for beta  in WGC KEDF is     0.4607
 Coefficient for gamma in WGC KEDF is     4.2000
 rho0 (Electron/Bohr^3) in WGC KEDF is     0.0203
 rhoS (Electron/Bohr^3) in WGC KEDF is     0.0203
 hold0 =  F
 holdS =  F
  dV of each real space grid is now    4.3320408020351454E-003
 Cell length (Bohr)    8.234E+00   8.234E+00   8.234E+00
 Angle     (Degree)    6.000E+01   6.000E+01   6.000E+01
 Volume    (Bohr^3)    3.948E+02

 ------------------------------------------------------------------------------
                           SETUP EWALD 
 (Ewald) eta                             :    1.200    
 (Ewald) Real Space Cutoff               :    6.000     (Bohr)
 (Ewald) Reciprocal Cutoff               :    16.79     (1/Bohr)

 ------------------------------------------------------------------------------
                           SETUP PLANE WAVE 

 ------------------------------------------------------------------------------
                           INITIALIZING WGC KERNEL
 Fermi vector :   0.84345186419486884     
 Reference density :    2.0265620572562273E-002
 Make WGC kernels.
 Dimension of KEDF Kernel :           23          45          45

 ------------------------------------------------------------------------------
                           REFRESH ION POSITIONS
  
 Calculating Ion-Ion Energy ...                   complete.     0.023 s
  
 Calculating Ion-Electron Potential (spline) ... 
 complete.     0.062 s

 ------------------------------------------------------------------------------
                           DENSITY OPTIMIZATION
 Electron number for spin            1  is    8.0000000000186766     
 Cell Volume      :            58.496984 Angstrom^3
 Ion number       :                    2
 Electron number  :             8.000000
 Ion density      :             0.034190 Ion/Angstrom^3
 Electron density :             0.136759 Electron/Angstrom^3
 Print density file to GaSb/GaSb.den                                     
##############################################################################
#                               FINAL ENERGIES                       time    #
##############################################################################
# Thomas-Fermi Kin. Energy =   6.234847419364E+01 eV                 0.000 s #
# Von-Weizsacker Kin. Ener =   2.340413682574E+01 eV                 0.000 s #
#       WGC Kinetic Energy =  -1.676409801573E+01 eV                 0.000 s #
#                                                                            #
# GGA(PBE) Exch-Cor Energy =  -5.975578474512E+01 eV                 0.000 s #
#         Coulombic Energy =   1.653516983455E+01 eV                 0.000 s #
#      Ion-Electron Energy =  -2.272805613464E+01 eV                 0.000 s #
#           Ion-Ion Energy =  -2.102453986921E+02 eV                 0.000 s #
#                                                                            #
#     TOTAL KINETIC ENERGY =   6.898851300365E+01 eV                         #
#   TOTAL POTENTIAL ENERGY =  -2.761940697373E+02 eV                         #
#             TOTAL ENERGY =  -2.072055567336E+02 eV                         #
##############################################################################
  
 ----------------------------- TIME INFORMATION ------------------------------
    PROFESS      :    123.46s WALL    100.00% (       1 calls)   123.46s/call
    InitPROFESS  :      0.18s WALL      0.14% (       1 calls)     0.18s/call
    KEDFRefresh  :      0.04s WALL      0.04% (       1 calls)     0.04s/call
    IonRefresh   :      0.09s WALL      0.07% (       1 calls)     0.09s/call
    EwaldEnergy  :      0.02s WALL      0.02% (       1 calls)     0.02s/call
    ForwFFT_3D   :     22.93s WALL     18.57% (    3867 calls)     0.01s/call
    BackFFT_3D   :     19.55s WALL     15.84% (    3865 calls)     0.01s/call
    Pot_Ion      :      0.39s WALL      0.31% (     322 calls)     0.00s/call
    Pot_Har      :      3.81s WALL      3.09% (     322 calls)     0.01s/call
    Pot_Exc      :     67.87s WALL     54.97% (     322 calls)     0.21s/call
    PBEPot       :     65.21s WALL     52.82% (     322 calls)     0.20s/call
    Pot_KEDF     :     44.96s WALL     36.42% (     322 calls)     0.14s/call
    WGCPotPlus   :     37.12s WALL     30.07% (     322 calls)     0.12s/call
    VWPotSqrPlus :      2.56s WALL      2.08% (     322 calls)     0.01s/call
    NextGradient :      0.11s WALL      0.09% (      13 calls)     0.01s/call
 -----------------------------------------------------------------------------
 ------------------------------- TOTAL ---------------------------------------
    PROFESS      :    123.46s WALL    100.00% (       1 calls)   123.46s/call
 -----------------------------------------------------------------------------

Run completed on: 07/31/2024 at 01:51:07 
  
