 ******************************************************************************
                             WELCOME TO PROFESS                   
            (PRinceton Orbital-Free Electronic Structure Software) 
 ******************************************************************************

 ------------------------------------------------------------------------------
                           READ GEOMETRY
 Cell length (Bohr)    9.049E+00   9.049E+00   9.049E+00
 Angle     (Degree)    6.000E+01   6.000E+01   6.000E+01
 Volume    (Bohr^3)    5.240E+02

 ------------------------------------------------------------------------------
                           READ PSEUDOPOTENTIAL
 Total electron number in ReadPseudo is    8.0000000000000000     
 (System) Machine Precision              :    2.2204460492503131E-016

 ------------------------------------------------------------------------------
                           SETUP FFT
 Global FFT Dimension :    45   45   45
 Dimension of rho for this processor : 
 xmin, xmax :            0          44
 ymin, ymax :            0          44
 zmin, zmax :            0          44
 Total electron number =    8.0000000000000000     
 Uniform rhoR =    1.5267593638802106E-002
 (GB INFO) FFT size      :       45      45      45
 (GB INFO) FFT offset    :        0
 (GB INFO) FFT G size    :       23      45      45
 (GB INFO) FFT G offset  :        0

 ------------------------------------------------------------------------------
                           SETUP KEDF
 kinetic energy density functional number is            5
 ( 1=TF, 2=VW, 3=TF+VW, 4=WT,  5=WGC,  
   7=LQ, 8=HQ, 10=CAT,  11=HC, 12=WGCD,
   15=GGA, 16=WGCD+GGA, 17=EVT, 18=EVC )
 qTable dimension:    23   45   45
 Coefficient for TF KEDF is     1.0000
 Coefficient for VW KEDF is     1.0000
 Coefficient for alpha in WGC KEDF is     1.2060
 Coefficient for beta  in WGC KEDF is     0.4607
 Coefficient for gamma in WGC KEDF is     4.2000
 rho0 (Electron/Bohr^3) in WGC KEDF is     0.0153
 rhoS (Electron/Bohr^3) in WGC KEDF is     0.0153
 hold0 =  F
 holdS =  F
  dV of each real space grid is now    5.7501854762353182E-003
 Cell length (Bohr)    9.049E+00   9.049E+00   9.049E+00
 Angle     (Degree)    6.000E+01   6.000E+01   6.000E+01
 Volume    (Bohr^3)    5.240E+02

 ------------------------------------------------------------------------------
                           SETUP EWALD 
 (Ewald) eta                             :    1.200    
 (Ewald) Real Space Cutoff               :    6.000     (Bohr)
 (Ewald) Reciprocal Cutoff               :    15.28     (1/Bohr)

 ------------------------------------------------------------------------------
                           SETUP PLANE WAVE 

 ------------------------------------------------------------------------------
                           INITIALIZING WGC KERNEL
 Fermi vector :   0.76747434015494143     
 Reference density :    1.5267593638802106E-002
 Make WGC kernels.
 Dimension of KEDF Kernel :           23          45          45

 ------------------------------------------------------------------------------
                           REFRESH ION POSITIONS
  
 Calculating Ion-Ion Energy ...                   complete.     0.018 s
  
 Calculating Ion-Electron Potential (spline) ... 
 complete.     0.051 s

 ------------------------------------------------------------------------------
                           DENSITY OPTIMIZATION
 Electron number for spin            1  is    7.9999999999918252     
 Cell Volume      :            77.646662 Angstrom^3
 Ion number       :                    2
 Electron number  :             8.000000
 Ion density      :             0.025758 Ion/Angstrom^3
 Electron density :             0.103031 Electron/Angstrom^3
##############################################################################
#                               FINAL ENERGIES                       time    #
##############################################################################
# Thomas-Fermi Kin. Energy =   5.565807403164E+01 eV                 0.000 s #
# Von-Weizsacker Kin. Ener =   2.439197548859E+01 eV                 0.000 s #
#       WGC Kinetic Energy =  -1.697925486470E+01 eV                 0.000 s #
#                                                                            #
# GGA(PBE) Exch-Cor Energy =  -5.653837008126E+01 eV                 0.000 s #
#         Coulombic Energy =   1.999509445522E+01 eV                 0.000 s #
#      Ion-Electron Energy =  -3.531872160703E+01 eV                 0.000 s #
#           Ion-Ion Energy =  -1.913066479495E+02 eV                 0.000 s #
#                                                                            #
#     TOTAL KINETIC ENERGY =   6.307079465554E+01 eV                         #
#   TOTAL POTENTIAL ENERGY =  -2.631686451826E+02 eV                         #
#             TOTAL ENERGY =  -2.000978505271E+02 eV                         #
##############################################################################
  
 ----------------------------- TIME INFORMATION ------------------------------
    PROFESS      :     39.47s WALL    100.00% (       1 calls)    39.47s/call
    InitPROFESS  :      0.19s WALL      0.48% (       1 calls)     0.19s/call
    KEDFRefresh  :      0.06s WALL      0.15% (       1 calls)     0.06s/call
    IonRefresh   :      0.08s WALL      0.20% (       1 calls)     0.08s/call
    EwaldEnergy  :      0.02s WALL      0.05% (       1 calls)     0.02s/call
    ForwFFT_3D   :      8.39s WALL     21.26% (    3711 calls)     0.00s/call
    BackFFT_3D   :      7.82s WALL     19.81% (    3709 calls)     0.00s/call
    Pot_Ion      :      0.11s WALL      0.28% (     309 calls)     0.00s/call
    Pot_Har      :      1.52s WALL      3.86% (     309 calls)     0.00s/call
    Pot_Exc      :     19.93s WALL     50.48% (     309 calls)     0.06s/call
    PBEPot       :     19.10s WALL     48.40% (     309 calls)     0.06s/call
    Pot_KEDF     :     16.00s WALL     40.54% (     309 calls)     0.05s/call
    WGCPotPlus   :     12.85s WALL     32.56% (     309 calls)     0.04s/call
    VWPotSqrPlus :      1.22s WALL      3.09% (     309 calls)     0.00s/call
    NextGradient :      0.03s WALL      0.07% (      12 calls)     0.00s/call
 -----------------------------------------------------------------------------
 ------------------------------- TOTAL ---------------------------------------
    PROFESS      :     39.47s WALL    100.00% (       1 calls)    39.47s/call
 -----------------------------------------------------------------------------

Run completed on: 07/30/2024 at 20:55:44 
  
