 ******************************************************************************
                             WELCOME TO PROFESS                   
            (PRinceton Orbital-Free Electronic Structure Software) 
 ******************************************************************************

 ------------------------------------------------------------------------------
                           READ GEOMETRY
 Cell length (Bohr)    6.863E+00   6.863E+00   1.126E+01
 Angle     (Degree)    9.000E+01   9.000E+01   1.200E+02
 Volume    (Bohr^3)    4.595E+02

 ------------------------------------------------------------------------------
                           READ PSEUDOPOTENTIAL
 Total electron number in ReadPseudo is    16.000000000000000     
 (System) Machine Precision              :    2.2204460492503131E-016

 ------------------------------------------------------------------------------
                           SETUP FFT
 Global FFT Dimension :    35   35   56
 Dimension of rho for this processor : 
 xmin, xmax :            0          34
 ymin, ymax :            0          34
 zmin, zmax :            0          55
 Total electron number =    16.000000000000000     
 Uniform rhoR =    3.4822754107769291E-002
 (GB INFO) FFT size      :       35      35      56
 (GB INFO) FFT offset    :        0
 (GB INFO) FFT G size    :       18      35      56
 (GB INFO) FFT G offset  :        0

 ------------------------------------------------------------------------------
                           SETUP KEDF
 kinetic energy density functional number is            5
 ( 1=TF, 2=VW, 3=TF+VW, 4=WT,  5=WGC,  
   7=LQ, 8=HQ, 10=CAT,  11=HC, 12=WGCD,
   15=GGA, 16=WGCD+GGA, 17=EVT, 18=EVC )
 qTable dimension:    18   35   56
 Coefficient for TF KEDF is     1.0000
 Coefficient for VW KEDF is     1.0000
 Coefficient for alpha in WGC KEDF is     1.2060
 Coefficient for beta  in WGC KEDF is     0.4607
 Coefficient for gamma in WGC KEDF is     4.2000
 rho0 (Electron/Bohr^3) in WGC KEDF is     0.0348
 rhoS (Electron/Bohr^3) in WGC KEDF is     0.0348
 hold0 =  F
 holdS =  F
  dV of each real space grid is now    6.6978088775425521E-003
 Cell length (Bohr)    6.863E+00   6.863E+00   1.126E+01
 Angle     (Degree)    9.000E+01   9.000E+01   1.200E+02
 Volume    (Bohr^3)    4.595E+02

 ------------------------------------------------------------------------------
                           SETUP EWALD 
 (Ewald) eta                             :    1.200    
 (Ewald) Real Space Cutoff               :    6.000     (Bohr)
 (Ewald) Reciprocal Cutoff               :    15.34     (1/Bohr)

 ------------------------------------------------------------------------------
                           SETUP PLANE WAVE 

 ------------------------------------------------------------------------------
                           INITIALIZING WGC KERNEL
 Fermi vector :    1.0102480917197718     
 Reference density :    3.4822754107769291E-002
 Make WGC kernels.
 Dimension of KEDF Kernel :           18          35          56

 ------------------------------------------------------------------------------
                           REFRESH ION POSITIONS
  
 Calculating Ion-Ion Energy ...                   complete.     0.008 s
  
 Calculating Ion-Electron Potential (spline) ... 
 complete.     0.016 s

 ------------------------------------------------------------------------------
                           DENSITY OPTIMIZATION
 Electron number for spin            1  is    15.999999999998609     
 Cell Volume      :            68.086382 Angstrom^3
 Ion number       :                    4
 Electron number  :            16.000000
 Ion density      :             0.058749 Ion/Angstrom^3
 Electron density :             0.234996 Electron/Angstrom^3
  
 ----------------------------- TIME INFORMATION ------------------------------
    PROFESS      :     24.53s WALL    100.00% (       1 calls)    24.53s/call
    InitPROFESS  :      0.12s WALL      0.49% (       1 calls)     0.12s/call
    KEDFRefresh  :      0.03s WALL      0.14% (       1 calls)     0.03s/call
    IonRefresh   :      0.03s WALL      0.11% (       1 calls)     0.03s/call
    EwaldEnergy  :      0.01s WALL      0.03% (       1 calls)     0.01s/call
    ForwFFT_3D   :      4.03s WALL     16.41% (    1527 calls)     0.00s/call
    BackFFT_3D   :      3.72s WALL     15.14% (    1525 calls)     0.00s/call
    Pot_Ion      :      0.07s WALL      0.30% (     127 calls)     0.00s/call
    Pot_Har      :      0.67s WALL      2.72% (     127 calls)     0.01s/call
    Pot_Exc      :     13.54s WALL     55.18% (     127 calls)     0.11s/call
    PBEPot       :     12.91s WALL     52.61% (     127 calls)     0.10s/call
    Pot_KEDF     :      9.09s WALL     37.07% (     127 calls)     0.07s/call
    WGCPotPlus   :      7.39s WALL     30.11% (     127 calls)     0.06s/call
    VWPotSqrPlus :      0.55s WALL      2.24% (     127 calls)     0.00s/call
    NextGradient :      0.02s WALL      0.07% (       6 calls)     0.00s/call
 -----------------------------------------------------------------------------
