 ******************************************************************************
                             WELCOME TO PROFESS                   
            (PRinceton Orbital-Free Electronic Structure Software) 
 ******************************************************************************

 ------------------------------------------------------------------------------
                           READ GEOMETRY
 Cell length (Bohr)    1.003E+01   1.003E+01   1.003E+01
 Angle     (Degree)    9.000E+01   9.000E+01   9.000E+01
 Volume    (Bohr^3)    1.009E+03

 ------------------------------------------------------------------------------
                           READ PSEUDOPOTENTIAL
 Total electron number in ReadPseudo is    28.000000000000000     
 (System) Machine Precision              :    2.2204460492503131E-016

 ------------------------------------------------------------------------------
                           SETUP FFT
 Global FFT Dimension :    28   28   28
 Rank/Size in Global Communicator     :            0 /           1
 Rank/Size in Global FFT Communicator :            0 /           1
 Parallel FFT, totX    =    28
 Parallel FFT, totY    =    28
 Parallel FFT, locZ    =    28
 Parallel FFT, locZoff =     0
 Dimension of rho for this processor : 
 xmin, xmax :            0          27
 ymin, ymax :            0          27
 zmin, zmax :            0          27
 Total electron number =    28.000000000000000     
 Uniform rhoR =    2.7748610108236205E-002
 (GB INFO) FFT size      :       28      28      28
 (GB INFO) FFT offset    :        0
 (GB INFO) FFT G size    :       15      28      28
 (GB INFO) FFT G offset  :        0

 ------------------------------------------------------------------------------
                           SETUP KEDF
 kinetic energy density functional number is            4
 ( 1=TF, 2=VW, 3=TF+VW, 4=WT,  5=WGC,  
   7=LQ, 8=HQ, 10=CAT,  11=HC, 12=WGCD,
   15=GGA, 16=WGCD+GGA, 17=EVT, 18=EVC )
 qTable dimension:    15   28   28
 Coefficient for TF KEDF is     1.0000
 Coefficient for VW KEDF is     1.0000
 Coefficient for alpha in WT KEDF is     0.8333
 Coefficient for beta  in WT KEDF is     0.8333
 rho0 (Electron/Bohr^3) in WGC KEDF is     0.0277
 hold0 =  F
  dV of each real space grid is now    4.5966633972165764E-002
 Cell length (Bohr)    1.003E+01   1.003E+01   1.003E+01
 Angle     (Degree)    9.000E+01   9.000E+01   9.000E+01
 Volume    (Bohr^3)    1.009E+03

 ------------------------------------------------------------------------------
                           SETUP EWALD 
 (Ewald) eta                             :   0.7714    
 (Ewald) Real Space Cutoff               :    6.556     (Bohr)
 (Ewald) Reciprocal Cutoff               :    8.457     (1/Bohr)

 ------------------------------------------------------------------------------
                           SETUP PLANE WAVE 
 Read in WT kernel.
 kernel file name  : 10PROFESS_KERNEL.dat          
 KEDF type         :     4
 Fermi vector      :   1.182014212099E+00
 Reference density :  -1.000000000000E+00
 Mesh points       :   200002
 Fermi vector in this cell is    1.8731996758310681     
 Fermi vector from kernel file is    1.1820142120987149     
 First qNorm is    0.0000000000000000     
 size of Wang-Teter kernel in this run is           15          28          28
 Max |G| in this calculation is   1.519018043217E+01
 Max eta used from kernel is   8.109215813005E+00

 ------------------------------------------------------------------------------
                           REFRESH ION POSITIONS
  
 Calculating Ion-Ion Energy ...                   complete.     0.001 s
  
 Calculating Ion-Electron Potential (spline) ... 
 complete.     0.002 s

 ------------------------------------------------------------------------------
                           DENSITY OPTIMIZATION
 Electron number for spin            1  is    27.999999999997101     
 Cell Volume      :           149.527196 Angstrom^3
 Ion number       :                    7
 Electron number  :            28.000000
 Ion density      :             0.046814 Ion/Angstrom^3
 Electron density :             0.187257 Electron/Angstrom^3
##############################################################################
#                               FINAL ENERGIES                       time    #
##############################################################################
# Thomas-Fermi Kin. Energy =   2.624844072548E+02 eV                 0.000 s #
# Von-Weizsacker Kin. Ener =   8.374736698254E+01 eV                 0.000 s #
# Wang-Teter Kinetic Energ =  -6.423322898407E+01 eV                 0.000 s #
#                                                                            #
#     LDA Exch-Corr Energy =  -2.263203476424E+02 eV                 0.000 s #
#         Coulombic Energy =   6.914661063704E+01 eV                 0.000 s #
#      Ion-Electron Energy =  -1.276364145726E+02 eV                 0.000 s #
#           Ion-Ion Energy =  -7.630627106932E+02 eV                 0.000 s #
#                                                                            #
#     TOTAL KINETIC ENERGY =   2.819985452533E+02 eV                         #
#   TOTAL POTENTIAL ENERGY =  -1.047872862271E+03 eV                         #
#             TOTAL ENERGY =  -7.658743170179E+02 eV                         #
##############################################################################
  
 ----------------------------- TIME INFORMATION ------------------------------
    PROFESS      :      1.43s WALL    100.00% (       1 calls)     1.43s/call
    InitPROFESS  :      0.20s WALL     14.29% (       1 calls)     0.20s/call
    KEDFRefresh  :      0.19s WALL     13.32% (       1 calls)     0.19s/call
    IonRefresh   :      0.00s WALL      0.24% (       1 calls)     0.00s/call
    EwaldEnergy  :      0.00s WALL      0.11% (       1 calls)     0.00s/call
    Pot_Ion      :      0.00s WALL      0.14% (      94 calls)     0.00s/call
    Pot_Har      :      0.05s WALL      3.42% (      94 calls)     0.00s/call
    Pot_Exc      :      0.19s WALL     12.96% (      94 calls)     0.00s/call
    Pot_KEDF     :      0.82s WALL     57.56% (      94 calls)     0.01s/call
    VWPotSqrPlus :      0.05s WALL      3.29% (      94 calls)     0.00s/call
    NextGradient :      0.00s WALL      0.10% (       7 calls)     0.00s/call
 -----------------------------------------------------------------------------
 ------------------------------- TOTAL ---------------------------------------
    PROFESS      :      1.43s WALL    100.00% (       1 calls)     1.43s/call
 -----------------------------------------------------------------------------

Run completed on: 11/17/2021 at 17:12:46 
  
