 ******************************************************************************
                             WELCOME TO PROFESS                   
            (PRinceton Orbital-Free Electronic Structure Software) 
 ******************************************************************************

 ------------------------------------------------------------------------------
                           READ GEOMETRY
 Cell length (Bohr)    4.468E+01   4.468E+01   4.468E+01
 Angle     (Degree)    9.000E+01   9.000E+01   9.000E+01
 Volume    (Bohr^3)    8.917E+04

 ------------------------------------------------------------------------------
                           READ PSEUDOPOTENTIAL
 Total electron number in ReadPseudo is    2589.0000000000000     
 (System) Machine Precision              :    2.2204460492503131E-016

 ------------------------------------------------------------------------------
                           SETUP FFT
 Global FFT Dimension :   112  112  112
 Rank/Size in Global Communicator     :            0 /           1
 Rank/Size in Global FFT Communicator :            0 /           1
 Parallel FFT, totX    =   112
 Parallel FFT, totY    =   112
 Parallel FFT, locZ    =   112
 Parallel FFT, locZoff =     0
 Dimension of rho for this processor : 
 xmin, xmax :            0         111
 ymin, ymax :            0         111
 zmin, zmax :            0         111
 Total electron number =    2589.0000000000000     
 Uniform rhoR =    2.9034261417543214E-002
 (GB INFO) FFT size      :      112     112     112
 (GB INFO) FFT offset    :        0
 (GB INFO) FFT G size    :       57     112     112
 (GB INFO) FFT G offset  :        0

 ------------------------------------------------------------------------------
                           SETUP KEDF
 kinetic energy density functional number is            4
 ( 1=TF, 2=VW, 3=TF+VW, 4=WT,  5=WGC,  
   7=LQ, 8=HQ, 10=CAT,  11=HC, 12=WGCD,
   15=GGA, 16=WGCD+GGA, 17=EVT, 18=EVC )
 qTable dimension:    57  112  112
 Coefficient for TF KEDF is     1.0000
 Coefficient for VW KEDF is     1.0000
 Coefficient for alpha in WT KEDF is     0.8333
 Coefficient for beta  in WT KEDF is     0.8333
 rho0 (Electron/Bohr^3) in WGC KEDF is     0.0290
 hold0 =  F
  dV of each real space grid is now    6.3469810204142371E-002
 Cell length (Bohr)    4.468E+01   4.468E+01   4.468E+01
 Angle     (Degree)    9.000E+01   9.000E+01   9.000E+01
 Volume    (Bohr^3)    8.917E+04

 ------------------------------------------------------------------------------
                           SETUP EWALD 
 (Ewald) eta                             :   0.6232    
 (Ewald) Real Space Cutoff               :    8.858     (Bohr)
 (Ewald) Reciprocal Cutoff               :    7.805     (1/Bohr)

 ------------------------------------------------------------------------------
                           SETUP PLANE WAVE 
 Read in WT kernel.
 kernel file name  : 8PROFESS_KERNEL.dat           
 KEDF type         :     4
 Fermi vector      :   1.182014212099E+00
 Reference density :  -1.000000000000E+00
 Mesh points       :   200002
 Fermi vector in this cell is    1.9016937972839374     
 Fermi vector from kernel file is    1.1820142120987149     
 First qNorm is    0.0000000000000000     
 size of Wang-Teter kernel in this run is           57         112         112
 Max |G| in this calculation is   1.364126880314E+01
 Max eta used from kernel is   7.173220432557E+00

 ------------------------------------------------------------------------------
                           REFRESH ION POSITIONS
  
 Calculating Ion-Ion Energy ...                   complete.     0.262 s
  
 Calculating Ion-Electron Potential (spline) ... 
 complete.     0.132 s

 ------------------------------------------------------------------------------
                           DENSITY OPTIMIZATION
 Electron number for spin            1  is    2588.9999999653865     
 Cell Volume      :         13213.706644 Angstrom^3
 Ion number       :                  863
 Electron number  :          2589.000000
 Ion density      :             0.065311 Ion/Angstrom^3
 Electron density :             0.195933 Electron/Angstrom^3
##############################################################################
#                               FINAL ENERGIES                       time    #
##############################################################################
# Thomas-Fermi Kin. Energy =   1.949354097788E+04 eV                 0.000 s #
# Von-Weizsacker Kin. Ener =   1.690806186664E+03 eV                 0.000 s #
# Wang-Teter Kinetic Energ =  -7.753019809377E+02 eV                 0.000 s #
#                                                                            #
#     LDA Exch-Corr Energy =  -1.930159294821E+04 eV                 0.000 s #
#         Coulombic Energy =   1.553364851380E+02 eV                 0.000 s #
#      Ion-Electron Energy =   1.369530850698E+04 eV                 0.000 s #
#           Ion-Ion Energy =  -6.500191224485E+04 eV                 0.000 s #
#                                                                            #
#     TOTAL KINETIC ENERGY =   2.040904518360E+04 eV                         #
#   TOTAL POTENTIAL ENERGY =  -7.045286020094E+04 eV                         #
#             TOTAL ENERGY =  -5.004381501734E+04 eV                         #
##############################################################################
  
 ----------------------------- TIME INFORMATION ------------------------------
    PROFESS      :     68.98s WALL    100.00% (       1 calls)    68.98s/call
    InitPROFESS  :      0.79s WALL      1.15% (       1 calls)     0.79s/call
    KEDFRefresh  :      0.33s WALL      0.47% (       1 calls)     0.33s/call
    IonRefresh   :      0.43s WALL      0.63% (       1 calls)     0.43s/call
    EwaldEnergy  :      0.26s WALL      0.38% (       1 calls)     0.26s/call
    Pot_Ion      :      0.15s WALL      0.22% (      84 calls)     0.00s/call
    Pot_Har      :      4.03s WALL      5.85% (      84 calls)     0.05s/call
    Pot_Exc      :     10.32s WALL     14.96% (      84 calls)     0.12s/call
    Pot_KEDF     :     50.47s WALL     73.18% (      84 calls)     0.60s/call
    VWPotSqrPlus :      3.86s WALL      5.60% (      84 calls)     0.05s/call
    NextGradient :      0.18s WALL      0.26% (       9 calls)     0.02s/call
 -----------------------------------------------------------------------------
 ------------------------------- TOTAL ---------------------------------------
    PROFESS      :     68.98s WALL    100.00% (       1 calls)    68.98s/call
 -----------------------------------------------------------------------------

Run completed on: 08/13/2021 at 20:08:21 
  
