 ******************************************************************************
                             WELCOME TO PROFESS                   
            (PRinceton Orbital-Free Electronic Structure Software) 
 ******************************************************************************

 ------------------------------------------------------------------------------
                           READ GEOMETRY
 Cell length (Bohr)    5.695E+00   5.695E+00   5.695E+00
 Angle     (Degree)    1.095E+02   1.095E+02   1.095E+02
 Volume    (Bohr^3)    1.422E+02

 ------------------------------------------------------------------------------
                           READ PSEUDOPOTENTIAL
 Total electron number in ReadPseudo is    2.0000000000000000     
 (System) Machine Precision              :    2.2204460492503131E-016

 ------------------------------------------------------------------------------
                           SETUP FFT
 Global FFT Dimension :    14   14   14
 Rank/Size in Global Communicator     :            0 /           1
 Rank/Size in Global FFT Communicator :            0 /           1
 Parallel FFT, totX    =    14
 Parallel FFT, totY    =    14
 Parallel FFT, locZ    =    14
 Parallel FFT, locZoff =     0
 Dimension of rho for this processor : 
 xmin, xmax :            0          13
 ymin, ymax :            0          13
 zmin, zmax :            0          13
 Total electron number =    2.0000000000000000     
 Uniform rhoR =    1.4068325130394020E-002
 (GB INFO) FFT size      :       14      14      14
 (GB INFO) FFT offset    :        0
 (GB INFO) FFT G size    :        8      14      14
 (GB INFO) FFT G offset  :        0

 ------------------------------------------------------------------------------
                           SETUP KEDF
 kinetic energy density functional number is            5
 ( 1=TF, 2=VW, 3=TF+VW, 4=WT,  5=WGC,  
   7=LQ, 8=HQ, 10=CAT,  11=HC, 12=WGCD,
   15=GGA, 16=WGCD+GGA, 17=EVT, 18=EVC )
 qTable dimension:     8   14   14
 Coefficient for TF KEDF is     1.0000
 Coefficient for VW KEDF is     1.0000
 Coefficient for alpha in WGC KEDF is     1.2060
 Coefficient for beta  in WGC KEDF is     0.4607
 Coefficient for gamma in WGC KEDF is     2.7000
 rho0 (Electron/Bohr^3) in WGC KEDF is     0.0141
 rhoS (Electron/Bohr^3) in WGC KEDF is     0.0141
 hold0 =  F
 holdS =  F
  dV of each real space grid is now    5.1808795077265837E-002
 Cell length (Bohr)    5.695E+00   5.695E+00   5.695E+00
 Angle     (Degree)    1.095E+02   1.095E+02   1.095E+02
 Volume    (Bohr^3)    1.422E+02

 ------------------------------------------------------------------------------
                           SETUP EWALD 
 (Ewald) eta                             :   0.7184    
 (Ewald) Real Space Cutoff               :    6.593     (Bohr)
 (Ewald) Reciprocal Cutoff               :    7.172     (1/Bohr)

 ------------------------------------------------------------------------------
                           SETUP PLANE WAVE 

 ------------------------------------------------------------------------------
                           INITIALIZING WGC KERNEL
 Fermi vector :   0.74682892885841634     
 Reference density :    1.4068325130394020E-002
 Make WGC kernels.
 Dimension of KEDF Kernel :            8          14          14

 ------------------------------------------------------------------------------
                           REFRESH ION POSITIONS
  
 Calculating Ion-Ion Energy ...                   complete.     0.000 s
  
 Calculating Ion-Electron Potential (spline) ... 
 complete.     0.000 s

 ------------------------------------------------------------------------------
                           DENSITY OPTIMIZATION
 Electron number for spin            1  is    2.0000000000001061     
 Cell Volume      :            21.066432 Angstrom^3
 Ion number       :                    1
 Electron number  :             2.000000
 Ion density      :             0.047469 Ion/Angstrom^3
 Electron density :             0.094938 Electron/Angstrom^3
##############################################################################
#                               FINAL ENERGIES                       time    #
##############################################################################
# Thomas-Fermi Kin. Energy =   9.271074752658E+00 eV                 0.000 s #
# Von-Weizsacker Kin. Ener =   9.152769061112E-01 eV                 0.000 s #
#       WGC Kinetic Energy =  -3.176996436908E-01 eV                 0.000 s #
#                                                                            #
#     LDA Exch-Corr Energy =  -1.197117763635E+01 eV                 0.000 s #
#         Coulombic Energy =   6.159336764013E-02 eV                 0.000 s #
#      Ion-Electron Energy =   7.538361244746E+00 eV                 0.000 s #
#           Ion-Ion Energy =  -3.011974806631E+01 eV                 0.000 s #
#                                                                            #
#     TOTAL KINETIC ENERGY =   9.868652015078E+00 eV                         #
#   TOTAL POTENTIAL ENERGY =  -3.449097109027E+01 eV                         #
#             TOTAL ENERGY =  -2.462231907519E+01 eV                         #
##############################################################################
  
 ----------------------------- TIME INFORMATION ------------------------------
    PROFESS      :      0.51s WALL    100.00% (       1 calls)     0.51s/call
    InitPROFESS  :      0.04s WALL      8.13% (       1 calls)     0.04s/call
    KEDFRefresh  :      0.01s WALL      2.84% (       1 calls)     0.01s/call
    IonRefresh   :      0.00s WALL      0.10% (       1 calls)     0.00s/call
    EwaldEnergy  :      0.00s WALL      0.05% (       1 calls)     0.00s/call
    Pot_Ion      :      0.00s WALL      0.05% (      80 calls)     0.00s/call
    Pot_Har      :      0.01s WALL      1.25% (      80 calls)     0.00s/call
    Pot_Exc      :      0.04s WALL      8.49% (      80 calls)     0.00s/call
    Pot_KEDF     :      0.19s WALL     36.78% (      80 calls)     0.00s/call
    WGCPotPlus   :      0.14s WALL     26.80% (      80 calls)     0.00s/call
    VWPotSqrPlus :      0.01s WALL      1.17% (      80 calls)     0.00s/call
    NextGradient :      0.00s WALL      0.05% (       6 calls)     0.00s/call
 -----------------------------------------------------------------------------
 ------------------------------- TOTAL ---------------------------------------
    PROFESS      :      0.51s WALL    100.00% (       1 calls)     0.51s/call
 -----------------------------------------------------------------------------

Run completed on: 08/19/2021 at 15:44:00 
  
