 ******************************************************************************
                             WELCOME TO PROFESS                   
            (PRinceton Orbital-Free Electronic Structure Software) 
 ******************************************************************************

 ------------------------------------------------------------------------------
                           READ GEOMETRY
 Cell length (Bohr)    4.950E+00   4.950E+00   4.950E+00
 Angle     (Degree)    6.000E+01   6.000E+01   6.000E+01
 Volume    (Bohr^3)    8.576E+01

 ------------------------------------------------------------------------------
                           READ PSEUDOPOTENTIAL
 Total electron number in ReadPseudo is    4.0000000000000000     
 (System) Machine Precision              :    2.2204460492503131E-016

 ------------------------------------------------------------------------------
                           SETUP FFT
 Global FFT Dimension :    25   25   25
 Dimension of rho for this processor : 
 xmin, xmax :            0          24
 ymin, ymax :            0          24
 zmin, zmax :            0          24
 Total electron number =    4.0000000000000000     
 Uniform rhoR =    4.6640004118839673E-002
 (GB INFO) FFT size      :       25      25      25
 (GB INFO) FFT offset    :        0
 (GB INFO) FFT G size    :       13      25      25
 (GB INFO) FFT G offset  :        0

 ------------------------------------------------------------------------------
                           SETUP KEDF
 kinetic energy density functional number is            5
 ( 1=TF, 2=VW, 3=TF+VW, 4=WT,  5=WGC,  
   7=LQ, 8=HQ, 10=CAT,  11=HC, 12=WGCD,
   15=GGA, 16=WGCD+GGA, 17=EVT, 18=EVC )
 qTable dimension:    13   25   25
 Coefficient for TF KEDF is     1.0000
 Coefficient for VW KEDF is     1.0000
 Coefficient for alpha in WGC KEDF is     1.2060
 Coefficient for beta  in WGC KEDF is     0.4607
 Coefficient for gamma in WGC KEDF is     4.2000
 rho0 (Electron/Bohr^3) in WGC KEDF is     0.0466
 rhoS (Electron/Bohr^3) in WGC KEDF is     0.0466
 hold0 =  F
 holdS =  F
  dV of each real space grid is now    5.4888502871420592E-003
 Cell length (Bohr)    4.950E+00   4.950E+00   4.950E+00
 Angle     (Degree)    6.000E+01   6.000E+01   6.000E+01
 Volume    (Bohr^3)    8.576E+01

 ------------------------------------------------------------------------------
                           SETUP EWALD 
 (Ewald) eta                             :    1.200    
 (Ewald) Real Space Cutoff               :    6.000     (Bohr)
 (Ewald) Reciprocal Cutoff               :    15.23     (1/Bohr)

 ------------------------------------------------------------------------------
                           SETUP PLANE WAVE 

 ------------------------------------------------------------------------------
                           INITIALIZING WGC KERNEL
 Fermi vector :    1.1135930882567608     
 Reference density :    4.6640004118839673E-002
 Make WGC kernels.
 Dimension of KEDF Kernel :           13          25          25

 ------------------------------------------------------------------------------
                           REFRESH ION POSITIONS
  
 Calculating Ion-Ion Energy ...                   complete.     0.002 s
  
 Calculating Ion-Electron Potential (spline) ... 
 complete.     0.002 s

 ------------------------------------------------------------------------------
                           DENSITY OPTIMIZATION
 Electron number for spin            1  is    3.9999999999987526     
 Cell Volume      :            12.708808 Angstrom^3
 Ion number       :                    1
 Electron number  :             4.000000
 Ion density      :             0.078686 Ion/Angstrom^3
 Electron density :             0.314742 Electron/Angstrom^3
##############################################################################
#                               FINAL ENERGIES                       time    #
##############################################################################
# Thomas-Fermi Kin. Energy =   4.142107746523E+01 eV                 0.000 s #
# Von-Weizsacker Kin. Ener =   3.814576714485E+00 eV                 0.000 s #
#       WGC Kinetic Energy =  -1.567648102829E+00 eV                 0.000 s #
#                                                                            #
# GGA(PBE) Exch-Cor Energy =  -3.447994149180E+01 eV                 0.000 s #
#         Coulombic Energy =   2.750369115976E-01 eV                 0.000 s #
#      Ion-Electron Energy =   2.495879108117E+01 eV                 0.000 s #
#           Ion-Ion Energy =  -1.425759968526E+02 eV                 0.000 s #
#                                                                            #
#     TOTAL KINETIC ENERGY =   4.366800607688E+01 eV                         #
#   TOTAL POTENTIAL ENERGY =  -1.518221103517E+02 eV                         #
#             TOTAL ENERGY =  -1.081541042748E+02 eV                         #
##############################################################################
  
 ----------------------------- TIME INFORMATION ------------------------------
    PROFESS      :      3.06s WALL    100.00% (       1 calls)     3.06s/call
    InitPROFESS  :      0.04s WALL      1.24% (       1 calls)     0.04s/call
    KEDFRefresh  :      0.02s WALL      0.59% (       1 calls)     0.02s/call
    IonRefresh   :      0.00s WALL      0.15% (       1 calls)     0.00s/call
    EwaldEnergy  :      0.00s WALL      0.06% (       1 calls)     0.00s/call
    ForwFFT_3D   :      0.49s WALL     15.89% (    1586 calls)     0.00s/call
    BackFFT_3D   :      0.39s WALL     12.74% (    1585 calls)     0.00s/call
    Pot_Ion      :      0.02s WALL      0.50% (     132 calls)     0.00s/call
    Pot_Har      :      0.10s WALL      3.18% (     132 calls)     0.00s/call
    Pot_Exc      :      1.53s WALL     50.04% (     132 calls)     0.01s/call
    PBEPot       :      1.44s WALL     47.08% (     132 calls)     0.01s/call
    Pot_KEDF     :      1.21s WALL     39.44% (     132 calls)     0.01s/call
    WGCPotPlus   :      0.93s WALL     30.29% (     132 calls)     0.01s/call
    VWPotSqrPlus :      0.07s WALL      2.34% (     132 calls)     0.00s/call
    NextGradient :      0.00s WALL      0.11% (       7 calls)     0.00s/call
 -----------------------------------------------------------------------------
 ------------------------------- TOTAL ---------------------------------------
    PROFESS      :      3.06s WALL    100.00% (       1 calls)     3.06s/call
 -----------------------------------------------------------------------------

Run completed on: 07/30/2024 at 16:52:23 
  
