 ******************************************************************************
                             WELCOME TO PROFESS                   
            (PRinceton Orbital-Free Electronic Structure Software) 
 ******************************************************************************

 ------------------------------------------------------------------------------
                           READ GEOMETRY
 Cell length (Bohr)    7.818E+00   7.818E+00   1.283E+01
 Angle     (Degree)    9.000E+01   9.000E+01   1.200E+02
 Volume    (Bohr^3)    6.791E+02

 ------------------------------------------------------------------------------
                           READ PSEUDOPOTENTIAL
 Total electron number in ReadPseudo is    16.000000000000000     
 (System) Machine Precision              :    2.2204460492503131E-016

 ------------------------------------------------------------------------------
                           SETUP FFT
 Global FFT Dimension :    40   40   63
 Dimension of rho for this processor : 
 xmin, xmax :            0          39
 ymin, ymax :            0          39
 zmin, zmax :            0          62
 Total electron number =    16.000000000000000     
 Uniform rhoR =    2.3560801079108861E-002
 (GB INFO) FFT size      :       40      40      63
 (GB INFO) FFT offset    :        0
 (GB INFO) FFT G size    :       21      40      63
 (GB INFO) FFT G offset  :        0

 ------------------------------------------------------------------------------
                           SETUP KEDF
 kinetic energy density functional number is           11
 ( 1=TF, 2=VW, 3=TF+VW, 4=WT,  5=WGC,  
   7=LQ, 8=HQ, 10=CAT,  11=HC, 12=WGCD,
   15=GGA, 16=WGCD+GGA, 17=EVT, 18=EVC )
 qTable dimension:    21   40   63
 rhoS=   2.3560801079108861E-002
 rho0=   2.3560801079108861E-002
 coefficients for TF KEDF is     1.000000
 coefficients for VW KEDF is     1.000000
 Lambda in HC10 is set to     0.012000
 ALPHA  in HC10 is set to     1.781667
 BETA   in HC10 is set to     0.885000
 Sum of alpha and beta is     2.666667
  dV of each real space grid is now    6.7370442200670021E-003
 Cell length (Bohr)    7.818E+00   7.818E+00   1.283E+01
 Angle     (Degree)    9.000E+01   9.000E+01   1.200E+02
 Volume    (Bohr^3)    6.791E+02

 ------------------------------------------------------------------------------
                           SETUP EWALD 
 (Ewald) eta                             :    1.200    
 (Ewald) Real Space Cutoff               :    6.000     (Bohr)
 (Ewald) Reciprocal Cutoff               :    15.18     (1/Bohr)

 ------------------------------------------------------------------------------
                           SETUP PLANE WAVE 

 ------------------------------------------------------------------------------
                           REFRESH ION POSITIONS
  
 Calculating Ion-Ion Energy ...                   complete.     0.071 s
  
 Calculating Ion-Electron Potential (spline) ... 
 complete.     0.135 s

 ------------------------------------------------------------------------------
                           DENSITY OPTIMIZATION
 Electron number for spin            1  is    16.000000000003251     
 Cell Volume      :           100.631356 Angstrom^3
 Ion number       :                    4
 Electron number  :            16.000000
 Ion density      :             0.039749 Ion/Angstrom^3
 Electron density :             0.158996 Electron/Angstrom^3
##############################################################################
#                               FINAL ENERGIES                       time    #
##############################################################################
# Thomas-Fermi Kin. Energy =   1.497131671410E+02 eV                 0.000 s #
# Von-Weizsacker Kin. Ener =   5.417964953520E+01 eV                 0.000 s #
#                                                                            #
# GGA(PBE) Exch-Cor Energy =  -1.293625698548E+02 eV                 0.000 s #
#         Coulombic Energy =   5.286049430941E+01 eV                 0.000 s #
#      Ion-Electron Energy =  -1.140556195167E+02 eV                 0.000 s #
#           Ion-Ion Energy =  -4.415842776704E+02 eV                 0.000 s #
#                                                                            #
#     TOTAL KINETIC ENERGY =   1.596116922422E+02 eV                         #
#   TOTAL POTENTIAL ENERGY =  -6.321419727326E+02 eV                         #
#             TOTAL ENERGY =  -4.725302804905E+02 eV                         #
##############################################################################
  
 ----------------------------- TIME INFORMATION ------------------------------
    PROFESS      :   4798.92s WALL    100.00% (       1 calls)  4798.92s/call
    InitPROFESS  :      0.35s WALL      0.01% (       1 calls)     0.35s/call
    KEDFRefresh  :      0.01s WALL      0.00% (       1 calls)     0.01s/call
    IonRefresh   :      0.25s WALL      0.01% (       1 calls)     0.25s/call
    EwaldEnergy  :      0.09s WALL      0.00% (       1 calls)     0.09s/call
    ForwFFT_3D   :    945.53s WALL     19.70% (  145505 calls)     0.01s/call
    BackFFT_3D   :    433.61s WALL      9.04% (   92683 calls)     0.00s/call
    Pot_Ion      :      3.44s WALL      0.07% (    2098 calls)     0.00s/call
    Pot_Har      :     26.46s WALL      0.55% (    2098 calls)     0.01s/call
    Pot_Exc      :    510.26s WALL     10.63% (    2098 calls)     0.24s/call
    PBEPot       :    506.48s WALL     10.55% (    2098 calls)     0.24s/call
    Pot_KEDF     :   4212.61s WALL     87.78% (    2098 calls)     2.01s/call
    intPot       :   4145.96s WALL     86.39% (    2098 calls)     1.98s/call
    MakeXiG      :     23.51s WALL      0.49% (    2098 calls)     0.01s/call
    intPot1      :   1154.97s WALL     24.07% (   30606 calls)     0.04s/call
    MakeHC10Kern :    116.17s WALL      2.42% (   32704 calls)     0.00s/call
    intPot2      :    834.44s WALL     17.39% (   30606 calls)     0.03s/call
    intPot3      :   1357.17s WALL     28.28% (   30606 calls)     0.04s/call
    intPot4      :    524.78s WALL     10.94% (   30606 calls)     0.02s/call
    VWPotSqrPlus :     23.25s WALL      0.48% (    2098 calls)     0.01s/call
    NextGradient :      2.74s WALL      0.06% (     202 calls)     0.01s/call
 -----------------------------------------------------------------------------
 ------------------------------- TOTAL ---------------------------------------
    PROFESS      :   4798.92s WALL    100.00% (       1 calls)  4798.92s/call
 -----------------------------------------------------------------------------

Run completed on: 07/31/2024 at 12:45:45 
  
