 ******************************************************************************
                             WELCOME TO PROFESS                   
            (PRinceton Orbital-Free Electronic Structure Software) 
 ******************************************************************************

 ------------------------------------------------------------------------------
                           READ GEOMETRY
 Cell length (Bohr)    5.092E+00   5.092E+00   5.092E+00
 Angle     (Degree)    9.000E+01   9.000E+01   9.000E+01
 Volume    (Bohr^3)    1.320E+02

 ------------------------------------------------------------------------------
                           READ PSEUDOPOTENTIAL
 Total electron number in ReadPseudo is    1.0000000000000000     
 (System) Machine Precision              :    2.2204460492503131E-016

 ------------------------------------------------------------------------------
                           SETUP FFT
 Global FFT Dimension :    14   14   14
 Rank/Size in Global Communicator     :            0 /           1
 Rank/Size in Global FFT Communicator :            0 /           1
 Parallel FFT, totX    =    14
 Parallel FFT, totY    =    14
 Parallel FFT, locZ    =    14
 Parallel FFT, locZoff =     0
 Dimension of rho for this processor : 
 xmin, xmax :            0          13
 ymin, ymax :            0          13
 zmin, zmax :            0          13
 Total electron number =    1.0000000000000000     
 Uniform rhoR =    7.5739257058574788E-003
 (GB INFO) FFT size      :       14      14      14
 (GB INFO) FFT offset    :        0
 (GB INFO) FFT G size    :        8      14      14
 (GB INFO) FFT G offset  :        0

 ------------------------------------------------------------------------------
                           SETUP KEDF
 kinetic energy density functional number is            4
 ( 1=TF, 2=VW, 3=TF+VW, 4=WT,  5=WGC,  
   7=LQ, 8=HQ, 10=CAT,  11=HC, 12=WGCD,
   15=GGA, 16=WGCD+GGA, 17=EVT, 18=EVC )
 qTable dimension:     8   14   14
 Coefficient for TF KEDF is     1.0000
 Coefficient for VW KEDF is     1.0000
 Coefficient for alpha in WT KEDF is     0.8333
 Coefficient for beta  in WT KEDF is     0.8333
 rho0 (Electron/Bohr^3) in WGC KEDF is     0.0076
 hold0 =  F
  dV of each real space grid is now    4.8116591188453905E-002
 Cell length (Bohr)    5.092E+00   5.092E+00   5.092E+00
 Angle     (Degree)    9.000E+01   9.000E+01   9.000E+01
 Volume    (Bohr^3)    1.320E+02

 ------------------------------------------------------------------------------
                           SETUP EWALD 
 (Ewald) eta                             :   0.8243    
 (Ewald) Real Space Cutoff               :    6.000     (Bohr)
 (Ewald) Reciprocal Cutoff               :    8.020     (1/Bohr)

 ------------------------------------------------------------------------------
                           SETUP PLANE WAVE 
 Read in WT kernel.
 kernel file name  : PROFESS_KERNEL.dat            
 KEDF type         :     4
 Fermi vector      :   1.182014212099E+00
 Reference density :  -1.000000000000E+00
 Mesh points       :    20001
 Fermi vector in this cell is    1.2150962370826441     
 Fermi vector from kernel file is    1.1820142120987149     
 First qNorm is    0.0000000000000000     
 size of Wang-Teter kernel in this run is            8          14          14
 Max |G| in this calculation is   1.496048073787E+01
 Max eta used from kernel is   1.231217765417E+01

 ------------------------------------------------------------------------------
                           REFRESH ION POSITIONS
  
 Calculating Ion-Ion Energy ...                   complete.     0.000 s
  
 Calculating Ion-Electron Potential (spline) ... 
 complete.     0.000 s

 ------------------------------------------------------------------------------
                           DENSITY OPTIMIZATION
 Electron number for spin            1  is   0.99999999999995814     
 Cell Volume      :            19.565113 Angstrom^3
 Ion number       :                    1
 Electron number  :             1.000000
 Ion density      :             0.051111 Ion/Angstrom^3
 Electron density :             0.051111 Electron/Angstrom^3
##############################################################################
#                               FINAL ENERGIES                       time    #
##############################################################################
# Thomas-Fermi Kin. Energy =   3.047007208316E+00 eV                 0.000 s #
# Von-Weizsacker Kin. Ener =   2.300324060906E-01 eV                 0.000 s #
# Wang-Teter Kinetic Energ =  -6.103505852020E-02 eV                 0.000 s #
#                                                                            #
#     LDA Exch-Corr Energy =  -4.954162139967E+00 eV                 0.000 s #
#         Coulombic Energy =   1.198120845970E-02 eV                 0.000 s #
#      Ion-Electron Energy =   1.853452507438E+00 eV                 0.000 s #
#           Ion-Ion Energy =  -7.581105005226E+00 eV                 0.000 s #
#                                                                            #
#     TOTAL KINETIC ENERGY =   3.216004555886E+00 eV                         #
#   TOTAL POTENTIAL ENERGY =  -1.066983342930E+01 eV                         #
#             TOTAL ENERGY =  -7.453828873410E+00 eV                         #
##############################################################################
  
 ----------------------------- TIME INFORMATION ------------------------------
    PROFESS      :      0.43s WALL    100.00% (       1 calls)     0.43s/call
    InitPROFESS  :      0.06s WALL     14.29% (       1 calls)     0.06s/call
    KEDFRefresh  :      0.05s WALL     11.72% (       1 calls)     0.05s/call
    IonRefresh   :      0.00s WALL      0.16% (       1 calls)     0.00s/call
    EwaldEnergy  :      0.00s WALL      0.07% (       1 calls)     0.00s/call
    Pot_Ion      :      0.00s WALL      0.05% (      64 calls)     0.00s/call
    Pot_Har      :      0.01s WALL      1.27% (      64 calls)     0.00s/call
    Pot_Exc      :      0.02s WALL      5.44% (      64 calls)     0.00s/call
    Pot_KEDF     :      0.10s WALL     24.38% (      64 calls)     0.00s/call
    VWPotSqrPlus :      0.01s WALL      1.18% (      64 calls)     0.00s/call
    NextGradient :      0.00s WALL      0.06% (       6 calls)     0.00s/call
 -----------------------------------------------------------------------------
 ------------------------------- TOTAL ---------------------------------------
    PROFESS      :      0.43s WALL    100.00% (       1 calls)     0.43s/call
 -----------------------------------------------------------------------------

Run completed on: 08/14/2021 at 19:03:46 
  
