 ******************************************************************************
                             WELCOME TO PROFESS                   
            (PRinceton Orbital-Free Electronic Structure Software) 
 ******************************************************************************

 ------------------------------------------------------------------------------
                           READ GEOMETRY
 Cell length (Bohr)    9.111E+00   9.111E+00   9.111E+00
 Angle     (Degree)    6.000E+01   6.000E+01   6.000E+01
 Volume    (Bohr^3)    5.348E+02

 ------------------------------------------------------------------------------
                           READ PSEUDOPOTENTIAL
 Total electron number in ReadPseudo is    8.0000000000000000     
 (System) Machine Precision              :    2.2204460492503131E-016

 ------------------------------------------------------------------------------
                           SETUP FFT
 Global FFT Dimension :    45   45   45
 Dimension of rho for this processor : 
 xmin, xmax :            0          44
 ymin, ymax :            0          44
 zmin, zmax :            0          44
 Total electron number =    8.0000000000000000     
 Uniform rhoR =    1.4959470981358787E-002
 (GB INFO) FFT size      :       45      45      45
 (GB INFO) FFT offset    :        0
 (GB INFO) FFT G size    :       23      45      45
 (GB INFO) FFT G offset  :        0

 ------------------------------------------------------------------------------
                           SETUP KEDF
 kinetic energy density functional number is            5
 ( 1=TF, 2=VW, 3=TF+VW, 4=WT,  5=WGC,  
   7=LQ, 8=HQ, 10=CAT,  11=HC, 12=WGCD,
   15=GGA, 16=WGCD+GGA, 17=EVT, 18=EVC )
 qTable dimension:    23   45   45
 Coefficient for TF KEDF is     1.0000
 Coefficient for VW KEDF is     1.0000
 Coefficient for alpha in WGC KEDF is     1.2060
 Coefficient for beta  in WGC KEDF is     0.4607
 Coefficient for gamma in WGC KEDF is     4.2000
 rho0 (Electron/Bohr^3) in WGC KEDF is     0.0150
 rhoS (Electron/Bohr^3) in WGC KEDF is     0.0150
 hold0 =  F
 holdS =  F
  dV of each real space grid is now    5.8686229819424002E-003
 Cell length (Bohr)    9.111E+00   9.111E+00   9.111E+00
 Angle     (Degree)    6.000E+01   6.000E+01   6.000E+01
 Volume    (Bohr^3)    5.348E+02

 ------------------------------------------------------------------------------
                           SETUP EWALD 
 (Ewald) eta                             :    1.200    
 (Ewald) Real Space Cutoff               :    6.000     (Bohr)
 (Ewald) Reciprocal Cutoff               :    15.17     (1/Bohr)

 ------------------------------------------------------------------------------
                           SETUP PLANE WAVE 

 ------------------------------------------------------------------------------
                           INITIALIZING WGC KERNEL
 Fermi vector :   0.76227629056730273     
 Reference density :    1.4959470981358787E-002
 Make WGC kernels.
 Dimension of KEDF Kernel :           23          45          45

 ------------------------------------------------------------------------------
                           REFRESH ION POSITIONS
  
 Calculating Ion-Ion Energy ...                   complete.     0.021 s
  
 Calculating Ion-Electron Potential (spline) ... 
 complete.     0.032 s

 ------------------------------------------------------------------------------
                           DENSITY OPTIMIZATION
 Electron number for spin            1  is    8.0000000000120703     
 Cell Volume      :            79.245962 Angstrom^3
 Ion number       :                    2
 Electron number  :             8.000000
 Ion density      :             0.025238 Ion/Angstrom^3
 Electron density :             0.100952 Electron/Angstrom^3
##############################################################################
#                               FINAL ENERGIES                       time    #
##############################################################################
# Thomas-Fermi Kin. Energy =   5.518874394480E+01 eV                 0.000 s #
# Von-Weizsacker Kin. Ener =   2.438003510389E+01 eV                 0.000 s #
#       WGC Kinetic Energy =  -1.686375053860E+01 eV                 0.000 s #
#                                                                            #
# GGA(PBE) Exch-Cor Energy =  -5.631369075377E+01 eV                 0.000 s #
#         Coulombic Energy =   2.026171391206E+01 eV                 0.000 s #
#      Ion-Electron Energy =  -3.673484107054E+01 eV                 0.000 s #
#           Ion-Ion Energy =  -1.900109415462E+02 eV                 0.000 s #
#                                                                            #
#     TOTAL KINETIC ENERGY =   6.270502851009E+01 eV                         #
#   TOTAL POTENTIAL ENERGY =  -2.627977594584E+02 eV                         #
#             TOTAL ENERGY =  -2.000927309483E+02 eV                         #
##############################################################################
  
 ----------------------------- TIME INFORMATION ------------------------------
    PROFESS      :     24.87s WALL    100.00% (       1 calls)    24.87s/call
    InitPROFESS  :      0.15s WALL      0.58% (       1 calls)     0.15s/call
    KEDFRefresh  :      0.05s WALL      0.19% (       1 calls)     0.05s/call
    IonRefresh   :      0.07s WALL      0.27% (       1 calls)     0.07s/call
    EwaldEnergy  :      0.02s WALL      0.09% (       1 calls)     0.02s/call
    ForwFFT_3D   :      5.36s WALL     21.55% (    2727 calls)     0.00s/call
    BackFFT_3D   :      4.89s WALL     19.67% (    2725 calls)     0.00s/call
    Pot_Ion      :      0.07s WALL      0.30% (     227 calls)     0.00s/call
    Pot_Har      :      0.96s WALL      3.88% (     227 calls)     0.00s/call
    Pot_Exc      :     12.37s WALL     49.75% (     227 calls)     0.05s/call
    PBEPot       :     11.85s WALL     47.66% (     227 calls)     0.05s/call
    Pot_KEDF     :     10.20s WALL     41.02% (     227 calls)     0.04s/call
    WGCPotPlus   :      8.16s WALL     32.79% (     227 calls)     0.04s/call
    VWPotSqrPlus :      0.76s WALL      3.05% (     227 calls)     0.00s/call
    NextGradient :      0.02s WALL      0.07% (      10 calls)     0.00s/call
 -----------------------------------------------------------------------------
 ------------------------------- TOTAL ---------------------------------------
    PROFESS      :     24.87s WALL    100.00% (       1 calls)    24.87s/call
 -----------------------------------------------------------------------------

Run completed on: 07/30/2024 at 20:43:09 
  
