 ******************************************************************************
                             WELCOME TO PROFESS                   
            (PRinceton Orbital-Free Electronic Structure Software) 
 ******************************************************************************

 ------------------------------------------------------------------------------
                           READ GEOMETRY
 Cell length (Bohr)    7.562E+00   7.562E+00   1.241E+01
 Angle     (Degree)    9.000E+01   9.000E+01   1.200E+02
 Volume    (Bohr^3)    6.144E+02

 ------------------------------------------------------------------------------
                           READ PSEUDOPOTENTIAL
 Total electron number in ReadPseudo is    16.000000000000000     
 (System) Machine Precision              :    2.2204460492503131E-016

 ------------------------------------------------------------------------------
                           SETUP FFT
 Global FFT Dimension :    40   40   63
 Dimension of rho for this processor : 
 xmin, xmax :            0          39
 ymin, ymax :            0          39
 zmin, zmax :            0          62
 Total electron number =    16.000000000000000     
 Uniform rhoR =    2.6040246680414394E-002
 (GB INFO) FFT size      :       40      40      63
 (GB INFO) FFT offset    :        0
 (GB INFO) FFT G size    :       21      40      63
 (GB INFO) FFT G offset  :        0

 ------------------------------------------------------------------------------
                           SETUP KEDF
 kinetic energy density functional number is            5
 ( 1=TF, 2=VW, 3=TF+VW, 4=WT,  5=WGC,  
   7=LQ, 8=HQ, 10=CAT,  11=HC, 12=WGCD,
   15=GGA, 16=WGCD+GGA, 17=EVT, 18=EVC )
 qTable dimension:    21   40   63
 Coefficient for TF KEDF is     1.0000
 Coefficient for VW KEDF is     1.0000
 Coefficient for alpha in WGC KEDF is     1.2060
 Coefficient for beta  in WGC KEDF is     0.4607
 Coefficient for gamma in WGC KEDF is     4.2000
 rho0 (Electron/Bohr^3) in WGC KEDF is     0.0260
 rhoS (Electron/Bohr^3) in WGC KEDF is     0.0260
 hold0 =  F
 holdS =  F
  dV of each real space grid is now    6.0955704712868245E-003
 Cell length (Bohr)    7.562E+00   7.562E+00   1.241E+01
 Angle     (Degree)    9.000E+01   9.000E+01   1.200E+02
 Volume    (Bohr^3)    6.144E+02

 ------------------------------------------------------------------------------
                           SETUP EWALD 
 (Ewald) eta                             :    1.200    
 (Ewald) Real Space Cutoff               :    6.000     (Bohr)
 (Ewald) Reciprocal Cutoff               :    15.70     (1/Bohr)

 ------------------------------------------------------------------------------
                           SETUP PLANE WAVE 

 ------------------------------------------------------------------------------
                           INITIALIZING WGC KERNEL
 Fermi vector :   0.91697050119321055     
 Reference density :    2.6040246680414394E-002
 Make WGC kernels.
 Dimension of KEDF Kernel :           21          40          63

 ------------------------------------------------------------------------------
                           REFRESH ION POSITIONS
  
 Calculating Ion-Ion Energy ...                   complete.     0.022 s
  
 Calculating Ion-Electron Potential (spline) ... 
 complete.     0.033 s

 ------------------------------------------------------------------------------
                           DENSITY OPTIMIZATION
 Electron number for spin            1  is    16.000000000020325     
 Cell Volume      :            91.049650 Angstrom^3
 Ion number       :                    4
 Electron number  :            16.000000
 Ion density      :             0.043932 Ion/Angstrom^3
 Electron density :             0.175728 Electron/Angstrom^3
  
 ----------------------------- TIME INFORMATION ------------------------------
    PROFESS      :     26.32s WALL    100.00% (       1 calls)    26.32s/call
    InitPROFESS  :      0.14s WALL      0.53% (       1 calls)     0.14s/call
    KEDFRefresh  :      0.05s WALL      0.17% (       1 calls)     0.05s/call
    IonRefresh   :      0.06s WALL      0.24% (       1 calls)     0.06s/call
    EwaldEnergy  :      0.02s WALL      0.08% (       1 calls)     0.02s/call
    ForwFFT_3D   :      4.85s WALL     18.41% (    1011 calls)     0.00s/call
    BackFFT_3D   :      3.46s WALL     13.13% (    1009 calls)     0.00s/call
    Pot_Ion      :      0.08s WALL      0.30% (      84 calls)     0.00s/call
    Pot_Har      :      0.82s WALL      3.11% (      84 calls)     0.01s/call
    Pot_Exc      :     14.77s WALL     56.13% (      84 calls)     0.18s/call
    PBEPot       :     14.15s WALL     53.76% (      84 calls)     0.17s/call
    Pot_KEDF     :      9.30s WALL     35.34% (      84 calls)     0.11s/call
    WGCPotPlus   :      7.46s WALL     28.34% (      84 calls)     0.09s/call
    VWPotSqrPlus :      0.60s WALL      2.28% (      84 calls)     0.01s/call
    NextGradient :      0.06s WALL      0.24% (       9 calls)     0.01s/call
 -----------------------------------------------------------------------------
